[69aa1239-69f3-42c6-b312-fb0c86aeacc5/build] üöÄ  Start image=gitbugactions:latest
[69aa1239-69f3-42c6-b312-fb0c86aeacc5/build]   üê≥  docker pull image=gitbugactions:latest platform= username= forcePull=false
[69aa1239-69f3-42c6-b312-fb0c86aeacc5/build]   üê≥  docker create image=gitbugactions:latest platform= entrypoint=["tail" "-f" "/dev/null"] cmd=[]
[69aa1239-69f3-42c6-b312-fb0c86aeacc5/build]   üê≥  docker run image=gitbugactions:latest platform= entrypoint=["tail" "-f" "/dev/null"] cmd=[]
[69aa1239-69f3-42c6-b312-fb0c86aeacc5/build]   üê≥  docker exec cmd=[chown -R 1012:1013 /tmp/4a20ab8d-d8f8-40f0-b3f9-aecfe7ebe115] user=0 workdir=
[69aa1239-69f3-42c6-b312-fb0c86aeacc5/build] unable to get git ref: failed to identify reference (tag/branch) for the checked-out revision '13d472a0a6c56795027b9a45047fa0c2549a248c'
[69aa1239-69f3-42c6-b312-fb0c86aeacc5/build] unable to get git ref: failed to identify reference (tag/branch) for the checked-out revision '13d472a0a6c56795027b9a45047fa0c2549a248c'
[69aa1239-69f3-42c6-b312-fb0c86aeacc5/build] unable to get git ref: failed to identify reference (tag/branch) for the checked-out revision '13d472a0a6c56795027b9a45047fa0c2549a248c'
[69aa1239-69f3-42c6-b312-fb0c86aeacc5/build] unable to get git ref: failed to identify reference (tag/branch) for the checked-out revision '13d472a0a6c56795027b9a45047fa0c2549a248c'
[69aa1239-69f3-42c6-b312-fb0c86aeacc5/build] unable to get git ref: failed to identify reference (tag/branch) for the checked-out revision '13d472a0a6c56795027b9a45047fa0c2549a248c'
[69aa1239-69f3-42c6-b312-fb0c86aeacc5/build] unable to get git ref: failed to identify reference (tag/branch) for the checked-out revision '13d472a0a6c56795027b9a45047fa0c2549a248c'
[69aa1239-69f3-42c6-b312-fb0c86aeacc5/build] unable to get git ref: failed to identify reference (tag/branch) for the checked-out revision '13d472a0a6c56795027b9a45047fa0c2549a248c'
[69aa1239-69f3-42c6-b312-fb0c86aeacc5/build] unable to get git ref: failed to identify reference (tag/branch) for the checked-out revision '13d472a0a6c56795027b9a45047fa0c2549a248c'
[69aa1239-69f3-42c6-b312-fb0c86aeacc5/build] unable to get git ref: failed to identify reference (tag/branch) for the checked-out revision '13d472a0a6c56795027b9a45047fa0c2549a248c'
[69aa1239-69f3-42c6-b312-fb0c86aeacc5/build] ‚≠ê Run Main actions/checkout@v2
[69aa1239-69f3-42c6-b312-fb0c86aeacc5/build] unable to get git ref: failed to identify reference (tag/branch) for the checked-out revision '13d472a0a6c56795027b9a45047fa0c2549a248c'
[69aa1239-69f3-42c6-b312-fb0c86aeacc5/build] unable to get git ref: failed to identify reference (tag/branch) for the checked-out revision '13d472a0a6c56795027b9a45047fa0c2549a248c'
[69aa1239-69f3-42c6-b312-fb0c86aeacc5/build]   üê≥  docker cp src=/tmp/4a20ab8d-d8f8-40f0-b3f9-aecfe7ebe115/. dst=/tmp/4a20ab8d-d8f8-40f0-b3f9-aecfe7ebe115
[69aa1239-69f3-42c6-b312-fb0c86aeacc5/build]   üê≥  docker exec cmd=[chown -R 1012:1013 /tmp/4a20ab8d-d8f8-40f0-b3f9-aecfe7ebe115] user=0 workdir=
[69aa1239-69f3-42c6-b312-fb0c86aeacc5/build]   ‚úÖ  Success - Main actions/checkout@v2
[69aa1239-69f3-42c6-b312-fb0c86aeacc5/build] unable to get git ref: failed to identify reference (tag/branch) for the checked-out revision '13d472a0a6c56795027b9a45047fa0c2549a248c'
[69aa1239-69f3-42c6-b312-fb0c86aeacc5/build] unable to get git ref: failed to identify reference (tag/branch) for the checked-out revision '13d472a0a6c56795027b9a45047fa0c2549a248c'
[69aa1239-69f3-42c6-b312-fb0c86aeacc5/build] unable to get git ref: failed to identify reference (tag/branch) for the checked-out revision '13d472a0a6c56795027b9a45047fa0c2549a248c'
[69aa1239-69f3-42c6-b312-fb0c86aeacc5/build] unable to get git ref: failed to identify reference (tag/branch) for the checked-out revision '13d472a0a6c56795027b9a45047fa0c2549a248c'
[69aa1239-69f3-42c6-b312-fb0c86aeacc5/build] unable to get git ref: failed to identify reference (tag/branch) for the checked-out revision '13d472a0a6c56795027b9a45047fa0c2549a248c'
[69aa1239-69f3-42c6-b312-fb0c86aeacc5/build] ‚≠ê Run Main Set up JDK 17
[69aa1239-69f3-42c6-b312-fb0c86aeacc5/build] unable to get git ref: failed to identify reference (tag/branch) for the checked-out revision '13d472a0a6c56795027b9a45047fa0c2549a248c'
[69aa1239-69f3-42c6-b312-fb0c86aeacc5/build] unable to get git ref: failed to identify reference (tag/branch) for the checked-out revision '13d472a0a6c56795027b9a45047fa0c2549a248c'
[69aa1239-69f3-42c6-b312-fb0c86aeacc5/build] unable to get git ref: failed to identify reference (tag/branch) for the checked-out revision '13d472a0a6c56795027b9a45047fa0c2549a248c'
[69aa1239-69f3-42c6-b312-fb0c86aeacc5/build]   üê≥  docker cp src=/tmp/act-cache/022295c0-a99b-4b1b-b3e8-55a33b7d5b01/act/actions-setup-java@v2/ dst=/var/run/act/actions/actions-setup-java@v2/
[69aa1239-69f3-42c6-b312-fb0c86aeacc5/build]   üê≥  docker exec cmd=[chown -R 1012:1013 /var/run/act/actions/actions-setup-java@v2/] user=0 workdir=
[69aa1239-69f3-42c6-b312-fb0c86aeacc5/build]   üê≥  docker exec cmd=[node /var/run/act/actions/actions-setup-java@v2/dist/setup/index.js] user= workdir=
[69aa1239-69f3-42c6-b312-fb0c86aeacc5/build]   | Trying to resolve the latest version from remote
[69aa1239-69f3-42c6-b312-fb0c86aeacc5/build]   | Resolved latest version as 17.0.9+9
[69aa1239-69f3-42c6-b312-fb0c86aeacc5/build]   | Trying to download...
[69aa1239-69f3-42c6-b312-fb0c86aeacc5/build]   | Downloading Java 17.0.9+9 (Adopt-Hotspot) from https://github.com/adoptium/temurin17-binaries/releases/download/jdk-17.0.9%2B9/OpenJDK17U-jdk_x64_linux_hotspot_17.0.9_9.tar.gz ...
[69aa1239-69f3-42c6-b312-fb0c86aeacc5/build]   üí¨  ::debug::Downloading https://github.com/adoptium/temurin17-binaries/releases/download/jdk-17.0.9%252B9/OpenJDK17U-jdk_x64_linux_hotspot_17.0.9_9.tar.gz
[69aa1239-69f3-42c6-b312-fb0c86aeacc5/build]   üí¨  ::debug::Destination /tmp/dc36cd5c-0dd7-4463-991d-b4fc51f3d19b
[69aa1239-69f3-42c6-b312-fb0c86aeacc5/build]   üí¨  ::debug::download complete
[69aa1239-69f3-42c6-b312-fb0c86aeacc5/build]   | Extracting Java archive...
[69aa1239-69f3-42c6-b312-fb0c86aeacc5/build]   üí¨  ::debug::Checking tar --version
[69aa1239-69f3-42c6-b312-fb0c86aeacc5/build]   üí¨  ::debug::tar (GNU tar) 1.34%0ACopyright (C) 2021 Free Software Foundation, Inc.%0ALicense GPLv3+: GNU GPL version 3 or later <https://gnu.org/licenses/gpl.html>.%0AThis is free software: you are free to change and redistribute it.%0AThere is NO WARRANTY, to the extent permitted by law.%0A%0AWritten by John Gilmore and Jay Fenlason.
[69aa1239-69f3-42c6-b312-fb0c86aeacc5/build]   | [command]/usr/bin/tar xz --warning=no-unknown-keyword -C /tmp/0592e1e7-0999-4805-a064-8c1d1dfb9eff -f /tmp/dc36cd5c-0dd7-4463-991d-b4fc51f3d19b
[69aa1239-69f3-42c6-b312-fb0c86aeacc5/build]   üí¨  ::debug::Caching tool Java_Adopt_jdk 17.0.9-9 x64
[69aa1239-69f3-42c6-b312-fb0c86aeacc5/build]   üí¨  ::debug::source dir: /tmp/0592e1e7-0999-4805-a064-8c1d1dfb9eff/jdk-17.0.9+9
[69aa1239-69f3-42c6-b312-fb0c86aeacc5/build]   üí¨  ::debug::destination /opt/hostedtoolcache/Java_Adopt_jdk/17.0.9-9/x64
[69aa1239-69f3-42c6-b312-fb0c86aeacc5/build]   üí¨  ::debug::finished caching tool
[69aa1239-69f3-42c6-b312-fb0c86aeacc5/build]   | Java 17.0.9+9 was downloaded
[69aa1239-69f3-42c6-b312-fb0c86aeacc5/build]   | Setting Java 17.0.9+9 as the default
[69aa1239-69f3-42c6-b312-fb0c86aeacc5/build]   | 
[69aa1239-69f3-42c6-b312-fb0c86aeacc5/build]   | Java configuration:
[69aa1239-69f3-42c6-b312-fb0c86aeacc5/build]   |   Distribution: adopt
[69aa1239-69f3-42c6-b312-fb0c86aeacc5/build]   |   Version: 17.0.9+9
[69aa1239-69f3-42c6-b312-fb0c86aeacc5/build]   |   Path: /opt/hostedtoolcache/Java_Adopt_jdk/17.0.9-9/x64
[69aa1239-69f3-42c6-b312-fb0c86aeacc5/build]   | 
[69aa1239-69f3-42c6-b312-fb0c86aeacc5/build]   ‚ùì add-matcher /run/act/actions/actions-setup-java@v2/.github/java.json
[69aa1239-69f3-42c6-b312-fb0c86aeacc5/build]   | Creating settings.xml with server-id: github
[69aa1239-69f3-42c6-b312-fb0c86aeacc5/build]   | Writing to /home/runner/.m2/settings.xml
[69aa1239-69f3-42c6-b312-fb0c86aeacc5/build]   ‚úÖ  Success - Main Set up JDK 17
[69aa1239-69f3-42c6-b312-fb0c86aeacc5/build]   ‚öô  ::set-env:: JAVA_HOME=/opt/hostedtoolcache/Java_Adopt_jdk/17.0.9-9/x64
[69aa1239-69f3-42c6-b312-fb0c86aeacc5/build]   ‚öô  ::set-output:: distribution=Adopt-Hotspot
[69aa1239-69f3-42c6-b312-fb0c86aeacc5/build]   ‚öô  ::set-output:: path=/opt/hostedtoolcache/Java_Adopt_jdk/17.0.9-9/x64
[69aa1239-69f3-42c6-b312-fb0c86aeacc5/build]   ‚öô  ::set-output:: version=17.0.9+9
[69aa1239-69f3-42c6-b312-fb0c86aeacc5/build]   ‚öô  ::add-path:: /opt/hostedtoolcache/Java_Adopt_jdk/17.0.9-9/x64/bin
[69aa1239-69f3-42c6-b312-fb0c86aeacc5/build] unable to get git ref: failed to identify reference (tag/branch) for the checked-out revision '13d472a0a6c56795027b9a45047fa0c2549a248c'
[69aa1239-69f3-42c6-b312-fb0c86aeacc5/build] unable to get git ref: failed to identify reference (tag/branch) for the checked-out revision '13d472a0a6c56795027b9a45047fa0c2549a248c'
[69aa1239-69f3-42c6-b312-fb0c86aeacc5/build] unable to get git ref: failed to identify reference (tag/branch) for the checked-out revision '13d472a0a6c56795027b9a45047fa0c2549a248c'
[69aa1239-69f3-42c6-b312-fb0c86aeacc5/build] unable to get git ref: failed to identify reference (tag/branch) for the checked-out revision '13d472a0a6c56795027b9a45047fa0c2549a248c'
[69aa1239-69f3-42c6-b312-fb0c86aeacc5/build] unable to get git ref: failed to identify reference (tag/branch) for the checked-out revision '13d472a0a6c56795027b9a45047fa0c2549a248c'
[69aa1239-69f3-42c6-b312-fb0c86aeacc5/build] ‚≠ê Run Main Grant execute permission for gradlew
[69aa1239-69f3-42c6-b312-fb0c86aeacc5/build] unable to get git ref: failed to identify reference (tag/branch) for the checked-out revision '13d472a0a6c56795027b9a45047fa0c2549a248c'
[69aa1239-69f3-42c6-b312-fb0c86aeacc5/build] unable to get git ref: failed to identify reference (tag/branch) for the checked-out revision '13d472a0a6c56795027b9a45047fa0c2549a248c'
[69aa1239-69f3-42c6-b312-fb0c86aeacc5/build] unable to get git ref: failed to identify reference (tag/branch) for the checked-out revision '13d472a0a6c56795027b9a45047fa0c2549a248c'
[69aa1239-69f3-42c6-b312-fb0c86aeacc5/build] unable to get git ref: failed to identify reference (tag/branch) for the checked-out revision '13d472a0a6c56795027b9a45047fa0c2549a248c'
[69aa1239-69f3-42c6-b312-fb0c86aeacc5/build]   üê≥  docker exec cmd=[bash --noprofile --norc -e -o pipefail /var/run/act/workflow/2] user= workdir=
[69aa1239-69f3-42c6-b312-fb0c86aeacc5/build]   ‚úÖ  Success - Main Grant execute permission for gradlew
[69aa1239-69f3-42c6-b312-fb0c86aeacc5/build] unable to get git ref: failed to identify reference (tag/branch) for the checked-out revision '13d472a0a6c56795027b9a45047fa0c2549a248c'
[69aa1239-69f3-42c6-b312-fb0c86aeacc5/build] unable to get git ref: failed to identify reference (tag/branch) for the checked-out revision '13d472a0a6c56795027b9a45047fa0c2549a248c'
[69aa1239-69f3-42c6-b312-fb0c86aeacc5/build] unable to get git ref: failed to identify reference (tag/branch) for the checked-out revision '13d472a0a6c56795027b9a45047fa0c2549a248c'
[69aa1239-69f3-42c6-b312-fb0c86aeacc5/build] unable to get git ref: failed to identify reference (tag/branch) for the checked-out revision '13d472a0a6c56795027b9a45047fa0c2549a248c'
[69aa1239-69f3-42c6-b312-fb0c86aeacc5/build] unable to get git ref: failed to identify reference (tag/branch) for the checked-out revision '13d472a0a6c56795027b9a45047fa0c2549a248c'
[69aa1239-69f3-42c6-b312-fb0c86aeacc5/build] ‚≠ê Run Main Build with Gradle
[69aa1239-69f3-42c6-b312-fb0c86aeacc5/build] unable to get git ref: failed to identify reference (tag/branch) for the checked-out revision '13d472a0a6c56795027b9a45047fa0c2549a248c'
[69aa1239-69f3-42c6-b312-fb0c86aeacc5/build] unable to get git ref: failed to identify reference (tag/branch) for the checked-out revision '13d472a0a6c56795027b9a45047fa0c2549a248c'
[69aa1239-69f3-42c6-b312-fb0c86aeacc5/build] unable to get git ref: failed to identify reference (tag/branch) for the checked-out revision '13d472a0a6c56795027b9a45047fa0c2549a248c'
[69aa1239-69f3-42c6-b312-fb0c86aeacc5/build] unable to get git ref: failed to identify reference (tag/branch) for the checked-out revision '13d472a0a6c56795027b9a45047fa0c2549a248c'
[69aa1239-69f3-42c6-b312-fb0c86aeacc5/build]   üê≥  docker exec cmd=[bash --noprofile --norc -e -o pipefail /var/run/act/workflow/3] user= workdir=
[69aa1239-69f3-42c6-b312-fb0c86aeacc5/build]   | Downloading https://services.gradle.org/distributions/gradle-7.4.2-bin.zip
[69aa1239-69f3-42c6-b312-fb0c86aeacc5/build]   | ...........10%...........20%...........30%...........40%...........50%...........60%...........70%...........80%...........90%...........100%
[69aa1239-69f3-42c6-b312-fb0c86aeacc5/build]   | 
[69aa1239-69f3-42c6-b312-fb0c86aeacc5/build]   | Welcome to Gradle 7.4.2!
[69aa1239-69f3-42c6-b312-fb0c86aeacc5/build]   | 
[69aa1239-69f3-42c6-b312-fb0c86aeacc5/build]   | Here are the highlights of this release:
[69aa1239-69f3-42c6-b312-fb0c86aeacc5/build]   |  - Aggregated test and JaCoCo reports
[69aa1239-69f3-42c6-b312-fb0c86aeacc5/build]   |  - Marking additional test source directories as tests in IntelliJ
[69aa1239-69f3-42c6-b312-fb0c86aeacc5/build]   |  - Support for Adoptium JDKs in Java toolchains
[69aa1239-69f3-42c6-b312-fb0c86aeacc5/build]   | 
[69aa1239-69f3-42c6-b312-fb0c86aeacc5/build]   | For more details see https://docs.gradle.org/7.4.2/release-notes.html
[69aa1239-69f3-42c6-b312-fb0c86aeacc5/build]   | 
[69aa1239-69f3-42c6-b312-fb0c86aeacc5/build]   | Starting a Gradle Daemon (subsequent builds will be faster)
[69aa1239-69f3-42c6-b312-fb0c86aeacc5/build]   | 
[69aa1239-69f3-42c6-b312-fb0c86aeacc5/build]   | > Task :compileJava
[69aa1239-69f3-42c6-b312-fb0c86aeacc5/build]   | /tmp/4a20ab8d-d8f8-40f0-b3f9-aecfe7ebe115/src/main/java/org/doble/commands/CommandNew.java:264: warning: [removal] Integer(String) in Integer has been deprecated and marked for removal
[69aa1239-69f3-42c6-b312-fb0c86aeacc5/build]   | 		return new Integer(id);
[69aa1239-69f3-42c6-b312-fb0c86aeacc5/build]   | 		       ^
[69aa1239-69f3-42c6-b312-fb0c86aeacc5/build]   | /tmp/4a20ab8d-d8f8-40f0-b3f9-aecfe7ebe115/src/main/java/org/doble/adr/model/Record.java:249: warning: [removal] Integer(int) in Integer has been deprecated and marked for removal
[69aa1239-69f3-42c6-b312-fb0c86aeacc5/build]   | 		supersedes.add(new Integer(adrId));
[69aa1239-69f3-42c6-b312-fb0c86aeacc5/build]   | 		               ^
[69aa1239-69f3-42c6-b312-fb0c86aeacc5/build]   | /tmp/4a20ab8d-d8f8-40f0-b3f9-aecfe7ebe115/src/main/java/org/doble/adr/model/Link.java:44: warning: [removal] Integer(String) in Integer has been deprecated and marked for removal
[69aa1239-69f3-42c6-b312-fb0c86aeacc5/build]   | 				if (linkSpecs.length >= 1) id = new Integer(linkSpecs[0]);
[69aa1239-69f3-42c6-b312-fb0c86aeacc5/build]   | 				                                ^
[69aa1239-69f3-42c6-b312-fb0c86aeacc5/build]   | Note: /tmp/4a20ab8d-d8f8-40f0-b3f9-aecfe7ebe115/src/main/java/org/doble/adr/ADR.java uses or overrides a deprecated API.
[69aa1239-69f3-42c6-b312-fb0c86aeacc5/build]   | Note: Recompile with -Xlint:deprecation for details.
[69aa1239-69f3-42c6-b312-fb0c86aeacc5/build]   | 3 warnings
[69aa1239-69f3-42c6-b312-fb0c86aeacc5/build]   | 
[69aa1239-69f3-42c6-b312-fb0c86aeacc5/build]   | > Task :processResources
[69aa1239-69f3-42c6-b312-fb0c86aeacc5/build]   | > Task :classes
[69aa1239-69f3-42c6-b312-fb0c86aeacc5/build]   | > Task :jar
[69aa1239-69f3-42c6-b312-fb0c86aeacc5/build]   | > Task :startScripts
[69aa1239-69f3-42c6-b312-fb0c86aeacc5/build]   | > Task :distTar
[69aa1239-69f3-42c6-b312-fb0c86aeacc5/build]   | > Task :distZip
[69aa1239-69f3-42c6-b312-fb0c86aeacc5/build]   | > Task :shadowJar
[69aa1239-69f3-42c6-b312-fb0c86aeacc5/build]   | > Task :startShadowScripts
[69aa1239-69f3-42c6-b312-fb0c86aeacc5/build]   | > Task :shadowDistTar
[69aa1239-69f3-42c6-b312-fb0c86aeacc5/build]   | > Task :shadowDistZip
[69aa1239-69f3-42c6-b312-fb0c86aeacc5/build]   | > Task :assemble
[69aa1239-69f3-42c6-b312-fb0c86aeacc5/build]   | /tmp/4a20ab8d-d8f8-40f0-b3f9-aecfe7ebe115/src/test/java/org/doble/adr/TestUtilities.java:73: warning: [removal] Integer(String) in Integer has been deprecated and marked for removal
[69aa1239-69f3-42c6-b312-fb0c86aeacc5/build]   | 		int id = new Integer(idstr).intValue();
[69aa1239-69f3-42c6-b312-fb0c86aeacc5/build]   | 		         ^
[69aa1239-69f3-42c6-b312-fb0c86aeacc5/build]   | 
[69aa1239-69f3-42c6-b312-fb0c86aeacc5/build]   | > Task :compileTestJava
[69aa1239-69f3-42c6-b312-fb0c86aeacc5/build]   | /tmp/4a20ab8d-d8f8-40f0-b3f9-aecfe7ebe115/src/test/java/org/doble/adr/CommandNewSupersedesTest.java:159: warning: [removal] Integer(String) in Integer has been deprecated and marked for removal
[69aa1239-69f3-42c6-b312-fb0c86aeacc5/build]   | 			String title = adrTitles[(new Integer(supersededADRID)).intValue() - 2];
[69aa1239-69f3-42c6-b312-fb0c86aeacc5/build]   | 			                          ^
[69aa1239-69f3-42c6-b312-fb0c86aeacc5/build]   | 2 warnings
[69aa1239-69f3-42c6-b312-fb0c86aeacc5/build]   | 
[69aa1239-69f3-42c6-b312-fb0c86aeacc5/build]   | > Task :processTestResources
[69aa1239-69f3-42c6-b312-fb0c86aeacc5/build]   | > Task :testClasses
[69aa1239-69f3-42c6-b312-fb0c86aeacc5/build]   | 
[69aa1239-69f3-42c6-b312-fb0c86aeacc5/build]   | > Task :test
[69aa1239-69f3-42c6-b312-fb0c86aeacc5/build]   | 
[69aa1239-69f3-42c6-b312-fb0c86aeacc5/build]   | CommandNewTest > testOtherFilesInADRDirectory() FAILED
[69aa1239-69f3-42c6-b312-fb0c86aeacc5/build]   |     org.opentest4j.AssertionFailedError: expected: <0> but was: <1>
[69aa1239-69f3-42c6-b312-fb0c86aeacc5/build]   |         at app//org.junit.jupiter.api.AssertionUtils.fail(AssertionUtils.java:55)
[69aa1239-69f3-42c6-b312-fb0c86aeacc5/build]   |         at app//org.junit.jupiter.api.AssertionUtils.failNotEqual(AssertionUtils.java:62)
[69aa1239-69f3-42c6-b312-fb0c86aeacc5/build]   |         at app//org.junit.jupiter.api.AssertEquals.assertEquals(AssertEquals.java:150)
[69aa1239-69f3-42c6-b312-fb0c86aeacc5/build]   |         at app//org.junit.jupiter.api.AssertEquals.assertEquals(AssertEquals.java:145)
[69aa1239-69f3-42c6-b312-fb0c86aeacc5/build]   |         at app//org.junit.jupiter.api.Assertions.assertEquals(Assertions.java:510)
[69aa1239-69f3-42c6-b312-fb0c86aeacc5/build]   |         at app//org.doble.adr.CommandNewTest.testOtherFilesInADRDirectory(CommandNewTest.java:152)
[69aa1239-69f3-42c6-b312-fb0c86aeacc5/build]   | 
[69aa1239-69f3-42c6-b312-fb0c86aeacc5/build]   | 62 tests completed, 1 failed, 7 skipped
[69aa1239-69f3-42c6-b312-fb0c86aeacc5/build]   | 
[69aa1239-69f3-42c6-b312-fb0c86aeacc5/build]   | > Task :test FAILED
[69aa1239-69f3-42c6-b312-fb0c86aeacc5/build]   | 
[69aa1239-69f3-42c6-b312-fb0c86aeacc5/build]   | FAILURE: Build failed with an exception.
[69aa1239-69f3-42c6-b312-fb0c86aeacc5/build]   | 
[69aa1239-69f3-42c6-b312-fb0c86aeacc5/build]   | * What went wrong:
[69aa1239-69f3-42c6-b312-fb0c86aeacc5/build]   | Execution failed for task ':test'.
[69aa1239-69f3-42c6-b312-fb0c86aeacc5/build]   | > There were failing tests. See the report at: file:///tmp/4a20ab8d-d8f8-40f0-b3f9-aecfe7ebe115/build/reports/tests/test/index.html
[69aa1239-69f3-42c6-b312-fb0c86aeacc5/build]   | 
[69aa1239-69f3-42c6-b312-fb0c86aeacc5/build]   | * Try:
[69aa1239-69f3-42c6-b312-fb0c86aeacc5/build]   | > Run with --stacktrace option to get the stack trace.
[69aa1239-69f3-42c6-b312-fb0c86aeacc5/build]   | > Run with --info or --debug option to get more log output.
[69aa1239-69f3-42c6-b312-fb0c86aeacc5/build]   | > Run with --scan to get full insights.
[69aa1239-69f3-42c6-b312-fb0c86aeacc5/build]   | 
[69aa1239-69f3-42c6-b312-fb0c86aeacc5/build]   | * Get more help at https://help.gradle.org
[69aa1239-69f3-42c6-b312-fb0c86aeacc5/build]   | 
[69aa1239-69f3-42c6-b312-fb0c86aeacc5/build]   | 13 actionable tasks: 13 executed
[69aa1239-69f3-42c6-b312-fb0c86aeacc5/build]   | BUILD FAILED in 36s
[69aa1239-69f3-42c6-b312-fb0c86aeacc5/build]   ‚ùå  Failure - Main Build with Gradle
[69aa1239-69f3-42c6-b312-fb0c86aeacc5/build] exitcode '1': failure
[69aa1239-69f3-42c6-b312-fb0c86aeacc5/build] unable to get git ref: failed to identify reference (tag/branch) for the checked-out revision '13d472a0a6c56795027b9a45047fa0c2549a248c'
[69aa1239-69f3-42c6-b312-fb0c86aeacc5/build] unable to get git ref: failed to identify reference (tag/branch) for the checked-out revision '13d472a0a6c56795027b9a45047fa0c2549a248c'
[69aa1239-69f3-42c6-b312-fb0c86aeacc5/build] unable to get git ref: failed to identify reference (tag/branch) for the checked-out revision '13d472a0a6c56795027b9a45047fa0c2549a248c'
[69aa1239-69f3-42c6-b312-fb0c86aeacc5/build] unable to get git ref: failed to identify reference (tag/branch) for the checked-out revision '13d472a0a6c56795027b9a45047fa0c2549a248c'
[69aa1239-69f3-42c6-b312-fb0c86aeacc5/build] unable to get git ref: failed to identify reference (tag/branch) for the checked-out revision '13d472a0a6c56795027b9a45047fa0c2549a248c'
[69aa1239-69f3-42c6-b312-fb0c86aeacc5/build] ‚≠ê Run Post Set up JDK 17
[69aa1239-69f3-42c6-b312-fb0c86aeacc5/build]   üê≥  docker exec cmd=[node /var/run/act/actions/actions-setup-java@v2/dist/cleanup/index.js] user= workdir=
[69aa1239-69f3-42c6-b312-fb0c86aeacc5/build]   ‚úÖ  Success - Post Set up JDK 17
[69aa1239-69f3-42c6-b312-fb0c86aeacc5/build] üèÅ  Job failed
[69aa1239-69f3-42c6-b312-fb0c86aeacc5/build] unable to get git ref: failed to identify reference (tag/branch) for the checked-out revision '13d472a0a6c56795027b9a45047fa0c2549a248c'
