[728efc06-fe20-4a37-95fb-eda43b447426/Test JDK 8, ubuntu-latest] ğŸš€  Start image=gitbugactions:latest
[728efc06-fe20-4a37-95fb-eda43b447426/Test JDK 8, ubuntu-latest]   ğŸ³  docker pull image=gitbugactions:latest platform= username= forcePull=false
[728efc06-fe20-4a37-95fb-eda43b447426/Test JDK 8, ubuntu-latest]   ğŸ³  docker create image=gitbugactions:latest platform= entrypoint=["tail" "-f" "/dev/null"] cmd=[]
[728efc06-fe20-4a37-95fb-eda43b447426/Test JDK 8, ubuntu-latest]   ğŸ³  docker run image=gitbugactions:latest platform= entrypoint=["tail" "-f" "/dev/null"] cmd=[]
[728efc06-fe20-4a37-95fb-eda43b447426/Test JDK 8, ubuntu-latest]   ğŸ³  docker exec cmd=[chown -R 1012:1013 /tmp/47676f85-b2ca-423f-b061-6bb5a5ed2d42] user=0 workdir=
[728efc06-fe20-4a37-95fb-eda43b447426/Test JDK 8, ubuntu-latest] unable to get git ref: failed to identify reference (tag/branch) for the checked-out revision '1e06e149f67828abaabf1b393f530b0ab0f37c5f'
[728efc06-fe20-4a37-95fb-eda43b447426/Test JDK 8, ubuntu-latest] unable to get git ref: failed to identify reference (tag/branch) for the checked-out revision '1e06e149f67828abaabf1b393f530b0ab0f37c5f'
[728efc06-fe20-4a37-95fb-eda43b447426/Test JDK 8, ubuntu-latest] unable to get git ref: failed to identify reference (tag/branch) for the checked-out revision '1e06e149f67828abaabf1b393f530b0ab0f37c5f'
[728efc06-fe20-4a37-95fb-eda43b447426/Test JDK 8, ubuntu-latest] ğŸ§ª  Matrix: map[java:8 os:ubuntu-latest]
[728efc06-fe20-4a37-95fb-eda43b447426/Test JDK 8, ubuntu-latest] unable to get git ref: failed to identify reference (tag/branch) for the checked-out revision '1e06e149f67828abaabf1b393f530b0ab0f37c5f'
[728efc06-fe20-4a37-95fb-eda43b447426/Test JDK 8, ubuntu-latest] unable to get git ref: failed to identify reference (tag/branch) for the checked-out revision '1e06e149f67828abaabf1b393f530b0ab0f37c5f'
[728efc06-fe20-4a37-95fb-eda43b447426/Test JDK 8, ubuntu-latest] unable to get git ref: failed to identify reference (tag/branch) for the checked-out revision '1e06e149f67828abaabf1b393f530b0ab0f37c5f'
[728efc06-fe20-4a37-95fb-eda43b447426/Test JDK 8, ubuntu-latest] unable to get git ref: failed to identify reference (tag/branch) for the checked-out revision '1e06e149f67828abaabf1b393f530b0ab0f37c5f'
[728efc06-fe20-4a37-95fb-eda43b447426/Test JDK 8, ubuntu-latest] unable to get git ref: failed to identify reference (tag/branch) for the checked-out revision '1e06e149f67828abaabf1b393f530b0ab0f37c5f'
[728efc06-fe20-4a37-95fb-eda43b447426/Test JDK 8, ubuntu-latest] unable to get git ref: failed to identify reference (tag/branch) for the checked-out revision '1e06e149f67828abaabf1b393f530b0ab0f37c5f'
[728efc06-fe20-4a37-95fb-eda43b447426/Test JDK 8, ubuntu-latest] â­ Run Main actions/checkout@v3
[728efc06-fe20-4a37-95fb-eda43b447426/Test JDK 8, ubuntu-latest] unable to get git ref: failed to identify reference (tag/branch) for the checked-out revision '1e06e149f67828abaabf1b393f530b0ab0f37c5f'
[728efc06-fe20-4a37-95fb-eda43b447426/Test JDK 8, ubuntu-latest] unable to get git ref: failed to identify reference (tag/branch) for the checked-out revision '1e06e149f67828abaabf1b393f530b0ab0f37c5f'
[728efc06-fe20-4a37-95fb-eda43b447426/Test JDK 8, ubuntu-latest]   ğŸ³  docker cp src=/tmp/47676f85-b2ca-423f-b061-6bb5a5ed2d42/. dst=/tmp/47676f85-b2ca-423f-b061-6bb5a5ed2d42
[728efc06-fe20-4a37-95fb-eda43b447426/Test JDK 8, ubuntu-latest]   ğŸ³  docker exec cmd=[chown -R 1012:1013 /tmp/47676f85-b2ca-423f-b061-6bb5a5ed2d42] user=0 workdir=
[728efc06-fe20-4a37-95fb-eda43b447426/Test JDK 8, ubuntu-latest]   âœ…  Success - Main actions/checkout@v3
[728efc06-fe20-4a37-95fb-eda43b447426/Test JDK 8, ubuntu-latest] unable to get git ref: failed to identify reference (tag/branch) for the checked-out revision '1e06e149f67828abaabf1b393f530b0ab0f37c5f'
[728efc06-fe20-4a37-95fb-eda43b447426/Test JDK 8, ubuntu-latest] unable to get git ref: failed to identify reference (tag/branch) for the checked-out revision '1e06e149f67828abaabf1b393f530b0ab0f37c5f'
[728efc06-fe20-4a37-95fb-eda43b447426/Test JDK 8, ubuntu-latest] unable to get git ref: failed to identify reference (tag/branch) for the checked-out revision '1e06e149f67828abaabf1b393f530b0ab0f37c5f'
[728efc06-fe20-4a37-95fb-eda43b447426/Test JDK 8, ubuntu-latest] unable to get git ref: failed to identify reference (tag/branch) for the checked-out revision '1e06e149f67828abaabf1b393f530b0ab0f37c5f'
[728efc06-fe20-4a37-95fb-eda43b447426/Test JDK 8, ubuntu-latest] unable to get git ref: failed to identify reference (tag/branch) for the checked-out revision '1e06e149f67828abaabf1b393f530b0ab0f37c5f'
[728efc06-fe20-4a37-95fb-eda43b447426/Test JDK 8, ubuntu-latest] â­ Run Main Set up JDK 8
[728efc06-fe20-4a37-95fb-eda43b447426/Test JDK 8, ubuntu-latest] unable to get git ref: failed to identify reference (tag/branch) for the checked-out revision '1e06e149f67828abaabf1b393f530b0ab0f37c5f'
[728efc06-fe20-4a37-95fb-eda43b447426/Test JDK 8, ubuntu-latest] unable to get git ref: failed to identify reference (tag/branch) for the checked-out revision '1e06e149f67828abaabf1b393f530b0ab0f37c5f'
[728efc06-fe20-4a37-95fb-eda43b447426/Test JDK 8, ubuntu-latest] unable to get git ref: failed to identify reference (tag/branch) for the checked-out revision '1e06e149f67828abaabf1b393f530b0ab0f37c5f'
[728efc06-fe20-4a37-95fb-eda43b447426/Test JDK 8, ubuntu-latest]   ğŸ³  docker cp src=/tmp/act-cache/fcb73fe4-d85f-4b8d-97fe-ff01c7492a1d/act/actions-setup-java@v3/ dst=/var/run/act/actions/actions-setup-java@v3/
[728efc06-fe20-4a37-95fb-eda43b447426/Test JDK 8, ubuntu-latest]   ğŸ³  docker exec cmd=[chown -R 1012:1013 /var/run/act/actions/actions-setup-java@v3/] user=0 workdir=
[728efc06-fe20-4a37-95fb-eda43b447426/Test JDK 8, ubuntu-latest]   ğŸ³  docker exec cmd=[node /var/run/act/actions/actions-setup-java@v3/dist/setup/index.js] user= workdir=
[728efc06-fe20-4a37-95fb-eda43b447426/Test JDK 8, ubuntu-latest]   â“  ::group::Installed distributions
[728efc06-fe20-4a37-95fb-eda43b447426/Test JDK 8, ubuntu-latest]   | Trying to resolve the latest version from remote
[728efc06-fe20-4a37-95fb-eda43b447426/Test JDK 8, ubuntu-latest]   ğŸ’¬  ::debug::Gathering available versions from 'https://api.azul.com/zulu/download/community/v1.0/bundles/?os=linux&ext=tar.gz&bundle_type=jdk&javafx=false&arch=x86&hw_bitness=64&release_status=ga'
[728efc06-fe20-4a37-95fb-eda43b447426/Test JDK 8, ubuntu-latest]   | Resolved latest version as 8.0.392+8
[728efc06-fe20-4a37-95fb-eda43b447426/Test JDK 8, ubuntu-latest]   | Trying to download...
[728efc06-fe20-4a37-95fb-eda43b447426/Test JDK 8, ubuntu-latest]   | Downloading Java 8.0.392+8 (Zulu) from https://cdn.azul.com/zulu/bin/zulu8.74.0.17-ca-jdk8.0.392-linux_x64.tar.gz ...
[728efc06-fe20-4a37-95fb-eda43b447426/Test JDK 8, ubuntu-latest]   ğŸ’¬  ::debug::Downloading https://cdn.azul.com/zulu/bin/zulu8.74.0.17-ca-jdk8.0.392-linux_x64.tar.gz
[728efc06-fe20-4a37-95fb-eda43b447426/Test JDK 8, ubuntu-latest]   ğŸ’¬  ::debug::Destination /tmp/14d156ba-c79b-4250-8000-64977e586784
[728efc06-fe20-4a37-95fb-eda43b447426/Test JDK 8, ubuntu-latest]   ğŸ’¬  ::debug::download complete
[728efc06-fe20-4a37-95fb-eda43b447426/Test JDK 8, ubuntu-latest]   | Extracting Java archive...
[728efc06-fe20-4a37-95fb-eda43b447426/Test JDK 8, ubuntu-latest]   ğŸ’¬  ::debug::Checking tar --version
[728efc06-fe20-4a37-95fb-eda43b447426/Test JDK 8, ubuntu-latest]   ğŸ’¬  ::debug::tar (GNU tar) 1.34%0ACopyright (C) 2021 Free Software Foundation, Inc.%0ALicense GPLv3+: GNU GPL version 3 or later <https://gnu.org/licenses/gpl.html>.%0AThis is free software: you are free to change and redistribute it.%0AThere is NO WARRANTY, to the extent permitted by law.%0A%0AWritten by John Gilmore and Jay Fenlason.
[728efc06-fe20-4a37-95fb-eda43b447426/Test JDK 8, ubuntu-latest]   | [command]/usr/bin/tar xz --warning=no-unknown-keyword -C /tmp/c4d64843-9302-4f7c-9cad-81388dbdbb01 -f /tmp/14d156ba-c79b-4250-8000-64977e586784
[728efc06-fe20-4a37-95fb-eda43b447426/Test JDK 8, ubuntu-latest]   ğŸ’¬  ::debug::Caching tool Java_Zulu_jdk 8.0.392-8 x64
[728efc06-fe20-4a37-95fb-eda43b447426/Test JDK 8, ubuntu-latest]   ğŸ’¬  ::debug::source dir: /tmp/c4d64843-9302-4f7c-9cad-81388dbdbb01/zulu8.74.0.17-ca-jdk8.0.392-linux_x64
[728efc06-fe20-4a37-95fb-eda43b447426/Test JDK 8, ubuntu-latest]   ğŸ’¬  ::debug::destination /opt/hostedtoolcache/Java_Zulu_jdk/8.0.392-8/x64
[728efc06-fe20-4a37-95fb-eda43b447426/Test JDK 8, ubuntu-latest]   ğŸ’¬  ::debug::finished caching tool
[728efc06-fe20-4a37-95fb-eda43b447426/Test JDK 8, ubuntu-latest]   | Java 8.0.392+8 was downloaded
[728efc06-fe20-4a37-95fb-eda43b447426/Test JDK 8, ubuntu-latest]   | Setting Java 8.0.392+8 as the default
[728efc06-fe20-4a37-95fb-eda43b447426/Test JDK 8, ubuntu-latest]   | Creating toolchains.xml for JDK version 8 from zulu
[728efc06-fe20-4a37-95fb-eda43b447426/Test JDK 8, ubuntu-latest]   | Writing to /home/runner/.m2/toolchains.xml
[728efc06-fe20-4a37-95fb-eda43b447426/Test JDK 8, ubuntu-latest]   | 
[728efc06-fe20-4a37-95fb-eda43b447426/Test JDK 8, ubuntu-latest]   | Java configuration:
[728efc06-fe20-4a37-95fb-eda43b447426/Test JDK 8, ubuntu-latest]   |   Distribution: zulu
[728efc06-fe20-4a37-95fb-eda43b447426/Test JDK 8, ubuntu-latest]   |   Version: 8.0.392+8
[728efc06-fe20-4a37-95fb-eda43b447426/Test JDK 8, ubuntu-latest]   |   Path: /opt/hostedtoolcache/Java_Zulu_jdk/8.0.392-8/x64
[728efc06-fe20-4a37-95fb-eda43b447426/Test JDK 8, ubuntu-latest]   | 
[728efc06-fe20-4a37-95fb-eda43b447426/Test JDK 8, ubuntu-latest]   â“  ::endgroup::
[728efc06-fe20-4a37-95fb-eda43b447426/Test JDK 8, ubuntu-latest]   â“ add-matcher /run/act/actions/actions-setup-java@v3/.github/java.json
[728efc06-fe20-4a37-95fb-eda43b447426/Test JDK 8, ubuntu-latest]   | Creating settings.xml with server-id: github
[728efc06-fe20-4a37-95fb-eda43b447426/Test JDK 8, ubuntu-latest]   | Writing to /home/runner/.m2/settings.xml
[728efc06-fe20-4a37-95fb-eda43b447426/Test JDK 8, ubuntu-latest]   âœ…  Success - Main Set up JDK 8
[728efc06-fe20-4a37-95fb-eda43b447426/Test JDK 8, ubuntu-latest]   âš™  ::set-env:: JAVA_HOME=/opt/hostedtoolcache/Java_Zulu_jdk/8.0.392-8/x64
[728efc06-fe20-4a37-95fb-eda43b447426/Test JDK 8, ubuntu-latest]   âš™  ::set-env:: JAVA_HOME_8_X64=/opt/hostedtoolcache/Java_Zulu_jdk/8.0.392-8/x64
[728efc06-fe20-4a37-95fb-eda43b447426/Test JDK 8, ubuntu-latest]   âš™  ::set-output:: version=8.0.392+8
[728efc06-fe20-4a37-95fb-eda43b447426/Test JDK 8, ubuntu-latest]   âš™  ::set-output:: distribution=Zulu
[728efc06-fe20-4a37-95fb-eda43b447426/Test JDK 8, ubuntu-latest]   âš™  ::set-output:: path=/opt/hostedtoolcache/Java_Zulu_jdk/8.0.392-8/x64
[728efc06-fe20-4a37-95fb-eda43b447426/Test JDK 8, ubuntu-latest]   âš™  ::add-path:: /opt/hostedtoolcache/Java_Zulu_jdk/8.0.392-8/x64/bin
[728efc06-fe20-4a37-95fb-eda43b447426/Test JDK 8, ubuntu-latest] unable to get git ref: failed to identify reference (tag/branch) for the checked-out revision '1e06e149f67828abaabf1b393f530b0ab0f37c5f'
[728efc06-fe20-4a37-95fb-eda43b447426/Test JDK 8, ubuntu-latest] unable to get git ref: failed to identify reference (tag/branch) for the checked-out revision '1e06e149f67828abaabf1b393f530b0ab0f37c5f'
[728efc06-fe20-4a37-95fb-eda43b447426/Test JDK 8, ubuntu-latest] unable to get git ref: failed to identify reference (tag/branch) for the checked-out revision '1e06e149f67828abaabf1b393f530b0ab0f37c5f'
[728efc06-fe20-4a37-95fb-eda43b447426/Test JDK 8, ubuntu-latest] unable to get git ref: failed to identify reference (tag/branch) for the checked-out revision '1e06e149f67828abaabf1b393f530b0ab0f37c5f'
[728efc06-fe20-4a37-95fb-eda43b447426/Test JDK 8, ubuntu-latest] unable to get git ref: failed to identify reference (tag/branch) for the checked-out revision '1e06e149f67828abaabf1b393f530b0ab0f37c5f'
[728efc06-fe20-4a37-95fb-eda43b447426/Test JDK 8, ubuntu-latest] â­ Run Main Build with Gradle
[728efc06-fe20-4a37-95fb-eda43b447426/Test JDK 8, ubuntu-latest] unable to get git ref: failed to identify reference (tag/branch) for the checked-out revision '1e06e149f67828abaabf1b393f530b0ab0f37c5f'
[728efc06-fe20-4a37-95fb-eda43b447426/Test JDK 8, ubuntu-latest] unable to get git ref: failed to identify reference (tag/branch) for the checked-out revision '1e06e149f67828abaabf1b393f530b0ab0f37c5f'
[728efc06-fe20-4a37-95fb-eda43b447426/Test JDK 8, ubuntu-latest] unable to get git ref: failed to identify reference (tag/branch) for the checked-out revision '1e06e149f67828abaabf1b393f530b0ab0f37c5f'
[728efc06-fe20-4a37-95fb-eda43b447426/Test JDK 8, ubuntu-latest] unable to get git ref: failed to identify reference (tag/branch) for the checked-out revision '1e06e149f67828abaabf1b393f530b0ab0f37c5f'
[728efc06-fe20-4a37-95fb-eda43b447426/Test JDK 8, ubuntu-latest]   ğŸ³  docker exec cmd=[bash --noprofile --norc -e -o pipefail /var/run/act/workflow/2] user= workdir=
[728efc06-fe20-4a37-95fb-eda43b447426/Test JDK 8, ubuntu-latest]   | Downloading https://services.gradle.org/distributions/gradle-7.2-bin.zip
[728efc06-fe20-4a37-95fb-eda43b447426/Test JDK 8, ubuntu-latest]   | ..........10%...........20%...........30%...........40%...........50%...........60%...........70%...........80%...........90%...........100%
[728efc06-fe20-4a37-95fb-eda43b447426/Test JDK 8, ubuntu-latest]   | 
[728efc06-fe20-4a37-95fb-eda43b447426/Test JDK 8, ubuntu-latest]   | Welcome to Gradle 7.2!
[728efc06-fe20-4a37-95fb-eda43b447426/Test JDK 8, ubuntu-latest]   | 
[728efc06-fe20-4a37-95fb-eda43b447426/Test JDK 8, ubuntu-latest]   | Here are the highlights of this release:
[728efc06-fe20-4a37-95fb-eda43b447426/Test JDK 8, ubuntu-latest]   |  - Toolchain support for Scala
[728efc06-fe20-4a37-95fb-eda43b447426/Test JDK 8, ubuntu-latest]   |  - More cache hits when Java source files have platform-specific line endings
[728efc06-fe20-4a37-95fb-eda43b447426/Test JDK 8, ubuntu-latest]   |  - More resilient remote HTTP build cache behavior
[728efc06-fe20-4a37-95fb-eda43b447426/Test JDK 8, ubuntu-latest]   | 
[728efc06-fe20-4a37-95fb-eda43b447426/Test JDK 8, ubuntu-latest]   | For more details see https://docs.gradle.org/7.2/release-notes.html
[728efc06-fe20-4a37-95fb-eda43b447426/Test JDK 8, ubuntu-latest]   | 
[728efc06-fe20-4a37-95fb-eda43b447426/Test JDK 8, ubuntu-latest]   | To honour the JVM settings for this build a single-use Daemon process will be forked. See https://docs.gradle.org/7.2/userguide/gradle_daemon.html#sec:disabling_the_daemon.
[728efc06-fe20-4a37-95fb-eda43b447426/Test JDK 8, ubuntu-latest]   | Daemon will be stopped at the end of the build 
[728efc06-fe20-4a37-95fb-eda43b447426/Test JDK 8, ubuntu-latest]   | > Task :clean UP-TO-DATE
[728efc06-fe20-4a37-95fb-eda43b447426/Test JDK 8, ubuntu-latest]   | > Task :compileJava
[728efc06-fe20-4a37-95fb-eda43b447426/Test JDK 8, ubuntu-latest]   | > Task :processResources NO-SOURCE
[728efc06-fe20-4a37-95fb-eda43b447426/Test JDK 8, ubuntu-latest]   | > Task :classes
[728efc06-fe20-4a37-95fb-eda43b447426/Test JDK 8, ubuntu-latest]   | > Task :jar
[728efc06-fe20-4a37-95fb-eda43b447426/Test JDK 8, ubuntu-latest]   | > Task :javadoc
[728efc06-fe20-4a37-95fb-eda43b447426/Test JDK 8, ubuntu-latest]   | > Task :javadocJar
[728efc06-fe20-4a37-95fb-eda43b447426/Test JDK 8, ubuntu-latest]   | > Task :sourcesJar
[728efc06-fe20-4a37-95fb-eda43b447426/Test JDK 8, ubuntu-latest]   | > Task :assemble
[728efc06-fe20-4a37-95fb-eda43b447426/Test JDK 8, ubuntu-latest]   | > Task :checkstyleMain
[728efc06-fe20-4a37-95fb-eda43b447426/Test JDK 8, ubuntu-latest]   | > Task :compileTestJava
[728efc06-fe20-4a37-95fb-eda43b447426/Test JDK 8, ubuntu-latest]   | > Task :processTestResources NO-SOURCE
[728efc06-fe20-4a37-95fb-eda43b447426/Test JDK 8, ubuntu-latest]   | > Task :testClasses
[728efc06-fe20-4a37-95fb-eda43b447426/Test JDK 8, ubuntu-latest]   | > Task :checkstyleTest
[728efc06-fe20-4a37-95fb-eda43b447426/Test JDK 8, ubuntu-latest]   | 
[728efc06-fe20-4a37-95fb-eda43b447426/Test JDK 8, ubuntu-latest]   | > Task :test FAILED
[728efc06-fe20-4a37-95fb-eda43b447426/Test JDK 8, ubuntu-latest]   | 
[728efc06-fe20-4a37-95fb-eda43b447426/Test JDK 8, ubuntu-latest]   | DslParamsParserTest > shouldBeAbleToSpecifyMultipleValuesForParamInGroupUsingTheDefaultSeparator() FAILED
[728efc06-fe20-4a37-95fb-eda43b447426/Test JDK 8, ubuntu-latest]   |     org.opentest4j.AssertionFailedError at DslParamsParserTest.java:513
[728efc06-fe20-4a37-95fb-eda43b447426/Test JDK 8, ubuntu-latest]   | 
[728efc06-fe20-4a37-95fb-eda43b447426/Test JDK 8, ubuntu-latest]   | DslParamsParserTest > shouldBeAbleToSpecifyMultipleValuesForParamInGroupUsingACustomSeparator() FAILED
[728efc06-fe20-4a37-95fb-eda43b447426/Test JDK 8, ubuntu-latest]   |     org.opentest4j.AssertionFailedError at DslParamsParserTest.java:539
[728efc06-fe20-4a37-95fb-eda43b447426/Test JDK 8, ubuntu-latest]   | 
[728efc06-fe20-4a37-95fb-eda43b447426/Test JDK 8, ubuntu-latest]   | DslParamsParserTest > shouldMatchAllowedValuesCaseInsensitivelyAndReturnValuesUsingTheCaseProvidedInTheDSLWithinRepeatingGroups() FAILED
[728efc06-fe20-4a37-95fb-eda43b447426/Test JDK 8, ubuntu-latest]   |     org.opentest4j.AssertionFailedError at DslParamsParserTest.java:644
[728efc06-fe20-4a37-95fb-eda43b447426/Test JDK 8, ubuntu-latest]   | 
[728efc06-fe20-4a37-95fb-eda43b447426/Test JDK 8, ubuntu-latest]   | 99 tests completed, 3 failed
[728efc06-fe20-4a37-95fb-eda43b447426/Test JDK 8, ubuntu-latest]   | 
[728efc06-fe20-4a37-95fb-eda43b447426/Test JDK 8, ubuntu-latest]   | FAILURE: Build failed with an exception.
[728efc06-fe20-4a37-95fb-eda43b447426/Test JDK 8, ubuntu-latest]   | 
[728efc06-fe20-4a37-95fb-eda43b447426/Test JDK 8, ubuntu-latest]   | * What went wrong:
[728efc06-fe20-4a37-95fb-eda43b447426/Test JDK 8, ubuntu-latest]   | Execution failed for task ':test'.
[728efc06-fe20-4a37-95fb-eda43b447426/Test JDK 8, ubuntu-latest]   | > There were failing tests. See the report at: file:///tmp/47676f85-b2ca-423f-b061-6bb5a5ed2d42/build/reports/tests/test/index.html
[728efc06-fe20-4a37-95fb-eda43b447426/Test JDK 8, ubuntu-latest]   | 
[728efc06-fe20-4a37-95fb-eda43b447426/Test JDK 8, ubuntu-latest]   | * Try:
[728efc06-fe20-4a37-95fb-eda43b447426/Test JDK 8, ubuntu-latest]   | Run with --stacktrace option to get the stack trace. Run with --info or --debug option to get more log output. Run with --scan to get full insights.
[728efc06-fe20-4a37-95fb-eda43b447426/Test JDK 8, ubuntu-latest]   | 
[728efc06-fe20-4a37-95fb-eda43b447426/Test JDK 8, ubuntu-latest]   | * Get more help at https://help.gradle.org
[728efc06-fe20-4a37-95fb-eda43b447426/Test JDK 8, ubuntu-latest]   | 
[728efc06-fe20-4a37-95fb-eda43b447426/Test JDK 8, ubuntu-latest]   | BUILD FAILED in 29s
[728efc06-fe20-4a37-95fb-eda43b447426/Test JDK 8, ubuntu-latest]   | 10 actionable tasks: 9 executed, 1 up-to-date
[728efc06-fe20-4a37-95fb-eda43b447426/Test JDK 8, ubuntu-latest]   âŒ  Failure - Main Build with Gradle
[728efc06-fe20-4a37-95fb-eda43b447426/Test JDK 8, ubuntu-latest] exitcode '1': failure
[728efc06-fe20-4a37-95fb-eda43b447426/Test JDK 8, ubuntu-latest] unable to get git ref: failed to identify reference (tag/branch) for the checked-out revision '1e06e149f67828abaabf1b393f530b0ab0f37c5f'
[728efc06-fe20-4a37-95fb-eda43b447426/Test JDK 8, ubuntu-latest] unable to get git ref: failed to identify reference (tag/branch) for the checked-out revision '1e06e149f67828abaabf1b393f530b0ab0f37c5f'
[728efc06-fe20-4a37-95fb-eda43b447426/Test JDK 8, ubuntu-latest] unable to get git ref: failed to identify reference (tag/branch) for the checked-out revision '1e06e149f67828abaabf1b393f530b0ab0f37c5f'
[728efc06-fe20-4a37-95fb-eda43b447426/Test JDK 8, ubuntu-latest] unable to get git ref: failed to identify reference (tag/branch) for the checked-out revision '1e06e149f67828abaabf1b393f530b0ab0f37c5f'
[728efc06-fe20-4a37-95fb-eda43b447426/Test JDK 8, ubuntu-latest] unable to get git ref: failed to identify reference (tag/branch) for the checked-out revision '1e06e149f67828abaabf1b393f530b0ab0f37c5f'
[728efc06-fe20-4a37-95fb-eda43b447426/Test JDK 8, ubuntu-latest] â­ Run Post Set up JDK 8
[728efc06-fe20-4a37-95fb-eda43b447426/Test JDK 8, ubuntu-latest]   ğŸ³  docker exec cmd=[node /var/run/act/actions/actions-setup-java@v3/dist/cleanup/index.js] user= workdir=
[728efc06-fe20-4a37-95fb-eda43b447426/Test JDK 8, ubuntu-latest]   âœ…  Success - Post Set up JDK 8
[728efc06-fe20-4a37-95fb-eda43b447426/Test JDK 8, ubuntu-latest] ğŸ  Job failed
[728efc06-fe20-4a37-95fb-eda43b447426/Test JDK 8, ubuntu-latest] unable to get git ref: failed to identify reference (tag/branch) for the checked-out revision '1e06e149f67828abaabf1b393f530b0ab0f37c5f'
