[43248108-d28a-4fe8-aa48-513cf9fd625b/build] üöÄ  Start image=crawlergpt:latest
[43248108-d28a-4fe8-aa48-513cf9fd625b/build]   üê≥  docker pull image=crawlergpt:latest platform= username= forcePull=false
[43248108-d28a-4fe8-aa48-513cf9fd625b/build]   üê≥  docker create image=crawlergpt:latest platform= entrypoint=["tail" "-f" "/dev/null"] cmd=[]
[43248108-d28a-4fe8-aa48-513cf9fd625b/build]   üê≥  docker run image=crawlergpt:latest platform= entrypoint=["tail" "-f" "/dev/null"] cmd=[]
[43248108-d28a-4fe8-aa48-513cf9fd625b/build]   üê≥  docker exec cmd=[chown -R 1012:1013 /tmp/9316eb46-65df-4c2d-a247-3ad943028b5d] user=0 workdir=
[43248108-d28a-4fe8-aa48-513cf9fd625b/build] unable to get git ref: failed to identify reference (tag/branch) for the checked-out revision '6678656f79d2b432cbe3d7fde73318b1beb22e91'
[43248108-d28a-4fe8-aa48-513cf9fd625b/build] unable to get git ref: failed to identify reference (tag/branch) for the checked-out revision '6678656f79d2b432cbe3d7fde73318b1beb22e91'
[43248108-d28a-4fe8-aa48-513cf9fd625b/build] unable to get git ref: failed to identify reference (tag/branch) for the checked-out revision '6678656f79d2b432cbe3d7fde73318b1beb22e91'
[43248108-d28a-4fe8-aa48-513cf9fd625b/build] üß™  Matrix: map[java:1.8.0]
[43248108-d28a-4fe8-aa48-513cf9fd625b/build] unable to get git ref: failed to identify reference (tag/branch) for the checked-out revision '6678656f79d2b432cbe3d7fde73318b1beb22e91'
[43248108-d28a-4fe8-aa48-513cf9fd625b/build] unable to get git ref: failed to identify reference (tag/branch) for the checked-out revision '6678656f79d2b432cbe3d7fde73318b1beb22e91'
[43248108-d28a-4fe8-aa48-513cf9fd625b/build] unable to get git ref: failed to identify reference (tag/branch) for the checked-out revision '6678656f79d2b432cbe3d7fde73318b1beb22e91'
[43248108-d28a-4fe8-aa48-513cf9fd625b/build] unable to get git ref: failed to identify reference (tag/branch) for the checked-out revision '6678656f79d2b432cbe3d7fde73318b1beb22e91'
[43248108-d28a-4fe8-aa48-513cf9fd625b/build] unable to get git ref: failed to identify reference (tag/branch) for the checked-out revision '6678656f79d2b432cbe3d7fde73318b1beb22e91'
[43248108-d28a-4fe8-aa48-513cf9fd625b/build] unable to get git ref: failed to identify reference (tag/branch) for the checked-out revision '6678656f79d2b432cbe3d7fde73318b1beb22e91'
[43248108-d28a-4fe8-aa48-513cf9fd625b/build] ‚≠ê Run Main actions/checkout@v1
[43248108-d28a-4fe8-aa48-513cf9fd625b/build] unable to get git ref: failed to identify reference (tag/branch) for the checked-out revision '6678656f79d2b432cbe3d7fde73318b1beb22e91'
[43248108-d28a-4fe8-aa48-513cf9fd625b/build]   ‚úÖ  Success - Main actions/checkout@v1
[43248108-d28a-4fe8-aa48-513cf9fd625b/build] unable to get git ref: failed to identify reference (tag/branch) for the checked-out revision '6678656f79d2b432cbe3d7fde73318b1beb22e91'
[43248108-d28a-4fe8-aa48-513cf9fd625b/build] unable to get git ref: failed to identify reference (tag/branch) for the checked-out revision '6678656f79d2b432cbe3d7fde73318b1beb22e91'
[43248108-d28a-4fe8-aa48-513cf9fd625b/build] unable to get git ref: failed to identify reference (tag/branch) for the checked-out revision '6678656f79d2b432cbe3d7fde73318b1beb22e91'
[43248108-d28a-4fe8-aa48-513cf9fd625b/build] unable to get git ref: failed to identify reference (tag/branch) for the checked-out revision '6678656f79d2b432cbe3d7fde73318b1beb22e91'
[43248108-d28a-4fe8-aa48-513cf9fd625b/build] unable to get git ref: failed to identify reference (tag/branch) for the checked-out revision '6678656f79d2b432cbe3d7fde73318b1beb22e91'
[43248108-d28a-4fe8-aa48-513cf9fd625b/build] ‚≠ê Run Main Set up JDK
[43248108-d28a-4fe8-aa48-513cf9fd625b/build] unable to get git ref: failed to identify reference (tag/branch) for the checked-out revision '6678656f79d2b432cbe3d7fde73318b1beb22e91'
[43248108-d28a-4fe8-aa48-513cf9fd625b/build] unable to get git ref: failed to identify reference (tag/branch) for the checked-out revision '6678656f79d2b432cbe3d7fde73318b1beb22e91'
[43248108-d28a-4fe8-aa48-513cf9fd625b/build] unable to get git ref: failed to identify reference (tag/branch) for the checked-out revision '6678656f79d2b432cbe3d7fde73318b1beb22e91'
[43248108-d28a-4fe8-aa48-513cf9fd625b/build]   üê≥  docker cp src=/tmp/act-cache/d39018bd-9970-40bd-9b3b-c87463d1d468/act/actions-setup-java@v1/ dst=/var/run/act/actions/actions-setup-java@v1/
[43248108-d28a-4fe8-aa48-513cf9fd625b/build]   üê≥  docker exec cmd=[chown -R 1012:1013 /var/run/act/actions/actions-setup-java@v1/] user=0 workdir=
[43248108-d28a-4fe8-aa48-513cf9fd625b/build]   üê≥  docker exec cmd=[node /var/run/act/actions/actions-setup-java@v1/dist/setup/index.js] user= workdir=
[43248108-d28a-4fe8-aa48-513cf9fd625b/build]   üí¨  ::debug::isExplicit: 1.8.0
[43248108-d28a-4fe8-aa48-513cf9fd625b/build]   üí¨  ::debug::explicit? true
[43248108-d28a-4fe8-aa48-513cf9fd625b/build]   üí¨  ::debug::checking cache: /opt/hostedtoolcache/jdk/1.8.0/x64
[43248108-d28a-4fe8-aa48-513cf9fd625b/build]   üí¨  ::debug::not found
[43248108-d28a-4fe8-aa48-513cf9fd625b/build]   üí¨  ::debug::Downloading JDK from Azul
[43248108-d28a-4fe8-aa48-513cf9fd625b/build]   üí¨  ::debug::Searching for files with extension: -linux_x64.tar.gz
[43248108-d28a-4fe8-aa48-513cf9fd625b/build]   üí¨  ::debug::Downloading https://static.azul.com/zulu/bin/zulu8.70.0.23-ca-jdk8.0.372-linux_x64.tar.gz
[43248108-d28a-4fe8-aa48-513cf9fd625b/build]   üí¨  ::debug::Downloading /tmp/c5981172-34db-4417-9336-760cb59ffebd
[43248108-d28a-4fe8-aa48-513cf9fd625b/build]   üí¨  ::debug::download complete
[43248108-d28a-4fe8-aa48-513cf9fd625b/build]   | [command]/usr/bin/tar --version
[43248108-d28a-4fe8-aa48-513cf9fd625b/build]   | tar (GNU tar) 1.30
[43248108-d28a-4fe8-aa48-513cf9fd625b/build]   | Copyright (C) 2017 Free Software Foundation, Inc.
[43248108-d28a-4fe8-aa48-513cf9fd625b/build]   | License GPLv3+: GNU GPL version 3 or later <https://gnu.org/licenses/gpl.html>.
[43248108-d28a-4fe8-aa48-513cf9fd625b/build]   | This is free software: you are free to change and redistribute it.
[43248108-d28a-4fe8-aa48-513cf9fd625b/build]   | There is NO WARRANTY, to the extent permitted by law.
[43248108-d28a-4fe8-aa48-513cf9fd625b/build]   | 
[43248108-d28a-4fe8-aa48-513cf9fd625b/build]   | Written by John Gilmore and Jay Fenlason.
[43248108-d28a-4fe8-aa48-513cf9fd625b/build]   | [command]/usr/bin/tar xz --warning=no-unknown-keyword -C /tmp/temp_1812065600 -f /tmp/c5981172-34db-4417-9336-760cb59ffebd
[43248108-d28a-4fe8-aa48-513cf9fd625b/build]   üí¨  ::debug::jdk extracted to /tmp/temp_1812065600/zulu8.70.0.23-ca-jdk8.0.372-linux_x64
[43248108-d28a-4fe8-aa48-513cf9fd625b/build]   üí¨  ::debug::Caching tool jdk 8.0.372 x64
[43248108-d28a-4fe8-aa48-513cf9fd625b/build]   üí¨  ::debug::source dir: /tmp/temp_1812065600/zulu8.70.0.23-ca-jdk8.0.372-linux_x64
[43248108-d28a-4fe8-aa48-513cf9fd625b/build]   üí¨  ::debug::destination /opt/hostedtoolcache/jdk/8.0.372/x64
[43248108-d28a-4fe8-aa48-513cf9fd625b/build]   üí¨  ::debug::finished caching tool
[43248108-d28a-4fe8-aa48-513cf9fd625b/build]   ‚ùì add-matcher /run/act/actions/actions-setup-java@v1/.github/java.json
[43248108-d28a-4fe8-aa48-513cf9fd625b/build]   | creating settings.xml with server-id: github; environment variables: username=$GITHUB_ACTOR, password=$GITHUB_TOKEN, and gpg-passphrase=null
[43248108-d28a-4fe8-aa48-513cf9fd625b/build]   üí¨  ::debug::created directory /home/runneradmin/.m2
[43248108-d28a-4fe8-aa48-513cf9fd625b/build]   | writing /home/runneradmin/.m2/settings.xml
[43248108-d28a-4fe8-aa48-513cf9fd625b/build]   ‚úÖ  Success - Main Set up JDK
[43248108-d28a-4fe8-aa48-513cf9fd625b/build]   ‚öô  ::set-env:: JAVA_HOME_8_0_372_X64=/opt/hostedtoolcache/jdk/8.0.372/x64
[43248108-d28a-4fe8-aa48-513cf9fd625b/build]   ‚öô  ::set-env:: JAVA_HOME_8.0.372_x64=/opt/hostedtoolcache/jdk/8.0.372/x64
[43248108-d28a-4fe8-aa48-513cf9fd625b/build]   ‚öô  ::set-env:: JAVA_HOME=/opt/hostedtoolcache/jdk/8.0.372/x64
[43248108-d28a-4fe8-aa48-513cf9fd625b/build]   ‚öô  ::set-output:: path=/opt/hostedtoolcache/jdk/8.0.372/x64
[43248108-d28a-4fe8-aa48-513cf9fd625b/build]   ‚öô  ::set-output:: version=8.0.372
[43248108-d28a-4fe8-aa48-513cf9fd625b/build]   ‚öô  ::add-path:: /opt/hostedtoolcache/jdk/8.0.372/x64/bin
[43248108-d28a-4fe8-aa48-513cf9fd625b/build] unable to get git ref: failed to identify reference (tag/branch) for the checked-out revision '6678656f79d2b432cbe3d7fde73318b1beb22e91'
[43248108-d28a-4fe8-aa48-513cf9fd625b/build] unable to get git ref: failed to identify reference (tag/branch) for the checked-out revision '6678656f79d2b432cbe3d7fde73318b1beb22e91'
[43248108-d28a-4fe8-aa48-513cf9fd625b/build] unable to get git ref: failed to identify reference (tag/branch) for the checked-out revision '6678656f79d2b432cbe3d7fde73318b1beb22e91'
[43248108-d28a-4fe8-aa48-513cf9fd625b/build] unable to get git ref: failed to identify reference (tag/branch) for the checked-out revision '6678656f79d2b432cbe3d7fde73318b1beb22e91'
[43248108-d28a-4fe8-aa48-513cf9fd625b/build] unable to get git ref: failed to identify reference (tag/branch) for the checked-out revision '6678656f79d2b432cbe3d7fde73318b1beb22e91'
[43248108-d28a-4fe8-aa48-513cf9fd625b/build] ‚≠ê Run Main print Java version
[43248108-d28a-4fe8-aa48-513cf9fd625b/build] unable to get git ref: failed to identify reference (tag/branch) for the checked-out revision '6678656f79d2b432cbe3d7fde73318b1beb22e91'
[43248108-d28a-4fe8-aa48-513cf9fd625b/build] unable to get git ref: failed to identify reference (tag/branch) for the checked-out revision '6678656f79d2b432cbe3d7fde73318b1beb22e91'
[43248108-d28a-4fe8-aa48-513cf9fd625b/build] unable to get git ref: failed to identify reference (tag/branch) for the checked-out revision '6678656f79d2b432cbe3d7fde73318b1beb22e91'
[43248108-d28a-4fe8-aa48-513cf9fd625b/build] unable to get git ref: failed to identify reference (tag/branch) for the checked-out revision '6678656f79d2b432cbe3d7fde73318b1beb22e91'
[43248108-d28a-4fe8-aa48-513cf9fd625b/build]   üê≥  docker exec cmd=[bash --noprofile --norc -e -o pipefail /var/run/act/workflow/2] user= workdir=
[43248108-d28a-4fe8-aa48-513cf9fd625b/build]   | openjdk version "1.8.0_372"
[43248108-d28a-4fe8-aa48-513cf9fd625b/build]   | OpenJDK Runtime Environment (Zulu 8.70.0.23-CA-linux64) (build 1.8.0_372-b07)
[43248108-d28a-4fe8-aa48-513cf9fd625b/build]   | OpenJDK 64-Bit Server VM (Zulu 8.70.0.23-CA-linux64) (build 25.372-b07, mixed mode)
[43248108-d28a-4fe8-aa48-513cf9fd625b/build]   ‚úÖ  Success - Main print Java version
[43248108-d28a-4fe8-aa48-513cf9fd625b/build] unable to get git ref: failed to identify reference (tag/branch) for the checked-out revision '6678656f79d2b432cbe3d7fde73318b1beb22e91'
[43248108-d28a-4fe8-aa48-513cf9fd625b/build] unable to get git ref: failed to identify reference (tag/branch) for the checked-out revision '6678656f79d2b432cbe3d7fde73318b1beb22e91'
[43248108-d28a-4fe8-aa48-513cf9fd625b/build] unable to get git ref: failed to identify reference (tag/branch) for the checked-out revision '6678656f79d2b432cbe3d7fde73318b1beb22e91'
[43248108-d28a-4fe8-aa48-513cf9fd625b/build] unable to get git ref: failed to identify reference (tag/branch) for the checked-out revision '6678656f79d2b432cbe3d7fde73318b1beb22e91'
[43248108-d28a-4fe8-aa48-513cf9fd625b/build] unable to get git ref: failed to identify reference (tag/branch) for the checked-out revision '6678656f79d2b432cbe3d7fde73318b1beb22e91'
[43248108-d28a-4fe8-aa48-513cf9fd625b/build] ‚≠ê Run Main Build with Maven
[43248108-d28a-4fe8-aa48-513cf9fd625b/build] unable to get git ref: failed to identify reference (tag/branch) for the checked-out revision '6678656f79d2b432cbe3d7fde73318b1beb22e91'
[43248108-d28a-4fe8-aa48-513cf9fd625b/build] unable to get git ref: failed to identify reference (tag/branch) for the checked-out revision '6678656f79d2b432cbe3d7fde73318b1beb22e91'
[43248108-d28a-4fe8-aa48-513cf9fd625b/build] unable to get git ref: failed to identify reference (tag/branch) for the checked-out revision '6678656f79d2b432cbe3d7fde73318b1beb22e91'
[43248108-d28a-4fe8-aa48-513cf9fd625b/build] unable to get git ref: failed to identify reference (tag/branch) for the checked-out revision '6678656f79d2b432cbe3d7fde73318b1beb22e91'
[43248108-d28a-4fe8-aa48-513cf9fd625b/build]   üê≥  docker exec cmd=[bash --noprofile --norc -e -o pipefail /var/run/act/workflow/3] user= workdir=
[43248108-d28a-4fe8-aa48-513cf9fd625b/build]   | [INFO] Scanning for projects...
[43248108-d28a-4fe8-aa48-513cf9fd625b/build]   | [INFO] 
[43248108-d28a-4fe8-aa48-513cf9fd625b/build]   | [INFO] -----------------------< com.vdurmont:semver4j >------------------------
[43248108-d28a-4fe8-aa48-513cf9fd625b/build]   | [INFO] Building semver4j 2.0.1
[43248108-d28a-4fe8-aa48-513cf9fd625b/build]   | [INFO] --------------------------------[ jar ]---------------------------------
[43248108-d28a-4fe8-aa48-513cf9fd625b/build]   | Downloading from central: https://repo.maven.apache.org/maven2/org/apache/maven/plugins/maven-clean-plugin/2.5/maven-clean-plugin-2.5.pom
[43248108-d28a-4fe8-aa48-513cf9fd625b/build]   | Progress (1): 2.7/3.9 kBProgress (1): 3.9 kB                        Downloaded from central: https://repo.maven.apache.org/maven2/org/apache/maven/plugins/maven-clean-plugin/2.5/maven-clean-plugin-2.5.pom (3.9 kB at 2.2 kB/s)
[43248108-d28a-4fe8-aa48-513cf9fd625b/build]   | Downloading from central: https://repo.maven.apache.org/maven2/org/apache/maven/plugins/maven-plugins/22/maven-plugins-22.pom
[43248108-d28a-4fe8-aa48-513cf9fd625b/build]   | Progress (1): 2.7/13 kBProgress (1): 5.5/13 kBProgress (1): 8.2/13 kBProgress (1): 11/13 kB Progress (1): 13 kB                      Downloaded from central: https://repo.maven.apache.org/maven2/org/apache/maven/plugins/maven-plugins/22/maven-plugins-22.pom (13 kB at 58 kB/s)
[43248108-d28a-4fe8-aa48-513cf9fd625b/build]   | Downloading from central: https://repo.maven.apache.org/maven2/org/apache/maven/maven-parent/21/maven-parent-21.pom
[43248108-d28a-4fe8-aa48-513cf9fd625b/build]   | Progress (1): 2.7/26 kBProgress (1): 5.5/26 kBProgress (1): 8.2/26 kBProgress (1): 11/26 kB Progress (1): 14/26 kBProgress (1): 16/26 kBProgress (1): 19/26 kBProgress (1): 22/26 kBProgress (1): 25/26 kBProgress (1): 26 kB                      Downloaded from central: https://repo.maven.apache.org/maven2/org/apache/maven/maven-parent/21/maven-parent-21.pom (26 kB at 126 kB/s)
[43248108-d28a-4fe8-aa48-513cf9fd625b/build]   | Downloading from central: https://repo.maven.apache.org/maven2/org/apache/apache/10/apache-10.pom
[43248108-d28a-4fe8-aa48-513cf9fd625b/build]   | Progress (1): 2.7/15 kBProgress (1): 5.5/15 kBProgress (1): 8.2/15 kBProgress (1): 11/15 kB Progress (1): 14/15 kBProgress (1): 15 kB                      Downloaded from central: https://repo.maven.apache.org/maven2/org/apache/apache/10/apache-10.pom (15 kB at 95 kB/s)
[43248108-d28a-4fe8-aa48-513cf9fd625b/build]   | Downloading from central: https://repo.maven.apache.org/maven2/org/apache/maven/plugins/maven-clean-plugin/2.5/maven-clean-plugin-2.5.jar
[43248108-d28a-4fe8-aa48-513cf9fd625b/build]   | Progress (1): 4.1/25 kBProgress (1): 8.2/25 kBProgress (1): 12/25 kB Progress (1): 16/25 kBProgress (1): 20/25 kBProgress (1): 25/25 kBProgress (1): 25 kB                      Downloaded from central: https://repo.maven.apache.org/maven2/org/apache/maven/plugins/maven-clean-plugin/2.5/maven-clean-plugin-2.5.jar (25 kB at 352 kB/s)
[43248108-d28a-4fe8-aa48-513cf9fd625b/build]   | Downloading from central: https://repo.maven.apache.org/maven2/org/apache/maven/plugins/maven-resources-plugin/2.6/maven-resources-plugin-2.6.pom
[43248108-d28a-4fe8-aa48-513cf9fd625b/build]   | Progress (1): 4.1/8.1 kBProgress (1): 8.1 kB                        Downloaded from central: https://repo.maven.apache.org/maven2/org/apache/maven/plugins/maven-resources-plugin/2.6/maven-resources-plugin-2.6.pom (8.1 kB at 301 kB/s)
[43248108-d28a-4fe8-aa48-513cf9fd625b/build]   | Downloading from central: https://repo.maven.apache.org/maven2/org/apache/maven/plugins/maven-plugins/23/maven-plugins-23.pom
[43248108-d28a-4fe8-aa48-513cf9fd625b/build]   | Progress (1): 4.1/9.2 kBProgress (1): 8.2/9.2 kBProgress (1): 9.2 kB                        Downloaded from central: https://repo.maven.apache.org/maven2/org/apache/maven/plugins/maven-plugins/23/maven-plugins-23.pom (9.2 kB at 317 kB/s)
[43248108-d28a-4fe8-aa48-513cf9fd625b/build]   | Downloading from central: https://repo.maven.apache.org/maven2/org/apache/maven/maven-parent/22/maven-parent-22.pom
[43248108-d28a-4fe8-aa48-513cf9fd625b/build]   | Progress (1): 4.1/30 kBProgress (1): 8.2/30 kBProgress (1): 12/30 kB Progress (1): 16/30 kBProgress (1): 20/30 kBProgress (1): 25/30 kBProgress (1): 29/30 kBProgress (1): 30 kB                      Downloaded from central: https://repo.maven.apache.org/maven2/org/apache/maven/maven-parent/22/maven-parent-22.pom (30 kB at 620 kB/s)
[43248108-d28a-4fe8-aa48-513cf9fd625b/build]   | Downloading from central: https://repo.maven.apache.org/maven2/org/apache/apache/11/apache-11.pom
[43248108-d28a-4fe8-aa48-513cf9fd625b/build]   | Progress (1): 4.1/15 kBProgress (1): 8.2/15 kBProgress (1): 12/15 kB Progress (1): 15 kB                      Downloaded from central: https://repo.maven.apache.org/maven2/org/apache/apache/11/apache-11.pom (15 kB at 705 kB/s)
[43248108-d28a-4fe8-aa48-513cf9fd625b/build]   | Downloading from central: https://repo.maven.apache.org/maven2/org/apache/maven/plugins/maven-resources-plugin/2.6/maven-resources-plugin-2.6.jar
[43248108-d28a-4fe8-aa48-513cf9fd625b/build]   | Progress (1): 4.1/30 kBProgress (1): 8.2/30 kBProgress (1): 12/30 kB Progress (1): 16/30 kBProgress (1): 20/30 kBProgress (1): 24/30 kBProgress (1): 28/30 kBProgress (1): 30 kB                      Downloaded from central: https://repo.maven.apache.org/maven2/org/apache/maven/plugins/maven-resources-plugin/2.6/maven-resources-plugin-2.6.jar (30 kB at 484 kB/s)
[43248108-d28a-4fe8-aa48-513cf9fd625b/build]   | Downloading from central: https://repo.maven.apache.org/maven2/org/apache/maven/plugins/maven-compiler-plugin/3.1/maven-compiler-plugin-3.1.pom
[43248108-d28a-4fe8-aa48-513cf9fd625b/build]   | Progress (1): 4.1/10 kBProgress (1): 8.2/10 kBProgress (1): 10 kB                       Downloaded from central: https://repo.maven.apache.org/maven2/org/apache/maven/plugins/maven-compiler-plugin/3.1/maven-compiler-plugin-3.1.pom (10 kB at 319 kB/s)
[43248108-d28a-4fe8-aa48-513cf9fd625b/build]   | Downloading from central: https://repo.maven.apache.org/maven2/org/apache/maven/plugins/maven-plugins/24/maven-plugins-24.pom
[43248108-d28a-4fe8-aa48-513cf9fd625b/build]   | Progress (1): 4.1/11 kBProgress (1): 8.2/11 kBProgress (1): 11 kB                       Downloaded from central: https://repo.maven.apache.org/maven2/org/apache/maven/plugins/maven-plugins/24/maven-plugins-24.pom (11 kB at 470 kB/s)
[43248108-d28a-4fe8-aa48-513cf9fd625b/build]   | Downloading from central: https://repo.maven.apache.org/maven2/org/apache/maven/maven-parent/23/maven-parent-23.pom
[43248108-d28a-4fe8-aa48-513cf9fd625b/build]   | Progress (1): 4.1/33 kBProgress (1): 8.2/33 kBProgress (1): 12/33 kB Progress (1): 16/33 kBProgress (1): 20/33 kBProgress (1): 25/33 kBProgress (1): 29/33 kBProgress (1): 33 kB                      Downloaded from central: https://repo.maven.apache.org/maven2/org/apache/maven/maven-parent/23/maven-parent-23.pom (33 kB at 1.4 MB/s)
[43248108-d28a-4fe8-aa48-513cf9fd625b/build]   | Downloading from central: https://repo.maven.apache.org/maven2/org/apache/apache/13/apache-13.pom
[43248108-d28a-4fe8-aa48-513cf9fd625b/build]   | Progress (1): 4.1/14 kBProgress (1): 8.2/14 kBProgress (1): 12/14 kB Progress (1): 14 kB                      Downloaded from central: https://repo.maven.apache.org/maven2/org/apache/apache/13/apache-13.pom (14 kB at 499 kB/s)
[43248108-d28a-4fe8-aa48-513cf9fd625b/build]   | Downloading from central: https://repo.maven.apache.org/maven2/org/apache/maven/plugins/maven-compiler-plugin/3.1/maven-compiler-plugin-3.1.jar
[43248108-d28a-4fe8-aa48-513cf9fd625b/build]   | Progress (1): 4.1/43 kBProgress (1): 8.2/43 kBProgress (1): 12/43 kB Progress (1): 16/43 kBProgress (1): 20/43 kBProgress (1): 25/43 kBProgress (1): 29/43 kBProgress (1): 33/43 kBProgress (1): 37/43 kBProgress (1): 41/43 kBProgress (1): 43 kB                      Downloaded from central: https://repo.maven.apache.org/maven2/org/apache/maven/plugins/maven-compiler-plugin/3.1/maven-compiler-plugin-3.1.jar (43 kB at 651 kB/s)
[43248108-d28a-4fe8-aa48-513cf9fd625b/build]   | Downloading from central: https://repo.maven.apache.org/maven2/org/apache/maven/plugins/maven-surefire-plugin/2.12.4/maven-surefire-plugin-2.12.4.pom
[43248108-d28a-4fe8-aa48-513cf9fd625b/build]   | Progress (1): 4.1/10 kBProgress (1): 8.2/10 kBProgress (1): 10 kB                       Downloaded from central: https://repo.maven.apache.org/maven2/org/apache/maven/plugins/maven-surefire-plugin/2.12.4/maven-surefire-plugin-2.12.4.pom (10 kB at 476 kB/s)
[43248108-d28a-4fe8-aa48-513cf9fd625b/build]   | Downloading from central: https://repo.maven.apache.org/maven2/org/apache/maven/surefire/surefire/2.12.4/surefire-2.12.4.pom
[43248108-d28a-4fe8-aa48-513cf9fd625b/build]   | Progress (1): 4.1/14 kBProgress (1): 8.2/14 kBProgress (1): 12/14 kB Progress (1): 14 kB                      Downloaded from central: https://repo.maven.apache.org/maven2/org/apache/maven/surefire/surefire/2.12.4/surefire-2.12.4.pom (14 kB at 811 kB/s)
[43248108-d28a-4fe8-aa48-513cf9fd625b/build]   | Downloading from central: https://repo.maven.apache.org/maven2/org/apache/maven/plugins/maven-surefire-plugin/2.12.4/maven-surefire-plugin-2.12.4.jar
[43248108-d28a-4fe8-aa48-513cf9fd625b/build]   | Progress (1): 4.1/30 kBProgress (1): 8.2/30 kBProgress (1): 12/30 kB Progress (1): 16/30 kBProgress (1): 20/30 kBProgress (1): 24/30 kBProgress (1): 28/30 kBProgress (1): 30 kB                      Downloaded from central: https://repo.maven.apache.org/maven2/org/apache/maven/plugins/maven-surefire-plugin/2.12.4/maven-surefire-plugin-2.12.4.jar (30 kB at 396 kB/s)
[43248108-d28a-4fe8-aa48-513cf9fd625b/build]   | Downloading from central: https://repo.maven.apache.org/maven2/junit/junit/4.12/junit-4.12.pom
[43248108-d28a-4fe8-aa48-513cf9fd625b/build]   | Progress (1): 4.1/24 kBProgress (1): 8.2/24 kBProgress (1): 12/24 kB Progress (1): 16/24 kBProgress (1): 20/24 kBProgress (1): 24 kB                      Downloaded from central: https://repo.maven.apache.org/maven2/junit/junit/4.12/junit-4.12.pom (24 kB at 658 kB/s)
[43248108-d28a-4fe8-aa48-513cf9fd625b/build]   | Downloading from central: https://repo.maven.apache.org/maven2/org/hamcrest/hamcrest-core/1.3/hamcrest-core-1.3.pom
[43248108-d28a-4fe8-aa48-513cf9fd625b/build]   | Progress (1): 766 B                   Downloaded from central: https://repo.maven.apache.org/maven2/org/hamcrest/hamcrest-core/1.3/hamcrest-core-1.3.pom (766 B at 33 kB/s)
[43248108-d28a-4fe8-aa48-513cf9fd625b/build]   | Downloading from central: https://repo.maven.apache.org/maven2/org/hamcrest/hamcrest-parent/1.3/hamcrest-parent-1.3.pom
[43248108-d28a-4fe8-aa48-513cf9fd625b/build]   | Progress (1): 2.0 kB                    Downloaded from central: https://repo.maven.apache.org/maven2/org/hamcrest/hamcrest-parent/1.3/hamcrest-parent-1.3.pom (2.0 kB at 94 kB/s)
[43248108-d28a-4fe8-aa48-513cf9fd625b/build]   | Downloading from central: https://repo.maven.apache.org/maven2/org/mockito/mockito-all/1.10.19/mockito-all-1.10.19.pom
[43248108-d28a-4fe8-aa48-513cf9fd625b/build]   | Progress (1): 930 B                   Downloaded from central: https://repo.maven.apache.org/maven2/org/mockito/mockito-all/1.10.19/mockito-all-1.10.19.pom (930 B at 37 kB/s)
[43248108-d28a-4fe8-aa48-513cf9fd625b/build]   | Downloading from central: https://repo.maven.apache.org/maven2/junit/junit/4.12/junit-4.12.jar
[43248108-d28a-4fe8-aa48-513cf9fd625b/build]   | Downloading from central: https://repo.maven.apache.org/maven2/org/hamcrest/hamcrest-core/1.3/hamcrest-core-1.3.jar
[43248108-d28a-4fe8-aa48-513cf9fd625b/build]   | Downloading from central: https://repo.maven.apache.org/maven2/org/mockito/mockito-all/1.10.19/mockito-all-1.10.19.jar
[43248108-d28a-4fe8-aa48-513cf9fd625b/build]   | Progress (1): 4.1/315 kBProgress (1): 8.2/315 kBProgress (1): 12/315 kB Progress (1): 16/315 kBProgress (1): 20/315 kBProgress (1): 25/315 kBProgress (1): 29/315 kBProgress (1): 33/315 kBProgress (1): 37/315 kBProgress (1): 41/315 kBProgress (1): 45/315 kBProgress (1): 49/315 kBProgress (1): 53/315 kBProgress (1): 57/315 kBProgress (1): 61/315 kBProgress (1): 66/315 kBProgress (1): 70/315 kBProgress (1): 74/315 kBProgress (1): 78/315 kBProgress (1): 82/315 kBProgress (2): 82/315 kB | 2.7/45 kBProgress (2): 82/315 kB | 5.5/45 kBProgress (2): 82/315 kB | 8.2/45 kBProgress (2): 82/315 kB | 11/45 kB Progress (2): 82/315 kB | 14/45 kBProgress (2): 82/315 kB | 16/45 kBProgress (2): 82/315 kB | 19/45 kBProgress (3): 82/315 kB | 19/45 kB | 0/1.2 MBProgress (3): 82/315 kB | 21/45 kB | 0/1.2 MBProgress (3): 82/315 kB | 24/45 kB | 0/1.2 MBProgress (3): 82/315 kB | 24/45 kB | 0/1.2 MBProgress (3): 82/315 kB | 27/45 kB | 0/1.2 MBProgress (3): 82/315 kB | 30/45 kB | 0/1.2 MBProgress (3): 86/315 kB | 30/45 kB | 0/1.2 MBProgress (3): 86/315 kB | 32/45 kB | 0/1.2 MBProgress (3): 90/315 kB | 32/45 kB | 0/1.2 MBProgress (3): 90/315 kB | 32/45 kB | 0/1.2 MBProgress (3): 94/315 kB | 32/45 kB | 0/1.2 MBProgress (3): 94/315 kB | 35/45 kB | 0/1.2 MBProgress (3): 98/315 kB | 35/45 kB | 0/1.2 MBProgress (3): 98/315 kB | 35/45 kB | 0/1.2 MBProgress (3): 98/315 kB | 38/45 kB | 0/1.2 MBProgress (3): 98/315 kB | 41/45 kB | 0/1.2 MBProgress (3): 98/315 kB | 41/45 kB | 0/1.2 MBProgress (3): 98/315 kB | 41/45 kB | 0/1.2 MBProgress (3): 98/315 kB | 43/45 kB | 0/1.2 MBProgress (3): 98/315 kB | 45 kB | 0/1.2 MB   Progress (3): 98/315 kB | 45 kB | 0.1/1.2 MBProgress (3): 98/315 kB | 45 kB | 0.1/1.2 MBProgress (3): 102/315 kB | 45 kB | 0.1/1.2 MBProgress (3): 106/315 kB | 45 kB | 0.1/1.2 MBProgress (3): 111/315 kB | 45 kB | 0.1/1.2 MBProgress (3): 115/315 kB | 45 kB | 0.1/1.2 MBProgress (3): 115/315 kB | 45 kB | 0.1/1.2 MBProgress (3): 115/315 kB | 45 kB | 0.1/1.2 MBProgress (3): 115/315 kB | 45 kB | 0.1/1.2 MBProgress (3): 115/315 kB | 45 kB | 0.1/1.2 MBProgress (3): 119/315 kB | 45 kB | 0.1/1.2 MBProgress (3): 123/315 kB | 45 kB | 0.1/1.2 MBProgress (3): 127/315 kB | 45 kB | 0.1/1.2 MBProgress (3): 131/315 kB | 45 kB | 0.1/1.2 MBProgress (3): 131/315 kB | 45 kB | 0.1/1.2 MBProgress (3): 131/315 kB | 45 kB | 0.1/1.2 MBProgress (3): 135/315 kB | 45 kB | 0.1/1.2 MBProgress (3): 139/315 kB | 45 kB | 0.1/1.2 MBProgress (3): 143/315 kB | 45 kB | 0.1/1.2 MBProgress (3): 147/315 kB | 45 kB | 0.1/1.2 MBProgress (3): 147/315 kB | 45 kB | 0.1/1.2 MBProgress (3): 147/315 kB | 45 kB | 0.1/1.2 MBProgress (3): 147/315 kB | 45 kB | 0.1/1.2 MBProgress (3): 147/315 kB | 45 kB | 0.1/1.2 MBProgress (3): 147/315 kB | 45 kB | 0.2/1.2 MBProgress (3): 147/315 kB | 45 kB | 0.2/1.2 MBProgress (3): 152/315 kB | 45 kB | 0.2/1.2 MBProgress (3): 156/315 kB | 45 kB | 0.2/1.2 MBProgress (3): 160/315 kB | 45 kB | 0.2/1.2 MBProgress (3): 164/315 kB | 45 kB | 0.2/1.2 MBProgress (3): 164/315 kB | 45 kB | 0.2/1.2 MBProgress (3): 164/315 kB | 45 kB | 0.2/1.2 MBProgress (3): 168/315 kB | 45 kB | 0.2/1.2 MBProgress (3): 172/315 kB | 45 kB | 0.2/1.2 MBProgress (3): 176/315 kB | 45 kB | 0.2/1.2 MBProgress (3): 176/315 kB | 45 kB | 0.2/1.2 MBProgress (3): 180/315 kB | 45 kB | 0.2/1.2 MBProgress (3): 180/315 kB | 45 kB | 0.2/1.2 MBProgress (3): 180/315 kB | 45 kB | 0.2/1.2 MBProgress (3): 180/315 kB | 45 kB | 0.2/1.2 MBProgress (3): 180/315 kB | 45 kB | 0.2/1.2 MBProgress (3): 180/315 kB | 45 kB | 0.2/1.2 MBProgress (3): 184/315 kB | 45 kB | 0.2/1.2 MBProgress (3): 188/315 kB | 45 kB | 0.2/1.2 MBProgress (3): 193/315 kB | 45 kB | 0.2/1.2 MBProgress (3): 197/315 kB | 45 kB | 0.2/1.2 MBProgress (3): 197/315 kB | 45 kB | 0.2/1.2 MBProgress (3): 197/315 kB | 45 kB | 0.2/1.2 MBProgress (3): 197/315 kB | 45 kB | 0.3/1.2 MBProgress (3): 197/315 kB | 45 kB | 0.3/1.2 MBProgress (3): 201/315 kB | 45 kB | 0.3/1.2 MBProgress (3): 205/315 kB | 45 kB | 0.3/1.2 MBProgress (3): 205/315 kB | 45 kB | 0.3/1.2 MBProgress (3): 209/315 kB | 45 kB | 0.3/1.2 MBProgress (3): 209/315 kB | 45 kB | 0.3/1.2 MBProgress (3): 213/315 kB | 45 kB | 0.3/1.2 MB                                             Downloaded from central: https://repo.maven.apache.org/maven2/org/hamcrest/hamcrest-core/1.3/hamcrest-core-1.3.jar (45 kB at 776 kB/s)
[43248108-d28a-4fe8-aa48-513cf9fd625b/build]   | Progress (2): 217/315 kB | 0.3/1.2 MBProgress (2): 217/315 kB | 0.3/1.2 MBProgress (2): 221/315 kB | 0.3/1.2 MBProgress (2): 221/315 kB | 0.3/1.2 MBProgress (2): 225/315 kB | 0.3/1.2 MBProgress (2): 229/315 kB | 0.3/1.2 MBProgress (2): 229/315 kB | 0.3/1.2 MBProgress (2): 229/315 kB | 0.3/1.2 MBProgress (2): 229/315 kB | 0.3/1.2 MBProgress (2): 229/315 kB | 0.3/1.2 MBProgress (2): 233/315 kB | 0.3/1.2 MBProgress (2): 233/315 kB | 0.3/1.2 MBProgress (2): 238/315 kB | 0.3/1.2 MBProgress (2): 238/315 kB | 0.3/1.2 MBProgress (2): 242/315 kB | 0.3/1.2 MBProgress (2): 246/315 kB | 0.3/1.2 MBProgress (2): 246/315 kB | 0.4/1.2 MBProgress (2): 246/315 kB | 0.4/1.2 MBProgress (2): 250/315 kB | 0.4/1.2 MBProgress (2): 254/315 kB | 0.4/1.2 MBProgress (2): 258/315 kB | 0.4/1.2 MBProgress (2): 262/315 kB | 0.4/1.2 MBProgress (2): 262/315 kB | 0.4/1.2 MBProgress (2): 262/315 kB | 0.4/1.2 MBProgress (2): 266/315 kB | 0.4/1.2 MBProgress (2): 270/315 kB | 0.4/1.2 MBProgress (2): 270/315 kB | 0.4/1.2 MBProgress (2): 274/315 kB | 0.4/1.2 MBProgress (2): 279/315 kB | 0.4/1.2 MBProgress (2): 279/315 kB | 0.4/1.2 MBProgress (2): 279/315 kB | 0.4/1.2 MBProgress (2): 283/315 kB | 0.4/1.2 MBProgress (2): 287/315 kB | 0.4/1.2 MBProgress (2): 291/315 kB | 0.4/1.2 MBProgress (2): 295/315 kB | 0.4/1.2 MBProgress (2): 295/315 kB | 0.4/1.2 MBProgress (2): 295/315 kB | 0.4/1.2 MBProgress (2): 295/315 kB | 0.4/1.2 MBProgress (2): 295/315 kB | 0.4/1.2 MBProgress (2): 299/315 kB | 0.4/1.2 MBProgress (2): 303/315 kB | 0.4/1.2 MBProgress (2): 307/315 kB | 0.4/1.2 MBProgress (2): 307/315 kB | 0.4/1.2 MBProgress (2): 311/315 kB | 0.4/1.2 MBProgress (2): 311/315 kB | 0.5/1.2 MBProgress (2): 315 kB | 0.5/1.2 MB    Progress (2): 315 kB | 0.5/1.2 MBProgress (2): 315 kB | 0.5/1.2 MBProgress (2): 315 kB | 0.5/1.2 MBProgress (2): 315 kB | 0.5/1.2 MBProgress (2): 315 kB | 0.5/1.2 MBProgress (2): 315 kB | 0.5/1.2 MBProgress (2): 315 kB | 0.5/1.2 MBProgress (2): 315 kB | 0.5/1.2 MBProgress (2): 315 kB | 0.5/1.2 MBProgress (2): 315 kB | 0.5/1.2 MBProgress (2): 315 kB | 0.5/1.2 MBProgress (2): 315 kB | 0.5/1.2 MBProgress (2): 315 kB | 0.6/1.2 MBProgress (2): 315 kB | 0.6/1.2 MBProgress (2): 315 kB | 0.6/1.2 MBProgress (2): 315 kB | 0.6/1.2 MBProgress (2): 315 kB | 0.6/1.2 MBProgress (2): 315 kB | 0.6/1.2 MBProgress (2): 315 kB | 0.6/1.2 MBProgress (2): 315 kB | 0.6/1.2 MBProgress (2): 315 kB | 0.6/1.2 MBProgress (2): 315 kB | 0.6/1.2 MBProgress (2): 315 kB | 0.6/1.2 MBProgress (2): 315 kB | 0.6/1.2 MBProgress (2): 315 kB | 0.7/1.2 MBProgress (2): 315 kB | 0.7/1.2 MBProgress (2): 315 kB | 0.7/1.2 MBProgress (2): 315 kB | 0.7/1.2 MBProgress (2): 315 kB | 0.7/1.2 MBProgress (2): 315 kB | 0.7/1.2 MBProgress (2): 315 kB | 0.7/1.2 MBProgress (2): 315 kB | 0.7/1.2 MBProgress (2): 315 kB | 0.7/1.2 MBProgress (2): 315 kB | 0.7/1.2 MBProgress (2): 315 kB | 0.7/1.2 MBProgress (2): 315 kB | 0.7/1.2 MBProgress (2): 315 kB | 0.8/1.2 MBProgress (2): 315 kB | 0.8/1.2 MBProgress (2): 315 kB | 0.8/1.2 MBProgress (2): 315 kB | 0.8/1.2 MBProgress (2): 315 kB | 0.8/1.2 MBProgress (2): 315 kB | 0.8/1.2 MBProgress (2): 315 kB | 0.8/1.2 MBProgress (2): 315 kB | 0.8/1.2 MBProgress (2): 315 kB | 0.8/1.2 MBProgress (2): 315 kB | 0.8/1.2 MBProgress (2): 315 kB | 0.8/1.2 MBProgress (2): 315 kB | 0.8/1.2 MBProgress (2): 315 kB | 0.9/1.2 MBProgress (2): 315 kB | 0.9/1.2 MBProgress (2): 315 kB | 0.9/1.2 MBProgress (2): 315 kB | 0.9/1.2 MBProgress (2): 315 kB | 0.9/1.2 MBProgress (2): 315 kB | 0.9/1.2 MBProgress (2): 315 kB | 0.9/1.2 MBProgress (2): 315 kB | 0.9/1.2 MBProgress (2): 315 kB | 0.9/1.2 MBProgress (2): 315 kB | 0.9/1.2 MBProgress (2): 315 kB | 0.9/1.2 MBProgress (2): 315 kB | 0.9/1.2 MBProgress (2): 315 kB | 1.0/1.2 MBProgress (2): 315 kB | 1.0/1.2 MBProgress (2): 315 kB | 1.0/1.2 MBProgress (2): 315 kB | 1.0/1.2 MBProgress (2): 315 kB | 1.0/1.2 MBProgress (2): 315 kB | 1.0/1.2 MBProgress (2): 315 kB | 1.0/1.2 MBProgress (2): 315 kB | 1.0/1.2 MBProgress (2): 315 kB | 1.0/1.2 MBProgress (2): 315 kB | 1.0/1.2 MBProgress (2): 315 kB | 1.0/1.2 MBProgress (2): 315 kB | 1.0/1.2 MBProgress (2): 315 kB | 1.1/1.2 MBProgress (2): 315 kB | 1.1/1.2 MBProgress (2): 315 kB | 1.1/1.2 MBProgress (2): 315 kB | 1.1/1.2 MBProgress (2): 315 kB | 1.1/1.2 MBProgress (2): 315 kB | 1.1/1.2 MBProgress (2): 315 kB | 1.1/1.2 MBProgress (2): 315 kB | 1.1/1.2 MBProgress (2): 315 kB | 1.1/1.2 MBProgress (2): 315 kB | 1.1/1.2 MB                                 Downloaded from central: https://repo.maven.apache.org/maven2/junit/junit/4.12/junit-4.12.jar (315 kB at 2.6 MB/s)
[43248108-d28a-4fe8-aa48-513cf9fd625b/build]   | Progress (1): 1.1/1.2 MBProgress (1): 1.1/1.2 MBProgress (1): 1.2/1.2 MBProgress (1): 1.2/1.2 MBProgress (1): 1.2/1.2 MBProgress (1): 1.2/1.2 MBProgress (1): 1.2/1.2 MBProgress (1): 1.2/1.2 MBProgress (1): 1.2/1.2 MBProgress (1): 1.2/1.2 MBProgress (1): 1.2/1.2 MBProgress (1): 1.2/1.2 MBProgress (1): 1.2/1.2 MBProgress (1): 1.2 MB                        Downloaded from central: https://repo.maven.apache.org/maven2/org/mockito/mockito-all/1.10.19/mockito-all-1.10.19.jar (1.2 MB at 7.3 MB/s)
[43248108-d28a-4fe8-aa48-513cf9fd625b/build]   | [INFO] 
[43248108-d28a-4fe8-aa48-513cf9fd625b/build]   | [INFO] --- maven-clean-plugin:2.5:clean (default-clean) @ semver4j ---
[43248108-d28a-4fe8-aa48-513cf9fd625b/build]   | Downloading from central: https://repo.maven.apache.org/maven2/org/apache/maven/maven-plugin-api/2.0.6/maven-plugin-api-2.0.6.pom
[43248108-d28a-4fe8-aa48-513cf9fd625b/build]   | Progress (1): 1.5 kB                    Downloaded from central: https://repo.maven.apache.org/maven2/org/apache/maven/maven-plugin-api/2.0.6/maven-plugin-api-2.0.6.pom (1.5 kB at 86 kB/s)
[43248108-d28a-4fe8-aa48-513cf9fd625b/build]   | Downloading from central: https://repo.maven.apache.org/maven2/org/apache/maven/maven/2.0.6/maven-2.0.6.pom
[43248108-d28a-4fe8-aa48-513cf9fd625b/build]   | Progress (1): 4.1/9.0 kBProgress (1): 8.2/9.0 kBProgress (1): 9.0 kB                        Downloaded from central: https://repo.maven.apache.org/maven2/org/apache/maven/maven/2.0.6/maven-2.0.6.pom (9.0 kB at 532 kB/s)
[43248108-d28a-4fe8-aa48-513cf9fd625b/build]   | Downloading from central: https://repo.maven.apache.org/maven2/org/apache/maven/maven-parent/5/maven-parent-5.pom
[43248108-d28a-4fe8-aa48-513cf9fd625b/build]   | Progress (1): 4.1/15 kBProgress (1): 8.2/15 kBProgress (1): 12/15 kB Progress (1): 15 kB                      Downloaded from central: https://repo.maven.apache.org/maven2/org/apache/maven/maven-parent/5/maven-parent-5.pom (15 kB at 846 kB/s)
[43248108-d28a-4fe8-aa48-513cf9fd625b/build]   | Downloading from central: https://repo.maven.apache.org/maven2/org/apache/apache/3/apache-3.pom
[43248108-d28a-4fe8-aa48-513cf9fd625b/build]   | Progress (1): 3.4 kB                    Downloaded from central: https://repo.maven.apache.org/maven2/org/apache/apache/3/apache-3.pom (3.4 kB at 191 kB/s)
[43248108-d28a-4fe8-aa48-513cf9fd625b/build]   | Downloading from central: https://repo.maven.apache.org/maven2/org/codehaus/plexus/plexus-utils/3.0/plexus-utils-3.0.pom
[43248108-d28a-4fe8-aa48-513cf9fd625b/build]   | Progress (1): 4.1 kB                    Downloaded from central: https://repo.maven.apache.org/maven2/org/codehaus/plexus/plexus-utils/3.0/plexus-utils-3.0.pom (4.1 kB at 254 kB/s)
[43248108-d28a-4fe8-aa48-513cf9fd625b/build]   | Downloading from central: https://repo.maven.apache.org/maven2/org/sonatype/spice/spice-parent/16/spice-parent-16.pom
[43248108-d28a-4fe8-aa48-513cf9fd625b/build]   | Progress (1): 4.1/8.4 kBProgress (1): 8.2/8.4 kBProgress (1): 8.4 kB                        Downloaded from central: https://repo.maven.apache.org/maven2/org/sonatype/spice/spice-parent/16/spice-parent-16.pom (8.4 kB at 270 kB/s)
[43248108-d28a-4fe8-aa48-513cf9fd625b/build]   | Downloading from central: https://repo.maven.apache.org/maven2/org/sonatype/forge/forge-parent/5/forge-parent-5.pom
[43248108-d28a-4fe8-aa48-513cf9fd625b/build]   | Progress (1): 4.1/8.4 kBProgress (1): 8.2/8.4 kBProgress (1): 8.4 kB                        Downloaded from central: https://repo.maven.apache.org/maven2/org/sonatype/forge/forge-parent/5/forge-parent-5.pom (8.4 kB at 697 kB/s)
[43248108-d28a-4fe8-aa48-513cf9fd625b/build]   | Downloading from central: https://repo.maven.apache.org/maven2/org/apache/maven/maven-plugin-api/2.0.6/maven-plugin-api-2.0.6.jar
[43248108-d28a-4fe8-aa48-513cf9fd625b/build]   | Downloading from central: https://repo.maven.apache.org/maven2/org/codehaus/plexus/plexus-utils/3.0/plexus-utils-3.0.jar
[43248108-d28a-4fe8-aa48-513cf9fd625b/build]   | Progress (1): 4.1/13 kBProgress (1): 8.2/13 kBProgress (1): 12/13 kB Progress (1): 13 kB   Progress (2): 13 kB | 4.1/226 kBProgress (2): 13 kB | 8.2/226 kBProgress (2): 13 kB | 12/226 kB Progress (2): 13 kB | 16/226 kBProgress (2): 13 kB | 20/226 kBProgress (2): 13 kB | 24/226 kBProgress (2): 13 kB | 28/226 kBProgress (2): 13 kB | 32/226 kBProgress (2): 13 kB | 36/226 kBProgress (2): 13 kB | 40/226 kBProgress (2): 13 kB | 45/226 kBProgress (2): 13 kB | 49/226 kBProgress (2): 13 kB | 53/226 kBProgress (2): 13 kB | 57/226 kBProgress (2): 13 kB | 61/226 kBProgress (2): 13 kB | 65/226 kBProgress (2): 13 kB | 69/226 kBProgress (2): 13 kB | 73/226 kBProgress (2): 13 kB | 77/226 kBProgress (2): 13 kB | 81/226 kBProgress (2): 13 kB | 85/226 kBProgress (2): 13 kB | 90/226 kBProgress (2): 13 kB | 94/226 kBProgress (2): 13 kB | 98/226 kBProgress (2): 13 kB | 102/226 kBProgress (2): 13 kB | 106/226 kBProgress (2): 13 kB | 110/226 kBProgress (2): 13 kB | 114/226 kB                                Downloaded from central: https://repo.maven.apache.org/maven2/org/apache/maven/maven-plugin-api/2.0.6/maven-plugin-api-2.0.6.jar (13 kB at 299 kB/s)
[43248108-d28a-4fe8-aa48-513cf9fd625b/build]   | Progress (1): 118/226 kBProgress (1): 122/226 kBProgress (1): 126/226 kBProgress (1): 131/226 kBProgress (1): 135/226 kBProgress (1): 139/226 kBProgress (1): 143/226 kBProgress (1): 147/226 kBProgress (1): 151/226 kBProgress (1): 155/226 kBProgress (1): 159/226 kBProgress (1): 163/226 kBProgress (1): 167/226 kBProgress (1): 171/226 kBProgress (1): 176/226 kBProgress (1): 180/226 kBProgress (1): 184/226 kBProgress (1): 188/226 kBProgress (1): 192/226 kBProgress (1): 196/226 kBProgress (1): 200/226 kBProgress (1): 204/226 kBProgress (1): 208/226 kBProgress (1): 212/226 kBProgress (1): 217/226 kBProgress (1): 221/226 kBProgress (1): 225/226 kBProgress (1): 226 kB                        Downloaded from central: https://repo.maven.apache.org/maven2/org/codehaus/plexus/plexus-utils/3.0/plexus-utils-3.0.jar (226 kB at 2.5 MB/s)
[43248108-d28a-4fe8-aa48-513cf9fd625b/build]   | [INFO] Deleting /tmp/9316eb46-65df-4c2d-a247-3ad943028b5d/target
[43248108-d28a-4fe8-aa48-513cf9fd625b/build]   | [INFO] 
[43248108-d28a-4fe8-aa48-513cf9fd625b/build]   | [INFO] --- maven-resources-plugin:2.6:resources (default-resources) @ semver4j ---
[43248108-d28a-4fe8-aa48-513cf9fd625b/build]   | Downloading from central: https://repo.maven.apache.org/maven2/org/apache/maven/maven-project/2.0.6/maven-project-2.0.6.pom
[43248108-d28a-4fe8-aa48-513cf9fd625b/build]   | Progress (1): 2.6 kB                    Downloaded from central: https://repo.maven.apache.org/maven2/org/apache/maven/maven-project/2.0.6/maven-project-2.0.6.pom (2.6 kB at 57 kB/s)
[43248108-d28a-4fe8-aa48-513cf9fd625b/build]   | Downloading from central: https://repo.maven.apache.org/maven2/org/apache/maven/maven-settings/2.0.6/maven-settings-2.0.6.pom
[43248108-d28a-4fe8-aa48-513cf9fd625b/build]   | Progress (1): 2.0 kB                    Downloaded from central: https://repo.maven.apache.org/maven2/org/apache/maven/maven-settings/2.0.6/maven-settings-2.0.6.pom (2.0 kB at 118 kB/s)
[43248108-d28a-4fe8-aa48-513cf9fd625b/build]   | Downloading from central: https://repo.maven.apache.org/maven2/org/apache/maven/maven-model/2.0.6/maven-model-2.0.6.pom
[43248108-d28a-4fe8-aa48-513cf9fd625b/build]   | Progress (1): 3.0 kB                    Downloaded from central: https://repo.maven.apache.org/maven2/org/apache/maven/maven-model/2.0.6/maven-model-2.0.6.pom (3.0 kB at 87 kB/s)
[43248108-d28a-4fe8-aa48-513cf9fd625b/build]   | Downloading from central: https://repo.maven.apache.org/maven2/org/codehaus/plexus/plexus-utils/1.4.1/plexus-utils-1.4.1.pom
[43248108-d28a-4fe8-aa48-513cf9fd625b/build]   | Progress (1): 1.9 kB                    Downloaded from central: https://repo.maven.apache.org/maven2/org/codehaus/plexus/plexus-utils/1.4.1/plexus-utils-1.4.1.pom (1.9 kB at 76 kB/s)
[43248108-d28a-4fe8-aa48-513cf9fd625b/build]   | Downloading from central: https://repo.maven.apache.org/maven2/org/codehaus/plexus/plexus/1.0.11/plexus-1.0.11.pom
[43248108-d28a-4fe8-aa48-513cf9fd625b/build]   | Progress (1): 4.1/9.0 kBProgress (1): 8.2/9.0 kBProgress (1): 9.0 kB                        Downloaded from central: https://repo.maven.apache.org/maven2/org/codehaus/plexus/plexus/1.0.11/plexus-1.0.11.pom (9.0 kB at 390 kB/s)
[43248108-d28a-4fe8-aa48-513cf9fd625b/build]   | Downloading from central: https://repo.maven.apache.org/maven2/org/codehaus/plexus/plexus-container-default/1.0-alpha-9-stable-1/plexus-container-default-1.0-alpha-9-stable-1.pom
[43248108-d28a-4fe8-aa48-513cf9fd625b/build]   | Progress (1): 3.9 kB                    Downloaded from central: https://repo.maven.apache.org/maven2/org/codehaus/plexus/plexus-container-default/1.0-alpha-9-stable-1/plexus-container-default-1.0-alpha-9-stable-1.pom (3.9 kB at 232 kB/s)
[43248108-d28a-4fe8-aa48-513cf9fd625b/build]   | Downloading from central: https://repo.maven.apache.org/maven2/org/codehaus/plexus/plexus-containers/1.0.3/plexus-containers-1.0.3.pom
[43248108-d28a-4fe8-aa48-513cf9fd625b/build]   | Progress (1): 492 B                   Downloaded from central: https://repo.maven.apache.org/maven2/org/codehaus/plexus/plexus-containers/1.0.3/plexus-containers-1.0.3.pom (492 B at 25 kB/s)
[43248108-d28a-4fe8-aa48-513cf9fd625b/build]   | Downloading from central: https://repo.maven.apache.org/maven2/org/codehaus/plexus/plexus/1.0.4/plexus-1.0.4.pom
[43248108-d28a-4fe8-aa48-513cf9fd625b/build]   | Progress (1): 4.1/5.7 kBProgress (1): 5.7 kB                        Downloaded from central: https://repo.maven.apache.org/maven2/org/codehaus/plexus/plexus/1.0.4/plexus-1.0.4.pom (5.7 kB at 522 kB/s)
[43248108-d28a-4fe8-aa48-513cf9fd625b/build]   | Downloading from central: https://repo.maven.apache.org/maven2/junit/junit/3.8.1/junit-3.8.1.pom
[43248108-d28a-4fe8-aa48-513cf9fd625b/build]   | Progress (1): 998 B                   Downloaded from central: https://repo.maven.apache.org/maven2/junit/junit/3.8.1/junit-3.8.1.pom (998 B at 77 kB/s)
[43248108-d28a-4fe8-aa48-513cf9fd625b/build]   | Downloading from central: https://repo.maven.apache.org/maven2/org/codehaus/plexus/plexus-utils/1.0.4/plexus-utils-1.0.4.pom
[43248108-d28a-4fe8-aa48-513cf9fd625b/build]   | Progress (1): 4.1/6.9 kBProgress (1): 6.9 kB                        Downloaded from central: https://repo.maven.apache.org/maven2/org/codehaus/plexus/plexus-utils/1.0.4/plexus-utils-1.0.4.pom (6.9 kB at 457 kB/s)
[43248108-d28a-4fe8-aa48-513cf9fd625b/build]   | Downloading from central: https://repo.maven.apache.org/maven2/classworlds/classworlds/1.1-alpha-2/classworlds-1.1-alpha-2.pom
[43248108-d28a-4fe8-aa48-513cf9fd625b/build]   | Progress (1): 3.1 kB                    Downloaded from central: https://repo.maven.apache.org/maven2/classworlds/classworlds/1.1-alpha-2/classworlds-1.1-alpha-2.pom (3.1 kB at 63 kB/s)
[43248108-d28a-4fe8-aa48-513cf9fd625b/build]   | Downloading from central: https://repo.maven.apache.org/maven2/org/apache/maven/maven-profile/2.0.6/maven-profile-2.0.6.pom
[43248108-d28a-4fe8-aa48-513cf9fd625b/build]   | Progress (1): 2.0 kB                    Downloaded from central: https://repo.maven.apache.org/maven2/org/apache/maven/maven-profile/2.0.6/maven-profile-2.0.6.pom (2.0 kB at 82 kB/s)
[43248108-d28a-4fe8-aa48-513cf9fd625b/build]   | Downloading from central: https://repo.maven.apache.org/maven2/org/apache/maven/maven-artifact-manager/2.0.6/maven-artifact-manager-2.0.6.pom
[43248108-d28a-4fe8-aa48-513cf9fd625b/build]   | Progress (1): 2.6 kB                    Downloaded from central: https://repo.maven.apache.org/maven2/org/apache/maven/maven-artifact-manager/2.0.6/maven-artifact-manager-2.0.6.pom (2.6 kB at 125 kB/s)
[43248108-d28a-4fe8-aa48-513cf9fd625b/build]   | Downloading from central: https://repo.maven.apache.org/maven2/org/apache/maven/maven-repository-metadata/2.0.6/maven-repository-metadata-2.0.6.pom
[43248108-d28a-4fe8-aa48-513cf9fd625b/build]   | Progress (1): 1.9 kB                    Downloaded from central: https://repo.maven.apache.org/maven2/org/apache/maven/maven-repository-metadata/2.0.6/maven-repository-metadata-2.0.6.pom (1.9 kB at 103 kB/s)
[43248108-d28a-4fe8-aa48-513cf9fd625b/build]   | Downloading from central: https://repo.maven.apache.org/maven2/org/apache/maven/maven-artifact/2.0.6/maven-artifact-2.0.6.pom
[43248108-d28a-4fe8-aa48-513cf9fd625b/build]   | Progress (1): 1.6 kB                    Downloaded from central: https://repo.maven.apache.org/maven2/org/apache/maven/maven-artifact/2.0.6/maven-artifact-2.0.6.pom (1.6 kB at 105 kB/s)
[43248108-d28a-4fe8-aa48-513cf9fd625b/build]   | Downloading from central: https://repo.maven.apache.org/maven2/org/apache/maven/maven-plugin-registry/2.0.6/maven-plugin-registry-2.0.6.pom
[43248108-d28a-4fe8-aa48-513cf9fd625b/build]   | Progress (1): 1.9 kB                    Downloaded from central: https://repo.maven.apache.org/maven2/org/apache/maven/maven-plugin-registry/2.0.6/maven-plugin-registry-2.0.6.pom (1.9 kB at 39 kB/s)
[43248108-d28a-4fe8-aa48-513cf9fd625b/build]   | Downloading from central: https://repo.maven.apache.org/maven2/org/apache/maven/maven-core/2.0.6/maven-core-2.0.6.pom
[43248108-d28a-4fe8-aa48-513cf9fd625b/build]   | Progress (1): 4.1/6.7 kBProgress (1): 6.7 kB                        Downloaded from central: https://repo.maven.apache.org/maven2/org/apache/maven/maven-core/2.0.6/maven-core-2.0.6.pom (6.7 kB at 516 kB/s)
[43248108-d28a-4fe8-aa48-513cf9fd625b/build]   | Downloading from central: https://repo.maven.apache.org/maven2/org/apache/maven/maven-plugin-parameter-documenter/2.0.6/maven-plugin-parameter-documenter-2.0.6.pom
[43248108-d28a-4fe8-aa48-513cf9fd625b/build]   | Progress (1): 1.9 kB                    Downloaded from central: https://repo.maven.apache.org/maven2/org/apache/maven/maven-plugin-parameter-documenter/2.0.6/maven-plugin-parameter-documenter-2.0.6.pom (1.9 kB at 80 kB/s)
[43248108-d28a-4fe8-aa48-513cf9fd625b/build]   | Downloading from central: https://repo.maven.apache.org/maven2/org/apache/maven/reporting/maven-reporting-api/2.0.6/maven-reporting-api-2.0.6.pom
[43248108-d28a-4fe8-aa48-513cf9fd625b/build]   | Progress (1): 1.8 kB                    Downloaded from central: https://repo.maven.apache.org/maven2/org/apache/maven/reporting/maven-reporting-api/2.0.6/maven-reporting-api-2.0.6.pom (1.8 kB at 103 kB/s)
[43248108-d28a-4fe8-aa48-513cf9fd625b/build]   | Downloading from central: https://repo.maven.apache.org/maven2/org/apache/maven/reporting/maven-reporting/2.0.6/maven-reporting-2.0.6.pom
[43248108-d28a-4fe8-aa48-513cf9fd625b/build]   | Progress (1): 1.4 kB                    Downloaded from central: https://repo.maven.apache.org/maven2/org/apache/maven/reporting/maven-reporting/2.0.6/maven-reporting-2.0.6.pom (1.4 kB at 53 kB/s)
[43248108-d28a-4fe8-aa48-513cf9fd625b/build]   | Downloading from central: https://repo.maven.apache.org/maven2/org/apache/maven/doxia/doxia-sink-api/1.0-alpha-7/doxia-sink-api-1.0-alpha-7.pom
[43248108-d28a-4fe8-aa48-513cf9fd625b/build]   | Progress (1): 424 B                   Downloaded from central: https://repo.maven.apache.org/maven2/org/apache/maven/doxia/doxia-sink-api/1.0-alpha-7/doxia-sink-api-1.0-alpha-7.pom (424 B at 9.9 kB/s)
[43248108-d28a-4fe8-aa48-513cf9fd625b/build]   | Downloading from central: https://repo.maven.apache.org/maven2/org/apache/maven/doxia/doxia/1.0-alpha-7/doxia-1.0-alpha-7.pom
[43248108-d28a-4fe8-aa48-513cf9fd625b/build]   | Progress (1): 3.9 kB                    Downloaded from central: https://repo.maven.apache.org/maven2/org/apache/maven/doxia/doxia/1.0-alpha-7/doxia-1.0-alpha-7.pom (3.9 kB at 326 kB/s)
[43248108-d28a-4fe8-aa48-513cf9fd625b/build]   | Downloading from central: https://repo.maven.apache.org/maven2/org/apache/maven/maven-error-diagnostics/2.0.6/maven-error-diagnostics-2.0.6.pom
[43248108-d28a-4fe8-aa48-513cf9fd625b/build]   | Progress (1): 1.7 kB                    Downloaded from central: https://repo.maven.apache.org/maven2/org/apache/maven/maven-error-diagnostics/2.0.6/maven-error-diagnostics-2.0.6.pom (1.7 kB at 170 kB/s)
[43248108-d28a-4fe8-aa48-513cf9fd625b/build]   | Downloading from central: https://repo.maven.apache.org/maven2/commons-cli/commons-cli/1.0/commons-cli-1.0.pom
[43248108-d28a-4fe8-aa48-513cf9fd625b/build]   | Progress (1): 2.1 kB                    Downloaded from central: https://repo.maven.apache.org/maven2/commons-cli/commons-cli/1.0/commons-cli-1.0.pom (2.1 kB at 55 kB/s)
[43248108-d28a-4fe8-aa48-513cf9fd625b/build]   | Downloading from central: https://repo.maven.apache.org/maven2/org/apache/maven/maven-plugin-descriptor/2.0.6/maven-plugin-descriptor-2.0.6.pom
[43248108-d28a-4fe8-aa48-513cf9fd625b/build]   | Progress (1): 2.0 kB                    Downloaded from central: https://repo.maven.apache.org/maven2/org/apache/maven/maven-plugin-descriptor/2.0.6/maven-plugin-descriptor-2.0.6.pom (2.0 kB at 92 kB/s)
[43248108-d28a-4fe8-aa48-513cf9fd625b/build]   | Downloading from central: https://repo.maven.apache.org/maven2/org/codehaus/plexus/plexus-interactivity-api/1.0-alpha-4/plexus-interactivity-api-1.0-alpha-4.pom
[43248108-d28a-4fe8-aa48-513cf9fd625b/build]   | Progress (1): 4.1/7.1 kBProgress (1): 7.1 kB                        Downloaded from central: https://repo.maven.apache.org/maven2/org/codehaus/plexus/plexus-interactivity-api/1.0-alpha-4/plexus-interactivity-api-1.0-alpha-4.pom (7.1 kB at 308 kB/s)
[43248108-d28a-4fe8-aa48-513cf9fd625b/build]   | Downloading from central: https://repo.maven.apache.org/maven2/org/apache/maven/maven-monitor/2.0.6/maven-monitor-2.0.6.pom
[43248108-d28a-4fe8-aa48-513cf9fd625b/build]   | Progress (1): 1.3 kB                    Downloaded from central: https://repo.maven.apache.org/maven2/org/apache/maven/maven-monitor/2.0.6/maven-monitor-2.0.6.pom (1.3 kB at 45 kB/s)
[43248108-d28a-4fe8-aa48-513cf9fd625b/build]   | Downloading from central: https://repo.maven.apache.org/maven2/classworlds/classworlds/1.1/classworlds-1.1.pom
[43248108-d28a-4fe8-aa48-513cf9fd625b/build]   | Progress (1): 3.3 kB                    Downloaded from central: https://repo.maven.apache.org/maven2/classworlds/classworlds/1.1/classworlds-1.1.pom (3.3 kB at 166 kB/s)
[43248108-d28a-4fe8-aa48-513cf9fd625b/build]   | Downloading from central: https://repo.maven.apache.org/maven2/org/codehaus/plexus/plexus-utils/2.0.5/plexus-utils-2.0.5.pom
[43248108-d28a-4fe8-aa48-513cf9fd625b/build]   | Progress (1): 3.3 kB                    Downloaded from central: https://repo.maven.apache.org/maven2/org/codehaus/plexus/plexus-utils/2.0.5/plexus-utils-2.0.5.pom (3.3 kB at 145 kB/s)
[43248108-d28a-4fe8-aa48-513cf9fd625b/build]   | Downloading from central: https://repo.maven.apache.org/maven2/org/codehaus/plexus/plexus/2.0.6/plexus-2.0.6.pom
[43248108-d28a-4fe8-aa48-513cf9fd625b/build]   | Progress (1): 4.1/17 kBProgress (1): 8.2/17 kBProgress (1): 12/17 kB Progress (1): 16/17 kBProgress (1): 17 kB                      Downloaded from central: https://repo.maven.apache.org/maven2/org/codehaus/plexus/plexus/2.0.6/plexus-2.0.6.pom (17 kB at 645 kB/s)
[43248108-d28a-4fe8-aa48-513cf9fd625b/build]   | Downloading from central: https://repo.maven.apache.org/maven2/org/apache/maven/shared/maven-filtering/1.1/maven-filtering-1.1.pom
[43248108-d28a-4fe8-aa48-513cf9fd625b/build]   | Progress (1): 4.1/5.8 kBProgress (1): 5.8 kB                        Downloaded from central: https://repo.maven.apache.org/maven2/org/apache/maven/shared/maven-filtering/1.1/maven-filtering-1.1.pom (5.8 kB at 107 kB/s)
[43248108-d28a-4fe8-aa48-513cf9fd625b/build]   | Downloading from central: https://repo.maven.apache.org/maven2/org/apache/maven/shared/maven-shared-components/17/maven-shared-components-17.pom
[43248108-d28a-4fe8-aa48-513cf9fd625b/build]   | Progress (1): 4.1/8.7 kBProgress (1): 8.2/8.7 kBProgress (1): 8.7 kB                        Downloaded from central: https://repo.maven.apache.org/maven2/org/apache/maven/shared/maven-shared-components/17/maven-shared-components-17.pom (8.7 kB at 414 kB/s)
[43248108-d28a-4fe8-aa48-513cf9fd625b/build]   | Downloading from central: https://repo.maven.apache.org/maven2/org/codehaus/plexus/plexus-utils/1.5.15/plexus-utils-1.5.15.pom
[43248108-d28a-4fe8-aa48-513cf9fd625b/build]   | Progress (1): 4.1/6.8 kBProgress (1): 6.8 kB                        Downloaded from central: https://repo.maven.apache.org/maven2/org/codehaus/plexus/plexus-utils/1.5.15/plexus-utils-1.5.15.pom (6.8 kB at 403 kB/s)
[43248108-d28a-4fe8-aa48-513cf9fd625b/build]   | Downloading from central: https://repo.maven.apache.org/maven2/org/codehaus/plexus/plexus/2.0.2/plexus-2.0.2.pom
[43248108-d28a-4fe8-aa48-513cf9fd625b/build]   | Progress (1): 4.1/12 kBProgress (1): 8.2/12 kBProgress (1): 12 kB                       Downloaded from central: https://repo.maven.apache.org/maven2/org/codehaus/plexus/plexus/2.0.2/plexus-2.0.2.pom (12 kB at 683 kB/s)
[43248108-d28a-4fe8-aa48-513cf9fd625b/build]   | Downloading from central: https://repo.maven.apache.org/maven2/org/codehaus/plexus/plexus-interpolation/1.12/plexus-interpolation-1.12.pom
[43248108-d28a-4fe8-aa48-513cf9fd625b/build]   | Progress (1): 889 B                   Downloaded from central: https://repo.maven.apache.org/maven2/org/codehaus/plexus/plexus-interpolation/1.12/plexus-interpolation-1.12.pom (889 B at 40 kB/s)
[43248108-d28a-4fe8-aa48-513cf9fd625b/build]   | Downloading from central: https://repo.maven.apache.org/maven2/org/codehaus/plexus/plexus-components/1.1.14/plexus-components-1.1.14.pom
[43248108-d28a-4fe8-aa48-513cf9fd625b/build]   | Progress (1): 4.1/5.8 kBProgress (1): 5.8 kB                        Downloaded from central: https://repo.maven.apache.org/maven2/org/codehaus/plexus/plexus-components/1.1.14/plexus-components-1.1.14.pom (5.8 kB at 172 kB/s)
[43248108-d28a-4fe8-aa48-513cf9fd625b/build]   | Downloading from central: https://repo.maven.apache.org/maven2/org/sonatype/plexus/plexus-build-api/0.0.4/plexus-build-api-0.0.4.pom
[43248108-d28a-4fe8-aa48-513cf9fd625b/build]   | Progress (1): 2.9 kB                    Downloaded from central: https://repo.maven.apache.org/maven2/org/sonatype/plexus/plexus-build-api/0.0.4/plexus-build-api-0.0.4.pom (2.9 kB at 136 kB/s)
[43248108-d28a-4fe8-aa48-513cf9fd625b/build]   | Downloading from central: https://repo.maven.apache.org/maven2/org/sonatype/spice/spice-parent/10/spice-parent-10.pom
[43248108-d28a-4fe8-aa48-513cf9fd625b/build]   | Progress (1): 3.0 kB                    Downloaded from central: https://repo.maven.apache.org/maven2/org/sonatype/spice/spice-parent/10/spice-parent-10.pom (3.0 kB at 108 kB/s)
[43248108-d28a-4fe8-aa48-513cf9fd625b/build]   | Downloading from central: https://repo.maven.apache.org/maven2/org/sonatype/forge/forge-parent/3/forge-parent-3.pom
[43248108-d28a-4fe8-aa48-513cf9fd625b/build]   | Progress (1): 4.1/5.0 kBProgress (1): 5.0 kB                        Downloaded from central: https://repo.maven.apache.org/maven2/org/sonatype/forge/forge-parent/3/forge-parent-3.pom (5.0 kB at 129 kB/s)
[43248108-d28a-4fe8-aa48-513cf9fd625b/build]   | Downloading from central: https://repo.maven.apache.org/maven2/org/codehaus/plexus/plexus-utils/1.5.8/plexus-utils-1.5.8.pom
[43248108-d28a-4fe8-aa48-513cf9fd625b/build]   | Progress (1): 4.1/8.1 kBProgress (1): 8.1 kB                        Downloaded from central: https://repo.maven.apache.org/maven2/org/codehaus/plexus/plexus-utils/1.5.8/plexus-utils-1.5.8.pom (8.1 kB at 474 kB/s)
[43248108-d28a-4fe8-aa48-513cf9fd625b/build]   | Downloading from central: https://repo.maven.apache.org/maven2/org/codehaus/plexus/plexus-interpolation/1.13/plexus-interpolation-1.13.pom
[43248108-d28a-4fe8-aa48-513cf9fd625b/build]   | Progress (1): 890 B                   Downloaded from central: https://repo.maven.apache.org/maven2/org/codehaus/plexus/plexus-interpolation/1.13/plexus-interpolation-1.13.pom (890 B at 127 kB/s)
[43248108-d28a-4fe8-aa48-513cf9fd625b/build]   | Downloading from central: https://repo.maven.apache.org/maven2/org/codehaus/plexus/plexus-components/1.1.15/plexus-components-1.1.15.pom
[43248108-d28a-4fe8-aa48-513cf9fd625b/build]   | Progress (1): 2.8 kB                    Downloaded from central: https://repo.maven.apache.org/maven2/org/codehaus/plexus/plexus-components/1.1.15/plexus-components-1.1.15.pom (2.8 kB at 178 kB/s)
[43248108-d28a-4fe8-aa48-513cf9fd625b/build]   | Downloading from central: https://repo.maven.apache.org/maven2/org/codehaus/plexus/plexus/2.0.3/plexus-2.0.3.pom
[43248108-d28a-4fe8-aa48-513cf9fd625b/build]   | Progress (1): 4.1/15 kBProgress (1): 8.2/15 kBProgress (1): 12/15 kB Progress (1): 15 kB                      Downloaded from central: https://repo.maven.apache.org/maven2/org/codehaus/plexus/plexus/2.0.3/plexus-2.0.3.pom (15 kB at 736 kB/s)
[43248108-d28a-4fe8-aa48-513cf9fd625b/build]   | Downloading from central: https://repo.maven.apache.org/maven2/org/apache/maven/maven-project/2.0.6/maven-project-2.0.6.jar
[43248108-d28a-4fe8-aa48-513cf9fd625b/build]   | Downloading from central: https://repo.maven.apache.org/maven2/org/apache/maven/maven-profile/2.0.6/maven-profile-2.0.6.jar
[43248108-d28a-4fe8-aa48-513cf9fd625b/build]   | Downloading from central: https://repo.maven.apache.org/maven2/org/apache/maven/maven-artifact-manager/2.0.6/maven-artifact-manager-2.0.6.jar
[43248108-d28a-4fe8-aa48-513cf9fd625b/build]   | Downloading from central: https://repo.maven.apache.org/maven2/org/apache/maven/maven-plugin-registry/2.0.6/maven-plugin-registry-2.0.6.jar
[43248108-d28a-4fe8-aa48-513cf9fd625b/build]   | Downloading from central: https://repo.maven.apache.org/maven2/org/apache/maven/maven-core/2.0.6/maven-core-2.0.6.jar
[43248108-d28a-4fe8-aa48-513cf9fd625b/build]   | Progress (1): 4.1/116 kBProgress (2): 4.1/116 kB | 4.1/35 kBProgress (2): 8.2/116 kB | 4.1/35 kBProgress (2): 8.2/116 kB | 8.2/35 kBProgress (2): 12/116 kB | 8.2/35 kB Progress (2): 12/116 kB | 12/35 kB Progress (2): 16/116 kB | 12/35 kBProgress (2): 16/116 kB | 16/35 kBProgress (2): 16/116 kB | 20/35 kBProgress (2): 16/116 kB | 25/35 kBProgress (2): 16/116 kB | 29/35 kBProgress (2): 20/116 kB | 29/35 kBProgress (2): 20/116 kB | 33/35 kBProgress (2): 24/116 kB | 33/35 kBProgress (2): 24/116 kB | 35 kB   Progress (2): 28/116 kB | 35 kBProgress (2): 32/116 kB | 35 kBProgress (2): 36/116 kB | 35 kBProgress (3): 36/116 kB | 35 kB | 4.1/57 kBProgress (3): 40/116 kB | 35 kB | 4.1/57 kBProgress (3): 40/116 kB | 35 kB | 8.2/57 kBProgress (3): 45/116 kB | 35 kB | 8.2/57 kBProgress (3): 45/116 kB | 35 kB | 12/57 kB Progress (3): 49/116 kB | 35 kB | 12/57 kBProgress (3): 49/116 kB | 35 kB | 16/57 kBProgress (3): 53/116 kB | 35 kB | 16/57 kBProgress (3): 57/116 kB | 35 kB | 16/57 kBProgress (3): 61/116 kB | 35 kB | 16/57 kBProgress (3): 65/116 kB | 35 kB | 16/57 kBProgress (3): 65/116 kB | 35 kB | 20/57 kBProgress (3): 65/116 kB | 35 kB | 24/57 kBProgress (3): 65/116 kB | 35 kB | 28/57 kBProgress (3): 65/116 kB | 35 kB | 32/57 kBProgress (3): 69/116 kB | 35 kB | 32/57 kBProgress (3): 73/116 kB | 35 kB | 32/57 kBProgress (3): 77/116 kB | 35 kB | 32/57 kBProgress (3): 81/116 kB | 35 kB | 32/57 kBProgress (3): 81/116 kB | 35 kB | 36/57 kBProgress (3): 81/116 kB | 35 kB | 40/57 kBProgress (3): 81/116 kB | 35 kB | 45/57 kBProgress (3): 81/116 kB | 35 kB | 49/57 kBProgress (3): 85/116 kB | 35 kB | 49/57 kBProgress (3): 90/116 kB | 35 kB | 49/57 kBProgress (3): 94/116 kB | 35 kB | 49/57 kBProgress (3): 98/116 kB | 35 kB | 49/57 kBProgress (3): 98/116 kB | 35 kB | 53/57 kBProgress (3): 98/116 kB | 35 kB | 57 kB   Progress (3): 102/116 kB | 35 kB | 57 kBProgress (3): 106/116 kB | 35 kB | 57 kBProgress (3): 110/116 kB | 35 kB | 57 kBProgress (3): 114/116 kB | 35 kB | 57 kBProgress (3): 116 kB | 35 kB | 57 kB    Progress (4): 116 kB | 35 kB | 57 kB | 2.7/29 kBProgress (4): 116 kB | 35 kB | 57 kB | 5.5/29 kBProgress (4): 116 kB | 35 kB | 57 kB | 8.2/29 kBProgress (4): 116 kB | 35 kB | 57 kB | 11/29 kB Progress (4): 116 kB | 35 kB | 57 kB | 14/29 kBProgress (4): 116 kB | 35 kB | 57 kB | 16/29 kBProgress (4): 116 kB | 35 kB | 57 kB | 19/29 kBProgress (4): 116 kB | 35 kB | 57 kB | 22/29 kBProgress (4): 116 kB | 35 kB | 57 kB | 25/29 kBProgress (4): 116 kB | 35 kB | 57 kB | 27/29 kBProgress (4): 116 kB | 35 kB | 57 kB | 29 kB                                               Downloaded from central: https://repo.maven.apache.org/maven2/org/apache/maven/maven-profile/2.0.6/maven-profile-2.0.6.jar (35 kB at 1.1 MB/s)
[43248108-d28a-4fe8-aa48-513cf9fd625b/build]   | Downloading from central: https://repo.maven.apache.org/maven2/org/apache/maven/maven-plugin-parameter-documenter/2.0.6/maven-plugin-parameter-documenter-2.0.6.jar
[43248108-d28a-4fe8-aa48-513cf9fd625b/build]   | Progress (4): 116 kB | 57 kB | 29 kB | 4.1/152 kBProgress (4): 116 kB | 57 kB | 29 kB | 8.2/152 kBProgress (4): 116 kB | 57 kB | 29 kB | 12/152 kB Progress (4): 116 kB | 57 kB | 29 kB | 16/152 kBProgress (4): 116 kB | 57 kB | 29 kB | 20/152 kBProgress (4): 116 kB | 57 kB | 29 kB | 25/152 kBProgress (4): 116 kB | 57 kB | 29 kB | 29/152 kBProgress (4): 116 kB | 57 kB | 29 kB | 33/152 kBProgress (4): 116 kB | 57 kB | 29 kB | 37/152 kBProgress (4): 116 kB | 57 kB | 29 kB | 41/152 kBProgress (4): 116 kB | 57 kB | 29 kB | 45/152 kBProgress (4): 116 kB | 57 kB | 29 kB | 49/152 kBProgress (4): 116 kB | 57 kB | 29 kB | 53/152 kBProgress (4): 116 kB | 57 kB | 29 kB | 57/152 kBProgress (4): 116 kB | 57 kB | 29 kB | 61/152 kBProgress (5): 116 kB | 57 kB | 29 kB | 61/152 kB | 4.1/21 kBProgress (5): 116 kB | 57 kB | 29 kB | 66/152 kB | 4.1/21 kBProgress (5): 116 kB | 57 kB | 29 kB | 66/152 kB | 8.2/21 kBProgress (5): 116 kB | 57 kB | 29 kB | 66/152 kB | 12/21 kB Progress (5): 116 kB | 57 kB | 29 kB | 66/152 kB | 16/21 kBProgress (5): 116 kB | 57 kB | 29 kB | 66/152 kB | 20/21 kBProgress (5): 116 kB | 57 kB | 29 kB | 66/152 kB | 21 kB   Progress (5): 116 kB | 57 kB | 29 kB | 70/152 kB | 21 kBProgress (5): 116 kB | 57 kB | 29 kB | 74/152 kB | 21 kBProgress (5): 116 kB | 57 kB | 29 kB | 78/152 kB | 21 kBProgress (5): 116 kB | 57 kB | 29 kB | 82/152 kB | 21 kBProgress (5): 116 kB | 57 kB | 29 kB | 86/152 kB | 21 kB                                                        Downloaded from central: https://repo.maven.apache.org/maven2/org/apache/maven/maven-project/2.0.6/maven-project-2.0.6.jar (116 kB at 2.9 MB/s)
[43248108-d28a-4fe8-aa48-513cf9fd625b/build]   | Progress (4): 57 kB | 29 kB | 90/152 kB | 21 kB                                               Downloading from central: https://repo.maven.apache.org/maven2/org/apache/maven/reporting/maven-reporting-api/2.0.6/maven-reporting-api-2.0.6.jar
[43248108-d28a-4fe8-aa48-513cf9fd625b/build]   | Progress (4): 57 kB | 29 kB | 94/152 kB | 21 kBProgress (4): 57 kB | 29 kB | 98/152 kB | 21 kBProgress (4): 57 kB | 29 kB | 102/152 kB | 21 kBProgress (4): 57 kB | 29 kB | 106/152 kB | 21 kBProgress (4): 57 kB | 29 kB | 111/152 kB | 21 kBProgress (4): 57 kB | 29 kB | 115/152 kB | 21 kB                                                Downloaded from central: https://repo.maven.apache.org/maven2/org/apache/maven/maven-artifact-manager/2.0.6/maven-artifact-manager-2.0.6.jar (57 kB at 1.4 MB/s)
[43248108-d28a-4fe8-aa48-513cf9fd625b/build]   | Progress (3): 29 kB | 119/152 kB | 21 kB                                        Downloading from central: https://repo.maven.apache.org/maven2/org/apache/maven/doxia/doxia-sink-api/1.0-alpha-7/doxia-sink-api-1.0-alpha-7.jar
[43248108-d28a-4fe8-aa48-513cf9fd625b/build]   | Progress (3): 29 kB | 123/152 kB | 21 kBProgress (3): 29 kB | 127/152 kB | 21 kBProgress (3): 29 kB | 131/152 kB | 21 kBProgress (3): 29 kB | 135/152 kB | 21 kBProgress (3): 29 kB | 139/152 kB | 21 kBProgress (3): 29 kB | 143/152 kB | 21 kBProgress (3): 29 kB | 147/152 kB | 21 kBProgress (3): 29 kB | 152/152 kB | 21 kBProgress (3): 29 kB | 152 kB | 21 kB                                        Downloaded from central: https://repo.maven.apache.org/maven2/org/apache/maven/maven-plugin-registry/2.0.6/maven-plugin-registry-2.0.6.jar (29 kB at 657 kB/s)
[43248108-d28a-4fe8-aa48-513cf9fd625b/build]   | Downloading from central: https://repo.maven.apache.org/maven2/org/apache/maven/maven-repository-metadata/2.0.6/maven-repository-metadata-2.0.6.jar
[43248108-d28a-4fe8-aa48-513cf9fd625b/build]   | Progress (3): 152 kB | 21 kB | 2.7/5.9 kBProgress (3): 152 kB | 21 kB | 5.5/5.9 kBProgress (3): 152 kB | 21 kB | 5.9 kB    Progress (4): 152 kB | 21 kB | 5.9 kB | 4.1/24 kBProgress (4): 152 kB | 21 kB | 5.9 kB | 8.2/24 kBProgress (4): 152 kB | 21 kB | 5.9 kB | 12/24 kB Progress (4): 152 kB | 21 kB | 5.9 kB | 16/24 kBProgress (4): 152 kB | 21 kB | 5.9 kB | 20/24 kBProgress (4): 152 kB | 21 kB | 5.9 kB | 24 kB                                                Downloaded from central: https://repo.maven.apache.org/maven2/org/apache/maven/maven-core/2.0.6/maven-core-2.0.6.jar (152 kB at 2.5 MB/s)
[43248108-d28a-4fe8-aa48-513cf9fd625b/build]   | Downloading from central: https://repo.maven.apache.org/maven2/org/apache/maven/maven-error-diagnostics/2.0.6/maven-error-diagnostics-2.0.6.jar
[43248108-d28a-4fe8-aa48-513cf9fd625b/build]   | Downloaded from central: https://repo.maven.apache.org/maven2/org/apache/maven/doxia/doxia-sink-api/1.0-alpha-7/doxia-sink-api-1.0-alpha-7.jar (5.9 kB at 97 kB/s)
[43248108-d28a-4fe8-aa48-513cf9fd625b/build]   | Downloading from central: https://repo.maven.apache.org/maven2/commons-cli/commons-cli/1.0/commons-cli-1.0.jar
[43248108-d28a-4fe8-aa48-513cf9fd625b/build]   | Downloaded from central: https://repo.maven.apache.org/maven2/org/apache/maven/maven-plugin-parameter-documenter/2.0.6/maven-plugin-parameter-documenter-2.0.6.jar (21 kB at 324 kB/s)
[43248108-d28a-4fe8-aa48-513cf9fd625b/build]   | Downloading from central: https://repo.maven.apache.org/maven2/org/apache/maven/maven-plugin-descriptor/2.0.6/maven-plugin-descriptor-2.0.6.jar
[43248108-d28a-4fe8-aa48-513cf9fd625b/build]   | Progress (2): 24 kB | 4.1/30 kBProgress (3): 24 kB | 4.1/30 kB | 2.7/14 kBProgress (3): 24 kB | 8.2/30 kB | 2.7/14 kBProgress (3): 24 kB | 12/30 kB | 2.7/14 kB Progress (3): 24 kB | 16/30 kB | 2.7/14 kBProgress (3): 24 kB | 16/30 kB | 5.5/14 kBProgress (3): 24 kB | 16/30 kB | 8.2/14 kBProgress (3): 24 kB | 20/30 kB | 8.2/14 kBProgress (3): 24 kB | 20/30 kB | 11/14 kB Progress (3): 24 kB | 24/30 kB | 11/14 kBProgress (3): 24 kB | 28/30 kB | 11/14 kBProgress (3): 24 kB | 28/30 kB | 14 kB   Progress (3): 24 kB | 30 kB | 14 kB                                      Downloaded from central: https://repo.maven.apache.org/maven2/org/apache/maven/maven-repository-metadata/2.0.6/maven-repository-metadata-2.0.6.jar (24 kB at 355 kB/s)
[43248108-d28a-4fe8-aa48-513cf9fd625b/build]   | Downloading from central: https://repo.maven.apache.org/maven2/org/codehaus/plexus/plexus-interactivity-api/1.0-alpha-4/plexus-interactivity-api-1.0-alpha-4.jar
[43248108-d28a-4fe8-aa48-513cf9fd625b/build]   | Progress (3): 30 kB | 14 kB | 4.1/9.9 kBProgress (3): 30 kB | 14 kB | 8.2/9.9 kBProgress (3): 30 kB | 14 kB | 9.9 kB    Progress (4): 30 kB | 14 kB | 9.9 kB | 4.1/13 kBProgress (4): 30 kB | 14 kB | 9.9 kB | 8.2/13 kBProgress (4): 30 kB | 14 kB | 9.9 kB | 12/13 kB Progress (4): 30 kB | 14 kB | 9.9 kB | 13 kB                                               Downloaded from central: https://repo.maven.apache.org/maven2/org/apache/maven/maven-error-diagnostics/2.0.6/maven-error-diagnostics-2.0.6.jar (14 kB at 175 kB/s)
[43248108-d28a-4fe8-aa48-513cf9fd625b/build]   | Downloaded from central: https://repo.maven.apache.org/maven2/commons-cli/commons-cli/1.0/commons-cli-1.0.jar (30 kB at 386 kB/s)
[43248108-d28a-4fe8-aa48-513cf9fd625b/build]   | Downloading from central: https://repo.maven.apache.org/maven2/classworlds/classworlds/1.1/classworlds-1.1.jar
[43248108-d28a-4fe8-aa48-513cf9fd625b/build]   | Downloaded from central: https://repo.maven.apache.org/maven2/org/apache/maven/reporting/maven-reporting-api/2.0.6/maven-reporting-api-2.0.6.jar (9.9 kB at 126 kB/s)
[43248108-d28a-4fe8-aa48-513cf9fd625b/build]   | Downloading from central: https://repo.maven.apache.org/maven2/org/apache/maven/maven-artifact/2.0.6/maven-artifact-2.0.6.jar
[43248108-d28a-4fe8-aa48-513cf9fd625b/build]   | Downloading from central: https://repo.maven.apache.org/maven2/org/apache/maven/maven-settings/2.0.6/maven-settings-2.0.6.jar
[43248108-d28a-4fe8-aa48-513cf9fd625b/build]   | Progress (2): 13 kB | 4.1/38 kBProgress (2): 13 kB | 8.2/38 kBProgress (2): 13 kB | 12/38 kB Progress (2): 13 kB | 16/38 kBProgress (3): 13 kB | 16/38 kB | 4.1/49 kBProgress (4): 13 kB | 16/38 kB | 4.1/49 kB | 4.1/87 kBProgress (4): 13 kB | 16/38 kB | 8.2/49 kB | 4.1/87 kBProgress (4): 13 kB | 16/38 kB | 8.2/49 kB | 8.2/87 kBProgress (4): 13 kB | 16/38 kB | 12/49 kB | 8.2/87 kB Progress (4): 13 kB | 16/38 kB | 12/49 kB | 12/87 kB Progress (4): 13 kB | 16/38 kB | 16/49 kB | 12/87 kBProgress (4): 13 kB | 16/38 kB | 16/49 kB | 16/87 kBProgress (5): 13 kB | 16/38 kB | 16/49 kB | 16/87 kB | 4.1/37 kBProgress (5): 13 kB | 16/38 kB | 16/49 kB | 16/87 kB | 8.2/37 kBProgress (5): 13 kB | 20/38 kB | 16/49 kB | 16/87 kB | 8.2/37 kBProgress (5): 13 kB | 20/38 kB | 16/49 kB | 16/87 kB | 12/37 kB Progress (5): 13 kB | 25/38 kB | 16/49 kB | 16/87 kB | 12/37 kBProgress (5): 13 kB | 25/38 kB | 16/49 kB | 16/87 kB | 16/37 kBProgress (5): 13 kB | 29/38 kB | 16/49 kB | 16/87 kB | 16/37 kBProgress (5): 13 kB | 33/38 kB | 16/49 kB | 16/87 kB | 16/37 kBProgress (5): 13 kB | 33/38 kB | 20/49 kB | 16/87 kB | 16/37 kBProgress (5): 13 kB | 33/38 kB | 20/49 kB | 20/87 kB | 16/37 kBProgress (5): 13 kB | 33/38 kB | 24/49 kB | 20/87 kB | 16/37 kBProgress (5): 13 kB | 33/38 kB | 24/49 kB | 25/87 kB | 16/37 kBProgress (5): 13 kB | 33/38 kB | 28/49 kB | 25/87 kB | 16/37 kBProgress (5): 13 kB | 33/38 kB | 28/49 kB | 29/87 kB | 16/37 kBProgress (5): 13 kB | 33/38 kB | 32/49 kB | 29/87 kB | 16/37 kBProgress (5): 13 kB | 37/38 kB | 32/49 kB | 29/87 kB | 16/37 kBProgress (5): 13 kB | 37/38 kB | 32/49 kB | 33/87 kB | 16/37 kBProgress (5): 13 kB | 37/38 kB | 32/49 kB | 33/87 kB | 20/37 kBProgress (5): 13 kB | 38 kB | 32/49 kB | 33/87 kB | 20/37 kB   Progress (5): 13 kB | 38 kB | 32/49 kB | 33/87 kB | 25/37 kBProgress (5): 13 kB | 38 kB | 32/49 kB | 33/87 kB | 29/37 kBProgress (5): 13 kB | 38 kB | 32/49 kB | 33/87 kB | 33/37 kBProgress (5): 13 kB | 38 kB | 36/49 kB | 33/87 kB | 33/37 kBProgress (5): 13 kB | 38 kB | 40/49 kB | 33/87 kB | 33/37 kBProgress (5): 13 kB | 38 kB | 40/49 kB | 33/87 kB | 37/37 kBProgress (5): 13 kB | 38 kB | 40/49 kB | 37/87 kB | 37/37 kBProgress (5): 13 kB | 38 kB | 45/49 kB | 37/87 kB | 37/37 kBProgress (5): 13 kB | 38 kB | 45/49 kB | 41/87 kB | 37/37 kBProgress (5): 13 kB | 38 kB | 45/49 kB | 41/87 kB | 37 kB   Progress (5): 13 kB | 38 kB | 45/49 kB | 45/87 kB | 37 kBProgress (5): 13 kB | 38 kB | 49/49 kB | 45/87 kB | 37 kBProgress (5): 13 kB | 38 kB | 49/49 kB | 49/87 kB | 37 kBProgress (5): 13 kB | 38 kB | 49 kB | 49/87 kB | 37 kB   Progress (5): 13 kB | 38 kB | 49 kB | 53/87 kB | 37 kB                                                      Downloaded from central: https://repo.maven.apache.org/maven2/org/codehaus/plexus/plexus-interactivity-api/1.0-alpha-4/plexus-interactivity-api-1.0-alpha-4.jar (13 kB at 152 kB/s)
[43248108-d28a-4fe8-aa48-513cf9fd625b/build]   | Progress (4): 38 kB | 49 kB | 57/87 kB | 37 kB                                              Downloading from central: https://repo.maven.apache.org/maven2/org/apache/maven/maven-model/2.0.6/maven-model-2.0.6.jar
[43248108-d28a-4fe8-aa48-513cf9fd625b/build]   | Progress (4): 38 kB | 49 kB | 61/87 kB | 37 kBProgress (4): 38 kB | 49 kB | 66/87 kB | 37 kBProgress (4): 38 kB | 49 kB | 70/87 kB | 37 kBProgress (4): 38 kB | 49 kB | 74/87 kB | 37 kBProgress (4): 38 kB | 49 kB | 78/87 kB | 37 kBProgress (4): 38 kB | 49 kB | 82/87 kB | 37 kBProgress (4): 38 kB | 49 kB | 86/87 kB | 37 kBProgress (4): 38 kB | 49 kB | 87 kB | 37 kB   Progress (5): 38 kB | 49 kB | 87 kB | 37 kB | 4.1/86 kBProgress (5): 38 kB | 49 kB | 87 kB | 37 kB | 8.2/86 kBProgress (5): 38 kB | 49 kB | 87 kB | 37 kB | 12/86 kB Progress (5): 38 kB | 49 kB | 87 kB | 37 kB | 16/86 kBProgress (5): 38 kB | 49 kB | 87 kB | 37 kB | 20/86 kBProgress (5): 38 kB | 49 kB | 87 kB | 37 kB | 24/86 kBProgress (5): 38 kB | 49 kB | 87 kB | 37 kB | 28/86 kBProgress (5): 38 kB | 49 kB | 87 kB | 37 kB | 32/86 kBProgress (5): 38 kB | 49 kB | 87 kB | 37 kB | 36/86 kBProgress (5): 38 kB | 49 kB | 87 kB | 37 kB | 40/86 kBProgress (5): 38 kB | 49 kB | 87 kB | 37 kB | 45/86 kBProgress (5): 38 kB | 49 kB | 87 kB | 37 kB | 49/86 kBProgress (5): 38 kB | 49 kB | 87 kB | 37 kB | 53/86 kBProgress (5): 38 kB | 49 kB | 87 kB | 37 kB | 57/86 kBProgress (5): 38 kB | 49 kB | 87 kB | 37 kB | 61/86 kBProgress (5): 38 kB | 49 kB | 87 kB | 37 kB | 65/86 kBProgress (5): 38 kB | 49 kB | 87 kB | 37 kB | 69/86 kBProgress (5): 38 kB | 49 kB | 87 kB | 37 kB | 73/86 kBProgress (5): 38 kB | 49 kB | 87 kB | 37 kB | 77/86 kBProgress (5): 38 kB | 49 kB | 87 kB | 37 kB | 81/86 kBProgress (5): 38 kB | 49 kB | 87 kB | 37 kB | 85/86 kBProgress (5): 38 kB | 49 kB | 87 kB | 37 kB | 86 kB                                                      Downloaded from central: https://repo.maven.apache.org/maven2/org/apache/maven/maven-settings/2.0.6/maven-settings-2.0.6.jar (49 kB at 491 kB/s)
[43248108-d28a-4fe8-aa48-513cf9fd625b/build]   | Downloading from central: https://repo.maven.apache.org/maven2/org/apache/maven/maven-monitor/2.0.6/maven-monitor-2.0.6.jar
[43248108-d28a-4fe8-aa48-513cf9fd625b/build]   | Downloaded from central: https://repo.maven.apache.org/maven2/classworlds/classworlds/1.1/classworlds-1.1.jar (38 kB at 375 kB/s)
[43248108-d28a-4fe8-aa48-513cf9fd625b/build]   | Downloading from central: https://repo.maven.apache.org/maven2/org/codehaus/plexus/plexus-container-default/1.0-alpha-9-stable-1/plexus-container-default-1.0-alpha-9-stable-1.jar
[43248108-d28a-4fe8-aa48-513cf9fd625b/build]   | Downloaded from central: https://repo.maven.apache.org/maven2/org/apache/maven/maven-artifact/2.0.6/maven-artifact-2.0.6.jar (87 kB at 865 kB/s)
[43248108-d28a-4fe8-aa48-513cf9fd625b/build]   | Downloaded from central: https://repo.maven.apache.org/maven2/org/apache/maven/maven-plugin-descriptor/2.0.6/maven-plugin-descriptor-2.0.6.jar (37 kB at 365 kB/s)
[43248108-d28a-4fe8-aa48-513cf9fd625b/build]   | Downloading from central: https://repo.maven.apache.org/maven2/junit/junit/3.8.1/junit-3.8.1.jar
[43248108-d28a-4fe8-aa48-513cf9fd625b/build]   | Downloading from central: https://repo.maven.apache.org/maven2/org/codehaus/plexus/plexus-utils/2.0.5/plexus-utils-2.0.5.jar
[43248108-d28a-4fe8-aa48-513cf9fd625b/build]   | Progress (2): 86 kB | 4.1/194 kBProgress (2): 86 kB | 8.2/194 kBProgress (2): 86 kB | 12/194 kB Progress (3): 86 kB | 12/194 kB | 4.1/10 kBProgress (3): 86 kB | 16/194 kB | 4.1/10 kBProgress (3): 86 kB | 16/194 kB | 8.2/10 kBProgress (3): 86 kB | 16/194 kB | 10 kB    Progress (4): 86 kB | 16/194 kB | 10 kB | 4.1/121 kBProgress (4): 86 kB | 16/194 kB | 10 kB | 8.2/121 kBProgress (4): 86 kB | 16/194 kB | 10 kB | 12/121 kB Progress (4): 86 kB | 16/194 kB | 10 kB | 16/121 kBProgress (4): 86 kB | 20/194 kB | 10 kB | 16/121 kBProgress (4): 86 kB | 25/194 kB | 10 kB | 16/121 kBProgress (4): 86 kB | 29/194 kB | 10 kB | 16/121 kBProgress (4): 86 kB | 33/194 kB | 10 kB | 16/121 kBProgress (4): 86 kB | 33/194 kB | 10 kB | 20/121 kBProgress (4): 86 kB | 33/194 kB | 10 kB | 25/121 kBProgress (4): 86 kB | 33/194 kB | 10 kB | 29/121 kBProgress (4): 86 kB | 33/194 kB | 10 kB | 33/121 kBProgress (5): 86 kB | 33/194 kB | 10 kB | 33/121 kB | 4.1/223 kBProgress (5): 86 kB | 33/194 kB | 10 kB | 33/121 kB | 8.2/223 kBProgress (5): 86 kB | 33/194 kB | 10 kB | 33/121 kB | 12/223 kB Progress (5): 86 kB | 33/194 kB | 10 kB | 33/121 kB | 16/223 kBProgress (5): 86 kB | 33/194 kB | 10 kB | 37/121 kB | 16/223 kBProgress (5): 86 kB | 33/194 kB | 10 kB | 41/121 kB | 16/223 kBProgress (5): 86 kB | 33/194 kB | 10 kB | 45/121 kB | 16/223 kBProgress (5): 86 kB | 33/194 kB | 10 kB | 45/121 kB | 20/223 kBProgress (5): 86 kB | 33/194 kB | 10 kB | 49/121 kB | 20/223 kBProgress (5): 86 kB | 33/194 kB | 10 kB | 49/121 kB | 24/223 kBProgress (5): 86 kB | 33/194 kB | 10 kB | 49/121 kB | 28/223 kBProgress (5): 86 kB | 33/194 kB | 10 kB | 49/121 kB | 32/223 kBProgress (5): 86 kB | 33/194 kB | 10 kB | 53/121 kB | 32/223 kBProgress (5): 86 kB | 33/194 kB | 10 kB | 53/121 kB | 36/223 kBProgress (5): 86 kB | 33/194 kB | 10 kB | 57/121 kB | 36/223 kBProgress (5): 86 kB | 33/194 kB | 10 kB | 57/121 kB | 40/223 kBProgress (5): 86 kB | 33/194 kB | 10 kB | 61/121 kB | 40/223 kBProgress (5): 86 kB | 37/194 kB | 10 kB | 61/121 kB | 40/223 kBProgress (5): 86 kB | 37/194 kB | 10 kB | 61/121 kB | 45/223 kBProgress (5): 86 kB | 41/194 kB | 10 kB | 61/121 kB | 45/223 kBProgress (5): 86 kB | 41/194 kB | 10 kB | 66/121 kB | 45/223 kBProgress (5): 86 kB | 45/194 kB | 10 kB | 66/121 kB | 45/223 kBProgress (5): 86 kB | 45/194 kB | 10 kB | 66/121 kB | 49/223 kBProgress (5): 86 kB | 49/194 kB | 10 kB | 66/121 kB | 49/223 kBProgress (5): 86 kB | 49/194 kB | 10 kB | 66/121 kB | 53/223 kBProgress (5): 86 kB | 53/194 kB | 10 kB | 66/121 kB | 53/223 kBProgress (5): 86 kB | 53/194 kB | 10 kB | 66/121 kB | 57/223 kBProgress (5): 86 kB | 53/194 kB | 10 kB | 70/121 kB | 57/223 kBProgress (5): 86 kB | 57/194 kB | 10 kB | 70/121 kB | 57/223 kBProgress (5): 86 kB | 57/194 kB | 10 kB | 70/121 kB | 61/223 kBProgress (5): 86 kB | 57/194 kB | 10 kB | 74/121 kB | 61/223 kBProgress (5): 86 kB | 57/194 kB | 10 kB | 74/121 kB | 65/223 kBProgress (5): 86 kB | 61/194 kB | 10 kB | 74/121 kB | 65/223 kBProgress (5): 86 kB | 61/194 kB | 10 kB | 78/121 kB | 65/223 kBProgress (5): 86 kB | 66/194 kB | 10 kB | 78/121 kB | 65/223 kBProgress (5): 86 kB | 66/194 kB | 10 kB | 82/121 kB | 65/223 kBProgress (5): 86 kB | 66/194 kB | 10 kB | 82/121 kB | 69/223 kBProgress (5): 86 kB | 66/194 kB | 10 kB | 82/121 kB | 73/223 kBProgress (5): 86 kB | 66/194 kB | 10 kB | 82/121 kB | 77/223 kBProgress (5): 86 kB | 66/194 kB | 10 kB | 82/121 kB | 81/223 kBProgress (5): 86 kB | 66/194 kB | 10 kB | 86/121 kB | 81/223 kBProgress (5): 86 kB | 66/194 kB | 10 kB | 90/121 kB | 81/223 kBProgress (5): 86 kB | 66/194 kB | 10 kB | 94/121 kB | 81/223 kBProgress (5): 86 kB | 66/194 kB | 10 kB | 98/121 kB | 81/223 kBProgress (5): 86 kB | 66/194 kB | 10 kB | 98/121 kB | 85/223 kBProgress (5): 86 kB | 66/194 kB | 10 kB | 98/121 kB | 90/223 kBProgress (5): 86 kB | 66/194 kB | 10 kB | 98/121 kB | 94/223 kBProgress (5): 86 kB | 66/194 kB | 10 kB | 102/121 kB | 94/223 kB                                                                Downloaded from central: https://repo.maven.apache.org/maven2/org/apache/maven/maven-model/2.0.6/maven-model-2.0.6.jar (86 kB at 758 kB/s)
[43248108-d28a-4fe8-aa48-513cf9fd625b/build]   | Progress (4): 66/194 kB | 10 kB | 102/121 kB | 98/223 kB                                                        Downloading from central: https://repo.maven.apache.org/maven2/org/apache/maven/shared/maven-filtering/1.1/maven-filtering-1.1.jar
[43248108-d28a-4fe8-aa48-513cf9fd625b/build]   | Progress (4): 66/194 kB | 10 kB | 106/121 kB | 98/223 kBProgress (4): 66/194 kB | 10 kB | 111/121 kB | 98/223 kBProgress (4): 66/194 kB | 10 kB | 115/121 kB | 98/223 kBProgress (4): 70/194 kB | 10 kB | 115/121 kB | 98/223 kBProgress (4): 70/194 kB | 10 kB | 115/121 kB | 102/223 kBProgress (4): 74/194 kB | 10 kB | 115/121 kB | 102/223 kBProgress (4): 74/194 kB | 10 kB | 115/121 kB | 106/223 kBProgress (4): 74/194 kB | 10 kB | 119/121 kB | 106/223 kBProgress (4): 74/194 kB | 10 kB | 119/121 kB | 110/223 kBProgress (4): 74/194 kB | 10 kB | 121 kB | 110/223 kB    Progress (4): 78/194 kB | 10 kB | 121 kB | 110/223 kBProgress (4): 78/194 kB | 10 kB | 121 kB | 114/223 kBProgress (4): 82/194 kB | 10 kB | 121 kB | 114/223 kBProgress (4): 82/194 kB | 10 kB | 121 kB | 118/223 kBProgress (4): 82/194 kB | 10 kB | 121 kB | 122/223 kBProgress (4): 82/194 kB | 10 kB | 121 kB | 126/223 kBProgress (4): 82/194 kB | 10 kB | 121 kB | 131/223 kBProgress (4): 86/194 kB | 10 kB | 121 kB | 131/223 kBProgress (4): 90/194 kB | 10 kB | 121 kB | 131/223 kBProgress (4): 94/194 kB | 10 kB | 121 kB | 131/223 kBProgress (4): 98/194 kB | 10 kB | 121 kB | 131/223 kBProgress (4): 98/194 kB | 10 kB | 121 kB | 135/223 kBProgress (4): 98/194 kB | 10 kB | 121 kB | 139/223 kBProgress (4): 98/194 kB | 10 kB | 121 kB | 143/223 kBProgress (4): 98/194 kB | 10 kB | 121 kB | 147/223 kBProgress (4): 98/194 kB | 10 kB | 121 kB | 151/223 kBProgress (4): 98/194 kB | 10 kB | 121 kB | 155/223 kBProgress (4): 98/194 kB | 10 kB | 121 kB | 159/223 kBProgress (4): 98/194 kB | 10 kB | 121 kB | 163/223 kB                                                     Downloaded from central: https://repo.maven.apache.org/maven2/org/apache/maven/maven-monitor/2.0.6/maven-monitor-2.0.6.jar (10 kB at 86 kB/s)
[43248108-d28a-4fe8-aa48-513cf9fd625b/build]   | Downloading from central: https://repo.maven.apache.org/maven2/org/sonatype/plexus/plexus-build-api/0.0.4/plexus-build-api-0.0.4.jar
[43248108-d28a-4fe8-aa48-513cf9fd625b/build]   | Progress (3): 98/194 kB | 121 kB | 167/223 kBProgress (3): 98/194 kB | 121 kB | 171/223 kBProgress (3): 98/194 kB | 121 kB | 176/223 kBProgress (3): 98/194 kB | 121 kB | 180/223 kBProgress (3): 98/194 kB | 121 kB | 184/223 kBProgress (3): 98/194 kB | 121 kB | 188/223 kBProgress (3): 98/194 kB | 121 kB | 192/223 kBProgress (3): 98/194 kB | 121 kB | 196/223 kBProgress (3): 102/194 kB | 121 kB | 196/223 kBProgress (4): 102/194 kB | 121 kB | 196/223 kB | 4.1/43 kBProgress (4): 106/194 kB | 121 kB | 196/223 kB | 4.1/43 kBProgress (4): 111/194 kB | 121 kB | 196/223 kB | 4.1/43 kBProgress (4): 111/194 kB | 121 kB | 196/223 kB | 8.2/43 kBProgress (4): 115/194 kB | 121 kB | 196/223 kB | 8.2/43 kBProgress (4): 115/194 kB | 121 kB | 200/223 kB | 8.2/43 kBProgress (4): 115/194 kB | 121 kB | 200/223 kB | 12/43 kB Progress (4): 115/194 kB | 121 kB | 204/223 kB | 12/43 kBProgress (4): 115/194 kB | 121 kB | 204/223 kB | 16/43 kBProgress (4): 115/194 kB | 121 kB | 208/223 kB | 16/43 kBProgress (4): 115/194 kB | 121 kB | 212/223 kB | 16/43 kBProgress (4): 119/194 kB | 121 kB | 212/223 kB | 16/43 kBProgress (4): 123/194 kB | 121 kB | 212/223 kB | 16/43 kBProgress (5): 123/194 kB | 121 kB | 212/223 kB | 16/43 kB | 4.1/6.8 kBProgress (5): 127/194 kB | 121 kB | 212/223 kB | 16/43 kB | 4.1/6.8 kBProgress (5): 127/194 kB | 121 kB | 212/223 kB | 16/43 kB | 6.8 kB    Progress (5): 127/194 kB | 121 kB | 212/223 kB | 20/43 kB | 6.8 kBProgress (5): 127/194 kB | 121 kB | 217/223 kB | 20/43 kB | 6.8 kBProgress (5): 131/194 kB | 121 kB | 217/223 kB | 20/43 kB | 6.8 kBProgress (5): 131/194 kB | 121 kB | 217/223 kB | 24/43 kB | 6.8 kBProgress (5): 131/194 kB | 121 kB | 221/223 kB | 24/43 kB | 6.8 kBProgress (5): 131/194 kB | 121 kB | 221/223 kB | 28/43 kB | 6.8 kBProgress (5): 131/194 kB | 121 kB | 223 kB | 28/43 kB | 6.8 kB    Progress (5): 131/194 kB | 121 kB | 223 kB | 32/43 kB | 6.8 kBProgress (5): 135/194 kB | 121 kB | 223 kB | 32/43 kB | 6.8 kBProgress (5): 135/194 kB | 121 kB | 223 kB | 36/43 kB | 6.8 kBProgress (5): 139/194 kB | 121 kB | 223 kB | 36/43 kB | 6.8 kBProgress (5): 139/194 kB | 121 kB | 223 kB | 40/43 kB | 6.8 kBProgress (5): 143/194 kB | 121 kB | 223 kB | 40/43 kB | 6.8 kBProgress (5): 143/194 kB | 121 kB | 223 kB | 43 kB | 6.8 kB   Progress (5): 147/194 kB | 121 kB | 223 kB | 43 kB | 6.8 kBProgress (5): 152/194 kB | 121 kB | 223 kB | 43 kB | 6.8 kBProgress (5): 156/194 kB | 121 kB | 223 kB | 43 kB | 6.8 kBProgress (5): 160/194 kB | 121 kB | 223 kB | 43 kB | 6.8 kBProgress (5): 164/194 kB | 121 kB | 223 kB | 43 kB | 6.8 kBProgress (5): 168/194 kB | 121 kB | 223 kB | 43 kB | 6.8 kBProgress (5): 172/194 kB | 121 kB | 223 kB | 43 kB | 6.8 kBProgress (5): 176/194 kB | 121 kB | 223 kB | 43 kB | 6.8 kBProgress (5): 180/194 kB | 121 kB | 223 kB | 43 kB | 6.8 kBProgress (5): 184/194 kB | 121 kB | 223 kB | 43 kB | 6.8 kBProgress (5): 188/194 kB | 121 kB | 223 kB | 43 kB | 6.8 kBProgress (5): 193/194 kB | 121 kB | 223 kB | 43 kB | 6.8 kBProgress (5): 194 kB | 121 kB | 223 kB | 43 kB | 6.8 kB                                                           Downloaded from central: https://repo.maven.apache.org/maven2/junit/junit/3.8.1/junit-3.8.1.jar (121 kB at 910 kB/s)
[43248108-d28a-4fe8-aa48-513cf9fd625b/build]   | Downloading from central: https://repo.maven.apache.org/maven2/org/codehaus/plexus/plexus-interpolation/1.13/plexus-interpolation-1.13.jar
[43248108-d28a-4fe8-aa48-513cf9fd625b/build]   | Downloaded from central: https://repo.maven.apache.org/maven2/org/sonatype/plexus/plexus-build-api/0.0.4/plexus-build-api-0.0.4.jar (6.8 kB at 50 kB/s)
[43248108-d28a-4fe8-aa48-513cf9fd625b/build]   | Downloaded from central: https://repo.maven.apache.org/maven2/org/apache/maven/shared/maven-filtering/1.1/maven-filtering-1.1.jar (43 kB at 317 kB/s)
[43248108-d28a-4fe8-aa48-513cf9fd625b/build]   | Downloaded from central: https://repo.maven.apache.org/maven2/org/codehaus/plexus/plexus-utils/2.0.5/plexus-utils-2.0.5.jar (223 kB at 1.6 MB/s)
[43248108-d28a-4fe8-aa48-513cf9fd625b/build]   | Downloaded from central: https://repo.maven.apache.org/maven2/org/codehaus/plexus/plexus-container-default/1.0-alpha-9-stable-1/plexus-container-default-1.0-alpha-9-stable-1.jar (194 kB at 1.4 MB/s)
[43248108-d28a-4fe8-aa48-513cf9fd625b/build]   | Progress (1): 4.1/61 kBProgress (1): 8.2/61 kBProgress (1): 12/61 kB Progress (1): 16/61 kBProgress (1): 20/61 kBProgress (1): 25/61 kBProgress (1): 29/61 kBProgress (1): 33/61 kBProgress (1): 37/61 kBProgress (1): 41/61 kBProgress (1): 45/61 kBProgress (1): 49/61 kBProgress (1): 53/61 kBProgress (1): 57/61 kBProgress (1): 61 kB                      Downloaded from central: https://repo.maven.apache.org/maven2/org/codehaus/plexus/plexus-interpolation/1.13/plexus-interpolation-1.13.jar (61 kB at 384 kB/s)
[43248108-d28a-4fe8-aa48-513cf9fd625b/build]   | [INFO] Using 'UTF-8' encoding to copy filtered resources.
[43248108-d28a-4fe8-aa48-513cf9fd625b/build]   | [INFO] skip non existing resourceDirectory /tmp/9316eb46-65df-4c2d-a247-3ad943028b5d/src/main/resources
[43248108-d28a-4fe8-aa48-513cf9fd625b/build]   | [INFO] 
[43248108-d28a-4fe8-aa48-513cf9fd625b/build]   | [INFO] --- maven-compiler-plugin:3.1:compile (default-compile) @ semver4j ---
[43248108-d28a-4fe8-aa48-513cf9fd625b/build]   | Downloading from central: https://repo.maven.apache.org/maven2/org/apache/maven/maven-plugin-api/2.0.9/maven-plugin-api-2.0.9.pom
[43248108-d28a-4fe8-aa48-513cf9fd625b/build]   | Progress (1): 1.5 kB                    Downloaded from central: https://repo.maven.apache.org/maven2/org/apache/maven/maven-plugin-api/2.0.9/maven-plugin-api-2.0.9.pom (1.5 kB at 83 kB/s)
[43248108-d28a-4fe8-aa48-513cf9fd625b/build]   | Downloading from central: https://repo.maven.apache.org/maven2/org/apache/maven/maven/2.0.9/maven-2.0.9.pom
[43248108-d28a-4fe8-aa48-513cf9fd625b/build]   | Progress (1): 4.1/19 kBProgress (1): 8.2/19 kBProgress (1): 12/19 kB Progress (1): 16/19 kBProgress (1): 19 kB                      Downloaded from central: https://repo.maven.apache.org/maven2/org/apache/maven/maven/2.0.9/maven-2.0.9.pom (19 kB at 1.2 MB/s)
[43248108-d28a-4fe8-aa48-513cf9fd625b/build]   | Downloading from central: https://repo.maven.apache.org/maven2/org/apache/maven/maven-parent/8/maven-parent-8.pom
[43248108-d28a-4fe8-aa48-513cf9fd625b/build]   | Progress (1): 4.1/24 kBProgress (1): 8.2/24 kBProgress (1): 12/24 kB Progress (1): 16/24 kBProgress (1): 20/24 kBProgress (1): 24 kB                      Downloaded from central: https://repo.maven.apache.org/maven2/org/apache/maven/maven-parent/8/maven-parent-8.pom (24 kB at 1.3 MB/s)
[43248108-d28a-4fe8-aa48-513cf9fd625b/build]   | Downloading from central: https://repo.maven.apache.org/maven2/org/apache/apache/4/apache-4.pom
[43248108-d28a-4fe8-aa48-513cf9fd625b/build]   | Progress (1): 4.1/4.5 kBProgress (1): 4.5 kB                        Downloaded from central: https://repo.maven.apache.org/maven2/org/apache/apache/4/apache-4.pom (4.5 kB at 450 kB/s)
[43248108-d28a-4fe8-aa48-513cf9fd625b/build]   | Downloading from central: https://repo.maven.apache.org/maven2/org/apache/maven/maven-artifact/2.0.9/maven-artifact-2.0.9.pom
[43248108-d28a-4fe8-aa48-513cf9fd625b/build]   | Progress (1): 1.6 kB                    Downloaded from central: https://repo.maven.apache.org/maven2/org/apache/maven/maven-artifact/2.0.9/maven-artifact-2.0.9.pom (1.6 kB at 135 kB/s)
[43248108-d28a-4fe8-aa48-513cf9fd625b/build]   | Downloading from central: https://repo.maven.apache.org/maven2/org/codehaus/plexus/plexus-utils/1.5.1/plexus-utils-1.5.1.pom
[43248108-d28a-4fe8-aa48-513cf9fd625b/build]   | Progress (1): 2.3 kB                    Downloaded from central: https://repo.maven.apache.org/maven2/org/codehaus/plexus/plexus-utils/1.5.1/plexus-utils-1.5.1.pom (2.3 kB at 70 kB/s)
[43248108-d28a-4fe8-aa48-513cf9fd625b/build]   | Downloading from central: https://repo.maven.apache.org/maven2/org/apache/maven/maven-core/2.0.9/maven-core-2.0.9.pom
[43248108-d28a-4fe8-aa48-513cf9fd625b/build]   | Progress (1): 4.1/7.8 kBProgress (1): 7.8 kB                        Downloaded from central: https://repo.maven.apache.org/maven2/org/apache/maven/maven-core/2.0.9/maven-core-2.0.9.pom (7.8 kB at 210 kB/s)
[43248108-d28a-4fe8-aa48-513cf9fd625b/build]   | Downloading from central: https://repo.maven.apache.org/maven2/org/apache/maven/maven-settings/2.0.9/maven-settings-2.0.9.pom
[43248108-d28a-4fe8-aa48-513cf9fd625b/build]   | Progress (1): 2.1 kB                    Downloaded from central: https://repo.maven.apache.org/maven2/org/apache/maven/maven-settings/2.0.9/maven-settings-2.0.9.pom (2.1 kB at 172 kB/s)
[43248108-d28a-4fe8-aa48-513cf9fd625b/build]   | Downloading from central: https://repo.maven.apache.org/maven2/org/apache/maven/maven-model/2.0.9/maven-model-2.0.9.pom
[43248108-d28a-4fe8-aa48-513cf9fd625b/build]   | Progress (1): 3.1 kB                    Downloaded from central: https://repo.maven.apache.org/maven2/org/apache/maven/maven-model/2.0.9/maven-model-2.0.9.pom (3.1 kB at 157 kB/s)
[43248108-d28a-4fe8-aa48-513cf9fd625b/build]   | Downloading from central: https://repo.maven.apache.org/maven2/org/apache/maven/maven-plugin-parameter-documenter/2.0.9/maven-plugin-parameter-documenter-2.0.9.pom
[43248108-d28a-4fe8-aa48-513cf9fd625b/build]   | Progress (1): 2.0 kB                    Downloaded from central: https://repo.maven.apache.org/maven2/org/apache/maven/maven-plugin-parameter-documenter/2.0.9/maven-plugin-parameter-documenter-2.0.9.pom (2.0 kB at 140 kB/s)
[43248108-d28a-4fe8-aa48-513cf9fd625b/build]   | Downloading from central: https://repo.maven.apache.org/maven2/org/apache/maven/maven-profile/2.0.9/maven-profile-2.0.9.pom
[43248108-d28a-4fe8-aa48-513cf9fd625b/build]   | Progress (1): 2.0 kB                    Downloaded from central: https://repo.maven.apache.org/maven2/org/apache/maven/maven-profile/2.0.9/maven-profile-2.0.9.pom (2.0 kB at 128 kB/s)
[43248108-d28a-4fe8-aa48-513cf9fd625b/build]   | Downloading from central: https://repo.maven.apache.org/maven2/org/apache/maven/maven-repository-metadata/2.0.9/maven-repository-metadata-2.0.9.pom
[43248108-d28a-4fe8-aa48-513cf9fd625b/build]   | Progress (1): 1.9 kB                    Downloaded from central: https://repo.maven.apache.org/maven2/org/apache/maven/maven-repository-metadata/2.0.9/maven-repository-metadata-2.0.9.pom (1.9 kB at 136 kB/s)
[43248108-d28a-4fe8-aa48-513cf9fd625b/build]   | Downloading from central: https://repo.maven.apache.org/maven2/org/apache/maven/maven-error-diagnostics/2.0.9/maven-error-diagnostics-2.0.9.pom
[43248108-d28a-4fe8-aa48-513cf9fd625b/build]   | Progress (1): 1.7 kB                    Downloaded from central: https://repo.maven.apache.org/maven2/org/apache/maven/maven-error-diagnostics/2.0.9/maven-error-diagnostics-2.0.9.pom (1.7 kB at 36 kB/s)
[43248108-d28a-4fe8-aa48-513cf9fd625b/build]   | Downloading from central: https://repo.maven.apache.org/maven2/org/apache/maven/maven-project/2.0.9/maven-project-2.0.9.pom
[43248108-d28a-4fe8-aa48-513cf9fd625b/build]   | Progress (1): 2.7 kB                    Downloaded from central: https://repo.maven.apache.org/maven2/org/apache/maven/maven-project/2.0.9/maven-project-2.0.9.pom (2.7 kB at 129 kB/s)
[43248108-d28a-4fe8-aa48-513cf9fd625b/build]   | Downloading from central: https://repo.maven.apache.org/maven2/org/apache/maven/maven-artifact-manager/2.0.9/maven-artifact-manager-2.0.9.pom
[43248108-d28a-4fe8-aa48-513cf9fd625b/build]   | Progress (1): 2.7 kB                    Downloaded from central: https://repo.maven.apache.org/maven2/org/apache/maven/maven-artifact-manager/2.0.9/maven-artifact-manager-2.0.9.pom (2.7 kB at 180 kB/s)
[43248108-d28a-4fe8-aa48-513cf9fd625b/build]   | Downloading from central: https://repo.maven.apache.org/maven2/org/apache/maven/maven-plugin-registry/2.0.9/maven-plugin-registry-2.0.9.pom
[43248108-d28a-4fe8-aa48-513cf9fd625b/build]   | Progress (1): 2.0 kB                    Downloaded from central: https://repo.maven.apache.org/maven2/org/apache/maven/maven-plugin-registry/2.0.9/maven-plugin-registry-2.0.9.pom (2.0 kB at 99 kB/s)
[43248108-d28a-4fe8-aa48-513cf9fd625b/build]   | Downloading from central: https://repo.maven.apache.org/maven2/org/apache/maven/maven-plugin-descriptor/2.0.9/maven-plugin-descriptor-2.0.9.pom
[43248108-d28a-4fe8-aa48-513cf9fd625b/build]   | Progress (1): 2.1 kB                    Downloaded from central: https://repo.maven.apache.org/maven2/org/apache/maven/maven-plugin-descriptor/2.0.9/maven-plugin-descriptor-2.0.9.pom (2.1 kB at 138 kB/s)
[43248108-d28a-4fe8-aa48-513cf9fd625b/build]   | Downloading from central: https://repo.maven.apache.org/maven2/org/apache/maven/maven-monitor/2.0.9/maven-monitor-2.0.9.pom
[43248108-d28a-4fe8-aa48-513cf9fd625b/build]   | Progress (1): 1.3 kB                    Downloaded from central: https://repo.maven.apache.org/maven2/org/apache/maven/maven-monitor/2.0.9/maven-monitor-2.0.9.pom (1.3 kB at 64 kB/s)
[43248108-d28a-4fe8-aa48-513cf9fd625b/build]   | Downloading from central: https://repo.maven.apache.org/maven2/org/apache/maven/maven-toolchain/1.0/maven-toolchain-1.0.pom
[43248108-d28a-4fe8-aa48-513cf9fd625b/build]   | Progress (1): 3.4 kB                    Downloaded from central: https://repo.maven.apache.org/maven2/org/apache/maven/maven-toolchain/1.0/maven-toolchain-1.0.pom (3.4 kB at 74 kB/s)
[43248108-d28a-4fe8-aa48-513cf9fd625b/build]   | Downloading from central: https://repo.maven.apache.org/maven2/org/apache/maven/shared/maven-shared-utils/0.1/maven-shared-utils-0.1.pom
[43248108-d28a-4fe8-aa48-513cf9fd625b/build]   | Progress (1): 4.0 kB                    Downloaded from central: https://repo.maven.apache.org/maven2/org/apache/maven/shared/maven-shared-utils/0.1/maven-shared-utils-0.1.pom (4.0 kB at 84 kB/s)
[43248108-d28a-4fe8-aa48-513cf9fd625b/build]   | Downloading from central: https://repo.maven.apache.org/maven2/org/apache/maven/shared/maven-shared-components/18/maven-shared-components-18.pom
[43248108-d28a-4fe8-aa48-513cf9fd625b/build]   | Progress (1): 4.1/4.9 kBProgress (1): 4.9 kB                        Downloaded from central: https://repo.maven.apache.org/maven2/org/apache/maven/shared/maven-shared-components/18/maven-shared-components-18.pom (4.9 kB at 117 kB/s)
[43248108-d28a-4fe8-aa48-513cf9fd625b/build]   | Downloading from central: https://repo.maven.apache.org/maven2/com/google/code/findbugs/jsr305/2.0.1/jsr305-2.0.1.pom
[43248108-d28a-4fe8-aa48-513cf9fd625b/build]   | Progress (1): 965 B                   Downloaded from central: https://repo.maven.apache.org/maven2/com/google/code/findbugs/jsr305/2.0.1/jsr305-2.0.1.pom (965 B at 64 kB/s)
[43248108-d28a-4fe8-aa48-513cf9fd625b/build]   | Downloading from central: https://repo.maven.apache.org/maven2/org/apache/maven/shared/maven-shared-incremental/1.1/maven-shared-incremental-1.1.pom
[43248108-d28a-4fe8-aa48-513cf9fd625b/build]   | Progress (1): 4.1/4.7 kBProgress (1): 4.7 kB                        Downloaded from central: https://repo.maven.apache.org/maven2/org/apache/maven/shared/maven-shared-incremental/1.1/maven-shared-incremental-1.1.pom (4.7 kB at 169 kB/s)
[43248108-d28a-4fe8-aa48-513cf9fd625b/build]   | Downloading from central: https://repo.maven.apache.org/maven2/org/apache/maven/shared/maven-shared-components/19/maven-shared-components-19.pom
[43248108-d28a-4fe8-aa48-513cf9fd625b/build]   | Progress (1): 4.1/6.4 kBProgress (1): 6.4 kB                        Downloaded from central: https://repo.maven.apache.org/maven2/org/apache/maven/shared/maven-shared-components/19/maven-shared-components-19.pom (6.4 kB at 265 kB/s)
[43248108-d28a-4fe8-aa48-513cf9fd625b/build]   | Downloading from central: https://repo.maven.apache.org/maven2/org/apache/maven/maven-plugin-api/2.2.1/maven-plugin-api-2.2.1.pom
[43248108-d28a-4fe8-aa48-513cf9fd625b/build]   | Progress (1): 1.5 kB                    Downloaded from central: https://repo.maven.apache.org/maven2/org/apache/maven/maven-plugin-api/2.2.1/maven-plugin-api-2.2.1.pom (1.5 kB at 19 kB/s)
[43248108-d28a-4fe8-aa48-513cf9fd625b/build]   | Downloading from central: https://repo.maven.apache.org/maven2/org/apache/maven/maven/2.2.1/maven-2.2.1.pom
[43248108-d28a-4fe8-aa48-513cf9fd625b/build]   | Progress (1): 4.1/22 kBProgress (1): 8.2/22 kBProgress (1): 12/22 kB Progress (1): 16/22 kBProgress (1): 20/22 kBProgress (1): 22 kB                      Downloaded from central: https://repo.maven.apache.org/maven2/org/apache/maven/maven/2.2.1/maven-2.2.1.pom (22 kB at 457 kB/s)
[43248108-d28a-4fe8-aa48-513cf9fd625b/build]   | Downloading from central: https://repo.maven.apache.org/maven2/org/apache/maven/maven-parent/11/maven-parent-11.pom
[43248108-d28a-4fe8-aa48-513cf9fd625b/build]   | Progress (1): 4.1/32 kBProgress (1): 8.2/32 kBProgress (1): 12/32 kB Progress (1): 16/32 kBProgress (1): 20/32 kBProgress (1): 25/32 kBProgress (1): 29/32 kBProgress (1): 32 kB                      Downloaded from central: https://repo.maven.apache.org/maven2/org/apache/maven/maven-parent/11/maven-parent-11.pom (32 kB at 1.6 MB/s)
[43248108-d28a-4fe8-aa48-513cf9fd625b/build]   | Downloading from central: https://repo.maven.apache.org/maven2/org/apache/apache/5/apache-5.pom
[43248108-d28a-4fe8-aa48-513cf9fd625b/build]   | Progress (1): 4.1/4.1 kBProgress (1): 4.1 kB                        Downloaded from central: https://repo.maven.apache.org/maven2/org/apache/apache/5/apache-5.pom (4.1 kB at 256 kB/s)
[43248108-d28a-4fe8-aa48-513cf9fd625b/build]   | Downloading from central: https://repo.maven.apache.org/maven2/org/apache/maven/maven-core/2.2.1/maven-core-2.2.1.pom
[43248108-d28a-4fe8-aa48-513cf9fd625b/build]   | Progress (1): 4.1/12 kBProgress (1): 8.2/12 kBProgress (1): 12 kB                       Downloaded from central: https://repo.maven.apache.org/maven2/org/apache/maven/maven-core/2.2.1/maven-core-2.2.1.pom (12 kB at 447 kB/s)
[43248108-d28a-4fe8-aa48-513cf9fd625b/build]   | Downloading from central: https://repo.maven.apache.org/maven2/org/apache/maven/maven-settings/2.2.1/maven-settings-2.2.1.pom
[43248108-d28a-4fe8-aa48-513cf9fd625b/build]   | Progress (1): 2.2 kB                    Downloaded from central: https://repo.maven.apache.org/maven2/org/apache/maven/maven-settings/2.2.1/maven-settings-2.2.1.pom (2.2 kB at 109 kB/s)
[43248108-d28a-4fe8-aa48-513cf9fd625b/build]   | Downloading from central: https://repo.maven.apache.org/maven2/org/apache/maven/maven-model/2.2.1/maven-model-2.2.1.pom
[43248108-d28a-4fe8-aa48-513cf9fd625b/build]   | Progress (1): 3.2 kB                    Downloaded from central: https://repo.maven.apache.org/maven2/org/apache/maven/maven-model/2.2.1/maven-model-2.2.1.pom (3.2 kB at 147 kB/s)
[43248108-d28a-4fe8-aa48-513cf9fd625b/build]   | Downloading from central: https://repo.maven.apache.org/maven2/org/codehaus/plexus/plexus-interpolation/1.11/plexus-interpolation-1.11.pom
[43248108-d28a-4fe8-aa48-513cf9fd625b/build]   | Progress (1): 889 B                   Downloaded from central: https://repo.maven.apache.org/maven2/org/codehaus/plexus/plexus-interpolation/1.11/plexus-interpolation-1.11.pom (889 B at 37 kB/s)
[43248108-d28a-4fe8-aa48-513cf9fd625b/build]   | Downloading from central: https://repo.maven.apache.org/maven2/org/apache/maven/maven-plugin-parameter-documenter/2.2.1/maven-plugin-parameter-documenter-2.2.1.pom
[43248108-d28a-4fe8-aa48-513cf9fd625b/build]   | Progress (1): 2.0 kB                    Downloaded from central: https://repo.maven.apache.org/maven2/org/apache/maven/maven-plugin-parameter-documenter/2.2.1/maven-plugin-parameter-documenter-2.2.1.pom (2.0 kB at 75 kB/s)
[43248108-d28a-4fe8-aa48-513cf9fd625b/build]   | Downloading from central: https://repo.maven.apache.org/maven2/org/slf4j/slf4j-jdk14/1.5.6/slf4j-jdk14-1.5.6.pom
[43248108-d28a-4fe8-aa48-513cf9fd625b/build]   | Progress (1): 1.9 kB                    Downloaded from central: https://repo.maven.apache.org/maven2/org/slf4j/slf4j-jdk14/1.5.6/slf4j-jdk14-1.5.6.pom (1.9 kB at 83 kB/s)
[43248108-d28a-4fe8-aa48-513cf9fd625b/build]   | Downloading from central: https://repo.maven.apache.org/maven2/org/slf4j/slf4j-parent/1.5.6/slf4j-parent-1.5.6.pom
[43248108-d28a-4fe8-aa48-513cf9fd625b/build]   | Progress (1): 4.1/7.9 kBProgress (1): 7.9 kB                        Downloaded from central: https://repo.maven.apache.org/maven2/org/slf4j/slf4j-parent/1.5.6/slf4j-parent-1.5.6.pom (7.9 kB at 220 kB/s)
[43248108-d28a-4fe8-aa48-513cf9fd625b/build]   | Downloading from central: https://repo.maven.apache.org/maven2/org/slf4j/slf4j-api/1.5.6/slf4j-api-1.5.6.pom
[43248108-d28a-4fe8-aa48-513cf9fd625b/build]   | Progress (1): 3.0 kB                    Downloaded from central: https://repo.maven.apache.org/maven2/org/slf4j/slf4j-api/1.5.6/slf4j-api-1.5.6.pom (3.0 kB at 53 kB/s)
[43248108-d28a-4fe8-aa48-513cf9fd625b/build]   | Downloading from central: https://repo.maven.apache.org/maven2/org/slf4j/jcl-over-slf4j/1.5.6/jcl-over-slf4j-1.5.6.pom
[43248108-d28a-4fe8-aa48-513cf9fd625b/build]   | Progress (1): 2.2 kB                    Downloaded from central: https://repo.maven.apache.org/maven2/org/slf4j/jcl-over-slf4j/1.5.6/jcl-over-slf4j-1.5.6.pom (2.2 kB at 49 kB/s)
[43248108-d28a-4fe8-aa48-513cf9fd625b/build]   | Downloading from central: https://repo.maven.apache.org/maven2/org/apache/maven/maven-profile/2.2.1/maven-profile-2.2.1.pom
[43248108-d28a-4fe8-aa48-513cf9fd625b/build]   | Progress (1): 2.2 kB                    Downloaded from central: https://repo.maven.apache.org/maven2/org/apache/maven/maven-profile/2.2.1/maven-profile-2.2.1.pom (2.2 kB at 128 kB/s)
[43248108-d28a-4fe8-aa48-513cf9fd625b/build]   | Downloading from central: https://repo.maven.apache.org/maven2/org/apache/maven/maven-artifact/2.2.1/maven-artifact-2.2.1.pom
[43248108-d28a-4fe8-aa48-513cf9fd625b/build]   | Progress (1): 1.6 kB                    Downloaded from central: https://repo.maven.apache.org/maven2/org/apache/maven/maven-artifact/2.2.1/maven-artifact-2.2.1.pom (1.6 kB at 66 kB/s)
[43248108-d28a-4fe8-aa48-513cf9fd625b/build]   | Downloading from central: https://repo.maven.apache.org/maven2/org/apache/maven/maven-repository-metadata/2.2.1/maven-repository-metadata-2.2.1.pom
[43248108-d28a-4fe8-aa48-513cf9fd625b/build]   | Progress (1): 1.9 kB                    Downloaded from central: https://repo.maven.apache.org/maven2/org/apache/maven/maven-repository-metadata/2.2.1/maven-repository-metadata-2.2.1.pom (1.9 kB at 94 kB/s)
[43248108-d28a-4fe8-aa48-513cf9fd625b/build]   | Downloading from central: https://repo.maven.apache.org/maven2/org/apache/maven/maven-error-diagnostics/2.2.1/maven-error-diagnostics-2.2.1.pom
[43248108-d28a-4fe8-aa48-513cf9fd625b/build]   | Progress (1): 1.7 kB                    Downloaded from central: https://repo.maven.apache.org/maven2/org/apache/maven/maven-error-diagnostics/2.2.1/maven-error-diagnostics-2.2.1.pom (1.7 kB at 57 kB/s)
[43248108-d28a-4fe8-aa48-513cf9fd625b/build]   | Downloading from central: https://repo.maven.apache.org/maven2/org/apache/maven/maven-project/2.2.1/maven-project-2.2.1.pom
[43248108-d28a-4fe8-aa48-513cf9fd625b/build]   | Progress (1): 2.8 kB                    Downloaded from central: https://repo.maven.apache.org/maven2/org/apache/maven/maven-project/2.2.1/maven-project-2.2.1.pom (2.8 kB at 41 kB/s)
[43248108-d28a-4fe8-aa48-513cf9fd625b/build]   | Downloading from central: https://repo.maven.apache.org/maven2/org/apache/maven/maven-artifact-manager/2.2.1/maven-artifact-manager-2.2.1.pom
[43248108-d28a-4fe8-aa48-513cf9fd625b/build]   | Progress (1): 3.1 kB                    Downloaded from central: https://repo.maven.apache.org/maven2/org/apache/maven/maven-artifact-manager/2.2.1/maven-artifact-manager-2.2.1.pom (3.1 kB at 71 kB/s)
[43248108-d28a-4fe8-aa48-513cf9fd625b/build]   | Downloading from central: https://repo.maven.apache.org/maven2/backport-util-concurrent/backport-util-concurrent/3.1/backport-util-concurrent-3.1.pom
[43248108-d28a-4fe8-aa48-513cf9fd625b/build]   | Progress (1): 880 B                   Downloaded from central: https://repo.maven.apache.org/maven2/backport-util-concurrent/backport-util-concurrent/3.1/backport-util-concurrent-3.1.pom (880 B at 52 kB/s)
[43248108-d28a-4fe8-aa48-513cf9fd625b/build]   | Downloading from central: https://repo.maven.apache.org/maven2/org/apache/maven/maven-plugin-registry/2.2.1/maven-plugin-registry-2.2.1.pom
[43248108-d28a-4fe8-aa48-513cf9fd625b/build]   | Progress (1): 1.9 kB                    Downloaded from central: https://repo.maven.apache.org/maven2/org/apache/maven/maven-plugin-registry/2.2.1/maven-plugin-registry-2.2.1.pom (1.9 kB at 62 kB/s)
[43248108-d28a-4fe8-aa48-513cf9fd625b/build]   | Downloading from central: https://repo.maven.apache.org/maven2/org/apache/maven/maven-plugin-descriptor/2.2.1/maven-plugin-descriptor-2.2.1.pom
[43248108-d28a-4fe8-aa48-513cf9fd625b/build]   | Progress (1): 2.1 kB                    Downloaded from central: https://repo.maven.apache.org/maven2/org/apache/maven/maven-plugin-descriptor/2.2.1/maven-plugin-descriptor-2.2.1.pom (2.1 kB at 63 kB/s)
[43248108-d28a-4fe8-aa48-513cf9fd625b/build]   | Downloading from central: https://repo.maven.apache.org/maven2/org/apache/maven/maven-monitor/2.2.1/maven-monitor-2.2.1.pom
[43248108-d28a-4fe8-aa48-513cf9fd625b/build]   | Progress (1): 1.3 kB                    Downloaded from central: https://repo.maven.apache.org/maven2/org/apache/maven/maven-monitor/2.2.1/maven-monitor-2.2.1.pom (1.3 kB at 38 kB/s)
[43248108-d28a-4fe8-aa48-513cf9fd625b/build]   | Downloading from central: https://repo.maven.apache.org/maven2/org/sonatype/plexus/plexus-sec-dispatcher/1.3/plexus-sec-dispatcher-1.3.pom
[43248108-d28a-4fe8-aa48-513cf9fd625b/build]   | Progress (1): 3.0 kB                    Downloaded from central: https://repo.maven.apache.org/maven2/org/sonatype/plexus/plexus-sec-dispatcher/1.3/plexus-sec-dispatcher-1.3.pom (3.0 kB at 129 kB/s)
[43248108-d28a-4fe8-aa48-513cf9fd625b/build]   | Downloading from central: https://repo.maven.apache.org/maven2/org/sonatype/spice/spice-parent/12/spice-parent-12.pom
[43248108-d28a-4fe8-aa48-513cf9fd625b/build]   | Progress (1): 4.1/6.8 kBProgress (1): 6.8 kB                        Downloaded from central: https://repo.maven.apache.org/maven2/org/sonatype/spice/spice-parent/12/spice-parent-12.pom (6.8 kB at 309 kB/s)
[43248108-d28a-4fe8-aa48-513cf9fd625b/build]   | Downloading from central: https://repo.maven.apache.org/maven2/org/sonatype/forge/forge-parent/4/forge-parent-4.pom
[43248108-d28a-4fe8-aa48-513cf9fd625b/build]   | Progress (1): 4.1/8.4 kBProgress (1): 8.2/8.4 kBProgress (1): 8.4 kB                        Downloaded from central: https://repo.maven.apache.org/maven2/org/sonatype/forge/forge-parent/4/forge-parent-4.pom (8.4 kB at 350 kB/s)
[43248108-d28a-4fe8-aa48-513cf9fd625b/build]   | Downloading from central: https://repo.maven.apache.org/maven2/org/codehaus/plexus/plexus-utils/1.5.5/plexus-utils-1.5.5.pom
[43248108-d28a-4fe8-aa48-513cf9fd625b/build]   | Progress (1): 4.1/5.1 kBProgress (1): 5.1 kB                        Downloaded from central: https://repo.maven.apache.org/maven2/org/codehaus/plexus/plexus-utils/1.5.5/plexus-utils-1.5.5.pom (5.1 kB at 643 kB/s)
[43248108-d28a-4fe8-aa48-513cf9fd625b/build]   | Downloading from central: https://repo.maven.apache.org/maven2/org/sonatype/plexus/plexus-cipher/1.4/plexus-cipher-1.4.pom
[43248108-d28a-4fe8-aa48-513cf9fd625b/build]   | Progress (1): 2.1 kB                    Downloaded from central: https://repo.maven.apache.org/maven2/org/sonatype/plexus/plexus-cipher/1.4/plexus-cipher-1.4.pom (2.1 kB at 50 kB/s)
[43248108-d28a-4fe8-aa48-513cf9fd625b/build]   | Downloading from central: https://repo.maven.apache.org/maven2/org/codehaus/plexus/plexus-component-annotations/1.5.5/plexus-component-annotations-1.5.5.pom
[43248108-d28a-4fe8-aa48-513cf9fd625b/build]   | Progress (1): 815 B                   Downloaded from central: https://repo.maven.apache.org/maven2/org/codehaus/plexus/plexus-component-annotations/1.5.5/plexus-component-annotations-1.5.5.pom (815 B at 39 kB/s)
[43248108-d28a-4fe8-aa48-513cf9fd625b/build]   | Downloading from central: https://repo.maven.apache.org/maven2/org/codehaus/plexus/plexus-containers/1.5.5/plexus-containers-1.5.5.pom
[43248108-d28a-4fe8-aa48-513cf9fd625b/build]   | Progress (1): 4.1/4.2 kBProgress (1): 4.2 kB                        Downloaded from central: https://repo.maven.apache.org/maven2/org/codehaus/plexus/plexus-containers/1.5.5/plexus-containers-1.5.5.pom (4.2 kB at 163 kB/s)
[43248108-d28a-4fe8-aa48-513cf9fd625b/build]   | Downloading from central: https://repo.maven.apache.org/maven2/org/codehaus/plexus/plexus/2.0.7/plexus-2.0.7.pom
[43248108-d28a-4fe8-aa48-513cf9fd625b/build]   | Progress (1): 4.1/17 kBProgress (1): 8.2/17 kBProgress (1): 12/17 kB Progress (1): 16/17 kBProgress (1): 17 kB                      Downloaded from central: https://repo.maven.apache.org/maven2/org/codehaus/plexus/plexus/2.0.7/plexus-2.0.7.pom (17 kB at 824 kB/s)
[43248108-d28a-4fe8-aa48-513cf9fd625b/build]   | Downloading from central: https://repo.maven.apache.org/maven2/org/codehaus/plexus/plexus-compiler-api/2.2/plexus-compiler-api-2.2.pom
[43248108-d28a-4fe8-aa48-513cf9fd625b/build]   | Progress (1): 865 B                   Downloaded from central: https://repo.maven.apache.org/maven2/org/codehaus/plexus/plexus-compiler-api/2.2/plexus-compiler-api-2.2.pom (865 B at 15 kB/s)
[43248108-d28a-4fe8-aa48-513cf9fd625b/build]   | Downloading from central: https://repo.maven.apache.org/maven2/org/codehaus/plexus/plexus-compiler/2.2/plexus-compiler-2.2.pom
[43248108-d28a-4fe8-aa48-513cf9fd625b/build]   | Progress (1): 3.6 kB                    Downloaded from central: https://repo.maven.apache.org/maven2/org/codehaus/plexus/plexus-compiler/2.2/plexus-compiler-2.2.pom (3.6 kB at 93 kB/s)
[43248108-d28a-4fe8-aa48-513cf9fd625b/build]   | Downloading from central: https://repo.maven.apache.org/maven2/org/codehaus/plexus/plexus-components/1.3.1/plexus-components-1.3.1.pom
[43248108-d28a-4fe8-aa48-513cf9fd625b/build]   | Progress (1): 3.1 kB                    Downloaded from central: https://repo.maven.apache.org/maven2/org/codehaus/plexus/plexus-components/1.3.1/plexus-components-1.3.1.pom (3.1 kB at 118 kB/s)
[43248108-d28a-4fe8-aa48-513cf9fd625b/build]   | Downloading from central: https://repo.maven.apache.org/maven2/org/codehaus/plexus/plexus/3.3.1/plexus-3.3.1.pom
[43248108-d28a-4fe8-aa48-513cf9fd625b/build]   | Progress (1): 4.1/20 kBProgress (1): 8.2/20 kBProgress (1): 12/20 kB Progress (1): 16/20 kBProgress (1): 20 kB                      Downloaded from central: https://repo.maven.apache.org/maven2/org/codehaus/plexus/plexus/3.3.1/plexus-3.3.1.pom (20 kB at 682 kB/s)
[43248108-d28a-4fe8-aa48-513cf9fd625b/build]   | Downloading from central: https://repo.maven.apache.org/maven2/org/sonatype/spice/spice-parent/17/spice-parent-17.pom
[43248108-d28a-4fe8-aa48-513cf9fd625b/build]   | Progress (1): 4.1/6.8 kBProgress (1): 6.8 kB                        Downloaded from central: https://repo.maven.apache.org/maven2/org/sonatype/spice/spice-parent/17/spice-parent-17.pom (6.8 kB at 422 kB/s)
[43248108-d28a-4fe8-aa48-513cf9fd625b/build]   | Downloading from central: https://repo.maven.apache.org/maven2/org/sonatype/forge/forge-parent/10/forge-parent-10.pom
[43248108-d28a-4fe8-aa48-513cf9fd625b/build]   | Progress (1): 4.1/14 kBProgress (1): 8.2/14 kBProgress (1): 12/14 kB Progress (1): 14 kB                      Downloaded from central: https://repo.maven.apache.org/maven2/org/sonatype/forge/forge-parent/10/forge-parent-10.pom (14 kB at 753 kB/s)
[43248108-d28a-4fe8-aa48-513cf9fd625b/build]   | Downloading from central: https://repo.maven.apache.org/maven2/org/codehaus/plexus/plexus-utils/3.0.8/plexus-utils-3.0.8.pom
[43248108-d28a-4fe8-aa48-513cf9fd625b/build]   | Progress (1): 3.1 kB                    Downloaded from central: https://repo.maven.apache.org/maven2/org/codehaus/plexus/plexus-utils/3.0.8/plexus-utils-3.0.8.pom (3.1 kB at 165 kB/s)
[43248108-d28a-4fe8-aa48-513cf9fd625b/build]   | Downloading from central: https://repo.maven.apache.org/maven2/org/codehaus/plexus/plexus/3.2/plexus-3.2.pom
[43248108-d28a-4fe8-aa48-513cf9fd625b/build]   | Progress (1): 4.1/19 kBProgress (1): 8.2/19 kBProgress (1): 12/19 kB Progress (1): 16/19 kBProgress (1): 19 kB                      Downloaded from central: https://repo.maven.apache.org/maven2/org/codehaus/plexus/plexus/3.2/plexus-3.2.pom (19 kB at 670 kB/s)
[43248108-d28a-4fe8-aa48-513cf9fd625b/build]   | Downloading from central: https://repo.maven.apache.org/maven2/org/codehaus/plexus/plexus-compiler-manager/2.2/plexus-compiler-manager-2.2.pom
[43248108-d28a-4fe8-aa48-513cf9fd625b/build]   | Progress (1): 690 B                   Downloaded from central: https://repo.maven.apache.org/maven2/org/codehaus/plexus/plexus-compiler-manager/2.2/plexus-compiler-manager-2.2.pom (690 B at 19 kB/s)
[43248108-d28a-4fe8-aa48-513cf9fd625b/build]   | Downloading from central: https://repo.maven.apache.org/maven2/org/codehaus/plexus/plexus-compiler-javac/2.2/plexus-compiler-javac-2.2.pom
[43248108-d28a-4fe8-aa48-513cf9fd625b/build]   | Progress (1): 769 B                   Downloaded from central: https://repo.maven.apache.org/maven2/org/codehaus/plexus/plexus-compiler-javac/2.2/plexus-compiler-javac-2.2.pom (769 B at 3.2 kB/s)
[43248108-d28a-4fe8-aa48-513cf9fd625b/build]   | Downloading from central: https://repo.maven.apache.org/maven2/org/codehaus/plexus/plexus-compilers/2.2/plexus-compilers-2.2.pom
[43248108-d28a-4fe8-aa48-513cf9fd625b/build]   | Progress (1): 1.2 kB                    Downloaded from central: https://repo.maven.apache.org/maven2/org/codehaus/plexus/plexus-compilers/2.2/plexus-compilers-2.2.pom (1.2 kB at 41 kB/s)
[43248108-d28a-4fe8-aa48-513cf9fd625b/build]   | Downloading from central: https://repo.maven.apache.org/maven2/org/codehaus/plexus/plexus-container-default/1.5.5/plexus-container-default-1.5.5.pom
[43248108-d28a-4fe8-aa48-513cf9fd625b/build]   | Progress (1): 2.8 kB                    Downloaded from central: https://repo.maven.apache.org/maven2/org/codehaus/plexus/plexus-container-default/1.5.5/plexus-container-default-1.5.5.pom (2.8 kB at 86 kB/s)
[43248108-d28a-4fe8-aa48-513cf9fd625b/build]   | Downloading from central: https://repo.maven.apache.org/maven2/org/codehaus/plexus/plexus-utils/1.4.5/plexus-utils-1.4.5.pom
[43248108-d28a-4fe8-aa48-513cf9fd625b/build]   | Progress (1): 2.3 kB                    Downloaded from central: https://repo.maven.apache.org/maven2/org/codehaus/plexus/plexus-utils/1.4.5/plexus-utils-1.4.5.pom (2.3 kB at 94 kB/s)
[43248108-d28a-4fe8-aa48-513cf9fd625b/build]   | Downloading from central: https://repo.maven.apache.org/maven2/org/codehaus/plexus/plexus-classworlds/2.2.2/plexus-classworlds-2.2.2.pom
[43248108-d28a-4fe8-aa48-513cf9fd625b/build]   | Progress (1): 4.0 kB                    Downloaded from central: https://repo.maven.apache.org/maven2/org/codehaus/plexus/plexus-classworlds/2.2.2/plexus-classworlds-2.2.2.pom (4.0 kB at 202 kB/s)
[43248108-d28a-4fe8-aa48-513cf9fd625b/build]   | Downloading from central: https://repo.maven.apache.org/maven2/org/apache/xbean/xbean-reflect/3.4/xbean-reflect-3.4.pom
[43248108-d28a-4fe8-aa48-513cf9fd625b/build]   | Progress (1): 2.8 kB                    Downloaded from central: https://repo.maven.apache.org/maven2/org/apache/xbean/xbean-reflect/3.4/xbean-reflect-3.4.pom (2.8 kB at 201 kB/s)
[43248108-d28a-4fe8-aa48-513cf9fd625b/build]   | Downloading from central: https://repo.maven.apache.org/maven2/org/apache/xbean/xbean/3.4/xbean-3.4.pom
[43248108-d28a-4fe8-aa48-513cf9fd625b/build]   | Progress (1): 4.1/19 kBProgress (1): 8.2/19 kBProgress (1): 12/19 kB Progress (1): 16/19 kBProgress (1): 19 kB                      Downloaded from central: https://repo.maven.apache.org/maven2/org/apache/xbean/xbean/3.4/xbean-3.4.pom (19 kB at 350 kB/s)
[43248108-d28a-4fe8-aa48-513cf9fd625b/build]   | Downloading from central: https://repo.maven.apache.org/maven2/log4j/log4j/1.2.12/log4j-1.2.12.pom
[43248108-d28a-4fe8-aa48-513cf9fd625b/build]   | Progress (1): 145 B                   Downloaded from central: https://repo.maven.apache.org/maven2/log4j/log4j/1.2.12/log4j-1.2.12.pom (145 B at 8.1 kB/s)
[43248108-d28a-4fe8-aa48-513cf9fd625b/build]   | Downloading from central: https://repo.maven.apache.org/maven2/commons-logging/commons-logging-api/1.1/commons-logging-api-1.1.pom
[43248108-d28a-4fe8-aa48-513cf9fd625b/build]   | Progress (1): 4.1/5.3 kBProgress (1): 5.3 kB                        Downloaded from central: https://repo.maven.apache.org/maven2/commons-logging/commons-logging-api/1.1/commons-logging-api-1.1.pom (5.3 kB at 214 kB/s)
[43248108-d28a-4fe8-aa48-513cf9fd625b/build]   | Downloading from central: https://repo.maven.apache.org/maven2/com/google/collections/google-collections/1.0/google-collections-1.0.pom
[43248108-d28a-4fe8-aa48-513cf9fd625b/build]   | Progress (1): 2.5 kB                    Downloaded from central: https://repo.maven.apache.org/maven2/com/google/collections/google-collections/1.0/google-collections-1.0.pom (2.5 kB at 108 kB/s)
[43248108-d28a-4fe8-aa48-513cf9fd625b/build]   | Downloading from central: https://repo.maven.apache.org/maven2/com/google/google/1/google-1.pom
[43248108-d28a-4fe8-aa48-513cf9fd625b/build]   | Progress (1): 1.6 kB                    Downloaded from central: https://repo.maven.apache.org/maven2/com/google/google/1/google-1.pom (1.6 kB at 46 kB/s)
[43248108-d28a-4fe8-aa48-513cf9fd625b/build]   | Downloading from central: https://repo.maven.apache.org/maven2/junit/junit/3.8.2/junit-3.8.2.pom
[43248108-d28a-4fe8-aa48-513cf9fd625b/build]   | Progress (1): 747 B                   Downloaded from central: https://repo.maven.apache.org/maven2/junit/junit/3.8.2/junit-3.8.2.pom (747 B at 42 kB/s)
[43248108-d28a-4fe8-aa48-513cf9fd625b/build]   | Downloading from central: https://repo.maven.apache.org/maven2/org/apache/maven/maven-plugin-api/2.0.9/maven-plugin-api-2.0.9.jar
[43248108-d28a-4fe8-aa48-513cf9fd625b/build]   | Downloading from central: https://repo.maven.apache.org/maven2/org/apache/maven/maven-artifact/2.0.9/maven-artifact-2.0.9.jar
[43248108-d28a-4fe8-aa48-513cf9fd625b/build]   | Downloading from central: https://repo.maven.apache.org/maven2/org/codehaus/plexus/plexus-utils/1.5.1/plexus-utils-1.5.1.jar
[43248108-d28a-4fe8-aa48-513cf9fd625b/build]   | Downloading from central: https://repo.maven.apache.org/maven2/org/apache/maven/maven-core/2.0.9/maven-core-2.0.9.jar
[43248108-d28a-4fe8-aa48-513cf9fd625b/build]   | Downloading from central: https://repo.maven.apache.org/maven2/org/apache/maven/maven-settings/2.0.9/maven-settings-2.0.9.jar
[43248108-d28a-4fe8-aa48-513cf9fd625b/build]   | Progress (1): 4.1/89 kBProgress (2): 4.1/89 kB | 4.1/13 kBProgress (2): 8.2/89 kB | 4.1/13 kBProgress (2): 8.2/89 kB | 8.2/13 kBProgress (3): 8.2/89 kB | 8.2/13 kB | 4.1/49 kBProgress (3): 12/89 kB | 8.2/13 kB | 4.1/49 kB Progress (3): 12/89 kB | 12/13 kB | 4.1/49 kB Progress (3): 12/89 kB | 12/13 kB | 8.2/49 kBProgress (3): 12/89 kB | 13 kB | 8.2/49 kB   Progress (3): 16/89 kB | 13 kB | 8.2/49 kBProgress (3): 20/89 kB | 13 kB | 8.2/49 kBProgress (3): 25/89 kB | 13 kB | 8.2/49 kBProgress (3): 29/89 kB | 13 kB | 8.2/49 kBProgress (3): 33/89 kB | 13 kB | 8.2/49 kBProgress (3): 37/89 kB | 13 kB | 8.2/49 kBProgress (3): 41/89 kB | 13 kB | 8.2/49 kBProgress (3): 45/89 kB | 13 kB | 8.2/49 kBProgress (3): 49/89 kB | 13 kB | 8.2/49 kBProgress (3): 53/89 kB | 13 kB | 8.2/49 kBProgress (3): 57/89 kB | 13 kB | 8.2/49 kBProgress (3): 61/89 kB | 13 kB | 8.2/49 kBProgress (3): 66/89 kB | 13 kB | 8.2/49 kBProgress (3): 70/89 kB | 13 kB | 8.2/49 kBProgress (3): 74/89 kB | 13 kB | 8.2/49 kBProgress (3): 78/89 kB | 13 kB | 8.2/49 kBProgress (3): 82/89 kB | 13 kB | 8.2/49 kBProgress (3): 86/89 kB | 13 kB | 8.2/49 kBProgress (3): 89 kB | 13 kB | 8.2/49 kB   Progress (4): 89 kB | 13 kB | 8.2/49 kB | 4.1/160 kBProgress (4): 89 kB | 13 kB | 8.2/49 kB | 8.2/160 kBProgress (4): 89 kB | 13 kB | 8.2/49 kB | 12/160 kB Progress (4): 89 kB | 13 kB | 8.2/49 kB | 16/160 kBProgress (4): 89 kB | 13 kB | 12/49 kB | 16/160 kB Progress (4): 89 kB | 13 kB | 16/49 kB | 16/160 kBProgress (4): 89 kB | 13 kB | 16/49 kB | 20/160 kBProgress (4): 89 kB | 13 kB | 16/49 kB | 24/160 kBProgress (4): 89 kB | 13 kB | 16/49 kB | 28/160 kBProgress (4): 89 kB | 13 kB | 20/49 kB | 28/160 kBProgress (4): 89 kB | 13 kB | 20/49 kB | 32/160 kBProgress (4): 89 kB | 13 kB | 24/49 kB | 32/160 kBProgress (4): 89 kB | 13 kB | 28/49 kB | 32/160 kBProgress (4): 89 kB | 13 kB | 32/49 kB | 32/160 kBProgress (4): 89 kB | 13 kB | 32/49 kB | 36/160 kBProgress (4): 89 kB | 13 kB | 32/49 kB | 40/160 kBProgress (4): 89 kB | 13 kB | 32/49 kB | 45/160 kBProgress (4): 89 kB | 13 kB | 36/49 kB | 45/160 kBProgress (4): 89 kB | 13 kB | 36/49 kB | 49/160 kBProgress (4): 89 kB | 13 kB | 40/49 kB | 49/160 kBProgress (4): 89 kB | 13 kB | 45/49 kB | 49/160 kBProgress (4): 89 kB | 13 kB | 45/49 kB | 53/160 kBProgress (4): 89 kB | 13 kB | 49/49 kB | 53/160 kBProgress (4): 89 kB | 13 kB | 49/49 kB | 57/160 kBProgress (4): 89 kB | 13 kB | 49 kB | 57/160 kB   Progress (4): 89 kB | 13 kB | 49 kB | 61/160 kBProgress (4): 89 kB | 13 kB | 49 kB | 65/160 kBProgress (4): 89 kB | 13 kB | 49 kB | 69/160 kBProgress (4): 89 kB | 13 kB | 49 kB | 73/160 kBProgress (4): 89 kB | 13 kB | 49 kB | 77/160 kBProgress (4): 89 kB | 13 kB | 49 kB | 81/160 kBProgress (4): 89 kB | 13 kB | 49 kB | 85/160 kBProgress (4): 89 kB | 13 kB | 49 kB | 90/160 kBProgress (4): 89 kB | 13 kB | 49 kB | 94/160 kBProgress (4): 89 kB | 13 kB | 49 kB | 98/160 kBProgress (4): 89 kB | 13 kB | 49 kB | 102/160 kBProgress (4): 89 kB | 13 kB | 49 kB | 106/160 kBProgress (4): 89 kB | 13 kB | 49 kB | 110/160 kBProgress (4): 89 kB | 13 kB | 49 kB | 114/160 kBProgress (4): 89 kB | 13 kB | 49 kB | 118/160 kBProgress (4): 89 kB | 13 kB | 49 kB | 122/160 kBProgress (4): 89 kB | 13 kB | 49 kB | 126/160 kBProgress (4): 89 kB | 13 kB | 49 kB | 131/160 kBProgress (4): 89 kB | 13 kB | 49 kB | 135/160 kBProgress (4): 89 kB | 13 kB | 49 kB | 139/160 kBProgress (4): 89 kB | 13 kB | 49 kB | 143/160 kBProgress (4): 89 kB | 13 kB | 49 kB | 147/160 kBProgress (4): 89 kB | 13 kB | 49 kB | 151/160 kBProgress (4): 89 kB | 13 kB | 49 kB | 155/160 kBProgress (4): 89 kB | 13 kB | 49 kB | 159/160 kBProgress (4): 89 kB | 13 kB | 49 kB | 160 kB    Progress (5): 89 kB | 13 kB | 49 kB | 160 kB | 4.1/211 kBProgress (5): 89 kB | 13 kB | 49 kB | 160 kB | 8.2/211 kBProgress (5): 89 kB | 13 kB | 49 kB | 160 kB | 12/211 kB Progress (5): 89 kB | 13 kB | 49 kB | 160 kB | 16/211 kBProgress (5): 89 kB | 13 kB | 49 kB | 160 kB | 20/211 kBProgress (5): 89 kB | 13 kB | 49 kB | 160 kB | 25/211 kBProgress (5): 89 kB | 13 kB | 49 kB | 160 kB | 29/211 kBProgress (5): 89 kB | 13 kB | 49 kB | 160 kB | 33/211 kB                                                        Downloaded from central: https://repo.maven.apache.org/maven2/org/apache/maven/maven-plugin-api/2.0.9/maven-plugin-api-2.0.9.jar (13 kB at 286 kB/s)
[43248108-d28a-4fe8-aa48-513cf9fd625b/build]   | Downloading from central: https://repo.maven.apache.org/maven2/org/apache/maven/maven-plugin-parameter-documenter/2.0.9/maven-plugin-parameter-documenter-2.0.9.jar
[43248108-d28a-4fe8-aa48-513cf9fd625b/build]   | Progress (4): 89 kB | 49 kB | 160 kB | 37/211 kBProgress (4): 89 kB | 49 kB | 160 kB | 41/211 kBProgress (4): 89 kB | 49 kB | 160 kB | 45/211 kBProgress (4): 89 kB | 49 kB | 160 kB | 49/211 kBProgress (4): 89 kB | 49 kB | 160 kB | 53/211 kBProgress (4): 89 kB | 49 kB | 160 kB | 57/211 kBProgress (4): 89 kB | 49 kB | 160 kB | 61/211 kBProgress (4): 89 kB | 49 kB | 160 kB | 66/211 kBProgress (4): 89 kB | 49 kB | 160 kB | 70/211 kBProgress (4): 89 kB | 49 kB | 160 kB | 74/211 kBProgress (4): 89 kB | 49 kB | 160 kB | 78/211 kBProgress (4): 89 kB | 49 kB | 160 kB | 82/211 kBProgress (5): 89 kB | 49 kB | 160 kB | 82/211 kB | 4.1/21 kBProgress (5): 89 kB | 49 kB | 160 kB | 82/211 kB | 8.2/21 kBProgress (5): 89 kB | 49 kB | 160 kB | 82/211 kB | 12/21 kB Progress (5): 89 kB | 49 kB | 160 kB | 82/211 kB | 16/21 kBProgress (5): 89 kB | 49 kB | 160 kB | 82/211 kB | 20/21 kBProgress (5): 89 kB | 49 kB | 160 kB | 82/211 kB | 21 kB                                                           Downloaded from central: https://repo.maven.apache.org/maven2/org/apache/maven/maven-artifact/2.0.9/maven-artifact-2.0.9.jar (89 kB at 1.9 MB/s)
[43248108-d28a-4fe8-aa48-513cf9fd625b/build]   | Downloading from central: https://repo.maven.apache.org/maven2/org/apache/maven/maven-profile/2.0.9/maven-profile-2.0.9.jar
[43248108-d28a-4fe8-aa48-513cf9fd625b/build]   | Progress (4): 49 kB | 160 kB | 86/211 kB | 21 kBProgress (4): 49 kB | 160 kB | 90/211 kB | 21 kBProgress (4): 49 kB | 160 kB | 94/211 kB | 21 kBProgress (4): 49 kB | 160 kB | 98/211 kB | 21 kBProgress (4): 49 kB | 160 kB | 102/211 kB | 21 kBProgress (4): 49 kB | 160 kB | 106/211 kB | 21 kBProgress (4): 49 kB | 160 kB | 111/211 kB | 21 kBProgress (4): 49 kB | 160 kB | 115/211 kB | 21 kB                                                 Downloaded from central: https://repo.maven.apache.org/maven2/org/apache/maven/maven-settings/2.0.9/maven-settings-2.0.9.jar (49 kB at 1.0 MB/s)
[43248108-d28a-4fe8-aa48-513cf9fd625b/build]   | Downloading from central: https://repo.maven.apache.org/maven2/org/apache/maven/maven-model/2.0.9/maven-model-2.0.9.jar
[43248108-d28a-4fe8-aa48-513cf9fd625b/build]   | Progress (3): 160 kB | 119/211 kB | 21 kBProgress (4): 160 kB | 119/211 kB | 21 kB | 4.1/35 kBProgress (4): 160 kB | 123/211 kB | 21 kB | 4.1/35 kBProgress (5): 160 kB | 123/211 kB | 21 kB | 4.1/35 kB | 4.1/87 kBProgress (5): 160 kB | 127/211 kB | 21 kB | 4.1/35 kB | 4.1/87 kBProgress (5): 160 kB | 127/211 kB | 21 kB | 8.2/35 kB | 4.1/87 kBProgress (5): 160 kB | 127/211 kB | 21 kB | 8.2/35 kB | 8.2/87 kBProgress (5): 160 kB | 127/211 kB | 21 kB | 12/35 kB | 8.2/87 kB Progress (5): 160 kB | 127/211 kB | 21 kB | 12/35 kB | 12/87 kB Progress (5): 160 kB | 127/211 kB | 21 kB | 16/35 kB | 12/87 kBProgress (5): 160 kB | 131/211 kB | 21 kB | 16/35 kB | 12/87 kBProgress (5): 160 kB | 131/211 kB | 21 kB | 16/35 kB | 16/87 kBProgress (5): 160 kB | 131/211 kB | 21 kB | 20/35 kB | 16/87 kBProgress (5): 160 kB | 131/211 kB | 21 kB | 24/35 kB | 16/87 kBProgress (5): 160 kB | 135/211 kB | 21 kB | 24/35 kB | 16/87 kBProgress (5): 160 kB | 135/211 kB | 21 kB | 28/35 kB | 16/87 kBProgress (5): 160 kB | 135/211 kB | 21 kB | 28/35 kB | 20/87 kBProgress (5): 160 kB | 139/211 kB | 21 kB | 28/35 kB | 20/87 kBProgress (5): 160 kB | 139/211 kB | 21 kB | 32/35 kB | 20/87 kBProgress (5): 160 kB | 139/211 kB | 21 kB | 32/35 kB | 24/87 kBProgress (5): 160 kB | 143/211 kB | 21 kB | 32/35 kB | 24/87 kBProgress (5): 160 kB | 143/211 kB | 21 kB | 32/35 kB | 28/87 kBProgress (5): 160 kB | 143/211 kB | 21 kB | 35 kB | 28/87 kB   Progress (5): 160 kB | 147/211 kB | 21 kB | 35 kB | 28/87 kBProgress (5): 160 kB | 147/211 kB | 21 kB | 35 kB | 32/87 kBProgress (5): 160 kB | 152/211 kB | 21 kB | 35 kB | 32/87 kBProgress (5): 160 kB | 156/211 kB | 21 kB | 35 kB | 32/87 kBProgress (5): 160 kB | 156/211 kB | 21 kB | 35 kB | 36/87 kBProgress (5): 160 kB | 160/211 kB | 21 kB | 35 kB | 36/87 kBProgress (5): 160 kB | 160/211 kB | 21 kB | 35 kB | 40/87 kBProgress (5): 160 kB | 164/211 kB | 21 kB | 35 kB | 40/87 kBProgress (5): 160 kB | 164/211 kB | 21 kB | 35 kB | 45/87 kBProgress (5): 160 kB | 164/211 kB | 21 kB | 35 kB | 49/87 kBProgress (5): 160 kB | 164/211 kB | 21 kB | 35 kB | 53/87 kBProgress (5): 160 kB | 164/211 kB | 21 kB | 35 kB | 57/87 kBProgress (5): 160 kB | 164/211 kB | 21 kB | 35 kB | 61/87 kBProgress (5): 160 kB | 164/211 kB | 21 kB | 35 kB | 65/87 kBProgress (5): 160 kB | 164/211 kB | 21 kB | 35 kB | 69/87 kBProgress (5): 160 kB | 164/211 kB | 21 kB | 35 kB | 73/87 kBProgress (5): 160 kB | 164/211 kB | 21 kB | 35 kB | 77/87 kBProgress (5): 160 kB | 164/211 kB | 21 kB | 35 kB | 81/87 kBProgress (5): 160 kB | 164/211 kB | 21 kB | 35 kB | 85/87 kBProgress (5): 160 kB | 164/211 kB | 21 kB | 35 kB | 87 kB   Progress (5): 160 kB | 168/211 kB | 21 kB | 35 kB | 87 kB                                                         Downloaded from central: https://repo.maven.apache.org/maven2/org/apache/maven/maven-plugin-parameter-documenter/2.0.9/maven-plugin-parameter-documenter-2.0.9.jar (21 kB at 294 kB/s)
[43248108-d28a-4fe8-aa48-513cf9fd625b/build]   | Progress (4): 160 kB | 172/211 kB | 35 kB | 87 kB                                                 Downloading from central: https://repo.maven.apache.org/maven2/org/apache/maven/maven-repository-metadata/2.0.9/maven-repository-metadata-2.0.9.jar
[43248108-d28a-4fe8-aa48-513cf9fd625b/build]   | Progress (4): 160 kB | 176/211 kB | 35 kB | 87 kBProgress (4): 160 kB | 180/211 kB | 35 kB | 87 kBProgress (4): 160 kB | 184/211 kB | 35 kB | 87 kBProgress (4): 160 kB | 188/211 kB | 35 kB | 87 kBProgress (4): 160 kB | 193/211 kB | 35 kB | 87 kBProgress (4): 160 kB | 197/211 kB | 35 kB | 87 kBProgress (4): 160 kB | 201/211 kB | 35 kB | 87 kBProgress (4): 160 kB | 205/211 kB | 35 kB | 87 kBProgress (4): 160 kB | 209/211 kB | 35 kB | 87 kBProgress (4): 160 kB | 211 kB | 35 kB | 87 kB    Progress (5): 160 kB | 211 kB | 35 kB | 87 kB | 4.1/25 kBProgress (5): 160 kB | 211 kB | 35 kB | 87 kB | 8.2/25 kBProgress (5): 160 kB | 211 kB | 35 kB | 87 kB | 12/25 kB Progress (5): 160 kB | 211 kB | 35 kB | 87 kB | 16/25 kBProgress (5): 160 kB | 211 kB | 35 kB | 87 kB | 20/25 kBProgress (5): 160 kB | 211 kB | 35 kB | 87 kB | 25 kB                                                        Downloaded from central: https://repo.maven.apache.org/maven2/org/apache/maven/maven-core/2.0.9/maven-core-2.0.9.jar (160 kB at 2.0 MB/s)
[43248108-d28a-4fe8-aa48-513cf9fd625b/build]   | Downloading from central: https://repo.maven.apache.org/maven2/org/apache/maven/maven-error-diagnostics/2.0.9/maven-error-diagnostics-2.0.9.jar
[43248108-d28a-4fe8-aa48-513cf9fd625b/build]   | Progress (5): 211 kB | 35 kB | 87 kB | 25 kB | 4.1/14 kBProgress (5): 211 kB | 35 kB | 87 kB | 25 kB | 8.2/14 kBProgress (5): 211 kB | 35 kB | 87 kB | 25 kB | 12/14 kB Progress (5): 211 kB | 35 kB | 87 kB | 25 kB | 14 kB                                                       Downloaded from central: https://repo.maven.apache.org/maven2/org/apache/maven/maven-profile/2.0.9/maven-profile-2.0.9.jar (35 kB at 426 kB/s)
[43248108-d28a-4fe8-aa48-513cf9fd625b/build]   | Downloading from central: https://repo.maven.apache.org/maven2/org/apache/maven/maven-project/2.0.9/maven-project-2.0.9.jar
[43248108-d28a-4fe8-aa48-513cf9fd625b/build]   | Downloaded from central: https://repo.maven.apache.org/maven2/org/apache/maven/maven-model/2.0.9/maven-model-2.0.9.jar (87 kB at 1.0 MB/s)
[43248108-d28a-4fe8-aa48-513cf9fd625b/build]   | Downloading from central: https://repo.maven.apache.org/maven2/org/apache/maven/maven-plugin-registry/2.0.9/maven-plugin-registry-2.0.9.jar
[43248108-d28a-4fe8-aa48-513cf9fd625b/build]   | Downloaded from central: https://repo.maven.apache.org/maven2/org/apache/maven/maven-repository-metadata/2.0.9/maven-repository-metadata-2.0.9.jar (25 kB at 273 kB/s)
[43248108-d28a-4fe8-aa48-513cf9fd625b/build]   | Downloading from central: https://repo.maven.apache.org/maven2/org/apache/maven/maven-plugin-descriptor/2.0.9/maven-plugin-descriptor-2.0.9.jar
[43248108-d28a-4fe8-aa48-513cf9fd625b/build]   | Progress (3): 211 kB | 14 kB | 4.1/122 kBProgress (4): 211 kB | 14 kB | 4.1/122 kB | 4.1/29 kBProgress (4): 211 kB | 14 kB | 8.2/122 kB | 4.1/29 kBProgress (4): 211 kB | 14 kB | 12/122 kB | 4.1/29 kB Progress (4): 211 kB | 14 kB | 12/122 kB | 8.2/29 kBProgress (4): 211 kB | 14 kB | 16/122 kB | 8.2/29 kBProgress (4): 211 kB | 14 kB | 16/122 kB | 12/29 kB Progress (4): 211 kB | 14 kB | 16/122 kB | 16/29 kBProgress (4): 211 kB | 14 kB | 20/122 kB | 16/29 kBProgress (4): 211 kB | 14 kB | 20/122 kB | 20/29 kBProgress (4): 211 kB | 14 kB | 24/122 kB | 20/29 kB                                                   Downloaded from central: https://repo.maven.apache.org/maven2/org/codehaus/plexus/plexus-utils/1.5.1/plexus-utils-1.5.1.jar (211 kB at 2.2 MB/s)
[43248108-d28a-4fe8-aa48-513cf9fd625b/build]   | Progress (3): 14 kB | 28/122 kB | 20/29 kBProgress (3): 14 kB | 28/122 kB | 24/29 kB                                          Downloading from central: https://repo.maven.apache.org/maven2/org/apache/maven/maven-artifact-manager/2.0.9/maven-artifact-manager-2.0.9.jar
[43248108-d28a-4fe8-aa48-513cf9fd625b/build]   | Progress (3): 14 kB | 32/122 kB | 24/29 kBProgress (3): 14 kB | 32/122 kB | 28/29 kBProgress (3): 14 kB | 32/122 kB | 29 kB   Progress (3): 14 kB | 36/122 kB | 29 kBProgress (3): 14 kB | 40/122 kB | 29 kBProgress (3): 14 kB | 45/122 kB | 29 kBProgress (3): 14 kB | 49/122 kB | 29 kBProgress (3): 14 kB | 53/122 kB | 29 kBProgress (3): 14 kB | 57/122 kB | 29 kBProgress (3): 14 kB | 61/122 kB | 29 kBProgress (3): 14 kB | 65/122 kB | 29 kBProgress (3): 14 kB | 69/122 kB | 29 kBProgress (3): 14 kB | 73/122 kB | 29 kBProgress (3): 14 kB | 77/122 kB | 29 kBProgress (3): 14 kB | 81/122 kB | 29 kBProgress (4): 14 kB | 81/122 kB | 29 kB | 4.1/37 kBProgress (4): 14 kB | 81/122 kB | 29 kB | 8.2/37 kBProgress (4): 14 kB | 85/122 kB | 29 kB | 8.2/37 kBProgress (4): 14 kB | 85/122 kB | 29 kB | 12/37 kB Progress (5): 14 kB | 85/122 kB | 29 kB | 12/37 kB | 4.1/58 kBProgress (5): 14 kB | 90/122 kB | 29 kB | 12/37 kB | 4.1/58 kBProgress (5): 14 kB | 90/122 kB | 29 kB | 16/37 kB | 4.1/58 kBProgress (5): 14 kB | 90/122 kB | 29 kB | 16/37 kB | 8.2/58 kBProgress (5): 14 kB | 94/122 kB | 29 kB | 16/37 kB | 8.2/58 kBProgress (5): 14 kB | 94/122 kB | 29 kB | 16/37 kB | 12/58 kB Progress (5): 14 kB | 98/122 kB | 29 kB | 16/37 kB | 12/58 kBProgress (5): 14 kB | 98/122 kB | 29 kB | 16/37 kB | 16/58 kBProgress (5): 14 kB | 102/122 kB | 29 kB | 16/37 kB | 16/58 kBProgress (5): 14 kB | 102/122 kB | 29 kB | 16/37 kB | 20/58 kBProgress (5): 14 kB | 106/122 kB | 29 kB | 16/37 kB | 20/58 kBProgress (5): 14 kB | 106/122 kB | 29 kB | 16/37 kB | 25/58 kBProgress (5): 14 kB | 110/122 kB | 29 kB | 16/37 kB | 25/58 kBProgress (5): 14 kB | 110/122 kB | 29 kB | 16/37 kB | 29/58 kBProgress (5): 14 kB | 114/122 kB | 29 kB | 16/37 kB | 29/58 kBProgress (5): 14 kB | 114/122 kB | 29 kB | 20/37 kB | 29/58 kBProgress (5): 14 kB | 114/122 kB | 29 kB | 20/37 kB | 33/58 kBProgress (5): 14 kB | 114/122 kB | 29 kB | 25/37 kB | 33/58 kBProgress (5): 14 kB | 118/122 kB | 29 kB | 25/37 kB | 33/58 kBProgress (5): 14 kB | 118/122 kB | 29 kB | 29/37 kB | 33/58 kBProgress (5): 14 kB | 122 kB | 29 kB | 29/37 kB | 33/58 kB    Progress (5): 14 kB | 122 kB | 29 kB | 33/37 kB | 33/58 kBProgress (5): 14 kB | 122 kB | 29 kB | 33/37 kB | 37/58 kBProgress (5): 14 kB | 122 kB | 29 kB | 33/37 kB | 41/58 kBProgress (5): 14 kB | 122 kB | 29 kB | 37/37 kB | 41/58 kBProgress (5): 14 kB | 122 kB | 29 kB | 37/37 kB | 45/58 kBProgress (5): 14 kB | 122 kB | 29 kB | 37 kB | 45/58 kB   Progress (5): 14 kB | 122 kB | 29 kB | 37 kB | 49/58 kBProgress (5): 14 kB | 122 kB | 29 kB | 37 kB | 53/58 kBProgress (5): 14 kB | 122 kB | 29 kB | 37 kB | 57/58 kBProgress (5): 14 kB | 122 kB | 29 kB | 37 kB | 58 kB                                                       Downloaded from central: https://repo.maven.apache.org/maven2/org/apache/maven/maven-error-diagnostics/2.0.9/maven-error-diagnostics-2.0.9.jar (14 kB at 136 kB/s)
[43248108-d28a-4fe8-aa48-513cf9fd625b/build]   | Downloading from central: https://repo.maven.apache.org/maven2/org/apache/maven/maven-monitor/2.0.9/maven-monitor-2.0.9.jar
[43248108-d28a-4fe8-aa48-513cf9fd625b/build]   | Downloaded from central: https://repo.maven.apache.org/maven2/org/apache/maven/maven-plugin-registry/2.0.9/maven-plugin-registry-2.0.9.jar (29 kB at 280 kB/s)
[43248108-d28a-4fe8-aa48-513cf9fd625b/build]   | Downloading from central: https://repo.maven.apache.org/maven2/org/apache/maven/maven-toolchain/1.0/maven-toolchain-1.0.jar
[43248108-d28a-4fe8-aa48-513cf9fd625b/build]   | Progress (4): 122 kB | 37 kB | 58 kB | 4.1/10 kBProgress (4): 122 kB | 37 kB | 58 kB | 8.2/10 kBProgress (4): 122 kB | 37 kB | 58 kB | 10 kB                                                Downloaded from central: https://repo.maven.apache.org/maven2/org/apache/maven/maven-project/2.0.9/maven-project-2.0.9.jar (122 kB at 1.1 MB/s)
[43248108-d28a-4fe8-aa48-513cf9fd625b/build]   | Downloading from central: https://repo.maven.apache.org/maven2/org/apache/maven/shared/maven-shared-utils/0.1/maven-shared-utils-0.1.jar
[43248108-d28a-4fe8-aa48-513cf9fd625b/build]   | Progress (4): 37 kB | 58 kB | 10 kB | 4.1/33 kBProgress (4): 37 kB | 58 kB | 10 kB | 8.2/33 kBProgress (4): 37 kB | 58 kB | 10 kB | 12/33 kB Progress (4): 37 kB | 58 kB | 10 kB | 16/33 kBProgress (4): 37 kB | 58 kB | 10 kB | 20/33 kBProgress (4): 37 kB | 58 kB | 10 kB | 25/33 kBProgress (4): 37 kB | 58 kB | 10 kB | 29/33 kBProgress (4): 37 kB | 58 kB | 10 kB | 33/33 kBProgress (4): 37 kB | 58 kB | 10 kB | 33 kB                                              Downloaded from central: https://repo.maven.apache.org/maven2/org/apache/maven/maven-plugin-descriptor/2.0.9/maven-plugin-descriptor-2.0.9.jar (37 kB at 325 kB/s)
[43248108-d28a-4fe8-aa48-513cf9fd625b/build]   | Downloaded from central: https://repo.maven.apache.org/maven2/org/apache/maven/maven-monitor/2.0.9/maven-monitor-2.0.9.jar (10 kB at 90 kB/s)
[43248108-d28a-4fe8-aa48-513cf9fd625b/build]   | Downloaded from central: https://repo.maven.apache.org/maven2/org/apache/maven/maven-artifact-manager/2.0.9/maven-artifact-manager-2.0.9.jar (58 kB at 507 kB/s)
[43248108-d28a-4fe8-aa48-513cf9fd625b/build]   | Downloading from central: https://repo.maven.apache.org/maven2/org/apache/maven/shared/maven-shared-incremental/1.1/maven-shared-incremental-1.1.jar
[43248108-d28a-4fe8-aa48-513cf9fd625b/build]   | Downloading from central: https://repo.maven.apache.org/maven2/com/google/code/findbugs/jsr305/2.0.1/jsr305-2.0.1.jar
[43248108-d28a-4fe8-aa48-513cf9fd625b/build]   | Downloading from central: https://repo.maven.apache.org/maven2/org/codehaus/plexus/plexus-component-annotations/1.5.5/plexus-component-annotations-1.5.5.jar
[43248108-d28a-4fe8-aa48-513cf9fd625b/build]   | Progress (2): 33 kB | 4.1/4.2 kB                                Downloaded from central: https://repo.maven.apache.org/maven2/org/apache/maven/maven-toolchain/1.0/maven-toolchain-1.0.jar (33 kB at 279 kB/s)
[43248108-d28a-4fe8-aa48-513cf9fd625b/build]   | Progress (1): 4.2 kB                    Downloading from central: https://repo.maven.apache.org/maven2/org/codehaus/plexus/plexus-compiler-api/2.2/plexus-compiler-api-2.2.jar
[43248108-d28a-4fe8-aa48-513cf9fd625b/build]   | Progress (2): 4.2 kB | 4.1/155 kBProgress (3): 4.2 kB | 4.1/155 kB | 4.1/32 kBProgress (3): 4.2 kB | 8.2/155 kB | 4.1/32 kBProgress (3): 4.2 kB | 8.2/155 kB | 8.2/32 kBProgress (3): 4.2 kB | 12/155 kB | 8.2/32 kB Progress (3): 4.2 kB | 12/155 kB | 12/32 kB Progress (3): 4.2 kB | 16/155 kB | 12/32 kBProgress (3): 4.2 kB | 16/155 kB | 16/32 kBProgress (3): 4.2 kB | 20/155 kB | 16/32 kBProgress (3): 4.2 kB | 20/155 kB | 20/32 kBProgress (3): 4.2 kB | 24/155 kB | 20/32 kBProgress (3): 4.2 kB | 24/155 kB | 24/32 kBProgress (3): 4.2 kB | 28/155 kB | 24/32 kBProgress (3): 4.2 kB | 28/155 kB | 28/32 kBProgress (3): 4.2 kB | 32/155 kB | 28/32 kBProgress (3): 4.2 kB | 32/155 kB | 32 kB   Progress (3): 4.2 kB | 36/155 kB | 32 kBProgress (3): 4.2 kB | 40/155 kB | 32 kBProgress (3): 4.2 kB | 45/155 kB | 32 kBProgress (3): 4.2 kB | 49/155 kB | 32 kBProgress (3): 4.2 kB | 53/155 kB | 32 kBProgress (3): 4.2 kB | 57/155 kB | 32 kBProgress (3): 4.2 kB | 61/155 kB | 32 kBProgress (3): 4.2 kB | 65/155 kB | 32 kBProgress (3): 4.2 kB | 69/155 kB | 32 kBProgress (3): 4.2 kB | 73/155 kB | 32 kBProgress (3): 4.2 kB | 77/155 kB | 32 kBProgress (3): 4.2 kB | 81/155 kB | 32 kBProgress (3): 4.2 kB | 85/155 kB | 32 kBProgress (3): 4.2 kB | 90/155 kB | 32 kBProgress (3): 4.2 kB | 94/155 kB | 32 kBProgress (3): 4.2 kB | 98/155 kB | 32 kBProgress (3): 4.2 kB | 102/155 kB | 32 kBProgress (3): 4.2 kB | 106/155 kB | 32 kBProgress (3): 4.2 kB | 110/155 kB | 32 kBProgress (3): 4.2 kB | 114/155 kB | 32 kBProgress (4): 4.2 kB | 114/155 kB | 32 kB | 4.1/25 kBProgress (4): 4.2 kB | 114/155 kB | 32 kB | 8.2/25 kB                                                     Downloaded from central: https://repo.maven.apache.org/maven2/org/codehaus/plexus/plexus-component-annotations/1.5.5/plexus-component-annotations-1.5.5.jar (4.2 kB at 34 kB/s)
[43248108-d28a-4fe8-aa48-513cf9fd625b/build]   | Progress (3): 118/155 kB | 32 kB | 8.2/25 kBProgress (3): 118/155 kB | 32 kB | 12/25 kB                                            Downloading from central: https://repo.maven.apache.org/maven2/org/codehaus/plexus/plexus-compiler-manager/2.2/plexus-compiler-manager-2.2.jar
[43248108-d28a-4fe8-aa48-513cf9fd625b/build]   | Progress (3): 122/155 kB | 32 kB | 12/25 kBProgress (3): 122/155 kB | 32 kB | 16/25 kBProgress (3): 126/155 kB | 32 kB | 16/25 kBProgress (3): 131/155 kB | 32 kB | 16/25 kBProgress (3): 135/155 kB | 32 kB | 16/25 kBProgress (3): 139/155 kB | 32 kB | 16/25 kBProgress (3): 139/155 kB | 32 kB | 20/25 kBProgress (3): 143/155 kB | 32 kB | 20/25 kBProgress (3): 143/155 kB | 32 kB | 25/25 kBProgress (3): 147/155 kB | 32 kB | 25/25 kBProgress (3): 147/155 kB | 32 kB | 25 kB   Progress (3): 151/155 kB | 32 kB | 25 kBProgress (3): 155 kB | 32 kB | 25 kB                                        Downloaded from central: https://repo.maven.apache.org/maven2/com/google/code/findbugs/jsr305/2.0.1/jsr305-2.0.1.jar (32 kB at 253 kB/s)
[43248108-d28a-4fe8-aa48-513cf9fd625b/build]   | Downloading from central: https://repo.maven.apache.org/maven2/org/codehaus/plexus/plexus-compiler-javac/2.2/plexus-compiler-javac-2.2.jar
[43248108-d28a-4fe8-aa48-513cf9fd625b/build]   | Progress (3): 155 kB | 25 kB | 4.1/14 kBProgress (3): 155 kB | 25 kB | 8.2/14 kBProgress (3): 155 kB | 25 kB | 12/14 kB Progress (3): 155 kB | 25 kB | 14 kB   Progress (4): 155 kB | 25 kB | 14 kB | 4.1/4.6 kBProgress (4): 155 kB | 25 kB | 14 kB | 4.6 kB    Progress (5): 155 kB | 25 kB | 14 kB | 4.6 kB | 4.1/19 kBProgress (5): 155 kB | 25 kB | 14 kB | 4.6 kB | 8.2/19 kBProgress (5): 155 kB | 25 kB | 14 kB | 4.6 kB | 12/19 kB Progress (5): 155 kB | 25 kB | 14 kB | 4.6 kB | 16/19 kBProgress (5): 155 kB | 25 kB | 14 kB | 4.6 kB | 19 kB                                                        Downloaded from central: https://repo.maven.apache.org/maven2/org/apache/maven/shared/maven-shared-utils/0.1/maven-shared-utils-0.1.jar (155 kB at 1.2 MB/s)
[43248108-d28a-4fe8-aa48-513cf9fd625b/build]   | Downloading from central: https://repo.maven.apache.org/maven2/org/codehaus/plexus/plexus-container-default/1.5.5/plexus-container-default-1.5.5.jar
[43248108-d28a-4fe8-aa48-513cf9fd625b/build]   | Downloaded from central: https://repo.maven.apache.org/maven2/org/apache/maven/shared/maven-shared-incremental/1.1/maven-shared-incremental-1.1.jar (14 kB at 103 kB/s)
[43248108-d28a-4fe8-aa48-513cf9fd625b/build]   | Downloading from central: https://repo.maven.apache.org/maven2/org/codehaus/plexus/plexus-classworlds/2.2.2/plexus-classworlds-2.2.2.jar
[43248108-d28a-4fe8-aa48-513cf9fd625b/build]   | Downloaded from central: https://repo.maven.apache.org/maven2/org/codehaus/plexus/plexus-compiler-javac/2.2/plexus-compiler-javac-2.2.jar (19 kB at 144 kB/s)
[43248108-d28a-4fe8-aa48-513cf9fd625b/build]   | Downloading from central: https://repo.maven.apache.org/maven2/org/apache/xbean/xbean-reflect/3.4/xbean-reflect-3.4.jar
[43248108-d28a-4fe8-aa48-513cf9fd625b/build]   | Downloaded from central: https://repo.maven.apache.org/maven2/org/codehaus/plexus/plexus-compiler-api/2.2/plexus-compiler-api-2.2.jar (25 kB at 188 kB/s)
[43248108-d28a-4fe8-aa48-513cf9fd625b/build]   | Downloading from central: https://repo.maven.apache.org/maven2/log4j/log4j/1.2.12/log4j-1.2.12.jar
[43248108-d28a-4fe8-aa48-513cf9fd625b/build]   | Progress (2): 4.6 kB | 4.1/217 kBProgress (2): 4.6 kB | 8.2/217 kBProgress (2): 4.6 kB | 12/217 kB Progress (2): 4.6 kB | 16/217 kBProgress (2): 4.6 kB | 20/217 kBProgress (2): 4.6 kB | 25/217 kBProgress (2): 4.6 kB | 29/217 kBProgress (2): 4.6 kB | 33/217 kBProgress (2): 4.6 kB | 37/217 kBProgress (2): 4.6 kB | 41/217 kBProgress (2): 4.6 kB | 45/217 kBProgress (2): 4.6 kB | 49/217 kBProgress (2): 4.6 kB | 53/217 kBProgress (2): 4.6 kB | 57/217 kBProgress (2): 4.6 kB | 61/217 kBProgress (2): 4.6 kB | 66/217 kBProgress (2): 4.6 kB | 70/217 kBProgress (2): 4.6 kB | 74/217 kBProgress (2): 4.6 kB | 78/217 kBProgress (2): 4.6 kB | 82/217 kBProgress (2): 4.6 kB | 86/217 kBProgress (2): 4.6 kB | 90/217 kBProgress (2): 4.6 kB | 94/217 kBProgress (2): 4.6 kB | 98/217 kBProgress (2): 4.6 kB | 102/217 kBProgress (2): 4.6 kB | 106/217 kBProgress (2): 4.6 kB | 111/217 kBProgress (2): 4.6 kB | 115/217 kBProgress (2): 4.6 kB | 119/217 kBProgress (2): 4.6 kB | 123/217 kBProgress (2): 4.6 kB | 127/217 kBProgress (2): 4.6 kB | 131/217 kBProgress (2): 4.6 kB | 135/217 kBProgress (2): 4.6 kB | 139/217 kBProgress (2): 4.6 kB | 143/217 kBProgress (2): 4.6 kB | 147/217 kBProgress (2): 4.6 kB | 152/217 kBProgress (2): 4.6 kB | 156/217 kBProgress (2): 4.6 kB | 160/217 kBProgress (2): 4.6 kB | 164/217 kBProgress (2): 4.6 kB | 168/217 kBProgress (2): 4.6 kB | 172/217 kBProgress (2): 4.6 kB | 176/217 kBProgress (2): 4.6 kB | 180/217 kBProgress (2): 4.6 kB | 184/217 kBProgress (2): 4.6 kB | 188/217 kBProgress (2): 4.6 kB | 193/217 kB                                 Downloaded from central: https://repo.maven.apache.org/maven2/org/codehaus/plexus/plexus-compiler-manager/2.2/plexus-compiler-manager-2.2.jar (4.6 kB at 32 kB/s)
[43248108-d28a-4fe8-aa48-513cf9fd625b/build]   | Progress (1): 197/217 kB                        Downloading from central: https://repo.maven.apache.org/maven2/commons-logging/commons-logging-api/1.1/commons-logging-api-1.1.jar
[43248108-d28a-4fe8-aa48-513cf9fd625b/build]   | Progress (1): 201/217 kBProgress (1): 205/217 kBProgress (1): 209/217 kBProgress (1): 213/217 kBProgress (1): 217 kB    Progress (2): 217 kB | 4.1/358 kBProgress (3): 217 kB | 4.1/358 kB | 4.1/134 kBProgress (4): 217 kB | 4.1/358 kB | 4.1/134 kB | 4.1/46 kBProgress (4): 217 kB | 4.1/358 kB | 4.1/134 kB | 8.2/46 kBProgress (4): 217 kB | 4.1/358 kB | 4.1/134 kB | 12/46 kB Progress (4): 217 kB | 4.1/358 kB | 4.1/134 kB | 16/46 kBProgress (4): 217 kB | 4.1/358 kB | 4.1/134 kB | 20/46 kBProgress (4): 217 kB | 4.1/358 kB | 4.1/134 kB | 24/46 kBProgress (4): 217 kB | 4.1/358 kB | 4.1/134 kB | 28/46 kBProgress (4): 217 kB | 4.1/358 kB | 4.1/134 kB | 32/46 kBProgress (4): 217 kB | 4.1/358 kB | 4.1/134 kB | 36/46 kBProgress (4): 217 kB | 4.1/358 kB | 4.1/134 kB | 40/46 kBProgress (4): 217 kB | 4.1/358 kB | 4.1/134 kB | 45/46 kBProgress (4): 217 kB | 4.1/358 kB | 4.1/134 kB | 46 kB   Progress (5): 217 kB | 4.1/358 kB | 4.1/134 kB | 46 kB | 4.1/45 kBProgress (5): 217 kB | 4.1/358 kB | 4.1/134 kB | 46 kB | 8.2/45 kBProgress (5): 217 kB | 4.1/358 kB | 4.1/134 kB | 46 kB | 12/45 kB Progress (5): 217 kB | 4.1/358 kB | 4.1/134 kB | 46 kB | 16/45 kBProgress (5): 217 kB | 4.1/358 kB | 4.1/134 kB | 46 kB | 20/45 kBProgress (5): 217 kB | 4.1/358 kB | 4.1/134 kB | 46 kB | 24/45 kBProgress (5): 217 kB | 4.1/358 kB | 4.1/134 kB | 46 kB | 28/45 kBProgress (5): 217 kB | 4.1/358 kB | 4.1/134 kB | 46 kB | 32/45 kBProgress (5): 217 kB | 4.1/358 kB | 4.1/134 kB | 46 kB | 36/45 kBProgress (5): 217 kB | 4.1/358 kB | 4.1/134 kB | 46 kB | 40/45 kBProgress (5): 217 kB | 4.1/358 kB | 4.1/134 kB | 46 kB | 45/45 kBProgress (5): 217 kB | 4.1/358 kB | 4.1/134 kB | 46 kB | 45 kB   Progress (5): 217 kB | 4.1/358 kB | 8.2/134 kB | 46 kB | 45 kBProgress (5): 217 kB | 8.2/358 kB | 8.2/134 kB | 46 kB | 45 kBProgress (5): 217 kB | 8.2/358 kB | 12/134 kB | 46 kB | 45 kB Progress (5): 217 kB | 12/358 kB | 12/134 kB | 46 kB | 45 kB Progress (5): 217 kB | 12/358 kB | 16/134 kB | 46 kB | 45 kBProgress (5): 217 kB | 16/358 kB | 16/134 kB | 46 kB | 45 kBProgress (5): 217 kB | 16/358 kB | 20/134 kB | 46 kB | 45 kBProgress (5): 217 kB | 20/358 kB | 20/134 kB | 46 kB | 45 kBProgress (5): 217 kB | 20/358 kB | 24/134 kB | 46 kB | 45 kBProgress (5): 217 kB | 25/358 kB | 24/134 kB | 46 kB | 45 kBProgress (5): 217 kB | 25/358 kB | 28/134 kB | 46 kB | 45 kBProgress (5): 217 kB | 29/358 kB | 28/134 kB | 46 kB | 45 kBProgress (5): 217 kB | 29/358 kB | 32/134 kB | 46 kB | 45 kBProgress (5): 217 kB | 33/358 kB | 32/134 kB | 46 kB | 45 kBProgress (5): 217 kB | 37/358 kB | 32/134 kB | 46 kB | 45 kBProgress (5): 217 kB | 41/358 kB | 32/134 kB | 46 kB | 45 kBProgress (5): 217 kB | 41/358 kB | 36/134 kB | 46 kB | 45 kBProgress (5): 217 kB | 45/358 kB | 36/134 kB | 46 kB | 45 kBProgress (5): 217 kB | 45/358 kB | 40/134 kB | 46 kB | 45 kBProgress (5): 217 kB | 49/358 kB | 40/134 kB | 46 kB | 45 kBProgress (5): 217 kB | 49/358 kB | 45/134 kB | 46 kB | 45 kBProgress (5): 217 kB | 49/358 kB | 49/134 kB | 46 kB | 45 kBProgress (5): 217 kB | 53/358 kB | 49/134 kB | 46 kB | 45 kBProgress (5): 217 kB | 57/358 kB | 49/134 kB | 46 kB | 45 kBProgress (5): 217 kB | 57/358 kB | 53/134 kB | 46 kB | 45 kBProgress (5): 217 kB | 61/358 kB | 53/134 kB | 46 kB | 45 kBProgress (5): 217 kB | 61/358 kB | 57/134 kB | 46 kB | 45 kBProgress (5): 217 kB | 66/358 kB | 57/134 kB | 46 kB | 45 kBProgress (5): 217 kB | 66/358 kB | 61/134 kB | 46 kB | 45 kBProgress (5): 217 kB | 66/358 kB | 65/134 kB | 46 kB | 45 kBProgress (5): 217 kB | 70/358 kB | 65/134 kB | 46 kB | 45 kBProgress (5): 217 kB | 74/358 kB | 65/134 kB | 46 kB | 45 kBProgress (5): 217 kB | 78/358 kB | 65/134 kB | 46 kB | 45 kBProgress (5): 217 kB | 78/358 kB | 69/134 kB | 46 kB | 45 kBProgress (5): 217 kB | 82/358 kB | 69/134 kB | 46 kB | 45 kBProgress (5): 217 kB | 82/358 kB | 73/134 kB | 46 kB | 45 kBProgress (5): 217 kB | 82/358 kB | 77/134 kB | 46 kB | 45 kBProgress (5): 217 kB | 82/358 kB | 81/134 kB | 46 kB | 45 kBProgress (5): 217 kB | 86/358 kB | 81/134 kB | 46 kB | 45 kBProgress (5): 217 kB | 90/358 kB | 81/134 kB | 46 kB | 45 kBProgress (5): 217 kB | 94/358 kB | 81/134 kB | 46 kB | 45 kBProgress (5): 217 kB | 94/358 kB | 85/134 kB | 46 kB | 45 kBProgress (5): 217 kB | 98/358 kB | 85/134 kB | 46 kB | 45 kBProgress (5): 217 kB | 98/358 kB | 90/134 kB | 46 kB | 45 kBProgress (5): 217 kB | 98/358 kB | 94/134 kB | 46 kB | 45 kBProgress (5): 217 kB | 98/358 kB | 98/134 kB | 46 kB | 45 kBProgress (5): 217 kB | 102/358 kB | 98/134 kB | 46 kB | 45 kBProgress (5): 217 kB | 106/358 kB | 98/134 kB | 46 kB | 45 kBProgress (5): 217 kB | 111/358 kB | 98/134 kB | 46 kB | 45 kBProgress (5): 217 kB | 111/358 kB | 102/134 kB | 46 kB | 45 kBProgress (5): 217 kB | 115/358 kB | 102/134 kB | 46 kB | 45 kBProgress (5): 217 kB | 115/358 kB | 106/134 kB | 46 kB | 45 kBProgress (5): 217 kB | 115/358 kB | 110/134 kB | 46 kB | 45 kBProgress (5): 217 kB | 115/358 kB | 114/134 kB | 46 kB | 45 kBProgress (5): 217 kB | 119/358 kB | 114/134 kB | 46 kB | 45 kBProgress (5): 217 kB | 123/358 kB | 114/134 kB | 46 kB | 45 kBProgress (5): 217 kB | 127/358 kB | 114/134 kB | 46 kB | 45 kBProgress (5): 217 kB | 127/358 kB | 118/134 kB | 46 kB | 45 kBProgress (5): 217 kB | 131/358 kB | 118/134 kB | 46 kB | 45 kBProgress (5): 217 kB | 131/358 kB | 122/134 kB | 46 kB | 45 kBProgress (5): 217 kB | 131/358 kB | 126/134 kB | 46 kB | 45 kBProgress (5): 217 kB | 131/358 kB | 131/134 kB | 46 kB | 45 kBProgress (5): 217 kB | 131/358 kB | 134 kB | 46 kB | 45 kB    Progress (5): 217 kB | 135/358 kB | 134 kB | 46 kB | 45 kBProgress (5): 217 kB | 139/358 kB | 134 kB | 46 kB | 45 kBProgress (5): 217 kB | 143/358 kB | 134 kB | 46 kB | 45 kBProgress (5): 217 kB | 147/358 kB | 134 kB | 46 kB | 45 kBProgress (5): 217 kB | 152/358 kB | 134 kB | 46 kB | 45 kBProgress (5): 217 kB | 156/358 kB | 134 kB | 46 kB | 45 kBProgress (5): 217 kB | 160/358 kB | 134 kB | 46 kB | 45 kBProgress (5): 217 kB | 164/358 kB | 134 kB | 46 kB | 45 kBProgress (5): 217 kB | 168/358 kB | 134 kB | 46 kB | 45 kBProgress (5): 217 kB | 172/358 kB | 134 kB | 46 kB | 45 kBProgress (5): 217 kB | 176/358 kB | 134 kB | 46 kB | 45 kBProgress (5): 217 kB | 180/358 kB | 134 kB | 46 kB | 45 kBProgress (5): 217 kB | 184/358 kB | 134 kB | 46 kB | 45 kBProgress (5): 217 kB | 188/358 kB | 134 kB | 46 kB | 45 kBProgress (5): 217 kB | 193/358 kB | 134 kB | 46 kB | 45 kBProgress (5): 217 kB | 197/358 kB | 134 kB | 46 kB | 45 kBProgress (5): 217 kB | 201/358 kB | 134 kB | 46 kB | 45 kBProgress (5): 217 kB | 205/358 kB | 134 kB | 46 kB | 45 kBProgress (5): 217 kB | 209/358 kB | 134 kB | 46 kB | 45 kBProgress (5): 217 kB | 213/358 kB | 134 kB | 46 kB | 45 kBProgress (5): 217 kB | 217/358 kB | 134 kB | 46 kB | 45 kBProgress (5): 217 kB | 221/358 kB | 134 kB | 46 kB | 45 kBProgress (5): 217 kB | 225/358 kB | 134 kB | 46 kB | 45 kBProgress (5): 217 kB | 229/358 kB | 134 kB | 46 kB | 45 kBProgress (5): 217 kB | 233/358 kB | 134 kB | 46 kB | 45 kBProgress (5): 217 kB | 238/358 kB | 134 kB | 46 kB | 45 kBProgress (5): 217 kB | 242/358 kB | 134 kB | 46 kB | 45 kBProgress (5): 217 kB | 246/358 kB | 134 kB | 46 kB | 45 kBProgress (5): 217 kB | 250/358 kB | 134 kB | 46 kB | 45 kBProgress (5): 217 kB | 254/358 kB | 134 kB | 46 kB | 45 kBProgress (5): 217 kB | 258/358 kB | 134 kB | 46 kB | 45 kBProgress (5): 217 kB | 262/358 kB | 134 kB | 46 kB | 45 kBProgress (5): 217 kB | 266/358 kB | 134 kB | 46 kB | 45 kBProgress (5): 217 kB | 270/358 kB | 134 kB | 46 kB | 45 kBProgress (5): 217 kB | 274/358 kB | 134 kB | 46 kB | 45 kBProgress (5): 217 kB | 279/358 kB | 134 kB | 46 kB | 45 kBProgress (5): 217 kB | 283/358 kB | 134 kB | 46 kB | 45 kBProgress (5): 217 kB | 287/358 kB | 134 kB | 46 kB | 45 kBProgress (5): 217 kB | 291/358 kB | 134 kB | 46 kB | 45 kBProgress (5): 217 kB | 295/358 kB | 134 kB | 46 kB | 45 kBProgress (5): 217 kB | 299/358 kB | 134 kB | 46 kB | 45 kBProgress (5): 217 kB | 303/358 kB | 134 kB | 46 kB | 45 kBProgress (5): 217 kB | 307/358 kB | 134 kB | 46 kB | 45 kBProgress (5): 217 kB | 311/358 kB | 134 kB | 46 kB | 45 kBProgress (5): 217 kB | 315/358 kB | 134 kB | 46 kB | 45 kBProgress (5): 217 kB | 319/358 kB | 134 kB | 46 kB | 45 kBProgress (5): 217 kB | 324/358 kB | 134 kB | 46 kB | 45 kBProgress (5): 217 kB | 328/358 kB | 134 kB | 46 kB | 45 kBProgress (5): 217 kB | 332/358 kB | 134 kB | 46 kB | 45 kBProgress (5): 217 kB | 336/358 kB | 134 kB | 46 kB | 45 kBProgress (5): 217 kB | 340/358 kB | 134 kB | 46 kB | 45 kBProgress (5): 217 kB | 344/358 kB | 134 kB | 46 kB | 45 kBProgress (5): 217 kB | 348/358 kB | 134 kB | 46 kB | 45 kBProgress (5): 217 kB | 352/358 kB | 134 kB | 46 kB | 45 kBProgress (5): 217 kB | 356/358 kB | 134 kB | 46 kB | 45 kBProgress (5): 217 kB | 358 kB | 134 kB | 46 kB | 45 kB                                                          Downloaded from central: https://repo.maven.apache.org/maven2/org/codehaus/plexus/plexus-classworlds/2.2.2/plexus-classworlds-2.2.2.jar (46 kB at 200 kB/s)
[43248108-d28a-4fe8-aa48-513cf9fd625b/build]   | Downloading from central: https://repo.maven.apache.org/maven2/com/google/collections/google-collections/1.0/google-collections-1.0.jar
[43248108-d28a-4fe8-aa48-513cf9fd625b/build]   | Downloaded from central: https://repo.maven.apache.org/maven2/org/codehaus/plexus/plexus-container-default/1.5.5/plexus-container-default-1.5.5.jar (217 kB at 934 kB/s)
[43248108-d28a-4fe8-aa48-513cf9fd625b/build]   | Downloading from central: https://repo.maven.apache.org/maven2/junit/junit/3.8.2/junit-3.8.2.jar
[43248108-d28a-4fe8-aa48-513cf9fd625b/build]   | Progress (4): 358 kB | 134 kB | 45 kB | 4.1/640 kBProgress (4): 358 kB | 134 kB | 45 kB | 8.2/640 kBProgress (5): 358 kB | 134 kB | 45 kB | 8.2/640 kB | 4.1/121 kBProgress (5): 358 kB | 134 kB | 45 kB | 12/640 kB | 4.1/121 kB Progress (5): 358 kB | 134 kB | 45 kB | 12/640 kB | 8.2/121 kBProgress (5): 358 kB | 134 kB | 45 kB | 16/640 kB | 8.2/121 kBProgress (5): 358 kB | 134 kB | 45 kB | 16/640 kB | 12/121 kB Progress (5): 358 kB | 134 kB | 45 kB | 16/640 kB | 16/121 kBProgress (5): 358 kB | 134 kB | 45 kB | 20/640 kB | 16/121 kBProgress (5): 358 kB | 134 kB | 45 kB | 20/640 kB | 20/121 kBProgress (5): 358 kB | 134 kB | 45 kB | 24/640 kB | 20/121 kBProgress (5): 358 kB | 134 kB | 45 kB | 24/640 kB | 25/121 kBProgress (5): 358 kB | 134 kB | 45 kB | 28/640 kB | 25/121 kBProgress (5): 358 kB | 134 kB | 45 kB | 28/640 kB | 29/121 kBProgress (5): 358 kB | 134 kB | 45 kB | 32/640 kB | 29/121 kBProgress (5): 358 kB | 134 kB | 45 kB | 32/640 kB | 33/121 kBProgress (5): 358 kB | 134 kB | 45 kB | 36/640 kB | 33/121 kBProgress (5): 358 kB | 134 kB | 45 kB | 36/640 kB | 37/121 kBProgress (5): 358 kB | 134 kB | 45 kB | 40/640 kB | 37/121 kBProgress (5): 358 kB | 134 kB | 45 kB | 40/640 kB | 41/121 kBProgress (5): 358 kB | 134 kB | 45 kB | 45/640 kB | 41/121 kBProgress (5): 358 kB | 134 kB | 45 kB | 45/640 kB | 45/121 kBProgress (5): 358 kB | 134 kB | 45 kB | 49/640 kB | 45/121 kBProgress (5): 358 kB | 134 kB | 45 kB | 49/640 kB | 49/121 kBProgress (5): 358 kB | 134 kB | 45 kB | 49/640 kB | 53/121 kBProgress (5): 358 kB | 134 kB | 45 kB | 53/640 kB | 53/121 kBProgress (5): 358 kB | 134 kB | 45 kB | 53/640 kB | 57/121 kBProgress (5): 358 kB | 134 kB | 45 kB | 57/640 kB | 57/121 kBProgress (5): 358 kB | 134 kB | 45 kB | 57/640 kB | 61/121 kBProgress (5): 358 kB | 134 kB | 45 kB | 61/640 kB | 61/121 kBProgress (5): 358 kB | 134 kB | 45 kB | 61/640 kB | 66/121 kBProgress (5): 358 kB | 134 kB | 45 kB | 65/640 kB | 66/121 kBProgress (5): 358 kB | 134 kB | 45 kB | 65/640 kB | 70/121 kBProgress (5): 358 kB | 134 kB | 45 kB | 69/640 kB | 70/121 kBProgress (5): 358 kB | 134 kB | 45 kB | 69/640 kB | 74/121 kBProgress (5): 358 kB | 134 kB | 45 kB | 73/640 kB | 74/121 kBProgress (5): 358 kB | 134 kB | 45 kB | 73/640 kB | 78/121 kBProgress (5): 358 kB | 134 kB | 45 kB | 77/640 kB | 78/121 kBProgress (5): 358 kB | 134 kB | 45 kB | 77/640 kB | 82/121 kBProgress (5): 358 kB | 134 kB | 45 kB | 81/640 kB | 82/121 kBProgress (5): 358 kB | 134 kB | 45 kB | 81/640 kB | 86/121 kBProgress (5): 358 kB | 134 kB | 45 kB | 85/640 kB | 86/121 kBProgress (5): 358 kB | 134 kB | 45 kB | 85/640 kB | 90/121 kBProgress (5): 358 kB | 134 kB | 45 kB | 90/640 kB | 90/121 kBProgress (5): 358 kB | 134 kB | 45 kB | 90/640 kB | 94/121 kBProgress (5): 358 kB | 134 kB | 45 kB | 94/640 kB | 94/121 kBProgress (5): 358 kB | 134 kB | 45 kB | 94/640 kB | 98/121 kBProgress (5): 358 kB | 134 kB | 45 kB | 98/640 kB | 98/121 kBProgress (5): 358 kB | 134 kB | 45 kB | 98/640 kB | 102/121 kBProgress (5): 358 kB | 134 kB | 45 kB | 102/640 kB | 102/121 kBProgress (5): 358 kB | 134 kB | 45 kB | 102/640 kB | 106/121 kBProgress (5): 358 kB | 134 kB | 45 kB | 106/640 kB | 106/121 kBProgress (5): 358 kB | 134 kB | 45 kB | 106/640 kB | 111/121 kBProgress (5): 358 kB | 134 kB | 45 kB | 110/640 kB | 111/121 kBProgress (5): 358 kB | 134 kB | 45 kB | 110/640 kB | 115/121 kBProgress (5): 358 kB | 134 kB | 45 kB | 114/640 kB | 115/121 kBProgress (5): 358 kB | 134 kB | 45 kB | 114/640 kB | 119/121 kBProgress (5): 358 kB | 134 kB | 45 kB | 114/640 kB | 121 kB    Progress (5): 358 kB | 134 kB | 45 kB | 118/640 kB | 121 kBProgress (5): 358 kB | 134 kB | 45 kB | 122/640 kB | 121 kBProgress (5): 358 kB | 134 kB | 45 kB | 126/640 kB | 121 kBProgress (5): 358 kB | 134 kB | 45 kB | 131/640 kB | 121 kBProgress (5): 358 kB | 134 kB | 45 kB | 135/640 kB | 121 kBProgress (5): 358 kB | 134 kB | 45 kB | 139/640 kB | 121 kBProgress (5): 358 kB | 134 kB | 45 kB | 143/640 kB | 121 kBProgress (5): 358 kB | 134 kB | 45 kB | 147/640 kB | 121 kBProgress (5): 358 kB | 134 kB | 45 kB | 151/640 kB | 121 kBProgress (5): 358 kB | 134 kB | 45 kB | 155/640 kB | 121 kBProgress (5): 358 kB | 134 kB | 45 kB | 159/640 kB | 121 kBProgress (5): 358 kB | 134 kB | 45 kB | 163/640 kB | 121 kBProgress (5): 358 kB | 134 kB | 45 kB | 167/640 kB | 121 kBProgress (5): 358 kB | 134 kB | 45 kB | 171/640 kB | 121 kBProgress (5): 358 kB | 134 kB | 45 kB | 176/640 kB | 121 kBProgress (5): 358 kB | 134 kB | 45 kB | 180/640 kB | 121 kBProgress (5): 358 kB | 134 kB | 45 kB | 184/640 kB | 121 kBProgress (5): 358 kB | 134 kB | 45 kB | 188/640 kB | 121 kBProgress (5): 358 kB | 134 kB | 45 kB | 192/640 kB | 121 kBProgress (5): 358 kB | 134 kB | 45 kB | 196/640 kB | 121 kBProgress (5): 358 kB | 134 kB | 45 kB | 200/640 kB | 121 kBProgress (5): 358 kB | 134 kB | 45 kB | 204/640 kB | 121 kBProgress (5): 358 kB | 134 kB | 45 kB | 208/640 kB | 121 kBProgress (5): 358 kB | 134 kB | 45 kB | 212/640 kB | 121 kBProgress (5): 358 kB | 134 kB | 45 kB | 217/640 kB | 121 kBProgress (5): 358 kB | 134 kB | 45 kB | 221/640 kB | 121 kBProgress (5): 358 kB | 134 kB | 45 kB | 225/640 kB | 121 kBProgress (5): 358 kB | 134 kB | 45 kB | 229/640 kB | 121 kBProgress (5): 358 kB | 134 kB | 45 kB | 233/640 kB | 121 kBProgress (5): 358 kB | 134 kB | 45 kB | 237/640 kB | 121 kBProgress (5): 358 kB | 134 kB | 45 kB | 241/640 kB | 121 kBProgress (5): 358 kB | 134 kB | 45 kB | 245/640 kB | 121 kBProgress (5): 358 kB | 134 kB | 45 kB | 249/640 kB | 121 kBProgress (5): 358 kB | 134 kB | 45 kB | 253/640 kB | 121 kBProgress (5): 358 kB | 134 kB | 45 kB | 258/640 kB | 121 kBProgress (5): 358 kB | 134 kB | 45 kB | 262/640 kB | 121 kBProgress (5): 358 kB | 134 kB | 45 kB | 266/640 kB | 121 kBProgress (5): 358 kB | 134 kB | 45 kB | 270/640 kB | 121 kBProgress (5): 358 kB | 134 kB | 45 kB | 274/640 kB | 121 kBProgress (5): 358 kB | 134 kB | 45 kB | 278/640 kB | 121 kBProgress (5): 358 kB | 134 kB | 45 kB | 282/640 kB | 121 kBProgress (5): 358 kB | 134 kB | 45 kB | 286/640 kB | 121 kBProgress (5): 358 kB | 134 kB | 45 kB | 290/640 kB | 121 kBProgress (5): 358 kB | 134 kB | 45 kB | 294/640 kB | 121 kBProgress (5): 358 kB | 134 kB | 45 kB | 298/640 kB | 121 kBProgress (5): 358 kB | 134 kB | 45 kB | 303/640 kB | 121 kBProgress (5): 358 kB | 134 kB | 45 kB | 307/640 kB | 121 kBProgress (5): 358 kB | 134 kB | 45 kB | 311/640 kB | 121 kBProgress (5): 358 kB | 134 kB | 45 kB | 315/640 kB | 121 kBProgress (5): 358 kB | 134 kB | 45 kB | 319/640 kB | 121 kBProgress (5): 358 kB | 134 kB | 45 kB | 323/640 kB | 121 kBProgress (5): 358 kB | 134 kB | 45 kB | 327/640 kB | 121 kBProgress (5): 358 kB | 134 kB | 45 kB | 331/640 kB | 121 kBProgress (5): 358 kB | 134 kB | 45 kB | 335/640 kB | 121 kBProgress (5): 358 kB | 134 kB | 45 kB | 339/640 kB | 121 kBProgress (5): 358 kB | 134 kB | 45 kB | 344/640 kB | 121 kBProgress (5): 358 kB | 134 kB | 45 kB | 348/640 kB | 121 kBProgress (5): 358 kB | 134 kB | 45 kB | 352/640 kB | 121 kBProgress (5): 358 kB | 134 kB | 45 kB | 356/640 kB | 121 kBProgress (5): 358 kB | 134 kB | 45 kB | 360/640 kB | 121 kBProgress (5): 358 kB | 134 kB | 45 kB | 364/640 kB | 121 kBProgress (5): 358 kB | 134 kB | 45 kB | 368/640 kB | 121 kBProgress (5): 358 kB | 134 kB | 45 kB | 372/640 kB | 121 kBProgress (5): 358 kB | 134 kB | 45 kB | 376/640 kB | 121 kBProgress (5): 358 kB | 134 kB | 45 kB | 380/640 kB | 121 kBProgress (5): 358 kB | 134 kB | 45 kB | 384/640 kB | 121 kBProgress (5): 358 kB | 134 kB | 45 kB | 389/640 kB | 121 kBProgress (5): 358 kB | 134 kB | 45 kB | 393/640 kB | 121 kBProgress (5): 358 kB | 134 kB | 45 kB | 397/640 kB | 121 kBProgress (5): 358 kB | 134 kB | 45 kB | 401/640 kB | 121 kBProgress (5): 358 kB | 134 kB | 45 kB | 405/640 kB | 121 kBProgress (5): 358 kB | 134 kB | 45 kB | 409/640 kB | 121 kBProgress (5): 358 kB | 134 kB | 45 kB | 413/640 kB | 121 kBProgress (5): 358 kB | 134 kB | 45 kB | 417/640 kB | 121 kBProgress (5): 358 kB | 134 kB | 45 kB | 421/640 kB | 121 kBProgress (5): 358 kB | 134 kB | 45 kB | 425/640 kB | 121 kBProgress (5): 358 kB | 134 kB | 45 kB | 430/640 kB | 121 kBProgress (5): 358 kB | 134 kB | 45 kB | 434/640 kB | 121 kBProgress (5): 358 kB | 134 kB | 45 kB | 438/640 kB | 121 kBProgress (5): 358 kB | 134 kB | 45 kB | 442/640 kB | 121 kBProgress (5): 358 kB | 134 kB | 45 kB | 446/640 kB | 121 kBProgress (5): 358 kB | 134 kB | 45 kB | 450/640 kB | 121 kBProgress (5): 358 kB | 134 kB | 45 kB | 454/640 kB | 121 kBProgress (5): 358 kB | 134 kB | 45 kB | 458/640 kB | 121 kBProgress (5): 358 kB | 134 kB | 45 kB | 462/640 kB | 121 kBProgress (5): 358 kB | 134 kB | 45 kB | 466/640 kB | 121 kBProgress (5): 358 kB | 134 kB | 45 kB | 470/640 kB | 121 kBProgress (5): 358 kB | 134 kB | 45 kB | 475/640 kB | 121 kBProgress (5): 358 kB | 134 kB | 45 kB | 479/640 kB | 121 kBProgress (5): 358 kB | 134 kB | 45 kB | 483/640 kB | 121 kBProgress (5): 358 kB | 134 kB | 45 kB | 487/640 kB | 121 kBProgress (5): 358 kB | 134 kB | 45 kB | 491/640 kB | 121 kBProgress (5): 358 kB | 134 kB | 45 kB | 495/640 kB | 121 kBProgress (5): 358 kB | 134 kB | 45 kB | 499/640 kB | 121 kBProgress (5): 358 kB | 134 kB | 45 kB | 503/640 kB | 121 kBProgress (5): 358 kB | 134 kB | 45 kB | 507/640 kB | 121 kBProgress (5): 358 kB | 134 kB | 45 kB | 511/640 kB | 121 kBProgress (5): 358 kB | 134 kB | 45 kB | 516/640 kB | 121 kBProgress (5): 358 kB | 134 kB | 45 kB | 520/640 kB | 121 kBProgress (5): 358 kB | 134 kB | 45 kB | 524/640 kB | 121 kBProgress (5): 358 kB | 134 kB | 45 kB | 528/640 kB | 121 kBProgress (5): 358 kB | 134 kB | 45 kB | 532/640 kB | 121 kBProgress (5): 358 kB | 134 kB | 45 kB | 536/640 kB | 121 kBProgress (5): 358 kB | 134 kB | 45 kB | 540/640 kB | 121 kBProgress (5): 358 kB | 134 kB | 45 kB | 544/640 kB | 121 kBProgress (5): 358 kB | 134 kB | 45 kB | 548/640 kB | 121 kBProgress (5): 358 kB | 134 kB | 45 kB | 552/640 kB | 121 kBProgress (5): 358 kB | 134 kB | 45 kB | 557/640 kB | 121 kBProgress (5): 358 kB | 134 kB | 45 kB | 561/640 kB | 121 kBProgress (5): 358 kB | 134 kB | 45 kB | 565/640 kB | 121 kBProgress (5): 358 kB | 134 kB | 45 kB | 569/640 kB | 121 kBProgress (5): 358 kB | 134 kB | 45 kB | 573/640 kB | 121 kBProgress (5): 358 kB | 134 kB | 45 kB | 577/640 kB | 121 kBProgress (5): 358 kB | 134 kB | 45 kB | 581/640 kB | 121 kBProgress (5): 358 kB | 134 kB | 45 kB | 585/640 kB | 121 kBProgress (5): 358 kB | 134 kB | 45 kB | 589/640 kB | 121 kBProgress (5): 358 kB | 134 kB | 45 kB | 593/640 kB | 121 kBProgress (5): 358 kB | 134 kB | 45 kB | 597/640 kB | 121 kBProgress (5): 358 kB | 134 kB | 45 kB | 602/640 kB | 121 kBProgress (5): 358 kB | 134 kB | 45 kB | 606/640 kB | 121 kBProgress (5): 358 kB | 134 kB | 45 kB | 610/640 kB | 121 kBProgress (5): 358 kB | 134 kB | 45 kB | 614/640 kB | 121 kBProgress (5): 358 kB | 134 kB | 45 kB | 618/640 kB | 121 kBProgress (5): 358 kB | 134 kB | 45 kB | 622/640 kB | 121 kBProgress (5): 358 kB | 134 kB | 45 kB | 626/640 kB | 121 kBProgress (5): 358 kB | 134 kB | 45 kB | 630/640 kB | 121 kBProgress (5): 358 kB | 134 kB | 45 kB | 634/640 kB | 121 kBProgress (5): 358 kB | 134 kB | 45 kB | 638/640 kB | 121 kBProgress (5): 358 kB | 134 kB | 45 kB | 640 kB | 121 kB                                                           Downloaded from central: https://repo.maven.apache.org/maven2/commons-logging/commons-logging-api/1.1/commons-logging-api-1.1.jar (45 kB at 145 kB/s)
[43248108-d28a-4fe8-aa48-513cf9fd625b/build]   | Downloaded from central: https://repo.maven.apache.org/maven2/log4j/log4j/1.2.12/log4j-1.2.12.jar (358 kB at 1.2 MB/s)
[43248108-d28a-4fe8-aa48-513cf9fd625b/build]   | Downloaded from central: https://repo.maven.apache.org/maven2/org/apache/xbean/xbean-reflect/3.4/xbean-reflect-3.4.jar (134 kB at 436 kB/s)
[43248108-d28a-4fe8-aa48-513cf9fd625b/build]   | Downloaded from central: https://repo.maven.apache.org/maven2/junit/junit/3.8.2/junit-3.8.2.jar (121 kB at 356 kB/s)
[43248108-d28a-4fe8-aa48-513cf9fd625b/build]   | Downloaded from central: https://repo.maven.apache.org/maven2/com/google/collections/google-collections/1.0/google-collections-1.0.jar (640 kB at 1.9 MB/s)
[43248108-d28a-4fe8-aa48-513cf9fd625b/build]   | [INFO] Changes detected - recompiling the module!
[43248108-d28a-4fe8-aa48-513cf9fd625b/build]   | [INFO] Compiling 5 source files to /tmp/9316eb46-65df-4c2d-a247-3ad943028b5d/target/classes
[43248108-d28a-4fe8-aa48-513cf9fd625b/build]   | [INFO] 
[43248108-d28a-4fe8-aa48-513cf9fd625b/build]   | [INFO] --- maven-resources-plugin:2.6:testResources (default-testResources) @ semver4j ---
[43248108-d28a-4fe8-aa48-513cf9fd625b/build]   | [INFO] Using 'UTF-8' encoding to copy filtered resources.
[43248108-d28a-4fe8-aa48-513cf9fd625b/build]   | [INFO] skip non existing resourceDirectory /tmp/9316eb46-65df-4c2d-a247-3ad943028b5d/src/test/resources
[43248108-d28a-4fe8-aa48-513cf9fd625b/build]   | [INFO] 
[43248108-d28a-4fe8-aa48-513cf9fd625b/build]   | [INFO] --- maven-compiler-plugin:3.1:testCompile (default-testCompile) @ semver4j ---
[43248108-d28a-4fe8-aa48-513cf9fd625b/build]   | [INFO] Changes detected - recompiling the module!
[43248108-d28a-4fe8-aa48-513cf9fd625b/build]   | [INFO] Compiling 5 source files to /tmp/9316eb46-65df-4c2d-a247-3ad943028b5d/target/test-classes
[43248108-d28a-4fe8-aa48-513cf9fd625b/build]   | [INFO] 
[43248108-d28a-4fe8-aa48-513cf9fd625b/build]   | [INFO] --- maven-surefire-plugin:2.12.4:test (default-test) @ semver4j ---
[43248108-d28a-4fe8-aa48-513cf9fd625b/build]   | Downloading from central: https://repo.maven.apache.org/maven2/org/apache/maven/surefire/surefire-booter/2.12.4/surefire-booter-2.12.4.pom
[43248108-d28a-4fe8-aa48-513cf9fd625b/build]   | Progress (1): 3.0 kB                    Downloaded from central: https://repo.maven.apache.org/maven2/org/apache/maven/surefire/surefire-booter/2.12.4/surefire-booter-2.12.4.pom (3.0 kB at 253 kB/s)
[43248108-d28a-4fe8-aa48-513cf9fd625b/build]   | Downloading from central: https://repo.maven.apache.org/maven2/org/apache/maven/surefire/surefire-api/2.12.4/surefire-api-2.12.4.pom
[43248108-d28a-4fe8-aa48-513cf9fd625b/build]   | Progress (1): 2.5 kB                    Downloaded from central: https://repo.maven.apache.org/maven2/org/apache/maven/surefire/surefire-api/2.12.4/surefire-api-2.12.4.pom (2.5 kB at 125 kB/s)
[43248108-d28a-4fe8-aa48-513cf9fd625b/build]   | Downloading from central: https://repo.maven.apache.org/maven2/org/apache/maven/surefire/maven-surefire-common/2.12.4/maven-surefire-common-2.12.4.pom
[43248108-d28a-4fe8-aa48-513cf9fd625b/build]   | Progress (1): 4.1/5.5 kBProgress (1): 5.5 kB                        Downloaded from central: https://repo.maven.apache.org/maven2/org/apache/maven/surefire/maven-surefire-common/2.12.4/maven-surefire-common-2.12.4.pom (5.5 kB at 135 kB/s)
[43248108-d28a-4fe8-aa48-513cf9fd625b/build]   | Downloading from central: https://repo.maven.apache.org/maven2/org/apache/maven/plugin-tools/maven-plugin-annotations/3.1/maven-plugin-annotations-3.1.pom
[43248108-d28a-4fe8-aa48-513cf9fd625b/build]   | Progress (1): 1.6 kB                    Downloaded from central: https://repo.maven.apache.org/maven2/org/apache/maven/plugin-tools/maven-plugin-annotations/3.1/maven-plugin-annotations-3.1.pom (1.6 kB at 43 kB/s)
[43248108-d28a-4fe8-aa48-513cf9fd625b/build]   | Downloading from central: https://repo.maven.apache.org/maven2/org/apache/maven/plugin-tools/maven-plugin-tools/3.1/maven-plugin-tools-3.1.pom
[43248108-d28a-4fe8-aa48-513cf9fd625b/build]   | Progress (1): 4.1/16 kBProgress (1): 8.2/16 kBProgress (1): 12/16 kB Progress (1): 16/16 kBProgress (1): 16 kB                      Downloaded from central: https://repo.maven.apache.org/maven2/org/apache/maven/plugin-tools/maven-plugin-tools/3.1/maven-plugin-tools-3.1.pom (16 kB at 1.8 MB/s)
[43248108-d28a-4fe8-aa48-513cf9fd625b/build]   | Downloading from central: https://repo.maven.apache.org/maven2/org/apache/maven/reporting/maven-reporting-api/2.0.9/maven-reporting-api-2.0.9.pom
[43248108-d28a-4fe8-aa48-513cf9fd625b/build]   | Progress (1): 1.8 kB                    Downloaded from central: https://repo.maven.apache.org/maven2/org/apache/maven/reporting/maven-reporting-api/2.0.9/maven-reporting-api-2.0.9.pom (1.8 kB at 360 kB/s)
[43248108-d28a-4fe8-aa48-513cf9fd625b/build]   | Downloading from central: https://repo.maven.apache.org/maven2/org/apache/maven/reporting/maven-reporting/2.0.9/maven-reporting-2.0.9.pom
[43248108-d28a-4fe8-aa48-513cf9fd625b/build]   | Progress (1): 1.5 kB                    Downloaded from central: https://repo.maven.apache.org/maven2/org/apache/maven/reporting/maven-reporting/2.0.9/maven-reporting-2.0.9.pom (1.5 kB at 164 kB/s)
[43248108-d28a-4fe8-aa48-513cf9fd625b/build]   | Downloading from central: https://repo.maven.apache.org/maven2/org/apache/maven/maven-toolchain/2.0.9/maven-toolchain-2.0.9.pom
[43248108-d28a-4fe8-aa48-513cf9fd625b/build]   | Progress (1): 3.5 kB                    Downloaded from central: https://repo.maven.apache.org/maven2/org/apache/maven/maven-toolchain/2.0.9/maven-toolchain-2.0.9.pom (3.5 kB at 105 kB/s)
[43248108-d28a-4fe8-aa48-513cf9fd625b/build]   | Downloading from central: https://repo.maven.apache.org/maven2/org/apache/commons/commons-lang3/3.1/commons-lang3-3.1.pom
[43248108-d28a-4fe8-aa48-513cf9fd625b/build]   | Progress (1): 4.1/17 kBProgress (1): 8.2/17 kBProgress (1): 12/17 kB Progress (1): 16/17 kBProgress (1): 17 kB                      Downloaded from central: https://repo.maven.apache.org/maven2/org/apache/commons/commons-lang3/3.1/commons-lang3-3.1.pom (17 kB at 1.7 MB/s)
[43248108-d28a-4fe8-aa48-513cf9fd625b/build]   | Downloading from central: https://repo.maven.apache.org/maven2/org/apache/commons/commons-parent/22/commons-parent-22.pom
[43248108-d28a-4fe8-aa48-513cf9fd625b/build]   | Progress (1): 4.1/42 kBProgress (1): 8.2/42 kBProgress (1): 12/42 kB Progress (1): 16/42 kBProgress (1): 20/42 kBProgress (1): 25/42 kBProgress (1): 29/42 kBProgress (1): 33/42 kBProgress (1): 37/42 kBProgress (1): 41/42 kBProgress (1): 42 kB                      Downloaded from central: https://repo.maven.apache.org/maven2/org/apache/commons/commons-parent/22/commons-parent-22.pom (42 kB at 482 kB/s)
[43248108-d28a-4fe8-aa48-513cf9fd625b/build]   | Downloading from central: https://repo.maven.apache.org/maven2/org/apache/apache/9/apache-9.pom
[43248108-d28a-4fe8-aa48-513cf9fd625b/build]   | Progress (1): 4.1/15 kBProgress (1): 8.2/15 kBProgress (1): 12/15 kB Progress (1): 15 kB                      Downloaded from central: https://repo.maven.apache.org/maven2/org/apache/apache/9/apache-9.pom (15 kB at 217 kB/s)
[43248108-d28a-4fe8-aa48-513cf9fd625b/build]   | Downloading from central: https://repo.maven.apache.org/maven2/org/apache/maven/shared/maven-common-artifact-filters/1.3/maven-common-artifact-filters-1.3.pom
[43248108-d28a-4fe8-aa48-513cf9fd625b/build]   | Progress (1): 3.7 kB                    Downloaded from central: https://repo.maven.apache.org/maven2/org/apache/maven/shared/maven-common-artifact-filters/1.3/maven-common-artifact-filters-1.3.pom (3.7 kB at 103 kB/s)
[43248108-d28a-4fe8-aa48-513cf9fd625b/build]   | Downloading from central: https://repo.maven.apache.org/maven2/org/apache/maven/shared/maven-shared-components/12/maven-shared-components-12.pom
[43248108-d28a-4fe8-aa48-513cf9fd625b/build]   | Progress (1): 4.1/9.3 kBProgress (1): 8.2/9.3 kBProgress (1): 9.3 kB                        Downloaded from central: https://repo.maven.apache.org/maven2/org/apache/maven/shared/maven-shared-components/12/maven-shared-components-12.pom (9.3 kB at 259 kB/s)
[43248108-d28a-4fe8-aa48-513cf9fd625b/build]   | Downloading from central: https://repo.maven.apache.org/maven2/org/apache/maven/maven-parent/13/maven-parent-13.pom
[43248108-d28a-4fe8-aa48-513cf9fd625b/build]   | Progress (1): 4.1/23 kBProgress (1): 8.2/23 kBProgress (1): 12/23 kB Progress (1): 16/23 kBProgress (1): 20/23 kBProgress (1): 23 kB                      Downloaded from central: https://repo.maven.apache.org/maven2/org/apache/maven/maven-parent/13/maven-parent-13.pom (23 kB at 1.6 MB/s)
[43248108-d28a-4fe8-aa48-513cf9fd625b/build]   | Downloading from central: https://repo.maven.apache.org/maven2/org/apache/apache/6/apache-6.pom
[43248108-d28a-4fe8-aa48-513cf9fd625b/build]   | Progress (1): 4.1/13 kBProgress (1): 8.2/13 kBProgress (1): 12/13 kB Progress (1): 13 kB                      Downloaded from central: https://repo.maven.apache.org/maven2/org/apache/apache/6/apache-6.pom (13 kB at 533 kB/s)
[43248108-d28a-4fe8-aa48-513cf9fd625b/build]   | Downloading from central: https://repo.maven.apache.org/maven2/org/codehaus/plexus/plexus-container-default/1.0-alpha-9/plexus-container-default-1.0-alpha-9.pom
[43248108-d28a-4fe8-aa48-513cf9fd625b/build]   | Progress (1): 1.2 kB                    Downloaded from central: https://repo.maven.apache.org/maven2/org/codehaus/plexus/plexus-container-default/1.0-alpha-9/plexus-container-default-1.0-alpha-9.pom (1.2 kB at 65 kB/s)
[43248108-d28a-4fe8-aa48-513cf9fd625b/build]   | Downloading from central: https://repo.maven.apache.org/maven2/org/apache/maven/surefire/surefire-booter/2.12.4/surefire-booter-2.12.4.jar
[43248108-d28a-4fe8-aa48-513cf9fd625b/build]   | Downloading from central: https://repo.maven.apache.org/maven2/org/apache/maven/surefire/surefire-api/2.12.4/surefire-api-2.12.4.jar
[43248108-d28a-4fe8-aa48-513cf9fd625b/build]   | Downloading from central: https://repo.maven.apache.org/maven2/org/apache/maven/surefire/maven-surefire-common/2.12.4/maven-surefire-common-2.12.4.jar
[43248108-d28a-4fe8-aa48-513cf9fd625b/build]   | Downloading from central: https://repo.maven.apache.org/maven2/org/apache/commons/commons-lang3/3.1/commons-lang3-3.1.jar
[43248108-d28a-4fe8-aa48-513cf9fd625b/build]   | Downloading from central: https://repo.maven.apache.org/maven2/org/apache/maven/shared/maven-common-artifact-filters/1.3/maven-common-artifact-filters-1.3.jar
[43248108-d28a-4fe8-aa48-513cf9fd625b/build]   | Progress (1): 4.1/35 kBProgress (2): 4.1/35 kB | 4.1/118 kBProgress (2): 8.2/35 kB | 4.1/118 kBProgress (2): 8.2/35 kB | 8.2/118 kBProgress (2): 12/35 kB | 8.2/118 kB Progress (2): 12/35 kB | 12/118 kB Progress (2): 16/35 kB | 12/118 kBProgress (2): 20/35 kB | 12/118 kBProgress (2): 24/35 kB | 12/118 kBProgress (2): 28/35 kB | 12/118 kBProgress (2): 32/35 kB | 12/118 kBProgress (2): 35 kB | 12/118 kB   Progress (3): 35 kB | 12/118 kB | 4.1/263 kBProgress (3): 35 kB | 16/118 kB | 4.1/263 kBProgress (3): 35 kB | 16/118 kB | 8.2/263 kBProgress (3): 35 kB | 16/118 kB | 12/263 kB Progress (3): 35 kB | 16/118 kB | 16/263 kBProgress (3): 35 kB | 16/118 kB | 20/263 kBProgress (3): 35 kB | 16/118 kB | 24/263 kBProgress (3): 35 kB | 16/118 kB | 28/263 kBProgress (3): 35 kB | 16/118 kB | 32/263 kBProgress (3): 35 kB | 16/118 kB | 36/263 kBProgress (3): 35 kB | 16/118 kB | 40/263 kBProgress (3): 35 kB | 16/118 kB | 45/263 kBProgress (3): 35 kB | 16/118 kB | 49/263 kBProgress (3): 35 kB | 16/118 kB | 53/263 kBProgress (3): 35 kB | 16/118 kB | 57/263 kBProgress (3): 35 kB | 16/118 kB | 61/263 kBProgress (3): 35 kB | 16/118 kB | 65/263 kBProgress (4): 35 kB | 16/118 kB | 65/263 kB | 4.1/316 kBProgress (4): 35 kB | 16/118 kB | 65/263 kB | 8.2/316 kBProgress (4): 35 kB | 16/118 kB | 65/263 kB | 12/316 kB Progress (4): 35 kB | 16/118 kB | 65/263 kB | 16/316 kBProgress (4): 35 kB | 16/118 kB | 65/263 kB | 20/316 kBProgress (4): 35 kB | 16/118 kB | 65/263 kB | 25/316 kBProgress (4): 35 kB | 16/118 kB | 65/263 kB | 29/316 kBProgress (4): 35 kB | 20/118 kB | 65/263 kB | 29/316 kBProgress (4): 35 kB | 20/118 kB | 65/263 kB | 33/316 kBProgress (4): 35 kB | 25/118 kB | 65/263 kB | 33/316 kBProgress (4): 35 kB | 29/118 kB | 65/263 kB | 33/316 kBProgress (4): 35 kB | 29/118 kB | 65/263 kB | 37/316 kBProgress (4): 35 kB | 33/118 kB | 65/263 kB | 37/316 kBProgress (4): 35 kB | 33/118 kB | 65/263 kB | 41/316 kBProgress (4): 35 kB | 33/118 kB | 65/263 kB | 45/316 kBProgress (4): 35 kB | 37/118 kB | 65/263 kB | 45/316 kBProgress (4): 35 kB | 37/118 kB | 65/263 kB | 49/316 kBProgress (4): 35 kB | 41/118 kB | 65/263 kB | 49/316 kBProgress (4): 35 kB | 45/118 kB | 65/263 kB | 49/316 kBProgress (4): 35 kB | 49/118 kB | 65/263 kB | 49/316 kBProgress (4): 35 kB | 53/118 kB | 65/263 kB | 49/316 kBProgress (4): 35 kB | 57/118 kB | 65/263 kB | 49/316 kBProgress (4): 35 kB | 61/118 kB | 65/263 kB | 49/316 kBProgress (4): 35 kB | 66/118 kB | 65/263 kB | 49/316 kBProgress (4): 35 kB | 70/118 kB | 65/263 kB | 49/316 kBProgress (4): 35 kB | 74/118 kB | 65/263 kB | 49/316 kBProgress (4): 35 kB | 78/118 kB | 65/263 kB | 49/316 kBProgress (4): 35 kB | 82/118 kB | 65/263 kB | 49/316 kBProgress (4): 35 kB | 82/118 kB | 65/263 kB | 53/316 kBProgress (4): 35 kB | 82/118 kB | 65/263 kB | 57/316 kBProgress (4): 35 kB | 82/118 kB | 65/263 kB | 61/316 kBProgress (4): 35 kB | 82/118 kB | 65/263 kB | 66/316 kBProgress (4): 35 kB | 82/118 kB | 65/263 kB | 70/316 kBProgress (4): 35 kB | 82/118 kB | 65/263 kB | 74/316 kBProgress (4): 35 kB | 82/118 kB | 65/263 kB | 78/316 kBProgress (4): 35 kB | 82/118 kB | 65/263 kB | 82/316 kBProgress (4): 35 kB | 82/118 kB | 65/263 kB | 86/316 kBProgress (4): 35 kB | 82/118 kB | 65/263 kB | 90/316 kBProgress (4): 35 kB | 82/118 kB | 65/263 kB | 94/316 kBProgress (4): 35 kB | 82/118 kB | 65/263 kB | 98/316 kBProgress (4): 35 kB | 82/118 kB | 65/263 kB | 102/316 kBProgress (4): 35 kB | 82/118 kB | 65/263 kB | 106/316 kBProgress (4): 35 kB | 82/118 kB | 65/263 kB | 111/316 kBProgress (5): 35 kB | 82/118 kB | 65/263 kB | 111/316 kB | 4.1/31 kBProgress (5): 35 kB | 82/118 kB | 65/263 kB | 115/316 kB | 4.1/31 kBProgress (5): 35 kB | 82/118 kB | 65/263 kB | 119/316 kB | 4.1/31 kBProgress (5): 35 kB | 82/118 kB | 65/263 kB | 123/316 kB | 4.1/31 kBProgress (5): 35 kB | 82/118 kB | 65/263 kB | 127/316 kB | 4.1/31 kBProgress (5): 35 kB | 82/118 kB | 65/263 kB | 131/316 kB | 4.1/31 kBProgress (5): 35 kB | 82/118 kB | 65/263 kB | 135/316 kB | 4.1/31 kBProgress (5): 35 kB | 82/118 kB | 65/263 kB | 139/316 kB | 4.1/31 kBProgress (5): 35 kB | 82/118 kB | 65/263 kB | 143/316 kB | 4.1/31 kBProgress (5): 35 kB | 82/118 kB | 65/263 kB | 147/316 kB | 4.1/31 kBProgress (5): 35 kB | 82/118 kB | 65/263 kB | 152/316 kB | 4.1/31 kBProgress (5): 35 kB | 82/118 kB | 65/263 kB | 156/316 kB | 4.1/31 kBProgress (5): 35 kB | 82/118 kB | 65/263 kB | 160/316 kB | 4.1/31 kBProgress (5): 35 kB | 82/118 kB | 65/263 kB | 164/316 kB | 4.1/31 kBProgress (5): 35 kB | 82/118 kB | 65/263 kB | 168/316 kB | 4.1/31 kBProgress (5): 35 kB | 82/118 kB | 65/263 kB | 172/316 kB | 4.1/31 kBProgress (5): 35 kB | 82/118 kB | 65/263 kB | 176/316 kB | 4.1/31 kBProgress (5): 35 kB | 82/118 kB | 65/263 kB | 180/316 kB | 4.1/31 kBProgress (5): 35 kB | 82/118 kB | 65/263 kB | 184/316 kB | 4.1/31 kBProgress (5): 35 kB | 82/118 kB | 65/263 kB | 188/316 kB | 4.1/31 kBProgress (5): 35 kB | 82/118 kB | 65/263 kB | 193/316 kB | 4.1/31 kBProgress (5): 35 kB | 82/118 kB | 65/263 kB | 197/316 kB | 4.1/31 kBProgress (5): 35 kB | 82/118 kB | 65/263 kB | 197/316 kB | 8.2/31 kBProgress (5): 35 kB | 82/118 kB | 65/263 kB | 197/316 kB | 12/31 kB Progress (5): 35 kB | 82/118 kB | 65/263 kB | 197/316 kB | 16/31 kBProgress (5): 35 kB | 82/118 kB | 65/263 kB | 197/316 kB | 20/31 kBProgress (5): 35 kB | 82/118 kB | 65/263 kB | 197/316 kB | 25/31 kBProgress (5): 35 kB | 82/118 kB | 65/263 kB | 197/316 kB | 29/31 kBProgress (5): 35 kB | 82/118 kB | 65/263 kB | 197/316 kB | 31 kB                                                                   Downloaded from central: https://repo.maven.apache.org/maven2/org/apache/maven/surefire/surefire-booter/2.12.4/surefire-booter-2.12.4.jar (35 kB at 642 kB/s)
[43248108-d28a-4fe8-aa48-513cf9fd625b/build]   | Downloading from central: https://repo.maven.apache.org/maven2/org/codehaus/plexus/plexus-utils/3.0.8/plexus-utils-3.0.8.jar
[43248108-d28a-4fe8-aa48-513cf9fd625b/build]   | Progress (4): 82/118 kB | 65/263 kB | 201/316 kB | 31 kBProgress (4): 82/118 kB | 65/263 kB | 205/316 kB | 31 kBProgress (4): 82/118 kB | 65/263 kB | 209/316 kB | 31 kBProgress (4): 82/118 kB | 65/263 kB | 213/316 kB | 31 kBProgress (4): 82/118 kB | 65/263 kB | 217/316 kB | 31 kBProgress (4): 82/118 kB | 65/263 kB | 221/316 kB | 31 kBProgress (4): 82/118 kB | 65/263 kB | 225/316 kB | 31 kBProgress (4): 82/118 kB | 65/263 kB | 229/316 kB | 31 kBProgress (5): 82/118 kB | 65/263 kB | 229/316 kB | 31 kB | 4.1/232 kBProgress (5): 82/118 kB | 65/263 kB | 233/316 kB | 31 kB | 4.1/232 kBProgress (5): 82/118 kB | 65/263 kB | 238/316 kB | 31 kB | 4.1/232 kBProgress (5): 82/118 kB | 65/263 kB | 242/316 kB | 31 kB | 4.1/232 kBProgress (5): 82/118 kB | 65/263 kB | 246/316 kB | 31 kB | 4.1/232 kBProgress (5): 82/118 kB | 65/263 kB | 250/316 kB | 31 kB | 4.1/232 kBProgress (5): 82/118 kB | 65/263 kB | 254/316 kB | 31 kB | 4.1/232 kBProgress (5): 82/118 kB | 65/263 kB | 258/316 kB | 31 kB | 4.1/232 kBProgress (5): 82/118 kB | 65/263 kB | 262/316 kB | 31 kB | 4.1/232 kBProgress (5): 82/118 kB | 65/263 kB | 266/316 kB | 31 kB | 4.1/232 kBProgress (5): 82/118 kB | 65/263 kB | 270/316 kB | 31 kB | 4.1/232 kBProgress (5): 82/118 kB | 65/263 kB | 274/316 kB | 31 kB | 4.1/232 kBProgress (5): 82/118 kB | 65/263 kB | 279/316 kB | 31 kB | 4.1/232 kBProgress (5): 82/118 kB | 65/263 kB | 283/316 kB | 31 kB | 4.1/232 kBProgress (5): 82/118 kB | 65/263 kB | 287/316 kB | 31 kB | 4.1/232 kBProgress (5): 82/118 kB | 65/263 kB | 291/316 kB | 31 kB | 4.1/232 kBProgress (5): 82/118 kB | 65/263 kB | 295/316 kB | 31 kB | 4.1/232 kBProgress (5): 82/118 kB | 65/263 kB | 299/316 kB | 31 kB | 4.1/232 kBProgress (5): 82/118 kB | 65/263 kB | 303/316 kB | 31 kB | 4.1/232 kBProgress (5): 82/118 kB | 65/263 kB | 307/316 kB | 31 kB | 4.1/232 kBProgress (5): 82/118 kB | 65/263 kB | 311/316 kB | 31 kB | 4.1/232 kBProgress (5): 82/118 kB | 65/263 kB | 315/316 kB | 31 kB | 4.1/232 kBProgress (5): 82/118 kB | 65/263 kB | 316 kB | 31 kB | 4.1/232 kB    Progress (5): 82/118 kB | 65/263 kB | 316 kB | 31 kB | 8.2/232 kBProgress (5): 82/118 kB | 65/263 kB | 316 kB | 31 kB | 12/232 kB Progress (5): 82/118 kB | 65/263 kB | 316 kB | 31 kB | 16/232 kBProgress (5): 82/118 kB | 65/263 kB | 316 kB | 31 kB | 20/232 kB                                                                Downloaded from central: https://repo.maven.apache.org/maven2/org/apache/maven/shared/maven-common-artifact-filters/1.3/maven-common-artifact-filters-1.3.jar (31 kB at 349 kB/s)
[43248108-d28a-4fe8-aa48-513cf9fd625b/build]   | Progress (4): 82/118 kB | 65/263 kB | 316 kB | 24/232 kB                                                        Downloading from central: https://repo.maven.apache.org/maven2/org/apache/maven/reporting/maven-reporting-api/2.0.9/maven-reporting-api-2.0.9.jar
[43248108-d28a-4fe8-aa48-513cf9fd625b/build]   | Progress (4): 82/118 kB | 65/263 kB | 316 kB | 28/232 kBProgress (4): 82/118 kB | 65/263 kB | 316 kB | 32/232 kBProgress (4): 82/118 kB | 65/263 kB | 316 kB | 36/232 kBProgress (4): 82/118 kB | 65/263 kB | 316 kB | 40/232 kBProgress (4): 82/118 kB | 65/263 kB | 316 kB | 45/232 kBProgress (4): 82/118 kB | 65/263 kB | 316 kB | 49/232 kBProgress (4): 82/118 kB | 65/263 kB | 316 kB | 53/232 kBProgress (4): 82/118 kB | 65/263 kB | 316 kB | 57/232 kBProgress (4): 82/118 kB | 65/263 kB | 316 kB | 61/232 kBProgress (4): 82/118 kB | 65/263 kB | 316 kB | 65/232 kBProgress (4): 82/118 kB | 65/263 kB | 316 kB | 69/232 kBProgress (4): 82/118 kB | 65/263 kB | 316 kB | 73/232 kBProgress (4): 82/118 kB | 65/263 kB | 316 kB | 77/232 kBProgress (4): 82/118 kB | 65/263 kB | 316 kB | 81/232 kBProgress (4): 82/118 kB | 65/263 kB | 316 kB | 85/232 kBProgress (4): 82/118 kB | 65/263 kB | 316 kB | 90/232 kBProgress (4): 82/118 kB | 65/263 kB | 316 kB | 94/232 kBProgress (4): 82/118 kB | 65/263 kB | 316 kB | 98/232 kBProgress (4): 82/118 kB | 65/263 kB | 316 kB | 102/232 kBProgress (4): 82/118 kB | 65/263 kB | 316 kB | 106/232 kBProgress (4): 82/118 kB | 65/263 kB | 316 kB | 110/232 kBProgress (4): 82/118 kB | 65/263 kB | 316 kB | 114/232 kBProgress (4): 82/118 kB | 65/263 kB | 316 kB | 118/232 kBProgress (4): 82/118 kB | 65/263 kB | 316 kB | 122/232 kBProgress (4): 82/118 kB | 65/263 kB | 316 kB | 126/232 kBProgress (4): 82/118 kB | 65/263 kB | 316 kB | 131/232 kBProgress (4): 82/118 kB | 65/263 kB | 316 kB | 135/232 kBProgress (4): 82/118 kB | 65/263 kB | 316 kB | 139/232 kBProgress (4): 82/118 kB | 65/263 kB | 316 kB | 143/232 kBProgress (4): 82/118 kB | 65/263 kB | 316 kB | 147/232 kBProgress (4): 82/118 kB | 65/263 kB | 316 kB | 151/232 kBProgress (4): 82/118 kB | 65/263 kB | 316 kB | 155/232 kBProgress (4): 82/118 kB | 65/263 kB | 316 kB | 159/232 kBProgress (4): 82/118 kB | 65/263 kB | 316 kB | 163/232 kBProgress (4): 82/118 kB | 65/263 kB | 316 kB | 167/232 kBProgress (4): 82/118 kB | 65/263 kB | 316 kB | 171/232 kBProgress (4): 82/118 kB | 65/263 kB | 316 kB | 176/232 kBProgress (4): 82/118 kB | 65/263 kB | 316 kB | 180/232 kBProgress (4): 82/118 kB | 65/263 kB | 316 kB | 184/232 kBProgress (4): 82/118 kB | 65/263 kB | 316 kB | 188/232 kBProgress (4): 82/118 kB | 65/263 kB | 316 kB | 192/232 kBProgress (4): 82/118 kB | 65/263 kB | 316 kB | 196/232 kBProgress (4): 82/118 kB | 65/263 kB | 316 kB | 200/232 kBProgress (4): 82/118 kB | 65/263 kB | 316 kB | 204/232 kBProgress (4): 82/118 kB | 65/263 kB | 316 kB | 208/232 kBProgress (4): 82/118 kB | 65/263 kB | 316 kB | 212/232 kBProgress (4): 82/118 kB | 65/263 kB | 316 kB | 217/232 kBProgress (4): 82/118 kB | 65/263 kB | 316 kB | 221/232 kBProgress (4): 82/118 kB | 65/263 kB | 316 kB | 225/232 kBProgress (4): 82/118 kB | 65/263 kB | 316 kB | 229/232 kBProgress (4): 82/118 kB | 65/263 kB | 316 kB | 232 kB    Progress (5): 82/118 kB | 65/263 kB | 316 kB | 232 kB | 4.1/10 kBProgress (5): 82/118 kB | 65/263 kB | 316 kB | 232 kB | 8.2/10 kBProgress (5): 82/118 kB | 65/263 kB | 316 kB | 232 kB | 10 kB                                                                 Downloaded from central: https://repo.maven.apache.org/maven2/org/apache/maven/reporting/maven-reporting-api/2.0.9/maven-reporting-api-2.0.9.jar (10 kB at 87 kB/s)
[43248108-d28a-4fe8-aa48-513cf9fd625b/build]   | Downloading from central: https://repo.maven.apache.org/maven2/org/apache/maven/maven-toolchain/2.0.9/maven-toolchain-2.0.9.jar
[43248108-d28a-4fe8-aa48-513cf9fd625b/build]   | Downloaded from central: https://repo.maven.apache.org/maven2/org/codehaus/plexus/plexus-utils/3.0.8/plexus-utils-3.0.8.jar (232 kB at 1.9 MB/s)
[43248108-d28a-4fe8-aa48-513cf9fd625b/build]   | Downloading from central: https://repo.maven.apache.org/maven2/org/apache/maven/plugin-tools/maven-plugin-annotations/3.1/maven-plugin-annotations-3.1.jar
[43248108-d28a-4fe8-aa48-513cf9fd625b/build]   | Progress (4): 82/118 kB | 65/263 kB | 316 kB | 4.1/38 kBProgress (4): 82/118 kB | 65/263 kB | 316 kB | 8.2/38 kBProgress (4): 82/118 kB | 65/263 kB | 316 kB | 12/38 kB Progress (4): 82/118 kB | 65/263 kB | 316 kB | 16/38 kBProgress (4): 82/118 kB | 65/263 kB | 316 kB | 20/38 kBProgress (4): 82/118 kB | 65/263 kB | 316 kB | 24/38 kBProgress (4): 82/118 kB | 65/263 kB | 316 kB | 28/38 kBProgress (4): 82/118 kB | 65/263 kB | 316 kB | 32/38 kBProgress (4): 82/118 kB | 65/263 kB | 316 kB | 36/38 kBProgress (4): 82/118 kB | 65/263 kB | 316 kB | 38 kB   Progress (5): 82/118 kB | 65/263 kB | 316 kB | 38 kB | 4.1/14 kBProgress (5): 82/118 kB | 65/263 kB | 316 kB | 38 kB | 8.2/14 kBProgress (5): 82/118 kB | 65/263 kB | 316 kB | 38 kB | 12/14 kB Progress (5): 82/118 kB | 65/263 kB | 316 kB | 38 kB | 14 kB                                                               Downloaded from central: https://repo.maven.apache.org/maven2/org/apache/maven/maven-toolchain/2.0.9/maven-toolchain-2.0.9.jar (38 kB at 283 kB/s)
[43248108-d28a-4fe8-aa48-513cf9fd625b/build]   | Downloaded from central: https://repo.maven.apache.org/maven2/org/apache/maven/plugin-tools/maven-plugin-annotations/3.1/maven-plugin-annotations-3.1.jar (14 kB at 104 kB/s)
[43248108-d28a-4fe8-aa48-513cf9fd625b/build]   | Progress (3): 86/118 kB | 65/263 kB | 316 kBProgress (3): 90/118 kB | 65/263 kB | 316 kBProgress (3): 94/118 kB | 65/263 kB | 316 kBProgress (3): 98/118 kB | 65/263 kB | 316 kBProgress (3): 102/118 kB | 65/263 kB | 316 kBProgress (3): 106/118 kB | 65/263 kB | 316 kBProgress (3): 111/118 kB | 65/263 kB | 316 kBProgress (3): 115/118 kB | 65/263 kB | 316 kBProgress (3): 118 kB | 65/263 kB | 316 kB                                             Downloaded from central: https://repo.maven.apache.org/maven2/org/apache/maven/surefire/surefire-api/2.12.4/surefire-api-2.12.4.jar (118 kB at 447 kB/s)
[43248108-d28a-4fe8-aa48-513cf9fd625b/build]   | Progress (2): 69/263 kB | 316 kBProgress (2): 73/263 kB | 316 kBProgress (2): 77/263 kB | 316 kBProgress (2): 81/263 kB | 316 kBProgress (2): 85/263 kB | 316 kBProgress (2): 90/263 kB | 316 kBProgress (2): 94/263 kB | 316 kBProgress (2): 98/263 kB | 316 kBProgress (2): 102/263 kB | 316 kBProgress (2): 106/263 kB | 316 kBProgress (2): 110/263 kB | 316 kBProgress (2): 114/263 kB | 316 kBProgress (2): 118/263 kB | 316 kBProgress (2): 122/263 kB | 316 kBProgress (2): 126/263 kB | 316 kBProgress (2): 131/263 kB | 316 kBProgress (2): 135/263 kB | 316 kBProgress (2): 139/263 kB | 316 kBProgress (2): 143/263 kB | 316 kBProgress (2): 147/263 kB | 316 kBProgress (2): 151/263 kB | 316 kBProgress (2): 155/263 kB | 316 kBProgress (2): 159/263 kB | 316 kBProgress (2): 163/263 kB | 316 kBProgress (2): 167/263 kB | 316 kBProgress (2): 171/263 kB | 316 kBProgress (2): 176/263 kB | 316 kBProgress (2): 180/263 kB | 316 kBProgress (2): 184/263 kB | 316 kBProgress (2): 188/263 kB | 316 kBProgress (2): 192/263 kB | 316 kBProgress (2): 196/263 kB | 316 kBProgress (2): 200/263 kB | 316 kBProgress (2): 204/263 kB | 316 kBProgress (2): 208/263 kB | 316 kBProgress (2): 212/263 kB | 316 kBProgress (2): 217/263 kB | 316 kBProgress (2): 221/263 kB | 316 kBProgress (2): 225/263 kB | 316 kBProgress (2): 229/263 kB | 316 kBProgress (2): 233/263 kB | 316 kBProgress (2): 237/263 kB | 316 kBProgress (2): 241/263 kB | 316 kBProgress (2): 245/263 kB | 316 kBProgress (2): 249/263 kB | 316 kBProgress (2): 253/263 kB | 316 kBProgress (2): 258/263 kB | 316 kBProgress (2): 262/263 kB | 316 kBProgress (2): 263 kB | 316 kB                                 Downloaded from central: https://repo.maven.apache.org/maven2/org/apache/commons/commons-lang3/3.1/commons-lang3-3.1.jar (316 kB at 1.0 MB/s)
[43248108-d28a-4fe8-aa48-513cf9fd625b/build]   | Downloaded from central: https://repo.maven.apache.org/maven2/org/apache/maven/surefire/maven-surefire-common/2.12.4/maven-surefire-common-2.12.4.jar (263 kB at 823 kB/s)
[43248108-d28a-4fe8-aa48-513cf9fd625b/build]   | [INFO] Surefire report directory: /tmp/9316eb46-65df-4c2d-a247-3ad943028b5d/target/surefire-reports
[43248108-d28a-4fe8-aa48-513cf9fd625b/build]   | Downloading from central: https://repo.maven.apache.org/maven2/org/apache/maven/surefire/surefire-junit4/2.12.4/surefire-junit4-2.12.4.pom
[43248108-d28a-4fe8-aa48-513cf9fd625b/build]   | Progress (1): 2.4 kB                    Downloaded from central: https://repo.maven.apache.org/maven2/org/apache/maven/surefire/surefire-junit4/2.12.4/surefire-junit4-2.12.4.pom (2.4 kB at 89 kB/s)
[43248108-d28a-4fe8-aa48-513cf9fd625b/build]   | Downloading from central: https://repo.maven.apache.org/maven2/org/apache/maven/surefire/surefire-providers/2.12.4/surefire-providers-2.12.4.pom
[43248108-d28a-4fe8-aa48-513cf9fd625b/build]   | Progress (1): 2.3 kB                    Downloaded from central: https://repo.maven.apache.org/maven2/org/apache/maven/surefire/surefire-providers/2.12.4/surefire-providers-2.12.4.pom (2.3 kB at 157 kB/s)
[43248108-d28a-4fe8-aa48-513cf9fd625b/build]   | Downloading from central: https://repo.maven.apache.org/maven2/org/apache/maven/surefire/surefire-junit4/2.12.4/surefire-junit4-2.12.4.jar
[43248108-d28a-4fe8-aa48-513cf9fd625b/build]   | Progress (1): 4.1/37 kBProgress (1): 8.2/37 kBProgress (1): 12/37 kB Progress (1): 16/37 kBProgress (1): 20/37 kBProgress (1): 25/37 kBProgress (1): 29/37 kBProgress (1): 33/37 kBProgress (1): 37/37 kBProgress (1): 37 kB                      Downloaded from central: https://repo.maven.apache.org/maven2/org/apache/maven/surefire/surefire-junit4/2.12.4/surefire-junit4-2.12.4.jar (37 kB at 839 kB/s)
[43248108-d28a-4fe8-aa48-513cf9fd625b/build]   | 
[43248108-d28a-4fe8-aa48-513cf9fd625b/build]   | -------------------------------------------------------
[43248108-d28a-4fe8-aa48-513cf9fd625b/build]   |  T E S T S
[43248108-d28a-4fe8-aa48-513cf9fd625b/build]   | -------------------------------------------------------
[43248108-d28a-4fe8-aa48-513cf9fd625b/build]   | Running com.vdurmont.semver4j.NpmSemverTest
[43248108-d28a-4fe8-aa48-513cf9fd625b/build]   | Tests run: 93, Failures: 3, Errors: 0, Skipped: 0, Time elapsed: 0.194 sec <<< FAILURE!
[43248108-d28a-4fe8-aa48-513cf9fd625b/build]   | test[66](com.vdurmont.semver4j.NpmSemverTest)  Time elapsed: 0.006 sec  <<< FAILURE!
[43248108-d28a-4fe8-aa48-513cf9fd625b/build]   | java.lang.AssertionError: 1.2.0 , 1.2 <1.2.8 || >2.0.0 expected:<true> but was:<false>
[43248108-d28a-4fe8-aa48-513cf9fd625b/build]   | 	at org.junit.Assert.fail(Assert.java:88)
[43248108-d28a-4fe8-aa48-513cf9fd625b/build]   | 	at org.junit.Assert.failNotEquals(Assert.java:834)
[43248108-d28a-4fe8-aa48-513cf9fd625b/build]   | 	at org.junit.Assert.assertEquals(Assert.java:118)
[43248108-d28a-4fe8-aa48-513cf9fd625b/build]   | 	at com.vdurmont.semver4j.NpmSemverTest.test(NpmSemverTest.java:242)
[43248108-d28a-4fe8-aa48-513cf9fd625b/build]   | 	at sun.reflect.GeneratedMethodAccessor1.invoke(Unknown Source)
[43248108-d28a-4fe8-aa48-513cf9fd625b/build]   | 	at sun.reflect.DelegatingMethodAccessorImpl.invoke(DelegatingMethodAccessorImpl.java:43)
[43248108-d28a-4fe8-aa48-513cf9fd625b/build]   | 	at java.lang.reflect.Method.invoke(Method.java:498)
[43248108-d28a-4fe8-aa48-513cf9fd625b/build]   | 	at org.junit.runners.model.FrameworkMethod$1.runReflectiveCall(FrameworkMethod.java:50)
[43248108-d28a-4fe8-aa48-513cf9fd625b/build]   | 	at org.junit.internal.runners.model.ReflectiveCallable.run(ReflectiveCallable.java:12)
[43248108-d28a-4fe8-aa48-513cf9fd625b/build]   | 	at org.junit.runners.model.FrameworkMethod.invokeExplosively(FrameworkMethod.java:47)
[43248108-d28a-4fe8-aa48-513cf9fd625b/build]   | 	at org.junit.internal.runners.statements.InvokeMethod.evaluate(InvokeMethod.java:17)
[43248108-d28a-4fe8-aa48-513cf9fd625b/build]   | 	at org.junit.runners.ParentRunner.runLeaf(ParentRunner.java:325)
[43248108-d28a-4fe8-aa48-513cf9fd625b/build]   | 	at org.junit.runners.BlockJUnit4ClassRunner.runChild(BlockJUnit4ClassRunner.java:78)
[43248108-d28a-4fe8-aa48-513cf9fd625b/build]   | 	at org.junit.runners.BlockJUnit4ClassRunner.runChild(BlockJUnit4ClassRunner.java:57)
[43248108-d28a-4fe8-aa48-513cf9fd625b/build]   | 	at org.junit.runners.ParentRunner$3.run(ParentRunner.java:290)
[43248108-d28a-4fe8-aa48-513cf9fd625b/build]   | 	at org.junit.runners.ParentRunner$1.schedule(ParentRunner.java:71)
[43248108-d28a-4fe8-aa48-513cf9fd625b/build]   | 	at org.junit.runners.ParentRunner.runChildren(ParentRunner.java:288)
[43248108-d28a-4fe8-aa48-513cf9fd625b/build]   | 	at org.junit.runners.ParentRunner.access$000(ParentRunner.java:58)
[43248108-d28a-4fe8-aa48-513cf9fd625b/build]   | 	at org.junit.runners.ParentRunner$2.evaluate(ParentRunner.java:268)
[43248108-d28a-4fe8-aa48-513cf9fd625b/build]   | 	at org.junit.runners.ParentRunner.run(ParentRunner.java:363)
[43248108-d28a-4fe8-aa48-513cf9fd625b/build]   | 	at org.junit.runners.Suite.runChild(Suite.java:128)
[43248108-d28a-4fe8-aa48-513cf9fd625b/build]   | 	at org.junit.runners.Suite.runChild(Suite.java:27)
[43248108-d28a-4fe8-aa48-513cf9fd625b/build]   | 	at org.junit.runners.ParentRunner$3.run(ParentRunner.java:290)
[43248108-d28a-4fe8-aa48-513cf9fd625b/build]   | 	at org.junit.runners.ParentRunner$1.schedule(ParentRunner.java:71)
[43248108-d28a-4fe8-aa48-513cf9fd625b/build]   | 	at org.junit.runners.ParentRunner.runChildren(ParentRunner.java:288)
[43248108-d28a-4fe8-aa48-513cf9fd625b/build]   | 	at org.junit.runners.ParentRunner.access$000(ParentRunner.java:58)
[43248108-d28a-4fe8-aa48-513cf9fd625b/build]   | 	at org.junit.runners.ParentRunner$2.evaluate(ParentRunner.java:268)
[43248108-d28a-4fe8-aa48-513cf9fd625b/build]   | 	at org.junit.runners.ParentRunner.run(ParentRunner.java:363)
[43248108-d28a-4fe8-aa48-513cf9fd625b/build]   | 	at org.apache.maven.surefire.junit4.JUnit4Provider.execute(JUnit4Provider.java:252)
[43248108-d28a-4fe8-aa48-513cf9fd625b/build]   | 	at org.apache.maven.surefire.junit4.JUnit4Provider.executeTestSet(JUnit4Provider.java:141)
[43248108-d28a-4fe8-aa48-513cf9fd625b/build]   | 	at org.apache.maven.surefire.junit4.JUnit4Provider.invoke(JUnit4Provider.java:112)
[43248108-d28a-4fe8-aa48-513cf9fd625b/build]   | 	at sun.reflect.NativeMethodAccessorImpl.invoke0(Native Method)
[43248108-d28a-4fe8-aa48-513cf9fd625b/build]   | 	at sun.reflect.NativeMethodAccessorImpl.invoke(NativeMethodAccessorImpl.java:62)
[43248108-d28a-4fe8-aa48-513cf9fd625b/build]   | 	at sun.reflect.DelegatingMethodAccessorImpl.invoke(DelegatingMethodAccessorImpl.java:43)
[43248108-d28a-4fe8-aa48-513cf9fd625b/build]   | 	at java.lang.reflect.Method.invoke(Method.java:498)
[43248108-d28a-4fe8-aa48-513cf9fd625b/build]   | 	at org.apache.maven.surefire.util.ReflectionUtils.invokeMethodWithArray(ReflectionUtils.java:189)
[43248108-d28a-4fe8-aa48-513cf9fd625b/build]   | 	at org.apache.maven.surefire.booter.ProviderFactory$ProviderProxy.invoke(ProviderFactory.java:165)
[43248108-d28a-4fe8-aa48-513cf9fd625b/build]   | 	at org.apache.maven.surefire.booter.ProviderFactory.invokeProvider(ProviderFactory.java:85)
[43248108-d28a-4fe8-aa48-513cf9fd625b/build]   | 	at org.apache.maven.surefire.booter.ForkedBooter.runSuitesInProcess(ForkedBooter.java:115)
[43248108-d28a-4fe8-aa48-513cf9fd625b/build]   | 	at org.apache.maven.surefire.booter.ForkedBooter.main(ForkedBooter.java:75)
[43248108-d28a-4fe8-aa48-513cf9fd625b/build]   | 
[43248108-d28a-4fe8-aa48-513cf9fd625b/build]   | test[67](com.vdurmont.semver4j.NpmSemverTest)  Time elapsed: 0 sec  <<< FAILURE!
[43248108-d28a-4fe8-aa48-513cf9fd625b/build]   | java.lang.AssertionError: 1.2.7 , 1.2 <1.2.8 || >2.0.0 expected:<true> but was:<false>
[43248108-d28a-4fe8-aa48-513cf9fd625b/build]   | 	at org.junit.Assert.fail(Assert.java:88)
[43248108-d28a-4fe8-aa48-513cf9fd625b/build]   | 	at org.junit.Assert.failNotEquals(Assert.java:834)
[43248108-d28a-4fe8-aa48-513cf9fd625b/build]   | 	at org.junit.Assert.assertEquals(Assert.java:118)
[43248108-d28a-4fe8-aa48-513cf9fd625b/build]   | 	at com.vdurmont.semver4j.NpmSemverTest.test(NpmSemverTest.java:242)
[43248108-d28a-4fe8-aa48-513cf9fd625b/build]   | 	at sun.reflect.GeneratedMethodAccessor1.invoke(Unknown Source)
[43248108-d28a-4fe8-aa48-513cf9fd625b/build]   | 	at sun.reflect.DelegatingMethodAccessorImpl.invoke(DelegatingMethodAccessorImpl.java:43)
[43248108-d28a-4fe8-aa48-513cf9fd625b/build]   | 	at java.lang.reflect.Method.invoke(Method.java:498)
[43248108-d28a-4fe8-aa48-513cf9fd625b/build]   | 	at org.junit.runners.model.FrameworkMethod$1.runReflectiveCall(FrameworkMethod.java:50)
[43248108-d28a-4fe8-aa48-513cf9fd625b/build]   | 	at org.junit.internal.runners.model.ReflectiveCallable.run(ReflectiveCallable.java:12)
[43248108-d28a-4fe8-aa48-513cf9fd625b/build]   | 	at org.junit.runners.model.FrameworkMethod.invokeExplosively(FrameworkMethod.java:47)
[43248108-d28a-4fe8-aa48-513cf9fd625b/build]   | 	at org.junit.internal.runners.statements.InvokeMethod.evaluate(InvokeMethod.java:17)
[43248108-d28a-4fe8-aa48-513cf9fd625b/build]   | 	at org.junit.runners.ParentRunner.runLeaf(ParentRunner.java:325)
[43248108-d28a-4fe8-aa48-513cf9fd625b/build]   | 	at org.junit.runners.BlockJUnit4ClassRunner.runChild(BlockJUnit4ClassRunner.java:78)
[43248108-d28a-4fe8-aa48-513cf9fd625b/build]   | 	at org.junit.runners.BlockJUnit4ClassRunner.runChild(BlockJUnit4ClassRunner.java:57)
[43248108-d28a-4fe8-aa48-513cf9fd625b/build]   | 	at org.junit.runners.ParentRunner$3.run(ParentRunner.java:290)
[43248108-d28a-4fe8-aa48-513cf9fd625b/build]   | 	at org.junit.runners.ParentRunner$1.schedule(ParentRunner.java:71)
[43248108-d28a-4fe8-aa48-513cf9fd625b/build]   | 	at org.junit.runners.ParentRunner.runChildren(ParentRunner.java:288)
[43248108-d28a-4fe8-aa48-513cf9fd625b/build]   | 	at org.junit.runners.ParentRunner.access$000(ParentRunner.java:58)
[43248108-d28a-4fe8-aa48-513cf9fd625b/build]   | 	at org.junit.runners.ParentRunner$2.evaluate(ParentRunner.java:268)
[43248108-d28a-4fe8-aa48-513cf9fd625b/build]   | 	at org.junit.runners.ParentRunner.run(ParentRunner.java:363)
[43248108-d28a-4fe8-aa48-513cf9fd625b/build]   | 	at org.junit.runners.Suite.runChild(Suite.java:128)
[43248108-d28a-4fe8-aa48-513cf9fd625b/build]   | 	at org.junit.runners.Suite.runChild(Suite.java:27)
[43248108-d28a-4fe8-aa48-513cf9fd625b/build]   | 	at org.junit.runners.ParentRunner$3.run(ParentRunner.java:290)
[43248108-d28a-4fe8-aa48-513cf9fd625b/build]   | 	at org.junit.runners.ParentRunner$1.schedule(ParentRunner.java:71)
[43248108-d28a-4fe8-aa48-513cf9fd625b/build]   | 	at org.junit.runners.ParentRunner.runChildren(ParentRunner.java:288)
[43248108-d28a-4fe8-aa48-513cf9fd625b/build]   | 	at org.junit.runners.ParentRunner.access$000(ParentRunner.java:58)
[43248108-d28a-4fe8-aa48-513cf9fd625b/build]   | 	at org.junit.runners.ParentRunner$2.evaluate(ParentRunner.java:268)
[43248108-d28a-4fe8-aa48-513cf9fd625b/build]   | 	at org.junit.runners.ParentRunner.run(ParentRunner.java:363)
[43248108-d28a-4fe8-aa48-513cf9fd625b/build]   | 	at org.apache.maven.surefire.junit4.JUnit4Provider.execute(JUnit4Provider.java:252)
[43248108-d28a-4fe8-aa48-513cf9fd625b/build]   | 	at org.apache.maven.surefire.junit4.JUnit4Provider.executeTestSet(JUnit4Provider.java:141)
[43248108-d28a-4fe8-aa48-513cf9fd625b/build]   | 	at org.apache.maven.surefire.junit4.JUnit4Provider.invoke(JUnit4Provider.java:112)
[43248108-d28a-4fe8-aa48-513cf9fd625b/build]   | 	at sun.reflect.NativeMethodAccessorImpl.invoke0(Native Method)
[43248108-d28a-4fe8-aa48-513cf9fd625b/build]   | 	at sun.reflect.NativeMethodAccessorImpl.invoke(NativeMethodAccessorImpl.java:62)
[43248108-d28a-4fe8-aa48-513cf9fd625b/build]   | 	at sun.reflect.DelegatingMethodAccessorImpl.invoke(DelegatingMethodAccessorImpl.java:43)
[43248108-d28a-4fe8-aa48-513cf9fd625b/build]   | 	at java.lang.reflect.Method.invoke(Method.java:498)
[43248108-d28a-4fe8-aa48-513cf9fd625b/build]   | 	at org.apache.maven.surefire.util.ReflectionUtils.invokeMethodWithArray(ReflectionUtils.java:189)
[43248108-d28a-4fe8-aa48-513cf9fd625b/build]   | 	at org.apache.maven.surefire.booter.ProviderFactory$ProviderProxy.invoke(ProviderFactory.java:165)
[43248108-d28a-4fe8-aa48-513cf9fd625b/build]   | 	at org.apache.maven.surefire.booter.ProviderFactory.invokeProvider(ProviderFactory.java:85)
[43248108-d28a-4fe8-aa48-513cf9fd625b/build]   | 	at org.apache.maven.surefire.booter.ForkedBooter.runSuitesInProcess(ForkedBooter.java:115)
[43248108-d28a-4fe8-aa48-513cf9fd625b/build]   | 	at org.apache.maven.surefire.booter.ForkedBooter.main(ForkedBooter.java:75)
[43248108-d28a-4fe8-aa48-513cf9fd625b/build]   | 
[43248108-d28a-4fe8-aa48-513cf9fd625b/build]   | test[68](com.vdurmont.semver4j.NpmSemverTest)  Time elapsed: 0.001 sec  <<< FAILURE!
[43248108-d28a-4fe8-aa48-513cf9fd625b/build]   | java.lang.AssertionError: 2.0.1 , 1.2 <1.2.8 || >2.0.0 expected:<true> but was:<false>
[43248108-d28a-4fe8-aa48-513cf9fd625b/build]   | 	at org.junit.Assert.fail(Assert.java:88)
[43248108-d28a-4fe8-aa48-513cf9fd625b/build]   | 	at org.junit.Assert.failNotEquals(Assert.java:834)
[43248108-d28a-4fe8-aa48-513cf9fd625b/build]   | 	at org.junit.Assert.assertEquals(Assert.java:118)
[43248108-d28a-4fe8-aa48-513cf9fd625b/build]   | 	at com.vdurmont.semver4j.NpmSemverTest.test(NpmSemverTest.java:242)
[43248108-d28a-4fe8-aa48-513cf9fd625b/build]   | 	at sun.reflect.GeneratedMethodAccessor1.invoke(Unknown Source)
[43248108-d28a-4fe8-aa48-513cf9fd625b/build]   | 	at sun.reflect.DelegatingMethodAccessorImpl.invoke(DelegatingMethodAccessorImpl.java:43)
[43248108-d28a-4fe8-aa48-513cf9fd625b/build]   | 	at java.lang.reflect.Method.invoke(Method.java:498)
[43248108-d28a-4fe8-aa48-513cf9fd625b/build]   | 	at org.junit.runners.model.FrameworkMethod$1.runReflectiveCall(FrameworkMethod.java:50)
[43248108-d28a-4fe8-aa48-513cf9fd625b/build]   | 	at org.junit.internal.runners.model.ReflectiveCallable.run(ReflectiveCallable.java:12)
[43248108-d28a-4fe8-aa48-513cf9fd625b/build]   | 	at org.junit.runners.model.FrameworkMethod.invokeExplosively(FrameworkMethod.java:47)
[43248108-d28a-4fe8-aa48-513cf9fd625b/build]   | 	at org.junit.internal.runners.statements.InvokeMethod.evaluate(InvokeMethod.java:17)
[43248108-d28a-4fe8-aa48-513cf9fd625b/build]   | 	at org.junit.runners.ParentRunner.runLeaf(ParentRunner.java:325)
[43248108-d28a-4fe8-aa48-513cf9fd625b/build]   | 	at org.junit.runners.BlockJUnit4ClassRunner.runChild(BlockJUnit4ClassRunner.java:78)
[43248108-d28a-4fe8-aa48-513cf9fd625b/build]   | 	at org.junit.runners.BlockJUnit4ClassRunner.runChild(BlockJUnit4ClassRunner.java:57)
[43248108-d28a-4fe8-aa48-513cf9fd625b/build]   | 	at org.junit.runners.ParentRunner$3.run(ParentRunner.java:290)
[43248108-d28a-4fe8-aa48-513cf9fd625b/build]   | 	at org.junit.runners.ParentRunner$1.schedule(ParentRunner.java:71)
[43248108-d28a-4fe8-aa48-513cf9fd625b/build]   | 	at org.junit.runners.ParentRunner.runChildren(ParentRunner.java:288)
[43248108-d28a-4fe8-aa48-513cf9fd625b/build]   | 	at org.junit.runners.ParentRunner.access$000(ParentRunner.java:58)
[43248108-d28a-4fe8-aa48-513cf9fd625b/build]   | 	at org.junit.runners.ParentRunner$2.evaluate(ParentRunner.java:268)
[43248108-d28a-4fe8-aa48-513cf9fd625b/build]   | 	at org.junit.runners.ParentRunner.run(ParentRunner.java:363)
[43248108-d28a-4fe8-aa48-513cf9fd625b/build]   | 	at org.junit.runners.Suite.runChild(Suite.java:128)
[43248108-d28a-4fe8-aa48-513cf9fd625b/build]   | 	at org.junit.runners.Suite.runChild(Suite.java:27)
[43248108-d28a-4fe8-aa48-513cf9fd625b/build]   | 	at org.junit.runners.ParentRunner$3.run(ParentRunner.java:290)
[43248108-d28a-4fe8-aa48-513cf9fd625b/build]   | 	at org.junit.runners.ParentRunner$1.schedule(ParentRunner.java:71)
[43248108-d28a-4fe8-aa48-513cf9fd625b/build]   | 	at org.junit.runners.ParentRunner.runChildren(ParentRunner.java:288)
[43248108-d28a-4fe8-aa48-513cf9fd625b/build]   | 	at org.junit.runners.ParentRunner.access$000(ParentRunner.java:58)
[43248108-d28a-4fe8-aa48-513cf9fd625b/build]   | 	at org.junit.runners.ParentRunner$2.evaluate(ParentRunner.java:268)
[43248108-d28a-4fe8-aa48-513cf9fd625b/build]   | 	at org.junit.runners.ParentRunner.run(ParentRunner.java:363)
[43248108-d28a-4fe8-aa48-513cf9fd625b/build]   | 	at org.apache.maven.surefire.junit4.JUnit4Provider.execute(JUnit4Provider.java:252)
[43248108-d28a-4fe8-aa48-513cf9fd625b/build]   | 	at org.apache.maven.surefire.junit4.JUnit4Provider.executeTestSet(JUnit4Provider.java:141)
[43248108-d28a-4fe8-aa48-513cf9fd625b/build]   | 	at org.apache.maven.surefire.junit4.JUnit4Provider.invoke(JUnit4Provider.java:112)
[43248108-d28a-4fe8-aa48-513cf9fd625b/build]   | 	at sun.reflect.NativeMethodAccessorImpl.invoke0(Native Method)
[43248108-d28a-4fe8-aa48-513cf9fd625b/build]   | 	at sun.reflect.NativeMethodAccessorImpl.invoke(NativeMethodAccessorImpl.java:62)
[43248108-d28a-4fe8-aa48-513cf9fd625b/build]   | 	at sun.reflect.DelegatingMethodAccessorImpl.invoke(DelegatingMethodAccessorImpl.java:43)
[43248108-d28a-4fe8-aa48-513cf9fd625b/build]   | 	at java.lang.reflect.Method.invoke(Method.java:498)
[43248108-d28a-4fe8-aa48-513cf9fd625b/build]   | 	at org.apache.maven.surefire.util.ReflectionUtils.invokeMethodWithArray(ReflectionUtils.java:189)
[43248108-d28a-4fe8-aa48-513cf9fd625b/build]   | 	at org.apache.maven.surefire.booter.ProviderFactory$ProviderProxy.invoke(ProviderFactory.java:165)
[43248108-d28a-4fe8-aa48-513cf9fd625b/build]   | 	at org.apache.maven.surefire.booter.ProviderFactory.invokeProvider(ProviderFactory.java:85)
[43248108-d28a-4fe8-aa48-513cf9fd625b/build]   | 	at org.apache.maven.surefire.booter.ForkedBooter.runSuitesInProcess(ForkedBooter.java:115)
[43248108-d28a-4fe8-aa48-513cf9fd625b/build]   | 	at org.apache.maven.surefire.booter.ForkedBooter.main(ForkedBooter.java:75)
[43248108-d28a-4fe8-aa48-513cf9fd625b/build]   | 
[43248108-d28a-4fe8-aa48-513cf9fd625b/build]   | Running com.vdurmont.semver4j.SemverTest
[43248108-d28a-4fe8-aa48-513cf9fd625b/build]   | Tests run: 32, Failures: 0, Errors: 0, Skipped: 0, Time elapsed: 0.155 sec
[43248108-d28a-4fe8-aa48-513cf9fd625b/build]   | Running com.vdurmont.semver4j.RequirementTest
[43248108-d28a-4fe8-aa48-513cf9fd625b/build]   | Tests run: 44, Failures: 0, Errors: 0, Skipped: 0, Time elapsed: 0.039 sec
[43248108-d28a-4fe8-aa48-513cf9fd625b/build]   | Running com.vdurmont.semver4j.TokenizerTest
[43248108-d28a-4fe8-aa48-513cf9fd625b/build]   | Tests run: 7, Failures: 0, Errors: 0, Skipped: 0, Time elapsed: 0.001 sec
[43248108-d28a-4fe8-aa48-513cf9fd625b/build]   | Running com.vdurmont.semver4j.RangeTest
[43248108-d28a-4fe8-aa48-513cf9fd625b/build]   | Tests run: 5, Failures: 0, Errors: 0, Skipped: 0, Time elapsed: 0.001 sec
[43248108-d28a-4fe8-aa48-513cf9fd625b/build]   | 
[43248108-d28a-4fe8-aa48-513cf9fd625b/build]   | Results :
[43248108-d28a-4fe8-aa48-513cf9fd625b/build]   | 
[43248108-d28a-4fe8-aa48-513cf9fd625b/build]   | Failed tests:   test[66](com.vdurmont.semver4j.NpmSemverTest): 1.2.0 , 1.2 <1.2.8 || >2.0.0 expected:<true> but was:<false>
[43248108-d28a-4fe8-aa48-513cf9fd625b/build]   |   test[67](com.vdurmont.semver4j.NpmSemverTest): 1.2.7 , 1.2 <1.2.8 || >2.0.0 expected:<true> but was:<false>
[43248108-d28a-4fe8-aa48-513cf9fd625b/build]   |   test[68](com.vdurmont.semver4j.NpmSemverTest): 2.0.1 , 1.2 <1.2.8 || >2.0.0 expected:<true> but was:<false>
[43248108-d28a-4fe8-aa48-513cf9fd625b/build]   | 
[43248108-d28a-4fe8-aa48-513cf9fd625b/build]   | Tests run: 181, Failures: 3, Errors: 0, Skipped: 0
[43248108-d28a-4fe8-aa48-513cf9fd625b/build]   | 
[43248108-d28a-4fe8-aa48-513cf9fd625b/build]   | [INFO] ------------------------------------------------------------------------
[43248108-d28a-4fe8-aa48-513cf9fd625b/build]   | [INFO] BUILD FAILURE
[43248108-d28a-4fe8-aa48-513cf9fd625b/build]   | [INFO] ------------------------------------------------------------------------
[43248108-d28a-4fe8-aa48-513cf9fd625b/build]   | [INFO] Total time:  12.267 s
[43248108-d28a-4fe8-aa48-513cf9fd625b/build]   | [INFO] Finished at: 2023-07-12T19:08:00Z
[43248108-d28a-4fe8-aa48-513cf9fd625b/build]   | [INFO] ------------------------------------------------------------------------
[43248108-d28a-4fe8-aa48-513cf9fd625b/build]   | [ERROR] Failed to execute goal org.apache.maven.plugins:maven-surefire-plugin:2.12.4:test (default-test) on project semver4j: There are test failures.
[43248108-d28a-4fe8-aa48-513cf9fd625b/build]   | [ERROR] 
[43248108-d28a-4fe8-aa48-513cf9fd625b/build]   | [ERROR] Please refer to /tmp/9316eb46-65df-4c2d-a247-3ad943028b5d/target/surefire-reports for the individual test results.
[43248108-d28a-4fe8-aa48-513cf9fd625b/build]   | [ERROR] -> [Help 1]
[43248108-d28a-4fe8-aa48-513cf9fd625b/build]   | [ERROR] 
[43248108-d28a-4fe8-aa48-513cf9fd625b/build]   | [ERROR] To see the full stack trace of the errors, re-run Maven with the -e switch.
[43248108-d28a-4fe8-aa48-513cf9fd625b/build]   | [ERROR] Re-run Maven using the -X switch to enable full debug logging.
[43248108-d28a-4fe8-aa48-513cf9fd625b/build]   | [ERROR] 
[43248108-d28a-4fe8-aa48-513cf9fd625b/build]   | [ERROR] For more information about the errors and possible solutions, please read the following articles:
[43248108-d28a-4fe8-aa48-513cf9fd625b/build]   | [ERROR] [Help 1] http://cwiki.apache.org/confluence/display/MAVEN/MojoFailureException
[43248108-d28a-4fe8-aa48-513cf9fd625b/build]   ‚ùå  Failure - Main Build with Maven
[43248108-d28a-4fe8-aa48-513cf9fd625b/build] exitcode '1': failure
[43248108-d28a-4fe8-aa48-513cf9fd625b/build] unable to get git ref: failed to identify reference (tag/branch) for the checked-out revision '6678656f79d2b432cbe3d7fde73318b1beb22e91'
[43248108-d28a-4fe8-aa48-513cf9fd625b/build] unable to get git ref: failed to identify reference (tag/branch) for the checked-out revision '6678656f79d2b432cbe3d7fde73318b1beb22e91'
[43248108-d28a-4fe8-aa48-513cf9fd625b/build] unable to get git ref: failed to identify reference (tag/branch) for the checked-out revision '6678656f79d2b432cbe3d7fde73318b1beb22e91'
[43248108-d28a-4fe8-aa48-513cf9fd625b/build] unable to get git ref: failed to identify reference (tag/branch) for the checked-out revision '6678656f79d2b432cbe3d7fde73318b1beb22e91'
[43248108-d28a-4fe8-aa48-513cf9fd625b/build] unable to get git ref: failed to identify reference (tag/branch) for the checked-out revision '6678656f79d2b432cbe3d7fde73318b1beb22e91'
[43248108-d28a-4fe8-aa48-513cf9fd625b/build] ‚≠ê Run Post Set up JDK
[43248108-d28a-4fe8-aa48-513cf9fd625b/build]   üê≥  docker exec cmd=[node /var/run/act/actions/actions-setup-java@v1/dist/cleanup/index.js] user= workdir=
[43248108-d28a-4fe8-aa48-513cf9fd625b/build]   ‚úÖ  Success - Post Set up JDK
[43248108-d28a-4fe8-aa48-513cf9fd625b/build] üèÅ  Job failed
[43248108-d28a-4fe8-aa48-513cf9fd625b/build] unable to get git ref: failed to identify reference (tag/branch) for the checked-out revision '6678656f79d2b432cbe3d7fde73318b1beb22e91'
