[94e9584e-4680-4aac-b324-c016c4eba12f/build] ğŸš€  Start image=gitbugactions:latest
[94e9584e-4680-4aac-b324-c016c4eba12f/build]   ğŸ³  docker pull image=gitbugactions:latest platform= username= forcePull=false
[94e9584e-4680-4aac-b324-c016c4eba12f/build]   ğŸ³  docker create image=gitbugactions:latest platform= entrypoint=["tail" "-f" "/dev/null"] cmd=[]
[94e9584e-4680-4aac-b324-c016c4eba12f/build]   ğŸ³  docker run image=gitbugactions:latest platform= entrypoint=["tail" "-f" "/dev/null"] cmd=[]
[94e9584e-4680-4aac-b324-c016c4eba12f/build]   ğŸ³  docker exec cmd=[chown -R 1012:1013 /tmp/9e6b21b2-81d5-4760-a177-261739e43653] user=0 workdir=
[94e9584e-4680-4aac-b324-c016c4eba12f/build] unable to get git ref: failed to identify reference (tag/branch) for the checked-out revision '4543078ccff514b0858ffe99092a78fa44b8596b'
[94e9584e-4680-4aac-b324-c016c4eba12f/build] unable to get git ref: failed to identify reference (tag/branch) for the checked-out revision '4543078ccff514b0858ffe99092a78fa44b8596b'
[94e9584e-4680-4aac-b324-c016c4eba12f/build] unable to get git ref: failed to identify reference (tag/branch) for the checked-out revision '4543078ccff514b0858ffe99092a78fa44b8596b'
[94e9584e-4680-4aac-b324-c016c4eba12f/build] unable to get git ref: failed to identify reference (tag/branch) for the checked-out revision '4543078ccff514b0858ffe99092a78fa44b8596b'
[94e9584e-4680-4aac-b324-c016c4eba12f/build] unable to get git ref: failed to identify reference (tag/branch) for the checked-out revision '4543078ccff514b0858ffe99092a78fa44b8596b'
[94e9584e-4680-4aac-b324-c016c4eba12f/build] unable to get git ref: failed to identify reference (tag/branch) for the checked-out revision '4543078ccff514b0858ffe99092a78fa44b8596b'
[94e9584e-4680-4aac-b324-c016c4eba12f/build] unable to get git ref: failed to identify reference (tag/branch) for the checked-out revision '4543078ccff514b0858ffe99092a78fa44b8596b'
[94e9584e-4680-4aac-b324-c016c4eba12f/build] unable to get git ref: failed to identify reference (tag/branch) for the checked-out revision '4543078ccff514b0858ffe99092a78fa44b8596b'
[94e9584e-4680-4aac-b324-c016c4eba12f/build] unable to get git ref: failed to identify reference (tag/branch) for the checked-out revision '4543078ccff514b0858ffe99092a78fa44b8596b'
[94e9584e-4680-4aac-b324-c016c4eba12f/build] â­ Run Main actions/checkout@v2
[94e9584e-4680-4aac-b324-c016c4eba12f/build] unable to get git ref: failed to identify reference (tag/branch) for the checked-out revision '4543078ccff514b0858ffe99092a78fa44b8596b'
[94e9584e-4680-4aac-b324-c016c4eba12f/build] unable to get git ref: failed to identify reference (tag/branch) for the checked-out revision '4543078ccff514b0858ffe99092a78fa44b8596b'
[94e9584e-4680-4aac-b324-c016c4eba12f/build]   ğŸ³  docker cp src=/tmp/9e6b21b2-81d5-4760-a177-261739e43653/. dst=/tmp/9e6b21b2-81d5-4760-a177-261739e43653
[94e9584e-4680-4aac-b324-c016c4eba12f/build]   ğŸ³  docker exec cmd=[chown -R 1012:1013 /tmp/9e6b21b2-81d5-4760-a177-261739e43653] user=0 workdir=
[94e9584e-4680-4aac-b324-c016c4eba12f/build]   âœ…  Success - Main actions/checkout@v2
[94e9584e-4680-4aac-b324-c016c4eba12f/build] unable to get git ref: failed to identify reference (tag/branch) for the checked-out revision '4543078ccff514b0858ffe99092a78fa44b8596b'
[94e9584e-4680-4aac-b324-c016c4eba12f/build] unable to get git ref: failed to identify reference (tag/branch) for the checked-out revision '4543078ccff514b0858ffe99092a78fa44b8596b'
[94e9584e-4680-4aac-b324-c016c4eba12f/build] unable to get git ref: failed to identify reference (tag/branch) for the checked-out revision '4543078ccff514b0858ffe99092a78fa44b8596b'
[94e9584e-4680-4aac-b324-c016c4eba12f/build] unable to get git ref: failed to identify reference (tag/branch) for the checked-out revision '4543078ccff514b0858ffe99092a78fa44b8596b'
[94e9584e-4680-4aac-b324-c016c4eba12f/build] unable to get git ref: failed to identify reference (tag/branch) for the checked-out revision '4543078ccff514b0858ffe99092a78fa44b8596b'
[94e9584e-4680-4aac-b324-c016c4eba12f/build] â­ Run Main Set up JDK 11
[94e9584e-4680-4aac-b324-c016c4eba12f/build] unable to get git ref: failed to identify reference (tag/branch) for the checked-out revision '4543078ccff514b0858ffe99092a78fa44b8596b'
[94e9584e-4680-4aac-b324-c016c4eba12f/build] unable to get git ref: failed to identify reference (tag/branch) for the checked-out revision '4543078ccff514b0858ffe99092a78fa44b8596b'
[94e9584e-4680-4aac-b324-c016c4eba12f/build] unable to get git ref: failed to identify reference (tag/branch) for the checked-out revision '4543078ccff514b0858ffe99092a78fa44b8596b'
[94e9584e-4680-4aac-b324-c016c4eba12f/build]   ğŸ³  docker cp src=/tmp/act-cache/e4b04cf7-4a55-49de-a912-145f3d16b8ca/act/actions-setup-java@v1/ dst=/var/run/act/actions/actions-setup-java@v1/
[94e9584e-4680-4aac-b324-c016c4eba12f/build]   ğŸ³  docker exec cmd=[chown -R 1012:1013 /var/run/act/actions/actions-setup-java@v1/] user=0 workdir=
[94e9584e-4680-4aac-b324-c016c4eba12f/build]   ğŸ³  docker exec cmd=[node /var/run/act/actions/actions-setup-java@v1/dist/setup/index.js] user= workdir=
[94e9584e-4680-4aac-b324-c016c4eba12f/build]   ğŸ’¬  ::debug::isExplicit: 
[94e9584e-4680-4aac-b324-c016c4eba12f/build]   ğŸ’¬  ::debug::explicit? false
[94e9584e-4680-4aac-b324-c016c4eba12f/build]   ğŸ’¬  ::debug::evaluating 0 versions
[94e9584e-4680-4aac-b324-c016c4eba12f/build]   ğŸ’¬  ::debug::match not found
[94e9584e-4680-4aac-b324-c016c4eba12f/build]   ğŸ’¬  ::debug::Downloading JDK from Azul
[94e9584e-4680-4aac-b324-c016c4eba12f/build]   ğŸ’¬  ::debug::Searching for files with extension: -linux_x64.tar.gz
[94e9584e-4680-4aac-b324-c016c4eba12f/build]   ğŸ’¬  ::debug::Downloading https://static.azul.com/zulu/bin/zulu11.68.17-ca-jdk11.0.21-linux_x64.tar.gz
[94e9584e-4680-4aac-b324-c016c4eba12f/build]   ğŸ’¬  ::debug::Downloading /tmp/ac04a9ba-0de9-490f-9f49-381583aeb48e
[94e9584e-4680-4aac-b324-c016c4eba12f/build]   ğŸ’¬  ::debug::download complete
[94e9584e-4680-4aac-b324-c016c4eba12f/build]   | [command]/usr/bin/tar --version
[94e9584e-4680-4aac-b324-c016c4eba12f/build]   | tar (GNU tar) 1.34
[94e9584e-4680-4aac-b324-c016c4eba12f/build]   | Copyright (C) 2021 Free Software Foundation, Inc.
[94e9584e-4680-4aac-b324-c016c4eba12f/build]   | License GPLv3+: GNU GPL version 3 or later <https://gnu.org/licenses/gpl.html>.
[94e9584e-4680-4aac-b324-c016c4eba12f/build]   | This is free software: you are free to change and redistribute it.
[94e9584e-4680-4aac-b324-c016c4eba12f/build]   | There is NO WARRANTY, to the extent permitted by law.
[94e9584e-4680-4aac-b324-c016c4eba12f/build]   | 
[94e9584e-4680-4aac-b324-c016c4eba12f/build]   | Written by John Gilmore and Jay Fenlason.
[94e9584e-4680-4aac-b324-c016c4eba12f/build]   | [command]/usr/bin/tar xz --warning=no-unknown-keyword -C /tmp/temp_1763849916 -f /tmp/ac04a9ba-0de9-490f-9f49-381583aeb48e
[94e9584e-4680-4aac-b324-c016c4eba12f/build]   ğŸ’¬  ::debug::jdk extracted to /tmp/temp_1763849916/zulu11.68.17-ca-jdk11.0.21-linux_x64
[94e9584e-4680-4aac-b324-c016c4eba12f/build]   ğŸ’¬  ::debug::Caching tool jdk 11.0.21 x64
[94e9584e-4680-4aac-b324-c016c4eba12f/build]   ğŸ’¬  ::debug::source dir: /tmp/temp_1763849916/zulu11.68.17-ca-jdk11.0.21-linux_x64
[94e9584e-4680-4aac-b324-c016c4eba12f/build]   ğŸ’¬  ::debug::destination /opt/hostedtoolcache/jdk/11.0.21/x64
[94e9584e-4680-4aac-b324-c016c4eba12f/build]   ğŸ’¬  ::debug::finished caching tool
[94e9584e-4680-4aac-b324-c016c4eba12f/build]   â“ add-matcher /run/act/actions/actions-setup-java@v1/.github/java.json
[94e9584e-4680-4aac-b324-c016c4eba12f/build]   | creating settings.xml with server-id: github; environment variables: username=$GITHUB_ACTOR, password=$GITHUB_TOKEN, and gpg-passphrase=null
[94e9584e-4680-4aac-b324-c016c4eba12f/build]   ğŸ’¬  ::debug::created directory /home/runner/.m2
[94e9584e-4680-4aac-b324-c016c4eba12f/build]   | writing /home/runner/.m2/settings.xml
[94e9584e-4680-4aac-b324-c016c4eba12f/build]   âœ…  Success - Main Set up JDK 11
[94e9584e-4680-4aac-b324-c016c4eba12f/build]   âš™  ::set-env:: JAVA_HOME_11.0.21_x64=/opt/hostedtoolcache/jdk/11.0.21/x64
[94e9584e-4680-4aac-b324-c016c4eba12f/build]   âš™  ::set-env:: JAVA_HOME=/opt/hostedtoolcache/jdk/11.0.21/x64
[94e9584e-4680-4aac-b324-c016c4eba12f/build]   âš™  ::set-env:: JAVA_HOME_11_0_21_X64=/opt/hostedtoolcache/jdk/11.0.21/x64
[94e9584e-4680-4aac-b324-c016c4eba12f/build]   âš™  ::set-output:: version=11.0.21
[94e9584e-4680-4aac-b324-c016c4eba12f/build]   âš™  ::set-output:: path=/opt/hostedtoolcache/jdk/11.0.21/x64
[94e9584e-4680-4aac-b324-c016c4eba12f/build]   âš™  ::add-path:: /opt/hostedtoolcache/jdk/11.0.21/x64/bin
[94e9584e-4680-4aac-b324-c016c4eba12f/build] unable to get git ref: failed to identify reference (tag/branch) for the checked-out revision '4543078ccff514b0858ffe99092a78fa44b8596b'
[94e9584e-4680-4aac-b324-c016c4eba12f/build] unable to get git ref: failed to identify reference (tag/branch) for the checked-out revision '4543078ccff514b0858ffe99092a78fa44b8596b'
[94e9584e-4680-4aac-b324-c016c4eba12f/build] unable to get git ref: failed to identify reference (tag/branch) for the checked-out revision '4543078ccff514b0858ffe99092a78fa44b8596b'
[94e9584e-4680-4aac-b324-c016c4eba12f/build] unable to get git ref: failed to identify reference (tag/branch) for the checked-out revision '4543078ccff514b0858ffe99092a78fa44b8596b'
[94e9584e-4680-4aac-b324-c016c4eba12f/build] unable to get git ref: failed to identify reference (tag/branch) for the checked-out revision '4543078ccff514b0858ffe99092a78fa44b8596b'
[94e9584e-4680-4aac-b324-c016c4eba12f/build] â­ Run Main Grant execute permission for gradlew
[94e9584e-4680-4aac-b324-c016c4eba12f/build] unable to get git ref: failed to identify reference (tag/branch) for the checked-out revision '4543078ccff514b0858ffe99092a78fa44b8596b'
[94e9584e-4680-4aac-b324-c016c4eba12f/build] unable to get git ref: failed to identify reference (tag/branch) for the checked-out revision '4543078ccff514b0858ffe99092a78fa44b8596b'
[94e9584e-4680-4aac-b324-c016c4eba12f/build] unable to get git ref: failed to identify reference (tag/branch) for the checked-out revision '4543078ccff514b0858ffe99092a78fa44b8596b'
[94e9584e-4680-4aac-b324-c016c4eba12f/build] unable to get git ref: failed to identify reference (tag/branch) for the checked-out revision '4543078ccff514b0858ffe99092a78fa44b8596b'
[94e9584e-4680-4aac-b324-c016c4eba12f/build]   ğŸ³  docker exec cmd=[bash --noprofile --norc -e -o pipefail /var/run/act/workflow/2] user= workdir=
[94e9584e-4680-4aac-b324-c016c4eba12f/build]   âœ…  Success - Main Grant execute permission for gradlew
[94e9584e-4680-4aac-b324-c016c4eba12f/build] unable to get git ref: failed to identify reference (tag/branch) for the checked-out revision '4543078ccff514b0858ffe99092a78fa44b8596b'
[94e9584e-4680-4aac-b324-c016c4eba12f/build] unable to get git ref: failed to identify reference (tag/branch) for the checked-out revision '4543078ccff514b0858ffe99092a78fa44b8596b'
[94e9584e-4680-4aac-b324-c016c4eba12f/build] unable to get git ref: failed to identify reference (tag/branch) for the checked-out revision '4543078ccff514b0858ffe99092a78fa44b8596b'
[94e9584e-4680-4aac-b324-c016c4eba12f/build] unable to get git ref: failed to identify reference (tag/branch) for the checked-out revision '4543078ccff514b0858ffe99092a78fa44b8596b'
[94e9584e-4680-4aac-b324-c016c4eba12f/build] unable to get git ref: failed to identify reference (tag/branch) for the checked-out revision '4543078ccff514b0858ffe99092a78fa44b8596b'
[94e9584e-4680-4aac-b324-c016c4eba12f/build] â­ Run Main Build with Gradle
[94e9584e-4680-4aac-b324-c016c4eba12f/build] unable to get git ref: failed to identify reference (tag/branch) for the checked-out revision '4543078ccff514b0858ffe99092a78fa44b8596b'
[94e9584e-4680-4aac-b324-c016c4eba12f/build] unable to get git ref: failed to identify reference (tag/branch) for the checked-out revision '4543078ccff514b0858ffe99092a78fa44b8596b'
[94e9584e-4680-4aac-b324-c016c4eba12f/build] unable to get git ref: failed to identify reference (tag/branch) for the checked-out revision '4543078ccff514b0858ffe99092a78fa44b8596b'
[94e9584e-4680-4aac-b324-c016c4eba12f/build] unable to get git ref: failed to identify reference (tag/branch) for the checked-out revision '4543078ccff514b0858ffe99092a78fa44b8596b'
[94e9584e-4680-4aac-b324-c016c4eba12f/build]   ğŸ³  docker exec cmd=[bash --noprofile --norc -e -o pipefail /var/run/act/workflow/3] user= workdir=
[94e9584e-4680-4aac-b324-c016c4eba12f/build]   | Downloading https://services.gradle.org/distributions/gradle-7.4-bin.zip
[94e9584e-4680-4aac-b324-c016c4eba12f/build]   | ...........10%...........20%...........30%...........40%...........50%...........60%...........70%...........80%...........90%...........100%
[94e9584e-4680-4aac-b324-c016c4eba12f/build]   | 
[94e9584e-4680-4aac-b324-c016c4eba12f/build]   | Welcome to Gradle 7.4!
[94e9584e-4680-4aac-b324-c016c4eba12f/build]   | 
[94e9584e-4680-4aac-b324-c016c4eba12f/build]   | Here are the highlights of this release:
[94e9584e-4680-4aac-b324-c016c4eba12f/build]   |  - Aggregated test and JaCoCo reports
[94e9584e-4680-4aac-b324-c016c4eba12f/build]   |  - Marking additional test source directories as tests in IntelliJ
[94e9584e-4680-4aac-b324-c016c4eba12f/build]   |  - Support for Adoptium JDKs in Java toolchains
[94e9584e-4680-4aac-b324-c016c4eba12f/build]   | 
[94e9584e-4680-4aac-b324-c016c4eba12f/build]   | For more details see https://docs.gradle.org/7.4/release-notes.html
[94e9584e-4680-4aac-b324-c016c4eba12f/build]   | 
[94e9584e-4680-4aac-b324-c016c4eba12f/build]   | Starting a Gradle Daemon (subsequent builds will be faster)
[94e9584e-4680-4aac-b324-c016c4eba12f/build]   | 
[94e9584e-4680-4aac-b324-c016c4eba12f/build]   | > Task :initializeIntelliJPlugin
[94e9584e-4680-4aac-b324-c016c4eba12f/build]   | [gradle-intellij-plugin :initializeIntelliJPlugin] Gradle IntelliJ Plugin is outdated: 1.13.3. Update `org.jetbrains.intellij` to: 1.16.0
[94e9584e-4680-4aac-b324-c016c4eba12f/build]   | 
[94e9584e-4680-4aac-b324-c016c4eba12f/build]   | > Task :patchPluginXml
[94e9584e-4680-4aac-b324-c016c4eba12f/build]   | 
[94e9584e-4680-4aac-b324-c016c4eba12f/build]   | > Task :verifyPluginConfiguration
[94e9584e-4680-4aac-b324-c016c4eba12f/build]   | [gradle-intellij-plugin :verifyPluginConfiguration] The following plugin configuration issues were found:
[94e9584e-4680-4aac-b324-c016c4eba12f/build]   | - The Java configuration specifies sourceCompatibility=11 but IntelliJ Platform 2022.2 requires sourceCompatibility=17.
[94e9584e-4680-4aac-b324-c016c4eba12f/build]   | See: https://jb.gg/intellij-platform-versions
[94e9584e-4680-4aac-b324-c016c4eba12f/build]   | 
[94e9584e-4680-4aac-b324-c016c4eba12f/build]   | > Task :compileJava
[94e9584e-4680-4aac-b324-c016c4eba12f/build]   | Note: /tmp/9e6b21b2-81d5-4760-a177-261739e43653/src/main/java/com/reason/lang/core/psi/impl/RPsiParameters.java uses or overrides a deprecated API.
[94e9584e-4680-4aac-b324-c016c4eba12f/build]   | Note: Recompile with -Xlint:deprecation for details.
[94e9584e-4680-4aac-b324-c016c4eba12f/build]   | Note: Some input files use unchecked or unsafe operations.
[94e9584e-4680-4aac-b324-c016c4eba12f/build]   | Note: Recompile with -Xlint:unchecked for details.
[94e9584e-4680-4aac-b324-c016c4eba12f/build]   | 
[94e9584e-4680-4aac-b324-c016c4eba12f/build]   | > Task :processResources
[94e9584e-4680-4aac-b324-c016c4eba12f/build]   | > Task :classes
[94e9584e-4680-4aac-b324-c016c4eba12f/build]   | > Task :setupInstrumentCode
[94e9584e-4680-4aac-b324-c016c4eba12f/build]   | > Task :instrumentCode
[94e9584e-4680-4aac-b324-c016c4eba12f/build]   | > Task :instrumentedJar
[94e9584e-4680-4aac-b324-c016c4eba12f/build]   | > Task :jar
[94e9584e-4680-4aac-b324-c016c4eba12f/build]   | > Task :prepareSandbox
[94e9584e-4680-4aac-b324-c016c4eba12f/build]   | 
[94e9584e-4680-4aac-b324-c016c4eba12f/build]   | > Task :buildSearchableOptions
[94e9584e-4680-4aac-b324-c016c4eba12f/build]   | 2023-11-25 19:29:00,386 [    994]   WARN - j.u.prefs - Prefs file removed in background /home/runner/.java/.userPrefs/prefs.xml
[94e9584e-4680-4aac-b324-c016c4eba12f/build]   | Starting searchable options index builder
[94e9584e-4680-4aac-b324-c016c4eba12f/build]   | 2023-11-25 19:29:01,039 [   1647]   WARN - #c.i.n.i.NotificationGroupManagerImpl - Notification group CodeWithMe is already registered (group=com.intellij.notification.NotificationGroup@613406a7). Plugin descriptor: PluginDescriptor(name=Code With Me, id=com.jetbrains.codeWithMe, descriptorPath=plugin.xml, path=~/.gradle/caches/modules-2/files-2.1/com.jetbrains.intellij.idea/ideaIU/2022.2/e174f5155244551c98619d83efcb30642add07c2/ideaIU-2022.2/plugins/cwm-plugin, version=222.3345.118, package=null, isBundled=true)
[94e9584e-4680-4aac-b324-c016c4eba12f/build]   | 2023-11-25 19:29:04,510 [   5118]   WARN - Jetbrains UI DSL - Unsupported labeled component: com.intellij.ui.ToolbarDecorator$2
[94e9584e-4680-4aac-b324-c016c4eba12f/build]   | 2023-11-25 19:29:04,512 [   5120]   WARN - Jetbrains UI DSL - Unsupported labeled component: com.intellij.ui.ToolbarDecorator$2
[94e9584e-4680-4aac-b324-c016c4eba12f/build]   | 2023-11-25 19:29:13,824 [  14432]   WARN - Jetbrains UI DSL - Unsupported labeled component: com.intellij.ui.components.ActionLink
[94e9584e-4680-4aac-b324-c016c4eba12f/build]   | 2023-11-25 19:29:19,082 [  19690]   WARN - Jetbrains UI DSL - Unsupported labeled component: com.intellij.ui.ToolbarDecorator$2
[94e9584e-4680-4aac-b324-c016c4eba12f/build]   | 2023-11-25 19:29:19,410 [  20018]   WARN - Jetbrains UI DSL - Unsupported labeled component: com.intellij.ui.components.JBList
[94e9584e-4680-4aac-b324-c016c4eba12f/build]   | 2023-11-25 19:29:21,167 [  21775]   WARN - #c.i.u.j.JBCefApp - JCEF is manually disabled in headless env via 'ide.browser.jcef.headless.enabled=false'
[94e9584e-4680-4aac-b324-c016c4eba12f/build]   | Found 348 configurables
[94e9584e-4680-4aac-b324-c016c4eba12f/build]   | Searchable options index builder completed
[94e9584e-4680-4aac-b324-c016c4eba12f/build]   | 
[94e9584e-4680-4aac-b324-c016c4eba12f/build]   | > Task :compileTestJava
[94e9584e-4680-4aac-b324-c016c4eba12f/build]   | > Task :processTestResources NO-SOURCE
[94e9584e-4680-4aac-b324-c016c4eba12f/build]   | > Task :testClasses
[94e9584e-4680-4aac-b324-c016c4eba12f/build]   | > Task :instrumentTestCode
[94e9584e-4680-4aac-b324-c016c4eba12f/build]   | > Task :prepareTestingSandbox
[94e9584e-4680-4aac-b324-c016c4eba12f/build]   | > Task :test
[94e9584e-4680-4aac-b324-c016c4eba12f/build]   | 
[94e9584e-4680-4aac-b324-c016c4eba12f/build]   | com.reason.lang.rescript.ModuleParsingTest > test_interface_with_constraints FAILED
[94e9584e-4680-4aac-b324-c016c4eba12f/build]   |     junit.framework.ComparisonFailure at ModuleParsingTest.java:103
[94e9584e-4680-4aac-b324-c016c4eba12f/build]   | 
[94e9584e-4680-4aac-b324-c016c4eba12f/build]   | 1420 tests completed, 1 failed
[94e9584e-4680-4aac-b324-c016c4eba12f/build]   | 
[94e9584e-4680-4aac-b324-c016c4eba12f/build]   | > Task :test FAILED
[94e9584e-4680-4aac-b324-c016c4eba12f/build]   | > Task :classpathIndexCleanup
[94e9584e-4680-4aac-b324-c016c4eba12f/build]   | 
[94e9584e-4680-4aac-b324-c016c4eba12f/build]   | FAILURE: Build failed with an exception.
[94e9584e-4680-4aac-b324-c016c4eba12f/build]   | 
[94e9584e-4680-4aac-b324-c016c4eba12f/build]   | * What went wrong:
[94e9584e-4680-4aac-b324-c016c4eba12f/build]   | Execution failed for task ':test'.
[94e9584e-4680-4aac-b324-c016c4eba12f/build]   | > There were failing tests. See the report at: file:///tmp/9e6b21b2-81d5-4760-a177-261739e43653/build/reports/tests/test/index.html
[94e9584e-4680-4aac-b324-c016c4eba12f/build]   | 
[94e9584e-4680-4aac-b324-c016c4eba12f/build]   | * Try:
[94e9584e-4680-4aac-b324-c016c4eba12f/build]   | > Run with --stacktrace option to get the stack trace.
[94e9584e-4680-4aac-b324-c016c4eba12f/build]   | > Run with --info or --debug option to get more log output.
[94e9584e-4680-4aac-b324-c016c4eba12f/build]   | > Run with --scan to get full insights.
[94e9584e-4680-4aac-b324-c016c4eba12f/build]   | 
[94e9584e-4680-4aac-b324-c016c4eba12f/build]   | * Get more help at https://help.gradle.org
[94e9584e-4680-4aac-b324-c016c4eba12f/build]   | 
[94e9584e-4680-4aac-b324-c016c4eba12f/build]   | BUILD FAILED in 7m 5s
[94e9584e-4680-4aac-b324-c016c4eba12f/build]   | 16 actionable tasks: 16 executed
[94e9584e-4680-4aac-b324-c016c4eba12f/build]   âŒ  Failure - Main Build with Gradle
[94e9584e-4680-4aac-b324-c016c4eba12f/build] exitcode '1': failure
[94e9584e-4680-4aac-b324-c016c4eba12f/build] unable to get git ref: failed to identify reference (tag/branch) for the checked-out revision '4543078ccff514b0858ffe99092a78fa44b8596b'
[94e9584e-4680-4aac-b324-c016c4eba12f/build] unable to get git ref: failed to identify reference (tag/branch) for the checked-out revision '4543078ccff514b0858ffe99092a78fa44b8596b'
[94e9584e-4680-4aac-b324-c016c4eba12f/build] unable to get git ref: failed to identify reference (tag/branch) for the checked-out revision '4543078ccff514b0858ffe99092a78fa44b8596b'
[94e9584e-4680-4aac-b324-c016c4eba12f/build] unable to get git ref: failed to identify reference (tag/branch) for the checked-out revision '4543078ccff514b0858ffe99092a78fa44b8596b'
[94e9584e-4680-4aac-b324-c016c4eba12f/build] unable to get git ref: failed to identify reference (tag/branch) for the checked-out revision '4543078ccff514b0858ffe99092a78fa44b8596b'
[94e9584e-4680-4aac-b324-c016c4eba12f/build] unable to get git ref: failed to identify reference (tag/branch) for the checked-out revision '4543078ccff514b0858ffe99092a78fa44b8596b'
[94e9584e-4680-4aac-b324-c016c4eba12f/build] unable to get git ref: failed to identify reference (tag/branch) for the checked-out revision '4543078ccff514b0858ffe99092a78fa44b8596b'
[94e9584e-4680-4aac-b324-c016c4eba12f/build] unable to get git ref: failed to identify reference (tag/branch) for the checked-out revision '4543078ccff514b0858ffe99092a78fa44b8596b'
[94e9584e-4680-4aac-b324-c016c4eba12f/build] unable to get git ref: failed to identify reference (tag/branch) for the checked-out revision '4543078ccff514b0858ffe99092a78fa44b8596b'
[94e9584e-4680-4aac-b324-c016c4eba12f/build] unable to get git ref: failed to identify reference (tag/branch) for the checked-out revision '4543078ccff514b0858ffe99092a78fa44b8596b'
[94e9584e-4680-4aac-b324-c016c4eba12f/build] â­ Run Post Set up JDK 11
[94e9584e-4680-4aac-b324-c016c4eba12f/build]   ğŸ³  docker exec cmd=[node /var/run/act/actions/actions-setup-java@v1/dist/cleanup/index.js] user= workdir=
[94e9584e-4680-4aac-b324-c016c4eba12f/build]   âœ…  Success - Post Set up JDK 11
[94e9584e-4680-4aac-b324-c016c4eba12f/build] ğŸ  Job failed
[94e9584e-4680-4aac-b324-c016c4eba12f/build] unable to get git ref: failed to identify reference (tag/branch) for the checked-out revision '4543078ccff514b0858ffe99092a78fa44b8596b'
