[67ec9ca2-ce29-4210-8e1c-12a97b380a5d/build] üöÄ  Start image=crawlergpt:latest
[67ec9ca2-ce29-4210-8e1c-12a97b380a5d/build]   üê≥  docker pull image=crawlergpt:latest platform= username= forcePull=false
[67ec9ca2-ce29-4210-8e1c-12a97b380a5d/build]   üê≥  docker create image=crawlergpt:latest platform= entrypoint=["tail" "-f" "/dev/null"] cmd=[]
[67ec9ca2-ce29-4210-8e1c-12a97b380a5d/build]   üê≥  docker run image=crawlergpt:latest platform= entrypoint=["tail" "-f" "/dev/null"] cmd=[]
[67ec9ca2-ce29-4210-8e1c-12a97b380a5d/build]   üê≥  docker exec cmd=[chown -R 1012:1013 /tmp/e97391c4-9775-4027-af17-1b03c58b0355] user=0 workdir=
[67ec9ca2-ce29-4210-8e1c-12a97b380a5d/build] unable to get git ref: failed to identify reference (tag/branch) for the checked-out revision 'e314072206a0740ebe8acfa15ab11e629dd86642'
[67ec9ca2-ce29-4210-8e1c-12a97b380a5d/build] unable to get git ref: failed to identify reference (tag/branch) for the checked-out revision 'e314072206a0740ebe8acfa15ab11e629dd86642'
[67ec9ca2-ce29-4210-8e1c-12a97b380a5d/build] unable to get git ref: failed to identify reference (tag/branch) for the checked-out revision 'e314072206a0740ebe8acfa15ab11e629dd86642'
[67ec9ca2-ce29-4210-8e1c-12a97b380a5d/build] üß™  Matrix: map[java:11]
[67ec9ca2-ce29-4210-8e1c-12a97b380a5d/build] unable to get git ref: failed to identify reference (tag/branch) for the checked-out revision 'e314072206a0740ebe8acfa15ab11e629dd86642'
[67ec9ca2-ce29-4210-8e1c-12a97b380a5d/build] unable to get git ref: failed to identify reference (tag/branch) for the checked-out revision 'e314072206a0740ebe8acfa15ab11e629dd86642'
[67ec9ca2-ce29-4210-8e1c-12a97b380a5d/build] unable to get git ref: failed to identify reference (tag/branch) for the checked-out revision 'e314072206a0740ebe8acfa15ab11e629dd86642'
[67ec9ca2-ce29-4210-8e1c-12a97b380a5d/build] unable to get git ref: failed to identify reference (tag/branch) for the checked-out revision 'e314072206a0740ebe8acfa15ab11e629dd86642'
[67ec9ca2-ce29-4210-8e1c-12a97b380a5d/build] unable to get git ref: failed to identify reference (tag/branch) for the checked-out revision 'e314072206a0740ebe8acfa15ab11e629dd86642'
[67ec9ca2-ce29-4210-8e1c-12a97b380a5d/build] unable to get git ref: failed to identify reference (tag/branch) for the checked-out revision 'e314072206a0740ebe8acfa15ab11e629dd86642'
[67ec9ca2-ce29-4210-8e1c-12a97b380a5d/build] ‚≠ê Run Main actions/checkout@v2
[67ec9ca2-ce29-4210-8e1c-12a97b380a5d/build] unable to get git ref: failed to identify reference (tag/branch) for the checked-out revision 'e314072206a0740ebe8acfa15ab11e629dd86642'
[67ec9ca2-ce29-4210-8e1c-12a97b380a5d/build]   ‚úÖ  Success - Main actions/checkout@v2
[67ec9ca2-ce29-4210-8e1c-12a97b380a5d/build] unable to get git ref: failed to identify reference (tag/branch) for the checked-out revision 'e314072206a0740ebe8acfa15ab11e629dd86642'
[67ec9ca2-ce29-4210-8e1c-12a97b380a5d/build] unable to get git ref: failed to identify reference (tag/branch) for the checked-out revision 'e314072206a0740ebe8acfa15ab11e629dd86642'
[67ec9ca2-ce29-4210-8e1c-12a97b380a5d/build] unable to get git ref: failed to identify reference (tag/branch) for the checked-out revision 'e314072206a0740ebe8acfa15ab11e629dd86642'
[67ec9ca2-ce29-4210-8e1c-12a97b380a5d/build] unable to get git ref: failed to identify reference (tag/branch) for the checked-out revision 'e314072206a0740ebe8acfa15ab11e629dd86642'
[67ec9ca2-ce29-4210-8e1c-12a97b380a5d/build] unable to get git ref: failed to identify reference (tag/branch) for the checked-out revision 'e314072206a0740ebe8acfa15ab11e629dd86642'
[67ec9ca2-ce29-4210-8e1c-12a97b380a5d/build] ‚≠ê Run Main Set up JDK
[67ec9ca2-ce29-4210-8e1c-12a97b380a5d/build] unable to get git ref: failed to identify reference (tag/branch) for the checked-out revision 'e314072206a0740ebe8acfa15ab11e629dd86642'
[67ec9ca2-ce29-4210-8e1c-12a97b380a5d/build] unable to get git ref: failed to identify reference (tag/branch) for the checked-out revision 'e314072206a0740ebe8acfa15ab11e629dd86642'
[67ec9ca2-ce29-4210-8e1c-12a97b380a5d/build] unable to get git ref: failed to identify reference (tag/branch) for the checked-out revision 'e314072206a0740ebe8acfa15ab11e629dd86642'
[67ec9ca2-ce29-4210-8e1c-12a97b380a5d/build]   üê≥  docker cp src=/tmp/act-cache/837035f5-1c7a-498d-8e03-93fa8a316801/act/actions-setup-java@v1/ dst=/var/run/act/actions/actions-setup-java@v1/
[67ec9ca2-ce29-4210-8e1c-12a97b380a5d/build]   üê≥  docker exec cmd=[chown -R 1012:1013 /var/run/act/actions/actions-setup-java@v1/] user=0 workdir=
[67ec9ca2-ce29-4210-8e1c-12a97b380a5d/build]   üê≥  docker exec cmd=[node /var/run/act/actions/actions-setup-java@v1/dist/setup/index.js] user= workdir=
[67ec9ca2-ce29-4210-8e1c-12a97b380a5d/build]   üí¨  ::debug::isExplicit: 
[67ec9ca2-ce29-4210-8e1c-12a97b380a5d/build]   üí¨  ::debug::explicit? false
[67ec9ca2-ce29-4210-8e1c-12a97b380a5d/build]   üí¨  ::debug::evaluating 0 versions
[67ec9ca2-ce29-4210-8e1c-12a97b380a5d/build]   üí¨  ::debug::match not found
[67ec9ca2-ce29-4210-8e1c-12a97b380a5d/build]   üí¨  ::debug::Downloading JDK from Azul
[67ec9ca2-ce29-4210-8e1c-12a97b380a5d/build]   üí¨  ::debug::Searching for files with extension: -linux_x64.tar.gz
[67ec9ca2-ce29-4210-8e1c-12a97b380a5d/build]   üí¨  ::debug::Downloading https://static.azul.com/zulu/bin/zulu11.64.19-ca-jdk11.0.19-linux_x64.tar.gz
[67ec9ca2-ce29-4210-8e1c-12a97b380a5d/build]   üí¨  ::debug::Downloading /tmp/9311a5df-500c-4ed0-bdb1-9baaef6ddc9d
[67ec9ca2-ce29-4210-8e1c-12a97b380a5d/build]   üí¨  ::debug::download complete
[67ec9ca2-ce29-4210-8e1c-12a97b380a5d/build]   | [command]/usr/bin/tar --version
[67ec9ca2-ce29-4210-8e1c-12a97b380a5d/build]   | tar (GNU tar) 1.30
[67ec9ca2-ce29-4210-8e1c-12a97b380a5d/build]   | Copyright (C) 2017 Free Software Foundation, Inc.
[67ec9ca2-ce29-4210-8e1c-12a97b380a5d/build]   | License GPLv3+: GNU GPL version 3 or later <https://gnu.org/licenses/gpl.html>.
[67ec9ca2-ce29-4210-8e1c-12a97b380a5d/build]   | This is free software: you are free to change and redistribute it.
[67ec9ca2-ce29-4210-8e1c-12a97b380a5d/build]   | There is NO WARRANTY, to the extent permitted by law.
[67ec9ca2-ce29-4210-8e1c-12a97b380a5d/build]   | 
[67ec9ca2-ce29-4210-8e1c-12a97b380a5d/build]   | Written by John Gilmore and Jay Fenlason.
[67ec9ca2-ce29-4210-8e1c-12a97b380a5d/build]   | [command]/usr/bin/tar xz --warning=no-unknown-keyword -C /tmp/temp_1070179238 -f /tmp/9311a5df-500c-4ed0-bdb1-9baaef6ddc9d
[67ec9ca2-ce29-4210-8e1c-12a97b380a5d/build]   üí¨  ::debug::jdk extracted to /tmp/temp_1070179238/zulu11.64.19-ca-jdk11.0.19-linux_x64
[67ec9ca2-ce29-4210-8e1c-12a97b380a5d/build]   üí¨  ::debug::Caching tool jdk 11.0.19 x64
[67ec9ca2-ce29-4210-8e1c-12a97b380a5d/build]   üí¨  ::debug::source dir: /tmp/temp_1070179238/zulu11.64.19-ca-jdk11.0.19-linux_x64
[67ec9ca2-ce29-4210-8e1c-12a97b380a5d/build]   üí¨  ::debug::destination /opt/hostedtoolcache/jdk/11.0.19/x64
[67ec9ca2-ce29-4210-8e1c-12a97b380a5d/build]   üí¨  ::debug::finished caching tool
[67ec9ca2-ce29-4210-8e1c-12a97b380a5d/build]   ‚ùì add-matcher /run/act/actions/actions-setup-java@v1/.github/java.json
[67ec9ca2-ce29-4210-8e1c-12a97b380a5d/build]   | creating settings.xml with server-id: github; environment variables: username=$GITHUB_ACTOR, password=$GITHUB_TOKEN, and gpg-passphrase=null
[67ec9ca2-ce29-4210-8e1c-12a97b380a5d/build]   üí¨  ::debug::created directory /home/runneradmin/.m2
[67ec9ca2-ce29-4210-8e1c-12a97b380a5d/build]   | writing /home/runneradmin/.m2/settings.xml
[67ec9ca2-ce29-4210-8e1c-12a97b380a5d/build]   ‚úÖ  Success - Main Set up JDK
[67ec9ca2-ce29-4210-8e1c-12a97b380a5d/build]   ‚öô  ::set-env:: JAVA_HOME_11.0.19_x64=/opt/hostedtoolcache/jdk/11.0.19/x64
[67ec9ca2-ce29-4210-8e1c-12a97b380a5d/build]   ‚öô  ::set-env:: JAVA_HOME=/opt/hostedtoolcache/jdk/11.0.19/x64
[67ec9ca2-ce29-4210-8e1c-12a97b380a5d/build]   ‚öô  ::set-env:: JAVA_HOME_11_0_19_X64=/opt/hostedtoolcache/jdk/11.0.19/x64
[67ec9ca2-ce29-4210-8e1c-12a97b380a5d/build]   ‚öô  ::set-output:: version=11.0.19
[67ec9ca2-ce29-4210-8e1c-12a97b380a5d/build]   ‚öô  ::set-output:: path=/opt/hostedtoolcache/jdk/11.0.19/x64
[67ec9ca2-ce29-4210-8e1c-12a97b380a5d/build]   ‚öô  ::add-path:: /opt/hostedtoolcache/jdk/11.0.19/x64/bin
[67ec9ca2-ce29-4210-8e1c-12a97b380a5d/build] unable to get git ref: failed to identify reference (tag/branch) for the checked-out revision 'e314072206a0740ebe8acfa15ab11e629dd86642'
[67ec9ca2-ce29-4210-8e1c-12a97b380a5d/build] unable to get git ref: failed to identify reference (tag/branch) for the checked-out revision 'e314072206a0740ebe8acfa15ab11e629dd86642'
[67ec9ca2-ce29-4210-8e1c-12a97b380a5d/build] unable to get git ref: failed to identify reference (tag/branch) for the checked-out revision 'e314072206a0740ebe8acfa15ab11e629dd86642'
[67ec9ca2-ce29-4210-8e1c-12a97b380a5d/build] unable to get git ref: failed to identify reference (tag/branch) for the checked-out revision 'e314072206a0740ebe8acfa15ab11e629dd86642'
[67ec9ca2-ce29-4210-8e1c-12a97b380a5d/build] unable to get git ref: failed to identify reference (tag/branch) for the checked-out revision 'e314072206a0740ebe8acfa15ab11e629dd86642'
[67ec9ca2-ce29-4210-8e1c-12a97b380a5d/build] ‚≠ê Run Main Grant execute permission for gradlew
[67ec9ca2-ce29-4210-8e1c-12a97b380a5d/build] unable to get git ref: failed to identify reference (tag/branch) for the checked-out revision 'e314072206a0740ebe8acfa15ab11e629dd86642'
[67ec9ca2-ce29-4210-8e1c-12a97b380a5d/build] unable to get git ref: failed to identify reference (tag/branch) for the checked-out revision 'e314072206a0740ebe8acfa15ab11e629dd86642'
[67ec9ca2-ce29-4210-8e1c-12a97b380a5d/build] unable to get git ref: failed to identify reference (tag/branch) for the checked-out revision 'e314072206a0740ebe8acfa15ab11e629dd86642'
[67ec9ca2-ce29-4210-8e1c-12a97b380a5d/build] unable to get git ref: failed to identify reference (tag/branch) for the checked-out revision 'e314072206a0740ebe8acfa15ab11e629dd86642'
[67ec9ca2-ce29-4210-8e1c-12a97b380a5d/build]   üê≥  docker exec cmd=[bash --noprofile --norc -e -o pipefail /var/run/act/workflow/2] user= workdir=
[67ec9ca2-ce29-4210-8e1c-12a97b380a5d/build]   ‚úÖ  Success - Main Grant execute permission for gradlew
[67ec9ca2-ce29-4210-8e1c-12a97b380a5d/build] unable to get git ref: failed to identify reference (tag/branch) for the checked-out revision 'e314072206a0740ebe8acfa15ab11e629dd86642'
[67ec9ca2-ce29-4210-8e1c-12a97b380a5d/build] unable to get git ref: failed to identify reference (tag/branch) for the checked-out revision 'e314072206a0740ebe8acfa15ab11e629dd86642'
[67ec9ca2-ce29-4210-8e1c-12a97b380a5d/build] unable to get git ref: failed to identify reference (tag/branch) for the checked-out revision 'e314072206a0740ebe8acfa15ab11e629dd86642'
[67ec9ca2-ce29-4210-8e1c-12a97b380a5d/build] unable to get git ref: failed to identify reference (tag/branch) for the checked-out revision 'e314072206a0740ebe8acfa15ab11e629dd86642'
[67ec9ca2-ce29-4210-8e1c-12a97b380a5d/build] unable to get git ref: failed to identify reference (tag/branch) for the checked-out revision 'e314072206a0740ebe8acfa15ab11e629dd86642'
[67ec9ca2-ce29-4210-8e1c-12a97b380a5d/build] ‚≠ê Run Main Build with Gradle
[67ec9ca2-ce29-4210-8e1c-12a97b380a5d/build] unable to get git ref: failed to identify reference (tag/branch) for the checked-out revision 'e314072206a0740ebe8acfa15ab11e629dd86642'
[67ec9ca2-ce29-4210-8e1c-12a97b380a5d/build] unable to get git ref: failed to identify reference (tag/branch) for the checked-out revision 'e314072206a0740ebe8acfa15ab11e629dd86642'
[67ec9ca2-ce29-4210-8e1c-12a97b380a5d/build] unable to get git ref: failed to identify reference (tag/branch) for the checked-out revision 'e314072206a0740ebe8acfa15ab11e629dd86642'
[67ec9ca2-ce29-4210-8e1c-12a97b380a5d/build] unable to get git ref: failed to identify reference (tag/branch) for the checked-out revision 'e314072206a0740ebe8acfa15ab11e629dd86642'
[67ec9ca2-ce29-4210-8e1c-12a97b380a5d/build]   üê≥  docker exec cmd=[bash --noprofile --norc -e -o pipefail /var/run/act/workflow/3] user= workdir=
[67ec9ca2-ce29-4210-8e1c-12a97b380a5d/build]   | Downloading https://services.gradle.org/distributions/gradle-6.8.3-bin.zip
[67ec9ca2-ce29-4210-8e1c-12a97b380a5d/build]   | ......................................................................................................
[67ec9ca2-ce29-4210-8e1c-12a97b380a5d/build]   | 
[67ec9ca2-ce29-4210-8e1c-12a97b380a5d/build]   | Welcome to Gradle 6.8.3!
[67ec9ca2-ce29-4210-8e1c-12a97b380a5d/build]   | 
[67ec9ca2-ce29-4210-8e1c-12a97b380a5d/build]   | Here are the highlights of this release:
[67ec9ca2-ce29-4210-8e1c-12a97b380a5d/build]   |  - Faster Kotlin DSL script compilation
[67ec9ca2-ce29-4210-8e1c-12a97b380a5d/build]   |  - Vendor selection for Java toolchains
[67ec9ca2-ce29-4210-8e1c-12a97b380a5d/build]   |  - Convenient execution of tasks in composite builds
[67ec9ca2-ce29-4210-8e1c-12a97b380a5d/build]   |  - Consistent dependency resolution
[67ec9ca2-ce29-4210-8e1c-12a97b380a5d/build]   | 
[67ec9ca2-ce29-4210-8e1c-12a97b380a5d/build]   | For more details see https://docs.gradle.org/6.8.3/release-notes.html
[67ec9ca2-ce29-4210-8e1c-12a97b380a5d/build]   | 
[67ec9ca2-ce29-4210-8e1c-12a97b380a5d/build]   | Starting a Gradle Daemon (subsequent builds will be faster)
[67ec9ca2-ce29-4210-8e1c-12a97b380a5d/build]   | > Task :compileJava UP-TO-DATE
[67ec9ca2-ce29-4210-8e1c-12a97b380a5d/build]   | > Task :processResources UP-TO-DATE
[67ec9ca2-ce29-4210-8e1c-12a97b380a5d/build]   | > Task :classes UP-TO-DATE
[67ec9ca2-ce29-4210-8e1c-12a97b380a5d/build]   | Errors occurred while build effective model from /home/runneradmin/.gradle/caches/modules-2/files-2.1/com.sun.xml.bind/jaxb-osgi/2.2.10/c926a537af564ec047ec6308df1d0d2a03364a86/jaxb-osgi-2.2.10.pom:
[67ec9ca2-ce29-4210-8e1c-12a97b380a5d/build]   |     'dependencyManagement.dependencies.dependency.systemPath' for com.sun:tools:jar must specify an absolute path but is ${tools.jar} in com.sun.xml.bind:jaxb-osgi:2.2.10
[67ec9ca2-ce29-4210-8e1c-12a97b380a5d/build]   | 
[67ec9ca2-ce29-4210-8e1c-12a97b380a5d/build]   | > Task :compileTestJava
[67ec9ca2-ce29-4210-8e1c-12a97b380a5d/build]   | 
[67ec9ca2-ce29-4210-8e1c-12a97b380a5d/build]   | > Task :processTestResources UP-TO-DATE
[67ec9ca2-ce29-4210-8e1c-12a97b380a5d/build]   | > Task :testClasses
[67ec9ca2-ce29-4210-8e1c-12a97b380a5d/build]   | 
[67ec9ca2-ce29-4210-8e1c-12a97b380a5d/build]   | > Task :test
[67ec9ca2-ce29-4210-8e1c-12a97b380a5d/build]   | WARNING: An illegal reflective access operation has occurred
[67ec9ca2-ce29-4210-8e1c-12a97b380a5d/build]   | WARNING: Illegal reflective access by org.codehaus.groovy.reflection.CachedClass (file:/home/runneradmin/.gradle/caches/modules-2/files-2.1/org.codehaus.groovy/groovy/2.5.14/f0a005fb21e7bd9b7ebf04cd2ecda0fc8f3be59d/groovy-2.5.14.jar) to method java.lang.Object.finalize()
[67ec9ca2-ce29-4210-8e1c-12a97b380a5d/build]   | WARNING: Please consider reporting this to the maintainers of org.codehaus.groovy.reflection.CachedClass
[67ec9ca2-ce29-4210-8e1c-12a97b380a5d/build]   | WARNING: Use --illegal-access=warn to enable warnings of further illegal reflective access operations
[67ec9ca2-ce29-4210-8e1c-12a97b380a5d/build]   | WARNING: All illegal access operations will be denied in a future release
[67ec9ca2-ce29-4210-8e1c-12a97b380a5d/build]   | 
[67ec9ca2-ce29-4210-8e1c-12a97b380a5d/build]   | [0K[1mcom.example.authorizationserver.oauth.client.api.RegisteredClientApiControllerIntegrationTest[m
[67ec9ca2-ce29-4210-8e1c-12a97b380a5d/build]   | 
[67ec9ca2-ce29-4210-8e1c-12a97b380a5d/build]   | [0K[1m  Test [22mupdateClient()[32m PASSED[m
[67ec9ca2-ce29-4210-8e1c-12a97b380a5d/build]   | [0K[1m  Test [22mdeleteClient()[32m PASSED[m
[67ec9ca2-ce29-4210-8e1c-12a97b380a5d/build]   | [0K[1m  Test [22mregisterClient()[32m PASSED[m
[67ec9ca2-ce29-4210-8e1c-12a97b380a5d/build]   | [0K[1m  Test [22mfindAllClients()[32m PASSED[m
[67ec9ca2-ce29-4210-8e1c-12a97b380a5d/build]   | [0K[1m  Test [22mfindSingleClient()[32m PASSED[m
[67ec9ca2-ce29-4210-8e1c-12a97b380a5d/build]   | 
[67ec9ca2-ce29-4210-8e1c-12a97b380a5d/build]   | [0K[1mcom.example.authorizationserver.oauth.endpoint.AuthorizationEndpointIntegrationTest[m
[67ec9ca2-ce29-4210-8e1c-12a97b380a5d/build]   | 
[67ec9ca2-ce29-4210-8e1c-12a97b380a5d/build]   | [0K[1m  Test [22mauthorizationRequestWithMissingUserShouldRedirectToLogin()[32m PASSED[m
[67ec9ca2-ce29-4210-8e1c-12a97b380a5d/build]   | [0K[1m  Test [22mauthorizationRequestMissingClientId()[32m PASSED[m
[67ec9ca2-ce29-4210-8e1c-12a97b380a5d/build]   | [0K[1m  Test [22mauthorizationRequest()[32m PASSED[m
[67ec9ca2-ce29-4210-8e1c-12a97b380a5d/build]   | [0K[1m  Test [22mauthorizationRequestWithWrongRedirectUri()[32m PASSED[m
[67ec9ca2-ce29-4210-8e1c-12a97b380a5d/build]   | [0K[1m  Test [22mauthorizationRequestForPublicClientMissingCodeChallenge()[32m PASSED[m
[67ec9ca2-ce29-4210-8e1c-12a97b380a5d/build]   | [0K[1m  Test [22mauthorizationRequestEmptyClientId()[32m PASSED[m
[67ec9ca2-ce29-4210-8e1c-12a97b380a5d/build]   | [0K[1m  Test [22mauthorizationRequestWithAnonymousShouldRedirectToLogin()[32m PASSED[m
[67ec9ca2-ce29-4210-8e1c-12a97b380a5d/build]   | [0K[1m  Test [22mauthorizationRequestWrongResponseType()[32m PASSED[m
[67ec9ca2-ce29-4210-8e1c-12a97b380a5d/build]   | [0K[1m  Test [22mauthorizationRequestWithWrongClientId()[32m PASSED[m
[67ec9ca2-ce29-4210-8e1c-12a97b380a5d/build]   | [0K[1m  Test [22mauthorizationRequestWithEmptyScope()[32m PASSED[m
[67ec9ca2-ce29-4210-8e1c-12a97b380a5d/build]   | [0K[1m  Test [22mauthorizationRequestForPublicClient()[32m PASSED[m
[67ec9ca2-ce29-4210-8e1c-12a97b380a5d/build]   | 
[67ec9ca2-ce29-4210-8e1c-12a97b380a5d/build]   | [0K[1mcom.example.authorizationserver.oauth.endpoint.TokenEndpointIntegrationTest[m
[67ec9ca2-ce29-4210-8e1c-12a97b380a5d/build]   | 
[67ec9ca2-ce29-4210-8e1c-12a97b380a5d/build]   | [0K[1m  Test [22m[1] grant=urn:ietf:params:oauth:grant-type:token-exchange[32m PASSED[m
[67ec9ca2-ce29-4210-8e1c-12a97b380a5d/build]   | [0K[1m  Test [22m[2] grant=invalid[32m PASSED[m
[67ec9ca2-ce29-4210-8e1c-12a97b380a5d/build]   | [0K[1m  Test [22mgetTokenForAnonymousRefreshTokenGrantSuccess()[32m PASSED[m
[67ec9ca2-ce29-4210-8e1c-12a97b380a5d/build]   | [0K[1m  Test [22mgetOAuthTokensForAuthorizationCodeSuccess()[32m PASSED[m
[67ec9ca2-ce29-4210-8e1c-12a97b380a5d/build]   | [0K[1m  Test [22mgetTokenForPersonalizedRefreshTokenGrantSuccess()[32m PASSED[m
[67ec9ca2-ce29-4210-8e1c-12a97b380a5d/build]   | [0K[1m  Test [22mgetOpenIdConnectTokensForAuthorizationCodeSuccess()[32m PASSED[m
[67ec9ca2-ce29-4210-8e1c-12a97b380a5d/build]   | [0K[1m  Test [22mgetTokenForAuthorizationCodeWithPkceSuccess()[32m PASSED[m
[67ec9ca2-ce29-4210-8e1c-12a97b380a5d/build]   | [0K[1m  Test [22mgetTokenForPasswordGrantSuccess()[32m PASSED[m
[67ec9ca2-ce29-4210-8e1c-12a97b380a5d/build]   | [0K[1m  Test [22mgetTokenForClientCredentialsSuccess()[32m PASSED[m
[67ec9ca2-ce29-4210-8e1c-12a97b380a5d/build]   | 
[67ec9ca2-ce29-4210-8e1c-12a97b380a5d/build]   | [0K[1mcom.example.authorizationserver.oauth.endpoint.RevocationEndpointIntegrationTest[m
[67ec9ca2-ce29-4210-8e1c-12a97b380a5d/build]   | 
[67ec9ca2-ce29-4210-8e1c-12a97b380a5d/build]   | [0K[1m  Test [22mrevocationForAnonymousOpaqueToken()[32m PASSED[m
[67ec9ca2-ce29-4210-8e1c-12a97b380a5d/build]   | [0K[1m  Test [22mrevocationForMissingToken()[32m PASSED[m
[67ec9ca2-ce29-4210-8e1c-12a97b380a5d/build]   | [0K[1m  Test [22mrevocationForInvalidAuthentication()[32m PASSED[m
[67ec9ca2-ce29-4210-8e1c-12a97b380a5d/build]   | [0K[1m  Test [22mrevocationForAnonymousOpaqueTokenWithoutAuth()[32m PASSED[m
[67ec9ca2-ce29-4210-8e1c-12a97b380a5d/build]   | [0K[1m  Test [22mrevocationForPersonalIdToken()[32m PASSED[m
[67ec9ca2-ce29-4210-8e1c-12a97b380a5d/build]   | [0K[1m  Test [22mrevocationForPersonalJwtToken()[32m PASSED[m
[67ec9ca2-ce29-4210-8e1c-12a97b380a5d/build]   | [0K[1m  Test [22mrevocationForInvalidBasicAuthHeader()[32m PASSED[m
[67ec9ca2-ce29-4210-8e1c-12a97b380a5d/build]   | [0K[1m  Test [22mrevocationForPersonalOpaqueToken()[32m PASSED[m
[67ec9ca2-ce29-4210-8e1c-12a97b380a5d/build]   | [0K[1m  Test [22mrevocationForInvalidToken()[32m PASSED[m
[67ec9ca2-ce29-4210-8e1c-12a97b380a5d/build]   | [0K[1m  Test [22mrevocationForExpiredToken()[32m PASSED[m
[67ec9ca2-ce29-4210-8e1c-12a97b380a5d/build]   | [0K[1m  Test [22mrevocationForAnonymousJwtToken()[32m PASSED[m
[67ec9ca2-ce29-4210-8e1c-12a97b380a5d/build]   | 
[67ec9ca2-ce29-4210-8e1c-12a97b380a5d/build]   | [0K[1mcom.example.authorizationserver.oauth.endpoint.IntrospectionEndpointIntegrationTest[m
[67ec9ca2-ce29-4210-8e1c-12a97b380a5d/build]   | 
[67ec9ca2-ce29-4210-8e1c-12a97b380a5d/build]   | [0K[1m  Test [22mintrospectionWithInvalidAuthentication()[32m PASSED[m
[67ec9ca2-ce29-4210-8e1c-12a97b380a5d/build]   | [0K[1m  Test [22mintrospectionWithPersonalJwtToken()[32m PASSED[m
[67ec9ca2-ce29-4210-8e1c-12a97b380a5d/build]   | [0K[1m  Test [22mintrospectionWithPersonalOpaqueToken()[32m PASSED[m
[67ec9ca2-ce29-4210-8e1c-12a97b380a5d/build]   | [0K[1m  Test [22mintrospectionWithMissingToken()[32m PASSED[m
[67ec9ca2-ce29-4210-8e1c-12a97b380a5d/build]   | [0K[1m  Test [22mintrospectionWithAnonymousJwtToken()[32m PASSED[m
[67ec9ca2-ce29-4210-8e1c-12a97b380a5d/build]   | [0K[1m  Test [22mintrospectionWithInvalidToken()[32m PASSED[m
[67ec9ca2-ce29-4210-8e1c-12a97b380a5d/build]   | [0K[1m  Test [22mintrospectionWithAnonymousOpaqueToken()[32m PASSED[m
[67ec9ca2-ce29-4210-8e1c-12a97b380a5d/build]   | [0K[1m  Test [22mintrospectionWithExpiredToken()[32m PASSED[m
[67ec9ca2-ce29-4210-8e1c-12a97b380a5d/build]   | 
[67ec9ca2-ce29-4210-8e1c-12a97b380a5d/build]   | [0K[1mcom.example.authorizationserver.AuthorizationServerApplicationTests[m
[67ec9ca2-ce29-4210-8e1c-12a97b380a5d/build]   | 
[67ec9ca2-ce29-4210-8e1c-12a97b380a5d/build]   | [0K[1m  Test [22mVerify that the authorization server application starts[32m PASSED[m
[67ec9ca2-ce29-4210-8e1c-12a97b380a5d/build]   | 
[67ec9ca2-ce29-4210-8e1c-12a97b380a5d/build]   | [0K[1mcom.example.authorizationserver.jwks.JwksEndpointIntegrationTest[m
[67ec9ca2-ce29-4210-8e1c-12a97b380a5d/build]   | 
[67ec9ca2-ce29-4210-8e1c-12a97b380a5d/build]   | [0K[1m  Test [22mJWKS endpoint is accessible and returns expected result[32m PASSED[m
[67ec9ca2-ce29-4210-8e1c-12a97b380a5d/build]   | 
[67ec9ca2-ce29-4210-8e1c-12a97b380a5d/build]   | [0K[1mcom.example.authorizationserver.token.jwt.JsonWebTokenServiceTest[m
[67ec9ca2-ce29-4210-8e1c-12a97b380a5d/build]   | 
[67ec9ca2-ce29-4210-8e1c-12a97b380a5d/build]   | [0K[1m  Test [22mcreateAnonymousToken()[32m PASSED[m
[67ec9ca2-ce29-4210-8e1c-12a97b380a5d/build]   | [0K[1m  Test [22mcreatePersonalizedToken()[32m PASSED[m
[67ec9ca2-ce29-4210-8e1c-12a97b380a5d/build]   | [0K[1m  Test [22mcreatePersonalizedTokenWithAllScopes()[32m PASSED[m
[67ec9ca2-ce29-4210-8e1c-12a97b380a5d/build]   | 
[67ec9ca2-ce29-4210-8e1c-12a97b380a5d/build]   | [0K[1mcom.example.authorizationserver.oidc.endpoint.UserInfoEndpointIntegrationTest[m
[67ec9ca2-ce29-4210-8e1c-12a97b380a5d/build]   | 
[67ec9ca2-ce29-4210-8e1c-12a97b380a5d/build]   | [0K[1m  Test [22muserInfoWithOpaqueToken()[32m PASSED[m
[67ec9ca2-ce29-4210-8e1c-12a97b380a5d/build]   | [0K[1m  Test [22muserInfoWithInvalidToken()[32m PASSED[m
[67ec9ca2-ce29-4210-8e1c-12a97b380a5d/build]   | [0K[1m  Test [22muserInfoWithJwtToken()[32m PASSED[m
[67ec9ca2-ce29-4210-8e1c-12a97b380a5d/build]   | [0K[1m  Test [22muserInfoWithMissingToken()[32m PASSED[m
[67ec9ca2-ce29-4210-8e1c-12a97b380a5d/build]   | 
[67ec9ca2-ce29-4210-8e1c-12a97b380a5d/build]   | [0K[1mcom.example.authorizationserver.oidc.endpoint.DiscoveryEndpointIntegrationTest[m
[67ec9ca2-ce29-4210-8e1c-12a97b380a5d/build]   | 
[67ec9ca2-ce29-4210-8e1c-12a97b380a5d/build]   | [0K[1m  Test [22mdiscoveryEndpoint()[32m PASSED[m
[67ec9ca2-ce29-4210-8e1c-12a97b380a5d/build]   | 
[67ec9ca2-ce29-4210-8e1c-12a97b380a5d/build]   | [0K[1mcom.example.authorizationserver.scim.api.ScimGroupRestControllerIntegrationTest[m
[67ec9ca2-ce29-4210-8e1c-12a97b380a5d/build]   | 
[67ec9ca2-ce29-4210-8e1c-12a97b380a5d/build]   | [0K[1m  Test [22mremoveMemberFromGroup()[31m FAILED[31m
[67ec9ca2-ce29-4210-8e1c-12a97b380a5d/build]   | 
[67ec9ca2-ce29-4210-8e1c-12a97b380a5d/build]   |   java.lang.AssertionError: Range for response status value 404 expected:<SUCCESSFUL> but was:<CLIENT_ERROR>
[67ec9ca2-ce29-4210-8e1c-12a97b380a5d/build]   |       at com.example.authorizationserver.scim.api.ScimGroupRestControllerIntegrationTest.removeMemberFromGroup(ScimGroupRestControllerIntegrationTest.java:208)
[67ec9ca2-ce29-4210-8e1c-12a97b380a5d/build]   | [m
[67ec9ca2-ce29-4210-8e1c-12a97b380a5d/build]   | [0K[1m  Test [22mdeleteGroup()[32m PASSED[m
[67ec9ca2-ce29-4210-8e1c-12a97b380a5d/build]   | [0K[1m  Test [22mupdateGroup()[31m FAILED[31m
[67ec9ca2-ce29-4210-8e1c-12a97b380a5d/build]   | 
[67ec9ca2-ce29-4210-8e1c-12a97b380a5d/build]   |   java.lang.AssertionError: Range for response status value 405 expected:<SUCCESSFUL> but was:<CLIENT_ERROR>
[67ec9ca2-ce29-4210-8e1c-12a97b380a5d/build]   |       at com.example.authorizationserver.scim.api.ScimGroupRestControllerIntegrationTest.updateGroup(ScimGroupRestControllerIntegrationTest.java:172)
[67ec9ca2-ce29-4210-8e1c-12a97b380a5d/build]   | [m
[67ec9ca2-ce29-4210-8e1c-12a97b380a5d/build]   | [0K[1m  Test [22mcreateGroup()[32m PASSED[m
[67ec9ca2-ce29-4210-8e1c-12a97b380a5d/build]   | [0K[1m  Test [22mgetGroups()[32m PASSED[m
[67ec9ca2-ce29-4210-8e1c-12a97b380a5d/build]   | [0K[1m  Test [22maddMemberToGroup()[31m FAILED[31m
[67ec9ca2-ce29-4210-8e1c-12a97b380a5d/build]   | 
[67ec9ca2-ce29-4210-8e1c-12a97b380a5d/build]   |   java.lang.AssertionError: Range for response status value 404 expected:<SUCCESSFUL> but was:<CLIENT_ERROR>
[67ec9ca2-ce29-4210-8e1c-12a97b380a5d/build]   |       at com.example.authorizationserver.scim.api.ScimGroupRestControllerIntegrationTest.addMemberToGroup(ScimGroupRestControllerIntegrationTest.java:190)
[67ec9ca2-ce29-4210-8e1c-12a97b380a5d/build]   | [m
[67ec9ca2-ce29-4210-8e1c-12a97b380a5d/build]   | [0K[1m  Test [22mgetGroup()[32m PASSED[m
[67ec9ca2-ce29-4210-8e1c-12a97b380a5d/build]   | 
[67ec9ca2-ce29-4210-8e1c-12a97b380a5d/build]   | [0K[1mcom.example.authorizationserver.scim.api.ScimUserRestControllerIntegrationTest[m
[67ec9ca2-ce29-4210-8e1c-12a97b380a5d/build]   | 
[67ec9ca2-ce29-4210-8e1c-12a97b380a5d/build]   | [0K[1m  Test [22mauthenticatedUser()[32m PASSED[m
[67ec9ca2-ce29-4210-8e1c-12a97b380a5d/build]   | [0K[1m  Test [22mupdateUser()[32m PASSED[m
[67ec9ca2-ce29-4210-8e1c-12a97b380a5d/build]   | [0K[1m  Test [22mgetUser()[32m PASSED[m
[67ec9ca2-ce29-4210-8e1c-12a97b380a5d/build]   | [0K[1m  Test [22mcreateUser()[32m PASSED[m
[67ec9ca2-ce29-4210-8e1c-12a97b380a5d/build]   | [0K[1m  Test [22mdeleteUser()[32m PASSED[m
[67ec9ca2-ce29-4210-8e1c-12a97b380a5d/build]   | [0K[1m  Test [22mgetUsers()[32m PASSED[m
[67ec9ca2-ce29-4210-8e1c-12a97b380a5d/build]   | 2023-07-12 01:28:21.720  INFO 809 --- [extShutdownHook] o.s.s.concurrent.ThreadPoolTaskExecutor  : Shutting down ExecutorService 'applicationTaskExecutor'
[67ec9ca2-ce29-4210-8e1c-12a97b380a5d/build]   | 2023-07-12 01:28:21.729  INFO 809 --- [extShutdownHook] o.s.s.concurrent.ThreadPoolTaskExecutor  : Shutting down ExecutorService 'applicationTaskExecutor'
[67ec9ca2-ce29-4210-8e1c-12a97b380a5d/build]   | 2023-07-12 01:28:21.729  INFO 809 --- [extShutdownHook] o.s.s.concurrent.ThreadPoolTaskExecutor  : Shutting down ExecutorService 'applicationTaskExecutor'
[67ec9ca2-ce29-4210-8e1c-12a97b380a5d/build]   | 2023-07-12 01:28:21.729  INFO 809 --- [extShutdownHook] o.s.s.concurrent.ThreadPoolTaskExecutor  : Shutting down ExecutorService 'applicationTaskExecutor'
[67ec9ca2-ce29-4210-8e1c-12a97b380a5d/build]   | 2023-07-12 01:28:21.731  INFO 809 --- [extShutdownHook] j.LocalContainerEntityManagerFactoryBean : Closing JPA EntityManagerFactory for persistence unit 'default'
[67ec9ca2-ce29-4210-8e1c-12a97b380a5d/build]   | 2023-07-12 01:28:21.731  INFO 809 --- [extShutdownHook] .SchemaDropperImpl$DelayedDropActionImpl : HHH000477: Starting delayed evictData of schema as part of SessionFactory shut-down'
[67ec9ca2-ce29-4210-8e1c-12a97b380a5d/build]   | 2023-07-12 01:28:21.747  INFO 809 --- [extShutdownHook] com.zaxxer.hikari.HikariDataSource       : HikariPool-7 - Shutdown initiated...
[67ec9ca2-ce29-4210-8e1c-12a97b380a5d/build]   | 2023-07-12 01:28:21.748  INFO 809 --- [extShutdownHook] com.zaxxer.hikari.HikariDataSource       : HikariPool-7 - Shutdown completed.
[67ec9ca2-ce29-4210-8e1c-12a97b380a5d/build]   | 
[67ec9ca2-ce29-4210-8e1c-12a97b380a5d/build]   | [0K[1;31mFAILURE: [39mExecuted 67 tests in 38.6s (3 failed)[m
[67ec9ca2-ce29-4210-8e1c-12a97b380a5d/build]   | 
[67ec9ca2-ce29-4210-8e1c-12a97b380a5d/build]   | 
[67ec9ca2-ce29-4210-8e1c-12a97b380a5d/build]   | 67 tests completed, 3 failed
[67ec9ca2-ce29-4210-8e1c-12a97b380a5d/build]   | 
[67ec9ca2-ce29-4210-8e1c-12a97b380a5d/build]   | > Task :test FAILED
[67ec9ca2-ce29-4210-8e1c-12a97b380a5d/build]   | 
[67ec9ca2-ce29-4210-8e1c-12a97b380a5d/build]   | FAILURE: Build failed with an exception.
[67ec9ca2-ce29-4210-8e1c-12a97b380a5d/build]   | 
[67ec9ca2-ce29-4210-8e1c-12a97b380a5d/build]   | * What went wrong:
[67ec9ca2-ce29-4210-8e1c-12a97b380a5d/build]   | Execution failed for task ':test'.
[67ec9ca2-ce29-4210-8e1c-12a97b380a5d/build]   | > There were failing tests. See the report at: file:///tmp/e97391c4-9775-4027-af17-1b03c58b0355/build/reports/tests/test/index.html
[67ec9ca2-ce29-4210-8e1c-12a97b380a5d/build]   | 
[67ec9ca2-ce29-4210-8e1c-12a97b380a5d/build]   | * Try:
[67ec9ca2-ce29-4210-8e1c-12a97b380a5d/build]   | Run with --stacktrace option to get the stack trace. Run with --info or --debug option to get more log output. Run with --scan to get full insights.
[67ec9ca2-ce29-4210-8e1c-12a97b380a5d/build]   | 
[67ec9ca2-ce29-4210-8e1c-12a97b380a5d/build]   | * Get more help at https://help.gradle.org
[67ec9ca2-ce29-4210-8e1c-12a97b380a5d/build]   | 
[67ec9ca2-ce29-4210-8e1c-12a97b380a5d/build]   | BUILD FAILED in 1m 32s
[67ec9ca2-ce29-4210-8e1c-12a97b380a5d/build]   | 5 actionable tasks: 2 executed, 3 up-to-date
[67ec9ca2-ce29-4210-8e1c-12a97b380a5d/build]   ‚ùå  Failure - Main Build with Gradle
[67ec9ca2-ce29-4210-8e1c-12a97b380a5d/build] exitcode '1': failure
[67ec9ca2-ce29-4210-8e1c-12a97b380a5d/build] unable to get git ref: failed to identify reference (tag/branch) for the checked-out revision 'e314072206a0740ebe8acfa15ab11e629dd86642'
[67ec9ca2-ce29-4210-8e1c-12a97b380a5d/build] unable to get git ref: failed to identify reference (tag/branch) for the checked-out revision 'e314072206a0740ebe8acfa15ab11e629dd86642'
[67ec9ca2-ce29-4210-8e1c-12a97b380a5d/build] unable to get git ref: failed to identify reference (tag/branch) for the checked-out revision 'e314072206a0740ebe8acfa15ab11e629dd86642'
[67ec9ca2-ce29-4210-8e1c-12a97b380a5d/build] unable to get git ref: failed to identify reference (tag/branch) for the checked-out revision 'e314072206a0740ebe8acfa15ab11e629dd86642'
[67ec9ca2-ce29-4210-8e1c-12a97b380a5d/build] unable to get git ref: failed to identify reference (tag/branch) for the checked-out revision 'e314072206a0740ebe8acfa15ab11e629dd86642'
[67ec9ca2-ce29-4210-8e1c-12a97b380a5d/build] ‚≠ê Run Post Set up JDK
[67ec9ca2-ce29-4210-8e1c-12a97b380a5d/build]   üê≥  docker exec cmd=[node /var/run/act/actions/actions-setup-java@v1/dist/cleanup/index.js] user= workdir=
[67ec9ca2-ce29-4210-8e1c-12a97b380a5d/build]   ‚úÖ  Success - Post Set up JDK
[67ec9ca2-ce29-4210-8e1c-12a97b380a5d/build] üèÅ  Job failed
[67ec9ca2-ce29-4210-8e1c-12a97b380a5d/build] unable to get git ref: failed to identify reference (tag/branch) for the checked-out revision 'e314072206a0740ebe8acfa15ab11e629dd86642'
