[8202a66e-8822-4374-9111-fe86798c1116/build] üöÄ  Start image=gitbugactions:latest
[8202a66e-8822-4374-9111-fe86798c1116/build]   üê≥  docker pull image=gitbugactions:latest platform= username= forcePull=false
[8202a66e-8822-4374-9111-fe86798c1116/build]   üê≥  docker create image=gitbugactions:latest platform= entrypoint=["tail" "-f" "/dev/null"] cmd=[]
[8202a66e-8822-4374-9111-fe86798c1116/build]   üê≥  docker run image=gitbugactions:latest platform= entrypoint=["tail" "-f" "/dev/null"] cmd=[]
[8202a66e-8822-4374-9111-fe86798c1116/build]   üê≥  docker exec cmd=[chown -R 1012:1013 /tmp/4c4fae99-e29d-4b59-add5-3ae638c0d5ee] user=0 workdir=
[8202a66e-8822-4374-9111-fe86798c1116/build] unable to get git ref: failed to identify reference (tag/branch) for the checked-out revision '4fab7adfaa3679d8b41360d169b40ee18b9ed735'
[8202a66e-8822-4374-9111-fe86798c1116/build] unable to get git ref: failed to identify reference (tag/branch) for the checked-out revision '4fab7adfaa3679d8b41360d169b40ee18b9ed735'
[8202a66e-8822-4374-9111-fe86798c1116/build] unable to get git ref: failed to identify reference (tag/branch) for the checked-out revision '4fab7adfaa3679d8b41360d169b40ee18b9ed735'
[8202a66e-8822-4374-9111-fe86798c1116/build] unable to get git ref: failed to identify reference (tag/branch) for the checked-out revision '4fab7adfaa3679d8b41360d169b40ee18b9ed735'
[8202a66e-8822-4374-9111-fe86798c1116/build] unable to get git ref: failed to identify reference (tag/branch) for the checked-out revision '4fab7adfaa3679d8b41360d169b40ee18b9ed735'
[8202a66e-8822-4374-9111-fe86798c1116/build] unable to get git ref: failed to identify reference (tag/branch) for the checked-out revision '4fab7adfaa3679d8b41360d169b40ee18b9ed735'
[8202a66e-8822-4374-9111-fe86798c1116/build] unable to get git ref: failed to identify reference (tag/branch) for the checked-out revision '4fab7adfaa3679d8b41360d169b40ee18b9ed735'
[8202a66e-8822-4374-9111-fe86798c1116/build] unable to get git ref: failed to identify reference (tag/branch) for the checked-out revision '4fab7adfaa3679d8b41360d169b40ee18b9ed735'
[8202a66e-8822-4374-9111-fe86798c1116/build] unable to get git ref: failed to identify reference (tag/branch) for the checked-out revision '4fab7adfaa3679d8b41360d169b40ee18b9ed735'
[8202a66e-8822-4374-9111-fe86798c1116/build] ‚≠ê Run Main actions/checkout@v4
[8202a66e-8822-4374-9111-fe86798c1116/build] unable to get git ref: failed to identify reference (tag/branch) for the checked-out revision '4fab7adfaa3679d8b41360d169b40ee18b9ed735'
[8202a66e-8822-4374-9111-fe86798c1116/build] unable to get git ref: failed to identify reference (tag/branch) for the checked-out revision '4fab7adfaa3679d8b41360d169b40ee18b9ed735'
[8202a66e-8822-4374-9111-fe86798c1116/build]   üê≥  docker cp src=/tmp/4c4fae99-e29d-4b59-add5-3ae638c0d5ee/. dst=/tmp/4c4fae99-e29d-4b59-add5-3ae638c0d5ee
[8202a66e-8822-4374-9111-fe86798c1116/build]   üê≥  docker exec cmd=[chown -R 1012:1013 /tmp/4c4fae99-e29d-4b59-add5-3ae638c0d5ee] user=0 workdir=
[8202a66e-8822-4374-9111-fe86798c1116/build]   ‚úÖ  Success - Main actions/checkout@v4
[8202a66e-8822-4374-9111-fe86798c1116/build] unable to get git ref: failed to identify reference (tag/branch) for the checked-out revision '4fab7adfaa3679d8b41360d169b40ee18b9ed735'
[8202a66e-8822-4374-9111-fe86798c1116/build] unable to get git ref: failed to identify reference (tag/branch) for the checked-out revision '4fab7adfaa3679d8b41360d169b40ee18b9ed735'
[8202a66e-8822-4374-9111-fe86798c1116/build] unable to get git ref: failed to identify reference (tag/branch) for the checked-out revision '4fab7adfaa3679d8b41360d169b40ee18b9ed735'
[8202a66e-8822-4374-9111-fe86798c1116/build] unable to get git ref: failed to identify reference (tag/branch) for the checked-out revision '4fab7adfaa3679d8b41360d169b40ee18b9ed735'
[8202a66e-8822-4374-9111-fe86798c1116/build] unable to get git ref: failed to identify reference (tag/branch) for the checked-out revision '4fab7adfaa3679d8b41360d169b40ee18b9ed735'
[8202a66e-8822-4374-9111-fe86798c1116/build] ‚≠ê Run Main Set up JDK 17
[8202a66e-8822-4374-9111-fe86798c1116/build] unable to get git ref: failed to identify reference (tag/branch) for the checked-out revision '4fab7adfaa3679d8b41360d169b40ee18b9ed735'
[8202a66e-8822-4374-9111-fe86798c1116/build] unable to get git ref: failed to identify reference (tag/branch) for the checked-out revision '4fab7adfaa3679d8b41360d169b40ee18b9ed735'
[8202a66e-8822-4374-9111-fe86798c1116/build] unable to get git ref: failed to identify reference (tag/branch) for the checked-out revision '4fab7adfaa3679d8b41360d169b40ee18b9ed735'
[8202a66e-8822-4374-9111-fe86798c1116/build]   üê≥  docker cp src=/tmp/act-cache/049cf261-7b7b-4e47-bad5-5003ca4b57f3/act/actions-setup-java@v3/ dst=/var/run/act/actions/actions-setup-java@v3/
[8202a66e-8822-4374-9111-fe86798c1116/build]   üê≥  docker exec cmd=[chown -R 1012:1013 /var/run/act/actions/actions-setup-java@v3/] user=0 workdir=
[8202a66e-8822-4374-9111-fe86798c1116/build]   üê≥  docker exec cmd=[node /var/run/act/actions/actions-setup-java@v3/dist/setup/index.js] user= workdir=
[8202a66e-8822-4374-9111-fe86798c1116/build]   ‚ùì  ::group::Installed distributions
[8202a66e-8822-4374-9111-fe86798c1116/build]   | Trying to resolve the latest version from remote
[8202a66e-8822-4374-9111-fe86798c1116/build]   | Resolved latest version as 17.0.9+9
[8202a66e-8822-4374-9111-fe86798c1116/build]   | Trying to download...
[8202a66e-8822-4374-9111-fe86798c1116/build]   | Downloading Java 17.0.9+9 (Adopt-Hotspot) from https://github.com/adoptium/temurin17-binaries/releases/download/jdk-17.0.9%2B9/OpenJDK17U-jdk_x64_linux_hotspot_17.0.9_9.tar.gz ...
[8202a66e-8822-4374-9111-fe86798c1116/build]   üí¨  ::debug::Downloading https://github.com/adoptium/temurin17-binaries/releases/download/jdk-17.0.9%252B9/OpenJDK17U-jdk_x64_linux_hotspot_17.0.9_9.tar.gz
[8202a66e-8822-4374-9111-fe86798c1116/build]   üí¨  ::debug::Destination /tmp/2920472d-04fa-4f8e-a3e2-fa44e879b4ef
[8202a66e-8822-4374-9111-fe86798c1116/build]   üí¨  ::debug::download complete
[8202a66e-8822-4374-9111-fe86798c1116/build]   | Extracting Java archive...
[8202a66e-8822-4374-9111-fe86798c1116/build]   üí¨  ::debug::Checking tar --version
[8202a66e-8822-4374-9111-fe86798c1116/build]   üí¨  ::debug::tar (GNU tar) 1.34%0ACopyright (C) 2021 Free Software Foundation, Inc.%0ALicense GPLv3+: GNU GPL version 3 or later <https://gnu.org/licenses/gpl.html>.%0AThis is free software: you are free to change and redistribute it.%0AThere is NO WARRANTY, to the extent permitted by law.%0A%0AWritten by John Gilmore and Jay Fenlason.
[8202a66e-8822-4374-9111-fe86798c1116/build]   | [command]/usr/bin/tar xz --warning=no-unknown-keyword -C /tmp/d2170c4e-cd9d-48f2-8ec8-05837e0ffbbd -f /tmp/2920472d-04fa-4f8e-a3e2-fa44e879b4ef
[8202a66e-8822-4374-9111-fe86798c1116/build]   üí¨  ::debug::Caching tool Java_Adopt_jdk 17.0.9-9 x64
[8202a66e-8822-4374-9111-fe86798c1116/build]   üí¨  ::debug::source dir: /tmp/d2170c4e-cd9d-48f2-8ec8-05837e0ffbbd/jdk-17.0.9+9
[8202a66e-8822-4374-9111-fe86798c1116/build]   üí¨  ::debug::destination /opt/hostedtoolcache/Java_Adopt_jdk/17.0.9-9/x64
[8202a66e-8822-4374-9111-fe86798c1116/build]   üí¨  ::debug::finished caching tool
[8202a66e-8822-4374-9111-fe86798c1116/build]   | Java 17.0.9+9 was downloaded
[8202a66e-8822-4374-9111-fe86798c1116/build]   | Setting Java 17.0.9+9 as the default
[8202a66e-8822-4374-9111-fe86798c1116/build]   | Creating toolchains.xml for JDK version 17 from adopt
[8202a66e-8822-4374-9111-fe86798c1116/build]   | Writing to /home/runner/.m2/toolchains.xml
[8202a66e-8822-4374-9111-fe86798c1116/build]   | 
[8202a66e-8822-4374-9111-fe86798c1116/build]   | Java configuration:
[8202a66e-8822-4374-9111-fe86798c1116/build]   |   Distribution: adopt
[8202a66e-8822-4374-9111-fe86798c1116/build]   |   Version: 17.0.9+9
[8202a66e-8822-4374-9111-fe86798c1116/build]   |   Path: /opt/hostedtoolcache/Java_Adopt_jdk/17.0.9-9/x64
[8202a66e-8822-4374-9111-fe86798c1116/build]   | 
[8202a66e-8822-4374-9111-fe86798c1116/build]   ‚ùì  ::endgroup::
[8202a66e-8822-4374-9111-fe86798c1116/build]   ‚ùì add-matcher /run/act/actions/actions-setup-java@v3/.github/java.json
[8202a66e-8822-4374-9111-fe86798c1116/build]   | Creating settings.xml with server-id: github
[8202a66e-8822-4374-9111-fe86798c1116/build]   | Writing to /home/runner/.m2/settings.xml
[8202a66e-8822-4374-9111-fe86798c1116/build]   ‚úÖ  Success - Main Set up JDK 17
[8202a66e-8822-4374-9111-fe86798c1116/build]   ‚öô  ::set-env:: JAVA_HOME=/opt/hostedtoolcache/Java_Adopt_jdk/17.0.9-9/x64
[8202a66e-8822-4374-9111-fe86798c1116/build]   ‚öô  ::set-env:: JAVA_HOME_17_X64=/opt/hostedtoolcache/Java_Adopt_jdk/17.0.9-9/x64
[8202a66e-8822-4374-9111-fe86798c1116/build]   ‚öô  ::set-output:: distribution=Adopt-Hotspot
[8202a66e-8822-4374-9111-fe86798c1116/build]   ‚öô  ::set-output:: path=/opt/hostedtoolcache/Java_Adopt_jdk/17.0.9-9/x64
[8202a66e-8822-4374-9111-fe86798c1116/build]   ‚öô  ::set-output:: version=17.0.9+9
[8202a66e-8822-4374-9111-fe86798c1116/build]   ‚öô  ::add-path:: /opt/hostedtoolcache/Java_Adopt_jdk/17.0.9-9/x64/bin
[8202a66e-8822-4374-9111-fe86798c1116/build] unable to get git ref: failed to identify reference (tag/branch) for the checked-out revision '4fab7adfaa3679d8b41360d169b40ee18b9ed735'
[8202a66e-8822-4374-9111-fe86798c1116/build] unable to get git ref: failed to identify reference (tag/branch) for the checked-out revision '4fab7adfaa3679d8b41360d169b40ee18b9ed735'
[8202a66e-8822-4374-9111-fe86798c1116/build] unable to get git ref: failed to identify reference (tag/branch) for the checked-out revision '4fab7adfaa3679d8b41360d169b40ee18b9ed735'
[8202a66e-8822-4374-9111-fe86798c1116/build] unable to get git ref: failed to identify reference (tag/branch) for the checked-out revision '4fab7adfaa3679d8b41360d169b40ee18b9ed735'
[8202a66e-8822-4374-9111-fe86798c1116/build] unable to get git ref: failed to identify reference (tag/branch) for the checked-out revision '4fab7adfaa3679d8b41360d169b40ee18b9ed735'
[8202a66e-8822-4374-9111-fe86798c1116/build] ‚≠ê Run Main Build with Maven
[8202a66e-8822-4374-9111-fe86798c1116/build] unable to get git ref: failed to identify reference (tag/branch) for the checked-out revision '4fab7adfaa3679d8b41360d169b40ee18b9ed735'
[8202a66e-8822-4374-9111-fe86798c1116/build] unable to get git ref: failed to identify reference (tag/branch) for the checked-out revision '4fab7adfaa3679d8b41360d169b40ee18b9ed735'
[8202a66e-8822-4374-9111-fe86798c1116/build] unable to get git ref: failed to identify reference (tag/branch) for the checked-out revision '4fab7adfaa3679d8b41360d169b40ee18b9ed735'
[8202a66e-8822-4374-9111-fe86798c1116/build] unable to get git ref: failed to identify reference (tag/branch) for the checked-out revision '4fab7adfaa3679d8b41360d169b40ee18b9ed735'
[8202a66e-8822-4374-9111-fe86798c1116/build]   üê≥  docker exec cmd=[bash --noprofile --norc -e -o pipefail /var/run/act/workflow/2] user= workdir=
[8202a66e-8822-4374-9111-fe86798c1116/build]   | [INFO] Scanning for projects...
[8202a66e-8822-4374-9111-fe86798c1116/build]   | [INFO] Downloading from central: https://repo.maven.apache.org/maven2/org/junit/junit-bom/5.8.2/junit-bom-5.8.2.pom
[8202a66e-8822-4374-9111-fe86798c1116/build]   | [INFO] Downloaded from central: https://repo.maven.apache.org/maven2/org/junit/junit-bom/5.8.2/junit-bom-5.8.2.pom (5.6 kB at 18 kB/s)
[8202a66e-8822-4374-9111-fe86798c1116/build]   | [INFO] 
[8202a66e-8822-4374-9111-fe86798c1116/build]   | [INFO] -----------------------< com.thealgorithms:Java >-----------------------
[8202a66e-8822-4374-9111-fe86798c1116/build]   | [INFO] Building Java 1.0-SNAPSHOT
[8202a66e-8822-4374-9111-fe86798c1116/build]   | [INFO]   from pom.xml
[8202a66e-8822-4374-9111-fe86798c1116/build]   | [INFO] --------------------------------[ jar ]---------------------------------
[8202a66e-8822-4374-9111-fe86798c1116/build]   | [INFO] Downloading from central: https://repo.maven.apache.org/maven2/org/apache/maven/plugins/maven-resources-plugin/2.6/maven-resources-plugin-2.6.pom
[8202a66e-8822-4374-9111-fe86798c1116/build]   | [INFO] Downloaded from central: https://repo.maven.apache.org/maven2/org/apache/maven/plugins/maven-resources-plugin/2.6/maven-resources-plugin-2.6.pom (8.1 kB at 312 kB/s)
[8202a66e-8822-4374-9111-fe86798c1116/build]   | [INFO] Downloading from central: https://repo.maven.apache.org/maven2/org/apache/maven/plugins/maven-plugins/23/maven-plugins-23.pom
[8202a66e-8822-4374-9111-fe86798c1116/build]   | [INFO] Downloaded from central: https://repo.maven.apache.org/maven2/org/apache/maven/plugins/maven-plugins/23/maven-plugins-23.pom (9.2 kB at 613 kB/s)
[8202a66e-8822-4374-9111-fe86798c1116/build]   | [INFO] Downloading from central: https://repo.maven.apache.org/maven2/org/apache/maven/maven-parent/22/maven-parent-22.pom
[8202a66e-8822-4374-9111-fe86798c1116/build]   | [INFO] Downloaded from central: https://repo.maven.apache.org/maven2/org/apache/maven/maven-parent/22/maven-parent-22.pom (30 kB at 1.7 MB/s)
[8202a66e-8822-4374-9111-fe86798c1116/build]   | [INFO] Downloading from central: https://repo.maven.apache.org/maven2/org/apache/apache/11/apache-11.pom
[8202a66e-8822-4374-9111-fe86798c1116/build]   | [INFO] Downloaded from central: https://repo.maven.apache.org/maven2/org/apache/apache/11/apache-11.pom (15 kB at 1.1 MB/s)
[8202a66e-8822-4374-9111-fe86798c1116/build]   | [INFO] Downloading from central: https://repo.maven.apache.org/maven2/org/apache/maven/plugins/maven-resources-plugin/2.6/maven-resources-plugin-2.6.jar
[8202a66e-8822-4374-9111-fe86798c1116/build]   | [INFO] Downloaded from central: https://repo.maven.apache.org/maven2/org/apache/maven/plugins/maven-resources-plugin/2.6/maven-resources-plugin-2.6.jar (30 kB at 2.1 MB/s)
[8202a66e-8822-4374-9111-fe86798c1116/build]   | [INFO] Downloading from central: https://repo.maven.apache.org/maven2/org/apache/maven/plugins/maven-compiler-plugin/3.10.1/maven-compiler-plugin-3.10.1.pom
[8202a66e-8822-4374-9111-fe86798c1116/build]   | [INFO] Downloaded from central: https://repo.maven.apache.org/maven2/org/apache/maven/plugins/maven-compiler-plugin/3.10.1/maven-compiler-plugin-3.10.1.pom (13 kB at 601 kB/s)
[8202a66e-8822-4374-9111-fe86798c1116/build]   | [INFO] Downloading from central: https://repo.maven.apache.org/maven2/org/apache/maven/plugins/maven-plugins/34/maven-plugins-34.pom
[8202a66e-8822-4374-9111-fe86798c1116/build]   | [INFO] Downloaded from central: https://repo.maven.apache.org/maven2/org/apache/maven/plugins/maven-plugins/34/maven-plugins-34.pom (11 kB at 1.1 MB/s)
[8202a66e-8822-4374-9111-fe86798c1116/build]   | [INFO] Downloading from central: https://repo.maven.apache.org/maven2/org/apache/maven/maven-parent/34/maven-parent-34.pom
[8202a66e-8822-4374-9111-fe86798c1116/build]   | [INFO] Downloaded from central: https://repo.maven.apache.org/maven2/org/apache/maven/maven-parent/34/maven-parent-34.pom (43 kB at 3.3 MB/s)
[8202a66e-8822-4374-9111-fe86798c1116/build]   | [INFO] Downloading from central: https://repo.maven.apache.org/maven2/org/apache/apache/23/apache-23.pom
[8202a66e-8822-4374-9111-fe86798c1116/build]   | [INFO] Downloaded from central: https://repo.maven.apache.org/maven2/org/apache/apache/23/apache-23.pom (18 kB at 1.8 MB/s)
[8202a66e-8822-4374-9111-fe86798c1116/build]   | [INFO] Downloading from central: https://repo.maven.apache.org/maven2/org/apache/maven/plugins/maven-compiler-plugin/3.10.1/maven-compiler-plugin-3.10.1.jar
[8202a66e-8822-4374-9111-fe86798c1116/build]   | [INFO] Downloaded from central: https://repo.maven.apache.org/maven2/org/apache/maven/plugins/maven-compiler-plugin/3.10.1/maven-compiler-plugin-3.10.1.jar (62 kB at 4.8 MB/s)
[8202a66e-8822-4374-9111-fe86798c1116/build]   | [INFO] Downloading from central: https://repo.maven.apache.org/maven2/org/apache/maven/plugins/maven-surefire-plugin/2.22.2/maven-surefire-plugin-2.22.2.pom
[8202a66e-8822-4374-9111-fe86798c1116/build]   | [INFO] Downloaded from central: https://repo.maven.apache.org/maven2/org/apache/maven/plugins/maven-surefire-plugin/2.22.2/maven-surefire-plugin-2.22.2.pom (5.0 kB at 357 kB/s)
[8202a66e-8822-4374-9111-fe86798c1116/build]   | [INFO] Downloading from central: https://repo.maven.apache.org/maven2/org/apache/maven/surefire/surefire/2.22.2/surefire-2.22.2.pom
[8202a66e-8822-4374-9111-fe86798c1116/build]   | [INFO] Downloaded from central: https://repo.maven.apache.org/maven2/org/apache/maven/surefire/surefire/2.22.2/surefire-2.22.2.pom (26 kB at 2.0 MB/s)
[8202a66e-8822-4374-9111-fe86798c1116/build]   | [INFO] Downloading from central: https://repo.maven.apache.org/maven2/org/apache/maven/maven-parent/33/maven-parent-33.pom
[8202a66e-8822-4374-9111-fe86798c1116/build]   | [INFO] Downloaded from central: https://repo.maven.apache.org/maven2/org/apache/maven/maven-parent/33/maven-parent-33.pom (44 kB at 3.7 MB/s)
[8202a66e-8822-4374-9111-fe86798c1116/build]   | [INFO] Downloading from central: https://repo.maven.apache.org/maven2/org/apache/apache/21/apache-21.pom
[8202a66e-8822-4374-9111-fe86798c1116/build]   | [INFO] Downloaded from central: https://repo.maven.apache.org/maven2/org/apache/apache/21/apache-21.pom (17 kB at 1.0 MB/s)
[8202a66e-8822-4374-9111-fe86798c1116/build]   | [INFO] Downloading from central: https://repo.maven.apache.org/maven2/org/apache/maven/plugins/maven-surefire-plugin/2.22.2/maven-surefire-plugin-2.22.2.jar
[8202a66e-8822-4374-9111-fe86798c1116/build]   | [INFO] Downloaded from central: https://repo.maven.apache.org/maven2/org/apache/maven/plugins/maven-surefire-plugin/2.22.2/maven-surefire-plugin-2.22.2.jar (41 kB at 2.9 MB/s)
[8202a66e-8822-4374-9111-fe86798c1116/build]   | [INFO] Downloading from central: https://repo.maven.apache.org/maven2/org/apache/maven/plugins/maven-jar-plugin/2.4/maven-jar-plugin-2.4.pom
[8202a66e-8822-4374-9111-fe86798c1116/build]   | [INFO] Downloaded from central: https://repo.maven.apache.org/maven2/org/apache/maven/plugins/maven-jar-plugin/2.4/maven-jar-plugin-2.4.pom (5.8 kB at 486 kB/s)
[8202a66e-8822-4374-9111-fe86798c1116/build]   | [INFO] Downloading from central: https://repo.maven.apache.org/maven2/org/apache/maven/plugins/maven-plugins/22/maven-plugins-22.pom
[8202a66e-8822-4374-9111-fe86798c1116/build]   | [INFO] Downloaded from central: https://repo.maven.apache.org/maven2/org/apache/maven/plugins/maven-plugins/22/maven-plugins-22.pom (13 kB at 1.3 MB/s)
[8202a66e-8822-4374-9111-fe86798c1116/build]   | [INFO] Downloading from central: https://repo.maven.apache.org/maven2/org/apache/maven/maven-parent/21/maven-parent-21.pom
[8202a66e-8822-4374-9111-fe86798c1116/build]   | [INFO] Downloaded from central: https://repo.maven.apache.org/maven2/org/apache/maven/maven-parent/21/maven-parent-21.pom (26 kB at 2.0 MB/s)
[8202a66e-8822-4374-9111-fe86798c1116/build]   | [INFO] Downloading from central: https://repo.maven.apache.org/maven2/org/apache/apache/10/apache-10.pom
[8202a66e-8822-4374-9111-fe86798c1116/build]   | [INFO] Downloaded from central: https://repo.maven.apache.org/maven2/org/apache/apache/10/apache-10.pom (15 kB at 1.5 MB/s)
[8202a66e-8822-4374-9111-fe86798c1116/build]   | [INFO] Downloading from central: https://repo.maven.apache.org/maven2/org/apache/maven/plugins/maven-jar-plugin/2.4/maven-jar-plugin-2.4.jar
[8202a66e-8822-4374-9111-fe86798c1116/build]   | [INFO] Downloaded from central: https://repo.maven.apache.org/maven2/org/apache/maven/plugins/maven-jar-plugin/2.4/maven-jar-plugin-2.4.jar (34 kB at 2.6 MB/s)
[8202a66e-8822-4374-9111-fe86798c1116/build]   | [INFO] Downloading from central: https://repo.maven.apache.org/maven2/org/junit/jupiter/junit-jupiter/5.9.0/junit-jupiter-5.9.0.pom
[8202a66e-8822-4374-9111-fe86798c1116/build]   | [INFO] Downloaded from central: https://repo.maven.apache.org/maven2/org/junit/jupiter/junit-jupiter/5.9.0/junit-jupiter-5.9.0.pom (3.2 kB at 320 kB/s)
[8202a66e-8822-4374-9111-fe86798c1116/build]   | [INFO] Downloading from central: https://repo.maven.apache.org/maven2/org/junit/junit-bom/5.9.0/junit-bom-5.9.0.pom
[8202a66e-8822-4374-9111-fe86798c1116/build]   | [INFO] Downloaded from central: https://repo.maven.apache.org/maven2/org/junit/junit-bom/5.9.0/junit-bom-5.9.0.pom (5.6 kB at 433 kB/s)
[8202a66e-8822-4374-9111-fe86798c1116/build]   | [INFO] Downloading from central: https://repo.maven.apache.org/maven2/org/junit/jupiter/junit-jupiter-api/5.8.2/junit-jupiter-api-5.8.2.pom
[8202a66e-8822-4374-9111-fe86798c1116/build]   | [INFO] Downloaded from central: https://repo.maven.apache.org/maven2/org/junit/jupiter/junit-jupiter-api/5.8.2/junit-jupiter-api-5.8.2.pom (3.2 kB at 177 kB/s)
[8202a66e-8822-4374-9111-fe86798c1116/build]   | [INFO] Downloading from central: https://repo.maven.apache.org/maven2/org/opentest4j/opentest4j/1.2.0/opentest4j-1.2.0.pom
[8202a66e-8822-4374-9111-fe86798c1116/build]   | [INFO] Downloaded from central: https://repo.maven.apache.org/maven2/org/opentest4j/opentest4j/1.2.0/opentest4j-1.2.0.pom (1.7 kB at 129 kB/s)
[8202a66e-8822-4374-9111-fe86798c1116/build]   | [INFO] Downloading from central: https://repo.maven.apache.org/maven2/org/junit/platform/junit-platform-commons/1.8.2/junit-platform-commons-1.8.2.pom
[8202a66e-8822-4374-9111-fe86798c1116/build]   | [INFO] Downloaded from central: https://repo.maven.apache.org/maven2/org/junit/platform/junit-platform-commons/1.8.2/junit-platform-commons-1.8.2.pom (2.8 kB at 236 kB/s)
[8202a66e-8822-4374-9111-fe86798c1116/build]   | [INFO] Downloading from central: https://repo.maven.apache.org/maven2/org/apiguardian/apiguardian-api/1.1.2/apiguardian-api-1.1.2.pom
[8202a66e-8822-4374-9111-fe86798c1116/build]   | [INFO] Downloaded from central: https://repo.maven.apache.org/maven2/org/apiguardian/apiguardian-api/1.1.2/apiguardian-api-1.1.2.pom (1.5 kB at 80 kB/s)
[8202a66e-8822-4374-9111-fe86798c1116/build]   | [INFO] Downloading from central: https://repo.maven.apache.org/maven2/org/junit/jupiter/junit-jupiter-params/5.8.2/junit-jupiter-params-5.8.2.pom
[8202a66e-8822-4374-9111-fe86798c1116/build]   | [INFO] Downloaded from central: https://repo.maven.apache.org/maven2/org/junit/jupiter/junit-jupiter-params/5.8.2/junit-jupiter-params-5.8.2.pom (3.0 kB at 107 kB/s)
[8202a66e-8822-4374-9111-fe86798c1116/build]   | [INFO] Downloading from central: https://repo.maven.apache.org/maven2/org/junit/jupiter/junit-jupiter-engine/5.8.2/junit-jupiter-engine-5.8.2.pom
[8202a66e-8822-4374-9111-fe86798c1116/build]   | [INFO] Downloaded from central: https://repo.maven.apache.org/maven2/org/junit/jupiter/junit-jupiter-engine/5.8.2/junit-jupiter-engine-5.8.2.pom (3.2 kB at 246 kB/s)
[8202a66e-8822-4374-9111-fe86798c1116/build]   | [INFO] Downloading from central: https://repo.maven.apache.org/maven2/org/junit/platform/junit-platform-engine/1.8.2/junit-platform-engine-1.8.2.pom
[8202a66e-8822-4374-9111-fe86798c1116/build]   | [INFO] Downloaded from central: https://repo.maven.apache.org/maven2/org/junit/platform/junit-platform-engine/1.8.2/junit-platform-engine-1.8.2.pom (3.2 kB at 320 kB/s)
[8202a66e-8822-4374-9111-fe86798c1116/build]   | [INFO] Downloading from central: https://repo.maven.apache.org/maven2/org/assertj/assertj-core/3.23.1/assertj-core-3.23.1.pom
[8202a66e-8822-4374-9111-fe86798c1116/build]   | [INFO] Downloaded from central: https://repo.maven.apache.org/maven2/org/assertj/assertj-core/3.23.1/assertj-core-3.23.1.pom (24 kB at 2.1 MB/s)
[8202a66e-8822-4374-9111-fe86798c1116/build]   | [INFO] Downloading from central: https://repo.maven.apache.org/maven2/org/assertj/assertj-parent-pom/2.2.17/assertj-parent-pom-2.2.17.pom
[8202a66e-8822-4374-9111-fe86798c1116/build]   | [INFO] Downloaded from central: https://repo.maven.apache.org/maven2/org/assertj/assertj-parent-pom/2.2.17/assertj-parent-pom-2.2.17.pom (24 kB at 1.6 MB/s)
[8202a66e-8822-4374-9111-fe86798c1116/build]   | [INFO] Downloading from central: https://repo.maven.apache.org/maven2/org/mockito/mockito-bom/4.5.1/mockito-bom-4.5.1.pom
[8202a66e-8822-4374-9111-fe86798c1116/build]   | [INFO] Downloaded from central: https://repo.maven.apache.org/maven2/org/mockito/mockito-bom/4.5.1/mockito-bom-4.5.1.pom (3.0 kB at 298 kB/s)
[8202a66e-8822-4374-9111-fe86798c1116/build]   | [INFO] Downloading from central: https://repo.maven.apache.org/maven2/net/bytebuddy/byte-buddy/1.12.10/byte-buddy-1.12.10.pom
[8202a66e-8822-4374-9111-fe86798c1116/build]   | [INFO] Downloaded from central: https://repo.maven.apache.org/maven2/net/bytebuddy/byte-buddy/1.12.10/byte-buddy-1.12.10.pom (17 kB at 830 kB/s)
[8202a66e-8822-4374-9111-fe86798c1116/build]   | [INFO] Downloading from central: https://repo.maven.apache.org/maven2/net/bytebuddy/byte-buddy-parent/1.12.10/byte-buddy-parent-1.12.10.pom
[8202a66e-8822-4374-9111-fe86798c1116/build]   | [INFO] Downloaded from central: https://repo.maven.apache.org/maven2/net/bytebuddy/byte-buddy-parent/1.12.10/byte-buddy-parent-1.12.10.pom (45 kB at 1.4 MB/s)
[8202a66e-8822-4374-9111-fe86798c1116/build]   | [INFO] Downloading from central: https://repo.maven.apache.org/maven2/org/junit/jupiter/junit-jupiter-api/5.9.0/junit-jupiter-api-5.9.0.pom
[8202a66e-8822-4374-9111-fe86798c1116/build]   | [INFO] Downloaded from central: https://repo.maven.apache.org/maven2/org/junit/jupiter/junit-jupiter-api/5.9.0/junit-jupiter-api-5.9.0.pom (3.2 kB at 289 kB/s)
[8202a66e-8822-4374-9111-fe86798c1116/build]   | [INFO] Downloading from central: https://repo.maven.apache.org/maven2/org/apache/commons/commons-lang3/3.12.0/commons-lang3-3.12.0.pom
[8202a66e-8822-4374-9111-fe86798c1116/build]   | [INFO] Downloaded from central: https://repo.maven.apache.org/maven2/org/apache/commons/commons-lang3/3.12.0/commons-lang3-3.12.0.pom (31 kB at 2.8 MB/s)
[8202a66e-8822-4374-9111-fe86798c1116/build]   | [INFO] Downloading from central: https://repo.maven.apache.org/maven2/org/apache/commons/commons-parent/52/commons-parent-52.pom
[8202a66e-8822-4374-9111-fe86798c1116/build]   | [INFO] Downloaded from central: https://repo.maven.apache.org/maven2/org/apache/commons/commons-parent/52/commons-parent-52.pom (79 kB at 6.6 MB/s)
[8202a66e-8822-4374-9111-fe86798c1116/build]   | [INFO] Downloading from central: https://repo.maven.apache.org/maven2/org/junit/junit-bom/5.7.1/junit-bom-5.7.1.pom
[8202a66e-8822-4374-9111-fe86798c1116/build]   | [INFO] Downloaded from central: https://repo.maven.apache.org/maven2/org/junit/junit-bom/5.7.1/junit-bom-5.7.1.pom (5.1 kB at 463 kB/s)
[8202a66e-8822-4374-9111-fe86798c1116/build]   | [INFO] Downloading from central: https://repo.maven.apache.org/maven2/org/apache/commons/commons-collections4/4.4/commons-collections4-4.4.pom
[8202a66e-8822-4374-9111-fe86798c1116/build]   | [INFO] Downloaded from central: https://repo.maven.apache.org/maven2/org/apache/commons/commons-collections4/4.4/commons-collections4-4.4.pom (24 kB at 1.6 MB/s)
[8202a66e-8822-4374-9111-fe86798c1116/build]   | [INFO] Downloading from central: https://repo.maven.apache.org/maven2/org/apache/commons/commons-parent/48/commons-parent-48.pom
[8202a66e-8822-4374-9111-fe86798c1116/build]   | [INFO] Downloaded from central: https://repo.maven.apache.org/maven2/org/apache/commons/commons-parent/48/commons-parent-48.pom (72 kB at 4.8 MB/s)
[8202a66e-8822-4374-9111-fe86798c1116/build]   | [INFO] Downloading from central: https://repo.maven.apache.org/maven2/org/junit/jupiter/junit-jupiter/5.9.0/junit-jupiter-5.9.0.jar
[8202a66e-8822-4374-9111-fe86798c1116/build]   | [INFO] Downloading from central: https://repo.maven.apache.org/maven2/org/junit/jupiter/junit-jupiter-params/5.8.2/junit-jupiter-params-5.8.2.jar
[8202a66e-8822-4374-9111-fe86798c1116/build]   | [INFO] Downloading from central: https://repo.maven.apache.org/maven2/org/junit/jupiter/junit-jupiter-engine/5.8.2/junit-jupiter-engine-5.8.2.jar
[8202a66e-8822-4374-9111-fe86798c1116/build]   | [INFO] Downloading from central: https://repo.maven.apache.org/maven2/org/junit/platform/junit-platform-engine/1.8.2/junit-platform-engine-1.8.2.jar
[8202a66e-8822-4374-9111-fe86798c1116/build]   | [INFO] Downloading from central: https://repo.maven.apache.org/maven2/org/assertj/assertj-core/3.23.1/assertj-core-3.23.1.jar
[8202a66e-8822-4374-9111-fe86798c1116/build]   | [INFO] Downloaded from central: https://repo.maven.apache.org/maven2/org/junit/jupiter/junit-jupiter/5.9.0/junit-jupiter-5.9.0.jar (6.4 kB at 163 kB/s)
[8202a66e-8822-4374-9111-fe86798c1116/build]   | [INFO] Downloading from central: https://repo.maven.apache.org/maven2/net/bytebuddy/byte-buddy/1.12.10/byte-buddy-1.12.10.jar
[8202a66e-8822-4374-9111-fe86798c1116/build]   | [INFO] Downloaded from central: https://repo.maven.apache.org/maven2/org/junit/platform/junit-platform-engine/1.8.2/junit-platform-engine-1.8.2.jar (186 kB at 2.0 MB/s)
[8202a66e-8822-4374-9111-fe86798c1116/build]   | [INFO] Downloading from central: https://repo.maven.apache.org/maven2/org/junit/jupiter/junit-jupiter-api/5.9.0/junit-jupiter-api-5.9.0.jar
[8202a66e-8822-4374-9111-fe86798c1116/build]   | [INFO] Downloaded from central: https://repo.maven.apache.org/maven2/org/junit/jupiter/junit-jupiter-engine/5.8.2/junit-jupiter-engine-5.8.2.jar (230 kB at 2.3 MB/s)
[8202a66e-8822-4374-9111-fe86798c1116/build]   | [INFO] Downloading from central: https://repo.maven.apache.org/maven2/org/opentest4j/opentest4j/1.2.0/opentest4j-1.2.0.jar
[8202a66e-8822-4374-9111-fe86798c1116/build]   | [INFO] Downloaded from central: https://repo.maven.apache.org/maven2/org/junit/jupiter/junit-jupiter-params/5.8.2/junit-jupiter-params-5.8.2.jar (577 kB at 5.2 MB/s)
[8202a66e-8822-4374-9111-fe86798c1116/build]   | [INFO] Downloading from central: https://repo.maven.apache.org/maven2/org/junit/platform/junit-platform-commons/1.8.2/junit-platform-commons-1.8.2.jar
[8202a66e-8822-4374-9111-fe86798c1116/build]   | [INFO] Downloaded from central: https://repo.maven.apache.org/maven2/org/junit/jupiter/junit-jupiter-api/5.9.0/junit-jupiter-api-5.9.0.jar (203 kB at 1.9 MB/s)
[8202a66e-8822-4374-9111-fe86798c1116/build]   | [INFO] Downloading from central: https://repo.maven.apache.org/maven2/org/apiguardian/apiguardian-api/1.1.2/apiguardian-api-1.1.2.jar
[8202a66e-8822-4374-9111-fe86798c1116/build]   | [INFO] Downloaded from central: https://repo.maven.apache.org/maven2/org/opentest4j/opentest4j/1.2.0/opentest4j-1.2.0.jar (7.7 kB at 71 kB/s)
[8202a66e-8822-4374-9111-fe86798c1116/build]   | [INFO] Downloading from central: https://repo.maven.apache.org/maven2/org/apache/commons/commons-lang3/3.12.0/commons-lang3-3.12.0.jar
[8202a66e-8822-4374-9111-fe86798c1116/build]   | [INFO] Downloaded from central: https://repo.maven.apache.org/maven2/org/junit/platform/junit-platform-commons/1.8.2/junit-platform-commons-1.8.2.jar (100 kB at 866 kB/s)
[8202a66e-8822-4374-9111-fe86798c1116/build]   | [INFO] Downloading from central: https://repo.maven.apache.org/maven2/org/apache/commons/commons-collections4/4.4/commons-collections4-4.4.jar
[8202a66e-8822-4374-9111-fe86798c1116/build]   | [INFO] Downloaded from central: https://repo.maven.apache.org/maven2/org/apiguardian/apiguardian-api/1.1.2/apiguardian-api-1.1.2.jar (6.8 kB at 59 kB/s)
[8202a66e-8822-4374-9111-fe86798c1116/build]   | [INFO] Downloaded from central: https://repo.maven.apache.org/maven2/org/apache/commons/commons-lang3/3.12.0/commons-lang3-3.12.0.jar (587 kB at 4.5 MB/s)
[8202a66e-8822-4374-9111-fe86798c1116/build]   | [INFO] Downloaded from central: https://repo.maven.apache.org/maven2/org/assertj/assertj-core/3.23.1/assertj-core-3.23.1.jar (1.2 MB at 9.4 MB/s)
[8202a66e-8822-4374-9111-fe86798c1116/build]   | [INFO] Downloaded from central: https://repo.maven.apache.org/maven2/org/apache/commons/commons-collections4/4.4/commons-collections4-4.4.jar (752 kB at 5.5 MB/s)
[8202a66e-8822-4374-9111-fe86798c1116/build]   | [INFO] Downloaded from central: https://repo.maven.apache.org/maven2/net/bytebuddy/byte-buddy/1.12.10/byte-buddy-1.12.10.jar (3.8 MB at 25 MB/s)
[8202a66e-8822-4374-9111-fe86798c1116/build]   | [INFO] 
[8202a66e-8822-4374-9111-fe86798c1116/build]   | [INFO] --- maven-resources-plugin:2.6:resources (default-resources) @ Java ---
[8202a66e-8822-4374-9111-fe86798c1116/build]   | [INFO] Downloading from central: https://repo.maven.apache.org/maven2/org/apache/maven/maven-plugin-api/2.0.6/maven-plugin-api-2.0.6.pom
[8202a66e-8822-4374-9111-fe86798c1116/build]   | [INFO] Downloaded from central: https://repo.maven.apache.org/maven2/org/apache/maven/maven-plugin-api/2.0.6/maven-plugin-api-2.0.6.pom (1.5 kB at 112 kB/s)
[8202a66e-8822-4374-9111-fe86798c1116/build]   | [INFO] Downloading from central: https://repo.maven.apache.org/maven2/org/apache/maven/maven/2.0.6/maven-2.0.6.pom
[8202a66e-8822-4374-9111-fe86798c1116/build]   | [INFO] Downloaded from central: https://repo.maven.apache.org/maven2/org/apache/maven/maven/2.0.6/maven-2.0.6.pom (9.0 kB at 1.1 MB/s)
[8202a66e-8822-4374-9111-fe86798c1116/build]   | [INFO] Downloading from central: https://repo.maven.apache.org/maven2/org/apache/maven/maven-parent/5/maven-parent-5.pom
[8202a66e-8822-4374-9111-fe86798c1116/build]   | [INFO] Downloaded from central: https://repo.maven.apache.org/maven2/org/apache/maven/maven-parent/5/maven-parent-5.pom (15 kB at 2.5 MB/s)
[8202a66e-8822-4374-9111-fe86798c1116/build]   | [INFO] Downloading from central: https://repo.maven.apache.org/maven2/org/apache/apache/3/apache-3.pom
[8202a66e-8822-4374-9111-fe86798c1116/build]   | [INFO] Downloaded from central: https://repo.maven.apache.org/maven2/org/apache/apache/3/apache-3.pom (3.4 kB at 429 kB/s)
[8202a66e-8822-4374-9111-fe86798c1116/build]   | [INFO] Downloading from central: https://repo.maven.apache.org/maven2/org/apache/maven/maven-project/2.0.6/maven-project-2.0.6.pom
[8202a66e-8822-4374-9111-fe86798c1116/build]   | [INFO] Downloaded from central: https://repo.maven.apache.org/maven2/org/apache/maven/maven-project/2.0.6/maven-project-2.0.6.pom (2.6 kB at 165 kB/s)
[8202a66e-8822-4374-9111-fe86798c1116/build]   | [INFO] Downloading from central: https://repo.maven.apache.org/maven2/org/apache/maven/maven-settings/2.0.6/maven-settings-2.0.6.pom
[8202a66e-8822-4374-9111-fe86798c1116/build]   | [INFO] Downloaded from central: https://repo.maven.apache.org/maven2/org/apache/maven/maven-settings/2.0.6/maven-settings-2.0.6.pom (2.0 kB at 286 kB/s)
[8202a66e-8822-4374-9111-fe86798c1116/build]   | [INFO] Downloading from central: https://repo.maven.apache.org/maven2/org/apache/maven/maven-model/2.0.6/maven-model-2.0.6.pom
[8202a66e-8822-4374-9111-fe86798c1116/build]   | [INFO] Downloaded from central: https://repo.maven.apache.org/maven2/org/apache/maven/maven-model/2.0.6/maven-model-2.0.6.pom (3.0 kB at 381 kB/s)
[8202a66e-8822-4374-9111-fe86798c1116/build]   | [INFO] Downloading from central: https://repo.maven.apache.org/maven2/org/codehaus/plexus/plexus-utils/1.4.1/plexus-utils-1.4.1.pom
[8202a66e-8822-4374-9111-fe86798c1116/build]   | [INFO] Downloaded from central: https://repo.maven.apache.org/maven2/org/codehaus/plexus/plexus-utils/1.4.1/plexus-utils-1.4.1.pom (1.9 kB at 239 kB/s)
[8202a66e-8822-4374-9111-fe86798c1116/build]   | [INFO] Downloading from central: https://repo.maven.apache.org/maven2/org/codehaus/plexus/plexus/1.0.11/plexus-1.0.11.pom
[8202a66e-8822-4374-9111-fe86798c1116/build]   | [INFO] Downloaded from central: https://repo.maven.apache.org/maven2/org/codehaus/plexus/plexus/1.0.11/plexus-1.0.11.pom (9.0 kB at 897 kB/s)
[8202a66e-8822-4374-9111-fe86798c1116/build]   | [INFO] Downloading from central: https://repo.maven.apache.org/maven2/org/codehaus/plexus/plexus-container-default/1.0-alpha-9-stable-1/plexus-container-default-1.0-alpha-9-stable-1.pom
[8202a66e-8822-4374-9111-fe86798c1116/build]   | [INFO] Downloaded from central: https://repo.maven.apache.org/maven2/org/codehaus/plexus/plexus-container-default/1.0-alpha-9-stable-1/plexus-container-default-1.0-alpha-9-stable-1.pom (3.9 kB at 494 kB/s)
[8202a66e-8822-4374-9111-fe86798c1116/build]   | [INFO] Downloading from central: https://repo.maven.apache.org/maven2/org/codehaus/plexus/plexus-containers/1.0.3/plexus-containers-1.0.3.pom
[8202a66e-8822-4374-9111-fe86798c1116/build]   | [INFO] Downloaded from central: https://repo.maven.apache.org/maven2/org/codehaus/plexus/plexus-containers/1.0.3/plexus-containers-1.0.3.pom (492 B at 55 kB/s)
[8202a66e-8822-4374-9111-fe86798c1116/build]   | [INFO] Downloading from central: https://repo.maven.apache.org/maven2/org/codehaus/plexus/plexus/1.0.4/plexus-1.0.4.pom
[8202a66e-8822-4374-9111-fe86798c1116/build]   | [INFO] Downloaded from central: https://repo.maven.apache.org/maven2/org/codehaus/plexus/plexus/1.0.4/plexus-1.0.4.pom (5.7 kB at 820 kB/s)
[8202a66e-8822-4374-9111-fe86798c1116/build]   | [INFO] Downloading from central: https://repo.maven.apache.org/maven2/junit/junit/3.8.1/junit-3.8.1.pom
[8202a66e-8822-4374-9111-fe86798c1116/build]   | [INFO] Downloaded from central: https://repo.maven.apache.org/maven2/junit/junit/3.8.1/junit-3.8.1.pom (998 B at 125 kB/s)
[8202a66e-8822-4374-9111-fe86798c1116/build]   | [INFO] Downloading from central: https://repo.maven.apache.org/maven2/org/codehaus/plexus/plexus-utils/1.0.4/plexus-utils-1.0.4.pom
[8202a66e-8822-4374-9111-fe86798c1116/build]   | [INFO] Downloaded from central: https://repo.maven.apache.org/maven2/org/codehaus/plexus/plexus-utils/1.0.4/plexus-utils-1.0.4.pom (6.9 kB at 857 kB/s)
[8202a66e-8822-4374-9111-fe86798c1116/build]   | [INFO] Downloading from central: https://repo.maven.apache.org/maven2/classworlds/classworlds/1.1-alpha-2/classworlds-1.1-alpha-2.pom
[8202a66e-8822-4374-9111-fe86798c1116/build]   | [INFO] Downloaded from central: https://repo.maven.apache.org/maven2/classworlds/classworlds/1.1-alpha-2/classworlds-1.1-alpha-2.pom (3.1 kB at 447 kB/s)
[8202a66e-8822-4374-9111-fe86798c1116/build]   | [INFO] Downloading from central: https://repo.maven.apache.org/maven2/org/apache/maven/maven-profile/2.0.6/maven-profile-2.0.6.pom
[8202a66e-8822-4374-9111-fe86798c1116/build]   | [INFO] Downloaded from central: https://repo.maven.apache.org/maven2/org/apache/maven/maven-profile/2.0.6/maven-profile-2.0.6.pom (2.0 kB at 248 kB/s)
[8202a66e-8822-4374-9111-fe86798c1116/build]   | [INFO] Downloading from central: https://repo.maven.apache.org/maven2/org/apache/maven/maven-artifact-manager/2.0.6/maven-artifact-manager-2.0.6.pom
[8202a66e-8822-4374-9111-fe86798c1116/build]   | [INFO] Downloaded from central: https://repo.maven.apache.org/maven2/org/apache/maven/maven-artifact-manager/2.0.6/maven-artifact-manager-2.0.6.pom (2.6 kB at 375 kB/s)
[8202a66e-8822-4374-9111-fe86798c1116/build]   | [INFO] Downloading from central: https://repo.maven.apache.org/maven2/org/apache/maven/maven-repository-metadata/2.0.6/maven-repository-metadata-2.0.6.pom
[8202a66e-8822-4374-9111-fe86798c1116/build]   | [INFO] Downloaded from central: https://repo.maven.apache.org/maven2/org/apache/maven/maven-repository-metadata/2.0.6/maven-repository-metadata-2.0.6.pom (1.9 kB at 231 kB/s)
[8202a66e-8822-4374-9111-fe86798c1116/build]   | [INFO] Downloading from central: https://repo.maven.apache.org/maven2/org/apache/maven/maven-artifact/2.0.6/maven-artifact-2.0.6.pom
[8202a66e-8822-4374-9111-fe86798c1116/build]   | [INFO] Downloaded from central: https://repo.maven.apache.org/maven2/org/apache/maven/maven-artifact/2.0.6/maven-artifact-2.0.6.pom (1.6 kB at 197 kB/s)
[8202a66e-8822-4374-9111-fe86798c1116/build]   | [INFO] Downloading from central: https://repo.maven.apache.org/maven2/org/apache/maven/maven-plugin-registry/2.0.6/maven-plugin-registry-2.0.6.pom
[8202a66e-8822-4374-9111-fe86798c1116/build]   | [INFO] Downloaded from central: https://repo.maven.apache.org/maven2/org/apache/maven/maven-plugin-registry/2.0.6/maven-plugin-registry-2.0.6.pom (1.9 kB at 278 kB/s)
[8202a66e-8822-4374-9111-fe86798c1116/build]   | [INFO] Downloading from central: https://repo.maven.apache.org/maven2/org/apache/maven/maven-core/2.0.6/maven-core-2.0.6.pom
[8202a66e-8822-4374-9111-fe86798c1116/build]   | [INFO] Downloaded from central: https://repo.maven.apache.org/maven2/org/apache/maven/maven-core/2.0.6/maven-core-2.0.6.pom (6.7 kB at 959 kB/s)
[8202a66e-8822-4374-9111-fe86798c1116/build]   | [INFO] Downloading from central: https://repo.maven.apache.org/maven2/org/apache/maven/maven-plugin-parameter-documenter/2.0.6/maven-plugin-parameter-documenter-2.0.6.pom
[8202a66e-8822-4374-9111-fe86798c1116/build]   | [INFO] Downloaded from central: https://repo.maven.apache.org/maven2/org/apache/maven/maven-plugin-parameter-documenter/2.0.6/maven-plugin-parameter-documenter-2.0.6.pom (1.9 kB at 273 kB/s)
[8202a66e-8822-4374-9111-fe86798c1116/build]   | [INFO] Downloading from central: https://repo.maven.apache.org/maven2/org/apache/maven/reporting/maven-reporting-api/2.0.6/maven-reporting-api-2.0.6.pom
[8202a66e-8822-4374-9111-fe86798c1116/build]   | [INFO] Downloaded from central: https://repo.maven.apache.org/maven2/org/apache/maven/reporting/maven-reporting-api/2.0.6/maven-reporting-api-2.0.6.pom (1.8 kB at 219 kB/s)
[8202a66e-8822-4374-9111-fe86798c1116/build]   | [INFO] Downloading from central: https://repo.maven.apache.org/maven2/org/apache/maven/reporting/maven-reporting/2.0.6/maven-reporting-2.0.6.pom
[8202a66e-8822-4374-9111-fe86798c1116/build]   | [INFO] Downloaded from central: https://repo.maven.apache.org/maven2/org/apache/maven/reporting/maven-reporting/2.0.6/maven-reporting-2.0.6.pom (1.4 kB at 206 kB/s)
[8202a66e-8822-4374-9111-fe86798c1116/build]   | [INFO] Downloading from central: https://repo.maven.apache.org/maven2/org/apache/maven/doxia/doxia-sink-api/1.0-alpha-7/doxia-sink-api-1.0-alpha-7.pom
[8202a66e-8822-4374-9111-fe86798c1116/build]   | [INFO] Downloaded from central: https://repo.maven.apache.org/maven2/org/apache/maven/doxia/doxia-sink-api/1.0-alpha-7/doxia-sink-api-1.0-alpha-7.pom (424 B at 53 kB/s)
[8202a66e-8822-4374-9111-fe86798c1116/build]   | [INFO] Downloading from central: https://repo.maven.apache.org/maven2/org/apache/maven/doxia/doxia/1.0-alpha-7/doxia-1.0-alpha-7.pom
[8202a66e-8822-4374-9111-fe86798c1116/build]   | [INFO] Downloaded from central: https://repo.maven.apache.org/maven2/org/apache/maven/doxia/doxia/1.0-alpha-7/doxia-1.0-alpha-7.pom (3.9 kB at 489 kB/s)
[8202a66e-8822-4374-9111-fe86798c1116/build]   | [INFO] Downloading from central: https://repo.maven.apache.org/maven2/org/apache/maven/maven-error-diagnostics/2.0.6/maven-error-diagnostics-2.0.6.pom
[8202a66e-8822-4374-9111-fe86798c1116/build]   | [INFO] Downloaded from central: https://repo.maven.apache.org/maven2/org/apache/maven/maven-error-diagnostics/2.0.6/maven-error-diagnostics-2.0.6.pom (1.7 kB at 243 kB/s)
[8202a66e-8822-4374-9111-fe86798c1116/build]   | [INFO] Downloading from central: https://repo.maven.apache.org/maven2/commons-cli/commons-cli/1.0/commons-cli-1.0.pom
[8202a66e-8822-4374-9111-fe86798c1116/build]   | [INFO] Downloaded from central: https://repo.maven.apache.org/maven2/commons-cli/commons-cli/1.0/commons-cli-1.0.pom (2.1 kB at 301 kB/s)
[8202a66e-8822-4374-9111-fe86798c1116/build]   | [INFO] Downloading from central: https://repo.maven.apache.org/maven2/org/apache/maven/maven-plugin-descriptor/2.0.6/maven-plugin-descriptor-2.0.6.pom
[8202a66e-8822-4374-9111-fe86798c1116/build]   | [INFO] Downloaded from central: https://repo.maven.apache.org/maven2/org/apache/maven/maven-plugin-descriptor/2.0.6/maven-plugin-descriptor-2.0.6.pom (2.0 kB at 288 kB/s)
[8202a66e-8822-4374-9111-fe86798c1116/build]   | [INFO] Downloading from central: https://repo.maven.apache.org/maven2/org/codehaus/plexus/plexus-interactivity-api/1.0-alpha-4/plexus-interactivity-api-1.0-alpha-4.pom
[8202a66e-8822-4374-9111-fe86798c1116/build]   | [INFO] Downloaded from central: https://repo.maven.apache.org/maven2/org/codehaus/plexus/plexus-interactivity-api/1.0-alpha-4/plexus-interactivity-api-1.0-alpha-4.pom (7.1 kB at 886 kB/s)
[8202a66e-8822-4374-9111-fe86798c1116/build]   | [INFO] Downloading from central: https://repo.maven.apache.org/maven2/org/apache/maven/maven-monitor/2.0.6/maven-monitor-2.0.6.pom
[8202a66e-8822-4374-9111-fe86798c1116/build]   | [INFO] Downloaded from central: https://repo.maven.apache.org/maven2/org/apache/maven/maven-monitor/2.0.6/maven-monitor-2.0.6.pom (1.3 kB at 209 kB/s)
[8202a66e-8822-4374-9111-fe86798c1116/build]   | [INFO] Downloading from central: https://repo.maven.apache.org/maven2/classworlds/classworlds/1.1/classworlds-1.1.pom
[8202a66e-8822-4374-9111-fe86798c1116/build]   | [INFO] Downloaded from central: https://repo.maven.apache.org/maven2/classworlds/classworlds/1.1/classworlds-1.1.pom (3.3 kB at 554 kB/s)
[8202a66e-8822-4374-9111-fe86798c1116/build]   | [INFO] Downloading from central: https://repo.maven.apache.org/maven2/org/codehaus/plexus/plexus-utils/2.0.5/plexus-utils-2.0.5.pom
[8202a66e-8822-4374-9111-fe86798c1116/build]   | [INFO] Downloaded from central: https://repo.maven.apache.org/maven2/org/codehaus/plexus/plexus-utils/2.0.5/plexus-utils-2.0.5.pom (3.3 kB at 476 kB/s)
[8202a66e-8822-4374-9111-fe86798c1116/build]   | [INFO] Downloading from central: https://repo.maven.apache.org/maven2/org/codehaus/plexus/plexus/2.0.6/plexus-2.0.6.pom
[8202a66e-8822-4374-9111-fe86798c1116/build]   | [INFO] Downloaded from central: https://repo.maven.apache.org/maven2/org/codehaus/plexus/plexus/2.0.6/plexus-2.0.6.pom (17 kB at 2.1 MB/s)
[8202a66e-8822-4374-9111-fe86798c1116/build]   | [INFO] Downloading from central: https://repo.maven.apache.org/maven2/org/apache/maven/shared/maven-filtering/1.1/maven-filtering-1.1.pom
[8202a66e-8822-4374-9111-fe86798c1116/build]   | [INFO] Downloaded from central: https://repo.maven.apache.org/maven2/org/apache/maven/shared/maven-filtering/1.1/maven-filtering-1.1.pom (5.8 kB at 724 kB/s)
[8202a66e-8822-4374-9111-fe86798c1116/build]   | [INFO] Downloading from central: https://repo.maven.apache.org/maven2/org/apache/maven/shared/maven-shared-components/17/maven-shared-components-17.pom
[8202a66e-8822-4374-9111-fe86798c1116/build]   | [INFO] Downloaded from central: https://repo.maven.apache.org/maven2/org/apache/maven/shared/maven-shared-components/17/maven-shared-components-17.pom (8.7 kB at 1.1 MB/s)
[8202a66e-8822-4374-9111-fe86798c1116/build]   | [INFO] Downloading from central: https://repo.maven.apache.org/maven2/org/codehaus/plexus/plexus-utils/1.5.15/plexus-utils-1.5.15.pom
[8202a66e-8822-4374-9111-fe86798c1116/build]   | [INFO] Downloaded from central: https://repo.maven.apache.org/maven2/org/codehaus/plexus/plexus-utils/1.5.15/plexus-utils-1.5.15.pom (6.8 kB at 978 kB/s)
[8202a66e-8822-4374-9111-fe86798c1116/build]   | [INFO] Downloading from central: https://repo.maven.apache.org/maven2/org/codehaus/plexus/plexus/2.0.2/plexus-2.0.2.pom
[8202a66e-8822-4374-9111-fe86798c1116/build]   | [INFO] Downloaded from central: https://repo.maven.apache.org/maven2/org/codehaus/plexus/plexus/2.0.2/plexus-2.0.2.pom (12 kB at 447 kB/s)
[8202a66e-8822-4374-9111-fe86798c1116/build]   | [INFO] Downloading from central: https://repo.maven.apache.org/maven2/org/codehaus/plexus/plexus-interpolation/1.12/plexus-interpolation-1.12.pom
[8202a66e-8822-4374-9111-fe86798c1116/build]   | [INFO] Downloaded from central: https://repo.maven.apache.org/maven2/org/codehaus/plexus/plexus-interpolation/1.12/plexus-interpolation-1.12.pom (889 B at 127 kB/s)
[8202a66e-8822-4374-9111-fe86798c1116/build]   | [INFO] Downloading from central: https://repo.maven.apache.org/maven2/org/codehaus/plexus/plexus-components/1.1.14/plexus-components-1.1.14.pom
[8202a66e-8822-4374-9111-fe86798c1116/build]   | [INFO] Downloaded from central: https://repo.maven.apache.org/maven2/org/codehaus/plexus/plexus-components/1.1.14/plexus-components-1.1.14.pom (5.8 kB at 835 kB/s)
[8202a66e-8822-4374-9111-fe86798c1116/build]   | [INFO] Downloading from central: https://repo.maven.apache.org/maven2/org/sonatype/plexus/plexus-build-api/0.0.4/plexus-build-api-0.0.4.pom
[8202a66e-8822-4374-9111-fe86798c1116/build]   | [INFO] Downloaded from central: https://repo.maven.apache.org/maven2/org/sonatype/plexus/plexus-build-api/0.0.4/plexus-build-api-0.0.4.pom (2.9 kB at 204 kB/s)
[8202a66e-8822-4374-9111-fe86798c1116/build]   | [INFO] Downloading from central: https://repo.maven.apache.org/maven2/org/sonatype/spice/spice-parent/10/spice-parent-10.pom
[8202a66e-8822-4374-9111-fe86798c1116/build]   | [INFO] Downloaded from central: https://repo.maven.apache.org/maven2/org/sonatype/spice/spice-parent/10/spice-parent-10.pom (3.0 kB at 215 kB/s)
[8202a66e-8822-4374-9111-fe86798c1116/build]   | [INFO] Downloading from central: https://repo.maven.apache.org/maven2/org/sonatype/forge/forge-parent/3/forge-parent-3.pom
[8202a66e-8822-4374-9111-fe86798c1116/build]   | [INFO] Downloaded from central: https://repo.maven.apache.org/maven2/org/sonatype/forge/forge-parent/3/forge-parent-3.pom (5.0 kB at 629 kB/s)
[8202a66e-8822-4374-9111-fe86798c1116/build]   | [INFO] Downloading from central: https://repo.maven.apache.org/maven2/org/codehaus/plexus/plexus-utils/1.5.8/plexus-utils-1.5.8.pom
[8202a66e-8822-4374-9111-fe86798c1116/build]   | [INFO] Downloaded from central: https://repo.maven.apache.org/maven2/org/codehaus/plexus/plexus-utils/1.5.8/plexus-utils-1.5.8.pom (8.1 kB at 1.0 MB/s)
[8202a66e-8822-4374-9111-fe86798c1116/build]   | [INFO] Downloading from central: https://repo.maven.apache.org/maven2/org/codehaus/plexus/plexus-interpolation/1.13/plexus-interpolation-1.13.pom
[8202a66e-8822-4374-9111-fe86798c1116/build]   | [INFO] Downloaded from central: https://repo.maven.apache.org/maven2/org/codehaus/plexus/plexus-interpolation/1.13/plexus-interpolation-1.13.pom (890 B at 148 kB/s)
[8202a66e-8822-4374-9111-fe86798c1116/build]   | [INFO] Downloading from central: https://repo.maven.apache.org/maven2/org/codehaus/plexus/plexus-components/1.1.15/plexus-components-1.1.15.pom
[8202a66e-8822-4374-9111-fe86798c1116/build]   | [INFO] Downloaded from central: https://repo.maven.apache.org/maven2/org/codehaus/plexus/plexus-components/1.1.15/plexus-components-1.1.15.pom (2.8 kB at 475 kB/s)
[8202a66e-8822-4374-9111-fe86798c1116/build]   | [INFO] Downloading from central: https://repo.maven.apache.org/maven2/org/codehaus/plexus/plexus/2.0.3/plexus-2.0.3.pom
[8202a66e-8822-4374-9111-fe86798c1116/build]   | [INFO] Downloaded from central: https://repo.maven.apache.org/maven2/org/codehaus/plexus/plexus/2.0.3/plexus-2.0.3.pom (15 kB at 2.2 MB/s)
[8202a66e-8822-4374-9111-fe86798c1116/build]   | [INFO] Downloading from central: https://repo.maven.apache.org/maven2/org/apache/maven/maven-plugin-api/2.0.6/maven-plugin-api-2.0.6.jar
[8202a66e-8822-4374-9111-fe86798c1116/build]   | [INFO] Downloading from central: https://repo.maven.apache.org/maven2/org/apache/maven/maven-project/2.0.6/maven-project-2.0.6.jar
[8202a66e-8822-4374-9111-fe86798c1116/build]   | [INFO] Downloading from central: https://repo.maven.apache.org/maven2/org/apache/maven/maven-profile/2.0.6/maven-profile-2.0.6.jar
[8202a66e-8822-4374-9111-fe86798c1116/build]   | [INFO] Downloading from central: https://repo.maven.apache.org/maven2/org/apache/maven/maven-artifact-manager/2.0.6/maven-artifact-manager-2.0.6.jar
[8202a66e-8822-4374-9111-fe86798c1116/build]   | [INFO] Downloading from central: https://repo.maven.apache.org/maven2/org/apache/maven/maven-plugin-registry/2.0.6/maven-plugin-registry-2.0.6.jar
[8202a66e-8822-4374-9111-fe86798c1116/build]   | [INFO] Downloaded from central: https://repo.maven.apache.org/maven2/org/apache/maven/maven-artifact-manager/2.0.6/maven-artifact-manager-2.0.6.jar (57 kB at 7.1 MB/s)
[8202a66e-8822-4374-9111-fe86798c1116/build]   | [INFO] Downloading from central: https://repo.maven.apache.org/maven2/org/apache/maven/maven-core/2.0.6/maven-core-2.0.6.jar
[8202a66e-8822-4374-9111-fe86798c1116/build]   | [INFO] Downloaded from central: https://repo.maven.apache.org/maven2/org/apache/maven/maven-plugin-registry/2.0.6/maven-plugin-registry-2.0.6.jar (29 kB at 3.6 MB/s)
[8202a66e-8822-4374-9111-fe86798c1116/build]   | [INFO] Downloading from central: https://repo.maven.apache.org/maven2/org/apache/maven/maven-plugin-parameter-documenter/2.0.6/maven-plugin-parameter-documenter-2.0.6.jar
[8202a66e-8822-4374-9111-fe86798c1116/build]   | [INFO] Downloaded from central: https://repo.maven.apache.org/maven2/org/apache/maven/maven-plugin-api/2.0.6/maven-plugin-api-2.0.6.jar (13 kB at 1.3 MB/s)
[8202a66e-8822-4374-9111-fe86798c1116/build]   | [INFO] Downloading from central: https://repo.maven.apache.org/maven2/org/apache/maven/reporting/maven-reporting-api/2.0.6/maven-reporting-api-2.0.6.jar
[8202a66e-8822-4374-9111-fe86798c1116/build]   | [INFO] Downloaded from central: https://repo.maven.apache.org/maven2/org/apache/maven/maven-project/2.0.6/maven-project-2.0.6.jar (116 kB at 12 MB/s)
[8202a66e-8822-4374-9111-fe86798c1116/build]   | [INFO] Downloading from central: https://repo.maven.apache.org/maven2/org/apache/maven/doxia/doxia-sink-api/1.0-alpha-7/doxia-sink-api-1.0-alpha-7.jar
[8202a66e-8822-4374-9111-fe86798c1116/build]   | [INFO] Downloaded from central: https://repo.maven.apache.org/maven2/org/apache/maven/maven-profile/2.0.6/maven-profile-2.0.6.jar (35 kB at 3.2 MB/s)
[8202a66e-8822-4374-9111-fe86798c1116/build]   | [INFO] Downloading from central: https://repo.maven.apache.org/maven2/org/apache/maven/maven-repository-metadata/2.0.6/maven-repository-metadata-2.0.6.jar
[8202a66e-8822-4374-9111-fe86798c1116/build]   | [INFO] Downloaded from central: https://repo.maven.apache.org/maven2/org/apache/maven/doxia/doxia-sink-api/1.0-alpha-7/doxia-sink-api-1.0-alpha-7.jar (5.9 kB at 371 kB/s)
[8202a66e-8822-4374-9111-fe86798c1116/build]   | [INFO] Downloading from central: https://repo.maven.apache.org/maven2/org/apache/maven/maven-error-diagnostics/2.0.6/maven-error-diagnostics-2.0.6.jar
[8202a66e-8822-4374-9111-fe86798c1116/build]   | [INFO] Downloaded from central: https://repo.maven.apache.org/maven2/org/apache/maven/maven-repository-metadata/2.0.6/maven-repository-metadata-2.0.6.jar (24 kB at 1.4 MB/s)
[8202a66e-8822-4374-9111-fe86798c1116/build]   | [INFO] Downloading from central: https://repo.maven.apache.org/maven2/commons-cli/commons-cli/1.0/commons-cli-1.0.jar
[8202a66e-8822-4374-9111-fe86798c1116/build]   | [INFO] Downloaded from central: https://repo.maven.apache.org/maven2/org/apache/maven/maven-plugin-parameter-documenter/2.0.6/maven-plugin-parameter-documenter-2.0.6.jar (21 kB at 1.2 MB/s)
[8202a66e-8822-4374-9111-fe86798c1116/build]   | [INFO] Downloading from central: https://repo.maven.apache.org/maven2/org/apache/maven/maven-plugin-descriptor/2.0.6/maven-plugin-descriptor-2.0.6.jar
[8202a66e-8822-4374-9111-fe86798c1116/build]   | [INFO] Downloaded from central: https://repo.maven.apache.org/maven2/org/apache/maven/maven-core/2.0.6/maven-core-2.0.6.jar (152 kB at 7.6 MB/s)
[8202a66e-8822-4374-9111-fe86798c1116/build]   | [INFO] Downloading from central: https://repo.maven.apache.org/maven2/org/codehaus/plexus/plexus-interactivity-api/1.0-alpha-4/plexus-interactivity-api-1.0-alpha-4.jar
[8202a66e-8822-4374-9111-fe86798c1116/build]   | [INFO] Downloaded from central: https://repo.maven.apache.org/maven2/org/apache/maven/maven-error-diagnostics/2.0.6/maven-error-diagnostics-2.0.6.jar (14 kB at 524 kB/s)
[8202a66e-8822-4374-9111-fe86798c1116/build]   | [INFO] Downloading from central: https://repo.maven.apache.org/maven2/classworlds/classworlds/1.1/classworlds-1.1.jar
[8202a66e-8822-4374-9111-fe86798c1116/build]   | [INFO] Downloaded from central: https://repo.maven.apache.org/maven2/org/apache/maven/maven-plugin-descriptor/2.0.6/maven-plugin-descriptor-2.0.6.jar (37 kB at 1.3 MB/s)
[8202a66e-8822-4374-9111-fe86798c1116/build]   | [INFO] Downloading from central: https://repo.maven.apache.org/maven2/org/apache/maven/maven-artifact/2.0.6/maven-artifact-2.0.6.jar
[8202a66e-8822-4374-9111-fe86798c1116/build]   | [INFO] Downloaded from central: https://repo.maven.apache.org/maven2/org/apache/maven/reporting/maven-reporting-api/2.0.6/maven-reporting-api-2.0.6.jar (9.9 kB at 331 kB/s)
[8202a66e-8822-4374-9111-fe86798c1116/build]   | [INFO] Downloading from central: https://repo.maven.apache.org/maven2/org/apache/maven/maven-settings/2.0.6/maven-settings-2.0.6.jar
[8202a66e-8822-4374-9111-fe86798c1116/build]   | [INFO] Downloaded from central: https://repo.maven.apache.org/maven2/commons-cli/commons-cli/1.0/commons-cli-1.0.jar (30 kB at 972 kB/s)
[8202a66e-8822-4374-9111-fe86798c1116/build]   | [INFO] Downloaded from central: https://repo.maven.apache.org/maven2/org/codehaus/plexus/plexus-interactivity-api/1.0-alpha-4/plexus-interactivity-api-1.0-alpha-4.jar (13 kB at 432 kB/s)
[8202a66e-8822-4374-9111-fe86798c1116/build]   | [INFO] Downloading from central: https://repo.maven.apache.org/maven2/org/apache/maven/maven-model/2.0.6/maven-model-2.0.6.jar
[8202a66e-8822-4374-9111-fe86798c1116/build]   | [INFO] Downloading from central: https://repo.maven.apache.org/maven2/org/apache/maven/maven-monitor/2.0.6/maven-monitor-2.0.6.jar
[8202a66e-8822-4374-9111-fe86798c1116/build]   | [INFO] Downloaded from central: https://repo.maven.apache.org/maven2/classworlds/classworlds/1.1/classworlds-1.1.jar (38 kB at 1.1 MB/s)
[8202a66e-8822-4374-9111-fe86798c1116/build]   | [INFO] Downloading from central: https://repo.maven.apache.org/maven2/org/codehaus/plexus/plexus-container-default/1.0-alpha-9-stable-1/plexus-container-default-1.0-alpha-9-stable-1.jar
[8202a66e-8822-4374-9111-fe86798c1116/build]   | [INFO] Downloaded from central: https://repo.maven.apache.org/maven2/org/apache/maven/maven-monitor/2.0.6/maven-monitor-2.0.6.jar (10 kB at 263 kB/s)
[8202a66e-8822-4374-9111-fe86798c1116/build]   | [INFO] Downloading from central: https://repo.maven.apache.org/maven2/junit/junit/3.8.1/junit-3.8.1.jar
[8202a66e-8822-4374-9111-fe86798c1116/build]   | [INFO] Downloaded from central: https://repo.maven.apache.org/maven2/org/apache/maven/maven-artifact/2.0.6/maven-artifact-2.0.6.jar (87 kB at 2.2 MB/s)
[8202a66e-8822-4374-9111-fe86798c1116/build]   | [INFO] Downloaded from central: https://repo.maven.apache.org/maven2/org/apache/maven/maven-settings/2.0.6/maven-settings-2.0.6.jar (49 kB at 1.2 MB/s)
[8202a66e-8822-4374-9111-fe86798c1116/build]   | [INFO] Downloaded from central: https://repo.maven.apache.org/maven2/org/apache/maven/maven-model/2.0.6/maven-model-2.0.6.jar (86 kB at 2.2 MB/s)
[8202a66e-8822-4374-9111-fe86798c1116/build]   | [INFO] Downloading from central: https://repo.maven.apache.org/maven2/org/codehaus/plexus/plexus-utils/2.0.5/plexus-utils-2.0.5.jar
[8202a66e-8822-4374-9111-fe86798c1116/build]   | [INFO] Downloading from central: https://repo.maven.apache.org/maven2/org/sonatype/plexus/plexus-build-api/0.0.4/plexus-build-api-0.0.4.jar
[8202a66e-8822-4374-9111-fe86798c1116/build]   | [INFO] Downloading from central: https://repo.maven.apache.org/maven2/org/apache/maven/shared/maven-filtering/1.1/maven-filtering-1.1.jar
[8202a66e-8822-4374-9111-fe86798c1116/build]   | [INFO] Downloaded from central: https://repo.maven.apache.org/maven2/org/sonatype/plexus/plexus-build-api/0.0.4/plexus-build-api-0.0.4.jar (6.8 kB at 148 kB/s)
[8202a66e-8822-4374-9111-fe86798c1116/build]   | [INFO] Downloading from central: https://repo.maven.apache.org/maven2/org/codehaus/plexus/plexus-interpolation/1.13/plexus-interpolation-1.13.jar
[8202a66e-8822-4374-9111-fe86798c1116/build]   | [INFO] Downloaded from central: https://repo.maven.apache.org/maven2/org/codehaus/plexus/plexus-container-default/1.0-alpha-9-stable-1/plexus-container-default-1.0-alpha-9-stable-1.jar (194 kB at 4.1 MB/s)
[8202a66e-8822-4374-9111-fe86798c1116/build]   | [INFO] Downloaded from central: https://repo.maven.apache.org/maven2/org/apache/maven/shared/maven-filtering/1.1/maven-filtering-1.1.jar (43 kB at 917 kB/s)
[8202a66e-8822-4374-9111-fe86798c1116/build]   | [INFO] Downloaded from central: https://repo.maven.apache.org/maven2/junit/junit/3.8.1/junit-3.8.1.jar (121 kB at 2.5 MB/s)
[8202a66e-8822-4374-9111-fe86798c1116/build]   | [INFO] Downloaded from central: https://repo.maven.apache.org/maven2/org/codehaus/plexus/plexus-utils/2.0.5/plexus-utils-2.0.5.jar (223 kB at 4.4 MB/s)
[8202a66e-8822-4374-9111-fe86798c1116/build]   | [INFO] Downloaded from central: https://repo.maven.apache.org/maven2/org/codehaus/plexus/plexus-interpolation/1.13/plexus-interpolation-1.13.jar (61 kB at 1.0 MB/s)
[8202a66e-8822-4374-9111-fe86798c1116/build]   | [INFO] Using 'UTF-8' encoding to copy filtered resources.
[8202a66e-8822-4374-9111-fe86798c1116/build]   | [INFO] skip non existing resourceDirectory /tmp/4c4fae99-e29d-4b59-add5-3ae638c0d5ee/src/main/resources
[8202a66e-8822-4374-9111-fe86798c1116/build]   | [INFO] 
[8202a66e-8822-4374-9111-fe86798c1116/build]   | [INFO] --- maven-compiler-plugin:3.10.1:compile (default-compile) @ Java ---
[8202a66e-8822-4374-9111-fe86798c1116/build]   | [INFO] Downloading from central: https://repo.maven.apache.org/maven2/org/apache/maven/shared/maven-shared-utils/3.3.4/maven-shared-utils-3.3.4.pom
[8202a66e-8822-4374-9111-fe86798c1116/build]   | [INFO] Downloaded from central: https://repo.maven.apache.org/maven2/org/apache/maven/shared/maven-shared-utils/3.3.4/maven-shared-utils-3.3.4.pom (5.8 kB at 833 kB/s)
[8202a66e-8822-4374-9111-fe86798c1116/build]   | [INFO] Downloading from central: https://repo.maven.apache.org/maven2/org/apache/maven/shared/maven-shared-components/34/maven-shared-components-34.pom
[8202a66e-8822-4374-9111-fe86798c1116/build]   | [INFO] Downloaded from central: https://repo.maven.apache.org/maven2/org/apache/maven/shared/maven-shared-components/34/maven-shared-components-34.pom (5.1 kB at 340 kB/s)
[8202a66e-8822-4374-9111-fe86798c1116/build]   | [INFO] Downloading from central: https://repo.maven.apache.org/maven2/commons-io/commons-io/2.6/commons-io-2.6.pom
[8202a66e-8822-4374-9111-fe86798c1116/build]   | [INFO] Downloaded from central: https://repo.maven.apache.org/maven2/commons-io/commons-io/2.6/commons-io-2.6.pom (14 kB at 1.2 MB/s)
[8202a66e-8822-4374-9111-fe86798c1116/build]   | [INFO] Downloading from central: https://repo.maven.apache.org/maven2/org/apache/commons/commons-parent/42/commons-parent-42.pom
[8202a66e-8822-4374-9111-fe86798c1116/build]   | [INFO] Downloaded from central: https://repo.maven.apache.org/maven2/org/apache/commons/commons-parent/42/commons-parent-42.pom (68 kB at 6.8 MB/s)
[8202a66e-8822-4374-9111-fe86798c1116/build]   | [INFO] Downloading from central: https://repo.maven.apache.org/maven2/org/apache/apache/18/apache-18.pom
[8202a66e-8822-4374-9111-fe86798c1116/build]   | [INFO] Downloaded from central: https://repo.maven.apache.org/maven2/org/apache/apache/18/apache-18.pom (16 kB at 1.6 MB/s)
[8202a66e-8822-4374-9111-fe86798c1116/build]   | [INFO] Downloading from central: https://repo.maven.apache.org/maven2/org/apache/maven/shared/maven-shared-incremental/1.1/maven-shared-incremental-1.1.pom
[8202a66e-8822-4374-9111-fe86798c1116/build]   | [INFO] Downloaded from central: https://repo.maven.apache.org/maven2/org/apache/maven/shared/maven-shared-incremental/1.1/maven-shared-incremental-1.1.pom (4.7 kB at 339 kB/s)
[8202a66e-8822-4374-9111-fe86798c1116/build]   | [INFO] Downloading from central: https://repo.maven.apache.org/maven2/org/apache/maven/shared/maven-shared-components/19/maven-shared-components-19.pom
[8202a66e-8822-4374-9111-fe86798c1116/build]   | [INFO] Downloaded from central: https://repo.maven.apache.org/maven2/org/apache/maven/shared/maven-shared-components/19/maven-shared-components-19.pom (6.4 kB at 908 kB/s)
[8202a66e-8822-4374-9111-fe86798c1116/build]   | [INFO] Downloading from central: https://repo.maven.apache.org/maven2/org/apache/maven/maven-parent/23/maven-parent-23.pom
[8202a66e-8822-4374-9111-fe86798c1116/build]   | [INFO] Downloaded from central: https://repo.maven.apache.org/maven2/org/apache/maven/maven-parent/23/maven-parent-23.pom (33 kB at 5.4 MB/s)
[8202a66e-8822-4374-9111-fe86798c1116/build]   | [INFO] Downloading from central: https://repo.maven.apache.org/maven2/org/apache/apache/13/apache-13.pom
[8202a66e-8822-4374-9111-fe86798c1116/build]   | [INFO] Downloaded from central: https://repo.maven.apache.org/maven2/org/apache/apache/13/apache-13.pom (14 kB at 1.6 MB/s)
[8202a66e-8822-4374-9111-fe86798c1116/build]   | [INFO] Downloading from central: https://repo.maven.apache.org/maven2/org/codehaus/plexus/plexus-component-annotations/2.0.0/plexus-component-annotations-2.0.0.pom
[8202a66e-8822-4374-9111-fe86798c1116/build]   | [INFO] Downloaded from central: https://repo.maven.apache.org/maven2/org/codehaus/plexus/plexus-component-annotations/2.0.0/plexus-component-annotations-2.0.0.pom (750 B at 107 kB/s)
[8202a66e-8822-4374-9111-fe86798c1116/build]   | [INFO] Downloading from central: https://repo.maven.apache.org/maven2/org/codehaus/plexus/plexus-containers/2.0.0/plexus-containers-2.0.0.pom
[8202a66e-8822-4374-9111-fe86798c1116/build]   | [INFO] Downloaded from central: https://repo.maven.apache.org/maven2/org/codehaus/plexus/plexus-containers/2.0.0/plexus-containers-2.0.0.pom (4.8 kB at 300 kB/s)
[8202a66e-8822-4374-9111-fe86798c1116/build]   | [INFO] Downloading from central: https://repo.maven.apache.org/maven2/org/codehaus/plexus/plexus/5.1/plexus-5.1.pom
[8202a66e-8822-4374-9111-fe86798c1116/build]   | [INFO] Downloaded from central: https://repo.maven.apache.org/maven2/org/codehaus/plexus/plexus/5.1/plexus-5.1.pom (23 kB at 804 kB/s)
[8202a66e-8822-4374-9111-fe86798c1116/build]   | [INFO] Downloading from central: https://repo.maven.apache.org/maven2/org/codehaus/plexus/plexus-java/1.1.1/plexus-java-1.1.1.pom
[8202a66e-8822-4374-9111-fe86798c1116/build]   | [INFO] Downloaded from central: https://repo.maven.apache.org/maven2/org/codehaus/plexus/plexus-java/1.1.1/plexus-java-1.1.1.pom (5.0 kB at 710 kB/s)
[8202a66e-8822-4374-9111-fe86798c1116/build]   | [INFO] Downloading from central: https://repo.maven.apache.org/maven2/org/codehaus/plexus/plexus-languages/1.1.1/plexus-languages-1.1.1.pom
[8202a66e-8822-4374-9111-fe86798c1116/build]   | [INFO] Downloaded from central: https://repo.maven.apache.org/maven2/org/codehaus/plexus/plexus-languages/1.1.1/plexus-languages-1.1.1.pom (4.6 kB at 659 kB/s)
[8202a66e-8822-4374-9111-fe86798c1116/build]   | [INFO] Downloading from central: https://repo.maven.apache.org/maven2/org/codehaus/plexus/plexus/8/plexus-8.pom
[8202a66e-8822-4374-9111-fe86798c1116/build]   | [INFO] Downloaded from central: https://repo.maven.apache.org/maven2/org/codehaus/plexus/plexus/8/plexus-8.pom (25 kB at 3.2 MB/s)
[8202a66e-8822-4374-9111-fe86798c1116/build]   | [INFO] Downloading from central: https://repo.maven.apache.org/maven2/org/ow2/asm/asm/9.2/asm-9.2.pom
[8202a66e-8822-4374-9111-fe86798c1116/build]   | [INFO] Downloaded from central: https://repo.maven.apache.org/maven2/org/ow2/asm/asm/9.2/asm-9.2.pom (2.4 kB at 296 kB/s)
[8202a66e-8822-4374-9111-fe86798c1116/build]   | [INFO] Downloading from central: https://repo.maven.apache.org/maven2/org/ow2/ow2/1.5/ow2-1.5.pom
[8202a66e-8822-4374-9111-fe86798c1116/build]   | [INFO] Downloaded from central: https://repo.maven.apache.org/maven2/org/ow2/ow2/1.5/ow2-1.5.pom (11 kB at 624 kB/s)
[8202a66e-8822-4374-9111-fe86798c1116/build]   | [INFO] Downloading from central: https://repo.maven.apache.org/maven2/com/thoughtworks/qdox/qdox/2.0.1/qdox-2.0.1.pom
[8202a66e-8822-4374-9111-fe86798c1116/build]   | [INFO] Downloaded from central: https://repo.maven.apache.org/maven2/com/thoughtworks/qdox/qdox/2.0.1/qdox-2.0.1.pom (16 kB at 2.0 MB/s)
[8202a66e-8822-4374-9111-fe86798c1116/build]   | [INFO] Downloading from central: https://repo.maven.apache.org/maven2/org/sonatype/oss/oss-parent/9/oss-parent-9.pom
[8202a66e-8822-4374-9111-fe86798c1116/build]   | [INFO] Downloaded from central: https://repo.maven.apache.org/maven2/org/sonatype/oss/oss-parent/9/oss-parent-9.pom (6.6 kB at 821 kB/s)
[8202a66e-8822-4374-9111-fe86798c1116/build]   | [INFO] Downloading from central: https://repo.maven.apache.org/maven2/org/codehaus/plexus/plexus-compiler-api/2.11.1/plexus-compiler-api-2.11.1.pom
[8202a66e-8822-4374-9111-fe86798c1116/build]   | [INFO] Downloaded from central: https://repo.maven.apache.org/maven2/org/codehaus/plexus/plexus-compiler-api/2.11.1/plexus-compiler-api-2.11.1.pom (1.1 kB at 151 kB/s)
[8202a66e-8822-4374-9111-fe86798c1116/build]   | [INFO] Downloading from central: https://repo.maven.apache.org/maven2/org/codehaus/plexus/plexus-compiler/2.11.1/plexus-compiler-2.11.1.pom
[8202a66e-8822-4374-9111-fe86798c1116/build]   | [INFO] Downloaded from central: https://repo.maven.apache.org/maven2/org/codehaus/plexus/plexus-compiler/2.11.1/plexus-compiler-2.11.1.pom (8.1 kB at 1.2 MB/s)
[8202a66e-8822-4374-9111-fe86798c1116/build]   | [INFO] Downloading from central: https://repo.maven.apache.org/maven2/org/codehaus/plexus/plexus-components/6.6/plexus-components-6.6.pom
[8202a66e-8822-4374-9111-fe86798c1116/build]   | [INFO] Downloaded from central: https://repo.maven.apache.org/maven2/org/codehaus/plexus/plexus-components/6.6/plexus-components-6.6.pom (2.7 kB at 446 kB/s)
[8202a66e-8822-4374-9111-fe86798c1116/build]   | [INFO] Downloading from central: https://repo.maven.apache.org/maven2/org/codehaus/plexus/plexus-utils/3.4.1/plexus-utils-3.4.1.pom
[8202a66e-8822-4374-9111-fe86798c1116/build]   | [INFO] Downloaded from central: https://repo.maven.apache.org/maven2/org/codehaus/plexus/plexus-utils/3.4.1/plexus-utils-3.4.1.pom (8.0 kB at 1.3 MB/s)
[8202a66e-8822-4374-9111-fe86798c1116/build]   | [INFO] Downloading from central: https://repo.maven.apache.org/maven2/org/codehaus/plexus/plexus-compiler-manager/2.11.1/plexus-compiler-manager-2.11.1.pom
[8202a66e-8822-4374-9111-fe86798c1116/build]   | [INFO] Downloaded from central: https://repo.maven.apache.org/maven2/org/codehaus/plexus/plexus-compiler-manager/2.11.1/plexus-compiler-manager-2.11.1.pom (1.1 kB at 163 kB/s)
[8202a66e-8822-4374-9111-fe86798c1116/build]   | [INFO] Downloading from central: https://repo.maven.apache.org/maven2/org/codehaus/plexus/plexus-compiler-javac/2.11.1/plexus-compiler-javac-2.11.1.pom
[8202a66e-8822-4374-9111-fe86798c1116/build]   | [INFO] Downloaded from central: https://repo.maven.apache.org/maven2/org/codehaus/plexus/plexus-compiler-javac/2.11.1/plexus-compiler-javac-2.11.1.pom (1.2 kB at 120 kB/s)
[8202a66e-8822-4374-9111-fe86798c1116/build]   | [INFO] Downloading from central: https://repo.maven.apache.org/maven2/org/codehaus/plexus/plexus-compilers/2.11.1/plexus-compilers-2.11.1.pom
[8202a66e-8822-4374-9111-fe86798c1116/build]   | [INFO] Downloaded from central: https://repo.maven.apache.org/maven2/org/codehaus/plexus/plexus-compilers/2.11.1/plexus-compilers-2.11.1.pom (1.3 kB at 94 kB/s)
[8202a66e-8822-4374-9111-fe86798c1116/build]   | [INFO] Downloading from central: https://repo.maven.apache.org/maven2/org/apache/maven/shared/maven-shared-utils/3.3.4/maven-shared-utils-3.3.4.jar
[8202a66e-8822-4374-9111-fe86798c1116/build]   | [INFO] Downloading from central: https://repo.maven.apache.org/maven2/commons-io/commons-io/2.6/commons-io-2.6.jar
[8202a66e-8822-4374-9111-fe86798c1116/build]   | [INFO] Downloading from central: https://repo.maven.apache.org/maven2/org/apache/maven/shared/maven-shared-incremental/1.1/maven-shared-incremental-1.1.jar
[8202a66e-8822-4374-9111-fe86798c1116/build]   | [INFO] Downloading from central: https://repo.maven.apache.org/maven2/org/codehaus/plexus/plexus-component-annotations/2.0.0/plexus-component-annotations-2.0.0.jar
[8202a66e-8822-4374-9111-fe86798c1116/build]   | [INFO] Downloading from central: https://repo.maven.apache.org/maven2/org/codehaus/plexus/plexus-java/1.1.1/plexus-java-1.1.1.jar
[8202a66e-8822-4374-9111-fe86798c1116/build]   | [INFO] Downloaded from central: https://repo.maven.apache.org/maven2/org/apache/maven/shared/maven-shared-incremental/1.1/maven-shared-incremental-1.1.jar (14 kB at 1.5 MB/s)
[8202a66e-8822-4374-9111-fe86798c1116/build]   | [INFO] Downloading from central: https://repo.maven.apache.org/maven2/org/ow2/asm/asm/9.2/asm-9.2.jar
[8202a66e-8822-4374-9111-fe86798c1116/build]   | [INFO] Downloaded from central: https://repo.maven.apache.org/maven2/org/codehaus/plexus/plexus-java/1.1.1/plexus-java-1.1.1.jar (54 kB at 6.0 MB/s)
[8202a66e-8822-4374-9111-fe86798c1116/build]   | [INFO] Downloading from central: https://repo.maven.apache.org/maven2/com/thoughtworks/qdox/qdox/2.0.1/qdox-2.0.1.jar
[8202a66e-8822-4374-9111-fe86798c1116/build]   | [INFO] Downloaded from central: https://repo.maven.apache.org/maven2/org/apache/maven/shared/maven-shared-utils/3.3.4/maven-shared-utils-3.3.4.jar (153 kB at 14 MB/s)
[8202a66e-8822-4374-9111-fe86798c1116/build]   | [INFO] Downloading from central: https://repo.maven.apache.org/maven2/org/codehaus/plexus/plexus-compiler-api/2.11.1/plexus-compiler-api-2.11.1.jar
[8202a66e-8822-4374-9111-fe86798c1116/build]   | [INFO] Downloaded from central: https://repo.maven.apache.org/maven2/org/codehaus/plexus/plexus-component-annotations/2.0.0/plexus-component-annotations-2.0.0.jar (4.2 kB at 282 kB/s)
[8202a66e-8822-4374-9111-fe86798c1116/build]   | [INFO] Downloading from central: https://repo.maven.apache.org/maven2/org/codehaus/plexus/plexus-utils/3.4.1/plexus-utils-3.4.1.jar
[8202a66e-8822-4374-9111-fe86798c1116/build]   | [INFO] Downloaded from central: https://repo.maven.apache.org/maven2/org/ow2/asm/asm/9.2/asm-9.2.jar (122 kB at 7.2 MB/s)
[8202a66e-8822-4374-9111-fe86798c1116/build]   | [INFO] Downloading from central: https://repo.maven.apache.org/maven2/org/codehaus/plexus/plexus-compiler-manager/2.11.1/plexus-compiler-manager-2.11.1.jar
[8202a66e-8822-4374-9111-fe86798c1116/build]   | [INFO] Downloaded from central: https://repo.maven.apache.org/maven2/org/codehaus/plexus/plexus-compiler-api/2.11.1/plexus-compiler-api-2.11.1.jar (27 kB at 1.4 MB/s)
[8202a66e-8822-4374-9111-fe86798c1116/build]   | [INFO] Downloading from central: https://repo.maven.apache.org/maven2/org/codehaus/plexus/plexus-compiler-javac/2.11.1/plexus-compiler-javac-2.11.1.jar
[8202a66e-8822-4374-9111-fe86798c1116/build]   | [INFO] Downloaded from central: https://repo.maven.apache.org/maven2/commons-io/commons-io/2.6/commons-io-2.6.jar (215 kB at 9.3 MB/s)
[8202a66e-8822-4374-9111-fe86798c1116/build]   | [INFO] Downloaded from central: https://repo.maven.apache.org/maven2/com/thoughtworks/qdox/qdox/2.0.1/qdox-2.0.1.jar (334 kB at 13 MB/s)
[8202a66e-8822-4374-9111-fe86798c1116/build]   | [INFO] Downloaded from central: https://repo.maven.apache.org/maven2/org/codehaus/plexus/plexus-compiler-javac/2.11.1/plexus-compiler-javac-2.11.1.jar (23 kB at 846 kB/s)
[8202a66e-8822-4374-9111-fe86798c1116/build]   | [INFO] Downloaded from central: https://repo.maven.apache.org/maven2/org/codehaus/plexus/plexus-compiler-manager/2.11.1/plexus-compiler-manager-2.11.1.jar (4.7 kB at 172 kB/s)
[8202a66e-8822-4374-9111-fe86798c1116/build]   | [INFO] Downloaded from central: https://repo.maven.apache.org/maven2/org/codehaus/plexus/plexus-utils/3.4.1/plexus-utils-3.4.1.jar (264 kB at 8.5 MB/s)
[8202a66e-8822-4374-9111-fe86798c1116/build]   | [INFO] Changes detected - recompiling the module!
[8202a66e-8822-4374-9111-fe86798c1116/build]   | [INFO] Compiling 501 source files to /tmp/4c4fae99-e29d-4b59-add5-3ae638c0d5ee/target/classes
[8202a66e-8822-4374-9111-fe86798c1116/build]   | [INFO] /tmp/4c4fae99-e29d-4b59-add5-3ae638c0d5ee/src/main/java/com/thealgorithms/strings/WordLadder.java: Some input files use unchecked or unsafe operations.
[8202a66e-8822-4374-9111-fe86798c1116/build]   | [INFO] /tmp/4c4fae99-e29d-4b59-add5-3ae638c0d5ee/src/main/java/com/thealgorithms/strings/WordLadder.java: Recompile with -Xlint:unchecked for details.
[8202a66e-8822-4374-9111-fe86798c1116/build]   | [INFO] 
[8202a66e-8822-4374-9111-fe86798c1116/build]   | [INFO] --- maven-resources-plugin:2.6:testResources (default-testResources) @ Java ---
[8202a66e-8822-4374-9111-fe86798c1116/build]   | [INFO] Using 'UTF-8' encoding to copy filtered resources.
[8202a66e-8822-4374-9111-fe86798c1116/build]   | [INFO] skip non existing resourceDirectory /tmp/4c4fae99-e29d-4b59-add5-3ae638c0d5ee/src/test/resources
[8202a66e-8822-4374-9111-fe86798c1116/build]   | [INFO] 
[8202a66e-8822-4374-9111-fe86798c1116/build]   | [INFO] --- maven-compiler-plugin:3.10.1:testCompile (default-testCompile) @ Java ---
[8202a66e-8822-4374-9111-fe86798c1116/build]   | [INFO] Changes detected - recompiling the module!
[8202a66e-8822-4374-9111-fe86798c1116/build]   | [INFO] Compiling 273 source files to /tmp/4c4fae99-e29d-4b59-add5-3ae638c0d5ee/target/test-classes
[8202a66e-8822-4374-9111-fe86798c1116/build]   | [INFO] 
[8202a66e-8822-4374-9111-fe86798c1116/build]   | [INFO] --- maven-surefire-plugin:2.22.2:test (default-test) @ Java ---
[8202a66e-8822-4374-9111-fe86798c1116/build]   | [INFO] Downloading from central: https://repo.maven.apache.org/maven2/org/apache/maven/surefire/maven-surefire-common/2.22.2/maven-surefire-common-2.22.2.pom
[8202a66e-8822-4374-9111-fe86798c1116/build]   | [INFO] Downloaded from central: https://repo.maven.apache.org/maven2/org/apache/maven/surefire/maven-surefire-common/2.22.2/maven-surefire-common-2.22.2.pom (11 kB at 382 kB/s)
[8202a66e-8822-4374-9111-fe86798c1116/build]   | [INFO] Downloading from central: https://repo.maven.apache.org/maven2/org/apache/maven/maven-plugin-api/2.2.1/maven-plugin-api-2.2.1.pom
[8202a66e-8822-4374-9111-fe86798c1116/build]   | [INFO] Downloaded from central: https://repo.maven.apache.org/maven2/org/apache/maven/maven-plugin-api/2.2.1/maven-plugin-api-2.2.1.pom (1.5 kB at 44 kB/s)
[8202a66e-8822-4374-9111-fe86798c1116/build]   | [INFO] Downloading from central: https://repo.maven.apache.org/maven2/org/apache/maven/maven/2.2.1/maven-2.2.1.pom
[8202a66e-8822-4374-9111-fe86798c1116/build]   | [INFO] Downloaded from central: https://repo.maven.apache.org/maven2/org/apache/maven/maven/2.2.1/maven-2.2.1.pom (22 kB at 800 kB/s)
[8202a66e-8822-4374-9111-fe86798c1116/build]   | [INFO] Downloading from central: https://repo.maven.apache.org/maven2/org/apache/maven/maven-parent/11/maven-parent-11.pom
[8202a66e-8822-4374-9111-fe86798c1116/build]   | [INFO] Downloaded from central: https://repo.maven.apache.org/maven2/org/apache/maven/maven-parent/11/maven-parent-11.pom (32 kB at 1.5 MB/s)
[8202a66e-8822-4374-9111-fe86798c1116/build]   | [INFO] Downloading from central: https://repo.maven.apache.org/maven2/org/apache/apache/5/apache-5.pom
[8202a66e-8822-4374-9111-fe86798c1116/build]   | [INFO] Downloaded from central: https://repo.maven.apache.org/maven2/org/apache/apache/5/apache-5.pom (4.1 kB at 158 kB/s)
[8202a66e-8822-4374-9111-fe86798c1116/build]   | [INFO] Downloading from central: https://repo.maven.apache.org/maven2/org/apache/maven/plugin-tools/maven-plugin-annotations/3.5.2/maven-plugin-annotations-3.5.2.pom
[8202a66e-8822-4374-9111-fe86798c1116/build]   | [INFO] Downloaded from central: https://repo.maven.apache.org/maven2/org/apache/maven/plugin-tools/maven-plugin-annotations/3.5.2/maven-plugin-annotations-3.5.2.pom (1.6 kB at 71 kB/s)
[8202a66e-8822-4374-9111-fe86798c1116/build]   | [INFO] Downloading from central: https://repo.maven.apache.org/maven2/org/apache/maven/plugin-tools/maven-plugin-tools/3.5.2/maven-plugin-tools-3.5.2.pom
[8202a66e-8822-4374-9111-fe86798c1116/build]   | [INFO] Downloaded from central: https://repo.maven.apache.org/maven2/org/apache/maven/plugin-tools/maven-plugin-tools/3.5.2/maven-plugin-tools-3.5.2.pom (15 kB at 404 kB/s)
[8202a66e-8822-4374-9111-fe86798c1116/build]   | [INFO] Downloading from central: https://repo.maven.apache.org/maven2/org/apache/maven/maven-parent/31/maven-parent-31.pom
[8202a66e-8822-4374-9111-fe86798c1116/build]   | [INFO] Downloaded from central: https://repo.maven.apache.org/maven2/org/apache/maven/maven-parent/31/maven-parent-31.pom (43 kB at 1.2 MB/s)
[8202a66e-8822-4374-9111-fe86798c1116/build]   | [INFO] Downloading from central: https://repo.maven.apache.org/maven2/org/apache/apache/19/apache-19.pom
[8202a66e-8822-4374-9111-fe86798c1116/build]   | [INFO] Downloaded from central: https://repo.maven.apache.org/maven2/org/apache/apache/19/apache-19.pom (15 kB at 408 kB/s)
[8202a66e-8822-4374-9111-fe86798c1116/build]   | [INFO] Downloading from central: https://repo.maven.apache.org/maven2/org/apache/maven/maven-artifact/2.2.1/maven-artifact-2.2.1.pom
[8202a66e-8822-4374-9111-fe86798c1116/build]   | [INFO] Downloaded from central: https://repo.maven.apache.org/maven2/org/apache/maven/maven-artifact/2.2.1/maven-artifact-2.2.1.pom (1.6 kB at 72 kB/s)
[8202a66e-8822-4374-9111-fe86798c1116/build]   | [INFO] Downloading from central: https://repo.maven.apache.org/maven2/org/apache/maven/surefire/surefire-api/2.22.2/surefire-api-2.22.2.pom
[8202a66e-8822-4374-9111-fe86798c1116/build]   | [INFO] Downloaded from central: https://repo.maven.apache.org/maven2/org/apache/maven/surefire/surefire-api/2.22.2/surefire-api-2.22.2.pom (3.5 kB at 221 kB/s)
[8202a66e-8822-4374-9111-fe86798c1116/build]   | [INFO] Downloading from central: https://repo.maven.apache.org/maven2/org/apache/maven/surefire/surefire-logger-api/2.22.2/surefire-logger-api-2.22.2.pom
[8202a66e-8822-4374-9111-fe86798c1116/build]   | [INFO] Downloaded from central: https://repo.maven.apache.org/maven2/org/apache/maven/surefire/surefire-logger-api/2.22.2/surefire-logger-api-2.22.2.pom (2.0 kB at 93 kB/s)
[8202a66e-8822-4374-9111-fe86798c1116/build]   | [INFO] Downloading from central: https://repo.maven.apache.org/maven2/org/apache/maven/surefire/surefire-booter/2.22.2/surefire-booter-2.22.2.pom
[8202a66e-8822-4374-9111-fe86798c1116/build]   | [INFO] Downloaded from central: https://repo.maven.apache.org/maven2/org/apache/maven/surefire/surefire-booter/2.22.2/surefire-booter-2.22.2.pom (7.5 kB at 298 kB/s)
[8202a66e-8822-4374-9111-fe86798c1116/build]   | [INFO] Downloading from central: https://repo.maven.apache.org/maven2/org/apache/maven/maven-plugin-descriptor/2.2.1/maven-plugin-descriptor-2.2.1.pom
[8202a66e-8822-4374-9111-fe86798c1116/build]   | [INFO] Downloaded from central: https://repo.maven.apache.org/maven2/org/apache/maven/maven-plugin-descriptor/2.2.1/maven-plugin-descriptor-2.2.1.pom (2.1 kB at 98 kB/s)
[8202a66e-8822-4374-9111-fe86798c1116/build]   | [INFO] Downloading from central: https://repo.maven.apache.org/maven2/junit/junit/4.12/junit-4.12.pom
[8202a66e-8822-4374-9111-fe86798c1116/build]   | [INFO] Downloaded from central: https://repo.maven.apache.org/maven2/junit/junit/4.12/junit-4.12.pom (24 kB at 1.4 MB/s)
[8202a66e-8822-4374-9111-fe86798c1116/build]   | [INFO] Downloading from central: https://repo.maven.apache.org/maven2/org/hamcrest/hamcrest-core/1.3/hamcrest-core-1.3.pom
[8202a66e-8822-4374-9111-fe86798c1116/build]   | [INFO] Downloaded from central: https://repo.maven.apache.org/maven2/org/hamcrest/hamcrest-core/1.3/hamcrest-core-1.3.pom (766 B at 51 kB/s)
[8202a66e-8822-4374-9111-fe86798c1116/build]   | [INFO] Downloading from central: https://repo.maven.apache.org/maven2/org/hamcrest/hamcrest-parent/1.3/hamcrest-parent-1.3.pom
[8202a66e-8822-4374-9111-fe86798c1116/build]   | [INFO] Downloaded from central: https://repo.maven.apache.org/maven2/org/hamcrest/hamcrest-parent/1.3/hamcrest-parent-1.3.pom (2.0 kB at 110 kB/s)
[8202a66e-8822-4374-9111-fe86798c1116/build]   | [INFO] Downloading from central: https://repo.maven.apache.org/maven2/org/apache/maven/maven-project/2.2.1/maven-project-2.2.1.pom
[8202a66e-8822-4374-9111-fe86798c1116/build]   | [INFO] Downloaded from central: https://repo.maven.apache.org/maven2/org/apache/maven/maven-project/2.2.1/maven-project-2.2.1.pom (2.8 kB at 139 kB/s)
[8202a66e-8822-4374-9111-fe86798c1116/build]   | [INFO] Downloading from central: https://repo.maven.apache.org/maven2/org/apache/maven/maven-settings/2.2.1/maven-settings-2.2.1.pom
[8202a66e-8822-4374-9111-fe86798c1116/build]   | [INFO] Downloaded from central: https://repo.maven.apache.org/maven2/org/apache/maven/maven-settings/2.2.1/maven-settings-2.2.1.pom (2.2 kB at 145 kB/s)
[8202a66e-8822-4374-9111-fe86798c1116/build]   | [INFO] Downloading from central: https://repo.maven.apache.org/maven2/org/apache/maven/maven-model/2.2.1/maven-model-2.2.1.pom
[8202a66e-8822-4374-9111-fe86798c1116/build]   | [INFO] Downloaded from central: https://repo.maven.apache.org/maven2/org/apache/maven/maven-model/2.2.1/maven-model-2.2.1.pom (3.2 kB at 231 kB/s)
[8202a66e-8822-4374-9111-fe86798c1116/build]   | [INFO] Downloading from central: https://repo.maven.apache.org/maven2/org/codehaus/plexus/plexus-interpolation/1.11/plexus-interpolation-1.11.pom
[8202a66e-8822-4374-9111-fe86798c1116/build]   | [INFO] Downloaded from central: https://repo.maven.apache.org/maven2/org/codehaus/plexus/plexus-interpolation/1.11/plexus-interpolation-1.11.pom (889 B at 59 kB/s)
[8202a66e-8822-4374-9111-fe86798c1116/build]   | [INFO] Downloading from central: https://repo.maven.apache.org/maven2/org/apache/maven/maven-profile/2.2.1/maven-profile-2.2.1.pom
[8202a66e-8822-4374-9111-fe86798c1116/build]   | [INFO] Downloaded from central: https://repo.maven.apache.org/maven2/org/apache/maven/maven-profile/2.2.1/maven-profile-2.2.1.pom (2.2 kB at 136 kB/s)
[8202a66e-8822-4374-9111-fe86798c1116/build]   | [INFO] Downloading from central: https://repo.maven.apache.org/maven2/org/apache/maven/maven-artifact-manager/2.2.1/maven-artifact-manager-2.2.1.pom
[8202a66e-8822-4374-9111-fe86798c1116/build]   | [INFO] Downloaded from central: https://repo.maven.apache.org/maven2/org/apache/maven/maven-artifact-manager/2.2.1/maven-artifact-manager-2.2.1.pom (3.1 kB at 183 kB/s)
[8202a66e-8822-4374-9111-fe86798c1116/build]   | [INFO] Downloading from central: https://repo.maven.apache.org/maven2/org/apache/maven/maven-repository-metadata/2.2.1/maven-repository-metadata-2.2.1.pom
[8202a66e-8822-4374-9111-fe86798c1116/build]   | [INFO] Downloaded from central: https://repo.maven.apache.org/maven2/org/apache/maven/maven-repository-metadata/2.2.1/maven-repository-metadata-2.2.1.pom (1.9 kB at 75 kB/s)
[8202a66e-8822-4374-9111-fe86798c1116/build]   | [INFO] Downloading from central: https://repo.maven.apache.org/maven2/backport-util-concurrent/backport-util-concurrent/3.1/backport-util-concurrent-3.1.pom
[8202a66e-8822-4374-9111-fe86798c1116/build]   | [INFO] Downloaded from central: https://repo.maven.apache.org/maven2/backport-util-concurrent/backport-util-concurrent/3.1/backport-util-concurrent-3.1.pom (880 B at 52 kB/s)
[8202a66e-8822-4374-9111-fe86798c1116/build]   | [INFO] Downloading from central: https://repo.maven.apache.org/maven2/org/apache/maven/maven-plugin-registry/2.2.1/maven-plugin-registry-2.2.1.pom
[8202a66e-8822-4374-9111-fe86798c1116/build]   | [INFO] Downloaded from central: https://repo.maven.apache.org/maven2/org/apache/maven/maven-plugin-registry/2.2.1/maven-plugin-registry-2.2.1.pom (1.9 kB at 121 kB/s)
[8202a66e-8822-4374-9111-fe86798c1116/build]   | [INFO] Downloading from central: https://repo.maven.apache.org/maven2/org/apache/maven/maven-core/2.2.1/maven-core-2.2.1.pom
[8202a66e-8822-4374-9111-fe86798c1116/build]   | [INFO] Downloaded from central: https://repo.maven.apache.org/maven2/org/apache/maven/maven-core/2.2.1/maven-core-2.2.1.pom (12 kB at 727 kB/s)
[8202a66e-8822-4374-9111-fe86798c1116/build]   | [INFO] Downloading from central: https://repo.maven.apache.org/maven2/org/apache/maven/maven-plugin-parameter-documenter/2.2.1/maven-plugin-parameter-documenter-2.2.1.pom
[8202a66e-8822-4374-9111-fe86798c1116/build]   | [INFO] Downloaded from central: https://repo.maven.apache.org/maven2/org/apache/maven/maven-plugin-parameter-documenter/2.2.1/maven-plugin-parameter-documenter-2.2.1.pom (2.0 kB at 103 kB/s)
[8202a66e-8822-4374-9111-fe86798c1116/build]   | [INFO] Downloading from central: https://repo.maven.apache.org/maven2/org/slf4j/slf4j-jdk14/1.5.6/slf4j-jdk14-1.5.6.pom
[8202a66e-8822-4374-9111-fe86798c1116/build]   | [INFO] Downloaded from central: https://repo.maven.apache.org/maven2/org/slf4j/slf4j-jdk14/1.5.6/slf4j-jdk14-1.5.6.pom (1.9 kB at 73 kB/s)
[8202a66e-8822-4374-9111-fe86798c1116/build]   | [INFO] Downloading from central: https://repo.maven.apache.org/maven2/org/slf4j/slf4j-parent/1.5.6/slf4j-parent-1.5.6.pom
[8202a66e-8822-4374-9111-fe86798c1116/build]   | [INFO] Downloaded from central: https://repo.maven.apache.org/maven2/org/slf4j/slf4j-parent/1.5.6/slf4j-parent-1.5.6.pom (7.9 kB at 360 kB/s)
[8202a66e-8822-4374-9111-fe86798c1116/build]   | [INFO] Downloading from central: https://repo.maven.apache.org/maven2/org/slf4j/slf4j-api/1.5.6/slf4j-api-1.5.6.pom
[8202a66e-8822-4374-9111-fe86798c1116/build]   | [INFO] Downloaded from central: https://repo.maven.apache.org/maven2/org/slf4j/slf4j-api/1.5.6/slf4j-api-1.5.6.pom (3.0 kB at 130 kB/s)
[8202a66e-8822-4374-9111-fe86798c1116/build]   | [INFO] Downloading from central: https://repo.maven.apache.org/maven2/org/slf4j/jcl-over-slf4j/1.5.6/jcl-over-slf4j-1.5.6.pom
[8202a66e-8822-4374-9111-fe86798c1116/build]   | [INFO] Downloaded from central: https://repo.maven.apache.org/maven2/org/slf4j/jcl-over-slf4j/1.5.6/jcl-over-slf4j-1.5.6.pom (2.2 kB at 103 kB/s)
[8202a66e-8822-4374-9111-fe86798c1116/build]   | [INFO] Downloading from central: https://repo.maven.apache.org/maven2/org/apache/maven/reporting/maven-reporting-api/3.0/maven-reporting-api-3.0.pom
[8202a66e-8822-4374-9111-fe86798c1116/build]   | [INFO] Downloaded from central: https://repo.maven.apache.org/maven2/org/apache/maven/reporting/maven-reporting-api/3.0/maven-reporting-api-3.0.pom (2.4 kB at 113 kB/s)
[8202a66e-8822-4374-9111-fe86798c1116/build]   | [INFO] Downloading from central: https://repo.maven.apache.org/maven2/org/apache/maven/shared/maven-shared-components/15/maven-shared-components-15.pom
[8202a66e-8822-4374-9111-fe86798c1116/build]   | [INFO] Downloaded from central: https://repo.maven.apache.org/maven2/org/apache/maven/shared/maven-shared-components/15/maven-shared-components-15.pom (9.3 kB at 467 kB/s)
[8202a66e-8822-4374-9111-fe86798c1116/build]   | [INFO] Downloading from central: https://repo.maven.apache.org/maven2/org/apache/maven/maven-parent/16/maven-parent-16.pom
[8202a66e-8822-4374-9111-fe86798c1116/build]   | [INFO] Downloaded from central: https://repo.maven.apache.org/maven2/org/apache/maven/maven-parent/16/maven-parent-16.pom (23 kB at 1.2 MB/s)
[8202a66e-8822-4374-9111-fe86798c1116/build]   | [INFO] Downloading from central: https://repo.maven.apache.org/maven2/org/apache/apache/7/apache-7.pom
[8202a66e-8822-4374-9111-fe86798c1116/build]   | [INFO] Downloaded from central: https://repo.maven.apache.org/maven2/org/apache/apache/7/apache-7.pom (14 kB at 849 kB/s)
[8202a66e-8822-4374-9111-fe86798c1116/build]   | [INFO] Downloading from central: https://repo.maven.apache.org/maven2/org/apache/maven/maven-error-diagnostics/2.2.1/maven-error-diagnostics-2.2.1.pom
[8202a66e-8822-4374-9111-fe86798c1116/build]   | [INFO] Downloaded from central: https://repo.maven.apache.org/maven2/org/apache/maven/maven-error-diagnostics/2.2.1/maven-error-diagnostics-2.2.1.pom (1.7 kB at 100 kB/s)
[8202a66e-8822-4374-9111-fe86798c1116/build]   | [INFO] Downloading from central: https://repo.maven.apache.org/maven2/org/apache/maven/maven-monitor/2.2.1/maven-monitor-2.2.1.pom
[8202a66e-8822-4374-9111-fe86798c1116/build]   | [INFO] Downloaded from central: https://repo.maven.apache.org/maven2/org/apache/maven/maven-monitor/2.2.1/maven-monitor-2.2.1.pom (1.3 kB at 74 kB/s)
[8202a66e-8822-4374-9111-fe86798c1116/build]   | [INFO] Downloading from central: https://repo.maven.apache.org/maven2/org/sonatype/plexus/plexus-sec-dispatcher/1.3/plexus-sec-dispatcher-1.3.pom
[8202a66e-8822-4374-9111-fe86798c1116/build]   | [INFO] Downloaded from central: https://repo.maven.apache.org/maven2/org/sonatype/plexus/plexus-sec-dispatcher/1.3/plexus-sec-dispatcher-1.3.pom (3.0 kB at 135 kB/s)
[8202a66e-8822-4374-9111-fe86798c1116/build]   | [INFO] Downloading from central: https://repo.maven.apache.org/maven2/org/sonatype/spice/spice-parent/12/spice-parent-12.pom
[8202a66e-8822-4374-9111-fe86798c1116/build]   | [INFO] Downloaded from central: https://repo.maven.apache.org/maven2/org/sonatype/spice/spice-parent/12/spice-parent-12.pom (6.8 kB at 453 kB/s)
[8202a66e-8822-4374-9111-fe86798c1116/build]   | [INFO] Downloading from central: https://repo.maven.apache.org/maven2/org/sonatype/forge/forge-parent/4/forge-parent-4.pom
[8202a66e-8822-4374-9111-fe86798c1116/build]   | [INFO] Downloaded from central: https://repo.maven.apache.org/maven2/org/sonatype/forge/forge-parent/4/forge-parent-4.pom (8.4 kB at 525 kB/s)
[8202a66e-8822-4374-9111-fe86798c1116/build]   | [INFO] Downloading from central: https://repo.maven.apache.org/maven2/org/codehaus/plexus/plexus-utils/1.5.5/plexus-utils-1.5.5.pom
[8202a66e-8822-4374-9111-fe86798c1116/build]   | [INFO] Downloaded from central: https://repo.maven.apache.org/maven2/org/codehaus/plexus/plexus-utils/1.5.5/plexus-utils-1.5.5.pom (5.1 kB at 303 kB/s)
[8202a66e-8822-4374-9111-fe86798c1116/build]   | [INFO] Downloading from central: https://repo.maven.apache.org/maven2/org/sonatype/plexus/plexus-cipher/1.4/plexus-cipher-1.4.pom
[8202a66e-8822-4374-9111-fe86798c1116/build]   | [INFO] Downloaded from central: https://repo.maven.apache.org/maven2/org/sonatype/plexus/plexus-cipher/1.4/plexus-cipher-1.4.pom (2.1 kB at 129 kB/s)
[8202a66e-8822-4374-9111-fe86798c1116/build]   | [INFO] Downloading from central: https://repo.maven.apache.org/maven2/org/apache/maven/maven-toolchain/2.2.1/maven-toolchain-2.2.1.pom
[8202a66e-8822-4374-9111-fe86798c1116/build]   | [INFO] Downloaded from central: https://repo.maven.apache.org/maven2/org/apache/maven/maven-toolchain/2.2.1/maven-toolchain-2.2.1.pom (3.3 kB at 197 kB/s)
[8202a66e-8822-4374-9111-fe86798c1116/build]   | [INFO] Downloading from central: https://repo.maven.apache.org/maven2/org/codehaus/plexus/plexus-java/0.9.10/plexus-java-0.9.10.pom
[8202a66e-8822-4374-9111-fe86798c1116/build]   | [INFO] Downloaded from central: https://repo.maven.apache.org/maven2/org/codehaus/plexus/plexus-java/0.9.10/plexus-java-0.9.10.pom (5.1 kB at 269 kB/s)
[8202a66e-8822-4374-9111-fe86798c1116/build]   | [INFO] Downloading from central: https://repo.maven.apache.org/maven2/org/codehaus/plexus/plexus-languages/0.9.10/plexus-languages-0.9.10.pom
[8202a66e-8822-4374-9111-fe86798c1116/build]   | [INFO] Downloaded from central: https://repo.maven.apache.org/maven2/org/codehaus/plexus/plexus-languages/0.9.10/plexus-languages-0.9.10.pom (4.1 kB at 207 kB/s)
[8202a66e-8822-4374-9111-fe86798c1116/build]   | [INFO] Downloading from central: https://repo.maven.apache.org/maven2/org/codehaus/plexus/plexus/4.0/plexus-4.0.pom
[8202a66e-8822-4374-9111-fe86798c1116/build]   | [INFO] Downloaded from central: https://repo.maven.apache.org/maven2/org/codehaus/plexus/plexus/4.0/plexus-4.0.pom (22 kB at 977 kB/s)
[8202a66e-8822-4374-9111-fe86798c1116/build]   | [INFO] Downloading from central: https://repo.maven.apache.org/maven2/org/sonatype/forge/forge-parent/10/forge-parent-10.pom
[8202a66e-8822-4374-9111-fe86798c1116/build]   | [INFO] Downloaded from central: https://repo.maven.apache.org/maven2/org/sonatype/forge/forge-parent/10/forge-parent-10.pom (14 kB at 714 kB/s)
[8202a66e-8822-4374-9111-fe86798c1116/build]   | [INFO] Downloading from central: https://repo.maven.apache.org/maven2/org/ow2/asm/asm/6.2/asm-6.2.pom
[8202a66e-8822-4374-9111-fe86798c1116/build]   | [INFO] Downloaded from central: https://repo.maven.apache.org/maven2/org/ow2/asm/asm/6.2/asm-6.2.pom (2.9 kB at 147 kB/s)
[8202a66e-8822-4374-9111-fe86798c1116/build]   | [INFO] Downloading from central: https://repo.maven.apache.org/maven2/com/thoughtworks/qdox/qdox/2.0-M8/qdox-2.0-M8.pom
[8202a66e-8822-4374-9111-fe86798c1116/build]   | [INFO] Downloaded from central: https://repo.maven.apache.org/maven2/com/thoughtworks/qdox/qdox/2.0-M8/qdox-2.0-M8.pom (16 kB at 932 kB/s)
[8202a66e-8822-4374-9111-fe86798c1116/build]   | [INFO] Downloading from central: https://repo.maven.apache.org/maven2/org/apache/maven/surefire/maven-surefire-common/2.22.2/maven-surefire-common-2.22.2.jar
[8202a66e-8822-4374-9111-fe86798c1116/build]   | [INFO] Downloading from central: https://repo.maven.apache.org/maven2/org/apache/maven/maven-plugin-api/2.2.1/maven-plugin-api-2.2.1.jar
[8202a66e-8822-4374-9111-fe86798c1116/build]   | [INFO] Downloading from central: https://repo.maven.apache.org/maven2/org/apache/maven/plugin-tools/maven-plugin-annotations/3.5.2/maven-plugin-annotations-3.5.2.jar
[8202a66e-8822-4374-9111-fe86798c1116/build]   | [INFO] Downloading from central: https://repo.maven.apache.org/maven2/org/apache/maven/surefire/surefire-api/2.22.2/surefire-api-2.22.2.jar
[8202a66e-8822-4374-9111-fe86798c1116/build]   | [INFO] Downloading from central: https://repo.maven.apache.org/maven2/org/apache/maven/surefire/surefire-logger-api/2.22.2/surefire-logger-api-2.22.2.jar
[8202a66e-8822-4374-9111-fe86798c1116/build]   | [INFO] Downloaded from central: https://repo.maven.apache.org/maven2/org/apache/maven/maven-plugin-api/2.2.1/maven-plugin-api-2.2.1.jar (12 kB at 538 kB/s)
[8202a66e-8822-4374-9111-fe86798c1116/build]   | [INFO] Downloading from central: https://repo.maven.apache.org/maven2/org/apache/maven/surefire/surefire-booter/2.22.2/surefire-booter-2.22.2.jar
[8202a66e-8822-4374-9111-fe86798c1116/build]   | [INFO] Downloaded from central: https://repo.maven.apache.org/maven2/org/apache/maven/plugin-tools/maven-plugin-annotations/3.5.2/maven-plugin-annotations-3.5.2.jar (14 kB at 620 kB/s)
[8202a66e-8822-4374-9111-fe86798c1116/build]   | [INFO] Downloading from central: https://repo.maven.apache.org/maven2/org/apache/maven/maven-artifact/2.2.1/maven-artifact-2.2.1.jar
[8202a66e-8822-4374-9111-fe86798c1116/build]   | [INFO] Downloaded from central: https://repo.maven.apache.org/maven2/org/apache/maven/surefire/surefire-logger-api/2.22.2/surefire-logger-api-2.22.2.jar (13 kB at 556 kB/s)
[8202a66e-8822-4374-9111-fe86798c1116/build]   | [INFO] Downloading from central: https://repo.maven.apache.org/maven2/org/codehaus/plexus/plexus-utils/1.5.15/plexus-utils-1.5.15.jar
[8202a66e-8822-4374-9111-fe86798c1116/build]   | [INFO] Downloaded from central: https://repo.maven.apache.org/maven2/org/apache/maven/maven-artifact/2.2.1/maven-artifact-2.2.1.jar (80 kB at 1.9 MB/s)
[8202a66e-8822-4374-9111-fe86798c1116/build]   | [INFO] Downloading from central: https://repo.maven.apache.org/maven2/org/apache/maven/maven-plugin-descriptor/2.2.1/maven-plugin-descriptor-2.2.1.jar
[8202a66e-8822-4374-9111-fe86798c1116/build]   | [INFO] Downloaded from central: https://repo.maven.apache.org/maven2/org/apache/maven/surefire/surefire-booter/2.22.2/surefire-booter-2.22.2.jar (274 kB at 6.2 MB/s)
[8202a66e-8822-4374-9111-fe86798c1116/build]   | [INFO] Downloading from central: https://repo.maven.apache.org/maven2/junit/junit/4.12/junit-4.12.jar
[8202a66e-8822-4374-9111-fe86798c1116/build]   | [INFO] Downloaded from central: https://repo.maven.apache.org/maven2/org/apache/maven/surefire/surefire-api/2.22.2/surefire-api-2.22.2.jar (186 kB at 3.7 MB/s)
[8202a66e-8822-4374-9111-fe86798c1116/build]   | [INFO] Downloading from central: https://repo.maven.apache.org/maven2/org/hamcrest/hamcrest-core/1.3/hamcrest-core-1.3.jar
[8202a66e-8822-4374-9111-fe86798c1116/build]   | [INFO] Downloaded from central: https://repo.maven.apache.org/maven2/org/codehaus/plexus/plexus-utils/1.5.15/plexus-utils-1.5.15.jar (228 kB at 4.7 MB/s)
[8202a66e-8822-4374-9111-fe86798c1116/build]   | [INFO] Downloading from central: https://repo.maven.apache.org/maven2/org/apache/maven/maven-project/2.2.1/maven-project-2.2.1.jar
[8202a66e-8822-4374-9111-fe86798c1116/build]   | [INFO] Downloaded from central: https://repo.maven.apache.org/maven2/org/apache/maven/surefire/maven-surefire-common/2.22.2/maven-surefire-common-2.22.2.jar (528 kB at 9.8 MB/s)
[8202a66e-8822-4374-9111-fe86798c1116/build]   | [INFO] Downloading from central: https://repo.maven.apache.org/maven2/org/apache/maven/maven-settings/2.2.1/maven-settings-2.2.1.jar
[8202a66e-8822-4374-9111-fe86798c1116/build]   | [INFO] Downloaded from central: https://repo.maven.apache.org/maven2/org/apache/maven/maven-plugin-descriptor/2.2.1/maven-plugin-descriptor-2.2.1.jar (39 kB at 677 kB/s)
[8202a66e-8822-4374-9111-fe86798c1116/build]   | [INFO] Downloading from central: https://repo.maven.apache.org/maven2/org/apache/maven/maven-profile/2.2.1/maven-profile-2.2.1.jar
[8202a66e-8822-4374-9111-fe86798c1116/build]   | [INFO] Downloaded from central: https://repo.maven.apache.org/maven2/junit/junit/4.12/junit-4.12.jar (315 kB at 4.9 MB/s)
[8202a66e-8822-4374-9111-fe86798c1116/build]   | [INFO] Downloading from central: https://repo.maven.apache.org/maven2/org/apache/maven/maven-artifact-manager/2.2.1/maven-artifact-manager-2.2.1.jar
[8202a66e-8822-4374-9111-fe86798c1116/build]   | [INFO] Downloaded from central: https://repo.maven.apache.org/maven2/org/apache/maven/maven-settings/2.2.1/maven-settings-2.2.1.jar (49 kB at 721 kB/s)
[8202a66e-8822-4374-9111-fe86798c1116/build]   | [INFO] Downloading from central: https://repo.maven.apache.org/maven2/backport-util-concurrent/backport-util-concurrent/3.1/backport-util-concurrent-3.1.jar
[8202a66e-8822-4374-9111-fe86798c1116/build]   | [INFO] Downloaded from central: https://repo.maven.apache.org/maven2/org/apache/maven/maven-project/2.2.1/maven-project-2.2.1.jar (156 kB at 2.3 MB/s)
[8202a66e-8822-4374-9111-fe86798c1116/build]   | [INFO] Downloading from central: https://repo.maven.apache.org/maven2/org/apache/maven/maven-plugin-registry/2.2.1/maven-plugin-registry-2.2.1.jar
[8202a66e-8822-4374-9111-fe86798c1116/build]   | [INFO] Downloaded from central: https://repo.maven.apache.org/maven2/org/hamcrest/hamcrest-core/1.3/hamcrest-core-1.3.jar (45 kB at 634 kB/s)
[8202a66e-8822-4374-9111-fe86798c1116/build]   | [INFO] Downloading from central: https://repo.maven.apache.org/maven2/org/codehaus/plexus/plexus-interpolation/1.11/plexus-interpolation-1.11.jar
[8202a66e-8822-4374-9111-fe86798c1116/build]   | [INFO] Downloaded from central: https://repo.maven.apache.org/maven2/org/apache/maven/maven-profile/2.2.1/maven-profile-2.2.1.jar (35 kB at 478 kB/s)
[8202a66e-8822-4374-9111-fe86798c1116/build]   | [INFO] Downloading from central: https://repo.maven.apache.org/maven2/org/apache/maven/maven-model/2.2.1/maven-model-2.2.1.jar
[8202a66e-8822-4374-9111-fe86798c1116/build]   | [INFO] Downloaded from central: https://repo.maven.apache.org/maven2/org/apache/maven/maven-artifact-manager/2.2.1/maven-artifact-manager-2.2.1.jar (68 kB at 834 kB/s)
[8202a66e-8822-4374-9111-fe86798c1116/build]   | [INFO] Downloading from central: https://repo.maven.apache.org/maven2/org/apache/maven/maven-core/2.2.1/maven-core-2.2.1.jar
[8202a66e-8822-4374-9111-fe86798c1116/build]   | [INFO] Downloaded from central: https://repo.maven.apache.org/maven2/org/apache/maven/maven-plugin-registry/2.2.1/maven-plugin-registry-2.2.1.jar (30 kB at 345 kB/s)
[8202a66e-8822-4374-9111-fe86798c1116/build]   | [INFO] Downloading from central: https://repo.maven.apache.org/maven2/org/apache/maven/maven-plugin-parameter-documenter/2.2.1/maven-plugin-parameter-documenter-2.2.1.jar
[8202a66e-8822-4374-9111-fe86798c1116/build]   | [INFO] Downloaded from central: https://repo.maven.apache.org/maven2/org/apache/maven/maven-model/2.2.1/maven-model-2.2.1.jar (88 kB at 932 kB/s)
[8202a66e-8822-4374-9111-fe86798c1116/build]   | [INFO] Downloading from central: https://repo.maven.apache.org/maven2/org/slf4j/slf4j-jdk14/1.5.6/slf4j-jdk14-1.5.6.jar
[8202a66e-8822-4374-9111-fe86798c1116/build]   | [INFO] Downloaded from central: https://repo.maven.apache.org/maven2/org/codehaus/plexus/plexus-interpolation/1.11/plexus-interpolation-1.11.jar (51 kB at 520 kB/s)
[8202a66e-8822-4374-9111-fe86798c1116/build]   | [INFO] Downloading from central: https://repo.maven.apache.org/maven2/org/slf4j/slf4j-api/1.5.6/slf4j-api-1.5.6.jar
[8202a66e-8822-4374-9111-fe86798c1116/build]   | [INFO] Downloaded from central: https://repo.maven.apache.org/maven2/backport-util-concurrent/backport-util-concurrent/3.1/backport-util-concurrent-3.1.jar (332 kB at 3.4 MB/s)
[8202a66e-8822-4374-9111-fe86798c1116/build]   | [INFO] Downloading from central: https://repo.maven.apache.org/maven2/org/slf4j/jcl-over-slf4j/1.5.6/jcl-over-slf4j-1.5.6.jar
[8202a66e-8822-4374-9111-fe86798c1116/build]   | [INFO] Downloaded from central: https://repo.maven.apache.org/maven2/org/apache/maven/maven-core/2.2.1/maven-core-2.2.1.jar (178 kB at 1.8 MB/s)
[8202a66e-8822-4374-9111-fe86798c1116/build]   | [INFO] Downloading from central: https://repo.maven.apache.org/maven2/org/apache/maven/reporting/maven-reporting-api/3.0/maven-reporting-api-3.0.jar
[8202a66e-8822-4374-9111-fe86798c1116/build]   | [INFO] Downloaded from central: https://repo.maven.apache.org/maven2/org/apache/maven/maven-plugin-parameter-documenter/2.2.1/maven-plugin-parameter-documenter-2.2.1.jar (22 kB at 220 kB/s)
[8202a66e-8822-4374-9111-fe86798c1116/build]   | [INFO] Downloading from central: https://repo.maven.apache.org/maven2/org/apache/maven/maven-repository-metadata/2.2.1/maven-repository-metadata-2.2.1.jar
[8202a66e-8822-4374-9111-fe86798c1116/build]   | [INFO] Downloaded from central: https://repo.maven.apache.org/maven2/org/slf4j/slf4j-jdk14/1.5.6/slf4j-jdk14-1.5.6.jar (8.8 kB at 82 kB/s)
[8202a66e-8822-4374-9111-fe86798c1116/build]   | [INFO] Downloading from central: https://repo.maven.apache.org/maven2/org/apache/maven/maven-error-diagnostics/2.2.1/maven-error-diagnostics-2.2.1.jar
[8202a66e-8822-4374-9111-fe86798c1116/build]   | [INFO] Downloaded from central: https://repo.maven.apache.org/maven2/org/slf4j/slf4j-api/1.5.6/slf4j-api-1.5.6.jar (22 kB at 199 kB/s)
[8202a66e-8822-4374-9111-fe86798c1116/build]   | [INFO] Downloading from central: https://repo.maven.apache.org/maven2/org/apache/maven/maven-monitor/2.2.1/maven-monitor-2.2.1.jar
[8202a66e-8822-4374-9111-fe86798c1116/build]   | [INFO] Downloaded from central: https://repo.maven.apache.org/maven2/org/apache/maven/reporting/maven-reporting-api/3.0/maven-reporting-api-3.0.jar (11 kB at 96 kB/s)
[8202a66e-8822-4374-9111-fe86798c1116/build]   | [INFO] Downloading from central: https://repo.maven.apache.org/maven2/org/sonatype/plexus/plexus-sec-dispatcher/1.3/plexus-sec-dispatcher-1.3.jar
[8202a66e-8822-4374-9111-fe86798c1116/build]   | [INFO] Downloaded from central: https://repo.maven.apache.org/maven2/org/apache/maven/maven-repository-metadata/2.2.1/maven-repository-metadata-2.2.1.jar (26 kB at 221 kB/s)
[8202a66e-8822-4374-9111-fe86798c1116/build]   | [INFO] Downloading from central: https://repo.maven.apache.org/maven2/org/sonatype/plexus/plexus-cipher/1.4/plexus-cipher-1.4.jar
[8202a66e-8822-4374-9111-fe86798c1116/build]   | [INFO] Downloaded from central: https://repo.maven.apache.org/maven2/org/slf4j/jcl-over-slf4j/1.5.6/jcl-over-slf4j-1.5.6.jar (17 kB at 139 kB/s)
[8202a66e-8822-4374-9111-fe86798c1116/build]   | [INFO] Downloading from central: https://repo.maven.apache.org/maven2/org/apache/maven/maven-toolchain/2.2.1/maven-toolchain-2.2.1.jar
[8202a66e-8822-4374-9111-fe86798c1116/build]   | [INFO] Downloaded from central: https://repo.maven.apache.org/maven2/org/apache/maven/maven-error-diagnostics/2.2.1/maven-error-diagnostics-2.2.1.jar (13 kB at 107 kB/s)
[8202a66e-8822-4374-9111-fe86798c1116/build]   | [INFO] Downloading from central: https://repo.maven.apache.org/maven2/org/codehaus/plexus/plexus-java/0.9.10/plexus-java-0.9.10.jar
[8202a66e-8822-4374-9111-fe86798c1116/build]   | [INFO] Downloaded from central: https://repo.maven.apache.org/maven2/org/apache/maven/maven-monitor/2.2.1/maven-monitor-2.2.1.jar (10 kB at 82 kB/s)
[8202a66e-8822-4374-9111-fe86798c1116/build]   | [INFO] Downloading from central: https://repo.maven.apache.org/maven2/org/ow2/asm/asm/6.2/asm-6.2.jar
[8202a66e-8822-4374-9111-fe86798c1116/build]   | [INFO] Downloaded from central: https://repo.maven.apache.org/maven2/org/sonatype/plexus/plexus-sec-dispatcher/1.3/plexus-sec-dispatcher-1.3.jar (29 kB at 223 kB/s)
[8202a66e-8822-4374-9111-fe86798c1116/build]   | [INFO] Downloading from central: https://repo.maven.apache.org/maven2/com/thoughtworks/qdox/qdox/2.0-M8/qdox-2.0-M8.jar
[8202a66e-8822-4374-9111-fe86798c1116/build]   | [INFO] Downloaded from central: https://repo.maven.apache.org/maven2/org/sonatype/plexus/plexus-cipher/1.4/plexus-cipher-1.4.jar (13 kB at 105 kB/s)
[8202a66e-8822-4374-9111-fe86798c1116/build]   | [INFO] Downloaded from central: https://repo.maven.apache.org/maven2/org/apache/maven/maven-toolchain/2.2.1/maven-toolchain-2.2.1.jar (38 kB at 279 kB/s)
[8202a66e-8822-4374-9111-fe86798c1116/build]   | [INFO] Downloaded from central: https://repo.maven.apache.org/maven2/org/codehaus/plexus/plexus-java/0.9.10/plexus-java-0.9.10.jar (39 kB at 288 kB/s)
[8202a66e-8822-4374-9111-fe86798c1116/build]   | [INFO] Downloaded from central: https://repo.maven.apache.org/maven2/org/ow2/asm/asm/6.2/asm-6.2.jar (111 kB at 746 kB/s)
[8202a66e-8822-4374-9111-fe86798c1116/build]   | [INFO] Downloaded from central: https://repo.maven.apache.org/maven2/com/thoughtworks/qdox/qdox/2.0-M8/qdox-2.0-M8.jar (316 kB at 2.1 MB/s)
[8202a66e-8822-4374-9111-fe86798c1116/build]   | [INFO] Downloading from central: https://repo.maven.apache.org/maven2/org/apache/maven/surefire/surefire-junit-platform/2.22.2/surefire-junit-platform-2.22.2.pom
[8202a66e-8822-4374-9111-fe86798c1116/build]   | [INFO] Downloaded from central: https://repo.maven.apache.org/maven2/org/apache/maven/surefire/surefire-junit-platform/2.22.2/surefire-junit-platform-2.22.2.pom (7.0 kB at 498 kB/s)
[8202a66e-8822-4374-9111-fe86798c1116/build]   | [INFO] Downloading from central: https://repo.maven.apache.org/maven2/org/apache/maven/surefire/surefire-providers/2.22.2/surefire-providers-2.22.2.pom
[8202a66e-8822-4374-9111-fe86798c1116/build]   | [INFO] Downloaded from central: https://repo.maven.apache.org/maven2/org/apache/maven/surefire/surefire-providers/2.22.2/surefire-providers-2.22.2.pom (2.5 kB at 146 kB/s)
[8202a66e-8822-4374-9111-fe86798c1116/build]   | [INFO] Downloading from central: https://repo.maven.apache.org/maven2/org/junit/platform/junit-platform-launcher/1.3.1/junit-platform-launcher-1.3.1.pom
[8202a66e-8822-4374-9111-fe86798c1116/build]   | [INFO] Downloaded from central: https://repo.maven.apache.org/maven2/org/junit/platform/junit-platform-launcher/1.3.1/junit-platform-launcher-1.3.1.pom (2.2 kB at 158 kB/s)
[8202a66e-8822-4374-9111-fe86798c1116/build]   | [INFO] Downloading from central: https://repo.maven.apache.org/maven2/org/apiguardian/apiguardian-api/1.0.0/apiguardian-api-1.0.0.pom
[8202a66e-8822-4374-9111-fe86798c1116/build]   | [INFO] Downloaded from central: https://repo.maven.apache.org/maven2/org/apiguardian/apiguardian-api/1.0.0/apiguardian-api-1.0.0.pom (1.2 kB at 83 kB/s)
[8202a66e-8822-4374-9111-fe86798c1116/build]   | [INFO] Downloading from central: https://repo.maven.apache.org/maven2/org/junit/platform/junit-platform-engine/1.3.1/junit-platform-engine-1.3.1.pom
[8202a66e-8822-4374-9111-fe86798c1116/build]   | [INFO] Downloaded from central: https://repo.maven.apache.org/maven2/org/junit/platform/junit-platform-engine/1.3.1/junit-platform-engine-1.3.1.pom (2.4 kB at 171 kB/s)
[8202a66e-8822-4374-9111-fe86798c1116/build]   | [INFO] Downloading from central: https://repo.maven.apache.org/maven2/org/junit/platform/junit-platform-commons/1.3.1/junit-platform-commons-1.3.1.pom
[8202a66e-8822-4374-9111-fe86798c1116/build]   | [INFO] Downloaded from central: https://repo.maven.apache.org/maven2/org/junit/platform/junit-platform-commons/1.3.1/junit-platform-commons-1.3.1.pom (2.0 kB at 144 kB/s)
[8202a66e-8822-4374-9111-fe86798c1116/build]   | [INFO] Downloading from central: https://repo.maven.apache.org/maven2/org/opentest4j/opentest4j/1.1.1/opentest4j-1.1.1.pom
[8202a66e-8822-4374-9111-fe86798c1116/build]   | [INFO] Downloaded from central: https://repo.maven.apache.org/maven2/org/opentest4j/opentest4j/1.1.1/opentest4j-1.1.1.pom (1.7 kB at 129 kB/s)
[8202a66e-8822-4374-9111-fe86798c1116/build]   | [INFO] Downloading from central: https://repo.maven.apache.org/maven2/org/apache/maven/surefire/surefire-junit-platform/2.22.2/surefire-junit-platform-2.22.2.jar
[8202a66e-8822-4374-9111-fe86798c1116/build]   | [INFO] Downloading from central: https://repo.maven.apache.org/maven2/org/junit/platform/junit-platform-engine/1.3.1/junit-platform-engine-1.3.1.jar
[8202a66e-8822-4374-9111-fe86798c1116/build]   | [INFO] Downloading from central: https://repo.maven.apache.org/maven2/org/apiguardian/apiguardian-api/1.0.0/apiguardian-api-1.0.0.jar
[8202a66e-8822-4374-9111-fe86798c1116/build]   | [INFO] Downloading from central: https://repo.maven.apache.org/maven2/org/junit/platform/junit-platform-launcher/1.3.1/junit-platform-launcher-1.3.1.jar
[8202a66e-8822-4374-9111-fe86798c1116/build]   | [INFO] Downloading from central: https://repo.maven.apache.org/maven2/org/junit/platform/junit-platform-commons/1.3.1/junit-platform-commons-1.3.1.jar
[8202a66e-8822-4374-9111-fe86798c1116/build]   | [INFO] Downloaded from central: https://repo.maven.apache.org/maven2/org/apiguardian/apiguardian-api/1.0.0/apiguardian-api-1.0.0.jar (2.2 kB at 114 kB/s)
[8202a66e-8822-4374-9111-fe86798c1116/build]   | [INFO] Downloaded from central: https://repo.maven.apache.org/maven2/org/apache/maven/surefire/surefire-junit-platform/2.22.2/surefire-junit-platform-2.22.2.jar (66 kB at 3.3 MB/s)
[8202a66e-8822-4374-9111-fe86798c1116/build]   | [INFO] Downloaded from central: https://repo.maven.apache.org/maven2/org/junit/platform/junit-platform-commons/1.3.1/junit-platform-commons-1.3.1.jar (78 kB at 3.9 MB/s)
[8202a66e-8822-4374-9111-fe86798c1116/build]   | [INFO] Downloading from central: https://repo.maven.apache.org/maven2/org/opentest4j/opentest4j/1.1.1/opentest4j-1.1.1.jar
[8202a66e-8822-4374-9111-fe86798c1116/build]   | [INFO] Downloaded from central: https://repo.maven.apache.org/maven2/org/junit/platform/junit-platform-launcher/1.3.1/junit-platform-launcher-1.3.1.jar (95 kB at 4.3 MB/s)
[8202a66e-8822-4374-9111-fe86798c1116/build]   | [INFO] Downloaded from central: https://repo.maven.apache.org/maven2/org/junit/platform/junit-platform-engine/1.3.1/junit-platform-engine-1.3.1.jar (135 kB at 5.4 MB/s)
[8202a66e-8822-4374-9111-fe86798c1116/build]   | [INFO] Downloaded from central: https://repo.maven.apache.org/maven2/org/opentest4j/opentest4j/1.1.1/opentest4j-1.1.1.jar (7.1 kB at 509 kB/s)
[8202a66e-8822-4374-9111-fe86798c1116/build]   | [INFO] 
[8202a66e-8822-4374-9111-fe86798c1116/build]   | [INFO] -------------------------------------------------------
[8202a66e-8822-4374-9111-fe86798c1116/build]   | [INFO]  T E S T S
[8202a66e-8822-4374-9111-fe86798c1116/build]   | [INFO] -------------------------------------------------------
[8202a66e-8822-4374-9111-fe86798c1116/build]   | [INFO] Running RecursiveBinarySearchTest
[8202a66e-8822-4374-9111-fe86798c1116/build]   | [INFO] Tests run: 1, Failures: 0, Errors: 0, Skipped: 0, Time elapsed: 0.049 s - in RecursiveBinarySearchTest
[8202a66e-8822-4374-9111-fe86798c1116/build]   | [INFO] Running com.thealgorithms.io.BufferedReaderTest
[8202a66e-8822-4374-9111-fe86798c1116/build]   | [cached intentional error]
[8202a66e-8822-4374-9111-fe86798c1116/build]   | [INFO] Tests run: 3, Failures: 0, Errors: 0, Skipped: 0, Time elapsed: 0.001 s - in com.thealgorithms.io.BufferedReaderTest
[8202a66e-8822-4374-9111-fe86798c1116/build]   | [INFO] Running com.thealgorithms.stacks.CalculateMaxOfMinTest
[8202a66e-8822-4374-9111-fe86798c1116/build]   | [INFO] Tests run: 7, Failures: 0, Errors: 0, Skipped: 0, Time elapsed: 0.001 s - in com.thealgorithms.stacks.CalculateMaxOfMinTest
[8202a66e-8822-4374-9111-fe86798c1116/build]   | [INFO] Running com.thealgorithms.stacks.StackPostfixNotationTest
[8202a66e-8822-4374-9111-fe86798c1116/build]   | [INFO] Tests run: 6, Failures: 0, Errors: 0, Skipped: 0, Time elapsed: 0.032 s - in com.thealgorithms.stacks.StackPostfixNotationTest
[8202a66e-8822-4374-9111-fe86798c1116/build]   | [INFO] Running com.thealgorithms.greedyalgorithms.FractionalKnapsackTest
[8202a66e-8822-4374-9111-fe86798c1116/build]   | [INFO] Tests run: 3, Failures: 0, Errors: 0, Skipped: 0, Time elapsed: 0.003 s - in com.thealgorithms.greedyalgorithms.FractionalKnapsackTest
[8202a66e-8822-4374-9111-fe86798c1116/build]   | [INFO] Running com.thealgorithms.greedyalgorithms.CoinChangeTest
[8202a66e-8822-4374-9111-fe86798c1116/build]   | [INFO] Tests run: 7, Failures: 0, Errors: 0, Skipped: 0, Time elapsed: 0.021 s - in com.thealgorithms.greedyalgorithms.CoinChangeTest
[8202a66e-8822-4374-9111-fe86798c1116/build]   | [INFO] Running com.thealgorithms.greedyalgorithms.JobSequencingTest
[8202a66e-8822-4374-9111-fe86798c1116/build]   | [INFO] Tests run: 1, Failures: 0, Errors: 0, Skipped: 0, Time elapsed: 0.001 s - in com.thealgorithms.greedyalgorithms.JobSequencingTest
[8202a66e-8822-4374-9111-fe86798c1116/build]   | [INFO] Running com.thealgorithms.greedyalgorithms.ActivitySelectionTest
[8202a66e-8822-4374-9111-fe86798c1116/build]   | [INFO] Tests run: 3, Failures: 0, Errors: 0, Skipped: 0, Time elapsed: 0.002 s - in com.thealgorithms.greedyalgorithms.ActivitySelectionTest
[8202a66e-8822-4374-9111-fe86798c1116/build]   | [INFO] Running com.thealgorithms.misc.MedianOfRunningArrayTest
[8202a66e-8822-4374-9111-fe86798c1116/build]   | [INFO] Tests run: 17, Failures: 0, Errors: 0, Skipped: 0, Time elapsed: 0.02 s - in com.thealgorithms.misc.MedianOfRunningArrayTest
[8202a66e-8822-4374-9111-fe86798c1116/build]   | [INFO] Running com.thealgorithms.misc.PalindromeSinglyLinkedListTest
[8202a66e-8822-4374-9111-fe86798c1116/build]   | [INFO] Tests run: 7, Failures: 0, Errors: 0, Skipped: 0, Time elapsed: 0.006 s - in com.thealgorithms.misc.PalindromeSinglyLinkedListTest
[8202a66e-8822-4374-9111-fe86798c1116/build]   | [INFO] Running com.thealgorithms.misc.MirrorOfMatrixTest
[8202a66e-8822-4374-9111-fe86798c1116/build]   | [INFO] Tests run: 6, Failures: 0, Errors: 0, Skipped: 0, Time elapsed: 0.004 s - in com.thealgorithms.misc.MirrorOfMatrixTest
[8202a66e-8822-4374-9111-fe86798c1116/build]   | [INFO] Running com.thealgorithms.misc.TwoSumProblemTest
[8202a66e-8822-4374-9111-fe86798c1116/build]   | [INFO] Tests run: 6, Failures: 0, Errors: 0, Skipped: 0, Time elapsed: 0.007 s - in com.thealgorithms.misc.TwoSumProblemTest
[8202a66e-8822-4374-9111-fe86798c1116/build]   | [INFO] Running com.thealgorithms.scheduling.FCFSSchedulingTest
[8202a66e-8822-4374-9111-fe86798c1116/build]   | [INFO] Tests run: 1, Failures: 0, Errors: 0, Skipped: 0, Time elapsed: 0.001 s - in com.thealgorithms.scheduling.FCFSSchedulingTest
[8202a66e-8822-4374-9111-fe86798c1116/build]   | [INFO] Running com.thealgorithms.scheduling.PreemptivePrioritySchedulingTest
[8202a66e-8822-4374-9111-fe86798c1116/build]   | [INFO] Tests run: 1, Failures: 0, Errors: 0, Skipped: 0, Time elapsed: 0.002 s - in com.thealgorithms.scheduling.PreemptivePrioritySchedulingTest
[8202a66e-8822-4374-9111-fe86798c1116/build]   | [INFO] Running com.thealgorithms.scheduling.RRSchedulingTest
[8202a66e-8822-4374-9111-fe86798c1116/build]   | [INFO] Tests run: 1, Failures: 0, Errors: 0, Skipped: 0, Time elapsed: 0.001 s - in com.thealgorithms.scheduling.RRSchedulingTest
[8202a66e-8822-4374-9111-fe86798c1116/build]   | [INFO] Running com.thealgorithms.scheduling.SJFSchedulingTest
[8202a66e-8822-4374-9111-fe86798c1116/build]   | [INFO] Tests run: 7, Failures: 0, Errors: 0, Skipped: 0, Time elapsed: 0.006 s - in com.thealgorithms.scheduling.SJFSchedulingTest
[8202a66e-8822-4374-9111-fe86798c1116/build]   | [INFO] Running com.thealgorithms.ciphers.RSATest
[8202a66e-8822-4374-9111-fe86798c1116/build]   | [INFO] Tests run: 1, Failures: 0, Errors: 0, Skipped: 0, Time elapsed: 0.173 s - in com.thealgorithms.ciphers.RSATest
[8202a66e-8822-4374-9111-fe86798c1116/build]   | [INFO] Running com.thealgorithms.ciphers.DESTest
[8202a66e-8822-4374-9111-fe86798c1116/build]   | [INFO] Tests run: 2, Failures: 0, Errors: 0, Skipped: 0, Time elapsed: 0.034 s - in com.thealgorithms.ciphers.DESTest
[8202a66e-8822-4374-9111-fe86798c1116/build]   | [INFO] Running com.thealgorithms.ciphers.VigenereTest
[8202a66e-8822-4374-9111-fe86798c1116/build]   | [INFO] Tests run: 2, Failures: 0, Errors: 0, Skipped: 0, Time elapsed: 0.003 s - in com.thealgorithms.ciphers.VigenereTest
[8202a66e-8822-4374-9111-fe86798c1116/build]   | [INFO] Running com.thealgorithms.ciphers.BlowfishTest
[8202a66e-8822-4374-9111-fe86798c1116/build]   | [INFO] Tests run: 2, Failures: 0, Errors: 0, Skipped: 0, Time elapsed: 0.042 s - in com.thealgorithms.ciphers.BlowfishTest
[8202a66e-8822-4374-9111-fe86798c1116/build]   | [INFO] Running com.thealgorithms.ciphers.SimpleSubstitutionCipherTest
[8202a66e-8822-4374-9111-fe86798c1116/build]   | [INFO] Tests run: 3, Failures: 0, Errors: 0, Skipped: 0, Time elapsed: 0.002 s - in com.thealgorithms.ciphers.SimpleSubstitutionCipherTest
[8202a66e-8822-4374-9111-fe86798c1116/build]   | [INFO] Running com.thealgorithms.ciphers.SimpleSubCipherTest
[8202a66e-8822-4374-9111-fe86798c1116/build]   | [INFO] Tests run: 2, Failures: 0, Errors: 0, Skipped: 0, Time elapsed: 0.002 s - in com.thealgorithms.ciphers.SimpleSubCipherTest
[8202a66e-8822-4374-9111-fe86798c1116/build]   | [INFO] Running com.thealgorithms.ciphers.CaesarTest
[8202a66e-8822-4374-9111-fe86798c1116/build]   | [INFO] Tests run: 3, Failures: 0, Errors: 0, Skipped: 0, Time elapsed: 0.002 s - in com.thealgorithms.ciphers.CaesarTest
[8202a66e-8822-4374-9111-fe86798c1116/build]   | [INFO] Running com.thealgorithms.ciphers.PolybiusTest
[8202a66e-8822-4374-9111-fe86798c1116/build]   | [INFO] Tests run: 3, Failures: 0, Errors: 0, Skipped: 0, Time elapsed: 0.001 s - in com.thealgorithms.ciphers.PolybiusTest
[8202a66e-8822-4374-9111-fe86798c1116/build]   | [INFO] Running com.thealgorithms.ciphers.a5.LFSRTest
[8202a66e-8822-4374-9111-fe86798c1116/build]   | [INFO] Tests run: 3, Failures: 0, Errors: 0, Skipped: 0, Time elapsed: 0.007 s - in com.thealgorithms.ciphers.a5.LFSRTest
[8202a66e-8822-4374-9111-fe86798c1116/build]   | [INFO] Running com.thealgorithms.geometry.GrahamScanTest
[8202a66e-8822-4374-9111-fe86798c1116/build]   | [INFO] Tests run: 1, Failures: 0, Errors: 0, Skipped: 0, Time elapsed: 0.03 s - in com.thealgorithms.geometry.GrahamScanTest
[8202a66e-8822-4374-9111-fe86798c1116/build]   | [INFO] Running com.thealgorithms.searches.TestSearchInARowAndColWiseSortedMatrix
[8202a66e-8822-4374-9111-fe86798c1116/build]   | [INFO] Tests run: 2, Failures: 0, Errors: 0, Skipped: 0, Time elapsed: 0.004 s - in com.thealgorithms.searches.TestSearchInARowAndColWiseSortedMatrix
[8202a66e-8822-4374-9111-fe86798c1116/build]   | [INFO] Running com.thealgorithms.searches.OrderAgnosticBinarySearchTest
[8202a66e-8822-4374-9111-fe86798c1116/build]   | 4
[8202a66e-8822-4374-9111-fe86798c1116/build]   | 2
[8202a66e-8822-4374-9111-fe86798c1116/build]   | 4
[8202a66e-8822-4374-9111-fe86798c1116/build]   | 0
[8202a66e-8822-4374-9111-fe86798c1116/build]   | 0
[8202a66e-8822-4374-9111-fe86798c1116/build]   | -1
[8202a66e-8822-4374-9111-fe86798c1116/build]   | [INFO] Tests run: 6, Failures: 0, Errors: 0, Skipped: 0, Time elapsed: 0.004 s - in com.thealgorithms.searches.OrderAgnosticBinarySearchTest
[8202a66e-8822-4374-9111-fe86798c1116/build]   | [INFO] Running com.thealgorithms.searches.KMPSearchTest
[8202a66e-8822-4374-9111-fe86798c1116/build]   | Found pattern at index 10
[8202a66e-8822-4374-9111-fe86798c1116/build]   | 10
[8202a66e-8822-4374-9111-fe86798c1116/build]   | No pattern found
[8202a66e-8822-4374-9111-fe86798c1116/build]   | -1
[8202a66e-8822-4374-9111-fe86798c1116/build]   | Found pattern at index 4
[8202a66e-8822-4374-9111-fe86798c1116/build]   | 4
[8202a66e-8822-4374-9111-fe86798c1116/build]   | Found pattern at index 0
[8202a66e-8822-4374-9111-fe86798c1116/build]   | 0
[8202a66e-8822-4374-9111-fe86798c1116/build]   | Found pattern at index 4
[8202a66e-8822-4374-9111-fe86798c1116/build]   | 4
[8202a66e-8822-4374-9111-fe86798c1116/build]   | [INFO] Tests run: 5, Failures: 0, Errors: 0, Skipped: 0, Time elapsed: 0.006 s - in com.thealgorithms.searches.KMPSearchTest
[8202a66e-8822-4374-9111-fe86798c1116/build]   | [INFO] Running com.thealgorithms.searches.BinarySearch2dArrayTest
[8202a66e-8822-4374-9111-fe86798c1116/build]   | [1, 2]
[8202a66e-8822-4374-9111-fe86798c1116/build]   | [1, 3]
[8202a66e-8822-4374-9111-fe86798c1116/build]   | [2, 1]
[8202a66e-8822-4374-9111-fe86798c1116/build]   | [0, 1]
[8202a66e-8822-4374-9111-fe86798c1116/build]   | [1, 1]
[8202a66e-8822-4374-9111-fe86798c1116/build]   | [0, 1]
[8202a66e-8822-4374-9111-fe86798c1116/build]   | [-1, -1]
[8202a66e-8822-4374-9111-fe86798c1116/build]   | [2, 2]
[8202a66e-8822-4374-9111-fe86798c1116/build]   | [0, 2]
[8202a66e-8822-4374-9111-fe86798c1116/build]   | [0, 0]
[8202a66e-8822-4374-9111-fe86798c1116/build]   | [INFO] Tests run: 11, Failures: 0, Errors: 0, Skipped: 0, Time elapsed: 0.008 s - in com.thealgorithms.searches.BinarySearch2dArrayTest
[8202a66e-8822-4374-9111-fe86798c1116/build]   | [INFO] Running com.thealgorithms.searches.sortOrderAgnosticBinarySearchTest
[8202a66e-8822-4374-9111-fe86798c1116/build]   | [INFO] Tests run: 2, Failures: 0, Errors: 0, Skipped: 0, Time elapsed: 0.001 s - in com.thealgorithms.searches.sortOrderAgnosticBinarySearchTest
[8202a66e-8822-4374-9111-fe86798c1116/build]   | [INFO] Running com.thealgorithms.searches.RabinKarpAlgorithmTest
[8202a66e-8822-4374-9111-fe86798c1116/build]   | [INFO] Tests run: 7, Failures: 0, Errors: 0, Skipped: 0, Time elapsed: 0.081 s - in com.thealgorithms.searches.RabinKarpAlgorithmTest
[8202a66e-8822-4374-9111-fe86798c1116/build]   | [INFO] Running com.thealgorithms.searches.BreadthFirstSearchTest
[8202a66e-8822-4374-9111-fe86798c1116/build]   | [INFO] Tests run: 5, Failures: 0, Errors: 0, Skipped: 0, Time elapsed: 0.003 s - in com.thealgorithms.searches.BreadthFirstSearchTest
[8202a66e-8822-4374-9111-fe86798c1116/build]   | [INFO] Running com.thealgorithms.searches.HowManyTimesRotatedTest
[8202a66e-8822-4374-9111-fe86798c1116/build]   | [INFO] Tests run: 1, Failures: 0, Errors: 0, Skipped: 0, Time elapsed: 0 s - in com.thealgorithms.searches.HowManyTimesRotatedTest
[8202a66e-8822-4374-9111-fe86798c1116/build]   | [INFO] Running com.thealgorithms.searches.DepthFirstSearchTest
[8202a66e-8822-4374-9111-fe86798c1116/build]   | [INFO] Tests run: 4, Failures: 0, Errors: 0, Skipped: 0, Time elapsed: 0.003 s - in com.thealgorithms.searches.DepthFirstSearchTest
[8202a66e-8822-4374-9111-fe86798c1116/build]   | [INFO] Running com.thealgorithms.searches.QuickSelectTest
[8202a66e-8822-4374-9111-fe86798c1116/build]   | [INFO] Tests run: 21, Failures: 0, Errors: 0, Skipped: 0, Time elapsed: 0.029 s - in com.thealgorithms.searches.QuickSelectTest
[8202a66e-8822-4374-9111-fe86798c1116/build]   | [INFO] Running com.thealgorithms.searches.RowColumnWiseSorted2dArrayBinarySearchTest
[8202a66e-8822-4374-9111-fe86798c1116/build]   | [INFO] Tests run: 7, Failures: 0, Errors: 0, Skipped: 0, Time elapsed: 0.004 s - in com.thealgorithms.searches.RowColumnWiseSorted2dArrayBinarySearchTest
[8202a66e-8822-4374-9111-fe86798c1116/build]   | [INFO] Running com.thealgorithms.divideandconquer.BinaryExponentiationTest
[8202a66e-8822-4374-9111-fe86798c1116/build]   | [INFO] Tests run: 2, Failures: 0, Errors: 0, Skipped: 0, Time elapsed: 0.001 s - in com.thealgorithms.divideandconquer.BinaryExponentiationTest
[8202a66e-8822-4374-9111-fe86798c1116/build]   | [INFO] Running com.thealgorithms.divideandconquer.StrassenMatrixMultiplicationTest
[8202a66e-8822-4374-9111-fe86798c1116/build]   | [INFO] Tests run: 3, Failures: 0, Errors: 0, Skipped: 0, Time elapsed: 0.002 s - in com.thealgorithms.divideandconquer.StrassenMatrixMultiplicationTest
[8202a66e-8822-4374-9111-fe86798c1116/build]   | [INFO] Running com.thealgorithms.conversions.OctalToBinaryTest
[8202a66e-8822-4374-9111-fe86798c1116/build]   | [INFO] Tests run: 1, Failures: 0, Errors: 0, Skipped: 0, Time elapsed: 0.001 s - in com.thealgorithms.conversions.OctalToBinaryTest
[8202a66e-8822-4374-9111-fe86798c1116/build]   | [INFO] Running com.thealgorithms.conversions.HexToOctTest
[8202a66e-8822-4374-9111-fe86798c1116/build]   | [INFO] Tests run: 1, Failures: 0, Errors: 0, Skipped: 0, Time elapsed: 0 s - in com.thealgorithms.conversions.HexToOctTest
[8202a66e-8822-4374-9111-fe86798c1116/build]   | [INFO] Running com.thealgorithms.conversions.BinaryToHexadecimalTest
[8202a66e-8822-4374-9111-fe86798c1116/build]   | [INFO] Tests run: 1, Failures: 0, Errors: 0, Skipped: 0, Time elapsed: 0.001 s - in com.thealgorithms.conversions.BinaryToHexadecimalTest
[8202a66e-8822-4374-9111-fe86798c1116/build]   | [INFO] Running com.thealgorithms.conversions.DecimalToHexaDecimalTest
[8202a66e-8822-4374-9111-fe86798c1116/build]   | [INFO] Tests run: 1, Failures: 0, Errors: 0, Skipped: 0, Time elapsed: 0 s - in com.thealgorithms.conversions.DecimalToHexaDecimalTest
[8202a66e-8822-4374-9111-fe86798c1116/build]   | [INFO] Running com.thealgorithms.conversions.HexaDecimalToDecimalTest
[8202a66e-8822-4374-9111-fe86798c1116/build]   | [INFO] Tests run: 1, Failures: 0, Errors: 0, Skipped: 0, Time elapsed: 0 s - in com.thealgorithms.conversions.HexaDecimalToDecimalTest
[8202a66e-8822-4374-9111-fe86798c1116/build]   | [INFO] Running com.thealgorithms.conversions.OctalToHexadecimalTest
[8202a66e-8822-4374-9111-fe86798c1116/build]   | [INFO] Tests run: 1, Failures: 0, Errors: 0, Skipped: 0, Time elapsed: 0.001 s - in com.thealgorithms.conversions.OctalToHexadecimalTest
[8202a66e-8822-4374-9111-fe86798c1116/build]   | [INFO] Running com.thealgorithms.conversions.IntegerToRomanTest
[8202a66e-8822-4374-9111-fe86798c1116/build]   | [INFO] Tests run: 1, Failures: 0, Errors: 0, Skipped: 0, Time elapsed: 0.002 s - in com.thealgorithms.conversions.IntegerToRomanTest
[8202a66e-8822-4374-9111-fe86798c1116/build]   | [INFO] Running com.thealgorithms.conversions.BinaryToDecimalTest
[8202a66e-8822-4374-9111-fe86798c1116/build]   | [INFO] Tests run: 3, Failures: 0, Errors: 0, Skipped: 0, Time elapsed: 0.002 s - in com.thealgorithms.conversions.BinaryToDecimalTest
[8202a66e-8822-4374-9111-fe86798c1116/build]   | [INFO] Running com.thealgorithms.conversions.RomanToIntegerTest
[8202a66e-8822-4374-9111-fe86798c1116/build]   | [INFO] Tests run: 1, Failures: 0, Errors: 0, Skipped: 0, Time elapsed: 0.001 s - in com.thealgorithms.conversions.RomanToIntegerTest
[8202a66e-8822-4374-9111-fe86798c1116/build]   | [INFO] Running com.thealgorithms.conversions.BinaryToOctalTest
[8202a66e-8822-4374-9111-fe86798c1116/build]   | [INFO] Tests run: 1, Failures: 0, Errors: 0, Skipped: 0, Time elapsed: 0.001 s - in com.thealgorithms.conversions.BinaryToOctalTest
[8202a66e-8822-4374-9111-fe86798c1116/build]   | [INFO] Running com.thealgorithms.conversions.OctalToDecimalTest
[8202a66e-8822-4374-9111-fe86798c1116/build]   | [INFO] Tests run: 1, Failures: 0, Errors: 0, Skipped: 0, Time elapsed: 0.001 s - in com.thealgorithms.conversions.OctalToDecimalTest
[8202a66e-8822-4374-9111-fe86798c1116/build]   | [INFO] Running com.thealgorithms.conversions.HexaDecimalToBinaryTest
[8202a66e-8822-4374-9111-fe86798c1116/build]   | [INFO] Tests run: 1, Failures: 0, Errors: 0, Skipped: 0, Time elapsed: 0 s - in com.thealgorithms.conversions.HexaDecimalToBinaryTest
[8202a66e-8822-4374-9111-fe86798c1116/build]   | [INFO] Running com.thealgorithms.sorts.TimSortTest
[8202a66e-8822-4374-9111-fe86798c1116/build]   | [INFO] Tests run: 16, Failures: 0, Errors: 0, Skipped: 0, Time elapsed: 0.047 s - in com.thealgorithms.sorts.TimSortTest
[8202a66e-8822-4374-9111-fe86798c1116/build]   | [INFO] Running com.thealgorithms.sorts.CocktailShakerSortTest
[8202a66e-8822-4374-9111-fe86798c1116/build]   | [INFO] Tests run: 4, Failures: 0, Errors: 0, Skipped: 0, Time elapsed: 0.003 s - in com.thealgorithms.sorts.CocktailShakerSortTest
[8202a66e-8822-4374-9111-fe86798c1116/build]   | [INFO] Running com.thealgorithms.sorts.StrandSortTest
[8202a66e-8822-4374-9111-fe86798c1116/build]   | [INFO] Tests run: 2, Failures: 0, Errors: 0, Skipped: 0, Time elapsed: 0.002 s - in com.thealgorithms.sorts.StrandSortTest
[8202a66e-8822-4374-9111-fe86798c1116/build]   | [INFO] Running com.thealgorithms.sorts.GnomeSortTest
[8202a66e-8822-4374-9111-fe86798c1116/build]   | [INFO] Tests run: 8, Failures: 0, Errors: 0, Skipped: 0, Time elapsed: 0.045 s - in com.thealgorithms.sorts.GnomeSortTest
[8202a66e-8822-4374-9111-fe86798c1116/build]   | [INFO] Running com.thealgorithms.sorts.CombSortTest
[8202a66e-8822-4374-9111-fe86798c1116/build]   | [INFO] Tests run: 5, Failures: 0, Errors: 0, Skipped: 0, Time elapsed: 0.001 s - in com.thealgorithms.sorts.CombSortTest
[8202a66e-8822-4374-9111-fe86798c1116/build]   | [INFO] Running com.thealgorithms.sorts.HeapSortTest
[8202a66e-8822-4374-9111-fe86798c1116/build]   | [INFO] Tests run: 16, Failures: 0, Errors: 0, Skipped: 0, Time elapsed: 0.021 s - in com.thealgorithms.sorts.HeapSortTest
[8202a66e-8822-4374-9111-fe86798c1116/build]   | [INFO] Running com.thealgorithms.sorts.BogoSortTest
[8202a66e-8822-4374-9111-fe86798c1116/build]   | [INFO] Tests run: 7, Failures: 0, Errors: 0, Skipped: 0, Time elapsed: 0.025 s - in com.thealgorithms.sorts.BogoSortTest
[8202a66e-8822-4374-9111-fe86798c1116/build]   | [INFO] Running com.thealgorithms.sorts.SlowSortTest
[8202a66e-8822-4374-9111-fe86798c1116/build]   | [INFO] Tests run: 8, Failures: 0, Errors: 0, Skipped: 0, Time elapsed: 0.004 s - in com.thealgorithms.sorts.SlowSortTest
[8202a66e-8822-4374-9111-fe86798c1116/build]   | [INFO] Running com.thealgorithms.sorts.MergeSortTest
[8202a66e-8822-4374-9111-fe86798c1116/build]   | [INFO] Tests run: 16, Failures: 0, Errors: 0, Skipped: 0, Time elapsed: 0.01 s - in com.thealgorithms.sorts.MergeSortTest
[8202a66e-8822-4374-9111-fe86798c1116/build]   | [INFO] Running com.thealgorithms.sorts.DutchNationalFlagSortTest
[8202a66e-8822-4374-9111-fe86798c1116/build]   | [INFO] Tests run: 8, Failures: 0, Errors: 0, Skipped: 0, Time elapsed: 0.002 s - in com.thealgorithms.sorts.DutchNationalFlagSortTest
[8202a66e-8822-4374-9111-fe86798c1116/build]   | [INFO] Running com.thealgorithms.sorts.BubbleSortTest
[8202a66e-8822-4374-9111-fe86798c1116/build]   | [INFO] Tests run: 5, Failures: 0, Errors: 0, Skipped: 0, Time elapsed: 0 s - in com.thealgorithms.sorts.BubbleSortTest
[8202a66e-8822-4374-9111-fe86798c1116/build]   | [INFO] Running com.thealgorithms.sorts.MergeSortRecursiveTest
[8202a66e-8822-4374-9111-fe86798c1116/build]   | [INFO] Tests run: 2, Failures: 0, Errors: 0, Skipped: 0, Time elapsed: 0.002 s - in com.thealgorithms.sorts.MergeSortRecursiveTest
[8202a66e-8822-4374-9111-fe86798c1116/build]   | [INFO] Running com.thealgorithms.sorts.WiggleSortTest
[8202a66e-8822-4374-9111-fe86798c1116/build]   | [2, 5, 1, 2, 1, 2]
[8202a66e-8822-4374-9111-fe86798c1116/build]   | [INFO] Tests run: 7, Failures: 0, Errors: 0, Skipped: 0, Time elapsed: 0.003 s - in com.thealgorithms.sorts.WiggleSortTest
[8202a66e-8822-4374-9111-fe86798c1116/build]   | [INFO] Running com.thealgorithms.sorts.BucketSortTest
[8202a66e-8822-4374-9111-fe86798c1116/build]   | [INFO] Tests run: 5, Failures: 0, Errors: 0, Skipped: 0, Time elapsed: 0.002 s - in com.thealgorithms.sorts.BucketSortTest
[8202a66e-8822-4374-9111-fe86798c1116/build]   | [INFO] Running com.thealgorithms.sorts.BinaryInsertionSortTest
[8202a66e-8822-4374-9111-fe86798c1116/build]   | [INFO] Tests run: 2, Failures: 0, Errors: 0, Skipped: 0, Time elapsed: 0 s - in com.thealgorithms.sorts.BinaryInsertionSortTest
[8202a66e-8822-4374-9111-fe86798c1116/build]   | [INFO] Running com.thealgorithms.sorts.ShellSortTest
[8202a66e-8822-4374-9111-fe86798c1116/build]   | [INFO] Tests run: 7, Failures: 0, Errors: 0, Skipped: 0, Time elapsed: 0.002 s - in com.thealgorithms.sorts.ShellSortTest
[8202a66e-8822-4374-9111-fe86798c1116/build]   | [INFO] Running com.thealgorithms.sorts.SimpleSortTest
[8202a66e-8822-4374-9111-fe86798c1116/build]   | [INFO] Tests run: 7, Failures: 0, Errors: 0, Skipped: 0, Time elapsed: 0.003 s - in com.thealgorithms.sorts.SimpleSortTest
[8202a66e-8822-4374-9111-fe86798c1116/build]   | [INFO] Running com.thealgorithms.sorts.SortUtilsTest
[8202a66e-8822-4374-9111-fe86798c1116/build]   | [INFO] Tests run: 6, Failures: 0, Errors: 0, Skipped: 0, Time elapsed: 0.004 s - in com.thealgorithms.sorts.SortUtilsTest
[8202a66e-8822-4374-9111-fe86798c1116/build]   | [INFO] Running com.thealgorithms.sorts.TreeSortTest
[8202a66e-8822-4374-9111-fe86798c1116/build]   | [INFO] Tests run: 5, Failures: 0, Errors: 0, Skipped: 0, Time elapsed: 0.006 s - in com.thealgorithms.sorts.TreeSortTest
[8202a66e-8822-4374-9111-fe86798c1116/build]   | [INFO] Running com.thealgorithms.sorts.PancakeSortTest
[8202a66e-8822-4374-9111-fe86798c1116/build]   | [INFO] Tests run: 8, Failures: 0, Errors: 0, Skipped: 0, Time elapsed: 0.002 s - in com.thealgorithms.sorts.PancakeSortTest
[8202a66e-8822-4374-9111-fe86798c1116/build]   | [INFO] Running com.thealgorithms.sorts.InsertionSortTest
[8202a66e-8822-4374-9111-fe86798c1116/build]   | [INFO] Tests run: 7, Failures: 0, Errors: 0, Skipped: 0, Time elapsed: 0.065 s - in com.thealgorithms.sorts.InsertionSortTest
[8202a66e-8822-4374-9111-fe86798c1116/build]   | [INFO] Running com.thealgorithms.sorts.TopologicalSortTest
[8202a66e-8822-4374-9111-fe86798c1116/build]   | [INFO] Tests run: 2, Failures: 0, Errors: 0, Skipped: 0, Time elapsed: 0.002 s - in com.thealgorithms.sorts.TopologicalSortTest
[8202a66e-8822-4374-9111-fe86798c1116/build]   | [INFO] Running com.thealgorithms.sorts.QuickSortTest
[8202a66e-8822-4374-9111-fe86798c1116/build]   | [INFO] Tests run: 16, Failures: 0, Errors: 0, Skipped: 0, Time elapsed: 0.009 s - in com.thealgorithms.sorts.QuickSortTest
[8202a66e-8822-4374-9111-fe86798c1116/build]   | [INFO] Running com.thealgorithms.sorts.SelectionSortTest
[8202a66e-8822-4374-9111-fe86798c1116/build]   | [INFO] Tests run: 3, Failures: 0, Errors: 0, Skipped: 0, Time elapsed: 0 s - in com.thealgorithms.sorts.SelectionSortTest
[8202a66e-8822-4374-9111-fe86798c1116/build]   | [INFO] Running com.thealgorithms.sorts.BeadSortTest
[8202a66e-8822-4374-9111-fe86798c1116/build]   | [INFO] Tests run: 4, Failures: 0, Errors: 0, Skipped: 0, Time elapsed: 0.001 s - in com.thealgorithms.sorts.BeadSortTest
[8202a66e-8822-4374-9111-fe86798c1116/build]   | [INFO] Running com.thealgorithms.sorts.DualPivotQuickSortTest
[8202a66e-8822-4374-9111-fe86798c1116/build]   | [INFO] Tests run: 6, Failures: 0, Errors: 0, Skipped: 0, Time elapsed: 0 s - in com.thealgorithms.sorts.DualPivotQuickSortTest
[8202a66e-8822-4374-9111-fe86798c1116/build]   | [INFO] Running com.thealgorithms.sorts.SortUtilsRandomGeneratorTest
[8202a66e-8822-4374-9111-fe86798c1116/build]   | [INFO] Tests run: 2001, Failures: 0, Errors: 0, Skipped: 0, Time elapsed: 0.483 s - in com.thealgorithms.sorts.SortUtilsRandomGeneratorTest
[8202a66e-8822-4374-9111-fe86798c1116/build]   | [INFO] Running com.thealgorithms.sorts.OddEvenSortTest
[8202a66e-8822-4374-9111-fe86798c1116/build]   | [INFO] Tests run: 3, Failures: 0, Errors: 0, Skipped: 0, Time elapsed: 0 s - in com.thealgorithms.sorts.OddEvenSortTest
[8202a66e-8822-4374-9111-fe86798c1116/build]   | [INFO] Running com.thealgorithms.sorts.IntrospectiveSortTest
[8202a66e-8822-4374-9111-fe86798c1116/build]   | [INFO] Tests run: 7, Failures: 0, Errors: 0, Skipped: 0, Time elapsed: 0 s - in com.thealgorithms.sorts.IntrospectiveSortTest
[8202a66e-8822-4374-9111-fe86798c1116/build]   | [INFO] Running com.thealgorithms.others.countSetBitsTest
[8202a66e-8822-4374-9111-fe86798c1116/build]   | [INFO] Tests run: 1, Failures: 0, Errors: 0, Skipped: 0, Time elapsed: 0 s - in com.thealgorithms.others.countSetBitsTest
[8202a66e-8822-4374-9111-fe86798c1116/build]   | [INFO] Running com.thealgorithms.others.LowestBasePalindromeTest
[8202a66e-8822-4374-9111-fe86798c1116/build]   | [INFO] Tests run: 7, Failures: 0, Errors: 0, Skipped: 0, Time elapsed: 0 s - in com.thealgorithms.others.LowestBasePalindromeTest
[8202a66e-8822-4374-9111-fe86798c1116/build]   | [INFO] Running com.thealgorithms.others.MaximumSumOfDistinctSubarraysWithLengthKTest
[8202a66e-8822-4374-9111-fe86798c1116/build]   | [INFO] Tests run: 5, Failures: 0, Errors: 0, Skipped: 0, Time elapsed: 0 s - in com.thealgorithms.others.MaximumSumOfDistinctSubarraysWithLengthKTest
[8202a66e-8822-4374-9111-fe86798c1116/build]   | [INFO] Running com.thealgorithms.others.ConwayTest
[8202a66e-8822-4374-9111-fe86798c1116/build]   | [INFO] Tests run: 6, Failures: 0, Errors: 0, Skipped: 0, Time elapsed: 0.013 s - in com.thealgorithms.others.ConwayTest
[8202a66e-8822-4374-9111-fe86798c1116/build]   | [INFO] Running com.thealgorithms.others.NextFitCPUTest
[8202a66e-8822-4374-9111-fe86798c1116/build]   | [INFO] Tests run: 5, Failures: 0, Errors: 0, Skipped: 0, Time elapsed: 0.002 s - in com.thealgorithms.others.NextFitCPUTest
[8202a66e-8822-4374-9111-fe86798c1116/build]   | [INFO] Running com.thealgorithms.others.PasswordGenTest
[8202a66e-8822-4374-9111-fe86798c1116/build]   | [INFO] Tests run: 4, Failures: 0, Errors: 0, Skipped: 0, Time elapsed: 0.009 s - in com.thealgorithms.others.PasswordGenTest
[8202a66e-8822-4374-9111-fe86798c1116/build]   | [INFO] Running com.thealgorithms.others.FirstFitCPUTest
[8202a66e-8822-4374-9111-fe86798c1116/build]   | [INFO] Tests run: 5, Failures: 0, Errors: 0, Skipped: 0, Time elapsed: 0 s - in com.thealgorithms.others.FirstFitCPUTest
[8202a66e-8822-4374-9111-fe86798c1116/build]   | [INFO] Running com.thealgorithms.others.TwoPointersTest
[8202a66e-8822-4374-9111-fe86798c1116/build]   | [INFO] Tests run: 5, Failures: 0, Errors: 0, Skipped: 0, Time elapsed: 0.001 s - in com.thealgorithms.others.TwoPointersTest
[8202a66e-8822-4374-9111-fe86798c1116/build]   | [INFO] Running com.thealgorithms.others.LinkListSortTest
[8202a66e-8822-4374-9111-fe86798c1116/build]   | [INFO] Tests run: 8, Failures: 0, Errors: 0, Skipped: 0, Time elapsed: 0.005 s - in com.thealgorithms.others.LinkListSortTest
[8202a66e-8822-4374-9111-fe86798c1116/build]   | [INFO] Running com.thealgorithms.others.CRC16Test
[8202a66e-8822-4374-9111-fe86798c1116/build]   | [INFO] Tests run: 1, Failures: 0, Errors: 0, Skipped: 0, Time elapsed: 0 s - in com.thealgorithms.others.CRC16Test
[8202a66e-8822-4374-9111-fe86798c1116/build]   | [INFO] Running com.thealgorithms.others.WorstFitCPUTest
[8202a66e-8822-4374-9111-fe86798c1116/build]   | [INFO] Tests run: 6, Failures: 0, Errors: 0, Skipped: 0, Time elapsed: 0.002 s - in com.thealgorithms.others.WorstFitCPUTest
[8202a66e-8822-4374-9111-fe86798c1116/build]   | [INFO] Running com.thealgorithms.others.SieveOfEratosthenesTest
[8202a66e-8822-4374-9111-fe86798c1116/build]   | [INFO] Tests run: 6, Failures: 0, Errors: 0, Skipped: 0, Time elapsed: 0.005 s - in com.thealgorithms.others.SieveOfEratosthenesTest
[8202a66e-8822-4374-9111-fe86798c1116/build]   | [INFO] Running com.thealgorithms.others.EulersFunctionTest
[8202a66e-8822-4374-9111-fe86798c1116/build]   | [INFO] Tests run: 2, Failures: 0, Errors: 0, Skipped: 0, Time elapsed: 0.001 s - in com.thealgorithms.others.EulersFunctionTest
[8202a66e-8822-4374-9111-fe86798c1116/build]   | [INFO] Running com.thealgorithms.others.CountCharTest
[8202a66e-8822-4374-9111-fe86798c1116/build]   | [INFO] Tests run: 1, Failures: 0, Errors: 0, Skipped: 0, Time elapsed: 0 s - in com.thealgorithms.others.CountCharTest
[8202a66e-8822-4374-9111-fe86798c1116/build]   | [INFO] Running com.thealgorithms.others.TestPrintMatrixInSpiralOrder
[8202a66e-8822-4374-9111-fe86798c1116/build]   | [INFO] Tests run: 2, Failures: 0, Errors: 0, Skipped: 0, Time elapsed: 0.001 s - in com.thealgorithms.others.TestPrintMatrixInSpiralOrder
[8202a66e-8822-4374-9111-fe86798c1116/build]   | [INFO] Running com.thealgorithms.others.CountFriendsPairingTest
[8202a66e-8822-4374-9111-fe86798c1116/build]   | [INFO] Tests run: 8, Failures: 0, Errors: 0, Skipped: 0, Time elapsed: 0.002 s - in com.thealgorithms.others.CountFriendsPairingTest
[8202a66e-8822-4374-9111-fe86798c1116/build]   | [INFO] Running com.thealgorithms.others.BestFitCPUTest
[8202a66e-8822-4374-9111-fe86798c1116/build]   | [INFO] Tests run: 5, Failures: 0, Errors: 0, Skipped: 0, Time elapsed: 0.001 s - in com.thealgorithms.others.BestFitCPUTest
[8202a66e-8822-4374-9111-fe86798c1116/build]   | [INFO] Running com.thealgorithms.others.KadaneAlogrithmTest
[8202a66e-8822-4374-9111-fe86798c1116/build]   | [INFO] Tests run: 8, Failures: 0, Errors: 0, Skipped: 0, Time elapsed: 0.001 s - in com.thealgorithms.others.KadaneAlogrithmTest
[8202a66e-8822-4374-9111-fe86798c1116/build]   | [INFO] Running com.thealgorithms.others.LineSweepTest
[8202a66e-8822-4374-9111-fe86798c1116/build]   | [INFO] Tests run: 4, Failures: 0, Errors: 0, Skipped: 0, Time elapsed: 0.002 s - in com.thealgorithms.others.LineSweepTest
[8202a66e-8822-4374-9111-fe86798c1116/build]   | [INFO] Running com.thealgorithms.others.NewManShanksPrimeTest
[8202a66e-8822-4374-9111-fe86798c1116/build]   | [INFO] Tests run: 8, Failures: 0, Errors: 0, Skipped: 0, Time elapsed: 0.001 s - in com.thealgorithms.others.NewManShanksPrimeTest
[8202a66e-8822-4374-9111-fe86798c1116/build]   | [INFO] Running com.thealgorithms.others.CountWordsTest
[8202a66e-8822-4374-9111-fe86798c1116/build]   | [INFO] Tests run: 2, Failures: 0, Errors: 0, Skipped: 0, Time elapsed: 0.002 s - in com.thealgorithms.others.CountWordsTest
[8202a66e-8822-4374-9111-fe86798c1116/build]   | [INFO] Running com.thealgorithms.others.cn.HammingDistanceTest
[8202a66e-8822-4374-9111-fe86798c1116/build]   | [INFO] Tests run: 10, Failures: 0, Errors: 0, Skipped: 0, Time elapsed: 0.009 s - in com.thealgorithms.others.cn.HammingDistanceTest
[8202a66e-8822-4374-9111-fe86798c1116/build]   | [INFO] Running com.thealgorithms.others.CRCAlgorithmTest
[8202a66e-8822-4374-9111-fe86798c1116/build]   | [INFO] Tests run: 2, Failures: 0, Errors: 0, Skipped: 0, Time elapsed: 0 s - in com.thealgorithms.others.CRCAlgorithmTest
[8202a66e-8822-4374-9111-fe86798c1116/build]   | [INFO] Running com.thealgorithms.others.ArrayLeftRotationTest
[8202a66e-8822-4374-9111-fe86798c1116/build]   | [INFO] Tests run: 5, Failures: 0, Errors: 0, Skipped: 0, Time elapsed: 0.002 s - in com.thealgorithms.others.ArrayLeftRotationTest
[8202a66e-8822-4374-9111-fe86798c1116/build]   | [INFO] Running com.thealgorithms.backtracking.PermutationTest
[8202a66e-8822-4374-9111-fe86798c1116/build]   | [INFO] Tests run: 3, Failures: 0, Errors: 0, Skipped: 0, Time elapsed: 0 s - in com.thealgorithms.backtracking.PermutationTest
[8202a66e-8822-4374-9111-fe86798c1116/build]   | [INFO] Running com.thealgorithms.backtracking.MazeRecursionTest
[8202a66e-8822-4374-9111-fe86798c1116/build]   | [INFO] Tests run: 1, Failures: 0, Errors: 0, Skipped: 0, Time elapsed: 0 s - in com.thealgorithms.backtracking.MazeRecursionTest
[8202a66e-8822-4374-9111-fe86798c1116/build]   | [INFO] Running com.thealgorithms.backtracking.ArrayCombinationTest
[8202a66e-8822-4374-9111-fe86798c1116/build]   | [INFO] Tests run: 5, Failures: 0, Errors: 0, Skipped: 0, Time elapsed: 0.01 s - in com.thealgorithms.backtracking.ArrayCombinationTest
[8202a66e-8822-4374-9111-fe86798c1116/build]   | [INFO] Running com.thealgorithms.backtracking.CombinationTest
[8202a66e-8822-4374-9111-fe86798c1116/build]   | [INFO] Tests run: 3, Failures: 0, Errors: 0, Skipped: 0, Time elapsed: 0.001 s - in com.thealgorithms.backtracking.CombinationTest
[8202a66e-8822-4374-9111-fe86798c1116/build]   | [INFO] Running com.thealgorithms.backtracking.PowerSumTest
[8202a66e-8822-4374-9111-fe86798c1116/build]   | [INFO] Tests run: 3, Failures: 0, Errors: 0, Skipped: 0, Time elapsed: 0.001 s - in com.thealgorithms.backtracking.PowerSumTest
[8202a66e-8822-4374-9111-fe86798c1116/build]   | [INFO] Running com.thealgorithms.backtracking.FloodFillTest
[8202a66e-8822-4374-9111-fe86798c1116/build]   | [INFO] Tests run: 6, Failures: 0, Errors: 0, Skipped: 0, Time elapsed: 0.001 s - in com.thealgorithms.backtracking.FloodFillTest
[8202a66e-8822-4374-9111-fe86798c1116/build]   | [INFO] Running com.thealgorithms.backtracking.AllPathsFromSourceToTargetTest
[8202a66e-8822-4374-9111-fe86798c1116/build]   | [INFO] Tests run: 4, Failures: 0, Errors: 0, Skipped: 0, Time elapsed: 0.001 s - in com.thealgorithms.backtracking.AllPathsFromSourceToTargetTest
[8202a66e-8822-4374-9111-fe86798c1116/build]   | [INFO] Running com.thealgorithms.backtracking.MColoringTest
[8202a66e-8822-4374-9111-fe86798c1116/build]   | [INFO] Tests run: 3, Failures: 0, Errors: 0, Skipped: 0, Time elapsed: 0 s - in com.thealgorithms.backtracking.MColoringTest
[8202a66e-8822-4374-9111-fe86798c1116/build]   | [INFO] Running com.thealgorithms.backtracking.WordSearchTest
[8202a66e-8822-4374-9111-fe86798c1116/build]   | [INFO] Tests run: 3, Failures: 0, Errors: 0, Skipped: 0, Time elapsed: 0 s - in com.thealgorithms.backtracking.WordSearchTest
[8202a66e-8822-4374-9111-fe86798c1116/build]   | [INFO] Running com.thealgorithms.strings.ReverseStringRecursiveTest
[8202a66e-8822-4374-9111-fe86798c1116/build]   | [INFO] Tests run: 3, Failures: 0, Errors: 0, Skipped: 0, Time elapsed: 0.001 s - in com.thealgorithms.strings.ReverseStringRecursiveTest
[8202a66e-8822-4374-9111-fe86798c1116/build]   | [INFO] Running com.thealgorithms.strings.LetterCombinationsOfPhoneNumberTest
[8202a66e-8822-4374-9111-fe86798c1116/build]   | [INFO] Tests run: 1, Failures: 0, Errors: 0, Skipped: 0, Time elapsed: 0.001 s - in com.thealgorithms.strings.LetterCombinationsOfPhoneNumberTest
[8202a66e-8822-4374-9111-fe86798c1116/build]   | [INFO] Running com.thealgorithms.strings.CheckAnagramsTest
[8202a66e-8822-4374-9111-fe86798c1116/build]   | [INFO] Tests run: 8, Failures: 0, Errors: 0, Skipped: 0, Time elapsed: 0.002 s - in com.thealgorithms.strings.CheckAnagramsTest
[8202a66e-8822-4374-9111-fe86798c1116/build]   | [INFO] Running com.thealgorithms.strings.RotationTest
[8202a66e-8822-4374-9111-fe86798c1116/build]   | [INFO] Tests run: 1, Failures: 0, Errors: 0, Skipped: 0, Time elapsed: 0 s - in com.thealgorithms.strings.RotationTest
[8202a66e-8822-4374-9111-fe86798c1116/build]   | [INFO] Running com.thealgorithms.strings.MyAtoiTest
[8202a66e-8822-4374-9111-fe86798c1116/build]   | [INFO] Tests run: 7, Failures: 0, Errors: 0, Skipped: 0, Time elapsed: 0.002 s - in com.thealgorithms.strings.MyAtoiTest
[8202a66e-8822-4374-9111-fe86798c1116/build]   | [INFO] Running com.thealgorithms.strings.UpperTest
[8202a66e-8822-4374-9111-fe86798c1116/build]   | [INFO] Tests run: 1, Failures: 0, Errors: 0, Skipped: 0, Time elapsed: 0 s - in com.thealgorithms.strings.UpperTest
[8202a66e-8822-4374-9111-fe86798c1116/build]   | [INFO] Running com.thealgorithms.strings.longestNonRepeativeSubstringTest
[8202a66e-8822-4374-9111-fe86798c1116/build]   | [INFO] Tests run: 1, Failures: 0, Errors: 0, Skipped: 0, Time elapsed: 0 s - in com.thealgorithms.strings.longestNonRepeativeSubstringTest
[8202a66e-8822-4374-9111-fe86798c1116/build]   | [INFO] Running com.thealgorithms.strings.LowerTest
[8202a66e-8822-4374-9111-fe86798c1116/build]   | [INFO] Tests run: 1, Failures: 0, Errors: 0, Skipped: 0, Time elapsed: 0 s - in com.thealgorithms.strings.LowerTest
[8202a66e-8822-4374-9111-fe86798c1116/build]   | [INFO] Running com.thealgorithms.strings.ReverseStringTest
[8202a66e-8822-4374-9111-fe86798c1116/build]   | [INFO] Tests run: 1, Failures: 0, Errors: 0, Skipped: 0, Time elapsed: 0.001 s - in com.thealgorithms.strings.ReverseStringTest
[8202a66e-8822-4374-9111-fe86798c1116/build]   | [INFO] Running com.thealgorithms.strings.HorspoolSearchTest
[8202a66e-8822-4374-9111-fe86798c1116/build]   | [INFO] Tests run: 13, Failures: 0, Errors: 0, Skipped: 0, Time elapsed: 0.005 s - in com.thealgorithms.strings.HorspoolSearchTest
[8202a66e-8822-4374-9111-fe86798c1116/build]   | [INFO] Running com.thealgorithms.strings.PangramTest
[8202a66e-8822-4374-9111-fe86798c1116/build]   | [INFO] Tests run: 1, Failures: 0, Errors: 0, Skipped: 0, Time elapsed: 0.001 s - in com.thealgorithms.strings.PangramTest
[8202a66e-8822-4374-9111-fe86798c1116/build]   | [INFO] Running com.thealgorithms.strings.AnagramsTest
[8202a66e-8822-4374-9111-fe86798c1116/build]   | [INFO] Tests run: 1, Failures: 0, Errors: 0, Skipped: 0, Time elapsed: 0.001 s - in com.thealgorithms.strings.AnagramsTest
[8202a66e-8822-4374-9111-fe86798c1116/build]   | [INFO] Running com.thealgorithms.strings.ValidParenthesesTest
[8202a66e-8822-4374-9111-fe86798c1116/build]   | [INFO] Tests run: 3, Failures: 0, Errors: 0, Skipped: 0, Time elapsed: 0.001 s - in com.thealgorithms.strings.ValidParenthesesTest
[8202a66e-8822-4374-9111-fe86798c1116/build]   | [INFO] Running com.thealgorithms.strings.StringCompressionTest
[8202a66e-8822-4374-9111-fe86798c1116/build]   | [INFO] Tests run: 4, Failures: 0, Errors: 0, Skipped: 0, Time elapsed: 0.008 s - in com.thealgorithms.strings.StringCompressionTest
[8202a66e-8822-4374-9111-fe86798c1116/build]   | [INFO] Running com.thealgorithms.strings.CharacterSameTest
[8202a66e-8822-4374-9111-fe86798c1116/build]   | [INFO] Tests run: 1, Failures: 0, Errors: 0, Skipped: 0, Time elapsed: 0 s - in com.thealgorithms.strings.CharacterSameTest
[8202a66e-8822-4374-9111-fe86798c1116/build]   | [INFO] Running com.thealgorithms.strings.HammingDistanceTest
[8202a66e-8822-4374-9111-fe86798c1116/build]   | [INFO] Tests run: 2, Failures: 0, Errors: 0, Skipped: 0, Time elapsed: 0.001 s - in com.thealgorithms.strings.HammingDistanceTest
[8202a66e-8822-4374-9111-fe86798c1116/build]   | [INFO] Running com.thealgorithms.strings.CheckVowelsTest
[8202a66e-8822-4374-9111-fe86798c1116/build]   | [INFO] Tests run: 1, Failures: 0, Errors: 0, Skipped: 0, Time elapsed: 0 s - in com.thealgorithms.strings.CheckVowelsTest
[8202a66e-8822-4374-9111-fe86798c1116/build]   | [INFO] Running com.thealgorithms.strings.zigZagPattern.zigZagPatternTest
[8202a66e-8822-4374-9111-fe86798c1116/build]   | [INFO] Tests run: 1, Failures: 0, Errors: 0, Skipped: 0, Time elapsed: 0 s - in com.thealgorithms.strings.zigZagPattern.zigZagPatternTest
[8202a66e-8822-4374-9111-fe86798c1116/build]   | [INFO] Running com.thealgorithms.strings.WordLadderTest
[8202a66e-8822-4374-9111-fe86798c1116/build]   | [INFO] Tests run: 1, Failures: 0, Errors: 0, Skipped: 0, Time elapsed: 0 s - in com.thealgorithms.strings.WordLadderTest
[8202a66e-8822-4374-9111-fe86798c1116/build]   | [INFO] Running com.thealgorithms.strings.PalindromeTest
[8202a66e-8822-4374-9111-fe86798c1116/build]   | [INFO] Tests run: 1, Failures: 0, Errors: 0, Skipped: 0, Time elapsed: 0 s - in com.thealgorithms.strings.PalindromeTest
[8202a66e-8822-4374-9111-fe86798c1116/build]   | [INFO] Running com.thealgorithms.strings.AlphabeticalTest
[8202a66e-8822-4374-9111-fe86798c1116/build]   | [INFO] Tests run: 1, Failures: 0, Errors: 0, Skipped: 0, Time elapsed: 0.001 s - in com.thealgorithms.strings.AlphabeticalTest
[8202a66e-8822-4374-9111-fe86798c1116/build]   | [INFO] Running com.thealgorithms.dynamicprogramming.KnapsackTest
[8202a66e-8822-4374-9111-fe86798c1116/build]   | [INFO] Tests run: 8, Failures: 0, Errors: 0, Skipped: 0, Time elapsed: 0.004 s - in com.thealgorithms.dynamicprogramming.KnapsackTest
[8202a66e-8822-4374-9111-fe86798c1116/build]   | [INFO] Running com.thealgorithms.dynamicprogramming.SubsetCountTest
[8202a66e-8822-4374-9111-fe86798c1116/build]   | [INFO] Tests run: 4, Failures: 0, Errors: 0, Skipped: 0, Time elapsed: 0 s - in com.thealgorithms.dynamicprogramming.SubsetCountTest
[8202a66e-8822-4374-9111-fe86798c1116/build]   | [INFO] Running com.thealgorithms.dynamicprogramming.WildcardMatchingTest
[8202a66e-8822-4374-9111-fe86798c1116/build]   | [INFO] Tests run: 3, Failures: 0, Errors: 0, Skipped: 0, Time elapsed: 0 s - in com.thealgorithms.dynamicprogramming.WildcardMatchingTest
[8202a66e-8822-4374-9111-fe86798c1116/build]   | [INFO] Running com.thealgorithms.dynamicprogramming.MinimumSumPartitionTest
[8202a66e-8822-4374-9111-fe86798c1116/build]   | [INFO] Tests run: 6, Failures: 0, Errors: 0, Skipped: 0, Time elapsed: 0.002 s - in com.thealgorithms.dynamicprogramming.MinimumSumPartitionTest
[8202a66e-8822-4374-9111-fe86798c1116/build]   | [INFO] Running com.thealgorithms.dynamicprogramming.OptimalJobSchedulingTest
[8202a66e-8822-4374-9111-fe86798c1116/build]   | 5 1 3 2 
[8202a66e-8822-4374-9111-fe86798c1116/build]   | 6 3 4 5 
[8202a66e-8822-4374-9111-fe86798c1116/build]   | 5 8 6 6 
[8202a66e-8822-4374-9111-fe86798c1116/build]   | 7 9 10 8 
[8202a66e-8822-4374-9111-fe86798c1116/build]   | 8 9 12 9 
[8202a66e-8822-4374-9111-fe86798c1116/build]   | 
[8202a66e-8822-4374-9111-fe86798c1116/build]   | 5 1 3 
[8202a66e-8822-4374-9111-fe86798c1116/build]   | 6 3 4 
[8202a66e-8822-4374-9111-fe86798c1116/build]   | 5 8 6 
[8202a66e-8822-4374-9111-fe86798c1116/build]   | 
[8202a66e-8822-4374-9111-fe86798c1116/build]   | 5 1 3 2 
[8202a66e-8822-4374-9111-fe86798c1116/build]   | 6 3 4 3 
[8202a66e-8822-4374-9111-fe86798c1116/build]   | 5 8 6 9 
[8202a66e-8822-4374-9111-fe86798c1116/build]   | 6 7 8 9 
[8202a66e-8822-4374-9111-fe86798c1116/build]   | 8 8 12 13 
[8202a66e-8822-4374-9111-fe86798c1116/build]   | 11 10 12 12 
[8202a66e-8822-4374-9111-fe86798c1116/build]   | 
[8202a66e-8822-4374-9111-fe86798c1116/build]   | [INFO] Tests run: 3, Failures: 0, Errors: 0, Skipped: 0, Time elapsed: 0.003 s - in com.thealgorithms.dynamicprogramming.OptimalJobSchedulingTest
[8202a66e-8822-4374-9111-fe86798c1116/build]   | [INFO] Running com.thealgorithms.dynamicprogramming.MinimumPathSumTest
[8202a66e-8822-4374-9111-fe86798c1116/build]   | [INFO] Tests run: 7, Failures: 0, Errors: 0, Skipped: 0, Time elapsed: 0.001 s - in com.thealgorithms.dynamicprogramming.MinimumPathSumTest
[8202a66e-8822-4374-9111-fe86798c1116/build]   | [INFO] Running com.thealgorithms.dynamicprogramming.climbStairsTest
[8202a66e-8822-4374-9111-fe86798c1116/build]   | [INFO] Tests run: 5, Failures: 0, Errors: 0, Skipped: 0, Time elapsed: 0 s - in com.thealgorithms.dynamicprogramming.climbStairsTest
[8202a66e-8822-4374-9111-fe86798c1116/build]   | [INFO] Running com.thealgorithms.dynamicprogramming.CatalanNumberTest
[8202a66e-8822-4374-9111-fe86798c1116/build]   | [INFO] Tests run: 1, Failures: 0, Errors: 0, Skipped: 0, Time elapsed: 0 s - in com.thealgorithms.dynamicprogramming.CatalanNumberTest
[8202a66e-8822-4374-9111-fe86798c1116/build]   | [INFO] Running com.thealgorithms.dynamicprogramming.PartitionProblemTest
[8202a66e-8822-4374-9111-fe86798c1116/build]   | [INFO] Tests run: 4, Failures: 0, Errors: 0, Skipped: 0, Time elapsed: 0 s - in com.thealgorithms.dynamicprogramming.PartitionProblemTest
[8202a66e-8822-4374-9111-fe86798c1116/build]   | [INFO] Running com.thealgorithms.dynamicprogramming.KnapsackMemoizationTest
[8202a66e-8822-4374-9111-fe86798c1116/build]   | [INFO] Tests run: 3, Failures: 0, Errors: 0, Skipped: 0, Time elapsed: 0.001 s - in com.thealgorithms.dynamicprogramming.KnapsackMemoizationTest
[8202a66e-8822-4374-9111-fe86798c1116/build]   | [INFO] Running com.thealgorithms.dynamicprogramming.LevenshteinDistanceTests
[8202a66e-8822-4374-9111-fe86798c1116/build]   | [INFO] Tests run: 4, Failures: 0, Errors: 0, Skipped: 0, Time elapsed: 0.004 s - in com.thealgorithms.dynamicprogramming.LevenshteinDistanceTests
[8202a66e-8822-4374-9111-fe86798c1116/build]   | [INFO] Running com.thealgorithms.dynamicprogramming.EggDroppingTest
[8202a66e-8822-4374-9111-fe86798c1116/build]   | [INFO] Tests run: 4, Failures: 0, Errors: 0, Skipped: 0, Time elapsed: 0.015 s - in com.thealgorithms.dynamicprogramming.EggDroppingTest
[8202a66e-8822-4374-9111-fe86798c1116/build]   | [INFO] Running com.thealgorithms.dynamicprogramming.UniquePathsTests
[8202a66e-8822-4374-9111-fe86798c1116/build]   | [INFO] Tests run: 10, Failures: 0, Errors: 0, Skipped: 0, Time elapsed: 0.002 s - in com.thealgorithms.dynamicprogramming.UniquePathsTests
[8202a66e-8822-4374-9111-fe86798c1116/build]   | [INFO] Running com.thealgorithms.datastructures.disjointsetunion.DisjointSetUnionTest
[8202a66e-8822-4374-9111-fe86798c1116/build]   | [INFO] Tests run: 2, Failures: 0, Errors: 0, Skipped: 0, Time elapsed: 0.001 s - in com.thealgorithms.datastructures.disjointsetunion.DisjointSetUnionTest
[8202a66e-8822-4374-9111-fe86798c1116/build]   | [INFO] Running com.thealgorithms.datastructures.buffers.CircularBufferTest
[8202a66e-8822-4374-9111-fe86798c1116/build]   | [INFO] Tests run: 1004, Failures: 0, Errors: 0, Skipped: 0, Time elapsed: 0.933 s - in com.thealgorithms.datastructures.buffers.CircularBufferTest
[8202a66e-8822-4374-9111-fe86798c1116/build]   | [INFO] Running com.thealgorithms.datastructures.bloomfilter.BloomFilterTest
[8202a66e-8822-4374-9111-fe86798c1116/build]   | [INFO] Tests run: 2, Failures: 0, Errors: 0, Skipped: 0, Time elapsed: 0 s - in com.thealgorithms.datastructures.bloomfilter.BloomFilterTest
[8202a66e-8822-4374-9111-fe86798c1116/build]   | [INFO] Running com.thealgorithms.datastructures.hashmap.HashMapCuckooHashingTest
[8202a66e-8822-4374-9111-fe86798c1116/build]   | Infinite loop occurred, lengthening & rehashing table
[8202a66e-8822-4374-9111-fe86798c1116/build]   | Infinite loop occurred, lengthening & rehashing table
[8202a66e-8822-4374-9111-fe86798c1116/build]   | [INFO] Tests run: 8, Failures: 0, Errors: 0, Skipped: 0, Time elapsed: 0 s - in com.thealgorithms.datastructures.hashmap.HashMapCuckooHashingTest
[8202a66e-8822-4374-9111-fe86798c1116/build]   | [INFO] Running com.thealgorithms.datastructures.hashmap.hashing.GenericHashMapUsingArrayTest
[8202a66e-8822-4374-9111-fe86798c1116/build]   | [INFO] Tests run: 3, Failures: 0, Errors: 0, Skipped: 0, Time elapsed: 0 s - in com.thealgorithms.datastructures.hashmap.hashing.GenericHashMapUsingArrayTest
[8202a66e-8822-4374-9111-fe86798c1116/build]   | [INFO] Running com.thealgorithms.datastructures.hashmap.hashing.LinearProbingHashMapTest
[8202a66e-8822-4374-9111-fe86798c1116/build]   | [INFO] Tests run: 7, Failures: 0, Errors: 0, Skipped: 0, Time elapsed: 0.003 s - in com.thealgorithms.datastructures.hashmap.hashing.LinearProbingHashMapTest
[8202a66e-8822-4374-9111-fe86798c1116/build]   | [INFO] Running com.thealgorithms.datastructures.hashmap.hashing.MajorityElementTest
[8202a66e-8822-4374-9111-fe86798c1116/build]   | [INFO] Tests run: 4, Failures: 0, Errors: 0, Skipped: 0, Time elapsed: 0.001 s - in com.thealgorithms.datastructures.hashmap.hashing.MajorityElementTest
[8202a66e-8822-4374-9111-fe86798c1116/build]   | [INFO] Running com.thealgorithms.datastructures.hashmap.hashing.GenericHashMapUsingArrayListTest
[8202a66e-8822-4374-9111-fe86798c1116/build]   | [INFO] Tests run: 3, Failures: 0, Errors: 0, Skipped: 0, Time elapsed: 0.001 s - in com.thealgorithms.datastructures.hashmap.hashing.GenericHashMapUsingArrayListTest
[8202a66e-8822-4374-9111-fe86798c1116/build]   | [INFO] Running com.thealgorithms.datastructures.heaps.FibonacciHeapTest
[8202a66e-8822-4374-9111-fe86798c1116/build]   | [INFO] Tests run: 1, Failures: 0, Errors: 0, Skipped: 0, Time elapsed: 0.001 s - in com.thealgorithms.datastructures.heaps.FibonacciHeapTest
[8202a66e-8822-4374-9111-fe86798c1116/build]   | [INFO] Running com.thealgorithms.datastructures.heaps.LeftistHeapTest
[8202a66e-8822-4374-9111-fe86798c1116/build]   | [INFO] Tests run: 1, Failures: 0, Errors: 0, Skipped: 0, Time elapsed: 0.001 s - in com.thealgorithms.datastructures.heaps.LeftistHeapTest
[8202a66e-8822-4374-9111-fe86798c1116/build]   | [INFO] Running com.thealgorithms.datastructures.queues.PriorityQueuesTest
[8202a66e-8822-4374-9111-fe86798c1116/build]   | [INFO] Tests run: 3, Failures: 0, Errors: 0, Skipped: 0, Time elapsed: 0.001 s - in com.thealgorithms.datastructures.queues.PriorityQueuesTest
[8202a66e-8822-4374-9111-fe86798c1116/build]   | [INFO] Running com.thealgorithms.datastructures.queues.LinkedQueueTest
[8202a66e-8822-4374-9111-fe86798c1116/build]   | [INFO] Tests run: 1, Failures: 0, Errors: 0, Skipped: 0, Time elapsed: 0.001 s - in com.thealgorithms.datastructures.queues.LinkedQueueTest
[8202a66e-8822-4374-9111-fe86798c1116/build]   | [INFO] Running com.thealgorithms.datastructures.caches.MRUCacheTest
[8202a66e-8822-4374-9111-fe86798c1116/build]   | [INFO] Tests run: 4, Failures: 0, Errors: 0, Skipped: 0, Time elapsed: 0.003 s - in com.thealgorithms.datastructures.caches.MRUCacheTest
[8202a66e-8822-4374-9111-fe86798c1116/build]   | [INFO] Running com.thealgorithms.datastructures.caches.LFUCacheTest
[8202a66e-8822-4374-9111-fe86798c1116/build]   | [INFO] Tests run: 3, Failures: 0, Errors: 0, Skipped: 0, Time elapsed: 0.001 s - in com.thealgorithms.datastructures.caches.LFUCacheTest
[8202a66e-8822-4374-9111-fe86798c1116/build]   | [INFO] Running com.thealgorithms.datastructures.caches.LRUCacheTest
[8202a66e-8822-4374-9111-fe86798c1116/build]   | [INFO] Tests run: 4, Failures: 0, Errors: 0, Skipped: 0, Time elapsed: 0.001 s - in com.thealgorithms.datastructures.caches.LRUCacheTest
[8202a66e-8822-4374-9111-fe86798c1116/build]   | [INFO] Running com.thealgorithms.datastructures.graphs.KosarajuTest
[8202a66e-8822-4374-9111-fe86798c1116/build]   | [INFO] Tests run: 2, Failures: 0, Errors: 0, Skipped: 0, Time elapsed: 0.001 s - in com.thealgorithms.datastructures.graphs.KosarajuTest
[8202a66e-8822-4374-9111-fe86798c1116/build]   | [INFO] Running com.thealgorithms.datastructures.graphs.HamiltonianCycleTest
[8202a66e-8822-4374-9111-fe86798c1116/build]   | [INFO] Tests run: 2, Failures: 0, Errors: 0, Skipped: 0, Time elapsed: 0.001 s - in com.thealgorithms.datastructures.graphs.HamiltonianCycleTest
[8202a66e-8822-4374-9111-fe86798c1116/build]   | [INFO] Running com.thealgorithms.datastructures.graphs.TarjansAlgorithmTest
[8202a66e-8822-4374-9111-fe86798c1116/build]   | [INFO] Tests run: 2, Failures: 0, Errors: 0, Skipped: 0, Time elapsed: 0.001 s - in com.thealgorithms.datastructures.graphs.TarjansAlgorithmTest
[8202a66e-8822-4374-9111-fe86798c1116/build]   | [INFO] Running com.thealgorithms.datastructures.lists.ReverseKGroupTest
[8202a66e-8822-4374-9111-fe86798c1116/build]   | [INFO] Tests run: 4, Failures: 0, Errors: 0, Skipped: 0, Time elapsed: 0.001 s - in com.thealgorithms.datastructures.lists.ReverseKGroupTest
[8202a66e-8822-4374-9111-fe86798c1116/build]   | [INFO] Running com.thealgorithms.datastructures.lists.SinglyLinkedListTest
[8202a66e-8822-4374-9111-fe86798c1116/build]   | [INFO] Tests run: 16, Failures: 0, Errors: 0, Skipped: 0, Time elapsed: 0.003 s - in com.thealgorithms.datastructures.lists.SinglyLinkedListTest
[8202a66e-8822-4374-9111-fe86798c1116/build]   | [INFO] Running com.thealgorithms.datastructures.lists.RotateSinglyLinkedListsTest
[8202a66e-8822-4374-9111-fe86798c1116/build]   | [INFO] Tests run: 4, Failures: 0, Errors: 0, Skipped: 0, Time elapsed: 0 s - in com.thealgorithms.datastructures.lists.RotateSinglyLinkedListsTest
[8202a66e-8822-4374-9111-fe86798c1116/build]   | [INFO] Running com.thealgorithms.datastructures.lists.SkipListTest
[8202a66e-8822-4374-9111-fe86798c1116/build]   | [ ] --- --- --- --- 
[8202a66e-8822-4374-9111-fe86798c1116/build]   | [ ] --- --- --- --- 
[8202a66e-8822-4374-9111-fe86798c1116/build]   | [ ] --- --- --- --- 
[8202a66e-8822-4374-9111-fe86798c1116/build]   | [ ] --- --- --- --- 
[8202a66e-8822-4374-9111-fe86798c1116/build]   | [ ] --- --- --- --- 
[8202a66e-8822-4374-9111-fe86798c1116/build]   | [ ] --- [ ] --- --- 
[8202a66e-8822-4374-9111-fe86798c1116/build]   | [ ] --- [ ] --- --- 
[8202a66e-8822-4374-9111-fe86798c1116/build]   | [ ] [ ] [ ] [ ] [ ] 
[8202a66e-8822-4374-9111-fe86798c1116/build]   |  H   0   1   2   3
[8202a66e-8822-4374-9111-fe86798c1116/build]   | 
[8202a66e-8822-4374-9111-fe86798c1116/build]   | [ ] --- --- --- --- --- --- --- --- --- --- --- 
[8202a66e-8822-4374-9111-fe86798c1116/build]   | [ ] --- --- --- --- --- --- --- --- --- --- --- 
[8202a66e-8822-4374-9111-fe86798c1116/build]   | [ ] --- --- --- --- --- --- --- --- --- --- --- 
[8202a66e-8822-4374-9111-fe86798c1116/build]   | [ ] --- --- --- --- --- --- --- --- --- --- --- 
[8202a66e-8822-4374-9111-fe86798c1116/build]   | [ ] --- --- --- --- --- --- --- --- --- --- --- 
[8202a66e-8822-4374-9111-fe86798c1116/build]   | [ ] --- --- --- --- --- --- --- --- --- [ ] --- 
[8202a66e-8822-4374-9111-fe86798c1116/build]   | [ ] [ ] [ ] --- --- --- --- --- --- --- [ ] [ ] 
[8202a66e-8822-4374-9111-fe86798c1116/build]   | [ ] [ ] [ ] [ ] [ ] [ ] [ ] [ ] [ ] [ ] [ ] [ ] 
[8202a66e-8822-4374-9111-fe86798c1116/build]   |  H   0   1   2   3   4   5   6   7   8   9  10
[8202a66e-8822-4374-9111-fe86798c1116/build]   | 
[8202a66e-8822-4374-9111-fe86798c1116/build]   | [ ] --- 
[8202a66e-8822-4374-9111-fe86798c1116/build]   | [ ] --- 
[8202a66e-8822-4374-9111-fe86798c1116/build]   | [ ] --- 
[8202a66e-8822-4374-9111-fe86798c1116/build]   | [ ] --- 
[8202a66e-8822-4374-9111-fe86798c1116/build]   | [ ] --- 
[8202a66e-8822-4374-9111-fe86798c1116/build]   | [ ] --- 
[8202a66e-8822-4374-9111-fe86798c1116/build]   | [ ] --- 
[8202a66e-8822-4374-9111-fe86798c1116/build]   | [ ] [ ] 
[8202a66e-8822-4374-9111-fe86798c1116/build]   |  H   0
[8202a66e-8822-4374-9111-fe86798c1116/build]   | 
[8202a66e-8822-4374-9111-fe86798c1116/build]   | [ ] --- 
[8202a66e-8822-4374-9111-fe86798c1116/build]   | [ ] --- 
[8202a66e-8822-4374-9111-fe86798c1116/build]   | [ ] --- 
[8202a66e-8822-4374-9111-fe86798c1116/build]   | [ ] --- 
[8202a66e-8822-4374-9111-fe86798c1116/build]   | [ ] --- 
[8202a66e-8822-4374-9111-fe86798c1116/build]   | [ ] --- 
[8202a66e-8822-4374-9111-fe86798c1116/build]   | [ ] --- 
[8202a66e-8822-4374-9111-fe86798c1116/build]   | [ ] [ ] 
[8202a66e-8822-4374-9111-fe86798c1116/build]   |  H   0
[8202a66e-8822-4374-9111-fe86798c1116/build]   | 
[8202a66e-8822-4374-9111-fe86798c1116/build]   | [ ] --- --- --- --- --- --- --- --- --- --- --- 
[8202a66e-8822-4374-9111-fe86798c1116/build]   | [ ] --- --- --- --- --- --- --- --- --- --- [ ] 
[8202a66e-8822-4374-9111-fe86798c1116/build]   | [ ] --- --- --- --- --- --- --- --- --- --- [ ] 
[8202a66e-8822-4374-9111-fe86798c1116/build]   | [ ] --- --- --- --- --- --- --- --- --- --- [ ] 
[8202a66e-8822-4374-9111-fe86798c1116/build]   | [ ] --- --- --- --- --- --- --- --- --- --- [ ] 
[8202a66e-8822-4374-9111-fe86798c1116/build]   | [ ] --- --- --- --- --- [ ] --- --- --- --- [ ] 
[8202a66e-8822-4374-9111-fe86798c1116/build]   | [ ] --- [ ] [ ] --- --- [ ] --- [ ] --- --- [ ] 
[8202a66e-8822-4374-9111-fe86798c1116/build]   | [ ] [ ] [ ] [ ] [ ] [ ] [ ] [ ] [ ] [ ] [ ] [ ] 
[8202a66e-8822-4374-9111-fe86798c1116/build]   |  H   0   1   2   3   4   5   6   7   8   9  10
[8202a66e-8822-4374-9111-fe86798c1116/build]   | 
[8202a66e-8822-4374-9111-fe86798c1116/build]   | [ ] --- --- --- --- --- --- --- --- --- --- 
[8202a66e-8822-4374-9111-fe86798c1116/build]   | [ ] --- --- --- --- --- --- --- --- --- [ ] 
[8202a66e-8822-4374-9111-fe86798c1116/build]   | [ ] --- --- --- --- --- --- --- --- --- [ ] 
[8202a66e-8822-4374-9111-fe86798c1116/build]   | [ ] --- --- --- --- --- --- --- --- --- [ ] 
[8202a66e-8822-4374-9111-fe86798c1116/build]   | [ ] --- --- --- --- --- --- --- --- --- [ ] 
[8202a66e-8822-4374-9111-fe86798c1116/build]   | [ ] --- --- --- --- [ ] --- --- --- --- [ ] 
[8202a66e-8822-4374-9111-fe86798c1116/build]   | [ ] [ ] [ ] --- --- [ ] --- [ ] --- --- [ ] 
[8202a66e-8822-4374-9111-fe86798c1116/build]   | [ ] [ ] [ ] [ ] [ ] [ ] [ ] [ ] [ ] [ ] [ ] 
[8202a66e-8822-4374-9111-fe86798c1116/build]   |  H   0   1   2   3   4   5   6   7   8   9
[8202a66e-8822-4374-9111-fe86798c1116/build]   | 
[8202a66e-8822-4374-9111-fe86798c1116/build]   | [ ] --- --- --- --- --- --- --- --- --- --- --- 
[8202a66e-8822-4374-9111-fe86798c1116/build]   | [ ] --- --- --- --- --- --- --- --- --- --- --- 
[8202a66e-8822-4374-9111-fe86798c1116/build]   | [ ] --- --- --- --- --- --- --- --- --- --- --- 
[8202a66e-8822-4374-9111-fe86798c1116/build]   | [ ] --- --- --- --- --- --- --- --- --- --- --- 
[8202a66e-8822-4374-9111-fe86798c1116/build]   | [ ] --- --- --- --- --- --- --- --- --- --- --- 
[8202a66e-8822-4374-9111-fe86798c1116/build]   | [ ] --- --- --- --- --- --- --- --- --- [ ] --- 
[8202a66e-8822-4374-9111-fe86798c1116/build]   | [ ] [ ] [ ] --- --- --- [ ] --- --- --- [ ] --- 
[8202a66e-8822-4374-9111-fe86798c1116/build]   | [ ] [ ] [ ] [ ] [ ] [ ] [ ] [ ] [ ] [ ] [ ] [ ] 
[8202a66e-8822-4374-9111-fe86798c1116/build]   |  H   0   1   2   3   4   5   6   7   8   9  10
[8202a66e-8822-4374-9111-fe86798c1116/build]   | 
[8202a66e-8822-4374-9111-fe86798c1116/build]   | [ ] --- --- --- --- --- --- --- --- --- --- 
[8202a66e-8822-4374-9111-fe86798c1116/build]   | [ ] --- --- --- --- --- --- --- --- --- --- 
[8202a66e-8822-4374-9111-fe86798c1116/build]   | [ ] --- --- --- --- --- --- --- --- --- --- 
[8202a66e-8822-4374-9111-fe86798c1116/build]   | [ ] --- --- --- --- --- --- --- --- --- --- 
[8202a66e-8822-4374-9111-fe86798c1116/build]   | [ ] --- --- --- --- --- --- --- --- --- --- 
[8202a66e-8822-4374-9111-fe86798c1116/build]   | [ ] --- --- --- --- --- --- --- --- --- [ ] 
[8202a66e-8822-4374-9111-fe86798c1116/build]   | [ ] [ ] [ ] --- --- --- [ ] --- --- --- [ ] 
[8202a66e-8822-4374-9111-fe86798c1116/build]   | [ ] [ ] [ ] [ ] [ ] [ ] [ ] [ ] [ ] [ ] [ ] 
[8202a66e-8822-4374-9111-fe86798c1116/build]   |  H   0   1   2   3   4   5   6   7   8   9
[8202a66e-8822-4374-9111-fe86798c1116/build]   | 
[8202a66e-8822-4374-9111-fe86798c1116/build]   | [INFO] Tests run: 6, Failures: 0, Errors: 0, Skipped: 0, Time elapsed: 0.014 s - in com.thealgorithms.datastructures.lists.SkipListTest
[8202a66e-8822-4374-9111-fe86798c1116/build]   | [INFO] Running com.thealgorithms.datastructures.lists.QuickSortLinkedListTest
[8202a66e-8822-4374-9111-fe86798c1116/build]   | [INFO] Tests run: 3, Failures: 0, Errors: 0, Skipped: 0, Time elapsed: 0 s - in com.thealgorithms.datastructures.lists.QuickSortLinkedListTest
[8202a66e-8822-4374-9111-fe86798c1116/build]   | [INFO] Running com.thealgorithms.datastructures.trees.SameTreesCheckTest
[8202a66e-8822-4374-9111-fe86798c1116/build]   | [INFO] Tests run: 6, Failures: 0, Errors: 0, Skipped: 0, Time elapsed: 0.001 s - in com.thealgorithms.datastructures.trees.SameTreesCheckTest
[8202a66e-8822-4374-9111-fe86798c1116/build]   | [INFO] Running com.thealgorithms.datastructures.trees.BSTRecursiveTest
[8202a66e-8822-4374-9111-fe86798c1116/build]   | [INFO] Tests run: 4, Failures: 0, Errors: 0, Skipped: 0, Time elapsed: 0.001 s - in com.thealgorithms.datastructures.trees.BSTRecursiveTest
[8202a66e-8822-4374-9111-fe86798c1116/build]   | [INFO] Running com.thealgorithms.datastructures.trees.CheckTreeIsSymmetricTest
[8202a66e-8822-4374-9111-fe86798c1116/build]   | [INFO] Tests run: 4, Failures: 0, Errors: 0, Skipped: 0, Time elapsed: 0.001 s - in com.thealgorithms.datastructures.trees.CheckTreeIsSymmetricTest
[8202a66e-8822-4374-9111-fe86798c1116/build]   | [INFO] Running com.thealgorithms.datastructures.trees.LevelOrderTraversalTest
[8202a66e-8822-4374-9111-fe86798c1116/build]   | [INFO] Tests run: 4, Failures: 0, Errors: 0, Skipped: 0, Time elapsed: 0.001 s - in com.thealgorithms.datastructures.trees.LevelOrderTraversalTest
[8202a66e-8822-4374-9111-fe86798c1116/build]   | [INFO] Running com.thealgorithms.datastructures.trees.PostOrderTraversalTest
[8202a66e-8822-4374-9111-fe86798c1116/build]   | [INFO] Tests run: 3, Failures: 0, Errors: 0, Skipped: 0, Time elapsed: 0 s - in com.thealgorithms.datastructures.trees.PostOrderTraversalTest
[8202a66e-8822-4374-9111-fe86798c1116/build]   | [INFO] Running com.thealgorithms.datastructures.trees.CheckBinaryTreeIsValidBSTTest
[8202a66e-8822-4374-9111-fe86798c1116/build]   | [INFO] Tests run: 5, Failures: 0, Errors: 0, Skipped: 0, Time elapsed: 0 s - in com.thealgorithms.datastructures.trees.CheckBinaryTreeIsValidBSTTest
[8202a66e-8822-4374-9111-fe86798c1116/build]   | [INFO] Running com.thealgorithms.datastructures.trees.KDTreeTest
[8202a66e-8822-4374-9111-fe86798c1116/build]   | [INFO] Tests run: 3, Failures: 0, Errors: 0, Skipped: 0, Time elapsed: 0.004 s - in com.thealgorithms.datastructures.trees.KDTreeTest
[8202a66e-8822-4374-9111-fe86798c1116/build]   | [INFO] Running com.thealgorithms.datastructures.trees.BSTFromSortedArrayTest
[8202a66e-8822-4374-9111-fe86798c1116/build]   | [INFO] Tests run: 6, Failures: 0, Errors: 0, Skipped: 0, Time elapsed: 0.001 s - in com.thealgorithms.datastructures.trees.BSTFromSortedArrayTest
[8202a66e-8822-4374-9111-fe86798c1116/build]   | [INFO] Running com.thealgorithms.datastructures.trees.CheckIfBinaryTreeBalancedTest
[8202a66e-8822-4374-9111-fe86798c1116/build]   | [INFO] Tests run: 6, Failures: 0, Errors: 0, Skipped: 0, Time elapsed: 0.001 s - in com.thealgorithms.datastructures.trees.CheckIfBinaryTreeBalancedTest
[8202a66e-8822-4374-9111-fe86798c1116/build]   | [INFO] Running com.thealgorithms.datastructures.trees.ZigzagTraversalTest
[8202a66e-8822-4374-9111-fe86798c1116/build]   | [INFO] Tests run: 4, Failures: 0, Errors: 0, Skipped: 0, Time elapsed: 0.001 s - in com.thealgorithms.datastructures.trees.ZigzagTraversalTest
[8202a66e-8822-4374-9111-fe86798c1116/build]   | [INFO] Running com.thealgorithms.datastructures.trees.CreateBinaryTreeFromInorderPreorderTest
[8202a66e-8822-4374-9111-fe86798c1116/build]   | [INFO] Tests run: 6, Failures: 0, Errors: 0, Skipped: 0, Time elapsed: 0.002 s - in com.thealgorithms.datastructures.trees.CreateBinaryTreeFromInorderPreorderTest
[8202a66e-8822-4374-9111-fe86798c1116/build]   | [INFO] Running com.thealgorithms.datastructures.trees.PreOrderTraversalTest
[8202a66e-8822-4374-9111-fe86798c1116/build]   | [INFO] Tests run: 3, Failures: 0, Errors: 0, Skipped: 0, Time elapsed: 0 s - in com.thealgorithms.datastructures.trees.PreOrderTraversalTest
[8202a66e-8822-4374-9111-fe86798c1116/build]   | [INFO] Running com.thealgorithms.datastructures.trees.LazySegmentTreeTest
[8202a66e-8822-4374-9111-fe86798c1116/build]   | [INFO] Tests run: 4, Failures: 0, Errors: 0, Skipped: 0, Time elapsed: 0.002 s - in com.thealgorithms.datastructures.trees.LazySegmentTreeTest
[8202a66e-8822-4374-9111-fe86798c1116/build]   | [INFO] Running com.thealgorithms.datastructures.trees.BinaryTreeTest
[8202a66e-8822-4374-9111-fe86798c1116/build]   | 12 3 5 7 9 12 3 5 7 9 12 12 9 7 5 3 [INFO] Tests run: 4, Failures: 0, Errors: 0, Skipped: 0, Time elapsed: 0.003 s - in com.thealgorithms.datastructures.trees.BinaryTreeTest
[8202a66e-8822-4374-9111-fe86798c1116/build]   | [INFO] Running com.thealgorithms.datastructures.trees.InorderTraversalTest
[8202a66e-8822-4374-9111-fe86798c1116/build]   | [INFO] Tests run: 3, Failures: 0, Errors: 0, Skipped: 0, Time elapsed: 0.001 s - in com.thealgorithms.datastructures.trees.InorderTraversalTest
[8202a66e-8822-4374-9111-fe86798c1116/build]   | [INFO] Running com.thealgorithms.datastructures.trees.VerticalOrderTraversalTest
[8202a66e-8822-4374-9111-fe86798c1116/build]   | [INFO] Tests run: 4, Failures: 0, Errors: 0, Skipped: 0, Time elapsed: 0.001 s - in com.thealgorithms.datastructures.trees.VerticalOrderTraversalTest
[8202a66e-8822-4374-9111-fe86798c1116/build]   | [INFO] Running com.thealgorithms.datastructures.trees.BSTIterativeTest
[8202a66e-8822-4374-9111-fe86798c1116/build]   | [INFO] Tests run: 4, Failures: 0, Errors: 0, Skipped: 0, Time elapsed: 0 s - in com.thealgorithms.datastructures.trees.BSTIterativeTest
[8202a66e-8822-4374-9111-fe86798c1116/build]   | [INFO] Running com.thealgorithms.datastructures.trees.CeilInBinarySearchTreeTest
[8202a66e-8822-4374-9111-fe86798c1116/build]   | [INFO] Tests run: 7, Failures: 0, Errors: 0, Skipped: 0, Time elapsed: 0.001 s - in com.thealgorithms.datastructures.trees.CeilInBinarySearchTreeTest
[8202a66e-8822-4374-9111-fe86798c1116/build]   | [INFO] Running com.thealgorithms.bitmanipulation.IndexOfRightMostSetBitTest
[8202a66e-8822-4374-9111-fe86798c1116/build]   | [INFO] Tests run: 1, Failures: 0, Errors: 0, Skipped: 0, Time elapsed: 0.001 s - in com.thealgorithms.bitmanipulation.IndexOfRightMostSetBitTest
[8202a66e-8822-4374-9111-fe86798c1116/build]   | [INFO] Running com.thealgorithms.bitmanipulation.HighestSetBitTest
[8202a66e-8822-4374-9111-fe86798c1116/build]   | [INFO] Tests run: 1, Failures: 0, Errors: 0, Skipped: 0, Time elapsed: 0 s - in com.thealgorithms.bitmanipulation.HighestSetBitTest
[8202a66e-8822-4374-9111-fe86798c1116/build]   | [INFO] Running com.thealgorithms.bitmanipulation.NonRepeatingNumberFinderTest
[8202a66e-8822-4374-9111-fe86798c1116/build]   | [INFO] Tests run: 1, Failures: 0, Errors: 0, Skipped: 0, Time elapsed: 0 s - in com.thealgorithms.bitmanipulation.NonRepeatingNumberFinderTest
[8202a66e-8822-4374-9111-fe86798c1116/build]   | [INFO] Running com.thealgorithms.bitmanipulation.ReverseBitsTest
[8202a66e-8822-4374-9111-fe86798c1116/build]   | [INFO] Tests run: 1, Failures: 0, Errors: 0, Skipped: 0, Time elapsed: 0 s - in com.thealgorithms.bitmanipulation.ReverseBitsTest
[8202a66e-8822-4374-9111-fe86798c1116/build]   | [INFO] Running com.thealgorithms.bitmanipulation.IsPowerTwoTest
[8202a66e-8822-4374-9111-fe86798c1116/build]   | [INFO] Tests run: 1, Failures: 0, Errors: 0, Skipped: 0, Time elapsed: 0 s - in com.thealgorithms.bitmanipulation.IsPowerTwoTest
[8202a66e-8822-4374-9111-fe86798c1116/build]   | [INFO] Running com.thealgorithms.bitmanipulation.IsEvenTest
[8202a66e-8822-4374-9111-fe86798c1116/build]   | [INFO] Tests run: 1, Failures: 0, Errors: 0, Skipped: 0, Time elapsed: 0 s - in com.thealgorithms.bitmanipulation.IsEvenTest
[8202a66e-8822-4374-9111-fe86798c1116/build]   | [INFO] Running com.thealgorithms.bitmanipulation.NumbersDifferentSignsTest
[8202a66e-8822-4374-9111-fe86798c1116/build]   | [INFO] Tests run: 4, Failures: 0, Errors: 0, Skipped: 0, Time elapsed: 0.001 s - in com.thealgorithms.bitmanipulation.NumbersDifferentSignsTest
[8202a66e-8822-4374-9111-fe86798c1116/build]   | [INFO] Running com.thealgorithms.bitmanipulation.SingleBitOperationsTest
[8202a66e-8822-4374-9111-fe86798c1116/build]   | [INFO] Tests run: 4, Failures: 0, Errors: 0, Skipped: 0, Time elapsed: 0.001 s - in com.thealgorithms.bitmanipulation.SingleBitOperationsTest
[8202a66e-8822-4374-9111-fe86798c1116/build]   | [INFO] Running com.thealgorithms.maths.MobiusFunctionTest
[8202a66e-8822-4374-9111-fe86798c1116/build]   | [INFO] Tests run: 3, Failures: 0, Errors: 0, Skipped: 0, Time elapsed: 0.002 s - in com.thealgorithms.maths.MobiusFunctionTest
[8202a66e-8822-4374-9111-fe86798c1116/build]   | [INFO] Running com.thealgorithms.maths.FFTTest
[8202a66e-8822-4374-9111-fe86798c1116/build]   | [INFO] Tests run: 12, Failures: 0, Errors: 0, Skipped: 0, Time elapsed: 0.003 s - in com.thealgorithms.maths.FFTTest
[8202a66e-8822-4374-9111-fe86798c1116/build]   | [INFO] Running com.thealgorithms.maths.PollardRhoTest
[8202a66e-8822-4374-9111-fe86798c1116/build]   | [INFO] Tests run: 3, Failures: 0, Errors: 0, Skipped: 0, Time elapsed: 0.001 s - in com.thealgorithms.maths.PollardRhoTest
[8202a66e-8822-4374-9111-fe86798c1116/build]   | [INFO] Running com.thealgorithms.maths.DigitalRootTest
[8202a66e-8822-4374-9111-fe86798c1116/build]   | [INFO] Tests run: 1, Failures: 0, Errors: 0, Skipped: 0, Time elapsed: 0 s - in com.thealgorithms.maths.DigitalRootTest
[8202a66e-8822-4374-9111-fe86798c1116/build]   | [INFO] Running com.thealgorithms.maths.SquareRootwithBabylonianMethodTest
[8202a66e-8822-4374-9111-fe86798c1116/build]   | [INFO] Tests run: 4, Failures: 0, Errors: 0, Skipped: 0, Time elapsed: 0.001 s - in com.thealgorithms.maths.SquareRootwithBabylonianMethodTest
[8202a66e-8822-4374-9111-fe86798c1116/build]   | [INFO] Running com.thealgorithms.maths.FindMinTest
[8202a66e-8822-4374-9111-fe86798c1116/build]   | [INFO] Tests run: 7, Failures: 0, Errors: 0, Skipped: 0, Time elapsed: 0.008 s - in com.thealgorithms.maths.FindMinTest
[8202a66e-8822-4374-9111-fe86798c1116/build]   | [INFO] Running com.thealgorithms.maths.FindMaxRecursionTest
[8202a66e-8822-4374-9111-fe86798c1116/build]   | [INFO] Tests run: 6, Failures: 0, Errors: 0, Skipped: 0, Time elapsed: 0.003 s - in com.thealgorithms.maths.FindMaxRecursionTest
[8202a66e-8822-4374-9111-fe86798c1116/build]   | [INFO] Running com.thealgorithms.maths.AverageTest
[8202a66e-8822-4374-9111-fe86798c1116/build]   | [INFO] Tests run: 4, Failures: 0, Errors: 0, Skipped: 0, Time elapsed: 0.001 s - in com.thealgorithms.maths.AverageTest
[8202a66e-8822-4374-9111-fe86798c1116/build]   | [INFO] Running com.thealgorithms.maths.CollatzConjectureTest
[8202a66e-8822-4374-9111-fe86798c1116/build]   | [INFO] Tests run: 4, Failures: 0, Errors: 0, Skipped: 0, Time elapsed: 0.002 s - in com.thealgorithms.maths.CollatzConjectureTest
[8202a66e-8822-4374-9111-fe86798c1116/build]   | [INFO] Running com.thealgorithms.maths.StandardScoreTest
[8202a66e-8822-4374-9111-fe86798c1116/build]   | [INFO] Tests run: 4, Failures: 0, Errors: 0, Skipped: 0, Time elapsed: 0.001 s - in com.thealgorithms.maths.StandardScoreTest
[8202a66e-8822-4374-9111-fe86798c1116/build]   | [INFO] Running com.thealgorithms.maths.SumOfDigitsTest
[8202a66e-8822-4374-9111-fe86798c1116/build]   | [INFO] Tests run: 3, Failures: 0, Errors: 0, Skipped: 0, Time elapsed: 0.001 s - in com.thealgorithms.maths.SumOfDigitsTest
[8202a66e-8822-4374-9111-fe86798c1116/build]   | [INFO] Running com.thealgorithms.maths.PerfectSquareTest
[8202a66e-8822-4374-9111-fe86798c1116/build]   | [INFO] Tests run: 3, Failures: 0, Errors: 0, Skipped: 0, Time elapsed: 0.001 s - in com.thealgorithms.maths.PerfectSquareTest
[8202a66e-8822-4374-9111-fe86798c1116/build]   | [INFO] Running com.thealgorithms.maths.SecondMinMaxTest
[8202a66e-8822-4374-9111-fe86798c1116/build]   | [INFO] Tests run: 8, Failures: 0, Errors: 0, Skipped: 0, Time elapsed: 0.006 s - in com.thealgorithms.maths.SecondMinMaxTest
[8202a66e-8822-4374-9111-fe86798c1116/build]   | [INFO] Running com.thealgorithms.maths.TwinPrimeTest
[8202a66e-8822-4374-9111-fe86798c1116/build]   | [INFO] Tests run: 4, Failures: 0, Errors: 0, Skipped: 0, Time elapsed: 0.001 s - in com.thealgorithms.maths.TwinPrimeTest
[8202a66e-8822-4374-9111-fe86798c1116/build]   | [INFO] Running com.thealgorithms.maths.AliquotSumTest
[8202a66e-8822-4374-9111-fe86798c1116/build]   | [INFO] Tests run: 1, Failures: 0, Errors: 0, Skipped: 0, Time elapsed: 0.004 s - in com.thealgorithms.maths.AliquotSumTest
[8202a66e-8822-4374-9111-fe86798c1116/build]   | [INFO] Running com.thealgorithms.maths.ReverseNumberTest
[8202a66e-8822-4374-9111-fe86798c1116/build]   | [INFO] Tests run: 2, Failures: 0, Errors: 0, Skipped: 0, Time elapsed: 0.001 s - in com.thealgorithms.maths.ReverseNumberTest
[8202a66e-8822-4374-9111-fe86798c1116/build]   | [INFO] Running com.thealgorithms.maths.AbsoluteMaxTest
[8202a66e-8822-4374-9111-fe86798c1116/build]   | [INFO] Tests run: 2, Failures: 0, Errors: 0, Skipped: 0, Time elapsed: 0.001 s - in com.thealgorithms.maths.AbsoluteMaxTest
[8202a66e-8822-4374-9111-fe86798c1116/build]   | [INFO] Running com.thealgorithms.maths.PalindromeNumberTest
[8202a66e-8822-4374-9111-fe86798c1116/build]   | [INFO] Tests run: 3, Failures: 0, Errors: 0, Skipped: 0, Time elapsed: 0.001 s - in com.thealgorithms.maths.PalindromeNumberTest
[8202a66e-8822-4374-9111-fe86798c1116/build]   | [INFO] Running com.thealgorithms.maths.HarshadNumberTest
[8202a66e-8822-4374-9111-fe86798c1116/build]   | [INFO] Tests run: 1, Failures: 0, Errors: 0, Skipped: 0, Time elapsed: 0 s - in com.thealgorithms.maths.HarshadNumberTest
[8202a66e-8822-4374-9111-fe86798c1116/build]   | [INFO] Running com.thealgorithms.maths.BinaryPowTest
[8202a66e-8822-4374-9111-fe86798c1116/build]   | [INFO] Tests run: 1, Failures: 0, Errors: 0, Skipped: 0, Time elapsed: 0 s - in com.thealgorithms.maths.BinaryPowTest
[8202a66e-8822-4374-9111-fe86798c1116/build]   | [INFO] Running com.thealgorithms.maths.PerfectNumberTest
[8202a66e-8822-4374-9111-fe86798c1116/build]   | [INFO] Tests run: 1, Failures: 0, Errors: 0, Skipped: 0, Time elapsed: 0.289 s - in com.thealgorithms.maths.PerfectNumberTest
[8202a66e-8822-4374-9111-fe86798c1116/build]   | [INFO] Running com.thealgorithms.maths.PerfectCubeTest
[8202a66e-8822-4374-9111-fe86798c1116/build]   | [INFO] Tests run: 1, Failures: 0, Errors: 0, Skipped: 0, Time elapsed: 0.001 s - in com.thealgorithms.maths.PerfectCubeTest
[8202a66e-8822-4374-9111-fe86798c1116/build]   | [INFO] Running com.thealgorithms.maths.HeronsFormulaTest
[8202a66e-8822-4374-9111-fe86798c1116/build]   | [INFO] Tests run: 4, Failures: 0, Errors: 0, Skipped: 0, Time elapsed: 0.001 s - in com.thealgorithms.maths.HeronsFormulaTest
[8202a66e-8822-4374-9111-fe86798c1116/build]   | [INFO] Running com.thealgorithms.maths.PerimeterTest
[8202a66e-8822-4374-9111-fe86798c1116/build]   | [INFO] Tests run: 8, Failures: 0, Errors: 0, Skipped: 0, Time elapsed: 0.001 s - in com.thealgorithms.maths.PerimeterTest
[8202a66e-8822-4374-9111-fe86798c1116/build]   | [INFO] Running com.thealgorithms.maths.AmicableNumberTest
[8202a66e-8822-4374-9111-fe86798c1116/build]   | [INFO] Tests run: 4, Failures: 0, Errors: 0, Skipped: 0, Time elapsed: 25.965 s - in com.thealgorithms.maths.AmicableNumberTest
[8202a66e-8822-4374-9111-fe86798c1116/build]   | [INFO] Running com.thealgorithms.maths.PythagoreanTripleTest
[8202a66e-8822-4374-9111-fe86798c1116/build]   | [INFO] Tests run: 1, Failures: 0, Errors: 0, Skipped: 0, Time elapsed: 0.001 s - in com.thealgorithms.maths.PythagoreanTripleTest
[8202a66e-8822-4374-9111-fe86798c1116/build]   | [INFO] Running com.thealgorithms.maths.SumWithoutArithmeticOperatorsTest
[8202a66e-8822-4374-9111-fe86798c1116/build]   | [INFO] Tests run: 5, Failures: 0, Errors: 0, Skipped: 0, Time elapsed: 0 s - in com.thealgorithms.maths.SumWithoutArithmeticOperatorsTest
[8202a66e-8822-4374-9111-fe86798c1116/build]   | [INFO] Running com.thealgorithms.maths.FibonacciNumberCheckTest
[8202a66e-8822-4374-9111-fe86798c1116/build]   | [INFO] Tests run: 2, Failures: 0, Errors: 0, Skipped: 0, Time elapsed: 0 s - in com.thealgorithms.maths.FibonacciNumberCheckTest
[8202a66e-8822-4374-9111-fe86798c1116/build]   | [INFO] Running com.thealgorithms.maths.AutomorphicNumberTest
[8202a66e-8822-4374-9111-fe86798c1116/build]   | [INFO] Tests run: 1, Failures: 0, Errors: 0, Skipped: 0, Time elapsed: 0.001 s - in com.thealgorithms.maths.AutomorphicNumberTest
[8202a66e-8822-4374-9111-fe86798c1116/build]   | [INFO] Running com.thealgorithms.maths.LongDivisionTest
[8202a66e-8822-4374-9111-fe86798c1116/build]   | [INFO] Tests run: 7, Failures: 0, Errors: 0, Skipped: 0, Time elapsed: 0.002 s - in com.thealgorithms.maths.LongDivisionTest
[8202a66e-8822-4374-9111-fe86798c1116/build]   | [INFO] Running com.thealgorithms.maths.CeilTest
[8202a66e-8822-4374-9111-fe86798c1116/build]   | [INFO] Tests run: 1, Failures: 0, Errors: 0, Skipped: 0, Time elapsed: 0 s - in com.thealgorithms.maths.CeilTest
[8202a66e-8822-4374-9111-fe86798c1116/build]   | [INFO] Running com.thealgorithms.maths.MedianTest
[8202a66e-8822-4374-9111-fe86798c1116/build]   | [INFO] Tests run: 5, Failures: 0, Errors: 0, Skipped: 0, Time elapsed: 0 s - in com.thealgorithms.maths.MedianTest
[8202a66e-8822-4374-9111-fe86798c1116/build]   | [INFO] Running com.thealgorithms.maths.VolumeTest
[8202a66e-8822-4374-9111-fe86798c1116/build]   | [INFO] Tests run: 1, Failures: 0, Errors: 0, Skipped: 0, Time elapsed: 0 s - in com.thealgorithms.maths.VolumeTest
[8202a66e-8822-4374-9111-fe86798c1116/build]   | [INFO] Running com.thealgorithms.maths.ArmstrongTest
[8202a66e-8822-4374-9111-fe86798c1116/build]   | [ERROR] Tests run: 1, Failures: 1, Errors: 0, Skipped: 0, Time elapsed: 0.012 s <<< FAILURE! - in com.thealgorithms.maths.ArmstrongTest
[8202a66e-8822-4374-9111-fe86798c1116/build]   | [ERROR] testIsArmstrong  Time elapsed: 0.012 s  <<< FAILURE!
[8202a66e-8822-4374-9111-fe86798c1116/build]   | org.opentest4j.AssertionFailedError: 
[8202a66e-8822-4374-9111-fe86798c1116/build]   | 
[8202a66e-8822-4374-9111-fe86798c1116/build]   | Expecting value to be true but was false
[8202a66e-8822-4374-9111-fe86798c1116/build]   | 	at com.thealgorithms.maths.ArmstrongTest.testIsArmstrong(ArmstrongTest.java:20)
[8202a66e-8822-4374-9111-fe86798c1116/build]   | 
[8202a66e-8822-4374-9111-fe86798c1116/build]   | [INFO] Running com.thealgorithms.maths.SquareFreeIntegerTest
[8202a66e-8822-4374-9111-fe86798c1116/build]   | [INFO] Tests run: 3, Failures: 0, Errors: 0, Skipped: 0, Time elapsed: 0.023 s - in com.thealgorithms.maths.SquareFreeIntegerTest
[8202a66e-8822-4374-9111-fe86798c1116/build]   | [INFO] Running com.thealgorithms.maths.TestArmstrong
[8202a66e-8822-4374-9111-fe86798c1116/build]   | [INFO] Tests run: 1, Failures: 0, Errors: 0, Skipped: 0, Time elapsed: 0 s - in com.thealgorithms.maths.TestArmstrong
[8202a66e-8822-4374-9111-fe86798c1116/build]   | [INFO] Running com.thealgorithms.maths.FibonacciJavaStreamsTest
[8202a66e-8822-4374-9111-fe86798c1116/build]   | [INFO] Tests run: 9, Failures: 0, Errors: 0, Skipped: 0, Time elapsed: 0.005 s - in com.thealgorithms.maths.FibonacciJavaStreamsTest
[8202a66e-8822-4374-9111-fe86798c1116/build]   | [INFO] Running com.thealgorithms.maths.StrobogrammaticNumberTest
[8202a66e-8822-4374-9111-fe86798c1116/build]   | [INFO] Tests run: 1, Failures: 0, Errors: 0, Skipped: 0, Time elapsed: 0 s - in com.thealgorithms.maths.StrobogrammaticNumberTest
[8202a66e-8822-4374-9111-fe86798c1116/build]   | [INFO] Running com.thealgorithms.maths.PowerOfTwoOrNotTest
[8202a66e-8822-4374-9111-fe86798c1116/build]   | [INFO] Tests run: 2, Failures: 0, Errors: 0, Skipped: 0, Time elapsed: 0 s - in com.thealgorithms.maths.PowerOfTwoOrNotTest
[8202a66e-8822-4374-9111-fe86798c1116/build]   | [INFO] Running com.thealgorithms.maths.MeansTest
[8202a66e-8822-4374-9111-fe86798c1116/build]   | [INFO] Tests run: 9, Failures: 0, Errors: 0, Skipped: 0, Time elapsed: 0.008 s - in com.thealgorithms.maths.MeansTest
[8202a66e-8822-4374-9111-fe86798c1116/build]   | [INFO] Running com.thealgorithms.maths.ParseIntegerTest
[8202a66e-8822-4374-9111-fe86798c1116/build]   | [INFO] Tests run: 5, Failures: 0, Errors: 0, Skipped: 0, Time elapsed: 0.003 s - in com.thealgorithms.maths.ParseIntegerTest
[8202a66e-8822-4374-9111-fe86798c1116/build]   | [INFO] Running com.thealgorithms.maths.FrizzyNumberTest
[8202a66e-8822-4374-9111-fe86798c1116/build]   | [INFO] Tests run: 3, Failures: 0, Errors: 0, Skipped: 0, Time elapsed: 0.001 s - in com.thealgorithms.maths.FrizzyNumberTest
[8202a66e-8822-4374-9111-fe86798c1116/build]   | [INFO] Running com.thealgorithms.maths.LeonardoNumberTest
[8202a66e-8822-4374-9111-fe86798c1116/build]   | [INFO] Tests run: 5, Failures: 0, Errors: 0, Skipped: 0, Time elapsed: 0.001 s - in com.thealgorithms.maths.LeonardoNumberTest
[8202a66e-8822-4374-9111-fe86798c1116/build]   | [INFO] Running com.thealgorithms.maths.MillerRabinPrimalityCheckTest
[8202a66e-8822-4374-9111-fe86798c1116/build]   | [INFO] Tests run: 3, Failures: 0, Errors: 0, Skipped: 0, Time elapsed: 0 s - in com.thealgorithms.maths.MillerRabinPrimalityCheckTest
[8202a66e-8822-4374-9111-fe86798c1116/build]   | [INFO] Running com.thealgorithms.maths.PrimeCheckTest
[8202a66e-8822-4374-9111-fe86798c1116/build]   | [INFO] Tests run: 7, Failures: 0, Errors: 0, Skipped: 0, Time elapsed: 0 s - in com.thealgorithms.maths.PrimeCheckTest
[8202a66e-8822-4374-9111-fe86798c1116/build]   | [INFO] Running com.thealgorithms.maths.KaprekarNumbersTest
[8202a66e-8822-4374-9111-fe86798c1116/build]   | [INFO] Tests run: 9, Failures: 0, Errors: 0, Skipped: 0, Time elapsed: 0.296 s - in com.thealgorithms.maths.KaprekarNumbersTest
[8202a66e-8822-4374-9111-fe86798c1116/build]   | [INFO] Running com.thealgorithms.maths.PascalTriangleTest
[8202a66e-8822-4374-9111-fe86798c1116/build]   | [INFO] Tests run: 4, Failures: 0, Errors: 0, Skipped: 0, Time elapsed: 0 s - in com.thealgorithms.maths.PascalTriangleTest
[8202a66e-8822-4374-9111-fe86798c1116/build]   | [INFO] Running com.thealgorithms.maths.LeastCommonMultipleTest
[8202a66e-8822-4374-9111-fe86798c1116/build]   | [INFO] Tests run: 2, Failures: 0, Errors: 0, Skipped: 0, Time elapsed: 0 s - in com.thealgorithms.maths.LeastCommonMultipleTest
[8202a66e-8822-4374-9111-fe86798c1116/build]   | [INFO] Running com.thealgorithms.maths.ADTFractionTest
[8202a66e-8822-4374-9111-fe86798c1116/build]   | [INFO] Tests run: 7, Failures: 0, Errors: 0, Skipped: 0, Time elapsed: 0.002 s - in com.thealgorithms.maths.ADTFractionTest
[8202a66e-8822-4374-9111-fe86798c1116/build]   | [INFO] Running com.thealgorithms.maths.GaussianTest
[8202a66e-8822-4374-9111-fe86798c1116/build]   | [INFO] Tests run: 1, Failures: 0, Errors: 0, Skipped: 0, Time elapsed: 0 s - in com.thealgorithms.maths.GaussianTest
[8202a66e-8822-4374-9111-fe86798c1116/build]   | [INFO] Running com.thealgorithms.maths.GCDTest
[8202a66e-8822-4374-9111-fe86798c1116/build]   | [INFO] Tests run: 10, Failures: 0, Errors: 0, Skipped: 0, Time elapsed: 0.001 s - in com.thealgorithms.maths.GCDTest
[8202a66e-8822-4374-9111-fe86798c1116/build]   | [INFO] Running com.thealgorithms.maths.BinomialCoefficientTest
[8202a66e-8822-4374-9111-fe86798c1116/build]   | [INFO] Tests run: 1, Failures: 0, Errors: 0, Skipped: 0, Time elapsed: 0 s - in com.thealgorithms.maths.BinomialCoefficientTest
[8202a66e-8822-4374-9111-fe86798c1116/build]   | [INFO] Running com.thealgorithms.maths.DistanceFormulaTest
[8202a66e-8822-4374-9111-fe86798c1116/build]   | [INFO] Tests run: 13, Failures: 0, Errors: 0, Skipped: 0, Time elapsed: 0 s - in com.thealgorithms.maths.DistanceFormulaTest
[8202a66e-8822-4374-9111-fe86798c1116/build]   | [INFO] Running com.thealgorithms.maths.FindMaxTest
[8202a66e-8822-4374-9111-fe86798c1116/build]   | [INFO] Tests run: 6, Failures: 0, Errors: 0, Skipped: 0, Time elapsed: 0 s - in com.thealgorithms.maths.FindMaxTest
[8202a66e-8822-4374-9111-fe86798c1116/build]   | [INFO] Running com.thealgorithms.maths.CombinationsTest
[8202a66e-8822-4374-9111-fe86798c1116/build]   | [INFO] Tests run: 2, Failures: 0, Errors: 0, Skipped: 0, Time elapsed: 0 s - in com.thealgorithms.maths.CombinationsTest
[8202a66e-8822-4374-9111-fe86798c1116/build]   | [INFO] Running com.thealgorithms.maths.AbsoluteValueTest
[8202a66e-8822-4374-9111-fe86798c1116/build]   | [INFO] Tests run: 1, Failures: 0, Errors: 0, Skipped: 0, Time elapsed: 0.003 s - in com.thealgorithms.maths.AbsoluteValueTest
[8202a66e-8822-4374-9111-fe86798c1116/build]   | [INFO] Running com.thealgorithms.maths.AbsoluteMinTest
[8202a66e-8822-4374-9111-fe86798c1116/build]   | [INFO] Tests run: 2, Failures: 0, Errors: 0, Skipped: 0, Time elapsed: 0.001 s - in com.thealgorithms.maths.AbsoluteMinTest
[8202a66e-8822-4374-9111-fe86798c1116/build]   | [INFO] Running com.thealgorithms.maths.StandardDeviationTest
[8202a66e-8822-4374-9111-fe86798c1116/build]   | [INFO] Tests run: 4, Failures: 0, Errors: 0, Skipped: 0, Time elapsed: 0 s - in com.thealgorithms.maths.StandardDeviationTest
[8202a66e-8822-4374-9111-fe86798c1116/build]   | [INFO] Running com.thealgorithms.maths.LiouvilleLambdaFunctionTest
[8202a66e-8822-4374-9111-fe86798c1116/build]   | [INFO] Tests run: 4, Failures: 0, Errors: 0, Skipped: 0, Time elapsed: 0 s - in com.thealgorithms.maths.LiouvilleLambdaFunctionTest
[8202a66e-8822-4374-9111-fe86798c1116/build]   | [INFO] Running com.thealgorithms.maths.JosephusProblemTest
[8202a66e-8822-4374-9111-fe86798c1116/build]   | [INFO] Tests run: 1, Failures: 0, Errors: 0, Skipped: 0, Time elapsed: 0 s - in com.thealgorithms.maths.JosephusProblemTest
[8202a66e-8822-4374-9111-fe86798c1116/build]   | [INFO] Running com.thealgorithms.maths.GenericRootTest
[8202a66e-8822-4374-9111-fe86798c1116/build]   | [INFO] Tests run: 2, Failures: 0, Errors: 0, Skipped: 0, Time elapsed: 0 s - in com.thealgorithms.maths.GenericRootTest
[8202a66e-8822-4374-9111-fe86798c1116/build]   | [INFO] Running com.thealgorithms.maths.AreaTest
[8202a66e-8822-4374-9111-fe86798c1116/build]   | [INFO] Tests run: 12, Failures: 0, Errors: 0, Skipped: 0, Time elapsed: 0.005 s - in com.thealgorithms.maths.AreaTest
[8202a66e-8822-4374-9111-fe86798c1116/build]   | [INFO] Running com.thealgorithms.maths.NthUglyNumberTest
[8202a66e-8822-4374-9111-fe86798c1116/build]   | [INFO] Tests run: 6, Failures: 0, Errors: 0, Skipped: 0, Time elapsed: 0.009 s - in com.thealgorithms.maths.NthUglyNumberTest
[8202a66e-8822-4374-9111-fe86798c1116/build]   | [INFO] Running com.thealgorithms.maths.SumOfArithmeticSeriesTest
[8202a66e-8822-4374-9111-fe86798c1116/build]   | [INFO] Tests run: 9, Failures: 0, Errors: 0, Skipped: 0, Time elapsed: 0 s - in com.thealgorithms.maths.SumOfArithmeticSeriesTest
[8202a66e-8822-4374-9111-fe86798c1116/build]   | [INFO] Running com.thealgorithms.maths.LucasSeriesTest
[8202a66e-8822-4374-9111-fe86798c1116/build]   | [INFO] Tests run: 4, Failures: 0, Errors: 0, Skipped: 0, Time elapsed: 0 s - in com.thealgorithms.maths.LucasSeriesTest
[8202a66e-8822-4374-9111-fe86798c1116/build]   | [INFO] Running com.thealgorithms.maths.FastInverseSqrtTests
[8202a66e-8822-4374-9111-fe86798c1116/build]   | [INFO] Tests run: 8, Failures: 0, Errors: 0, Skipped: 0, Time elapsed: 0 s - in com.thealgorithms.maths.FastInverseSqrtTests
[8202a66e-8822-4374-9111-fe86798c1116/build]   | [INFO] Running com.thealgorithms.maths.PowerUsingRecursionTest
[8202a66e-8822-4374-9111-fe86798c1116/build]   | [INFO] Tests run: 1, Failures: 0, Errors: 0, Skipped: 0, Time elapsed: 0 s - in com.thealgorithms.maths.PowerUsingRecursionTest
[8202a66e-8822-4374-9111-fe86798c1116/build]   | [INFO] Running com.thealgorithms.maths.PrimeFactorizationTest
[8202a66e-8822-4374-9111-fe86798c1116/build]   | [INFO] Tests run: 2, Failures: 0, Errors: 0, Skipped: 0, Time elapsed: 0 s - in com.thealgorithms.maths.PrimeFactorizationTest
[8202a66e-8822-4374-9111-fe86798c1116/build]   | [INFO] Running com.thealgorithms.maths.FactorialTest
[8202a66e-8822-4374-9111-fe86798c1116/build]   | [INFO] Tests run: 2, Failures: 0, Errors: 0, Skipped: 0, Time elapsed: 0 s - in com.thealgorithms.maths.FactorialTest
[8202a66e-8822-4374-9111-fe86798c1116/build]   | [INFO] Running com.thealgorithms.maths.DudeneyNumberTest
[8202a66e-8822-4374-9111-fe86798c1116/build]   | [INFO] Tests run: 1, Failures: 0, Errors: 0, Skipped: 0, Time elapsed: 0 s - in com.thealgorithms.maths.DudeneyNumberTest
[8202a66e-8822-4374-9111-fe86798c1116/build]   | [INFO] Running com.thealgorithms.maths.PronicNumberTest
[8202a66e-8822-4374-9111-fe86798c1116/build]   | [INFO] Tests run: 2, Failures: 0, Errors: 0, Skipped: 0, Time elapsed: 0 s - in com.thealgorithms.maths.PronicNumberTest
[8202a66e-8822-4374-9111-fe86798c1116/build]   | [INFO] 
[8202a66e-8822-4374-9111-fe86798c1116/build]   | [INFO] Results:
[8202a66e-8822-4374-9111-fe86798c1116/build]   | [INFO] 
[8202a66e-8822-4374-9111-fe86798c1116/build]   | [ERROR] Failures: 
[8202a66e-8822-4374-9111-fe86798c1116/build]   | [ERROR]   ArmstrongTest.testIsArmstrong:20 
[8202a66e-8822-4374-9111-fe86798c1116/build]   | Expecting value to be true but was false
[8202a66e-8822-4374-9111-fe86798c1116/build]   | [INFO] 
[8202a66e-8822-4374-9111-fe86798c1116/build]   | [ERROR] Tests run: 4110, Failures: 1, Errors: 0, Skipped: 0
[8202a66e-8822-4374-9111-fe86798c1116/build]   | [INFO] 
[8202a66e-8822-4374-9111-fe86798c1116/build]   | [INFO] ------------------------------------------------------------------------
[8202a66e-8822-4374-9111-fe86798c1116/build]   | [INFO] BUILD FAILURE
[8202a66e-8822-4374-9111-fe86798c1116/build]   | [INFO] ------------------------------------------------------------------------
[8202a66e-8822-4374-9111-fe86798c1116/build]   | [INFO] Total time:  01:11 min
[8202a66e-8822-4374-9111-fe86798c1116/build]   | [INFO] Finished at: 2023-11-27T02:58:00Z
[8202a66e-8822-4374-9111-fe86798c1116/build]   | [INFO] ------------------------------------------------------------------------
[8202a66e-8822-4374-9111-fe86798c1116/build]   | [ERROR] Failed to execute goal org.apache.maven.plugins:maven-surefire-plugin:2.22.2:test (default-test) on project Java: There are test failures.
[8202a66e-8822-4374-9111-fe86798c1116/build]   | [ERROR] 
[8202a66e-8822-4374-9111-fe86798c1116/build]   | [ERROR] Please refer to /tmp/4c4fae99-e29d-4b59-add5-3ae638c0d5ee/target/surefire-reports for the individual test results.
[8202a66e-8822-4374-9111-fe86798c1116/build]   | [ERROR] Please refer to dump files (if any exist) [date].dump, [date]-jvmRun[N].dump and [date].dumpstream.
[8202a66e-8822-4374-9111-fe86798c1116/build]   | [ERROR] -> [Help 1]
[8202a66e-8822-4374-9111-fe86798c1116/build]   | [ERROR] 
[8202a66e-8822-4374-9111-fe86798c1116/build]   | [ERROR] To see the full stack trace of the errors, re-run Maven with the -e switch.
[8202a66e-8822-4374-9111-fe86798c1116/build]   | [ERROR] Re-run Maven using the -X switch to enable full debug logging.
[8202a66e-8822-4374-9111-fe86798c1116/build]   | [ERROR] 
[8202a66e-8822-4374-9111-fe86798c1116/build]   | [ERROR] For more information about the errors and possible solutions, please read the following articles:
[8202a66e-8822-4374-9111-fe86798c1116/build]   | [ERROR] [Help 1] http://cwiki.apache.org/confluence/display/MAVEN/MojoFailureException
[8202a66e-8822-4374-9111-fe86798c1116/build]   ‚ùå  Failure - Main Build with Maven
[8202a66e-8822-4374-9111-fe86798c1116/build] exitcode '1': failure
[8202a66e-8822-4374-9111-fe86798c1116/build] unable to get git ref: failed to identify reference (tag/branch) for the checked-out revision '4fab7adfaa3679d8b41360d169b40ee18b9ed735'
[8202a66e-8822-4374-9111-fe86798c1116/build] unable to get git ref: failed to identify reference (tag/branch) for the checked-out revision '4fab7adfaa3679d8b41360d169b40ee18b9ed735'
[8202a66e-8822-4374-9111-fe86798c1116/build] unable to get git ref: failed to identify reference (tag/branch) for the checked-out revision '4fab7adfaa3679d8b41360d169b40ee18b9ed735'
[8202a66e-8822-4374-9111-fe86798c1116/build] unable to get git ref: failed to identify reference (tag/branch) for the checked-out revision '4fab7adfaa3679d8b41360d169b40ee18b9ed735'
[8202a66e-8822-4374-9111-fe86798c1116/build] unable to get git ref: failed to identify reference (tag/branch) for the checked-out revision '4fab7adfaa3679d8b41360d169b40ee18b9ed735'
[8202a66e-8822-4374-9111-fe86798c1116/build] ‚≠ê Run Post Set up JDK 17
[8202a66e-8822-4374-9111-fe86798c1116/build]   üê≥  docker exec cmd=[node /var/run/act/actions/actions-setup-java@v3/dist/cleanup/index.js] user= workdir=
[8202a66e-8822-4374-9111-fe86798c1116/build]   ‚úÖ  Success - Post Set up JDK 17
[8202a66e-8822-4374-9111-fe86798c1116/build] üèÅ  Job failed
[8202a66e-8822-4374-9111-fe86798c1116/build] unable to get git ref: failed to identify reference (tag/branch) for the checked-out revision '4fab7adfaa3679d8b41360d169b40ee18b9ed735'
