[f481d202-9cd9-4299-acd3-681106a0568b/build] üöÄ  Start image=crawlergpt:latest
[f481d202-9cd9-4299-acd3-681106a0568b/build]   üê≥  docker pull image=crawlergpt:latest platform= username= forcePull=false
[f481d202-9cd9-4299-acd3-681106a0568b/build]   üê≥  docker create image=crawlergpt:latest platform= entrypoint=["tail" "-f" "/dev/null"] cmd=[]
[f481d202-9cd9-4299-acd3-681106a0568b/build]   üê≥  docker run image=crawlergpt:latest platform= entrypoint=["tail" "-f" "/dev/null"] cmd=[]
[f481d202-9cd9-4299-acd3-681106a0568b/build]   üê≥  docker exec cmd=[chown -R 1012:1013 /tmp/e92d8427-7caf-4e20-8156-17a06651f07d] user=0 workdir=
[f481d202-9cd9-4299-acd3-681106a0568b/build] unable to get git ref: failed to identify reference (tag/branch) for the checked-out revision '21b9d5cd3aaa379e82ca8924099454dfeeff6b86'
[f481d202-9cd9-4299-acd3-681106a0568b/build] unable to get git ref: failed to identify reference (tag/branch) for the checked-out revision '21b9d5cd3aaa379e82ca8924099454dfeeff6b86'
[f481d202-9cd9-4299-acd3-681106a0568b/build] unable to get git ref: failed to identify reference (tag/branch) for the checked-out revision '21b9d5cd3aaa379e82ca8924099454dfeeff6b86'
[f481d202-9cd9-4299-acd3-681106a0568b/build] üß™  Matrix: map[java:11]
[f481d202-9cd9-4299-acd3-681106a0568b/build] unable to get git ref: failed to identify reference (tag/branch) for the checked-out revision '21b9d5cd3aaa379e82ca8924099454dfeeff6b86'
[f481d202-9cd9-4299-acd3-681106a0568b/build] unable to get git ref: failed to identify reference (tag/branch) for the checked-out revision '21b9d5cd3aaa379e82ca8924099454dfeeff6b86'
[f481d202-9cd9-4299-acd3-681106a0568b/build] unable to get git ref: failed to identify reference (tag/branch) for the checked-out revision '21b9d5cd3aaa379e82ca8924099454dfeeff6b86'
[f481d202-9cd9-4299-acd3-681106a0568b/build] unable to get git ref: failed to identify reference (tag/branch) for the checked-out revision '21b9d5cd3aaa379e82ca8924099454dfeeff6b86'
[f481d202-9cd9-4299-acd3-681106a0568b/build] unable to get git ref: failed to identify reference (tag/branch) for the checked-out revision '21b9d5cd3aaa379e82ca8924099454dfeeff6b86'
[f481d202-9cd9-4299-acd3-681106a0568b/build] unable to get git ref: failed to identify reference (tag/branch) for the checked-out revision '21b9d5cd3aaa379e82ca8924099454dfeeff6b86'
[f481d202-9cd9-4299-acd3-681106a0568b/build] ‚≠ê Run Main actions/checkout@v2
[f481d202-9cd9-4299-acd3-681106a0568b/build] unable to get git ref: failed to identify reference (tag/branch) for the checked-out revision '21b9d5cd3aaa379e82ca8924099454dfeeff6b86'
[f481d202-9cd9-4299-acd3-681106a0568b/build]   ‚úÖ  Success - Main actions/checkout@v2
[f481d202-9cd9-4299-acd3-681106a0568b/build] unable to get git ref: failed to identify reference (tag/branch) for the checked-out revision '21b9d5cd3aaa379e82ca8924099454dfeeff6b86'
[f481d202-9cd9-4299-acd3-681106a0568b/build] unable to get git ref: failed to identify reference (tag/branch) for the checked-out revision '21b9d5cd3aaa379e82ca8924099454dfeeff6b86'
[f481d202-9cd9-4299-acd3-681106a0568b/build] unable to get git ref: failed to identify reference (tag/branch) for the checked-out revision '21b9d5cd3aaa379e82ca8924099454dfeeff6b86'
[f481d202-9cd9-4299-acd3-681106a0568b/build] unable to get git ref: failed to identify reference (tag/branch) for the checked-out revision '21b9d5cd3aaa379e82ca8924099454dfeeff6b86'
[f481d202-9cd9-4299-acd3-681106a0568b/build] unable to get git ref: failed to identify reference (tag/branch) for the checked-out revision '21b9d5cd3aaa379e82ca8924099454dfeeff6b86'
[f481d202-9cd9-4299-acd3-681106a0568b/build] ‚≠ê Run Main Set up JDK
[f481d202-9cd9-4299-acd3-681106a0568b/build] unable to get git ref: failed to identify reference (tag/branch) for the checked-out revision '21b9d5cd3aaa379e82ca8924099454dfeeff6b86'
[f481d202-9cd9-4299-acd3-681106a0568b/build] unable to get git ref: failed to identify reference (tag/branch) for the checked-out revision '21b9d5cd3aaa379e82ca8924099454dfeeff6b86'
[f481d202-9cd9-4299-acd3-681106a0568b/build] unable to get git ref: failed to identify reference (tag/branch) for the checked-out revision '21b9d5cd3aaa379e82ca8924099454dfeeff6b86'
[f481d202-9cd9-4299-acd3-681106a0568b/build]   üê≥  docker cp src=/tmp/act-cache/e73c5695-24e3-4e76-a064-fdd2df1b843b/act/actions-setup-java@v1/ dst=/var/run/act/actions/actions-setup-java@v1/
[f481d202-9cd9-4299-acd3-681106a0568b/build]   üê≥  docker exec cmd=[chown -R 1012:1013 /var/run/act/actions/actions-setup-java@v1/] user=0 workdir=
[f481d202-9cd9-4299-acd3-681106a0568b/build]   üê≥  docker exec cmd=[node /var/run/act/actions/actions-setup-java@v1/dist/setup/index.js] user= workdir=
[f481d202-9cd9-4299-acd3-681106a0568b/build]   üí¨  ::debug::isExplicit: 
[f481d202-9cd9-4299-acd3-681106a0568b/build]   üí¨  ::debug::explicit? false
[f481d202-9cd9-4299-acd3-681106a0568b/build]   üí¨  ::debug::evaluating 0 versions
[f481d202-9cd9-4299-acd3-681106a0568b/build]   üí¨  ::debug::match not found
[f481d202-9cd9-4299-acd3-681106a0568b/build]   üí¨  ::debug::Downloading JDK from Azul
[f481d202-9cd9-4299-acd3-681106a0568b/build]   üí¨  ::debug::Searching for files with extension: -linux_x64.tar.gz
[f481d202-9cd9-4299-acd3-681106a0568b/build]   üí¨  ::debug::Downloading https://static.azul.com/zulu/bin/zulu11.64.19-ca-jdk11.0.19-linux_x64.tar.gz
[f481d202-9cd9-4299-acd3-681106a0568b/build]   üí¨  ::debug::Downloading /tmp/07e1e7fb-3ae3-4d48-a310-ba069e889977
[f481d202-9cd9-4299-acd3-681106a0568b/build]   üí¨  ::debug::download complete
[f481d202-9cd9-4299-acd3-681106a0568b/build]   | [command]/usr/bin/tar --version
[f481d202-9cd9-4299-acd3-681106a0568b/build]   | tar (GNU tar) 1.30
[f481d202-9cd9-4299-acd3-681106a0568b/build]   | Copyright (C) 2017 Free Software Foundation, Inc.
[f481d202-9cd9-4299-acd3-681106a0568b/build]   | License GPLv3+: GNU GPL version 3 or later <https://gnu.org/licenses/gpl.html>.
[f481d202-9cd9-4299-acd3-681106a0568b/build]   | This is free software: you are free to change and redistribute it.
[f481d202-9cd9-4299-acd3-681106a0568b/build]   | There is NO WARRANTY, to the extent permitted by law.
[f481d202-9cd9-4299-acd3-681106a0568b/build]   | 
[f481d202-9cd9-4299-acd3-681106a0568b/build]   | Written by John Gilmore and Jay Fenlason.
[f481d202-9cd9-4299-acd3-681106a0568b/build]   | [command]/usr/bin/tar xz --warning=no-unknown-keyword -C /tmp/temp_908637246 -f /tmp/07e1e7fb-3ae3-4d48-a310-ba069e889977
[f481d202-9cd9-4299-acd3-681106a0568b/build]   üí¨  ::debug::jdk extracted to /tmp/temp_908637246/zulu11.64.19-ca-jdk11.0.19-linux_x64
[f481d202-9cd9-4299-acd3-681106a0568b/build]   üí¨  ::debug::Caching tool jdk 11.0.19 x64
[f481d202-9cd9-4299-acd3-681106a0568b/build]   üí¨  ::debug::source dir: /tmp/temp_908637246/zulu11.64.19-ca-jdk11.0.19-linux_x64
[f481d202-9cd9-4299-acd3-681106a0568b/build]   üí¨  ::debug::destination /opt/hostedtoolcache/jdk/11.0.19/x64
[f481d202-9cd9-4299-acd3-681106a0568b/build]   üí¨  ::debug::finished caching tool
[f481d202-9cd9-4299-acd3-681106a0568b/build]   ‚ùì add-matcher /run/act/actions/actions-setup-java@v1/.github/java.json
[f481d202-9cd9-4299-acd3-681106a0568b/build]   | creating settings.xml with server-id: github; environment variables: username=$GITHUB_ACTOR, password=$GITHUB_TOKEN, and gpg-passphrase=null
[f481d202-9cd9-4299-acd3-681106a0568b/build]   üí¨  ::debug::created directory /home/runneradmin/.m2
[f481d202-9cd9-4299-acd3-681106a0568b/build]   | writing /home/runneradmin/.m2/settings.xml
[f481d202-9cd9-4299-acd3-681106a0568b/build]   ‚úÖ  Success - Main Set up JDK
[f481d202-9cd9-4299-acd3-681106a0568b/build]   ‚öô  ::set-env:: JAVA_HOME_11.0.19_x64=/opt/hostedtoolcache/jdk/11.0.19/x64
[f481d202-9cd9-4299-acd3-681106a0568b/build]   ‚öô  ::set-env:: JAVA_HOME=/opt/hostedtoolcache/jdk/11.0.19/x64
[f481d202-9cd9-4299-acd3-681106a0568b/build]   ‚öô  ::set-env:: JAVA_HOME_11_0_19_X64=/opt/hostedtoolcache/jdk/11.0.19/x64
[f481d202-9cd9-4299-acd3-681106a0568b/build]   ‚öô  ::set-output:: path=/opt/hostedtoolcache/jdk/11.0.19/x64
[f481d202-9cd9-4299-acd3-681106a0568b/build]   ‚öô  ::set-output:: version=11.0.19
[f481d202-9cd9-4299-acd3-681106a0568b/build]   ‚öô  ::add-path:: /opt/hostedtoolcache/jdk/11.0.19/x64/bin
[f481d202-9cd9-4299-acd3-681106a0568b/build] unable to get git ref: failed to identify reference (tag/branch) for the checked-out revision '21b9d5cd3aaa379e82ca8924099454dfeeff6b86'
[f481d202-9cd9-4299-acd3-681106a0568b/build] unable to get git ref: failed to identify reference (tag/branch) for the checked-out revision '21b9d5cd3aaa379e82ca8924099454dfeeff6b86'
[f481d202-9cd9-4299-acd3-681106a0568b/build] unable to get git ref: failed to identify reference (tag/branch) for the checked-out revision '21b9d5cd3aaa379e82ca8924099454dfeeff6b86'
[f481d202-9cd9-4299-acd3-681106a0568b/build] unable to get git ref: failed to identify reference (tag/branch) for the checked-out revision '21b9d5cd3aaa379e82ca8924099454dfeeff6b86'
[f481d202-9cd9-4299-acd3-681106a0568b/build] unable to get git ref: failed to identify reference (tag/branch) for the checked-out revision '21b9d5cd3aaa379e82ca8924099454dfeeff6b86'
[f481d202-9cd9-4299-acd3-681106a0568b/build] ‚≠ê Run Main Grant execute permission for gradlew
[f481d202-9cd9-4299-acd3-681106a0568b/build] unable to get git ref: failed to identify reference (tag/branch) for the checked-out revision '21b9d5cd3aaa379e82ca8924099454dfeeff6b86'
[f481d202-9cd9-4299-acd3-681106a0568b/build] unable to get git ref: failed to identify reference (tag/branch) for the checked-out revision '21b9d5cd3aaa379e82ca8924099454dfeeff6b86'
[f481d202-9cd9-4299-acd3-681106a0568b/build] unable to get git ref: failed to identify reference (tag/branch) for the checked-out revision '21b9d5cd3aaa379e82ca8924099454dfeeff6b86'
[f481d202-9cd9-4299-acd3-681106a0568b/build] unable to get git ref: failed to identify reference (tag/branch) for the checked-out revision '21b9d5cd3aaa379e82ca8924099454dfeeff6b86'
[f481d202-9cd9-4299-acd3-681106a0568b/build]   üê≥  docker exec cmd=[bash --noprofile --norc -e -o pipefail /var/run/act/workflow/2] user= workdir=
[f481d202-9cd9-4299-acd3-681106a0568b/build]   ‚úÖ  Success - Main Grant execute permission for gradlew
[f481d202-9cd9-4299-acd3-681106a0568b/build] unable to get git ref: failed to identify reference (tag/branch) for the checked-out revision '21b9d5cd3aaa379e82ca8924099454dfeeff6b86'
[f481d202-9cd9-4299-acd3-681106a0568b/build] unable to get git ref: failed to identify reference (tag/branch) for the checked-out revision '21b9d5cd3aaa379e82ca8924099454dfeeff6b86'
[f481d202-9cd9-4299-acd3-681106a0568b/build] unable to get git ref: failed to identify reference (tag/branch) for the checked-out revision '21b9d5cd3aaa379e82ca8924099454dfeeff6b86'
[f481d202-9cd9-4299-acd3-681106a0568b/build] unable to get git ref: failed to identify reference (tag/branch) for the checked-out revision '21b9d5cd3aaa379e82ca8924099454dfeeff6b86'
[f481d202-9cd9-4299-acd3-681106a0568b/build] unable to get git ref: failed to identify reference (tag/branch) for the checked-out revision '21b9d5cd3aaa379e82ca8924099454dfeeff6b86'
[f481d202-9cd9-4299-acd3-681106a0568b/build] ‚≠ê Run Main Build with Gradle
[f481d202-9cd9-4299-acd3-681106a0568b/build] unable to get git ref: failed to identify reference (tag/branch) for the checked-out revision '21b9d5cd3aaa379e82ca8924099454dfeeff6b86'
[f481d202-9cd9-4299-acd3-681106a0568b/build] unable to get git ref: failed to identify reference (tag/branch) for the checked-out revision '21b9d5cd3aaa379e82ca8924099454dfeeff6b86'
[f481d202-9cd9-4299-acd3-681106a0568b/build] unable to get git ref: failed to identify reference (tag/branch) for the checked-out revision '21b9d5cd3aaa379e82ca8924099454dfeeff6b86'
[f481d202-9cd9-4299-acd3-681106a0568b/build] unable to get git ref: failed to identify reference (tag/branch) for the checked-out revision '21b9d5cd3aaa379e82ca8924099454dfeeff6b86'
[f481d202-9cd9-4299-acd3-681106a0568b/build]   üê≥  docker exec cmd=[bash --noprofile --norc -e -o pipefail /var/run/act/workflow/3] user= workdir=
[f481d202-9cd9-4299-acd3-681106a0568b/build]   | Downloading https://services.gradle.org/distributions/gradle-6.0.1-bin.zip
[f481d202-9cd9-4299-acd3-681106a0568b/build]   | ..........................................................................................
[f481d202-9cd9-4299-acd3-681106a0568b/build]   | 
[f481d202-9cd9-4299-acd3-681106a0568b/build]   | Welcome to Gradle 6.0.1!
[f481d202-9cd9-4299-acd3-681106a0568b/build]   | 
[f481d202-9cd9-4299-acd3-681106a0568b/build]   | Here are the highlights of this release:
[f481d202-9cd9-4299-acd3-681106a0568b/build]   |  - Substantial improvements in dependency management, including
[f481d202-9cd9-4299-acd3-681106a0568b/build]   |    - Publishing Gradle Module Metadata in addition to pom.xml
[f481d202-9cd9-4299-acd3-681106a0568b/build]   |    - Advanced control of transitive versions
[f481d202-9cd9-4299-acd3-681106a0568b/build]   |    - Support for optional features and dependencies
[f481d202-9cd9-4299-acd3-681106a0568b/build]   |    - Rules to tweak published metadata
[f481d202-9cd9-4299-acd3-681106a0568b/build]   |  - Support for Java 13
[f481d202-9cd9-4299-acd3-681106a0568b/build]   |  - Faster incremental Java and Groovy compilation
[f481d202-9cd9-4299-acd3-681106a0568b/build]   |  - New Zinc compiler for Scala
[f481d202-9cd9-4299-acd3-681106a0568b/build]   |  - VS2019 support
[f481d202-9cd9-4299-acd3-681106a0568b/build]   |  - Support for Gradle Enterprise plugin 3.0
[f481d202-9cd9-4299-acd3-681106a0568b/build]   | 
[f481d202-9cd9-4299-acd3-681106a0568b/build]   | For more details see https://docs.gradle.org/6.0.1/release-notes.html
[f481d202-9cd9-4299-acd3-681106a0568b/build]   | 
[f481d202-9cd9-4299-acd3-681106a0568b/build]   | Starting a Gradle Daemon (subsequent builds will be faster)
[f481d202-9cd9-4299-acd3-681106a0568b/build]   | > Task :compileJava UP-TO-DATE
[f481d202-9cd9-4299-acd3-681106a0568b/build]   | > Task :processResources UP-TO-DATE
[f481d202-9cd9-4299-acd3-681106a0568b/build]   | > Task :classes UP-TO-DATE
[f481d202-9cd9-4299-acd3-681106a0568b/build]   | > Task :bootJar UP-TO-DATE
[f481d202-9cd9-4299-acd3-681106a0568b/build]   | > Task :jar SKIPPED
[f481d202-9cd9-4299-acd3-681106a0568b/build]   | > Task :assemble UP-TO-DATE
[f481d202-9cd9-4299-acd3-681106a0568b/build]   | 
[f481d202-9cd9-4299-acd3-681106a0568b/build]   | > Task :compileTestJava
[f481d202-9cd9-4299-acd3-681106a0568b/build]   | Errors occurred while build effective model from /home/runneradmin/.gradle/caches/modules-2/files-2.1/com.sun.xml.bind/jaxb-osgi/2.2.10/c926a537af564ec047ec6308df1d0d2a03364a86/jaxb-osgi-2.2.10.pom:
[f481d202-9cd9-4299-acd3-681106a0568b/build]   |     'dependencyManagement.dependencies.dependency.systemPath' for com.sun:tools:jar must specify an absolute path but is ${tools.jar} in com.sun.xml.bind:jaxb-osgi:2.2.10
[f481d202-9cd9-4299-acd3-681106a0568b/build]   | 
[f481d202-9cd9-4299-acd3-681106a0568b/build]   | > Task :processTestResources UP-TO-DATE
[f481d202-9cd9-4299-acd3-681106a0568b/build]   | > Task :testClasses
[f481d202-9cd9-4299-acd3-681106a0568b/build]   | 
[f481d202-9cd9-4299-acd3-681106a0568b/build]   | > Task :test
[f481d202-9cd9-4299-acd3-681106a0568b/build]   | WARNING: An illegal reflective access operation has occurred
[f481d202-9cd9-4299-acd3-681106a0568b/build]   | WARNING: Illegal reflective access by org.codehaus.groovy.vmplugin.v7.Java7$1 (file:/home/runneradmin/.gradle/caches/modules-2/files-2.1/org.codehaus.groovy/groovy/2.5.9/4222eafca660d01a44682c3fe4c629005728973/groovy-2.5.9.jar) to constructor java.lang.invoke.MethodHandles$Lookup(java.lang.Class,int)
[f481d202-9cd9-4299-acd3-681106a0568b/build]   | WARNING: Please consider reporting this to the maintainers of org.codehaus.groovy.vmplugin.v7.Java7$1
[f481d202-9cd9-4299-acd3-681106a0568b/build]   | WARNING: Use --illegal-access=warn to enable warnings of further illegal reflective access operations
[f481d202-9cd9-4299-acd3-681106a0568b/build]   | WARNING: All illegal access operations will be denied in a future release
[f481d202-9cd9-4299-acd3-681106a0568b/build]   | 
[f481d202-9cd9-4299-acd3-681106a0568b/build]   | com.example.authorizationserver.oauth.endpoint.AuthorizationEndpointIntegrationTest > authorizationRequest() FAILED
[f481d202-9cd9-4299-acd3-681106a0568b/build]   |     java.lang.AssertionError at AuthorizationEndpointIntegrationTest.java:61
[f481d202-9cd9-4299-acd3-681106a0568b/build]   | 
[f481d202-9cd9-4299-acd3-681106a0568b/build]   | com.example.authorizationserver.oauth.endpoint.AuthorizationEndpointIntegrationTest > authorizationRequestWithWrongRedirectUri() FAILED
[f481d202-9cd9-4299-acd3-681106a0568b/build]   |     java.lang.AssertionError at AuthorizationEndpointIntegrationTest.java:190
[f481d202-9cd9-4299-acd3-681106a0568b/build]   | 
[f481d202-9cd9-4299-acd3-681106a0568b/build]   | com.example.authorizationserver.oauth.endpoint.AuthorizationEndpointIntegrationTest > authorizationRequestForPublicClientMissingCodeChallenge() FAILED
[f481d202-9cd9-4299-acd3-681106a0568b/build]   |     java.lang.AssertionError at AuthorizationEndpointIntegrationTest.java:98
[f481d202-9cd9-4299-acd3-681106a0568b/build]   | 
[f481d202-9cd9-4299-acd3-681106a0568b/build]   | com.example.authorizationserver.oauth.endpoint.AuthorizationEndpointIntegrationTest > authorizationRequestForPublicClient() FAILED
[f481d202-9cd9-4299-acd3-681106a0568b/build]   |     java.lang.AssertionError at AuthorizationEndpointIntegrationTest.java:80
[f481d202-9cd9-4299-acd3-681106a0568b/build]   | 
[f481d202-9cd9-4299-acd3-681106a0568b/build]   | 18 tests completed, 4 failed
[f481d202-9cd9-4299-acd3-681106a0568b/build]   | 
[f481d202-9cd9-4299-acd3-681106a0568b/build]   | > Task :test FAILED
[f481d202-9cd9-4299-acd3-681106a0568b/build]   | 
[f481d202-9cd9-4299-acd3-681106a0568b/build]   | FAILURE: Build failed with an exception.
[f481d202-9cd9-4299-acd3-681106a0568b/build]   | 
[f481d202-9cd9-4299-acd3-681106a0568b/build]   | * What went wrong:
[f481d202-9cd9-4299-acd3-681106a0568b/build]   | Execution failed for task ':test'.
[f481d202-9cd9-4299-acd3-681106a0568b/build]   | > There were failing tests. See the report at: file:///tmp/e92d8427-7caf-4e20-8156-17a06651f07d/build/reports/tests/test/index.html
[f481d202-9cd9-4299-acd3-681106a0568b/build]   | 
[f481d202-9cd9-4299-acd3-681106a0568b/build]   | * Try:
[f481d202-9cd9-4299-acd3-681106a0568b/build]   | Run with --stacktrace option to get the stack trace. Run with --info or --debug option to get more log output. Run with --scan to get full insights.
[f481d202-9cd9-4299-acd3-681106a0568b/build]   | 
[f481d202-9cd9-4299-acd3-681106a0568b/build]   | * Get more help at https://help.gradle.org
[f481d202-9cd9-4299-acd3-681106a0568b/build]   | 
[f481d202-9cd9-4299-acd3-681106a0568b/build]   | BUILD FAILED in 1m 11s
[f481d202-9cd9-4299-acd3-681106a0568b/build]   | 6 actionable tasks: 2 executed, 4 up-to-date
[f481d202-9cd9-4299-acd3-681106a0568b/build]   ‚ùå  Failure - Main Build with Gradle
[f481d202-9cd9-4299-acd3-681106a0568b/build] exitcode '1': failure
[f481d202-9cd9-4299-acd3-681106a0568b/build] unable to get git ref: failed to identify reference (tag/branch) for the checked-out revision '21b9d5cd3aaa379e82ca8924099454dfeeff6b86'
[f481d202-9cd9-4299-acd3-681106a0568b/build] unable to get git ref: failed to identify reference (tag/branch) for the checked-out revision '21b9d5cd3aaa379e82ca8924099454dfeeff6b86'
[f481d202-9cd9-4299-acd3-681106a0568b/build] unable to get git ref: failed to identify reference (tag/branch) for the checked-out revision '21b9d5cd3aaa379e82ca8924099454dfeeff6b86'
[f481d202-9cd9-4299-acd3-681106a0568b/build] unable to get git ref: failed to identify reference (tag/branch) for the checked-out revision '21b9d5cd3aaa379e82ca8924099454dfeeff6b86'
[f481d202-9cd9-4299-acd3-681106a0568b/build] unable to get git ref: failed to identify reference (tag/branch) for the checked-out revision '21b9d5cd3aaa379e82ca8924099454dfeeff6b86'
[f481d202-9cd9-4299-acd3-681106a0568b/build] ‚≠ê Run Post Set up JDK
[f481d202-9cd9-4299-acd3-681106a0568b/build]   üê≥  docker exec cmd=[node /var/run/act/actions/actions-setup-java@v1/dist/cleanup/index.js] user= workdir=
[f481d202-9cd9-4299-acd3-681106a0568b/build]   ‚úÖ  Success - Post Set up JDK
[f481d202-9cd9-4299-acd3-681106a0568b/build] üèÅ  Job failed
[f481d202-9cd9-4299-acd3-681106a0568b/build] unable to get git ref: failed to identify reference (tag/branch) for the checked-out revision '21b9d5cd3aaa379e82ca8924099454dfeeff6b86'
