[0492c30d-b805-451e-8e87-1d7270029cbe/test] ğŸš€  Start image=gitbugactions:latest
[0492c30d-b805-451e-8e87-1d7270029cbe/test]   ğŸ³  docker pull image=gitbugactions:latest platform= username= forcePull=false
[0492c30d-b805-451e-8e87-1d7270029cbe/test]   ğŸ³  docker create image=gitbugactions:latest platform= entrypoint=["tail" "-f" "/dev/null"] cmd=[]
[0492c30d-b805-451e-8e87-1d7270029cbe/test]   ğŸ³  docker run image=gitbugactions:latest platform= entrypoint=["tail" "-f" "/dev/null"] cmd=[]
[0492c30d-b805-451e-8e87-1d7270029cbe/test]   ğŸ³  docker exec cmd=[chown -R 1012:1013 /tmp/c20fcf85-8946-41f2-ad28-5a36a750f924] user=0 workdir=
[0492c30d-b805-451e-8e87-1d7270029cbe/test] unable to get git ref: failed to identify reference (tag/branch) for the checked-out revision '06641953c4603f70ba2a0274f2e367bdb8c3da03'
[0492c30d-b805-451e-8e87-1d7270029cbe/test] unable to get git ref: failed to identify reference (tag/branch) for the checked-out revision '06641953c4603f70ba2a0274f2e367bdb8c3da03'
[0492c30d-b805-451e-8e87-1d7270029cbe/test] unable to get git ref: failed to identify reference (tag/branch) for the checked-out revision '06641953c4603f70ba2a0274f2e367bdb8c3da03'
[0492c30d-b805-451e-8e87-1d7270029cbe/test] unable to get git ref: failed to identify reference (tag/branch) for the checked-out revision '06641953c4603f70ba2a0274f2e367bdb8c3da03'
[0492c30d-b805-451e-8e87-1d7270029cbe/test] unable to get git ref: failed to identify reference (tag/branch) for the checked-out revision '06641953c4603f70ba2a0274f2e367bdb8c3da03'
[0492c30d-b805-451e-8e87-1d7270029cbe/test] unable to get git ref: failed to identify reference (tag/branch) for the checked-out revision '06641953c4603f70ba2a0274f2e367bdb8c3da03'
[0492c30d-b805-451e-8e87-1d7270029cbe/test] unable to get git ref: failed to identify reference (tag/branch) for the checked-out revision '06641953c4603f70ba2a0274f2e367bdb8c3da03'
[0492c30d-b805-451e-8e87-1d7270029cbe/test] unable to get git ref: failed to identify reference (tag/branch) for the checked-out revision '06641953c4603f70ba2a0274f2e367bdb8c3da03'
[0492c30d-b805-451e-8e87-1d7270029cbe/test] unable to get git ref: failed to identify reference (tag/branch) for the checked-out revision '06641953c4603f70ba2a0274f2e367bdb8c3da03'
[0492c30d-b805-451e-8e87-1d7270029cbe/test] â­ Run Main Checkout code
[0492c30d-b805-451e-8e87-1d7270029cbe/test] unable to get git ref: failed to identify reference (tag/branch) for the checked-out revision '06641953c4603f70ba2a0274f2e367bdb8c3da03'
[0492c30d-b805-451e-8e87-1d7270029cbe/test] unable to get git ref: failed to identify reference (tag/branch) for the checked-out revision '06641953c4603f70ba2a0274f2e367bdb8c3da03'
[0492c30d-b805-451e-8e87-1d7270029cbe/test]   ğŸ³  docker cp src=/tmp/c20fcf85-8946-41f2-ad28-5a36a750f924/. dst=/tmp/c20fcf85-8946-41f2-ad28-5a36a750f924
[0492c30d-b805-451e-8e87-1d7270029cbe/test]   ğŸ³  docker exec cmd=[chown -R 1012:1013 /tmp/c20fcf85-8946-41f2-ad28-5a36a750f924] user=0 workdir=
[0492c30d-b805-451e-8e87-1d7270029cbe/test]   âœ…  Success - Main Checkout code
[0492c30d-b805-451e-8e87-1d7270029cbe/test] unable to get git ref: failed to identify reference (tag/branch) for the checked-out revision '06641953c4603f70ba2a0274f2e367bdb8c3da03'
[0492c30d-b805-451e-8e87-1d7270029cbe/test] unable to get git ref: failed to identify reference (tag/branch) for the checked-out revision '06641953c4603f70ba2a0274f2e367bdb8c3da03'
[0492c30d-b805-451e-8e87-1d7270029cbe/test] unable to get git ref: failed to identify reference (tag/branch) for the checked-out revision '06641953c4603f70ba2a0274f2e367bdb8c3da03'
[0492c30d-b805-451e-8e87-1d7270029cbe/test] unable to get git ref: failed to identify reference (tag/branch) for the checked-out revision '06641953c4603f70ba2a0274f2e367bdb8c3da03'
[0492c30d-b805-451e-8e87-1d7270029cbe/test] unable to get git ref: failed to identify reference (tag/branch) for the checked-out revision '06641953c4603f70ba2a0274f2e367bdb8c3da03'
[0492c30d-b805-451e-8e87-1d7270029cbe/test] â­ Run Main Set up JDK
[0492c30d-b805-451e-8e87-1d7270029cbe/test] unable to get git ref: failed to identify reference (tag/branch) for the checked-out revision '06641953c4603f70ba2a0274f2e367bdb8c3da03'
[0492c30d-b805-451e-8e87-1d7270029cbe/test] unable to get git ref: failed to identify reference (tag/branch) for the checked-out revision '06641953c4603f70ba2a0274f2e367bdb8c3da03'
[0492c30d-b805-451e-8e87-1d7270029cbe/test] unable to get git ref: failed to identify reference (tag/branch) for the checked-out revision '06641953c4603f70ba2a0274f2e367bdb8c3da03'
[0492c30d-b805-451e-8e87-1d7270029cbe/test]   ğŸ³  docker cp src=/tmp/act-cache/250f79b4-5b59-4472-b60c-d3be4ebede96/act/actions-setup-java@v2/ dst=/var/run/act/actions/actions-setup-java@v2/
[0492c30d-b805-451e-8e87-1d7270029cbe/test]   ğŸ³  docker exec cmd=[chown -R 1012:1013 /var/run/act/actions/actions-setup-java@v2/] user=0 workdir=
[0492c30d-b805-451e-8e87-1d7270029cbe/test]   ğŸ³  docker exec cmd=[node /var/run/act/actions/actions-setup-java@v2/dist/setup/index.js] user= workdir=
[0492c30d-b805-451e-8e87-1d7270029cbe/test]   | Trying to resolve the latest version from remote
[0492c30d-b805-451e-8e87-1d7270029cbe/test]   | Resolved latest version as 11.0.13
[0492c30d-b805-451e-8e87-1d7270029cbe/test]   | Trying to download...
[0492c30d-b805-451e-8e87-1d7270029cbe/test]   | Downloading Java 11.0.13 (Microsoft) from https://aka.ms/download-jdk/microsoft-jdk-11.0.13.8.1-linux-x64.tar.gz ...
[0492c30d-b805-451e-8e87-1d7270029cbe/test]   ğŸ’¬  ::debug::Downloading https://aka.ms/download-jdk/microsoft-jdk-11.0.13.8.1-linux-x64.tar.gz
[0492c30d-b805-451e-8e87-1d7270029cbe/test]   ğŸ’¬  ::debug::Destination /tmp/a5013226-d6fd-4568-9f59-617fa0f1e282
[0492c30d-b805-451e-8e87-1d7270029cbe/test]   ğŸ’¬  ::debug::download complete
[0492c30d-b805-451e-8e87-1d7270029cbe/test]   | Extracting Java archive...
[0492c30d-b805-451e-8e87-1d7270029cbe/test]   ğŸ’¬  ::debug::Checking tar --version
[0492c30d-b805-451e-8e87-1d7270029cbe/test]   ğŸ’¬  ::debug::tar (GNU tar) 1.34%0ACopyright (C) 2021 Free Software Foundation, Inc.%0ALicense GPLv3+: GNU GPL version 3 or later <https://gnu.org/licenses/gpl.html>.%0AThis is free software: you are free to change and redistribute it.%0AThere is NO WARRANTY, to the extent permitted by law.%0A%0AWritten by John Gilmore and Jay Fenlason.
[0492c30d-b805-451e-8e87-1d7270029cbe/test]   | [command]/usr/bin/tar xz --warning=no-unknown-keyword -C /tmp/1c873a9a-f818-4bee-b6af-183ab52df4a6 -f /tmp/a5013226-d6fd-4568-9f59-617fa0f1e282
[0492c30d-b805-451e-8e87-1d7270029cbe/test]   ğŸ’¬  ::debug::Caching tool Java_Microsoft_jdk 11.0.13 x64
[0492c30d-b805-451e-8e87-1d7270029cbe/test]   ğŸ’¬  ::debug::source dir: /tmp/1c873a9a-f818-4bee-b6af-183ab52df4a6/jdk-11.0.13+8
[0492c30d-b805-451e-8e87-1d7270029cbe/test]   ğŸ’¬  ::debug::destination /opt/hostedtoolcache/Java_Microsoft_jdk/11.0.13/x64
[0492c30d-b805-451e-8e87-1d7270029cbe/test]   ğŸ’¬  ::debug::finished caching tool
[0492c30d-b805-451e-8e87-1d7270029cbe/test]   | Java 11.0.13 was downloaded
[0492c30d-b805-451e-8e87-1d7270029cbe/test]   | Setting Java 11.0.13 as the default
[0492c30d-b805-451e-8e87-1d7270029cbe/test]   | 
[0492c30d-b805-451e-8e87-1d7270029cbe/test]   | Java configuration:
[0492c30d-b805-451e-8e87-1d7270029cbe/test]   |   Distribution: microsoft
[0492c30d-b805-451e-8e87-1d7270029cbe/test]   |   Version: 11.0.13
[0492c30d-b805-451e-8e87-1d7270029cbe/test]   |   Path: /opt/hostedtoolcache/Java_Microsoft_jdk/11.0.13/x64
[0492c30d-b805-451e-8e87-1d7270029cbe/test]   | 
[0492c30d-b805-451e-8e87-1d7270029cbe/test]   â“ add-matcher /run/act/actions/actions-setup-java@v2/.github/java.json
[0492c30d-b805-451e-8e87-1d7270029cbe/test]   | Creating settings.xml with server-id: github
[0492c30d-b805-451e-8e87-1d7270029cbe/test]   | Writing to /home/runner/.m2/settings.xml
[0492c30d-b805-451e-8e87-1d7270029cbe/test]   âœ…  Success - Main Set up JDK
[0492c30d-b805-451e-8e87-1d7270029cbe/test]   âš™  ::set-env:: JAVA_HOME=/opt/hostedtoolcache/Java_Microsoft_jdk/11.0.13/x64
[0492c30d-b805-451e-8e87-1d7270029cbe/test]   âš™  ::set-output:: distribution=Microsoft
[0492c30d-b805-451e-8e87-1d7270029cbe/test]   âš™  ::set-output:: path=/opt/hostedtoolcache/Java_Microsoft_jdk/11.0.13/x64
[0492c30d-b805-451e-8e87-1d7270029cbe/test]   âš™  ::set-output:: version=11.0.13
[0492c30d-b805-451e-8e87-1d7270029cbe/test]   âš™  ::add-path:: /opt/hostedtoolcache/Java_Microsoft_jdk/11.0.13/x64/bin
[0492c30d-b805-451e-8e87-1d7270029cbe/test] unable to get git ref: failed to identify reference (tag/branch) for the checked-out revision '06641953c4603f70ba2a0274f2e367bdb8c3da03'
[0492c30d-b805-451e-8e87-1d7270029cbe/test] unable to get git ref: failed to identify reference (tag/branch) for the checked-out revision '06641953c4603f70ba2a0274f2e367bdb8c3da03'
[0492c30d-b805-451e-8e87-1d7270029cbe/test] unable to get git ref: failed to identify reference (tag/branch) for the checked-out revision '06641953c4603f70ba2a0274f2e367bdb8c3da03'
[0492c30d-b805-451e-8e87-1d7270029cbe/test] unable to get git ref: failed to identify reference (tag/branch) for the checked-out revision '06641953c4603f70ba2a0274f2e367bdb8c3da03'
[0492c30d-b805-451e-8e87-1d7270029cbe/test] unable to get git ref: failed to identify reference (tag/branch) for the checked-out revision '06641953c4603f70ba2a0274f2e367bdb8c3da03'
[0492c30d-b805-451e-8e87-1d7270029cbe/test] â­ Run Main Test
[0492c30d-b805-451e-8e87-1d7270029cbe/test] unable to get git ref: failed to identify reference (tag/branch) for the checked-out revision '06641953c4603f70ba2a0274f2e367bdb8c3da03'
[0492c30d-b805-451e-8e87-1d7270029cbe/test] unable to get git ref: failed to identify reference (tag/branch) for the checked-out revision '06641953c4603f70ba2a0274f2e367bdb8c3da03'
[0492c30d-b805-451e-8e87-1d7270029cbe/test] unable to get git ref: failed to identify reference (tag/branch) for the checked-out revision '06641953c4603f70ba2a0274f2e367bdb8c3da03'
[0492c30d-b805-451e-8e87-1d7270029cbe/test] unable to get git ref: failed to identify reference (tag/branch) for the checked-out revision '06641953c4603f70ba2a0274f2e367bdb8c3da03'
[0492c30d-b805-451e-8e87-1d7270029cbe/test]   ğŸ³  docker exec cmd=[bash --noprofile --norc -e -o pipefail /var/run/act/workflow/2] user= workdir=
[0492c30d-b805-451e-8e87-1d7270029cbe/test]   | Downloading https://services.gradle.org/distributions/gradle-7.4.1-bin.zip
[0492c30d-b805-451e-8e87-1d7270029cbe/test]   | ...........10%...........20%...........30%...........40%...........50%...........60%...........70%...........80%...........90%...........100%
[0492c30d-b805-451e-8e87-1d7270029cbe/test]   | 
[0492c30d-b805-451e-8e87-1d7270029cbe/test]   | Welcome to Gradle 7.4.1!
[0492c30d-b805-451e-8e87-1d7270029cbe/test]   | 
[0492c30d-b805-451e-8e87-1d7270029cbe/test]   | Here are the highlights of this release:
[0492c30d-b805-451e-8e87-1d7270029cbe/test]   |  - Aggregated test and JaCoCo reports
[0492c30d-b805-451e-8e87-1d7270029cbe/test]   |  - Marking additional test source directories as tests in IntelliJ
[0492c30d-b805-451e-8e87-1d7270029cbe/test]   |  - Support for Adoptium JDKs in Java toolchains
[0492c30d-b805-451e-8e87-1d7270029cbe/test]   | 
[0492c30d-b805-451e-8e87-1d7270029cbe/test]   | For more details see https://docs.gradle.org/7.4.1/release-notes.html
[0492c30d-b805-451e-8e87-1d7270029cbe/test]   | 
[0492c30d-b805-451e-8e87-1d7270029cbe/test]   | Starting a Gradle Daemon (subsequent builds will be faster)
[0492c30d-b805-451e-8e87-1d7270029cbe/test]   | > Task :generateEffectiveLombokConfig
[0492c30d-b805-451e-8e87-1d7270029cbe/test]   | 
[0492c30d-b805-451e-8e87-1d7270029cbe/test]   | > Task :compileJava
[0492c30d-b805-451e-8e87-1d7270029cbe/test]   | Note: Some input files use or override a deprecated API.
[0492c30d-b805-451e-8e87-1d7270029cbe/test]   | Note: Recompile with -Xlint:deprecation for details.
[0492c30d-b805-451e-8e87-1d7270029cbe/test]   | Note: Some input files use unchecked or unsafe operations.
[0492c30d-b805-451e-8e87-1d7270029cbe/test]   | Note: Recompile with -Xlint:unchecked for details.
[0492c30d-b805-451e-8e87-1d7270029cbe/test]   | 
[0492c30d-b805-451e-8e87-1d7270029cbe/test]   | > Task :processResources NO-SOURCE
[0492c30d-b805-451e-8e87-1d7270029cbe/test]   | > Task :classes
[0492c30d-b805-451e-8e87-1d7270029cbe/test]   | > Task :generateTestEffectiveLombokConfig
[0492c30d-b805-451e-8e87-1d7270029cbe/test]   | 
[0492c30d-b805-451e-8e87-1d7270029cbe/test]   | > Task :compileTestJava
[0492c30d-b805-451e-8e87-1d7270029cbe/test]   | Note: Some input files use or override a deprecated API.
[0492c30d-b805-451e-8e87-1d7270029cbe/test]   | Note: Recompile with -Xlint:deprecation for details.
[0492c30d-b805-451e-8e87-1d7270029cbe/test]   | 
[0492c30d-b805-451e-8e87-1d7270029cbe/test]   | > Task :processTestResources NO-SOURCE
[0492c30d-b805-451e-8e87-1d7270029cbe/test]   | > Task :testClasses
[0492c30d-b805-451e-8e87-1d7270029cbe/test]   | 
[0492c30d-b805-451e-8e87-1d7270029cbe/test]   | > Task :test
[0492c30d-b805-451e-8e87-1d7270029cbe/test]   | 
[0492c30d-b805-451e-8e87-1d7270029cbe/test]   | org.stellar.sdk.KeyPairTest > testPublicEqual FAILED
[0492c30d-b805-451e-8e87-1d7270029cbe/test]   |     java.lang.NullPointerException at KeyPairTest.java:128
[0492c30d-b805-451e-8e87-1d7270029cbe/test]   | 
[0492c30d-b805-451e-8e87-1d7270029cbe/test]   | org.stellar.sdk.KeyPairTest > testPublicPrivateNotEquals FAILED
[0492c30d-b805-451e-8e87-1d7270029cbe/test]   |     java.lang.NullPointerException at KeyPairTest.java:135
[0492c30d-b805-451e-8e87-1d7270029cbe/test]   | 
[0492c30d-b805-451e-8e87-1d7270029cbe/test]   | 497 tests completed, 2 failed, 1 skipped
[0492c30d-b805-451e-8e87-1d7270029cbe/test]   | 
[0492c30d-b805-451e-8e87-1d7270029cbe/test]   | > Task :test FAILED
[0492c30d-b805-451e-8e87-1d7270029cbe/test]   | 
[0492c30d-b805-451e-8e87-1d7270029cbe/test]   | FAILURE: Build failed with an exception.
[0492c30d-b805-451e-8e87-1d7270029cbe/test]   | 
[0492c30d-b805-451e-8e87-1d7270029cbe/test]   | * What went wrong:
[0492c30d-b805-451e-8e87-1d7270029cbe/test]   | Execution failed for task ':test'.
[0492c30d-b805-451e-8e87-1d7270029cbe/test]   | > There were failing tests. See the report at: file:///tmp/c20fcf85-8946-41f2-ad28-5a36a750f924/build/reports/tests/test/index.html
[0492c30d-b805-451e-8e87-1d7270029cbe/test]   | 
[0492c30d-b805-451e-8e87-1d7270029cbe/test]   | * Try:
[0492c30d-b805-451e-8e87-1d7270029cbe/test]   | > Run with --stacktrace option to get the stack trace.
[0492c30d-b805-451e-8e87-1d7270029cbe/test]   | > Run with --info or --debug option to get more log output.
[0492c30d-b805-451e-8e87-1d7270029cbe/test]   | > Run with --scan to get full insights.
[0492c30d-b805-451e-8e87-1d7270029cbe/test]   | 
[0492c30d-b805-451e-8e87-1d7270029cbe/test]   | * Get more help at https://help.gradle.org
[0492c30d-b805-451e-8e87-1d7270029cbe/test]   | 
[0492c30d-b805-451e-8e87-1d7270029cbe/test]   | BUILD FAILED in 46s
[0492c30d-b805-451e-8e87-1d7270029cbe/test]   | 5 actionable tasks: 5 executed
[0492c30d-b805-451e-8e87-1d7270029cbe/test]   âŒ  Failure - Main Test
[0492c30d-b805-451e-8e87-1d7270029cbe/test] exitcode '1': failure
[0492c30d-b805-451e-8e87-1d7270029cbe/test] unable to get git ref: failed to identify reference (tag/branch) for the checked-out revision '06641953c4603f70ba2a0274f2e367bdb8c3da03'
[0492c30d-b805-451e-8e87-1d7270029cbe/test] unable to get git ref: failed to identify reference (tag/branch) for the checked-out revision '06641953c4603f70ba2a0274f2e367bdb8c3da03'
[0492c30d-b805-451e-8e87-1d7270029cbe/test] unable to get git ref: failed to identify reference (tag/branch) for the checked-out revision '06641953c4603f70ba2a0274f2e367bdb8c3da03'
[0492c30d-b805-451e-8e87-1d7270029cbe/test] unable to get git ref: failed to identify reference (tag/branch) for the checked-out revision '06641953c4603f70ba2a0274f2e367bdb8c3da03'
[0492c30d-b805-451e-8e87-1d7270029cbe/test] unable to get git ref: failed to identify reference (tag/branch) for the checked-out revision '06641953c4603f70ba2a0274f2e367bdb8c3da03'
[0492c30d-b805-451e-8e87-1d7270029cbe/test] â­ Run Post Set up JDK
[0492c30d-b805-451e-8e87-1d7270029cbe/test]   ğŸ³  docker exec cmd=[node /var/run/act/actions/actions-setup-java@v2/dist/cleanup/index.js] user= workdir=
[0492c30d-b805-451e-8e87-1d7270029cbe/test]   âœ…  Success - Post Set up JDK
[0492c30d-b805-451e-8e87-1d7270029cbe/test] ğŸ  Job failed
[0492c30d-b805-451e-8e87-1d7270029cbe/test] unable to get git ref: failed to identify reference (tag/branch) for the checked-out revision '06641953c4603f70ba2a0274f2e367bdb8c3da03'
