[b42c0ec1-3ad3-4045-83ea-f99872ad5c05/build] üöÄ  Start image=gitbugactions:latest
[b42c0ec1-3ad3-4045-83ea-f99872ad5c05/build]   üê≥  docker pull image=gitbugactions:latest platform= username= forcePull=false
[b42c0ec1-3ad3-4045-83ea-f99872ad5c05/build]   üê≥  docker create image=gitbugactions:latest platform= entrypoint=["tail" "-f" "/dev/null"] cmd=[]
[b42c0ec1-3ad3-4045-83ea-f99872ad5c05/build]   üê≥  docker run image=gitbugactions:latest platform= entrypoint=["tail" "-f" "/dev/null"] cmd=[]
[b42c0ec1-3ad3-4045-83ea-f99872ad5c05/build]   üê≥  docker exec cmd=[chown -R 1012:1013 /tmp/4b7e37d4-4127-43a3-98a5-ccf2c74a31e7] user=0 workdir=
[b42c0ec1-3ad3-4045-83ea-f99872ad5c05/build] unable to get git ref: failed to identify reference (tag/branch) for the checked-out revision '52f8059edcd151ea5338754caa8f9dd32ba5b13e'
[b42c0ec1-3ad3-4045-83ea-f99872ad5c05/build] unable to get git ref: failed to identify reference (tag/branch) for the checked-out revision '52f8059edcd151ea5338754caa8f9dd32ba5b13e'
[b42c0ec1-3ad3-4045-83ea-f99872ad5c05/build] unable to get git ref: failed to identify reference (tag/branch) for the checked-out revision '52f8059edcd151ea5338754caa8f9dd32ba5b13e'
[b42c0ec1-3ad3-4045-83ea-f99872ad5c05/build] unable to get git ref: failed to identify reference (tag/branch) for the checked-out revision '52f8059edcd151ea5338754caa8f9dd32ba5b13e'
[b42c0ec1-3ad3-4045-83ea-f99872ad5c05/build] üß™  Matrix: map[java:8 os:ubuntu-latest]
[b42c0ec1-3ad3-4045-83ea-f99872ad5c05/build] unable to get git ref: failed to identify reference (tag/branch) for the checked-out revision '52f8059edcd151ea5338754caa8f9dd32ba5b13e'
[b42c0ec1-3ad3-4045-83ea-f99872ad5c05/build] unable to get git ref: failed to identify reference (tag/branch) for the checked-out revision '52f8059edcd151ea5338754caa8f9dd32ba5b13e'
[b42c0ec1-3ad3-4045-83ea-f99872ad5c05/build] unable to get git ref: failed to identify reference (tag/branch) for the checked-out revision '52f8059edcd151ea5338754caa8f9dd32ba5b13e'
[b42c0ec1-3ad3-4045-83ea-f99872ad5c05/build] unable to get git ref: failed to identify reference (tag/branch) for the checked-out revision '52f8059edcd151ea5338754caa8f9dd32ba5b13e'
[b42c0ec1-3ad3-4045-83ea-f99872ad5c05/build] unable to get git ref: failed to identify reference (tag/branch) for the checked-out revision '52f8059edcd151ea5338754caa8f9dd32ba5b13e'
[b42c0ec1-3ad3-4045-83ea-f99872ad5c05/build] unable to get git ref: failed to identify reference (tag/branch) for the checked-out revision '52f8059edcd151ea5338754caa8f9dd32ba5b13e'
[b42c0ec1-3ad3-4045-83ea-f99872ad5c05/build] ‚≠ê Run Main Checkout the repo
[b42c0ec1-3ad3-4045-83ea-f99872ad5c05/build] unable to get git ref: failed to identify reference (tag/branch) for the checked-out revision '52f8059edcd151ea5338754caa8f9dd32ba5b13e'
[b42c0ec1-3ad3-4045-83ea-f99872ad5c05/build] unable to get git ref: failed to identify reference (tag/branch) for the checked-out revision '52f8059edcd151ea5338754caa8f9dd32ba5b13e'
[b42c0ec1-3ad3-4045-83ea-f99872ad5c05/build]   üê≥  docker cp src=/tmp/4b7e37d4-4127-43a3-98a5-ccf2c74a31e7/. dst=/tmp/4b7e37d4-4127-43a3-98a5-ccf2c74a31e7
[b42c0ec1-3ad3-4045-83ea-f99872ad5c05/build]   üê≥  docker exec cmd=[chown -R 1012:1013 /tmp/4b7e37d4-4127-43a3-98a5-ccf2c74a31e7] user=0 workdir=
[b42c0ec1-3ad3-4045-83ea-f99872ad5c05/build]   ‚úÖ  Success - Main Checkout the repo
[b42c0ec1-3ad3-4045-83ea-f99872ad5c05/build] unable to get git ref: failed to identify reference (tag/branch) for the checked-out revision '52f8059edcd151ea5338754caa8f9dd32ba5b13e'
[b42c0ec1-3ad3-4045-83ea-f99872ad5c05/build] unable to get git ref: failed to identify reference (tag/branch) for the checked-out revision '52f8059edcd151ea5338754caa8f9dd32ba5b13e'
[b42c0ec1-3ad3-4045-83ea-f99872ad5c05/build] unable to get git ref: failed to identify reference (tag/branch) for the checked-out revision '52f8059edcd151ea5338754caa8f9dd32ba5b13e'
[b42c0ec1-3ad3-4045-83ea-f99872ad5c05/build] unable to get git ref: failed to identify reference (tag/branch) for the checked-out revision '52f8059edcd151ea5338754caa8f9dd32ba5b13e'
[b42c0ec1-3ad3-4045-83ea-f99872ad5c05/build] unable to get git ref: failed to identify reference (tag/branch) for the checked-out revision '52f8059edcd151ea5338754caa8f9dd32ba5b13e'
[b42c0ec1-3ad3-4045-83ea-f99872ad5c05/build] ‚≠ê Run Main Setup Java
[b42c0ec1-3ad3-4045-83ea-f99872ad5c05/build] unable to get git ref: failed to identify reference (tag/branch) for the checked-out revision '52f8059edcd151ea5338754caa8f9dd32ba5b13e'
[b42c0ec1-3ad3-4045-83ea-f99872ad5c05/build] unable to get git ref: failed to identify reference (tag/branch) for the checked-out revision '52f8059edcd151ea5338754caa8f9dd32ba5b13e'
[b42c0ec1-3ad3-4045-83ea-f99872ad5c05/build] unable to get git ref: failed to identify reference (tag/branch) for the checked-out revision '52f8059edcd151ea5338754caa8f9dd32ba5b13e'
[b42c0ec1-3ad3-4045-83ea-f99872ad5c05/build]   üê≥  docker cp src=/tmp/act-cache/62bc70ff-9746-495a-83b5-7d9f352fc8a3/act/actions-setup-java@v3/ dst=/var/run/act/actions/actions-setup-java@v3/
[b42c0ec1-3ad3-4045-83ea-f99872ad5c05/build]   üê≥  docker exec cmd=[chown -R 1012:1013 /var/run/act/actions/actions-setup-java@v3/] user=0 workdir=
[b42c0ec1-3ad3-4045-83ea-f99872ad5c05/build]   üê≥  docker exec cmd=[node /var/run/act/actions/actions-setup-java@v3/dist/setup/index.js] user= workdir=
[b42c0ec1-3ad3-4045-83ea-f99872ad5c05/build]   ‚ùì  ::group::Installed distributions
[b42c0ec1-3ad3-4045-83ea-f99872ad5c05/build]   | Trying to resolve the latest version from remote
[b42c0ec1-3ad3-4045-83ea-f99872ad5c05/build]   üí¨  ::debug::Gathering available versions from 'https://api.azul.com/zulu/download/community/v1.0/bundles/?os=linux&ext=tar.gz&bundle_type=jdk&javafx=false&arch=x86&hw_bitness=64&release_status=ga'
[b42c0ec1-3ad3-4045-83ea-f99872ad5c05/build]   | Resolved latest version as 8.0.392+8
[b42c0ec1-3ad3-4045-83ea-f99872ad5c05/build]   | Trying to download...
[b42c0ec1-3ad3-4045-83ea-f99872ad5c05/build]   | Downloading Java 8.0.392+8 (Zulu) from https://cdn.azul.com/zulu/bin/zulu8.74.0.17-ca-jdk8.0.392-linux_x64.tar.gz ...
[b42c0ec1-3ad3-4045-83ea-f99872ad5c05/build]   üí¨  ::debug::Downloading https://cdn.azul.com/zulu/bin/zulu8.74.0.17-ca-jdk8.0.392-linux_x64.tar.gz
[b42c0ec1-3ad3-4045-83ea-f99872ad5c05/build]   üí¨  ::debug::Destination /tmp/15fe345a-ec20-4d31-a785-1cfbc02638ee
[b42c0ec1-3ad3-4045-83ea-f99872ad5c05/build]   üí¨  ::debug::download complete
[b42c0ec1-3ad3-4045-83ea-f99872ad5c05/build]   | Extracting Java archive...
[b42c0ec1-3ad3-4045-83ea-f99872ad5c05/build]   üí¨  ::debug::Checking tar --version
[b42c0ec1-3ad3-4045-83ea-f99872ad5c05/build]   üí¨  ::debug::tar (GNU tar) 1.34%0ACopyright (C) 2021 Free Software Foundation, Inc.%0ALicense GPLv3+: GNU GPL version 3 or later <https://gnu.org/licenses/gpl.html>.%0AThis is free software: you are free to change and redistribute it.%0AThere is NO WARRANTY, to the extent permitted by law.%0A%0AWritten by John Gilmore and Jay Fenlason.
[b42c0ec1-3ad3-4045-83ea-f99872ad5c05/build]   | [command]/usr/bin/tar xz --warning=no-unknown-keyword -C /tmp/76f580b0-eb3b-428c-8413-bde541e172f0 -f /tmp/15fe345a-ec20-4d31-a785-1cfbc02638ee
[b42c0ec1-3ad3-4045-83ea-f99872ad5c05/build]   üí¨  ::debug::Caching tool Java_Zulu_jdk 8.0.392-8 x64
[b42c0ec1-3ad3-4045-83ea-f99872ad5c05/build]   üí¨  ::debug::source dir: /tmp/76f580b0-eb3b-428c-8413-bde541e172f0/zulu8.74.0.17-ca-jdk8.0.392-linux_x64
[b42c0ec1-3ad3-4045-83ea-f99872ad5c05/build]   üí¨  ::debug::destination /opt/hostedtoolcache/Java_Zulu_jdk/8.0.392-8/x64
[b42c0ec1-3ad3-4045-83ea-f99872ad5c05/build]   üí¨  ::debug::finished caching tool
[b42c0ec1-3ad3-4045-83ea-f99872ad5c05/build]   | Java 8.0.392+8 was downloaded
[b42c0ec1-3ad3-4045-83ea-f99872ad5c05/build]   | Setting Java 8.0.392+8 as the default
[b42c0ec1-3ad3-4045-83ea-f99872ad5c05/build]   | Creating toolchains.xml for JDK version 8 from zulu
[b42c0ec1-3ad3-4045-83ea-f99872ad5c05/build]   | Writing to /home/runner/.m2/toolchains.xml
[b42c0ec1-3ad3-4045-83ea-f99872ad5c05/build]   | 
[b42c0ec1-3ad3-4045-83ea-f99872ad5c05/build]   | Java configuration:
[b42c0ec1-3ad3-4045-83ea-f99872ad5c05/build]   |   Distribution: zulu
[b42c0ec1-3ad3-4045-83ea-f99872ad5c05/build]   |   Version: 8.0.392+8
[b42c0ec1-3ad3-4045-83ea-f99872ad5c05/build]   |   Path: /opt/hostedtoolcache/Java_Zulu_jdk/8.0.392-8/x64
[b42c0ec1-3ad3-4045-83ea-f99872ad5c05/build]   | 
[b42c0ec1-3ad3-4045-83ea-f99872ad5c05/build]   ‚ùì  ::endgroup::
[b42c0ec1-3ad3-4045-83ea-f99872ad5c05/build]   ‚ùì add-matcher /run/act/actions/actions-setup-java@v3/.github/java.json
[b42c0ec1-3ad3-4045-83ea-f99872ad5c05/build]   | Creating settings.xml with server-id: github
[b42c0ec1-3ad3-4045-83ea-f99872ad5c05/build]   | Writing to /home/runner/.m2/settings.xml
[b42c0ec1-3ad3-4045-83ea-f99872ad5c05/build]   ‚úÖ  Success - Main Setup Java
[b42c0ec1-3ad3-4045-83ea-f99872ad5c05/build]   ‚öô  ::set-env:: JAVA_HOME=/opt/hostedtoolcache/Java_Zulu_jdk/8.0.392-8/x64
[b42c0ec1-3ad3-4045-83ea-f99872ad5c05/build]   ‚öô  ::set-env:: JAVA_HOME_8_X64=/opt/hostedtoolcache/Java_Zulu_jdk/8.0.392-8/x64
[b42c0ec1-3ad3-4045-83ea-f99872ad5c05/build]   ‚öô  ::set-output:: distribution=Zulu
[b42c0ec1-3ad3-4045-83ea-f99872ad5c05/build]   ‚öô  ::set-output:: path=/opt/hostedtoolcache/Java_Zulu_jdk/8.0.392-8/x64
[b42c0ec1-3ad3-4045-83ea-f99872ad5c05/build]   ‚öô  ::set-output:: version=8.0.392+8
[b42c0ec1-3ad3-4045-83ea-f99872ad5c05/build]   ‚öô  ::add-path:: /opt/hostedtoolcache/Java_Zulu_jdk/8.0.392-8/x64/bin
[b42c0ec1-3ad3-4045-83ea-f99872ad5c05/build] unable to get git ref: failed to identify reference (tag/branch) for the checked-out revision '52f8059edcd151ea5338754caa8f9dd32ba5b13e'
[b42c0ec1-3ad3-4045-83ea-f99872ad5c05/build] unable to get git ref: failed to identify reference (tag/branch) for the checked-out revision '52f8059edcd151ea5338754caa8f9dd32ba5b13e'
[b42c0ec1-3ad3-4045-83ea-f99872ad5c05/build] unable to get git ref: failed to identify reference (tag/branch) for the checked-out revision '52f8059edcd151ea5338754caa8f9dd32ba5b13e'
[b42c0ec1-3ad3-4045-83ea-f99872ad5c05/build] unable to get git ref: failed to identify reference (tag/branch) for the checked-out revision '52f8059edcd151ea5338754caa8f9dd32ba5b13e'
[b42c0ec1-3ad3-4045-83ea-f99872ad5c05/build] unable to get git ref: failed to identify reference (tag/branch) for the checked-out revision '52f8059edcd151ea5338754caa8f9dd32ba5b13e'
[b42c0ec1-3ad3-4045-83ea-f99872ad5c05/build] ‚≠ê Run Main Grant execute permission for gradlew
[b42c0ec1-3ad3-4045-83ea-f99872ad5c05/build] unable to get git ref: failed to identify reference (tag/branch) for the checked-out revision '52f8059edcd151ea5338754caa8f9dd32ba5b13e'
[b42c0ec1-3ad3-4045-83ea-f99872ad5c05/build] unable to get git ref: failed to identify reference (tag/branch) for the checked-out revision '52f8059edcd151ea5338754caa8f9dd32ba5b13e'
[b42c0ec1-3ad3-4045-83ea-f99872ad5c05/build] unable to get git ref: failed to identify reference (tag/branch) for the checked-out revision '52f8059edcd151ea5338754caa8f9dd32ba5b13e'
[b42c0ec1-3ad3-4045-83ea-f99872ad5c05/build] unable to get git ref: failed to identify reference (tag/branch) for the checked-out revision '52f8059edcd151ea5338754caa8f9dd32ba5b13e'
[b42c0ec1-3ad3-4045-83ea-f99872ad5c05/build]   üê≥  docker exec cmd=[bash --noprofile --norc -e -o pipefail /var/run/act/workflow/2] user= workdir=
[b42c0ec1-3ad3-4045-83ea-f99872ad5c05/build]   ‚úÖ  Success - Main Grant execute permission for gradlew
[b42c0ec1-3ad3-4045-83ea-f99872ad5c05/build] unable to get git ref: failed to identify reference (tag/branch) for the checked-out revision '52f8059edcd151ea5338754caa8f9dd32ba5b13e'
[b42c0ec1-3ad3-4045-83ea-f99872ad5c05/build] unable to get git ref: failed to identify reference (tag/branch) for the checked-out revision '52f8059edcd151ea5338754caa8f9dd32ba5b13e'
[b42c0ec1-3ad3-4045-83ea-f99872ad5c05/build] unable to get git ref: failed to identify reference (tag/branch) for the checked-out revision '52f8059edcd151ea5338754caa8f9dd32ba5b13e'
[b42c0ec1-3ad3-4045-83ea-f99872ad5c05/build] unable to get git ref: failed to identify reference (tag/branch) for the checked-out revision '52f8059edcd151ea5338754caa8f9dd32ba5b13e'
[b42c0ec1-3ad3-4045-83ea-f99872ad5c05/build] unable to get git ref: failed to identify reference (tag/branch) for the checked-out revision '52f8059edcd151ea5338754caa8f9dd32ba5b13e'
[b42c0ec1-3ad3-4045-83ea-f99872ad5c05/build] ‚≠ê Run Main Build with Gradle
[b42c0ec1-3ad3-4045-83ea-f99872ad5c05/build] unable to get git ref: failed to identify reference (tag/branch) for the checked-out revision '52f8059edcd151ea5338754caa8f9dd32ba5b13e'
[b42c0ec1-3ad3-4045-83ea-f99872ad5c05/build] unable to get git ref: failed to identify reference (tag/branch) for the checked-out revision '52f8059edcd151ea5338754caa8f9dd32ba5b13e'
[b42c0ec1-3ad3-4045-83ea-f99872ad5c05/build] unable to get git ref: failed to identify reference (tag/branch) for the checked-out revision '52f8059edcd151ea5338754caa8f9dd32ba5b13e'
[b42c0ec1-3ad3-4045-83ea-f99872ad5c05/build] unable to get git ref: failed to identify reference (tag/branch) for the checked-out revision '52f8059edcd151ea5338754caa8f9dd32ba5b13e'
[b42c0ec1-3ad3-4045-83ea-f99872ad5c05/build]   üê≥  docker exec cmd=[bash --noprofile --norc -e -o pipefail /var/run/act/workflow/3] user= workdir=
[b42c0ec1-3ad3-4045-83ea-f99872ad5c05/build]   | Downloading https://services.gradle.org/distributions/gradle-8.3-bin.zip
[b42c0ec1-3ad3-4045-83ea-f99872ad5c05/build]   | ............10%............20%.............30%............40%.............50%............60%.............70%............80%.............90%............100%
[b42c0ec1-3ad3-4045-83ea-f99872ad5c05/build]   | 
[b42c0ec1-3ad3-4045-83ea-f99872ad5c05/build]   | Welcome to Gradle 8.3!
[b42c0ec1-3ad3-4045-83ea-f99872ad5c05/build]   | 
[b42c0ec1-3ad3-4045-83ea-f99872ad5c05/build]   | Here are the highlights of this release:
[b42c0ec1-3ad3-4045-83ea-f99872ad5c05/build]   |  - Faster Java compilation
[b42c0ec1-3ad3-4045-83ea-f99872ad5c05/build]   |  - Reduced memory usage
[b42c0ec1-3ad3-4045-83ea-f99872ad5c05/build]   |  - Support for running on Java 20
[b42c0ec1-3ad3-4045-83ea-f99872ad5c05/build]   | 
[b42c0ec1-3ad3-4045-83ea-f99872ad5c05/build]   | For more details see https://docs.gradle.org/8.3/release-notes.html
[b42c0ec1-3ad3-4045-83ea-f99872ad5c05/build]   | 
[b42c0ec1-3ad3-4045-83ea-f99872ad5c05/build]   | Starting a Gradle Daemon (subsequent builds will be faster)
[b42c0ec1-3ad3-4045-83ea-f99872ad5c05/build]   | 
[b42c0ec1-3ad3-4045-83ea-f99872ad5c05/build]   | > Task :compileJava
[b42c0ec1-3ad3-4045-83ea-f99872ad5c05/build]   | Note: Some input files use or override a deprecated API.
[b42c0ec1-3ad3-4045-83ea-f99872ad5c05/build]   | Note: Recompile with -Xlint:deprecation for details.
[b42c0ec1-3ad3-4045-83ea-f99872ad5c05/build]   | 
[b42c0ec1-3ad3-4045-83ea-f99872ad5c05/build]   | > Task :processResources NO-SOURCE
[b42c0ec1-3ad3-4045-83ea-f99872ad5c05/build]   | > Task :classes
[b42c0ec1-3ad3-4045-83ea-f99872ad5c05/build]   | > Task :jar
[b42c0ec1-3ad3-4045-83ea-f99872ad5c05/build]   | > Task :javadoc
[b42c0ec1-3ad3-4045-83ea-f99872ad5c05/build]   | > Task :javadocJar
[b42c0ec1-3ad3-4045-83ea-f99872ad5c05/build]   | > Task :sourcesJar
[b42c0ec1-3ad3-4045-83ea-f99872ad5c05/build]   | > Task :assemble
[b42c0ec1-3ad3-4045-83ea-f99872ad5c05/build]   | 
[b42c0ec1-3ad3-4045-83ea-f99872ad5c05/build]   | > Task :compileTestJava
[b42c0ec1-3ad3-4045-83ea-f99872ad5c05/build]   | Note: Some input files use or override a deprecated API.
[b42c0ec1-3ad3-4045-83ea-f99872ad5c05/build]   | Note: Recompile with -Xlint:deprecation for details.
[b42c0ec1-3ad3-4045-83ea-f99872ad5c05/build]   | 
[b42c0ec1-3ad3-4045-83ea-f99872ad5c05/build]   | > Task :processTestResources
[b42c0ec1-3ad3-4045-83ea-f99872ad5c05/build]   | > Task :testClasses
[b42c0ec1-3ad3-4045-83ea-f99872ad5c05/build]   | 
[b42c0ec1-3ad3-4045-83ea-f99872ad5c05/build]   | > Task :test
[b42c0ec1-3ad3-4045-83ea-f99872ad5c05/build]   | 
[b42c0ec1-3ad3-4045-83ea-f99872ad5c05/build]   | com.vonage.client.meetings.CreateRoomEndpointTest > testCustomUri FAILED
[b42c0ec1-3ad3-4045-83ea-f99872ad5c05/build]   |     org.junit.ComparisonFailure: expected:<http://example.com/[v1/]meetings/rooms> but was:<http://example.com/[]meetings/rooms>
[b42c0ec1-3ad3-4045-83ea-f99872ad5c05/build]   |         at org.junit.Assert.assertEquals(Assert.java:117)
[b42c0ec1-3ad3-4045-83ea-f99872ad5c05/build]   |         at org.junit.Assert.assertEquals(Assert.java:146)
[b42c0ec1-3ad3-4045-83ea-f99872ad5c05/build]   |         at com.vonage.client.meetings.CreateRoomEndpointTest.testCustomUri(CreateRoomEndpointTest.java:114)
[b42c0ec1-3ad3-4045-83ea-f99872ad5c05/build]   | 
[b42c0ec1-3ad3-4045-83ea-f99872ad5c05/build]   | com.vonage.client.meetings.CreateRoomEndpointTest > testDefaultUriAllParameters FAILED
[b42c0ec1-3ad3-4045-83ea-f99872ad5c05/build]   |     org.junit.ComparisonFailure: expected:<...//api-eu.vonage.com/[v1/]meetings/rooms> but was:<...//api-eu.vonage.com/[]meetings/rooms>
[b42c0ec1-3ad3-4045-83ea-f99872ad5c05/build]   |         at org.junit.Assert.assertEquals(Assert.java:117)
[b42c0ec1-3ad3-4045-83ea-f99872ad5c05/build]   |         at org.junit.Assert.assertEquals(Assert.java:146)
[b42c0ec1-3ad3-4045-83ea-f99872ad5c05/build]   |         at com.vonage.client.meetings.CreateRoomEndpointTest.testDefaultUriAllParameters(CreateRoomEndpointTest.java:71)
[b42c0ec1-3ad3-4045-83ea-f99872ad5c05/build]   | 
[b42c0ec1-3ad3-4045-83ea-f99872ad5c05/build]   | com.vonage.client.meetings.CreateThemeEndpointTest > testCustomUri FAILED
[b42c0ec1-3ad3-4045-83ea-f99872ad5c05/build]   |     org.junit.ComparisonFailure: expected:<http://example.com/[v1/]meetings/themes> but was:<http://example.com/[]meetings/themes>
[b42c0ec1-3ad3-4045-83ea-f99872ad5c05/build]   |         at org.junit.Assert.assertEquals(Assert.java:117)
[b42c0ec1-3ad3-4045-83ea-f99872ad5c05/build]   |         at org.junit.Assert.assertEquals(Assert.java:146)
[b42c0ec1-3ad3-4045-83ea-f99872ad5c05/build]   |         at com.vonage.client.meetings.CreateThemeEndpointTest.testCustomUri(CreateThemeEndpointTest.java:72)
[b42c0ec1-3ad3-4045-83ea-f99872ad5c05/build]   | 
[b42c0ec1-3ad3-4045-83ea-f99872ad5c05/build]   | com.vonage.client.meetings.CreateThemeEndpointTest > testMakeRequestAllParameters FAILED
[b42c0ec1-3ad3-4045-83ea-f99872ad5c05/build]   |     org.junit.ComparisonFailure: expected:<...//api-eu.vonage.com/[v1/]meetings/themes> but was:<...//api-eu.vonage.com/[]meetings/themes>
[b42c0ec1-3ad3-4045-83ea-f99872ad5c05/build]   |         at org.junit.Assert.assertEquals(Assert.java:117)
[b42c0ec1-3ad3-4045-83ea-f99872ad5c05/build]   |         at org.junit.Assert.assertEquals(Assert.java:146)
[b42c0ec1-3ad3-4045-83ea-f99872ad5c05/build]   |         at com.vonage.client.meetings.CreateThemeEndpointTest.testMakeRequestAllParameters(CreateThemeEndpointTest.java:46)
[b42c0ec1-3ad3-4045-83ea-f99872ad5c05/build]   | 
[b42c0ec1-3ad3-4045-83ea-f99872ad5c05/build]   | com.vonage.client.meetings.DeleteRecordingEndpointTest > testCustomUri FAILED
[b42c0ec1-3ad3-4045-83ea-f99872ad5c05/build]   |     org.junit.ComparisonFailure: expected:<http://example.com/[v1/]meetings/recordings/...> but was:<http://example.com/[]meetings/recordings/...>
[b42c0ec1-3ad3-4045-83ea-f99872ad5c05/build]   |         at org.junit.Assert.assertEquals(Assert.java:117)
[b42c0ec1-3ad3-4045-83ea-f99872ad5c05/build]   |         at org.junit.Assert.assertEquals(Assert.java:146)
[b42c0ec1-3ad3-4045-83ea-f99872ad5c05/build]   |         at com.vonage.client.meetings.DeleteRecordingEndpointTest.testCustomUri(DeleteRecordingEndpointTest.java:55)
[b42c0ec1-3ad3-4045-83ea-f99872ad5c05/build]   | 
[b42c0ec1-3ad3-4045-83ea-f99872ad5c05/build]   | com.vonage.client.meetings.DeleteRecordingEndpointTest > testDefaultUri FAILED
[b42c0ec1-3ad3-4045-83ea-f99872ad5c05/build]   |     org.junit.ComparisonFailure: expected:<...//api-eu.vonage.com/[v1/]meetings/recordings/...> but was:<...//api-eu.vonage.com/[]meetings/recordings/...>
[b42c0ec1-3ad3-4045-83ea-f99872ad5c05/build]   |         at org.junit.Assert.assertEquals(Assert.java:117)
[b42c0ec1-3ad3-4045-83ea-f99872ad5c05/build]   |         at org.junit.Assert.assertEquals(Assert.java:146)
[b42c0ec1-3ad3-4045-83ea-f99872ad5c05/build]   |         at com.vonage.client.meetings.DeleteRecordingEndpointTest.testDefaultUri(DeleteRecordingEndpointTest.java:43)
[b42c0ec1-3ad3-4045-83ea-f99872ad5c05/build]   | 
[b42c0ec1-3ad3-4045-83ea-f99872ad5c05/build]   | com.vonage.client.meetings.DeleteThemeEndpointTest > testCustomUri FAILED
[b42c0ec1-3ad3-4045-83ea-f99872ad5c05/build]   |     org.junit.ComparisonFailure: expected:<http://example.com/[v1/]meetings/themes/543f...> but was:<http://example.com/[]meetings/themes/543f...>
[b42c0ec1-3ad3-4045-83ea-f99872ad5c05/build]   |         at org.junit.Assert.assertEquals(Assert.java:117)
[b42c0ec1-3ad3-4045-83ea-f99872ad5c05/build]   |         at org.junit.Assert.assertEquals(Assert.java:146)
[b42c0ec1-3ad3-4045-83ea-f99872ad5c05/build]   |         at com.vonage.client.meetings.DeleteThemeEndpointTest.testCustomUri(DeleteThemeEndpointTest.java:55)
[b42c0ec1-3ad3-4045-83ea-f99872ad5c05/build]   | 
[b42c0ec1-3ad3-4045-83ea-f99872ad5c05/build]   | com.vonage.client.meetings.DeleteThemeEndpointTest > testDefaultUri FAILED
[b42c0ec1-3ad3-4045-83ea-f99872ad5c05/build]   |     org.junit.ComparisonFailure: expected:<...//api-eu.vonage.com/[v1/]meetings/themes/f661...> but was:<...//api-eu.vonage.com/[]meetings/themes/f661...>
[b42c0ec1-3ad3-4045-83ea-f99872ad5c05/build]   |         at org.junit.Assert.assertEquals(Assert.java:117)
[b42c0ec1-3ad3-4045-83ea-f99872ad5c05/build]   |         at org.junit.Assert.assertEquals(Assert.java:146)
[b42c0ec1-3ad3-4045-83ea-f99872ad5c05/build]   |         at com.vonage.client.meetings.DeleteThemeEndpointTest.testDefaultUri(DeleteThemeEndpointTest.java:43)
[b42c0ec1-3ad3-4045-83ea-f99872ad5c05/build]   | 
[b42c0ec1-3ad3-4045-83ea-f99872ad5c05/build]   | com.vonage.client.meetings.FinalizeLogosEndpointTest > testCustomUri FAILED
[b42c0ec1-3ad3-4045-83ea-f99872ad5c05/build]   |     org.junit.ComparisonFailure: expected:<http://example.com/[v1/]meetings/themes/92c3...> but was:<http://example.com/[]meetings/themes/92c3...>
[b42c0ec1-3ad3-4045-83ea-f99872ad5c05/build]   |         at org.junit.Assert.assertEquals(Assert.java:117)
[b42c0ec1-3ad3-4045-83ea-f99872ad5c05/build]   |         at org.junit.Assert.assertEquals(Assert.java:146)
[b42c0ec1-3ad3-4045-83ea-f99872ad5c05/build]   |         at com.vonage.client.meetings.FinalizeLogosEndpointTest.testCustomUri(FinalizeLogosEndpointTest.java:60)
[b42c0ec1-3ad3-4045-83ea-f99872ad5c05/build]   | 
[b42c0ec1-3ad3-4045-83ea-f99872ad5c05/build]   | com.vonage.client.meetings.FinalizeLogosEndpointTest > testDefaultUri FAILED
[b42c0ec1-3ad3-4045-83ea-f99872ad5c05/build]   |     org.junit.ComparisonFailure: expected:<...//api-eu.vonage.com/[v1/]meetings/themes/4ffe...> but was:<...//api-eu.vonage.com/[]meetings/themes/4ffe...>
[b42c0ec1-3ad3-4045-83ea-f99872ad5c05/build]   |         at org.junit.Assert.assertEquals(Assert.java:117)
[b42c0ec1-3ad3-4045-83ea-f99872ad5c05/build]   |         at org.junit.Assert.assertEquals(Assert.java:146)
[b42c0ec1-3ad3-4045-83ea-f99872ad5c05/build]   |         at com.vonage.client.meetings.FinalizeLogosEndpointTest.testDefaultUri(FinalizeLogosEndpointTest.java:47)
[b42c0ec1-3ad3-4045-83ea-f99872ad5c05/build]   | 
[b42c0ec1-3ad3-4045-83ea-f99872ad5c05/build]   | com.vonage.client.meetings.GetLogoUploadUrlsEndpointTest > testCustomUri FAILED
[b42c0ec1-3ad3-4045-83ea-f99872ad5c05/build]   |     org.junit.ComparisonFailure: expected:<http://example.com/[v1/]meetings/themes/logo...> but was:<http://example.com/[]meetings/themes/logo...>
[b42c0ec1-3ad3-4045-83ea-f99872ad5c05/build]   |         at org.junit.Assert.assertEquals(Assert.java:117)
[b42c0ec1-3ad3-4045-83ea-f99872ad5c05/build]   |         at org.junit.Assert.assertEquals(Assert.java:146)
[b42c0ec1-3ad3-4045-83ea-f99872ad5c05/build]   |         at com.vonage.client.meetings.GetLogoUploadUrlsEndpointTest.testCustomUri(GetLogoUploadUrlsEndpointTest.java:53)
[b42c0ec1-3ad3-4045-83ea-f99872ad5c05/build]   | 
[b42c0ec1-3ad3-4045-83ea-f99872ad5c05/build]   | com.vonage.client.meetings.GetLogoUploadUrlsEndpointTest > testDefaultUri FAILED
[b42c0ec1-3ad3-4045-83ea-f99872ad5c05/build]   |     org.junit.ComparisonFailure: expected:<...//api-eu.vonage.com/[v1/]meetings/themes/logo...> but was:<...//api-eu.vonage.com/[]meetings/themes/logo...>
[b42c0ec1-3ad3-4045-83ea-f99872ad5c05/build]   |         at org.junit.Assert.assertEquals(Assert.java:117)
[b42c0ec1-3ad3-4045-83ea-f99872ad5c05/build]   |         at org.junit.Assert.assertEquals(Assert.java:146)
[b42c0ec1-3ad3-4045-83ea-f99872ad5c05/build]   |         at com.vonage.client.meetings.GetLogoUploadUrlsEndpointTest.testDefaultUri(GetLogoUploadUrlsEndpointTest.java:43)
[b42c0ec1-3ad3-4045-83ea-f99872ad5c05/build]   | 
[b42c0ec1-3ad3-4045-83ea-f99872ad5c05/build]   | com.vonage.client.meetings.GetRecordingEndpointTest > testCustomUri FAILED
[b42c0ec1-3ad3-4045-83ea-f99872ad5c05/build]   |     org.junit.ComparisonFailure: expected:<http://example.com/[v1/]meetings/recordings/...> but was:<http://example.com/[]meetings/recordings/...>
[b42c0ec1-3ad3-4045-83ea-f99872ad5c05/build]   |         at org.junit.Assert.assertEquals(Assert.java:117)
[b42c0ec1-3ad3-4045-83ea-f99872ad5c05/build]   |         at org.junit.Assert.assertEquals(Assert.java:146)
[b42c0ec1-3ad3-4045-83ea-f99872ad5c05/build]   |         at com.vonage.client.meetings.GetRecordingEndpointTest.testCustomUri(GetRecordingEndpointTest.java:67)
[b42c0ec1-3ad3-4045-83ea-f99872ad5c05/build]   | 
[b42c0ec1-3ad3-4045-83ea-f99872ad5c05/build]   | com.vonage.client.meetings.GetRecordingEndpointTest > testDefaultUri FAILED
[b42c0ec1-3ad3-4045-83ea-f99872ad5c05/build]   |     org.junit.ComparisonFailure: expected:<...//api-eu.vonage.com/[v1/]meetings/recordings/...> but was:<...//api-eu.vonage.com/[]meetings/recordings/...>
[b42c0ec1-3ad3-4045-83ea-f99872ad5c05/build]   |         at org.junit.Assert.assertEquals(Assert.java:117)
[b42c0ec1-3ad3-4045-83ea-f99872ad5c05/build]   |         at org.junit.Assert.assertEquals(Assert.java:146)
[b42c0ec1-3ad3-4045-83ea-f99872ad5c05/build]   |         at com.vonage.client.meetings.GetRecordingEndpointTest.testDefaultUri(GetRecordingEndpointTest.java:45)
[b42c0ec1-3ad3-4045-83ea-f99872ad5c05/build]   | 
[b42c0ec1-3ad3-4045-83ea-f99872ad5c05/build]   | com.vonage.client.meetings.GetRoomEndpointTest > testCustomUri FAILED
[b42c0ec1-3ad3-4045-83ea-f99872ad5c05/build]   |     org.junit.ComparisonFailure: expected:<https://example.com/[v1/]meetings/rooms/e2757...> but was:<https://example.com/[]meetings/rooms/e2757...>
[b42c0ec1-3ad3-4045-83ea-f99872ad5c05/build]   |         at org.junit.Assert.assertEquals(Assert.java:117)
[b42c0ec1-3ad3-4045-83ea-f99872ad5c05/build]   |         at org.junit.Assert.assertEquals(Assert.java:146)
[b42c0ec1-3ad3-4045-83ea-f99872ad5c05/build]   |         at com.vonage.client.meetings.GetRoomEndpointTest.testCustomUri(GetRoomEndpointTest.java:59)
[b42c0ec1-3ad3-4045-83ea-f99872ad5c05/build]   | 
[b42c0ec1-3ad3-4045-83ea-f99872ad5c05/build]   | com.vonage.client.meetings.GetRoomEndpointTest > testDefaultUri FAILED
[b42c0ec1-3ad3-4045-83ea-f99872ad5c05/build]   |     org.junit.ComparisonFailure: expected:<...//api-eu.vonage.com/[v1/]meetings/rooms/e6472...> but was:<...//api-eu.vonage.com/[]meetings/rooms/e6472...>
[b42c0ec1-3ad3-4045-83ea-f99872ad5c05/build]   |         at org.junit.Assert.assertEquals(Assert.java:117)
[b42c0ec1-3ad3-4045-83ea-f99872ad5c05/build]   |         at org.junit.Assert.assertEquals(Assert.java:146)
[b42c0ec1-3ad3-4045-83ea-f99872ad5c05/build]   |         at com.vonage.client.meetings.GetRoomEndpointTest.testDefaultUri(GetRoomEndpointTest.java:44)
[b42c0ec1-3ad3-4045-83ea-f99872ad5c05/build]   | 
[b42c0ec1-3ad3-4045-83ea-f99872ad5c05/build]   | com.vonage.client.meetings.GetThemeEndpointTest > testCustomUri FAILED
[b42c0ec1-3ad3-4045-83ea-f99872ad5c05/build]   |     org.junit.ComparisonFailure: expected:<http://example.com/[v1/]meetings/themes/4271...> but was:<http://example.com/[]meetings/themes/4271...>
[b42c0ec1-3ad3-4045-83ea-f99872ad5c05/build]   |         at org.junit.Assert.assertEquals(Assert.java:117)
[b42c0ec1-3ad3-4045-83ea-f99872ad5c05/build]   |         at org.junit.Assert.assertEquals(Assert.java:146)
[b42c0ec1-3ad3-4045-83ea-f99872ad5c05/build]   |         at com.vonage.client.meetings.GetThemeEndpointTest.testCustomUri(GetThemeEndpointTest.java:61)
[b42c0ec1-3ad3-4045-83ea-f99872ad5c05/build]   | 
[b42c0ec1-3ad3-4045-83ea-f99872ad5c05/build]   | com.vonage.client.meetings.GetThemeEndpointTest > testDefaultUri FAILED
[b42c0ec1-3ad3-4045-83ea-f99872ad5c05/build]   |     org.junit.ComparisonFailure: expected:<...//api-eu.vonage.com/[v1/]meetings/themes/f5c3...> but was:<...//api-eu.vonage.com/[]meetings/themes/f5c3...>
[b42c0ec1-3ad3-4045-83ea-f99872ad5c05/build]   |         at org.junit.Assert.assertEquals(Assert.java:117)
[b42c0ec1-3ad3-4045-83ea-f99872ad5c05/build]   |         at org.junit.Assert.assertEquals(Assert.java:146)
[b42c0ec1-3ad3-4045-83ea-f99872ad5c05/build]   |         at com.vonage.client.meetings.GetThemeEndpointTest.testDefaultUri(GetThemeEndpointTest.java:45)
[b42c0ec1-3ad3-4045-83ea-f99872ad5c05/build]   | 
[b42c0ec1-3ad3-4045-83ea-f99872ad5c05/build]   | com.vonage.client.meetings.ListDialNumbersEndpointTest > testCustomUri FAILED
[b42c0ec1-3ad3-4045-83ea-f99872ad5c05/build]   |     org.junit.ComparisonFailure: expected:<http://example.com/[v1/]meetings/dial-in-num...> but was:<http://example.com/[]meetings/dial-in-num...>
[b42c0ec1-3ad3-4045-83ea-f99872ad5c05/build]   |         at org.junit.Assert.assertEquals(Assert.java:117)
[b42c0ec1-3ad3-4045-83ea-f99872ad5c05/build]   |         at org.junit.Assert.assertEquals(Assert.java:146)
[b42c0ec1-3ad3-4045-83ea-f99872ad5c05/build]   |         at com.vonage.client.meetings.ListDialNumbersEndpointTest.testCustomUri(ListDialNumbersEndpointTest.java:80)
[b42c0ec1-3ad3-4045-83ea-f99872ad5c05/build]   | 
[b42c0ec1-3ad3-4045-83ea-f99872ad5c05/build]   | com.vonage.client.meetings.ListDialNumbersEndpointTest > testDefaultUri FAILED
[b42c0ec1-3ad3-4045-83ea-f99872ad5c05/build]   |     org.junit.ComparisonFailure: expected:<...//api-eu.vonage.com/[v1/]meetings/dial-in-num...> but was:<...//api-eu.vonage.com/[]meetings/dial-in-num...>
[b42c0ec1-3ad3-4045-83ea-f99872ad5c05/build]   |         at org.junit.Assert.assertEquals(Assert.java:117)
[b42c0ec1-3ad3-4045-83ea-f99872ad5c05/build]   |         at org.junit.Assert.assertEquals(Assert.java:146)
[b42c0ec1-3ad3-4045-83ea-f99872ad5c05/build]   |         at com.vonage.client.meetings.ListDialNumbersEndpointTest.testDefaultUri(ListDialNumbersEndpointTest.java:43)
[b42c0ec1-3ad3-4045-83ea-f99872ad5c05/build]   | 
[b42c0ec1-3ad3-4045-83ea-f99872ad5c05/build]   | com.vonage.client.meetings.ListRecordingsEndpointTest > testCustomUri FAILED
[b42c0ec1-3ad3-4045-83ea-f99872ad5c05/build]   |     org.junit.ComparisonFailure: expected:<http://example.com/[v1/]meetings/sessions/2_...> but was:<http://example.com/[]meetings/sessions/2_...>
[b42c0ec1-3ad3-4045-83ea-f99872ad5c05/build]   |         at org.junit.Assert.assertEquals(Assert.java:117)
[b42c0ec1-3ad3-4045-83ea-f99872ad5c05/build]   |         at org.junit.Assert.assertEquals(Assert.java:146)
[b42c0ec1-3ad3-4045-83ea-f99872ad5c05/build]   |         at com.vonage.client.meetings.ListRecordingsEndpointTest.testCustomUri(ListRecordingsEndpointTest.java:70)
[b42c0ec1-3ad3-4045-83ea-f99872ad5c05/build]   | 
[b42c0ec1-3ad3-4045-83ea-f99872ad5c05/build]   | com.vonage.client.meetings.ListRecordingsEndpointTest > testMakeRequest FAILED
[b42c0ec1-3ad3-4045-83ea-f99872ad5c05/build]   |     org.junit.ComparisonFailure: expected:<...//api-eu.vonage.com/[v1/]meetings/sessions/2_...> but was:<...//api-eu.vonage.com/[]meetings/sessions/2_...>
[b42c0ec1-3ad3-4045-83ea-f99872ad5c05/build]   |         at org.junit.Assert.assertEquals(Assert.java:117)
[b42c0ec1-3ad3-4045-83ea-f99872ad5c05/build]   |         at org.junit.Assert.assertEquals(Assert.java:146)
[b42c0ec1-3ad3-4045-83ea-f99872ad5c05/build]   |         at com.vonage.client.meetings.ListRecordingsEndpointTest.testMakeRequest(ListRecordingsEndpointTest.java:44)
[b42c0ec1-3ad3-4045-83ea-f99872ad5c05/build]   | 
[b42c0ec1-3ad3-4045-83ea-f99872ad5c05/build]   | com.vonage.client.meetings.ListRoomsEndpointTest > testCustomUri FAILED
[b42c0ec1-3ad3-4045-83ea-f99872ad5c05/build]   |     org.junit.ComparisonFailure: expected:<http://example.com/[v1/]meetings/rooms?start...> but was:<http://example.com/[]meetings/rooms?start...>
[b42c0ec1-3ad3-4045-83ea-f99872ad5c05/build]   |         at org.junit.Assert.assertEquals(Assert.java:117)
[b42c0ec1-3ad3-4045-83ea-f99872ad5c05/build]   |         at org.junit.Assert.assertEquals(Assert.java:146)
[b42c0ec1-3ad3-4045-83ea-f99872ad5c05/build]   |         at com.vonage.client.meetings.ListRoomsEndpointTest.testCustomUri(ListRoomsEndpointTest.java:68)
[b42c0ec1-3ad3-4045-83ea-f99872ad5c05/build]   | 
[b42c0ec1-3ad3-4045-83ea-f99872ad5c05/build]   | com.vonage.client.meetings.ListRoomsEndpointTest > testDefaultUri FAILED
[b42c0ec1-3ad3-4045-83ea-f99872ad5c05/build]   |     org.junit.ComparisonFailure: expected:<...//api-eu.vonage.com/[v1/]meetings/rooms> but was:<...//api-eu.vonage.com/[]meetings/rooms>
[b42c0ec1-3ad3-4045-83ea-f99872ad5c05/build]   |         at org.junit.Assert.assertEquals(Assert.java:117)
[b42c0ec1-3ad3-4045-83ea-f99872ad5c05/build]   |         at org.junit.Assert.assertEquals(Assert.java:146)
[b42c0ec1-3ad3-4045-83ea-f99872ad5c05/build]   |         at com.vonage.client.meetings.ListRoomsEndpointTest.testDefaultUri(ListRoomsEndpointTest.java:45)
[b42c0ec1-3ad3-4045-83ea-f99872ad5c05/build]   | 
[b42c0ec1-3ad3-4045-83ea-f99872ad5c05/build]   | com.vonage.client.meetings.ListThemesEndpointTest > testCustomUri FAILED
[b42c0ec1-3ad3-4045-83ea-f99872ad5c05/build]   |     org.junit.ComparisonFailure: expected:<http://example.com/[v1/]meetings/themes> but was:<http://example.com/[]meetings/themes>
[b42c0ec1-3ad3-4045-83ea-f99872ad5c05/build]   |         at org.junit.Assert.assertEquals(Assert.java:117)
[b42c0ec1-3ad3-4045-83ea-f99872ad5c05/build]   |         at org.junit.Assert.assertEquals(Assert.java:146)
[b42c0ec1-3ad3-4045-83ea-f99872ad5c05/build]   |         at com.vonage.client.meetings.ListThemesEndpointTest.testCustomUri(ListThemesEndpointTest.java:58)
[b42c0ec1-3ad3-4045-83ea-f99872ad5c05/build]   | 
[b42c0ec1-3ad3-4045-83ea-f99872ad5c05/build]   | com.vonage.client.meetings.ListThemesEndpointTest > testDefaultUri FAILED
[b42c0ec1-3ad3-4045-83ea-f99872ad5c05/build]   |     org.junit.ComparisonFailure: expected:<...//api-eu.vonage.com/[v1/]meetings/themes> but was:<...//api-eu.vonage.com/[]meetings/themes>
[b42c0ec1-3ad3-4045-83ea-f99872ad5c05/build]   |         at org.junit.Assert.assertEquals(Assert.java:117)
[b42c0ec1-3ad3-4045-83ea-f99872ad5c05/build]   |         at org.junit.Assert.assertEquals(Assert.java:146)
[b42c0ec1-3ad3-4045-83ea-f99872ad5c05/build]   |         at com.vonage.client.meetings.ListThemesEndpointTest.testDefaultUri(ListThemesEndpointTest.java:44)
[b42c0ec1-3ad3-4045-83ea-f99872ad5c05/build]   | 
[b42c0ec1-3ad3-4045-83ea-f99872ad5c05/build]   | com.vonage.client.meetings.SearchThemeRoomsEndpointTest > testCustomUri FAILED
[b42c0ec1-3ad3-4045-83ea-f99872ad5c05/build]   |     org.junit.ComparisonFailure: expected:<http://example.com/[v1/]meetings/themes/83ba...> but was:<http://example.com/[]meetings/themes/83ba...>
[b42c0ec1-3ad3-4045-83ea-f99872ad5c05/build]   |         at org.junit.Assert.assertEquals(Assert.java:117)
[b42c0ec1-3ad3-4045-83ea-f99872ad5c05/build]   |         at org.junit.Assert.assertEquals(Assert.java:146)
[b42c0ec1-3ad3-4045-83ea-f99872ad5c05/build]   |         at com.vonage.client.meetings.SearchThemeRoomsEndpointTest.testCustomUri(SearchThemeRoomsEndpointTest.java:75)
[b42c0ec1-3ad3-4045-83ea-f99872ad5c05/build]   | 
[b42c0ec1-3ad3-4045-83ea-f99872ad5c05/build]   | com.vonage.client.meetings.SearchThemeRoomsEndpointTest > testMakeRequestAllParameters FAILED
[b42c0ec1-3ad3-4045-83ea-f99872ad5c05/build]   |     org.junit.ComparisonFailure: expected:<...//api-eu.vonage.com/[v1/]meetings/themes/4617...> but was:<...//api-eu.vonage.com/[]meetings/themes/4617...>
[b42c0ec1-3ad3-4045-83ea-f99872ad5c05/build]   |         at org.junit.Assert.assertEquals(Assert.java:117)
[b42c0ec1-3ad3-4045-83ea-f99872ad5c05/build]   |         at org.junit.Assert.assertEquals(Assert.java:146)
[b42c0ec1-3ad3-4045-83ea-f99872ad5c05/build]   |         at com.vonage.client.meetings.SearchThemeRoomsEndpointTest.testMakeRequestAllParameters(SearchThemeRoomsEndpointTest.java:47)
[b42c0ec1-3ad3-4045-83ea-f99872ad5c05/build]   | 
[b42c0ec1-3ad3-4045-83ea-f99872ad5c05/build]   | com.vonage.client.meetings.UpdateApplicationEndpointTest > testCustomUri FAILED
[b42c0ec1-3ad3-4045-83ea-f99872ad5c05/build]   |     org.junit.ComparisonFailure: expected:<http://example.com/[v1/]meetings/application...> but was:<http://example.com/[]meetings/application...>
[b42c0ec1-3ad3-4045-83ea-f99872ad5c05/build]   |         at org.junit.Assert.assertEquals(Assert.java:117)
[b42c0ec1-3ad3-4045-83ea-f99872ad5c05/build]   |         at org.junit.Assert.assertEquals(Assert.java:146)
[b42c0ec1-3ad3-4045-83ea-f99872ad5c05/build]   |         at com.vonage.client.meetings.UpdateApplicationEndpointTest.testCustomUri(UpdateApplicationEndpointTest.java:72)
[b42c0ec1-3ad3-4045-83ea-f99872ad5c05/build]   | 
[b42c0ec1-3ad3-4045-83ea-f99872ad5c05/build]   | com.vonage.client.meetings.UpdateApplicationEndpointTest > testMakeRequest FAILED
[b42c0ec1-3ad3-4045-83ea-f99872ad5c05/build]   |     org.junit.ComparisonFailure: expected:<...//api-eu.vonage.com/[v1/]meetings/application...> but was:<...//api-eu.vonage.com/[]meetings/application...>
[b42c0ec1-3ad3-4045-83ea-f99872ad5c05/build]   |         at org.junit.Assert.assertEquals(Assert.java:117)
[b42c0ec1-3ad3-4045-83ea-f99872ad5c05/build]   |         at org.junit.Assert.assertEquals(Assert.java:146)
[b42c0ec1-3ad3-4045-83ea-f99872ad5c05/build]   |         at com.vonage.client.meetings.UpdateApplicationEndpointTest.testMakeRequest(UpdateApplicationEndpointTest.java:47)
[b42c0ec1-3ad3-4045-83ea-f99872ad5c05/build]   | 
[b42c0ec1-3ad3-4045-83ea-f99872ad5c05/build]   | com.vonage.client.meetings.UpdateRoomEndpointTest > testCustomUri FAILED
[b42c0ec1-3ad3-4045-83ea-f99872ad5c05/build]   |     org.junit.ComparisonFailure: expected:<http://example.com/[v1/]meetings/rooms/7b6da...> but was:<http://example.com/[]meetings/rooms/7b6da...>
[b42c0ec1-3ad3-4045-83ea-f99872ad5c05/build]   |         at org.junit.Assert.assertEquals(Assert.java:117)
[b42c0ec1-3ad3-4045-83ea-f99872ad5c05/build]   |         at org.junit.Assert.assertEquals(Assert.java:146)
[b42c0ec1-3ad3-4045-83ea-f99872ad5c05/build]   |         at com.vonage.client.meetings.UpdateRoomEndpointTest.testCustomUri(UpdateRoomEndpointTest.java:80)
[b42c0ec1-3ad3-4045-83ea-f99872ad5c05/build]   | 
[b42c0ec1-3ad3-4045-83ea-f99872ad5c05/build]   | com.vonage.client.meetings.UpdateRoomEndpointTest > testMakeRequestAllParameters FAILED
[b42c0ec1-3ad3-4045-83ea-f99872ad5c05/build]   |     org.junit.ComparisonFailure: expected:<...//api-eu.vonage.com/[v1/]meetings/rooms/b84cc...> but was:<...//api-eu.vonage.com/[]meetings/rooms/b84cc...>
[b42c0ec1-3ad3-4045-83ea-f99872ad5c05/build]   |         at org.junit.Assert.assertEquals(Assert.java:117)
[b42c0ec1-3ad3-4045-83ea-f99872ad5c05/build]   |         at org.junit.Assert.assertEquals(Assert.java:146)
[b42c0ec1-3ad3-4045-83ea-f99872ad5c05/build]   |         at com.vonage.client.meetings.UpdateRoomEndpointTest.testMakeRequestAllParameters(UpdateRoomEndpointTest.java:59)
[b42c0ec1-3ad3-4045-83ea-f99872ad5c05/build]   | 
[b42c0ec1-3ad3-4045-83ea-f99872ad5c05/build]   | com.vonage.client.meetings.UpdateThemeEndpointTest > testCustomUri FAILED
[b42c0ec1-3ad3-4045-83ea-f99872ad5c05/build]   |     org.junit.ComparisonFailure: expected:<http://example.com/[v1/]meetings/themes/0371...> but was:<http://example.com/[]meetings/themes/0371...>
[b42c0ec1-3ad3-4045-83ea-f99872ad5c05/build]   |         at org.junit.Assert.assertEquals(Assert.java:117)
[b42c0ec1-3ad3-4045-83ea-f99872ad5c05/build]   |         at org.junit.Assert.assertEquals(Assert.java:146)
[b42c0ec1-3ad3-4045-83ea-f99872ad5c05/build]   |         at com.vonage.client.meetings.UpdateThemeEndpointTest.testCustomUri(UpdateThemeEndpointTest.java:72)
[b42c0ec1-3ad3-4045-83ea-f99872ad5c05/build]   | 
[b42c0ec1-3ad3-4045-83ea-f99872ad5c05/build]   | com.vonage.client.meetings.UpdateThemeEndpointTest > testMakeRequestAllParameters FAILED
[b42c0ec1-3ad3-4045-83ea-f99872ad5c05/build]   |     org.junit.ComparisonFailure: expected:<...//api-eu.vonage.com/[v1/]meetings/themes/2f31...> but was:<...//api-eu.vonage.com/[]meetings/themes/2f31...>
[b42c0ec1-3ad3-4045-83ea-f99872ad5c05/build]   |         at org.junit.Assert.assertEquals(Assert.java:117)
[b42c0ec1-3ad3-4045-83ea-f99872ad5c05/build]   |         at org.junit.Assert.assertEquals(Assert.java:146)
[b42c0ec1-3ad3-4045-83ea-f99872ad5c05/build]   |         at com.vonage.client.meetings.UpdateThemeEndpointTest.testMakeRequestAllParameters(UpdateThemeEndpointTest.java:49)
[b42c0ec1-3ad3-4045-83ea-f99872ad5c05/build]   | 
[b42c0ec1-3ad3-4045-83ea-f99872ad5c05/build]   | 1101 tests completed, 34 failed
[b42c0ec1-3ad3-4045-83ea-f99872ad5c05/build]   | 
[b42c0ec1-3ad3-4045-83ea-f99872ad5c05/build]   | > Task :test FAILED
[b42c0ec1-3ad3-4045-83ea-f99872ad5c05/build]   | 
[b42c0ec1-3ad3-4045-83ea-f99872ad5c05/build]   | FAILURE: Build failed with an exception.
[b42c0ec1-3ad3-4045-83ea-f99872ad5c05/build]   | 
[b42c0ec1-3ad3-4045-83ea-f99872ad5c05/build]   | * What went wrong:
[b42c0ec1-3ad3-4045-83ea-f99872ad5c05/build]   | Execution failed for task ':test'.
[b42c0ec1-3ad3-4045-83ea-f99872ad5c05/build]   | > There were failing tests. See the report at: file:///tmp/4b7e37d4-4127-43a3-98a5-ccf2c74a31e7/build/reports/tests/test/index.html
[b42c0ec1-3ad3-4045-83ea-f99872ad5c05/build]   | 
[b42c0ec1-3ad3-4045-83ea-f99872ad5c05/build]   | * Try:
[b42c0ec1-3ad3-4045-83ea-f99872ad5c05/build]   | > Run with --scan to get full insights.
[b42c0ec1-3ad3-4045-83ea-f99872ad5c05/build]   | 
[b42c0ec1-3ad3-4045-83ea-f99872ad5c05/build]   | Deprecated Gradle features were used in this build, making it incompatible with Gradle 9.0.
[b42c0ec1-3ad3-4045-83ea-f99872ad5c05/build]   | 
[b42c0ec1-3ad3-4045-83ea-f99872ad5c05/build]   | You can use '--warning-mode all' to show the individual deprecation warnings and determine if they come from your own scripts or plugins.
[b42c0ec1-3ad3-4045-83ea-f99872ad5c05/build]   | 
[b42c0ec1-3ad3-4045-83ea-f99872ad5c05/build]   | For more on this, please refer to https://docs.gradle.org/8.3/userguide/command_line_interface.html#sec:command_line_warnings in the Gradle documentation.
[b42c0ec1-3ad3-4045-83ea-f99872ad5c05/build]   | 
[b42c0ec1-3ad3-4045-83ea-f99872ad5c05/build]   | BUILD FAILED in 1m 22s
[b42c0ec1-3ad3-4045-83ea-f99872ad5c05/build]   | 8 actionable tasks: 8 executed
[b42c0ec1-3ad3-4045-83ea-f99872ad5c05/build]   ‚ùå  Failure - Main Build with Gradle
[b42c0ec1-3ad3-4045-83ea-f99872ad5c05/build] exitcode '1': failure
[b42c0ec1-3ad3-4045-83ea-f99872ad5c05/build] unable to get git ref: failed to identify reference (tag/branch) for the checked-out revision '52f8059edcd151ea5338754caa8f9dd32ba5b13e'
[b42c0ec1-3ad3-4045-83ea-f99872ad5c05/build] unable to get git ref: failed to identify reference (tag/branch) for the checked-out revision '52f8059edcd151ea5338754caa8f9dd32ba5b13e'
[b42c0ec1-3ad3-4045-83ea-f99872ad5c05/build] unable to get git ref: failed to identify reference (tag/branch) for the checked-out revision '52f8059edcd151ea5338754caa8f9dd32ba5b13e'
[b42c0ec1-3ad3-4045-83ea-f99872ad5c05/build] unable to get git ref: failed to identify reference (tag/branch) for the checked-out revision '52f8059edcd151ea5338754caa8f9dd32ba5b13e'
[b42c0ec1-3ad3-4045-83ea-f99872ad5c05/build] unable to get git ref: failed to identify reference (tag/branch) for the checked-out revision '52f8059edcd151ea5338754caa8f9dd32ba5b13e'
[b42c0ec1-3ad3-4045-83ea-f99872ad5c05/build] unable to get git ref: failed to identify reference (tag/branch) for the checked-out revision '52f8059edcd151ea5338754caa8f9dd32ba5b13e'
[b42c0ec1-3ad3-4045-83ea-f99872ad5c05/build] unable to get git ref: failed to identify reference (tag/branch) for the checked-out revision '52f8059edcd151ea5338754caa8f9dd32ba5b13e'
[b42c0ec1-3ad3-4045-83ea-f99872ad5c05/build] unable to get git ref: failed to identify reference (tag/branch) for the checked-out revision '52f8059edcd151ea5338754caa8f9dd32ba5b13e'
[b42c0ec1-3ad3-4045-83ea-f99872ad5c05/build] unable to get git ref: failed to identify reference (tag/branch) for the checked-out revision '52f8059edcd151ea5338754caa8f9dd32ba5b13e'
[b42c0ec1-3ad3-4045-83ea-f99872ad5c05/build] unable to get git ref: failed to identify reference (tag/branch) for the checked-out revision '52f8059edcd151ea5338754caa8f9dd32ba5b13e'
[b42c0ec1-3ad3-4045-83ea-f99872ad5c05/build] ‚≠ê Run Post Setup Java
[b42c0ec1-3ad3-4045-83ea-f99872ad5c05/build]   üê≥  docker exec cmd=[node /var/run/act/actions/actions-setup-java@v3/dist/cleanup/index.js] user= workdir=
[b42c0ec1-3ad3-4045-83ea-f99872ad5c05/build]   ‚úÖ  Success - Post Setup Java
[b42c0ec1-3ad3-4045-83ea-f99872ad5c05/build] üèÅ  Job failed
[b42c0ec1-3ad3-4045-83ea-f99872ad5c05/build] unable to get git ref: failed to identify reference (tag/branch) for the checked-out revision '52f8059edcd151ea5338754caa8f9dd32ba5b13e'
