[a4707eff-8005-4a4c-a10e-375962a6875d/build] ğŸš€  Start image=gitbugactions:latest
[a4707eff-8005-4a4c-a10e-375962a6875d/build]   ğŸ³  docker pull image=gitbugactions:latest platform= username= forcePull=false
[a4707eff-8005-4a4c-a10e-375962a6875d/build]   ğŸ³  docker create image=gitbugactions:latest platform= entrypoint=["tail" "-f" "/dev/null"] cmd=[]
[a4707eff-8005-4a4c-a10e-375962a6875d/build]   ğŸ³  docker run image=gitbugactions:latest platform= entrypoint=["tail" "-f" "/dev/null"] cmd=[]
[a4707eff-8005-4a4c-a10e-375962a6875d/build]   ğŸ³  docker exec cmd=[chown -R 1012:1013 /tmp/c68e968e-aa26-4d87-8f57-09952205af5d] user=0 workdir=
[a4707eff-8005-4a4c-a10e-375962a6875d/build] unable to get git ref: failed to identify reference (tag/branch) for the checked-out revision '9ceecf357132989390e8bb18160338b27539eaaa'
[a4707eff-8005-4a4c-a10e-375962a6875d/build] unable to get git ref: failed to identify reference (tag/branch) for the checked-out revision '9ceecf357132989390e8bb18160338b27539eaaa'
[a4707eff-8005-4a4c-a10e-375962a6875d/build] unable to get git ref: failed to identify reference (tag/branch) for the checked-out revision '9ceecf357132989390e8bb18160338b27539eaaa'
[a4707eff-8005-4a4c-a10e-375962a6875d/build] unable to get git ref: failed to identify reference (tag/branch) for the checked-out revision '9ceecf357132989390e8bb18160338b27539eaaa'
[a4707eff-8005-4a4c-a10e-375962a6875d/build] unable to get git ref: failed to identify reference (tag/branch) for the checked-out revision '9ceecf357132989390e8bb18160338b27539eaaa'
[a4707eff-8005-4a4c-a10e-375962a6875d/build] unable to get git ref: failed to identify reference (tag/branch) for the checked-out revision '9ceecf357132989390e8bb18160338b27539eaaa'
[a4707eff-8005-4a4c-a10e-375962a6875d/build] unable to get git ref: failed to identify reference (tag/branch) for the checked-out revision '9ceecf357132989390e8bb18160338b27539eaaa'
[a4707eff-8005-4a4c-a10e-375962a6875d/build] unable to get git ref: failed to identify reference (tag/branch) for the checked-out revision '9ceecf357132989390e8bb18160338b27539eaaa'
[a4707eff-8005-4a4c-a10e-375962a6875d/build] unable to get git ref: failed to identify reference (tag/branch) for the checked-out revision '9ceecf357132989390e8bb18160338b27539eaaa'
[a4707eff-8005-4a4c-a10e-375962a6875d/build] â­ Run Main actions/checkout@v3
[a4707eff-8005-4a4c-a10e-375962a6875d/build] unable to get git ref: failed to identify reference (tag/branch) for the checked-out revision '9ceecf357132989390e8bb18160338b27539eaaa'
[a4707eff-8005-4a4c-a10e-375962a6875d/build] unable to get git ref: failed to identify reference (tag/branch) for the checked-out revision '9ceecf357132989390e8bb18160338b27539eaaa'
[a4707eff-8005-4a4c-a10e-375962a6875d/build]   ğŸ³  docker cp src=/tmp/c68e968e-aa26-4d87-8f57-09952205af5d/. dst=/tmp/c68e968e-aa26-4d87-8f57-09952205af5d
[a4707eff-8005-4a4c-a10e-375962a6875d/build]   ğŸ³  docker exec cmd=[chown -R 1012:1013 /tmp/c68e968e-aa26-4d87-8f57-09952205af5d] user=0 workdir=
[a4707eff-8005-4a4c-a10e-375962a6875d/build]   âœ…  Success - Main actions/checkout@v3
[a4707eff-8005-4a4c-a10e-375962a6875d/build] unable to get git ref: failed to identify reference (tag/branch) for the checked-out revision '9ceecf357132989390e8bb18160338b27539eaaa'
[a4707eff-8005-4a4c-a10e-375962a6875d/build] unable to get git ref: failed to identify reference (tag/branch) for the checked-out revision '9ceecf357132989390e8bb18160338b27539eaaa'
[a4707eff-8005-4a4c-a10e-375962a6875d/build] unable to get git ref: failed to identify reference (tag/branch) for the checked-out revision '9ceecf357132989390e8bb18160338b27539eaaa'
[a4707eff-8005-4a4c-a10e-375962a6875d/build] unable to get git ref: failed to identify reference (tag/branch) for the checked-out revision '9ceecf357132989390e8bb18160338b27539eaaa'
[a4707eff-8005-4a4c-a10e-375962a6875d/build] unable to get git ref: failed to identify reference (tag/branch) for the checked-out revision '9ceecf357132989390e8bb18160338b27539eaaa'
[a4707eff-8005-4a4c-a10e-375962a6875d/build] â­ Run Main actions/setup-java@v3
[a4707eff-8005-4a4c-a10e-375962a6875d/build] unable to get git ref: failed to identify reference (tag/branch) for the checked-out revision '9ceecf357132989390e8bb18160338b27539eaaa'
[a4707eff-8005-4a4c-a10e-375962a6875d/build] unable to get git ref: failed to identify reference (tag/branch) for the checked-out revision '9ceecf357132989390e8bb18160338b27539eaaa'
[a4707eff-8005-4a4c-a10e-375962a6875d/build] unable to get git ref: failed to identify reference (tag/branch) for the checked-out revision '9ceecf357132989390e8bb18160338b27539eaaa'
[a4707eff-8005-4a4c-a10e-375962a6875d/build]   ğŸ³  docker cp src=/tmp/act-cache/27c48a5b-2ef1-42b5-adfd-cea03259e653/act/actions-setup-java@v3/ dst=/var/run/act/actions/actions-setup-java@v3/
[a4707eff-8005-4a4c-a10e-375962a6875d/build]   ğŸ³  docker exec cmd=[chown -R 1012:1013 /var/run/act/actions/actions-setup-java@v3/] user=0 workdir=
[a4707eff-8005-4a4c-a10e-375962a6875d/build]   ğŸ³  docker exec cmd=[node /var/run/act/actions/actions-setup-java@v3/dist/setup/index.js] user= workdir=
[a4707eff-8005-4a4c-a10e-375962a6875d/build]   â“  ::group::Installed distributions
[a4707eff-8005-4a4c-a10e-375962a6875d/build]   | Trying to resolve the latest version from remote
[a4707eff-8005-4a4c-a10e-375962a6875d/build]   ğŸ’¬  ::debug::Gathering available versions from 'https://api.azul.com/zulu/download/community/v1.0/bundles/?os=linux&ext=tar.gz&bundle_type=jdk&javafx=false&arch=x86&hw_bitness=64&release_status=ga'
[a4707eff-8005-4a4c-a10e-375962a6875d/build]   | Resolved latest version as 11.0.21+9
[a4707eff-8005-4a4c-a10e-375962a6875d/build]   | Trying to download...
[a4707eff-8005-4a4c-a10e-375962a6875d/build]   | Downloading Java 11.0.21+9 (Zulu) from https://cdn.azul.com/zulu/bin/zulu11.68.17-ca-jdk11.0.21-linux_x64.tar.gz ...
[a4707eff-8005-4a4c-a10e-375962a6875d/build]   ğŸ’¬  ::debug::Downloading https://cdn.azul.com/zulu/bin/zulu11.68.17-ca-jdk11.0.21-linux_x64.tar.gz
[a4707eff-8005-4a4c-a10e-375962a6875d/build]   ğŸ’¬  ::debug::Destination /tmp/a5811eca-bfeb-43f0-8aa0-04050eb25af9
[a4707eff-8005-4a4c-a10e-375962a6875d/build]   ğŸ’¬  ::debug::download complete
[a4707eff-8005-4a4c-a10e-375962a6875d/build]   | Extracting Java archive...
[a4707eff-8005-4a4c-a10e-375962a6875d/build]   ğŸ’¬  ::debug::Checking tar --version
[a4707eff-8005-4a4c-a10e-375962a6875d/build]   ğŸ’¬  ::debug::tar (GNU tar) 1.34%0ACopyright (C) 2021 Free Software Foundation, Inc.%0ALicense GPLv3+: GNU GPL version 3 or later <https://gnu.org/licenses/gpl.html>.%0AThis is free software: you are free to change and redistribute it.%0AThere is NO WARRANTY, to the extent permitted by law.%0A%0AWritten by John Gilmore and Jay Fenlason.
[a4707eff-8005-4a4c-a10e-375962a6875d/build]   | [command]/usr/bin/tar xz --warning=no-unknown-keyword -C /tmp/66bb334d-8f40-4faf-bb24-3ddc49a8aff0 -f /tmp/a5811eca-bfeb-43f0-8aa0-04050eb25af9
[a4707eff-8005-4a4c-a10e-375962a6875d/build]   ğŸ’¬  ::debug::Caching tool Java_Zulu_jdk 11.0.21-9 x64
[a4707eff-8005-4a4c-a10e-375962a6875d/build]   ğŸ’¬  ::debug::source dir: /tmp/66bb334d-8f40-4faf-bb24-3ddc49a8aff0/zulu11.68.17-ca-jdk11.0.21-linux_x64
[a4707eff-8005-4a4c-a10e-375962a6875d/build]   ğŸ’¬  ::debug::destination /opt/hostedtoolcache/Java_Zulu_jdk/11.0.21-9/x64
[a4707eff-8005-4a4c-a10e-375962a6875d/build]   ğŸ’¬  ::debug::finished caching tool
[a4707eff-8005-4a4c-a10e-375962a6875d/build]   | Java 11.0.21+9 was downloaded
[a4707eff-8005-4a4c-a10e-375962a6875d/build]   | Setting Java 11.0.21+9 as the default
[a4707eff-8005-4a4c-a10e-375962a6875d/build]   | Creating toolchains.xml for JDK version 11 from zulu
[a4707eff-8005-4a4c-a10e-375962a6875d/build]   | Writing to /home/runner/.m2/toolchains.xml
[a4707eff-8005-4a4c-a10e-375962a6875d/build]   | 
[a4707eff-8005-4a4c-a10e-375962a6875d/build]   | Java configuration:
[a4707eff-8005-4a4c-a10e-375962a6875d/build]   |   Distribution: zulu
[a4707eff-8005-4a4c-a10e-375962a6875d/build]   |   Version: 11.0.21+9
[a4707eff-8005-4a4c-a10e-375962a6875d/build]   |   Path: /opt/hostedtoolcache/Java_Zulu_jdk/11.0.21-9/x64
[a4707eff-8005-4a4c-a10e-375962a6875d/build]   | 
[a4707eff-8005-4a4c-a10e-375962a6875d/build]   â“  ::endgroup::
[a4707eff-8005-4a4c-a10e-375962a6875d/build]   â“ add-matcher /run/act/actions/actions-setup-java@v3/.github/java.json
[a4707eff-8005-4a4c-a10e-375962a6875d/build]   | Creating settings.xml with server-id: github
[a4707eff-8005-4a4c-a10e-375962a6875d/build]   | Writing to /home/runner/.m2/settings.xml
[a4707eff-8005-4a4c-a10e-375962a6875d/build]   âœ…  Success - Main actions/setup-java@v3
[a4707eff-8005-4a4c-a10e-375962a6875d/build]   âš™  ::set-env:: JAVA_HOME=/opt/hostedtoolcache/Java_Zulu_jdk/11.0.21-9/x64
[a4707eff-8005-4a4c-a10e-375962a6875d/build]   âš™  ::set-env:: JAVA_HOME_11_X64=/opt/hostedtoolcache/Java_Zulu_jdk/11.0.21-9/x64
[a4707eff-8005-4a4c-a10e-375962a6875d/build]   âš™  ::set-output:: distribution=Zulu
[a4707eff-8005-4a4c-a10e-375962a6875d/build]   âš™  ::set-output:: path=/opt/hostedtoolcache/Java_Zulu_jdk/11.0.21-9/x64
[a4707eff-8005-4a4c-a10e-375962a6875d/build]   âš™  ::set-output:: version=11.0.21+9
[a4707eff-8005-4a4c-a10e-375962a6875d/build]   âš™  ::add-path:: /opt/hostedtoolcache/Java_Zulu_jdk/11.0.21-9/x64/bin
[a4707eff-8005-4a4c-a10e-375962a6875d/build] unable to get git ref: failed to identify reference (tag/branch) for the checked-out revision '9ceecf357132989390e8bb18160338b27539eaaa'
[a4707eff-8005-4a4c-a10e-375962a6875d/build] unable to get git ref: failed to identify reference (tag/branch) for the checked-out revision '9ceecf357132989390e8bb18160338b27539eaaa'
[a4707eff-8005-4a4c-a10e-375962a6875d/build] unable to get git ref: failed to identify reference (tag/branch) for the checked-out revision '9ceecf357132989390e8bb18160338b27539eaaa'
[a4707eff-8005-4a4c-a10e-375962a6875d/build] unable to get git ref: failed to identify reference (tag/branch) for the checked-out revision '9ceecf357132989390e8bb18160338b27539eaaa'
[a4707eff-8005-4a4c-a10e-375962a6875d/build] unable to get git ref: failed to identify reference (tag/branch) for the checked-out revision '9ceecf357132989390e8bb18160338b27539eaaa'
[a4707eff-8005-4a4c-a10e-375962a6875d/build] â­ Run Main ./gradlew build --no-daemon --warning-mode=fail
[a4707eff-8005-4a4c-a10e-375962a6875d/build] unable to get git ref: failed to identify reference (tag/branch) for the checked-out revision '9ceecf357132989390e8bb18160338b27539eaaa'
[a4707eff-8005-4a4c-a10e-375962a6875d/build] unable to get git ref: failed to identify reference (tag/branch) for the checked-out revision '9ceecf357132989390e8bb18160338b27539eaaa'
[a4707eff-8005-4a4c-a10e-375962a6875d/build] unable to get git ref: failed to identify reference (tag/branch) for the checked-out revision '9ceecf357132989390e8bb18160338b27539eaaa'
[a4707eff-8005-4a4c-a10e-375962a6875d/build] unable to get git ref: failed to identify reference (tag/branch) for the checked-out revision '9ceecf357132989390e8bb18160338b27539eaaa'
[a4707eff-8005-4a4c-a10e-375962a6875d/build]   ğŸ³  docker exec cmd=[bash --noprofile --norc -e -o pipefail /var/run/act/workflow/2] user= workdir=
[a4707eff-8005-4a4c-a10e-375962a6875d/build]   | Downloading https://services.gradle.org/distributions/gradle-7.5.1-bin.zip
[a4707eff-8005-4a4c-a10e-375962a6875d/build]   | ...........10%............20%...........30%............40%...........50%............60%...........70%............80%...........90%............100%
[a4707eff-8005-4a4c-a10e-375962a6875d/build]   | 
[a4707eff-8005-4a4c-a10e-375962a6875d/build]   | Welcome to Gradle 7.5.1!
[a4707eff-8005-4a4c-a10e-375962a6875d/build]   | 
[a4707eff-8005-4a4c-a10e-375962a6875d/build]   | Here are the highlights of this release:
[a4707eff-8005-4a4c-a10e-375962a6875d/build]   |  - Support for Java 18
[a4707eff-8005-4a4c-a10e-375962a6875d/build]   |  - Support for building with Groovy 4
[a4707eff-8005-4a4c-a10e-375962a6875d/build]   |  - Much more responsive continuous builds
[a4707eff-8005-4a4c-a10e-375962a6875d/build]   |  - Improved diagnostics for dependency resolution
[a4707eff-8005-4a4c-a10e-375962a6875d/build]   | 
[a4707eff-8005-4a4c-a10e-375962a6875d/build]   | For more details see https://docs.gradle.org/7.5.1/release-notes.html
[a4707eff-8005-4a4c-a10e-375962a6875d/build]   | 
[a4707eff-8005-4a4c-a10e-375962a6875d/build]   | To honour the JVM settings for this build a single-use Daemon process will be forked. See https://docs.gradle.org/7.5.1/userguide/gradle_daemon.html#sec:disabling_the_daemon.
[a4707eff-8005-4a4c-a10e-375962a6875d/build]   | Daemon will be stopped at the end of the build 
[a4707eff-8005-4a4c-a10e-375962a6875d/build]   | 
[a4707eff-8005-4a4c-a10e-375962a6875d/build]   | > Configure project :
[a4707eff-8005-4a4c-a10e-375962a6875d/build]   | Kordamp Enforcer Gradle plugin 0.10.0. Consider becoming a patron at https://www.patreon.com/aalmiray
[a4707eff-8005-4a4c-a10e-375962a6875d/build]   | 
[a4707eff-8005-4a4c-a10e-375962a6875d/build]   | > Task :copyDependencies
[a4707eff-8005-4a4c-a10e-375962a6875d/build]   | > Task :extractIncludeProto
[a4707eff-8005-4a4c-a10e-375962a6875d/build]   | > Task :extractProto
[a4707eff-8005-4a4c-a10e-375962a6875d/build]   | > Task :generateProto
[a4707eff-8005-4a4c-a10e-375962a6875d/build]   | > Task :compileJava
[a4707eff-8005-4a4c-a10e-375962a6875d/build]   | Note: Some input files use or override a deprecated API.
[a4707eff-8005-4a4c-a10e-375962a6875d/build]   | Note: Recompile with -Xlint:deprecation for details.
[a4707eff-8005-4a4c-a10e-375962a6875d/build]   | Note: Some input files use unchecked or unsafe operations.
[a4707eff-8005-4a4c-a10e-375962a6875d/build]   | Note: Recompile with -Xlint:unchecked for details.
[a4707eff-8005-4a4c-a10e-375962a6875d/build]   | 
[a4707eff-8005-4a4c-a10e-375962a6875d/build]   | > Task :processResources
[a4707eff-8005-4a4c-a10e-375962a6875d/build]   | > Task :classes
[a4707eff-8005-4a4c-a10e-375962a6875d/build]   | > Task :jar
[a4707eff-8005-4a4c-a10e-375962a6875d/build]   | > Task :assemble
[a4707eff-8005-4a4c-a10e-375962a6875d/build]   | > Task :extractIncludeTestProto
[a4707eff-8005-4a4c-a10e-375962a6875d/build]   | > Task :extractTestProto
[a4707eff-8005-4a4c-a10e-375962a6875d/build]   | > Task :generateTestProto NO-SOURCE
[a4707eff-8005-4a4c-a10e-375962a6875d/build]   | 
[a4707eff-8005-4a4c-a10e-375962a6875d/build]   | > Task :compileTestJava
[a4707eff-8005-4a4c-a10e-375962a6875d/build]   | Note: Some input files use or override a deprecated API.
[a4707eff-8005-4a4c-a10e-375962a6875d/build]   | Note: Recompile with -Xlint:deprecation for details.
[a4707eff-8005-4a4c-a10e-375962a6875d/build]   | 
[a4707eff-8005-4a4c-a10e-375962a6875d/build]   | > Task :processTestResources NO-SOURCE
[a4707eff-8005-4a4c-a10e-375962a6875d/build]   | > Task :testClasses
[a4707eff-8005-4a4c-a10e-375962a6875d/build]   | > Task :checkstyleTest SKIPPED
[a4707eff-8005-4a4c-a10e-375962a6875d/build]   | 
[a4707eff-8005-4a4c-a10e-375962a6875d/build]   | > Task :test
[a4707eff-8005-4a4c-a10e-375962a6875d/build]   | 
[a4707eff-8005-4a4c-a10e-375962a6875d/build]   | org.traccar.protocol.TotemProtocolDecoderTest > testDecode FAILED
[a4707eff-8005-4a4c-a10e-375962a6875d/build]   |     java.lang.NullPointerException at TotemProtocolDecoderTest.java:14
[a4707eff-8005-4a4c-a10e-375962a6875d/build]   | 
[a4707eff-8005-4a4c-a10e-375962a6875d/build]   | 493 tests completed, 1 failed, 23 skipped
[a4707eff-8005-4a4c-a10e-375962a6875d/build]   | 
[a4707eff-8005-4a4c-a10e-375962a6875d/build]   | > Task :test FAILED
[a4707eff-8005-4a4c-a10e-375962a6875d/build]   | > Task :checkstyleMain
[a4707eff-8005-4a4c-a10e-375962a6875d/build]   | 
[a4707eff-8005-4a4c-a10e-375962a6875d/build]   | FAILURE: Build failed with an exception.
[a4707eff-8005-4a4c-a10e-375962a6875d/build]   | 
[a4707eff-8005-4a4c-a10e-375962a6875d/build]   | * What went wrong:
[a4707eff-8005-4a4c-a10e-375962a6875d/build]   | Execution failed for task ':test'.
[a4707eff-8005-4a4c-a10e-375962a6875d/build]   | > There were failing tests. See the report at: file:///tmp/c68e968e-aa26-4d87-8f57-09952205af5d/build/reports/tests/test/index.html
[a4707eff-8005-4a4c-a10e-375962a6875d/build]   | 
[a4707eff-8005-4a4c-a10e-375962a6875d/build]   | * Try:
[a4707eff-8005-4a4c-a10e-375962a6875d/build]   | > Run with --stacktrace option to get the stack trace.
[a4707eff-8005-4a4c-a10e-375962a6875d/build]   | > Run with --info or --debug option to get more log output.
[a4707eff-8005-4a4c-a10e-375962a6875d/build]   | > Run with --scan to get full insights.
[a4707eff-8005-4a4c-a10e-375962a6875d/build]   | 
[a4707eff-8005-4a4c-a10e-375962a6875d/build]   | * Get more help at https://help.gradle.org
[a4707eff-8005-4a4c-a10e-375962a6875d/build]   | 
[a4707eff-8005-4a4c-a10e-375962a6875d/build]   | BUILD FAILED in 2m 22s
[a4707eff-8005-4a4c-a10e-375962a6875d/build]   | 12 actionable tasks: 12 executed
[a4707eff-8005-4a4c-a10e-375962a6875d/build]   âŒ  Failure - Main ./gradlew build --no-daemon --warning-mode=fail
[a4707eff-8005-4a4c-a10e-375962a6875d/build] exitcode '1': failure
[a4707eff-8005-4a4c-a10e-375962a6875d/build] unable to get git ref: failed to identify reference (tag/branch) for the checked-out revision '9ceecf357132989390e8bb18160338b27539eaaa'
[a4707eff-8005-4a4c-a10e-375962a6875d/build] unable to get git ref: failed to identify reference (tag/branch) for the checked-out revision '9ceecf357132989390e8bb18160338b27539eaaa'
[a4707eff-8005-4a4c-a10e-375962a6875d/build] unable to get git ref: failed to identify reference (tag/branch) for the checked-out revision '9ceecf357132989390e8bb18160338b27539eaaa'
[a4707eff-8005-4a4c-a10e-375962a6875d/build] unable to get git ref: failed to identify reference (tag/branch) for the checked-out revision '9ceecf357132989390e8bb18160338b27539eaaa'
[a4707eff-8005-4a4c-a10e-375962a6875d/build] unable to get git ref: failed to identify reference (tag/branch) for the checked-out revision '9ceecf357132989390e8bb18160338b27539eaaa'
[a4707eff-8005-4a4c-a10e-375962a6875d/build] â­ Run Post actions/setup-java@v3
[a4707eff-8005-4a4c-a10e-375962a6875d/build]   ğŸ³  docker exec cmd=[node /var/run/act/actions/actions-setup-java@v3/dist/cleanup/index.js] user= workdir=
[a4707eff-8005-4a4c-a10e-375962a6875d/build]   âœ…  Success - Post actions/setup-java@v3
[a4707eff-8005-4a4c-a10e-375962a6875d/build] ğŸ  Job failed
[a4707eff-8005-4a4c-a10e-375962a6875d/build] unable to get git ref: failed to identify reference (tag/branch) for the checked-out revision '9ceecf357132989390e8bb18160338b27539eaaa'
