[f5b3bbae-d863-48de-977c-3e6c579666a3/build] ğŸš€  Start image=gitbugactions:latest
[f5b3bbae-d863-48de-977c-3e6c579666a3/build]   ğŸ³  docker pull image=gitbugactions:latest platform= username= forcePull=false
[f5b3bbae-d863-48de-977c-3e6c579666a3/build]   ğŸ³  docker create image=gitbugactions:latest platform= entrypoint=["tail" "-f" "/dev/null"] cmd=[]
[f5b3bbae-d863-48de-977c-3e6c579666a3/build]   ğŸ³  docker run image=gitbugactions:latest platform= entrypoint=["tail" "-f" "/dev/null"] cmd=[]
[f5b3bbae-d863-48de-977c-3e6c579666a3/build]   ğŸ³  docker exec cmd=[chown -R 1012:1013 /tmp/3224b71f-17a1-4849-8056-0dbb486eef89] user=0 workdir=
[f5b3bbae-d863-48de-977c-3e6c579666a3/build] unable to get git ref: failed to identify reference (tag/branch) for the checked-out revision '1a1126d2d39220f3f28d98662a8c3d5fd4c1cfee'
[f5b3bbae-d863-48de-977c-3e6c579666a3/build] unable to get git ref: failed to identify reference (tag/branch) for the checked-out revision '1a1126d2d39220f3f28d98662a8c3d5fd4c1cfee'
[f5b3bbae-d863-48de-977c-3e6c579666a3/build] unable to get git ref: failed to identify reference (tag/branch) for the checked-out revision '1a1126d2d39220f3f28d98662a8c3d5fd4c1cfee'
[f5b3bbae-d863-48de-977c-3e6c579666a3/build] unable to get git ref: failed to identify reference (tag/branch) for the checked-out revision '1a1126d2d39220f3f28d98662a8c3d5fd4c1cfee'
[f5b3bbae-d863-48de-977c-3e6c579666a3/build] unable to get git ref: failed to identify reference (tag/branch) for the checked-out revision '1a1126d2d39220f3f28d98662a8c3d5fd4c1cfee'
[f5b3bbae-d863-48de-977c-3e6c579666a3/build] unable to get git ref: failed to identify reference (tag/branch) for the checked-out revision '1a1126d2d39220f3f28d98662a8c3d5fd4c1cfee'
[f5b3bbae-d863-48de-977c-3e6c579666a3/build] unable to get git ref: failed to identify reference (tag/branch) for the checked-out revision '1a1126d2d39220f3f28d98662a8c3d5fd4c1cfee'
[f5b3bbae-d863-48de-977c-3e6c579666a3/build] unable to get git ref: failed to identify reference (tag/branch) for the checked-out revision '1a1126d2d39220f3f28d98662a8c3d5fd4c1cfee'
[f5b3bbae-d863-48de-977c-3e6c579666a3/build] unable to get git ref: failed to identify reference (tag/branch) for the checked-out revision '1a1126d2d39220f3f28d98662a8c3d5fd4c1cfee'
[f5b3bbae-d863-48de-977c-3e6c579666a3/build] â­ Run Main actions/checkout@v3
[f5b3bbae-d863-48de-977c-3e6c579666a3/build] unable to get git ref: failed to identify reference (tag/branch) for the checked-out revision '1a1126d2d39220f3f28d98662a8c3d5fd4c1cfee'
[f5b3bbae-d863-48de-977c-3e6c579666a3/build] unable to get git ref: failed to identify reference (tag/branch) for the checked-out revision '1a1126d2d39220f3f28d98662a8c3d5fd4c1cfee'
[f5b3bbae-d863-48de-977c-3e6c579666a3/build]   ğŸ³  docker cp src=/tmp/3224b71f-17a1-4849-8056-0dbb486eef89/. dst=/tmp/3224b71f-17a1-4849-8056-0dbb486eef89
[f5b3bbae-d863-48de-977c-3e6c579666a3/build]   ğŸ³  docker exec cmd=[chown -R 1012:1013 /tmp/3224b71f-17a1-4849-8056-0dbb486eef89] user=0 workdir=
[f5b3bbae-d863-48de-977c-3e6c579666a3/build]   âœ…  Success - Main actions/checkout@v3
[f5b3bbae-d863-48de-977c-3e6c579666a3/build] unable to get git ref: failed to identify reference (tag/branch) for the checked-out revision '1a1126d2d39220f3f28d98662a8c3d5fd4c1cfee'
[f5b3bbae-d863-48de-977c-3e6c579666a3/build] unable to get git ref: failed to identify reference (tag/branch) for the checked-out revision '1a1126d2d39220f3f28d98662a8c3d5fd4c1cfee'
[f5b3bbae-d863-48de-977c-3e6c579666a3/build] unable to get git ref: failed to identify reference (tag/branch) for the checked-out revision '1a1126d2d39220f3f28d98662a8c3d5fd4c1cfee'
[f5b3bbae-d863-48de-977c-3e6c579666a3/build] unable to get git ref: failed to identify reference (tag/branch) for the checked-out revision '1a1126d2d39220f3f28d98662a8c3d5fd4c1cfee'
[f5b3bbae-d863-48de-977c-3e6c579666a3/build] unable to get git ref: failed to identify reference (tag/branch) for the checked-out revision '1a1126d2d39220f3f28d98662a8c3d5fd4c1cfee'
[f5b3bbae-d863-48de-977c-3e6c579666a3/build] â­ Run Main actions/setup-java@v3
[f5b3bbae-d863-48de-977c-3e6c579666a3/build] unable to get git ref: failed to identify reference (tag/branch) for the checked-out revision '1a1126d2d39220f3f28d98662a8c3d5fd4c1cfee'
[f5b3bbae-d863-48de-977c-3e6c579666a3/build] unable to get git ref: failed to identify reference (tag/branch) for the checked-out revision '1a1126d2d39220f3f28d98662a8c3d5fd4c1cfee'
[f5b3bbae-d863-48de-977c-3e6c579666a3/build] unable to get git ref: failed to identify reference (tag/branch) for the checked-out revision '1a1126d2d39220f3f28d98662a8c3d5fd4c1cfee'
[f5b3bbae-d863-48de-977c-3e6c579666a3/build]   ğŸ³  docker cp src=/tmp/act-cache/843a500c-598e-4631-821d-2ee79abb1709/act/actions-setup-java@v3/ dst=/var/run/act/actions/actions-setup-java@v3/
[f5b3bbae-d863-48de-977c-3e6c579666a3/build]   ğŸ³  docker exec cmd=[chown -R 1012:1013 /var/run/act/actions/actions-setup-java@v3/] user=0 workdir=
[f5b3bbae-d863-48de-977c-3e6c579666a3/build]   ğŸ³  docker exec cmd=[node /var/run/act/actions/actions-setup-java@v3/dist/setup/index.js] user= workdir=
[f5b3bbae-d863-48de-977c-3e6c579666a3/build]   â“  ::group::Installed distributions
[f5b3bbae-d863-48de-977c-3e6c579666a3/build]   | Trying to resolve the latest version from remote
[f5b3bbae-d863-48de-977c-3e6c579666a3/build]   ğŸ’¬  ::debug::Gathering available versions from 'https://api.azul.com/zulu/download/community/v1.0/bundles/?os=linux&ext=tar.gz&bundle_type=jdk&javafx=false&arch=x86&hw_bitness=64&release_status=ga'
[f5b3bbae-d863-48de-977c-3e6c579666a3/build]   | Resolved latest version as 11.0.21+9
[f5b3bbae-d863-48de-977c-3e6c579666a3/build]   | Trying to download...
[f5b3bbae-d863-48de-977c-3e6c579666a3/build]   | Downloading Java 11.0.21+9 (Zulu) from https://cdn.azul.com/zulu/bin/zulu11.68.17-ca-jdk11.0.21-linux_x64.tar.gz ...
[f5b3bbae-d863-48de-977c-3e6c579666a3/build]   ğŸ’¬  ::debug::Downloading https://cdn.azul.com/zulu/bin/zulu11.68.17-ca-jdk11.0.21-linux_x64.tar.gz
[f5b3bbae-d863-48de-977c-3e6c579666a3/build]   ğŸ’¬  ::debug::Destination /tmp/87a2c8c9-4360-4cd1-833b-8c7ea3efedec
[f5b3bbae-d863-48de-977c-3e6c579666a3/build]   ğŸ’¬  ::debug::download complete
[f5b3bbae-d863-48de-977c-3e6c579666a3/build]   | Extracting Java archive...
[f5b3bbae-d863-48de-977c-3e6c579666a3/build]   ğŸ’¬  ::debug::Checking tar --version
[f5b3bbae-d863-48de-977c-3e6c579666a3/build]   ğŸ’¬  ::debug::tar (GNU tar) 1.34%0ACopyright (C) 2021 Free Software Foundation, Inc.%0ALicense GPLv3+: GNU GPL version 3 or later <https://gnu.org/licenses/gpl.html>.%0AThis is free software: you are free to change and redistribute it.%0AThere is NO WARRANTY, to the extent permitted by law.%0A%0AWritten by John Gilmore and Jay Fenlason.
[f5b3bbae-d863-48de-977c-3e6c579666a3/build]   | [command]/usr/bin/tar xz --warning=no-unknown-keyword -C /tmp/6a6103cd-2591-4bf3-8945-b6da0019c591 -f /tmp/87a2c8c9-4360-4cd1-833b-8c7ea3efedec
[f5b3bbae-d863-48de-977c-3e6c579666a3/build]   ğŸ’¬  ::debug::Caching tool Java_Zulu_jdk 11.0.21-9 x64
[f5b3bbae-d863-48de-977c-3e6c579666a3/build]   ğŸ’¬  ::debug::source dir: /tmp/6a6103cd-2591-4bf3-8945-b6da0019c591/zulu11.68.17-ca-jdk11.0.21-linux_x64
[f5b3bbae-d863-48de-977c-3e6c579666a3/build]   ğŸ’¬  ::debug::destination /opt/hostedtoolcache/Java_Zulu_jdk/11.0.21-9/x64
[f5b3bbae-d863-48de-977c-3e6c579666a3/build]   ğŸ’¬  ::debug::finished caching tool
[f5b3bbae-d863-48de-977c-3e6c579666a3/build]   | Java 11.0.21+9 was downloaded
[f5b3bbae-d863-48de-977c-3e6c579666a3/build]   | Setting Java 11.0.21+9 as the default
[f5b3bbae-d863-48de-977c-3e6c579666a3/build]   | Creating toolchains.xml for JDK version 11 from zulu
[f5b3bbae-d863-48de-977c-3e6c579666a3/build]   | Writing to /home/runner/.m2/toolchains.xml
[f5b3bbae-d863-48de-977c-3e6c579666a3/build]   | 
[f5b3bbae-d863-48de-977c-3e6c579666a3/build]   | Java configuration:
[f5b3bbae-d863-48de-977c-3e6c579666a3/build]   |   Distribution: zulu
[f5b3bbae-d863-48de-977c-3e6c579666a3/build]   |   Version: 11.0.21+9
[f5b3bbae-d863-48de-977c-3e6c579666a3/build]   |   Path: /opt/hostedtoolcache/Java_Zulu_jdk/11.0.21-9/x64
[f5b3bbae-d863-48de-977c-3e6c579666a3/build]   | 
[f5b3bbae-d863-48de-977c-3e6c579666a3/build]   â“  ::endgroup::
[f5b3bbae-d863-48de-977c-3e6c579666a3/build]   â“ add-matcher /run/act/actions/actions-setup-java@v3/.github/java.json
[f5b3bbae-d863-48de-977c-3e6c579666a3/build]   | Creating settings.xml with server-id: github
[f5b3bbae-d863-48de-977c-3e6c579666a3/build]   | Writing to /home/runner/.m2/settings.xml
[f5b3bbae-d863-48de-977c-3e6c579666a3/build]   âœ…  Success - Main actions/setup-java@v3
[f5b3bbae-d863-48de-977c-3e6c579666a3/build]   âš™  ::set-env:: JAVA_HOME=/opt/hostedtoolcache/Java_Zulu_jdk/11.0.21-9/x64
[f5b3bbae-d863-48de-977c-3e6c579666a3/build]   âš™  ::set-env:: JAVA_HOME_11_X64=/opt/hostedtoolcache/Java_Zulu_jdk/11.0.21-9/x64
[f5b3bbae-d863-48de-977c-3e6c579666a3/build]   âš™  ::set-output:: distribution=Zulu
[f5b3bbae-d863-48de-977c-3e6c579666a3/build]   âš™  ::set-output:: path=/opt/hostedtoolcache/Java_Zulu_jdk/11.0.21-9/x64
[f5b3bbae-d863-48de-977c-3e6c579666a3/build]   âš™  ::set-output:: version=11.0.21+9
[f5b3bbae-d863-48de-977c-3e6c579666a3/build]   âš™  ::add-path:: /opt/hostedtoolcache/Java_Zulu_jdk/11.0.21-9/x64/bin
[f5b3bbae-d863-48de-977c-3e6c579666a3/build] unable to get git ref: failed to identify reference (tag/branch) for the checked-out revision '1a1126d2d39220f3f28d98662a8c3d5fd4c1cfee'
[f5b3bbae-d863-48de-977c-3e6c579666a3/build] unable to get git ref: failed to identify reference (tag/branch) for the checked-out revision '1a1126d2d39220f3f28d98662a8c3d5fd4c1cfee'
[f5b3bbae-d863-48de-977c-3e6c579666a3/build] unable to get git ref: failed to identify reference (tag/branch) for the checked-out revision '1a1126d2d39220f3f28d98662a8c3d5fd4c1cfee'
[f5b3bbae-d863-48de-977c-3e6c579666a3/build] unable to get git ref: failed to identify reference (tag/branch) for the checked-out revision '1a1126d2d39220f3f28d98662a8c3d5fd4c1cfee'
[f5b3bbae-d863-48de-977c-3e6c579666a3/build] unable to get git ref: failed to identify reference (tag/branch) for the checked-out revision '1a1126d2d39220f3f28d98662a8c3d5fd4c1cfee'
[f5b3bbae-d863-48de-977c-3e6c579666a3/build] â­ Run Main ./gradlew build --no-daemon --warning-mode=fail
[f5b3bbae-d863-48de-977c-3e6c579666a3/build] unable to get git ref: failed to identify reference (tag/branch) for the checked-out revision '1a1126d2d39220f3f28d98662a8c3d5fd4c1cfee'
[f5b3bbae-d863-48de-977c-3e6c579666a3/build] unable to get git ref: failed to identify reference (tag/branch) for the checked-out revision '1a1126d2d39220f3f28d98662a8c3d5fd4c1cfee'
[f5b3bbae-d863-48de-977c-3e6c579666a3/build] unable to get git ref: failed to identify reference (tag/branch) for the checked-out revision '1a1126d2d39220f3f28d98662a8c3d5fd4c1cfee'
[f5b3bbae-d863-48de-977c-3e6c579666a3/build] unable to get git ref: failed to identify reference (tag/branch) for the checked-out revision '1a1126d2d39220f3f28d98662a8c3d5fd4c1cfee'
[f5b3bbae-d863-48de-977c-3e6c579666a3/build]   ğŸ³  docker exec cmd=[bash --noprofile --norc -e -o pipefail /var/run/act/workflow/2] user= workdir=
[f5b3bbae-d863-48de-977c-3e6c579666a3/build]   | Downloading https://services.gradle.org/distributions/gradle-7.5.1-bin.zip
[f5b3bbae-d863-48de-977c-3e6c579666a3/build]   | ...........10%............20%...........30%............40%...........50%............60%...........70%............80%...........90%............100%
[f5b3bbae-d863-48de-977c-3e6c579666a3/build]   | 
[f5b3bbae-d863-48de-977c-3e6c579666a3/build]   | Welcome to Gradle 7.5.1!
[f5b3bbae-d863-48de-977c-3e6c579666a3/build]   | 
[f5b3bbae-d863-48de-977c-3e6c579666a3/build]   | Here are the highlights of this release:
[f5b3bbae-d863-48de-977c-3e6c579666a3/build]   |  - Support for Java 18
[f5b3bbae-d863-48de-977c-3e6c579666a3/build]   |  - Support for building with Groovy 4
[f5b3bbae-d863-48de-977c-3e6c579666a3/build]   |  - Much more responsive continuous builds
[f5b3bbae-d863-48de-977c-3e6c579666a3/build]   |  - Improved diagnostics for dependency resolution
[f5b3bbae-d863-48de-977c-3e6c579666a3/build]   | 
[f5b3bbae-d863-48de-977c-3e6c579666a3/build]   | For more details see https://docs.gradle.org/7.5.1/release-notes.html
[f5b3bbae-d863-48de-977c-3e6c579666a3/build]   | 
[f5b3bbae-d863-48de-977c-3e6c579666a3/build]   | To honour the JVM settings for this build a single-use Daemon process will be forked. See https://docs.gradle.org/7.5.1/userguide/gradle_daemon.html#sec:disabling_the_daemon.
[f5b3bbae-d863-48de-977c-3e6c579666a3/build]   | Daemon will be stopped at the end of the build 
[f5b3bbae-d863-48de-977c-3e6c579666a3/build]   | 
[f5b3bbae-d863-48de-977c-3e6c579666a3/build]   | > Configure project :
[f5b3bbae-d863-48de-977c-3e6c579666a3/build]   | Kordamp Enforcer Gradle plugin 0.13.0. Consider becoming a patron at https://www.patreon.com/aalmiray
[f5b3bbae-d863-48de-977c-3e6c579666a3/build]   | 
[f5b3bbae-d863-48de-977c-3e6c579666a3/build]   | > Task :copyDependencies
[f5b3bbae-d863-48de-977c-3e6c579666a3/build]   | > Task :extractIncludeProto
[f5b3bbae-d863-48de-977c-3e6c579666a3/build]   | > Task :extractProto
[f5b3bbae-d863-48de-977c-3e6c579666a3/build]   | > Task :generateProto
[f5b3bbae-d863-48de-977c-3e6c579666a3/build]   | > Task :compileJava
[f5b3bbae-d863-48de-977c-3e6c579666a3/build]   | Note: Some input files use or override a deprecated API.
[f5b3bbae-d863-48de-977c-3e6c579666a3/build]   | Note: Recompile with -Xlint:deprecation for details.
[f5b3bbae-d863-48de-977c-3e6c579666a3/build]   | Note: Some input files use unchecked or unsafe operations.
[f5b3bbae-d863-48de-977c-3e6c579666a3/build]   | Note: Recompile with -Xlint:unchecked for details.
[f5b3bbae-d863-48de-977c-3e6c579666a3/build]   | 
[f5b3bbae-d863-48de-977c-3e6c579666a3/build]   | > Task :processResources
[f5b3bbae-d863-48de-977c-3e6c579666a3/build]   | > Task :classes
[f5b3bbae-d863-48de-977c-3e6c579666a3/build]   | > Task :jar
[f5b3bbae-d863-48de-977c-3e6c579666a3/build]   | > Task :assemble
[f5b3bbae-d863-48de-977c-3e6c579666a3/build]   | > Task :extractIncludeTestProto
[f5b3bbae-d863-48de-977c-3e6c579666a3/build]   | > Task :extractTestProto
[f5b3bbae-d863-48de-977c-3e6c579666a3/build]   | > Task :generateTestProto NO-SOURCE
[f5b3bbae-d863-48de-977c-3e6c579666a3/build]   | 
[f5b3bbae-d863-48de-977c-3e6c579666a3/build]   | > Task :compileTestJava
[f5b3bbae-d863-48de-977c-3e6c579666a3/build]   | Note: Some input files use or override a deprecated API.
[f5b3bbae-d863-48de-977c-3e6c579666a3/build]   | Note: Recompile with -Xlint:deprecation for details.
[f5b3bbae-d863-48de-977c-3e6c579666a3/build]   | 
[f5b3bbae-d863-48de-977c-3e6c579666a3/build]   | > Task :processTestResources NO-SOURCE
[f5b3bbae-d863-48de-977c-3e6c579666a3/build]   | > Task :testClasses
[f5b3bbae-d863-48de-977c-3e6c579666a3/build]   | > Task :checkstyleTest SKIPPED
[f5b3bbae-d863-48de-977c-3e6c579666a3/build]   | > Task :checkstyleMain
[f5b3bbae-d863-48de-977c-3e6c579666a3/build]   | 
[f5b3bbae-d863-48de-977c-3e6c579666a3/build]   | 498 tests completed, 1 failed, 23 skipped
[f5b3bbae-d863-48de-977c-3e6c579666a3/build]   | 
[f5b3bbae-d863-48de-977c-3e6c579666a3/build]   | > Task :test FAILED
[f5b3bbae-d863-48de-977c-3e6c579666a3/build]   | 
[f5b3bbae-d863-48de-977c-3e6c579666a3/build]   | HuaShengProtocolDecoderTest > testDecode() FAILED
[f5b3bbae-d863-48de-977c-3e6c579666a3/build]   |     org.opentest4j.AssertionFailedError at HuaShengProtocolDecoderTest.java:23
[f5b3bbae-d863-48de-977c-3e6c579666a3/build]   | 
[f5b3bbae-d863-48de-977c-3e6c579666a3/build]   | FAILURE: Build failed with an exception.
[f5b3bbae-d863-48de-977c-3e6c579666a3/build]   | 
[f5b3bbae-d863-48de-977c-3e6c579666a3/build]   | * What went wrong:
[f5b3bbae-d863-48de-977c-3e6c579666a3/build]   | Execution failed for task ':test'.
[f5b3bbae-d863-48de-977c-3e6c579666a3/build]   | > There were failing tests. See the report at: file:///tmp/3224b71f-17a1-4849-8056-0dbb486eef89/build/reports/tests/test/index.html
[f5b3bbae-d863-48de-977c-3e6c579666a3/build]   | 
[f5b3bbae-d863-48de-977c-3e6c579666a3/build]   | * Try:
[f5b3bbae-d863-48de-977c-3e6c579666a3/build]   | > Run with --stacktrace option to get the stack trace.
[f5b3bbae-d863-48de-977c-3e6c579666a3/build]   | > Run with --info or --debug option to get more log output.
[f5b3bbae-d863-48de-977c-3e6c579666a3/build]   | > Run with --scan to get full insights.
[f5b3bbae-d863-48de-977c-3e6c579666a3/build]   | 
[f5b3bbae-d863-48de-977c-3e6c579666a3/build]   | * Get more help at https://help.gradle.org
[f5b3bbae-d863-48de-977c-3e6c579666a3/build]   | 
[f5b3bbae-d863-48de-977c-3e6c579666a3/build]   | BUILD FAILED in 2m 50s
[f5b3bbae-d863-48de-977c-3e6c579666a3/build]   | 12 actionable tasks: 12 executed
[f5b3bbae-d863-48de-977c-3e6c579666a3/build]   âŒ  Failure - Main ./gradlew build --no-daemon --warning-mode=fail
[f5b3bbae-d863-48de-977c-3e6c579666a3/build] exitcode '1': failure
[f5b3bbae-d863-48de-977c-3e6c579666a3/build] unable to get git ref: failed to identify reference (tag/branch) for the checked-out revision '1a1126d2d39220f3f28d98662a8c3d5fd4c1cfee'
[f5b3bbae-d863-48de-977c-3e6c579666a3/build] unable to get git ref: failed to identify reference (tag/branch) for the checked-out revision '1a1126d2d39220f3f28d98662a8c3d5fd4c1cfee'
[f5b3bbae-d863-48de-977c-3e6c579666a3/build] unable to get git ref: failed to identify reference (tag/branch) for the checked-out revision '1a1126d2d39220f3f28d98662a8c3d5fd4c1cfee'
[f5b3bbae-d863-48de-977c-3e6c579666a3/build] unable to get git ref: failed to identify reference (tag/branch) for the checked-out revision '1a1126d2d39220f3f28d98662a8c3d5fd4c1cfee'
[f5b3bbae-d863-48de-977c-3e6c579666a3/build] unable to get git ref: failed to identify reference (tag/branch) for the checked-out revision '1a1126d2d39220f3f28d98662a8c3d5fd4c1cfee'
[f5b3bbae-d863-48de-977c-3e6c579666a3/build] â­ Run Post actions/setup-java@v3
[f5b3bbae-d863-48de-977c-3e6c579666a3/build]   ğŸ³  docker exec cmd=[node /var/run/act/actions/actions-setup-java@v3/dist/cleanup/index.js] user= workdir=
[f5b3bbae-d863-48de-977c-3e6c579666a3/build]   âœ…  Success - Post actions/setup-java@v3
[f5b3bbae-d863-48de-977c-3e6c579666a3/build] ğŸ  Job failed
[f5b3bbae-d863-48de-977c-3e6c579666a3/build] unable to get git ref: failed to identify reference (tag/branch) for the checked-out revision '1a1126d2d39220f3f28d98662a8c3d5fd4c1cfee'
