[2e607695-863d-4829-8766-780227d1af8b/build] ğŸš€  Start image=gitbugactions:latest
[2e607695-863d-4829-8766-780227d1af8b/build]   ğŸ³  docker pull image=gitbugactions:latest platform= username= forcePull=false
[2e607695-863d-4829-8766-780227d1af8b/build]   ğŸ³  docker create image=gitbugactions:latest platform= entrypoint=["tail" "-f" "/dev/null"] cmd=[]
[2e607695-863d-4829-8766-780227d1af8b/build]   ğŸ³  docker run image=gitbugactions:latest platform= entrypoint=["tail" "-f" "/dev/null"] cmd=[]
[2e607695-863d-4829-8766-780227d1af8b/build]   ğŸ³  docker exec cmd=[chown -R 1012:1013 /tmp/6b48cf36-3376-4b38-88ca-9aa4c5574e1c] user=0 workdir=
[2e607695-863d-4829-8766-780227d1af8b/build] unable to get git ref: failed to identify reference (tag/branch) for the checked-out revision 'cd6ca49d8e58642c3142e1c4ee40a78e6c9060e5'
[2e607695-863d-4829-8766-780227d1af8b/build] unable to get git ref: failed to identify reference (tag/branch) for the checked-out revision 'cd6ca49d8e58642c3142e1c4ee40a78e6c9060e5'
[2e607695-863d-4829-8766-780227d1af8b/build] unable to get git ref: failed to identify reference (tag/branch) for the checked-out revision 'cd6ca49d8e58642c3142e1c4ee40a78e6c9060e5'
[2e607695-863d-4829-8766-780227d1af8b/build] unable to get git ref: failed to identify reference (tag/branch) for the checked-out revision 'cd6ca49d8e58642c3142e1c4ee40a78e6c9060e5'
[2e607695-863d-4829-8766-780227d1af8b/build] unable to get git ref: failed to identify reference (tag/branch) for the checked-out revision 'cd6ca49d8e58642c3142e1c4ee40a78e6c9060e5'
[2e607695-863d-4829-8766-780227d1af8b/build] unable to get git ref: failed to identify reference (tag/branch) for the checked-out revision 'cd6ca49d8e58642c3142e1c4ee40a78e6c9060e5'
[2e607695-863d-4829-8766-780227d1af8b/build] unable to get git ref: failed to identify reference (tag/branch) for the checked-out revision 'cd6ca49d8e58642c3142e1c4ee40a78e6c9060e5'
[2e607695-863d-4829-8766-780227d1af8b/build] unable to get git ref: failed to identify reference (tag/branch) for the checked-out revision 'cd6ca49d8e58642c3142e1c4ee40a78e6c9060e5'
[2e607695-863d-4829-8766-780227d1af8b/build] unable to get git ref: failed to identify reference (tag/branch) for the checked-out revision 'cd6ca49d8e58642c3142e1c4ee40a78e6c9060e5'
[2e607695-863d-4829-8766-780227d1af8b/build] â­ Run Main actions/checkout@v2
[2e607695-863d-4829-8766-780227d1af8b/build] unable to get git ref: failed to identify reference (tag/branch) for the checked-out revision 'cd6ca49d8e58642c3142e1c4ee40a78e6c9060e5'
[2e607695-863d-4829-8766-780227d1af8b/build] unable to get git ref: failed to identify reference (tag/branch) for the checked-out revision 'cd6ca49d8e58642c3142e1c4ee40a78e6c9060e5'
[2e607695-863d-4829-8766-780227d1af8b/build]   ğŸ³  docker cp src=/tmp/6b48cf36-3376-4b38-88ca-9aa4c5574e1c/. dst=/tmp/6b48cf36-3376-4b38-88ca-9aa4c5574e1c
[2e607695-863d-4829-8766-780227d1af8b/build]   ğŸ³  docker exec cmd=[chown -R 1012:1013 /tmp/6b48cf36-3376-4b38-88ca-9aa4c5574e1c] user=0 workdir=
[2e607695-863d-4829-8766-780227d1af8b/build]   âœ…  Success - Main actions/checkout@v2
[2e607695-863d-4829-8766-780227d1af8b/build] unable to get git ref: failed to identify reference (tag/branch) for the checked-out revision 'cd6ca49d8e58642c3142e1c4ee40a78e6c9060e5'
[2e607695-863d-4829-8766-780227d1af8b/build] unable to get git ref: failed to identify reference (tag/branch) for the checked-out revision 'cd6ca49d8e58642c3142e1c4ee40a78e6c9060e5'
[2e607695-863d-4829-8766-780227d1af8b/build] unable to get git ref: failed to identify reference (tag/branch) for the checked-out revision 'cd6ca49d8e58642c3142e1c4ee40a78e6c9060e5'
[2e607695-863d-4829-8766-780227d1af8b/build] unable to get git ref: failed to identify reference (tag/branch) for the checked-out revision 'cd6ca49d8e58642c3142e1c4ee40a78e6c9060e5'
[2e607695-863d-4829-8766-780227d1af8b/build] unable to get git ref: failed to identify reference (tag/branch) for the checked-out revision 'cd6ca49d8e58642c3142e1c4ee40a78e6c9060e5'
[2e607695-863d-4829-8766-780227d1af8b/build] â­ Run Main Set up JDK 20.0.1
[2e607695-863d-4829-8766-780227d1af8b/build] unable to get git ref: failed to identify reference (tag/branch) for the checked-out revision 'cd6ca49d8e58642c3142e1c4ee40a78e6c9060e5'
[2e607695-863d-4829-8766-780227d1af8b/build] unable to get git ref: failed to identify reference (tag/branch) for the checked-out revision 'cd6ca49d8e58642c3142e1c4ee40a78e6c9060e5'
[2e607695-863d-4829-8766-780227d1af8b/build] unable to get git ref: failed to identify reference (tag/branch) for the checked-out revision 'cd6ca49d8e58642c3142e1c4ee40a78e6c9060e5'
[2e607695-863d-4829-8766-780227d1af8b/build]   ğŸ³  docker cp src=/tmp/act-cache/e4b04cf7-4a55-49de-a912-145f3d16b8ca/act/actions-setup-java@v2/ dst=/var/run/act/actions/actions-setup-java@v2/
[2e607695-863d-4829-8766-780227d1af8b/build]   ğŸ³  docker exec cmd=[chown -R 1012:1013 /var/run/act/actions/actions-setup-java@v2/] user=0 workdir=
[2e607695-863d-4829-8766-780227d1af8b/build]   ğŸ³  docker exec cmd=[node /var/run/act/actions/actions-setup-java@v2/dist/setup/index.js] user= workdir=
[2e607695-863d-4829-8766-780227d1af8b/build]   ğŸ’¬  ::debug::isExplicit: 11.0.20-1
[2e607695-863d-4829-8766-780227d1af8b/build]   ğŸ’¬  ::debug::explicit? true
[2e607695-863d-4829-8766-780227d1af8b/build]   ğŸ’¬  ::debug::isExplicit: 17.0.8-1
[2e607695-863d-4829-8766-780227d1af8b/build]   ğŸ’¬  ::debug::explicit? true
[2e607695-863d-4829-8766-780227d1af8b/build]   ğŸ’¬  ::debug::isExplicit: 21.0.0-35
[2e607695-863d-4829-8766-780227d1af8b/build]   ğŸ’¬  ::debug::explicit? true
[2e607695-863d-4829-8766-780227d1af8b/build]   ğŸ’¬  ::debug::isExplicit: 8.0.382-5
[2e607695-863d-4829-8766-780227d1af8b/build]   ğŸ’¬  ::debug::explicit? true
[2e607695-863d-4829-8766-780227d1af8b/build]   | Trying to resolve the latest version from remote
[2e607695-863d-4829-8766-780227d1af8b/build]   | Resolved latest version as 20.0.1+9
[2e607695-863d-4829-8766-780227d1af8b/build]   | Trying to download...
[2e607695-863d-4829-8766-780227d1af8b/build]   | Downloading Java 20.0.1+9 (Temurin-Hotspot) from https://github.com/adoptium/temurin20-binaries/releases/download/jdk-20.0.1%2B9/OpenJDK20U-jdk_x64_linux_hotspot_20.0.1_9.tar.gz ...
[2e607695-863d-4829-8766-780227d1af8b/build]   ğŸ’¬  ::debug::Downloading https://github.com/adoptium/temurin20-binaries/releases/download/jdk-20.0.1%252B9/OpenJDK20U-jdk_x64_linux_hotspot_20.0.1_9.tar.gz
[2e607695-863d-4829-8766-780227d1af8b/build]   ğŸ’¬  ::debug::Destination /tmp/d0226e1c-f946-4dcc-90c5-338a2de421eb
[2e607695-863d-4829-8766-780227d1af8b/build]   ğŸ’¬  ::debug::download complete
[2e607695-863d-4829-8766-780227d1af8b/build]   | Extracting Java archive...
[2e607695-863d-4829-8766-780227d1af8b/build]   ğŸ’¬  ::debug::Checking tar --version
[2e607695-863d-4829-8766-780227d1af8b/build]   ğŸ’¬  ::debug::tar (GNU tar) 1.34%0ACopyright (C) 2021 Free Software Foundation, Inc.%0ALicense GPLv3+: GNU GPL version 3 or later <https://gnu.org/licenses/gpl.html>.%0AThis is free software: you are free to change and redistribute it.%0AThere is NO WARRANTY, to the extent permitted by law.%0A%0AWritten by John Gilmore and Jay Fenlason.
[2e607695-863d-4829-8766-780227d1af8b/build]   | [command]/usr/bin/tar xz --warning=no-unknown-keyword -C /tmp/8433b0cd-57f3-45ad-b11f-e03aebf15aa3 -f /tmp/d0226e1c-f946-4dcc-90c5-338a2de421eb
[2e607695-863d-4829-8766-780227d1af8b/build]   ğŸ’¬  ::debug::Caching tool Java_Temurin-Hotspot_jdk 20.0.1-9 x64
[2e607695-863d-4829-8766-780227d1af8b/build]   ğŸ’¬  ::debug::source dir: /tmp/8433b0cd-57f3-45ad-b11f-e03aebf15aa3/jdk-20.0.1+9
[2e607695-863d-4829-8766-780227d1af8b/build]   ğŸ’¬  ::debug::destination /opt/hostedtoolcache/Java_Temurin-Hotspot_jdk/20.0.1-9/x64
[2e607695-863d-4829-8766-780227d1af8b/build]   ğŸ’¬  ::debug::finished caching tool
[2e607695-863d-4829-8766-780227d1af8b/build]   | Java 20.0.1+9 was downloaded
[2e607695-863d-4829-8766-780227d1af8b/build]   | Setting Java 20.0.1+9 as the default
[2e607695-863d-4829-8766-780227d1af8b/build]   | 
[2e607695-863d-4829-8766-780227d1af8b/build]   | Java configuration:
[2e607695-863d-4829-8766-780227d1af8b/build]   |   Distribution: temurin
[2e607695-863d-4829-8766-780227d1af8b/build]   |   Version: 20.0.1+9
[2e607695-863d-4829-8766-780227d1af8b/build]   |   Path: /opt/hostedtoolcache/Java_Temurin-Hotspot_jdk/20.0.1-9/x64
[2e607695-863d-4829-8766-780227d1af8b/build]   | 
[2e607695-863d-4829-8766-780227d1af8b/build]   â“ add-matcher /run/act/actions/actions-setup-java@v2/.github/java.json
[2e607695-863d-4829-8766-780227d1af8b/build]   | Creating settings.xml with server-id: github
[2e607695-863d-4829-8766-780227d1af8b/build]   | Writing to /home/runner/.m2/settings.xml
[2e607695-863d-4829-8766-780227d1af8b/build]   âœ…  Success - Main Set up JDK 20.0.1
[2e607695-863d-4829-8766-780227d1af8b/build]   âš™  ::set-env:: JAVA_HOME=/opt/hostedtoolcache/Java_Temurin-Hotspot_jdk/20.0.1-9/x64
[2e607695-863d-4829-8766-780227d1af8b/build]   âš™  ::set-output:: path=/opt/hostedtoolcache/Java_Temurin-Hotspot_jdk/20.0.1-9/x64
[2e607695-863d-4829-8766-780227d1af8b/build]   âš™  ::set-output:: version=20.0.1+9
[2e607695-863d-4829-8766-780227d1af8b/build]   âš™  ::set-output:: distribution=Temurin-Hotspot
[2e607695-863d-4829-8766-780227d1af8b/build]   âš™  ::add-path:: /opt/hostedtoolcache/Java_Temurin-Hotspot_jdk/20.0.1-9/x64/bin
[2e607695-863d-4829-8766-780227d1af8b/build] unable to get git ref: failed to identify reference (tag/branch) for the checked-out revision 'cd6ca49d8e58642c3142e1c4ee40a78e6c9060e5'
[2e607695-863d-4829-8766-780227d1af8b/build] unable to get git ref: failed to identify reference (tag/branch) for the checked-out revision 'cd6ca49d8e58642c3142e1c4ee40a78e6c9060e5'
[2e607695-863d-4829-8766-780227d1af8b/build] unable to get git ref: failed to identify reference (tag/branch) for the checked-out revision 'cd6ca49d8e58642c3142e1c4ee40a78e6c9060e5'
[2e607695-863d-4829-8766-780227d1af8b/build] unable to get git ref: failed to identify reference (tag/branch) for the checked-out revision 'cd6ca49d8e58642c3142e1c4ee40a78e6c9060e5'
[2e607695-863d-4829-8766-780227d1af8b/build] unable to get git ref: failed to identify reference (tag/branch) for the checked-out revision 'cd6ca49d8e58642c3142e1c4ee40a78e6c9060e5'
[2e607695-863d-4829-8766-780227d1af8b/build] â­ Run Main Test with Gradle
[2e607695-863d-4829-8766-780227d1af8b/build] unable to get git ref: failed to identify reference (tag/branch) for the checked-out revision 'cd6ca49d8e58642c3142e1c4ee40a78e6c9060e5'
[2e607695-863d-4829-8766-780227d1af8b/build] unable to get git ref: failed to identify reference (tag/branch) for the checked-out revision 'cd6ca49d8e58642c3142e1c4ee40a78e6c9060e5'
[2e607695-863d-4829-8766-780227d1af8b/build] unable to get git ref: failed to identify reference (tag/branch) for the checked-out revision 'cd6ca49d8e58642c3142e1c4ee40a78e6c9060e5'
[2e607695-863d-4829-8766-780227d1af8b/build] unable to get git ref: failed to identify reference (tag/branch) for the checked-out revision 'cd6ca49d8e58642c3142e1c4ee40a78e6c9060e5'
[2e607695-863d-4829-8766-780227d1af8b/build]   ğŸ³  docker exec cmd=[bash --noprofile --norc -e -o pipefail /var/run/act/workflow/2] user= workdir=
[2e607695-863d-4829-8766-780227d1af8b/build]   | Downloading https://services.gradle.org/distributions/gradle-8.1.1-bin.zip
[2e607695-863d-4829-8766-780227d1af8b/build]   | ...........10%............20%............30%............40%............50%............60%............70%............80%...........90%............100%
[2e607695-863d-4829-8766-780227d1af8b/build]   | 
[2e607695-863d-4829-8766-780227d1af8b/build]   | Welcome to Gradle 8.1.1!
[2e607695-863d-4829-8766-780227d1af8b/build]   | 
[2e607695-863d-4829-8766-780227d1af8b/build]   | Here are the highlights of this release:
[2e607695-863d-4829-8766-780227d1af8b/build]   |  - Stable configuration cache
[2e607695-863d-4829-8766-780227d1af8b/build]   |  - Experimental Kotlin DSL assignment syntax
[2e607695-863d-4829-8766-780227d1af8b/build]   |  - Building with Java 20
[2e607695-863d-4829-8766-780227d1af8b/build]   | 
[2e607695-863d-4829-8766-780227d1af8b/build]   | For more details see https://docs.gradle.org/8.1.1/release-notes.html
[2e607695-863d-4829-8766-780227d1af8b/build]   | 
[2e607695-863d-4829-8766-780227d1af8b/build]   | Starting a Gradle Daemon (subsequent builds will be faster)
[2e607695-863d-4829-8766-780227d1af8b/build]   | 
[2e607695-863d-4829-8766-780227d1af8b/build]   | > Configure project :
[2e607695-863d-4829-8766-780227d1af8b/build]   | Project : => 'network.brightspots.rcv' Java module
[2e607695-863d-4829-8766-780227d1af8b/build]   | The AbstractCompile.destinationDir property has been deprecated. This is scheduled to be removed in Gradle 9.0. Please use the destinationDirectory property instead. Consult the upgrading guide for further information: https://docs.gradle.org/8.1.1/userguide/upgrading_version_7.html#compile_task_wiring
[2e607695-863d-4829-8766-780227d1af8b/build]   | 
[2e607695-863d-4829-8766-780227d1af8b/build]   | > Task :compileJava
[2e607695-863d-4829-8766-780227d1af8b/build]   | Note: Some input files use unchecked or unsafe operations.
[2e607695-863d-4829-8766-780227d1af8b/build]   | Note: Recompile with -Xlint:unchecked for details.
[2e607695-863d-4829-8766-780227d1af8b/build]   | 
[2e607695-863d-4829-8766-780227d1af8b/build]   | > Task :processResources
[2e607695-863d-4829-8766-780227d1af8b/build]   | > Task :classes
[2e607695-863d-4829-8766-780227d1af8b/build]   | Note: /tmp/6b48cf36-3376-4b38-88ca-9aa4c5574e1c/src/test/java/network/brightspots/rcv/TabulatorTests.java uses unchecked or unsafe operations.
[2e607695-863d-4829-8766-780227d1af8b/build]   | Note: Recompile with -Xlint:unchecked for details.
[2e607695-863d-4829-8766-780227d1af8b/build]   | 
[2e607695-863d-4829-8766-780227d1af8b/build]   | > Task :compileTestJava
[2e607695-863d-4829-8766-780227d1af8b/build]   | The apiCopy configuration has been deprecated for resolution. This will fail with an error in Gradle 9.0. Please resolve another configuration instead. Consult the upgrading guide for further information: https://docs.gradle.org/8.1.1/userguide/upgrading_version_5.html#dependencies_should_no_longer_be_declared_using_the_compile_and_runtime_configurations
[2e607695-863d-4829-8766-780227d1af8b/build]   | The compileClasspathCopy configuration has been deprecated for dependency declaration. This will fail with an error in Gradle 9.0. Please use another configuration instead. Consult the upgrading guide for further information: https://docs.gradle.org/8.1.1/userguide/upgrading_version_5.html#dependencies_should_no_longer_be_declared_using_the_compile_and_runtime_configurations
[2e607695-863d-4829-8766-780227d1af8b/build]   | The compileOnlyCopy configuration has been deprecated for resolution. This will fail with an error in Gradle 9.0. Please resolve another configuration instead. Consult the upgrading guide for further information: https://docs.gradle.org/8.1.1/userguide/upgrading_version_5.html#dependencies_should_no_longer_be_declared_using_the_compile_and_runtime_configurations
[2e607695-863d-4829-8766-780227d1af8b/build]   | The implementationCopy configuration has been deprecated for resolution. This will fail with an error in Gradle 9.0. Please resolve another configuration instead. Consult the upgrading guide for further information: https://docs.gradle.org/8.1.1/userguide/upgrading_version_5.html#dependencies_should_no_longer_be_declared_using_the_compile_and_runtime_configurations
[2e607695-863d-4829-8766-780227d1af8b/build]   | The runtimeClasspathCopy configuration has been deprecated for dependency declaration. This will fail with an error in Gradle 9.0. Please use another configuration instead. Consult the upgrading guide for further information: https://docs.gradle.org/8.1.1/userguide/upgrading_version_5.html#dependencies_should_no_longer_be_declared_using_the_compile_and_runtime_configurations
[2e607695-863d-4829-8766-780227d1af8b/build]   | The runtimeOnlyCopy configuration has been deprecated for resolution. This will fail with an error in Gradle 9.0. Please resolve another configuration instead. Consult the upgrading guide for further information: https://docs.gradle.org/8.1.1/userguide/upgrading_version_5.html#dependencies_should_no_longer_be_declared_using_the_compile_and_runtime_configurations
[2e607695-863d-4829-8766-780227d1af8b/build]   | The testCompileClasspathCopy configuration has been deprecated for dependency declaration. This will fail with an error in Gradle 9.0. Please use another configuration instead. Consult the upgrading guide for further information: https://docs.gradle.org/8.1.1/userguide/upgrading_version_5.html#dependencies_should_no_longer_be_declared_using_the_compile_and_runtime_configurations
[2e607695-863d-4829-8766-780227d1af8b/build]   | The testCompileOnlyCopy configuration has been deprecated for resolution. This will fail with an error in Gradle 9.0. Please resolve another configuration instead. Consult the upgrading guide for further information: https://docs.gradle.org/8.1.1/userguide/upgrading_version_5.html#dependencies_should_no_longer_be_declared_using_the_compile_and_runtime_configurations
[2e607695-863d-4829-8766-780227d1af8b/build]   | The testImplementationCopy configuration has been deprecated for resolution. This will fail with an error in Gradle 9.0. Please resolve another configuration instead. Consult the upgrading guide for further information: https://docs.gradle.org/8.1.1/userguide/upgrading_version_5.html#dependencies_should_no_longer_be_declared_using_the_compile_and_runtime_configurations
[2e607695-863d-4829-8766-780227d1af8b/build]   | The testRuntimeClasspathCopy configuration has been deprecated for dependency declaration. This will fail with an error in Gradle 9.0. Please use another configuration instead. Consult the upgrading guide for further information: https://docs.gradle.org/8.1.1/userguide/upgrading_version_5.html#dependencies_should_no_longer_be_declared_using_the_compile_and_runtime_configurations
[2e607695-863d-4829-8766-780227d1af8b/build]   | The testRuntimeOnlyCopy configuration has been deprecated for resolution. This will fail with an error in Gradle 9.0. Please resolve another configuration instead. Consult the upgrading guide for further information: https://docs.gradle.org/8.1.1/userguide/upgrading_version_5.html#dependencies_should_no_longer_be_declared_using_the_compile_and_runtime_configurations
[2e607695-863d-4829-8766-780227d1af8b/build]   | 
[2e607695-863d-4829-8766-780227d1af8b/build]   | > Task :processTestResources
[2e607695-863d-4829-8766-780227d1af8b/build]   | > Task :testClasses
[2e607695-863d-4829-8766-780227d1af8b/build]   | > Task :mergeClasses SKIPPED
[2e607695-863d-4829-8766-780227d1af8b/build]   | 
[2e607695-863d-4829-8766-780227d1af8b/build]   | > Task :test
[2e607695-863d-4829-8766-780227d1af8b/build]   | The apiCopy2 configuration has been deprecated for resolution. This will fail with an error in Gradle 9.0. Please resolve another configuration instead. Consult the upgrading guide for further information: https://docs.gradle.org/8.1.1/userguide/upgrading_version_5.html#dependencies_should_no_longer_be_declared_using_the_compile_and_runtime_configurations
[2e607695-863d-4829-8766-780227d1af8b/build]   | The compileClasspathCopy2 configuration has been deprecated for dependency declaration. This will fail with an error in Gradle 9.0. Please use another configuration instead. Consult the upgrading guide for further information: https://docs.gradle.org/8.1.1/userguide/upgrading_version_5.html#dependencies_should_no_longer_be_declared_using_the_compile_and_runtime_configurations
[2e607695-863d-4829-8766-780227d1af8b/build]   | The compileOnlyCopy2 configuration has been deprecated for resolution. This will fail with an error in Gradle 9.0. Please resolve another configuration instead. Consult the upgrading guide for further information: https://docs.gradle.org/8.1.1/userguide/upgrading_version_5.html#dependencies_should_no_longer_be_declared_using_the_compile_and_runtime_configurations
[2e607695-863d-4829-8766-780227d1af8b/build]   | The implementationCopy2 configuration has been deprecated for resolution. This will fail with an error in Gradle 9.0. Please resolve another configuration instead. Consult the upgrading guide for further information: https://docs.gradle.org/8.1.1/userguide/upgrading_version_5.html#dependencies_should_no_longer_be_declared_using_the_compile_and_runtime_configurations
[2e607695-863d-4829-8766-780227d1af8b/build]   | The runtimeClasspathCopy2 configuration has been deprecated for dependency declaration. This will fail with an error in Gradle 9.0. Please use another configuration instead. Consult the upgrading guide for further information: https://docs.gradle.org/8.1.1/userguide/upgrading_version_5.html#dependencies_should_no_longer_be_declared_using_the_compile_and_runtime_configurations
[2e607695-863d-4829-8766-780227d1af8b/build]   | The runtimeOnlyCopy2 configuration has been deprecated for resolution. This will fail with an error in Gradle 9.0. Please resolve another configuration instead. Consult the upgrading guide for further information: https://docs.gradle.org/8.1.1/userguide/upgrading_version_5.html#dependencies_should_no_longer_be_declared_using_the_compile_and_runtime_configurations
[2e607695-863d-4829-8766-780227d1af8b/build]   | The testCompileClasspathCopy2 configuration has been deprecated for dependency declaration. This will fail with an error in Gradle 9.0. Please use another configuration instead. Consult the upgrading guide for further information: https://docs.gradle.org/8.1.1/userguide/upgrading_version_5.html#dependencies_should_no_longer_be_declared_using_the_compile_and_runtime_configurations
[2e607695-863d-4829-8766-780227d1af8b/build]   | The testCompileOnlyCopy2 configuration has been deprecated for resolution. This will fail with an error in Gradle 9.0. Please resolve another configuration instead. Consult the upgrading guide for further information: https://docs.gradle.org/8.1.1/userguide/upgrading_version_5.html#dependencies_should_no_longer_be_declared_using_the_compile_and_runtime_configurations
[2e607695-863d-4829-8766-780227d1af8b/build]   | The testImplementationCopy2 configuration has been deprecated for resolution. This will fail with an error in Gradle 9.0. Please resolve another configuration instead. Consult the upgrading guide for further information: https://docs.gradle.org/8.1.1/userguide/upgrading_version_5.html#dependencies_should_no_longer_be_declared_using_the_compile_and_runtime_configurations
[2e607695-863d-4829-8766-780227d1af8b/build]   | The testRuntimeClasspathCopy2 configuration has been deprecated for dependency declaration. This will fail with an error in Gradle 9.0. Please use another configuration instead. Consult the upgrading guide for further information: https://docs.gradle.org/8.1.1/userguide/upgrading_version_5.html#dependencies_should_no_longer_be_declared_using_the_compile_and_runtime_configurations
[2e607695-863d-4829-8766-780227d1af8b/build]   | The testRuntimeOnlyCopy2 configuration has been deprecated for resolution. This will fail with an error in Gradle 9.0. Please resolve another configuration instead. Consult the upgrading guide for further information: https://docs.gradle.org/8.1.1/userguide/upgrading_version_5.html#dependencies_should_no_longer_be_declared_using_the_compile_and_runtime_configurations
[2e607695-863d-4829-8766-780227d1af8b/build]   | 
[2e607695-863d-4829-8766-780227d1af8b/build]   | ContestConfigTests > test isVersionNewer PASSED
[2e607695-863d-4829-8766-780227d1af8b/build]   | 
[2e607695-863d-4829-8766-780227d1af8b/build]   | TabulatorTests > multi-seat fractional number threshold PASSED
[2e607695-863d-4829-8766-780227d1af8b/build]   | 
[2e607695-863d-4829-8766-780227d1af8b/build]   | TabulatorTests > unisyn_xml_cdf_city_council_member FAILED
[2e607695-863d-4829-8766-780227d1af8b/build]   |     org.opentest4j.AssertionFailedError at TabulatorTests.java:312
[2e607695-863d-4829-8766-780227d1af8b/build]   | 
[2e607695-863d-4829-8766-780227d1af8b/build]   | > Task :checkstyleTest
[2e607695-863d-4829-8766-780227d1af8b/build]   | > Task :spotbugsTest
[2e607695-863d-4829-8766-780227d1af8b/build]   | > Task :checkstyleMain
[2e607695-863d-4829-8766-780227d1af8b/build]   | 
[2e607695-863d-4829-8766-780227d1af8b/build]   | > Task :test
[2e607695-863d-4829-8766-780227d1af8b/build]   | 
[2e607695-863d-4829-8766-780227d1af8b/build]   | TabulatorTests > 2017 Minneapolis Mayor PASSED
[2e607695-863d-4829-8766-780227d1af8b/build]   | 
[2e607695-863d-4829-8766-780227d1af8b/build]   | TabulatorTests > unisyn_xml_cdf_county_sheriff FAILED
[2e607695-863d-4829-8766-780227d1af8b/build]   |     org.opentest4j.AssertionFailedError at TabulatorTests.java:312
[2e607695-863d-4829-8766-780227d1af8b/build]   | 
[2e607695-863d-4829-8766-780227d1af8b/build]   | TabulatorTests > test invalid params in config file PASSED
[2e607695-863d-4829-8766-780227d1af8b/build]   | 
[2e607695-863d-4829-8766-780227d1af8b/build]   | TabulatorTests > overvote delimiter test PASSED
[2e607695-863d-4829-8766-780227d1af8b/build]   | 
[2e607695-863d-4829-8766-780227d1af8b/build]   | TabulatorTests > multi-cvr file dominion test PASSED
[2e607695-863d-4829-8766-780227d1af8b/build]   | 
[2e607695-863d-4829-8766-780227d1af8b/build]   | TabulatorTests > treat blank as undeclared write-in FAILED
[2e607695-863d-4829-8766-780227d1af8b/build]   |     org.opentest4j.AssertionFailedError at TabulatorTests.java:312
[2e607695-863d-4829-8766-780227d1af8b/build]   | 
[2e607695-863d-4829-8766-780227d1af8b/build]   | TabulatorTests > Dominion test - Wyoming test data PASSED
[2e607695-863d-4829-8766-780227d1af8b/build]   | 
[2e607695-863d-4829-8766-780227d1af8b/build]   | > Task :spotbugsMain
[2e607695-863d-4829-8766-780227d1af8b/build]   | 
[2e607695-863d-4829-8766-780227d1af8b/build]   | > Task :test
[2e607695-863d-4829-8766-780227d1af8b/build]   | 
[2e607695-863d-4829-8766-780227d1af8b/build]   | TabulatorTests > test sequential multi-seat logic PASSED
[2e607695-863d-4829-8766-780227d1af8b/build]   | 
[2e607695-863d-4829-8766-780227d1af8b/build]   | TabulatorTests > Dominion - No Precinct Data PASSED
[2e607695-863d-4829-8766-780227d1af8b/build]   | 
[2e607695-863d-4829-8766-780227d1af8b/build]   | TabulatorTests > unisyn_xml_cdf_city_coroner PASSED
[2e607695-863d-4829-8766-780227d1af8b/build]   | 
[2e607695-863d-4829-8766-780227d1af8b/build]   | TabulatorTests > 2013 Minneapolis Mayor Scale PASSED
[2e607695-863d-4829-8766-780227d1af8b/build]   | 
[2e607695-863d-4829-8766-780227d1af8b/build]   | TabulatorTests > tiebreak using previousRoundCountsThenRandom FAILED
[2e607695-863d-4829-8766-780227d1af8b/build]   |     org.opentest4j.AssertionFailedError at TabulatorTests.java:312
[2e607695-863d-4829-8766-780227d1af8b/build]   | 
[2e607695-863d-4829-8766-780227d1af8b/build]   | TabulatorTests > unisyn_xml_cdf_city_chief_of_police PASSED
[2e607695-863d-4829-8766-780227d1af8b/build]   | 
[2e607695-863d-4829-8766-780227d1af8b/build]   | TabulatorTests > Dominion test - Alaska test data PASSED
[2e607695-863d-4829-8766-780227d1af8b/build]   | 
[2e607695-863d-4829-8766-780227d1af8b/build]   | TabulatorTests > tiebreak using permutation in config FAILED
[2e607695-863d-4829-8766-780227d1af8b/build]   |     org.opentest4j.AssertionFailedError at TabulatorTests.java:312
[2e607695-863d-4829-8766-780227d1af8b/build]   | 
[2e607695-863d-4829-8766-780227d1af8b/build]   | TabulatorTests > test tiebreak seed FAILED
[2e607695-863d-4829-8766-780227d1af8b/build]   |     org.opentest4j.AssertionFailedError at TabulatorTests.java:312
[2e607695-863d-4829-8766-780227d1af8b/build]   | 
[2e607695-863d-4829-8766-780227d1af8b/build]   | TabulatorTests > test allow only one winner per round logic PASSED
[2e607695-863d-4829-8766-780227d1af8b/build]   | 
[2e607695-863d-4829-8766-780227d1af8b/build]   | TabulatorTests > Continue Until Two Candidates Remain PASSED
[2e607695-863d-4829-8766-780227d1af8b/build]   | 
[2e607695-863d-4829-8766-780227d1af8b/build]   | TabulatorTests > Dominion test - Kansas test data PASSED
[2e607695-863d-4829-8766-780227d1af8b/build]   | 
[2e607695-863d-4829-8766-780227d1af8b/build]   | TabulatorTests > NIST XML CDF 2 FAILED
[2e607695-863d-4829-8766-780227d1af8b/build]   |     org.opentest4j.AssertionFailedError at TabulatorTests.java:312
[2e607695-863d-4829-8766-780227d1af8b/build]   | 
[2e607695-863d-4829-8766-780227d1af8b/build]   | TabulatorTests > test invalid source files PASSED
[2e607695-863d-4829-8766-780227d1af8b/build]   | 
[2e607695-863d-4829-8766-780227d1af8b/build]   | TabulatorTests > test excluding candidates in config file PASSED
[2e607695-863d-4829-8766-780227d1af8b/build]   | 
[2e607695-863d-4829-8766-780227d1af8b/build]   | TabulatorTests > Hart - Travis County Officers PASSED
[2e607695-863d-4829-8766-780227d1af8b/build]   | 
[2e607695-863d-4829-8766-780227d1af8b/build]   | TabulatorTests > undeclared write-in (UWI) cannot win test PASSED
[2e607695-863d-4829-8766-780227d1af8b/build]   | 
[2e607695-863d-4829-8766-780227d1af8b/build]   | TabulatorTests > sequential with continue until two test FAILED
[2e607695-863d-4829-8766-780227d1af8b/build]   |     org.opentest4j.AssertionFailedError at TabulatorTests.java:312
[2e607695-863d-4829-8766-780227d1af8b/build]   | 
[2e607695-863d-4829-8766-780227d1af8b/build]   | TabulatorTests > skipped first choice PASSED
[2e607695-863d-4829-8766-780227d1af8b/build]   | 
[2e607695-863d-4829-8766-780227d1af8b/build]   | TabulatorTests > exhaust at overvote rule PASSED
[2e607695-863d-4829-8766-780227d1af8b/build]   | 
[2e607695-863d-4829-8766-780227d1af8b/build]   | TabulatorTests > overvote skips to next rank PASSED
[2e607695-863d-4829-8766-780227d1af8b/build]   | 
[2e607695-863d-4829-8766-780227d1af8b/build]   | TabulatorTests > skipped choice exhausts option PASSED
[2e607695-863d-4829-8766-780227d1af8b/build]   | 
[2e607695-863d-4829-8766-780227d1af8b/build]   | TabulatorTests > skipped choice next option PASSED
[2e607695-863d-4829-8766-780227d1af8b/build]   | 
[2e607695-863d-4829-8766-780227d1af8b/build]   | TabulatorTests > two skipped ranks exhausts option PASSED
[2e607695-863d-4829-8766-780227d1af8b/build]   | 
[2e607695-863d-4829-8766-780227d1af8b/build]   | TabulatorTests > duplicate rank exhausts PASSED
[2e607695-863d-4829-8766-780227d1af8b/build]   | 
[2e607695-863d-4829-8766-780227d1af8b/build]   | TabulatorTests > duplicate rank skips to next option PASSED
[2e607695-863d-4829-8766-780227d1af8b/build]   | 
[2e607695-863d-4829-8766-780227d1af8b/build]   | TabulatorTests > multi-cdf tabulation PASSED
[2e607695-863d-4829-8766-780227d1af8b/build]   | 
[2e607695-863d-4829-8766-780227d1af8b/build]   | TabulatorTests > test skipping to next candidate after overvote PASSED
[2e607695-863d-4829-8766-780227d1af8b/build]   | 
[2e607695-863d-4829-8766-780227d1af8b/build]   | TabulatorTests > multi-seat UWI test PASSED
[2e607695-863d-4829-8766-780227d1af8b/build]   | 
[2e607695-863d-4829-8766-780227d1af8b/build]   | TabulatorTests > test bottoms-up multi-seat with threshold logic PASSED
[2e607695-863d-4829-8766-780227d1af8b/build]   | 
[2e607695-863d-4829-8766-780227d1af8b/build]   | TabulatorTests > test minimum vote threshold setting PASSED
[2e607695-863d-4829-8766-780227d1af8b/build]   | 
[2e607695-863d-4829-8766-780227d1af8b/build]   | TabulatorTests > 2018 Maine Governor Democratic Primary PASSED
[2e607695-863d-4829-8766-780227d1af8b/build]   | 
[2e607695-863d-4829-8766-780227d1af8b/build]   | TabulatorTests > test Hare quota PASSED
[2e607695-863d-4829-8766-780227d1af8b/build]   | 
[2e607695-863d-4829-8766-780227d1af8b/build]   | TabulatorTests > Continue Until Two Candidates Remain with Batch Elimination PASSED
[2e607695-863d-4829-8766-780227d1af8b/build]   | 
[2e607695-863d-4829-8766-780227d1af8b/build]   | TabulatorTests > sequential with batch elimination test FAILED
[2e607695-863d-4829-8766-780227d1af8b/build]   |     org.opentest4j.AssertionFailedError at TabulatorTests.java:312
[2e607695-863d-4829-8766-780227d1af8b/build]   | 
[2e607695-863d-4829-8766-780227d1af8b/build]   | TabulatorTests > first round determine threshold test PASSED
[2e607695-863d-4829-8766-780227d1af8b/build]   | 
[2e607695-863d-4829-8766-780227d1af8b/build]   | TabulatorTests > Test Convert to CDF works for Dominion PASSED
[2e607695-863d-4829-8766-780227d1af8b/build]   | 
[2e607695-863d-4829-8766-780227d1af8b/build]   | TabulatorTests > Test Convert to CDF works for CDF PASSED
[2e607695-863d-4829-8766-780227d1af8b/build]   | 
[2e607695-863d-4829-8766-780227d1af8b/build]   | TabulatorTests > Test Convert to CDF works for ES&S PASSED
[2e607695-863d-4829-8766-780227d1af8b/build]   | 
[2e607695-863d-4829-8766-780227d1af8b/build]   | TabulatorTests > multi-seat whole number threshold PASSED
[2e607695-863d-4829-8766-780227d1af8b/build]   | 
[2e607695-863d-4829-8766-780227d1af8b/build]   | TabulatorTests > tiebreak using generated permutation FAILED
[2e607695-863d-4829-8766-780227d1af8b/build]   |     org.opentest4j.AssertionFailedError at TabulatorTests.java:312
[2e607695-863d-4829-8766-780227d1af8b/build]   | 
[2e607695-863d-4829-8766-780227d1af8b/build]   | TabulatorTests > aliases (CDF JSON format) PASSED
[2e607695-863d-4829-8766-780227d1af8b/build]   | 
[2e607695-863d-4829-8766-780227d1af8b/build]   | TabulatorTests > aliases (ES&S XLSX format) PASSED
[2e607695-863d-4829-8766-780227d1af8b/build]   | 
[2e607695-863d-4829-8766-780227d1af8b/build]   | TabulatorTests > no one meets minimum test PASSED
[2e607695-863d-4829-8766-780227d1af8b/build]   | 
[2e607695-863d-4829-8766-780227d1af8b/build]   | TabulatorTests > missing precinct example FAILED
[2e607695-863d-4829-8766-780227d1af8b/build]   |     org.opentest4j.AssertionFailedError at TabulatorTests.java:312
[2e607695-863d-4829-8766-780227d1af8b/build]   | 
[2e607695-863d-4829-8766-780227d1af8b/build]   | TabulatorTests > test bottoms-up multi-seat logic PASSED
[2e607695-863d-4829-8766-780227d1af8b/build]   | 
[2e607695-863d-4829-8766-780227d1af8b/build]   | TabulatorTests > Test Convert to CSV works for Dominion PASSED
[2e607695-863d-4829-8766-780227d1af8b/build]   | 
[2e607695-863d-4829-8766-780227d1af8b/build]   | TabulatorTests > unisyn_xml_cdf_city_tax_collector PASSED
[2e607695-863d-4829-8766-780227d1af8b/build]   | 
[2e607695-863d-4829-8766-780227d1af8b/build]   | TabulatorTests > 2013 Minneapolis Mayor PASSED
[2e607695-863d-4829-8766-780227d1af8b/build]   | 
[2e607695-863d-4829-8766-780227d1af8b/build]   | TabulatorTests > Test Convert to CSV works for CDF PASSED
[2e607695-863d-4829-8766-780227d1af8b/build]   | 
[2e607695-863d-4829-8766-780227d1af8b/build]   | TabulatorTests > Test Convert to CSV works for ES&S PASSED
[2e607695-863d-4829-8766-780227d1af8b/build]   | 
[2e607695-863d-4829-8766-780227d1af8b/build]   | TabulatorTests > unisyn_xml_cdf_county_coroner FAILED
[2e607695-863d-4829-8766-780227d1af8b/build]   |     org.opentest4j.AssertionFailedError at TabulatorTests.java:312
[2e607695-863d-4829-8766-780227d1af8b/build]   | 
[2e607695-863d-4829-8766-780227d1af8b/build]   | TabulatorTests > testMinneapolisMultiSeatThreshold PASSED
[2e607695-863d-4829-8766-780227d1af8b/build]   | 
[2e607695-863d-4829-8766-780227d1af8b/build]   | TabulatorTests > overvote exhaust if multiple continuing test PASSED
[2e607695-863d-4829-8766-780227d1af8b/build]   | 
[2e607695-863d-4829-8766-780227d1af8b/build]   | TabulatorTests > first round determine threshold and tiebreaker runs test PASSED
[2e607695-863d-4829-8766-780227d1af8b/build]   | 
[2e607695-863d-4829-8766-780227d1af8b/build]   | TabulatorTests > 2015 Portland Mayor Candidate Codes PASSED
[2e607695-863d-4829-8766-780227d1af8b/build]   | 
[2e607695-863d-4829-8766-780227d1af8b/build]   | TabulatorTests > gracefully fail when tabulate-by-precinct option set without any precincts in CVR PASSED
[2e607695-863d-4829-8766-780227d1af8b/build]   | 
[2e607695-863d-4829-8766-780227d1af8b/build]   | TabulatorTests > Clear Ballot - Kansas Primary PASSED
[2e607695-863d-4829-8766-780227d1af8b/build]   | 
[2e607695-863d-4829-8766-780227d1af8b/build]   | TabulatorTests > unisyn_xml_cdf_city_mayor PASSED
[2e607695-863d-4829-8766-780227d1af8b/build]   | 
[2e607695-863d-4829-8766-780227d1af8b/build]   | TabulatorTests > Hart - Cedar Park School Board PASSED
[2e607695-863d-4829-8766-780227d1af8b/build]   | 
[2e607695-863d-4829-8766-780227d1af8b/build]   | TabulatorTests > 2013 Minneapolis Park PASSED
[2e607695-863d-4829-8766-780227d1af8b/build]   | 
[2e607695-863d-4829-8766-780227d1af8b/build]   | TabulatorTests > generic CSV test PASSED
[2e607695-863d-4829-8766-780227d1af8b/build]   | 
[2e607695-863d-4829-8766-780227d1af8b/build]   | TabulatorTests > test for overvotes PASSED
[2e607695-863d-4829-8766-780227d1af8b/build]   | 
[2e607695-863d-4829-8766-780227d1af8b/build]   | TabulatorTests > 2015 Portland Mayor PASSED
[2e607695-863d-4829-8766-780227d1af8b/build]   | 
[2e607695-863d-4829-8766-780227d1af8b/build]   | TabulatorTests > test stopping tabulation early PASSED
[2e607695-863d-4829-8766-780227d1af8b/build]   | 
[2e607695-863d-4829-8766-780227d1af8b/build]   | TabulatorTests > precinct example PASSED
[2e607695-863d-4829-8766-780227d1af8b/build]   | 
[2e607695-863d-4829-8766-780227d1af8b/build]   | 76 tests completed, 12 failed
[2e607695-863d-4829-8766-780227d1af8b/build]   | 
[2e607695-863d-4829-8766-780227d1af8b/build]   | > Task :test FAILED
[2e607695-863d-4829-8766-780227d1af8b/build]   | 
[2e607695-863d-4829-8766-780227d1af8b/build]   | FAILURE: Build failed with an exception.
[2e607695-863d-4829-8766-780227d1af8b/build]   | 
[2e607695-863d-4829-8766-780227d1af8b/build]   | * What went wrong:
[2e607695-863d-4829-8766-780227d1af8b/build]   | Execution failed for task ':test'.
[2e607695-863d-4829-8766-780227d1af8b/build]   | > There were failing tests. See the report at: file:///tmp/6b48cf36-3376-4b38-88ca-9aa4c5574e1c/build/reports/tests/test/index.html
[2e607695-863d-4829-8766-780227d1af8b/build]   | 
[2e607695-863d-4829-8766-780227d1af8b/build]   | * Try:
[2e607695-863d-4829-8766-780227d1af8b/build]   | > Run with --stacktrace option to get the stack trace.
[2e607695-863d-4829-8766-780227d1af8b/build]   | > Run with --info or --debug option to get more log output.
[2e607695-863d-4829-8766-780227d1af8b/build]   | > Run with --scan to get full insights.
[2e607695-863d-4829-8766-780227d1af8b/build]   | 
[2e607695-863d-4829-8766-780227d1af8b/build]   | * Get more help at https://help.gradle.org
[2e607695-863d-4829-8766-780227d1af8b/build]   | 
[2e607695-863d-4829-8766-780227d1af8b/build]   | BUILD FAILED in 2m 35s
[2e607695-863d-4829-8766-780227d1af8b/build]   | 9 actionable tasks: 9 executed
[2e607695-863d-4829-8766-780227d1af8b/build]   âŒ  Failure - Main Test with Gradle
[2e607695-863d-4829-8766-780227d1af8b/build] exitcode '1': failure
[2e607695-863d-4829-8766-780227d1af8b/build] unable to get git ref: failed to identify reference (tag/branch) for the checked-out revision 'cd6ca49d8e58642c3142e1c4ee40a78e6c9060e5'
[2e607695-863d-4829-8766-780227d1af8b/build] unable to get git ref: failed to identify reference (tag/branch) for the checked-out revision 'cd6ca49d8e58642c3142e1c4ee40a78e6c9060e5'
[2e607695-863d-4829-8766-780227d1af8b/build] unable to get git ref: failed to identify reference (tag/branch) for the checked-out revision 'cd6ca49d8e58642c3142e1c4ee40a78e6c9060e5'
[2e607695-863d-4829-8766-780227d1af8b/build] unable to get git ref: failed to identify reference (tag/branch) for the checked-out revision 'cd6ca49d8e58642c3142e1c4ee40a78e6c9060e5'
[2e607695-863d-4829-8766-780227d1af8b/build] unable to get git ref: failed to identify reference (tag/branch) for the checked-out revision 'cd6ca49d8e58642c3142e1c4ee40a78e6c9060e5'
[2e607695-863d-4829-8766-780227d1af8b/build] â­ Run Post Set up JDK 20.0.1
[2e607695-863d-4829-8766-780227d1af8b/build]   ğŸ³  docker exec cmd=[node /var/run/act/actions/actions-setup-java@v2/dist/cleanup/index.js] user= workdir=
[2e607695-863d-4829-8766-780227d1af8b/build]   âœ…  Success - Post Set up JDK 20.0.1
[2e607695-863d-4829-8766-780227d1af8b/build] ğŸ  Job failed
[2e607695-863d-4829-8766-780227d1af8b/build] unable to get git ref: failed to identify reference (tag/branch) for the checked-out revision 'cd6ca49d8e58642c3142e1c4ee40a78e6c9060e5'
