[3fa62551-7fa9-4671-917a-07ac6cb0868f/build] üöÄ  Start image=gitbugactions:latest
[3fa62551-7fa9-4671-917a-07ac6cb0868f/build]   üê≥  docker pull image=gitbugactions:latest platform= username= forcePull=false
[3fa62551-7fa9-4671-917a-07ac6cb0868f/build]   üê≥  docker create image=gitbugactions:latest platform= entrypoint=["tail" "-f" "/dev/null"] cmd=[]
[3fa62551-7fa9-4671-917a-07ac6cb0868f/build]   üê≥  docker run image=gitbugactions:latest platform= entrypoint=["tail" "-f" "/dev/null"] cmd=[]
[3fa62551-7fa9-4671-917a-07ac6cb0868f/build]   üê≥  docker exec cmd=[chown -R 1012:1013 /tmp/3b066108-df10-4689-877e-e19fca2011c7] user=0 workdir=
[3fa62551-7fa9-4671-917a-07ac6cb0868f/build] unable to get git ref: failed to identify reference (tag/branch) for the checked-out revision '0bce500d0dac1249723e6ce972f9454c1b04f203'
[3fa62551-7fa9-4671-917a-07ac6cb0868f/build] unable to get git ref: failed to identify reference (tag/branch) for the checked-out revision '0bce500d0dac1249723e6ce972f9454c1b04f203'
[3fa62551-7fa9-4671-917a-07ac6cb0868f/build] unable to get git ref: failed to identify reference (tag/branch) for the checked-out revision '0bce500d0dac1249723e6ce972f9454c1b04f203'
[3fa62551-7fa9-4671-917a-07ac6cb0868f/build] unable to get git ref: failed to identify reference (tag/branch) for the checked-out revision '0bce500d0dac1249723e6ce972f9454c1b04f203'
[3fa62551-7fa9-4671-917a-07ac6cb0868f/build] unable to get git ref: failed to identify reference (tag/branch) for the checked-out revision '0bce500d0dac1249723e6ce972f9454c1b04f203'
[3fa62551-7fa9-4671-917a-07ac6cb0868f/build] unable to get git ref: failed to identify reference (tag/branch) for the checked-out revision '0bce500d0dac1249723e6ce972f9454c1b04f203'
[3fa62551-7fa9-4671-917a-07ac6cb0868f/build] unable to get git ref: failed to identify reference (tag/branch) for the checked-out revision '0bce500d0dac1249723e6ce972f9454c1b04f203'
[3fa62551-7fa9-4671-917a-07ac6cb0868f/build] unable to get git ref: failed to identify reference (tag/branch) for the checked-out revision '0bce500d0dac1249723e6ce972f9454c1b04f203'
[3fa62551-7fa9-4671-917a-07ac6cb0868f/build] unable to get git ref: failed to identify reference (tag/branch) for the checked-out revision '0bce500d0dac1249723e6ce972f9454c1b04f203'
[3fa62551-7fa9-4671-917a-07ac6cb0868f/build] ‚≠ê Run Main actions/checkout@v2
[3fa62551-7fa9-4671-917a-07ac6cb0868f/build] unable to get git ref: failed to identify reference (tag/branch) for the checked-out revision '0bce500d0dac1249723e6ce972f9454c1b04f203'
[3fa62551-7fa9-4671-917a-07ac6cb0868f/build] unable to get git ref: failed to identify reference (tag/branch) for the checked-out revision '0bce500d0dac1249723e6ce972f9454c1b04f203'
[3fa62551-7fa9-4671-917a-07ac6cb0868f/build]   üê≥  docker cp src=/tmp/3b066108-df10-4689-877e-e19fca2011c7/. dst=/tmp/3b066108-df10-4689-877e-e19fca2011c7
[3fa62551-7fa9-4671-917a-07ac6cb0868f/build]   üê≥  docker exec cmd=[chown -R 1012:1013 /tmp/3b066108-df10-4689-877e-e19fca2011c7] user=0 workdir=
[3fa62551-7fa9-4671-917a-07ac6cb0868f/build]   ‚úÖ  Success - Main actions/checkout@v2
[3fa62551-7fa9-4671-917a-07ac6cb0868f/build] unable to get git ref: failed to identify reference (tag/branch) for the checked-out revision '0bce500d0dac1249723e6ce972f9454c1b04f203'
[3fa62551-7fa9-4671-917a-07ac6cb0868f/build] unable to get git ref: failed to identify reference (tag/branch) for the checked-out revision '0bce500d0dac1249723e6ce972f9454c1b04f203'
[3fa62551-7fa9-4671-917a-07ac6cb0868f/build] unable to get git ref: failed to identify reference (tag/branch) for the checked-out revision '0bce500d0dac1249723e6ce972f9454c1b04f203'
[3fa62551-7fa9-4671-917a-07ac6cb0868f/build] unable to get git ref: failed to identify reference (tag/branch) for the checked-out revision '0bce500d0dac1249723e6ce972f9454c1b04f203'
[3fa62551-7fa9-4671-917a-07ac6cb0868f/build] unable to get git ref: failed to identify reference (tag/branch) for the checked-out revision '0bce500d0dac1249723e6ce972f9454c1b04f203'
[3fa62551-7fa9-4671-917a-07ac6cb0868f/build] ‚≠ê Run Main Set up JDK 17
[3fa62551-7fa9-4671-917a-07ac6cb0868f/build] unable to get git ref: failed to identify reference (tag/branch) for the checked-out revision '0bce500d0dac1249723e6ce972f9454c1b04f203'
[3fa62551-7fa9-4671-917a-07ac6cb0868f/build] unable to get git ref: failed to identify reference (tag/branch) for the checked-out revision '0bce500d0dac1249723e6ce972f9454c1b04f203'
[3fa62551-7fa9-4671-917a-07ac6cb0868f/build] unable to get git ref: failed to identify reference (tag/branch) for the checked-out revision '0bce500d0dac1249723e6ce972f9454c1b04f203'
[3fa62551-7fa9-4671-917a-07ac6cb0868f/build]   üê≥  docker cp src=/tmp/act-cache/022295c0-a99b-4b1b-b3e8-55a33b7d5b01/act/actions-setup-java@v2/ dst=/var/run/act/actions/actions-setup-java@v2/
[3fa62551-7fa9-4671-917a-07ac6cb0868f/build]   üê≥  docker exec cmd=[chown -R 1012:1013 /var/run/act/actions/actions-setup-java@v2/] user=0 workdir=
[3fa62551-7fa9-4671-917a-07ac6cb0868f/build]   üê≥  docker exec cmd=[node /var/run/act/actions/actions-setup-java@v2/dist/setup/index.js] user= workdir=
[3fa62551-7fa9-4671-917a-07ac6cb0868f/build]   | Trying to resolve the latest version from remote
[3fa62551-7fa9-4671-917a-07ac6cb0868f/build]   | Resolved latest version as 17.0.9+9
[3fa62551-7fa9-4671-917a-07ac6cb0868f/build]   | Trying to download...
[3fa62551-7fa9-4671-917a-07ac6cb0868f/build]   | Downloading Java 17.0.9+9 (Adopt-Hotspot) from https://github.com/adoptium/temurin17-binaries/releases/download/jdk-17.0.9%2B9/OpenJDK17U-jdk_x64_linux_hotspot_17.0.9_9.tar.gz ...
[3fa62551-7fa9-4671-917a-07ac6cb0868f/build]   üí¨  ::debug::Downloading https://github.com/adoptium/temurin17-binaries/releases/download/jdk-17.0.9%252B9/OpenJDK17U-jdk_x64_linux_hotspot_17.0.9_9.tar.gz
[3fa62551-7fa9-4671-917a-07ac6cb0868f/build]   üí¨  ::debug::Destination /tmp/76d73360-91e1-43a6-9177-6b423429482b
[3fa62551-7fa9-4671-917a-07ac6cb0868f/build]   üí¨  ::debug::download complete
[3fa62551-7fa9-4671-917a-07ac6cb0868f/build]   | Extracting Java archive...
[3fa62551-7fa9-4671-917a-07ac6cb0868f/build]   üí¨  ::debug::Checking tar --version
[3fa62551-7fa9-4671-917a-07ac6cb0868f/build]   üí¨  ::debug::tar (GNU tar) 1.34%0ACopyright (C) 2021 Free Software Foundation, Inc.%0ALicense GPLv3+: GNU GPL version 3 or later <https://gnu.org/licenses/gpl.html>.%0AThis is free software: you are free to change and redistribute it.%0AThere is NO WARRANTY, to the extent permitted by law.%0A%0AWritten by John Gilmore and Jay Fenlason.
[3fa62551-7fa9-4671-917a-07ac6cb0868f/build]   | [command]/usr/bin/tar xz --warning=no-unknown-keyword -C /tmp/819fad0e-624c-4cca-a316-81b507dbeba7 -f /tmp/76d73360-91e1-43a6-9177-6b423429482b
[3fa62551-7fa9-4671-917a-07ac6cb0868f/build]   üí¨  ::debug::Caching tool Java_Adopt_jdk 17.0.9-9 x64
[3fa62551-7fa9-4671-917a-07ac6cb0868f/build]   üí¨  ::debug::source dir: /tmp/819fad0e-624c-4cca-a316-81b507dbeba7/jdk-17.0.9+9
[3fa62551-7fa9-4671-917a-07ac6cb0868f/build]   üí¨  ::debug::destination /opt/hostedtoolcache/Java_Adopt_jdk/17.0.9-9/x64
[3fa62551-7fa9-4671-917a-07ac6cb0868f/build]   üí¨  ::debug::finished caching tool
[3fa62551-7fa9-4671-917a-07ac6cb0868f/build]   | Java 17.0.9+9 was downloaded
[3fa62551-7fa9-4671-917a-07ac6cb0868f/build]   | Setting Java 17.0.9+9 as the default
[3fa62551-7fa9-4671-917a-07ac6cb0868f/build]   | 
[3fa62551-7fa9-4671-917a-07ac6cb0868f/build]   | Java configuration:
[3fa62551-7fa9-4671-917a-07ac6cb0868f/build]   |   Distribution: adopt
[3fa62551-7fa9-4671-917a-07ac6cb0868f/build]   |   Version: 17.0.9+9
[3fa62551-7fa9-4671-917a-07ac6cb0868f/build]   |   Path: /opt/hostedtoolcache/Java_Adopt_jdk/17.0.9-9/x64
[3fa62551-7fa9-4671-917a-07ac6cb0868f/build]   | 
[3fa62551-7fa9-4671-917a-07ac6cb0868f/build]   ‚ùì add-matcher /run/act/actions/actions-setup-java@v2/.github/java.json
[3fa62551-7fa9-4671-917a-07ac6cb0868f/build]   | Creating settings.xml with server-id: github
[3fa62551-7fa9-4671-917a-07ac6cb0868f/build]   | Writing to /home/runner/.m2/settings.xml
[3fa62551-7fa9-4671-917a-07ac6cb0868f/build]   ‚úÖ  Success - Main Set up JDK 17
[3fa62551-7fa9-4671-917a-07ac6cb0868f/build]   ‚öô  ::set-env:: JAVA_HOME=/opt/hostedtoolcache/Java_Adopt_jdk/17.0.9-9/x64
[3fa62551-7fa9-4671-917a-07ac6cb0868f/build]   ‚öô  ::set-output:: distribution=Adopt-Hotspot
[3fa62551-7fa9-4671-917a-07ac6cb0868f/build]   ‚öô  ::set-output:: path=/opt/hostedtoolcache/Java_Adopt_jdk/17.0.9-9/x64
[3fa62551-7fa9-4671-917a-07ac6cb0868f/build]   ‚öô  ::set-output:: version=17.0.9+9
[3fa62551-7fa9-4671-917a-07ac6cb0868f/build]   ‚öô  ::add-path:: /opt/hostedtoolcache/Java_Adopt_jdk/17.0.9-9/x64/bin
[3fa62551-7fa9-4671-917a-07ac6cb0868f/build] unable to get git ref: failed to identify reference (tag/branch) for the checked-out revision '0bce500d0dac1249723e6ce972f9454c1b04f203'
[3fa62551-7fa9-4671-917a-07ac6cb0868f/build] unable to get git ref: failed to identify reference (tag/branch) for the checked-out revision '0bce500d0dac1249723e6ce972f9454c1b04f203'
[3fa62551-7fa9-4671-917a-07ac6cb0868f/build] unable to get git ref: failed to identify reference (tag/branch) for the checked-out revision '0bce500d0dac1249723e6ce972f9454c1b04f203'
[3fa62551-7fa9-4671-917a-07ac6cb0868f/build] unable to get git ref: failed to identify reference (tag/branch) for the checked-out revision '0bce500d0dac1249723e6ce972f9454c1b04f203'
[3fa62551-7fa9-4671-917a-07ac6cb0868f/build] unable to get git ref: failed to identify reference (tag/branch) for the checked-out revision '0bce500d0dac1249723e6ce972f9454c1b04f203'
[3fa62551-7fa9-4671-917a-07ac6cb0868f/build] ‚≠ê Run Main Grant execute permission for gradlew
[3fa62551-7fa9-4671-917a-07ac6cb0868f/build] unable to get git ref: failed to identify reference (tag/branch) for the checked-out revision '0bce500d0dac1249723e6ce972f9454c1b04f203'
[3fa62551-7fa9-4671-917a-07ac6cb0868f/build] unable to get git ref: failed to identify reference (tag/branch) for the checked-out revision '0bce500d0dac1249723e6ce972f9454c1b04f203'
[3fa62551-7fa9-4671-917a-07ac6cb0868f/build] unable to get git ref: failed to identify reference (tag/branch) for the checked-out revision '0bce500d0dac1249723e6ce972f9454c1b04f203'
[3fa62551-7fa9-4671-917a-07ac6cb0868f/build] unable to get git ref: failed to identify reference (tag/branch) for the checked-out revision '0bce500d0dac1249723e6ce972f9454c1b04f203'
[3fa62551-7fa9-4671-917a-07ac6cb0868f/build]   üê≥  docker exec cmd=[bash --noprofile --norc -e -o pipefail /var/run/act/workflow/2] user= workdir=
[3fa62551-7fa9-4671-917a-07ac6cb0868f/build]   ‚úÖ  Success - Main Grant execute permission for gradlew
[3fa62551-7fa9-4671-917a-07ac6cb0868f/build] unable to get git ref: failed to identify reference (tag/branch) for the checked-out revision '0bce500d0dac1249723e6ce972f9454c1b04f203'
[3fa62551-7fa9-4671-917a-07ac6cb0868f/build] unable to get git ref: failed to identify reference (tag/branch) for the checked-out revision '0bce500d0dac1249723e6ce972f9454c1b04f203'
[3fa62551-7fa9-4671-917a-07ac6cb0868f/build] unable to get git ref: failed to identify reference (tag/branch) for the checked-out revision '0bce500d0dac1249723e6ce972f9454c1b04f203'
[3fa62551-7fa9-4671-917a-07ac6cb0868f/build] unable to get git ref: failed to identify reference (tag/branch) for the checked-out revision '0bce500d0dac1249723e6ce972f9454c1b04f203'
[3fa62551-7fa9-4671-917a-07ac6cb0868f/build] unable to get git ref: failed to identify reference (tag/branch) for the checked-out revision '0bce500d0dac1249723e6ce972f9454c1b04f203'
[3fa62551-7fa9-4671-917a-07ac6cb0868f/build] ‚≠ê Run Main Build with Gradle
[3fa62551-7fa9-4671-917a-07ac6cb0868f/build] unable to get git ref: failed to identify reference (tag/branch) for the checked-out revision '0bce500d0dac1249723e6ce972f9454c1b04f203'
[3fa62551-7fa9-4671-917a-07ac6cb0868f/build] unable to get git ref: failed to identify reference (tag/branch) for the checked-out revision '0bce500d0dac1249723e6ce972f9454c1b04f203'
[3fa62551-7fa9-4671-917a-07ac6cb0868f/build] unable to get git ref: failed to identify reference (tag/branch) for the checked-out revision '0bce500d0dac1249723e6ce972f9454c1b04f203'
[3fa62551-7fa9-4671-917a-07ac6cb0868f/build] unable to get git ref: failed to identify reference (tag/branch) for the checked-out revision '0bce500d0dac1249723e6ce972f9454c1b04f203'
[3fa62551-7fa9-4671-917a-07ac6cb0868f/build]   üê≥  docker exec cmd=[bash --noprofile --norc -e -o pipefail /var/run/act/workflow/3] user= workdir=
[3fa62551-7fa9-4671-917a-07ac6cb0868f/build]   | Downloading https://services.gradle.org/distributions/gradle-7.4.2-bin.zip
[3fa62551-7fa9-4671-917a-07ac6cb0868f/build]   | ...........10%...........20%...........30%...........40%...........50%...........60%...........70%...........80%...........90%...........100%
[3fa62551-7fa9-4671-917a-07ac6cb0868f/build]   | 
[3fa62551-7fa9-4671-917a-07ac6cb0868f/build]   | Welcome to Gradle 7.4.2!
[3fa62551-7fa9-4671-917a-07ac6cb0868f/build]   | 
[3fa62551-7fa9-4671-917a-07ac6cb0868f/build]   | Here are the highlights of this release:
[3fa62551-7fa9-4671-917a-07ac6cb0868f/build]   |  - Aggregated test and JaCoCo reports
[3fa62551-7fa9-4671-917a-07ac6cb0868f/build]   |  - Marking additional test source directories as tests in IntelliJ
[3fa62551-7fa9-4671-917a-07ac6cb0868f/build]   |  - Support for Adoptium JDKs in Java toolchains
[3fa62551-7fa9-4671-917a-07ac6cb0868f/build]   | 
[3fa62551-7fa9-4671-917a-07ac6cb0868f/build]   | For more details see https://docs.gradle.org/7.4.2/release-notes.html
[3fa62551-7fa9-4671-917a-07ac6cb0868f/build]   | 
[3fa62551-7fa9-4671-917a-07ac6cb0868f/build]   | Starting a Gradle Daemon (subsequent builds will be faster)
[3fa62551-7fa9-4671-917a-07ac6cb0868f/build]   | 
[3fa62551-7fa9-4671-917a-07ac6cb0868f/build]   | > Task :compileJava
[3fa62551-7fa9-4671-917a-07ac6cb0868f/build]   | Note: /tmp/3b066108-df10-4689-877e-e19fca2011c7/src/main/java/net/javadiscord/javabot/Bot.java uses unchecked or unsafe operations.
[3fa62551-7fa9-4671-917a-07ac6cb0868f/build]   | Note: Recompile with -Xlint:unchecked for details.
[3fa62551-7fa9-4671-917a-07ac6cb0868f/build]   | 
[3fa62551-7fa9-4671-917a-07ac6cb0868f/build]   | > Task :processResources
[3fa62551-7fa9-4671-917a-07ac6cb0868f/build]   | > Task :classes
[3fa62551-7fa9-4671-917a-07ac6cb0868f/build]   | > Task :bootJarMainClassName
[3fa62551-7fa9-4671-917a-07ac6cb0868f/build]   | > Task :bootJar
[3fa62551-7fa9-4671-917a-07ac6cb0868f/build]   | > Task :jar
[3fa62551-7fa9-4671-917a-07ac6cb0868f/build]   | > Task :assemble
[3fa62551-7fa9-4671-917a-07ac6cb0868f/build]   | > Task :checkstyleMain
[3fa62551-7fa9-4671-917a-07ac6cb0868f/build]   | > Task :compileTestJava
[3fa62551-7fa9-4671-917a-07ac6cb0868f/build]   | > Task :processTestResources
[3fa62551-7fa9-4671-917a-07ac6cb0868f/build]   | > Task :testClasses
[3fa62551-7fa9-4671-917a-07ac6cb0868f/build]   | > Task :checkstyleTest
[3fa62551-7fa9-4671-917a-07ac6cb0868f/build]   | 
[3fa62551-7fa9-4671-917a-07ac6cb0868f/build]   | 4 tests completed, 1 failed
[3fa62551-7fa9-4671-917a-07ac6cb0868f/build]   | 
[3fa62551-7fa9-4671-917a-07ac6cb0868f/build]   | > Task :test FAILED
[3fa62551-7fa9-4671-917a-07ac6cb0868f/build]   | 
[3fa62551-7fa9-4671-917a-07ac6cb0868f/build]   | IndentationHelperTest > testFormatIndentation() FAILED
[3fa62551-7fa9-4671-917a-07ac6cb0868f/build]   |     org.opentest4j.AssertionFailedError at IndentationHelperTest.java:34
[3fa62551-7fa9-4671-917a-07ac6cb0868f/build]   | 
[3fa62551-7fa9-4671-917a-07ac6cb0868f/build]   | FAILURE: Build failed with an exception.
[3fa62551-7fa9-4671-917a-07ac6cb0868f/build]   | 
[3fa62551-7fa9-4671-917a-07ac6cb0868f/build]   | * What went wrong:
[3fa62551-7fa9-4671-917a-07ac6cb0868f/build]   | Execution failed for task ':test'.
[3fa62551-7fa9-4671-917a-07ac6cb0868f/build]   | > There were failing tests. See the report at: file:///tmp/3b066108-df10-4689-877e-e19fca2011c7/build/reports/tests/test/index.html
[3fa62551-7fa9-4671-917a-07ac6cb0868f/build]   | 
[3fa62551-7fa9-4671-917a-07ac6cb0868f/build]   | * Try:
[3fa62551-7fa9-4671-917a-07ac6cb0868f/build]   | > Run with --stacktrace option to get the stack trace.
[3fa62551-7fa9-4671-917a-07ac6cb0868f/build]   | > Run with --info or --debug option to get more log output.
[3fa62551-7fa9-4671-917a-07ac6cb0868f/build]   | > Run with --scan to get full insights.
[3fa62551-7fa9-4671-917a-07ac6cb0868f/build]   | 
[3fa62551-7fa9-4671-917a-07ac6cb0868f/build]   | * Get more help at https://help.gradle.org
[3fa62551-7fa9-4671-917a-07ac6cb0868f/build]   | 
[3fa62551-7fa9-4671-917a-07ac6cb0868f/build]   | BUILD FAILED in 1m 33s
[3fa62551-7fa9-4671-917a-07ac6cb0868f/build]   | 10 actionable tasks: 10 executed
[3fa62551-7fa9-4671-917a-07ac6cb0868f/build]   ‚ùå  Failure - Main Build with Gradle
[3fa62551-7fa9-4671-917a-07ac6cb0868f/build] exitcode '1': failure
[3fa62551-7fa9-4671-917a-07ac6cb0868f/build] unable to get git ref: failed to identify reference (tag/branch) for the checked-out revision '0bce500d0dac1249723e6ce972f9454c1b04f203'
[3fa62551-7fa9-4671-917a-07ac6cb0868f/build] unable to get git ref: failed to identify reference (tag/branch) for the checked-out revision '0bce500d0dac1249723e6ce972f9454c1b04f203'
[3fa62551-7fa9-4671-917a-07ac6cb0868f/build] unable to get git ref: failed to identify reference (tag/branch) for the checked-out revision '0bce500d0dac1249723e6ce972f9454c1b04f203'
[3fa62551-7fa9-4671-917a-07ac6cb0868f/build] unable to get git ref: failed to identify reference (tag/branch) for the checked-out revision '0bce500d0dac1249723e6ce972f9454c1b04f203'
[3fa62551-7fa9-4671-917a-07ac6cb0868f/build] unable to get git ref: failed to identify reference (tag/branch) for the checked-out revision '0bce500d0dac1249723e6ce972f9454c1b04f203'
[3fa62551-7fa9-4671-917a-07ac6cb0868f/build] unable to get git ref: failed to identify reference (tag/branch) for the checked-out revision '0bce500d0dac1249723e6ce972f9454c1b04f203'
[3fa62551-7fa9-4671-917a-07ac6cb0868f/build] unable to get git ref: failed to identify reference (tag/branch) for the checked-out revision '0bce500d0dac1249723e6ce972f9454c1b04f203'
[3fa62551-7fa9-4671-917a-07ac6cb0868f/build] unable to get git ref: failed to identify reference (tag/branch) for the checked-out revision '0bce500d0dac1249723e6ce972f9454c1b04f203'
[3fa62551-7fa9-4671-917a-07ac6cb0868f/build] unable to get git ref: failed to identify reference (tag/branch) for the checked-out revision '0bce500d0dac1249723e6ce972f9454c1b04f203'
[3fa62551-7fa9-4671-917a-07ac6cb0868f/build] unable to get git ref: failed to identify reference (tag/branch) for the checked-out revision '0bce500d0dac1249723e6ce972f9454c1b04f203'
[3fa62551-7fa9-4671-917a-07ac6cb0868f/build] ‚≠ê Run Post Set up JDK 17
[3fa62551-7fa9-4671-917a-07ac6cb0868f/build]   üê≥  docker exec cmd=[node /var/run/act/actions/actions-setup-java@v2/dist/cleanup/index.js] user= workdir=
[3fa62551-7fa9-4671-917a-07ac6cb0868f/build]   ‚úÖ  Success - Post Set up JDK 17
[3fa62551-7fa9-4671-917a-07ac6cb0868f/build] üèÅ  Job failed
[3fa62551-7fa9-4671-917a-07ac6cb0868f/build] unable to get git ref: failed to identify reference (tag/branch) for the checked-out revision '0bce500d0dac1249723e6ce972f9454c1b04f203'
