[4903171a-dbd1-44d3-abab-26c5df8f4667/build] ğŸš€  Start image=crawlergpt:latest
[4903171a-dbd1-44d3-abab-26c5df8f4667/build]   ğŸ³  docker pull image=crawlergpt:latest platform= username= forcePull=false
[4903171a-dbd1-44d3-abab-26c5df8f4667/build]   ğŸ³  docker create image=crawlergpt:latest platform= entrypoint=["tail" "-f" "/dev/null"] cmd=[]
[4903171a-dbd1-44d3-abab-26c5df8f4667/build]   ğŸ³  docker run image=crawlergpt:latest platform= entrypoint=["tail" "-f" "/dev/null"] cmd=[]
[4903171a-dbd1-44d3-abab-26c5df8f4667/build]   ğŸ³  docker exec cmd=[chown -R 1012:1013 /tmp/8447570e-a0d2-4dfd-aa71-1ca825605d1b] user=0 workdir=
[4903171a-dbd1-44d3-abab-26c5df8f4667/build] unable to get git ref: failed to identify reference (tag/branch) for the checked-out revision '09d343ac9bdc88e7d4de095c536e167808128459'
[4903171a-dbd1-44d3-abab-26c5df8f4667/build] unable to get git ref: failed to identify reference (tag/branch) for the checked-out revision '09d343ac9bdc88e7d4de095c536e167808128459'
[4903171a-dbd1-44d3-abab-26c5df8f4667/build] unable to get git ref: failed to identify reference (tag/branch) for the checked-out revision '09d343ac9bdc88e7d4de095c536e167808128459'
[4903171a-dbd1-44d3-abab-26c5df8f4667/build] unable to get git ref: failed to identify reference (tag/branch) for the checked-out revision '09d343ac9bdc88e7d4de095c536e167808128459'
[4903171a-dbd1-44d3-abab-26c5df8f4667/build] unable to get git ref: failed to identify reference (tag/branch) for the checked-out revision '09d343ac9bdc88e7d4de095c536e167808128459'
[4903171a-dbd1-44d3-abab-26c5df8f4667/build] ğŸ§ª  Matrix: map[java:8 os:ubuntu-latest]
[4903171a-dbd1-44d3-abab-26c5df8f4667/build] unable to get git ref: failed to identify reference (tag/branch) for the checked-out revision '09d343ac9bdc88e7d4de095c536e167808128459'
[4903171a-dbd1-44d3-abab-26c5df8f4667/build] unable to get git ref: failed to identify reference (tag/branch) for the checked-out revision '09d343ac9bdc88e7d4de095c536e167808128459'
[4903171a-dbd1-44d3-abab-26c5df8f4667/build] unable to get git ref: failed to identify reference (tag/branch) for the checked-out revision '09d343ac9bdc88e7d4de095c536e167808128459'
[4903171a-dbd1-44d3-abab-26c5df8f4667/build] unable to get git ref: failed to identify reference (tag/branch) for the checked-out revision '09d343ac9bdc88e7d4de095c536e167808128459'
[4903171a-dbd1-44d3-abab-26c5df8f4667/build] unable to get git ref: failed to identify reference (tag/branch) for the checked-out revision '09d343ac9bdc88e7d4de095c536e167808128459'
[4903171a-dbd1-44d3-abab-26c5df8f4667/build] unable to get git ref: failed to identify reference (tag/branch) for the checked-out revision '09d343ac9bdc88e7d4de095c536e167808128459'
[4903171a-dbd1-44d3-abab-26c5df8f4667/build] â­ Run Main Checkout the repo
[4903171a-dbd1-44d3-abab-26c5df8f4667/build] unable to get git ref: failed to identify reference (tag/branch) for the checked-out revision '09d343ac9bdc88e7d4de095c536e167808128459'
[4903171a-dbd1-44d3-abab-26c5df8f4667/build]   âœ…  Success - Main Checkout the repo
[4903171a-dbd1-44d3-abab-26c5df8f4667/build] unable to get git ref: failed to identify reference (tag/branch) for the checked-out revision '09d343ac9bdc88e7d4de095c536e167808128459'
[4903171a-dbd1-44d3-abab-26c5df8f4667/build] unable to get git ref: failed to identify reference (tag/branch) for the checked-out revision '09d343ac9bdc88e7d4de095c536e167808128459'
[4903171a-dbd1-44d3-abab-26c5df8f4667/build] unable to get git ref: failed to identify reference (tag/branch) for the checked-out revision '09d343ac9bdc88e7d4de095c536e167808128459'
[4903171a-dbd1-44d3-abab-26c5df8f4667/build] unable to get git ref: failed to identify reference (tag/branch) for the checked-out revision '09d343ac9bdc88e7d4de095c536e167808128459'
[4903171a-dbd1-44d3-abab-26c5df8f4667/build] unable to get git ref: failed to identify reference (tag/branch) for the checked-out revision '09d343ac9bdc88e7d4de095c536e167808128459'
[4903171a-dbd1-44d3-abab-26c5df8f4667/build] â­ Run Main Setup Java
[4903171a-dbd1-44d3-abab-26c5df8f4667/build] unable to get git ref: failed to identify reference (tag/branch) for the checked-out revision '09d343ac9bdc88e7d4de095c536e167808128459'
[4903171a-dbd1-44d3-abab-26c5df8f4667/build] unable to get git ref: failed to identify reference (tag/branch) for the checked-out revision '09d343ac9bdc88e7d4de095c536e167808128459'
[4903171a-dbd1-44d3-abab-26c5df8f4667/build] unable to get git ref: failed to identify reference (tag/branch) for the checked-out revision '09d343ac9bdc88e7d4de095c536e167808128459'
[4903171a-dbd1-44d3-abab-26c5df8f4667/build]   ğŸ³  docker cp src=/tmp/act-cache/4a3db368-0773-4904-b881-65fbb00ca7ea/act/actions-setup-java@v1/ dst=/var/run/act/actions/actions-setup-java@v1/
[4903171a-dbd1-44d3-abab-26c5df8f4667/build]   ğŸ³  docker exec cmd=[chown -R 1012:1013 /var/run/act/actions/actions-setup-java@v1/] user=0 workdir=
[4903171a-dbd1-44d3-abab-26c5df8f4667/build]   ğŸ³  docker exec cmd=[node /var/run/act/actions/actions-setup-java@v1/dist/setup/index.js] user= workdir=
[4903171a-dbd1-44d3-abab-26c5df8f4667/build]   ğŸ’¬  ::debug::isExplicit: 
[4903171a-dbd1-44d3-abab-26c5df8f4667/build]   ğŸ’¬  ::debug::explicit? false
[4903171a-dbd1-44d3-abab-26c5df8f4667/build]   ğŸ’¬  ::debug::evaluating 0 versions
[4903171a-dbd1-44d3-abab-26c5df8f4667/build]   ğŸ’¬  ::debug::match not found
[4903171a-dbd1-44d3-abab-26c5df8f4667/build]   ğŸ’¬  ::debug::Downloading JDK from Azul
[4903171a-dbd1-44d3-abab-26c5df8f4667/build]   ğŸ’¬  ::debug::Searching for files with extension: -linux_x64.tar.gz
[4903171a-dbd1-44d3-abab-26c5df8f4667/build]   ğŸ’¬  ::debug::Downloading https://static.azul.com/zulu/bin/zulu8.70.0.23-ca-jdk8.0.372-linux_x64.tar.gz
[4903171a-dbd1-44d3-abab-26c5df8f4667/build]   ğŸ’¬  ::debug::Downloading /tmp/9e6f1c08-d99e-4e1d-b099-f62a308a14c8
[4903171a-dbd1-44d3-abab-26c5df8f4667/build]   ğŸ’¬  ::debug::download complete
[4903171a-dbd1-44d3-abab-26c5df8f4667/build]   | [command]/usr/bin/tar --version
[4903171a-dbd1-44d3-abab-26c5df8f4667/build]   | tar (GNU tar) 1.30
[4903171a-dbd1-44d3-abab-26c5df8f4667/build]   | Copyright (C) 2017 Free Software Foundation, Inc.
[4903171a-dbd1-44d3-abab-26c5df8f4667/build]   | License GPLv3+: GNU GPL version 3 or later <https://gnu.org/licenses/gpl.html>.
[4903171a-dbd1-44d3-abab-26c5df8f4667/build]   | This is free software: you are free to change and redistribute it.
[4903171a-dbd1-44d3-abab-26c5df8f4667/build]   | There is NO WARRANTY, to the extent permitted by law.
[4903171a-dbd1-44d3-abab-26c5df8f4667/build]   | 
[4903171a-dbd1-44d3-abab-26c5df8f4667/build]   | Written by John Gilmore and Jay Fenlason.
[4903171a-dbd1-44d3-abab-26c5df8f4667/build]   | [command]/usr/bin/tar xz --warning=no-unknown-keyword -C /tmp/temp_714945054 -f /tmp/9e6f1c08-d99e-4e1d-b099-f62a308a14c8
[4903171a-dbd1-44d3-abab-26c5df8f4667/build]   ğŸ’¬  ::debug::jdk extracted to /tmp/temp_714945054/zulu8.70.0.23-ca-jdk8.0.372-linux_x64
[4903171a-dbd1-44d3-abab-26c5df8f4667/build]   ğŸ’¬  ::debug::Caching tool jdk 8.0.372 x64
[4903171a-dbd1-44d3-abab-26c5df8f4667/build]   ğŸ’¬  ::debug::source dir: /tmp/temp_714945054/zulu8.70.0.23-ca-jdk8.0.372-linux_x64
[4903171a-dbd1-44d3-abab-26c5df8f4667/build]   ğŸ’¬  ::debug::destination /opt/hostedtoolcache/jdk/8.0.372/x64
[4903171a-dbd1-44d3-abab-26c5df8f4667/build]   ğŸ’¬  ::debug::finished caching tool
[4903171a-dbd1-44d3-abab-26c5df8f4667/build]   â“ add-matcher /run/act/actions/actions-setup-java@v1/.github/java.json
[4903171a-dbd1-44d3-abab-26c5df8f4667/build]   | creating settings.xml with server-id: github; environment variables: username=$GITHUB_ACTOR, password=$GITHUB_TOKEN, and gpg-passphrase=null
[4903171a-dbd1-44d3-abab-26c5df8f4667/build]   ğŸ’¬  ::debug::created directory /home/runneradmin/.m2
[4903171a-dbd1-44d3-abab-26c5df8f4667/build]   | writing /home/runneradmin/.m2/settings.xml
[4903171a-dbd1-44d3-abab-26c5df8f4667/build]   âœ…  Success - Main Setup Java
[4903171a-dbd1-44d3-abab-26c5df8f4667/build]   âš™  ::set-env:: JAVA_HOME_8.0.372_x64=/opt/hostedtoolcache/jdk/8.0.372/x64
[4903171a-dbd1-44d3-abab-26c5df8f4667/build]   âš™  ::set-env:: JAVA_HOME=/opt/hostedtoolcache/jdk/8.0.372/x64
[4903171a-dbd1-44d3-abab-26c5df8f4667/build]   âš™  ::set-env:: JAVA_HOME_8_0_372_X64=/opt/hostedtoolcache/jdk/8.0.372/x64
[4903171a-dbd1-44d3-abab-26c5df8f4667/build]   âš™  ::set-output:: version=8.0.372
[4903171a-dbd1-44d3-abab-26c5df8f4667/build]   âš™  ::set-output:: path=/opt/hostedtoolcache/jdk/8.0.372/x64
[4903171a-dbd1-44d3-abab-26c5df8f4667/build]   âš™  ::add-path:: /opt/hostedtoolcache/jdk/8.0.372/x64/bin
[4903171a-dbd1-44d3-abab-26c5df8f4667/build] unable to get git ref: failed to identify reference (tag/branch) for the checked-out revision '09d343ac9bdc88e7d4de095c536e167808128459'
[4903171a-dbd1-44d3-abab-26c5df8f4667/build] unable to get git ref: failed to identify reference (tag/branch) for the checked-out revision '09d343ac9bdc88e7d4de095c536e167808128459'
[4903171a-dbd1-44d3-abab-26c5df8f4667/build] unable to get git ref: failed to identify reference (tag/branch) for the checked-out revision '09d343ac9bdc88e7d4de095c536e167808128459'
[4903171a-dbd1-44d3-abab-26c5df8f4667/build] unable to get git ref: failed to identify reference (tag/branch) for the checked-out revision '09d343ac9bdc88e7d4de095c536e167808128459'
[4903171a-dbd1-44d3-abab-26c5df8f4667/build] unable to get git ref: failed to identify reference (tag/branch) for the checked-out revision '09d343ac9bdc88e7d4de095c536e167808128459'
[4903171a-dbd1-44d3-abab-26c5df8f4667/build] â­ Run Main Grant execute permission for gradlew
[4903171a-dbd1-44d3-abab-26c5df8f4667/build] unable to get git ref: failed to identify reference (tag/branch) for the checked-out revision '09d343ac9bdc88e7d4de095c536e167808128459'
[4903171a-dbd1-44d3-abab-26c5df8f4667/build] unable to get git ref: failed to identify reference (tag/branch) for the checked-out revision '09d343ac9bdc88e7d4de095c536e167808128459'
[4903171a-dbd1-44d3-abab-26c5df8f4667/build] unable to get git ref: failed to identify reference (tag/branch) for the checked-out revision '09d343ac9bdc88e7d4de095c536e167808128459'
[4903171a-dbd1-44d3-abab-26c5df8f4667/build] unable to get git ref: failed to identify reference (tag/branch) for the checked-out revision '09d343ac9bdc88e7d4de095c536e167808128459'
[4903171a-dbd1-44d3-abab-26c5df8f4667/build]   ğŸ³  docker exec cmd=[bash --noprofile --norc -e -o pipefail /var/run/act/workflow/2] user= workdir=
[4903171a-dbd1-44d3-abab-26c5df8f4667/build]   âœ…  Success - Main Grant execute permission for gradlew
[4903171a-dbd1-44d3-abab-26c5df8f4667/build] unable to get git ref: failed to identify reference (tag/branch) for the checked-out revision '09d343ac9bdc88e7d4de095c536e167808128459'
[4903171a-dbd1-44d3-abab-26c5df8f4667/build] unable to get git ref: failed to identify reference (tag/branch) for the checked-out revision '09d343ac9bdc88e7d4de095c536e167808128459'
[4903171a-dbd1-44d3-abab-26c5df8f4667/build] unable to get git ref: failed to identify reference (tag/branch) for the checked-out revision '09d343ac9bdc88e7d4de095c536e167808128459'
[4903171a-dbd1-44d3-abab-26c5df8f4667/build] unable to get git ref: failed to identify reference (tag/branch) for the checked-out revision '09d343ac9bdc88e7d4de095c536e167808128459'
[4903171a-dbd1-44d3-abab-26c5df8f4667/build] unable to get git ref: failed to identify reference (tag/branch) for the checked-out revision '09d343ac9bdc88e7d4de095c536e167808128459'
[4903171a-dbd1-44d3-abab-26c5df8f4667/build] â­ Run Main Cache Gradle packages
[4903171a-dbd1-44d3-abab-26c5df8f4667/build] unable to get git ref: failed to identify reference (tag/branch) for the checked-out revision '09d343ac9bdc88e7d4de095c536e167808128459'
[4903171a-dbd1-44d3-abab-26c5df8f4667/build] unable to get git ref: failed to identify reference (tag/branch) for the checked-out revision '09d343ac9bdc88e7d4de095c536e167808128459'
[4903171a-dbd1-44d3-abab-26c5df8f4667/build] unable to get git ref: failed to identify reference (tag/branch) for the checked-out revision '09d343ac9bdc88e7d4de095c536e167808128459'
[4903171a-dbd1-44d3-abab-26c5df8f4667/build]   ğŸ³  docker cp src=/tmp/act-cache/4a3db368-0773-4904-b881-65fbb00ca7ea/act/actions-cache@v2/ dst=/var/run/act/actions/actions-cache@v2/
[4903171a-dbd1-44d3-abab-26c5df8f4667/build]   ğŸ³  docker exec cmd=[chown -R 1012:1013 /var/run/act/actions/actions-cache@v2/] user=0 workdir=
[4903171a-dbd1-44d3-abab-26c5df8f4667/build]   ğŸ³  docker exec cmd=[node /var/run/act/actions/actions-cache@v2/dist/restore/index.js] user= workdir=
[4903171a-dbd1-44d3-abab-26c5df8f4667/build]   ğŸ’¬  ::debug::Resolved Keys:
[4903171a-dbd1-44d3-abab-26c5df8f4667/build]   ğŸ’¬  ::debug::["Linux-gradle-9172f120d8b9c6a1e172770d0542005a263bdbd318a220eb07a0068f441111b5","Linux-gradle"]
[4903171a-dbd1-44d3-abab-26c5df8f4667/build]   ğŸ’¬  ::debug::Checking zstd --version
[4903171a-dbd1-44d3-abab-26c5df8f4667/build]   ğŸ’¬  ::debug::*** zstd command line interface 64-bits v1.5.0, by Yann Collet ***
[4903171a-dbd1-44d3-abab-26c5df8f4667/build]   ğŸ’¬  ::debug::getCacheEntry - Attempt 1 of 2 failed with error: Cache Service Url not found, unable to restore cache.
[4903171a-dbd1-44d3-abab-26c5df8f4667/build]   ğŸ’¬  ::debug::getCacheEntry - Attempt 2 of 2 failed with error: Cache Service Url not found, unable to restore cache.
[4903171a-dbd1-44d3-abab-26c5df8f4667/build]   | [warning]getCacheEntry failed: Cache Service Url not found, unable to restore cache.
[4903171a-dbd1-44d3-abab-26c5df8f4667/build]   âœ…  Success - Main Cache Gradle packages
[4903171a-dbd1-44d3-abab-26c5df8f4667/build]   âš™  ::set-output:: cache-hit=false
[4903171a-dbd1-44d3-abab-26c5df8f4667/build] unable to get git ref: failed to identify reference (tag/branch) for the checked-out revision '09d343ac9bdc88e7d4de095c536e167808128459'
[4903171a-dbd1-44d3-abab-26c5df8f4667/build] unable to get git ref: failed to identify reference (tag/branch) for the checked-out revision '09d343ac9bdc88e7d4de095c536e167808128459'
[4903171a-dbd1-44d3-abab-26c5df8f4667/build] unable to get git ref: failed to identify reference (tag/branch) for the checked-out revision '09d343ac9bdc88e7d4de095c536e167808128459'
[4903171a-dbd1-44d3-abab-26c5df8f4667/build] unable to get git ref: failed to identify reference (tag/branch) for the checked-out revision '09d343ac9bdc88e7d4de095c536e167808128459'
[4903171a-dbd1-44d3-abab-26c5df8f4667/build] unable to get git ref: failed to identify reference (tag/branch) for the checked-out revision '09d343ac9bdc88e7d4de095c536e167808128459'
[4903171a-dbd1-44d3-abab-26c5df8f4667/build] â­ Run Main Build with Gradle
[4903171a-dbd1-44d3-abab-26c5df8f4667/build] unable to get git ref: failed to identify reference (tag/branch) for the checked-out revision '09d343ac9bdc88e7d4de095c536e167808128459'
[4903171a-dbd1-44d3-abab-26c5df8f4667/build] unable to get git ref: failed to identify reference (tag/branch) for the checked-out revision '09d343ac9bdc88e7d4de095c536e167808128459'
[4903171a-dbd1-44d3-abab-26c5df8f4667/build] unable to get git ref: failed to identify reference (tag/branch) for the checked-out revision '09d343ac9bdc88e7d4de095c536e167808128459'
[4903171a-dbd1-44d3-abab-26c5df8f4667/build] unable to get git ref: failed to identify reference (tag/branch) for the checked-out revision '09d343ac9bdc88e7d4de095c536e167808128459'
[4903171a-dbd1-44d3-abab-26c5df8f4667/build]   ğŸ³  docker exec cmd=[bash --noprofile --norc -e -o pipefail /var/run/act/workflow/4] user= workdir=
[4903171a-dbd1-44d3-abab-26c5df8f4667/build]   | Downloading https://services.gradle.org/distributions/gradle-6.6.1-bin.zip
[4903171a-dbd1-44d3-abab-26c5df8f4667/build]   | .........10%..........20%..........30%..........40%.........50%..........60%..........70%..........80%..........90%.........100%
[4903171a-dbd1-44d3-abab-26c5df8f4667/build]   | 
[4903171a-dbd1-44d3-abab-26c5df8f4667/build]   | Welcome to Gradle 6.6.1!
[4903171a-dbd1-44d3-abab-26c5df8f4667/build]   | 
[4903171a-dbd1-44d3-abab-26c5df8f4667/build]   | Here are the highlights of this release:
[4903171a-dbd1-44d3-abab-26c5df8f4667/build]   |  - Experimental build configuration caching
[4903171a-dbd1-44d3-abab-26c5df8f4667/build]   |  - Built-in conventions for handling credentials
[4903171a-dbd1-44d3-abab-26c5df8f4667/build]   |  - Java compilation supports --release flag
[4903171a-dbd1-44d3-abab-26c5df8f4667/build]   | 
[4903171a-dbd1-44d3-abab-26c5df8f4667/build]   | For more details see https://docs.gradle.org/6.6.1/release-notes.html
[4903171a-dbd1-44d3-abab-26c5df8f4667/build]   | 
[4903171a-dbd1-44d3-abab-26c5df8f4667/build]   | Starting a Gradle Daemon (subsequent builds will be faster)
[4903171a-dbd1-44d3-abab-26c5df8f4667/build]   | 
[4903171a-dbd1-44d3-abab-26c5df8f4667/build]   | > Task :compileJava
[4903171a-dbd1-44d3-abab-26c5df8f4667/build]   | /tmp/8447570e-a0d2-4dfd-aa71-1ca825605d1b/src/main/java/com/vonage/client/auth/AuthCollection.java:69: warning: [unchecked] unchecked cast
[4903171a-dbd1-44d3-abab-26c5df8f4667/build]   |                 return (T) availableAuthMethod;
[4903171a-dbd1-44d3-abab-26c5df8f4667/build]   |                            ^
[4903171a-dbd1-44d3-abab-26c5df8f4667/build]   |   required: T
[4903171a-dbd1-44d3-abab-26c5df8f4667/build]   |   found:    AuthMethod
[4903171a-dbd1-44d3-abab-26c5df8f4667/build]   |   where T is a type-variable:
[4903171a-dbd1-44d3-abab-26c5df8f4667/build]   |     T extends AuthMethod declared in method <T>getAuth(Class<T>)
[4903171a-dbd1-44d3-abab-26c5df8f4667/build]   | Note: /tmp/8447570e-a0d2-4dfd-aa71-1ca825605d1b/src/main/java/com/vonage/client/voice/CallsFilter.java uses or overrides a deprecated API.
[4903171a-dbd1-44d3-abab-26c5df8f4667/build]   | Note: Recompile with -Xlint:deprecation for details.
[4903171a-dbd1-44d3-abab-26c5df8f4667/build]   | 1 warning
[4903171a-dbd1-44d3-abab-26c5df8f4667/build]   | 
[4903171a-dbd1-44d3-abab-26c5df8f4667/build]   | > Task :processResources NO-SOURCE
[4903171a-dbd1-44d3-abab-26c5df8f4667/build]   | > Task :classes
[4903171a-dbd1-44d3-abab-26c5df8f4667/build]   | > Task :jar
[4903171a-dbd1-44d3-abab-26c5df8f4667/build]   | 
[4903171a-dbd1-44d3-abab-26c5df8f4667/build]   | > Task :javadoc
[4903171a-dbd1-44d3-abab-26c5df8f4667/build]   | /tmp/8447570e-a0d2-4dfd-aa71-1ca825605d1b/src/main/java/com/vonage/client/voice/ncco/InputAction.java:42: warning: no @param for builder
[4903171a-dbd1-44d3-abab-26c5df8f4667/build]   |     public InputAction(Builder builder) {
[4903171a-dbd1-44d3-abab-26c5df8f4667/build]   |            ^
[4903171a-dbd1-44d3-abab-26c5df8f4667/build]   | /tmp/8447570e-a0d2-4dfd-aa71-1ca825605d1b/src/main/java/com/vonage/client/voice/ncco/RecordAction.java:46: warning: no @param for builder
[4903171a-dbd1-44d3-abab-26c5df8f4667/build]   |     public RecordAction(Builder builder) {
[4903171a-dbd1-44d3-abab-26c5df8f4667/build]   |            ^
[4903171a-dbd1-44d3-abab-26c5df8f4667/build]   | /tmp/8447570e-a0d2-4dfd-aa71-1ca825605d1b/src/main/java/com/vonage/client/sms/SmsClient.java:86: warning: no @param for request
[4903171a-dbd1-44d3-abab-26c5df8f4667/build]   |     public SearchSmsResponse searchMessages(SearchSmsRequest request) throws VonageResponseParseException, VonageClientException {
[4903171a-dbd1-44d3-abab-26c5df8f4667/build]   |                              ^
[4903171a-dbd1-44d3-abab-26c5df8f4667/build]   | /tmp/8447570e-a0d2-4dfd-aa71-1ca825605d1b/src/main/java/com/vonage/client/sms/SmsClient.java:86: warning: no @return
[4903171a-dbd1-44d3-abab-26c5df8f4667/build]   |     public SearchSmsResponse searchMessages(SearchSmsRequest request) throws VonageResponseParseException, VonageClientException {
[4903171a-dbd1-44d3-abab-26c5df8f4667/build]   |                              ^
[4903171a-dbd1-44d3-abab-26c5df8f4667/build]   | /tmp/8447570e-a0d2-4dfd-aa71-1ca825605d1b/src/main/java/com/vonage/client/sms/SmsClient.java:133: warning: no @param for request
[4903171a-dbd1-44d3-abab-26c5df8f4667/build]   |     public SearchRejectedMessagesResponse searchRejectedMessages(SearchRejectedMessagesRequest request) throws VonageResponseParseException, VonageClientException {
[4903171a-dbd1-44d3-abab-26c5df8f4667/build]   |                                           ^
[4903171a-dbd1-44d3-abab-26c5df8f4667/build]   | /tmp/8447570e-a0d2-4dfd-aa71-1ca825605d1b/src/main/java/com/vonage/client/sms/SmsClient.java:44: warning: no @param for httpWrapper
[4903171a-dbd1-44d3-abab-26c5df8f4667/build]   |     public SmsClient(HttpWrapper httpWrapper) {
[4903171a-dbd1-44d3-abab-26c5df8f4667/build]   |            ^
[4903171a-dbd1-44d3-abab-26c5df8f4667/build]   | /tmp/8447570e-a0d2-4dfd-aa71-1ca825605d1b/src/main/java/com/vonage/client/numbers/NumbersClient.java:74: warning: no @param for country
[4903171a-dbd1-44d3-abab-26c5df8f4667/build]   |     public SearchNumbersResponse searchNumbers(String country) throws VonageResponseParseException, VonageClientException {
[4903171a-dbd1-44d3-abab-26c5df8f4667/build]   |                                  ^
[4903171a-dbd1-44d3-abab-26c5df8f4667/build]   | /tmp/8447570e-a0d2-4dfd-aa71-1ca825605d1b/src/main/java/com/vonage/client/numbers/NumbersClient.java:74: warning: no @return
[4903171a-dbd1-44d3-abab-26c5df8f4667/build]   |     public SearchNumbersResponse searchNumbers(String country) throws VonageResponseParseException, VonageClientException {
[4903171a-dbd1-44d3-abab-26c5df8f4667/build]   |                                  ^
[4903171a-dbd1-44d3-abab-26c5df8f4667/build]   | /tmp/8447570e-a0d2-4dfd-aa71-1ca825605d1b/src/main/java/com/vonage/client/numbers/NumbersClient.java:84: warning: no @param for filter
[4903171a-dbd1-44d3-abab-26c5df8f4667/build]   |     public SearchNumbersResponse searchNumbers(SearchNumbersFilter filter) throws VonageResponseParseException, VonageClientException {
[4903171a-dbd1-44d3-abab-26c5df8f4667/build]   |                                  ^
[4903171a-dbd1-44d3-abab-26c5df8f4667/build]   | /tmp/8447570e-a0d2-4dfd-aa71-1ca825605d1b/src/main/java/com/vonage/client/numbers/NumbersClient.java:84: warning: no @return
[4903171a-dbd1-44d3-abab-26c5df8f4667/build]   |     public SearchNumbersResponse searchNumbers(SearchNumbersFilter filter) throws VonageResponseParseException, VonageClientException {
[4903171a-dbd1-44d3-abab-26c5df8f4667/build]   |                                  ^
[4903171a-dbd1-44d3-abab-26c5df8f4667/build]   | /tmp/8447570e-a0d2-4dfd-aa71-1ca825605d1b/src/main/java/com/vonage/client/numbers/SearchNumbersFilter.java:98: warning: no description for @param
[4903171a-dbd1-44d3-abab-26c5df8f4667/build]   |      * @param searchPattern
[4903171a-dbd1-44d3-abab-26c5df8f4667/build]   |        ^
[4903171a-dbd1-44d3-abab-26c5df8f4667/build]   | /tmp/8447570e-a0d2-4dfd-aa71-1ca825605d1b/src/main/java/com/vonage/client/numbers/SearchNumbersResponse.java:35: warning: no @return
[4903171a-dbd1-44d3-abab-26c5df8f4667/build]   |     public int getCount() {
[4903171a-dbd1-44d3-abab-26c5df8f4667/build]   |                ^
[4903171a-dbd1-44d3-abab-26c5df8f4667/build]   | /tmp/8447570e-a0d2-4dfd-aa71-1ca825605d1b/src/main/java/com/vonage/client/numbers/SearchNumbersResponse.java:42: warning: no @return
[4903171a-dbd1-44d3-abab-26c5df8f4667/build]   |     public AvailableNumber[] getNumbers() {
[4903171a-dbd1-44d3-abab-26c5df8f4667/build]   |                              ^
[4903171a-dbd1-44d3-abab-26c5df8f4667/build]   | /tmp/8447570e-a0d2-4dfd-aa71-1ca825605d1b/src/main/java/com/vonage/client/verify/Psd2Request.java:100: warning: no @param for number
[4903171a-dbd1-44d3-abab-26c5df8f4667/build]   |     public static Builder builder(String number, Double amount, String payee) {
[4903171a-dbd1-44d3-abab-26c5df8f4667/build]   |                           ^
[4903171a-dbd1-44d3-abab-26c5df8f4667/build]   | /tmp/8447570e-a0d2-4dfd-aa71-1ca825605d1b/src/main/java/com/vonage/client/verify/Psd2Request.java:100: warning: no @param for amount
[4903171a-dbd1-44d3-abab-26c5df8f4667/build]   |     public static Builder builder(String number, Double amount, String payee) {
[4903171a-dbd1-44d3-abab-26c5df8f4667/build]   |                           ^
[4903171a-dbd1-44d3-abab-26c5df8f4667/build]   | /tmp/8447570e-a0d2-4dfd-aa71-1ca825605d1b/src/main/java/com/vonage/client/verify/Psd2Request.java:100: warning: no @param for payee
[4903171a-dbd1-44d3-abab-26c5df8f4667/build]   |     public static Builder builder(String number, Double amount, String payee) {
[4903171a-dbd1-44d3-abab-26c5df8f4667/build]   |                           ^
[4903171a-dbd1-44d3-abab-26c5df8f4667/build]   | /tmp/8447570e-a0d2-4dfd-aa71-1ca825605d1b/src/main/java/com/vonage/client/verify/VerifyRequest.java:144: warning - Tag @see: can't find type(LineType) in com.vonage.client.verify.VerifyRequest.Builder
[4903171a-dbd1-44d3-abab-26c5df8f4667/build]   | /tmp/8447570e-a0d2-4dfd-aa71-1ca825605d1b/src/main/java/com/vonage/client/verify/VerifyRequest.java:189: warning - Tag @see: can't find workflow(Workflow) in com.vonage.client.verify.VerifyRequest.Builder
[4903171a-dbd1-44d3-abab-26c5df8f4667/build]   | /tmp/8447570e-a0d2-4dfd-aa71-1ca825605d1b/src/main/java/com/vonage/client/sms/messages/Message.java:153: warning: no @return
[4903171a-dbd1-44d3-abab-26c5df8f4667/build]   |     public boolean getStatusReportRequired() {
[4903171a-dbd1-44d3-abab-26c5df8f4667/build]   |                    ^
[4903171a-dbd1-44d3-abab-26c5df8f4667/build]   | /tmp/8447570e-a0d2-4dfd-aa71-1ca825605d1b/src/main/java/com/vonage/client/sms/messages/Message.java:76: warning: no @param for statusReportRequired
[4903171a-dbd1-44d3-abab-26c5df8f4667/build]   |     protected Message(final MessageType type,
[4903171a-dbd1-44d3-abab-26c5df8f4667/build]   |               ^
[4903171a-dbd1-44d3-abab-26c5df8f4667/build]   | /tmp/8447570e-a0d2-4dfd-aa71-1ca825605d1b/src/main/java/com/vonage/client/sms/messages/TextMessage.java:57: warning: no @param for unicode
[4903171a-dbd1-44d3-abab-26c5df8f4667/build]   |     public TextMessage(final String from,
[4903171a-dbd1-44d3-abab-26c5df8f4667/build]   |            ^
[4903171a-dbd1-44d3-abab-26c5df8f4667/build]   | 21 warnings
[4903171a-dbd1-44d3-abab-26c5df8f4667/build]   | 
[4903171a-dbd1-44d3-abab-26c5df8f4667/build]   | > Task :javadocJar
[4903171a-dbd1-44d3-abab-26c5df8f4667/build]   | > Task :sourcesJar
[4903171a-dbd1-44d3-abab-26c5df8f4667/build]   | > Task :signArchives SKIPPED
[4903171a-dbd1-44d3-abab-26c5df8f4667/build]   | > Task :assemble
[4903171a-dbd1-44d3-abab-26c5df8f4667/build]   | 
[4903171a-dbd1-44d3-abab-26c5df8f4667/build]   | > Task :compileTestJava
[4903171a-dbd1-44d3-abab-26c5df8f4667/build]   | Note: Some input files use or override a deprecated API.
[4903171a-dbd1-44d3-abab-26c5df8f4667/build]   | Note: Recompile with -Xlint:deprecation for details.
[4903171a-dbd1-44d3-abab-26c5df8f4667/build]   | 
[4903171a-dbd1-44d3-abab-26c5df8f4667/build]   | > Task :processTestResources
[4903171a-dbd1-44d3-abab-26c5df8f4667/build]   | > Task :testClasses
[4903171a-dbd1-44d3-abab-26c5df8f4667/build]   | 
[4903171a-dbd1-44d3-abab-26c5df8f4667/build]   | > Task :test
[4903171a-dbd1-44d3-abab-26c5df8f4667/build]   | 
[4903171a-dbd1-44d3-abab-26c5df8f4667/build]   | com.vonage.client.application.ApplicationTest > testName FAILED
[4903171a-dbd1-44d3-abab-26c5df8f4667/build]   |     org.junit.ComparisonFailure: expected:<{["name":"name"]}> but was:<{[]}>
[4903171a-dbd1-44d3-abab-26c5df8f4667/build]   |         at org.junit.Assert.assertEquals(Assert.java:115)
[4903171a-dbd1-44d3-abab-26c5df8f4667/build]   |         at org.junit.Assert.assertEquals(Assert.java:144)
[4903171a-dbd1-44d3-abab-26c5df8f4667/build]   |         at com.vonage.client.application.ApplicationTest.testName(ApplicationTest.java:42)
[4903171a-dbd1-44d3-abab-26c5df8f4667/build]   | 
[4903171a-dbd1-44d3-abab-26c5df8f4667/build]   | com.vonage.client.application.ApplicationTest > testUpdatingApplication FAILED
[4903171a-dbd1-44d3-abab-26c5df8f4667/build]   |     org.junit.ComparisonFailure: expected:<{["name":"updated"]}> but was:<{[]}>
[4903171a-dbd1-44d3-abab-26c5df8f4667/build]   |         at org.junit.Assert.assertEquals(Assert.java:115)
[4903171a-dbd1-44d3-abab-26c5df8f4667/build]   |         at org.junit.Assert.assertEquals(Assert.java:144)
[4903171a-dbd1-44d3-abab-26c5df8f4667/build]   |         at com.vonage.client.application.ApplicationTest.testUpdatingApplication(ApplicationTest.java:153)
[4903171a-dbd1-44d3-abab-26c5df8f4667/build]   | 
[4903171a-dbd1-44d3-abab-26c5df8f4667/build]   | 652 tests completed, 2 failed, 3 skipped
[4903171a-dbd1-44d3-abab-26c5df8f4667/build]   | 
[4903171a-dbd1-44d3-abab-26c5df8f4667/build]   | FAILURE: Build failed with an exception.
[4903171a-dbd1-44d3-abab-26c5df8f4667/build]   | 
[4903171a-dbd1-44d3-abab-26c5df8f4667/build]   | * What went wrong:
[4903171a-dbd1-44d3-abab-26c5df8f4667/build]   | Execution failed for task ':test'.
[4903171a-dbd1-44d3-abab-26c5df8f4667/build]   | > There were failing tests. See the report at: file:///tmp/8447570e-a0d2-4dfd-aa71-1ca825605d1b/build/reports/tests/test/index.html
[4903171a-dbd1-44d3-abab-26c5df8f4667/build]   | 
[4903171a-dbd1-44d3-abab-26c5df8f4667/build]   | * Try:
[4903171a-dbd1-44d3-abab-26c5df8f4667/build]   | Run with --stacktrace option to get the stack trace. Run with --info or --debug option to get more log output. Run with --scan to get full insights.
[4903171a-dbd1-44d3-abab-26c5df8f4667/build]   | 
[4903171a-dbd1-44d3-abab-26c5df8f4667/build]   | * Get more help at https://help.gradle.org
[4903171a-dbd1-44d3-abab-26c5df8f4667/build]   | 
[4903171a-dbd1-44d3-abab-26c5df8f4667/build]   | BUILD FAILED in 2m 18s
[4903171a-dbd1-44d3-abab-26c5df8f4667/build]   | 
[4903171a-dbd1-44d3-abab-26c5df8f4667/build]   | > Task :test FAILED
[4903171a-dbd1-44d3-abab-26c5df8f4667/build]   | 
[4903171a-dbd1-44d3-abab-26c5df8f4667/build]   | Deprecated Gradle features were used in this build, making it incompatible with Gradle 7.0.
[4903171a-dbd1-44d3-abab-26c5df8f4667/build]   | Use '--warning-mode all' to show the individual deprecation warnings.
[4903171a-dbd1-44d3-abab-26c5df8f4667/build]   | See https://docs.gradle.org/6.6.1/userguide/command_line_interface.html#sec:command_line_warnings
[4903171a-dbd1-44d3-abab-26c5df8f4667/build]   | 8 actionable tasks: 8 executed
[4903171a-dbd1-44d3-abab-26c5df8f4667/build]   âŒ  Failure - Main Build with Gradle
[4903171a-dbd1-44d3-abab-26c5df8f4667/build] exitcode '1': failure
[4903171a-dbd1-44d3-abab-26c5df8f4667/build] unable to get git ref: failed to identify reference (tag/branch) for the checked-out revision '09d343ac9bdc88e7d4de095c536e167808128459'
[4903171a-dbd1-44d3-abab-26c5df8f4667/build] unable to get git ref: failed to identify reference (tag/branch) for the checked-out revision '09d343ac9bdc88e7d4de095c536e167808128459'
[4903171a-dbd1-44d3-abab-26c5df8f4667/build] unable to get git ref: failed to identify reference (tag/branch) for the checked-out revision '09d343ac9bdc88e7d4de095c536e167808128459'
[4903171a-dbd1-44d3-abab-26c5df8f4667/build] unable to get git ref: failed to identify reference (tag/branch) for the checked-out revision '09d343ac9bdc88e7d4de095c536e167808128459'
[4903171a-dbd1-44d3-abab-26c5df8f4667/build] unable to get git ref: failed to identify reference (tag/branch) for the checked-out revision '09d343ac9bdc88e7d4de095c536e167808128459'
[4903171a-dbd1-44d3-abab-26c5df8f4667/build] unable to get git ref: failed to identify reference (tag/branch) for the checked-out revision '09d343ac9bdc88e7d4de095c536e167808128459'
[4903171a-dbd1-44d3-abab-26c5df8f4667/build] unable to get git ref: failed to identify reference (tag/branch) for the checked-out revision '09d343ac9bdc88e7d4de095c536e167808128459'
[4903171a-dbd1-44d3-abab-26c5df8f4667/build] unable to get git ref: failed to identify reference (tag/branch) for the checked-out revision '09d343ac9bdc88e7d4de095c536e167808128459'
[4903171a-dbd1-44d3-abab-26c5df8f4667/build] unable to get git ref: failed to identify reference (tag/branch) for the checked-out revision '09d343ac9bdc88e7d4de095c536e167808128459'
[4903171a-dbd1-44d3-abab-26c5df8f4667/build] unable to get git ref: failed to identify reference (tag/branch) for the checked-out revision '09d343ac9bdc88e7d4de095c536e167808128459'
[4903171a-dbd1-44d3-abab-26c5df8f4667/build] unable to get git ref: failed to identify reference (tag/branch) for the checked-out revision '09d343ac9bdc88e7d4de095c536e167808128459'
[4903171a-dbd1-44d3-abab-26c5df8f4667/build] unable to get git ref: failed to identify reference (tag/branch) for the checked-out revision '09d343ac9bdc88e7d4de095c536e167808128459'
[4903171a-dbd1-44d3-abab-26c5df8f4667/build] unable to get git ref: failed to identify reference (tag/branch) for the checked-out revision '09d343ac9bdc88e7d4de095c536e167808128459'
[4903171a-dbd1-44d3-abab-26c5df8f4667/build] unable to get git ref: failed to identify reference (tag/branch) for the checked-out revision '09d343ac9bdc88e7d4de095c536e167808128459'
[4903171a-dbd1-44d3-abab-26c5df8f4667/build] unable to get git ref: failed to identify reference (tag/branch) for the checked-out revision '09d343ac9bdc88e7d4de095c536e167808128459'
[4903171a-dbd1-44d3-abab-26c5df8f4667/build] â­ Run Post Setup Java
[4903171a-dbd1-44d3-abab-26c5df8f4667/build]   ğŸ³  docker exec cmd=[node /var/run/act/actions/actions-setup-java@v1/dist/cleanup/index.js] user= workdir=
[4903171a-dbd1-44d3-abab-26c5df8f4667/build]   âœ…  Success - Post Setup Java
[4903171a-dbd1-44d3-abab-26c5df8f4667/build] ğŸ  Job failed
[4903171a-dbd1-44d3-abab-26c5df8f4667/build] unable to get git ref: failed to identify reference (tag/branch) for the checked-out revision '09d343ac9bdc88e7d4de095c536e167808128459'
