[12574ded-9323-49e3-b352-56c057fe3b85/build] üöÄ  Start image=crawlergpt:latest
[12574ded-9323-49e3-b352-56c057fe3b85/build]   üê≥  docker pull image=crawlergpt:latest platform= username= forcePull=false
[12574ded-9323-49e3-b352-56c057fe3b85/build]   üê≥  docker create image=crawlergpt:latest platform= entrypoint=["tail" "-f" "/dev/null"] cmd=[]
[12574ded-9323-49e3-b352-56c057fe3b85/build]   üê≥  docker run image=crawlergpt:latest platform= entrypoint=["tail" "-f" "/dev/null"] cmd=[]
[12574ded-9323-49e3-b352-56c057fe3b85/build]   üê≥  docker exec cmd=[chown -R 1012:1013 /tmp/ced20e91-cf37-47be-856c-4da4ca753a49] user=0 workdir=
[12574ded-9323-49e3-b352-56c057fe3b85/build] unable to get git ref: failed to identify reference (tag/branch) for the checked-out revision 'cea0e7b3560ca9ccce02fb8e8d0eeeb100c6b5fb'
[12574ded-9323-49e3-b352-56c057fe3b85/build] unable to get git ref: failed to identify reference (tag/branch) for the checked-out revision 'cea0e7b3560ca9ccce02fb8e8d0eeeb100c6b5fb'
[12574ded-9323-49e3-b352-56c057fe3b85/build] unable to get git ref: failed to identify reference (tag/branch) for the checked-out revision 'cea0e7b3560ca9ccce02fb8e8d0eeeb100c6b5fb'
[12574ded-9323-49e3-b352-56c057fe3b85/build] unable to get git ref: failed to identify reference (tag/branch) for the checked-out revision 'cea0e7b3560ca9ccce02fb8e8d0eeeb100c6b5fb'
[12574ded-9323-49e3-b352-56c057fe3b85/build] unable to get git ref: failed to identify reference (tag/branch) for the checked-out revision 'cea0e7b3560ca9ccce02fb8e8d0eeeb100c6b5fb'
[12574ded-9323-49e3-b352-56c057fe3b85/build] unable to get git ref: failed to identify reference (tag/branch) for the checked-out revision 'cea0e7b3560ca9ccce02fb8e8d0eeeb100c6b5fb'
[12574ded-9323-49e3-b352-56c057fe3b85/build] unable to get git ref: failed to identify reference (tag/branch) for the checked-out revision 'cea0e7b3560ca9ccce02fb8e8d0eeeb100c6b5fb'
[12574ded-9323-49e3-b352-56c057fe3b85/build] unable to get git ref: failed to identify reference (tag/branch) for the checked-out revision 'cea0e7b3560ca9ccce02fb8e8d0eeeb100c6b5fb'
[12574ded-9323-49e3-b352-56c057fe3b85/build] unable to get git ref: failed to identify reference (tag/branch) for the checked-out revision 'cea0e7b3560ca9ccce02fb8e8d0eeeb100c6b5fb'
[12574ded-9323-49e3-b352-56c057fe3b85/build] ‚≠ê Run Main actions/checkout@v1
[12574ded-9323-49e3-b352-56c057fe3b85/build] unable to get git ref: failed to identify reference (tag/branch) for the checked-out revision 'cea0e7b3560ca9ccce02fb8e8d0eeeb100c6b5fb'
[12574ded-9323-49e3-b352-56c057fe3b85/build]   ‚úÖ  Success - Main actions/checkout@v1
[12574ded-9323-49e3-b352-56c057fe3b85/build] unable to get git ref: failed to identify reference (tag/branch) for the checked-out revision 'cea0e7b3560ca9ccce02fb8e8d0eeeb100c6b5fb'
[12574ded-9323-49e3-b352-56c057fe3b85/build] unable to get git ref: failed to identify reference (tag/branch) for the checked-out revision 'cea0e7b3560ca9ccce02fb8e8d0eeeb100c6b5fb'
[12574ded-9323-49e3-b352-56c057fe3b85/build] unable to get git ref: failed to identify reference (tag/branch) for the checked-out revision 'cea0e7b3560ca9ccce02fb8e8d0eeeb100c6b5fb'
[12574ded-9323-49e3-b352-56c057fe3b85/build] unable to get git ref: failed to identify reference (tag/branch) for the checked-out revision 'cea0e7b3560ca9ccce02fb8e8d0eeeb100c6b5fb'
[12574ded-9323-49e3-b352-56c057fe3b85/build] unable to get git ref: failed to identify reference (tag/branch) for the checked-out revision 'cea0e7b3560ca9ccce02fb8e8d0eeeb100c6b5fb'
[12574ded-9323-49e3-b352-56c057fe3b85/build] ‚≠ê Run Main Set up JDK
[12574ded-9323-49e3-b352-56c057fe3b85/build] unable to get git ref: failed to identify reference (tag/branch) for the checked-out revision 'cea0e7b3560ca9ccce02fb8e8d0eeeb100c6b5fb'
[12574ded-9323-49e3-b352-56c057fe3b85/build] unable to get git ref: failed to identify reference (tag/branch) for the checked-out revision 'cea0e7b3560ca9ccce02fb8e8d0eeeb100c6b5fb'
[12574ded-9323-49e3-b352-56c057fe3b85/build] unable to get git ref: failed to identify reference (tag/branch) for the checked-out revision 'cea0e7b3560ca9ccce02fb8e8d0eeeb100c6b5fb'
[12574ded-9323-49e3-b352-56c057fe3b85/build]   üê≥  docker cp src=/tmp/act-cache/f32956ce-de05-475f-86d6-3fc67b14e592/act/actions-setup-java@v1/ dst=/var/run/act/actions/actions-setup-java@v1/
[12574ded-9323-49e3-b352-56c057fe3b85/build]   üê≥  docker exec cmd=[chown -R 1012:1013 /var/run/act/actions/actions-setup-java@v1/] user=0 workdir=
[12574ded-9323-49e3-b352-56c057fe3b85/build]   üê≥  docker exec cmd=[node /var/run/act/actions/actions-setup-java@v1/dist/setup/index.js] user= workdir=
[12574ded-9323-49e3-b352-56c057fe3b85/build]   üí¨  ::debug::isExplicit: 
[12574ded-9323-49e3-b352-56c057fe3b85/build]   üí¨  ::debug::explicit? false
[12574ded-9323-49e3-b352-56c057fe3b85/build]   üí¨  ::debug::evaluating 0 versions
[12574ded-9323-49e3-b352-56c057fe3b85/build]   üí¨  ::debug::match not found
[12574ded-9323-49e3-b352-56c057fe3b85/build]   üí¨  ::debug::Downloading JDK from Azul
[12574ded-9323-49e3-b352-56c057fe3b85/build]   üí¨  ::debug::Searching for files with extension: -linux_x64.tar.gz
[12574ded-9323-49e3-b352-56c057fe3b85/build]   üí¨  ::debug::Downloading https://static.azul.com/zulu/bin/zulu11.64.19-ca-jdk11.0.19-linux_x64.tar.gz
[12574ded-9323-49e3-b352-56c057fe3b85/build]   üí¨  ::debug::Downloading /tmp/06e114cf-a71e-4887-83ae-acabd7979ca4
[12574ded-9323-49e3-b352-56c057fe3b85/build]   üí¨  ::debug::download complete
[12574ded-9323-49e3-b352-56c057fe3b85/build]   | [command]/usr/bin/tar --version
[12574ded-9323-49e3-b352-56c057fe3b85/build]   | tar (GNU tar) 1.30
[12574ded-9323-49e3-b352-56c057fe3b85/build]   | Copyright (C) 2017 Free Software Foundation, Inc.
[12574ded-9323-49e3-b352-56c057fe3b85/build]   | License GPLv3+: GNU GPL version 3 or later <https://gnu.org/licenses/gpl.html>.
[12574ded-9323-49e3-b352-56c057fe3b85/build]   | This is free software: you are free to change and redistribute it.
[12574ded-9323-49e3-b352-56c057fe3b85/build]   | There is NO WARRANTY, to the extent permitted by law.
[12574ded-9323-49e3-b352-56c057fe3b85/build]   | 
[12574ded-9323-49e3-b352-56c057fe3b85/build]   | Written by John Gilmore and Jay Fenlason.
[12574ded-9323-49e3-b352-56c057fe3b85/build]   | [command]/usr/bin/tar xz --warning=no-unknown-keyword -C /tmp/temp_1010799355 -f /tmp/06e114cf-a71e-4887-83ae-acabd7979ca4
[12574ded-9323-49e3-b352-56c057fe3b85/build]   üí¨  ::debug::jdk extracted to /tmp/temp_1010799355/zulu11.64.19-ca-jdk11.0.19-linux_x64
[12574ded-9323-49e3-b352-56c057fe3b85/build]   üí¨  ::debug::Caching tool jdk 11.0.19 x64
[12574ded-9323-49e3-b352-56c057fe3b85/build]   üí¨  ::debug::source dir: /tmp/temp_1010799355/zulu11.64.19-ca-jdk11.0.19-linux_x64
[12574ded-9323-49e3-b352-56c057fe3b85/build]   üí¨  ::debug::destination /opt/hostedtoolcache/jdk/11.0.19/x64
[12574ded-9323-49e3-b352-56c057fe3b85/build]   üí¨  ::debug::finished caching tool
[12574ded-9323-49e3-b352-56c057fe3b85/build]   ‚ùì add-matcher /run/act/actions/actions-setup-java@v1/.github/java.json
[12574ded-9323-49e3-b352-56c057fe3b85/build]   | creating settings.xml with server-id: github; environment variables: username=$GITHUB_ACTOR, password=$GITHUB_TOKEN, and gpg-passphrase=null
[12574ded-9323-49e3-b352-56c057fe3b85/build]   üí¨  ::debug::created directory /home/runneradmin/.m2
[12574ded-9323-49e3-b352-56c057fe3b85/build]   | writing /home/runneradmin/.m2/settings.xml
[12574ded-9323-49e3-b352-56c057fe3b85/build]   ‚úÖ  Success - Main Set up JDK
[12574ded-9323-49e3-b352-56c057fe3b85/build]   ‚öô  ::set-env:: JAVA_HOME_11.0.19_x64=/opt/hostedtoolcache/jdk/11.0.19/x64
[12574ded-9323-49e3-b352-56c057fe3b85/build]   ‚öô  ::set-env:: JAVA_HOME=/opt/hostedtoolcache/jdk/11.0.19/x64
[12574ded-9323-49e3-b352-56c057fe3b85/build]   ‚öô  ::set-env:: JAVA_HOME_11_0_19_X64=/opt/hostedtoolcache/jdk/11.0.19/x64
[12574ded-9323-49e3-b352-56c057fe3b85/build]   ‚öô  ::set-output:: path=/opt/hostedtoolcache/jdk/11.0.19/x64
[12574ded-9323-49e3-b352-56c057fe3b85/build]   ‚öô  ::set-output:: version=11.0.19
[12574ded-9323-49e3-b352-56c057fe3b85/build]   ‚öô  ::add-path:: /opt/hostedtoolcache/jdk/11.0.19/x64/bin
[12574ded-9323-49e3-b352-56c057fe3b85/build] unable to get git ref: failed to identify reference (tag/branch) for the checked-out revision 'cea0e7b3560ca9ccce02fb8e8d0eeeb100c6b5fb'
[12574ded-9323-49e3-b352-56c057fe3b85/build] unable to get git ref: failed to identify reference (tag/branch) for the checked-out revision 'cea0e7b3560ca9ccce02fb8e8d0eeeb100c6b5fb'
[12574ded-9323-49e3-b352-56c057fe3b85/build] unable to get git ref: failed to identify reference (tag/branch) for the checked-out revision 'cea0e7b3560ca9ccce02fb8e8d0eeeb100c6b5fb'
[12574ded-9323-49e3-b352-56c057fe3b85/build] unable to get git ref: failed to identify reference (tag/branch) for the checked-out revision 'cea0e7b3560ca9ccce02fb8e8d0eeeb100c6b5fb'
[12574ded-9323-49e3-b352-56c057fe3b85/build] unable to get git ref: failed to identify reference (tag/branch) for the checked-out revision 'cea0e7b3560ca9ccce02fb8e8d0eeeb100c6b5fb'
[12574ded-9323-49e3-b352-56c057fe3b85/build] ‚≠ê Run Main Build with Maven
[12574ded-9323-49e3-b352-56c057fe3b85/build] unable to get git ref: failed to identify reference (tag/branch) for the checked-out revision 'cea0e7b3560ca9ccce02fb8e8d0eeeb100c6b5fb'
[12574ded-9323-49e3-b352-56c057fe3b85/build] unable to get git ref: failed to identify reference (tag/branch) for the checked-out revision 'cea0e7b3560ca9ccce02fb8e8d0eeeb100c6b5fb'
[12574ded-9323-49e3-b352-56c057fe3b85/build] unable to get git ref: failed to identify reference (tag/branch) for the checked-out revision 'cea0e7b3560ca9ccce02fb8e8d0eeeb100c6b5fb'
[12574ded-9323-49e3-b352-56c057fe3b85/build] unable to get git ref: failed to identify reference (tag/branch) for the checked-out revision 'cea0e7b3560ca9ccce02fb8e8d0eeeb100c6b5fb'
[12574ded-9323-49e3-b352-56c057fe3b85/build]   üê≥  docker exec cmd=[bash --noprofile --norc -e -o pipefail /var/run/act/workflow/2] user= workdir=
[12574ded-9323-49e3-b352-56c057fe3b85/build]   | [INFO] Scanning for projects...
[12574ded-9323-49e3-b352-56c057fe3b85/build]   | [INFO] Downloading from central: https://repo.maven.apache.org/maven2/org/apache/felix/maven-bundle-plugin/5.1.1/maven-bundle-plugin-5.1.1.pom
[12574ded-9323-49e3-b352-56c057fe3b85/build]   | [INFO] Downloaded from central: https://repo.maven.apache.org/maven2/org/apache/felix/maven-bundle-plugin/5.1.1/maven-bundle-plugin-5.1.1.pom (11 kB at 22 kB/s)
[12574ded-9323-49e3-b352-56c057fe3b85/build]   | [INFO] Downloading from central: https://repo.maven.apache.org/maven2/org/apache/felix/felix-parent/6/felix-parent-6.pom
[12574ded-9323-49e3-b352-56c057fe3b85/build]   | [INFO] Downloaded from central: https://repo.maven.apache.org/maven2/org/apache/felix/felix-parent/6/felix-parent-6.pom (22 kB at 533 kB/s)
[12574ded-9323-49e3-b352-56c057fe3b85/build]   | [INFO] Downloading from central: https://repo.maven.apache.org/maven2/org/apache/apache/21/apache-21.pom
[12574ded-9323-49e3-b352-56c057fe3b85/build]   | [INFO] Downloaded from central: https://repo.maven.apache.org/maven2/org/apache/apache/21/apache-21.pom (17 kB at 285 kB/s)
[12574ded-9323-49e3-b352-56c057fe3b85/build]   | [INFO] Downloading from central: https://repo.maven.apache.org/maven2/org/osgi/org.osgi.core/6.0.0/org.osgi.core-6.0.0.pom
[12574ded-9323-49e3-b352-56c057fe3b85/build]   | [INFO] Downloaded from central: https://repo.maven.apache.org/maven2/org/osgi/org.osgi.core/6.0.0/org.osgi.core-6.0.0.pom (1.1 kB at 31 kB/s)
[12574ded-9323-49e3-b352-56c057fe3b85/build]   | [INFO] Downloading from central: https://repo.maven.apache.org/maven2/biz/aQute/bnd/biz.aQute.bndlib/5.1.1/biz.aQute.bndlib-5.1.1.pom
[12574ded-9323-49e3-b352-56c057fe3b85/build]   | [INFO] Downloaded from central: https://repo.maven.apache.org/maven2/biz/aQute/bnd/biz.aQute.bndlib/5.1.1/biz.aQute.bndlib-5.1.1.pom (4.1 kB at 159 kB/s)
[12574ded-9323-49e3-b352-56c057fe3b85/build]   | [INFO] Downloading from central: https://repo.maven.apache.org/maven2/org/slf4j/slf4j-api/1.7.25/slf4j-api-1.7.25.pom
[12574ded-9323-49e3-b352-56c057fe3b85/build]   | [INFO] Downloaded from central: https://repo.maven.apache.org/maven2/org/slf4j/slf4j-api/1.7.25/slf4j-api-1.7.25.pom (3.8 kB at 202 kB/s)
[12574ded-9323-49e3-b352-56c057fe3b85/build]   | [INFO] Downloading from central: https://repo.maven.apache.org/maven2/org/slf4j/slf4j-parent/1.7.25/slf4j-parent-1.7.25.pom
[12574ded-9323-49e3-b352-56c057fe3b85/build]   | [INFO] Downloaded from central: https://repo.maven.apache.org/maven2/org/slf4j/slf4j-parent/1.7.25/slf4j-parent-1.7.25.pom (14 kB at 520 kB/s)
[12574ded-9323-49e3-b352-56c057fe3b85/build]   | [INFO] Downloading from central: https://repo.maven.apache.org/maven2/org/apache/felix/org.apache.felix.bundlerepository/1.6.6/org.apache.felix.bundlerepository-1.6.6.pom
[12574ded-9323-49e3-b352-56c057fe3b85/build]   | [INFO] Downloaded from central: https://repo.maven.apache.org/maven2/org/apache/felix/org.apache.felix.bundlerepository/1.6.6/org.apache.felix.bundlerepository-1.6.6.pom (5.9 kB at 71 kB/s)
[12574ded-9323-49e3-b352-56c057fe3b85/build]   | [INFO] Downloading from central: https://repo.maven.apache.org/maven2/org/apache/felix/felix-parent/2.1/felix-parent-2.1.pom
[12574ded-9323-49e3-b352-56c057fe3b85/build]   | [INFO] Downloaded from central: https://repo.maven.apache.org/maven2/org/apache/felix/felix-parent/2.1/felix-parent-2.1.pom (9.7 kB at 743 kB/s)
[12574ded-9323-49e3-b352-56c057fe3b85/build]   | [INFO] Downloading from central: https://repo.maven.apache.org/maven2/org/apache/apache/9/apache-9.pom
[12574ded-9323-49e3-b352-56c057fe3b85/build]   | [INFO] Downloaded from central: https://repo.maven.apache.org/maven2/org/apache/apache/9/apache-9.pom (15 kB at 276 kB/s)
[12574ded-9323-49e3-b352-56c057fe3b85/build]   | [INFO] Downloading from central: https://repo.maven.apache.org/maven2/org/osgi/org.osgi.core/4.1.0/org.osgi.core-4.1.0.pom
[12574ded-9323-49e3-b352-56c057fe3b85/build]   | [INFO] Downloaded from central: https://repo.maven.apache.org/maven2/org/osgi/org.osgi.core/4.1.0/org.osgi.core-4.1.0.pom (193 B at 5.2 kB/s)
[12574ded-9323-49e3-b352-56c057fe3b85/build]   | [INFO] Downloading from central: https://repo.maven.apache.org/maven2/org/easymock/easymock/2.4/easymock-2.4.pom
[12574ded-9323-49e3-b352-56c057fe3b85/build]   | [INFO] Downloaded from central: https://repo.maven.apache.org/maven2/org/easymock/easymock/2.4/easymock-2.4.pom (5.3 kB at 444 kB/s)
[12574ded-9323-49e3-b352-56c057fe3b85/build]   | [INFO] Downloading from central: https://repo.maven.apache.org/maven2/org/apache/felix/org.apache.felix.utils/1.6.0/org.apache.felix.utils-1.6.0.pom
[12574ded-9323-49e3-b352-56c057fe3b85/build]   | [INFO] Downloaded from central: https://repo.maven.apache.org/maven2/org/apache/felix/org.apache.felix.utils/1.6.0/org.apache.felix.utils-1.6.0.pom (3.3 kB at 218 kB/s)
[12574ded-9323-49e3-b352-56c057fe3b85/build]   | [INFO] Downloading from central: https://repo.maven.apache.org/maven2/org/osgi/org.osgi.compendium/4.2.0/org.osgi.compendium-4.2.0.pom
[12574ded-9323-49e3-b352-56c057fe3b85/build]   | [INFO] Downloaded from central: https://repo.maven.apache.org/maven2/org/osgi/org.osgi.compendium/4.2.0/org.osgi.compendium-4.2.0.pom (463 B at 8.3 kB/s)
[12574ded-9323-49e3-b352-56c057fe3b85/build]   | [INFO] Downloading from central: https://repo.maven.apache.org/maven2/org/apache/maven/maven-core/3.3.9/maven-core-3.3.9.pom
[12574ded-9323-49e3-b352-56c057fe3b85/build]   | [INFO] Downloaded from central: https://repo.maven.apache.org/maven2/org/apache/maven/maven-core/3.3.9/maven-core-3.3.9.pom (8.3 kB at 488 kB/s)
[12574ded-9323-49e3-b352-56c057fe3b85/build]   | [INFO] Downloading from central: https://repo.maven.apache.org/maven2/org/apache/maven/maven/3.3.9/maven-3.3.9.pom
[12574ded-9323-49e3-b352-56c057fe3b85/build]   | [INFO] Downloaded from central: https://repo.maven.apache.org/maven2/org/apache/maven/maven/3.3.9/maven-3.3.9.pom (24 kB at 460 kB/s)
[12574ded-9323-49e3-b352-56c057fe3b85/build]   | [INFO] Downloading from central: https://repo.maven.apache.org/maven2/org/apache/maven/maven-parent/27/maven-parent-27.pom
[12574ded-9323-49e3-b352-56c057fe3b85/build]   | [INFO] Downloaded from central: https://repo.maven.apache.org/maven2/org/apache/maven/maven-parent/27/maven-parent-27.pom (41 kB at 1.8 MB/s)
[12574ded-9323-49e3-b352-56c057fe3b85/build]   | [INFO] Downloading from central: https://repo.maven.apache.org/maven2/org/apache/apache/17/apache-17.pom
[12574ded-9323-49e3-b352-56c057fe3b85/build]   | [INFO] Downloaded from central: https://repo.maven.apache.org/maven2/org/apache/apache/17/apache-17.pom (16 kB at 618 kB/s)
[12574ded-9323-49e3-b352-56c057fe3b85/build]   | [INFO] Downloading from central: https://repo.maven.apache.org/maven2/org/apache/maven/maven-model/3.3.9/maven-model-3.3.9.pom
[12574ded-9323-49e3-b352-56c057fe3b85/build]   | [INFO] Downloaded from central: https://repo.maven.apache.org/maven2/org/apache/maven/maven-model/3.3.9/maven-model-3.3.9.pom (4.0 kB at 96 kB/s)
[12574ded-9323-49e3-b352-56c057fe3b85/build]   | [INFO] Downloading from central: https://repo.maven.apache.org/maven2/org/codehaus/plexus/plexus-utils/3.0.22/plexus-utils-3.0.22.pom
[12574ded-9323-49e3-b352-56c057fe3b85/build]   | [INFO] Downloaded from central: https://repo.maven.apache.org/maven2/org/codehaus/plexus/plexus-utils/3.0.22/plexus-utils-3.0.22.pom (3.8 kB at 120 kB/s)
[12574ded-9323-49e3-b352-56c057fe3b85/build]   | [INFO] Downloading from central: https://repo.maven.apache.org/maven2/org/codehaus/plexus/plexus/3.3.1/plexus-3.3.1.pom
[12574ded-9323-49e3-b352-56c057fe3b85/build]   | [INFO] Downloaded from central: https://repo.maven.apache.org/maven2/org/codehaus/plexus/plexus/3.3.1/plexus-3.3.1.pom (20 kB at 353 kB/s)
[12574ded-9323-49e3-b352-56c057fe3b85/build]   | [INFO] Downloading from central: https://repo.maven.apache.org/maven2/org/sonatype/spice/spice-parent/17/spice-parent-17.pom
[12574ded-9323-49e3-b352-56c057fe3b85/build]   | [INFO] Downloaded from central: https://repo.maven.apache.org/maven2/org/sonatype/spice/spice-parent/17/spice-parent-17.pom (6.8 kB at 133 kB/s)
[12574ded-9323-49e3-b352-56c057fe3b85/build]   | [INFO] Downloading from central: https://repo.maven.apache.org/maven2/org/sonatype/forge/forge-parent/10/forge-parent-10.pom
[12574ded-9323-49e3-b352-56c057fe3b85/build]   | [INFO] Downloaded from central: https://repo.maven.apache.org/maven2/org/sonatype/forge/forge-parent/10/forge-parent-10.pom (14 kB at 191 kB/s)
[12574ded-9323-49e3-b352-56c057fe3b85/build]   | [INFO] Downloading from central: https://repo.maven.apache.org/maven2/org/apache/commons/commons-lang3/3.4/commons-lang3-3.4.pom
[12574ded-9323-49e3-b352-56c057fe3b85/build]   | [INFO] Downloaded from central: https://repo.maven.apache.org/maven2/org/apache/commons/commons-lang3/3.4/commons-lang3-3.4.pom (22 kB at 555 kB/s)
[12574ded-9323-49e3-b352-56c057fe3b85/build]   | [INFO] Downloading from central: https://repo.maven.apache.org/maven2/org/apache/commons/commons-parent/37/commons-parent-37.pom
[12574ded-9323-49e3-b352-56c057fe3b85/build]   | [INFO] Downloaded from central: https://repo.maven.apache.org/maven2/org/apache/commons/commons-parent/37/commons-parent-37.pom (63 kB at 1.1 MB/s)
[12574ded-9323-49e3-b352-56c057fe3b85/build]   | [INFO] Downloading from central: https://repo.maven.apache.org/maven2/org/apache/apache/16/apache-16.pom
[12574ded-9323-49e3-b352-56c057fe3b85/build]   | [INFO] Downloaded from central: https://repo.maven.apache.org/maven2/org/apache/apache/16/apache-16.pom (15 kB at 314 kB/s)
[12574ded-9323-49e3-b352-56c057fe3b85/build]   | [INFO] Downloading from central: https://repo.maven.apache.org/maven2/org/apache/maven/maven-settings/3.3.9/maven-settings-3.3.9.pom
[12574ded-9323-49e3-b352-56c057fe3b85/build]   | [INFO] Downloaded from central: https://repo.maven.apache.org/maven2/org/apache/maven/maven-settings/3.3.9/maven-settings-3.3.9.pom (1.8 kB at 87 kB/s)
[12574ded-9323-49e3-b352-56c057fe3b85/build]   | [INFO] Downloading from central: https://repo.maven.apache.org/maven2/org/apache/maven/maven-settings-builder/3.3.9/maven-settings-builder-3.3.9.pom
[12574ded-9323-49e3-b352-56c057fe3b85/build]   | [INFO] Downloaded from central: https://repo.maven.apache.org/maven2/org/apache/maven/maven-settings-builder/3.3.9/maven-settings-builder-3.3.9.pom (2.6 kB at 90 kB/s)
[12574ded-9323-49e3-b352-56c057fe3b85/build]   | [INFO] Downloading from central: https://repo.maven.apache.org/maven2/org/apache/maven/maven-builder-support/3.3.9/maven-builder-support-3.3.9.pom
[12574ded-9323-49e3-b352-56c057fe3b85/build]   | [INFO] Downloaded from central: https://repo.maven.apache.org/maven2/org/apache/maven/maven-builder-support/3.3.9/maven-builder-support-3.3.9.pom (1.7 kB at 17 kB/s)
[12574ded-9323-49e3-b352-56c057fe3b85/build]   | [INFO] Downloading from central: https://repo.maven.apache.org/maven2/org/codehaus/plexus/plexus-interpolation/1.21/plexus-interpolation-1.21.pom
[12574ded-9323-49e3-b352-56c057fe3b85/build]   | [INFO] Downloaded from central: https://repo.maven.apache.org/maven2/org/codehaus/plexus/plexus-interpolation/1.21/plexus-interpolation-1.21.pom (1.5 kB at 91 kB/s)
[12574ded-9323-49e3-b352-56c057fe3b85/build]   | [INFO] Downloading from central: https://repo.maven.apache.org/maven2/org/codehaus/plexus/plexus-components/1.3.1/plexus-components-1.3.1.pom
[12574ded-9323-49e3-b352-56c057fe3b85/build]   | [INFO] Downloaded from central: https://repo.maven.apache.org/maven2/org/codehaus/plexus/plexus-components/1.3.1/plexus-components-1.3.1.pom (3.1 kB at 26 kB/s)
[12574ded-9323-49e3-b352-56c057fe3b85/build]   | [INFO] Downloading from central: https://repo.maven.apache.org/maven2/org/codehaus/plexus/plexus-component-annotations/1.6/plexus-component-annotations-1.6.pom
[12574ded-9323-49e3-b352-56c057fe3b85/build]   | [INFO] Downloaded from central: https://repo.maven.apache.org/maven2/org/codehaus/plexus/plexus-component-annotations/1.6/plexus-component-annotations-1.6.pom (748 B at 14 kB/s)
[12574ded-9323-49e3-b352-56c057fe3b85/build]   | [INFO] Downloading from central: https://repo.maven.apache.org/maven2/org/codehaus/plexus/plexus-containers/1.6/plexus-containers-1.6.pom
[12574ded-9323-49e3-b352-56c057fe3b85/build]   | [INFO] Downloaded from central: https://repo.maven.apache.org/maven2/org/codehaus/plexus/plexus-containers/1.6/plexus-containers-1.6.pom (3.8 kB at 188 kB/s)
[12574ded-9323-49e3-b352-56c057fe3b85/build]   | [INFO] Downloading from central: https://repo.maven.apache.org/maven2/org/codehaus/plexus/plexus/3.3.2/plexus-3.3.2.pom
[12574ded-9323-49e3-b352-56c057fe3b85/build]   | [INFO] Downloaded from central: https://repo.maven.apache.org/maven2/org/codehaus/plexus/plexus/3.3.2/plexus-3.3.2.pom (22 kB at 615 kB/s)
[12574ded-9323-49e3-b352-56c057fe3b85/build]   | [INFO] Downloading from central: https://repo.maven.apache.org/maven2/org/sonatype/plexus/plexus-sec-dispatcher/1.3/plexus-sec-dispatcher-1.3.pom
[12574ded-9323-49e3-b352-56c057fe3b85/build]   | [INFO] Downloaded from central: https://repo.maven.apache.org/maven2/org/sonatype/plexus/plexus-sec-dispatcher/1.3/plexus-sec-dispatcher-1.3.pom (3.0 kB at 148 kB/s)
[12574ded-9323-49e3-b352-56c057fe3b85/build]   | [INFO] Downloading from central: https://repo.maven.apache.org/maven2/org/sonatype/spice/spice-parent/12/spice-parent-12.pom
[12574ded-9323-49e3-b352-56c057fe3b85/build]   | [INFO] Downloaded from central: https://repo.maven.apache.org/maven2/org/sonatype/spice/spice-parent/12/spice-parent-12.pom (6.8 kB at 680 kB/s)
[12574ded-9323-49e3-b352-56c057fe3b85/build]   | [INFO] Downloading from central: https://repo.maven.apache.org/maven2/org/sonatype/forge/forge-parent/4/forge-parent-4.pom
[12574ded-9323-49e3-b352-56c057fe3b85/build]   | [INFO] Downloaded from central: https://repo.maven.apache.org/maven2/org/sonatype/forge/forge-parent/4/forge-parent-4.pom (8.4 kB at 153 kB/s)
[12574ded-9323-49e3-b352-56c057fe3b85/build]   | [INFO] Downloading from central: https://repo.maven.apache.org/maven2/org/codehaus/plexus/plexus-utils/1.5.5/plexus-utils-1.5.5.pom
[12574ded-9323-49e3-b352-56c057fe3b85/build]   | [INFO] Downloaded from central: https://repo.maven.apache.org/maven2/org/codehaus/plexus/plexus-utils/1.5.5/plexus-utils-1.5.5.pom (5.1 kB at 368 kB/s)
[12574ded-9323-49e3-b352-56c057fe3b85/build]   | [INFO] Downloading from central: https://repo.maven.apache.org/maven2/org/codehaus/plexus/plexus/1.0.11/plexus-1.0.11.pom
[12574ded-9323-49e3-b352-56c057fe3b85/build]   | [INFO] Downloaded from central: https://repo.maven.apache.org/maven2/org/codehaus/plexus/plexus/1.0.11/plexus-1.0.11.pom (9.0 kB at 209 kB/s)
[12574ded-9323-49e3-b352-56c057fe3b85/build]   | [INFO] Downloading from central: https://repo.maven.apache.org/maven2/org/sonatype/plexus/plexus-cipher/1.4/plexus-cipher-1.4.pom
[12574ded-9323-49e3-b352-56c057fe3b85/build]   | [INFO] Downloaded from central: https://repo.maven.apache.org/maven2/org/sonatype/plexus/plexus-cipher/1.4/plexus-cipher-1.4.pom (2.1 kB at 229 kB/s)
[12574ded-9323-49e3-b352-56c057fe3b85/build]   | [INFO] Downloading from central: https://repo.maven.apache.org/maven2/org/apache/maven/maven-repository-metadata/3.3.9/maven-repository-metadata-3.3.9.pom
[12574ded-9323-49e3-b352-56c057fe3b85/build]   | [INFO] Downloaded from central: https://repo.maven.apache.org/maven2/org/apache/maven/maven-repository-metadata/3.3.9/maven-repository-metadata-3.3.9.pom (1.9 kB at 22 kB/s)
[12574ded-9323-49e3-b352-56c057fe3b85/build]   | [INFO] Downloading from central: https://repo.maven.apache.org/maven2/org/apache/maven/maven-artifact/3.3.9/maven-artifact-3.3.9.pom
[12574ded-9323-49e3-b352-56c057fe3b85/build]   | [INFO] Downloaded from central: https://repo.maven.apache.org/maven2/org/apache/maven/maven-artifact/3.3.9/maven-artifact-3.3.9.pom (2.1 kB at 63 kB/s)
[12574ded-9323-49e3-b352-56c057fe3b85/build]   | [INFO] Downloading from central: https://repo.maven.apache.org/maven2/org/apache/maven/maven-plugin-api/3.3.9/maven-plugin-api-3.3.9.pom
[12574ded-9323-49e3-b352-56c057fe3b85/build]   | [INFO] Downloaded from central: https://repo.maven.apache.org/maven2/org/apache/maven/maven-plugin-api/3.3.9/maven-plugin-api-3.3.9.pom (2.7 kB at 63 kB/s)
[12574ded-9323-49e3-b352-56c057fe3b85/build]   | [INFO] Downloading from central: https://repo.maven.apache.org/maven2/org/eclipse/sisu/org.eclipse.sisu.plexus/0.3.2/org.eclipse.sisu.plexus-0.3.2.pom
[12574ded-9323-49e3-b352-56c057fe3b85/build]   | [INFO] Downloaded from central: https://repo.maven.apache.org/maven2/org/eclipse/sisu/org.eclipse.sisu.plexus/0.3.2/org.eclipse.sisu.plexus-0.3.2.pom (4.2 kB at 463 kB/s)
[12574ded-9323-49e3-b352-56c057fe3b85/build]   | [INFO] Downloading from central: https://repo.maven.apache.org/maven2/org/eclipse/sisu/sisu-plexus/0.3.2/sisu-plexus-0.3.2.pom
[12574ded-9323-49e3-b352-56c057fe3b85/build]   | [INFO] Downloaded from central: https://repo.maven.apache.org/maven2/org/eclipse/sisu/sisu-plexus/0.3.2/sisu-plexus-0.3.2.pom (14 kB at 915 kB/s)
[12574ded-9323-49e3-b352-56c057fe3b85/build]   | [INFO] Downloading from central: https://repo.maven.apache.org/maven2/org/sonatype/oss/oss-parent/9/oss-parent-9.pom
[12574ded-9323-49e3-b352-56c057fe3b85/build]   | [INFO] Downloaded from central: https://repo.maven.apache.org/maven2/org/sonatype/oss/oss-parent/9/oss-parent-9.pom (6.6 kB at 386 kB/s)
[12574ded-9323-49e3-b352-56c057fe3b85/build]   | [INFO] Downloading from central: https://repo.maven.apache.org/maven2/javax/enterprise/cdi-api/1.0/cdi-api-1.0.pom
[12574ded-9323-49e3-b352-56c057fe3b85/build]   | [INFO] Downloaded from central: https://repo.maven.apache.org/maven2/javax/enterprise/cdi-api/1.0/cdi-api-1.0.pom (1.4 kB at 84 kB/s)
[12574ded-9323-49e3-b352-56c057fe3b85/build]   | [INFO] Downloading from central: https://repo.maven.apache.org/maven2/org/jboss/weld/weld-api-parent/1.0/weld-api-parent-1.0.pom
[12574ded-9323-49e3-b352-56c057fe3b85/build]   | [INFO] Downloaded from central: https://repo.maven.apache.org/maven2/org/jboss/weld/weld-api-parent/1.0/weld-api-parent-1.0.pom (2.4 kB at 56 kB/s)
[12574ded-9323-49e3-b352-56c057fe3b85/build]   | [INFO] Downloading from central: https://repo.maven.apache.org/maven2/org/jboss/weld/weld-api-bom/1.0/weld-api-bom-1.0.pom
[12574ded-9323-49e3-b352-56c057fe3b85/build]   | [INFO] Downloaded from central: https://repo.maven.apache.org/maven2/org/jboss/weld/weld-api-bom/1.0/weld-api-bom-1.0.pom (7.9 kB at 416 kB/s)
[12574ded-9323-49e3-b352-56c057fe3b85/build]   | [INFO] Downloading from central: https://repo.maven.apache.org/maven2/org/jboss/weld/weld-parent/6/weld-parent-6.pom
[12574ded-9323-49e3-b352-56c057fe3b85/build]   | [INFO] Downloaded from central: https://repo.maven.apache.org/maven2/org/jboss/weld/weld-parent/6/weld-parent-6.pom (21 kB at 339 kB/s)
[12574ded-9323-49e3-b352-56c057fe3b85/build]   | [INFO] Downloading from central: https://repo.maven.apache.org/maven2/javax/annotation/jsr250-api/1.0/jsr250-api-1.0.pom
[12574ded-9323-49e3-b352-56c057fe3b85/build]   | [INFO] Downloaded from central: https://repo.maven.apache.org/maven2/javax/annotation/jsr250-api/1.0/jsr250-api-1.0.pom (1.0 kB at 21 kB/s)
[12574ded-9323-49e3-b352-56c057fe3b85/build]   | [INFO] Downloading from central: https://repo.maven.apache.org/maven2/javax/inject/javax.inject/1/javax.inject-1.pom
[12574ded-9323-49e3-b352-56c057fe3b85/build]   | [INFO] Downloaded from central: https://repo.maven.apache.org/maven2/javax/inject/javax.inject/1/javax.inject-1.pom (612 B at 13 kB/s)
[12574ded-9323-49e3-b352-56c057fe3b85/build]   | [INFO] Downloading from central: https://repo.maven.apache.org/maven2/org/eclipse/sisu/org.eclipse.sisu.inject/0.3.2/org.eclipse.sisu.inject-0.3.2.pom
[12574ded-9323-49e3-b352-56c057fe3b85/build]   | [INFO] Downloaded from central: https://repo.maven.apache.org/maven2/org/eclipse/sisu/org.eclipse.sisu.inject/0.3.2/org.eclipse.sisu.inject-0.3.2.pom (2.6 kB at 219 kB/s)
[12574ded-9323-49e3-b352-56c057fe3b85/build]   | [INFO] Downloading from central: https://repo.maven.apache.org/maven2/org/eclipse/sisu/sisu-inject/0.3.2/sisu-inject-0.3.2.pom
[12574ded-9323-49e3-b352-56c057fe3b85/build]   | [INFO] Downloaded from central: https://repo.maven.apache.org/maven2/org/eclipse/sisu/sisu-inject/0.3.2/sisu-inject-0.3.2.pom (14 kB at 515 kB/s)
[12574ded-9323-49e3-b352-56c057fe3b85/build]   | [INFO] Downloading from central: https://repo.maven.apache.org/maven2/org/codehaus/plexus/plexus-component-annotations/1.5.5/plexus-component-annotations-1.5.5.pom
[12574ded-9323-49e3-b352-56c057fe3b85/build]   | [INFO] Downloaded from central: https://repo.maven.apache.org/maven2/org/codehaus/plexus/plexus-component-annotations/1.5.5/plexus-component-annotations-1.5.5.pom (815 B at 82 kB/s)
[12574ded-9323-49e3-b352-56c057fe3b85/build]   | [INFO] Downloading from central: https://repo.maven.apache.org/maven2/org/codehaus/plexus/plexus-containers/1.5.5/plexus-containers-1.5.5.pom
[12574ded-9323-49e3-b352-56c057fe3b85/build]   | [INFO] Downloaded from central: https://repo.maven.apache.org/maven2/org/codehaus/plexus/plexus-containers/1.5.5/plexus-containers-1.5.5.pom (4.2 kB at 385 kB/s)
[12574ded-9323-49e3-b352-56c057fe3b85/build]   | [INFO] Downloading from central: https://repo.maven.apache.org/maven2/org/codehaus/plexus/plexus/2.0.7/plexus-2.0.7.pom
[12574ded-9323-49e3-b352-56c057fe3b85/build]   | [INFO] Downloaded from central: https://repo.maven.apache.org/maven2/org/codehaus/plexus/plexus/2.0.7/plexus-2.0.7.pom (17 kB at 692 kB/s)
[12574ded-9323-49e3-b352-56c057fe3b85/build]   | [INFO] Downloading from central: https://repo.maven.apache.org/maven2/org/codehaus/plexus/plexus-classworlds/2.5.2/plexus-classworlds-2.5.2.pom
[12574ded-9323-49e3-b352-56c057fe3b85/build]   | [INFO] Downloaded from central: https://repo.maven.apache.org/maven2/org/codehaus/plexus/plexus-classworlds/2.5.2/plexus-classworlds-2.5.2.pom (7.3 kB at 192 kB/s)
[12574ded-9323-49e3-b352-56c057fe3b85/build]   | [INFO] Downloading from central: https://repo.maven.apache.org/maven2/org/codehaus/plexus/plexus-utils/3.0.17/plexus-utils-3.0.17.pom
[12574ded-9323-49e3-b352-56c057fe3b85/build]   | [INFO] Downloaded from central: https://repo.maven.apache.org/maven2/org/codehaus/plexus/plexus-utils/3.0.17/plexus-utils-3.0.17.pom (3.4 kB at 40 kB/s)
[12574ded-9323-49e3-b352-56c057fe3b85/build]   | [INFO] Downloading from central: https://repo.maven.apache.org/maven2/org/apache/maven/maven-model-builder/3.3.9/maven-model-builder-3.3.9.pom
[12574ded-9323-49e3-b352-56c057fe3b85/build]   | [INFO] Downloaded from central: https://repo.maven.apache.org/maven2/org/apache/maven/maven-model-builder/3.3.9/maven-model-builder-3.3.9.pom (3.1 kB at 81 kB/s)
[12574ded-9323-49e3-b352-56c057fe3b85/build]   | [INFO] Downloading from central: https://repo.maven.apache.org/maven2/com/google/guava/guava/18.0/guava-18.0.pom
[12574ded-9323-49e3-b352-56c057fe3b85/build]   | [INFO] Downloaded from central: https://repo.maven.apache.org/maven2/com/google/guava/guava/18.0/guava-18.0.pom (5.7 kB at 315 kB/s)
[12574ded-9323-49e3-b352-56c057fe3b85/build]   | [INFO] Downloading from central: https://repo.maven.apache.org/maven2/com/google/guava/guava-parent/18.0/guava-parent-18.0.pom
[12574ded-9323-49e3-b352-56c057fe3b85/build]   | [INFO] Downloaded from central: https://repo.maven.apache.org/maven2/com/google/guava/guava-parent/18.0/guava-parent-18.0.pom (7.7 kB at 137 kB/s)
[12574ded-9323-49e3-b352-56c057fe3b85/build]   | [INFO] Downloading from central: https://repo.maven.apache.org/maven2/org/sonatype/oss/oss-parent/7/oss-parent-7.pom
[12574ded-9323-49e3-b352-56c057fe3b85/build]   | [INFO] Downloaded from central: https://repo.maven.apache.org/maven2/org/sonatype/oss/oss-parent/7/oss-parent-7.pom (4.8 kB at 88 kB/s)
[12574ded-9323-49e3-b352-56c057fe3b85/build]   | [INFO] Downloading from central: https://repo.maven.apache.org/maven2/org/apache/maven/maven-aether-provider/3.3.9/maven-aether-provider-3.3.9.pom
[12574ded-9323-49e3-b352-56c057fe3b85/build]   | [INFO] Downloaded from central: https://repo.maven.apache.org/maven2/org/apache/maven/maven-aether-provider/3.3.9/maven-aether-provider-3.3.9.pom (4.0 kB at 224 kB/s)
[12574ded-9323-49e3-b352-56c057fe3b85/build]   | [INFO] Downloading from central: https://repo.maven.apache.org/maven2/org/eclipse/aether/aether-api/1.0.2.v20150114/aether-api-1.0.2.v20150114.pom
[12574ded-9323-49e3-b352-56c057fe3b85/build]   | [INFO] Downloaded from central: https://repo.maven.apache.org/maven2/org/eclipse/aether/aether-api/1.0.2.v20150114/aether-api-1.0.2.v20150114.pom (1.8 kB at 19 kB/s)
[12574ded-9323-49e3-b352-56c057fe3b85/build]   | [INFO] Downloading from central: https://repo.maven.apache.org/maven2/org/eclipse/aether/aether/1.0.2.v20150114/aether-1.0.2.v20150114.pom
[12574ded-9323-49e3-b352-56c057fe3b85/build]   | [INFO] Downloaded from central: https://repo.maven.apache.org/maven2/org/eclipse/aether/aether/1.0.2.v20150114/aether-1.0.2.v20150114.pom (29 kB at 1.1 MB/s)
[12574ded-9323-49e3-b352-56c057fe3b85/build]   | [INFO] Downloading from central: https://repo.maven.apache.org/maven2/org/eclipse/aether/aether-spi/1.0.2.v20150114/aether-spi-1.0.2.v20150114.pom
[12574ded-9323-49e3-b352-56c057fe3b85/build]   | [INFO] Downloaded from central: https://repo.maven.apache.org/maven2/org/eclipse/aether/aether-spi/1.0.2.v20150114/aether-spi-1.0.2.v20150114.pom (2.0 kB at 124 kB/s)
[12574ded-9323-49e3-b352-56c057fe3b85/build]   | [INFO] Downloading from central: https://repo.maven.apache.org/maven2/org/eclipse/aether/aether-util/1.0.2.v20150114/aether-util-1.0.2.v20150114.pom
[12574ded-9323-49e3-b352-56c057fe3b85/build]   | [INFO] Downloaded from central: https://repo.maven.apache.org/maven2/org/eclipse/aether/aether-util/1.0.2.v20150114/aether-util-1.0.2.v20150114.pom (2.1 kB at 152 kB/s)
[12574ded-9323-49e3-b352-56c057fe3b85/build]   | [INFO] Downloading from central: https://repo.maven.apache.org/maven2/org/eclipse/aether/aether-impl/1.0.2.v20150114/aether-impl-1.0.2.v20150114.pom
[12574ded-9323-49e3-b352-56c057fe3b85/build]   | [INFO] Downloaded from central: https://repo.maven.apache.org/maven2/org/eclipse/aether/aether-impl/1.0.2.v20150114/aether-impl-1.0.2.v20150114.pom (3.4 kB at 224 kB/s)
[12574ded-9323-49e3-b352-56c057fe3b85/build]   | [INFO] Downloading from central: https://repo.maven.apache.org/maven2/com/google/inject/guice/4.0/guice-4.0.pom
[12574ded-9323-49e3-b352-56c057fe3b85/build]   | [INFO] Downloaded from central: https://repo.maven.apache.org/maven2/com/google/inject/guice/4.0/guice-4.0.pom (11 kB at 967 kB/s)
[12574ded-9323-49e3-b352-56c057fe3b85/build]   | [INFO] Downloading from central: https://repo.maven.apache.org/maven2/com/google/inject/guice-parent/4.0/guice-parent-4.0.pom
[12574ded-9323-49e3-b352-56c057fe3b85/build]   | [INFO] Downloaded from central: https://repo.maven.apache.org/maven2/com/google/inject/guice-parent/4.0/guice-parent-4.0.pom (15 kB at 911 kB/s)
[12574ded-9323-49e3-b352-56c057fe3b85/build]   | [INFO] Downloading from central: https://repo.maven.apache.org/maven2/com/google/google/5/google-5.pom
[12574ded-9323-49e3-b352-56c057fe3b85/build]   | [INFO] Downloaded from central: https://repo.maven.apache.org/maven2/com/google/google/5/google-5.pom (2.5 kB at 145 kB/s)
[12574ded-9323-49e3-b352-56c057fe3b85/build]   | [INFO] Downloading from central: https://repo.maven.apache.org/maven2/aopalliance/aopalliance/1.0/aopalliance-1.0.pom
[12574ded-9323-49e3-b352-56c057fe3b85/build]   | [INFO] Downloaded from central: https://repo.maven.apache.org/maven2/aopalliance/aopalliance/1.0/aopalliance-1.0.pom (363 B at 15 kB/s)
[12574ded-9323-49e3-b352-56c057fe3b85/build]   | [INFO] Downloading from central: https://repo.maven.apache.org/maven2/com/google/guava/guava/16.0.1/guava-16.0.1.pom
[12574ded-9323-49e3-b352-56c057fe3b85/build]   | [INFO] Downloaded from central: https://repo.maven.apache.org/maven2/com/google/guava/guava/16.0.1/guava-16.0.1.pom (6.1 kB at 127 kB/s)
[12574ded-9323-49e3-b352-56c057fe3b85/build]   | [INFO] Downloading from central: https://repo.maven.apache.org/maven2/com/google/guava/guava-parent/16.0.1/guava-parent-16.0.1.pom
[12574ded-9323-49e3-b352-56c057fe3b85/build]   | [INFO] Downloaded from central: https://repo.maven.apache.org/maven2/com/google/guava/guava-parent/16.0.1/guava-parent-16.0.1.pom (7.3 kB at 138 kB/s)
[12574ded-9323-49e3-b352-56c057fe3b85/build]   | [INFO] Downloading from central: https://repo.maven.apache.org/maven2/org/apache/maven/maven-compat/3.3.9/maven-compat-3.3.9.pom
[12574ded-9323-49e3-b352-56c057fe3b85/build]   | [INFO] Downloaded from central: https://repo.maven.apache.org/maven2/org/apache/maven/maven-compat/3.3.9/maven-compat-3.3.9.pom (3.8 kB at 82 kB/s)
[12574ded-9323-49e3-b352-56c057fe3b85/build]   | [INFO] Downloading from central: https://repo.maven.apache.org/maven2/org/apache/maven/wagon/wagon-provider-api/2.10/wagon-provider-api-2.10.pom
[12574ded-9323-49e3-b352-56c057fe3b85/build]   | [INFO] Downloaded from central: https://repo.maven.apache.org/maven2/org/apache/maven/wagon/wagon-provider-api/2.10/wagon-provider-api-2.10.pom (1.7 kB at 23 kB/s)
[12574ded-9323-49e3-b352-56c057fe3b85/build]   | [INFO] Downloading from central: https://repo.maven.apache.org/maven2/org/apache/maven/wagon/wagon/2.10/wagon-2.10.pom
[12574ded-9323-49e3-b352-56c057fe3b85/build]   | [INFO] Downloaded from central: https://repo.maven.apache.org/maven2/org/apache/maven/wagon/wagon/2.10/wagon-2.10.pom (21 kB at 1.0 MB/s)
[12574ded-9323-49e3-b352-56c057fe3b85/build]   | [INFO] Downloading from central: https://repo.maven.apache.org/maven2/org/apache/maven/maven-parent/26/maven-parent-26.pom
[12574ded-9323-49e3-b352-56c057fe3b85/build]   | [INFO] Downloaded from central: https://repo.maven.apache.org/maven2/org/apache/maven/maven-parent/26/maven-parent-26.pom (40 kB at 1.3 MB/s)
[12574ded-9323-49e3-b352-56c057fe3b85/build]   | [INFO] Downloading from central: https://repo.maven.apache.org/maven2/org/codehaus/plexus/plexus-utils/3.0.15/plexus-utils-3.0.15.pom
[12574ded-9323-49e3-b352-56c057fe3b85/build]   | [INFO] Downloaded from central: https://repo.maven.apache.org/maven2/org/codehaus/plexus/plexus-utils/3.0.15/plexus-utils-3.0.15.pom (3.1 kB at 157 kB/s)
[12574ded-9323-49e3-b352-56c057fe3b85/build]   | [INFO] Downloading from central: https://repo.maven.apache.org/maven2/org/apache/maven/reporting/maven-reporting-api/3.0/maven-reporting-api-3.0.pom
[12574ded-9323-49e3-b352-56c057fe3b85/build]   | [INFO] Downloaded from central: https://repo.maven.apache.org/maven2/org/apache/maven/reporting/maven-reporting-api/3.0/maven-reporting-api-3.0.pom (2.4 kB at 198 kB/s)
[12574ded-9323-49e3-b352-56c057fe3b85/build]   | [INFO] Downloading from central: https://repo.maven.apache.org/maven2/org/apache/maven/shared/maven-shared-components/15/maven-shared-components-15.pom
[12574ded-9323-49e3-b352-56c057fe3b85/build]   | [INFO] Downloaded from central: https://repo.maven.apache.org/maven2/org/apache/maven/shared/maven-shared-components/15/maven-shared-components-15.pom (9.3 kB at 292 kB/s)
[12574ded-9323-49e3-b352-56c057fe3b85/build]   | [INFO] Downloading from central: https://repo.maven.apache.org/maven2/org/apache/maven/maven-parent/16/maven-parent-16.pom
[12574ded-9323-49e3-b352-56c057fe3b85/build]   | [INFO] Downloaded from central: https://repo.maven.apache.org/maven2/org/apache/maven/maven-parent/16/maven-parent-16.pom (23 kB at 862 kB/s)
[12574ded-9323-49e3-b352-56c057fe3b85/build]   | [INFO] Downloading from central: https://repo.maven.apache.org/maven2/org/apache/apache/7/apache-7.pom
[12574ded-9323-49e3-b352-56c057fe3b85/build]   | [INFO] Downloaded from central: https://repo.maven.apache.org/maven2/org/apache/apache/7/apache-7.pom (14 kB at 465 kB/s)
[12574ded-9323-49e3-b352-56c057fe3b85/build]   | [INFO] Downloading from central: https://repo.maven.apache.org/maven2/org/apache/maven/doxia/doxia-sink-api/1.0/doxia-sink-api-1.0.pom
[12574ded-9323-49e3-b352-56c057fe3b85/build]   | [INFO] Downloaded from central: https://repo.maven.apache.org/maven2/org/apache/maven/doxia/doxia-sink-api/1.0/doxia-sink-api-1.0.pom (1.4 kB at 107 kB/s)
[12574ded-9323-49e3-b352-56c057fe3b85/build]   | [INFO] Downloading from central: https://repo.maven.apache.org/maven2/org/apache/maven/doxia/doxia/1.0/doxia-1.0.pom
[12574ded-9323-49e3-b352-56c057fe3b85/build]   | [INFO] Downloaded from central: https://repo.maven.apache.org/maven2/org/apache/maven/doxia/doxia/1.0/doxia-1.0.pom (9.6 kB at 603 kB/s)
[12574ded-9323-49e3-b352-56c057fe3b85/build]   | [INFO] Downloading from central: https://repo.maven.apache.org/maven2/org/apache/maven/maven-parent/10/maven-parent-10.pom
[12574ded-9323-49e3-b352-56c057fe3b85/build]   | [INFO] Downloaded from central: https://repo.maven.apache.org/maven2/org/apache/maven/maven-parent/10/maven-parent-10.pom (32 kB at 832 kB/s)
[12574ded-9323-49e3-b352-56c057fe3b85/build]   | [INFO] Downloading from central: https://repo.maven.apache.org/maven2/org/apache/apache/4/apache-4.pom
[12574ded-9323-49e3-b352-56c057fe3b85/build]   | [INFO] Downloaded from central: https://repo.maven.apache.org/maven2/org/apache/apache/4/apache-4.pom (4.5 kB at 409 kB/s)
[12574ded-9323-49e3-b352-56c057fe3b85/build]   | [INFO] Downloading from central: https://repo.maven.apache.org/maven2/org/apache/maven/maven-archiver/3.5.0/maven-archiver-3.5.0.pom
[12574ded-9323-49e3-b352-56c057fe3b85/build]   | [INFO] Downloaded from central: https://repo.maven.apache.org/maven2/org/apache/maven/maven-archiver/3.5.0/maven-archiver-3.5.0.pom (4.5 kB at 343 kB/s)
[12574ded-9323-49e3-b352-56c057fe3b85/build]   | [INFO] Downloading from central: https://repo.maven.apache.org/maven2/org/apache/maven/shared/maven-shared-components/33/maven-shared-components-33.pom
[12574ded-9323-49e3-b352-56c057fe3b85/build]   | [INFO] Downloaded from central: https://repo.maven.apache.org/maven2/org/apache/maven/shared/maven-shared-components/33/maven-shared-components-33.pom (5.1 kB at 106 kB/s)
[12574ded-9323-49e3-b352-56c057fe3b85/build]   | [INFO] Downloading from central: https://repo.maven.apache.org/maven2/org/apache/maven/maven-parent/33/maven-parent-33.pom
[12574ded-9323-49e3-b352-56c057fe3b85/build]   | [INFO] Downloaded from central: https://repo.maven.apache.org/maven2/org/apache/maven/maven-parent/33/maven-parent-33.pom (44 kB at 1.5 MB/s)
[12574ded-9323-49e3-b352-56c057fe3b85/build]   | [INFO] Downloading from central: https://repo.maven.apache.org/maven2/org/apache/maven/maven-artifact/3.0/maven-artifact-3.0.pom
[12574ded-9323-49e3-b352-56c057fe3b85/build]   | [INFO] Downloaded from central: https://repo.maven.apache.org/maven2/org/apache/maven/maven-artifact/3.0/maven-artifact-3.0.pom (1.9 kB at 52 kB/s)
[12574ded-9323-49e3-b352-56c057fe3b85/build]   | [INFO] Downloading from central: https://repo.maven.apache.org/maven2/org/apache/maven/maven/3.0/maven-3.0.pom
[12574ded-9323-49e3-b352-56c057fe3b85/build]   | [INFO] Downloaded from central: https://repo.maven.apache.org/maven2/org/apache/maven/maven/3.0/maven-3.0.pom (22 kB at 644 kB/s)
[12574ded-9323-49e3-b352-56c057fe3b85/build]   | [INFO] Downloading from central: https://repo.maven.apache.org/maven2/org/apache/maven/maven-parent/15/maven-parent-15.pom
[12574ded-9323-49e3-b352-56c057fe3b85/build]   | [INFO] Downloaded from central: https://repo.maven.apache.org/maven2/org/apache/maven/maven-parent/15/maven-parent-15.pom (24 kB at 960 kB/s)
[12574ded-9323-49e3-b352-56c057fe3b85/build]   | [INFO] Downloading from central: https://repo.maven.apache.org/maven2/org/apache/apache/6/apache-6.pom
[12574ded-9323-49e3-b352-56c057fe3b85/build]   | [INFO] Downloaded from central: https://repo.maven.apache.org/maven2/org/apache/apache/6/apache-6.pom (13 kB at 237 kB/s)
[12574ded-9323-49e3-b352-56c057fe3b85/build]   | [INFO] Downloading from central: https://repo.maven.apache.org/maven2/org/codehaus/plexus/plexus-utils/2.0.4/plexus-utils-2.0.4.pom
[12574ded-9323-49e3-b352-56c057fe3b85/build]   | [INFO] Downloaded from central: https://repo.maven.apache.org/maven2/org/codehaus/plexus/plexus-utils/2.0.4/plexus-utils-2.0.4.pom (3.3 kB at 123 kB/s)
[12574ded-9323-49e3-b352-56c057fe3b85/build]   | [INFO] Downloading from central: https://repo.maven.apache.org/maven2/org/codehaus/plexus/plexus/2.0.6/plexus-2.0.6.pom
[12574ded-9323-49e3-b352-56c057fe3b85/build]   | [INFO] Downloaded from central: https://repo.maven.apache.org/maven2/org/codehaus/plexus/plexus/2.0.6/plexus-2.0.6.pom (17 kB at 266 kB/s)
[12574ded-9323-49e3-b352-56c057fe3b85/build]   | [INFO] Downloading from central: https://repo.maven.apache.org/maven2/org/apache/maven/maven-model/3.0/maven-model-3.0.pom
[12574ded-9323-49e3-b352-56c057fe3b85/build]   | [INFO] Downloaded from central: https://repo.maven.apache.org/maven2/org/apache/maven/maven-model/3.0/maven-model-3.0.pom (3.9 kB at 169 kB/s)
[12574ded-9323-49e3-b352-56c057fe3b85/build]   | [INFO] Downloading from central: https://repo.maven.apache.org/maven2/org/apache/maven/maven-core/3.0/maven-core-3.0.pom
[12574ded-9323-49e3-b352-56c057fe3b85/build]   | [INFO] Downloaded from central: https://repo.maven.apache.org/maven2/org/apache/maven/maven-core/3.0/maven-core-3.0.pom (6.6 kB at 88 kB/s)
[12574ded-9323-49e3-b352-56c057fe3b85/build]   | [INFO] Downloading from central: https://repo.maven.apache.org/maven2/org/apache/maven/maven-settings/3.0/maven-settings-3.0.pom
[12574ded-9323-49e3-b352-56c057fe3b85/build]   | [INFO] Downloaded from central: https://repo.maven.apache.org/maven2/org/apache/maven/maven-settings/3.0/maven-settings-3.0.pom (1.9 kB at 65 kB/s)
[12574ded-9323-49e3-b352-56c057fe3b85/build]   | [INFO] Downloading from central: https://repo.maven.apache.org/maven2/org/apache/maven/maven-settings-builder/3.0/maven-settings-builder-3.0.pom
[12574ded-9323-49e3-b352-56c057fe3b85/build]   | [INFO] Downloaded from central: https://repo.maven.apache.org/maven2/org/apache/maven/maven-settings-builder/3.0/maven-settings-builder-3.0.pom (2.2 kB at 65 kB/s)
[12574ded-9323-49e3-b352-56c057fe3b85/build]   | [INFO] Downloading from central: https://repo.maven.apache.org/maven2/org/codehaus/plexus/plexus-interpolation/1.14/plexus-interpolation-1.14.pom
[12574ded-9323-49e3-b352-56c057fe3b85/build]   | [INFO] Downloaded from central: https://repo.maven.apache.org/maven2/org/codehaus/plexus/plexus-interpolation/1.14/plexus-interpolation-1.14.pom (910 B at 21 kB/s)
[12574ded-9323-49e3-b352-56c057fe3b85/build]   | [INFO] Downloading from central: https://repo.maven.apache.org/maven2/org/codehaus/plexus/plexus-components/1.1.18/plexus-components-1.1.18.pom
[12574ded-9323-49e3-b352-56c057fe3b85/build]   | [INFO] Downloaded from central: https://repo.maven.apache.org/maven2/org/codehaus/plexus/plexus-components/1.1.18/plexus-components-1.1.18.pom (5.4 kB at 137 kB/s)
[12574ded-9323-49e3-b352-56c057fe3b85/build]   | [INFO] Downloading from central: https://repo.maven.apache.org/maven2/org/apache/maven/maven-repository-metadata/3.0/maven-repository-metadata-3.0.pom
[12574ded-9323-49e3-b352-56c057fe3b85/build]   | [INFO] Downloaded from central: https://repo.maven.apache.org/maven2/org/apache/maven/maven-repository-metadata/3.0/maven-repository-metadata-3.0.pom (1.9 kB at 57 kB/s)
[12574ded-9323-49e3-b352-56c057fe3b85/build]   | [INFO] Downloading from central: https://repo.maven.apache.org/maven2/org/apache/maven/maven-plugin-api/3.0/maven-plugin-api-3.0.pom
[12574ded-9323-49e3-b352-56c057fe3b85/build]   | [INFO] Downloaded from central: https://repo.maven.apache.org/maven2/org/apache/maven/maven-plugin-api/3.0/maven-plugin-api-3.0.pom (2.3 kB at 59 kB/s)
[12574ded-9323-49e3-b352-56c057fe3b85/build]   | [INFO] Downloading from central: https://repo.maven.apache.org/maven2/org/sonatype/sisu/sisu-inject-plexus/1.4.2/sisu-inject-plexus-1.4.2.pom
[12574ded-9323-49e3-b352-56c057fe3b85/build]   | [INFO] Downloaded from central: https://repo.maven.apache.org/maven2/org/sonatype/sisu/sisu-inject-plexus/1.4.2/sisu-inject-plexus-1.4.2.pom (5.4 kB at 107 kB/s)
[12574ded-9323-49e3-b352-56c057fe3b85/build]   | [INFO] Downloading from central: https://repo.maven.apache.org/maven2/org/sonatype/sisu/inject/guice-plexus/1.4.2/guice-plexus-1.4.2.pom
[12574ded-9323-49e3-b352-56c057fe3b85/build]   | [INFO] Downloaded from central: https://repo.maven.apache.org/maven2/org/sonatype/sisu/inject/guice-plexus/1.4.2/guice-plexus-1.4.2.pom (3.1 kB at 174 kB/s)
[12574ded-9323-49e3-b352-56c057fe3b85/build]   | [INFO] Downloading from central: https://repo.maven.apache.org/maven2/org/sonatype/sisu/inject/guice-bean/1.4.2/guice-bean-1.4.2.pom
[12574ded-9323-49e3-b352-56c057fe3b85/build]   | [INFO] Downloaded from central: https://repo.maven.apache.org/maven2/org/sonatype/sisu/inject/guice-bean/1.4.2/guice-bean-1.4.2.pom (2.6 kB at 100 kB/s)
[12574ded-9323-49e3-b352-56c057fe3b85/build]   | [INFO] Downloading from central: https://repo.maven.apache.org/maven2/org/sonatype/sisu/sisu-inject/1.4.2/sisu-inject-1.4.2.pom
[12574ded-9323-49e3-b352-56c057fe3b85/build]   | [INFO] Downloaded from central: https://repo.maven.apache.org/maven2/org/sonatype/sisu/sisu-inject/1.4.2/sisu-inject-1.4.2.pom (1.2 kB at 104 kB/s)
[12574ded-9323-49e3-b352-56c057fe3b85/build]   | [INFO] Downloading from central: https://repo.maven.apache.org/maven2/org/sonatype/sisu/sisu-parent/1.4.2/sisu-parent-1.4.2.pom
[12574ded-9323-49e3-b352-56c057fe3b85/build]   | [INFO] Downloaded from central: https://repo.maven.apache.org/maven2/org/sonatype/sisu/sisu-parent/1.4.2/sisu-parent-1.4.2.pom (7.8 kB at 370 kB/s)
[12574ded-9323-49e3-b352-56c057fe3b85/build]   | [INFO] Downloading from central: https://repo.maven.apache.org/maven2/org/sonatype/forge/forge-parent/6/forge-parent-6.pom
[12574ded-9323-49e3-b352-56c057fe3b85/build]   | [INFO] Downloaded from central: https://repo.maven.apache.org/maven2/org/sonatype/forge/forge-parent/6/forge-parent-6.pom (11 kB at 468 kB/s)
[12574ded-9323-49e3-b352-56c057fe3b85/build]   | [INFO] Downloading from central: https://repo.maven.apache.org/maven2/org/codehaus/plexus/plexus-component-annotations/1.5.4/plexus-component-annotations-1.5.4.pom
[12574ded-9323-49e3-b352-56c057fe3b85/build]   | [INFO] Downloaded from central: https://repo.maven.apache.org/maven2/org/codehaus/plexus/plexus-component-annotations/1.5.4/plexus-component-annotations-1.5.4.pom (815 B at 9.0 kB/s)
[12574ded-9323-49e3-b352-56c057fe3b85/build]   | [INFO] Downloading from central: https://repo.maven.apache.org/maven2/org/codehaus/plexus/plexus-containers/1.5.4/plexus-containers-1.5.4.pom
[12574ded-9323-49e3-b352-56c057fe3b85/build]   | [INFO] Downloaded from central: https://repo.maven.apache.org/maven2/org/codehaus/plexus/plexus-containers/1.5.4/plexus-containers-1.5.4.pom (4.2 kB at 106 kB/s)
[12574ded-9323-49e3-b352-56c057fe3b85/build]   | [INFO] Downloading from central: https://repo.maven.apache.org/maven2/org/codehaus/plexus/plexus/2.0.5/plexus-2.0.5.pom
[12574ded-9323-49e3-b352-56c057fe3b85/build]   | [INFO] Downloaded from central: https://repo.maven.apache.org/maven2/org/codehaus/plexus/plexus/2.0.5/plexus-2.0.5.pom (17 kB at 457 kB/s)
[12574ded-9323-49e3-b352-56c057fe3b85/build]   | [INFO] Downloading from central: https://repo.maven.apache.org/maven2/org/codehaus/plexus/plexus-classworlds/2.2.3/plexus-classworlds-2.2.3.pom
[12574ded-9323-49e3-b352-56c057fe3b85/build]   | [INFO] Downloaded from central: https://repo.maven.apache.org/maven2/org/codehaus/plexus/plexus-classworlds/2.2.3/plexus-classworlds-2.2.3.pom (4.0 kB at 167 kB/s)
[12574ded-9323-49e3-b352-56c057fe3b85/build]   | [INFO] Downloading from central: https://repo.maven.apache.org/maven2/org/codehaus/plexus/plexus-utils/2.0.5/plexus-utils-2.0.5.pom
[12574ded-9323-49e3-b352-56c057fe3b85/build]   | [INFO] Downloaded from central: https://repo.maven.apache.org/maven2/org/codehaus/plexus/plexus-utils/2.0.5/plexus-utils-2.0.5.pom (3.3 kB at 90 kB/s)
[12574ded-9323-49e3-b352-56c057fe3b85/build]   | [INFO] Downloading from central: https://repo.maven.apache.org/maven2/org/sonatype/sisu/sisu-inject-bean/1.4.2/sisu-inject-bean-1.4.2.pom
[12574ded-9323-49e3-b352-56c057fe3b85/build]   | [INFO] Downloaded from central: https://repo.maven.apache.org/maven2/org/sonatype/sisu/sisu-inject-bean/1.4.2/sisu-inject-bean-1.4.2.pom (5.5 kB at 21 kB/s)
[12574ded-9323-49e3-b352-56c057fe3b85/build]   | [INFO] Downloading from central: https://repo.maven.apache.org/maven2/org/sonatype/sisu/sisu-guice/2.1.7/sisu-guice-2.1.7.pom
[12574ded-9323-49e3-b352-56c057fe3b85/build]   | [INFO] Downloaded from central: https://repo.maven.apache.org/maven2/org/sonatype/sisu/sisu-guice/2.1.7/sisu-guice-2.1.7.pom (11 kB at 191 kB/s)
[12574ded-9323-49e3-b352-56c057fe3b85/build]   | [INFO] Downloading from central: https://repo.maven.apache.org/maven2/org/apache/maven/maven-model-builder/3.0/maven-model-builder-3.0.pom
[12574ded-9323-49e3-b352-56c057fe3b85/build]   | [INFO] Downloaded from central: https://repo.maven.apache.org/maven2/org/apache/maven/maven-model-builder/3.0/maven-model-builder-3.0.pom (2.2 kB at 62 kB/s)
[12574ded-9323-49e3-b352-56c057fe3b85/build]   | [INFO] Downloading from central: https://repo.maven.apache.org/maven2/org/apache/maven/maven-aether-provider/3.0/maven-aether-provider-3.0.pom
[12574ded-9323-49e3-b352-56c057fe3b85/build]   | [INFO] Downloaded from central: https://repo.maven.apache.org/maven2/org/apache/maven/maven-aether-provider/3.0/maven-aether-provider-3.0.pom (2.5 kB at 35 kB/s)
[12574ded-9323-49e3-b352-56c057fe3b85/build]   | [INFO] Downloading from central: https://repo.maven.apache.org/maven2/org/sonatype/aether/aether-api/1.7/aether-api-1.7.pom
[12574ded-9323-49e3-b352-56c057fe3b85/build]   | [INFO] Downloaded from central: https://repo.maven.apache.org/maven2/org/sonatype/aether/aether-api/1.7/aether-api-1.7.pom (1.7 kB at 93 kB/s)
[12574ded-9323-49e3-b352-56c057fe3b85/build]   | [INFO] Downloading from central: https://repo.maven.apache.org/maven2/org/sonatype/aether/aether-parent/1.7/aether-parent-1.7.pom
[12574ded-9323-49e3-b352-56c057fe3b85/build]   | [INFO] Downloaded from central: https://repo.maven.apache.org/maven2/org/sonatype/aether/aether-parent/1.7/aether-parent-1.7.pom (7.7 kB at 180 kB/s)
[12574ded-9323-49e3-b352-56c057fe3b85/build]   | [INFO] Downloading from central: https://repo.maven.apache.org/maven2/org/sonatype/aether/aether-util/1.7/aether-util-1.7.pom
[12574ded-9323-49e3-b352-56c057fe3b85/build]   | [INFO] Downloaded from central: https://repo.maven.apache.org/maven2/org/sonatype/aether/aether-util/1.7/aether-util-1.7.pom (2.1 kB at 69 kB/s)
[12574ded-9323-49e3-b352-56c057fe3b85/build]   | [INFO] Downloading from central: https://repo.maven.apache.org/maven2/org/sonatype/aether/aether-impl/1.7/aether-impl-1.7.pom
[12574ded-9323-49e3-b352-56c057fe3b85/build]   | [INFO] Downloaded from central: https://repo.maven.apache.org/maven2/org/sonatype/aether/aether-impl/1.7/aether-impl-1.7.pom (3.7 kB at 65 kB/s)
[12574ded-9323-49e3-b352-56c057fe3b85/build]   | [INFO] Downloading from central: https://repo.maven.apache.org/maven2/org/sonatype/aether/aether-spi/1.7/aether-spi-1.7.pom
[12574ded-9323-49e3-b352-56c057fe3b85/build]   | [INFO] Downloaded from central: https://repo.maven.apache.org/maven2/org/sonatype/aether/aether-spi/1.7/aether-spi-1.7.pom (1.7 kB at 70 kB/s)
[12574ded-9323-49e3-b352-56c057fe3b85/build]   | [INFO] Downloading from central: https://repo.maven.apache.org/maven2/org/apache/maven/shared/maven-shared-utils/3.2.1/maven-shared-utils-3.2.1.pom
[12574ded-9323-49e3-b352-56c057fe3b85/build]   | [INFO] Downloaded from central: https://repo.maven.apache.org/maven2/org/apache/maven/shared/maven-shared-utils/3.2.1/maven-shared-utils-3.2.1.pom (5.6 kB at 24 kB/s)
[12574ded-9323-49e3-b352-56c057fe3b85/build]   | [INFO] Downloading from central: https://repo.maven.apache.org/maven2/org/apache/maven/shared/maven-shared-components/30/maven-shared-components-30.pom
[12574ded-9323-49e3-b352-56c057fe3b85/build]   | [INFO] Downloaded from central: https://repo.maven.apache.org/maven2/org/apache/maven/shared/maven-shared-components/30/maven-shared-components-30.pom (4.6 kB at 241 kB/s)
[12574ded-9323-49e3-b352-56c057fe3b85/build]   | [INFO] Downloading from central: https://repo.maven.apache.org/maven2/org/apache/maven/maven-parent/30/maven-parent-30.pom
[12574ded-9323-49e3-b352-56c057fe3b85/build]   | [INFO] Downloaded from central: https://repo.maven.apache.org/maven2/org/apache/maven/maven-parent/30/maven-parent-30.pom (41 kB at 372 kB/s)
[12574ded-9323-49e3-b352-56c057fe3b85/build]   | [INFO] Downloading from central: https://repo.maven.apache.org/maven2/org/apache/apache/18/apache-18.pom
[12574ded-9323-49e3-b352-56c057fe3b85/build]   | [INFO] Downloaded from central: https://repo.maven.apache.org/maven2/org/apache/apache/18/apache-18.pom (16 kB at 783 kB/s)
[12574ded-9323-49e3-b352-56c057fe3b85/build]   | [INFO] Downloading from central: https://repo.maven.apache.org/maven2/commons-io/commons-io/2.5/commons-io-2.5.pom
[12574ded-9323-49e3-b352-56c057fe3b85/build]   | [INFO] Downloaded from central: https://repo.maven.apache.org/maven2/commons-io/commons-io/2.5/commons-io-2.5.pom (13 kB at 1.1 MB/s)
[12574ded-9323-49e3-b352-56c057fe3b85/build]   | [INFO] Downloading from central: https://repo.maven.apache.org/maven2/org/apache/commons/commons-parent/39/commons-parent-39.pom
[12574ded-9323-49e3-b352-56c057fe3b85/build]   | [INFO] Downloaded from central: https://repo.maven.apache.org/maven2/org/apache/commons/commons-parent/39/commons-parent-39.pom (62 kB at 1.4 MB/s)
[12574ded-9323-49e3-b352-56c057fe3b85/build]   | [INFO] Downloading from central: https://repo.maven.apache.org/maven2/org/codehaus/plexus/plexus-archiver/4.2.0/plexus-archiver-4.2.0.pom
[12574ded-9323-49e3-b352-56c057fe3b85/build]   | [INFO] Downloaded from central: https://repo.maven.apache.org/maven2/org/codehaus/plexus/plexus-archiver/4.2.0/plexus-archiver-4.2.0.pom (4.8 kB at 604 kB/s)
[12574ded-9323-49e3-b352-56c057fe3b85/build]   | [INFO] Downloading from central: https://repo.maven.apache.org/maven2/org/codehaus/plexus/plexus/5.1/plexus-5.1.pom
[12574ded-9323-49e3-b352-56c057fe3b85/build]   | [INFO] Downloaded from central: https://repo.maven.apache.org/maven2/org/codehaus/plexus/plexus/5.1/plexus-5.1.pom (23 kB at 1.0 MB/s)
[12574ded-9323-49e3-b352-56c057fe3b85/build]   | [INFO] Downloading from central: https://repo.maven.apache.org/maven2/org/codehaus/plexus/plexus-utils/3.3.0/plexus-utils-3.3.0.pom
[12574ded-9323-49e3-b352-56c057fe3b85/build]   | [INFO] Downloaded from central: https://repo.maven.apache.org/maven2/org/codehaus/plexus/plexus-utils/3.3.0/plexus-utils-3.3.0.pom (5.2 kB at 399 kB/s)
[12574ded-9323-49e3-b352-56c057fe3b85/build]   | [INFO] Downloading from central: https://repo.maven.apache.org/maven2/org/codehaus/plexus/plexus-io/3.2.0/plexus-io-3.2.0.pom
[12574ded-9323-49e3-b352-56c057fe3b85/build]   | [INFO] Downloaded from central: https://repo.maven.apache.org/maven2/org/codehaus/plexus/plexus-io/3.2.0/plexus-io-3.2.0.pom (4.5 kB at 325 kB/s)
[12574ded-9323-49e3-b352-56c057fe3b85/build]   | [INFO] Downloading from central: https://repo.maven.apache.org/maven2/commons-io/commons-io/2.6/commons-io-2.6.pom
[12574ded-9323-49e3-b352-56c057fe3b85/build]   | [INFO] Downloaded from central: https://repo.maven.apache.org/maven2/commons-io/commons-io/2.6/commons-io-2.6.pom (14 kB at 1.0 MB/s)
[12574ded-9323-49e3-b352-56c057fe3b85/build]   | [INFO] Downloading from central: https://repo.maven.apache.org/maven2/org/apache/commons/commons-parent/42/commons-parent-42.pom
[12574ded-9323-49e3-b352-56c057fe3b85/build]   | [INFO] Downloaded from central: https://repo.maven.apache.org/maven2/org/apache/commons/commons-parent/42/commons-parent-42.pom (68 kB at 1.4 MB/s)
[12574ded-9323-49e3-b352-56c057fe3b85/build]   | [INFO] Downloading from central: https://repo.maven.apache.org/maven2/org/apache/commons/commons-compress/1.19/commons-compress-1.19.pom
[12574ded-9323-49e3-b352-56c057fe3b85/build]   | [INFO] Downloaded from central: https://repo.maven.apache.org/maven2/org/apache/commons/commons-compress/1.19/commons-compress-1.19.pom (18 kB at 1.8 MB/s)
[12574ded-9323-49e3-b352-56c057fe3b85/build]   | [INFO] Downloading from central: https://repo.maven.apache.org/maven2/org/apache/commons/commons-parent/48/commons-parent-48.pom
[12574ded-9323-49e3-b352-56c057fe3b85/build]   | [INFO] Downloaded from central: https://repo.maven.apache.org/maven2/org/apache/commons/commons-parent/48/commons-parent-48.pom (72 kB at 3.3 MB/s)
[12574ded-9323-49e3-b352-56c057fe3b85/build]   | [INFO] Downloading from central: https://repo.maven.apache.org/maven2/org/iq80/snappy/snappy/0.4/snappy-0.4.pom
[12574ded-9323-49e3-b352-56c057fe3b85/build]   | [INFO] Downloaded from central: https://repo.maven.apache.org/maven2/org/iq80/snappy/snappy/0.4/snappy-0.4.pom (15 kB at 274 kB/s)
[12574ded-9323-49e3-b352-56c057fe3b85/build]   | [INFO] Downloading from central: https://repo.maven.apache.org/maven2/org/tukaani/xz/1.8/xz-1.8.pom
[12574ded-9323-49e3-b352-56c057fe3b85/build]   | [INFO] Downloaded from central: https://repo.maven.apache.org/maven2/org/tukaani/xz/1.8/xz-1.8.pom (1.9 kB at 91 kB/s)
[12574ded-9323-49e3-b352-56c057fe3b85/build]   | [INFO] Downloading from central: https://repo.maven.apache.org/maven2/org/codehaus/plexus/plexus-interpolation/1.25/plexus-interpolation-1.25.pom
[12574ded-9323-49e3-b352-56c057fe3b85/build]   | [INFO] Downloaded from central: https://repo.maven.apache.org/maven2/org/codehaus/plexus/plexus-interpolation/1.25/plexus-interpolation-1.25.pom (2.6 kB at 126 kB/s)
[12574ded-9323-49e3-b352-56c057fe3b85/build]   | [INFO] Downloading from central: https://repo.maven.apache.org/maven2/org/apache/maven/shared/maven-dependency-tree/3.0/maven-dependency-tree-3.0.pom
[12574ded-9323-49e3-b352-56c057fe3b85/build]   | [INFO] Downloaded from central: https://repo.maven.apache.org/maven2/org/apache/maven/shared/maven-dependency-tree/3.0/maven-dependency-tree-3.0.pom (7.4 kB at 614 kB/s)
[12574ded-9323-49e3-b352-56c057fe3b85/build]   | [INFO] Downloading from central: https://repo.maven.apache.org/maven2/org/apache/maven/shared/maven-shared-components/21/maven-shared-components-21.pom
[12574ded-9323-49e3-b352-56c057fe3b85/build]   | [INFO] Downloaded from central: https://repo.maven.apache.org/maven2/org/apache/maven/shared/maven-shared-components/21/maven-shared-components-21.pom (5.1 kB at 638 kB/s)
[12574ded-9323-49e3-b352-56c057fe3b85/build]   | [INFO] Downloading from central: https://repo.maven.apache.org/maven2/org/apache/maven/maven-parent/25/maven-parent-25.pom
[12574ded-9323-49e3-b352-56c057fe3b85/build]   | [INFO] Downloaded from central: https://repo.maven.apache.org/maven2/org/apache/maven/maven-parent/25/maven-parent-25.pom (37 kB at 1.6 MB/s)
[12574ded-9323-49e3-b352-56c057fe3b85/build]   | [INFO] Downloading from central: https://repo.maven.apache.org/maven2/org/apache/apache/15/apache-15.pom
[12574ded-9323-49e3-b352-56c057fe3b85/build]   | [INFO] Downloaded from central: https://repo.maven.apache.org/maven2/org/apache/apache/15/apache-15.pom (15 kB at 1.5 MB/s)
[12574ded-9323-49e3-b352-56c057fe3b85/build]   | [INFO] Downloading from central: https://repo.maven.apache.org/maven2/org/eclipse/aether/aether-util/0.9.0.M2/aether-util-0.9.0.M2.pom
[12574ded-9323-49e3-b352-56c057fe3b85/build]   | [INFO] Downloaded from central: https://repo.maven.apache.org/maven2/org/eclipse/aether/aether-util/0.9.0.M2/aether-util-0.9.0.M2.pom (2.0 kB at 145 kB/s)
[12574ded-9323-49e3-b352-56c057fe3b85/build]   | [INFO] Downloading from central: https://repo.maven.apache.org/maven2/org/eclipse/aether/aether/0.9.0.M2/aether-0.9.0.M2.pom
[12574ded-9323-49e3-b352-56c057fe3b85/build]   | [INFO] Downloaded from central: https://repo.maven.apache.org/maven2/org/eclipse/aether/aether/0.9.0.M2/aether-0.9.0.M2.pom (28 kB at 2.1 MB/s)
[12574ded-9323-49e3-b352-56c057fe3b85/build]   | [INFO] Downloading from central: https://repo.maven.apache.org/maven2/org/sonatype/plexus/plexus-build-api/0.0.7/plexus-build-api-0.0.7.pom
[12574ded-9323-49e3-b352-56c057fe3b85/build]   | [INFO] Downloaded from central: https://repo.maven.apache.org/maven2/org/sonatype/plexus/plexus-build-api/0.0.7/plexus-build-api-0.0.7.pom (3.2 kB at 214 kB/s)
[12574ded-9323-49e3-b352-56c057fe3b85/build]   | [INFO] Downloading from central: https://repo.maven.apache.org/maven2/org/sonatype/spice/spice-parent/15/spice-parent-15.pom
[12574ded-9323-49e3-b352-56c057fe3b85/build]   | [INFO] Downloaded from central: https://repo.maven.apache.org/maven2/org/sonatype/spice/spice-parent/15/spice-parent-15.pom (8.4 kB at 298 kB/s)
[12574ded-9323-49e3-b352-56c057fe3b85/build]   | [INFO] Downloading from central: https://repo.maven.apache.org/maven2/org/sonatype/forge/forge-parent/5/forge-parent-5.pom
[12574ded-9323-49e3-b352-56c057fe3b85/build]   | [INFO] Downloaded from central: https://repo.maven.apache.org/maven2/org/sonatype/forge/forge-parent/5/forge-parent-5.pom (8.4 kB at 299 kB/s)
[12574ded-9323-49e3-b352-56c057fe3b85/build]   | [INFO] Downloading from central: https://repo.maven.apache.org/maven2/org/codehaus/plexus/plexus-utils/1.5.8/plexus-utils-1.5.8.pom
[12574ded-9323-49e3-b352-56c057fe3b85/build]   | [INFO] Downloaded from central: https://repo.maven.apache.org/maven2/org/codehaus/plexus/plexus-utils/1.5.8/plexus-utils-1.5.8.pom (8.1 kB at 260 kB/s)
[12574ded-9323-49e3-b352-56c057fe3b85/build]   | [INFO] Downloading from central: https://repo.maven.apache.org/maven2/org/codehaus/plexus/plexus/2.0.2/plexus-2.0.2.pom
[12574ded-9323-49e3-b352-56c057fe3b85/build]   | [INFO] Downloaded from central: https://repo.maven.apache.org/maven2/org/codehaus/plexus/plexus/2.0.2/plexus-2.0.2.pom (12 kB at 242 kB/s)
[12574ded-9323-49e3-b352-56c057fe3b85/build]   | [INFO] Downloading from central: https://repo.maven.apache.org/maven2/org/apache/maven/doxia/doxia-site-renderer/1.0/doxia-site-renderer-1.0.pom
[12574ded-9323-49e3-b352-56c057fe3b85/build]   | [INFO] Downloaded from central: https://repo.maven.apache.org/maven2/org/apache/maven/doxia/doxia-site-renderer/1.0/doxia-site-renderer-1.0.pom (4.4 kB at 89 kB/s)
[12574ded-9323-49e3-b352-56c057fe3b85/build]   | [INFO] Downloading from central: https://repo.maven.apache.org/maven2/org/apache/maven/doxia/doxia-sitetools/1.0/doxia-sitetools-1.0.pom
[12574ded-9323-49e3-b352-56c057fe3b85/build]   | [INFO] Downloaded from central: https://repo.maven.apache.org/maven2/org/apache/maven/doxia/doxia-sitetools/1.0/doxia-sitetools-1.0.pom (9.6 kB at 639 kB/s)
[12574ded-9323-49e3-b352-56c057fe3b85/build]   | [INFO] Downloading from central: https://repo.maven.apache.org/maven2/org/apache/maven/maven-parent/11/maven-parent-11.pom
[12574ded-9323-49e3-b352-56c057fe3b85/build]   | [INFO] Downloaded from central: https://repo.maven.apache.org/maven2/org/apache/maven/maven-parent/11/maven-parent-11.pom (32 kB at 1.1 MB/s)
[12574ded-9323-49e3-b352-56c057fe3b85/build]   | [INFO] Downloading from central: https://repo.maven.apache.org/maven2/org/apache/apache/5/apache-5.pom
[12574ded-9323-49e3-b352-56c057fe3b85/build]   | [INFO] Downloaded from central: https://repo.maven.apache.org/maven2/org/apache/apache/5/apache-5.pom (4.1 kB at 195 kB/s)
[12574ded-9323-49e3-b352-56c057fe3b85/build]   | [INFO] Downloading from central: https://repo.maven.apache.org/maven2/org/apache/maven/doxia/doxia-core/1.0/doxia-core-1.0.pom
[12574ded-9323-49e3-b352-56c057fe3b85/build]   | [INFO] Downloaded from central: https://repo.maven.apache.org/maven2/org/apache/maven/doxia/doxia-core/1.0/doxia-core-1.0.pom (2.4 kB at 141 kB/s)
[12574ded-9323-49e3-b352-56c057fe3b85/build]   | [INFO] Downloading from central: https://repo.maven.apache.org/maven2/org/codehaus/plexus/plexus-utils/1.5.7/plexus-utils-1.5.7.pom
[12574ded-9323-49e3-b352-56c057fe3b85/build]   | [INFO] Downloaded from central: https://repo.maven.apache.org/maven2/org/codehaus/plexus/plexus-utils/1.5.7/plexus-utils-1.5.7.pom (8.1 kB at 197 kB/s)
[12574ded-9323-49e3-b352-56c057fe3b85/build]   | [INFO] Downloading from central: https://repo.maven.apache.org/maven2/org/codehaus/plexus/plexus-container-default/1.0-alpha-30/plexus-container-default-1.0-alpha-30.pom
[12574ded-9323-49e3-b352-56c057fe3b85/build]   | [INFO] Downloaded from central: https://repo.maven.apache.org/maven2/org/codehaus/plexus/plexus-container-default/1.0-alpha-30/plexus-container-default-1.0-alpha-30.pom (3.5 kB at 68 kB/s)
[12574ded-9323-49e3-b352-56c057fe3b85/build]   | [INFO] Downloading from central: https://repo.maven.apache.org/maven2/org/codehaus/plexus/plexus-containers/1.0-alpha-30/plexus-containers-1.0-alpha-30.pom
[12574ded-9323-49e3-b352-56c057fe3b85/build]   | [INFO] Downloaded from central: https://repo.maven.apache.org/maven2/org/codehaus/plexus/plexus-containers/1.0-alpha-30/plexus-containers-1.0-alpha-30.pom (1.9 kB at 111 kB/s)
[12574ded-9323-49e3-b352-56c057fe3b85/build]   | [INFO] Downloading from central: https://repo.maven.apache.org/maven2/org/codehaus/plexus/plexus-utils/1.4.5/plexus-utils-1.4.5.pom
[12574ded-9323-49e3-b352-56c057fe3b85/build]   | [INFO] Downloaded from central: https://repo.maven.apache.org/maven2/org/codehaus/plexus/plexus-utils/1.4.5/plexus-utils-1.4.5.pom (2.3 kB at 226 kB/s)
[12574ded-9323-49e3-b352-56c057fe3b85/build]   | [INFO] Downloading from central: https://repo.maven.apache.org/maven2/org/codehaus/plexus/plexus-classworlds/1.2-alpha-9/plexus-classworlds-1.2-alpha-9.pom
[12574ded-9323-49e3-b352-56c057fe3b85/build]   | [INFO] Downloaded from central: https://repo.maven.apache.org/maven2/org/codehaus/plexus/plexus-classworlds/1.2-alpha-9/plexus-classworlds-1.2-alpha-9.pom (3.2 kB at 358 kB/s)
[12574ded-9323-49e3-b352-56c057fe3b85/build]   | [INFO] Downloading from central: https://repo.maven.apache.org/maven2/org/codehaus/plexus/plexus/1.0.10/plexus-1.0.10.pom
[12574ded-9323-49e3-b352-56c057fe3b85/build]   | [INFO] Downloaded from central: https://repo.maven.apache.org/maven2/org/codehaus/plexus/plexus/1.0.10/plexus-1.0.10.pom (8.2 kB at 1.0 MB/s)
[12574ded-9323-49e3-b352-56c057fe3b85/build]   | [INFO] Downloading from central: https://repo.maven.apache.org/maven2/junit/junit/3.8.1/junit-3.8.1.pom
[12574ded-9323-49e3-b352-56c057fe3b85/build]   | [INFO] Downloaded from central: https://repo.maven.apache.org/maven2/junit/junit/3.8.1/junit-3.8.1.pom (998 B at 55 kB/s)
[12574ded-9323-49e3-b352-56c057fe3b85/build]   | [INFO] Downloading from central: https://repo.maven.apache.org/maven2/org/codehaus/plexus/plexus-i18n/1.0-beta-7/plexus-i18n-1.0-beta-7.pom
[12574ded-9323-49e3-b352-56c057fe3b85/build]   | [INFO] Downloaded from central: https://repo.maven.apache.org/maven2/org/codehaus/plexus/plexus-i18n/1.0-beta-7/plexus-i18n-1.0-beta-7.pom (1.1 kB at 32 kB/s)
[12574ded-9323-49e3-b352-56c057fe3b85/build]   | [INFO] Downloading from central: https://repo.maven.apache.org/maven2/org/codehaus/plexus/plexus-components/1.1.12/plexus-components-1.1.12.pom
[12574ded-9323-49e3-b352-56c057fe3b85/build]   | [INFO] Downloaded from central: https://repo.maven.apache.org/maven2/org/codehaus/plexus/plexus-components/1.1.12/plexus-components-1.1.12.pom (3.0 kB at 158 kB/s)
[12574ded-9323-49e3-b352-56c057fe3b85/build]   | [INFO] Downloading from central: https://repo.maven.apache.org/maven2/org/codehaus/plexus/plexus-utils/1.4.1/plexus-utils-1.4.1.pom
[12574ded-9323-49e3-b352-56c057fe3b85/build]   | [INFO] Downloaded from central: https://repo.maven.apache.org/maven2/org/codehaus/plexus/plexus-utils/1.4.1/plexus-utils-1.4.1.pom (1.9 kB at 174 kB/s)
[12574ded-9323-49e3-b352-56c057fe3b85/build]   | [INFO] Downloading from central: https://repo.maven.apache.org/maven2/org/codehaus/plexus/plexus-velocity/1.1.7/plexus-velocity-1.1.7.pom
[12574ded-9323-49e3-b352-56c057fe3b85/build]   | [INFO] Downloaded from central: https://repo.maven.apache.org/maven2/org/codehaus/plexus/plexus-velocity/1.1.7/plexus-velocity-1.1.7.pom (2.0 kB at 56 kB/s)
[12574ded-9323-49e3-b352-56c057fe3b85/build]   | [INFO] Downloading from central: https://repo.maven.apache.org/maven2/org/codehaus/plexus/plexus-container-default/1.0-alpha-20/plexus-container-default-1.0-alpha-20.pom
[12574ded-9323-49e3-b352-56c057fe3b85/build]   | [INFO] Downloaded from central: https://repo.maven.apache.org/maven2/org/codehaus/plexus/plexus-container-default/1.0-alpha-20/plexus-container-default-1.0-alpha-20.pom (3.0 kB at 45 kB/s)
[12574ded-9323-49e3-b352-56c057fe3b85/build]   | [INFO] Downloading from central: https://repo.maven.apache.org/maven2/org/codehaus/plexus/plexus-containers/1.0-alpha-20/plexus-containers-1.0-alpha-20.pom
[12574ded-9323-49e3-b352-56c057fe3b85/build]   | [INFO] Downloaded from central: https://repo.maven.apache.org/maven2/org/codehaus/plexus/plexus-containers/1.0-alpha-20/plexus-containers-1.0-alpha-20.pom (1.9 kB at 157 kB/s)
[12574ded-9323-49e3-b352-56c057fe3b85/build]   | [INFO] Downloading from central: https://repo.maven.apache.org/maven2/org/codehaus/plexus/plexus-utils/1.3/plexus-utils-1.3.pom
[12574ded-9323-49e3-b352-56c057fe3b85/build]   | [INFO] Downloaded from central: https://repo.maven.apache.org/maven2/org/codehaus/plexus/plexus-utils/1.3/plexus-utils-1.3.pom (1.0 kB at 14 kB/s)
[12574ded-9323-49e3-b352-56c057fe3b85/build]   | [INFO] Downloading from central: https://repo.maven.apache.org/maven2/org/codehaus/plexus/plexus/1.0.8/plexus-1.0.8.pom
[12574ded-9323-49e3-b352-56c057fe3b85/build]   | [INFO] Downloaded from central: https://repo.maven.apache.org/maven2/org/codehaus/plexus/plexus/1.0.8/plexus-1.0.8.pom (7.2 kB at 402 kB/s)
[12574ded-9323-49e3-b352-56c057fe3b85/build]   | [INFO] Downloading from central: https://repo.maven.apache.org/maven2/org/codehaus/plexus/plexus-classworlds/1.2-alpha-7/plexus-classworlds-1.2-alpha-7.pom
[12574ded-9323-49e3-b352-56c057fe3b85/build]   | [INFO] Downloaded from central: https://repo.maven.apache.org/maven2/org/codehaus/plexus/plexus-classworlds/1.2-alpha-7/plexus-classworlds-1.2-alpha-7.pom (2.4 kB at 23 kB/s)
[12574ded-9323-49e3-b352-56c057fe3b85/build]   | [INFO] Downloading from central: https://repo.maven.apache.org/maven2/org/codehaus/plexus/plexus/1.0.9/plexus-1.0.9.pom
[12574ded-9323-49e3-b352-56c057fe3b85/build]   | [INFO] Downloaded from central: https://repo.maven.apache.org/maven2/org/codehaus/plexus/plexus/1.0.9/plexus-1.0.9.pom (7.7 kB at 366 kB/s)
[12574ded-9323-49e3-b352-56c057fe3b85/build]   | [INFO] Downloading from central: https://repo.maven.apache.org/maven2/org/apache/velocity/velocity/1.5/velocity-1.5.pom
[12574ded-9323-49e3-b352-56c057fe3b85/build]   | [INFO] Downloaded from central: https://repo.maven.apache.org/maven2/org/apache/velocity/velocity/1.5/velocity-1.5.pom (7.8 kB at 152 kB/s)
[12574ded-9323-49e3-b352-56c057fe3b85/build]   | [INFO] Downloading from central: https://repo.maven.apache.org/maven2/commons-collections/commons-collections/3.1/commons-collections-3.1.pom
[12574ded-9323-49e3-b352-56c057fe3b85/build]   | [INFO] Downloaded from central: https://repo.maven.apache.org/maven2/commons-collections/commons-collections/3.1/commons-collections-3.1.pom (6.1 kB at 338 kB/s)
[12574ded-9323-49e3-b352-56c057fe3b85/build]   | [INFO] Downloading from central: https://repo.maven.apache.org/maven2/commons-lang/commons-lang/2.1/commons-lang-2.1.pom
[12574ded-9323-49e3-b352-56c057fe3b85/build]   | [INFO] Downloaded from central: https://repo.maven.apache.org/maven2/commons-lang/commons-lang/2.1/commons-lang-2.1.pom (9.9 kB at 382 kB/s)
[12574ded-9323-49e3-b352-56c057fe3b85/build]   | [INFO] Downloading from central: https://repo.maven.apache.org/maven2/oro/oro/2.0.8/oro-2.0.8.pom
[12574ded-9323-49e3-b352-56c057fe3b85/build]   | [INFO] Downloaded from central: https://repo.maven.apache.org/maven2/oro/oro/2.0.8/oro-2.0.8.pom (140 B at 8.8 kB/s)
[12574ded-9323-49e3-b352-56c057fe3b85/build]   | [INFO] Downloading from central: https://repo.maven.apache.org/maven2/org/apache/maven/doxia/doxia-decoration-model/1.0/doxia-decoration-model-1.0.pom
[12574ded-9323-49e3-b352-56c057fe3b85/build]   | [INFO] Downloaded from central: https://repo.maven.apache.org/maven2/org/apache/maven/doxia/doxia-decoration-model/1.0/doxia-decoration-model-1.0.pom (3.2 kB at 11 kB/s)
[12574ded-9323-49e3-b352-56c057fe3b85/build]   | [INFO] Downloading from central: https://repo.maven.apache.org/maven2/commons-collections/commons-collections/3.2/commons-collections-3.2.pom
[12574ded-9323-49e3-b352-56c057fe3b85/build]   | [INFO] Downloaded from central: https://repo.maven.apache.org/maven2/commons-collections/commons-collections/3.2/commons-collections-3.2.pom (11 kB at 283 kB/s)
[12574ded-9323-49e3-b352-56c057fe3b85/build]   | [INFO] Downloading from central: https://repo.maven.apache.org/maven2/org/apache/maven/doxia/doxia-module-apt/1.0/doxia-module-apt-1.0.pom
[12574ded-9323-49e3-b352-56c057fe3b85/build]   | [INFO] Downloaded from central: https://repo.maven.apache.org/maven2/org/apache/maven/doxia/doxia-module-apt/1.0/doxia-module-apt-1.0.pom (2.3 kB at 161 kB/s)
[12574ded-9323-49e3-b352-56c057fe3b85/build]   | [INFO] Downloading from central: https://repo.maven.apache.org/maven2/org/apache/maven/doxia/doxia-modules/1.0/doxia-modules-1.0.pom
[12574ded-9323-49e3-b352-56c057fe3b85/build]   | [INFO] Downloaded from central: https://repo.maven.apache.org/maven2/org/apache/maven/doxia/doxia-modules/1.0/doxia-modules-1.0.pom (2.4 kB at 200 kB/s)
[12574ded-9323-49e3-b352-56c057fe3b85/build]   | [INFO] Downloading from central: https://repo.maven.apache.org/maven2/org/apache/maven/doxia/doxia-module-fml/1.0/doxia-module-fml-1.0.pom
[12574ded-9323-49e3-b352-56c057fe3b85/build]   | [INFO] Downloaded from central: https://repo.maven.apache.org/maven2/org/apache/maven/doxia/doxia-module-fml/1.0/doxia-module-fml-1.0.pom (2.7 kB at 122 kB/s)
[12574ded-9323-49e3-b352-56c057fe3b85/build]   | [INFO] Downloading from central: https://repo.maven.apache.org/maven2/org/apache/maven/doxia/doxia-module-xdoc/1.0/doxia-module-xdoc-1.0.pom
[12574ded-9323-49e3-b352-56c057fe3b85/build]   | [INFO] Downloaded from central: https://repo.maven.apache.org/maven2/org/apache/maven/doxia/doxia-module-xdoc/1.0/doxia-module-xdoc-1.0.pom (2.2 kB at 48 kB/s)
[12574ded-9323-49e3-b352-56c057fe3b85/build]   | [INFO] Downloading from central: https://repo.maven.apache.org/maven2/org/apache/maven/doxia/doxia-module-xhtml/1.0/doxia-module-xhtml-1.0.pom
[12574ded-9323-49e3-b352-56c057fe3b85/build]   | [INFO] Downloaded from central: https://repo.maven.apache.org/maven2/org/apache/maven/doxia/doxia-module-xhtml/1.0/doxia-module-xhtml-1.0.pom (1.6 kB at 94 kB/s)
[12574ded-9323-49e3-b352-56c057fe3b85/build]   | [INFO] Downloading from central: https://repo.maven.apache.org/maven2/org/jdom/jdom/1.1/jdom-1.1.pom
[12574ded-9323-49e3-b352-56c057fe3b85/build]   | [INFO] Downloaded from central: https://repo.maven.apache.org/maven2/org/jdom/jdom/1.1/jdom-1.1.pom (2.2 kB at 40 kB/s)
[12574ded-9323-49e3-b352-56c057fe3b85/build]   | [INFO] Downloading from central: https://repo.maven.apache.org/maven2/org/apache/felix/maven-bundle-plugin/5.1.1/maven-bundle-plugin-5.1.1.jar
[12574ded-9323-49e3-b352-56c057fe3b85/build]   | [INFO] Downloading from central: https://repo.maven.apache.org/maven2/org/osgi/org.osgi.core/6.0.0/org.osgi.core-6.0.0.jar
[12574ded-9323-49e3-b352-56c057fe3b85/build]   | [INFO] Downloading from central: https://repo.maven.apache.org/maven2/biz/aQute/bnd/biz.aQute.bndlib/5.1.1/biz.aQute.bndlib-5.1.1.jar
[12574ded-9323-49e3-b352-56c057fe3b85/build]   | [INFO] Downloading from central: https://repo.maven.apache.org/maven2/org/slf4j/slf4j-api/1.7.25/slf4j-api-1.7.25.jar
[12574ded-9323-49e3-b352-56c057fe3b85/build]   | [INFO] Downloading from central: https://repo.maven.apache.org/maven2/org/apache/felix/org.apache.felix.bundlerepository/1.6.6/org.apache.felix.bundlerepository-1.6.6.jar
[12574ded-9323-49e3-b352-56c057fe3b85/build]   | [INFO] Downloaded from central: https://repo.maven.apache.org/maven2/org/apache/felix/org.apache.felix.bundlerepository/1.6.6/org.apache.felix.bundlerepository-1.6.6.jar (168 kB at 550 kB/s)
[12574ded-9323-49e3-b352-56c057fe3b85/build]   | [INFO] Downloading from central: https://repo.maven.apache.org/maven2/org/easymock/easymock/2.4/easymock-2.4.jar
[12574ded-9323-49e3-b352-56c057fe3b85/build]   | [INFO] Downloaded from central: https://repo.maven.apache.org/maven2/org/easymock/easymock/2.4/easymock-2.4.jar (81 kB at 211 kB/s)
[12574ded-9323-49e3-b352-56c057fe3b85/build]   | [INFO] Downloading from central: https://repo.maven.apache.org/maven2/org/apache/felix/org.apache.felix.utils/1.6.0/org.apache.felix.utils-1.6.0.jar
[12574ded-9323-49e3-b352-56c057fe3b85/build]   | [INFO] Downloaded from central: https://repo.maven.apache.org/maven2/org/osgi/org.osgi.core/6.0.0/org.osgi.core-6.0.0.jar (475 kB at 672 kB/s)
[12574ded-9323-49e3-b352-56c057fe3b85/build]   | [INFO] Downloading from central: https://repo.maven.apache.org/maven2/org/osgi/org.osgi.compendium/4.2.0/org.osgi.compendium-4.2.0.jar
[12574ded-9323-49e3-b352-56c057fe3b85/build]   | [INFO] Downloaded from central: https://repo.maven.apache.org/maven2/org/apache/felix/maven-bundle-plugin/5.1.1/maven-bundle-plugin-5.1.1.jar (213 kB at 256 kB/s)
[12574ded-9323-49e3-b352-56c057fe3b85/build]   | [INFO] Downloading from central: https://repo.maven.apache.org/maven2/org/apache/maven/maven-core/3.3.9/maven-core-3.3.9.jar
[12574ded-9323-49e3-b352-56c057fe3b85/build]   | [INFO] Downloaded from central: https://repo.maven.apache.org/maven2/org/slf4j/slf4j-api/1.7.25/slf4j-api-1.7.25.jar (41 kB at 27 kB/s)
[12574ded-9323-49e3-b352-56c057fe3b85/build]   | [INFO] Downloading from central: https://repo.maven.apache.org/maven2/org/apache/maven/maven-model/3.3.9/maven-model-3.3.9.jar
[12574ded-9323-49e3-b352-56c057fe3b85/build]   | [INFO] Downloaded from central: https://repo.maven.apache.org/maven2/org/apache/felix/org.apache.felix.utils/1.6.0/org.apache.felix.utils-1.6.0.jar (68 kB at 33 kB/s)
[12574ded-9323-49e3-b352-56c057fe3b85/build]   | [INFO] Downloading from central: https://repo.maven.apache.org/maven2/org/apache/maven/maven-settings/3.3.9/maven-settings-3.3.9.jar
[12574ded-9323-49e3-b352-56c057fe3b85/build]   | [INFO] Downloaded from central: https://repo.maven.apache.org/maven2/org/apache/maven/maven-settings/3.3.9/maven-settings-3.3.9.jar (44 kB at 21 kB/s)
[12574ded-9323-49e3-b352-56c057fe3b85/build]   | [INFO] Downloading from central: https://repo.maven.apache.org/maven2/org/apache/maven/maven-settings-builder/3.3.9/maven-settings-builder-3.3.9.jar
[12574ded-9323-49e3-b352-56c057fe3b85/build]   | [INFO] Downloaded from central: https://repo.maven.apache.org/maven2/org/apache/maven/maven-settings-builder/3.3.9/maven-settings-builder-3.3.9.jar (43 kB at 18 kB/s)
[12574ded-9323-49e3-b352-56c057fe3b85/build]   | [INFO] Downloading from central: https://repo.maven.apache.org/maven2/org/apache/maven/maven-builder-support/3.3.9/maven-builder-support-3.3.9.jar
[12574ded-9323-49e3-b352-56c057fe3b85/build]   | [INFO] Downloaded from central: https://repo.maven.apache.org/maven2/org/apache/maven/maven-builder-support/3.3.9/maven-builder-support-3.3.9.jar (15 kB at 6.0 kB/s)
[12574ded-9323-49e3-b352-56c057fe3b85/build]   | [INFO] Downloading from central: https://repo.maven.apache.org/maven2/org/apache/maven/maven-repository-metadata/3.3.9/maven-repository-metadata-3.3.9.jar
[12574ded-9323-49e3-b352-56c057fe3b85/build]   | [INFO] Downloaded from central: https://repo.maven.apache.org/maven2/org/apache/maven/maven-repository-metadata/3.3.9/maven-repository-metadata-3.3.9.jar (27 kB at 11 kB/s)
[12574ded-9323-49e3-b352-56c057fe3b85/build]   | [INFO] Downloading from central: https://repo.maven.apache.org/maven2/org/apache/maven/maven-artifact/3.3.9/maven-artifact-3.3.9.jar
[12574ded-9323-49e3-b352-56c057fe3b85/build]   | [INFO] Downloaded from central: https://repo.maven.apache.org/maven2/org/apache/maven/maven-artifact/3.3.9/maven-artifact-3.3.9.jar (55 kB at 21 kB/s)
[12574ded-9323-49e3-b352-56c057fe3b85/build]   | [INFO] Downloading from central: https://repo.maven.apache.org/maven2/org/apache/maven/maven-plugin-api/3.3.9/maven-plugin-api-3.3.9.jar
[12574ded-9323-49e3-b352-56c057fe3b85/build]   | [INFO] Downloaded from central: https://repo.maven.apache.org/maven2/org/apache/maven/maven-model/3.3.9/maven-model-3.3.9.jar (164 kB at 61 kB/s)
[12574ded-9323-49e3-b352-56c057fe3b85/build]   | [INFO] Downloading from central: https://repo.maven.apache.org/maven2/org/apache/maven/maven-model-builder/3.3.9/maven-model-builder-3.3.9.jar
[12574ded-9323-49e3-b352-56c057fe3b85/build]   | [INFO] Downloaded from central: https://repo.maven.apache.org/maven2/org/apache/maven/maven-plugin-api/3.3.9/maven-plugin-api-3.3.9.jar (47 kB at 18 kB/s)
[12574ded-9323-49e3-b352-56c057fe3b85/build]   | [INFO] Downloading from central: https://repo.maven.apache.org/maven2/com/google/guava/guava/18.0/guava-18.0.jar
[12574ded-9323-49e3-b352-56c057fe3b85/build]   | [INFO] Downloaded from central: https://repo.maven.apache.org/maven2/org/osgi/org.osgi.compendium/4.2.0/org.osgi.compendium-4.2.0.jar (614 kB at 226 kB/s)
[12574ded-9323-49e3-b352-56c057fe3b85/build]   | [INFO] Downloading from central: https://repo.maven.apache.org/maven2/org/apache/maven/maven-aether-provider/3.3.9/maven-aether-provider-3.3.9.jar
[12574ded-9323-49e3-b352-56c057fe3b85/build]   | [INFO] Downloaded from central: https://repo.maven.apache.org/maven2/org/apache/maven/maven-aether-provider/3.3.9/maven-aether-provider-3.3.9.jar (67 kB at 23 kB/s)
[12574ded-9323-49e3-b352-56c057fe3b85/build]   | [INFO] Downloading from central: https://repo.maven.apache.org/maven2/org/eclipse/aether/aether-spi/1.0.2.v20150114/aether-spi-1.0.2.v20150114.jar
[12574ded-9323-49e3-b352-56c057fe3b85/build]   | [INFO] Downloaded from central: https://repo.maven.apache.org/maven2/org/eclipse/aether/aether-spi/1.0.2.v20150114/aether-spi-1.0.2.v20150114.jar (31 kB at 10 kB/s)
[12574ded-9323-49e3-b352-56c057fe3b85/build]   | [INFO] Downloading from central: https://repo.maven.apache.org/maven2/org/eclipse/aether/aether-impl/1.0.2.v20150114/aether-impl-1.0.2.v20150114.jar
[12574ded-9323-49e3-b352-56c057fe3b85/build]   | [INFO] Downloaded from central: https://repo.maven.apache.org/maven2/org/apache/maven/maven-model-builder/3.3.9/maven-model-builder-3.3.9.jar (177 kB at 51 kB/s)
[12574ded-9323-49e3-b352-56c057fe3b85/build]   | [INFO] Downloading from central: https://repo.maven.apache.org/maven2/org/eclipse/aether/aether-api/1.0.2.v20150114/aether-api-1.0.2.v20150114.jar
[12574ded-9323-49e3-b352-56c057fe3b85/build]   | [INFO] Downloaded from central: https://repo.maven.apache.org/maven2/org/eclipse/aether/aether-impl/1.0.2.v20150114/aether-impl-1.0.2.v20150114.jar (173 kB at 50 kB/s)
[12574ded-9323-49e3-b352-56c057fe3b85/build]   | [INFO] Downloading from central: https://repo.maven.apache.org/maven2/org/eclipse/aether/aether-util/1.0.2.v20150114/aether-util-1.0.2.v20150114.jar
[12574ded-9323-49e3-b352-56c057fe3b85/build]   | [INFO] Downloaded from central: https://repo.maven.apache.org/maven2/org/apache/maven/maven-core/3.3.9/maven-core-3.3.9.jar (638 kB at 179 kB/s)
[12574ded-9323-49e3-b352-56c057fe3b85/build]   | [INFO] Downloading from central: https://repo.maven.apache.org/maven2/org/eclipse/sisu/org.eclipse.sisu.plexus/0.3.2/org.eclipse.sisu.plexus-0.3.2.jar
[12574ded-9323-49e3-b352-56c057fe3b85/build]   | [INFO] Downloaded from central: https://repo.maven.apache.org/maven2/org/eclipse/aether/aether-util/1.0.2.v20150114/aether-util-1.0.2.v20150114.jar (147 kB at 39 kB/s)
[12574ded-9323-49e3-b352-56c057fe3b85/build]   | [INFO] Downloading from central: https://repo.maven.apache.org/maven2/javax/enterprise/cdi-api/1.0/cdi-api-1.0.jar
[12574ded-9323-49e3-b352-56c057fe3b85/build]   | [INFO] Downloaded from central: https://repo.maven.apache.org/maven2/javax/enterprise/cdi-api/1.0/cdi-api-1.0.jar (45 kB at 12 kB/s)
[12574ded-9323-49e3-b352-56c057fe3b85/build]   | [INFO] Downloading from central: https://repo.maven.apache.org/maven2/javax/annotation/jsr250-api/1.0/jsr250-api-1.0.jar
[12574ded-9323-49e3-b352-56c057fe3b85/build]   | [INFO] Downloaded from central: https://repo.maven.apache.org/maven2/javax/annotation/jsr250-api/1.0/jsr250-api-1.0.jar (5.8 kB at 1.5 kB/s)
[12574ded-9323-49e3-b352-56c057fe3b85/build]   | [INFO] Downloading from central: https://repo.maven.apache.org/maven2/org/eclipse/sisu/org.eclipse.sisu.inject/0.3.2/org.eclipse.sisu.inject-0.3.2.jar
[12574ded-9323-49e3-b352-56c057fe3b85/build]   | [INFO] Downloaded from central: https://repo.maven.apache.org/maven2/org/eclipse/sisu/org.eclipse.sisu.plexus/0.3.2/org.eclipse.sisu.plexus-0.3.2.jar (205 kB at 51 kB/s)
[12574ded-9323-49e3-b352-56c057fe3b85/build]   | [INFO] Downloading from central: https://repo.maven.apache.org/maven2/com/google/inject/guice/4.0/guice-4.0-no_aop.jar
[12574ded-9323-49e3-b352-56c057fe3b85/build]   | [INFO] Downloaded from central: https://repo.maven.apache.org/maven2/org/eclipse/sisu/org.eclipse.sisu.inject/0.3.2/org.eclipse.sisu.inject-0.3.2.jar (378 kB at 93 kB/s)
[12574ded-9323-49e3-b352-56c057fe3b85/build]   | [INFO] Downloading from central: https://repo.maven.apache.org/maven2/javax/inject/javax.inject/1/javax.inject-1.jar
[12574ded-9323-49e3-b352-56c057fe3b85/build]   | [INFO] Downloaded from central: https://repo.maven.apache.org/maven2/javax/inject/javax.inject/1/javax.inject-1.jar (2.5 kB at 611 B/s)
[12574ded-9323-49e3-b352-56c057fe3b85/build]   | [INFO] Downloading from central: https://repo.maven.apache.org/maven2/aopalliance/aopalliance/1.0/aopalliance-1.0.jar
[12574ded-9323-49e3-b352-56c057fe3b85/build]   | [INFO] Downloaded from central: https://repo.maven.apache.org/maven2/aopalliance/aopalliance/1.0/aopalliance-1.0.jar (4.5 kB at 1.1 kB/s)
[12574ded-9323-49e3-b352-56c057fe3b85/build]   | [INFO] Downloading from central: https://repo.maven.apache.org/maven2/org/codehaus/plexus/plexus-interpolation/1.21/plexus-interpolation-1.21.jar
[12574ded-9323-49e3-b352-56c057fe3b85/build]   | [INFO] Downloaded from central: https://repo.maven.apache.org/maven2/com/google/inject/guice/4.0/guice-4.0-no_aop.jar (424 kB at 103 kB/s)
[12574ded-9323-49e3-b352-56c057fe3b85/build]   | [INFO] Downloading from central: https://repo.maven.apache.org/maven2/org/codehaus/plexus/plexus-classworlds/2.5.2/plexus-classworlds-2.5.2.jar
[12574ded-9323-49e3-b352-56c057fe3b85/build]   | [INFO] Downloaded from central: https://repo.maven.apache.org/maven2/org/codehaus/plexus/plexus-classworlds/2.5.2/plexus-classworlds-2.5.2.jar (53 kB at 13 kB/s)
[12574ded-9323-49e3-b352-56c057fe3b85/build]   | [INFO] Downloading from central: https://repo.maven.apache.org/maven2/org/codehaus/plexus/plexus-component-annotations/1.6/plexus-component-annotations-1.6.jar
[12574ded-9323-49e3-b352-56c057fe3b85/build]   | [INFO] Downloaded from central: https://repo.maven.apache.org/maven2/org/codehaus/plexus/plexus-interpolation/1.21/plexus-interpolation-1.21.jar (62 kB at 15 kB/s)
[12574ded-9323-49e3-b352-56c057fe3b85/build]   | [INFO] Downloading from central: https://repo.maven.apache.org/maven2/org/sonatype/plexus/plexus-sec-dispatcher/1.3/plexus-sec-dispatcher-1.3.jar
[12574ded-9323-49e3-b352-56c057fe3b85/build]   | [INFO] Downloaded from central: https://repo.maven.apache.org/maven2/org/sonatype/plexus/plexus-sec-dispatcher/1.3/plexus-sec-dispatcher-1.3.jar (29 kB at 6.9 kB/s)
[12574ded-9323-49e3-b352-56c057fe3b85/build]   | [INFO] Downloading from central: https://repo.maven.apache.org/maven2/org/sonatype/plexus/plexus-cipher/1.4/plexus-cipher-1.4.jar
[12574ded-9323-49e3-b352-56c057fe3b85/build]   | [INFO] Downloaded from central: https://repo.maven.apache.org/maven2/org/codehaus/plexus/plexus-component-annotations/1.6/plexus-component-annotations-1.6.jar (4.3 kB at 1.0 kB/s)
[12574ded-9323-49e3-b352-56c057fe3b85/build]   | [INFO] Downloading from central: https://repo.maven.apache.org/maven2/org/apache/commons/commons-lang3/3.4/commons-lang3-3.4.jar
[12574ded-9323-49e3-b352-56c057fe3b85/build]   | [INFO] Downloaded from central: https://repo.maven.apache.org/maven2/org/sonatype/plexus/plexus-cipher/1.4/plexus-cipher-1.4.jar (13 kB at 3.2 kB/s)
[12574ded-9323-49e3-b352-56c057fe3b85/build]   | [INFO] Downloading from central: https://repo.maven.apache.org/maven2/org/apache/maven/maven-compat/3.3.9/maven-compat-3.3.9.jar
[12574ded-9323-49e3-b352-56c057fe3b85/build]   | [INFO] Downloaded from central: https://repo.maven.apache.org/maven2/org/eclipse/aether/aether-api/1.0.2.v20150114/aether-api-1.0.2.v20150114.jar (136 kB at 32 kB/s)
[12574ded-9323-49e3-b352-56c057fe3b85/build]   | [INFO] Downloading from central: https://repo.maven.apache.org/maven2/org/apache/maven/wagon/wagon-provider-api/2.10/wagon-provider-api-2.10.jar
[12574ded-9323-49e3-b352-56c057fe3b85/build]   | [INFO] Downloaded from central: https://repo.maven.apache.org/maven2/org/apache/maven/wagon/wagon-provider-api/2.10/wagon-provider-api-2.10.jar (54 kB at 13 kB/s)
[12574ded-9323-49e3-b352-56c057fe3b85/build]   | [INFO] Downloading from central: https://repo.maven.apache.org/maven2/org/apache/maven/reporting/maven-reporting-api/3.0/maven-reporting-api-3.0.jar
[12574ded-9323-49e3-b352-56c057fe3b85/build]   | [INFO] Downloaded from central: https://repo.maven.apache.org/maven2/org/apache/maven/reporting/maven-reporting-api/3.0/maven-reporting-api-3.0.jar (11 kB at 2.6 kB/s)
[12574ded-9323-49e3-b352-56c057fe3b85/build]   | [INFO] Downloading from central: https://repo.maven.apache.org/maven2/org/apache/maven/maven-archiver/3.5.0/maven-archiver-3.5.0.jar
[12574ded-9323-49e3-b352-56c057fe3b85/build]   | [INFO] Downloaded from central: https://repo.maven.apache.org/maven2/org/apache/maven/maven-compat/3.3.9/maven-compat-3.3.9.jar (290 kB at 68 kB/s)
[12574ded-9323-49e3-b352-56c057fe3b85/build]   | [INFO] Downloading from central: https://repo.maven.apache.org/maven2/org/apache/maven/shared/maven-shared-utils/3.2.1/maven-shared-utils-3.2.1.jar
[12574ded-9323-49e3-b352-56c057fe3b85/build]   | [INFO] Downloaded from central: https://repo.maven.apache.org/maven2/biz/aQute/bnd/biz.aQute.bndlib/5.1.1/biz.aQute.bndlib-5.1.1.jar (3.7 MB at 846 kB/s)
[12574ded-9323-49e3-b352-56c057fe3b85/build]   | [INFO] Downloading from central: https://repo.maven.apache.org/maven2/commons-io/commons-io/2.5/commons-io-2.5.jar
[12574ded-9323-49e3-b352-56c057fe3b85/build]   | [INFO] Downloaded from central: https://repo.maven.apache.org/maven2/org/apache/maven/shared/maven-shared-utils/3.2.1/maven-shared-utils-3.2.1.jar (167 kB at 38 kB/s)
[12574ded-9323-49e3-b352-56c057fe3b85/build]   | [INFO] Downloading from central: https://repo.maven.apache.org/maven2/org/codehaus/plexus/plexus-archiver/4.2.0/plexus-archiver-4.2.0.jar
[12574ded-9323-49e3-b352-56c057fe3b85/build]   | [INFO] Downloaded from central: https://repo.maven.apache.org/maven2/commons-io/commons-io/2.5/commons-io-2.5.jar (209 kB at 48 kB/s)
[12574ded-9323-49e3-b352-56c057fe3b85/build]   | [INFO] Downloading from central: https://repo.maven.apache.org/maven2/org/codehaus/plexus/plexus-io/3.2.0/plexus-io-3.2.0.jar
[12574ded-9323-49e3-b352-56c057fe3b85/build]   | [INFO] Downloaded from central: https://repo.maven.apache.org/maven2/org/codehaus/plexus/plexus-io/3.2.0/plexus-io-3.2.0.jar (76 kB at 17 kB/s)
[12574ded-9323-49e3-b352-56c057fe3b85/build]   | [INFO] Downloading from central: https://repo.maven.apache.org/maven2/org/apache/commons/commons-compress/1.19/commons-compress-1.19.jar
[12574ded-9323-49e3-b352-56c057fe3b85/build]   | [INFO] Downloaded from central: https://repo.maven.apache.org/maven2/org/codehaus/plexus/plexus-archiver/4.2.0/plexus-archiver-4.2.0.jar (196 kB at 44 kB/s)
[12574ded-9323-49e3-b352-56c057fe3b85/build]   | [INFO] Downloading from central: https://repo.maven.apache.org/maven2/org/iq80/snappy/snappy/0.4/snappy-0.4.jar
[12574ded-9323-49e3-b352-56c057fe3b85/build]   | [INFO] Downloaded from central: https://repo.maven.apache.org/maven2/org/iq80/snappy/snappy/0.4/snappy-0.4.jar (58 kB at 13 kB/s)
[12574ded-9323-49e3-b352-56c057fe3b85/build]   | [INFO] Downloading from central: https://repo.maven.apache.org/maven2/org/tukaani/xz/1.8/xz-1.8.jar
[12574ded-9323-49e3-b352-56c057fe3b85/build]   | [INFO] Downloaded from central: https://repo.maven.apache.org/maven2/org/apache/maven/maven-archiver/3.5.0/maven-archiver-3.5.0.jar (26 kB at 5.6 kB/s)
[12574ded-9323-49e3-b352-56c057fe3b85/build]   | [INFO] Downloading from central: https://repo.maven.apache.org/maven2/org/apache/maven/shared/maven-dependency-tree/3.0/maven-dependency-tree-3.0.jar
[12574ded-9323-49e3-b352-56c057fe3b85/build]   | [INFO] Downloaded from central: https://repo.maven.apache.org/maven2/org/tukaani/xz/1.8/xz-1.8.jar (109 kB at 24 kB/s)
[12574ded-9323-49e3-b352-56c057fe3b85/build]   | [INFO] Downloading from central: https://repo.maven.apache.org/maven2/org/codehaus/plexus/plexus-utils/3.3.0/plexus-utils-3.3.0.jar
[12574ded-9323-49e3-b352-56c057fe3b85/build]   | [INFO] Downloaded from central: https://repo.maven.apache.org/maven2/org/apache/commons/commons-compress/1.19/commons-compress-1.19.jar (615 kB at 135 kB/s)
[12574ded-9323-49e3-b352-56c057fe3b85/build]   | [INFO] Downloading from central: https://repo.maven.apache.org/maven2/org/sonatype/plexus/plexus-build-api/0.0.7/plexus-build-api-0.0.7.jar
[12574ded-9323-49e3-b352-56c057fe3b85/build]   | [INFO] Downloaded from central: https://repo.maven.apache.org/maven2/org/sonatype/plexus/plexus-build-api/0.0.7/plexus-build-api-0.0.7.jar (8.5 kB at 1.9 kB/s)
[12574ded-9323-49e3-b352-56c057fe3b85/build]   | [INFO] Downloading from central: https://repo.maven.apache.org/maven2/org/apache/maven/doxia/doxia-sink-api/1.0/doxia-sink-api-1.0.jar
[12574ded-9323-49e3-b352-56c057fe3b85/build]   | [INFO] Downloaded from central: https://repo.maven.apache.org/maven2/org/apache/maven/shared/maven-dependency-tree/3.0/maven-dependency-tree-3.0.jar (37 kB at 8.0 kB/s)
[12574ded-9323-49e3-b352-56c057fe3b85/build]   | [INFO] Downloading from central: https://repo.maven.apache.org/maven2/org/apache/maven/doxia/doxia-site-renderer/1.0/doxia-site-renderer-1.0.jar
[12574ded-9323-49e3-b352-56c057fe3b85/build]   | [INFO] Downloaded from central: https://repo.maven.apache.org/maven2/org/apache/maven/doxia/doxia-sink-api/1.0/doxia-sink-api-1.0.jar (10 kB at 2.2 kB/s)
[12574ded-9323-49e3-b352-56c057fe3b85/build]   | [INFO] Downloading from central: https://repo.maven.apache.org/maven2/org/apache/maven/doxia/doxia-core/1.0/doxia-core-1.0.jar
[12574ded-9323-49e3-b352-56c057fe3b85/build]   | [INFO] Downloaded from central: https://repo.maven.apache.org/maven2/org/apache/maven/doxia/doxia-site-renderer/1.0/doxia-site-renderer-1.0.jar (47 kB at 10 kB/s)
[12574ded-9323-49e3-b352-56c057fe3b85/build]   | [INFO] Downloading from central: https://repo.maven.apache.org/maven2/org/codehaus/plexus/plexus-i18n/1.0-beta-7/plexus-i18n-1.0-beta-7.jar
[12574ded-9323-49e3-b352-56c057fe3b85/build]   | [INFO] Downloaded from central: https://repo.maven.apache.org/maven2/org/apache/maven/doxia/doxia-core/1.0/doxia-core-1.0.jar (55 kB at 12 kB/s)
[12574ded-9323-49e3-b352-56c057fe3b85/build]   | [INFO] Downloading from central: https://repo.maven.apache.org/maven2/org/codehaus/plexus/plexus-container-default/1.0-alpha-30/plexus-container-default-1.0-alpha-30.jar
[12574ded-9323-49e3-b352-56c057fe3b85/build]   | [INFO] Downloaded from central: https://repo.maven.apache.org/maven2/org/codehaus/plexus/plexus-i18n/1.0-beta-7/plexus-i18n-1.0-beta-7.jar (11 kB at 2.3 kB/s)
[12574ded-9323-49e3-b352-56c057fe3b85/build]   | [INFO] Downloading from central: https://repo.maven.apache.org/maven2/junit/junit/3.8.1/junit-3.8.1.jar
[12574ded-9323-49e3-b352-56c057fe3b85/build]   | [INFO] Downloaded from central: https://repo.maven.apache.org/maven2/org/codehaus/plexus/plexus-utils/3.3.0/plexus-utils-3.3.0.jar (263 kB at 57 kB/s)
[12574ded-9323-49e3-b352-56c057fe3b85/build]   | [INFO] Downloading from central: https://repo.maven.apache.org/maven2/org/codehaus/plexus/plexus-velocity/1.1.7/plexus-velocity-1.1.7.jar
[12574ded-9323-49e3-b352-56c057fe3b85/build]   | [INFO] Downloaded from central: https://repo.maven.apache.org/maven2/org/codehaus/plexus/plexus-velocity/1.1.7/plexus-velocity-1.1.7.jar (7.7 kB at 1.6 kB/s)
[12574ded-9323-49e3-b352-56c057fe3b85/build]   | [INFO] Downloading from central: https://repo.maven.apache.org/maven2/org/apache/velocity/velocity/1.5/velocity-1.5.jar
[12574ded-9323-49e3-b352-56c057fe3b85/build]   | [INFO] Downloaded from central: https://repo.maven.apache.org/maven2/junit/junit/3.8.1/junit-3.8.1.jar (121 kB at 26 kB/s)
[12574ded-9323-49e3-b352-56c057fe3b85/build]   | [INFO] Downloading from central: https://repo.maven.apache.org/maven2/commons-lang/commons-lang/2.1/commons-lang-2.1.jar
[12574ded-9323-49e3-b352-56c057fe3b85/build]   | [INFO] Downloaded from central: https://repo.maven.apache.org/maven2/org/codehaus/plexus/plexus-container-default/1.0-alpha-30/plexus-container-default-1.0-alpha-30.jar (237 kB at 51 kB/s)
[12574ded-9323-49e3-b352-56c057fe3b85/build]   | [INFO] Downloading from central: https://repo.maven.apache.org/maven2/oro/oro/2.0.8/oro-2.0.8.jar
[12574ded-9323-49e3-b352-56c057fe3b85/build]   | [INFO] Downloaded from central: https://repo.maven.apache.org/maven2/oro/oro/2.0.8/oro-2.0.8.jar (65 kB at 14 kB/s)
[12574ded-9323-49e3-b352-56c057fe3b85/build]   | [INFO] Downloading from central: https://repo.maven.apache.org/maven2/org/apache/maven/doxia/doxia-decoration-model/1.0/doxia-decoration-model-1.0.jar
[12574ded-9323-49e3-b352-56c057fe3b85/build]   | [INFO] Downloaded from central: https://repo.maven.apache.org/maven2/commons-lang/commons-lang/2.1/commons-lang-2.1.jar (208 kB at 44 kB/s)
[12574ded-9323-49e3-b352-56c057fe3b85/build]   | [INFO] Downloading from central: https://repo.maven.apache.org/maven2/commons-collections/commons-collections/3.2/commons-collections-3.2.jar
[12574ded-9323-49e3-b352-56c057fe3b85/build]   | [INFO] Downloaded from central: https://repo.maven.apache.org/maven2/org/apache/maven/doxia/doxia-decoration-model/1.0/doxia-decoration-model-1.0.jar (49 kB at 10 kB/s)
[12574ded-9323-49e3-b352-56c057fe3b85/build]   | [INFO] Downloading from central: https://repo.maven.apache.org/maven2/org/apache/maven/doxia/doxia-module-apt/1.0/doxia-module-apt-1.0.jar
[12574ded-9323-49e3-b352-56c057fe3b85/build]   | [INFO] Downloaded from central: https://repo.maven.apache.org/maven2/org/apache/maven/doxia/doxia-module-apt/1.0/doxia-module-apt-1.0.jar (47 kB at 9.8 kB/s)
[12574ded-9323-49e3-b352-56c057fe3b85/build]   | [INFO] Downloading from central: https://repo.maven.apache.org/maven2/org/apache/maven/doxia/doxia-module-fml/1.0/doxia-module-fml-1.0.jar
[12574ded-9323-49e3-b352-56c057fe3b85/build]   | [INFO] Downloaded from central: https://repo.maven.apache.org/maven2/org/apache/maven/doxia/doxia-module-fml/1.0/doxia-module-fml-1.0.jar (19 kB at 3.9 kB/s)
[12574ded-9323-49e3-b352-56c057fe3b85/build]   | [INFO] Downloading from central: https://repo.maven.apache.org/maven2/org/apache/maven/doxia/doxia-module-xdoc/1.0/doxia-module-xdoc-1.0.jar
[12574ded-9323-49e3-b352-56c057fe3b85/build]   | [INFO] Downloaded from central: https://repo.maven.apache.org/maven2/org/apache/maven/doxia/doxia-module-xdoc/1.0/doxia-module-xdoc-1.0.jar (28 kB at 5.8 kB/s)
[12574ded-9323-49e3-b352-56c057fe3b85/build]   | [INFO] Downloading from central: https://repo.maven.apache.org/maven2/org/apache/maven/doxia/doxia-module-xhtml/1.0/doxia-module-xhtml-1.0.jar
[12574ded-9323-49e3-b352-56c057fe3b85/build]   | [INFO] Downloaded from central: https://repo.maven.apache.org/maven2/org/apache/commons/commons-lang3/3.4/commons-lang3-3.4.jar (435 kB at 89 kB/s)
[12574ded-9323-49e3-b352-56c057fe3b85/build]   | [INFO] Downloading from central: https://repo.maven.apache.org/maven2/org/jdom/jdom/1.1/jdom-1.1.jar
[12574ded-9323-49e3-b352-56c057fe3b85/build]   | [INFO] Downloaded from central: https://repo.maven.apache.org/maven2/org/apache/maven/doxia/doxia-module-xhtml/1.0/doxia-module-xhtml-1.0.jar (22 kB at 4.5 kB/s)
[12574ded-9323-49e3-b352-56c057fe3b85/build]   | [INFO] Downloaded from central: https://repo.maven.apache.org/maven2/org/apache/velocity/velocity/1.5/velocity-1.5.jar (392 kB at 78 kB/s)
[12574ded-9323-49e3-b352-56c057fe3b85/build]   | [INFO] Downloaded from central: https://repo.maven.apache.org/maven2/org/jdom/jdom/1.1/jdom-1.1.jar (153 kB at 30 kB/s)
[12574ded-9323-49e3-b352-56c057fe3b85/build]   | [INFO] Downloaded from central: https://repo.maven.apache.org/maven2/commons-collections/commons-collections/3.2/commons-collections-3.2.jar (571 kB at 111 kB/s)
[12574ded-9323-49e3-b352-56c057fe3b85/build]   | [INFO] Downloaded from central: https://repo.maven.apache.org/maven2/com/google/guava/guava/18.0/guava-18.0.jar (2.3 MB at 420 kB/s)
[12574ded-9323-49e3-b352-56c057fe3b85/build]   | [INFO] 
[12574ded-9323-49e3-b352-56c057fe3b85/build]   | [INFO] --------------------------< org.dyn4j:dyn4j >---------------------------
[12574ded-9323-49e3-b352-56c057fe3b85/build]   | [INFO] Building dyn4j 4.0.0
[12574ded-9323-49e3-b352-56c057fe3b85/build]   | [INFO] -------------------------------[ bundle ]-------------------------------
[12574ded-9323-49e3-b352-56c057fe3b85/build]   | [INFO] Downloading from central: https://repo.maven.apache.org/maven2/org/apache/maven/plugins/maven-deploy-plugin/maven-metadata.xml
[12574ded-9323-49e3-b352-56c057fe3b85/build]   | [INFO] Downloaded from central: https://repo.maven.apache.org/maven2/org/apache/maven/plugins/maven-deploy-plugin/maven-metadata.xml (870 B at 40 kB/s)
[12574ded-9323-49e3-b352-56c057fe3b85/build]   | [INFO] Downloading from central: https://repo.maven.apache.org/maven2/org/apache/maven/plugins/maven-deploy-plugin/3.1.1/maven-deploy-plugin-3.1.1.pom
[12574ded-9323-49e3-b352-56c057fe3b85/build]   | [INFO] Downloaded from central: https://repo.maven.apache.org/maven2/org/apache/maven/plugins/maven-deploy-plugin/3.1.1/maven-deploy-plugin-3.1.1.pom (8.9 kB at 466 kB/s)
[12574ded-9323-49e3-b352-56c057fe3b85/build]   | [INFO] Downloading from central: https://repo.maven.apache.org/maven2/org/apache/maven/plugins/maven-plugins/39/maven-plugins-39.pom
[12574ded-9323-49e3-b352-56c057fe3b85/build]   | [INFO] Downloaded from central: https://repo.maven.apache.org/maven2/org/apache/maven/plugins/maven-plugins/39/maven-plugins-39.pom (8.1 kB at 225 kB/s)
[12574ded-9323-49e3-b352-56c057fe3b85/build]   | [INFO] Downloading from central: https://repo.maven.apache.org/maven2/org/apache/maven/maven-parent/39/maven-parent-39.pom
[12574ded-9323-49e3-b352-56c057fe3b85/build]   | [INFO] Downloaded from central: https://repo.maven.apache.org/maven2/org/apache/maven/maven-parent/39/maven-parent-39.pom (48 kB at 3.0 MB/s)
[12574ded-9323-49e3-b352-56c057fe3b85/build]   | [INFO] Downloading from central: https://repo.maven.apache.org/maven2/org/apache/apache/29/apache-29.pom
[12574ded-9323-49e3-b352-56c057fe3b85/build]   | [INFO] Downloaded from central: https://repo.maven.apache.org/maven2/org/apache/apache/29/apache-29.pom (21 kB at 329 kB/s)
[12574ded-9323-49e3-b352-56c057fe3b85/build]   | [INFO] Downloading from central: https://repo.maven.apache.org/maven2/org/apache/maven/plugins/maven-deploy-plugin/3.1.1/maven-deploy-plugin-3.1.1.jar
[12574ded-9323-49e3-b352-56c057fe3b85/build]   | [INFO] Downloaded from central: https://repo.maven.apache.org/maven2/org/apache/maven/plugins/maven-deploy-plugin/3.1.1/maven-deploy-plugin-3.1.1.jar (39 kB at 1.8 MB/s)
[12574ded-9323-49e3-b352-56c057fe3b85/build]   | [INFO] Downloading from central: https://repo.maven.apache.org/maven2/org/apache/maven/plugins/maven-compiler-plugin/3.8.1/maven-compiler-plugin-3.8.1.pom
[12574ded-9323-49e3-b352-56c057fe3b85/build]   | [INFO] Downloaded from central: https://repo.maven.apache.org/maven2/org/apache/maven/plugins/maven-compiler-plugin/3.8.1/maven-compiler-plugin-3.8.1.pom (12 kB at 542 kB/s)
[12574ded-9323-49e3-b352-56c057fe3b85/build]   | [INFO] Downloading from central: https://repo.maven.apache.org/maven2/org/apache/maven/plugins/maven-plugins/33/maven-plugins-33.pom
[12574ded-9323-49e3-b352-56c057fe3b85/build]   | [INFO] Downloaded from central: https://repo.maven.apache.org/maven2/org/apache/maven/plugins/maven-plugins/33/maven-plugins-33.pom (11 kB at 202 kB/s)
[12574ded-9323-49e3-b352-56c057fe3b85/build]   | [INFO] Downloading from central: https://repo.maven.apache.org/maven2/org/apache/maven/plugins/maven-compiler-plugin/3.8.1/maven-compiler-plugin-3.8.1.jar
[12574ded-9323-49e3-b352-56c057fe3b85/build]   | [INFO] Downloaded from central: https://repo.maven.apache.org/maven2/org/apache/maven/plugins/maven-compiler-plugin/3.8.1/maven-compiler-plugin-3.8.1.jar (62 kB at 2.0 MB/s)
[12574ded-9323-49e3-b352-56c057fe3b85/build]   | [INFO] Downloading from central: https://repo.maven.apache.org/maven2/org/apache/maven/plugins/maven-clean-plugin/3.1.0/maven-clean-plugin-3.1.0.pom
[12574ded-9323-49e3-b352-56c057fe3b85/build]   | [INFO] Downloaded from central: https://repo.maven.apache.org/maven2/org/apache/maven/plugins/maven-clean-plugin/3.1.0/maven-clean-plugin-3.1.0.pom (5.2 kB at 199 kB/s)
[12574ded-9323-49e3-b352-56c057fe3b85/build]   | [INFO] Downloading from central: https://repo.maven.apache.org/maven2/org/apache/maven/plugins/maven-plugins/31/maven-plugins-31.pom
[12574ded-9323-49e3-b352-56c057fe3b85/build]   | [INFO] Downloaded from central: https://repo.maven.apache.org/maven2/org/apache/maven/plugins/maven-plugins/31/maven-plugins-31.pom (10 kB at 325 kB/s)
[12574ded-9323-49e3-b352-56c057fe3b85/build]   | [INFO] Downloading from central: https://repo.maven.apache.org/maven2/org/apache/maven/maven-parent/31/maven-parent-31.pom
[12574ded-9323-49e3-b352-56c057fe3b85/build]   | [INFO] Downloaded from central: https://repo.maven.apache.org/maven2/org/apache/maven/maven-parent/31/maven-parent-31.pom (43 kB at 3.3 MB/s)
[12574ded-9323-49e3-b352-56c057fe3b85/build]   | [INFO] Downloading from central: https://repo.maven.apache.org/maven2/org/apache/apache/19/apache-19.pom
[12574ded-9323-49e3-b352-56c057fe3b85/build]   | [INFO] Downloaded from central: https://repo.maven.apache.org/maven2/org/apache/apache/19/apache-19.pom (15 kB at 968 kB/s)
[12574ded-9323-49e3-b352-56c057fe3b85/build]   | [INFO] Downloading from central: https://repo.maven.apache.org/maven2/org/apache/maven/plugins/maven-clean-plugin/3.1.0/maven-clean-plugin-3.1.0.jar
[12574ded-9323-49e3-b352-56c057fe3b85/build]   | [INFO] Downloaded from central: https://repo.maven.apache.org/maven2/org/apache/maven/plugins/maven-clean-plugin/3.1.0/maven-clean-plugin-3.1.0.jar (30 kB at 1.0 MB/s)
[12574ded-9323-49e3-b352-56c057fe3b85/build]   | [INFO] Downloading from central: https://repo.maven.apache.org/maven2/org/apache/maven/plugins/maven-enforcer-plugin/3.0.0-M3/maven-enforcer-plugin-3.0.0-M3.pom
[12574ded-9323-49e3-b352-56c057fe3b85/build]   | [INFO] Downloaded from central: https://repo.maven.apache.org/maven2/org/apache/maven/plugins/maven-enforcer-plugin/3.0.0-M3/maven-enforcer-plugin-3.0.0-M3.pom (7.3 kB at 282 kB/s)
[12574ded-9323-49e3-b352-56c057fe3b85/build]   | [INFO] Downloading from central: https://repo.maven.apache.org/maven2/org/apache/maven/enforcer/enforcer/3.0.0-M3/enforcer-3.0.0-M3.pom
[12574ded-9323-49e3-b352-56c057fe3b85/build]   | [INFO] Downloaded from central: https://repo.maven.apache.org/maven2/org/apache/maven/enforcer/enforcer/3.0.0-M3/enforcer-3.0.0-M3.pom (7.8 kB at 600 kB/s)
[12574ded-9323-49e3-b352-56c057fe3b85/build]   | [INFO] Downloading from central: https://repo.maven.apache.org/maven2/org/apache/maven/plugins/maven-enforcer-plugin/3.0.0-M3/maven-enforcer-plugin-3.0.0-M3.jar
[12574ded-9323-49e3-b352-56c057fe3b85/build]   | [INFO] Downloaded from central: https://repo.maven.apache.org/maven2/org/apache/maven/plugins/maven-enforcer-plugin/3.0.0-M3/maven-enforcer-plugin-3.0.0-M3.jar (27 kB at 1.8 MB/s)
[12574ded-9323-49e3-b352-56c057fe3b85/build]   | [INFO] Downloading from central: https://repo.maven.apache.org/maven2/org/apache/maven/plugins/maven-resources-plugin/3.0.0/maven-resources-plugin-3.0.0.pom
[12574ded-9323-49e3-b352-56c057fe3b85/build]   | [INFO] Downloaded from central: https://repo.maven.apache.org/maven2/org/apache/maven/plugins/maven-resources-plugin/3.0.0/maven-resources-plugin-3.0.0.pom (7.4 kB at 670 kB/s)
[12574ded-9323-49e3-b352-56c057fe3b85/build]   | [INFO] Downloading from central: https://repo.maven.apache.org/maven2/org/apache/maven/plugins/maven-plugins/28/maven-plugins-28.pom
[12574ded-9323-49e3-b352-56c057fe3b85/build]   | [INFO] Downloaded from central: https://repo.maven.apache.org/maven2/org/apache/maven/plugins/maven-plugins/28/maven-plugins-28.pom (12 kB at 1.1 MB/s)
[12574ded-9323-49e3-b352-56c057fe3b85/build]   | [INFO] Downloading from central: https://repo.maven.apache.org/maven2/org/apache/maven/plugins/maven-resources-plugin/3.0.0/maven-resources-plugin-3.0.0.jar
[12574ded-9323-49e3-b352-56c057fe3b85/build]   | [INFO] Downloaded from central: https://repo.maven.apache.org/maven2/org/apache/maven/plugins/maven-resources-plugin/3.0.0/maven-resources-plugin-3.0.0.jar (31 kB at 1.7 MB/s)
[12574ded-9323-49e3-b352-56c057fe3b85/build]   | [INFO] Downloading from central: https://repo.maven.apache.org/maven2/org/apache/maven/plugins/maven-surefire-plugin/2.22.0/maven-surefire-plugin-2.22.0.pom
[12574ded-9323-49e3-b352-56c057fe3b85/build]   | [INFO] Downloaded from central: https://repo.maven.apache.org/maven2/org/apache/maven/plugins/maven-surefire-plugin/2.22.0/maven-surefire-plugin-2.22.0.pom (5.0 kB at 360 kB/s)
[12574ded-9323-49e3-b352-56c057fe3b85/build]   | [INFO] Downloading from central: https://repo.maven.apache.org/maven2/org/apache/maven/surefire/surefire/2.22.0/surefire-2.22.0.pom
[12574ded-9323-49e3-b352-56c057fe3b85/build]   | [INFO] Downloaded from central: https://repo.maven.apache.org/maven2/org/apache/maven/surefire/surefire/2.22.0/surefire-2.22.0.pom (27 kB at 1.5 MB/s)
[12574ded-9323-49e3-b352-56c057fe3b85/build]   | [INFO] Downloading from central: https://repo.maven.apache.org/maven2/org/apache/maven/plugins/maven-surefire-plugin/2.22.0/maven-surefire-plugin-2.22.0.jar
[12574ded-9323-49e3-b352-56c057fe3b85/build]   | [INFO] Downloaded from central: https://repo.maven.apache.org/maven2/org/apache/maven/plugins/maven-surefire-plugin/2.22.0/maven-surefire-plugin-2.22.0.jar (41 kB at 403 kB/s)
[12574ded-9323-49e3-b352-56c057fe3b85/build]   | [INFO] Downloading from central: https://repo.maven.apache.org/maven2/org/apache/maven/plugins/maven-source-plugin/3.2.1/maven-source-plugin-3.2.1.pom
[12574ded-9323-49e3-b352-56c057fe3b85/build]   | [INFO] Downloaded from central: https://repo.maven.apache.org/maven2/org/apache/maven/plugins/maven-source-plugin/3.2.1/maven-source-plugin-3.2.1.pom (6.9 kB at 178 kB/s)
[12574ded-9323-49e3-b352-56c057fe3b85/build]   | [INFO] Downloading from central: https://repo.maven.apache.org/maven2/org/apache/maven/plugins/maven-source-plugin/3.2.1/maven-source-plugin-3.2.1.jar
[12574ded-9323-49e3-b352-56c057fe3b85/build]   | [INFO] Downloaded from central: https://repo.maven.apache.org/maven2/org/apache/maven/plugins/maven-source-plugin/3.2.1/maven-source-plugin-3.2.1.jar (32 kB at 684 kB/s)
[12574ded-9323-49e3-b352-56c057fe3b85/build]   | [INFO] Downloading from central: https://repo.maven.apache.org/maven2/org/apache/maven/plugins/maven-javadoc-plugin/3.2.0/maven-javadoc-plugin-3.2.0.pom
[12574ded-9323-49e3-b352-56c057fe3b85/build]   | [INFO] Downloaded from central: https://repo.maven.apache.org/maven2/org/apache/maven/plugins/maven-javadoc-plugin/3.2.0/maven-javadoc-plugin-3.2.0.pom (20 kB at 424 kB/s)
[12574ded-9323-49e3-b352-56c057fe3b85/build]   | [INFO] Downloading from central: https://repo.maven.apache.org/maven2/org/apache/maven/plugins/maven-plugins/34/maven-plugins-34.pom
[12574ded-9323-49e3-b352-56c057fe3b85/build]   | [INFO] Downloaded from central: https://repo.maven.apache.org/maven2/org/apache/maven/plugins/maven-plugins/34/maven-plugins-34.pom (11 kB at 274 kB/s)
[12574ded-9323-49e3-b352-56c057fe3b85/build]   | [INFO] Downloading from central: https://repo.maven.apache.org/maven2/org/apache/maven/maven-parent/34/maven-parent-34.pom
[12574ded-9323-49e3-b352-56c057fe3b85/build]   | [INFO] Downloaded from central: https://repo.maven.apache.org/maven2/org/apache/maven/maven-parent/34/maven-parent-34.pom (43 kB at 669 kB/s)
[12574ded-9323-49e3-b352-56c057fe3b85/build]   | [INFO] Downloading from central: https://repo.maven.apache.org/maven2/org/apache/apache/23/apache-23.pom
[12574ded-9323-49e3-b352-56c057fe3b85/build]   | [INFO] Downloaded from central: https://repo.maven.apache.org/maven2/org/apache/apache/23/apache-23.pom (18 kB at 498 kB/s)
[12574ded-9323-49e3-b352-56c057fe3b85/build]   | [INFO] Downloading from central: https://repo.maven.apache.org/maven2/org/apache/maven/plugins/maven-javadoc-plugin/3.2.0/maven-javadoc-plugin-3.2.0.jar
[12574ded-9323-49e3-b352-56c057fe3b85/build]   | [INFO] Downloaded from central: https://repo.maven.apache.org/maven2/org/apache/maven/plugins/maven-javadoc-plugin/3.2.0/maven-javadoc-plugin-3.2.0.jar (492 kB at 4.4 MB/s)
[12574ded-9323-49e3-b352-56c057fe3b85/build]   | [INFO] Downloading from central: https://repo.maven.apache.org/maven2/junit/junit/4.12/junit-4.12.pom
[12574ded-9323-49e3-b352-56c057fe3b85/build]   | [INFO] Downloaded from central: https://repo.maven.apache.org/maven2/junit/junit/4.12/junit-4.12.pom (24 kB at 447 kB/s)
[12574ded-9323-49e3-b352-56c057fe3b85/build]   | [INFO] Downloading from central: https://repo.maven.apache.org/maven2/org/hamcrest/hamcrest-core/1.3/hamcrest-core-1.3.pom
[12574ded-9323-49e3-b352-56c057fe3b85/build]   | [INFO] Downloaded from central: https://repo.maven.apache.org/maven2/org/hamcrest/hamcrest-core/1.3/hamcrest-core-1.3.pom (766 B at 28 kB/s)
[12574ded-9323-49e3-b352-56c057fe3b85/build]   | [INFO] Downloading from central: https://repo.maven.apache.org/maven2/org/hamcrest/hamcrest-parent/1.3/hamcrest-parent-1.3.pom
[12574ded-9323-49e3-b352-56c057fe3b85/build]   | [INFO] Downloaded from central: https://repo.maven.apache.org/maven2/org/hamcrest/hamcrest-parent/1.3/hamcrest-parent-1.3.pom (2.0 kB at 197 kB/s)
[12574ded-9323-49e3-b352-56c057fe3b85/build]   | [INFO] Downloading from central: https://repo.maven.apache.org/maven2/junit/junit/4.12/junit-4.12.jar
[12574ded-9323-49e3-b352-56c057fe3b85/build]   | [INFO] Downloading from central: https://repo.maven.apache.org/maven2/org/hamcrest/hamcrest-core/1.3/hamcrest-core-1.3.jar
[12574ded-9323-49e3-b352-56c057fe3b85/build]   | [INFO] Downloaded from central: https://repo.maven.apache.org/maven2/org/hamcrest/hamcrest-core/1.3/hamcrest-core-1.3.jar (45 kB at 693 kB/s)
[12574ded-9323-49e3-b352-56c057fe3b85/build]   | [INFO] Downloaded from central: https://repo.maven.apache.org/maven2/junit/junit/4.12/junit-4.12.jar (315 kB at 3.2 MB/s)
[12574ded-9323-49e3-b352-56c057fe3b85/build]   | [INFO] 
[12574ded-9323-49e3-b352-56c057fe3b85/build]   | [INFO] --- maven-clean-plugin:3.1.0:clean (default-clean) @ dyn4j ---
[12574ded-9323-49e3-b352-56c057fe3b85/build]   | [INFO] Downloading from central: https://repo.maven.apache.org/maven2/org/codehaus/plexus/plexus-component-annotations/1.7.1/plexus-component-annotations-1.7.1.pom
[12574ded-9323-49e3-b352-56c057fe3b85/build]   | [INFO] Downloaded from central: https://repo.maven.apache.org/maven2/org/codehaus/plexus/plexus-component-annotations/1.7.1/plexus-component-annotations-1.7.1.pom (770 B at 86 kB/s)
[12574ded-9323-49e3-b352-56c057fe3b85/build]   | [INFO] Downloading from central: https://repo.maven.apache.org/maven2/org/codehaus/plexus/plexus-containers/1.7.1/plexus-containers-1.7.1.pom
[12574ded-9323-49e3-b352-56c057fe3b85/build]   | [INFO] Downloaded from central: https://repo.maven.apache.org/maven2/org/codehaus/plexus/plexus-containers/1.7.1/plexus-containers-1.7.1.pom (5.0 kB at 280 kB/s)
[12574ded-9323-49e3-b352-56c057fe3b85/build]   | [INFO] Downloading from central: https://repo.maven.apache.org/maven2/org/codehaus/plexus/plexus/4.0/plexus-4.0.pom
[12574ded-9323-49e3-b352-56c057fe3b85/build]   | [INFO] Downloaded from central: https://repo.maven.apache.org/maven2/org/codehaus/plexus/plexus/4.0/plexus-4.0.pom (22 kB at 3.1 MB/s)
[12574ded-9323-49e3-b352-56c057fe3b85/build]   | [INFO] Downloading from central: https://repo.maven.apache.org/maven2/org/apache/maven/maven-plugin-api/3.0/maven-plugin-api-3.0.jar
[12574ded-9323-49e3-b352-56c057fe3b85/build]   | [INFO] Downloading from central: https://repo.maven.apache.org/maven2/org/apache/maven/maven-model/3.0/maven-model-3.0.jar
[12574ded-9323-49e3-b352-56c057fe3b85/build]   | [INFO] Downloading from central: https://repo.maven.apache.org/maven2/org/codehaus/plexus/plexus-utils/2.0.4/plexus-utils-2.0.4.jar
[12574ded-9323-49e3-b352-56c057fe3b85/build]   | [INFO] Downloading from central: https://repo.maven.apache.org/maven2/org/apache/maven/maven-artifact/3.0/maven-artifact-3.0.jar
[12574ded-9323-49e3-b352-56c057fe3b85/build]   | [INFO] Downloading from central: https://repo.maven.apache.org/maven2/org/sonatype/sisu/sisu-inject-plexus/1.4.2/sisu-inject-plexus-1.4.2.jar
[12574ded-9323-49e3-b352-56c057fe3b85/build]   | [INFO] Downloaded from central: https://repo.maven.apache.org/maven2/org/apache/maven/maven-plugin-api/3.0/maven-plugin-api-3.0.jar (49 kB at 2.0 MB/s)
[12574ded-9323-49e3-b352-56c057fe3b85/build]   | [INFO] Downloading from central: https://repo.maven.apache.org/maven2/org/codehaus/plexus/plexus-component-annotations/1.7.1/plexus-component-annotations-1.7.1.jar
[12574ded-9323-49e3-b352-56c057fe3b85/build]   | [INFO] Downloaded from central: https://repo.maven.apache.org/maven2/org/codehaus/plexus/plexus-component-annotations/1.7.1/plexus-component-annotations-1.7.1.jar (4.3 kB at 82 kB/s)
[12574ded-9323-49e3-b352-56c057fe3b85/build]   | [INFO] Downloading from central: https://repo.maven.apache.org/maven2/org/codehaus/plexus/plexus-classworlds/2.2.3/plexus-classworlds-2.2.3.jar
[12574ded-9323-49e3-b352-56c057fe3b85/build]   | [INFO] Downloaded from central: https://repo.maven.apache.org/maven2/org/sonatype/sisu/sisu-inject-plexus/1.4.2/sisu-inject-plexus-1.4.2.jar (202 kB at 3.7 MB/s)
[12574ded-9323-49e3-b352-56c057fe3b85/build]   | [INFO] Downloading from central: https://repo.maven.apache.org/maven2/org/sonatype/sisu/sisu-inject-bean/1.4.2/sisu-inject-bean-1.4.2.jar
[12574ded-9323-49e3-b352-56c057fe3b85/build]   | [INFO] Downloaded from central: https://repo.maven.apache.org/maven2/org/apache/maven/maven-artifact/3.0/maven-artifact-3.0.jar (52 kB at 961 kB/s)
[12574ded-9323-49e3-b352-56c057fe3b85/build]   | [INFO] Downloading from central: https://repo.maven.apache.org/maven2/org/sonatype/sisu/sisu-guice/2.1.7/sisu-guice-2.1.7-noaop.jar
[12574ded-9323-49e3-b352-56c057fe3b85/build]   | [INFO] Downloaded from central: https://repo.maven.apache.org/maven2/org/apache/maven/maven-model/3.0/maven-model-3.0.jar (165 kB at 2.9 MB/s)
[12574ded-9323-49e3-b352-56c057fe3b85/build]   | [INFO] Downloaded from central: https://repo.maven.apache.org/maven2/org/sonatype/sisu/sisu-inject-bean/1.4.2/sisu-inject-bean-1.4.2.jar (153 kB at 2.2 MB/s)
[12574ded-9323-49e3-b352-56c057fe3b85/build]   | [INFO] Downloaded from central: https://repo.maven.apache.org/maven2/org/codehaus/plexus/plexus-classworlds/2.2.3/plexus-classworlds-2.2.3.jar (46 kB at 640 kB/s)
[12574ded-9323-49e3-b352-56c057fe3b85/build]   | [INFO] Downloaded from central: https://repo.maven.apache.org/maven2/org/codehaus/plexus/plexus-utils/2.0.4/plexus-utils-2.0.4.jar (222 kB at 2.7 MB/s)
[12574ded-9323-49e3-b352-56c057fe3b85/build]   | [INFO] Downloaded from central: https://repo.maven.apache.org/maven2/org/sonatype/sisu/sisu-guice/2.1.7/sisu-guice-2.1.7-noaop.jar (472 kB at 5.4 MB/s)
[12574ded-9323-49e3-b352-56c057fe3b85/build]   | [INFO] Deleting /tmp/ced20e91-cf37-47be-856c-4da4ca753a49/target
[12574ded-9323-49e3-b352-56c057fe3b85/build]   | [INFO] 
[12574ded-9323-49e3-b352-56c057fe3b85/build]   | [INFO] --- maven-enforcer-plugin:3.0.0-M3:enforce (enforce-rules) @ dyn4j ---
[12574ded-9323-49e3-b352-56c057fe3b85/build]   | [INFO] Downloading from central: https://repo.maven.apache.org/maven2/org/apache/maven/enforcer/enforcer-api/3.0.0-M3/enforcer-api-3.0.0-M3.pom
[12574ded-9323-49e3-b352-56c057fe3b85/build]   | [INFO] Downloaded from central: https://repo.maven.apache.org/maven2/org/apache/maven/enforcer/enforcer-api/3.0.0-M3/enforcer-api-3.0.0-M3.pom (2.8 kB at 81 kB/s)
[12574ded-9323-49e3-b352-56c057fe3b85/build]   | [INFO] Downloading from central: https://repo.maven.apache.org/maven2/org/codehaus/plexus/plexus-container-default/1.0-alpha-9/plexus-container-default-1.0-alpha-9.pom
[12574ded-9323-49e3-b352-56c057fe3b85/build]   | [INFO] Downloaded from central: https://repo.maven.apache.org/maven2/org/codehaus/plexus/plexus-container-default/1.0-alpha-9/plexus-container-default-1.0-alpha-9.pom (1.2 kB at 103 kB/s)
[12574ded-9323-49e3-b352-56c057fe3b85/build]   | [INFO] Downloading from central: https://repo.maven.apache.org/maven2/org/codehaus/plexus/plexus-containers/1.0.3/plexus-containers-1.0.3.pom
[12574ded-9323-49e3-b352-56c057fe3b85/build]   | [INFO] Downloaded from central: https://repo.maven.apache.org/maven2/org/codehaus/plexus/plexus-containers/1.0.3/plexus-containers-1.0.3.pom (492 B at 6.5 kB/s)
[12574ded-9323-49e3-b352-56c057fe3b85/build]   | [INFO] Downloading from central: https://repo.maven.apache.org/maven2/org/codehaus/plexus/plexus/1.0.4/plexus-1.0.4.pom
[12574ded-9323-49e3-b352-56c057fe3b85/build]   | [INFO] Downloaded from central: https://repo.maven.apache.org/maven2/org/codehaus/plexus/plexus/1.0.4/plexus-1.0.4.pom (5.7 kB at 522 kB/s)
[12574ded-9323-49e3-b352-56c057fe3b85/build]   | [INFO] Downloading from central: https://repo.maven.apache.org/maven2/junit/junit/4.11/junit-4.11.pom
[12574ded-9323-49e3-b352-56c057fe3b85/build]   | [INFO] Downloaded from central: https://repo.maven.apache.org/maven2/junit/junit/4.11/junit-4.11.pom (2.3 kB at 195 kB/s)
[12574ded-9323-49e3-b352-56c057fe3b85/build]   | [INFO] Downloading from central: https://repo.maven.apache.org/maven2/classworlds/classworlds/1.1-alpha-2/classworlds-1.1-alpha-2.pom
[12574ded-9323-49e3-b352-56c057fe3b85/build]   | [INFO] Downloaded from central: https://repo.maven.apache.org/maven2/classworlds/classworlds/1.1-alpha-2/classworlds-1.1-alpha-2.pom (3.1 kB at 87 kB/s)
[12574ded-9323-49e3-b352-56c057fe3b85/build]   | [INFO] Downloading from central: https://repo.maven.apache.org/maven2/org/apache/maven/enforcer/enforcer-rules/3.0.0-M3/enforcer-rules-3.0.0-M3.pom
[12574ded-9323-49e3-b352-56c057fe3b85/build]   | [INFO] Downloaded from central: https://repo.maven.apache.org/maven2/org/apache/maven/enforcer/enforcer-rules/3.0.0-M3/enforcer-rules-3.0.0-M3.pom (4.1 kB at 318 kB/s)
[12574ded-9323-49e3-b352-56c057fe3b85/build]   | [INFO] Downloading from central: https://repo.maven.apache.org/maven2/org/apache/maven/shared/maven-common-artifact-filters/3.1.0/maven-common-artifact-filters-3.1.0.pom
[12574ded-9323-49e3-b352-56c057fe3b85/build]   | [INFO] Downloaded from central: https://repo.maven.apache.org/maven2/org/apache/maven/shared/maven-common-artifact-filters/3.1.0/maven-common-artifact-filters-3.1.0.pom (5.3 kB at 278 kB/s)
[12574ded-9323-49e3-b352-56c057fe3b85/build]   | [INFO] Downloading from central: https://repo.maven.apache.org/maven2/org/apache/maven/shared/maven-shared-utils/3.1.0/maven-shared-utils-3.1.0.pom
[12574ded-9323-49e3-b352-56c057fe3b85/build]   | [INFO] Downloaded from central: https://repo.maven.apache.org/maven2/org/apache/maven/shared/maven-shared-utils/3.1.0/maven-shared-utils-3.1.0.pom (5.0 kB at 226 kB/s)
[12574ded-9323-49e3-b352-56c057fe3b85/build]   | [INFO] Downloading from central: https://repo.maven.apache.org/maven2/org/apache/commons/commons-lang3/3.8.1/commons-lang3-3.8.1.pom
[12574ded-9323-49e3-b352-56c057fe3b85/build]   | [INFO] Downloaded from central: https://repo.maven.apache.org/maven2/org/apache/commons/commons-lang3/3.8.1/commons-lang3-3.8.1.pom (28 kB at 649 kB/s)
[12574ded-9323-49e3-b352-56c057fe3b85/build]   | [INFO] Downloading from central: https://repo.maven.apache.org/maven2/org/apache/commons/commons-parent/47/commons-parent-47.pom
[12574ded-9323-49e3-b352-56c057fe3b85/build]   | [INFO] Downloaded from central: https://repo.maven.apache.org/maven2/org/apache/commons/commons-parent/47/commons-parent-47.pom (78 kB at 2.2 MB/s)
[12574ded-9323-49e3-b352-56c057fe3b85/build]   | [INFO] Downloading from central: https://repo.maven.apache.org/maven2/commons-codec/commons-codec/1.12/commons-codec-1.12.pom
[12574ded-9323-49e3-b352-56c057fe3b85/build]   | [INFO] Downloaded from central: https://repo.maven.apache.org/maven2/commons-codec/commons-codec/1.12/commons-codec-1.12.pom (14 kB at 548 kB/s)
[12574ded-9323-49e3-b352-56c057fe3b85/build]   | [INFO] Downloading from central: https://repo.maven.apache.org/maven2/org/beanshell/bsh/2.0b4/bsh-2.0b4.pom
[12574ded-9323-49e3-b352-56c057fe3b85/build]   | [INFO] Downloaded from central: https://repo.maven.apache.org/maven2/org/beanshell/bsh/2.0b4/bsh-2.0b4.pom (1.2 kB at 100 kB/s)
[12574ded-9323-49e3-b352-56c057fe3b85/build]   | [INFO] Downloading from central: https://repo.maven.apache.org/maven2/org/beanshell/beanshell/2.0b4/beanshell-2.0b4.pom
[12574ded-9323-49e3-b352-56c057fe3b85/build]   | [INFO] Downloaded from central: https://repo.maven.apache.org/maven2/org/beanshell/beanshell/2.0b4/beanshell-2.0b4.pom (1.4 kB at 83 kB/s)
[12574ded-9323-49e3-b352-56c057fe3b85/build]   | [INFO] Downloading from central: https://repo.maven.apache.org/maven2/org/apache/maven/shared/maven-dependency-tree/2.2/maven-dependency-tree-2.2.pom
[12574ded-9323-49e3-b352-56c057fe3b85/build]   | [INFO] Downloaded from central: https://repo.maven.apache.org/maven2/org/apache/maven/shared/maven-dependency-tree/2.2/maven-dependency-tree-2.2.pom (7.3 kB at 259 kB/s)
[12574ded-9323-49e3-b352-56c057fe3b85/build]   | [INFO] Downloading from central: https://repo.maven.apache.org/maven2/org/apache/maven/shared/maven-shared-components/20/maven-shared-components-20.pom
[12574ded-9323-49e3-b352-56c057fe3b85/build]   | [INFO] Downloaded from central: https://repo.maven.apache.org/maven2/org/apache/maven/shared/maven-shared-components/20/maven-shared-components-20.pom (5.1 kB at 196 kB/s)
[12574ded-9323-49e3-b352-56c057fe3b85/build]   | [INFO] Downloading from central: https://repo.maven.apache.org/maven2/org/apache/maven/maven-parent/24/maven-parent-24.pom
[12574ded-9323-49e3-b352-56c057fe3b85/build]   | [INFO] Downloaded from central: https://repo.maven.apache.org/maven2/org/apache/maven/maven-parent/24/maven-parent-24.pom (37 kB at 900 kB/s)
[12574ded-9323-49e3-b352-56c057fe3b85/build]   | [INFO] Downloading from central: https://repo.maven.apache.org/maven2/org/apache/apache/14/apache-14.pom
[12574ded-9323-49e3-b352-56c057fe3b85/build]   | [INFO] Downloaded from central: https://repo.maven.apache.org/maven2/org/apache/apache/14/apache-14.pom (15 kB at 699 kB/s)
[12574ded-9323-49e3-b352-56c057fe3b85/build]   | [INFO] Downloading from central: https://repo.maven.apache.org/maven2/org/apache/maven/resolver/maven-resolver-util/1.4.1/maven-resolver-util-1.4.1.pom
[12574ded-9323-49e3-b352-56c057fe3b85/build]   | [INFO] Downloaded from central: https://repo.maven.apache.org/maven2/org/apache/maven/resolver/maven-resolver-util/1.4.1/maven-resolver-util-1.4.1.pom (2.8 kB at 148 kB/s)
[12574ded-9323-49e3-b352-56c057fe3b85/build]   | [INFO] Downloading from central: https://repo.maven.apache.org/maven2/org/apache/maven/resolver/maven-resolver/1.4.1/maven-resolver-1.4.1.pom
[12574ded-9323-49e3-b352-56c057fe3b85/build]   | [INFO] Downloaded from central: https://repo.maven.apache.org/maven2/org/apache/maven/resolver/maven-resolver/1.4.1/maven-resolver-1.4.1.pom (18 kB at 1.4 MB/s)
[12574ded-9323-49e3-b352-56c057fe3b85/build]   | [INFO] Downloading from central: https://repo.maven.apache.org/maven2/org/apache/maven/resolver/maven-resolver-api/1.4.1/maven-resolver-api-1.4.1.pom
[12574ded-9323-49e3-b352-56c057fe3b85/build]   | [INFO] Downloaded from central: https://repo.maven.apache.org/maven2/org/apache/maven/resolver/maven-resolver-api/1.4.1/maven-resolver-api-1.4.1.pom (2.6 kB at 23 kB/s)
[12574ded-9323-49e3-b352-56c057fe3b85/build]   | [INFO] Downloading from central: https://repo.maven.apache.org/maven2/org/apache/maven/maven-compat/3.0/maven-compat-3.0.pom
[12574ded-9323-49e3-b352-56c057fe3b85/build]   | [INFO] Downloaded from central: https://repo.maven.apache.org/maven2/org/apache/maven/maven-compat/3.0/maven-compat-3.0.pom (4.0 kB at 251 kB/s)
[12574ded-9323-49e3-b352-56c057fe3b85/build]   | [INFO] Downloading from central: https://repo.maven.apache.org/maven2/org/apache/maven/wagon/wagon-provider-api/1.0-beta-6/wagon-provider-api-1.0-beta-6.pom
[12574ded-9323-49e3-b352-56c057fe3b85/build]   | [INFO] Downloaded from central: https://repo.maven.apache.org/maven2/org/apache/maven/wagon/wagon-provider-api/1.0-beta-6/wagon-provider-api-1.0-beta-6.pom (1.8 kB at 110 kB/s)
[12574ded-9323-49e3-b352-56c057fe3b85/build]   | [INFO] Downloading from central: https://repo.maven.apache.org/maven2/org/apache/maven/wagon/wagon/1.0-beta-6/wagon-1.0-beta-6.pom
[12574ded-9323-49e3-b352-56c057fe3b85/build]   | [INFO] Downloaded from central: https://repo.maven.apache.org/maven2/org/apache/maven/wagon/wagon/1.0-beta-6/wagon-1.0-beta-6.pom (12 kB at 826 kB/s)
[12574ded-9323-49e3-b352-56c057fe3b85/build]   | [INFO] Downloading from central: https://repo.maven.apache.org/maven2/org/apache/maven/maven-core/3.0/maven-core-3.0.jar
[12574ded-9323-49e3-b352-56c057fe3b85/build]   | [INFO] Downloading from central: https://repo.maven.apache.org/maven2/org/apache/maven/maven-settings/3.0/maven-settings-3.0.jar
[12574ded-9323-49e3-b352-56c057fe3b85/build]   | [INFO] Downloading from central: https://repo.maven.apache.org/maven2/org/apache/maven/maven-settings-builder/3.0/maven-settings-builder-3.0.jar
[12574ded-9323-49e3-b352-56c057fe3b85/build]   | [INFO] Downloading from central: https://repo.maven.apache.org/maven2/org/apache/maven/maven-repository-metadata/3.0/maven-repository-metadata-3.0.jar
[12574ded-9323-49e3-b352-56c057fe3b85/build]   | [INFO] Downloading from central: https://repo.maven.apache.org/maven2/org/apache/maven/maven-model-builder/3.0/maven-model-builder-3.0.jar
[12574ded-9323-49e3-b352-56c057fe3b85/build]   | [INFO] Downloaded from central: https://repo.maven.apache.org/maven2/org/apache/maven/maven-repository-metadata/3.0/maven-repository-metadata-3.0.jar (30 kB at 2.3 MB/s)
[12574ded-9323-49e3-b352-56c057fe3b85/build]   | [INFO] Downloading from central: https://repo.maven.apache.org/maven2/org/apache/maven/maven-aether-provider/3.0/maven-aether-provider-3.0.jar
[12574ded-9323-49e3-b352-56c057fe3b85/build]   | [INFO] Downloaded from central: https://repo.maven.apache.org/maven2/org/apache/maven/maven-settings/3.0/maven-settings-3.0.jar (47 kB at 3.1 MB/s)
[12574ded-9323-49e3-b352-56c057fe3b85/build]   | [INFO] Downloading from central: https://repo.maven.apache.org/maven2/org/sonatype/aether/aether-impl/1.7/aether-impl-1.7.jar
[12574ded-9323-49e3-b352-56c057fe3b85/build]   | [INFO] Downloaded from central: https://repo.maven.apache.org/maven2/org/apache/maven/maven-aether-provider/3.0/maven-aether-provider-3.0.jar (51 kB at 1.6 MB/s)
[12574ded-9323-49e3-b352-56c057fe3b85/build]   | [INFO] Downloaded from central: https://repo.maven.apache.org/maven2/org/apache/maven/maven-settings-builder/3.0/maven-settings-builder-3.0.jar (38 kB at 1.1 MB/s)
[12574ded-9323-49e3-b352-56c057fe3b85/build]   | [INFO] Downloading from central: https://repo.maven.apache.org/maven2/org/sonatype/aether/aether-api/1.7/aether-api-1.7.jar
[12574ded-9323-49e3-b352-56c057fe3b85/build]   | [INFO] Downloading from central: https://repo.maven.apache.org/maven2/org/sonatype/aether/aether-spi/1.7/aether-spi-1.7.jar
[12574ded-9323-49e3-b352-56c057fe3b85/build]   | [INFO] Downloaded from central: https://repo.maven.apache.org/maven2/org/apache/maven/maven-model-builder/3.0/maven-model-builder-3.0.jar (148 kB at 4.2 MB/s)
[12574ded-9323-49e3-b352-56c057fe3b85/build]   | [INFO] Downloaded from central: https://repo.maven.apache.org/maven2/org/sonatype/aether/aether-impl/1.7/aether-impl-1.7.jar (106 kB at 3.0 MB/s)
[12574ded-9323-49e3-b352-56c057fe3b85/build]   | [INFO] Downloading from central: https://repo.maven.apache.org/maven2/org/sonatype/aether/aether-util/1.7/aether-util-1.7.jar
[12574ded-9323-49e3-b352-56c057fe3b85/build]   | [INFO] Downloading from central: https://repo.maven.apache.org/maven2/org/codehaus/plexus/plexus-interpolation/1.14/plexus-interpolation-1.14.jar
[12574ded-9323-49e3-b352-56c057fe3b85/build]   | [INFO] Downloaded from central: https://repo.maven.apache.org/maven2/org/sonatype/aether/aether-api/1.7/aether-api-1.7.jar (74 kB at 1.5 MB/s)
[12574ded-9323-49e3-b352-56c057fe3b85/build]   | [INFO] Downloading from central: https://repo.maven.apache.org/maven2/org/apache/maven/enforcer/enforcer-api/3.0.0-M3/enforcer-api-3.0.0-M3.jar
[12574ded-9323-49e3-b352-56c057fe3b85/build]   | [INFO] Downloaded from central: https://repo.maven.apache.org/maven2/org/sonatype/aether/aether-spi/1.7/aether-spi-1.7.jar (14 kB at 271 kB/s)
[12574ded-9323-49e3-b352-56c057fe3b85/build]   | [INFO] Downloading from central: https://repo.maven.apache.org/maven2/org/codehaus/plexus/plexus-container-default/1.0-alpha-9/plexus-container-default-1.0-alpha-9.jar
[12574ded-9323-49e3-b352-56c057fe3b85/build]   | [INFO] Downloaded from central: https://repo.maven.apache.org/maven2/org/sonatype/aether/aether-util/1.7/aether-util-1.7.jar (108 kB at 2.1 MB/s)
[12574ded-9323-49e3-b352-56c057fe3b85/build]   | [INFO] Downloading from central: https://repo.maven.apache.org/maven2/junit/junit/4.11/junit-4.11.jar
[12574ded-9323-49e3-b352-56c057fe3b85/build]   | [INFO] Downloaded from central: https://repo.maven.apache.org/maven2/org/codehaus/plexus/plexus-interpolation/1.14/plexus-interpolation-1.14.jar (61 kB at 1.1 MB/s)
[12574ded-9323-49e3-b352-56c057fe3b85/build]   | [INFO] Downloading from central: https://repo.maven.apache.org/maven2/classworlds/classworlds/1.1-alpha-2/classworlds-1.1-alpha-2.jar
[12574ded-9323-49e3-b352-56c057fe3b85/build]   | [INFO] Downloaded from central: https://repo.maven.apache.org/maven2/org/apache/maven/enforcer/enforcer-api/3.0.0-M3/enforcer-api-3.0.0-M3.jar (12 kB at 205 kB/s)
[12574ded-9323-49e3-b352-56c057fe3b85/build]   | [INFO] Downloading from central: https://repo.maven.apache.org/maven2/org/apache/maven/enforcer/enforcer-rules/3.0.0-M3/enforcer-rules-3.0.0-M3.jar
[12574ded-9323-49e3-b352-56c057fe3b85/build]   | [INFO] Downloaded from central: https://repo.maven.apache.org/maven2/org/apache/maven/maven-core/3.0/maven-core-3.0.jar (527 kB at 7.8 MB/s)
[12574ded-9323-49e3-b352-56c057fe3b85/build]   | [INFO] Downloading from central: https://repo.maven.apache.org/maven2/org/apache/maven/shared/maven-common-artifact-filters/3.1.0/maven-common-artifact-filters-3.1.0.jar
[12574ded-9323-49e3-b352-56c057fe3b85/build]   | [INFO] Downloaded from central: https://repo.maven.apache.org/maven2/junit/junit/4.11/junit-4.11.jar (245 kB at 3.4 MB/s)
[12574ded-9323-49e3-b352-56c057fe3b85/build]   | [INFO] Downloading from central: https://repo.maven.apache.org/maven2/org/apache/maven/shared/maven-shared-utils/3.1.0/maven-shared-utils-3.1.0.jar
[12574ded-9323-49e3-b352-56c057fe3b85/build]   | [INFO] Downloaded from central: https://repo.maven.apache.org/maven2/classworlds/classworlds/1.1-alpha-2/classworlds-1.1-alpha-2.jar (38 kB at 507 kB/s)
[12574ded-9323-49e3-b352-56c057fe3b85/build]   | [INFO] Downloading from central: https://repo.maven.apache.org/maven2/org/apache/commons/commons-lang3/3.8.1/commons-lang3-3.8.1.jar
[12574ded-9323-49e3-b352-56c057fe3b85/build]   | [INFO] Downloaded from central: https://repo.maven.apache.org/maven2/org/apache/maven/shared/maven-common-artifact-filters/3.1.0/maven-common-artifact-filters-3.1.0.jar (61 kB at 756 kB/s)
[12574ded-9323-49e3-b352-56c057fe3b85/build]   | [INFO] Downloading from central: https://repo.maven.apache.org/maven2/commons-codec/commons-codec/1.12/commons-codec-1.12.jar
[12574ded-9323-49e3-b352-56c057fe3b85/build]   | [INFO] Downloaded from central: https://repo.maven.apache.org/maven2/org/apache/maven/enforcer/enforcer-rules/3.0.0-M3/enforcer-rules-3.0.0-M3.jar (107 kB at 1.3 MB/s)
[12574ded-9323-49e3-b352-56c057fe3b85/build]   | [INFO] Downloading from central: https://repo.maven.apache.org/maven2/org/beanshell/bsh/2.0b4/bsh-2.0b4.jar
[12574ded-9323-49e3-b352-56c057fe3b85/build]   | [INFO] Downloaded from central: https://repo.maven.apache.org/maven2/org/codehaus/plexus/plexus-container-default/1.0-alpha-9/plexus-container-default-1.0-alpha-9.jar (195 kB at 2.0 MB/s)
[12574ded-9323-49e3-b352-56c057fe3b85/build]   | [INFO] Downloading from central: https://repo.maven.apache.org/maven2/org/apache/maven/shared/maven-dependency-tree/2.2/maven-dependency-tree-2.2.jar
[12574ded-9323-49e3-b352-56c057fe3b85/build]   | [INFO] Downloaded from central: https://repo.maven.apache.org/maven2/org/apache/maven/shared/maven-shared-utils/3.1.0/maven-shared-utils-3.1.0.jar (164 kB at 1.5 MB/s)
[12574ded-9323-49e3-b352-56c057fe3b85/build]   | [INFO] Downloading from central: https://repo.maven.apache.org/maven2/org/apache/maven/resolver/maven-resolver-util/1.4.1/maven-resolver-util-1.4.1.jar
[12574ded-9323-49e3-b352-56c057fe3b85/build]   | [INFO] Downloaded from central: https://repo.maven.apache.org/maven2/commons-codec/commons-codec/1.12/commons-codec-1.12.jar (340 kB at 3.0 MB/s)
[12574ded-9323-49e3-b352-56c057fe3b85/build]   | [INFO] Downloading from central: https://repo.maven.apache.org/maven2/org/apache/maven/resolver/maven-resolver-api/1.4.1/maven-resolver-api-1.4.1.jar
[12574ded-9323-49e3-b352-56c057fe3b85/build]   | [INFO] Downloaded from central: https://repo.maven.apache.org/maven2/org/apache/maven/shared/maven-dependency-tree/2.2/maven-dependency-tree-2.2.jar (64 kB at 543 kB/s)
[12574ded-9323-49e3-b352-56c057fe3b85/build]   | [INFO] Downloading from central: https://repo.maven.apache.org/maven2/org/apache/maven/maven-compat/3.0/maven-compat-3.0.jar
[12574ded-9323-49e3-b352-56c057fe3b85/build]   | [INFO] Downloaded from central: https://repo.maven.apache.org/maven2/org/apache/maven/resolver/maven-resolver-api/1.4.1/maven-resolver-api-1.4.1.jar (149 kB at 1.1 MB/s)
[12574ded-9323-49e3-b352-56c057fe3b85/build]   | [INFO] Downloading from central: https://repo.maven.apache.org/maven2/org/apache/maven/wagon/wagon-provider-api/1.0-beta-6/wagon-provider-api-1.0-beta-6.jar
[12574ded-9323-49e3-b352-56c057fe3b85/build]   | [INFO] Downloaded from central: https://repo.maven.apache.org/maven2/org/beanshell/bsh/2.0b4/bsh-2.0b4.jar (282 kB at 2.1 MB/s)
[12574ded-9323-49e3-b352-56c057fe3b85/build]   | [INFO] Downloaded from central: https://repo.maven.apache.org/maven2/org/apache/maven/resolver/maven-resolver-util/1.4.1/maven-resolver-util-1.4.1.jar (168 kB at 1.2 MB/s)
[12574ded-9323-49e3-b352-56c057fe3b85/build]   | [INFO] Downloaded from central: https://repo.maven.apache.org/maven2/org/apache/commons/commons-lang3/3.8.1/commons-lang3-3.8.1.jar (502 kB at 3.5 MB/s)
[12574ded-9323-49e3-b352-56c057fe3b85/build]   | [INFO] Downloaded from central: https://repo.maven.apache.org/maven2/org/apache/maven/maven-compat/3.0/maven-compat-3.0.jar (285 kB at 1.9 MB/s)
[12574ded-9323-49e3-b352-56c057fe3b85/build]   | [INFO] Downloaded from central: https://repo.maven.apache.org/maven2/org/apache/maven/wagon/wagon-provider-api/1.0-beta-6/wagon-provider-api-1.0-beta-6.jar (53 kB at 350 kB/s)
[12574ded-9323-49e3-b352-56c057fe3b85/build]   | [INFO] 
[12574ded-9323-49e3-b352-56c057fe3b85/build]   | [INFO] --- maven-resources-plugin:3.0.0:resources (default-resources) @ dyn4j ---
[12574ded-9323-49e3-b352-56c057fe3b85/build]   | [INFO] Downloading from central: https://repo.maven.apache.org/maven2/org/codehaus/plexus/plexus-utils/3.0.24/plexus-utils-3.0.24.pom
[12574ded-9323-49e3-b352-56c057fe3b85/build]   | [INFO] Downloaded from central: https://repo.maven.apache.org/maven2/org/codehaus/plexus/plexus-utils/3.0.24/plexus-utils-3.0.24.pom (4.1 kB at 317 kB/s)
[12574ded-9323-49e3-b352-56c057fe3b85/build]   | [INFO] Downloading from central: https://repo.maven.apache.org/maven2/org/apache/maven/shared/maven-filtering/3.1.0/maven-filtering-3.1.0.pom
[12574ded-9323-49e3-b352-56c057fe3b85/build]   | [INFO] Downloaded from central: https://repo.maven.apache.org/maven2/org/apache/maven/shared/maven-filtering/3.1.0/maven-filtering-3.1.0.pom (5.8 kB at 412 kB/s)
[12574ded-9323-49e3-b352-56c057fe3b85/build]   | [INFO] Downloading from central: https://repo.maven.apache.org/maven2/org/apache/maven/shared/maven-shared-components/22/maven-shared-components-22.pom
[12574ded-9323-49e3-b352-56c057fe3b85/build]   | [INFO] Downloaded from central: https://repo.maven.apache.org/maven2/org/apache/maven/shared/maven-shared-components/22/maven-shared-components-22.pom (5.1 kB at 365 kB/s)
[12574ded-9323-49e3-b352-56c057fe3b85/build]   | [INFO] Downloading from central: https://repo.maven.apache.org/maven2/org/apache/maven/shared/maven-shared-utils/3.0.0/maven-shared-utils-3.0.0.pom
[12574ded-9323-49e3-b352-56c057fe3b85/build]   | [INFO] Downloaded from central: https://repo.maven.apache.org/maven2/org/apache/maven/shared/maven-shared-utils/3.0.0/maven-shared-utils-3.0.0.pom (5.6 kB at 180 kB/s)
[12574ded-9323-49e3-b352-56c057fe3b85/build]   | [INFO] Downloading from central: https://repo.maven.apache.org/maven2/commons-io/commons-io/2.4/commons-io-2.4.pom
[12574ded-9323-49e3-b352-56c057fe3b85/build]   | [INFO] Downloaded from central: https://repo.maven.apache.org/maven2/commons-io/commons-io/2.4/commons-io-2.4.pom (10 kB at 261 kB/s)
[12574ded-9323-49e3-b352-56c057fe3b85/build]   | [INFO] Downloading from central: https://repo.maven.apache.org/maven2/org/apache/commons/commons-parent/25/commons-parent-25.pom
[12574ded-9323-49e3-b352-56c057fe3b85/build]   | [INFO] Downloaded from central: https://repo.maven.apache.org/maven2/org/apache/commons/commons-parent/25/commons-parent-25.pom (48 kB at 3.0 MB/s)
[12574ded-9323-49e3-b352-56c057fe3b85/build]   | [INFO] Downloading from central: https://repo.maven.apache.org/maven2/com/google/code/findbugs/jsr305/2.0.1/jsr305-2.0.1.pom
[12574ded-9323-49e3-b352-56c057fe3b85/build]   | [INFO] Downloaded from central: https://repo.maven.apache.org/maven2/com/google/code/findbugs/jsr305/2.0.1/jsr305-2.0.1.pom (965 B at 15 kB/s)
[12574ded-9323-49e3-b352-56c057fe3b85/build]   | [INFO] Downloading from central: https://repo.maven.apache.org/maven2/org/codehaus/plexus/plexus-component-annotations/1.5.5/plexus-component-annotations-1.5.5.jar
[12574ded-9323-49e3-b352-56c057fe3b85/build]   | [INFO] Downloading from central: https://repo.maven.apache.org/maven2/org/codehaus/plexus/plexus-utils/3.0.24/plexus-utils-3.0.24.jar
[12574ded-9323-49e3-b352-56c057fe3b85/build]   | [INFO] Downloading from central: https://repo.maven.apache.org/maven2/org/apache/maven/shared/maven-filtering/3.1.0/maven-filtering-3.1.0.jar
[12574ded-9323-49e3-b352-56c057fe3b85/build]   | [INFO] Downloading from central: https://repo.maven.apache.org/maven2/org/apache/maven/shared/maven-shared-utils/3.0.0/maven-shared-utils-3.0.0.jar
[12574ded-9323-49e3-b352-56c057fe3b85/build]   | [INFO] Downloading from central: https://repo.maven.apache.org/maven2/commons-io/commons-io/2.4/commons-io-2.4.jar
[12574ded-9323-49e3-b352-56c057fe3b85/build]   | [INFO] Downloaded from central: https://repo.maven.apache.org/maven2/org/apache/maven/shared/maven-filtering/3.1.0/maven-filtering-3.1.0.jar (51 kB at 2.2 MB/s)
[12574ded-9323-49e3-b352-56c057fe3b85/build]   | [INFO] Downloading from central: https://repo.maven.apache.org/maven2/com/google/code/findbugs/jsr305/2.0.1/jsr305-2.0.1.jar
[12574ded-9323-49e3-b352-56c057fe3b85/build]   | [INFO] Downloaded from central: https://repo.maven.apache.org/maven2/org/codehaus/plexus/plexus-component-annotations/1.5.5/plexus-component-annotations-1.5.5.jar (4.2 kB at 150 kB/s)
[12574ded-9323-49e3-b352-56c057fe3b85/build]   | [INFO] Downloaded from central: https://repo.maven.apache.org/maven2/org/codehaus/plexus/plexus-utils/3.0.24/plexus-utils-3.0.24.jar (247 kB at 9.2 MB/s)
[12574ded-9323-49e3-b352-56c057fe3b85/build]   | [INFO] Downloaded from central: https://repo.maven.apache.org/maven2/org/apache/maven/shared/maven-shared-utils/3.0.0/maven-shared-utils-3.0.0.jar (155 kB at 5.7 MB/s)
[12574ded-9323-49e3-b352-56c057fe3b85/build]   | [INFO] Downloaded from central: https://repo.maven.apache.org/maven2/com/google/code/findbugs/jsr305/2.0.1/jsr305-2.0.1.jar (32 kB at 817 kB/s)
[12574ded-9323-49e3-b352-56c057fe3b85/build]   | [INFO] Downloaded from central: https://repo.maven.apache.org/maven2/commons-io/commons-io/2.4/commons-io-2.4.jar (185 kB at 3.6 MB/s)
[12574ded-9323-49e3-b352-56c057fe3b85/build]   | [INFO] Using 'UTF-8' encoding to copy filtered resources.
[12574ded-9323-49e3-b352-56c057fe3b85/build]   | [INFO] ignoreDelta true
[12574ded-9323-49e3-b352-56c057fe3b85/build]   | [INFO] Copying 1 resource
[12574ded-9323-49e3-b352-56c057fe3b85/build]   | [INFO] Copying file org/dyn4j/resources/messages.properties
[12574ded-9323-49e3-b352-56c057fe3b85/build]   | [INFO] 
[12574ded-9323-49e3-b352-56c057fe3b85/build]   | [INFO] --- maven-compiler-plugin:3.8.1:compile (default-compile) @ dyn4j ---
[12574ded-9323-49e3-b352-56c057fe3b85/build]   | [INFO] Downloading from central: https://repo.maven.apache.org/maven2/org/apache/maven/shared/maven-shared-incremental/1.1/maven-shared-incremental-1.1.pom
[12574ded-9323-49e3-b352-56c057fe3b85/build]   | [INFO] Downloaded from central: https://repo.maven.apache.org/maven2/org/apache/maven/shared/maven-shared-incremental/1.1/maven-shared-incremental-1.1.pom (4.7 kB at 206 kB/s)
[12574ded-9323-49e3-b352-56c057fe3b85/build]   | [INFO] Downloading from central: https://repo.maven.apache.org/maven2/org/apache/maven/shared/maven-shared-components/19/maven-shared-components-19.pom
[12574ded-9323-49e3-b352-56c057fe3b85/build]   | [INFO] Downloaded from central: https://repo.maven.apache.org/maven2/org/apache/maven/shared/maven-shared-components/19/maven-shared-components-19.pom (6.4 kB at 454 kB/s)
[12574ded-9323-49e3-b352-56c057fe3b85/build]   | [INFO] Downloading from central: https://repo.maven.apache.org/maven2/org/apache/maven/maven-parent/23/maven-parent-23.pom
[12574ded-9323-49e3-b352-56c057fe3b85/build]   | [INFO] Downloaded from central: https://repo.maven.apache.org/maven2/org/apache/maven/maven-parent/23/maven-parent-23.pom (33 kB at 1.2 MB/s)
[12574ded-9323-49e3-b352-56c057fe3b85/build]   | [INFO] Downloading from central: https://repo.maven.apache.org/maven2/org/apache/apache/13/apache-13.pom
[12574ded-9323-49e3-b352-56c057fe3b85/build]   | [INFO] Downloaded from central: https://repo.maven.apache.org/maven2/org/apache/apache/13/apache-13.pom (14 kB at 1.1 MB/s)
[12574ded-9323-49e3-b352-56c057fe3b85/build]   | [INFO] Downloading from central: https://repo.maven.apache.org/maven2/org/apache/maven/maven-plugin-api/2.2.1/maven-plugin-api-2.2.1.pom
[12574ded-9323-49e3-b352-56c057fe3b85/build]   | [INFO] Downloaded from central: https://repo.maven.apache.org/maven2/org/apache/maven/maven-plugin-api/2.2.1/maven-plugin-api-2.2.1.pom (1.5 kB at 122 kB/s)
[12574ded-9323-49e3-b352-56c057fe3b85/build]   | [INFO] Downloading from central: https://repo.maven.apache.org/maven2/org/apache/maven/maven/2.2.1/maven-2.2.1.pom
[12574ded-9323-49e3-b352-56c057fe3b85/build]   | [INFO] Downloaded from central: https://repo.maven.apache.org/maven2/org/apache/maven/maven/2.2.1/maven-2.2.1.pom (22 kB at 1.1 MB/s)
[12574ded-9323-49e3-b352-56c057fe3b85/build]   | [INFO] Downloading from central: https://repo.maven.apache.org/maven2/org/apache/maven/maven-core/2.2.1/maven-core-2.2.1.pom
[12574ded-9323-49e3-b352-56c057fe3b85/build]   | [INFO] Downloaded from central: https://repo.maven.apache.org/maven2/org/apache/maven/maven-core/2.2.1/maven-core-2.2.1.pom (12 kB at 776 kB/s)
[12574ded-9323-49e3-b352-56c057fe3b85/build]   | [INFO] Downloading from central: https://repo.maven.apache.org/maven2/org/apache/maven/maven-settings/2.2.1/maven-settings-2.2.1.pom
[12574ded-9323-49e3-b352-56c057fe3b85/build]   | [INFO] Downloaded from central: https://repo.maven.apache.org/maven2/org/apache/maven/maven-settings/2.2.1/maven-settings-2.2.1.pom (2.2 kB at 218 kB/s)
[12574ded-9323-49e3-b352-56c057fe3b85/build]   | [INFO] Downloading from central: https://repo.maven.apache.org/maven2/org/apache/maven/maven-model/2.2.1/maven-model-2.2.1.pom
[12574ded-9323-49e3-b352-56c057fe3b85/build]   | [INFO] Downloaded from central: https://repo.maven.apache.org/maven2/org/apache/maven/maven-model/2.2.1/maven-model-2.2.1.pom (3.2 kB at 324 kB/s)
[12574ded-9323-49e3-b352-56c057fe3b85/build]   | [INFO] Downloading from central: https://repo.maven.apache.org/maven2/org/codehaus/plexus/plexus-utils/1.5.15/plexus-utils-1.5.15.pom
[12574ded-9323-49e3-b352-56c057fe3b85/build]   | [INFO] Downloaded from central: https://repo.maven.apache.org/maven2/org/codehaus/plexus/plexus-utils/1.5.15/plexus-utils-1.5.15.pom (6.8 kB at 856 kB/s)
[12574ded-9323-49e3-b352-56c057fe3b85/build]   | [INFO] Downloading from central: https://repo.maven.apache.org/maven2/org/codehaus/plexus/plexus-interpolation/1.11/plexus-interpolation-1.11.pom
[12574ded-9323-49e3-b352-56c057fe3b85/build]   | [INFO] Downloaded from central: https://repo.maven.apache.org/maven2/org/codehaus/plexus/plexus-interpolation/1.11/plexus-interpolation-1.11.pom (889 B at 26 kB/s)
[12574ded-9323-49e3-b352-56c057fe3b85/build]   | [INFO] Downloading from central: https://repo.maven.apache.org/maven2/org/codehaus/plexus/plexus-components/1.1.14/plexus-components-1.1.14.pom
[12574ded-9323-49e3-b352-56c057fe3b85/build]   | [INFO] Downloaded from central: https://repo.maven.apache.org/maven2/org/codehaus/plexus/plexus-components/1.1.14/plexus-components-1.1.14.pom (5.8 kB at 531 kB/s)
[12574ded-9323-49e3-b352-56c057fe3b85/build]   | [INFO] Downloading from central: https://repo.maven.apache.org/maven2/org/apache/maven/maven-plugin-parameter-documenter/2.2.1/maven-plugin-parameter-documenter-2.2.1.pom
[12574ded-9323-49e3-b352-56c057fe3b85/build]   | [INFO] Downloaded from central: https://repo.maven.apache.org/maven2/org/apache/maven/maven-plugin-parameter-documenter/2.2.1/maven-plugin-parameter-documenter-2.2.1.pom (2.0 kB at 98 kB/s)
[12574ded-9323-49e3-b352-56c057fe3b85/build]   | [INFO] Downloading from central: https://repo.maven.apache.org/maven2/org/slf4j/slf4j-jdk14/1.5.6/slf4j-jdk14-1.5.6.pom
[12574ded-9323-49e3-b352-56c057fe3b85/build]   | [INFO] Downloaded from central: https://repo.maven.apache.org/maven2/org/slf4j/slf4j-jdk14/1.5.6/slf4j-jdk14-1.5.6.pom (1.9 kB at 68 kB/s)
[12574ded-9323-49e3-b352-56c057fe3b85/build]   | [INFO] Downloading from central: https://repo.maven.apache.org/maven2/org/slf4j/slf4j-parent/1.5.6/slf4j-parent-1.5.6.pom
[12574ded-9323-49e3-b352-56c057fe3b85/build]   | [INFO] Downloaded from central: https://repo.maven.apache.org/maven2/org/slf4j/slf4j-parent/1.5.6/slf4j-parent-1.5.6.pom (7.9 kB at 880 kB/s)
[12574ded-9323-49e3-b352-56c057fe3b85/build]   | [INFO] Downloading from central: https://repo.maven.apache.org/maven2/org/slf4j/slf4j-api/1.5.6/slf4j-api-1.5.6.pom
[12574ded-9323-49e3-b352-56c057fe3b85/build]   | [INFO] Downloaded from central: https://repo.maven.apache.org/maven2/org/slf4j/slf4j-api/1.5.6/slf4j-api-1.5.6.pom (3.0 kB at 249 kB/s)
[12574ded-9323-49e3-b352-56c057fe3b85/build]   | [INFO] Downloading from central: https://repo.maven.apache.org/maven2/org/slf4j/jcl-over-slf4j/1.5.6/jcl-over-slf4j-1.5.6.pom
[12574ded-9323-49e3-b352-56c057fe3b85/build]   | [INFO] Downloaded from central: https://repo.maven.apache.org/maven2/org/slf4j/jcl-over-slf4j/1.5.6/jcl-over-slf4j-1.5.6.pom (2.2 kB at 66 kB/s)
[12574ded-9323-49e3-b352-56c057fe3b85/build]   | [INFO] Downloading from central: https://repo.maven.apache.org/maven2/org/apache/maven/maven-profile/2.2.1/maven-profile-2.2.1.pom
[12574ded-9323-49e3-b352-56c057fe3b85/build]   | [INFO] Downloaded from central: https://repo.maven.apache.org/maven2/org/apache/maven/maven-profile/2.2.1/maven-profile-2.2.1.pom (2.2 kB at 33 kB/s)
[12574ded-9323-49e3-b352-56c057fe3b85/build]   | [INFO] Downloading from central: https://repo.maven.apache.org/maven2/org/apache/maven/maven-artifact/2.2.1/maven-artifact-2.2.1.pom
[12574ded-9323-49e3-b352-56c057fe3b85/build]   | [INFO] Downloaded from central: https://repo.maven.apache.org/maven2/org/apache/maven/maven-artifact/2.2.1/maven-artifact-2.2.1.pom (1.6 kB at 122 kB/s)
[12574ded-9323-49e3-b352-56c057fe3b85/build]   | [INFO] Downloading from central: https://repo.maven.apache.org/maven2/org/apache/maven/maven-repository-metadata/2.2.1/maven-repository-metadata-2.2.1.pom
[12574ded-9323-49e3-b352-56c057fe3b85/build]   | [INFO] Downloaded from central: https://repo.maven.apache.org/maven2/org/apache/maven/maven-repository-metadata/2.2.1/maven-repository-metadata-2.2.1.pom (1.9 kB at 117 kB/s)
[12574ded-9323-49e3-b352-56c057fe3b85/build]   | [INFO] Downloading from central: https://repo.maven.apache.org/maven2/org/apache/maven/maven-error-diagnostics/2.2.1/maven-error-diagnostics-2.2.1.pom
[12574ded-9323-49e3-b352-56c057fe3b85/build]   | [INFO] Downloaded from central: https://repo.maven.apache.org/maven2/org/apache/maven/maven-error-diagnostics/2.2.1/maven-error-diagnostics-2.2.1.pom (1.7 kB at 155 kB/s)
[12574ded-9323-49e3-b352-56c057fe3b85/build]   | [INFO] Downloading from central: https://repo.maven.apache.org/maven2/org/apache/maven/maven-project/2.2.1/maven-project-2.2.1.pom
[12574ded-9323-49e3-b352-56c057fe3b85/build]   | [INFO] Downloaded from central: https://repo.maven.apache.org/maven2/org/apache/maven/maven-project/2.2.1/maven-project-2.2.1.pom (2.8 kB at 462 kB/s)
[12574ded-9323-49e3-b352-56c057fe3b85/build]   | [INFO] Downloading from central: https://repo.maven.apache.org/maven2/org/apache/maven/maven-artifact-manager/2.2.1/maven-artifact-manager-2.2.1.pom
[12574ded-9323-49e3-b352-56c057fe3b85/build]   | [INFO] Downloaded from central: https://repo.maven.apache.org/maven2/org/apache/maven/maven-artifact-manager/2.2.1/maven-artifact-manager-2.2.1.pom (3.1 kB at 46 kB/s)
[12574ded-9323-49e3-b352-56c057fe3b85/build]   | [INFO] Downloading from central: https://repo.maven.apache.org/maven2/backport-util-concurrent/backport-util-concurrent/3.1/backport-util-concurrent-3.1.pom
[12574ded-9323-49e3-b352-56c057fe3b85/build]   | [INFO] Downloaded from central: https://repo.maven.apache.org/maven2/backport-util-concurrent/backport-util-concurrent/3.1/backport-util-concurrent-3.1.pom (880 B at 88 kB/s)
[12574ded-9323-49e3-b352-56c057fe3b85/build]   | [INFO] Downloading from central: https://repo.maven.apache.org/maven2/org/apache/maven/maven-plugin-registry/2.2.1/maven-plugin-registry-2.2.1.pom
[12574ded-9323-49e3-b352-56c057fe3b85/build]   | [INFO] Downloaded from central: https://repo.maven.apache.org/maven2/org/apache/maven/maven-plugin-registry/2.2.1/maven-plugin-registry-2.2.1.pom (1.9 kB at 193 kB/s)
[12574ded-9323-49e3-b352-56c057fe3b85/build]   | [INFO] Downloading from central: https://repo.maven.apache.org/maven2/org/apache/maven/maven-plugin-descriptor/2.2.1/maven-plugin-descriptor-2.2.1.pom
[12574ded-9323-49e3-b352-56c057fe3b85/build]   | [INFO] Downloaded from central: https://repo.maven.apache.org/maven2/org/apache/maven/maven-plugin-descriptor/2.2.1/maven-plugin-descriptor-2.2.1.pom (2.1 kB at 121 kB/s)
[12574ded-9323-49e3-b352-56c057fe3b85/build]   | [INFO] Downloading from central: https://repo.maven.apache.org/maven2/org/apache/maven/maven-monitor/2.2.1/maven-monitor-2.2.1.pom
[12574ded-9323-49e3-b352-56c057fe3b85/build]   | [INFO] Downloaded from central: https://repo.maven.apache.org/maven2/org/apache/maven/maven-monitor/2.2.1/maven-monitor-2.2.1.pom (1.3 kB at 45 kB/s)
[12574ded-9323-49e3-b352-56c057fe3b85/build]   | [INFO] Downloading from central: https://repo.maven.apache.org/maven2/org/apache/maven/shared/maven-shared-utils/0.1/maven-shared-utils-0.1.pom
[12574ded-9323-49e3-b352-56c057fe3b85/build]   | [INFO] Downloaded from central: https://repo.maven.apache.org/maven2/org/apache/maven/shared/maven-shared-utils/0.1/maven-shared-utils-0.1.pom (4.0 kB at 123 kB/s)
[12574ded-9323-49e3-b352-56c057fe3b85/build]   | [INFO] Downloading from central: https://repo.maven.apache.org/maven2/org/apache/maven/shared/maven-shared-components/18/maven-shared-components-18.pom
[12574ded-9323-49e3-b352-56c057fe3b85/build]   | [INFO] Downloaded from central: https://repo.maven.apache.org/maven2/org/apache/maven/shared/maven-shared-components/18/maven-shared-components-18.pom (4.9 kB at 449 kB/s)
[12574ded-9323-49e3-b352-56c057fe3b85/build]   | [INFO] Downloading from central: https://repo.maven.apache.org/maven2/org/apache/maven/maven-parent/22/maven-parent-22.pom
[12574ded-9323-49e3-b352-56c057fe3b85/build]   | [INFO] Downloaded from central: https://repo.maven.apache.org/maven2/org/apache/maven/maven-parent/22/maven-parent-22.pom (30 kB at 2.5 MB/s)
[12574ded-9323-49e3-b352-56c057fe3b85/build]   | [INFO] Downloading from central: https://repo.maven.apache.org/maven2/org/apache/apache/11/apache-11.pom
[12574ded-9323-49e3-b352-56c057fe3b85/build]   | [INFO] Downloaded from central: https://repo.maven.apache.org/maven2/org/apache/apache/11/apache-11.pom (15 kB at 1.3 MB/s)
[12574ded-9323-49e3-b352-56c057fe3b85/build]   | [INFO] Downloading from central: https://repo.maven.apache.org/maven2/org/codehaus/plexus/plexus-java/0.9.10/plexus-java-0.9.10.pom
[12574ded-9323-49e3-b352-56c057fe3b85/build]   | [INFO] Downloaded from central: https://repo.maven.apache.org/maven2/org/codehaus/plexus/plexus-java/0.9.10/plexus-java-0.9.10.pom (5.1 kB at 568 kB/s)
[12574ded-9323-49e3-b352-56c057fe3b85/build]   | [INFO] Downloading from central: https://repo.maven.apache.org/maven2/org/codehaus/plexus/plexus-languages/0.9.10/plexus-languages-0.9.10.pom
[12574ded-9323-49e3-b352-56c057fe3b85/build]   | [INFO] Downloaded from central: https://repo.maven.apache.org/maven2/org/codehaus/plexus/plexus-languages/0.9.10/plexus-languages-0.9.10.pom (4.1 kB at 460 kB/s)
[12574ded-9323-49e3-b352-56c057fe3b85/build]   | [INFO] Downloading from central: https://repo.maven.apache.org/maven2/org/ow2/asm/asm/6.2/asm-6.2.pom
[12574ded-9323-49e3-b352-56c057fe3b85/build]   | [INFO] Downloaded from central: https://repo.maven.apache.org/maven2/org/ow2/asm/asm/6.2/asm-6.2.pom (2.9 kB at 226 kB/s)
[12574ded-9323-49e3-b352-56c057fe3b85/build]   | [INFO] Downloading from central: https://repo.maven.apache.org/maven2/org/ow2/ow2/1.5/ow2-1.5.pom
[12574ded-9323-49e3-b352-56c057fe3b85/build]   | [INFO] Downloaded from central: https://repo.maven.apache.org/maven2/org/ow2/ow2/1.5/ow2-1.5.pom (11 kB at 488 kB/s)
[12574ded-9323-49e3-b352-56c057fe3b85/build]   | [INFO] Downloading from central: https://repo.maven.apache.org/maven2/com/thoughtworks/qdox/qdox/2.0-M9/qdox-2.0-M9.pom
[12574ded-9323-49e3-b352-56c057fe3b85/build]   | [INFO] Downloaded from central: https://repo.maven.apache.org/maven2/com/thoughtworks/qdox/qdox/2.0-M9/qdox-2.0-M9.pom (16 kB at 2.0 MB/s)
[12574ded-9323-49e3-b352-56c057fe3b85/build]   | [INFO] Downloading from central: https://repo.maven.apache.org/maven2/org/codehaus/plexus/plexus-compiler-api/2.8.4/plexus-compiler-api-2.8.4.pom
[12574ded-9323-49e3-b352-56c057fe3b85/build]   | [INFO] Downloaded from central: https://repo.maven.apache.org/maven2/org/codehaus/plexus/plexus-compiler-api/2.8.4/plexus-compiler-api-2.8.4.pom (867 B at 108 kB/s)
[12574ded-9323-49e3-b352-56c057fe3b85/build]   | [INFO] Downloading from central: https://repo.maven.apache.org/maven2/org/codehaus/plexus/plexus-compiler/2.8.4/plexus-compiler-2.8.4.pom
[12574ded-9323-49e3-b352-56c057fe3b85/build]   | [INFO] Downloaded from central: https://repo.maven.apache.org/maven2/org/codehaus/plexus/plexus-compiler/2.8.4/plexus-compiler-2.8.4.pom (6.0 kB at 126 kB/s)
[12574ded-9323-49e3-b352-56c057fe3b85/build]   | [INFO] Downloading from central: https://repo.maven.apache.org/maven2/org/codehaus/plexus/plexus-components/4.0/plexus-components-4.0.pom
[12574ded-9323-49e3-b352-56c057fe3b85/build]   | [INFO] Downloaded from central: https://repo.maven.apache.org/maven2/org/codehaus/plexus/plexus-components/4.0/plexus-components-4.0.pom (2.7 kB at 190 kB/s)
[12574ded-9323-49e3-b352-56c057fe3b85/build]   | [INFO] Downloading from central: https://repo.maven.apache.org/maven2/org/codehaus/plexus/plexus-compiler-manager/2.8.4/plexus-compiler-manager-2.8.4.pom
[12574ded-9323-49e3-b352-56c057fe3b85/build]   | [INFO] Downloaded from central: https://repo.maven.apache.org/maven2/org/codehaus/plexus/plexus-compiler-manager/2.8.4/plexus-compiler-manager-2.8.4.pom (692 B at 22 kB/s)
[12574ded-9323-49e3-b352-56c057fe3b85/build]   | [INFO] Downloading from central: https://repo.maven.apache.org/maven2/org/codehaus/plexus/plexus-compiler-javac/2.8.4/plexus-compiler-javac-2.8.4.pom
[12574ded-9323-49e3-b352-56c057fe3b85/build]   | [INFO] Downloaded from central: https://repo.maven.apache.org/maven2/org/codehaus/plexus/plexus-compiler-javac/2.8.4/plexus-compiler-javac-2.8.4.pom (771 B at 39 kB/s)
[12574ded-9323-49e3-b352-56c057fe3b85/build]   | [INFO] Downloading from central: https://repo.maven.apache.org/maven2/org/codehaus/plexus/plexus-compilers/2.8.4/plexus-compilers-2.8.4.pom
[12574ded-9323-49e3-b352-56c057fe3b85/build]   | [INFO] Downloaded from central: https://repo.maven.apache.org/maven2/org/codehaus/plexus/plexus-compilers/2.8.4/plexus-compilers-2.8.4.pom (1.3 kB at 89 kB/s)
[12574ded-9323-49e3-b352-56c057fe3b85/build]   | [INFO] Downloading from central: https://repo.maven.apache.org/maven2/org/apache/maven/shared/maven-shared-incremental/1.1/maven-shared-incremental-1.1.jar
[12574ded-9323-49e3-b352-56c057fe3b85/build]   | [INFO] Downloading from central: https://repo.maven.apache.org/maven2/org/codehaus/plexus/plexus-java/0.9.10/plexus-java-0.9.10.jar
[12574ded-9323-49e3-b352-56c057fe3b85/build]   | [INFO] Downloading from central: https://repo.maven.apache.org/maven2/com/thoughtworks/qdox/qdox/2.0-M9/qdox-2.0-M9.jar
[12574ded-9323-49e3-b352-56c057fe3b85/build]   | [INFO] Downloading from central: https://repo.maven.apache.org/maven2/org/codehaus/plexus/plexus-compiler-api/2.8.4/plexus-compiler-api-2.8.4.jar
[12574ded-9323-49e3-b352-56c057fe3b85/build]   | [INFO] Downloading from central: https://repo.maven.apache.org/maven2/org/ow2/asm/asm/6.2/asm-6.2.jar
[12574ded-9323-49e3-b352-56c057fe3b85/build]   | [INFO] Downloaded from central: https://repo.maven.apache.org/maven2/org/codehaus/plexus/plexus-java/0.9.10/plexus-java-0.9.10.jar (39 kB at 805 kB/s)
[12574ded-9323-49e3-b352-56c057fe3b85/build]   | [INFO] Downloading from central: https://repo.maven.apache.org/maven2/org/codehaus/plexus/plexus-compiler-manager/2.8.4/plexus-compiler-manager-2.8.4.jar
[12574ded-9323-49e3-b352-56c057fe3b85/build]   | [INFO] Downloaded from central: https://repo.maven.apache.org/maven2/com/thoughtworks/qdox/qdox/2.0-M9/qdox-2.0-M9.jar (317 kB at 6.3 MB/s)
[12574ded-9323-49e3-b352-56c057fe3b85/build]   | [INFO] Downloaded from central: https://repo.maven.apache.org/maven2/org/codehaus/plexus/plexus-compiler-api/2.8.4/plexus-compiler-api-2.8.4.jar (27 kB at 553 kB/s)
[12574ded-9323-49e3-b352-56c057fe3b85/build]   | [INFO] Downloaded from central: https://repo.maven.apache.org/maven2/org/apache/maven/shared/maven-shared-incremental/1.1/maven-shared-incremental-1.1.jar (14 kB at 271 kB/s)
[12574ded-9323-49e3-b352-56c057fe3b85/build]   | [INFO] Downloading from central: https://repo.maven.apache.org/maven2/org/codehaus/plexus/plexus-compiler-javac/2.8.4/plexus-compiler-javac-2.8.4.jar
[12574ded-9323-49e3-b352-56c057fe3b85/build]   | [INFO] Downloaded from central: https://repo.maven.apache.org/maven2/org/ow2/asm/asm/6.2/asm-6.2.jar (111 kB at 2.2 MB/s)
[12574ded-9323-49e3-b352-56c057fe3b85/build]   | [INFO] Downloaded from central: https://repo.maven.apache.org/maven2/org/codehaus/plexus/plexus-compiler-manager/2.8.4/plexus-compiler-manager-2.8.4.jar (4.7 kB at 87 kB/s)
[12574ded-9323-49e3-b352-56c057fe3b85/build]   | [INFO] Downloaded from central: https://repo.maven.apache.org/maven2/org/codehaus/plexus/plexus-compiler-javac/2.8.4/plexus-compiler-javac-2.8.4.jar (21 kB at 291 kB/s)
[12574ded-9323-49e3-b352-56c057fe3b85/build]   | [INFO] Changes detected - recompiling the module!
[12574ded-9323-49e3-b352-56c057fe3b85/build]   | [INFO] Compiling 276 source files to /tmp/ced20e91-cf37-47be-856c-4da4ca753a49/target/classes
[12574ded-9323-49e3-b352-56c057fe3b85/build]   | [INFO] 
[12574ded-9323-49e3-b352-56c057fe3b85/build]   | [INFO] --- maven-compiler-plugin:3.8.1:compile (compile-6) @ dyn4j ---
[12574ded-9323-49e3-b352-56c057fe3b85/build]   | [INFO] Changes detected - recompiling the module!
[12574ded-9323-49e3-b352-56c057fe3b85/build]   | [INFO] Compiling 275 source files to /tmp/ced20e91-cf37-47be-856c-4da4ca753a49/target/classes
[12574ded-9323-49e3-b352-56c057fe3b85/build]   | [INFO] /tmp/ced20e91-cf37-47be-856c-4da4ca753a49/src/main/java/org/dyn4j/dynamics/StepAdapter.java: Some input files use or override a deprecated API.
[12574ded-9323-49e3-b352-56c057fe3b85/build]   | [INFO] /tmp/ced20e91-cf37-47be-856c-4da4ca753a49/src/main/java/org/dyn4j/dynamics/StepAdapter.java: Recompile with -Xlint:deprecation for details.
[12574ded-9323-49e3-b352-56c057fe3b85/build]   | [INFO] 
[12574ded-9323-49e3-b352-56c057fe3b85/build]   | [INFO] --- maven-resources-plugin:3.0.0:testResources (default-testResources) @ dyn4j ---
[12574ded-9323-49e3-b352-56c057fe3b85/build]   | [INFO] Using 'UTF-8' encoding to copy filtered resources.
[12574ded-9323-49e3-b352-56c057fe3b85/build]   | [INFO] ignoreDelta true
[12574ded-9323-49e3-b352-56c057fe3b85/build]   | [INFO] Copying 18 resources
[12574ded-9323-49e3-b352-56c057fe3b85/build]   | [INFO] Copying file org/dyn4j/data/zoom3.dat
[12574ded-9323-49e3-b352-56c057fe3b85/build]   | [INFO] Copying file org/dyn4j/data/polygon2.dat
[12574ded-9323-49e3-b352-56c057fe3b85/build]   | [INFO] Copying file org/dyn4j/data/tridol2.dat
[12574ded-9323-49e3-b352-56c057fe3b85/build]   | [INFO] Copying file org/dyn4j/data/zoom7.dat
[12574ded-9323-49e3-b352-56c057fe3b85/build]   | [INFO] Copying file org/dyn4j/data/zoom5.dat
[12574ded-9323-49e3-b352-56c057fe3b85/build]   | [INFO] Copying file org/dyn4j/data/zoom1.dat
[12574ded-9323-49e3-b352-56c057fe3b85/build]   | [INFO] Copying file org/dyn4j/data/zoom4.dat
[12574ded-9323-49e3-b352-56c057fe3b85/build]   | [INFO] Copying file org/dyn4j/data/tridol3.dat
[12574ded-9323-49e3-b352-56c057fe3b85/build]   | [INFO] Copying file org/dyn4j/data/polygon1.dat
[12574ded-9323-49e3-b352-56c057fe3b85/build]   | [INFO] Copying file org/dyn4j/data/nazca_monkey.dat
[12574ded-9323-49e3-b352-56c057fe3b85/build]   | [INFO] Copying file org/dyn4j/data/bird.dat
[12574ded-9323-49e3-b352-56c057fe3b85/build]   | [INFO] Copying file org/dyn4j/data/zoom2.dat
[12574ded-9323-49e3-b352-56c057fe3b85/build]   | [INFO] Copying file org/dyn4j/data/polygon4.dat
[12574ded-9323-49e3-b352-56c057fe3b85/build]   | [INFO] Copying file org/dyn4j/data/zoom6.dat
[12574ded-9323-49e3-b352-56c057fe3b85/build]   | [INFO] Copying file org/dyn4j/data/nazca_heron.dat
[12574ded-9323-49e3-b352-56c057fe3b85/build]   | [INFO] Copying file org/dyn4j/data/tridol1.dat
[12574ded-9323-49e3-b352-56c057fe3b85/build]   | [INFO] Copying file org/dyn4j/data/polygon3.dat
[12574ded-9323-49e3-b352-56c057fe3b85/build]   | [INFO] Copying file org/dyn4j/data/tank.dat
[12574ded-9323-49e3-b352-56c057fe3b85/build]   | [INFO] 
[12574ded-9323-49e3-b352-56c057fe3b85/build]   | [INFO] --- maven-compiler-plugin:3.8.1:testCompile (default-testCompile) @ dyn4j ---
[12574ded-9323-49e3-b352-56c057fe3b85/build]   | [INFO] Changes detected - recompiling the module!
[12574ded-9323-49e3-b352-56c057fe3b85/build]   | [INFO] Compiling 154 source files to /tmp/ced20e91-cf37-47be-856c-4da4ca753a49/target/test-classes
[12574ded-9323-49e3-b352-56c057fe3b85/build]   | [INFO] 
[12574ded-9323-49e3-b352-56c057fe3b85/build]   | [INFO] --- maven-surefire-plugin:2.22.0:test (default-test) @ dyn4j ---
[12574ded-9323-49e3-b352-56c057fe3b85/build]   | [INFO] Downloading from central: https://repo.maven.apache.org/maven2/org/apache/maven/surefire/maven-surefire-common/2.22.0/maven-surefire-common-2.22.0.pom
[12574ded-9323-49e3-b352-56c057fe3b85/build]   | [INFO] Downloaded from central: https://repo.maven.apache.org/maven2/org/apache/maven/surefire/maven-surefire-common/2.22.0/maven-surefire-common-2.22.0.pom (11 kB at 473 kB/s)
[12574ded-9323-49e3-b352-56c057fe3b85/build]   | [INFO] Downloading from central: https://repo.maven.apache.org/maven2/org/apache/maven/plugin-tools/maven-plugin-annotations/3.5/maven-plugin-annotations-3.5.pom
[12574ded-9323-49e3-b352-56c057fe3b85/build]   | [INFO] Downloaded from central: https://repo.maven.apache.org/maven2/org/apache/maven/plugin-tools/maven-plugin-annotations/3.5/maven-plugin-annotations-3.5.pom (1.7 kB at 6.3 kB/s)
[12574ded-9323-49e3-b352-56c057fe3b85/build]   | [INFO] Downloading from central: https://repo.maven.apache.org/maven2/org/apache/maven/plugin-tools/maven-plugin-tools/3.5/maven-plugin-tools-3.5.pom
[12574ded-9323-49e3-b352-56c057fe3b85/build]   | [INFO] Downloaded from central: https://repo.maven.apache.org/maven2/org/apache/maven/plugin-tools/maven-plugin-tools/3.5/maven-plugin-tools-3.5.pom (16 kB at 231 kB/s)
[12574ded-9323-49e3-b352-56c057fe3b85/build]   | [INFO] Downloading from central: https://repo.maven.apache.org/maven2/org/apache/maven/surefire/surefire-api/2.22.0/surefire-api-2.22.0.pom
[12574ded-9323-49e3-b352-56c057fe3b85/build]   | [INFO] Downloaded from central: https://repo.maven.apache.org/maven2/org/apache/maven/surefire/surefire-api/2.22.0/surefire-api-2.22.0.pom (3.5 kB at 101 kB/s)
[12574ded-9323-49e3-b352-56c057fe3b85/build]   | [INFO] Downloading from central: https://repo.maven.apache.org/maven2/org/apache/maven/surefire/surefire-logger-api/2.22.0/surefire-logger-api-2.22.0.pom
[12574ded-9323-49e3-b352-56c057fe3b85/build]   | [INFO] Downloaded from central: https://repo.maven.apache.org/maven2/org/apache/maven/surefire/surefire-logger-api/2.22.0/surefire-logger-api-2.22.0.pom (2.0 kB at 38 kB/s)
[12574ded-9323-49e3-b352-56c057fe3b85/build]   | [INFO] Downloading from central: https://repo.maven.apache.org/maven2/org/apache/maven/surefire/surefire-booter/2.22.0/surefire-booter-2.22.0.pom
[12574ded-9323-49e3-b352-56c057fe3b85/build]   | [INFO] Downloaded from central: https://repo.maven.apache.org/maven2/org/apache/maven/surefire/surefire-booter/2.22.0/surefire-booter-2.22.0.pom (7.4 kB at 117 kB/s)
[12574ded-9323-49e3-b352-56c057fe3b85/build]   | [INFO] Downloading from central: https://repo.maven.apache.org/maven2/org/codehaus/plexus/plexus-container-default/1.0-alpha-9-stable-1/plexus-container-default-1.0-alpha-9-stable-1.pom
[12574ded-9323-49e3-b352-56c057fe3b85/build]   | [INFO] Downloaded from central: https://repo.maven.apache.org/maven2/org/codehaus/plexus/plexus-container-default/1.0-alpha-9-stable-1/plexus-container-default-1.0-alpha-9-stable-1.pom (3.9 kB at 107 kB/s)
[12574ded-9323-49e3-b352-56c057fe3b85/build]   | [INFO] Downloading from central: https://repo.maven.apache.org/maven2/org/codehaus/plexus/plexus-utils/1.0.4/plexus-utils-1.0.4.pom
[12574ded-9323-49e3-b352-56c057fe3b85/build]   | [INFO] Downloaded from central: https://repo.maven.apache.org/maven2/org/codehaus/plexus/plexus-utils/1.0.4/plexus-utils-1.0.4.pom (6.9 kB at 20 kB/s)
[12574ded-9323-49e3-b352-56c057fe3b85/build]   | [INFO] Downloading from central: https://repo.maven.apache.org/maven2/classworlds/classworlds/1.1/classworlds-1.1.pom
[12574ded-9323-49e3-b352-56c057fe3b85/build]   | [INFO] Downloaded from central: https://repo.maven.apache.org/maven2/classworlds/classworlds/1.1/classworlds-1.1.pom (3.3 kB at 63 kB/s)
[12574ded-9323-49e3-b352-56c057fe3b85/build]   | [INFO] Downloading from central: https://repo.maven.apache.org/maven2/org/apache/maven/maven-toolchain/2.2.1/maven-toolchain-2.2.1.pom
[12574ded-9323-49e3-b352-56c057fe3b85/build]   | [INFO] Downloaded from central: https://repo.maven.apache.org/maven2/org/apache/maven/maven-toolchain/2.2.1/maven-toolchain-2.2.1.pom (3.3 kB at 57 kB/s)
[12574ded-9323-49e3-b352-56c057fe3b85/build]   | [INFO] Downloading from central: https://repo.maven.apache.org/maven2/org/codehaus/plexus/plexus-java/0.9.8/plexus-java-0.9.8.pom
[12574ded-9323-49e3-b352-56c057fe3b85/build]   | [INFO] Downloaded from central: https://repo.maven.apache.org/maven2/org/codehaus/plexus/plexus-java/0.9.8/plexus-java-0.9.8.pom (2.4 kB at 53 kB/s)
[12574ded-9323-49e3-b352-56c057fe3b85/build]   | [INFO] Downloading from central: https://repo.maven.apache.org/maven2/org/codehaus/plexus/plexus-languages/0.9.8/plexus-languages-0.9.8.pom
[12574ded-9323-49e3-b352-56c057fe3b85/build]   | [INFO] Downloaded from central: https://repo.maven.apache.org/maven2/org/codehaus/plexus/plexus-languages/0.9.8/plexus-languages-0.9.8.pom (2.2 kB at 31 kB/s)
[12574ded-9323-49e3-b352-56c057fe3b85/build]   | [INFO] Downloading from central: https://repo.maven.apache.org/maven2/org/ow2/asm/asm/6.1.1/asm-6.1.1.pom
[12574ded-9323-49e3-b352-56c057fe3b85/build]   | [INFO] Downloaded from central: https://repo.maven.apache.org/maven2/org/ow2/asm/asm/6.1.1/asm-6.1.1.pom (2.9 kB at 30 kB/s)
[12574ded-9323-49e3-b352-56c057fe3b85/build]   | [INFO] Downloading from central: https://repo.maven.apache.org/maven2/com/thoughtworks/qdox/qdox/2.0-M7/qdox-2.0-M7.pom
[12574ded-9323-49e3-b352-56c057fe3b85/build]   | [INFO] Downloaded from central: https://repo.maven.apache.org/maven2/com/thoughtworks/qdox/qdox/2.0-M7/qdox-2.0-M7.pom (16 kB at 36 kB/s)
[12574ded-9323-49e3-b352-56c057fe3b85/build]   | [INFO] Downloading from central: https://repo.maven.apache.org/maven2/org/apache/maven/surefire/maven-surefire-common/2.22.0/maven-surefire-common-2.22.0.jar
[12574ded-9323-49e3-b352-56c057fe3b85/build]   | [INFO] Downloading from central: https://repo.maven.apache.org/maven2/org/apache/maven/maven-plugin-api/2.2.1/maven-plugin-api-2.2.1.jar
[12574ded-9323-49e3-b352-56c057fe3b85/build]   | [INFO] Downloading from central: https://repo.maven.apache.org/maven2/org/apache/maven/plugin-tools/maven-plugin-annotations/3.5/maven-plugin-annotations-3.5.jar
[12574ded-9323-49e3-b352-56c057fe3b85/build]   | [INFO] Downloading from central: https://repo.maven.apache.org/maven2/org/apache/maven/surefire/surefire-api/2.22.0/surefire-api-2.22.0.jar
[12574ded-9323-49e3-b352-56c057fe3b85/build]   | [INFO] Downloading from central: https://repo.maven.apache.org/maven2/org/apache/maven/surefire/surefire-logger-api/2.22.0/surefire-logger-api-2.22.0.jar
[12574ded-9323-49e3-b352-56c057fe3b85/build]   | [INFO] Downloaded from central: https://repo.maven.apache.org/maven2/org/apache/maven/maven-plugin-api/2.2.1/maven-plugin-api-2.2.1.jar (12 kB at 458 kB/s)
[12574ded-9323-49e3-b352-56c057fe3b85/build]   | [INFO] Downloading from central: https://repo.maven.apache.org/maven2/org/apache/maven/surefire/surefire-booter/2.22.0/surefire-booter-2.22.0.jar
[12574ded-9323-49e3-b352-56c057fe3b85/build]   | [INFO] Downloaded from central: https://repo.maven.apache.org/maven2/org/apache/maven/plugin-tools/maven-plugin-annotations/3.5/maven-plugin-annotations-3.5.jar (14 kB at 214 kB/s)
[12574ded-9323-49e3-b352-56c057fe3b85/build]   | [INFO] Downloading from central: https://repo.maven.apache.org/maven2/org/apache/maven/maven-artifact/2.2.1/maven-artifact-2.2.1.jar
[12574ded-9323-49e3-b352-56c057fe3b85/build]   | [INFO] Downloaded from central: https://repo.maven.apache.org/maven2/org/apache/maven/maven-artifact/2.2.1/maven-artifact-2.2.1.jar (80 kB at 765 kB/s)
[12574ded-9323-49e3-b352-56c057fe3b85/build]   | [INFO] Downloading from central: https://repo.maven.apache.org/maven2/org/codehaus/plexus/plexus-utils/1.5.15/plexus-utils-1.5.15.jar
[12574ded-9323-49e3-b352-56c057fe3b85/build]   | [INFO] Downloaded from central: https://repo.maven.apache.org/maven2/org/apache/maven/surefire/surefire-booter/2.22.0/surefire-booter-2.22.0.jar (273 kB at 2.4 MB/s)
[12574ded-9323-49e3-b352-56c057fe3b85/build]   | [INFO] Downloading from central: https://repo.maven.apache.org/maven2/org/apache/maven/maven-plugin-descriptor/2.2.1/maven-plugin-descriptor-2.2.1.jar
[12574ded-9323-49e3-b352-56c057fe3b85/build]   | [INFO] Downloaded from central: https://repo.maven.apache.org/maven2/org/apache/maven/maven-plugin-descriptor/2.2.1/maven-plugin-descriptor-2.2.1.jar (39 kB at 221 kB/s)
[12574ded-9323-49e3-b352-56c057fe3b85/build]   | [INFO] Downloading from central: https://repo.maven.apache.org/maven2/org/codehaus/plexus/plexus-container-default/1.0-alpha-9-stable-1/plexus-container-default-1.0-alpha-9-stable-1.jar
[12574ded-9323-49e3-b352-56c057fe3b85/build]   | [INFO] Downloaded from central: https://repo.maven.apache.org/maven2/org/codehaus/plexus/plexus-utils/1.5.15/plexus-utils-1.5.15.jar (228 kB at 1.1 MB/s)
[12574ded-9323-49e3-b352-56c057fe3b85/build]   | [INFO] Downloading from central: https://repo.maven.apache.org/maven2/org/apache/maven/maven-project/2.2.1/maven-project-2.2.1.jar
[12574ded-9323-49e3-b352-56c057fe3b85/build]   | [INFO] Downloaded from central: https://repo.maven.apache.org/maven2/org/apache/maven/surefire/surefire-logger-api/2.22.0/surefire-logger-api-2.22.0.jar (13 kB at 51 kB/s)
[12574ded-9323-49e3-b352-56c057fe3b85/build]   | [INFO] Downloading from central: https://repo.maven.apache.org/maven2/org/apache/maven/maven-settings/2.2.1/maven-settings-2.2.1.jar
[12574ded-9323-49e3-b352-56c057fe3b85/build]   | [INFO] Downloaded from central: https://repo.maven.apache.org/maven2/org/apache/maven/maven-settings/2.2.1/maven-settings-2.2.1.jar (49 kB at 154 kB/s)
[12574ded-9323-49e3-b352-56c057fe3b85/build]   | [INFO] Downloading from central: https://repo.maven.apache.org/maven2/org/apache/maven/maven-profile/2.2.1/maven-profile-2.2.1.jar
[12574ded-9323-49e3-b352-56c057fe3b85/build]   | [INFO] Downloaded from central: https://repo.maven.apache.org/maven2/org/apache/maven/maven-project/2.2.1/maven-project-2.2.1.jar (156 kB at 472 kB/s)
[12574ded-9323-49e3-b352-56c057fe3b85/build]   | [INFO] Downloading from central: https://repo.maven.apache.org/maven2/org/apache/maven/maven-artifact-manager/2.2.1/maven-artifact-manager-2.2.1.jar
[12574ded-9323-49e3-b352-56c057fe3b85/build]   | [INFO] Downloaded from central: https://repo.maven.apache.org/maven2/org/apache/maven/maven-artifact-manager/2.2.1/maven-artifact-manager-2.2.1.jar (68 kB at 165 kB/s)
[12574ded-9323-49e3-b352-56c057fe3b85/build]   | [INFO] Downloading from central: https://repo.maven.apache.org/maven2/backport-util-concurrent/backport-util-concurrent/3.1/backport-util-concurrent-3.1.jar
[12574ded-9323-49e3-b352-56c057fe3b85/build]   | [INFO] Downloaded from central: https://repo.maven.apache.org/maven2/org/apache/maven/maven-profile/2.2.1/maven-profile-2.2.1.jar (35 kB at 86 kB/s)
[12574ded-9323-49e3-b352-56c057fe3b85/build]   | [INFO] Downloading from central: https://repo.maven.apache.org/maven2/org/apache/maven/maven-plugin-registry/2.2.1/maven-plugin-registry-2.2.1.jar
[12574ded-9323-49e3-b352-56c057fe3b85/build]   | [INFO] Downloaded from central: https://repo.maven.apache.org/maven2/org/apache/maven/maven-plugin-registry/2.2.1/maven-plugin-registry-2.2.1.jar (30 kB at 66 kB/s)
[12574ded-9323-49e3-b352-56c057fe3b85/build]   | [INFO] Downloading from central: https://repo.maven.apache.org/maven2/org/codehaus/plexus/plexus-interpolation/1.11/plexus-interpolation-1.11.jar
[12574ded-9323-49e3-b352-56c057fe3b85/build]   | [INFO] Downloaded from central: https://repo.maven.apache.org/maven2/org/codehaus/plexus/plexus-container-default/1.0-alpha-9-stable-1/plexus-container-default-1.0-alpha-9-stable-1.jar (194 kB at 396 kB/s)
[12574ded-9323-49e3-b352-56c057fe3b85/build]   | [INFO] Downloading from central: https://repo.maven.apache.org/maven2/org/apache/maven/maven-model/2.2.1/maven-model-2.2.1.jar
[12574ded-9323-49e3-b352-56c057fe3b85/build]   | [INFO] Downloaded from central: https://repo.maven.apache.org/maven2/org/codehaus/plexus/plexus-interpolation/1.11/plexus-interpolation-1.11.jar (51 kB at 101 kB/s)
[12574ded-9323-49e3-b352-56c057fe3b85/build]   | [INFO] Downloading from central: https://repo.maven.apache.org/maven2/org/apache/maven/maven-core/2.2.1/maven-core-2.2.1.jar
[12574ded-9323-49e3-b352-56c057fe3b85/build]   | [INFO] Downloaded from central: https://repo.maven.apache.org/maven2/org/apache/maven/surefire/maven-surefire-common/2.22.0/maven-surefire-common-2.22.0.jar (524 kB at 1.0 MB/s)
[12574ded-9323-49e3-b352-56c057fe3b85/build]   | [INFO] Downloading from central: https://repo.maven.apache.org/maven2/org/apache/maven/maven-plugin-parameter-documenter/2.2.1/maven-plugin-parameter-documenter-2.2.1.jar
[12574ded-9323-49e3-b352-56c057fe3b85/build]   | [INFO] Downloaded from central: https://repo.maven.apache.org/maven2/backport-util-concurrent/backport-util-concurrent/3.1/backport-util-concurrent-3.1.jar (332 kB at 643 kB/s)
[12574ded-9323-49e3-b352-56c057fe3b85/build]   | [INFO] Downloading from central: https://repo.maven.apache.org/maven2/org/slf4j/slf4j-jdk14/1.5.6/slf4j-jdk14-1.5.6.jar
[12574ded-9323-49e3-b352-56c057fe3b85/build]   | [INFO] Downloaded from central: https://repo.maven.apache.org/maven2/org/apache/maven/maven-model/2.2.1/maven-model-2.2.1.jar (88 kB at 168 kB/s)
[12574ded-9323-49e3-b352-56c057fe3b85/build]   | [INFO] Downloading from central: https://repo.maven.apache.org/maven2/org/slf4j/slf4j-api/1.5.6/slf4j-api-1.5.6.jar
[12574ded-9323-49e3-b352-56c057fe3b85/build]   | [INFO] Downloaded from central: https://repo.maven.apache.org/maven2/org/apache/maven/maven-plugin-parameter-documenter/2.2.1/maven-plugin-parameter-documenter-2.2.1.jar (22 kB at 41 kB/s)
[12574ded-9323-49e3-b352-56c057fe3b85/build]   | [INFO] Downloading from central: https://repo.maven.apache.org/maven2/org/slf4j/jcl-over-slf4j/1.5.6/jcl-over-slf4j-1.5.6.jar
[12574ded-9323-49e3-b352-56c057fe3b85/build]   | [INFO] Downloaded from central: https://repo.maven.apache.org/maven2/org/apache/maven/surefire/surefire-api/2.22.0/surefire-api-2.22.0.jar (186 kB at 346 kB/s)
[12574ded-9323-49e3-b352-56c057fe3b85/build]   | [INFO] Downloading from central: https://repo.maven.apache.org/maven2/org/apache/maven/maven-repository-metadata/2.2.1/maven-repository-metadata-2.2.1.jar
[12574ded-9323-49e3-b352-56c057fe3b85/build]   | [INFO] Downloaded from central: https://repo.maven.apache.org/maven2/org/slf4j/slf4j-jdk14/1.5.6/slf4j-jdk14-1.5.6.jar (8.8 kB at 16 kB/s)
[12574ded-9323-49e3-b352-56c057fe3b85/build]   | [INFO] Downloading from central: https://repo.maven.apache.org/maven2/org/apache/maven/maven-error-diagnostics/2.2.1/maven-error-diagnostics-2.2.1.jar
[12574ded-9323-49e3-b352-56c057fe3b85/build]   | [INFO] Downloaded from central: https://repo.maven.apache.org/maven2/org/slf4j/slf4j-api/1.5.6/slf4j-api-1.5.6.jar (22 kB at 41 kB/s)
[12574ded-9323-49e3-b352-56c057fe3b85/build]   | [INFO] Downloading from central: https://repo.maven.apache.org/maven2/org/apache/maven/maven-monitor/2.2.1/maven-monitor-2.2.1.jar
[12574ded-9323-49e3-b352-56c057fe3b85/build]   | [INFO] Downloaded from central: https://repo.maven.apache.org/maven2/org/apache/maven/maven-core/2.2.1/maven-core-2.2.1.jar (178 kB at 324 kB/s)
[12574ded-9323-49e3-b352-56c057fe3b85/build]   | [INFO] Downloading from central: https://repo.maven.apache.org/maven2/classworlds/classworlds/1.1/classworlds-1.1.jar
[12574ded-9323-49e3-b352-56c057fe3b85/build]   | [INFO] Downloaded from central: https://repo.maven.apache.org/maven2/org/apache/maven/maven-repository-metadata/2.2.1/maven-repository-metadata-2.2.1.jar (26 kB at 45 kB/s)
[12574ded-9323-49e3-b352-56c057fe3b85/build]   | [INFO] Downloading from central: https://repo.maven.apache.org/maven2/org/apache/maven/maven-toolchain/2.2.1/maven-toolchain-2.2.1.jar
[12574ded-9323-49e3-b352-56c057fe3b85/build]   | [INFO] Downloaded from central: https://repo.maven.apache.org/maven2/org/apache/maven/maven-monitor/2.2.1/maven-monitor-2.2.1.jar (10 kB at 18 kB/s)
[12574ded-9323-49e3-b352-56c057fe3b85/build]   | [INFO] Downloaded from central: https://repo.maven.apache.org/maven2/org/slf4j/jcl-over-slf4j/1.5.6/jcl-over-slf4j-1.5.6.jar (17 kB at 29 kB/s)
[12574ded-9323-49e3-b352-56c057fe3b85/build]   | [INFO] Downloading from central: https://repo.maven.apache.org/maven2/org/codehaus/plexus/plexus-java/0.9.8/plexus-java-0.9.8.jar
[12574ded-9323-49e3-b352-56c057fe3b85/build]   | [INFO] Downloading from central: https://repo.maven.apache.org/maven2/org/ow2/asm/asm/6.1.1/asm-6.1.1.jar
[12574ded-9323-49e3-b352-56c057fe3b85/build]   | [INFO] Downloaded from central: https://repo.maven.apache.org/maven2/classworlds/classworlds/1.1/classworlds-1.1.jar (38 kB at 66 kB/s)
[12574ded-9323-49e3-b352-56c057fe3b85/build]   | [INFO] Downloading from central: https://repo.maven.apache.org/maven2/com/thoughtworks/qdox/qdox/2.0-M7/qdox-2.0-M7.jar
[12574ded-9323-49e3-b352-56c057fe3b85/build]   | [INFO] Downloaded from central: https://repo.maven.apache.org/maven2/org/apache/maven/maven-error-diagnostics/2.2.1/maven-error-diagnostics-2.2.1.jar (13 kB at 22 kB/s)
[12574ded-9323-49e3-b352-56c057fe3b85/build]   | [INFO] Downloaded from central: https://repo.maven.apache.org/maven2/org/codehaus/plexus/plexus-java/0.9.8/plexus-java-0.9.8.jar (35 kB at 58 kB/s)
[12574ded-9323-49e3-b352-56c057fe3b85/build]   | [INFO] Downloaded from central: https://repo.maven.apache.org/maven2/org/ow2/asm/asm/6.1.1/asm-6.1.1.jar (108 kB at 175 kB/s)
[12574ded-9323-49e3-b352-56c057fe3b85/build]   | [INFO] Downloaded from central: https://repo.maven.apache.org/maven2/org/apache/maven/maven-toolchain/2.2.1/maven-toolchain-2.2.1.jar (38 kB at 60 kB/s)
[12574ded-9323-49e3-b352-56c057fe3b85/build]   | [INFO] Downloaded from central: https://repo.maven.apache.org/maven2/com/thoughtworks/qdox/qdox/2.0-M7/qdox-2.0-M7.jar (315 kB at 493 kB/s)
[12574ded-9323-49e3-b352-56c057fe3b85/build]   | [INFO] Downloading from central: https://repo.maven.apache.org/maven2/org/apache/maven/surefire/surefire-junit4/2.22.0/surefire-junit4-2.22.0.pom
[12574ded-9323-49e3-b352-56c057fe3b85/build]   | [INFO] Downloaded from central: https://repo.maven.apache.org/maven2/org/apache/maven/surefire/surefire-junit4/2.22.0/surefire-junit4-2.22.0.pom (3.1 kB at 134 kB/s)
[12574ded-9323-49e3-b352-56c057fe3b85/build]   | [INFO] Downloading from central: https://repo.maven.apache.org/maven2/org/apache/maven/surefire/surefire-providers/2.22.0/surefire-providers-2.22.0.pom
[12574ded-9323-49e3-b352-56c057fe3b85/build]   | [INFO] Downloaded from central: https://repo.maven.apache.org/maven2/org/apache/maven/surefire/surefire-providers/2.22.0/surefire-providers-2.22.0.pom (2.5 kB at 89 kB/s)
[12574ded-9323-49e3-b352-56c057fe3b85/build]   | [INFO] Downloading from central: https://repo.maven.apache.org/maven2/org/apache/maven/surefire/surefire-junit4/2.22.0/surefire-junit4-2.22.0.jar
[12574ded-9323-49e3-b352-56c057fe3b85/build]   | [INFO] Downloaded from central: https://repo.maven.apache.org/maven2/org/apache/maven/surefire/surefire-junit4/2.22.0/surefire-junit4-2.22.0.jar (85 kB at 1.6 MB/s)
[12574ded-9323-49e3-b352-56c057fe3b85/build]   | [INFO] 
[12574ded-9323-49e3-b352-56c057fe3b85/build]   | [INFO] -------------------------------------------------------
[12574ded-9323-49e3-b352-56c057fe3b85/build]   | [INFO]  T E S T S
[12574ded-9323-49e3-b352-56c057fe3b85/build]   | [INFO] -------------------------------------------------------
[12574ded-9323-49e3-b352-56c057fe3b85/build]   | [INFO] Running org.dyn4j.BinarySearchTreeTest
[12574ded-9323-49e3-b352-56c057fe3b85/build]   | [INFO] Tests run: 23, Failures: 0, Errors: 0, Skipped: 0, Time elapsed: 0.052 s - in org.dyn4j.BinarySearchTreeTest
[12574ded-9323-49e3-b352-56c057fe3b85/build]   | [INFO] Running org.dyn4j.EpsilonTest
[12574ded-9323-49e3-b352-56c057fe3b85/build]   | [INFO] Tests run: 1, Failures: 0, Errors: 0, Skipped: 0, Time elapsed: 0 s - in org.dyn4j.EpsilonTest
[12574ded-9323-49e3-b352-56c057fe3b85/build]   | [INFO] Running org.dyn4j.ReferenceTest
[12574ded-9323-49e3-b352-56c057fe3b85/build]   | [INFO] Tests run: 4, Failures: 0, Errors: 0, Skipped: 0, Time elapsed: 0 s - in org.dyn4j.ReferenceTest
[12574ded-9323-49e3-b352-56c057fe3b85/build]   | [INFO] Running org.dyn4j.dynamics.CapacityTest
[12574ded-9323-49e3-b352-56c057fe3b85/build]   | [INFO] Tests run: 1, Failures: 0, Errors: 0, Skipped: 0, Time elapsed: 0 s - in org.dyn4j.dynamics.CapacityTest
[12574ded-9323-49e3-b352-56c057fe3b85/build]   | [INFO] Running org.dyn4j.dynamics.TorqueTest
[12574ded-9323-49e3-b352-56c057fe3b85/build]   | [INFO] Tests run: 6, Failures: 0, Errors: 0, Skipped: 0, Time elapsed: 0 s - in org.dyn4j.dynamics.TorqueTest
[12574ded-9323-49e3-b352-56c057fe3b85/build]   | [INFO] Running org.dyn4j.dynamics.BodyTest
[12574ded-9323-49e3-b352-56c057fe3b85/build]   | [INFO] Tests run: 61, Failures: 0, Errors: 0, Skipped: 0, Time elapsed: 0.071 s - in org.dyn4j.dynamics.BodyTest
[12574ded-9323-49e3-b352-56c057fe3b85/build]   | [INFO] Running org.dyn4j.dynamics.TimeStepTest
[12574ded-9323-49e3-b352-56c057fe3b85/build]   | [INFO] Tests run: 7, Failures: 0, Errors: 0, Skipped: 0, Time elapsed: 0 s - in org.dyn4j.dynamics.TimeStepTest
[12574ded-9323-49e3-b352-56c057fe3b85/build]   | [INFO] Running org.dyn4j.dynamics.joint.RevoluteJointTest
[12574ded-9323-49e3-b352-56c057fe3b85/build]   | [INFO] Tests run: 24, Failures: 0, Errors: 0, Skipped: 0, Time elapsed: 0.012 s - in org.dyn4j.dynamics.joint.RevoluteJointTest
[12574ded-9323-49e3-b352-56c057fe3b85/build]   | [INFO] Running org.dyn4j.dynamics.joint.PulleyJointTest
[12574ded-9323-49e3-b352-56c057fe3b85/build]   | [INFO] Tests run: 17, Failures: 0, Errors: 0, Skipped: 0, Time elapsed: 0.006 s - in org.dyn4j.dynamics.joint.PulleyJointTest
[12574ded-9323-49e3-b352-56c057fe3b85/build]   | [INFO] Running org.dyn4j.dynamics.joint.DistanceJointTest
[12574ded-9323-49e3-b352-56c057fe3b85/build]   | [INFO] Tests run: 16, Failures: 0, Errors: 0, Skipped: 0, Time elapsed: 0.002 s - in org.dyn4j.dynamics.joint.DistanceJointTest
[12574ded-9323-49e3-b352-56c057fe3b85/build]   | [INFO] Running org.dyn4j.dynamics.joint.AngleJointTest
[12574ded-9323-49e3-b352-56c057fe3b85/build]   | [INFO] Tests run: 18, Failures: 0, Errors: 0, Skipped: 0, Time elapsed: 0.009 s - in org.dyn4j.dynamics.joint.AngleJointTest
[12574ded-9323-49e3-b352-56c057fe3b85/build]   | [INFO] Running org.dyn4j.dynamics.joint.FrictionJointTest
[12574ded-9323-49e3-b352-56c057fe3b85/build]   | [INFO] Tests run: 9, Failures: 0, Errors: 0, Skipped: 0, Time elapsed: 0 s - in org.dyn4j.dynamics.joint.FrictionJointTest
[12574ded-9323-49e3-b352-56c057fe3b85/build]   | [INFO] Running org.dyn4j.dynamics.joint.PinJointTest
[12574ded-9323-49e3-b352-56c057fe3b85/build]   | [INFO] Tests run: 20, Failures: 0, Errors: 0, Skipped: 0, Time elapsed: 0.011 s - in org.dyn4j.dynamics.joint.PinJointTest
[12574ded-9323-49e3-b352-56c057fe3b85/build]   | [INFO] Running org.dyn4j.dynamics.joint.WeldJointTest
[12574ded-9323-49e3-b352-56c057fe3b85/build]   | [INFO] Tests run: 12, Failures: 0, Errors: 0, Skipped: 0, Time elapsed: 0.004 s - in org.dyn4j.dynamics.joint.WeldJointTest
[12574ded-9323-49e3-b352-56c057fe3b85/build]   | [INFO] Running org.dyn4j.dynamics.joint.WheelJointTest
[12574ded-9323-49e3-b352-56c057fe3b85/build]   | [INFO] Tests run: 21, Failures: 0, Errors: 0, Skipped: 0, Time elapsed: 0.007 s - in org.dyn4j.dynamics.joint.WheelJointTest
[12574ded-9323-49e3-b352-56c057fe3b85/build]   | [INFO] Running org.dyn4j.dynamics.joint.PrismaticJointTest
[12574ded-9323-49e3-b352-56c057fe3b85/build]   | [INFO] Tests run: 26, Failures: 0, Errors: 0, Skipped: 0, Time elapsed: 0.017 s - in org.dyn4j.dynamics.joint.PrismaticJointTest
[12574ded-9323-49e3-b352-56c057fe3b85/build]   | [INFO] Running org.dyn4j.dynamics.joint.MotorJointTest
[12574ded-9323-49e3-b352-56c057fe3b85/build]   | [INFO] Tests run: 13, Failures: 0, Errors: 0, Skipped: 0, Time elapsed: 0 s - in org.dyn4j.dynamics.joint.MotorJointTest
[12574ded-9323-49e3-b352-56c057fe3b85/build]   | [INFO] Running org.dyn4j.dynamics.joint.RopeJointTest
[12574ded-9323-49e3-b352-56c057fe3b85/build]   | [INFO] Tests run: 20, Failures: 0, Errors: 0, Skipped: 0, Time elapsed: 0.004 s - in org.dyn4j.dynamics.joint.RopeJointTest
[12574ded-9323-49e3-b352-56c057fe3b85/build]   | [INFO] Running org.dyn4j.dynamics.SettingsTest
[12574ded-9323-49e3-b352-56c057fe3b85/build]   | [INFO] Tests run: 38, Failures: 0, Errors: 0, Skipped: 0, Time elapsed: 0.015 s - in org.dyn4j.dynamics.SettingsTest
[12574ded-9323-49e3-b352-56c057fe3b85/build]   | [INFO] Running org.dyn4j.dynamics.BodyFixtureTest
[12574ded-9323-49e3-b352-56c057fe3b85/build]   | [INFO] Tests run: 11, Failures: 0, Errors: 0, Skipped: 0, Time elapsed: 0.004 s - in org.dyn4j.dynamics.BodyFixtureTest
[12574ded-9323-49e3-b352-56c057fe3b85/build]   | [INFO] Running org.dyn4j.dynamics.WorldTest
[12574ded-9323-49e3-b352-56c057fe3b85/build]   | [INFO] Tests run: 44, Failures: 0, Errors: 0, Skipped: 0, Time elapsed: 0.061 s - in org.dyn4j.dynamics.WorldTest
[12574ded-9323-49e3-b352-56c057fe3b85/build]   | [INFO] Running org.dyn4j.dynamics.ForceTest
[12574ded-9323-49e3-b352-56c057fe3b85/build]   | [INFO] Tests run: 8, Failures: 0, Errors: 0, Skipped: 0, Time elapsed: 0 s - in org.dyn4j.dynamics.ForceTest
[12574ded-9323-49e3-b352-56c057fe3b85/build]   | [INFO] Running org.dyn4j.dynamics.AbstractPhysicsBodyTest
[12574ded-9323-49e3-b352-56c057fe3b85/build]   | [INFO] Tests run: 49, Failures: 0, Errors: 0, Skipped: 0, Time elapsed: 0.001 s - in org.dyn4j.dynamics.AbstractPhysicsBodyTest
[12574ded-9323-49e3-b352-56c057fe3b85/build]   | [INFO] Running org.dyn4j.dynamics.IslandTest
[12574ded-9323-49e3-b352-56c057fe3b85/build]   | [INFO] Tests run: 3, Failures: 0, Errors: 0, Skipped: 0, Time elapsed: 0 s - in org.dyn4j.dynamics.IslandTest
[12574ded-9323-49e3-b352-56c057fe3b85/build]   | [INFO] Running org.dyn4j.dynamics.contact.ContactConstraintIdTest
[12574ded-9323-49e3-b352-56c057fe3b85/build]   | [INFO] Tests run: 1, Failures: 0, Errors: 0, Skipped: 0, Time elapsed: 0 s - in org.dyn4j.dynamics.contact.ContactConstraintIdTest
[12574ded-9323-49e3-b352-56c057fe3b85/build]   | [INFO] Running org.dyn4j.dynamics.contact.ContactConstraintTest
[12574ded-9323-49e3-b352-56c057fe3b85/build]   | [INFO] Tests run: 11, Failures: 0, Errors: 0, Skipped: 0, Time elapsed: 0.002 s - in org.dyn4j.dynamics.contact.ContactConstraintTest
[12574ded-9323-49e3-b352-56c057fe3b85/build]   | [INFO] Running org.dyn4j.dynamics.contact.ContactManagerTest
[12574ded-9323-49e3-b352-56c057fe3b85/build]   | [INFO] Tests run: 4, Failures: 0, Errors: 0, Skipped: 0, Time elapsed: 0.044 s - in org.dyn4j.dynamics.contact.ContactManagerTest
[12574ded-9323-49e3-b352-56c057fe3b85/build]   | [INFO] Running org.dyn4j.world.CoefficientMixerTest
[12574ded-9323-49e3-b352-56c057fe3b85/build]   | [INFO] Tests run: 2, Failures: 0, Errors: 0, Skipped: 0, Time elapsed: 0 s - in org.dyn4j.world.CoefficientMixerTest
[12574ded-9323-49e3-b352-56c057fe3b85/build]   | [INFO] Running org.dyn4j.world.CollisionItemAdapterTest
[12574ded-9323-49e3-b352-56c057fe3b85/build]   | [INFO] Tests run: 3, Failures: 0, Errors: 0, Skipped: 0, Time elapsed: 0 s - in org.dyn4j.world.CollisionItemAdapterTest
[12574ded-9323-49e3-b352-56c057fe3b85/build]   | [INFO] Running org.dyn4j.world.AbstractCollisionWorldTest
[12574ded-9323-49e3-b352-56c057fe3b85/build]   | [INFO] Tests run: 65, Failures: 0, Errors: 0, Skipped: 0, Time elapsed: 0.035 s - in org.dyn4j.world.AbstractCollisionWorldTest
[12574ded-9323-49e3-b352-56c057fe3b85/build]   | [INFO] Running org.dyn4j.world.listener.ListenerAdaptersTest
[12574ded-9323-49e3-b352-56c057fe3b85/build]   | [INFO] Tests run: 6, Failures: 0, Errors: 0, Skipped: 0, Time elapsed: 0.006 s - in org.dyn4j.world.listener.ListenerAdaptersTest
[12574ded-9323-49e3-b352-56c057fe3b85/build]   | [INFO] Running org.dyn4j.world.BroadphaseFilterAdapterTest
[12574ded-9323-49e3-b352-56c057fe3b85/build]   | [INFO] Tests run: 1, Failures: 0, Errors: 0, Skipped: 0, Time elapsed: 0 s - in org.dyn4j.world.BroadphaseFilterAdapterTest
[12574ded-9323-49e3-b352-56c057fe3b85/build]   | [INFO] Running org.dyn4j.world.WorldTest
[12574ded-9323-49e3-b352-56c057fe3b85/build]   | [INFO] Tests run: 1, Failures: 0, Errors: 0, Skipped: 0, Time elapsed: 0 s - in org.dyn4j.world.WorldTest
[12574ded-9323-49e3-b352-56c057fe3b85/build]   | [INFO] Running org.dyn4j.world.PhysicsBodyBroadphaseFilterTest
[12574ded-9323-49e3-b352-56c057fe3b85/build]   | [INFO] Tests run: 4, Failures: 0, Errors: 0, Skipped: 0, Time elapsed: 0.001 s - in org.dyn4j.world.PhysicsBodyBroadphaseFilterTest
[12574ded-9323-49e3-b352-56c057fe3b85/build]   | [INFO] Running org.dyn4j.world.CollisionBodyBroadphaseFilterTest
[12574ded-9323-49e3-b352-56c057fe3b85/build]   | [INFO] Tests run: 2, Failures: 0, Errors: 0, Skipped: 0, Time elapsed: 0 s - in org.dyn4j.world.CollisionBodyBroadphaseFilterTest
[12574ded-9323-49e3-b352-56c057fe3b85/build]   | [INFO] Running org.dyn4j.world.IslandTest
[12574ded-9323-49e3-b352-56c057fe3b85/build]   | [INFO] Tests run: 4, Failures: 0, Errors: 0, Skipped: 0, Time elapsed: 0.001 s - in org.dyn4j.world.IslandTest
[12574ded-9323-49e3-b352-56c057fe3b85/build]   | [INFO] Running org.dyn4j.world.ConstraintGraphTest
[12574ded-9323-49e3-b352-56c057fe3b85/build]   | [INFO] Tests run: 22, Failures: 0, Errors: 0, Skipped: 0, Time elapsed: 0.005 s - in org.dyn4j.world.ConstraintGraphTest
[12574ded-9323-49e3-b352-56c057fe3b85/build]   | [INFO] Running org.dyn4j.world.DetectFilterTest
[12574ded-9323-49e3-b352-56c057fe3b85/build]   | [INFO] Tests run: 4, Failures: 0, Errors: 0, Skipped: 0, Time elapsed: 0.001 s - in org.dyn4j.world.DetectFilterTest
[12574ded-9323-49e3-b352-56c057fe3b85/build]   | [INFO] Running org.dyn4j.world.AbstractPhysicsWorldTest
[12574ded-9323-49e3-b352-56c057fe3b85/build]   | [INFO] Tests run: 55, Failures: 0, Errors: 0, Skipped: 0, Time elapsed: 0.069 s - in org.dyn4j.world.AbstractPhysicsWorldTest
[12574ded-9323-49e3-b352-56c057fe3b85/build]   | [INFO] Running org.dyn4j.world.result.DetectResultTest
[12574ded-9323-49e3-b352-56c057fe3b85/build]   | [INFO] Tests run: 4, Failures: 0, Errors: 0, Skipped: 0, Time elapsed: 0.001 s - in org.dyn4j.world.result.DetectResultTest
[12574ded-9323-49e3-b352-56c057fe3b85/build]   | [INFO] Running org.dyn4j.BalancedBinarySearchTreeTest
[12574ded-9323-49e3-b352-56c057fe3b85/build]   | [INFO] Tests run: 18, Failures: 0, Errors: 0, Skipped: 0, Time elapsed: 0.007 s - in org.dyn4j.BalancedBinarySearchTreeTest
[12574ded-9323-49e3-b352-56c057fe3b85/build]   | [INFO] Running org.dyn4j.MessagesTest
[12574ded-9323-49e3-b352-56c057fe3b85/build]   | [INFO] Tests run: 1, Failures: 0, Errors: 0, Skipped: 0, Time elapsed: 0 s - in org.dyn4j.MessagesTest
[12574ded-9323-49e3-b352-56c057fe3b85/build]   | [INFO] Running org.dyn4j.geometry.RayTest
[12574ded-9323-49e3-b352-56c057fe3b85/build]   | [INFO] Tests run: 4, Failures: 0, Errors: 0, Skipped: 0, Time elapsed: 0 s - in org.dyn4j.geometry.RayTest
[12574ded-9323-49e3-b352-56c057fe3b85/build]   | [INFO] Running org.dyn4j.geometry.IntervalTest
[12574ded-9323-49e3-b352-56c057fe3b85/build]   | [INFO] Tests run: 16, Failures: 0, Errors: 0, Skipped: 0, Time elapsed: 0 s - in org.dyn4j.geometry.IntervalTest
[12574ded-9323-49e3-b352-56c057fe3b85/build]   | [INFO] Running org.dyn4j.geometry.HalfEllipseTest
[12574ded-9323-49e3-b352-56c057fe3b85/build]   | [INFO] Tests run: 14, Failures: 0, Errors: 0, Skipped: 0, Time elapsed: 0.001 s - in org.dyn4j.geometry.HalfEllipseTest
[12574ded-9323-49e3-b352-56c057fe3b85/build]   | [INFO] Running org.dyn4j.geometry.CapsuleTest
[12574ded-9323-49e3-b352-56c057fe3b85/build]   | [INFO] Tests run: 14, Failures: 0, Errors: 0, Skipped: 0, Time elapsed: 0.002 s - in org.dyn4j.geometry.CapsuleTest
[12574ded-9323-49e3-b352-56c057fe3b85/build]   | [INFO] Running org.dyn4j.geometry.TriangleTest
[12574ded-9323-49e3-b352-56c057fe3b85/build]   | [INFO] Tests run: 4, Failures: 0, Errors: 0, Skipped: 0, Time elapsed: 0 s - in org.dyn4j.geometry.TriangleTest
[12574ded-9323-49e3-b352-56c057fe3b85/build]   | [INFO] Running org.dyn4j.geometry.SliceTest
[12574ded-9323-49e3-b352-56c057fe3b85/build]   | [INFO] Tests run: 14, Failures: 0, Errors: 0, Skipped: 0, Time elapsed: 0.005 s - in org.dyn4j.geometry.SliceTest
[12574ded-9323-49e3-b352-56c057fe3b85/build]   | [INFO] Running org.dyn4j.geometry.RectangleTest
[12574ded-9323-49e3-b352-56c057fe3b85/build]   | [INFO] Tests run: 7, Failures: 0, Errors: 0, Skipped: 0, Time elapsed: 0.002 s - in org.dyn4j.geometry.RectangleTest
[12574ded-9323-49e3-b352-56c057fe3b85/build]   | [INFO] Running org.dyn4j.geometry.AdaptiveDecimalTest
[12574ded-9323-49e3-b352-56c057fe3b85/build]   | [INFO] Tests run: 17, Failures: 0, Errors: 0, Skipped: 0, Time elapsed: 0.054 s - in org.dyn4j.geometry.AdaptiveDecimalTest
[12574ded-9323-49e3-b352-56c057fe3b85/build]   | [INFO] Running org.dyn4j.geometry.RobustGeometryTest
[12574ded-9323-49e3-b352-56c057fe3b85/build]   | [INFO] Tests run: 2, Failures: 0, Errors: 0, Skipped: 0, Time elapsed: 0.938 s - in org.dyn4j.geometry.RobustGeometryTest
[12574ded-9323-49e3-b352-56c057fe3b85/build]   | [INFO] Running org.dyn4j.geometry.MassTest
[12574ded-9323-49e3-b352-56c057fe3b85/build]   | [INFO] Tests run: 24, Failures: 0, Errors: 0, Skipped: 0, Time elapsed: 0.009 s - in org.dyn4j.geometry.MassTest
[12574ded-9323-49e3-b352-56c057fe3b85/build]   | [INFO] Running org.dyn4j.geometry.WoundTest
[12574ded-9323-49e3-b352-56c057fe3b85/build]   | [INFO] Tests run: 4, Failures: 0, Errors: 0, Skipped: 0, Time elapsed: 0 s - in org.dyn4j.geometry.WoundTest
[12574ded-9323-49e3-b352-56c057fe3b85/build]   | [INFO] Running org.dyn4j.geometry.TransformTest
[12574ded-9323-49e3-b352-56c057fe3b85/build]   | [INFO] Tests run: 11, Failures: 0, Errors: 0, Skipped: 0, Time elapsed: 0.002 s - in org.dyn4j.geometry.TransformTest
[12574ded-9323-49e3-b352-56c057fe3b85/build]   | [INFO] Running org.dyn4j.geometry.hull.GiftWrapTest
[12574ded-9323-49e3-b352-56c057fe3b85/build]   | [INFO] Tests run: 17, Failures: 0, Errors: 0, Skipped: 0, Time elapsed: 0.006 s - in org.dyn4j.geometry.hull.GiftWrapTest
[12574ded-9323-49e3-b352-56c057fe3b85/build]   | [INFO] Running org.dyn4j.geometry.hull.DivideAndConquerTest
[12574ded-9323-49e3-b352-56c057fe3b85/build]   | [INFO] Tests run: 18, Failures: 0, Errors: 0, Skipped: 0, Time elapsed: 0.005 s - in org.dyn4j.geometry.hull.DivideAndConquerTest
[12574ded-9323-49e3-b352-56c057fe3b85/build]   | [INFO] Running org.dyn4j.geometry.hull.MonotoneChainTest
[12574ded-9323-49e3-b352-56c057fe3b85/build]   | [INFO] Tests run: 18, Failures: 0, Errors: 0, Skipped: 0, Time elapsed: 0.005 s - in org.dyn4j.geometry.hull.MonotoneChainTest
[12574ded-9323-49e3-b352-56c057fe3b85/build]   | [INFO] Running org.dyn4j.geometry.hull.GrahamScanTest
[12574ded-9323-49e3-b352-56c057fe3b85/build]   | [INFO] Tests run: 18, Failures: 0, Errors: 0, Skipped: 0, Time elapsed: 0.006 s - in org.dyn4j.geometry.hull.GrahamScanTest
[12574ded-9323-49e3-b352-56c057fe3b85/build]   | [INFO] Running org.dyn4j.geometry.decompose.BayazitTest
[12574ded-9323-49e3-b352-56c057fe3b85/build]   | [INFO] Tests run: 31, Failures: 0, Errors: 0, Skipped: 0, Time elapsed: 0.209 s - in org.dyn4j.geometry.decompose.BayazitTest
[12574ded-9323-49e3-b352-56c057fe3b85/build]   | [INFO] Running org.dyn4j.geometry.decompose.EarClippingTest
[12574ded-9323-49e3-b352-56c057fe3b85/build]   | [INFO] Tests run: 50, Failures: 0, Errors: 0, Skipped: 0, Time elapsed: 0.2 s - in org.dyn4j.geometry.decompose.EarClippingTest
[12574ded-9323-49e3-b352-56c057fe3b85/build]   | [INFO] Running org.dyn4j.geometry.decompose.SweepLineTest
[12574ded-9323-49e3-b352-56c057fe3b85/build]   | [INFO] Tests run: 50, Failures: 0, Errors: 0, Skipped: 0, Time elapsed: 0.132 s - in org.dyn4j.geometry.decompose.SweepLineTest
[12574ded-9323-49e3-b352-56c057fe3b85/build]   | [INFO] Running org.dyn4j.geometry.SegmentTest
[12574ded-9323-49e3-b352-56c057fe3b85/build]   | [INFO] Tests run: 18, Failures: 0, Errors: 0, Skipped: 0, Time elapsed: 0.005 s - in org.dyn4j.geometry.SegmentTest
[12574ded-9323-49e3-b352-56c057fe3b85/build]   | [INFO] Running org.dyn4j.geometry.Vector3Test
[12574ded-9323-49e3-b352-56c057fe3b85/build]   | [INFO] Tests run: 19, Failures: 0, Errors: 0, Skipped: 0, Time elapsed: 0.006 s - in org.dyn4j.geometry.Vector3Test
[12574ded-9323-49e3-b352-56c057fe3b85/build]   | [INFO] Running org.dyn4j.geometry.Matrix33Test
[12574ded-9323-49e3-b352-56c057fe3b85/build]   | [INFO] Tests run: 23, Failures: 0, Errors: 0, Skipped: 0, Time elapsed: 0.004 s - in org.dyn4j.geometry.Matrix33Test
[12574ded-9323-49e3-b352-56c057fe3b85/build]   | [INFO] Running org.dyn4j.geometry.Matrix22Test
[12574ded-9323-49e3-b352-56c057fe3b85/build]   | [INFO] Tests run: 22, Failures: 0, Errors: 0, Skipped: 0, Time elapsed: 0.003 s - in org.dyn4j.geometry.Matrix22Test
[12574ded-9323-49e3-b352-56c057fe3b85/build]   | [INFO] Running org.dyn4j.geometry.CircleTest
[12574ded-9323-49e3-b352-56c057fe3b85/build]   | [INFO] Tests run: 11, Failures: 0, Errors: 0, Skipped: 0, Time elapsed: 0.003 s - in org.dyn4j.geometry.CircleTest
[12574ded-9323-49e3-b352-56c057fe3b85/build]   | [INFO] Running org.dyn4j.geometry.EllipseTest
[12574ded-9323-49e3-b352-56c057fe3b85/build]   | [INFO] Tests run: 13, Failures: 0, Errors: 0, Skipped: 0, Time elapsed: 0 s - in org.dyn4j.geometry.EllipseTest
[12574ded-9323-49e3-b352-56c057fe3b85/build]   | [INFO] Running org.dyn4j.geometry.GeometryTest
[12574ded-9323-49e3-b352-56c057fe3b85/build]   | [ERROR] Tests run: 143, Failures: 1, Errors: 0, Skipped: 0, Time elapsed: 0.033 s <<< FAILURE! - in org.dyn4j.geometry.GeometryTest
[12574ded-9323-49e3-b352-56c057fe3b85/build]   | [ERROR] createLinks(org.dyn4j.geometry.GeometryTest)  Time elapsed: 0.008 s  <<< FAILURE!
[12574ded-9323-49e3-b352-56c057fe3b85/build]   | junit.framework.AssertionFailedError: expected:<(0.0, 0.0)> but was:<(0.0, 1.6)>
[12574ded-9323-49e3-b352-56c057fe3b85/build]   | 	at org.dyn4j@4.0.0/org.dyn4j.geometry.GeometryTest.createLinks(GeometryTest.java:320)
[12574ded-9323-49e3-b352-56c057fe3b85/build]   | 
[12574ded-9323-49e3-b352-56c057fe3b85/build]   | [INFO] Running org.dyn4j.geometry.AbstractShapeTest
[12574ded-9323-49e3-b352-56c057fe3b85/build]   | [INFO] Tests run: 1, Failures: 0, Errors: 0, Skipped: 0, Time elapsed: 0.001 s - in org.dyn4j.geometry.AbstractShapeTest
[12574ded-9323-49e3-b352-56c057fe3b85/build]   | [INFO] Running org.dyn4j.geometry.RotationTest
[12574ded-9323-49e3-b352-56c057fe3b85/build]   | [INFO] Tests run: 16, Failures: 0, Errors: 0, Skipped: 0, Time elapsed: 0.001 s - in org.dyn4j.geometry.RotationTest
[12574ded-9323-49e3-b352-56c057fe3b85/build]   | [INFO] Running org.dyn4j.geometry.AABBTest
[12574ded-9323-49e3-b352-56c057fe3b85/build]   | [INFO] Tests run: 21, Failures: 0, Errors: 0, Skipped: 0, Time elapsed: 0.003 s - in org.dyn4j.geometry.AABBTest
[12574ded-9323-49e3-b352-56c057fe3b85/build]   | [INFO] Running org.dyn4j.geometry.Vector2Test
[12574ded-9323-49e3-b352-56c057fe3b85/build]   | [INFO] Tests run: 25, Failures: 0, Errors: 0, Skipped: 0, Time elapsed: 0.001 s - in org.dyn4j.geometry.Vector2Test
[12574ded-9323-49e3-b352-56c057fe3b85/build]   | [INFO] Running org.dyn4j.geometry.PolygonTest
[12574ded-9323-49e3-b352-56c057fe3b85/build]   | [INFO] Tests run: 21, Failures: 0, Errors: 0, Skipped: 0, Time elapsed: 0.014 s - in org.dyn4j.geometry.PolygonTest
[12574ded-9323-49e3-b352-56c057fe3b85/build]   | [INFO] Running org.dyn4j.simulation.FrictionJointSimulationTest
[12574ded-9323-49e3-b352-56c057fe3b85/build]   | [INFO] Tests run: 2, Failures: 0, Errors: 0, Skipped: 0, Time elapsed: 0.001 s - in org.dyn4j.simulation.FrictionJointSimulationTest
[12574ded-9323-49e3-b352-56c057fe3b85/build]   | [INFO] Running org.dyn4j.simulation.PinJointSimulationTest
[12574ded-9323-49e3-b352-56c057fe3b85/build]   | [INFO] Tests run: 1, Failures: 0, Errors: 0, Skipped: 0, Time elapsed: 0 s - in org.dyn4j.simulation.PinJointSimulationTest
[12574ded-9323-49e3-b352-56c057fe3b85/build]   | [INFO] Running org.dyn4j.simulation.TorqueSimulationTest
[12574ded-9323-49e3-b352-56c057fe3b85/build]   | [INFO] Tests run: 1, Failures: 0, Errors: 0, Skipped: 0, Time elapsed: 0 s - in org.dyn4j.simulation.TorqueSimulationTest
[12574ded-9323-49e3-b352-56c057fe3b85/build]   | [INFO] Running org.dyn4j.simulation.ForceSimulationTest
[12574ded-9323-49e3-b352-56c057fe3b85/build]   | [INFO] Tests run: 1, Failures: 0, Errors: 0, Skipped: 0, Time elapsed: 0 s - in org.dyn4j.simulation.ForceSimulationTest
[12574ded-9323-49e3-b352-56c057fe3b85/build]   | [INFO] Running org.dyn4j.simulation.DistanceJointSimulationTest
[12574ded-9323-49e3-b352-56c057fe3b85/build]   | [INFO] Tests run: 1, Failures: 0, Errors: 0, Skipped: 0, Time elapsed: 0 s - in org.dyn4j.simulation.DistanceJointSimulationTest
[12574ded-9323-49e3-b352-56c057fe3b85/build]   | [INFO] Running org.dyn4j.collision.AbstractCollisionBodyTest
[12574ded-9323-49e3-b352-56c057fe3b85/build]   | [INFO] Tests run: 37, Failures: 0, Errors: 0, Skipped: 0, Time elapsed: 0.011 s - in org.dyn4j.collision.AbstractCollisionBodyTest
[12574ded-9323-49e3-b352-56c057fe3b85/build]   | [INFO] Running org.dyn4j.collision.AxisAlignedBoundsTest
[12574ded-9323-49e3-b352-56c057fe3b85/build]   | [INFO] Tests run: 14, Failures: 0, Errors: 0, Skipped: 0, Time elapsed: 0.009 s - in org.dyn4j.collision.AxisAlignedBoundsTest
[12574ded-9323-49e3-b352-56c057fe3b85/build]   | [INFO] Running org.dyn4j.collision.AbstractCollisionItemTest
[12574ded-9323-49e3-b352-56c057fe3b85/build]   | [INFO] Tests run: 3, Failures: 0, Errors: 0, Skipped: 0, Time elapsed: 0.002 s - in org.dyn4j.collision.AbstractCollisionItemTest
[12574ded-9323-49e3-b352-56c057fe3b85/build]   | [INFO] Running org.dyn4j.collision.broadphase.BroadphaseItemTest
[12574ded-9323-49e3-b352-56c057fe3b85/build]   | [INFO] Tests run: 3, Failures: 0, Errors: 0, Skipped: 0, Time elapsed: 0 s - in org.dyn4j.collision.broadphase.BroadphaseItemTest
[12574ded-9323-49e3-b352-56c057fe3b85/build]   | [INFO] Running org.dyn4j.collision.broadphase.BroadphasePairTest
[12574ded-9323-49e3-b352-56c057fe3b85/build]   | [INFO] Tests run: 4, Failures: 0, Errors: 0, Skipped: 0, Time elapsed: 0 s - in org.dyn4j.collision.broadphase.BroadphasePairTest
[12574ded-9323-49e3-b352-56c057fe3b85/build]   | [INFO] Running org.dyn4j.collision.broadphase.BroadphaseTest
[12574ded-9323-49e3-b352-56c057fe3b85/build]   | [INFO] Tests run: 174, Failures: 0, Errors: 0, Skipped: 0, Time elapsed: 0.303 s - in org.dyn4j.collision.broadphase.BroadphaseTest
[12574ded-9323-49e3-b352-56c057fe3b85/build]   | [INFO] Running org.dyn4j.collision.BasicCollisionPairTest
[12574ded-9323-49e3-b352-56c057fe3b85/build]   | [INFO] Tests run: 3, Failures: 0, Errors: 0, Skipped: 0, Time elapsed: 0.001 s - in org.dyn4j.collision.BasicCollisionPairTest
[12574ded-9323-49e3-b352-56c057fe3b85/build]   | [INFO] Running org.dyn4j.collision.DefaultFilterTest
[12574ded-9323-49e3-b352-56c057fe3b85/build]   | [INFO] Tests run: 2, Failures: 0, Errors: 0, Skipped: 0, Time elapsed: 0 s - in org.dyn4j.collision.DefaultFilterTest
[12574ded-9323-49e3-b352-56c057fe3b85/build]   | [INFO] Running org.dyn4j.collision.shapes.SegmentTriangleTest
[12574ded-9323-49e3-b352-56c057fe3b85/build]   | [INFO] Tests run: 7, Failures: 0, Errors: 0, Skipped: 0, Time elapsed: 0.001 s - in org.dyn4j.collision.shapes.SegmentTriangleTest
[12574ded-9323-49e3-b352-56c057fe3b85/build]   | [INFO] Running org.dyn4j.collision.shapes.PolygonEllipseTest
[12574ded-9323-49e3-b352-56c057fe3b85/build]   | [INFO] Tests run: 7, Failures: 0, Errors: 0, Skipped: 0, Time elapsed: 0 s - in org.dyn4j.collision.shapes.PolygonEllipseTest
[12574ded-9323-49e3-b352-56c057fe3b85/build]   | [INFO] Running org.dyn4j.collision.shapes.SegmentSliceTest
[12574ded-9323-49e3-b352-56c057fe3b85/build]   | [INFO] Tests run: 7, Failures: 0, Errors: 0, Skipped: 0, Time elapsed: 0.004 s - in org.dyn4j.collision.shapes.SegmentSliceTest
[12574ded-9323-49e3-b352-56c057fe3b85/build]   | [INFO] Running org.dyn4j.collision.shapes.PolygonRectangleTest
[12574ded-9323-49e3-b352-56c057fe3b85/build]   | [INFO] Tests run: 8, Failures: 0, Errors: 0, Skipped: 0, Time elapsed: 0.002 s - in org.dyn4j.collision.shapes.PolygonRectangleTest
[12574ded-9323-49e3-b352-56c057fe3b85/build]   | [INFO] Running org.dyn4j.collision.shapes.CircleRectangleTest
[12574ded-9323-49e3-b352-56c057fe3b85/build]   | [INFO] Tests run: 7, Failures: 0, Errors: 0, Skipped: 0, Time elapsed: 0.003 s - in org.dyn4j.collision.shapes.CircleRectangleTest
[12574ded-9323-49e3-b352-56c057fe3b85/build]   | [INFO] Running org.dyn4j.collision.shapes.PolygonTriangleTest
[12574ded-9323-49e3-b352-56c057fe3b85/build]   | [INFO] Tests run: 7, Failures: 0, Errors: 0, Skipped: 0, Time elapsed: 0.003 s - in org.dyn4j.collision.shapes.PolygonTriangleTest
[12574ded-9323-49e3-b352-56c057fe3b85/build]   | [INFO] Running org.dyn4j.collision.shapes.TriangleEllipseTest
[12574ded-9323-49e3-b352-56c057fe3b85/build]   | [INFO] Tests run: 7, Failures: 0, Errors: 0, Skipped: 0, Time elapsed: 0.007 s - in org.dyn4j.collision.shapes.TriangleEllipseTest
[12574ded-9323-49e3-b352-56c057fe3b85/build]   | [INFO] Running org.dyn4j.collision.shapes.CircleSegmentTest
[12574ded-9323-49e3-b352-56c057fe3b85/build]   | [INFO] Tests run: 7, Failures: 0, Errors: 0, Skipped: 0, Time elapsed: 0.002 s - in org.dyn4j.collision.shapes.CircleSegmentTest
[12574ded-9323-49e3-b352-56c057fe3b85/build]   | [INFO] Running org.dyn4j.collision.shapes.RectangleSegmentTest
[12574ded-9323-49e3-b352-56c057fe3b85/build]   | [INFO] Tests run: 7, Failures: 0, Errors: 0, Skipped: 0, Time elapsed: 0 s - in org.dyn4j.collision.shapes.RectangleSegmentTest
[12574ded-9323-49e3-b352-56c057fe3b85/build]   | [INFO] Running org.dyn4j.collision.shapes.RectangleSliceTest
[12574ded-9323-49e3-b352-56c057fe3b85/build]   | [INFO] Tests run: 7, Failures: 0, Errors: 0, Skipped: 0, Time elapsed: 0.003 s - in org.dyn4j.collision.shapes.RectangleSliceTest
[12574ded-9323-49e3-b352-56c057fe3b85/build]   | [INFO] Running org.dyn4j.collision.shapes.SegmentEllipseTest
[12574ded-9323-49e3-b352-56c057fe3b85/build]   | [INFO] Tests run: 7, Failures: 0, Errors: 0, Skipped: 0, Time elapsed: 0.007 s - in org.dyn4j.collision.shapes.SegmentEllipseTest
[12574ded-9323-49e3-b352-56c057fe3b85/build]   | [INFO] Running org.dyn4j.collision.shapes.EllipseHalfEllipseTest
[12574ded-9323-49e3-b352-56c057fe3b85/build]   | [INFO] Tests run: 7, Failures: 0, Errors: 0, Skipped: 0, Time elapsed: 0 s - in org.dyn4j.collision.shapes.EllipseHalfEllipseTest
[12574ded-9323-49e3-b352-56c057fe3b85/build]   | [INFO] Running org.dyn4j.collision.shapes.HalfEllipseSliceTest
[12574ded-9323-49e3-b352-56c057fe3b85/build]   | [INFO] Tests run: 7, Failures: 0, Errors: 0, Skipped: 0, Time elapsed: 0 s - in org.dyn4j.collision.shapes.HalfEllipseSliceTest
[12574ded-9323-49e3-b352-56c057fe3b85/build]   | [INFO] Running org.dyn4j.collision.shapes.EllipseSliceTest
[12574ded-9323-49e3-b352-56c057fe3b85/build]   | [INFO] Tests run: 7, Failures: 0, Errors: 0, Skipped: 0, Time elapsed: 0 s - in org.dyn4j.collision.shapes.EllipseSliceTest
[12574ded-9323-49e3-b352-56c057fe3b85/build]   | [INFO] Running org.dyn4j.collision.shapes.RectangleEllipseTest
[12574ded-9323-49e3-b352-56c057fe3b85/build]   | [INFO] Tests run: 7, Failures: 0, Errors: 0, Skipped: 0, Time elapsed: 0 s - in org.dyn4j.collision.shapes.RectangleEllipseTest
[12574ded-9323-49e3-b352-56c057fe3b85/build]   | [INFO] Running org.dyn4j.collision.shapes.CircleCircleTest
[12574ded-9323-49e3-b352-56c057fe3b85/build]   | [INFO] Tests run: 7, Failures: 0, Errors: 0, Skipped: 0, Time elapsed: 0 s - in org.dyn4j.collision.shapes.CircleCircleTest
[12574ded-9323-49e3-b352-56c057fe3b85/build]   | [INFO] Running org.dyn4j.collision.shapes.TriangleTriangleTest
[12574ded-9323-49e3-b352-56c057fe3b85/build]   | [INFO] Tests run: 9, Failures: 0, Errors: 0, Skipped: 0, Time elapsed: 0.002 s - in org.dyn4j.collision.shapes.TriangleTriangleTest
[12574ded-9323-49e3-b352-56c057fe3b85/build]   | [INFO] Running org.dyn4j.collision.shapes.PolygonSliceTest
[12574ded-9323-49e3-b352-56c057fe3b85/build]   | [INFO] Tests run: 7, Failures: 0, Errors: 0, Skipped: 0, Time elapsed: 0 s - in org.dyn4j.collision.shapes.PolygonSliceTest
[12574ded-9323-49e3-b352-56c057fe3b85/build]   | [INFO] Running org.dyn4j.collision.shapes.RectangleTriangleTest
[12574ded-9323-49e3-b352-56c057fe3b85/build]   | [INFO] Tests run: 8, Failures: 0, Errors: 0, Skipped: 0, Time elapsed: 0.005 s - in org.dyn4j.collision.shapes.RectangleTriangleTest
[12574ded-9323-49e3-b352-56c057fe3b85/build]   | [INFO] Running org.dyn4j.collision.shapes.CircleHalfEllipseTest
[12574ded-9323-49e3-b352-56c057fe3b85/build]   | [INFO] Tests run: 7, Failures: 0, Errors: 0, Skipped: 0, Time elapsed: 0.014 s - in org.dyn4j.collision.shapes.CircleHalfEllipseTest
[12574ded-9323-49e3-b352-56c057fe3b85/build]   | [INFO] Running org.dyn4j.collision.shapes.SliceSliceTest
[12574ded-9323-49e3-b352-56c057fe3b85/build]   | [INFO] Tests run: 7, Failures: 0, Errors: 0, Skipped: 0, Time elapsed: 0.001 s - in org.dyn4j.collision.shapes.SliceSliceTest
[12574ded-9323-49e3-b352-56c057fe3b85/build]   | [INFO] Running org.dyn4j.collision.shapes.TriangleCapsuleTest
[12574ded-9323-49e3-b352-56c057fe3b85/build]   | [INFO] Tests run: 7, Failures: 0, Errors: 0, Skipped: 0, Time elapsed: 0.007 s - in org.dyn4j.collision.shapes.TriangleCapsuleTest
[12574ded-9323-49e3-b352-56c057fe3b85/build]   | [INFO] Running org.dyn4j.collision.shapes.PolygonHalfEllipseTest
[12574ded-9323-49e3-b352-56c057fe3b85/build]   | [INFO] Tests run: 7, Failures: 0, Errors: 0, Skipped: 0, Time elapsed: 0.003 s - in org.dyn4j.collision.shapes.PolygonHalfEllipseTest
[12574ded-9323-49e3-b352-56c057fe3b85/build]   | [INFO] Running org.dyn4j.collision.shapes.RectangleHalfEllipseTest
[12574ded-9323-49e3-b352-56c057fe3b85/build]   | [INFO] Tests run: 7, Failures: 0, Errors: 0, Skipped: 0, Time elapsed: 0.002 s - in org.dyn4j.collision.shapes.RectangleHalfEllipseTest
[12574ded-9323-49e3-b352-56c057fe3b85/build]   | [INFO] Running org.dyn4j.collision.shapes.PolygonCapsuleTest
[12574ded-9323-49e3-b352-56c057fe3b85/build]   | [INFO] Tests run: 7, Failures: 0, Errors: 0, Skipped: 0, Time elapsed: 0 s - in org.dyn4j.collision.shapes.PolygonCapsuleTest
[12574ded-9323-49e3-b352-56c057fe3b85/build]   | [INFO] Running org.dyn4j.collision.shapes.SegmentCapsuleTest
[12574ded-9323-49e3-b352-56c057fe3b85/build]   | [INFO] Tests run: 7, Failures: 0, Errors: 0, Skipped: 0, Time elapsed: 0 s - in org.dyn4j.collision.shapes.SegmentCapsuleTest
[12574ded-9323-49e3-b352-56c057fe3b85/build]   | [INFO] Running org.dyn4j.collision.shapes.PolygonSegmentTest
[12574ded-9323-49e3-b352-56c057fe3b85/build]   | [INFO] Tests run: 9, Failures: 0, Errors: 0, Skipped: 0, Time elapsed: 0 s - in org.dyn4j.collision.shapes.PolygonSegmentTest
[12574ded-9323-49e3-b352-56c057fe3b85/build]   | [INFO] Running org.dyn4j.collision.shapes.CircleEllipseTest
[12574ded-9323-49e3-b352-56c057fe3b85/build]   | [INFO] Tests run: 7, Failures: 0, Errors: 0, Skipped: 0, Time elapsed: 0.001 s - in org.dyn4j.collision.shapes.CircleEllipseTest
[12574ded-9323-49e3-b352-56c057fe3b85/build]   | [INFO] Running org.dyn4j.collision.shapes.TriangleHalfEllipseTest
[12574ded-9323-49e3-b352-56c057fe3b85/build]   | [INFO] Tests run: 7, Failures: 0, Errors: 0, Skipped: 0, Time elapsed: 0 s - in org.dyn4j.collision.shapes.TriangleHalfEllipseTest
[12574ded-9323-49e3-b352-56c057fe3b85/build]   | [INFO] Running org.dyn4j.collision.shapes.HalfEllipseHalfEllipseTest
[12574ded-9323-49e3-b352-56c057fe3b85/build]   | [INFO] Tests run: 7, Failures: 0, Errors: 0, Skipped: 0, Time elapsed: 0 s - in org.dyn4j.collision.shapes.HalfEllipseHalfEllipseTest
[12574ded-9323-49e3-b352-56c057fe3b85/build]   | [INFO] Running org.dyn4j.collision.shapes.CapsuleSliceTest
[12574ded-9323-49e3-b352-56c057fe3b85/build]   | [INFO] Tests run: 7, Failures: 0, Errors: 0, Skipped: 0, Time elapsed: 0.003 s - in org.dyn4j.collision.shapes.CapsuleSliceTest
[12574ded-9323-49e3-b352-56c057fe3b85/build]   | [INFO] Running org.dyn4j.collision.shapes.EllipseEllipseTest
[12574ded-9323-49e3-b352-56c057fe3b85/build]   | [INFO] Tests run: 9, Failures: 0, Errors: 0, Skipped: 0, Time elapsed: 0.001 s - in org.dyn4j.collision.shapes.EllipseEllipseTest
[12574ded-9323-49e3-b352-56c057fe3b85/build]   | [INFO] Running org.dyn4j.collision.shapes.SegmentHalfEllipseTest
[12574ded-9323-49e3-b352-56c057fe3b85/build]   | [INFO] Tests run: 7, Failures: 0, Errors: 0, Skipped: 0, Time elapsed: 0.001 s - in org.dyn4j.collision.shapes.SegmentHalfEllipseTest
[12574ded-9323-49e3-b352-56c057fe3b85/build]   | [INFO] Running org.dyn4j.collision.shapes.PolygonPolygonTest
[12574ded-9323-49e3-b352-56c057fe3b85/build]   | [INFO] Tests run: 7, Failures: 0, Errors: 0, Skipped: 0, Time elapsed: 0.008 s - in org.dyn4j.collision.shapes.PolygonPolygonTest
[12574ded-9323-49e3-b352-56c057fe3b85/build]   | [INFO] Running org.dyn4j.collision.shapes.CapsuleCapsuleTest
[12574ded-9323-49e3-b352-56c057fe3b85/build]   | [INFO] Tests run: 7, Failures: 0, Errors: 0, Skipped: 0, Time elapsed: 0 s - in org.dyn4j.collision.shapes.CapsuleCapsuleTest
[12574ded-9323-49e3-b352-56c057fe3b85/build]   | [INFO] Running org.dyn4j.collision.shapes.RectangleRectangleTest
[12574ded-9323-49e3-b352-56c057fe3b85/build]   | [INFO] Tests run: 7, Failures: 0, Errors: 0, Skipped: 0, Time elapsed: 0 s - in org.dyn4j.collision.shapes.RectangleRectangleTest
[12574ded-9323-49e3-b352-56c057fe3b85/build]   | [INFO] Running org.dyn4j.collision.shapes.RectangleCapsuleTest
[12574ded-9323-49e3-b352-56c057fe3b85/build]   | [INFO] Tests run: 7, Failures: 0, Errors: 0, Skipped: 0, Time elapsed: 0.006 s - in org.dyn4j.collision.shapes.RectangleCapsuleTest
[12574ded-9323-49e3-b352-56c057fe3b85/build]   | [INFO] Running org.dyn4j.collision.shapes.HalfEllipseCapsuleTest
[12574ded-9323-49e3-b352-56c057fe3b85/build]   | [INFO] Tests run: 7, Failures: 0, Errors: 0, Skipped: 0, Time elapsed: 0 s - in org.dyn4j.collision.shapes.HalfEllipseCapsuleTest
[12574ded-9323-49e3-b352-56c057fe3b85/build]   | [INFO] Running org.dyn4j.collision.shapes.EllipseCapsuleTest
[12574ded-9323-49e3-b352-56c057fe3b85/build]   | [INFO] Tests run: 7, Failures: 0, Errors: 0, Skipped: 0, Time elapsed: 0 s - in org.dyn4j.collision.shapes.EllipseCapsuleTest
[12574ded-9323-49e3-b352-56c057fe3b85/build]   | [INFO] Running org.dyn4j.collision.shapes.CirclePolygonTest
[12574ded-9323-49e3-b352-56c057fe3b85/build]   | [INFO] Tests run: 7, Failures: 0, Errors: 0, Skipped: 0, Time elapsed: 0 s - in org.dyn4j.collision.shapes.CirclePolygonTest
[12574ded-9323-49e3-b352-56c057fe3b85/build]   | [INFO] Running org.dyn4j.collision.shapes.SegmentSegmentTest
[12574ded-9323-49e3-b352-56c057fe3b85/build]   | [INFO] Tests run: 6, Failures: 0, Errors: 0, Skipped: 0, Time elapsed: 0 s - in org.dyn4j.collision.shapes.SegmentSegmentTest
[12574ded-9323-49e3-b352-56c057fe3b85/build]   | [INFO] Running org.dyn4j.collision.shapes.CircleSliceTest
[12574ded-9323-49e3-b352-56c057fe3b85/build]   | [INFO] Tests run: 7, Failures: 0, Errors: 0, Skipped: 0, Time elapsed: 0 s - in org.dyn4j.collision.shapes.CircleSliceTest
[12574ded-9323-49e3-b352-56c057fe3b85/build]   | [INFO] Running org.dyn4j.collision.shapes.TriangleSliceTest
[12574ded-9323-49e3-b352-56c057fe3b85/build]   | [INFO] Tests run: 7, Failures: 0, Errors: 0, Skipped: 0, Time elapsed: 0 s - in org.dyn4j.collision.shapes.TriangleSliceTest
[12574ded-9323-49e3-b352-56c057fe3b85/build]   | [INFO] Running org.dyn4j.collision.shapes.CircleTriangleTest
[12574ded-9323-49e3-b352-56c057fe3b85/build]   | [INFO] Tests run: 7, Failures: 0, Errors: 0, Skipped: 0, Time elapsed: 0 s - in org.dyn4j.collision.shapes.CircleTriangleTest
[12574ded-9323-49e3-b352-56c057fe3b85/build]   | [INFO] Running org.dyn4j.collision.shapes.CircleCapsuleTest
[12574ded-9323-49e3-b352-56c057fe3b85/build]   | [INFO] Tests run: 7, Failures: 0, Errors: 0, Skipped: 0, Time elapsed: 0 s - in org.dyn4j.collision.shapes.CircleCapsuleTest
[12574ded-9323-49e3-b352-56c057fe3b85/build]   | [INFO] Running org.dyn4j.collision.FixtureTest
[12574ded-9323-49e3-b352-56c057fe3b85/build]   | [INFO] Tests run: 8, Failures: 0, Errors: 0, Skipped: 0, Time elapsed: 0 s - in org.dyn4j.collision.FixtureTest
[12574ded-9323-49e3-b352-56c057fe3b85/build]   | [INFO] Running org.dyn4j.collision.narrowphase.GjkRaycastTest
[12574ded-9323-49e3-b352-56c057fe3b85/build]   | [INFO] Tests run: 10, Failures: 0, Errors: 0, Skipped: 0, Time elapsed: 0.008 s - in org.dyn4j.collision.narrowphase.GjkRaycastTest
[12574ded-9323-49e3-b352-56c057fe3b85/build]   | [INFO] Running org.dyn4j.collision.narrowphase.FallbackNarrowphaseDetectorTest
[12574ded-9323-49e3-b352-56c057fe3b85/build]   | [INFO] Tests run: 11, Failures: 0, Errors: 0, Skipped: 0, Time elapsed: 0.001 s - in org.dyn4j.collision.narrowphase.FallbackNarrowphaseDetectorTest
[12574ded-9323-49e3-b352-56c057fe3b85/build]   | [INFO] Running org.dyn4j.collision.narrowphase.SegmentDetectorTest
[12574ded-9323-49e3-b352-56c057fe3b85/build]   | [INFO] Tests run: 4, Failures: 0, Errors: 0, Skipped: 0, Time elapsed: 0.002 s - in org.dyn4j.collision.narrowphase.SegmentDetectorTest
[12574ded-9323-49e3-b352-56c057fe3b85/build]   | [INFO] Running org.dyn4j.collision.continuous.ConservativeAdvancementTest
[12574ded-9323-49e3-b352-56c057fe3b85/build]   | [INFO] Tests run: 20, Failures: 0, Errors: 0, Skipped: 0, Time elapsed: 0.003 s - in org.dyn4j.collision.continuous.ConservativeAdvancementTest
[12574ded-9323-49e3-b352-56c057fe3b85/build]   | [INFO] Running org.dyn4j.collision.BasicCollisionItemTest
[12574ded-9323-49e3-b352-56c057fe3b85/build]   | [INFO] Tests run: 2, Failures: 0, Errors: 0, Skipped: 0, Time elapsed: 0 s - in org.dyn4j.collision.BasicCollisionItemTest
[12574ded-9323-49e3-b352-56c057fe3b85/build]   | [INFO] Running org.dyn4j.collision.CollisionsTest
[12574ded-9323-49e3-b352-56c057fe3b85/build]   | [INFO] Tests run: 1, Failures: 0, Errors: 0, Skipped: 0, Time elapsed: 0 s - in org.dyn4j.collision.CollisionsTest
[12574ded-9323-49e3-b352-56c057fe3b85/build]   | [INFO] Running org.dyn4j.collision.AbstractCollisionPairTest
[12574ded-9323-49e3-b352-56c057fe3b85/build]   | [INFO] Tests run: 3, Failures: 0, Errors: 0, Skipped: 0, Time elapsed: 0 s - in org.dyn4j.collision.AbstractCollisionPairTest
[12574ded-9323-49e3-b352-56c057fe3b85/build]   | [INFO] Running org.dyn4j.collision.manifold.ManifoldPointTest
[12574ded-9323-49e3-b352-56c057fe3b85/build]   | [INFO] Tests run: 6, Failures: 0, Errors: 0, Skipped: 0, Time elapsed: 0 s - in org.dyn4j.collision.manifold.ManifoldPointTest
[12574ded-9323-49e3-b352-56c057fe3b85/build]   | [INFO] Running org.dyn4j.collision.manifold.ManifoldTest
[12574ded-9323-49e3-b352-56c057fe3b85/build]   | [INFO] Tests run: 7, Failures: 0, Errors: 0, Skipped: 0, Time elapsed: 0 s - in org.dyn4j.collision.manifold.ManifoldTest
[12574ded-9323-49e3-b352-56c057fe3b85/build]   | [INFO] Running org.dyn4j.collision.manifold.IndexedManifoldPointIdTest
[12574ded-9323-49e3-b352-56c057fe3b85/build]   | [INFO] Tests run: 4, Failures: 0, Errors: 0, Skipped: 0, Time elapsed: 0.001 s - in org.dyn4j.collision.manifold.IndexedManifoldPointIdTest
[12574ded-9323-49e3-b352-56c057fe3b85/build]   | [INFO] Running org.dyn4j.collision.manifold.ClippingManifoldSolverTest
[12574ded-9323-49e3-b352-56c057fe3b85/build]   | [INFO] Tests run: 5, Failures: 0, Errors: 0, Skipped: 0, Time elapsed: 0 s - in org.dyn4j.collision.manifold.ClippingManifoldSolverTest
[12574ded-9323-49e3-b352-56c057fe3b85/build]   | [INFO] Running org.dyn4j.collision.manifold.ManifoldPointIdTest
[12574ded-9323-49e3-b352-56c057fe3b85/build]   | [INFO] Tests run: 1, Failures: 0, Errors: 0, Skipped: 0, Time elapsed: 0 s - in org.dyn4j.collision.manifold.ManifoldPointIdTest
[12574ded-9323-49e3-b352-56c057fe3b85/build]   | [INFO] Running org.dyn4j.collision.AbstractBoundsTest
[12574ded-9323-49e3-b352-56c057fe3b85/build]   | [INFO] Tests run: 3, Failures: 0, Errors: 0, Skipped: 0, Time elapsed: 0 s - in org.dyn4j.collision.AbstractBoundsTest
[12574ded-9323-49e3-b352-56c057fe3b85/build]   | [INFO] Running org.dyn4j.collision.TypeFilterTest
[12574ded-9323-49e3-b352-56c057fe3b85/build]   | [INFO] Tests run: 1, Failures: 0, Errors: 0, Skipped: 0, Time elapsed: 0 s - in org.dyn4j.collision.TypeFilterTest
[12574ded-9323-49e3-b352-56c057fe3b85/build]   | [INFO] Running org.dyn4j.collision.CategoryFilterTest
[12574ded-9323-49e3-b352-56c057fe3b85/build]   | [INFO] Tests run: 4, Failures: 0, Errors: 0, Skipped: 0, Time elapsed: 0 s - in org.dyn4j.collision.CategoryFilterTest
[12574ded-9323-49e3-b352-56c057fe3b85/build]   | [INFO] Running org.dyn4j.VersionTest
[12574ded-9323-49e3-b352-56c057fe3b85/build]   | [INFO] Tests run: 3, Failures: 0, Errors: 0, Skipped: 0, Time elapsed: 0 s - in org.dyn4j.VersionTest
[12574ded-9323-49e3-b352-56c057fe3b85/build]   | [INFO] Running org.dyn4j.UnitConversionTest
[12574ded-9323-49e3-b352-56c057fe3b85/build]   | [INFO] Tests run: 6, Failures: 0, Errors: 0, Skipped: 0, Time elapsed: 0 s - in org.dyn4j.UnitConversionTest
[12574ded-9323-49e3-b352-56c057fe3b85/build]   | [INFO] 
[12574ded-9323-49e3-b352-56c057fe3b85/build]   | [INFO] Results:
[12574ded-9323-49e3-b352-56c057fe3b85/build]   | [INFO] 
[12574ded-9323-49e3-b352-56c057fe3b85/build]   | [ERROR] Failures: 
[12574ded-9323-49e3-b352-56c057fe3b85/build]   | [ERROR]   GeometryTest.createLinks:320 expected:<(0.0, 0.0)> but was:<(0.0, 1.6)>
[12574ded-9323-49e3-b352-56c057fe3b85/build]   | [INFO] 
[12574ded-9323-49e3-b352-56c057fe3b85/build]   | [ERROR] Tests run: 1993, Failures: 1, Errors: 0, Skipped: 0
[12574ded-9323-49e3-b352-56c057fe3b85/build]   | [INFO] 
[12574ded-9323-49e3-b352-56c057fe3b85/build]   | [INFO] ------------------------------------------------------------------------
[12574ded-9323-49e3-b352-56c057fe3b85/build]   | [INFO] BUILD FAILURE
[12574ded-9323-49e3-b352-56c057fe3b85/build]   | [INFO] ------------------------------------------------------------------------
[12574ded-9323-49e3-b352-56c057fe3b85/build]   | [INFO] Total time:  39.637 s
[12574ded-9323-49e3-b352-56c057fe3b85/build]   | [INFO] Finished at: 2023-07-12T17:44:35Z
[12574ded-9323-49e3-b352-56c057fe3b85/build]   | [INFO] ------------------------------------------------------------------------
[12574ded-9323-49e3-b352-56c057fe3b85/build]   | [ERROR] Failed to execute goal org.apache.maven.plugins:maven-surefire-plugin:2.22.0:test (default-test) on project dyn4j: There are test failures.
[12574ded-9323-49e3-b352-56c057fe3b85/build]   | [ERROR] 
[12574ded-9323-49e3-b352-56c057fe3b85/build]   | [ERROR] Please refer to /tmp/ced20e91-cf37-47be-856c-4da4ca753a49/target/surefire-reports for the individual test results.
[12574ded-9323-49e3-b352-56c057fe3b85/build]   | [ERROR] Please refer to dump files (if any exist) [date]-jvmRun[N].dump, [date].dumpstream and [date]-jvmRun[N].dumpstream.
[12574ded-9323-49e3-b352-56c057fe3b85/build]   | [ERROR] -> [Help 1]
[12574ded-9323-49e3-b352-56c057fe3b85/build]   | [ERROR] 
[12574ded-9323-49e3-b352-56c057fe3b85/build]   | [ERROR] To see the full stack trace of the errors, re-run Maven with the -e switch.
[12574ded-9323-49e3-b352-56c057fe3b85/build]   | [ERROR] Re-run Maven using the -X switch to enable full debug logging.
[12574ded-9323-49e3-b352-56c057fe3b85/build]   | [ERROR] 
[12574ded-9323-49e3-b352-56c057fe3b85/build]   | [ERROR] For more information about the errors and possible solutions, please read the following articles:
[12574ded-9323-49e3-b352-56c057fe3b85/build]   | [ERROR] [Help 1] http://cwiki.apache.org/confluence/display/MAVEN/MojoFailureException
[12574ded-9323-49e3-b352-56c057fe3b85/build]   ‚ùå  Failure - Main Build with Maven
[12574ded-9323-49e3-b352-56c057fe3b85/build] exitcode '1': failure
[12574ded-9323-49e3-b352-56c057fe3b85/build] unable to get git ref: failed to identify reference (tag/branch) for the checked-out revision 'cea0e7b3560ca9ccce02fb8e8d0eeeb100c6b5fb'
[12574ded-9323-49e3-b352-56c057fe3b85/build] unable to get git ref: failed to identify reference (tag/branch) for the checked-out revision 'cea0e7b3560ca9ccce02fb8e8d0eeeb100c6b5fb'
[12574ded-9323-49e3-b352-56c057fe3b85/build] unable to get git ref: failed to identify reference (tag/branch) for the checked-out revision 'cea0e7b3560ca9ccce02fb8e8d0eeeb100c6b5fb'
[12574ded-9323-49e3-b352-56c057fe3b85/build] unable to get git ref: failed to identify reference (tag/branch) for the checked-out revision 'cea0e7b3560ca9ccce02fb8e8d0eeeb100c6b5fb'
[12574ded-9323-49e3-b352-56c057fe3b85/build] unable to get git ref: failed to identify reference (tag/branch) for the checked-out revision 'cea0e7b3560ca9ccce02fb8e8d0eeeb100c6b5fb'
[12574ded-9323-49e3-b352-56c057fe3b85/build] ‚≠ê Run Post Set up JDK
[12574ded-9323-49e3-b352-56c057fe3b85/build]   üê≥  docker exec cmd=[node /var/run/act/actions/actions-setup-java@v1/dist/cleanup/index.js] user= workdir=
[12574ded-9323-49e3-b352-56c057fe3b85/build]   ‚úÖ  Success - Post Set up JDK
[12574ded-9323-49e3-b352-56c057fe3b85/build] üèÅ  Job failed
[12574ded-9323-49e3-b352-56c057fe3b85/build] unable to get git ref: failed to identify reference (tag/branch) for the checked-out revision 'cea0e7b3560ca9ccce02fb8e8d0eeeb100c6b5fb'
