[fccf6311-abd0-4bf2-9a71-cceea91b1d2b/test] üöÄ  Start image=gitbugactions:latest
[fccf6311-abd0-4bf2-9a71-cceea91b1d2b/test]   üê≥  docker pull image=gitbugactions:latest platform= username= forcePull=false
[fccf6311-abd0-4bf2-9a71-cceea91b1d2b/test]   üê≥  docker create image=gitbugactions:latest platform= entrypoint=["tail" "-f" "/dev/null"] cmd=[]
[fccf6311-abd0-4bf2-9a71-cceea91b1d2b/test]   üê≥  docker run image=gitbugactions:latest platform= entrypoint=["tail" "-f" "/dev/null"] cmd=[]
[fccf6311-abd0-4bf2-9a71-cceea91b1d2b/test]   üê≥  docker exec cmd=[chown -R 1012:1013 /tmp/48755ed3-09c2-4845-9527-c781f74e4619] user=0 workdir=
[fccf6311-abd0-4bf2-9a71-cceea91b1d2b/test] unable to get git ref: failed to identify reference (tag/branch) for the checked-out revision 'c9b9f99677f8a9be185453a949c39893f4110247'
[fccf6311-abd0-4bf2-9a71-cceea91b1d2b/test] unable to get git ref: failed to identify reference (tag/branch) for the checked-out revision 'c9b9f99677f8a9be185453a949c39893f4110247'
[fccf6311-abd0-4bf2-9a71-cceea91b1d2b/test] unable to get git ref: failed to identify reference (tag/branch) for the checked-out revision 'c9b9f99677f8a9be185453a949c39893f4110247'
[fccf6311-abd0-4bf2-9a71-cceea91b1d2b/test] unable to get git ref: failed to identify reference (tag/branch) for the checked-out revision 'c9b9f99677f8a9be185453a949c39893f4110247'
[fccf6311-abd0-4bf2-9a71-cceea91b1d2b/test] unable to get git ref: failed to identify reference (tag/branch) for the checked-out revision 'c9b9f99677f8a9be185453a949c39893f4110247'
[fccf6311-abd0-4bf2-9a71-cceea91b1d2b/test] unable to get git ref: failed to identify reference (tag/branch) for the checked-out revision 'c9b9f99677f8a9be185453a949c39893f4110247'
[fccf6311-abd0-4bf2-9a71-cceea91b1d2b/test] unable to get git ref: failed to identify reference (tag/branch) for the checked-out revision 'c9b9f99677f8a9be185453a949c39893f4110247'
[fccf6311-abd0-4bf2-9a71-cceea91b1d2b/test] unable to get git ref: failed to identify reference (tag/branch) for the checked-out revision 'c9b9f99677f8a9be185453a949c39893f4110247'
[fccf6311-abd0-4bf2-9a71-cceea91b1d2b/test] unable to get git ref: failed to identify reference (tag/branch) for the checked-out revision 'c9b9f99677f8a9be185453a949c39893f4110247'
[fccf6311-abd0-4bf2-9a71-cceea91b1d2b/test] ‚≠ê Run Main Checkout code
[fccf6311-abd0-4bf2-9a71-cceea91b1d2b/test] unable to get git ref: failed to identify reference (tag/branch) for the checked-out revision 'c9b9f99677f8a9be185453a949c39893f4110247'
[fccf6311-abd0-4bf2-9a71-cceea91b1d2b/test] unable to get git ref: failed to identify reference (tag/branch) for the checked-out revision 'c9b9f99677f8a9be185453a949c39893f4110247'
[fccf6311-abd0-4bf2-9a71-cceea91b1d2b/test]   üê≥  docker cp src=/tmp/48755ed3-09c2-4845-9527-c781f74e4619/. dst=/tmp/48755ed3-09c2-4845-9527-c781f74e4619
[fccf6311-abd0-4bf2-9a71-cceea91b1d2b/test]   üê≥  docker exec cmd=[chown -R 1012:1013 /tmp/48755ed3-09c2-4845-9527-c781f74e4619] user=0 workdir=
[fccf6311-abd0-4bf2-9a71-cceea91b1d2b/test]   ‚úÖ  Success - Main Checkout code
[fccf6311-abd0-4bf2-9a71-cceea91b1d2b/test] unable to get git ref: failed to identify reference (tag/branch) for the checked-out revision 'c9b9f99677f8a9be185453a949c39893f4110247'
[fccf6311-abd0-4bf2-9a71-cceea91b1d2b/test] unable to get git ref: failed to identify reference (tag/branch) for the checked-out revision 'c9b9f99677f8a9be185453a949c39893f4110247'
[fccf6311-abd0-4bf2-9a71-cceea91b1d2b/test] unable to get git ref: failed to identify reference (tag/branch) for the checked-out revision 'c9b9f99677f8a9be185453a949c39893f4110247'
[fccf6311-abd0-4bf2-9a71-cceea91b1d2b/test] unable to get git ref: failed to identify reference (tag/branch) for the checked-out revision 'c9b9f99677f8a9be185453a949c39893f4110247'
[fccf6311-abd0-4bf2-9a71-cceea91b1d2b/test] unable to get git ref: failed to identify reference (tag/branch) for the checked-out revision 'c9b9f99677f8a9be185453a949c39893f4110247'
[fccf6311-abd0-4bf2-9a71-cceea91b1d2b/test] ‚≠ê Run Main Set up JDK
[fccf6311-abd0-4bf2-9a71-cceea91b1d2b/test] unable to get git ref: failed to identify reference (tag/branch) for the checked-out revision 'c9b9f99677f8a9be185453a949c39893f4110247'
[fccf6311-abd0-4bf2-9a71-cceea91b1d2b/test] unable to get git ref: failed to identify reference (tag/branch) for the checked-out revision 'c9b9f99677f8a9be185453a949c39893f4110247'
[fccf6311-abd0-4bf2-9a71-cceea91b1d2b/test] unable to get git ref: failed to identify reference (tag/branch) for the checked-out revision 'c9b9f99677f8a9be185453a949c39893f4110247'
[fccf6311-abd0-4bf2-9a71-cceea91b1d2b/test]   üê≥  docker cp src=/tmp/act-cache/9c81282b-6748-4dd6-9c58-11697630aa29/act/actions-setup-java@v2/ dst=/var/run/act/actions/actions-setup-java@v2/
[fccf6311-abd0-4bf2-9a71-cceea91b1d2b/test]   üê≥  docker exec cmd=[chown -R 1012:1013 /var/run/act/actions/actions-setup-java@v2/] user=0 workdir=
[fccf6311-abd0-4bf2-9a71-cceea91b1d2b/test]   üê≥  docker exec cmd=[node /var/run/act/actions/actions-setup-java@v2/dist/setup/index.js] user= workdir=
[fccf6311-abd0-4bf2-9a71-cceea91b1d2b/test]   | Trying to resolve the latest version from remote
[fccf6311-abd0-4bf2-9a71-cceea91b1d2b/test]   | Resolved latest version as 11.0.13
[fccf6311-abd0-4bf2-9a71-cceea91b1d2b/test]   | Trying to download...
[fccf6311-abd0-4bf2-9a71-cceea91b1d2b/test]   | Downloading Java 11.0.13 (Microsoft) from https://aka.ms/download-jdk/microsoft-jdk-11.0.13.8.1-linux-x64.tar.gz ...
[fccf6311-abd0-4bf2-9a71-cceea91b1d2b/test]   üí¨  ::debug::Downloading https://aka.ms/download-jdk/microsoft-jdk-11.0.13.8.1-linux-x64.tar.gz
[fccf6311-abd0-4bf2-9a71-cceea91b1d2b/test]   üí¨  ::debug::Destination /tmp/d58355ef-cdb2-4bbb-93fe-e61e1e719685
[fccf6311-abd0-4bf2-9a71-cceea91b1d2b/test]   üí¨  ::debug::download complete
[fccf6311-abd0-4bf2-9a71-cceea91b1d2b/test]   | Extracting Java archive...
[fccf6311-abd0-4bf2-9a71-cceea91b1d2b/test]   üí¨  ::debug::Checking tar --version
[fccf6311-abd0-4bf2-9a71-cceea91b1d2b/test]   üí¨  ::debug::tar (GNU tar) 1.34%0ACopyright (C) 2021 Free Software Foundation, Inc.%0ALicense GPLv3+: GNU GPL version 3 or later <https://gnu.org/licenses/gpl.html>.%0AThis is free software: you are free to change and redistribute it.%0AThere is NO WARRANTY, to the extent permitted by law.%0A%0AWritten by John Gilmore and Jay Fenlason.
[fccf6311-abd0-4bf2-9a71-cceea91b1d2b/test]   | [command]/usr/bin/tar xz --warning=no-unknown-keyword -C /tmp/253547f1-8f17-4ca1-8460-677f9a719eda -f /tmp/d58355ef-cdb2-4bbb-93fe-e61e1e719685
[fccf6311-abd0-4bf2-9a71-cceea91b1d2b/test]   üí¨  ::debug::Caching tool Java_Microsoft_jdk 11.0.13 x64
[fccf6311-abd0-4bf2-9a71-cceea91b1d2b/test]   üí¨  ::debug::source dir: /tmp/253547f1-8f17-4ca1-8460-677f9a719eda/jdk-11.0.13+8
[fccf6311-abd0-4bf2-9a71-cceea91b1d2b/test]   üí¨  ::debug::destination /opt/hostedtoolcache/Java_Microsoft_jdk/11.0.13/x64
[fccf6311-abd0-4bf2-9a71-cceea91b1d2b/test]   üí¨  ::debug::finished caching tool
[fccf6311-abd0-4bf2-9a71-cceea91b1d2b/test]   | Java 11.0.13 was downloaded
[fccf6311-abd0-4bf2-9a71-cceea91b1d2b/test]   | Setting Java 11.0.13 as the default
[fccf6311-abd0-4bf2-9a71-cceea91b1d2b/test]   | 
[fccf6311-abd0-4bf2-9a71-cceea91b1d2b/test]   | Java configuration:
[fccf6311-abd0-4bf2-9a71-cceea91b1d2b/test]   |   Distribution: microsoft
[fccf6311-abd0-4bf2-9a71-cceea91b1d2b/test]   |   Version: 11.0.13
[fccf6311-abd0-4bf2-9a71-cceea91b1d2b/test]   |   Path: /opt/hostedtoolcache/Java_Microsoft_jdk/11.0.13/x64
[fccf6311-abd0-4bf2-9a71-cceea91b1d2b/test]   | 
[fccf6311-abd0-4bf2-9a71-cceea91b1d2b/test]   ‚ùì add-matcher /run/act/actions/actions-setup-java@v2/.github/java.json
[fccf6311-abd0-4bf2-9a71-cceea91b1d2b/test]   | Creating settings.xml with server-id: github
[fccf6311-abd0-4bf2-9a71-cceea91b1d2b/test]   | Writing to /home/runner/.m2/settings.xml
[fccf6311-abd0-4bf2-9a71-cceea91b1d2b/test]   ‚úÖ  Success - Main Set up JDK
[fccf6311-abd0-4bf2-9a71-cceea91b1d2b/test]   ‚öô  ::set-env:: JAVA_HOME=/opt/hostedtoolcache/Java_Microsoft_jdk/11.0.13/x64
[fccf6311-abd0-4bf2-9a71-cceea91b1d2b/test]   ‚öô  ::set-output:: distribution=Microsoft
[fccf6311-abd0-4bf2-9a71-cceea91b1d2b/test]   ‚öô  ::set-output:: path=/opt/hostedtoolcache/Java_Microsoft_jdk/11.0.13/x64
[fccf6311-abd0-4bf2-9a71-cceea91b1d2b/test]   ‚öô  ::set-output:: version=11.0.13
[fccf6311-abd0-4bf2-9a71-cceea91b1d2b/test]   ‚öô  ::add-path:: /opt/hostedtoolcache/Java_Microsoft_jdk/11.0.13/x64/bin
[fccf6311-abd0-4bf2-9a71-cceea91b1d2b/test] unable to get git ref: failed to identify reference (tag/branch) for the checked-out revision 'c9b9f99677f8a9be185453a949c39893f4110247'
[fccf6311-abd0-4bf2-9a71-cceea91b1d2b/test] unable to get git ref: failed to identify reference (tag/branch) for the checked-out revision 'c9b9f99677f8a9be185453a949c39893f4110247'
[fccf6311-abd0-4bf2-9a71-cceea91b1d2b/test] unable to get git ref: failed to identify reference (tag/branch) for the checked-out revision 'c9b9f99677f8a9be185453a949c39893f4110247'
[fccf6311-abd0-4bf2-9a71-cceea91b1d2b/test] unable to get git ref: failed to identify reference (tag/branch) for the checked-out revision 'c9b9f99677f8a9be185453a949c39893f4110247'
[fccf6311-abd0-4bf2-9a71-cceea91b1d2b/test] unable to get git ref: failed to identify reference (tag/branch) for the checked-out revision 'c9b9f99677f8a9be185453a949c39893f4110247'
[fccf6311-abd0-4bf2-9a71-cceea91b1d2b/test] ‚≠ê Run Main Test
[fccf6311-abd0-4bf2-9a71-cceea91b1d2b/test] unable to get git ref: failed to identify reference (tag/branch) for the checked-out revision 'c9b9f99677f8a9be185453a949c39893f4110247'
[fccf6311-abd0-4bf2-9a71-cceea91b1d2b/test] unable to get git ref: failed to identify reference (tag/branch) for the checked-out revision 'c9b9f99677f8a9be185453a949c39893f4110247'
[fccf6311-abd0-4bf2-9a71-cceea91b1d2b/test] unable to get git ref: failed to identify reference (tag/branch) for the checked-out revision 'c9b9f99677f8a9be185453a949c39893f4110247'
[fccf6311-abd0-4bf2-9a71-cceea91b1d2b/test] unable to get git ref: failed to identify reference (tag/branch) for the checked-out revision 'c9b9f99677f8a9be185453a949c39893f4110247'
[fccf6311-abd0-4bf2-9a71-cceea91b1d2b/test]   üê≥  docker exec cmd=[bash --noprofile --norc -e -o pipefail /var/run/act/workflow/2] user= workdir=
[fccf6311-abd0-4bf2-9a71-cceea91b1d2b/test]   | Downloading https://services.gradle.org/distributions/gradle-7.4.1-bin.zip
[fccf6311-abd0-4bf2-9a71-cceea91b1d2b/test]   | ...........10%...........20%...........30%...........40%...........50%...........60%...........70%...........80%...........90%...........100%
[fccf6311-abd0-4bf2-9a71-cceea91b1d2b/test]   | 
[fccf6311-abd0-4bf2-9a71-cceea91b1d2b/test]   | Welcome to Gradle 7.4.1!
[fccf6311-abd0-4bf2-9a71-cceea91b1d2b/test]   | 
[fccf6311-abd0-4bf2-9a71-cceea91b1d2b/test]   | Here are the highlights of this release:
[fccf6311-abd0-4bf2-9a71-cceea91b1d2b/test]   |  - Aggregated test and JaCoCo reports
[fccf6311-abd0-4bf2-9a71-cceea91b1d2b/test]   |  - Marking additional test source directories as tests in IntelliJ
[fccf6311-abd0-4bf2-9a71-cceea91b1d2b/test]   |  - Support for Adoptium JDKs in Java toolchains
[fccf6311-abd0-4bf2-9a71-cceea91b1d2b/test]   | 
[fccf6311-abd0-4bf2-9a71-cceea91b1d2b/test]   | For more details see https://docs.gradle.org/7.4.1/release-notes.html
[fccf6311-abd0-4bf2-9a71-cceea91b1d2b/test]   | 
[fccf6311-abd0-4bf2-9a71-cceea91b1d2b/test]   | Starting a Gradle Daemon (subsequent builds will be faster)
[fccf6311-abd0-4bf2-9a71-cceea91b1d2b/test]   | > Task :spotlessInternalRegisterDependencies
[fccf6311-abd0-4bf2-9a71-cceea91b1d2b/test]   | > Task :spotlessJava
[fccf6311-abd0-4bf2-9a71-cceea91b1d2b/test]   | > Task :spotlessJavaCheck
[fccf6311-abd0-4bf2-9a71-cceea91b1d2b/test]   | > Task :spotlessCheck
[fccf6311-abd0-4bf2-9a71-cceea91b1d2b/test]   | > Task :generateEffectiveLombokConfig
[fccf6311-abd0-4bf2-9a71-cceea91b1d2b/test]   | 
[fccf6311-abd0-4bf2-9a71-cceea91b1d2b/test]   | > Task :compileJava
[fccf6311-abd0-4bf2-9a71-cceea91b1d2b/test]   | Note: Some input files use or override a deprecated API.
[fccf6311-abd0-4bf2-9a71-cceea91b1d2b/test]   | Note: Recompile with -Xlint:deprecation for details.
[fccf6311-abd0-4bf2-9a71-cceea91b1d2b/test]   | Note: Some input files use unchecked or unsafe operations.
[fccf6311-abd0-4bf2-9a71-cceea91b1d2b/test]   | Note: Recompile with -Xlint:unchecked for details.
[fccf6311-abd0-4bf2-9a71-cceea91b1d2b/test]   | 
[fccf6311-abd0-4bf2-9a71-cceea91b1d2b/test]   | > Task :processResources NO-SOURCE
[fccf6311-abd0-4bf2-9a71-cceea91b1d2b/test]   | > Task :classes
[fccf6311-abd0-4bf2-9a71-cceea91b1d2b/test]   | > Task :generateTestEffectiveLombokConfig
[fccf6311-abd0-4bf2-9a71-cceea91b1d2b/test]   | 
[fccf6311-abd0-4bf2-9a71-cceea91b1d2b/test]   | > Task :compileTestJava
[fccf6311-abd0-4bf2-9a71-cceea91b1d2b/test]   | Note: Some input files use or override a deprecated API.
[fccf6311-abd0-4bf2-9a71-cceea91b1d2b/test]   | Note: Recompile with -Xlint:deprecation for details.
[fccf6311-abd0-4bf2-9a71-cceea91b1d2b/test]   | 
[fccf6311-abd0-4bf2-9a71-cceea91b1d2b/test]   | > Task :processTestResources NO-SOURCE
[fccf6311-abd0-4bf2-9a71-cceea91b1d2b/test]   | > Task :testClasses
[fccf6311-abd0-4bf2-9a71-cceea91b1d2b/test]   | 
[fccf6311-abd0-4bf2-9a71-cceea91b1d2b/test]   | > Task :test
[fccf6311-abd0-4bf2-9a71-cceea91b1d2b/test]   | 
[fccf6311-abd0-4bf2-9a71-cceea91b1d2b/test]   | org.stellar.sdk.SorobanServerTest > testPrepareTransactionWithAuth FAILED
[fccf6311-abd0-4bf2-9a71-cceea91b1d2b/test]   |     java.lang.AssertionError at SorobanServerTest.java:1109
[fccf6311-abd0-4bf2-9a71-cceea91b1d2b/test]   | 
[fccf6311-abd0-4bf2-9a71-cceea91b1d2b/test]   | 627 tests completed, 1 failed, 1 skipped
[fccf6311-abd0-4bf2-9a71-cceea91b1d2b/test]   | 
[fccf6311-abd0-4bf2-9a71-cceea91b1d2b/test]   | > Task :test FAILED
[fccf6311-abd0-4bf2-9a71-cceea91b1d2b/test]   | 8 actionable tasks: 8 executed
[fccf6311-abd0-4bf2-9a71-cceea91b1d2b/test]   | 
[fccf6311-abd0-4bf2-9a71-cceea91b1d2b/test]   | FAILURE: Build failed with an exception.
[fccf6311-abd0-4bf2-9a71-cceea91b1d2b/test]   | 
[fccf6311-abd0-4bf2-9a71-cceea91b1d2b/test]   | * What went wrong:
[fccf6311-abd0-4bf2-9a71-cceea91b1d2b/test]   | Execution failed for task ':test'.
[fccf6311-abd0-4bf2-9a71-cceea91b1d2b/test]   | > There were failing tests. See the report at: file:///tmp/48755ed3-09c2-4845-9527-c781f74e4619/build/reports/tests/test/index.html
[fccf6311-abd0-4bf2-9a71-cceea91b1d2b/test]   | 
[fccf6311-abd0-4bf2-9a71-cceea91b1d2b/test]   | * Try:
[fccf6311-abd0-4bf2-9a71-cceea91b1d2b/test]   | > Run with --stacktrace option to get the stack trace.
[fccf6311-abd0-4bf2-9a71-cceea91b1d2b/test]   | > Run with --info or --debug option to get more log output.
[fccf6311-abd0-4bf2-9a71-cceea91b1d2b/test]   | > Run with --scan to get full insights.
[fccf6311-abd0-4bf2-9a71-cceea91b1d2b/test]   | 
[fccf6311-abd0-4bf2-9a71-cceea91b1d2b/test]   | * Get more help at https://help.gradle.org
[fccf6311-abd0-4bf2-9a71-cceea91b1d2b/test]   | 
[fccf6311-abd0-4bf2-9a71-cceea91b1d2b/test]   | BUILD FAILED in 1m 14s
[fccf6311-abd0-4bf2-9a71-cceea91b1d2b/test]   ‚ùå  Failure - Main Test
[fccf6311-abd0-4bf2-9a71-cceea91b1d2b/test] exitcode '1': failure
[fccf6311-abd0-4bf2-9a71-cceea91b1d2b/test] unable to get git ref: failed to identify reference (tag/branch) for the checked-out revision 'c9b9f99677f8a9be185453a949c39893f4110247'
[fccf6311-abd0-4bf2-9a71-cceea91b1d2b/test] unable to get git ref: failed to identify reference (tag/branch) for the checked-out revision 'c9b9f99677f8a9be185453a949c39893f4110247'
[fccf6311-abd0-4bf2-9a71-cceea91b1d2b/test] unable to get git ref: failed to identify reference (tag/branch) for the checked-out revision 'c9b9f99677f8a9be185453a949c39893f4110247'
[fccf6311-abd0-4bf2-9a71-cceea91b1d2b/test] unable to get git ref: failed to identify reference (tag/branch) for the checked-out revision 'c9b9f99677f8a9be185453a949c39893f4110247'
[fccf6311-abd0-4bf2-9a71-cceea91b1d2b/test] unable to get git ref: failed to identify reference (tag/branch) for the checked-out revision 'c9b9f99677f8a9be185453a949c39893f4110247'
[fccf6311-abd0-4bf2-9a71-cceea91b1d2b/test] ‚≠ê Run Post Set up JDK
[fccf6311-abd0-4bf2-9a71-cceea91b1d2b/test]   üê≥  docker exec cmd=[node /var/run/act/actions/actions-setup-java@v2/dist/cleanup/index.js] user= workdir=
[fccf6311-abd0-4bf2-9a71-cceea91b1d2b/test]   ‚úÖ  Success - Post Set up JDK
[fccf6311-abd0-4bf2-9a71-cceea91b1d2b/test] üèÅ  Job failed
[fccf6311-abd0-4bf2-9a71-cceea91b1d2b/test] unable to get git ref: failed to identify reference (tag/branch) for the checked-out revision 'c9b9f99677f8a9be185453a949c39893f4110247'
