[a881d69a-8547-4c91-9d9b-6c23ac0a3ed9/build] üöÄ  Start image=gitbugactions:latest
[a881d69a-8547-4c91-9d9b-6c23ac0a3ed9/build]   üê≥  docker pull image=gitbugactions:latest platform= username= forcePull=false
[a881d69a-8547-4c91-9d9b-6c23ac0a3ed9/build]   üê≥  docker create image=gitbugactions:latest platform= entrypoint=["tail" "-f" "/dev/null"] cmd=[]
[a881d69a-8547-4c91-9d9b-6c23ac0a3ed9/build]   üê≥  docker run image=gitbugactions:latest platform= entrypoint=["tail" "-f" "/dev/null"] cmd=[]
[a881d69a-8547-4c91-9d9b-6c23ac0a3ed9/build]   üê≥  docker exec cmd=[chown -R 1012:1013 /tmp/2fee7f4f-9072-4780-9d9d-7491fcf5e56b] user=0 workdir=
[a881d69a-8547-4c91-9d9b-6c23ac0a3ed9/build] unable to get git ref: failed to identify reference (tag/branch) for the checked-out revision 'cab40d1c3c13c43455226d0324de62b288dab544'
[a881d69a-8547-4c91-9d9b-6c23ac0a3ed9/build] unable to get git ref: failed to identify reference (tag/branch) for the checked-out revision 'cab40d1c3c13c43455226d0324de62b288dab544'
[a881d69a-8547-4c91-9d9b-6c23ac0a3ed9/build] unable to get git ref: failed to identify reference (tag/branch) for the checked-out revision 'cab40d1c3c13c43455226d0324de62b288dab544'
[a881d69a-8547-4c91-9d9b-6c23ac0a3ed9/build] unable to get git ref: failed to identify reference (tag/branch) for the checked-out revision 'cab40d1c3c13c43455226d0324de62b288dab544'
[a881d69a-8547-4c91-9d9b-6c23ac0a3ed9/build] unable to get git ref: failed to identify reference (tag/branch) for the checked-out revision 'cab40d1c3c13c43455226d0324de62b288dab544'
[a881d69a-8547-4c91-9d9b-6c23ac0a3ed9/build] unable to get git ref: failed to identify reference (tag/branch) for the checked-out revision 'cab40d1c3c13c43455226d0324de62b288dab544'
[a881d69a-8547-4c91-9d9b-6c23ac0a3ed9/build] unable to get git ref: failed to identify reference (tag/branch) for the checked-out revision 'cab40d1c3c13c43455226d0324de62b288dab544'
[a881d69a-8547-4c91-9d9b-6c23ac0a3ed9/build] unable to get git ref: failed to identify reference (tag/branch) for the checked-out revision 'cab40d1c3c13c43455226d0324de62b288dab544'
[a881d69a-8547-4c91-9d9b-6c23ac0a3ed9/build] unable to get git ref: failed to identify reference (tag/branch) for the checked-out revision 'cab40d1c3c13c43455226d0324de62b288dab544'
[a881d69a-8547-4c91-9d9b-6c23ac0a3ed9/build] ‚≠ê Run Main actions/checkout@v3
[a881d69a-8547-4c91-9d9b-6c23ac0a3ed9/build] unable to get git ref: failed to identify reference (tag/branch) for the checked-out revision 'cab40d1c3c13c43455226d0324de62b288dab544'
[a881d69a-8547-4c91-9d9b-6c23ac0a3ed9/build] unable to get git ref: failed to identify reference (tag/branch) for the checked-out revision 'cab40d1c3c13c43455226d0324de62b288dab544'
[a881d69a-8547-4c91-9d9b-6c23ac0a3ed9/build]   üê≥  docker cp src=/tmp/2fee7f4f-9072-4780-9d9d-7491fcf5e56b/. dst=/tmp/2fee7f4f-9072-4780-9d9d-7491fcf5e56b
[a881d69a-8547-4c91-9d9b-6c23ac0a3ed9/build]   üê≥  docker exec cmd=[chown -R 1012:1013 /tmp/2fee7f4f-9072-4780-9d9d-7491fcf5e56b] user=0 workdir=
[a881d69a-8547-4c91-9d9b-6c23ac0a3ed9/build]   ‚úÖ  Success - Main actions/checkout@v3
[a881d69a-8547-4c91-9d9b-6c23ac0a3ed9/build] unable to get git ref: failed to identify reference (tag/branch) for the checked-out revision 'cab40d1c3c13c43455226d0324de62b288dab544'
[a881d69a-8547-4c91-9d9b-6c23ac0a3ed9/build] unable to get git ref: failed to identify reference (tag/branch) for the checked-out revision 'cab40d1c3c13c43455226d0324de62b288dab544'
[a881d69a-8547-4c91-9d9b-6c23ac0a3ed9/build] unable to get git ref: failed to identify reference (tag/branch) for the checked-out revision 'cab40d1c3c13c43455226d0324de62b288dab544'
[a881d69a-8547-4c91-9d9b-6c23ac0a3ed9/build] unable to get git ref: failed to identify reference (tag/branch) for the checked-out revision 'cab40d1c3c13c43455226d0324de62b288dab544'
[a881d69a-8547-4c91-9d9b-6c23ac0a3ed9/build] unable to get git ref: failed to identify reference (tag/branch) for the checked-out revision 'cab40d1c3c13c43455226d0324de62b288dab544'
[a881d69a-8547-4c91-9d9b-6c23ac0a3ed9/build] ‚≠ê Run Main Set up JDK 11
[a881d69a-8547-4c91-9d9b-6c23ac0a3ed9/build] unable to get git ref: failed to identify reference (tag/branch) for the checked-out revision 'cab40d1c3c13c43455226d0324de62b288dab544'
[a881d69a-8547-4c91-9d9b-6c23ac0a3ed9/build] unable to get git ref: failed to identify reference (tag/branch) for the checked-out revision 'cab40d1c3c13c43455226d0324de62b288dab544'
[a881d69a-8547-4c91-9d9b-6c23ac0a3ed9/build] unable to get git ref: failed to identify reference (tag/branch) for the checked-out revision 'cab40d1c3c13c43455226d0324de62b288dab544'
[a881d69a-8547-4c91-9d9b-6c23ac0a3ed9/build]   üê≥  docker cp src=/tmp/act-cache/e4b04cf7-4a55-49de-a912-145f3d16b8ca/act/actions-setup-java@v3/ dst=/var/run/act/actions/actions-setup-java@v3/
[a881d69a-8547-4c91-9d9b-6c23ac0a3ed9/build]   üê≥  docker exec cmd=[chown -R 1012:1013 /var/run/act/actions/actions-setup-java@v3/] user=0 workdir=
[a881d69a-8547-4c91-9d9b-6c23ac0a3ed9/build]   üê≥  docker exec cmd=[node /var/run/act/actions/actions-setup-java@v3/dist/setup/index.js] user= workdir=
[a881d69a-8547-4c91-9d9b-6c23ac0a3ed9/build]   ‚ùì  ::group::Installed distributions
[a881d69a-8547-4c91-9d9b-6c23ac0a3ed9/build]   | Trying to resolve the latest version from remote
[a881d69a-8547-4c91-9d9b-6c23ac0a3ed9/build]   | Resolved latest version as 11.0.21+9
[a881d69a-8547-4c91-9d9b-6c23ac0a3ed9/build]   | Trying to download...
[a881d69a-8547-4c91-9d9b-6c23ac0a3ed9/build]   | Downloading Java 11.0.21+9 (Adopt-Hotspot) from https://github.com/adoptium/temurin11-binaries/releases/download/jdk-11.0.21%2B9/OpenJDK11U-jdk_x64_linux_hotspot_11.0.21_9.tar.gz ...
[a881d69a-8547-4c91-9d9b-6c23ac0a3ed9/build]   üí¨  ::debug::Downloading https://github.com/adoptium/temurin11-binaries/releases/download/jdk-11.0.21%252B9/OpenJDK11U-jdk_x64_linux_hotspot_11.0.21_9.tar.gz
[a881d69a-8547-4c91-9d9b-6c23ac0a3ed9/build]   üí¨  ::debug::Destination /tmp/c5a67dcd-21b6-4e54-a025-5476e0e60594
[a881d69a-8547-4c91-9d9b-6c23ac0a3ed9/build]   üí¨  ::debug::download complete
[a881d69a-8547-4c91-9d9b-6c23ac0a3ed9/build]   | Extracting Java archive...
[a881d69a-8547-4c91-9d9b-6c23ac0a3ed9/build]   üí¨  ::debug::Checking tar --version
[a881d69a-8547-4c91-9d9b-6c23ac0a3ed9/build]   üí¨  ::debug::tar (GNU tar) 1.34%0ACopyright (C) 2021 Free Software Foundation, Inc.%0ALicense GPLv3+: GNU GPL version 3 or later <https://gnu.org/licenses/gpl.html>.%0AThis is free software: you are free to change and redistribute it.%0AThere is NO WARRANTY, to the extent permitted by law.%0A%0AWritten by John Gilmore and Jay Fenlason.
[a881d69a-8547-4c91-9d9b-6c23ac0a3ed9/build]   | [command]/usr/bin/tar xz --warning=no-unknown-keyword -C /tmp/eb98540e-d279-4b60-b085-db5348044664 -f /tmp/c5a67dcd-21b6-4e54-a025-5476e0e60594
[a881d69a-8547-4c91-9d9b-6c23ac0a3ed9/build]   üí¨  ::debug::Caching tool Java_Adopt_jdk 11.0.21-9 x64
[a881d69a-8547-4c91-9d9b-6c23ac0a3ed9/build]   üí¨  ::debug::source dir: /tmp/eb98540e-d279-4b60-b085-db5348044664/jdk-11.0.21+9
[a881d69a-8547-4c91-9d9b-6c23ac0a3ed9/build]   üí¨  ::debug::destination /opt/hostedtoolcache/Java_Adopt_jdk/11.0.21-9/x64
[a881d69a-8547-4c91-9d9b-6c23ac0a3ed9/build]   üí¨  ::debug::finished caching tool
[a881d69a-8547-4c91-9d9b-6c23ac0a3ed9/build]   | Java 11.0.21+9 was downloaded
[a881d69a-8547-4c91-9d9b-6c23ac0a3ed9/build]   | Setting Java 11.0.21+9 as the default
[a881d69a-8547-4c91-9d9b-6c23ac0a3ed9/build]   | Creating toolchains.xml for JDK version 11 from adopt
[a881d69a-8547-4c91-9d9b-6c23ac0a3ed9/build]   | Writing to /home/runner/.m2/toolchains.xml
[a881d69a-8547-4c91-9d9b-6c23ac0a3ed9/build]   | 
[a881d69a-8547-4c91-9d9b-6c23ac0a3ed9/build]   | Java configuration:
[a881d69a-8547-4c91-9d9b-6c23ac0a3ed9/build]   |   Distribution: adopt
[a881d69a-8547-4c91-9d9b-6c23ac0a3ed9/build]   |   Version: 11.0.21+9
[a881d69a-8547-4c91-9d9b-6c23ac0a3ed9/build]   |   Path: /opt/hostedtoolcache/Java_Adopt_jdk/11.0.21-9/x64
[a881d69a-8547-4c91-9d9b-6c23ac0a3ed9/build]   | 
[a881d69a-8547-4c91-9d9b-6c23ac0a3ed9/build]   ‚ùì  ::endgroup::
[a881d69a-8547-4c91-9d9b-6c23ac0a3ed9/build]   ‚ùì add-matcher /run/act/actions/actions-setup-java@v3/.github/java.json
[a881d69a-8547-4c91-9d9b-6c23ac0a3ed9/build]   | Creating settings.xml with server-id: github
[a881d69a-8547-4c91-9d9b-6c23ac0a3ed9/build]   | Writing to /home/runner/.m2/settings.xml
[a881d69a-8547-4c91-9d9b-6c23ac0a3ed9/build]   ‚úÖ  Success - Main Set up JDK 11
[a881d69a-8547-4c91-9d9b-6c23ac0a3ed9/build]   ‚öô  ::set-env:: JAVA_HOME=/opt/hostedtoolcache/Java_Adopt_jdk/11.0.21-9/x64
[a881d69a-8547-4c91-9d9b-6c23ac0a3ed9/build]   ‚öô  ::set-env:: JAVA_HOME_11_X64=/opt/hostedtoolcache/Java_Adopt_jdk/11.0.21-9/x64
[a881d69a-8547-4c91-9d9b-6c23ac0a3ed9/build]   ‚öô  ::set-output:: path=/opt/hostedtoolcache/Java_Adopt_jdk/11.0.21-9/x64
[a881d69a-8547-4c91-9d9b-6c23ac0a3ed9/build]   ‚öô  ::set-output:: version=11.0.21+9
[a881d69a-8547-4c91-9d9b-6c23ac0a3ed9/build]   ‚öô  ::set-output:: distribution=Adopt-Hotspot
[a881d69a-8547-4c91-9d9b-6c23ac0a3ed9/build]   ‚öô  ::add-path:: /opt/hostedtoolcache/Java_Adopt_jdk/11.0.21-9/x64/bin
[a881d69a-8547-4c91-9d9b-6c23ac0a3ed9/build] unable to get git ref: failed to identify reference (tag/branch) for the checked-out revision 'cab40d1c3c13c43455226d0324de62b288dab544'
[a881d69a-8547-4c91-9d9b-6c23ac0a3ed9/build] unable to get git ref: failed to identify reference (tag/branch) for the checked-out revision 'cab40d1c3c13c43455226d0324de62b288dab544'
[a881d69a-8547-4c91-9d9b-6c23ac0a3ed9/build] unable to get git ref: failed to identify reference (tag/branch) for the checked-out revision 'cab40d1c3c13c43455226d0324de62b288dab544'
[a881d69a-8547-4c91-9d9b-6c23ac0a3ed9/build] unable to get git ref: failed to identify reference (tag/branch) for the checked-out revision 'cab40d1c3c13c43455226d0324de62b288dab544'
[a881d69a-8547-4c91-9d9b-6c23ac0a3ed9/build] unable to get git ref: failed to identify reference (tag/branch) for the checked-out revision 'cab40d1c3c13c43455226d0324de62b288dab544'
[a881d69a-8547-4c91-9d9b-6c23ac0a3ed9/build] ‚≠ê Run Main Build with Maven
[a881d69a-8547-4c91-9d9b-6c23ac0a3ed9/build] unable to get git ref: failed to identify reference (tag/branch) for the checked-out revision 'cab40d1c3c13c43455226d0324de62b288dab544'
[a881d69a-8547-4c91-9d9b-6c23ac0a3ed9/build] unable to get git ref: failed to identify reference (tag/branch) for the checked-out revision 'cab40d1c3c13c43455226d0324de62b288dab544'
[a881d69a-8547-4c91-9d9b-6c23ac0a3ed9/build] unable to get git ref: failed to identify reference (tag/branch) for the checked-out revision 'cab40d1c3c13c43455226d0324de62b288dab544'
[a881d69a-8547-4c91-9d9b-6c23ac0a3ed9/build] unable to get git ref: failed to identify reference (tag/branch) for the checked-out revision 'cab40d1c3c13c43455226d0324de62b288dab544'
[a881d69a-8547-4c91-9d9b-6c23ac0a3ed9/build]   üê≥  docker exec cmd=[bash --noprofile --norc -e -o pipefail /var/run/act/workflow/2] user= workdir=
[a881d69a-8547-4c91-9d9b-6c23ac0a3ed9/build]   | [INFO] Scanning for projects...
[a881d69a-8547-4c91-9d9b-6c23ac0a3ed9/build]   | [INFO] 
[a881d69a-8547-4c91-9d9b-6c23ac0a3ed9/build]   | [INFO] --------------------------< ch.jalu:configme >--------------------------
[a881d69a-8547-4c91-9d9b-6c23ac0a3ed9/build]   | [INFO] Building ConfigMe 1.4.1-SNAPSHOT
[a881d69a-8547-4c91-9d9b-6c23ac0a3ed9/build]   | [INFO]   from pom.xml
[a881d69a-8547-4c91-9d9b-6c23ac0a3ed9/build]   | [INFO] --------------------------------[ jar ]---------------------------------
[a881d69a-8547-4c91-9d9b-6c23ac0a3ed9/build]   | [INFO] Downloading from central: https://repo.maven.apache.org/maven2/org/jacoco/jacoco-maven-plugin/0.8.10/jacoco-maven-plugin-0.8.10.pom
[a881d69a-8547-4c91-9d9b-6c23ac0a3ed9/build]   | [INFO] Downloaded from central: https://repo.maven.apache.org/maven2/org/jacoco/jacoco-maven-plugin/0.8.10/jacoco-maven-plugin-0.8.10.pom (3.8 kB at 7.9 kB/s)
[a881d69a-8547-4c91-9d9b-6c23ac0a3ed9/build]   | [INFO] Downloading from central: https://repo.maven.apache.org/maven2/org/jacoco/org.jacoco.build/0.8.10/org.jacoco.build-0.8.10.pom
[a881d69a-8547-4c91-9d9b-6c23ac0a3ed9/build]   | [INFO] Downloaded from central: https://repo.maven.apache.org/maven2/org/jacoco/org.jacoco.build/0.8.10/org.jacoco.build-0.8.10.pom (44 kB at 390 kB/s)
[a881d69a-8547-4c91-9d9b-6c23ac0a3ed9/build]   | [INFO] Downloading from central: https://repo.maven.apache.org/maven2/org/ow2/asm/asm-bom/9.5/asm-bom-9.5.pom
[a881d69a-8547-4c91-9d9b-6c23ac0a3ed9/build]   | [INFO] Downloaded from central: https://repo.maven.apache.org/maven2/org/ow2/asm/asm-bom/9.5/asm-bom-9.5.pom (3.2 kB at 32 kB/s)
[a881d69a-8547-4c91-9d9b-6c23ac0a3ed9/build]   | [INFO] Downloading from central: https://repo.maven.apache.org/maven2/org/ow2/ow2/1.5.1/ow2-1.5.1.pom
[a881d69a-8547-4c91-9d9b-6c23ac0a3ed9/build]   | [INFO] Downloaded from central: https://repo.maven.apache.org/maven2/org/ow2/ow2/1.5.1/ow2-1.5.1.pom (11 kB at 139 kB/s)
[a881d69a-8547-4c91-9d9b-6c23ac0a3ed9/build]   | [INFO] Downloading from central: https://repo.maven.apache.org/maven2/org/jacoco/jacoco-maven-plugin/0.8.10/jacoco-maven-plugin-0.8.10.jar
[a881d69a-8547-4c91-9d9b-6c23ac0a3ed9/build]   | [INFO] Downloaded from central: https://repo.maven.apache.org/maven2/org/jacoco/jacoco-maven-plugin/0.8.10/jacoco-maven-plugin-0.8.10.jar (56 kB at 617 kB/s)
[a881d69a-8547-4c91-9d9b-6c23ac0a3ed9/build]   | [INFO] Downloading from central: https://repo.maven.apache.org/maven2/org/apache/maven/plugins/maven-resources-plugin/2.6/maven-resources-plugin-2.6.pom
[a881d69a-8547-4c91-9d9b-6c23ac0a3ed9/build]   | [INFO] Downloaded from central: https://repo.maven.apache.org/maven2/org/apache/maven/plugins/maven-resources-plugin/2.6/maven-resources-plugin-2.6.pom (8.1 kB at 86 kB/s)
[a881d69a-8547-4c91-9d9b-6c23ac0a3ed9/build]   | [INFO] Downloading from central: https://repo.maven.apache.org/maven2/org/apache/maven/plugins/maven-plugins/23/maven-plugins-23.pom
[a881d69a-8547-4c91-9d9b-6c23ac0a3ed9/build]   | [INFO] Downloaded from central: https://repo.maven.apache.org/maven2/org/apache/maven/plugins/maven-plugins/23/maven-plugins-23.pom (9.2 kB at 108 kB/s)
[a881d69a-8547-4c91-9d9b-6c23ac0a3ed9/build]   | [INFO] Downloading from central: https://repo.maven.apache.org/maven2/org/apache/maven/maven-parent/22/maven-parent-22.pom
[a881d69a-8547-4c91-9d9b-6c23ac0a3ed9/build]   | [INFO] Downloaded from central: https://repo.maven.apache.org/maven2/org/apache/maven/maven-parent/22/maven-parent-22.pom (30 kB at 402 kB/s)
[a881d69a-8547-4c91-9d9b-6c23ac0a3ed9/build]   | [INFO] Downloading from central: https://repo.maven.apache.org/maven2/org/apache/apache/11/apache-11.pom
[a881d69a-8547-4c91-9d9b-6c23ac0a3ed9/build]   | [INFO] Downloaded from central: https://repo.maven.apache.org/maven2/org/apache/apache/11/apache-11.pom (15 kB at 206 kB/s)
[a881d69a-8547-4c91-9d9b-6c23ac0a3ed9/build]   | [INFO] Downloading from central: https://repo.maven.apache.org/maven2/org/apache/maven/plugins/maven-resources-plugin/2.6/maven-resources-plugin-2.6.jar
[a881d69a-8547-4c91-9d9b-6c23ac0a3ed9/build]   | [INFO] Downloaded from central: https://repo.maven.apache.org/maven2/org/apache/maven/plugins/maven-resources-plugin/2.6/maven-resources-plugin-2.6.jar (30 kB at 311 kB/s)
[a881d69a-8547-4c91-9d9b-6c23ac0a3ed9/build]   | [INFO] Downloading from central: https://repo.maven.apache.org/maven2/org/apache/maven/plugins/maven-compiler-plugin/3.11.0/maven-compiler-plugin-3.11.0.pom
[a881d69a-8547-4c91-9d9b-6c23ac0a3ed9/build]   | [INFO] Downloaded from central: https://repo.maven.apache.org/maven2/org/apache/maven/plugins/maven-compiler-plugin/3.11.0/maven-compiler-plugin-3.11.0.pom (9.8 kB at 113 kB/s)
[a881d69a-8547-4c91-9d9b-6c23ac0a3ed9/build]   | [INFO] Downloading from central: https://repo.maven.apache.org/maven2/org/apache/maven/plugins/maven-plugins/39/maven-plugins-39.pom
[a881d69a-8547-4c91-9d9b-6c23ac0a3ed9/build]   | [INFO] Downloaded from central: https://repo.maven.apache.org/maven2/org/apache/maven/plugins/maven-plugins/39/maven-plugins-39.pom (8.1 kB at 82 kB/s)
[a881d69a-8547-4c91-9d9b-6c23ac0a3ed9/build]   | [INFO] Downloading from central: https://repo.maven.apache.org/maven2/org/apache/maven/maven-parent/39/maven-parent-39.pom
[a881d69a-8547-4c91-9d9b-6c23ac0a3ed9/build]   | [INFO] Downloaded from central: https://repo.maven.apache.org/maven2/org/apache/maven/maven-parent/39/maven-parent-39.pom (48 kB at 461 kB/s)
[a881d69a-8547-4c91-9d9b-6c23ac0a3ed9/build]   | [INFO] Downloading from central: https://repo.maven.apache.org/maven2/org/apache/apache/29/apache-29.pom
[a881d69a-8547-4c91-9d9b-6c23ac0a3ed9/build]   | [INFO] Downloaded from central: https://repo.maven.apache.org/maven2/org/apache/apache/29/apache-29.pom (21 kB at 199 kB/s)
[a881d69a-8547-4c91-9d9b-6c23ac0a3ed9/build]   | [INFO] Downloading from central: https://repo.maven.apache.org/maven2/org/apache/maven/plugins/maven-compiler-plugin/3.11.0/maven-compiler-plugin-3.11.0.jar
[a881d69a-8547-4c91-9d9b-6c23ac0a3ed9/build]   | [INFO] Downloaded from central: https://repo.maven.apache.org/maven2/org/apache/maven/plugins/maven-compiler-plugin/3.11.0/maven-compiler-plugin-3.11.0.jar (66 kB at 714 kB/s)
[a881d69a-8547-4c91-9d9b-6c23ac0a3ed9/build]   | [INFO] Downloading from central: https://repo.maven.apache.org/maven2/org/apache/maven/plugins/maven-surefire-plugin/3.1.2/maven-surefire-plugin-3.1.2.pom
[a881d69a-8547-4c91-9d9b-6c23ac0a3ed9/build]   | [INFO] Downloaded from central: https://repo.maven.apache.org/maven2/org/apache/maven/plugins/maven-surefire-plugin/3.1.2/maven-surefire-plugin-3.1.2.pom (5.5 kB at 55 kB/s)
[a881d69a-8547-4c91-9d9b-6c23ac0a3ed9/build]   | [INFO] Downloading from central: https://repo.maven.apache.org/maven2/org/apache/maven/surefire/surefire/3.1.2/surefire-3.1.2.pom
[a881d69a-8547-4c91-9d9b-6c23ac0a3ed9/build]   | [INFO] Downloaded from central: https://repo.maven.apache.org/maven2/org/apache/maven/surefire/surefire/3.1.2/surefire-3.1.2.pom (22 kB at 237 kB/s)
[a881d69a-8547-4c91-9d9b-6c23ac0a3ed9/build]   | [INFO] Downloading from central: https://repo.maven.apache.org/maven2/org/apache/maven/plugins/maven-surefire-plugin/3.1.2/maven-surefire-plugin-3.1.2.jar
[a881d69a-8547-4c91-9d9b-6c23ac0a3ed9/build]   | [INFO] Downloaded from central: https://repo.maven.apache.org/maven2/org/apache/maven/plugins/maven-surefire-plugin/3.1.2/maven-surefire-plugin-3.1.2.jar (43 kB at 471 kB/s)
[a881d69a-8547-4c91-9d9b-6c23ac0a3ed9/build]   | [INFO] Downloading from central: https://repo.maven.apache.org/maven2/org/apache/maven/plugins/maven-jar-plugin/2.4/maven-jar-plugin-2.4.pom
[a881d69a-8547-4c91-9d9b-6c23ac0a3ed9/build]   | [INFO] Downloaded from central: https://repo.maven.apache.org/maven2/org/apache/maven/plugins/maven-jar-plugin/2.4/maven-jar-plugin-2.4.pom (5.8 kB at 60 kB/s)
[a881d69a-8547-4c91-9d9b-6c23ac0a3ed9/build]   | [INFO] Downloading from central: https://repo.maven.apache.org/maven2/org/apache/maven/plugins/maven-plugins/22/maven-plugins-22.pom
[a881d69a-8547-4c91-9d9b-6c23ac0a3ed9/build]   | [INFO] Downloaded from central: https://repo.maven.apache.org/maven2/org/apache/maven/plugins/maven-plugins/22/maven-plugins-22.pom (13 kB at 105 kB/s)
[a881d69a-8547-4c91-9d9b-6c23ac0a3ed9/build]   | [INFO] Downloading from central: https://repo.maven.apache.org/maven2/org/apache/maven/maven-parent/21/maven-parent-21.pom
[a881d69a-8547-4c91-9d9b-6c23ac0a3ed9/build]   | [INFO] Downloaded from central: https://repo.maven.apache.org/maven2/org/apache/maven/maven-parent/21/maven-parent-21.pom (26 kB at 277 kB/s)
[a881d69a-8547-4c91-9d9b-6c23ac0a3ed9/build]   | [INFO] Downloading from central: https://repo.maven.apache.org/maven2/org/apache/apache/10/apache-10.pom
[a881d69a-8547-4c91-9d9b-6c23ac0a3ed9/build]   | [INFO] Downloaded from central: https://repo.maven.apache.org/maven2/org/apache/apache/10/apache-10.pom (15 kB at 166 kB/s)
[a881d69a-8547-4c91-9d9b-6c23ac0a3ed9/build]   | [INFO] Downloading from central: https://repo.maven.apache.org/maven2/org/apache/maven/plugins/maven-jar-plugin/2.4/maven-jar-plugin-2.4.jar
[a881d69a-8547-4c91-9d9b-6c23ac0a3ed9/build]   | [INFO] Downloaded from central: https://repo.maven.apache.org/maven2/org/apache/maven/plugins/maven-jar-plugin/2.4/maven-jar-plugin-2.4.jar (34 kB at 400 kB/s)
[a881d69a-8547-4c91-9d9b-6c23ac0a3ed9/build]   | [INFO] Downloading from central: https://repo.maven.apache.org/maven2/org/yaml/snakeyaml/2.1/snakeyaml-2.1.pom
[a881d69a-8547-4c91-9d9b-6c23ac0a3ed9/build]   | [INFO] Downloaded from central: https://repo.maven.apache.org/maven2/org/yaml/snakeyaml/2.1/snakeyaml-2.1.pom (21 kB at 221 kB/s)
[a881d69a-8547-4c91-9d9b-6c23ac0a3ed9/build]   | [INFO] Downloading from central: https://repo.maven.apache.org/maven2/org/jetbrains/annotations/24.0.1/annotations-24.0.1.pom
[a881d69a-8547-4c91-9d9b-6c23ac0a3ed9/build]   | [INFO] Downloaded from central: https://repo.maven.apache.org/maven2/org/jetbrains/annotations/24.0.1/annotations-24.0.1.pom (1.3 kB at 15 kB/s)
[a881d69a-8547-4c91-9d9b-6c23ac0a3ed9/build]   | [INFO] Downloading from central: https://repo.maven.apache.org/maven2/org/junit/jupiter/junit-jupiter-engine/5.10.0/junit-jupiter-engine-5.10.0.pom
[a881d69a-8547-4c91-9d9b-6c23ac0a3ed9/build]   | [INFO] Downloaded from central: https://repo.maven.apache.org/maven2/org/junit/jupiter/junit-jupiter-engine/5.10.0/junit-jupiter-engine-5.10.0.pom (3.2 kB at 37 kB/s)
[a881d69a-8547-4c91-9d9b-6c23ac0a3ed9/build]   | [INFO] Downloading from central: https://repo.maven.apache.org/maven2/org/junit/junit-bom/5.10.0/junit-bom-5.10.0.pom
[a881d69a-8547-4c91-9d9b-6c23ac0a3ed9/build]   | [INFO] Downloaded from central: https://repo.maven.apache.org/maven2/org/junit/junit-bom/5.10.0/junit-bom-5.10.0.pom (5.6 kB at 25 kB/s)
[a881d69a-8547-4c91-9d9b-6c23ac0a3ed9/build]   | [INFO] Downloading from central: https://repo.maven.apache.org/maven2/org/junit/platform/junit-platform-engine/1.10.0/junit-platform-engine-1.10.0.pom
[a881d69a-8547-4c91-9d9b-6c23ac0a3ed9/build]   | [INFO] Downloaded from central: https://repo.maven.apache.org/maven2/org/junit/platform/junit-platform-engine/1.10.0/junit-platform-engine-1.10.0.pom (3.2 kB at 36 kB/s)
[a881d69a-8547-4c91-9d9b-6c23ac0a3ed9/build]   | [INFO] Downloading from central: https://repo.maven.apache.org/maven2/org/opentest4j/opentest4j/1.3.0/opentest4j-1.3.0.pom
[a881d69a-8547-4c91-9d9b-6c23ac0a3ed9/build]   | [INFO] Downloaded from central: https://repo.maven.apache.org/maven2/org/opentest4j/opentest4j/1.3.0/opentest4j-1.3.0.pom (2.0 kB at 23 kB/s)
[a881d69a-8547-4c91-9d9b-6c23ac0a3ed9/build]   | [INFO] Downloading from central: https://repo.maven.apache.org/maven2/org/junit/platform/junit-platform-commons/1.10.0/junit-platform-commons-1.10.0.pom
[a881d69a-8547-4c91-9d9b-6c23ac0a3ed9/build]   | [INFO] Downloaded from central: https://repo.maven.apache.org/maven2/org/junit/platform/junit-platform-commons/1.10.0/junit-platform-commons-1.10.0.pom (2.8 kB at 41 kB/s)
[a881d69a-8547-4c91-9d9b-6c23ac0a3ed9/build]   | [INFO] Downloading from central: https://repo.maven.apache.org/maven2/org/apiguardian/apiguardian-api/1.1.2/apiguardian-api-1.1.2.pom
[a881d69a-8547-4c91-9d9b-6c23ac0a3ed9/build]   | [INFO] Downloaded from central: https://repo.maven.apache.org/maven2/org/apiguardian/apiguardian-api/1.1.2/apiguardian-api-1.1.2.pom (1.5 kB at 22 kB/s)
[a881d69a-8547-4c91-9d9b-6c23ac0a3ed9/build]   | [INFO] Downloading from central: https://repo.maven.apache.org/maven2/org/junit/jupiter/junit-jupiter-api/5.10.0/junit-jupiter-api-5.10.0.pom
[a881d69a-8547-4c91-9d9b-6c23ac0a3ed9/build]   | [INFO] Downloaded from central: https://repo.maven.apache.org/maven2/org/junit/jupiter/junit-jupiter-api/5.10.0/junit-jupiter-api-5.10.0.pom (3.2 kB at 37 kB/s)
[a881d69a-8547-4c91-9d9b-6c23ac0a3ed9/build]   | [INFO] Downloading from central: https://repo.maven.apache.org/maven2/org/junit/jupiter/junit-jupiter-params/5.10.0/junit-jupiter-params-5.10.0.pom
[a881d69a-8547-4c91-9d9b-6c23ac0a3ed9/build]   | [INFO] Downloaded from central: https://repo.maven.apache.org/maven2/org/junit/jupiter/junit-jupiter-params/5.10.0/junit-jupiter-params-5.10.0.pom (3.0 kB at 34 kB/s)
[a881d69a-8547-4c91-9d9b-6c23ac0a3ed9/build]   | [INFO] Downloading from central: https://repo.maven.apache.org/maven2/org/hamcrest/java-hamcrest/2.0.0.0/java-hamcrest-2.0.0.0.pom
[a881d69a-8547-4c91-9d9b-6c23ac0a3ed9/build]   | [INFO] Downloaded from central: https://repo.maven.apache.org/maven2/org/hamcrest/java-hamcrest/2.0.0.0/java-hamcrest-2.0.0.0.pom (1.3 kB at 15 kB/s)
[a881d69a-8547-4c91-9d9b-6c23ac0a3ed9/build]   | [INFO] Downloading from central: https://repo.maven.apache.org/maven2/org/mockito/mockito-core/4.11.0/mockito-core-4.11.0.pom
[a881d69a-8547-4c91-9d9b-6c23ac0a3ed9/build]   | [INFO] Downloaded from central: https://repo.maven.apache.org/maven2/org/mockito/mockito-core/4.11.0/mockito-core-4.11.0.pom (2.5 kB at 32 kB/s)
[a881d69a-8547-4c91-9d9b-6c23ac0a3ed9/build]   | [INFO] Downloading from central: https://repo.maven.apache.org/maven2/net/bytebuddy/byte-buddy/1.12.19/byte-buddy-1.12.19.pom
[a881d69a-8547-4c91-9d9b-6c23ac0a3ed9/build]   | [INFO] Downloaded from central: https://repo.maven.apache.org/maven2/net/bytebuddy/byte-buddy/1.12.19/byte-buddy-1.12.19.pom (16 kB at 206 kB/s)
[a881d69a-8547-4c91-9d9b-6c23ac0a3ed9/build]   | [INFO] Downloading from central: https://repo.maven.apache.org/maven2/net/bytebuddy/byte-buddy-parent/1.12.19/byte-buddy-parent-1.12.19.pom
[a881d69a-8547-4c91-9d9b-6c23ac0a3ed9/build]   | [INFO] Downloaded from central: https://repo.maven.apache.org/maven2/net/bytebuddy/byte-buddy-parent/1.12.19/byte-buddy-parent-1.12.19.pom (58 kB at 730 kB/s)
[a881d69a-8547-4c91-9d9b-6c23ac0a3ed9/build]   | [INFO] Downloading from central: https://repo.maven.apache.org/maven2/net/bytebuddy/byte-buddy-agent/1.12.19/byte-buddy-agent-1.12.19.pom
[a881d69a-8547-4c91-9d9b-6c23ac0a3ed9/build]   | [INFO] Downloaded from central: https://repo.maven.apache.org/maven2/net/bytebuddy/byte-buddy-agent/1.12.19/byte-buddy-agent-1.12.19.pom (10 kB at 99 kB/s)
[a881d69a-8547-4c91-9d9b-6c23ac0a3ed9/build]   | [INFO] Downloading from central: https://repo.maven.apache.org/maven2/org/objenesis/objenesis/3.3/objenesis-3.3.pom
[a881d69a-8547-4c91-9d9b-6c23ac0a3ed9/build]   | [INFO] Downloaded from central: https://repo.maven.apache.org/maven2/org/objenesis/objenesis/3.3/objenesis-3.3.pom (3.0 kB at 35 kB/s)
[a881d69a-8547-4c91-9d9b-6c23ac0a3ed9/build]   | [INFO] Downloading from central: https://repo.maven.apache.org/maven2/org/objenesis/objenesis-parent/3.3/objenesis-parent-3.3.pom
[a881d69a-8547-4c91-9d9b-6c23ac0a3ed9/build]   | [INFO] Downloaded from central: https://repo.maven.apache.org/maven2/org/objenesis/objenesis-parent/3.3/objenesis-parent-3.3.pom (19 kB at 211 kB/s)
[a881d69a-8547-4c91-9d9b-6c23ac0a3ed9/build]   | [INFO] Downloading from central: https://repo.maven.apache.org/maven2/org/mockito/mockito-junit-jupiter/4.11.0/mockito-junit-jupiter-4.11.0.pom
[a881d69a-8547-4c91-9d9b-6c23ac0a3ed9/build]   | [INFO] Downloaded from central: https://repo.maven.apache.org/maven2/org/mockito/mockito-junit-jupiter/4.11.0/mockito-junit-jupiter-4.11.0.pom (2.3 kB at 25 kB/s)
[a881d69a-8547-4c91-9d9b-6c23ac0a3ed9/build]   | [INFO] Downloading from central: https://repo.maven.apache.org/maven2/org/junit/jupiter/junit-jupiter-api/5.9.1/junit-jupiter-api-5.9.1.pom
[a881d69a-8547-4c91-9d9b-6c23ac0a3ed9/build]   | [INFO] Downloaded from central: https://repo.maven.apache.org/maven2/org/junit/jupiter/junit-jupiter-api/5.9.1/junit-jupiter-api-5.9.1.pom (3.2 kB at 32 kB/s)
[a881d69a-8547-4c91-9d9b-6c23ac0a3ed9/build]   | [INFO] Downloading from central: https://repo.maven.apache.org/maven2/org/junit/junit-bom/5.9.1/junit-bom-5.9.1.pom
[a881d69a-8547-4c91-9d9b-6c23ac0a3ed9/build]   | [INFO] Downloaded from central: https://repo.maven.apache.org/maven2/org/junit/junit-bom/5.9.1/junit-bom-5.9.1.pom (5.6 kB at 56 kB/s)
[a881d69a-8547-4c91-9d9b-6c23ac0a3ed9/build]   | [INFO] Downloading from central: https://repo.maven.apache.org/maven2/org/opentest4j/opentest4j/1.2.0/opentest4j-1.2.0.pom
[a881d69a-8547-4c91-9d9b-6c23ac0a3ed9/build]   | [INFO] Downloaded from central: https://repo.maven.apache.org/maven2/org/opentest4j/opentest4j/1.2.0/opentest4j-1.2.0.pom (1.7 kB at 17 kB/s)
[a881d69a-8547-4c91-9d9b-6c23ac0a3ed9/build]   | [INFO] Downloading from central: https://repo.maven.apache.org/maven2/org/junit/platform/junit-platform-commons/1.9.1/junit-platform-commons-1.9.1.pom
[a881d69a-8547-4c91-9d9b-6c23ac0a3ed9/build]   | [INFO] Downloaded from central: https://repo.maven.apache.org/maven2/org/junit/platform/junit-platform-commons/1.9.1/junit-platform-commons-1.9.1.pom (2.8 kB at 29 kB/s)
[a881d69a-8547-4c91-9d9b-6c23ac0a3ed9/build]   | [INFO] Downloading from central: https://repo.maven.apache.org/maven2/org/yaml/snakeyaml/2.1/snakeyaml-2.1.jar
[a881d69a-8547-4c91-9d9b-6c23ac0a3ed9/build]   | [INFO] Downloading from central: https://repo.maven.apache.org/maven2/org/jetbrains/annotations/24.0.1/annotations-24.0.1.jar
[a881d69a-8547-4c91-9d9b-6c23ac0a3ed9/build]   | [INFO] Downloading from central: https://repo.maven.apache.org/maven2/org/junit/jupiter/junit-jupiter-engine/5.10.0/junit-jupiter-engine-5.10.0.jar
[a881d69a-8547-4c91-9d9b-6c23ac0a3ed9/build]   | [INFO] Downloading from central: https://repo.maven.apache.org/maven2/org/junit/platform/junit-platform-engine/1.10.0/junit-platform-engine-1.10.0.jar
[a881d69a-8547-4c91-9d9b-6c23ac0a3ed9/build]   | [INFO] Downloading from central: https://repo.maven.apache.org/maven2/org/opentest4j/opentest4j/1.3.0/opentest4j-1.3.0.jar
[a881d69a-8547-4c91-9d9b-6c23ac0a3ed9/build]   | [INFO] Downloaded from central: https://repo.maven.apache.org/maven2/org/jetbrains/annotations/24.0.1/annotations-24.0.1.jar (31 kB at 243 kB/s)
[a881d69a-8547-4c91-9d9b-6c23ac0a3ed9/build]   | [INFO] Downloading from central: https://repo.maven.apache.org/maven2/org/junit/platform/junit-platform-commons/1.10.0/junit-platform-commons-1.10.0.jar
[a881d69a-8547-4c91-9d9b-6c23ac0a3ed9/build]   | [INFO] Downloaded from central: https://repo.maven.apache.org/maven2/org/opentest4j/opentest4j/1.3.0/opentest4j-1.3.0.jar (14 kB at 104 kB/s)
[a881d69a-8547-4c91-9d9b-6c23ac0a3ed9/build]   | [INFO] Downloading from central: https://repo.maven.apache.org/maven2/org/junit/jupiter/junit-jupiter-api/5.10.0/junit-jupiter-api-5.10.0.jar
[a881d69a-8547-4c91-9d9b-6c23ac0a3ed9/build]   | [INFO] Downloaded from central: https://repo.maven.apache.org/maven2/org/junit/jupiter/junit-jupiter-engine/5.10.0/junit-jupiter-engine-5.10.0.jar (244 kB at 1.7 MB/s)
[a881d69a-8547-4c91-9d9b-6c23ac0a3ed9/build]   | [INFO] Downloading from central: https://repo.maven.apache.org/maven2/org/apiguardian/apiguardian-api/1.1.2/apiguardian-api-1.1.2.jar
[a881d69a-8547-4c91-9d9b-6c23ac0a3ed9/build]   | [INFO] Downloaded from central: https://repo.maven.apache.org/maven2/org/junit/platform/junit-platform-engine/1.10.0/junit-platform-engine-1.10.0.jar (205 kB at 1.3 MB/s)
[a881d69a-8547-4c91-9d9b-6c23ac0a3ed9/build]   | [INFO] Downloading from central: https://repo.maven.apache.org/maven2/org/junit/jupiter/junit-jupiter-params/5.10.0/junit-jupiter-params-5.10.0.jar
[a881d69a-8547-4c91-9d9b-6c23ac0a3ed9/build]   | [INFO] Downloaded from central: https://repo.maven.apache.org/maven2/org/yaml/snakeyaml/2.1/snakeyaml-2.1.jar (334 kB at 2.1 MB/s)
[a881d69a-8547-4c91-9d9b-6c23ac0a3ed9/build]   | [INFO] Downloading from central: https://repo.maven.apache.org/maven2/org/hamcrest/java-hamcrest/2.0.0.0/java-hamcrest-2.0.0.0.jar
[a881d69a-8547-4c91-9d9b-6c23ac0a3ed9/build]   | [INFO] Downloaded from central: https://repo.maven.apache.org/maven2/org/junit/platform/junit-platform-commons/1.10.0/junit-platform-commons-1.10.0.jar (106 kB at 472 kB/s)
[a881d69a-8547-4c91-9d9b-6c23ac0a3ed9/build]   | [INFO] Downloading from central: https://repo.maven.apache.org/maven2/org/mockito/mockito-core/4.11.0/mockito-core-4.11.0.jar
[a881d69a-8547-4c91-9d9b-6c23ac0a3ed9/build]   | [INFO] Downloaded from central: https://repo.maven.apache.org/maven2/org/apiguardian/apiguardian-api/1.1.2/apiguardian-api-1.1.2.jar (6.8 kB at 29 kB/s)
[a881d69a-8547-4c91-9d9b-6c23ac0a3ed9/build]   | [INFO] Downloading from central: https://repo.maven.apache.org/maven2/net/bytebuddy/byte-buddy/1.12.19/byte-buddy-1.12.19.jar
[a881d69a-8547-4c91-9d9b-6c23ac0a3ed9/build]   | [INFO] Downloaded from central: https://repo.maven.apache.org/maven2/org/junit/jupiter/junit-jupiter-api/5.10.0/junit-jupiter-api-5.10.0.jar (211 kB at 784 kB/s)
[a881d69a-8547-4c91-9d9b-6c23ac0a3ed9/build]   | [INFO] Downloaded from central: https://repo.maven.apache.org/maven2/org/hamcrest/java-hamcrest/2.0.0.0/java-hamcrest-2.0.0.0.jar (113 kB at 420 kB/s)
[a881d69a-8547-4c91-9d9b-6c23ac0a3ed9/build]   | [INFO] Downloading from central: https://repo.maven.apache.org/maven2/net/bytebuddy/byte-buddy-agent/1.12.19/byte-buddy-agent-1.12.19.jar
[a881d69a-8547-4c91-9d9b-6c23ac0a3ed9/build]   | [INFO] Downloading from central: https://repo.maven.apache.org/maven2/org/objenesis/objenesis/3.3/objenesis-3.3.jar
[a881d69a-8547-4c91-9d9b-6c23ac0a3ed9/build]   | [INFO] Downloaded from central: https://repo.maven.apache.org/maven2/org/junit/jupiter/junit-jupiter-params/5.10.0/junit-jupiter-params-5.10.0.jar (586 kB at 2.1 MB/s)
[a881d69a-8547-4c91-9d9b-6c23ac0a3ed9/build]   | [INFO] Downloading from central: https://repo.maven.apache.org/maven2/org/mockito/mockito-junit-jupiter/4.11.0/mockito-junit-jupiter-4.11.0.jar
[a881d69a-8547-4c91-9d9b-6c23ac0a3ed9/build]   | [INFO] Downloaded from central: https://repo.maven.apache.org/maven2/org/mockito/mockito-core/4.11.0/mockito-core-4.11.0.jar (685 kB at 1.7 MB/s)
[a881d69a-8547-4c91-9d9b-6c23ac0a3ed9/build]   | [INFO] Downloaded from central: https://repo.maven.apache.org/maven2/net/bytebuddy/byte-buddy-agent/1.12.19/byte-buddy-agent-1.12.19.jar (256 kB at 648 kB/s)
[a881d69a-8547-4c91-9d9b-6c23ac0a3ed9/build]   | [INFO] Downloaded from central: https://repo.maven.apache.org/maven2/org/objenesis/objenesis/3.3/objenesis-3.3.jar (49 kB at 124 kB/s)
[a881d69a-8547-4c91-9d9b-6c23ac0a3ed9/build]   | [INFO] Downloaded from central: https://repo.maven.apache.org/maven2/org/mockito/mockito-junit-jupiter/4.11.0/mockito-junit-jupiter-4.11.0.jar (5.4 kB at 13 kB/s)
[a881d69a-8547-4c91-9d9b-6c23ac0a3ed9/build]   | [INFO] Downloaded from central: https://repo.maven.apache.org/maven2/net/bytebuddy/byte-buddy/1.12.19/byte-buddy-1.12.19.jar (4.0 MB at 5.8 MB/s)
[a881d69a-8547-4c91-9d9b-6c23ac0a3ed9/build]   | [INFO] 
[a881d69a-8547-4c91-9d9b-6c23ac0a3ed9/build]   | [INFO] --- jacoco-maven-plugin:0.8.10:prepare-agent (prepare-agent) @ configme ---
[a881d69a-8547-4c91-9d9b-6c23ac0a3ed9/build]   | [INFO] Downloading from central: https://repo.maven.apache.org/maven2/org/codehaus/plexus/plexus-utils/3.0.24/plexus-utils-3.0.24.pom
[a881d69a-8547-4c91-9d9b-6c23ac0a3ed9/build]   | [INFO] Downloaded from central: https://repo.maven.apache.org/maven2/org/codehaus/plexus/plexus-utils/3.0.24/plexus-utils-3.0.24.pom (4.1 kB at 34 kB/s)
[a881d69a-8547-4c91-9d9b-6c23ac0a3ed9/build]   | [INFO] Downloading from central: https://repo.maven.apache.org/maven2/org/codehaus/plexus/plexus/4.0/plexus-4.0.pom
[a881d69a-8547-4c91-9d9b-6c23ac0a3ed9/build]   | [INFO] Downloaded from central: https://repo.maven.apache.org/maven2/org/codehaus/plexus/plexus/4.0/plexus-4.0.pom (22 kB at 171 kB/s)
[a881d69a-8547-4c91-9d9b-6c23ac0a3ed9/build]   | [INFO] Downloading from central: https://repo.maven.apache.org/maven2/org/sonatype/forge/forge-parent/10/forge-parent-10.pom
[a881d69a-8547-4c91-9d9b-6c23ac0a3ed9/build]   | [INFO] Downloaded from central: https://repo.maven.apache.org/maven2/org/sonatype/forge/forge-parent/10/forge-parent-10.pom (14 kB at 134 kB/s)
[a881d69a-8547-4c91-9d9b-6c23ac0a3ed9/build]   | [INFO] Downloading from central: https://repo.maven.apache.org/maven2/org/apache/maven/shared/file-management/1.2.1/file-management-1.2.1.pom
[a881d69a-8547-4c91-9d9b-6c23ac0a3ed9/build]   | [INFO] Downloaded from central: https://repo.maven.apache.org/maven2/org/apache/maven/shared/file-management/1.2.1/file-management-1.2.1.pom (3.9 kB at 40 kB/s)
[a881d69a-8547-4c91-9d9b-6c23ac0a3ed9/build]   | [INFO] Downloading from central: https://repo.maven.apache.org/maven2/org/apache/maven/shared/maven-shared-components/10/maven-shared-components-10.pom
[a881d69a-8547-4c91-9d9b-6c23ac0a3ed9/build]   | [INFO] Downloaded from central: https://repo.maven.apache.org/maven2/org/apache/maven/shared/maven-shared-components/10/maven-shared-components-10.pom (8.4 kB at 96 kB/s)
[a881d69a-8547-4c91-9d9b-6c23ac0a3ed9/build]   | [INFO] Downloading from central: https://repo.maven.apache.org/maven2/org/apache/maven/maven-parent/9/maven-parent-9.pom
[a881d69a-8547-4c91-9d9b-6c23ac0a3ed9/build]   | [INFO] Downloaded from central: https://repo.maven.apache.org/maven2/org/apache/maven/maven-parent/9/maven-parent-9.pom (33 kB at 438 kB/s)
[a881d69a-8547-4c91-9d9b-6c23ac0a3ed9/build]   | [INFO] Downloading from central: https://repo.maven.apache.org/maven2/org/apache/apache/4/apache-4.pom
[a881d69a-8547-4c91-9d9b-6c23ac0a3ed9/build]   | [INFO] Downloaded from central: https://repo.maven.apache.org/maven2/org/apache/apache/4/apache-4.pom (4.5 kB at 58 kB/s)
[a881d69a-8547-4c91-9d9b-6c23ac0a3ed9/build]   | [INFO] Downloading from central: https://repo.maven.apache.org/maven2/org/apache/maven/maven-plugin-api/2.0.6/maven-plugin-api-2.0.6.pom
[a881d69a-8547-4c91-9d9b-6c23ac0a3ed9/build]   | [INFO] Downloaded from central: https://repo.maven.apache.org/maven2/org/apache/maven/maven-plugin-api/2.0.6/maven-plugin-api-2.0.6.pom (1.5 kB at 20 kB/s)
[a881d69a-8547-4c91-9d9b-6c23ac0a3ed9/build]   | [INFO] Downloading from central: https://repo.maven.apache.org/maven2/org/apache/maven/maven/2.0.6/maven-2.0.6.pom
[a881d69a-8547-4c91-9d9b-6c23ac0a3ed9/build]   | [INFO] Downloaded from central: https://repo.maven.apache.org/maven2/org/apache/maven/maven/2.0.6/maven-2.0.6.pom (9.0 kB at 133 kB/s)
[a881d69a-8547-4c91-9d9b-6c23ac0a3ed9/build]   | [INFO] Downloading from central: https://repo.maven.apache.org/maven2/org/apache/maven/maven-parent/5/maven-parent-5.pom
[a881d69a-8547-4c91-9d9b-6c23ac0a3ed9/build]   | [INFO] Downloaded from central: https://repo.maven.apache.org/maven2/org/apache/maven/maven-parent/5/maven-parent-5.pom (15 kB at 179 kB/s)
[a881d69a-8547-4c91-9d9b-6c23ac0a3ed9/build]   | [INFO] Downloading from central: https://repo.maven.apache.org/maven2/org/apache/apache/3/apache-3.pom
[a881d69a-8547-4c91-9d9b-6c23ac0a3ed9/build]   | [INFO] Downloaded from central: https://repo.maven.apache.org/maven2/org/apache/apache/3/apache-3.pom (3.4 kB at 62 kB/s)
[a881d69a-8547-4c91-9d9b-6c23ac0a3ed9/build]   | [INFO] Downloading from central: https://repo.maven.apache.org/maven2/org/apache/maven/shared/maven-shared-io/1.1/maven-shared-io-1.1.pom
[a881d69a-8547-4c91-9d9b-6c23ac0a3ed9/build]   | [INFO] Downloaded from central: https://repo.maven.apache.org/maven2/org/apache/maven/shared/maven-shared-io/1.1/maven-shared-io-1.1.pom (4.1 kB at 51 kB/s)
[a881d69a-8547-4c91-9d9b-6c23ac0a3ed9/build]   | [INFO] Downloading from central: https://repo.maven.apache.org/maven2/org/apache/maven/shared/maven-shared-components/8/maven-shared-components-8.pom
[a881d69a-8547-4c91-9d9b-6c23ac0a3ed9/build]   | [INFO] Downloaded from central: https://repo.maven.apache.org/maven2/org/apache/maven/shared/maven-shared-components/8/maven-shared-components-8.pom (2.7 kB at 31 kB/s)
[a881d69a-8547-4c91-9d9b-6c23ac0a3ed9/build]   | [INFO] Downloading from central: https://repo.maven.apache.org/maven2/org/apache/maven/maven-parent/7/maven-parent-7.pom
[a881d69a-8547-4c91-9d9b-6c23ac0a3ed9/build]   | [INFO] Downloaded from central: https://repo.maven.apache.org/maven2/org/apache/maven/maven-parent/7/maven-parent-7.pom (21 kB at 247 kB/s)
[a881d69a-8547-4c91-9d9b-6c23ac0a3ed9/build]   | [INFO] Downloading from central: https://repo.maven.apache.org/maven2/org/apache/maven/maven-artifact/2.0.2/maven-artifact-2.0.2.pom
[a881d69a-8547-4c91-9d9b-6c23ac0a3ed9/build]   | [INFO] Downloaded from central: https://repo.maven.apache.org/maven2/org/apache/maven/maven-artifact/2.0.2/maven-artifact-2.0.2.pom (765 B at 10 kB/s)
[a881d69a-8547-4c91-9d9b-6c23ac0a3ed9/build]   | [INFO] Downloading from central: https://repo.maven.apache.org/maven2/org/apache/maven/maven/2.0.2/maven-2.0.2.pom
[a881d69a-8547-4c91-9d9b-6c23ac0a3ed9/build]   | [INFO] Downloaded from central: https://repo.maven.apache.org/maven2/org/apache/maven/maven/2.0.2/maven-2.0.2.pom (13 kB at 146 kB/s)
[a881d69a-8547-4c91-9d9b-6c23ac0a3ed9/build]   | [INFO] Downloading from central: https://repo.maven.apache.org/maven2/org/codehaus/plexus/plexus-utils/1.1/plexus-utils-1.1.pom
[a881d69a-8547-4c91-9d9b-6c23ac0a3ed9/build]   | [INFO] Downloaded from central: https://repo.maven.apache.org/maven2/org/codehaus/plexus/plexus-utils/1.1/plexus-utils-1.1.pom (767 B at 9.2 kB/s)
[a881d69a-8547-4c91-9d9b-6c23ac0a3ed9/build]   | [INFO] Downloading from central: https://repo.maven.apache.org/maven2/org/codehaus/plexus/plexus/1.0.4/plexus-1.0.4.pom
[a881d69a-8547-4c91-9d9b-6c23ac0a3ed9/build]   | [INFO] Downloaded from central: https://repo.maven.apache.org/maven2/org/codehaus/plexus/plexus/1.0.4/plexus-1.0.4.pom (5.7 kB at 52 kB/s)
[a881d69a-8547-4c91-9d9b-6c23ac0a3ed9/build]   | [INFO] Downloading from central: https://repo.maven.apache.org/maven2/org/apache/maven/maven-artifact-manager/2.0.2/maven-artifact-manager-2.0.2.pom
[a881d69a-8547-4c91-9d9b-6c23ac0a3ed9/build]   | [INFO] Downloaded from central: https://repo.maven.apache.org/maven2/org/apache/maven/maven-artifact-manager/2.0.2/maven-artifact-manager-2.0.2.pom (1.4 kB at 19 kB/s)
[a881d69a-8547-4c91-9d9b-6c23ac0a3ed9/build]   | [INFO] Downloading from central: https://repo.maven.apache.org/maven2/org/apache/maven/maven-repository-metadata/2.0.2/maven-repository-metadata-2.0.2.pom
[a881d69a-8547-4c91-9d9b-6c23ac0a3ed9/build]   | [INFO] Downloaded from central: https://repo.maven.apache.org/maven2/org/apache/maven/maven-repository-metadata/2.0.2/maven-repository-metadata-2.0.2.pom (1.3 kB at 16 kB/s)
[a881d69a-8547-4c91-9d9b-6c23ac0a3ed9/build]   | [INFO] Downloading from central: https://repo.maven.apache.org/maven2/org/codehaus/plexus/plexus-container-default/1.0-alpha-9/plexus-container-default-1.0-alpha-9.pom
[a881d69a-8547-4c91-9d9b-6c23ac0a3ed9/build]   | [INFO] Downloaded from central: https://repo.maven.apache.org/maven2/org/codehaus/plexus/plexus-container-default/1.0-alpha-9/plexus-container-default-1.0-alpha-9.pom (1.2 kB at 17 kB/s)
[a881d69a-8547-4c91-9d9b-6c23ac0a3ed9/build]   | [INFO] Downloading from central: https://repo.maven.apache.org/maven2/org/codehaus/plexus/plexus-containers/1.0.3/plexus-containers-1.0.3.pom
[a881d69a-8547-4c91-9d9b-6c23ac0a3ed9/build]   | [INFO] Downloaded from central: https://repo.maven.apache.org/maven2/org/codehaus/plexus/plexus-containers/1.0.3/plexus-containers-1.0.3.pom (492 B at 6.2 kB/s)
[a881d69a-8547-4c91-9d9b-6c23ac0a3ed9/build]   | [INFO] Downloading from central: https://repo.maven.apache.org/maven2/junit/junit/4.13.1/junit-4.13.1.pom
[a881d69a-8547-4c91-9d9b-6c23ac0a3ed9/build]   | [INFO] Downloaded from central: https://repo.maven.apache.org/maven2/junit/junit/4.13.1/junit-4.13.1.pom (25 kB at 339 kB/s)
[a881d69a-8547-4c91-9d9b-6c23ac0a3ed9/build]   | [INFO] Downloading from central: https://repo.maven.apache.org/maven2/org/hamcrest/hamcrest-core/1.3/hamcrest-core-1.3.pom
[a881d69a-8547-4c91-9d9b-6c23ac0a3ed9/build]   | [INFO] Downloaded from central: https://repo.maven.apache.org/maven2/org/hamcrest/hamcrest-core/1.3/hamcrest-core-1.3.pom (766 B at 12 kB/s)
[a881d69a-8547-4c91-9d9b-6c23ac0a3ed9/build]   | [INFO] Downloading from central: https://repo.maven.apache.org/maven2/org/hamcrest/hamcrest-parent/1.3/hamcrest-parent-1.3.pom
[a881d69a-8547-4c91-9d9b-6c23ac0a3ed9/build]   | [INFO] Downloaded from central: https://repo.maven.apache.org/maven2/org/hamcrest/hamcrest-parent/1.3/hamcrest-parent-1.3.pom (2.0 kB at 29 kB/s)
[a881d69a-8547-4c91-9d9b-6c23ac0a3ed9/build]   | [INFO] Downloading from central: https://repo.maven.apache.org/maven2/org/codehaus/plexus/plexus-utils/1.0.4/plexus-utils-1.0.4.pom
[a881d69a-8547-4c91-9d9b-6c23ac0a3ed9/build]   | [INFO] Downloaded from central: https://repo.maven.apache.org/maven2/org/codehaus/plexus/plexus-utils/1.0.4/plexus-utils-1.0.4.pom (6.9 kB at 102 kB/s)
[a881d69a-8547-4c91-9d9b-6c23ac0a3ed9/build]   | [INFO] Downloading from central: https://repo.maven.apache.org/maven2/classworlds/classworlds/1.1-alpha-2/classworlds-1.1-alpha-2.pom
[a881d69a-8547-4c91-9d9b-6c23ac0a3ed9/build]   | [INFO] Downloaded from central: https://repo.maven.apache.org/maven2/classworlds/classworlds/1.1-alpha-2/classworlds-1.1-alpha-2.pom (3.1 kB at 49 kB/s)
[a881d69a-8547-4c91-9d9b-6c23ac0a3ed9/build]   | [INFO] Downloading from central: https://repo.maven.apache.org/maven2/org/apache/maven/wagon/wagon-provider-api/1.0-alpha-6/wagon-provider-api-1.0-alpha-6.pom
[a881d69a-8547-4c91-9d9b-6c23ac0a3ed9/build]   | [INFO] Downloaded from central: https://repo.maven.apache.org/maven2/org/apache/maven/wagon/wagon-provider-api/1.0-alpha-6/wagon-provider-api-1.0-alpha-6.pom (588 B at 8.8 kB/s)
[a881d69a-8547-4c91-9d9b-6c23ac0a3ed9/build]   | [INFO] Downloading from central: https://repo.maven.apache.org/maven2/org/apache/maven/wagon/wagon/1.0-alpha-6/wagon-1.0-alpha-6.pom
[a881d69a-8547-4c91-9d9b-6c23ac0a3ed9/build]   | [INFO] Downloaded from central: https://repo.maven.apache.org/maven2/org/apache/maven/wagon/wagon/1.0-alpha-6/wagon-1.0-alpha-6.pom (6.4 kB at 102 kB/s)
[a881d69a-8547-4c91-9d9b-6c23ac0a3ed9/build]   | [INFO] Downloading from central: https://repo.maven.apache.org/maven2/org/codehaus/plexus/plexus-utils/1.4.6/plexus-utils-1.4.6.pom
[a881d69a-8547-4c91-9d9b-6c23ac0a3ed9/build]   | [INFO] Downloaded from central: https://repo.maven.apache.org/maven2/org/codehaus/plexus/plexus-utils/1.4.6/plexus-utils-1.4.6.pom (2.3 kB at 38 kB/s)
[a881d69a-8547-4c91-9d9b-6c23ac0a3ed9/build]   | [INFO] Downloading from central: https://repo.maven.apache.org/maven2/org/codehaus/plexus/plexus/1.0.11/plexus-1.0.11.pom
[a881d69a-8547-4c91-9d9b-6c23ac0a3ed9/build]   | [INFO] Downloaded from central: https://repo.maven.apache.org/maven2/org/codehaus/plexus/plexus/1.0.11/plexus-1.0.11.pom (9.0 kB at 59 kB/s)
[a881d69a-8547-4c91-9d9b-6c23ac0a3ed9/build]   | [INFO] Downloading from central: https://repo.maven.apache.org/maven2/org/codehaus/plexus/plexus-utils/1.5.6/plexus-utils-1.5.6.pom
[a881d69a-8547-4c91-9d9b-6c23ac0a3ed9/build]   | [INFO] Downloaded from central: https://repo.maven.apache.org/maven2/org/codehaus/plexus/plexus-utils/1.5.6/plexus-utils-1.5.6.pom (5.3 kB at 90 kB/s)
[a881d69a-8547-4c91-9d9b-6c23ac0a3ed9/build]   | [INFO] Downloading from central: https://repo.maven.apache.org/maven2/org/codehaus/plexus/plexus/1.0.12/plexus-1.0.12.pom
[a881d69a-8547-4c91-9d9b-6c23ac0a3ed9/build]   | [INFO] Downloaded from central: https://repo.maven.apache.org/maven2/org/codehaus/plexus/plexus/1.0.12/plexus-1.0.12.pom (9.8 kB at 161 kB/s)
[a881d69a-8547-4c91-9d9b-6c23ac0a3ed9/build]   | [INFO] Downloading from central: https://repo.maven.apache.org/maven2/org/apache/maven/reporting/maven-reporting-api/3.0/maven-reporting-api-3.0.pom
[a881d69a-8547-4c91-9d9b-6c23ac0a3ed9/build]   | [INFO] Downloaded from central: https://repo.maven.apache.org/maven2/org/apache/maven/reporting/maven-reporting-api/3.0/maven-reporting-api-3.0.pom (2.4 kB at 48 kB/s)
[a881d69a-8547-4c91-9d9b-6c23ac0a3ed9/build]   | [INFO] Downloading from central: https://repo.maven.apache.org/maven2/org/apache/maven/shared/maven-shared-components/15/maven-shared-components-15.pom
[a881d69a-8547-4c91-9d9b-6c23ac0a3ed9/build]   | [INFO] Downloaded from central: https://repo.maven.apache.org/maven2/org/apache/maven/shared/maven-shared-components/15/maven-shared-components-15.pom (9.3 kB at 176 kB/s)
[a881d69a-8547-4c91-9d9b-6c23ac0a3ed9/build]   | [INFO] Downloading from central: https://repo.maven.apache.org/maven2/org/apache/maven/maven-parent/16/maven-parent-16.pom
[a881d69a-8547-4c91-9d9b-6c23ac0a3ed9/build]   | [INFO] Downloaded from central: https://repo.maven.apache.org/maven2/org/apache/maven/maven-parent/16/maven-parent-16.pom (23 kB at 328 kB/s)
[a881d69a-8547-4c91-9d9b-6c23ac0a3ed9/build]   | [INFO] Downloading from central: https://repo.maven.apache.org/maven2/org/apache/apache/7/apache-7.pom
[a881d69a-8547-4c91-9d9b-6c23ac0a3ed9/build]   | [INFO] Downloaded from central: https://repo.maven.apache.org/maven2/org/apache/apache/7/apache-7.pom (14 kB at 150 kB/s)
[a881d69a-8547-4c91-9d9b-6c23ac0a3ed9/build]   | [INFO] Downloading from central: https://repo.maven.apache.org/maven2/org/apache/maven/doxia/doxia-sink-api/1.0/doxia-sink-api-1.0.pom
[a881d69a-8547-4c91-9d9b-6c23ac0a3ed9/build]   | [INFO] Downloaded from central: https://repo.maven.apache.org/maven2/org/apache/maven/doxia/doxia-sink-api/1.0/doxia-sink-api-1.0.pom (1.4 kB at 21 kB/s)
[a881d69a-8547-4c91-9d9b-6c23ac0a3ed9/build]   | [INFO] Downloading from central: https://repo.maven.apache.org/maven2/org/apache/maven/doxia/doxia/1.0/doxia-1.0.pom
[a881d69a-8547-4c91-9d9b-6c23ac0a3ed9/build]   | [INFO] Downloaded from central: https://repo.maven.apache.org/maven2/org/apache/maven/doxia/doxia/1.0/doxia-1.0.pom (9.6 kB at 169 kB/s)
[a881d69a-8547-4c91-9d9b-6c23ac0a3ed9/build]   | [INFO] Downloading from central: https://repo.maven.apache.org/maven2/org/apache/maven/maven-parent/10/maven-parent-10.pom
[a881d69a-8547-4c91-9d9b-6c23ac0a3ed9/build]   | [INFO] Downloaded from central: https://repo.maven.apache.org/maven2/org/apache/maven/maven-parent/10/maven-parent-10.pom (32 kB at 565 kB/s)
[a881d69a-8547-4c91-9d9b-6c23ac0a3ed9/build]   | [INFO] Downloading from central: https://repo.maven.apache.org/maven2/org/jacoco/org.jacoco.agent/0.8.10/org.jacoco.agent-0.8.10.pom
[a881d69a-8547-4c91-9d9b-6c23ac0a3ed9/build]   | [INFO] Downloaded from central: https://repo.maven.apache.org/maven2/org/jacoco/org.jacoco.agent/0.8.10/org.jacoco.agent-0.8.10.pom (3.5 kB at 52 kB/s)
[a881d69a-8547-4c91-9d9b-6c23ac0a3ed9/build]   | [INFO] Downloading from central: https://repo.maven.apache.org/maven2/org/jacoco/org.jacoco.core/0.8.10/org.jacoco.core-0.8.10.pom
[a881d69a-8547-4c91-9d9b-6c23ac0a3ed9/build]   | [INFO] Downloaded from central: https://repo.maven.apache.org/maven2/org/jacoco/org.jacoco.core/0.8.10/org.jacoco.core-0.8.10.pom (2.1 kB at 30 kB/s)
[a881d69a-8547-4c91-9d9b-6c23ac0a3ed9/build]   | [INFO] Downloading from central: https://repo.maven.apache.org/maven2/org/ow2/asm/asm/9.5/asm-9.5.pom
[a881d69a-8547-4c91-9d9b-6c23ac0a3ed9/build]   | [INFO] Downloaded from central: https://repo.maven.apache.org/maven2/org/ow2/asm/asm/9.5/asm-9.5.pom (2.4 kB at 31 kB/s)
[a881d69a-8547-4c91-9d9b-6c23ac0a3ed9/build]   | [INFO] Downloading from central: https://repo.maven.apache.org/maven2/org/ow2/asm/asm-commons/9.5/asm-commons-9.5.pom
[a881d69a-8547-4c91-9d9b-6c23ac0a3ed9/build]   | [INFO] Downloaded from central: https://repo.maven.apache.org/maven2/org/ow2/asm/asm-commons/9.5/asm-commons-9.5.pom (2.8 kB at 34 kB/s)
[a881d69a-8547-4c91-9d9b-6c23ac0a3ed9/build]   | [INFO] Downloading from central: https://repo.maven.apache.org/maven2/org/ow2/asm/asm-tree/9.5/asm-tree-9.5.pom
[a881d69a-8547-4c91-9d9b-6c23ac0a3ed9/build]   | [INFO] Downloaded from central: https://repo.maven.apache.org/maven2/org/ow2/asm/asm-tree/9.5/asm-tree-9.5.pom (2.6 kB at 32 kB/s)
[a881d69a-8547-4c91-9d9b-6c23ac0a3ed9/build]   | [INFO] Downloading from central: https://repo.maven.apache.org/maven2/org/jacoco/org.jacoco.report/0.8.10/org.jacoco.report-0.8.10.pom
[a881d69a-8547-4c91-9d9b-6c23ac0a3ed9/build]   | [INFO] Downloaded from central: https://repo.maven.apache.org/maven2/org/jacoco/org.jacoco.report/0.8.10/org.jacoco.report-0.8.10.pom (1.9 kB at 22 kB/s)
[a881d69a-8547-4c91-9d9b-6c23ac0a3ed9/build]   | [INFO] Downloading from central: https://repo.maven.apache.org/maven2/org/codehaus/plexus/plexus-utils/3.0.24/plexus-utils-3.0.24.jar
[a881d69a-8547-4c91-9d9b-6c23ac0a3ed9/build]   | [INFO] Downloading from central: https://repo.maven.apache.org/maven2/org/apache/maven/shared/file-management/1.2.1/file-management-1.2.1.jar
[a881d69a-8547-4c91-9d9b-6c23ac0a3ed9/build]   | [INFO] Downloading from central: https://repo.maven.apache.org/maven2/org/apache/maven/maven-plugin-api/2.0.6/maven-plugin-api-2.0.6.jar
[a881d69a-8547-4c91-9d9b-6c23ac0a3ed9/build]   | [INFO] Downloading from central: https://repo.maven.apache.org/maven2/org/apache/maven/shared/maven-shared-io/1.1/maven-shared-io-1.1.jar
[a881d69a-8547-4c91-9d9b-6c23ac0a3ed9/build]   | [INFO] Downloading from central: https://repo.maven.apache.org/maven2/org/apache/maven/maven-artifact/2.0.2/maven-artifact-2.0.2.jar
[a881d69a-8547-4c91-9d9b-6c23ac0a3ed9/build]   | [INFO] Downloaded from central: https://repo.maven.apache.org/maven2/org/apache/maven/shared/file-management/1.2.1/file-management-1.2.1.jar (38 kB at 236 kB/s)
[a881d69a-8547-4c91-9d9b-6c23ac0a3ed9/build]   | [INFO] Downloading from central: https://repo.maven.apache.org/maven2/org/apache/maven/maven-artifact-manager/2.0.2/maven-artifact-manager-2.0.2.jar
[a881d69a-8547-4c91-9d9b-6c23ac0a3ed9/build]   | [INFO] Downloaded from central: https://repo.maven.apache.org/maven2/org/apache/maven/maven-plugin-api/2.0.6/maven-plugin-api-2.0.6.jar (13 kB at 79 kB/s)
[a881d69a-8547-4c91-9d9b-6c23ac0a3ed9/build]   | [INFO] Downloading from central: https://repo.maven.apache.org/maven2/org/apache/maven/maven-repository-metadata/2.0.2/maven-repository-metadata-2.0.2.jar
[a881d69a-8547-4c91-9d9b-6c23ac0a3ed9/build]   | [INFO] Downloaded from central: https://repo.maven.apache.org/maven2/org/apache/maven/shared/maven-shared-io/1.1/maven-shared-io-1.1.jar (39 kB at 242 kB/s)
[a881d69a-8547-4c91-9d9b-6c23ac0a3ed9/build]   | [INFO] Downloaded from central: https://repo.maven.apache.org/maven2/org/apache/maven/maven-artifact/2.0.2/maven-artifact-2.0.2.jar (78 kB at 484 kB/s)
[a881d69a-8547-4c91-9d9b-6c23ac0a3ed9/build]   | [INFO] Downloading from central: https://repo.maven.apache.org/maven2/org/apache/maven/wagon/wagon-provider-api/1.0-alpha-6/wagon-provider-api-1.0-alpha-6.jar
[a881d69a-8547-4c91-9d9b-6c23ac0a3ed9/build]   | [INFO] Downloading from central: https://repo.maven.apache.org/maven2/org/codehaus/plexus/plexus-container-default/1.0-alpha-9/plexus-container-default-1.0-alpha-9.jar
[a881d69a-8547-4c91-9d9b-6c23ac0a3ed9/build]   | [INFO] Downloaded from central: https://repo.maven.apache.org/maven2/org/codehaus/plexus/plexus-utils/3.0.24/plexus-utils-3.0.24.jar (247 kB at 1.5 MB/s)
[a881d69a-8547-4c91-9d9b-6c23ac0a3ed9/build]   | [INFO] Downloading from central: https://repo.maven.apache.org/maven2/junit/junit/4.13.1/junit-4.13.1.jar
[a881d69a-8547-4c91-9d9b-6c23ac0a3ed9/build]   | [INFO] Downloaded from central: https://repo.maven.apache.org/maven2/org/apache/maven/maven-repository-metadata/2.0.2/maven-repository-metadata-2.0.2.jar (20 kB at 82 kB/s)
[a881d69a-8547-4c91-9d9b-6c23ac0a3ed9/build]   | [INFO] Downloaded from central: https://repo.maven.apache.org/maven2/org/apache/maven/maven-artifact-manager/2.0.2/maven-artifact-manager-2.0.2.jar (49 kB at 205 kB/s)
[a881d69a-8547-4c91-9d9b-6c23ac0a3ed9/build]   | [INFO] Downloading from central: https://repo.maven.apache.org/maven2/org/hamcrest/hamcrest-core/1.3/hamcrest-core-1.3.jar
[a881d69a-8547-4c91-9d9b-6c23ac0a3ed9/build]   | [INFO] Downloading from central: https://repo.maven.apache.org/maven2/classworlds/classworlds/1.1-alpha-2/classworlds-1.1-alpha-2.jar
[a881d69a-8547-4c91-9d9b-6c23ac0a3ed9/build]   | [INFO] Downloaded from central: https://repo.maven.apache.org/maven2/org/apache/maven/wagon/wagon-provider-api/1.0-alpha-6/wagon-provider-api-1.0-alpha-6.jar (43 kB at 175 kB/s)
[a881d69a-8547-4c91-9d9b-6c23ac0a3ed9/build]   | [INFO] Downloading from central: https://repo.maven.apache.org/maven2/org/apache/maven/reporting/maven-reporting-api/3.0/maven-reporting-api-3.0.jar
[a881d69a-8547-4c91-9d9b-6c23ac0a3ed9/build]   | [INFO] Downloaded from central: https://repo.maven.apache.org/maven2/org/codehaus/plexus/plexus-container-default/1.0-alpha-9/plexus-container-default-1.0-alpha-9.jar (195 kB at 785 kB/s)
[a881d69a-8547-4c91-9d9b-6c23ac0a3ed9/build]   | [INFO] Downloading from central: https://repo.maven.apache.org/maven2/org/apache/maven/doxia/doxia-sink-api/1.0/doxia-sink-api-1.0.jar
[a881d69a-8547-4c91-9d9b-6c23ac0a3ed9/build]   | [INFO] Downloaded from central: https://repo.maven.apache.org/maven2/junit/junit/4.13.1/junit-4.13.1.jar (383 kB at 1.4 MB/s)
[a881d69a-8547-4c91-9d9b-6c23ac0a3ed9/build]   | [INFO] Downloading from central: https://repo.maven.apache.org/maven2/org/jacoco/org.jacoco.agent/0.8.10/org.jacoco.agent-0.8.10-runtime.jar
[a881d69a-8547-4c91-9d9b-6c23ac0a3ed9/build]   | [INFO] Downloaded from central: https://repo.maven.apache.org/maven2/classworlds/classworlds/1.1-alpha-2/classworlds-1.1-alpha-2.jar (38 kB at 116 kB/s)
[a881d69a-8547-4c91-9d9b-6c23ac0a3ed9/build]   | [INFO] Downloaded from central: https://repo.maven.apache.org/maven2/org/hamcrest/hamcrest-core/1.3/hamcrest-core-1.3.jar (45 kB at 139 kB/s)
[a881d69a-8547-4c91-9d9b-6c23ac0a3ed9/build]   | [INFO] Downloading from central: https://repo.maven.apache.org/maven2/org/jacoco/org.jacoco.core/0.8.10/org.jacoco.core-0.8.10.jar
[a881d69a-8547-4c91-9d9b-6c23ac0a3ed9/build]   | [INFO] Downloading from central: https://repo.maven.apache.org/maven2/org/ow2/asm/asm/9.5/asm-9.5.jar
[a881d69a-8547-4c91-9d9b-6c23ac0a3ed9/build]   | [INFO] Downloaded from central: https://repo.maven.apache.org/maven2/org/apache/maven/reporting/maven-reporting-api/3.0/maven-reporting-api-3.0.jar (11 kB at 33 kB/s)
[a881d69a-8547-4c91-9d9b-6c23ac0a3ed9/build]   | [INFO] Downloading from central: https://repo.maven.apache.org/maven2/org/ow2/asm/asm-commons/9.5/asm-commons-9.5.jar
[a881d69a-8547-4c91-9d9b-6c23ac0a3ed9/build]   | [INFO] Downloaded from central: https://repo.maven.apache.org/maven2/org/apache/maven/doxia/doxia-sink-api/1.0/doxia-sink-api-1.0.jar (10 kB at 30 kB/s)
[a881d69a-8547-4c91-9d9b-6c23ac0a3ed9/build]   | [INFO] Downloading from central: https://repo.maven.apache.org/maven2/org/ow2/asm/asm-tree/9.5/asm-tree-9.5.jar
[a881d69a-8547-4c91-9d9b-6c23ac0a3ed9/build]   | [INFO] Downloaded from central: https://repo.maven.apache.org/maven2/org/jacoco/org.jacoco.agent/0.8.10/org.jacoco.agent-0.8.10-runtime.jar (299 kB at 825 kB/s)
[a881d69a-8547-4c91-9d9b-6c23ac0a3ed9/build]   | [INFO] Downloading from central: https://repo.maven.apache.org/maven2/org/jacoco/org.jacoco.report/0.8.10/org.jacoco.report-0.8.10.jar
[a881d69a-8547-4c91-9d9b-6c23ac0a3ed9/build]   | [INFO] Downloaded from central: https://repo.maven.apache.org/maven2/org/ow2/asm/asm/9.5/asm-9.5.jar (122 kB at 304 kB/s)
[a881d69a-8547-4c91-9d9b-6c23ac0a3ed9/build]   | [INFO] Downloaded from central: https://repo.maven.apache.org/maven2/org/ow2/asm/asm-commons/9.5/asm-commons-9.5.jar (72 kB at 178 kB/s)
[a881d69a-8547-4c91-9d9b-6c23ac0a3ed9/build]   | [INFO] Downloaded from central: https://repo.maven.apache.org/maven2/org/jacoco/org.jacoco.core/0.8.10/org.jacoco.core-0.8.10.jar (204 kB at 503 kB/s)
[a881d69a-8547-4c91-9d9b-6c23ac0a3ed9/build]   | [INFO] Downloaded from central: https://repo.maven.apache.org/maven2/org/ow2/asm/asm-tree/9.5/asm-tree-9.5.jar (52 kB at 128 kB/s)
[a881d69a-8547-4c91-9d9b-6c23ac0a3ed9/build]   | [INFO] Downloaded from central: https://repo.maven.apache.org/maven2/org/jacoco/org.jacoco.report/0.8.10/org.jacoco.report-0.8.10.jar (131 kB at 304 kB/s)
[a881d69a-8547-4c91-9d9b-6c23ac0a3ed9/build]   | [INFO] argLine set to -javaagent:/home/runner/.m2/repository/org/jacoco/org.jacoco.agent/0.8.10/org.jacoco.agent-0.8.10-runtime.jar=destfile=/tmp/2fee7f4f-9072-4780-9d9d-7491fcf5e56b/target/jacoco.exec
[a881d69a-8547-4c91-9d9b-6c23ac0a3ed9/build]   | [INFO] 
[a881d69a-8547-4c91-9d9b-6c23ac0a3ed9/build]   | [INFO] --- maven-resources-plugin:2.6:resources (default-resources) @ configme ---
[a881d69a-8547-4c91-9d9b-6c23ac0a3ed9/build]   | [INFO] Downloading from central: https://repo.maven.apache.org/maven2/org/apache/maven/maven-project/2.0.6/maven-project-2.0.6.pom
[a881d69a-8547-4c91-9d9b-6c23ac0a3ed9/build]   | [INFO] Downloaded from central: https://repo.maven.apache.org/maven2/org/apache/maven/maven-project/2.0.6/maven-project-2.0.6.pom (2.6 kB at 30 kB/s)
[a881d69a-8547-4c91-9d9b-6c23ac0a3ed9/build]   | [INFO] Downloading from central: https://repo.maven.apache.org/maven2/org/apache/maven/maven-settings/2.0.6/maven-settings-2.0.6.pom
[a881d69a-8547-4c91-9d9b-6c23ac0a3ed9/build]   | [INFO] Downloaded from central: https://repo.maven.apache.org/maven2/org/apache/maven/maven-settings/2.0.6/maven-settings-2.0.6.pom (2.0 kB at 29 kB/s)
[a881d69a-8547-4c91-9d9b-6c23ac0a3ed9/build]   | [INFO] Downloading from central: https://repo.maven.apache.org/maven2/org/apache/maven/maven-model/2.0.6/maven-model-2.0.6.pom
[a881d69a-8547-4c91-9d9b-6c23ac0a3ed9/build]   | [INFO] Downloaded from central: https://repo.maven.apache.org/maven2/org/apache/maven/maven-model/2.0.6/maven-model-2.0.6.pom (3.0 kB at 53 kB/s)
[a881d69a-8547-4c91-9d9b-6c23ac0a3ed9/build]   | [INFO] Downloading from central: https://repo.maven.apache.org/maven2/org/codehaus/plexus/plexus-utils/1.4.1/plexus-utils-1.4.1.pom
[a881d69a-8547-4c91-9d9b-6c23ac0a3ed9/build]   | [INFO] Downloaded from central: https://repo.maven.apache.org/maven2/org/codehaus/plexus/plexus-utils/1.4.1/plexus-utils-1.4.1.pom (1.9 kB at 30 kB/s)
[a881d69a-8547-4c91-9d9b-6c23ac0a3ed9/build]   | [INFO] Downloading from central: https://repo.maven.apache.org/maven2/org/codehaus/plexus/plexus-container-default/1.0-alpha-9-stable-1/plexus-container-default-1.0-alpha-9-stable-1.pom
[a881d69a-8547-4c91-9d9b-6c23ac0a3ed9/build]   | [INFO] Downloaded from central: https://repo.maven.apache.org/maven2/org/codehaus/plexus/plexus-container-default/1.0-alpha-9-stable-1/plexus-container-default-1.0-alpha-9-stable-1.pom (3.9 kB at 59 kB/s)
[a881d69a-8547-4c91-9d9b-6c23ac0a3ed9/build]   | [INFO] Downloading from central: https://repo.maven.apache.org/maven2/junit/junit/3.8.1/junit-3.8.1.pom
[a881d69a-8547-4c91-9d9b-6c23ac0a3ed9/build]   | [INFO] Downloaded from central: https://repo.maven.apache.org/maven2/junit/junit/3.8.1/junit-3.8.1.pom (998 B at 15 kB/s)
[a881d69a-8547-4c91-9d9b-6c23ac0a3ed9/build]   | [INFO] Downloading from central: https://repo.maven.apache.org/maven2/org/apache/maven/maven-profile/2.0.6/maven-profile-2.0.6.pom
[a881d69a-8547-4c91-9d9b-6c23ac0a3ed9/build]   | [INFO] Downloaded from central: https://repo.maven.apache.org/maven2/org/apache/maven/maven-profile/2.0.6/maven-profile-2.0.6.pom (2.0 kB at 28 kB/s)
[a881d69a-8547-4c91-9d9b-6c23ac0a3ed9/build]   | [INFO] Downloading from central: https://repo.maven.apache.org/maven2/org/apache/maven/maven-artifact-manager/2.0.6/maven-artifact-manager-2.0.6.pom
[a881d69a-8547-4c91-9d9b-6c23ac0a3ed9/build]   | [INFO] Downloaded from central: https://repo.maven.apache.org/maven2/org/apache/maven/maven-artifact-manager/2.0.6/maven-artifact-manager-2.0.6.pom (2.6 kB at 29 kB/s)
[a881d69a-8547-4c91-9d9b-6c23ac0a3ed9/build]   | [INFO] Downloading from central: https://repo.maven.apache.org/maven2/org/apache/maven/maven-repository-metadata/2.0.6/maven-repository-metadata-2.0.6.pom
[a881d69a-8547-4c91-9d9b-6c23ac0a3ed9/build]   | [INFO] Downloaded from central: https://repo.maven.apache.org/maven2/org/apache/maven/maven-repository-metadata/2.0.6/maven-repository-metadata-2.0.6.pom (1.9 kB at 20 kB/s)
[a881d69a-8547-4c91-9d9b-6c23ac0a3ed9/build]   | [INFO] Downloading from central: https://repo.maven.apache.org/maven2/org/apache/maven/maven-artifact/2.0.6/maven-artifact-2.0.6.pom
[a881d69a-8547-4c91-9d9b-6c23ac0a3ed9/build]   | [INFO] Downloaded from central: https://repo.maven.apache.org/maven2/org/apache/maven/maven-artifact/2.0.6/maven-artifact-2.0.6.pom (1.6 kB at 18 kB/s)
[a881d69a-8547-4c91-9d9b-6c23ac0a3ed9/build]   | [INFO] Downloading from central: https://repo.maven.apache.org/maven2/org/apache/maven/maven-plugin-registry/2.0.6/maven-plugin-registry-2.0.6.pom
[a881d69a-8547-4c91-9d9b-6c23ac0a3ed9/build]   | [INFO] Downloaded from central: https://repo.maven.apache.org/maven2/org/apache/maven/maven-plugin-registry/2.0.6/maven-plugin-registry-2.0.6.pom (1.9 kB at 7.9 kB/s)
[a881d69a-8547-4c91-9d9b-6c23ac0a3ed9/build]   | [INFO] Downloading from central: https://repo.maven.apache.org/maven2/org/apache/maven/maven-core/2.0.6/maven-core-2.0.6.pom
[a881d69a-8547-4c91-9d9b-6c23ac0a3ed9/build]   | [INFO] Downloaded from central: https://repo.maven.apache.org/maven2/org/apache/maven/maven-core/2.0.6/maven-core-2.0.6.pom (6.7 kB at 93 kB/s)
[a881d69a-8547-4c91-9d9b-6c23ac0a3ed9/build]   | [INFO] Downloading from central: https://repo.maven.apache.org/maven2/org/apache/maven/maven-plugin-parameter-documenter/2.0.6/maven-plugin-parameter-documenter-2.0.6.pom
[a881d69a-8547-4c91-9d9b-6c23ac0a3ed9/build]   | [INFO] Downloaded from central: https://repo.maven.apache.org/maven2/org/apache/maven/maven-plugin-parameter-documenter/2.0.6/maven-plugin-parameter-documenter-2.0.6.pom (1.9 kB at 18 kB/s)
[a881d69a-8547-4c91-9d9b-6c23ac0a3ed9/build]   | [INFO] Downloading from central: https://repo.maven.apache.org/maven2/org/apache/maven/reporting/maven-reporting-api/2.0.6/maven-reporting-api-2.0.6.pom
[a881d69a-8547-4c91-9d9b-6c23ac0a3ed9/build]   | [INFO] Downloaded from central: https://repo.maven.apache.org/maven2/org/apache/maven/reporting/maven-reporting-api/2.0.6/maven-reporting-api-2.0.6.pom (1.8 kB at 12 kB/s)
[a881d69a-8547-4c91-9d9b-6c23ac0a3ed9/build]   | [INFO] Downloading from central: https://repo.maven.apache.org/maven2/org/apache/maven/reporting/maven-reporting/2.0.6/maven-reporting-2.0.6.pom
[a881d69a-8547-4c91-9d9b-6c23ac0a3ed9/build]   | [INFO] Downloaded from central: https://repo.maven.apache.org/maven2/org/apache/maven/reporting/maven-reporting/2.0.6/maven-reporting-2.0.6.pom (1.4 kB at 11 kB/s)
[a881d69a-8547-4c91-9d9b-6c23ac0a3ed9/build]   | [INFO] Downloading from central: https://repo.maven.apache.org/maven2/org/apache/maven/doxia/doxia-sink-api/1.0-alpha-7/doxia-sink-api-1.0-alpha-7.pom
[a881d69a-8547-4c91-9d9b-6c23ac0a3ed9/build]   | [INFO] Downloaded from central: https://repo.maven.apache.org/maven2/org/apache/maven/doxia/doxia-sink-api/1.0-alpha-7/doxia-sink-api-1.0-alpha-7.pom (424 B at 2.3 kB/s)
[a881d69a-8547-4c91-9d9b-6c23ac0a3ed9/build]   | [INFO] Downloading from central: https://repo.maven.apache.org/maven2/org/apache/maven/doxia/doxia/1.0-alpha-7/doxia-1.0-alpha-7.pom
[a881d69a-8547-4c91-9d9b-6c23ac0a3ed9/build]   | [INFO] Downloaded from central: https://repo.maven.apache.org/maven2/org/apache/maven/doxia/doxia/1.0-alpha-7/doxia-1.0-alpha-7.pom (3.9 kB at 27 kB/s)
[a881d69a-8547-4c91-9d9b-6c23ac0a3ed9/build]   | [INFO] Downloading from central: https://repo.maven.apache.org/maven2/org/apache/maven/maven-error-diagnostics/2.0.6/maven-error-diagnostics-2.0.6.pom
[a881d69a-8547-4c91-9d9b-6c23ac0a3ed9/build]   | [INFO] Downloaded from central: https://repo.maven.apache.org/maven2/org/apache/maven/maven-error-diagnostics/2.0.6/maven-error-diagnostics-2.0.6.pom (1.7 kB at 15 kB/s)
[a881d69a-8547-4c91-9d9b-6c23ac0a3ed9/build]   | [INFO] Downloading from central: https://repo.maven.apache.org/maven2/commons-cli/commons-cli/1.0/commons-cli-1.0.pom
[a881d69a-8547-4c91-9d9b-6c23ac0a3ed9/build]   | [INFO] Downloaded from central: https://repo.maven.apache.org/maven2/commons-cli/commons-cli/1.0/commons-cli-1.0.pom (2.1 kB at 23 kB/s)
[a881d69a-8547-4c91-9d9b-6c23ac0a3ed9/build]   | [INFO] Downloading from central: https://repo.maven.apache.org/maven2/org/apache/maven/maven-plugin-descriptor/2.0.6/maven-plugin-descriptor-2.0.6.pom
[a881d69a-8547-4c91-9d9b-6c23ac0a3ed9/build]   | [INFO] Downloaded from central: https://repo.maven.apache.org/maven2/org/apache/maven/maven-plugin-descriptor/2.0.6/maven-plugin-descriptor-2.0.6.pom (2.0 kB at 20 kB/s)
[a881d69a-8547-4c91-9d9b-6c23ac0a3ed9/build]   | [INFO] Downloading from central: https://repo.maven.apache.org/maven2/org/codehaus/plexus/plexus-interactivity-api/1.0-alpha-4/plexus-interactivity-api-1.0-alpha-4.pom
[a881d69a-8547-4c91-9d9b-6c23ac0a3ed9/build]   | [INFO] Downloaded from central: https://repo.maven.apache.org/maven2/org/codehaus/plexus/plexus-interactivity-api/1.0-alpha-4/plexus-interactivity-api-1.0-alpha-4.pom (7.1 kB at 63 kB/s)
[a881d69a-8547-4c91-9d9b-6c23ac0a3ed9/build]   | [INFO] Downloading from central: https://repo.maven.apache.org/maven2/org/apache/maven/maven-monitor/2.0.6/maven-monitor-2.0.6.pom
[a881d69a-8547-4c91-9d9b-6c23ac0a3ed9/build]   | [INFO] Downloaded from central: https://repo.maven.apache.org/maven2/org/apache/maven/maven-monitor/2.0.6/maven-monitor-2.0.6.pom (1.3 kB at 13 kB/s)
[a881d69a-8547-4c91-9d9b-6c23ac0a3ed9/build]   | [INFO] Downloading from central: https://repo.maven.apache.org/maven2/classworlds/classworlds/1.1/classworlds-1.1.pom
[a881d69a-8547-4c91-9d9b-6c23ac0a3ed9/build]   | [INFO] Downloaded from central: https://repo.maven.apache.org/maven2/classworlds/classworlds/1.1/classworlds-1.1.pom (3.3 kB at 17 kB/s)
[a881d69a-8547-4c91-9d9b-6c23ac0a3ed9/build]   | [INFO] Downloading from central: https://repo.maven.apache.org/maven2/org/codehaus/plexus/plexus-utils/2.0.5/plexus-utils-2.0.5.pom
[a881d69a-8547-4c91-9d9b-6c23ac0a3ed9/build]   | [INFO] Downloaded from central: https://repo.maven.apache.org/maven2/org/codehaus/plexus/plexus-utils/2.0.5/plexus-utils-2.0.5.pom (3.3 kB at 47 kB/s)
[a881d69a-8547-4c91-9d9b-6c23ac0a3ed9/build]   | [INFO] Downloading from central: https://repo.maven.apache.org/maven2/org/codehaus/plexus/plexus/2.0.6/plexus-2.0.6.pom
[a881d69a-8547-4c91-9d9b-6c23ac0a3ed9/build]   | [INFO] Downloaded from central: https://repo.maven.apache.org/maven2/org/codehaus/plexus/plexus/2.0.6/plexus-2.0.6.pom (17 kB at 210 kB/s)
[a881d69a-8547-4c91-9d9b-6c23ac0a3ed9/build]   | [INFO] Downloading from central: https://repo.maven.apache.org/maven2/org/apache/maven/shared/maven-filtering/1.1/maven-filtering-1.1.pom
[a881d69a-8547-4c91-9d9b-6c23ac0a3ed9/build]   | [INFO] Downloaded from central: https://repo.maven.apache.org/maven2/org/apache/maven/shared/maven-filtering/1.1/maven-filtering-1.1.pom (5.8 kB at 40 kB/s)
[a881d69a-8547-4c91-9d9b-6c23ac0a3ed9/build]   | [INFO] Downloading from central: https://repo.maven.apache.org/maven2/org/apache/maven/shared/maven-shared-components/17/maven-shared-components-17.pom
[a881d69a-8547-4c91-9d9b-6c23ac0a3ed9/build]   | [INFO] Downloaded from central: https://repo.maven.apache.org/maven2/org/apache/maven/shared/maven-shared-components/17/maven-shared-components-17.pom (8.7 kB at 114 kB/s)
[a881d69a-8547-4c91-9d9b-6c23ac0a3ed9/build]   | [INFO] Downloading from central: https://repo.maven.apache.org/maven2/org/codehaus/plexus/plexus-utils/1.5.15/plexus-utils-1.5.15.pom
[a881d69a-8547-4c91-9d9b-6c23ac0a3ed9/build]   | [INFO] Downloaded from central: https://repo.maven.apache.org/maven2/org/codehaus/plexus/plexus-utils/1.5.15/plexus-utils-1.5.15.pom (6.8 kB at 96 kB/s)
[a881d69a-8547-4c91-9d9b-6c23ac0a3ed9/build]   | [INFO] Downloading from central: https://repo.maven.apache.org/maven2/org/codehaus/plexus/plexus/2.0.2/plexus-2.0.2.pom
[a881d69a-8547-4c91-9d9b-6c23ac0a3ed9/build]   | [INFO] Downloaded from central: https://repo.maven.apache.org/maven2/org/codehaus/plexus/plexus/2.0.2/plexus-2.0.2.pom (12 kB at 153 kB/s)
[a881d69a-8547-4c91-9d9b-6c23ac0a3ed9/build]   | [INFO] Downloading from central: https://repo.maven.apache.org/maven2/org/codehaus/plexus/plexus-interpolation/1.12/plexus-interpolation-1.12.pom
[a881d69a-8547-4c91-9d9b-6c23ac0a3ed9/build]   | [INFO] Downloaded from central: https://repo.maven.apache.org/maven2/org/codehaus/plexus/plexus-interpolation/1.12/plexus-interpolation-1.12.pom (889 B at 15 kB/s)
[a881d69a-8547-4c91-9d9b-6c23ac0a3ed9/build]   | [INFO] Downloading from central: https://repo.maven.apache.org/maven2/org/codehaus/plexus/plexus-components/1.1.14/plexus-components-1.1.14.pom
[a881d69a-8547-4c91-9d9b-6c23ac0a3ed9/build]   | [INFO] Downloaded from central: https://repo.maven.apache.org/maven2/org/codehaus/plexus/plexus-components/1.1.14/plexus-components-1.1.14.pom (5.8 kB at 61 kB/s)
[a881d69a-8547-4c91-9d9b-6c23ac0a3ed9/build]   | [INFO] Downloading from central: https://repo.maven.apache.org/maven2/org/sonatype/plexus/plexus-build-api/0.0.4/plexus-build-api-0.0.4.pom
[a881d69a-8547-4c91-9d9b-6c23ac0a3ed9/build]   | [INFO] Downloaded from central: https://repo.maven.apache.org/maven2/org/sonatype/plexus/plexus-build-api/0.0.4/plexus-build-api-0.0.4.pom (2.9 kB at 25 kB/s)
[a881d69a-8547-4c91-9d9b-6c23ac0a3ed9/build]   | [INFO] Downloading from central: https://repo.maven.apache.org/maven2/org/sonatype/spice/spice-parent/10/spice-parent-10.pom
[a881d69a-8547-4c91-9d9b-6c23ac0a3ed9/build]   | [INFO] Downloaded from central: https://repo.maven.apache.org/maven2/org/sonatype/spice/spice-parent/10/spice-parent-10.pom (3.0 kB at 28 kB/s)
[a881d69a-8547-4c91-9d9b-6c23ac0a3ed9/build]   | [INFO] Downloading from central: https://repo.maven.apache.org/maven2/org/sonatype/forge/forge-parent/3/forge-parent-3.pom
[a881d69a-8547-4c91-9d9b-6c23ac0a3ed9/build]   | [INFO] Downloaded from central: https://repo.maven.apache.org/maven2/org/sonatype/forge/forge-parent/3/forge-parent-3.pom (5.0 kB at 48 kB/s)
[a881d69a-8547-4c91-9d9b-6c23ac0a3ed9/build]   | [INFO] Downloading from central: https://repo.maven.apache.org/maven2/org/codehaus/plexus/plexus-utils/1.5.8/plexus-utils-1.5.8.pom
[a881d69a-8547-4c91-9d9b-6c23ac0a3ed9/build]   | [INFO] Downloaded from central: https://repo.maven.apache.org/maven2/org/codehaus/plexus/plexus-utils/1.5.8/plexus-utils-1.5.8.pom (8.1 kB at 81 kB/s)
[a881d69a-8547-4c91-9d9b-6c23ac0a3ed9/build]   | [INFO] Downloading from central: https://repo.maven.apache.org/maven2/org/codehaus/plexus/plexus-interpolation/1.13/plexus-interpolation-1.13.pom
[a881d69a-8547-4c91-9d9b-6c23ac0a3ed9/build]   | [INFO] Downloaded from central: https://repo.maven.apache.org/maven2/org/codehaus/plexus/plexus-interpolation/1.13/plexus-interpolation-1.13.pom (890 B at 8.0 kB/s)
[a881d69a-8547-4c91-9d9b-6c23ac0a3ed9/build]   | [INFO] Downloading from central: https://repo.maven.apache.org/maven2/org/codehaus/plexus/plexus-components/1.1.15/plexus-components-1.1.15.pom
[a881d69a-8547-4c91-9d9b-6c23ac0a3ed9/build]   | [INFO] Downloaded from central: https://repo.maven.apache.org/maven2/org/codehaus/plexus/plexus-components/1.1.15/plexus-components-1.1.15.pom (2.8 kB at 25 kB/s)
[a881d69a-8547-4c91-9d9b-6c23ac0a3ed9/build]   | [INFO] Downloading from central: https://repo.maven.apache.org/maven2/org/codehaus/plexus/plexus/2.0.3/plexus-2.0.3.pom
[a881d69a-8547-4c91-9d9b-6c23ac0a3ed9/build]   | [INFO] Downloaded from central: https://repo.maven.apache.org/maven2/org/codehaus/plexus/plexus/2.0.3/plexus-2.0.3.pom (15 kB at 105 kB/s)
[a881d69a-8547-4c91-9d9b-6c23ac0a3ed9/build]   | [INFO] Downloading from central: https://repo.maven.apache.org/maven2/org/apache/maven/maven-project/2.0.6/maven-project-2.0.6.jar
[a881d69a-8547-4c91-9d9b-6c23ac0a3ed9/build]   | [INFO] Downloading from central: https://repo.maven.apache.org/maven2/org/apache/maven/maven-profile/2.0.6/maven-profile-2.0.6.jar
[a881d69a-8547-4c91-9d9b-6c23ac0a3ed9/build]   | [INFO] Downloading from central: https://repo.maven.apache.org/maven2/org/apache/maven/maven-artifact-manager/2.0.6/maven-artifact-manager-2.0.6.jar
[a881d69a-8547-4c91-9d9b-6c23ac0a3ed9/build]   | [INFO] Downloading from central: https://repo.maven.apache.org/maven2/org/apache/maven/maven-plugin-registry/2.0.6/maven-plugin-registry-2.0.6.jar
[a881d69a-8547-4c91-9d9b-6c23ac0a3ed9/build]   | [INFO] Downloading from central: https://repo.maven.apache.org/maven2/org/apache/maven/maven-core/2.0.6/maven-core-2.0.6.jar
[a881d69a-8547-4c91-9d9b-6c23ac0a3ed9/build]   | [INFO] Downloaded from central: https://repo.maven.apache.org/maven2/org/apache/maven/maven-project/2.0.6/maven-project-2.0.6.jar (116 kB at 731 kB/s)
[a881d69a-8547-4c91-9d9b-6c23ac0a3ed9/build]   | [INFO] Downloaded from central: https://repo.maven.apache.org/maven2/org/apache/maven/maven-plugin-registry/2.0.6/maven-plugin-registry-2.0.6.jar (29 kB at 183 kB/s)
[a881d69a-8547-4c91-9d9b-6c23ac0a3ed9/build]   | [INFO] Downloading from central: https://repo.maven.apache.org/maven2/org/apache/maven/maven-plugin-parameter-documenter/2.0.6/maven-plugin-parameter-documenter-2.0.6.jar
[a881d69a-8547-4c91-9d9b-6c23ac0a3ed9/build]   | [INFO] Downloaded from central: https://repo.maven.apache.org/maven2/org/apache/maven/maven-profile/2.0.6/maven-profile-2.0.6.jar (35 kB at 220 kB/s)
[a881d69a-8547-4c91-9d9b-6c23ac0a3ed9/build]   | [INFO] Downloading from central: https://repo.maven.apache.org/maven2/org/apache/maven/reporting/maven-reporting-api/2.0.6/maven-reporting-api-2.0.6.jar
[a881d69a-8547-4c91-9d9b-6c23ac0a3ed9/build]   | [INFO] Downloaded from central: https://repo.maven.apache.org/maven2/org/apache/maven/maven-artifact-manager/2.0.6/maven-artifact-manager-2.0.6.jar (57 kB at 355 kB/s)
[a881d69a-8547-4c91-9d9b-6c23ac0a3ed9/build]   | [INFO] Downloading from central: https://repo.maven.apache.org/maven2/org/apache/maven/doxia/doxia-sink-api/1.0-alpha-7/doxia-sink-api-1.0-alpha-7.jar
[a881d69a-8547-4c91-9d9b-6c23ac0a3ed9/build]   | [INFO] Downloading from central: https://repo.maven.apache.org/maven2/org/apache/maven/maven-repository-metadata/2.0.6/maven-repository-metadata-2.0.6.jar
[a881d69a-8547-4c91-9d9b-6c23ac0a3ed9/build]   | [INFO] Downloaded from central: https://repo.maven.apache.org/maven2/org/apache/maven/maven-core/2.0.6/maven-core-2.0.6.jar (152 kB at 919 kB/s)
[a881d69a-8547-4c91-9d9b-6c23ac0a3ed9/build]   | [INFO] Downloading from central: https://repo.maven.apache.org/maven2/org/apache/maven/maven-error-diagnostics/2.0.6/maven-error-diagnostics-2.0.6.jar
[a881d69a-8547-4c91-9d9b-6c23ac0a3ed9/build]   | [INFO] Downloaded from central: https://repo.maven.apache.org/maven2/org/apache/maven/reporting/maven-reporting-api/2.0.6/maven-reporting-api-2.0.6.jar (9.9 kB at 33 kB/s)
[a881d69a-8547-4c91-9d9b-6c23ac0a3ed9/build]   | [INFO] Downloading from central: https://repo.maven.apache.org/maven2/commons-cli/commons-cli/1.0/commons-cli-1.0.jar
[a881d69a-8547-4c91-9d9b-6c23ac0a3ed9/build]   | [INFO] Downloaded from central: https://repo.maven.apache.org/maven2/org/apache/maven/maven-repository-metadata/2.0.6/maven-repository-metadata-2.0.6.jar (24 kB at 79 kB/s)
[a881d69a-8547-4c91-9d9b-6c23ac0a3ed9/build]   | [INFO] Downloading from central: https://repo.maven.apache.org/maven2/org/apache/maven/maven-plugin-descriptor/2.0.6/maven-plugin-descriptor-2.0.6.jar
[a881d69a-8547-4c91-9d9b-6c23ac0a3ed9/build]   | [INFO] Downloaded from central: https://repo.maven.apache.org/maven2/org/apache/maven/doxia/doxia-sink-api/1.0-alpha-7/doxia-sink-api-1.0-alpha-7.jar (5.9 kB at 19 kB/s)
[a881d69a-8547-4c91-9d9b-6c23ac0a3ed9/build]   | [INFO] Downloading from central: https://repo.maven.apache.org/maven2/org/codehaus/plexus/plexus-interactivity-api/1.0-alpha-4/plexus-interactivity-api-1.0-alpha-4.jar
[a881d69a-8547-4c91-9d9b-6c23ac0a3ed9/build]   | [INFO] Downloaded from central: https://repo.maven.apache.org/maven2/org/apache/maven/maven-plugin-parameter-documenter/2.0.6/maven-plugin-parameter-documenter-2.0.6.jar (21 kB at 65 kB/s)
[a881d69a-8547-4c91-9d9b-6c23ac0a3ed9/build]   | [INFO] Downloaded from central: https://repo.maven.apache.org/maven2/org/apache/maven/maven-error-diagnostics/2.0.6/maven-error-diagnostics-2.0.6.jar (14 kB at 43 kB/s)
[a881d69a-8547-4c91-9d9b-6c23ac0a3ed9/build]   | [INFO] Downloading from central: https://repo.maven.apache.org/maven2/classworlds/classworlds/1.1/classworlds-1.1.jar
[a881d69a-8547-4c91-9d9b-6c23ac0a3ed9/build]   | [INFO] Downloading from central: https://repo.maven.apache.org/maven2/org/apache/maven/maven-artifact/2.0.6/maven-artifact-2.0.6.jar
[a881d69a-8547-4c91-9d9b-6c23ac0a3ed9/build]   | [INFO] Downloaded from central: https://repo.maven.apache.org/maven2/commons-cli/commons-cli/1.0/commons-cli-1.0.jar (30 kB at 66 kB/s)
[a881d69a-8547-4c91-9d9b-6c23ac0a3ed9/build]   | [INFO] Downloading from central: https://repo.maven.apache.org/maven2/org/apache/maven/maven-settings/2.0.6/maven-settings-2.0.6.jar
[a881d69a-8547-4c91-9d9b-6c23ac0a3ed9/build]   | [INFO] Downloaded from central: https://repo.maven.apache.org/maven2/org/apache/maven/maven-plugin-descriptor/2.0.6/maven-plugin-descriptor-2.0.6.jar (37 kB at 79 kB/s)
[a881d69a-8547-4c91-9d9b-6c23ac0a3ed9/build]   | [INFO] Downloading from central: https://repo.maven.apache.org/maven2/org/apache/maven/maven-model/2.0.6/maven-model-2.0.6.jar
[a881d69a-8547-4c91-9d9b-6c23ac0a3ed9/build]   | [INFO] Downloaded from central: https://repo.maven.apache.org/maven2/classworlds/classworlds/1.1/classworlds-1.1.jar (38 kB at 80 kB/s)
[a881d69a-8547-4c91-9d9b-6c23ac0a3ed9/build]   | [INFO] Downloading from central: https://repo.maven.apache.org/maven2/org/apache/maven/maven-monitor/2.0.6/maven-monitor-2.0.6.jar
[a881d69a-8547-4c91-9d9b-6c23ac0a3ed9/build]   | [INFO] Downloaded from central: https://repo.maven.apache.org/maven2/org/apache/maven/maven-artifact/2.0.6/maven-artifact-2.0.6.jar (87 kB at 184 kB/s)
[a881d69a-8547-4c91-9d9b-6c23ac0a3ed9/build]   | [INFO] Downloading from central: https://repo.maven.apache.org/maven2/org/codehaus/plexus/plexus-container-default/1.0-alpha-9-stable-1/plexus-container-default-1.0-alpha-9-stable-1.jar
[a881d69a-8547-4c91-9d9b-6c23ac0a3ed9/build]   | [INFO] Downloaded from central: https://repo.maven.apache.org/maven2/org/codehaus/plexus/plexus-interactivity-api/1.0-alpha-4/plexus-interactivity-api-1.0-alpha-4.jar (13 kB at 28 kB/s)
[a881d69a-8547-4c91-9d9b-6c23ac0a3ed9/build]   | [INFO] Downloading from central: https://repo.maven.apache.org/maven2/junit/junit/3.8.1/junit-3.8.1.jar
[a881d69a-8547-4c91-9d9b-6c23ac0a3ed9/build]   | [INFO] Downloaded from central: https://repo.maven.apache.org/maven2/org/apache/maven/maven-settings/2.0.6/maven-settings-2.0.6.jar (49 kB at 86 kB/s)
[a881d69a-8547-4c91-9d9b-6c23ac0a3ed9/build]   | [INFO] Downloading from central: https://repo.maven.apache.org/maven2/org/codehaus/plexus/plexus-utils/2.0.5/plexus-utils-2.0.5.jar
[a881d69a-8547-4c91-9d9b-6c23ac0a3ed9/build]   | [INFO] Downloaded from central: https://repo.maven.apache.org/maven2/org/apache/maven/maven-model/2.0.6/maven-model-2.0.6.jar (86 kB at 146 kB/s)
[a881d69a-8547-4c91-9d9b-6c23ac0a3ed9/build]   | [INFO] Downloading from central: https://repo.maven.apache.org/maven2/org/apache/maven/shared/maven-filtering/1.1/maven-filtering-1.1.jar
[a881d69a-8547-4c91-9d9b-6c23ac0a3ed9/build]   | [INFO] Downloaded from central: https://repo.maven.apache.org/maven2/org/apache/maven/maven-monitor/2.0.6/maven-monitor-2.0.6.jar (10 kB at 17 kB/s)
[a881d69a-8547-4c91-9d9b-6c23ac0a3ed9/build]   | [INFO] Downloading from central: https://repo.maven.apache.org/maven2/org/sonatype/plexus/plexus-build-api/0.0.4/plexus-build-api-0.0.4.jar
[a881d69a-8547-4c91-9d9b-6c23ac0a3ed9/build]   | [INFO] Downloaded from central: https://repo.maven.apache.org/maven2/junit/junit/3.8.1/junit-3.8.1.jar (121 kB at 200 kB/s)
[a881d69a-8547-4c91-9d9b-6c23ac0a3ed9/build]   | [INFO] Downloading from central: https://repo.maven.apache.org/maven2/org/codehaus/plexus/plexus-interpolation/1.13/plexus-interpolation-1.13.jar
[a881d69a-8547-4c91-9d9b-6c23ac0a3ed9/build]   | [INFO] Downloaded from central: https://repo.maven.apache.org/maven2/org/codehaus/plexus/plexus-container-default/1.0-alpha-9-stable-1/plexus-container-default-1.0-alpha-9-stable-1.jar (194 kB at 319 kB/s)
[a881d69a-8547-4c91-9d9b-6c23ac0a3ed9/build]   | [INFO] Downloaded from central: https://repo.maven.apache.org/maven2/org/codehaus/plexus/plexus-utils/2.0.5/plexus-utils-2.0.5.jar (223 kB at 323 kB/s)
[a881d69a-8547-4c91-9d9b-6c23ac0a3ed9/build]   | [INFO] Downloaded from central: https://repo.maven.apache.org/maven2/org/apache/maven/shared/maven-filtering/1.1/maven-filtering-1.1.jar (43 kB at 61 kB/s)
[a881d69a-8547-4c91-9d9b-6c23ac0a3ed9/build]   | [INFO] Downloaded from central: https://repo.maven.apache.org/maven2/org/sonatype/plexus/plexus-build-api/0.0.4/plexus-build-api-0.0.4.jar (6.8 kB at 9.3 kB/s)
[a881d69a-8547-4c91-9d9b-6c23ac0a3ed9/build]   | [INFO] Downloaded from central: https://repo.maven.apache.org/maven2/org/codehaus/plexus/plexus-interpolation/1.13/plexus-interpolation-1.13.jar (61 kB at 83 kB/s)
[a881d69a-8547-4c91-9d9b-6c23ac0a3ed9/build]   | [INFO] Using 'UTF-8' encoding to copy filtered resources.
[a881d69a-8547-4c91-9d9b-6c23ac0a3ed9/build]   | [INFO] skip non existing resourceDirectory /tmp/2fee7f4f-9072-4780-9d9d-7491fcf5e56b/src/main/resources
[a881d69a-8547-4c91-9d9b-6c23ac0a3ed9/build]   | [INFO] 
[a881d69a-8547-4c91-9d9b-6c23ac0a3ed9/build]   | [INFO] --- maven-compiler-plugin:3.11.0:compile (default-compile) @ configme ---
[a881d69a-8547-4c91-9d9b-6c23ac0a3ed9/build]   | [INFO] Downloading from central: https://repo.maven.apache.org/maven2/org/apache/maven/shared/maven-shared-utils/3.3.4/maven-shared-utils-3.3.4.pom
[a881d69a-8547-4c91-9d9b-6c23ac0a3ed9/build]   | [INFO] Downloaded from central: https://repo.maven.apache.org/maven2/org/apache/maven/shared/maven-shared-utils/3.3.4/maven-shared-utils-3.3.4.pom (5.8 kB at 44 kB/s)
[a881d69a-8547-4c91-9d9b-6c23ac0a3ed9/build]   | [INFO] Downloading from central: https://repo.maven.apache.org/maven2/org/apache/maven/shared/maven-shared-components/34/maven-shared-components-34.pom
[a881d69a-8547-4c91-9d9b-6c23ac0a3ed9/build]   | [INFO] Downloaded from central: https://repo.maven.apache.org/maven2/org/apache/maven/shared/maven-shared-components/34/maven-shared-components-34.pom (5.1 kB at 57 kB/s)
[a881d69a-8547-4c91-9d9b-6c23ac0a3ed9/build]   | [INFO] Downloading from central: https://repo.maven.apache.org/maven2/org/apache/maven/maven-parent/34/maven-parent-34.pom
[a881d69a-8547-4c91-9d9b-6c23ac0a3ed9/build]   | [INFO] Downloaded from central: https://repo.maven.apache.org/maven2/org/apache/maven/maven-parent/34/maven-parent-34.pom (43 kB at 516 kB/s)
[a881d69a-8547-4c91-9d9b-6c23ac0a3ed9/build]   | [INFO] Downloading from central: https://repo.maven.apache.org/maven2/org/apache/apache/23/apache-23.pom
[a881d69a-8547-4c91-9d9b-6c23ac0a3ed9/build]   | [INFO] Downloaded from central: https://repo.maven.apache.org/maven2/org/apache/apache/23/apache-23.pom (18 kB at 172 kB/s)
[a881d69a-8547-4c91-9d9b-6c23ac0a3ed9/build]   | [INFO] Downloading from central: https://repo.maven.apache.org/maven2/commons-io/commons-io/2.6/commons-io-2.6.pom
[a881d69a-8547-4c91-9d9b-6c23ac0a3ed9/build]   | [INFO] Downloaded from central: https://repo.maven.apache.org/maven2/commons-io/commons-io/2.6/commons-io-2.6.pom (14 kB at 150 kB/s)
[a881d69a-8547-4c91-9d9b-6c23ac0a3ed9/build]   | [INFO] Downloading from central: https://repo.maven.apache.org/maven2/org/apache/commons/commons-parent/42/commons-parent-42.pom
[a881d69a-8547-4c91-9d9b-6c23ac0a3ed9/build]   | [INFO] Downloaded from central: https://repo.maven.apache.org/maven2/org/apache/commons/commons-parent/42/commons-parent-42.pom (68 kB at 653 kB/s)
[a881d69a-8547-4c91-9d9b-6c23ac0a3ed9/build]   | [INFO] Downloading from central: https://repo.maven.apache.org/maven2/org/apache/apache/18/apache-18.pom
[a881d69a-8547-4c91-9d9b-6c23ac0a3ed9/build]   | [INFO] Downloaded from central: https://repo.maven.apache.org/maven2/org/apache/apache/18/apache-18.pom (16 kB at 203 kB/s)
[a881d69a-8547-4c91-9d9b-6c23ac0a3ed9/build]   | [INFO] Downloading from central: https://repo.maven.apache.org/maven2/org/apache/maven/shared/maven-shared-incremental/1.1/maven-shared-incremental-1.1.pom
[a881d69a-8547-4c91-9d9b-6c23ac0a3ed9/build]   | [INFO] Downloaded from central: https://repo.maven.apache.org/maven2/org/apache/maven/shared/maven-shared-incremental/1.1/maven-shared-incremental-1.1.pom (4.7 kB at 46 kB/s)
[a881d69a-8547-4c91-9d9b-6c23ac0a3ed9/build]   | [INFO] Downloading from central: https://repo.maven.apache.org/maven2/org/apache/maven/shared/maven-shared-components/19/maven-shared-components-19.pom
[a881d69a-8547-4c91-9d9b-6c23ac0a3ed9/build]   | [INFO] Downloaded from central: https://repo.maven.apache.org/maven2/org/apache/maven/shared/maven-shared-components/19/maven-shared-components-19.pom (6.4 kB at 65 kB/s)
[a881d69a-8547-4c91-9d9b-6c23ac0a3ed9/build]   | [INFO] Downloading from central: https://repo.maven.apache.org/maven2/org/apache/maven/maven-parent/23/maven-parent-23.pom
[a881d69a-8547-4c91-9d9b-6c23ac0a3ed9/build]   | [INFO] Downloaded from central: https://repo.maven.apache.org/maven2/org/apache/maven/maven-parent/23/maven-parent-23.pom (33 kB at 350 kB/s)
[a881d69a-8547-4c91-9d9b-6c23ac0a3ed9/build]   | [INFO] Downloading from central: https://repo.maven.apache.org/maven2/org/apache/apache/13/apache-13.pom
[a881d69a-8547-4c91-9d9b-6c23ac0a3ed9/build]   | [INFO] Downloaded from central: https://repo.maven.apache.org/maven2/org/apache/apache/13/apache-13.pom (14 kB at 147 kB/s)
[a881d69a-8547-4c91-9d9b-6c23ac0a3ed9/build]   | [INFO] Downloading from central: https://repo.maven.apache.org/maven2/org/codehaus/plexus/plexus-component-annotations/1.5.5/plexus-component-annotations-1.5.5.pom
[a881d69a-8547-4c91-9d9b-6c23ac0a3ed9/build]   | [INFO] Downloaded from central: https://repo.maven.apache.org/maven2/org/codehaus/plexus/plexus-component-annotations/1.5.5/plexus-component-annotations-1.5.5.pom (815 B at 7.1 kB/s)
[a881d69a-8547-4c91-9d9b-6c23ac0a3ed9/build]   | [INFO] Downloading from central: https://repo.maven.apache.org/maven2/org/codehaus/plexus/plexus-containers/1.5.5/plexus-containers-1.5.5.pom
[a881d69a-8547-4c91-9d9b-6c23ac0a3ed9/build]   | [INFO] Downloaded from central: https://repo.maven.apache.org/maven2/org/codehaus/plexus/plexus-containers/1.5.5/plexus-containers-1.5.5.pom (4.2 kB at 34 kB/s)
[a881d69a-8547-4c91-9d9b-6c23ac0a3ed9/build]   | [INFO] Downloading from central: https://repo.maven.apache.org/maven2/org/codehaus/plexus/plexus/2.0.7/plexus-2.0.7.pom
[a881d69a-8547-4c91-9d9b-6c23ac0a3ed9/build]   | [INFO] Downloaded from central: https://repo.maven.apache.org/maven2/org/codehaus/plexus/plexus/2.0.7/plexus-2.0.7.pom (17 kB at 95 kB/s)
[a881d69a-8547-4c91-9d9b-6c23ac0a3ed9/build]   | [INFO] Downloading from central: https://repo.maven.apache.org/maven2/org/codehaus/plexus/plexus-java/1.1.2/plexus-java-1.1.2.pom
[a881d69a-8547-4c91-9d9b-6c23ac0a3ed9/build]   | [INFO] Downloaded from central: https://repo.maven.apache.org/maven2/org/codehaus/plexus/plexus-java/1.1.2/plexus-java-1.1.2.pom (5.0 kB at 20 kB/s)
[a881d69a-8547-4c91-9d9b-6c23ac0a3ed9/build]   | [INFO] Downloading from central: https://repo.maven.apache.org/maven2/org/codehaus/plexus/plexus-languages/1.1.2/plexus-languages-1.1.2.pom
[a881d69a-8547-4c91-9d9b-6c23ac0a3ed9/build]   | [INFO] Downloaded from central: https://repo.maven.apache.org/maven2/org/codehaus/plexus/plexus-languages/1.1.2/plexus-languages-1.1.2.pom (4.1 kB at 12 kB/s)
[a881d69a-8547-4c91-9d9b-6c23ac0a3ed9/build]   | [INFO] Downloading from central: https://repo.maven.apache.org/maven2/org/codehaus/plexus/plexus/10/plexus-10.pom
[a881d69a-8547-4c91-9d9b-6c23ac0a3ed9/build]   | [INFO] Downloaded from central: https://repo.maven.apache.org/maven2/org/codehaus/plexus/plexus/10/plexus-10.pom (25 kB at 74 kB/s)
[a881d69a-8547-4c91-9d9b-6c23ac0a3ed9/build]   | [INFO] Downloading from central: https://repo.maven.apache.org/maven2/org/ow2/asm/asm/9.4/asm-9.4.pom
[a881d69a-8547-4c91-9d9b-6c23ac0a3ed9/build]   | [INFO] Downloaded from central: https://repo.maven.apache.org/maven2/org/ow2/asm/asm/9.4/asm-9.4.pom (2.4 kB at 7.9 kB/s)
[a881d69a-8547-4c91-9d9b-6c23ac0a3ed9/build]   | [INFO] Downloading from central: https://repo.maven.apache.org/maven2/com/thoughtworks/qdox/qdox/2.0.3/qdox-2.0.3.pom
[a881d69a-8547-4c91-9d9b-6c23ac0a3ed9/build]   | [INFO] Downloaded from central: https://repo.maven.apache.org/maven2/com/thoughtworks/qdox/qdox/2.0.3/qdox-2.0.3.pom (17 kB at 21 kB/s)
[a881d69a-8547-4c91-9d9b-6c23ac0a3ed9/build]   | [INFO] Downloading from central: https://repo.maven.apache.org/maven2/org/sonatype/oss/oss-parent/9/oss-parent-9.pom
[a881d69a-8547-4c91-9d9b-6c23ac0a3ed9/build]   | [INFO] Downloaded from central: https://repo.maven.apache.org/maven2/org/sonatype/oss/oss-parent/9/oss-parent-9.pom (6.6 kB at 17 kB/s)
[a881d69a-8547-4c91-9d9b-6c23ac0a3ed9/build]   | [INFO] Downloading from central: https://repo.maven.apache.org/maven2/org/codehaus/plexus/plexus-compiler-api/2.13.0/plexus-compiler-api-2.13.0.pom
[a881d69a-8547-4c91-9d9b-6c23ac0a3ed9/build]   | [INFO] Downloaded from central: https://repo.maven.apache.org/maven2/org/codehaus/plexus/plexus-compiler-api/2.13.0/plexus-compiler-api-2.13.0.pom (1.1 kB at 3.3 kB/s)
[a881d69a-8547-4c91-9d9b-6c23ac0a3ed9/build]   | [INFO] Downloading from central: https://repo.maven.apache.org/maven2/org/codehaus/plexus/plexus-compiler/2.13.0/plexus-compiler-2.13.0.pom
[a881d69a-8547-4c91-9d9b-6c23ac0a3ed9/build]   | [INFO] Downloaded from central: https://repo.maven.apache.org/maven2/org/codehaus/plexus/plexus-compiler/2.13.0/plexus-compiler-2.13.0.pom (8.4 kB at 28 kB/s)
[a881d69a-8547-4c91-9d9b-6c23ac0a3ed9/build]   | [INFO] Downloading from central: https://repo.maven.apache.org/maven2/org/codehaus/plexus/plexus-components/10.0/plexus-components-10.0.pom
[a881d69a-8547-4c91-9d9b-6c23ac0a3ed9/build]   | [INFO] Downloaded from central: https://repo.maven.apache.org/maven2/org/codehaus/plexus/plexus-components/10.0/plexus-components-10.0.pom (2.7 kB at 14 kB/s)
[a881d69a-8547-4c91-9d9b-6c23ac0a3ed9/build]   | [INFO] Downloading from central: https://repo.maven.apache.org/maven2/org/codehaus/plexus/plexus-utils/3.5.0/plexus-utils-3.5.0.pom
[a881d69a-8547-4c91-9d9b-6c23ac0a3ed9/build]   | [INFO] Downloaded from central: https://repo.maven.apache.org/maven2/org/codehaus/plexus/plexus-utils/3.5.0/plexus-utils-3.5.0.pom (8.0 kB at 26 kB/s)
[a881d69a-8547-4c91-9d9b-6c23ac0a3ed9/build]   | [INFO] Downloading from central: https://repo.maven.apache.org/maven2/org/codehaus/plexus/plexus-compiler-manager/2.13.0/plexus-compiler-manager-2.13.0.pom
[a881d69a-8547-4c91-9d9b-6c23ac0a3ed9/build]   | [INFO] Downloaded from central: https://repo.maven.apache.org/maven2/org/codehaus/plexus/plexus-compiler-manager/2.13.0/plexus-compiler-manager-2.13.0.pom (1.1 kB at 4.1 kB/s)
[a881d69a-8547-4c91-9d9b-6c23ac0a3ed9/build]   | [INFO] Downloading from central: https://repo.maven.apache.org/maven2/org/codehaus/plexus/plexus-component-annotations/2.1.1/plexus-component-annotations-2.1.1.pom
[a881d69a-8547-4c91-9d9b-6c23ac0a3ed9/build]   | [INFO] Downloaded from central: https://repo.maven.apache.org/maven2/org/codehaus/plexus/plexus-component-annotations/2.1.1/plexus-component-annotations-2.1.1.pom (770 B at 3.2 kB/s)
[a881d69a-8547-4c91-9d9b-6c23ac0a3ed9/build]   | [INFO] Downloading from central: https://repo.maven.apache.org/maven2/org/codehaus/plexus/plexus-containers/2.1.1/plexus-containers-2.1.1.pom
[a881d69a-8547-4c91-9d9b-6c23ac0a3ed9/build]   | [INFO] Downloaded from central: https://repo.maven.apache.org/maven2/org/codehaus/plexus/plexus-containers/2.1.1/plexus-containers-2.1.1.pom (6.0 kB at 30 kB/s)
[a881d69a-8547-4c91-9d9b-6c23ac0a3ed9/build]   | [INFO] Downloading from central: https://repo.maven.apache.org/maven2/org/codehaus/plexus/plexus/6.5/plexus-6.5.pom
[a881d69a-8547-4c91-9d9b-6c23ac0a3ed9/build]   | [INFO] Downloaded from central: https://repo.maven.apache.org/maven2/org/codehaus/plexus/plexus/6.5/plexus-6.5.pom (26 kB at 181 kB/s)
[a881d69a-8547-4c91-9d9b-6c23ac0a3ed9/build]   | [INFO] Downloading from central: https://repo.maven.apache.org/maven2/org/codehaus/plexus/plexus-compiler-javac/2.13.0/plexus-compiler-javac-2.13.0.pom
[a881d69a-8547-4c91-9d9b-6c23ac0a3ed9/build]   | [INFO] Downloaded from central: https://repo.maven.apache.org/maven2/org/codehaus/plexus/plexus-compiler-javac/2.13.0/plexus-compiler-javac-2.13.0.pom (1.2 kB at 9.5 kB/s)
[a881d69a-8547-4c91-9d9b-6c23ac0a3ed9/build]   | [INFO] Downloading from central: https://repo.maven.apache.org/maven2/org/codehaus/plexus/plexus-compilers/2.13.0/plexus-compilers-2.13.0.pom
[a881d69a-8547-4c91-9d9b-6c23ac0a3ed9/build]   | [INFO] Downloaded from central: https://repo.maven.apache.org/maven2/org/codehaus/plexus/plexus-compilers/2.13.0/plexus-compilers-2.13.0.pom (1.3 kB at 9.1 kB/s)
[a881d69a-8547-4c91-9d9b-6c23ac0a3ed9/build]   | [INFO] Downloading from central: https://repo.maven.apache.org/maven2/org/apache/maven/shared/maven-shared-utils/3.3.4/maven-shared-utils-3.3.4.jar
[a881d69a-8547-4c91-9d9b-6c23ac0a3ed9/build]   | [INFO] Downloading from central: https://repo.maven.apache.org/maven2/commons-io/commons-io/2.6/commons-io-2.6.jar
[a881d69a-8547-4c91-9d9b-6c23ac0a3ed9/build]   | [INFO] Downloading from central: https://repo.maven.apache.org/maven2/org/apache/maven/shared/maven-shared-incremental/1.1/maven-shared-incremental-1.1.jar
[a881d69a-8547-4c91-9d9b-6c23ac0a3ed9/build]   | [INFO] Downloading from central: https://repo.maven.apache.org/maven2/org/codehaus/plexus/plexus-component-annotations/1.5.5/plexus-component-annotations-1.5.5.jar
[a881d69a-8547-4c91-9d9b-6c23ac0a3ed9/build]   | [INFO] Downloading from central: https://repo.maven.apache.org/maven2/org/codehaus/plexus/plexus-java/1.1.2/plexus-java-1.1.2.jar
[a881d69a-8547-4c91-9d9b-6c23ac0a3ed9/build]   | [INFO] Downloaded from central: https://repo.maven.apache.org/maven2/org/codehaus/plexus/plexus-component-annotations/1.5.5/plexus-component-annotations-1.5.5.jar (4.2 kB at 36 kB/s)
[a881d69a-8547-4c91-9d9b-6c23ac0a3ed9/build]   | [INFO] Downloading from central: https://repo.maven.apache.org/maven2/org/ow2/asm/asm/9.4/asm-9.4.jar
[a881d69a-8547-4c91-9d9b-6c23ac0a3ed9/build]   | [INFO] Downloaded from central: https://repo.maven.apache.org/maven2/org/apache/maven/shared/maven-shared-incremental/1.1/maven-shared-incremental-1.1.jar (14 kB at 113 kB/s)
[a881d69a-8547-4c91-9d9b-6c23ac0a3ed9/build]   | [INFO] Downloading from central: https://repo.maven.apache.org/maven2/com/thoughtworks/qdox/qdox/2.0.3/qdox-2.0.3.jar
[a881d69a-8547-4c91-9d9b-6c23ac0a3ed9/build]   | [INFO] Downloaded from central: https://repo.maven.apache.org/maven2/org/codehaus/plexus/plexus-java/1.1.2/plexus-java-1.1.2.jar (55 kB at 448 kB/s)
[a881d69a-8547-4c91-9d9b-6c23ac0a3ed9/build]   | [INFO] Downloading from central: https://repo.maven.apache.org/maven2/org/codehaus/plexus/plexus-compiler-api/2.13.0/plexus-compiler-api-2.13.0.jar
[a881d69a-8547-4c91-9d9b-6c23ac0a3ed9/build]   | [INFO] Downloaded from central: https://repo.maven.apache.org/maven2/org/apache/maven/shared/maven-shared-utils/3.3.4/maven-shared-utils-3.3.4.jar (153 kB at 1.2 MB/s)
[a881d69a-8547-4c91-9d9b-6c23ac0a3ed9/build]   | [INFO] Downloading from central: https://repo.maven.apache.org/maven2/org/codehaus/plexus/plexus-utils/3.5.0/plexus-utils-3.5.0.jar
[a881d69a-8547-4c91-9d9b-6c23ac0a3ed9/build]   | [INFO] Downloaded from central: https://repo.maven.apache.org/maven2/commons-io/commons-io/2.6/commons-io-2.6.jar (215 kB at 1.7 MB/s)
[a881d69a-8547-4c91-9d9b-6c23ac0a3ed9/build]   | [INFO] Downloading from central: https://repo.maven.apache.org/maven2/org/codehaus/plexus/plexus-compiler-manager/2.13.0/plexus-compiler-manager-2.13.0.jar
[a881d69a-8547-4c91-9d9b-6c23ac0a3ed9/build]   | [INFO] Downloaded from central: https://repo.maven.apache.org/maven2/org/ow2/asm/asm/9.4/asm-9.4.jar (122 kB at 554 kB/s)
[a881d69a-8547-4c91-9d9b-6c23ac0a3ed9/build]   | [INFO] Downloading from central: https://repo.maven.apache.org/maven2/org/codehaus/plexus/plexus-compiler-javac/2.13.0/plexus-compiler-javac-2.13.0.jar
[a881d69a-8547-4c91-9d9b-6c23ac0a3ed9/build]   | [INFO] Downloaded from central: https://repo.maven.apache.org/maven2/org/codehaus/plexus/plexus-compiler-api/2.13.0/plexus-compiler-api-2.13.0.jar (27 kB at 118 kB/s)
[a881d69a-8547-4c91-9d9b-6c23ac0a3ed9/build]   | [INFO] Downloaded from central: https://repo.maven.apache.org/maven2/org/codehaus/plexus/plexus-compiler-manager/2.13.0/plexus-compiler-manager-2.13.0.jar (4.7 kB at 19 kB/s)
[a881d69a-8547-4c91-9d9b-6c23ac0a3ed9/build]   | [INFO] Downloaded from central: https://repo.maven.apache.org/maven2/com/thoughtworks/qdox/qdox/2.0.3/qdox-2.0.3.jar (334 kB at 1.4 MB/s)
[a881d69a-8547-4c91-9d9b-6c23ac0a3ed9/build]   | [INFO] Downloaded from central: https://repo.maven.apache.org/maven2/org/codehaus/plexus/plexus-utils/3.5.0/plexus-utils-3.5.0.jar (267 kB at 1.0 MB/s)
[a881d69a-8547-4c91-9d9b-6c23ac0a3ed9/build]   | [INFO] Downloaded from central: https://repo.maven.apache.org/maven2/org/codehaus/plexus/plexus-compiler-javac/2.13.0/plexus-compiler-javac-2.13.0.jar (23 kB at 64 kB/s)
[a881d69a-8547-4c91-9d9b-6c23ac0a3ed9/build]   | [INFO] Changes detected - recompiling the module! :dependency
[a881d69a-8547-4c91-9d9b-6c23ac0a3ed9/build]   | [INFO] Compiling 86 source files with javac [debug target 1.8] to target/classes
[a881d69a-8547-4c91-9d9b-6c23ac0a3ed9/build]   | [WARNING] bootstrap class path not set in conjunction with -source 8
[a881d69a-8547-4c91-9d9b-6c23ac0a3ed9/build]   | [INFO] /tmp/2fee7f4f-9072-4780-9d9d-7491fcf5e56b/src/main/java/ch/jalu/configme/resource/MapNormalizer.java: Some input files use unchecked or unsafe operations.
[a881d69a-8547-4c91-9d9b-6c23ac0a3ed9/build]   | [INFO] /tmp/2fee7f4f-9072-4780-9d9d-7491fcf5e56b/src/main/java/ch/jalu/configme/resource/MapNormalizer.java: Recompile with -Xlint:unchecked for details.
[a881d69a-8547-4c91-9d9b-6c23ac0a3ed9/build]   | [INFO] 
[a881d69a-8547-4c91-9d9b-6c23ac0a3ed9/build]   | [INFO] --- maven-resources-plugin:2.6:testResources (default-testResources) @ configme ---
[a881d69a-8547-4c91-9d9b-6c23ac0a3ed9/build]   | [INFO] Using 'UTF-8' encoding to copy filtered resources.
[a881d69a-8547-4c91-9d9b-6c23ac0a3ed9/build]   | [INFO] Copying 23 resources
[a881d69a-8547-4c91-9d9b-6c23ac0a3ed9/build]   | [INFO] 
[a881d69a-8547-4c91-9d9b-6c23ac0a3ed9/build]   | [INFO] --- maven-compiler-plugin:3.11.0:testCompile (default-testCompile) @ configme ---
[a881d69a-8547-4c91-9d9b-6c23ac0a3ed9/build]   | [INFO] Changes detected - recompiling the module! :dependency
[a881d69a-8547-4c91-9d9b-6c23ac0a3ed9/build]   | [INFO] Compiling 130 source files with javac [debug target 1.8] to target/test-classes
[a881d69a-8547-4c91-9d9b-6c23ac0a3ed9/build]   | [WARNING] bootstrap class path not set in conjunction with -source 8
[a881d69a-8547-4c91-9d9b-6c23ac0a3ed9/build]   | [INFO] /tmp/2fee7f4f-9072-4780-9d9d-7491fcf5e56b/src/test/java/ch/jalu/configme/beanmapper/propertydescription/BeanPropertyDescriptionImplTest.java: Some input files use or override a deprecated API.
[a881d69a-8547-4c91-9d9b-6c23ac0a3ed9/build]   | [INFO] /tmp/2fee7f4f-9072-4780-9d9d-7491fcf5e56b/src/test/java/ch/jalu/configme/beanmapper/propertydescription/BeanPropertyDescriptionImplTest.java: Recompile with -Xlint:deprecation for details.
[a881d69a-8547-4c91-9d9b-6c23ac0a3ed9/build]   | [INFO] /tmp/2fee7f4f-9072-4780-9d9d-7491fcf5e56b/src/test/java/ch/jalu/configme/properties/inlinearray/StandardInlineArrayConvertersTest.java: Some input files use unchecked or unsafe operations.
[a881d69a-8547-4c91-9d9b-6c23ac0a3ed9/build]   | [INFO] /tmp/2fee7f4f-9072-4780-9d9d-7491fcf5e56b/src/test/java/ch/jalu/configme/properties/inlinearray/StandardInlineArrayConvertersTest.java: Recompile with -Xlint:unchecked for details.
[a881d69a-8547-4c91-9d9b-6c23ac0a3ed9/build]   | [INFO] 
[a881d69a-8547-4c91-9d9b-6c23ac0a3ed9/build]   | [INFO] --- maven-surefire-plugin:3.1.2:test (default-test) @ configme ---
[a881d69a-8547-4c91-9d9b-6c23ac0a3ed9/build]   | [INFO] Downloading from central: https://repo.maven.apache.org/maven2/org/apache/maven/surefire/maven-surefire-common/3.1.2/maven-surefire-common-3.1.2.pom
[a881d69a-8547-4c91-9d9b-6c23ac0a3ed9/build]   | [INFO] Downloaded from central: https://repo.maven.apache.org/maven2/org/apache/maven/surefire/maven-surefire-common/3.1.2/maven-surefire-common-3.1.2.pom (6.1 kB at 43 kB/s)
[a881d69a-8547-4c91-9d9b-6c23ac0a3ed9/build]   | [INFO] Downloading from central: https://repo.maven.apache.org/maven2/org/apache/maven/surefire/surefire-api/3.1.2/surefire-api-3.1.2.pom
[a881d69a-8547-4c91-9d9b-6c23ac0a3ed9/build]   | [INFO] Downloaded from central: https://repo.maven.apache.org/maven2/org/apache/maven/surefire/surefire-api/3.1.2/surefire-api-3.1.2.pom (3.5 kB at 11 kB/s)
[a881d69a-8547-4c91-9d9b-6c23ac0a3ed9/build]   | [INFO] Downloading from central: https://repo.maven.apache.org/maven2/org/apache/maven/surefire/surefire-logger-api/3.1.2/surefire-logger-api-3.1.2.pom
[a881d69a-8547-4c91-9d9b-6c23ac0a3ed9/build]   | [INFO] Downloaded from central: https://repo.maven.apache.org/maven2/org/apache/maven/surefire/surefire-logger-api/3.1.2/surefire-logger-api-3.1.2.pom (3.3 kB at 21 kB/s)
[a881d69a-8547-4c91-9d9b-6c23ac0a3ed9/build]   | [INFO] Downloading from central: https://repo.maven.apache.org/maven2/org/apache/maven/surefire/surefire-shared-utils/3.1.2/surefire-shared-utils-3.1.2.pom
[a881d69a-8547-4c91-9d9b-6c23ac0a3ed9/build]   | [INFO] Downloaded from central: https://repo.maven.apache.org/maven2/org/apache/maven/surefire/surefire-shared-utils/3.1.2/surefire-shared-utils-3.1.2.pom (4.1 kB at 29 kB/s)
[a881d69a-8547-4c91-9d9b-6c23ac0a3ed9/build]   | [INFO] Downloading from central: https://repo.maven.apache.org/maven2/org/apache/maven/surefire/surefire-extensions-api/3.1.2/surefire-extensions-api-3.1.2.pom
[a881d69a-8547-4c91-9d9b-6c23ac0a3ed9/build]   | [INFO] Downloaded from central: https://repo.maven.apache.org/maven2/org/apache/maven/surefire/surefire-extensions-api/3.1.2/surefire-extensions-api-3.1.2.pom (3.3 kB at 22 kB/s)
[a881d69a-8547-4c91-9d9b-6c23ac0a3ed9/build]   | [INFO] Downloading from central: https://repo.maven.apache.org/maven2/org/apache/maven/surefire/surefire-booter/3.1.2/surefire-booter-3.1.2.pom
[a881d69a-8547-4c91-9d9b-6c23ac0a3ed9/build]   | [INFO] Downloaded from central: https://repo.maven.apache.org/maven2/org/apache/maven/surefire/surefire-booter/3.1.2/surefire-booter-3.1.2.pom (4.5 kB at 42 kB/s)
[a881d69a-8547-4c91-9d9b-6c23ac0a3ed9/build]   | [INFO] Downloading from central: https://repo.maven.apache.org/maven2/org/apache/maven/surefire/surefire-extensions-spi/3.1.2/surefire-extensions-spi-3.1.2.pom
[a881d69a-8547-4c91-9d9b-6c23ac0a3ed9/build]   | [INFO] Downloaded from central: https://repo.maven.apache.org/maven2/org/apache/maven/surefire/surefire-extensions-spi/3.1.2/surefire-extensions-spi-3.1.2.pom (1.8 kB at 13 kB/s)
[a881d69a-8547-4c91-9d9b-6c23ac0a3ed9/build]   | [INFO] Downloading from central: https://repo.maven.apache.org/maven2/org/eclipse/aether/aether-util/1.0.0.v20140518/aether-util-1.0.0.v20140518.pom
[a881d69a-8547-4c91-9d9b-6c23ac0a3ed9/build]   | [INFO] Downloaded from central: https://repo.maven.apache.org/maven2/org/eclipse/aether/aether-util/1.0.0.v20140518/aether-util-1.0.0.v20140518.pom (2.2 kB at 15 kB/s)
[a881d69a-8547-4c91-9d9b-6c23ac0a3ed9/build]   | [INFO] Downloading from central: https://repo.maven.apache.org/maven2/org/eclipse/aether/aether/1.0.0.v20140518/aether-1.0.0.v20140518.pom
[a881d69a-8547-4c91-9d9b-6c23ac0a3ed9/build]   | [INFO] Downloaded from central: https://repo.maven.apache.org/maven2/org/eclipse/aether/aether/1.0.0.v20140518/aether-1.0.0.v20140518.pom (30 kB at 211 kB/s)
[a881d69a-8547-4c91-9d9b-6c23ac0a3ed9/build]   | [INFO] Downloading from central: https://repo.maven.apache.org/maven2/org/eclipse/aether/aether-api/1.0.0.v20140518/aether-api-1.0.0.v20140518.pom
[a881d69a-8547-4c91-9d9b-6c23ac0a3ed9/build]   | [INFO] Downloaded from central: https://repo.maven.apache.org/maven2/org/eclipse/aether/aether-api/1.0.0.v20140518/aether-api-1.0.0.v20140518.pom (1.9 kB at 15 kB/s)
[a881d69a-8547-4c91-9d9b-6c23ac0a3ed9/build]   | [INFO] Downloading from central: https://repo.maven.apache.org/maven2/org/apache/maven/shared/maven-common-artifact-filters/3.1.1/maven-common-artifact-filters-3.1.1.pom
[a881d69a-8547-4c91-9d9b-6c23ac0a3ed9/build]   | [INFO] Downloaded from central: https://repo.maven.apache.org/maven2/org/apache/maven/shared/maven-common-artifact-filters/3.1.1/maven-common-artifact-filters-3.1.1.pom (5.8 kB at 38 kB/s)
[a881d69a-8547-4c91-9d9b-6c23ac0a3ed9/build]   | [INFO] Downloading from central: https://repo.maven.apache.org/maven2/org/apache/maven/maven-artifact/3.2.5/maven-artifact-3.2.5.pom
[a881d69a-8547-4c91-9d9b-6c23ac0a3ed9/build]   | [INFO] Downloaded from central: https://repo.maven.apache.org/maven2/org/apache/maven/maven-artifact/3.2.5/maven-artifact-3.2.5.pom (2.3 kB at 15 kB/s)
[a881d69a-8547-4c91-9d9b-6c23ac0a3ed9/build]   | [INFO] Downloading from central: https://repo.maven.apache.org/maven2/org/apache/maven/maven/3.2.5/maven-3.2.5.pom
[a881d69a-8547-4c91-9d9b-6c23ac0a3ed9/build]   | [INFO] Downloaded from central: https://repo.maven.apache.org/maven2/org/apache/maven/maven/3.2.5/maven-3.2.5.pom (22 kB at 129 kB/s)
[a881d69a-8547-4c91-9d9b-6c23ac0a3ed9/build]   | [INFO] Downloading from central: https://repo.maven.apache.org/maven2/org/apache/maven/maven-parent/25/maven-parent-25.pom
[a881d69a-8547-4c91-9d9b-6c23ac0a3ed9/build]   | [INFO] Downloaded from central: https://repo.maven.apache.org/maven2/org/apache/maven/maven-parent/25/maven-parent-25.pom (37 kB at 295 kB/s)
[a881d69a-8547-4c91-9d9b-6c23ac0a3ed9/build]   | [INFO] Downloading from central: https://repo.maven.apache.org/maven2/org/apache/apache/15/apache-15.pom
[a881d69a-8547-4c91-9d9b-6c23ac0a3ed9/build]   | [INFO] Downloaded from central: https://repo.maven.apache.org/maven2/org/apache/apache/15/apache-15.pom (15 kB at 142 kB/s)
[a881d69a-8547-4c91-9d9b-6c23ac0a3ed9/build]   | [INFO] Downloading from central: https://repo.maven.apache.org/maven2/org/apache/maven/maven-core/3.2.5/maven-core-3.2.5.pom
[a881d69a-8547-4c91-9d9b-6c23ac0a3ed9/build]   | [INFO] Downloaded from central: https://repo.maven.apache.org/maven2/org/apache/maven/maven-core/3.2.5/maven-core-3.2.5.pom (8.1 kB at 55 kB/s)
[a881d69a-8547-4c91-9d9b-6c23ac0a3ed9/build]   | [INFO] Downloading from central: https://repo.maven.apache.org/maven2/org/apache/maven/maven-settings/3.2.5/maven-settings-3.2.5.pom
[a881d69a-8547-4c91-9d9b-6c23ac0a3ed9/build]   | [INFO] Downloaded from central: https://repo.maven.apache.org/maven2/org/apache/maven/maven-settings/3.2.5/maven-settings-3.2.5.pom (2.2 kB at 17 kB/s)
[a881d69a-8547-4c91-9d9b-6c23ac0a3ed9/build]   | [INFO] Downloading from central: https://repo.maven.apache.org/maven2/org/apache/maven/maven-settings-builder/3.2.5/maven-settings-builder-3.2.5.pom
[a881d69a-8547-4c91-9d9b-6c23ac0a3ed9/build]   | [INFO] Downloaded from central: https://repo.maven.apache.org/maven2/org/apache/maven/maven-settings-builder/3.2.5/maven-settings-builder-3.2.5.pom (2.6 kB at 20 kB/s)
[a881d69a-8547-4c91-9d9b-6c23ac0a3ed9/build]   | [INFO] Downloading from central: https://repo.maven.apache.org/maven2/org/codehaus/plexus/plexus-interpolation/1.21/plexus-interpolation-1.21.pom
[a881d69a-8547-4c91-9d9b-6c23ac0a3ed9/build]   | [INFO] Downloaded from central: https://repo.maven.apache.org/maven2/org/codehaus/plexus/plexus-interpolation/1.21/plexus-interpolation-1.21.pom (1.5 kB at 12 kB/s)
[a881d69a-8547-4c91-9d9b-6c23ac0a3ed9/build]   | [INFO] Downloading from central: https://repo.maven.apache.org/maven2/org/codehaus/plexus/plexus-components/1.3.1/plexus-components-1.3.1.pom
[a881d69a-8547-4c91-9d9b-6c23ac0a3ed9/build]   | [INFO] Downloaded from central: https://repo.maven.apache.org/maven2/org/codehaus/plexus/plexus-components/1.3.1/plexus-components-1.3.1.pom (3.1 kB at 20 kB/s)
[a881d69a-8547-4c91-9d9b-6c23ac0a3ed9/build]   | [INFO] Downloading from central: https://repo.maven.apache.org/maven2/org/codehaus/plexus/plexus/3.3.1/plexus-3.3.1.pom
[a881d69a-8547-4c91-9d9b-6c23ac0a3ed9/build]   | [INFO] Downloaded from central: https://repo.maven.apache.org/maven2/org/codehaus/plexus/plexus/3.3.1/plexus-3.3.1.pom (20 kB at 125 kB/s)
[a881d69a-8547-4c91-9d9b-6c23ac0a3ed9/build]   | [INFO] Downloading from central: https://repo.maven.apache.org/maven2/org/sonatype/spice/spice-parent/17/spice-parent-17.pom
[a881d69a-8547-4c91-9d9b-6c23ac0a3ed9/build]   | [INFO] Downloaded from central: https://repo.maven.apache.org/maven2/org/sonatype/spice/spice-parent/17/spice-parent-17.pom (6.8 kB at 43 kB/s)
[a881d69a-8547-4c91-9d9b-6c23ac0a3ed9/build]   | [INFO] Downloading from central: https://repo.maven.apache.org/maven2/org/sonatype/plexus/plexus-sec-dispatcher/1.3/plexus-sec-dispatcher-1.3.pom
[a881d69a-8547-4c91-9d9b-6c23ac0a3ed9/build]   | [INFO] Downloaded from central: https://repo.maven.apache.org/maven2/org/sonatype/plexus/plexus-sec-dispatcher/1.3/plexus-sec-dispatcher-1.3.pom (3.0 kB at 16 kB/s)
[a881d69a-8547-4c91-9d9b-6c23ac0a3ed9/build]   | [INFO] Downloading from central: https://repo.maven.apache.org/maven2/org/sonatype/spice/spice-parent/12/spice-parent-12.pom
[a881d69a-8547-4c91-9d9b-6c23ac0a3ed9/build]   | [INFO] Downloaded from central: https://repo.maven.apache.org/maven2/org/sonatype/spice/spice-parent/12/spice-parent-12.pom (6.8 kB at 36 kB/s)
[a881d69a-8547-4c91-9d9b-6c23ac0a3ed9/build]   | [INFO] Downloading from central: https://repo.maven.apache.org/maven2/org/sonatype/forge/forge-parent/4/forge-parent-4.pom
[a881d69a-8547-4c91-9d9b-6c23ac0a3ed9/build]   | [INFO] Downloaded from central: https://repo.maven.apache.org/maven2/org/sonatype/forge/forge-parent/4/forge-parent-4.pom (8.4 kB at 42 kB/s)
[a881d69a-8547-4c91-9d9b-6c23ac0a3ed9/build]   | [INFO] Downloading from central: https://repo.maven.apache.org/maven2/org/sonatype/plexus/plexus-cipher/1.4/plexus-cipher-1.4.pom
[a881d69a-8547-4c91-9d9b-6c23ac0a3ed9/build]   | [INFO] Downloaded from central: https://repo.maven.apache.org/maven2/org/sonatype/plexus/plexus-cipher/1.4/plexus-cipher-1.4.pom (2.1 kB at 11 kB/s)
[a881d69a-8547-4c91-9d9b-6c23ac0a3ed9/build]   | [INFO] Downloading from central: https://repo.maven.apache.org/maven2/org/apache/maven/maven-repository-metadata/3.2.5/maven-repository-metadata-3.2.5.pom
[a881d69a-8547-4c91-9d9b-6c23ac0a3ed9/build]   | [INFO] Downloaded from central: https://repo.maven.apache.org/maven2/org/apache/maven/maven-repository-metadata/3.2.5/maven-repository-metadata-3.2.5.pom (2.2 kB at 17 kB/s)
[a881d69a-8547-4c91-9d9b-6c23ac0a3ed9/build]   | [INFO] Downloading from central: https://repo.maven.apache.org/maven2/org/apache/maven/maven-plugin-api/3.2.5/maven-plugin-api-3.2.5.pom
[a881d69a-8547-4c91-9d9b-6c23ac0a3ed9/build]   | [INFO] Downloaded from central: https://repo.maven.apache.org/maven2/org/apache/maven/maven-plugin-api/3.2.5/maven-plugin-api-3.2.5.pom (3.0 kB at 22 kB/s)
[a881d69a-8547-4c91-9d9b-6c23ac0a3ed9/build]   | [INFO] Downloading from central: https://repo.maven.apache.org/maven2/org/eclipse/sisu/org.eclipse.sisu.plexus/0.3.5/org.eclipse.sisu.plexus-0.3.5.pom
[a881d69a-8547-4c91-9d9b-6c23ac0a3ed9/build]   | [INFO] Downloaded from central: https://repo.maven.apache.org/maven2/org/eclipse/sisu/org.eclipse.sisu.plexus/0.3.5/org.eclipse.sisu.plexus-0.3.5.pom (4.3 kB at 29 kB/s)
[a881d69a-8547-4c91-9d9b-6c23ac0a3ed9/build]   | [INFO] Downloading from central: https://repo.maven.apache.org/maven2/org/eclipse/sisu/sisu-plexus/0.3.5/sisu-plexus-0.3.5.pom
[a881d69a-8547-4c91-9d9b-6c23ac0a3ed9/build]   | [INFO] Downloaded from central: https://repo.maven.apache.org/maven2/org/eclipse/sisu/sisu-plexus/0.3.5/sisu-plexus-0.3.5.pom (14 kB at 87 kB/s)
[a881d69a-8547-4c91-9d9b-6c23ac0a3ed9/build]   | [INFO] Downloading from central: https://repo.maven.apache.org/maven2/javax/annotation/javax.annotation-api/1.2/javax.annotation-api-1.2.pom
[a881d69a-8547-4c91-9d9b-6c23ac0a3ed9/build]   | [INFO] Downloaded from central: https://repo.maven.apache.org/maven2/javax/annotation/javax.annotation-api/1.2/javax.annotation-api-1.2.pom (13 kB at 119 kB/s)
[a881d69a-8547-4c91-9d9b-6c23ac0a3ed9/build]   | [INFO] Downloading from central: https://repo.maven.apache.org/maven2/net/java/jvnet-parent/3/jvnet-parent-3.pom
[a881d69a-8547-4c91-9d9b-6c23ac0a3ed9/build]   | [INFO] Downloaded from central: https://repo.maven.apache.org/maven2/net/java/jvnet-parent/3/jvnet-parent-3.pom (4.8 kB at 36 kB/s)
[a881d69a-8547-4c91-9d9b-6c23ac0a3ed9/build]   | [INFO] Downloading from central: https://repo.maven.apache.org/maven2/javax/enterprise/cdi-api/1.2/cdi-api-1.2.pom
[a881d69a-8547-4c91-9d9b-6c23ac0a3ed9/build]   | [INFO] Downloaded from central: https://repo.maven.apache.org/maven2/javax/enterprise/cdi-api/1.2/cdi-api-1.2.pom (6.3 kB at 44 kB/s)
[a881d69a-8547-4c91-9d9b-6c23ac0a3ed9/build]   | [INFO] Downloading from central: https://repo.maven.apache.org/maven2/org/jboss/weld/weld-parent/26/weld-parent-26.pom
[a881d69a-8547-4c91-9d9b-6c23ac0a3ed9/build]   | [INFO] Downloaded from central: https://repo.maven.apache.org/maven2/org/jboss/weld/weld-parent/26/weld-parent-26.pom (32 kB at 216 kB/s)
[a881d69a-8547-4c91-9d9b-6c23ac0a3ed9/build]   | [INFO] Downloading from central: https://repo.maven.apache.org/maven2/javax/inject/javax.inject/1/javax.inject-1.pom
[a881d69a-8547-4c91-9d9b-6c23ac0a3ed9/build]   | [INFO] Downloaded from central: https://repo.maven.apache.org/maven2/javax/inject/javax.inject/1/javax.inject-1.pom (612 B at 1.5 kB/s)
[a881d69a-8547-4c91-9d9b-6c23ac0a3ed9/build]   | [INFO] Downloading from central: https://repo.maven.apache.org/maven2/org/eclipse/sisu/org.eclipse.sisu.inject/0.3.5/org.eclipse.sisu.inject-0.3.5.pom
[a881d69a-8547-4c91-9d9b-6c23ac0a3ed9/build]   | [INFO] Downloaded from central: https://repo.maven.apache.org/maven2/org/eclipse/sisu/org.eclipse.sisu.inject/0.3.5/org.eclipse.sisu.inject-0.3.5.pom (2.6 kB at 25 kB/s)
[a881d69a-8547-4c91-9d9b-6c23ac0a3ed9/build]   | [INFO] Downloading from central: https://repo.maven.apache.org/maven2/org/eclipse/sisu/sisu-inject/0.3.5/sisu-inject-0.3.5.pom
[a881d69a-8547-4c91-9d9b-6c23ac0a3ed9/build]   | [INFO] Downloaded from central: https://repo.maven.apache.org/maven2/org/eclipse/sisu/sisu-inject/0.3.5/sisu-inject-0.3.5.pom (14 kB at 141 kB/s)
[a881d69a-8547-4c91-9d9b-6c23ac0a3ed9/build]   | [INFO] Downloading from central: https://repo.maven.apache.org/maven2/org/codehaus/plexus/plexus-classworlds/2.5.2/plexus-classworlds-2.5.2.pom
[a881d69a-8547-4c91-9d9b-6c23ac0a3ed9/build]   | [INFO] Downloaded from central: https://repo.maven.apache.org/maven2/org/codehaus/plexus/plexus-classworlds/2.5.2/plexus-classworlds-2.5.2.pom (7.3 kB at 70 kB/s)
[a881d69a-8547-4c91-9d9b-6c23ac0a3ed9/build]   | [INFO] Downloading from central: https://repo.maven.apache.org/maven2/org/apache/maven/maven-model-builder/3.2.5/maven-model-builder-3.2.5.pom
[a881d69a-8547-4c91-9d9b-6c23ac0a3ed9/build]   | [INFO] Downloaded from central: https://repo.maven.apache.org/maven2/org/apache/maven/maven-model-builder/3.2.5/maven-model-builder-3.2.5.pom (3.0 kB at 27 kB/s)
[a881d69a-8547-4c91-9d9b-6c23ac0a3ed9/build]   | [INFO] Downloading from central: https://repo.maven.apache.org/maven2/org/apache/maven/maven-aether-provider/3.2.5/maven-aether-provider-3.2.5.pom
[a881d69a-8547-4c91-9d9b-6c23ac0a3ed9/build]   | [INFO] Downloaded from central: https://repo.maven.apache.org/maven2/org/apache/maven/maven-aether-provider/3.2.5/maven-aether-provider-3.2.5.pom (4.2 kB at 45 kB/s)
[a881d69a-8547-4c91-9d9b-6c23ac0a3ed9/build]   | [INFO] Downloading from central: https://repo.maven.apache.org/maven2/org/eclipse/aether/aether-spi/1.0.0.v20140518/aether-spi-1.0.0.v20140518.pom
[a881d69a-8547-4c91-9d9b-6c23ac0a3ed9/build]   | [INFO] Downloaded from central: https://repo.maven.apache.org/maven2/org/eclipse/aether/aether-spi/1.0.0.v20140518/aether-spi-1.0.0.v20140518.pom (2.1 kB at 21 kB/s)
[a881d69a-8547-4c91-9d9b-6c23ac0a3ed9/build]   | [INFO] Downloading from central: https://repo.maven.apache.org/maven2/org/eclipse/aether/aether-impl/1.0.0.v20140518/aether-impl-1.0.0.v20140518.pom
[a881d69a-8547-4c91-9d9b-6c23ac0a3ed9/build]   | [INFO] Downloaded from central: https://repo.maven.apache.org/maven2/org/eclipse/aether/aether-impl/1.0.0.v20140518/aether-impl-1.0.0.v20140518.pom (3.5 kB at 29 kB/s)
[a881d69a-8547-4c91-9d9b-6c23ac0a3ed9/build]   | [INFO] Downloading from central: https://repo.maven.apache.org/maven2/org/sonatype/sisu/sisu-guice/3.2.3/sisu-guice-3.2.3.pom
[a881d69a-8547-4c91-9d9b-6c23ac0a3ed9/build]   | [INFO] Downloaded from central: https://repo.maven.apache.org/maven2/org/sonatype/sisu/sisu-guice/3.2.3/sisu-guice-3.2.3.pom (11 kB at 104 kB/s)
[a881d69a-8547-4c91-9d9b-6c23ac0a3ed9/build]   | [INFO] Downloading from central: https://repo.maven.apache.org/maven2/org/sonatype/sisu/inject/guice-parent/3.2.3/guice-parent-3.2.3.pom
[a881d69a-8547-4c91-9d9b-6c23ac0a3ed9/build]   | [INFO] Downloaded from central: https://repo.maven.apache.org/maven2/org/sonatype/sisu/inject/guice-parent/3.2.3/guice-parent-3.2.3.pom (13 kB at 164 kB/s)
[a881d69a-8547-4c91-9d9b-6c23ac0a3ed9/build]   | [INFO] Downloading from central: https://repo.maven.apache.org/maven2/org/sonatype/forge/forge-parent/38/forge-parent-38.pom
[a881d69a-8547-4c91-9d9b-6c23ac0a3ed9/build]   | [INFO] Downloaded from central: https://repo.maven.apache.org/maven2/org/sonatype/forge/forge-parent/38/forge-parent-38.pom (19 kB at 199 kB/s)
[a881d69a-8547-4c91-9d9b-6c23ac0a3ed9/build]   | [INFO] Downloading from central: https://repo.maven.apache.org/maven2/aopalliance/aopalliance/1.0/aopalliance-1.0.pom
[a881d69a-8547-4c91-9d9b-6c23ac0a3ed9/build]   | [INFO] Downloaded from central: https://repo.maven.apache.org/maven2/aopalliance/aopalliance/1.0/aopalliance-1.0.pom (363 B at 2.2 kB/s)
[a881d69a-8547-4c91-9d9b-6c23ac0a3ed9/build]   | [INFO] Downloading from central: https://repo.maven.apache.org/maven2/com/google/guava/guava/16.0.1/guava-16.0.1.pom
[a881d69a-8547-4c91-9d9b-6c23ac0a3ed9/build]   | [INFO] Downloaded from central: https://repo.maven.apache.org/maven2/com/google/guava/guava/16.0.1/guava-16.0.1.pom (6.1 kB at 54 kB/s)
[a881d69a-8547-4c91-9d9b-6c23ac0a3ed9/build]   | [INFO] Downloading from central: https://repo.maven.apache.org/maven2/com/google/guava/guava-parent/16.0.1/guava-parent-16.0.1.pom
[a881d69a-8547-4c91-9d9b-6c23ac0a3ed9/build]   | [INFO] Downloaded from central: https://repo.maven.apache.org/maven2/com/google/guava/guava-parent/16.0.1/guava-parent-16.0.1.pom (7.3 kB at 72 kB/s)
[a881d69a-8547-4c91-9d9b-6c23ac0a3ed9/build]   | [INFO] Downloading from central: https://repo.maven.apache.org/maven2/org/sonatype/oss/oss-parent/7/oss-parent-7.pom
[a881d69a-8547-4c91-9d9b-6c23ac0a3ed9/build]   | [INFO] Downloaded from central: https://repo.maven.apache.org/maven2/org/sonatype/oss/oss-parent/7/oss-parent-7.pom (4.8 kB at 38 kB/s)
[a881d69a-8547-4c91-9d9b-6c23ac0a3ed9/build]   | [INFO] Downloading from central: https://repo.maven.apache.org/maven2/commons-io/commons-io/2.12.0/commons-io-2.12.0.pom
[a881d69a-8547-4c91-9d9b-6c23ac0a3ed9/build]   | [INFO] Downloaded from central: https://repo.maven.apache.org/maven2/commons-io/commons-io/2.12.0/commons-io-2.12.0.pom (20 kB at 218 kB/s)
[a881d69a-8547-4c91-9d9b-6c23ac0a3ed9/build]   | [INFO] Downloading from central: https://repo.maven.apache.org/maven2/org/apache/commons/commons-parent/57/commons-parent-57.pom
[a881d69a-8547-4c91-9d9b-6c23ac0a3ed9/build]   | [INFO] Downloaded from central: https://repo.maven.apache.org/maven2/org/apache/commons/commons-parent/57/commons-parent-57.pom (83 kB at 834 kB/s)
[a881d69a-8547-4c91-9d9b-6c23ac0a3ed9/build]   | [INFO] Downloading from central: https://repo.maven.apache.org/maven2/org/junit/junit-bom/5.9.2/junit-bom-5.9.2.pom
[a881d69a-8547-4c91-9d9b-6c23ac0a3ed9/build]   | [INFO] Downloaded from central: https://repo.maven.apache.org/maven2/org/junit/junit-bom/5.9.2/junit-bom-5.9.2.pom (5.6 kB at 68 kB/s)
[a881d69a-8547-4c91-9d9b-6c23ac0a3ed9/build]   | [INFO] Downloading from central: https://repo.maven.apache.org/maven2/org/apache/maven/surefire/maven-surefire-common/3.1.2/maven-surefire-common-3.1.2.jar
[a881d69a-8547-4c91-9d9b-6c23ac0a3ed9/build]   | [INFO] Downloading from central: https://repo.maven.apache.org/maven2/org/apache/maven/surefire/surefire-api/3.1.2/surefire-api-3.1.2.jar
[a881d69a-8547-4c91-9d9b-6c23ac0a3ed9/build]   | [INFO] Downloading from central: https://repo.maven.apache.org/maven2/org/apache/maven/surefire/surefire-logger-api/3.1.2/surefire-logger-api-3.1.2.jar
[a881d69a-8547-4c91-9d9b-6c23ac0a3ed9/build]   | [INFO] Downloading from central: https://repo.maven.apache.org/maven2/org/apache/maven/surefire/surefire-extensions-api/3.1.2/surefire-extensions-api-3.1.2.jar
[a881d69a-8547-4c91-9d9b-6c23ac0a3ed9/build]   | [INFO] Downloading from central: https://repo.maven.apache.org/maven2/org/apache/maven/surefire/surefire-booter/3.1.2/surefire-booter-3.1.2.jar
[a881d69a-8547-4c91-9d9b-6c23ac0a3ed9/build]   | [INFO] Downloaded from central: https://repo.maven.apache.org/maven2/org/apache/maven/surefire/surefire-logger-api/3.1.2/surefire-logger-api-3.1.2.jar (14 kB at 137 kB/s)
[a881d69a-8547-4c91-9d9b-6c23ac0a3ed9/build]   | [INFO] Downloading from central: https://repo.maven.apache.org/maven2/org/apache/maven/surefire/surefire-extensions-spi/3.1.2/surefire-extensions-spi-3.1.2.jar
[a881d69a-8547-4c91-9d9b-6c23ac0a3ed9/build]   | [INFO] Downloaded from central: https://repo.maven.apache.org/maven2/org/apache/maven/surefire/surefire-extensions-api/3.1.2/surefire-extensions-api-3.1.2.jar (26 kB at 264 kB/s)
[a881d69a-8547-4c91-9d9b-6c23ac0a3ed9/build]   | [INFO] Downloading from central: https://repo.maven.apache.org/maven2/org/eclipse/aether/aether-util/1.0.0.v20140518/aether-util-1.0.0.v20140518.jar
[a881d69a-8547-4c91-9d9b-6c23ac0a3ed9/build]   | [INFO] Downloaded from central: https://repo.maven.apache.org/maven2/org/apache/maven/surefire/maven-surefire-common/3.1.2/maven-surefire-common-3.1.2.jar (306 kB at 3.0 MB/s)
[a881d69a-8547-4c91-9d9b-6c23ac0a3ed9/build]   | [INFO] Downloading from central: https://repo.maven.apache.org/maven2/org/eclipse/aether/aether-api/1.0.0.v20140518/aether-api-1.0.0.v20140518.jar
[a881d69a-8547-4c91-9d9b-6c23ac0a3ed9/build]   | [INFO] Downloaded from central: https://repo.maven.apache.org/maven2/org/apache/maven/surefire/surefire-booter/3.1.2/surefire-booter-3.1.2.jar (118 kB at 1.2 MB/s)
[a881d69a-8547-4c91-9d9b-6c23ac0a3ed9/build]   | [INFO] Downloaded from central: https://repo.maven.apache.org/maven2/org/apache/maven/surefire/surefire-api/3.1.2/surefire-api-3.1.2.jar (171 kB at 1.7 MB/s)
[a881d69a-8547-4c91-9d9b-6c23ac0a3ed9/build]   | [INFO] Downloading from central: https://repo.maven.apache.org/maven2/org/apache/maven/shared/maven-common-artifact-filters/3.1.1/maven-common-artifact-filters-3.1.1.jar
[a881d69a-8547-4c91-9d9b-6c23ac0a3ed9/build]   | [INFO] Downloading from central: https://repo.maven.apache.org/maven2/commons-io/commons-io/2.12.0/commons-io-2.12.0.jar
[a881d69a-8547-4c91-9d9b-6c23ac0a3ed9/build]   | [INFO] Downloaded from central: https://repo.maven.apache.org/maven2/org/eclipse/aether/aether-api/1.0.0.v20140518/aether-api-1.0.0.v20140518.jar (136 kB at 655 kB/s)
[a881d69a-8547-4c91-9d9b-6c23ac0a3ed9/build]   | [INFO] Downloading from central: https://repo.maven.apache.org/maven2/org/apache/maven/surefire/surefire-shared-utils/3.1.2/surefire-shared-utils-3.1.2.jar
[a881d69a-8547-4c91-9d9b-6c23ac0a3ed9/build]   | [INFO] Downloaded from central: https://repo.maven.apache.org/maven2/org/apache/maven/shared/maven-common-artifact-filters/3.1.1/maven-common-artifact-filters-3.1.1.jar (61 kB at 282 kB/s)
[a881d69a-8547-4c91-9d9b-6c23ac0a3ed9/build]   | [INFO] Downloaded from central: https://repo.maven.apache.org/maven2/commons-io/commons-io/2.12.0/commons-io-2.12.0.jar (474 kB at 2.1 MB/s)
[a881d69a-8547-4c91-9d9b-6c23ac0a3ed9/build]   | [INFO] Downloaded from central: https://repo.maven.apache.org/maven2/org/apache/maven/surefire/surefire-extensions-spi/3.1.2/surefire-extensions-spi-3.1.2.jar (8.2 kB at 33 kB/s)
[a881d69a-8547-4c91-9d9b-6c23ac0a3ed9/build]   | [INFO] Downloaded from central: https://repo.maven.apache.org/maven2/org/eclipse/aether/aether-util/1.0.0.v20140518/aether-util-1.0.0.v20140518.jar (146 kB at 576 kB/s)
[a881d69a-8547-4c91-9d9b-6c23ac0a3ed9/build]   | [INFO] Downloaded from central: https://repo.maven.apache.org/maven2/org/apache/maven/surefire/surefire-shared-utils/3.1.2/surefire-shared-utils-3.1.2.jar (2.3 MB at 5.3 MB/s)
[a881d69a-8547-4c91-9d9b-6c23ac0a3ed9/build]   | [INFO] Using auto detected provider org.apache.maven.surefire.junitplatform.JUnitPlatformProvider
[a881d69a-8547-4c91-9d9b-6c23ac0a3ed9/build]   | [INFO] Downloading from central: https://repo.maven.apache.org/maven2/org/apache/maven/surefire/surefire-junit-platform/3.1.2/surefire-junit-platform-3.1.2.pom
[a881d69a-8547-4c91-9d9b-6c23ac0a3ed9/build]   | [INFO] Downloaded from central: https://repo.maven.apache.org/maven2/org/apache/maven/surefire/surefire-junit-platform/3.1.2/surefire-junit-platform-3.1.2.pom (4.7 kB at 58 kB/s)
[a881d69a-8547-4c91-9d9b-6c23ac0a3ed9/build]   | [INFO] Downloading from central: https://repo.maven.apache.org/maven2/org/apache/maven/surefire/surefire-providers/3.1.2/surefire-providers-3.1.2.pom
[a881d69a-8547-4c91-9d9b-6c23ac0a3ed9/build]   | [INFO] Downloaded from central: https://repo.maven.apache.org/maven2/org/apache/maven/surefire/surefire-providers/3.1.2/surefire-providers-3.1.2.pom (2.6 kB at 29 kB/s)
[a881d69a-8547-4c91-9d9b-6c23ac0a3ed9/build]   | [INFO] Downloading from central: https://repo.maven.apache.org/maven2/org/apache/maven/surefire/common-java5/3.1.2/common-java5-3.1.2.pom
[a881d69a-8547-4c91-9d9b-6c23ac0a3ed9/build]   | [INFO] Downloaded from central: https://repo.maven.apache.org/maven2/org/apache/maven/surefire/common-java5/3.1.2/common-java5-3.1.2.pom (2.8 kB at 37 kB/s)
[a881d69a-8547-4c91-9d9b-6c23ac0a3ed9/build]   | [INFO] Downloading from central: https://repo.maven.apache.org/maven2/org/junit/platform/junit-platform-launcher/1.9.2/junit-platform-launcher-1.9.2.pom
[a881d69a-8547-4c91-9d9b-6c23ac0a3ed9/build]   | [INFO] Downloaded from central: https://repo.maven.apache.org/maven2/org/junit/platform/junit-platform-launcher/1.9.2/junit-platform-launcher-1.9.2.pom (3.0 kB at 36 kB/s)
[a881d69a-8547-4c91-9d9b-6c23ac0a3ed9/build]   | [INFO] Downloading from central: https://repo.maven.apache.org/maven2/org/junit/platform/junit-platform-engine/1.9.2/junit-platform-engine-1.9.2.pom
[a881d69a-8547-4c91-9d9b-6c23ac0a3ed9/build]   | [INFO] Downloaded from central: https://repo.maven.apache.org/maven2/org/junit/platform/junit-platform-engine/1.9.2/junit-platform-engine-1.9.2.pom (3.2 kB at 45 kB/s)
[a881d69a-8547-4c91-9d9b-6c23ac0a3ed9/build]   | [INFO] Downloading from central: https://repo.maven.apache.org/maven2/org/junit/platform/junit-platform-commons/1.9.2/junit-platform-commons-1.9.2.pom
[a881d69a-8547-4c91-9d9b-6c23ac0a3ed9/build]   | [INFO] Downloaded from central: https://repo.maven.apache.org/maven2/org/junit/platform/junit-platform-commons/1.9.2/junit-platform-commons-1.9.2.pom (2.8 kB at 33 kB/s)
[a881d69a-8547-4c91-9d9b-6c23ac0a3ed9/build]   | [INFO] Downloading from central: https://repo.maven.apache.org/maven2/org/apache/maven/surefire/surefire-junit-platform/3.1.2/surefire-junit-platform-3.1.2.jar
[a881d69a-8547-4c91-9d9b-6c23ac0a3ed9/build]   | [INFO] Downloading from central: https://repo.maven.apache.org/maven2/org/apache/maven/surefire/common-java5/3.1.2/common-java5-3.1.2.jar
[a881d69a-8547-4c91-9d9b-6c23ac0a3ed9/build]   | [INFO] Downloading from central: https://repo.maven.apache.org/maven2/org/junit/platform/junit-platform-launcher/1.9.2/junit-platform-launcher-1.9.2.jar
[a881d69a-8547-4c91-9d9b-6c23ac0a3ed9/build]   | [INFO] Downloading from central: https://repo.maven.apache.org/maven2/org/junit/platform/junit-platform-engine/1.9.2/junit-platform-engine-1.9.2.jar
[a881d69a-8547-4c91-9d9b-6c23ac0a3ed9/build]   | [INFO] Downloading from central: https://repo.maven.apache.org/maven2/org/opentest4j/opentest4j/1.2.0/opentest4j-1.2.0.jar
[a881d69a-8547-4c91-9d9b-6c23ac0a3ed9/build]   | [INFO] Downloaded from central: https://repo.maven.apache.org/maven2/org/opentest4j/opentest4j/1.2.0/opentest4j-1.2.0.jar (7.7 kB at 101 kB/s)
[a881d69a-8547-4c91-9d9b-6c23ac0a3ed9/build]   | [INFO] Downloading from central: https://repo.maven.apache.org/maven2/org/junit/platform/junit-platform-commons/1.9.2/junit-platform-commons-1.9.2.jar
[a881d69a-8547-4c91-9d9b-6c23ac0a3ed9/build]   | [INFO] Downloaded from central: https://repo.maven.apache.org/maven2/org/apache/maven/surefire/surefire-junit-platform/3.1.2/surefire-junit-platform-3.1.2.jar (27 kB at 339 kB/s)
[a881d69a-8547-4c91-9d9b-6c23ac0a3ed9/build]   | [INFO] Downloaded from central: https://repo.maven.apache.org/maven2/org/junit/platform/junit-platform-engine/1.9.2/junit-platform-engine-1.9.2.jar (189 kB at 2.4 MB/s)
[a881d69a-8547-4c91-9d9b-6c23ac0a3ed9/build]   | [INFO] Downloaded from central: https://repo.maven.apache.org/maven2/org/junit/platform/junit-platform-launcher/1.9.2/junit-platform-launcher-1.9.2.jar (169 kB at 2.0 MB/s)
[a881d69a-8547-4c91-9d9b-6c23ac0a3ed9/build]   | [INFO] Downloaded from central: https://repo.maven.apache.org/maven2/org/apache/maven/surefire/common-java5/3.1.2/common-java5-3.1.2.jar (18 kB at 211 kB/s)
[a881d69a-8547-4c91-9d9b-6c23ac0a3ed9/build]   | [INFO] Downloaded from central: https://repo.maven.apache.org/maven2/org/junit/platform/junit-platform-commons/1.9.2/junit-platform-commons-1.9.2.jar (103 kB at 665 kB/s)
[a881d69a-8547-4c91-9d9b-6c23ac0a3ed9/build]   | [INFO] Downloading from central: https://repo.maven.apache.org/maven2/org/junit/platform/junit-platform-launcher/1.10.0/junit-platform-launcher-1.10.0.pom
[a881d69a-8547-4c91-9d9b-6c23ac0a3ed9/build]   | [INFO] Downloaded from central: https://repo.maven.apache.org/maven2/org/junit/platform/junit-platform-launcher/1.10.0/junit-platform-launcher-1.10.0.pom (3.0 kB at 36 kB/s)
[a881d69a-8547-4c91-9d9b-6c23ac0a3ed9/build]   | [INFO] Downloading from central: https://repo.maven.apache.org/maven2/org/junit/platform/junit-platform-launcher/1.10.0/junit-platform-launcher-1.10.0.jar
[a881d69a-8547-4c91-9d9b-6c23ac0a3ed9/build]   | [INFO] Downloaded from central: https://repo.maven.apache.org/maven2/org/junit/platform/junit-platform-launcher/1.10.0/junit-platform-launcher-1.10.0.jar (184 kB at 2.4 MB/s)
[a881d69a-8547-4c91-9d9b-6c23ac0a3ed9/build]   | [INFO] 
[a881d69a-8547-4c91-9d9b-6c23ac0a3ed9/build]   | [INFO] -------------------------------------------------------
[a881d69a-8547-4c91-9d9b-6c23ac0a3ed9/build]   | [INFO]  T E S T S
[a881d69a-8547-4c91-9d9b-6c23ac0a3ed9/build]   | [INFO] -------------------------------------------------------
[a881d69a-8547-4c91-9d9b-6c23ac0a3ed9/build]   | [INFO] Running ch.jalu.configme.SettingsManagerImplTest
[a881d69a-8547-4c91-9d9b-6c23ac0a3ed9/build]   | [INFO] Tests run: 10, Failures: 0, Errors: 0, Skipped: 0, Time elapsed: 1.642 s -- in ch.jalu.configme.SettingsManagerImplTest
[a881d69a-8547-4c91-9d9b-6c23ac0a3ed9/build]   | [INFO] Running ch.jalu.configme.ConfigDemoTest
[a881d69a-8547-4c91-9d9b-6c23ac0a3ed9/build]   | [INFO] Tests run: 1, Failures: 0, Errors: 0, Skipped: 0, Time elapsed: 0.028 s -- in ch.jalu.configme.ConfigDemoTest
[a881d69a-8547-4c91-9d9b-6c23ac0a3ed9/build]   | [INFO] Running ch.jalu.configme.SettingsManagerBuilderTest
[a881d69a-8547-4c91-9d9b-6c23ac0a3ed9/build]   | [INFO] Tests run: 7, Failures: 0, Errors: 0, Skipped: 0, Time elapsed: 0.148 s -- in ch.jalu.configme.SettingsManagerBuilderTest
[a881d69a-8547-4c91-9d9b-6c23ac0a3ed9/build]   | [INFO] Running ch.jalu.configme.BeanDemoTest
[a881d69a-8547-4c91-9d9b-6c23ac0a3ed9/build]   | [INFO] Tests run: 1, Failures: 0, Errors: 0, Skipped: 0, Time elapsed: 0.027 s -- in ch.jalu.configme.BeanDemoTest
[a881d69a-8547-4c91-9d9b-6c23ac0a3ed9/build]   | [INFO] Running ch.jalu.configme.migration.PlainMigrationServiceTest
[a881d69a-8547-4c91-9d9b-6c23ac0a3ed9/build]   | [INFO] Tests run: 4, Failures: 0, Errors: 0, Skipped: 0, Time elapsed: 0.333 s -- in ch.jalu.configme.migration.PlainMigrationServiceTest
[a881d69a-8547-4c91-9d9b-6c23ac0a3ed9/build]   | [INFO] Running ch.jalu.configme.migration.version.VersionMigrationServiceTest
[a881d69a-8547-4c91-9d9b-6c23ac0a3ed9/build]   | [INFO] Tests run: 17, Failures: 0, Errors: 0, Skipped: 0, Time elapsed: 0.138 s -- in ch.jalu.configme.migration.version.VersionMigrationServiceTest
[a881d69a-8547-4c91-9d9b-6c23ac0a3ed9/build]   | [INFO] Running ch.jalu.configme.utils.SettingsHolderClassValidatorTest
[a881d69a-8547-4c91-9d9b-6c23ac0a3ed9/build]   | [INFO] Tests run: 12, Failures: 0, Errors: 0, Skipped: 0, Time elapsed: 0.160 s -- in ch.jalu.configme.utils.SettingsHolderClassValidatorTest
[a881d69a-8547-4c91-9d9b-6c23ac0a3ed9/build]   | [INFO] Running ch.jalu.configme.utils.TypeInformationTest
[a881d69a-8547-4c91-9d9b-6c23ac0a3ed9/build]   | [INFO] Tests run: 12, Failures: 0, Errors: 0, Skipped: 0, Time elapsed: 0.043 s -- in ch.jalu.configme.utils.TypeInformationTest
[a881d69a-8547-4c91-9d9b-6c23ac0a3ed9/build]   | [INFO] Running ch.jalu.configme.utils.MigrationUtilsTest
[a881d69a-8547-4c91-9d9b-6c23ac0a3ed9/build]   | [INFO] Tests run: 3, Failures: 0, Errors: 0, Skipped: 0, Time elapsed: 0.009 s -- in ch.jalu.configme.utils.MigrationUtilsTest
[a881d69a-8547-4c91-9d9b-6c23ac0a3ed9/build]   | [INFO] Running ch.jalu.configme.utils.StreamUtilsTest
[a881d69a-8547-4c91-9d9b-6c23ac0a3ed9/build]   | [INFO] Tests run: 1, Failures: 0, Errors: 0, Skipped: 0, Time elapsed: 0.002 s -- in ch.jalu.configme.utils.StreamUtilsTest
[a881d69a-8547-4c91-9d9b-6c23ac0a3ed9/build]   | [INFO] Running ch.jalu.configme.utils.UtilsTest
[a881d69a-8547-4c91-9d9b-6c23ac0a3ed9/build]   | [INFO] Tests run: 4, Failures: 0, Errors: 0, Skipped: 0, Time elapsed: 0.250 s -- in ch.jalu.configme.utils.UtilsTest
[a881d69a-8547-4c91-9d9b-6c23ac0a3ed9/build]   | [INFO] Running ch.jalu.configme.configurationdata.ConfigurationDataImplTest
[a881d69a-8547-4c91-9d9b-6c23ac0a3ed9/build]   | [INFO] Tests run: 9, Failures: 0, Errors: 0, Skipped: 0, Time elapsed: 0.029 s -- in ch.jalu.configme.configurationdata.ConfigurationDataImplTest
[a881d69a-8547-4c91-9d9b-6c23ac0a3ed9/build]   | [INFO] Running ch.jalu.configme.configurationdata.ConfigurationDataBuilderTest
[a881d69a-8547-4c91-9d9b-6c23ac0a3ed9/build]   | [WARNING] Tests run: 8, Failures: 0, Errors: 0, Skipped: 1, Time elapsed: 0.022 s -- in ch.jalu.configme.configurationdata.ConfigurationDataBuilderTest
[a881d69a-8547-4c91-9d9b-6c23ac0a3ed9/build]   | [INFO] Running ch.jalu.configme.configurationdata.CommentsConfigurationTest
[a881d69a-8547-4c91-9d9b-6c23ac0a3ed9/build]   | [INFO] Tests run: 3, Failures: 0, Errors: 0, Skipped: 0, Time elapsed: 0.005 s -- in ch.jalu.configme.configurationdata.CommentsConfigurationTest
[a881d69a-8547-4c91-9d9b-6c23ac0a3ed9/build]   | [INFO] Running ch.jalu.configme.configurationdata.PropertyValueTest
[a881d69a-8547-4c91-9d9b-6c23ac0a3ed9/build]   | [INFO] Tests run: 3, Failures: 0, Errors: 0, Skipped: 0, Time elapsed: 0.004 s -- in ch.jalu.configme.configurationdata.PropertyValueTest
[a881d69a-8547-4c91-9d9b-6c23ac0a3ed9/build]   | [INFO] Running ch.jalu.configme.configurationdata.PropertyListBuilderTest
[a881d69a-8547-4c91-9d9b-6c23ac0a3ed9/build]   | [ERROR] Tests run: 12, Failures: 7, Errors: 0, Skipped: 0, Time elapsed: 0.050 s <<< FAILURE! -- in ch.jalu.configme.configurationdata.PropertyListBuilderTest
[a881d69a-8547-4c91-9d9b-6c23ac0a3ed9/build]   | [ERROR] ch.jalu.configme.configurationdata.PropertyListBuilderTest.shouldThrowForMalformedPropertyPath(String)[1] -- Time elapsed: 0.012 s <<< FAILURE!
[a881d69a-8547-4c91-9d9b-6c23ac0a3ed9/build]   | org.opentest4j.AssertionFailedError: Unexpected exception type thrown, expected: <ch.jalu.configme.exception.ConfigMeException> but was: <java.lang.ArrayIndexOutOfBoundsException>
[a881d69a-8547-4c91-9d9b-6c23ac0a3ed9/build]   | 	at org.junit.jupiter.api.AssertionFailureBuilder.build(AssertionFailureBuilder.java:151)
[a881d69a-8547-4c91-9d9b-6c23ac0a3ed9/build]   | 	at org.junit.jupiter.api.AssertThrows.assertThrows(AssertThrows.java:67)
[a881d69a-8547-4c91-9d9b-6c23ac0a3ed9/build]   | 	at org.junit.jupiter.api.AssertThrows.assertThrows(AssertThrows.java:35)
[a881d69a-8547-4c91-9d9b-6c23ac0a3ed9/build]   | 	at org.junit.jupiter.api.Assertions.assertThrows(Assertions.java:3111)
[a881d69a-8547-4c91-9d9b-6c23ac0a3ed9/build]   | 	at ch.jalu.configme.configurationdata.PropertyListBuilderTest.shouldThrowForMalformedPropertyPath(PropertyListBuilderTest.java:144)
[a881d69a-8547-4c91-9d9b-6c23ac0a3ed9/build]   | 	at java.base/java.lang.reflect.Method.invoke(Method.java:566)
[a881d69a-8547-4c91-9d9b-6c23ac0a3ed9/build]   | 	at java.base/java.util.stream.ForEachOps$ForEachOp$OfRef.accept(ForEachOps.java:183)
[a881d69a-8547-4c91-9d9b-6c23ac0a3ed9/build]   | 	at java.base/java.util.stream.ReferencePipeline$3$1.accept(ReferencePipeline.java:195)
[a881d69a-8547-4c91-9d9b-6c23ac0a3ed9/build]   | 	at java.base/java.util.stream.ReferencePipeline$2$1.accept(ReferencePipeline.java:177)
[a881d69a-8547-4c91-9d9b-6c23ac0a3ed9/build]   | 	at java.base/java.util.stream.ReferencePipeline$3$1.accept(ReferencePipeline.java:195)
[a881d69a-8547-4c91-9d9b-6c23ac0a3ed9/build]   | 	at java.base/java.util.stream.ForEachOps$ForEachOp$OfRef.accept(ForEachOps.java:183)
[a881d69a-8547-4c91-9d9b-6c23ac0a3ed9/build]   | 	at java.base/java.util.stream.ReferencePipeline$3$1.accept(ReferencePipeline.java:195)
[a881d69a-8547-4c91-9d9b-6c23ac0a3ed9/build]   | 	at java.base/java.util.stream.ReferencePipeline$3$1.accept(ReferencePipeline.java:195)
[a881d69a-8547-4c91-9d9b-6c23ac0a3ed9/build]   | 	at java.base/java.util.stream.ReferencePipeline$3$1.accept(ReferencePipeline.java:195)
[a881d69a-8547-4c91-9d9b-6c23ac0a3ed9/build]   | 	at java.base/java.util.stream.ForEachOps$ForEachOp$OfRef.accept(ForEachOps.java:183)
[a881d69a-8547-4c91-9d9b-6c23ac0a3ed9/build]   | 	at java.base/java.util.stream.ReferencePipeline$3$1.accept(ReferencePipeline.java:195)
[a881d69a-8547-4c91-9d9b-6c23ac0a3ed9/build]   | 	at java.base/java.util.Spliterators$ArraySpliterator.forEachRemaining(Spliterators.java:948)
[a881d69a-8547-4c91-9d9b-6c23ac0a3ed9/build]   | 	at java.base/java.util.stream.ReferencePipeline$Head.forEach(ReferencePipeline.java:658)
[a881d69a-8547-4c91-9d9b-6c23ac0a3ed9/build]   | 	at java.base/java.util.stream.ReferencePipeline$7$1.accept(ReferencePipeline.java:274)
[a881d69a-8547-4c91-9d9b-6c23ac0a3ed9/build]   | 	at java.base/java.util.stream.ReferencePipeline$3$1.accept(ReferencePipeline.java:195)
[a881d69a-8547-4c91-9d9b-6c23ac0a3ed9/build]   | 	at java.base/java.util.stream.ReferencePipeline$3$1.accept(ReferencePipeline.java:195)
[a881d69a-8547-4c91-9d9b-6c23ac0a3ed9/build]   | 	at java.base/java.util.stream.ReferencePipeline$3$1.accept(ReferencePipeline.java:195)
[a881d69a-8547-4c91-9d9b-6c23ac0a3ed9/build]   | 	at java.base/java.util.Spliterators$ArraySpliterator.forEachRemaining(Spliterators.java:948)
[a881d69a-8547-4c91-9d9b-6c23ac0a3ed9/build]   | 	at java.base/java.util.stream.AbstractPipeline.copyInto(AbstractPipeline.java:484)
[a881d69a-8547-4c91-9d9b-6c23ac0a3ed9/build]   | 	at java.base/java.util.stream.AbstractPipeline.wrapAndCopyInto(AbstractPipeline.java:474)
[a881d69a-8547-4c91-9d9b-6c23ac0a3ed9/build]   | 	at java.base/java.util.stream.ForEachOps$ForEachOp.evaluateSequential(ForEachOps.java:150)
[a881d69a-8547-4c91-9d9b-6c23ac0a3ed9/build]   | 	at java.base/java.util.stream.ForEachOps$ForEachOp$OfRef.evaluateSequential(ForEachOps.java:173)
[a881d69a-8547-4c91-9d9b-6c23ac0a3ed9/build]   | 	at java.base/java.util.stream.AbstractPipeline.evaluate(AbstractPipeline.java:234)
[a881d69a-8547-4c91-9d9b-6c23ac0a3ed9/build]   | 	at java.base/java.util.stream.ReferencePipeline.forEach(ReferencePipeline.java:497)
[a881d69a-8547-4c91-9d9b-6c23ac0a3ed9/build]   | 	at java.base/java.util.stream.ReferencePipeline$7$1.accept(ReferencePipeline.java:274)
[a881d69a-8547-4c91-9d9b-6c23ac0a3ed9/build]   | 	at java.base/java.util.stream.ReferencePipeline$3$1.accept(ReferencePipeline.java:195)
[a881d69a-8547-4c91-9d9b-6c23ac0a3ed9/build]   | 	at java.base/java.util.stream.ReferencePipeline$3$1.accept(ReferencePipeline.java:195)
[a881d69a-8547-4c91-9d9b-6c23ac0a3ed9/build]   | 	at java.base/java.util.stream.ReferencePipeline$3$1.accept(ReferencePipeline.java:195)
[a881d69a-8547-4c91-9d9b-6c23ac0a3ed9/build]   | 	at java.base/java.util.ArrayList$ArrayListSpliterator.forEachRemaining(ArrayList.java:1655)
[a881d69a-8547-4c91-9d9b-6c23ac0a3ed9/build]   | 	at java.base/java.util.stream.AbstractPipeline.copyInto(AbstractPipeline.java:484)
[a881d69a-8547-4c91-9d9b-6c23ac0a3ed9/build]   | 	at java.base/java.util.stream.AbstractPipeline.wrapAndCopyInto(AbstractPipeline.java:474)
[a881d69a-8547-4c91-9d9b-6c23ac0a3ed9/build]   | 	at java.base/java.util.stream.ForEachOps$ForEachOp.evaluateSequential(ForEachOps.java:150)
[a881d69a-8547-4c91-9d9b-6c23ac0a3ed9/build]   | 	at java.base/java.util.stream.ForEachOps$ForEachOp$OfRef.evaluateSequential(ForEachOps.java:173)
[a881d69a-8547-4c91-9d9b-6c23ac0a3ed9/build]   | 	at java.base/java.util.stream.AbstractPipeline.evaluate(AbstractPipeline.java:234)
[a881d69a-8547-4c91-9d9b-6c23ac0a3ed9/build]   | 	at java.base/java.util.stream.ReferencePipeline.forEach(ReferencePipeline.java:497)
[a881d69a-8547-4c91-9d9b-6c23ac0a3ed9/build]   | 	at java.base/java.util.stream.ReferencePipeline$7$1.accept(ReferencePipeline.java:274)
[a881d69a-8547-4c91-9d9b-6c23ac0a3ed9/build]   | 	at java.base/java.util.ArrayList$ArrayListSpliterator.forEachRemaining(ArrayList.java:1655)
[a881d69a-8547-4c91-9d9b-6c23ac0a3ed9/build]   | 	at java.base/java.util.stream.AbstractPipeline.copyInto(AbstractPipeline.java:484)
[a881d69a-8547-4c91-9d9b-6c23ac0a3ed9/build]   | 	at java.base/java.util.stream.AbstractPipeline.wrapAndCopyInto(AbstractPipeline.java:474)
[a881d69a-8547-4c91-9d9b-6c23ac0a3ed9/build]   | 	at java.base/java.util.stream.ForEachOps$ForEachOp.evaluateSequential(ForEachOps.java:150)
[a881d69a-8547-4c91-9d9b-6c23ac0a3ed9/build]   | 	at java.base/java.util.stream.ForEachOps$ForEachOp$OfRef.evaluateSequential(ForEachOps.java:173)
[a881d69a-8547-4c91-9d9b-6c23ac0a3ed9/build]   | 	at java.base/java.util.stream.AbstractPipeline.evaluate(AbstractPipeline.java:234)
[a881d69a-8547-4c91-9d9b-6c23ac0a3ed9/build]   | 	at java.base/java.util.stream.ReferencePipeline.forEach(ReferencePipeline.java:497)
[a881d69a-8547-4c91-9d9b-6c23ac0a3ed9/build]   | 	at java.base/java.util.ArrayList.forEach(ArrayList.java:1541)
[a881d69a-8547-4c91-9d9b-6c23ac0a3ed9/build]   | 	at java.base/java.util.ArrayList.forEach(ArrayList.java:1541)
[a881d69a-8547-4c91-9d9b-6c23ac0a3ed9/build]   | Caused by: java.lang.ArrayIndexOutOfBoundsException: Index -1 out of bounds for length 0
[a881d69a-8547-4c91-9d9b-6c23ac0a3ed9/build]   | 	at ch.jalu.configme.configurationdata.PropertyListBuilder.add(PropertyListBuilder.java:41)
[a881d69a-8547-4c91-9d9b-6c23ac0a3ed9/build]   | 	at ch.jalu.configme.configurationdata.PropertyListBuilderTest.lambda$shouldThrowForMalformedPropertyPath$3(PropertyListBuilderTest.java:145)
[a881d69a-8547-4c91-9d9b-6c23ac0a3ed9/build]   | 	at org.junit.jupiter.api.AssertThrows.assertThrows(AssertThrows.java:53)
[a881d69a-8547-4c91-9d9b-6c23ac0a3ed9/build]   | 	... 48 more
[a881d69a-8547-4c91-9d9b-6c23ac0a3ed9/build]   | 
[a881d69a-8547-4c91-9d9b-6c23ac0a3ed9/build]   | [ERROR] ch.jalu.configme.configurationdata.PropertyListBuilderTest.shouldThrowForMalformedPropertyPath(String)[2] -- Time elapsed: 0.003 s <<< FAILURE!
[a881d69a-8547-4c91-9d9b-6c23ac0a3ed9/build]   | org.opentest4j.AssertionFailedError: Unexpected exception type thrown, expected: <ch.jalu.configme.exception.ConfigMeException> but was: <java.lang.ArrayIndexOutOfBoundsException>
[a881d69a-8547-4c91-9d9b-6c23ac0a3ed9/build]   | 	at org.junit.jupiter.api.AssertionFailureBuilder.build(AssertionFailureBuilder.java:151)
[a881d69a-8547-4c91-9d9b-6c23ac0a3ed9/build]   | 	at org.junit.jupiter.api.AssertThrows.assertThrows(AssertThrows.java:67)
[a881d69a-8547-4c91-9d9b-6c23ac0a3ed9/build]   | 	at org.junit.jupiter.api.AssertThrows.assertThrows(AssertThrows.java:35)
[a881d69a-8547-4c91-9d9b-6c23ac0a3ed9/build]   | 	at org.junit.jupiter.api.Assertions.assertThrows(Assertions.java:3111)
[a881d69a-8547-4c91-9d9b-6c23ac0a3ed9/build]   | 	at ch.jalu.configme.configurationdata.PropertyListBuilderTest.shouldThrowForMalformedPropertyPath(PropertyListBuilderTest.java:144)
[a881d69a-8547-4c91-9d9b-6c23ac0a3ed9/build]   | 	at java.base/java.lang.reflect.Method.invoke(Method.java:566)
[a881d69a-8547-4c91-9d9b-6c23ac0a3ed9/build]   | 	at java.base/java.util.stream.ForEachOps$ForEachOp$OfRef.accept(ForEachOps.java:183)
[a881d69a-8547-4c91-9d9b-6c23ac0a3ed9/build]   | 	at java.base/java.util.stream.ReferencePipeline$3$1.accept(ReferencePipeline.java:195)
[a881d69a-8547-4c91-9d9b-6c23ac0a3ed9/build]   | 	at java.base/java.util.stream.ReferencePipeline$2$1.accept(ReferencePipeline.java:177)
[a881d69a-8547-4c91-9d9b-6c23ac0a3ed9/build]   | 	at java.base/java.util.stream.ReferencePipeline$3$1.accept(ReferencePipeline.java:195)
[a881d69a-8547-4c91-9d9b-6c23ac0a3ed9/build]   | 	at java.base/java.util.stream.ForEachOps$ForEachOp$OfRef.accept(ForEachOps.java:183)
[a881d69a-8547-4c91-9d9b-6c23ac0a3ed9/build]   | 	at java.base/java.util.stream.ReferencePipeline$3$1.accept(ReferencePipeline.java:195)
[a881d69a-8547-4c91-9d9b-6c23ac0a3ed9/build]   | 	at java.base/java.util.stream.ReferencePipeline$3$1.accept(ReferencePipeline.java:195)
[a881d69a-8547-4c91-9d9b-6c23ac0a3ed9/build]   | 	at java.base/java.util.stream.ReferencePipeline$3$1.accept(ReferencePipeline.java:195)
[a881d69a-8547-4c91-9d9b-6c23ac0a3ed9/build]   | 	at java.base/java.util.stream.ForEachOps$ForEachOp$OfRef.accept(ForEachOps.java:183)
[a881d69a-8547-4c91-9d9b-6c23ac0a3ed9/build]   | 	at java.base/java.util.stream.ReferencePipeline$3$1.accept(ReferencePipeline.java:195)
[a881d69a-8547-4c91-9d9b-6c23ac0a3ed9/build]   | 	at java.base/java.util.Spliterators$ArraySpliterator.forEachRemaining(Spliterators.java:948)
[a881d69a-8547-4c91-9d9b-6c23ac0a3ed9/build]   | 	at java.base/java.util.stream.ReferencePipeline$Head.forEach(ReferencePipeline.java:658)
[a881d69a-8547-4c91-9d9b-6c23ac0a3ed9/build]   | 	at java.base/java.util.stream.ReferencePipeline$7$1.accept(ReferencePipeline.java:274)
[a881d69a-8547-4c91-9d9b-6c23ac0a3ed9/build]   | 	at java.base/java.util.stream.ReferencePipeline$3$1.accept(ReferencePipeline.java:195)
[a881d69a-8547-4c91-9d9b-6c23ac0a3ed9/build]   | 	at java.base/java.util.stream.ReferencePipeline$3$1.accept(ReferencePipeline.java:195)
[a881d69a-8547-4c91-9d9b-6c23ac0a3ed9/build]   | 	at java.base/java.util.stream.ReferencePipeline$3$1.accept(ReferencePipeline.java:195)
[a881d69a-8547-4c91-9d9b-6c23ac0a3ed9/build]   | 	at java.base/java.util.Spliterators$ArraySpliterator.forEachRemaining(Spliterators.java:948)
[a881d69a-8547-4c91-9d9b-6c23ac0a3ed9/build]   | 	at java.base/java.util.stream.AbstractPipeline.copyInto(AbstractPipeline.java:484)
[a881d69a-8547-4c91-9d9b-6c23ac0a3ed9/build]   | 	at java.base/java.util.stream.AbstractPipeline.wrapAndCopyInto(AbstractPipeline.java:474)
[a881d69a-8547-4c91-9d9b-6c23ac0a3ed9/build]   | 	at java.base/java.util.stream.ForEachOps$ForEachOp.evaluateSequential(ForEachOps.java:150)
[a881d69a-8547-4c91-9d9b-6c23ac0a3ed9/build]   | 	at java.base/java.util.stream.ForEachOps$ForEachOp$OfRef.evaluateSequential(ForEachOps.java:173)
[a881d69a-8547-4c91-9d9b-6c23ac0a3ed9/build]   | 	at java.base/java.util.stream.AbstractPipeline.evaluate(AbstractPipeline.java:234)
[a881d69a-8547-4c91-9d9b-6c23ac0a3ed9/build]   | 	at java.base/java.util.stream.ReferencePipeline.forEach(ReferencePipeline.java:497)
[a881d69a-8547-4c91-9d9b-6c23ac0a3ed9/build]   | 	at java.base/java.util.stream.ReferencePipeline$7$1.accept(ReferencePipeline.java:274)
[a881d69a-8547-4c91-9d9b-6c23ac0a3ed9/build]   | 	at java.base/java.util.stream.ReferencePipeline$3$1.accept(ReferencePipeline.java:195)
[a881d69a-8547-4c91-9d9b-6c23ac0a3ed9/build]   | 	at java.base/java.util.stream.ReferencePipeline$3$1.accept(ReferencePipeline.java:195)
[a881d69a-8547-4c91-9d9b-6c23ac0a3ed9/build]   | 	at java.base/java.util.stream.ReferencePipeline$3$1.accept(ReferencePipeline.java:195)
[a881d69a-8547-4c91-9d9b-6c23ac0a3ed9/build]   | 	at java.base/java.util.ArrayList$ArrayListSpliterator.forEachRemaining(ArrayList.java:1655)
[a881d69a-8547-4c91-9d9b-6c23ac0a3ed9/build]   | 	at java.base/java.util.stream.AbstractPipeline.copyInto(AbstractPipeline.java:484)
[a881d69a-8547-4c91-9d9b-6c23ac0a3ed9/build]   | 	at java.base/java.util.stream.AbstractPipeline.wrapAndCopyInto(AbstractPipeline.java:474)
[a881d69a-8547-4c91-9d9b-6c23ac0a3ed9/build]   | 	at java.base/java.util.stream.ForEachOps$ForEachOp.evaluateSequential(ForEachOps.java:150)
[a881d69a-8547-4c91-9d9b-6c23ac0a3ed9/build]   | 	at java.base/java.util.stream.ForEachOps$ForEachOp$OfRef.evaluateSequential(ForEachOps.java:173)
[a881d69a-8547-4c91-9d9b-6c23ac0a3ed9/build]   | 	at java.base/java.util.stream.AbstractPipeline.evaluate(AbstractPipeline.java:234)
[a881d69a-8547-4c91-9d9b-6c23ac0a3ed9/build]   | 	at java.base/java.util.stream.ReferencePipeline.forEach(ReferencePipeline.java:497)
[a881d69a-8547-4c91-9d9b-6c23ac0a3ed9/build]   | 	at java.base/java.util.stream.ReferencePipeline$7$1.accept(ReferencePipeline.java:274)
[a881d69a-8547-4c91-9d9b-6c23ac0a3ed9/build]   | 	at java.base/java.util.ArrayList$ArrayListSpliterator.forEachRemaining(ArrayList.java:1655)
[a881d69a-8547-4c91-9d9b-6c23ac0a3ed9/build]   | 	at java.base/java.util.stream.AbstractPipeline.copyInto(AbstractPipeline.java:484)
[a881d69a-8547-4c91-9d9b-6c23ac0a3ed9/build]   | 	at java.base/java.util.stream.AbstractPipeline.wrapAndCopyInto(AbstractPipeline.java:474)
[a881d69a-8547-4c91-9d9b-6c23ac0a3ed9/build]   | 	at java.base/java.util.stream.ForEachOps$ForEachOp.evaluateSequential(ForEachOps.java:150)
[a881d69a-8547-4c91-9d9b-6c23ac0a3ed9/build]   | 	at java.base/java.util.stream.ForEachOps$ForEachOp$OfRef.evaluateSequential(ForEachOps.java:173)
[a881d69a-8547-4c91-9d9b-6c23ac0a3ed9/build]   | 	at java.base/java.util.stream.AbstractPipeline.evaluate(AbstractPipeline.java:234)
[a881d69a-8547-4c91-9d9b-6c23ac0a3ed9/build]   | 	at java.base/java.util.stream.ReferencePipeline.forEach(ReferencePipeline.java:497)
[a881d69a-8547-4c91-9d9b-6c23ac0a3ed9/build]   | 	at java.base/java.util.ArrayList.forEach(ArrayList.java:1541)
[a881d69a-8547-4c91-9d9b-6c23ac0a3ed9/build]   | 	at java.base/java.util.ArrayList.forEach(ArrayList.java:1541)
[a881d69a-8547-4c91-9d9b-6c23ac0a3ed9/build]   | Caused by: java.lang.ArrayIndexOutOfBoundsException: Index -1 out of bounds for length 0
[a881d69a-8547-4c91-9d9b-6c23ac0a3ed9/build]   | 	at ch.jalu.configme.configurationdata.PropertyListBuilder.add(PropertyListBuilder.java:41)
[a881d69a-8547-4c91-9d9b-6c23ac0a3ed9/build]   | 	at ch.jalu.configme.configurationdata.PropertyListBuilderTest.lambda$shouldThrowForMalformedPropertyPath$3(PropertyListBuilderTest.java:145)
[a881d69a-8547-4c91-9d9b-6c23ac0a3ed9/build]   | 	at org.junit.jupiter.api.AssertThrows.assertThrows(AssertThrows.java:53)
[a881d69a-8547-4c91-9d9b-6c23ac0a3ed9/build]   | 	... 48 more
[a881d69a-8547-4c91-9d9b-6c23ac0a3ed9/build]   | 
[a881d69a-8547-4c91-9d9b-6c23ac0a3ed9/build]   | [ERROR] ch.jalu.configme.configurationdata.PropertyListBuilderTest.shouldThrowForMalformedPropertyPath(String)[3] -- Time elapsed: 0.002 s <<< FAILURE!
[a881d69a-8547-4c91-9d9b-6c23ac0a3ed9/build]   | org.opentest4j.AssertionFailedError: Expected ch.jalu.configme.exception.ConfigMeException to be thrown, but nothing was thrown.
[a881d69a-8547-4c91-9d9b-6c23ac0a3ed9/build]   | 	at org.junit.jupiter.api.AssertionFailureBuilder.build(AssertionFailureBuilder.java:152)
[a881d69a-8547-4c91-9d9b-6c23ac0a3ed9/build]   | 	at org.junit.jupiter.api.AssertThrows.assertThrows(AssertThrows.java:73)
[a881d69a-8547-4c91-9d9b-6c23ac0a3ed9/build]   | 	at org.junit.jupiter.api.AssertThrows.assertThrows(AssertThrows.java:35)
[a881d69a-8547-4c91-9d9b-6c23ac0a3ed9/build]   | 	at org.junit.jupiter.api.Assertions.assertThrows(Assertions.java:3111)
[a881d69a-8547-4c91-9d9b-6c23ac0a3ed9/build]   | 	at ch.jalu.configme.configurationdata.PropertyListBuilderTest.shouldThrowForMalformedPropertyPath(PropertyListBuilderTest.java:144)
[a881d69a-8547-4c91-9d9b-6c23ac0a3ed9/build]   | 	at java.base/java.lang.reflect.Method.invoke(Method.java:566)
[a881d69a-8547-4c91-9d9b-6c23ac0a3ed9/build]   | 	at java.base/java.util.stream.ForEachOps$ForEachOp$OfRef.accept(ForEachOps.java:183)
[a881d69a-8547-4c91-9d9b-6c23ac0a3ed9/build]   | 	at java.base/java.util.stream.ReferencePipeline$3$1.accept(ReferencePipeline.java:195)
[a881d69a-8547-4c91-9d9b-6c23ac0a3ed9/build]   | 	at java.base/java.util.stream.ReferencePipeline$2$1.accept(ReferencePipeline.java:177)
[a881d69a-8547-4c91-9d9b-6c23ac0a3ed9/build]   | 	at java.base/java.util.stream.ReferencePipeline$3$1.accept(ReferencePipeline.java:195)
[a881d69a-8547-4c91-9d9b-6c23ac0a3ed9/build]   | 	at java.base/java.util.stream.ForEachOps$ForEachOp$OfRef.accept(ForEachOps.java:183)
[a881d69a-8547-4c91-9d9b-6c23ac0a3ed9/build]   | 	at java.base/java.util.stream.ReferencePipeline$3$1.accept(ReferencePipeline.java:195)
[a881d69a-8547-4c91-9d9b-6c23ac0a3ed9/build]   | 	at java.base/java.util.stream.ReferencePipeline$3$1.accept(ReferencePipeline.java:195)
[a881d69a-8547-4c91-9d9b-6c23ac0a3ed9/build]   | 	at java.base/java.util.stream.ReferencePipeline$3$1.accept(ReferencePipeline.java:195)
[a881d69a-8547-4c91-9d9b-6c23ac0a3ed9/build]   | 	at java.base/java.util.stream.ForEachOps$ForEachOp$OfRef.accept(ForEachOps.java:183)
[a881d69a-8547-4c91-9d9b-6c23ac0a3ed9/build]   | 	at java.base/java.util.stream.ReferencePipeline$3$1.accept(ReferencePipeline.java:195)
[a881d69a-8547-4c91-9d9b-6c23ac0a3ed9/build]   | 	at java.base/java.util.Spliterators$ArraySpliterator.forEachRemaining(Spliterators.java:948)
[a881d69a-8547-4c91-9d9b-6c23ac0a3ed9/build]   | 	at java.base/java.util.stream.ReferencePipeline$Head.forEach(ReferencePipeline.java:658)
[a881d69a-8547-4c91-9d9b-6c23ac0a3ed9/build]   | 	at java.base/java.util.stream.ReferencePipeline$7$1.accept(ReferencePipeline.java:274)
[a881d69a-8547-4c91-9d9b-6c23ac0a3ed9/build]   | 	at java.base/java.util.stream.ReferencePipeline$3$1.accept(ReferencePipeline.java:195)
[a881d69a-8547-4c91-9d9b-6c23ac0a3ed9/build]   | 	at java.base/java.util.stream.ReferencePipeline$3$1.accept(ReferencePipeline.java:195)
[a881d69a-8547-4c91-9d9b-6c23ac0a3ed9/build]   | 	at java.base/java.util.stream.ReferencePipeline$3$1.accept(ReferencePipeline.java:195)
[a881d69a-8547-4c91-9d9b-6c23ac0a3ed9/build]   | 	at java.base/java.util.Spliterators$ArraySpliterator.forEachRemaining(Spliterators.java:948)
[a881d69a-8547-4c91-9d9b-6c23ac0a3ed9/build]   | 	at java.base/java.util.stream.AbstractPipeline.copyInto(AbstractPipeline.java:484)
[a881d69a-8547-4c91-9d9b-6c23ac0a3ed9/build]   | 	at java.base/java.util.stream.AbstractPipeline.wrapAndCopyInto(AbstractPipeline.java:474)
[a881d69a-8547-4c91-9d9b-6c23ac0a3ed9/build]   | 	at java.base/java.util.stream.ForEachOps$ForEachOp.evaluateSequential(ForEachOps.java:150)
[a881d69a-8547-4c91-9d9b-6c23ac0a3ed9/build]   | 	at java.base/java.util.stream.ForEachOps$ForEachOp$OfRef.evaluateSequential(ForEachOps.java:173)
[a881d69a-8547-4c91-9d9b-6c23ac0a3ed9/build]   | 	at java.base/java.util.stream.AbstractPipeline.evaluate(AbstractPipeline.java:234)
[a881d69a-8547-4c91-9d9b-6c23ac0a3ed9/build]   | 	at java.base/java.util.stream.ReferencePipeline.forEach(ReferencePipeline.java:497)
[a881d69a-8547-4c91-9d9b-6c23ac0a3ed9/build]   | 	at java.base/java.util.stream.ReferencePipeline$7$1.accept(ReferencePipeline.java:274)
[a881d69a-8547-4c91-9d9b-6c23ac0a3ed9/build]   | 	at java.base/java.util.stream.ReferencePipeline$3$1.accept(ReferencePipeline.java:195)
[a881d69a-8547-4c91-9d9b-6c23ac0a3ed9/build]   | 	at java.base/java.util.stream.ReferencePipeline$3$1.accept(ReferencePipeline.java:195)
[a881d69a-8547-4c91-9d9b-6c23ac0a3ed9/build]   | 	at java.base/java.util.stream.ReferencePipeline$3$1.accept(ReferencePipeline.java:195)
[a881d69a-8547-4c91-9d9b-6c23ac0a3ed9/build]   | 	at java.base/java.util.ArrayList$ArrayListSpliterator.forEachRemaining(ArrayList.java:1655)
[a881d69a-8547-4c91-9d9b-6c23ac0a3ed9/build]   | 	at java.base/java.util.stream.AbstractPipeline.copyInto(AbstractPipeline.java:484)
[a881d69a-8547-4c91-9d9b-6c23ac0a3ed9/build]   | 	at java.base/java.util.stream.AbstractPipeline.wrapAndCopyInto(AbstractPipeline.java:474)
[a881d69a-8547-4c91-9d9b-6c23ac0a3ed9/build]   | 	at java.base/java.util.stream.ForEachOps$ForEachOp.evaluateSequential(ForEachOps.java:150)
[a881d69a-8547-4c91-9d9b-6c23ac0a3ed9/build]   | 	at java.base/java.util.stream.ForEachOps$ForEachOp$OfRef.evaluateSequential(ForEachOps.java:173)
[a881d69a-8547-4c91-9d9b-6c23ac0a3ed9/build]   | 	at java.base/java.util.stream.AbstractPipeline.evaluate(AbstractPipeline.java:234)
[a881d69a-8547-4c91-9d9b-6c23ac0a3ed9/build]   | 	at java.base/java.util.stream.ReferencePipeline.forEach(ReferencePipeline.java:497)
[a881d69a-8547-4c91-9d9b-6c23ac0a3ed9/build]   | 	at java.base/java.util.stream.ReferencePipeline$7$1.accept(ReferencePipeline.java:274)
[a881d69a-8547-4c91-9d9b-6c23ac0a3ed9/build]   | 	at java.base/java.util.ArrayList$ArrayListSpliterator.forEachRemaining(ArrayList.java:1655)
[a881d69a-8547-4c91-9d9b-6c23ac0a3ed9/build]   | 	at java.base/java.util.stream.AbstractPipeline.copyInto(AbstractPipeline.java:484)
[a881d69a-8547-4c91-9d9b-6c23ac0a3ed9/build]   | 	at java.base/java.util.stream.AbstractPipeline.wrapAndCopyInto(AbstractPipeline.java:474)
[a881d69a-8547-4c91-9d9b-6c23ac0a3ed9/build]   | 	at java.base/java.util.stream.ForEachOps$ForEachOp.evaluateSequential(ForEachOps.java:150)
[a881d69a-8547-4c91-9d9b-6c23ac0a3ed9/build]   | 	at java.base/java.util.stream.ForEachOps$ForEachOp$OfRef.evaluateSequential(ForEachOps.java:173)
[a881d69a-8547-4c91-9d9b-6c23ac0a3ed9/build]   | 	at java.base/java.util.stream.AbstractPipeline.evaluate(AbstractPipeline.java:234)
[a881d69a-8547-4c91-9d9b-6c23ac0a3ed9/build]   | 	at java.base/java.util.stream.ReferencePipeline.forEach(ReferencePipeline.java:497)
[a881d69a-8547-4c91-9d9b-6c23ac0a3ed9/build]   | 	at java.base/java.util.ArrayList.forEach(ArrayList.java:1541)
[a881d69a-8547-4c91-9d9b-6c23ac0a3ed9/build]   | 	at java.base/java.util.ArrayList.forEach(ArrayList.java:1541)
[a881d69a-8547-4c91-9d9b-6c23ac0a3ed9/build]   | 
[a881d69a-8547-4c91-9d9b-6c23ac0a3ed9/build]   | [ERROR] ch.jalu.configme.configurationdata.PropertyListBuilderTest.shouldThrowForMalformedPropertyPath(String)[4] -- Time elapsed: 0.002 s <<< FAILURE!
[a881d69a-8547-4c91-9d9b-6c23ac0a3ed9/build]   | org.opentest4j.AssertionFailedError: Expected ch.jalu.configme.exception.ConfigMeException to be thrown, but nothing was thrown.
[a881d69a-8547-4c91-9d9b-6c23ac0a3ed9/build]   | 	at org.junit.jupiter.api.AssertionFailureBuilder.build(AssertionFailureBuilder.java:152)
[a881d69a-8547-4c91-9d9b-6c23ac0a3ed9/build]   | 	at org.junit.jupiter.api.AssertThrows.assertThrows(AssertThrows.java:73)
[a881d69a-8547-4c91-9d9b-6c23ac0a3ed9/build]   | 	at org.junit.jupiter.api.AssertThrows.assertThrows(AssertThrows.java:35)
[a881d69a-8547-4c91-9d9b-6c23ac0a3ed9/build]   | 	at org.junit.jupiter.api.Assertions.assertThrows(Assertions.java:3111)
[a881d69a-8547-4c91-9d9b-6c23ac0a3ed9/build]   | 	at ch.jalu.configme.configurationdata.PropertyListBuilderTest.shouldThrowForMalformedPropertyPath(PropertyListBuilderTest.java:144)
[a881d69a-8547-4c91-9d9b-6c23ac0a3ed9/build]   | 	at java.base/java.lang.reflect.Method.invoke(Method.java:566)
[a881d69a-8547-4c91-9d9b-6c23ac0a3ed9/build]   | 	at java.base/java.util.stream.ForEachOps$ForEachOp$OfRef.accept(ForEachOps.java:183)
[a881d69a-8547-4c91-9d9b-6c23ac0a3ed9/build]   | 	at java.base/java.util.stream.ReferencePipeline$3$1.accept(ReferencePipeline.java:195)
[a881d69a-8547-4c91-9d9b-6c23ac0a3ed9/build]   | 	at java.base/java.util.stream.ReferencePipeline$2$1.accept(ReferencePipeline.java:177)
[a881d69a-8547-4c91-9d9b-6c23ac0a3ed9/build]   | 	at java.base/java.util.stream.ReferencePipeline$3$1.accept(ReferencePipeline.java:195)
[a881d69a-8547-4c91-9d9b-6c23ac0a3ed9/build]   | 	at java.base/java.util.stream.ForEachOps$ForEachOp$OfRef.accept(ForEachOps.java:183)
[a881d69a-8547-4c91-9d9b-6c23ac0a3ed9/build]   | 	at java.base/java.util.stream.ReferencePipeline$3$1.accept(ReferencePipeline.java:195)
[a881d69a-8547-4c91-9d9b-6c23ac0a3ed9/build]   | 	at java.base/java.util.stream.ReferencePipeline$3$1.accept(ReferencePipeline.java:195)
[a881d69a-8547-4c91-9d9b-6c23ac0a3ed9/build]   | 	at java.base/java.util.stream.ReferencePipeline$3$1.accept(ReferencePipeline.java:195)
[a881d69a-8547-4c91-9d9b-6c23ac0a3ed9/build]   | 	at java.base/java.util.stream.ForEachOps$ForEachOp$OfRef.accept(ForEachOps.java:183)
[a881d69a-8547-4c91-9d9b-6c23ac0a3ed9/build]   | 	at java.base/java.util.stream.ReferencePipeline$3$1.accept(ReferencePipeline.java:195)
[a881d69a-8547-4c91-9d9b-6c23ac0a3ed9/build]   | 	at java.base/java.util.Spliterators$ArraySpliterator.forEachRemaining(Spliterators.java:948)
[a881d69a-8547-4c91-9d9b-6c23ac0a3ed9/build]   | 	at java.base/java.util.stream.ReferencePipeline$Head.forEach(ReferencePipeline.java:658)
[a881d69a-8547-4c91-9d9b-6c23ac0a3ed9/build]   | 	at java.base/java.util.stream.ReferencePipeline$7$1.accept(ReferencePipeline.java:274)
[a881d69a-8547-4c91-9d9b-6c23ac0a3ed9/build]   | 	at java.base/java.util.stream.ReferencePipeline$3$1.accept(ReferencePipeline.java:195)
[a881d69a-8547-4c91-9d9b-6c23ac0a3ed9/build]   | 	at java.base/java.util.stream.ReferencePipeline$3$1.accept(ReferencePipeline.java:195)
[a881d69a-8547-4c91-9d9b-6c23ac0a3ed9/build]   | 	at java.base/java.util.stream.ReferencePipeline$3$1.accept(ReferencePipeline.java:195)
[a881d69a-8547-4c91-9d9b-6c23ac0a3ed9/build]   | 	at java.base/java.util.Spliterators$ArraySpliterator.forEachRemaining(Spliterators.java:948)
[a881d69a-8547-4c91-9d9b-6c23ac0a3ed9/build]   | 	at java.base/java.util.stream.AbstractPipeline.copyInto(AbstractPipeline.java:484)
[a881d69a-8547-4c91-9d9b-6c23ac0a3ed9/build]   | 	at java.base/java.util.stream.AbstractPipeline.wrapAndCopyInto(AbstractPipeline.java:474)
[a881d69a-8547-4c91-9d9b-6c23ac0a3ed9/build]   | 	at java.base/java.util.stream.ForEachOps$ForEachOp.evaluateSequential(ForEachOps.java:150)
[a881d69a-8547-4c91-9d9b-6c23ac0a3ed9/build]   | 	at java.base/java.util.stream.ForEachOps$ForEachOp$OfRef.evaluateSequential(ForEachOps.java:173)
[a881d69a-8547-4c91-9d9b-6c23ac0a3ed9/build]   | 	at java.base/java.util.stream.AbstractPipeline.evaluate(AbstractPipeline.java:234)
[a881d69a-8547-4c91-9d9b-6c23ac0a3ed9/build]   | 	at java.base/java.util.stream.ReferencePipeline.forEach(ReferencePipeline.java:497)
[a881d69a-8547-4c91-9d9b-6c23ac0a3ed9/build]   | 	at java.base/java.util.stream.ReferencePipeline$7$1.accept(ReferencePipeline.java:274)
[a881d69a-8547-4c91-9d9b-6c23ac0a3ed9/build]   | 	at java.base/java.util.stream.ReferencePipeline$3$1.accept(ReferencePipeline.java:195)
[a881d69a-8547-4c91-9d9b-6c23ac0a3ed9/build]   | 	at java.base/java.util.stream.ReferencePipeline$3$1.accept(ReferencePipeline.java:195)
[a881d69a-8547-4c91-9d9b-6c23ac0a3ed9/build]   | 	at java.base/java.util.stream.ReferencePipeline$3$1.accept(ReferencePipeline.java:195)
[a881d69a-8547-4c91-9d9b-6c23ac0a3ed9/build]   | 	at java.base/java.util.ArrayList$ArrayListSpliterator.forEachRemaining(ArrayList.java:1655)
[a881d69a-8547-4c91-9d9b-6c23ac0a3ed9/build]   | 	at java.base/java.util.stream.AbstractPipeline.copyInto(AbstractPipeline.java:484)
[a881d69a-8547-4c91-9d9b-6c23ac0a3ed9/build]   | 	at java.base/java.util.stream.AbstractPipeline.wrapAndCopyInto(AbstractPipeline.java:474)
[a881d69a-8547-4c91-9d9b-6c23ac0a3ed9/build]   | 	at java.base/java.util.stream.ForEachOps$ForEachOp.evaluateSequential(ForEachOps.java:150)
[a881d69a-8547-4c91-9d9b-6c23ac0a3ed9/build]   | 	at java.base/java.util.stream.ForEachOps$ForEachOp$OfRef.evaluateSequential(ForEachOps.java:173)
[a881d69a-8547-4c91-9d9b-6c23ac0a3ed9/build]   | 	at java.base/java.util.stream.AbstractPipeline.evaluate(AbstractPipeline.java:234)
[a881d69a-8547-4c91-9d9b-6c23ac0a3ed9/build]   | 	at java.base/java.util.stream.ReferencePipeline.forEach(ReferencePipeline.java:497)
[a881d69a-8547-4c91-9d9b-6c23ac0a3ed9/build]   | 	at java.base/java.util.stream.ReferencePipeline$7$1.accept(ReferencePipeline.java:274)
[a881d69a-8547-4c91-9d9b-6c23ac0a3ed9/build]   | 	at java.base/java.util.ArrayList$ArrayListSpliterator.forEachRemaining(ArrayList.java:1655)
[a881d69a-8547-4c91-9d9b-6c23ac0a3ed9/build]   | 	at java.base/java.util.stream.AbstractPipeline.copyInto(AbstractPipeline.java:484)
[a881d69a-8547-4c91-9d9b-6c23ac0a3ed9/build]   | 	at java.base/java.util.stream.AbstractPipeline.wrapAndCopyInto(AbstractPipeline.java:474)
[a881d69a-8547-4c91-9d9b-6c23ac0a3ed9/build]   | 	at java.base/java.util.stream.ForEachOps$ForEachOp.evaluateSequential(ForEachOps.java:150)
[a881d69a-8547-4c91-9d9b-6c23ac0a3ed9/build]   | 	at java.base/java.util.stream.ForEachOps$ForEachOp$OfRef.evaluateSequential(ForEachOps.java:173)
[a881d69a-8547-4c91-9d9b-6c23ac0a3ed9/build]   | 	at java.base/java.util.stream.AbstractPipeline.evaluate(AbstractPipeline.java:234)
[a881d69a-8547-4c91-9d9b-6c23ac0a3ed9/build]   | 	at java.base/java.util.stream.ReferencePipeline.forEach(ReferencePipeline.java:497)
[a881d69a-8547-4c91-9d9b-6c23ac0a3ed9/build]   | 	at java.base/java.util.ArrayList.forEach(ArrayList.java:1541)
[a881d69a-8547-4c91-9d9b-6c23ac0a3ed9/build]   | 	at java.base/java.util.ArrayList.forEach(ArrayList.java:1541)
[a881d69a-8547-4c91-9d9b-6c23ac0a3ed9/build]   | 
[a881d69a-8547-4c91-9d9b-6c23ac0a3ed9/build]   | [ERROR] ch.jalu.configme.configurationdata.PropertyListBuilderTest.shouldThrowForMalformedPropertyPath(String)[5] -- Time elapsed: 0.002 s <<< FAILURE!
[a881d69a-8547-4c91-9d9b-6c23ac0a3ed9/build]   | org.opentest4j.AssertionFailedError: Expected ch.jalu.configme.exception.ConfigMeException to be thrown, but nothing was thrown.
[a881d69a-8547-4c91-9d9b-6c23ac0a3ed9/build]   | 	at org.junit.jupiter.api.AssertionFailureBuilder.build(AssertionFailureBuilder.java:152)
[a881d69a-8547-4c91-9d9b-6c23ac0a3ed9/build]   | 	at org.junit.jupiter.api.AssertThrows.assertThrows(AssertThrows.java:73)
[a881d69a-8547-4c91-9d9b-6c23ac0a3ed9/build]   | 	at org.junit.jupiter.api.AssertThrows.assertThrows(AssertThrows.java:35)
[a881d69a-8547-4c91-9d9b-6c23ac0a3ed9/build]   | 	at org.junit.jupiter.api.Assertions.assertThrows(Assertions.java:3111)
[a881d69a-8547-4c91-9d9b-6c23ac0a3ed9/build]   | 	at ch.jalu.configme.configurationdata.PropertyListBuilderTest.shouldThrowForMalformedPropertyPath(PropertyListBuilderTest.java:144)
[a881d69a-8547-4c91-9d9b-6c23ac0a3ed9/build]   | 	at java.base/java.lang.reflect.Method.invoke(Method.java:566)
[a881d69a-8547-4c91-9d9b-6c23ac0a3ed9/build]   | 	at java.base/java.util.stream.ForEachOps$ForEachOp$OfRef.accept(ForEachOps.java:183)
[a881d69a-8547-4c91-9d9b-6c23ac0a3ed9/build]   | 	at java.base/java.util.stream.ReferencePipeline$3$1.accept(ReferencePipeline.java:195)
[a881d69a-8547-4c91-9d9b-6c23ac0a3ed9/build]   | 	at java.base/java.util.stream.ReferencePipeline$2$1.accept(ReferencePipeline.java:177)
[a881d69a-8547-4c91-9d9b-6c23ac0a3ed9/build]   | 	at java.base/java.util.stream.ReferencePipeline$3$1.accept(ReferencePipeline.java:195)
[a881d69a-8547-4c91-9d9b-6c23ac0a3ed9/build]   | 	at java.base/java.util.stream.ForEachOps$ForEachOp$OfRef.accept(ForEachOps.java:183)
[a881d69a-8547-4c91-9d9b-6c23ac0a3ed9/build]   | 	at java.base/java.util.stream.ReferencePipeline$3$1.accept(ReferencePipeline.java:195)
[a881d69a-8547-4c91-9d9b-6c23ac0a3ed9/build]   | 	at java.base/java.util.stream.ReferencePipeline$3$1.accept(ReferencePipeline.java:195)
[a881d69a-8547-4c91-9d9b-6c23ac0a3ed9/build]   | 	at java.base/java.util.stream.ReferencePipeline$3$1.accept(ReferencePipeline.java:195)
[a881d69a-8547-4c91-9d9b-6c23ac0a3ed9/build]   | 	at java.base/java.util.stream.ForEachOps$ForEachOp$OfRef.accept(ForEachOps.java:183)
[a881d69a-8547-4c91-9d9b-6c23ac0a3ed9/build]   | 	at java.base/java.util.stream.ReferencePipeline$3$1.accept(ReferencePipeline.java:195)
[a881d69a-8547-4c91-9d9b-6c23ac0a3ed9/build]   | 	at java.base/java.util.Spliterators$ArraySpliterator.forEachRemaining(Spliterators.java:948)
[a881d69a-8547-4c91-9d9b-6c23ac0a3ed9/build]   | 	at java.base/java.util.stream.ReferencePipeline$Head.forEach(ReferencePipeline.java:658)
[a881d69a-8547-4c91-9d9b-6c23ac0a3ed9/build]   | 	at java.base/java.util.stream.ReferencePipeline$7$1.accept(ReferencePipeline.java:274)
[a881d69a-8547-4c91-9d9b-6c23ac0a3ed9/build]   | 	at java.base/java.util.stream.ReferencePipeline$3$1.accept(ReferencePipeline.java:195)
[a881d69a-8547-4c91-9d9b-6c23ac0a3ed9/build]   | 	at java.base/java.util.stream.ReferencePipeline$3$1.accept(ReferencePipeline.java:195)
[a881d69a-8547-4c91-9d9b-6c23ac0a3ed9/build]   | 	at java.base/java.util.stream.ReferencePipeline$3$1.accept(ReferencePipeline.java:195)
[a881d69a-8547-4c91-9d9b-6c23ac0a3ed9/build]   | 	at java.base/java.util.Spliterators$ArraySpliterator.forEachRemaining(Spliterators.java:948)
[a881d69a-8547-4c91-9d9b-6c23ac0a3ed9/build]   | 	at java.base/java.util.stream.AbstractPipeline.copyInto(AbstractPipeline.java:484)
[a881d69a-8547-4c91-9d9b-6c23ac0a3ed9/build]   | 	at java.base/java.util.stream.AbstractPipeline.wrapAndCopyInto(AbstractPipeline.java:474)
[a881d69a-8547-4c91-9d9b-6c23ac0a3ed9/build]   | 	at java.base/java.util.stream.ForEachOps$ForEachOp.evaluateSequential(ForEachOps.java:150)
[a881d69a-8547-4c91-9d9b-6c23ac0a3ed9/build]   | 	at java.base/java.util.stream.ForEachOps$ForEachOp$OfRef.evaluateSequential(ForEachOps.java:173)
[a881d69a-8547-4c91-9d9b-6c23ac0a3ed9/build]   | 	at java.base/java.util.stream.AbstractPipeline.evaluate(AbstractPipeline.java:234)
[a881d69a-8547-4c91-9d9b-6c23ac0a3ed9/build]   | 	at java.base/java.util.stream.ReferencePipeline.forEach(ReferencePipeline.java:497)
[a881d69a-8547-4c91-9d9b-6c23ac0a3ed9/build]   | 	at java.base/java.util.stream.ReferencePipeline$7$1.accept(ReferencePipeline.java:274)
[a881d69a-8547-4c91-9d9b-6c23ac0a3ed9/build]   | 	at java.base/java.util.stream.ReferencePipeline$3$1.accept(ReferencePipeline.java:195)
[a881d69a-8547-4c91-9d9b-6c23ac0a3ed9/build]   | 	at java.base/java.util.stream.ReferencePipeline$3$1.accept(ReferencePipeline.java:195)
[a881d69a-8547-4c91-9d9b-6c23ac0a3ed9/build]   | 	at java.base/java.util.stream.ReferencePipeline$3$1.accept(ReferencePipeline.java:195)
[a881d69a-8547-4c91-9d9b-6c23ac0a3ed9/build]   | 	at java.base/java.util.ArrayList$ArrayListSpliterator.forEachRemaining(ArrayList.java:1655)
[a881d69a-8547-4c91-9d9b-6c23ac0a3ed9/build]   | 	at java.base/java.util.stream.AbstractPipeline.copyInto(AbstractPipeline.java:484)
[a881d69a-8547-4c91-9d9b-6c23ac0a3ed9/build]   | 	at java.base/java.util.stream.AbstractPipeline.wrapAndCopyInto(AbstractPipeline.java:474)
[a881d69a-8547-4c91-9d9b-6c23ac0a3ed9/build]   | 	at java.base/java.util.stream.ForEachOps$ForEachOp.evaluateSequential(ForEachOps.java:150)
[a881d69a-8547-4c91-9d9b-6c23ac0a3ed9/build]   | 	at java.base/java.util.stream.ForEachOps$ForEachOp$OfRef.evaluateSequential(ForEachOps.java:173)
[a881d69a-8547-4c91-9d9b-6c23ac0a3ed9/build]   | 	at java.base/java.util.stream.AbstractPipeline.evaluate(AbstractPipeline.java:234)
[a881d69a-8547-4c91-9d9b-6c23ac0a3ed9/build]   | 	at java.base/java.util.stream.ReferencePipeline.forEach(ReferencePipeline.java:497)
[a881d69a-8547-4c91-9d9b-6c23ac0a3ed9/build]   | 	at java.base/java.util.stream.ReferencePipeline$7$1.accept(ReferencePipeline.java:274)
[a881d69a-8547-4c91-9d9b-6c23ac0a3ed9/build]   | 	at java.base/java.util.ArrayList$ArrayListSpliterator.forEachRemaining(ArrayList.java:1655)
[a881d69a-8547-4c91-9d9b-6c23ac0a3ed9/build]   | 	at java.base/java.util.stream.AbstractPipeline.copyInto(AbstractPipeline.java:484)
[a881d69a-8547-4c91-9d9b-6c23ac0a3ed9/build]   | 	at java.base/java.util.stream.AbstractPipeline.wrapAndCopyInto(AbstractPipeline.java:474)
[a881d69a-8547-4c91-9d9b-6c23ac0a3ed9/build]   | 	at java.base/java.util.stream.ForEachOps$ForEachOp.evaluateSequential(ForEachOps.java:150)
[a881d69a-8547-4c91-9d9b-6c23ac0a3ed9/build]   | 	at java.base/java.util.stream.ForEachOps$ForEachOp$OfRef.evaluateSequential(ForEachOps.java:173)
[a881d69a-8547-4c91-9d9b-6c23ac0a3ed9/build]   | 	at java.base/java.util.stream.AbstractPipeline.evaluate(AbstractPipeline.java:234)
[a881d69a-8547-4c91-9d9b-6c23ac0a3ed9/build]   | 	at java.base/java.util.stream.ReferencePipeline.forEach(ReferencePipeline.java:497)
[a881d69a-8547-4c91-9d9b-6c23ac0a3ed9/build]   | 	at java.base/java.util.ArrayList.forEach(ArrayList.java:1541)
[a881d69a-8547-4c91-9d9b-6c23ac0a3ed9/build]   | 	at java.base/java.util.ArrayList.forEach(ArrayList.java:1541)
[a881d69a-8547-4c91-9d9b-6c23ac0a3ed9/build]   | 
[a881d69a-8547-4c91-9d9b-6c23ac0a3ed9/build]   | [ERROR] ch.jalu.configme.configurationdata.PropertyListBuilderTest.shouldThrowForMalformedPropertyPath(String)[6] -- Time elapsed: 0.003 s <<< FAILURE!
[a881d69a-8547-4c91-9d9b-6c23ac0a3ed9/build]   | org.opentest4j.AssertionFailedError: Expected ch.jalu.configme.exception.ConfigMeException to be thrown, but nothing was thrown.
[a881d69a-8547-4c91-9d9b-6c23ac0a3ed9/build]   | 	at org.junit.jupiter.api.AssertionFailureBuilder.build(AssertionFailureBuilder.java:152)
[a881d69a-8547-4c91-9d9b-6c23ac0a3ed9/build]   | 	at org.junit.jupiter.api.AssertThrows.assertThrows(AssertThrows.java:73)
[a881d69a-8547-4c91-9d9b-6c23ac0a3ed9/build]   | 	at org.junit.jupiter.api.AssertThrows.assertThrows(AssertThrows.java:35)
[a881d69a-8547-4c91-9d9b-6c23ac0a3ed9/build]   | 	at org.junit.jupiter.api.Assertions.assertThrows(Assertions.java:3111)
[a881d69a-8547-4c91-9d9b-6c23ac0a3ed9/build]   | 	at ch.jalu.configme.configurationdata.PropertyListBuilderTest.shouldThrowForMalformedPropertyPath(PropertyListBuilderTest.java:144)
[a881d69a-8547-4c91-9d9b-6c23ac0a3ed9/build]   | 	at java.base/java.lang.reflect.Method.invoke(Method.java:566)
[a881d69a-8547-4c91-9d9b-6c23ac0a3ed9/build]   | 	at java.base/java.util.stream.ForEachOps$ForEachOp$OfRef.accept(ForEachOps.java:183)
[a881d69a-8547-4c91-9d9b-6c23ac0a3ed9/build]   | 	at java.base/java.util.stream.ReferencePipeline$3$1.accept(ReferencePipeline.java:195)
[a881d69a-8547-4c91-9d9b-6c23ac0a3ed9/build]   | 	at java.base/java.util.stream.ReferencePipeline$2$1.accept(ReferencePipeline.java:177)
[a881d69a-8547-4c91-9d9b-6c23ac0a3ed9/build]   | 	at java.base/java.util.stream.ReferencePipeline$3$1.accept(ReferencePipeline.java:195)
[a881d69a-8547-4c91-9d9b-6c23ac0a3ed9/build]   | 	at java.base/java.util.stream.ForEachOps$ForEachOp$OfRef.accept(ForEachOps.java:183)
[a881d69a-8547-4c91-9d9b-6c23ac0a3ed9/build]   | 	at java.base/java.util.stream.ReferencePipeline$3$1.accept(ReferencePipeline.java:195)
[a881d69a-8547-4c91-9d9b-6c23ac0a3ed9/build]   | 	at java.base/java.util.stream.ReferencePipeline$3$1.accept(ReferencePipeline.java:195)
[a881d69a-8547-4c91-9d9b-6c23ac0a3ed9/build]   | 	at java.base/java.util.stream.ReferencePipeline$3$1.accept(ReferencePipeline.java:195)
[a881d69a-8547-4c91-9d9b-6c23ac0a3ed9/build]   | 	at java.base/java.util.stream.ForEachOps$ForEachOp$OfRef.accept(ForEachOps.java:183)
[a881d69a-8547-4c91-9d9b-6c23ac0a3ed9/build]   | 	at java.base/java.util.stream.ReferencePipeline$3$1.accept(ReferencePipeline.java:195)
[a881d69a-8547-4c91-9d9b-6c23ac0a3ed9/build]   | 	at java.base/java.util.Spliterators$ArraySpliterator.forEachRemaining(Spliterators.java:948)
[a881d69a-8547-4c91-9d9b-6c23ac0a3ed9/build]   | 	at java.base/java.util.stream.ReferencePipeline$Head.forEach(ReferencePipeline.java:658)
[a881d69a-8547-4c91-9d9b-6c23ac0a3ed9/build]   | 	at java.base/java.util.stream.ReferencePipeline$7$1.accept(ReferencePipeline.java:274)
[a881d69a-8547-4c91-9d9b-6c23ac0a3ed9/build]   | 	at java.base/java.util.stream.ReferencePipeline$3$1.accept(ReferencePipeline.java:195)
[a881d69a-8547-4c91-9d9b-6c23ac0a3ed9/build]   | 	at java.base/java.util.stream.ReferencePipeline$3$1.accept(ReferencePipeline.java:195)
[a881d69a-8547-4c91-9d9b-6c23ac0a3ed9/build]   | 	at java.base/java.util.stream.ReferencePipeline$3$1.accept(ReferencePipeline.java:195)
[a881d69a-8547-4c91-9d9b-6c23ac0a3ed9/build]   | 	at java.base/java.util.Spliterators$ArraySpliterator.forEachRemaining(Spliterators.java:948)
[a881d69a-8547-4c91-9d9b-6c23ac0a3ed9/build]   | 	at java.base/java.util.stream.AbstractPipeline.copyInto(AbstractPipeline.java:484)
[a881d69a-8547-4c91-9d9b-6c23ac0a3ed9/build]   | 	at java.base/java.util.stream.AbstractPipeline.wrapAndCopyInto(AbstractPipeline.java:474)
[a881d69a-8547-4c91-9d9b-6c23ac0a3ed9/build]   | 	at java.base/java.util.stream.ForEachOps$ForEachOp.evaluateSequential(ForEachOps.java:150)
[a881d69a-8547-4c91-9d9b-6c23ac0a3ed9/build]   | 	at java.base/java.util.stream.ForEachOps$ForEachOp$OfRef.evaluateSequential(ForEachOps.java:173)
[a881d69a-8547-4c91-9d9b-6c23ac0a3ed9/build]   | 	at java.base/java.util.stream.AbstractPipeline.evaluate(AbstractPipeline.java:234)
[a881d69a-8547-4c91-9d9b-6c23ac0a3ed9/build]   | 	at java.base/java.util.stream.ReferencePipeline.forEach(ReferencePipeline.java:497)
[a881d69a-8547-4c91-9d9b-6c23ac0a3ed9/build]   | 	at java.base/java.util.stream.ReferencePipeline$7$1.accept(ReferencePipeline.java:274)
[a881d69a-8547-4c91-9d9b-6c23ac0a3ed9/build]   | 	at java.base/java.util.stream.ReferencePipeline$3$1.accept(ReferencePipeline.java:195)
[a881d69a-8547-4c91-9d9b-6c23ac0a3ed9/build]   | 	at java.base/java.util.stream.ReferencePipeline$3$1.accept(ReferencePipeline.java:195)
[a881d69a-8547-4c91-9d9b-6c23ac0a3ed9/build]   | 	at java.base/java.util.stream.ReferencePipeline$3$1.accept(ReferencePipeline.java:195)
[a881d69a-8547-4c91-9d9b-6c23ac0a3ed9/build]   | 	at java.base/java.util.ArrayList$ArrayListSpliterator.forEachRemaining(ArrayList.java:1655)
[a881d69a-8547-4c91-9d9b-6c23ac0a3ed9/build]   | 	at java.base/java.util.stream.AbstractPipeline.copyInto(AbstractPipeline.java:484)
[a881d69a-8547-4c91-9d9b-6c23ac0a3ed9/build]   | 	at java.base/java.util.stream.AbstractPipeline.wrapAndCopyInto(AbstractPipeline.java:474)
[a881d69a-8547-4c91-9d9b-6c23ac0a3ed9/build]   | 	at java.base/java.util.stream.ForEachOps$ForEachOp.evaluateSequential(ForEachOps.java:150)
[a881d69a-8547-4c91-9d9b-6c23ac0a3ed9/build]   | 	at java.base/java.util.stream.ForEachOps$ForEachOp$OfRef.evaluateSequential(ForEachOps.java:173)
[a881d69a-8547-4c91-9d9b-6c23ac0a3ed9/build]   | 	at java.base/java.util.stream.AbstractPipeline.evaluate(AbstractPipeline.java:234)
[a881d69a-8547-4c91-9d9b-6c23ac0a3ed9/build]   | 	at java.base/java.util.stream.ReferencePipeline.forEach(ReferencePipeline.java:497)
[a881d69a-8547-4c91-9d9b-6c23ac0a3ed9/build]   | 	at java.base/java.util.stream.ReferencePipeline$7$1.accept(ReferencePipeline.java:274)
[a881d69a-8547-4c91-9d9b-6c23ac0a3ed9/build]   | 	at java.base/java.util.ArrayList$ArrayListSpliterator.forEachRemaining(ArrayList.java:1655)
[a881d69a-8547-4c91-9d9b-6c23ac0a3ed9/build]   | 	at java.base/java.util.stream.AbstractPipeline.copyInto(AbstractPipeline.java:484)
[a881d69a-8547-4c91-9d9b-6c23ac0a3ed9/build]   | 	at java.base/java.util.stream.AbstractPipeline.wrapAndCopyInto(AbstractPipeline.java:474)
[a881d69a-8547-4c91-9d9b-6c23ac0a3ed9/build]   | 	at java.base/java.util.stream.ForEachOps$ForEachOp.evaluateSequential(ForEachOps.java:150)
[a881d69a-8547-4c91-9d9b-6c23ac0a3ed9/build]   | 	at java.base/java.util.stream.ForEachOps$ForEachOp$OfRef.evaluateSequential(ForEachOps.java:173)
[a881d69a-8547-4c91-9d9b-6c23ac0a3ed9/build]   | 	at java.base/java.util.stream.AbstractPipeline.evaluate(AbstractPipeline.java:234)
[a881d69a-8547-4c91-9d9b-6c23ac0a3ed9/build]   | 	at java.base/java.util.stream.ReferencePipeline.forEach(ReferencePipeline.java:497)
[a881d69a-8547-4c91-9d9b-6c23ac0a3ed9/build]   | 	at java.base/java.util.ArrayList.forEach(ArrayList.java:1541)
[a881d69a-8547-4c91-9d9b-6c23ac0a3ed9/build]   | 	at java.base/java.util.ArrayList.forEach(ArrayList.java:1541)
[a881d69a-8547-4c91-9d9b-6c23ac0a3ed9/build]   | 
[a881d69a-8547-4c91-9d9b-6c23ac0a3ed9/build]   | [ERROR] ch.jalu.configme.configurationdata.PropertyListBuilderTest.shouldThrowForRootPathAndOtherProperty -- Time elapsed: 0.002 s <<< FAILURE!
[a881d69a-8547-4c91-9d9b-6c23ac0a3ed9/build]   | org.opentest4j.AssertionFailedError: Expected ch.jalu.configme.exception.ConfigMeException to be thrown, but nothing was thrown.
[a881d69a-8547-4c91-9d9b-6c23ac0a3ed9/build]   | 	at org.junit.jupiter.api.AssertionFailureBuilder.build(AssertionFailureBuilder.java:152)
[a881d69a-8547-4c91-9d9b-6c23ac0a3ed9/build]   | 	at org.junit.jupiter.api.AssertThrows.assertThrows(AssertThrows.java:73)
[a881d69a-8547-4c91-9d9b-6c23ac0a3ed9/build]   | 	at org.junit.jupiter.api.AssertThrows.assertThrows(AssertThrows.java:35)
[a881d69a-8547-4c91-9d9b-6c23ac0a3ed9/build]   | 	at org.junit.jupiter.api.Assertions.assertThrows(Assertions.java:3111)
[a881d69a-8547-4c91-9d9b-6c23ac0a3ed9/build]   | 	at ch.jalu.configme.configurationdata.PropertyListBuilderTest.shouldThrowForRootPathAndOtherProperty(PropertyListBuilderTest.java:130)
[a881d69a-8547-4c91-9d9b-6c23ac0a3ed9/build]   | 	at java.base/java.lang.reflect.Method.invoke(Method.java:566)
[a881d69a-8547-4c91-9d9b-6c23ac0a3ed9/build]   | 	at java.base/java.util.ArrayList.forEach(ArrayList.java:1541)
[a881d69a-8547-4c91-9d9b-6c23ac0a3ed9/build]   | 	at java.base/java.util.ArrayList.forEach(ArrayList.java:1541)
[a881d69a-8547-4c91-9d9b-6c23ac0a3ed9/build]   | 
[a881d69a-8547-4c91-9d9b-6c23ac0a3ed9/build]   | [INFO] Running ch.jalu.configme.properties.MapPropertyTest
[a881d69a-8547-4c91-9d9b-6c23ac0a3ed9/build]   | [INFO] Tests run: 5, Failures: 0, Errors: 0, Skipped: 0, Time elapsed: 0.020 s -- in ch.jalu.configme.properties.MapPropertyTest
[a881d69a-8547-4c91-9d9b-6c23ac0a3ed9/build]   | [INFO] Running ch.jalu.configme.properties.ArrayPropertyTest
[a881d69a-8547-4c91-9d9b-6c23ac0a3ed9/build]   | [INFO] Tests run: 5, Failures: 0, Errors: 0, Skipped: 0, Time elapsed: 0.017 s -- in ch.jalu.configme.properties.ArrayPropertyTest
[a881d69a-8547-4c91-9d9b-6c23ac0a3ed9/build]   | [INFO] Running ch.jalu.configme.properties.OptionalPropertyTest
[a881d69a-8547-4c91-9d9b-6c23ac0a3ed9/build]   | [INFO] Tests run: 6, Failures: 0, Errors: 0, Skipped: 0, Time elapsed: 0.092 s -- in ch.jalu.configme.properties.OptionalPropertyTest
[a881d69a-8547-4c91-9d9b-6c23ac0a3ed9/build]   | [INFO] Running ch.jalu.configme.properties.EnumPropertyTest
[a881d69a-8547-4c91-9d9b-6c23ac0a3ed9/build]   | [INFO] Tests run: 4, Failures: 0, Errors: 0, Skipped: 0, Time elapsed: 0.019 s -- in ch.jalu.configme.properties.EnumPropertyTest
[a881d69a-8547-4c91-9d9b-6c23ac0a3ed9/build]   | [INFO] Running ch.jalu.configme.properties.InlineArrayPropertyTest
[a881d69a-8547-4c91-9d9b-6c23ac0a3ed9/build]   | [INFO] Tests run: 2, Failures: 0, Errors: 0, Skipped: 0, Time elapsed: 0.010 s -- in ch.jalu.configme.properties.InlineArrayPropertyTest
[a881d69a-8547-4c91-9d9b-6c23ac0a3ed9/build]   | [INFO] Running ch.jalu.configme.properties.RegexPropertyTest
[a881d69a-8547-4c91-9d9b-6c23ac0a3ed9/build]   | [INFO] Tests run: 6, Failures: 0, Errors: 0, Skipped: 0, Time elapsed: 0.025 s -- in ch.jalu.configme.properties.RegexPropertyTest
[a881d69a-8547-4c91-9d9b-6c23ac0a3ed9/build]   | [INFO] Running ch.jalu.configme.properties.LowercaseStringSetPropertyTest
[a881d69a-8547-4c91-9d9b-6c23ac0a3ed9/build]   | [INFO] Tests run: 6, Failures: 0, Errors: 0, Skipped: 0, Time elapsed: 0.010 s -- in ch.jalu.configme.properties.LowercaseStringSetPropertyTest
[a881d69a-8547-4c91-9d9b-6c23ac0a3ed9/build]   | [INFO] Running ch.jalu.configme.properties.LongPropertyTest
[a881d69a-8547-4c91-9d9b-6c23ac0a3ed9/build]   | [INFO] Tests run: 3, Failures: 0, Errors: 0, Skipped: 0, Time elapsed: 0.004 s -- in ch.jalu.configme.properties.LongPropertyTest
[a881d69a-8547-4c91-9d9b-6c23ac0a3ed9/build]   | [INFO] Running ch.jalu.configme.properties.TypeBasedPropertyTest
[a881d69a-8547-4c91-9d9b-6c23ac0a3ed9/build]   | [INFO] Tests run: 4, Failures: 0, Errors: 0, Skipped: 0, Time elapsed: 0.006 s -- in ch.jalu.configme.properties.TypeBasedPropertyTest
[a881d69a-8547-4c91-9d9b-6c23ac0a3ed9/build]   | [INFO] Running ch.jalu.configme.properties.ShortPropertyTest
[a881d69a-8547-4c91-9d9b-6c23ac0a3ed9/build]   | [INFO] Tests run: 3, Failures: 0, Errors: 0, Skipped: 0, Time elapsed: 0.005 s -- in ch.jalu.configme.properties.ShortPropertyTest
[a881d69a-8547-4c91-9d9b-6c23ac0a3ed9/build]   | [INFO] Running ch.jalu.configme.properties.BeanPropertyTest
[a881d69a-8547-4c91-9d9b-6c23ac0a3ed9/build]   | [INFO] Tests run: 5, Failures: 0, Errors: 0, Skipped: 0, Time elapsed: 0.050 s -- in ch.jalu.configme.properties.BeanPropertyTest
[a881d69a-8547-4c91-9d9b-6c23ac0a3ed9/build]   | [INFO] Running ch.jalu.configme.properties.DoublePropertyTest
[a881d69a-8547-4c91-9d9b-6c23ac0a3ed9/build]   | [INFO] Tests run: 3, Failures: 0, Errors: 0, Skipped: 0, Time elapsed: 0.003 s -- in ch.jalu.configme.properties.DoublePropertyTest
[a881d69a-8547-4c91-9d9b-6c23ac0a3ed9/build]   | [INFO] Running ch.jalu.configme.properties.ListPropertyTest
[a881d69a-8547-4c91-9d9b-6c23ac0a3ed9/build]   | [INFO] Tests run: 3, Failures: 0, Errors: 0, Skipped: 0, Time elapsed: 0.004 s -- in ch.jalu.configme.properties.ListPropertyTest
[a881d69a-8547-4c91-9d9b-6c23ac0a3ed9/build]   | [INFO] Running ch.jalu.configme.properties.BooleanPropertyTest
[a881d69a-8547-4c91-9d9b-6c23ac0a3ed9/build]   | [INFO] Tests run: 3, Failures: 0, Errors: 0, Skipped: 0, Time elapsed: 0.003 s -- in ch.jalu.configme.properties.BooleanPropertyTest
[a881d69a-8547-4c91-9d9b-6c23ac0a3ed9/build]   | [INFO] Running ch.jalu.configme.properties.SetPropertyTest
[a881d69a-8547-4c91-9d9b-6c23ac0a3ed9/build]   | [INFO] Tests run: 3, Failures: 0, Errors: 0, Skipped: 0, Time elapsed: 0.005 s -- in ch.jalu.configme.properties.SetPropertyTest
[a881d69a-8547-4c91-9d9b-6c23ac0a3ed9/build]   | [INFO] Running ch.jalu.configme.properties.PropertyInitializerTest
[a881d69a-8547-4c91-9d9b-6c23ac0a3ed9/build]   | [INFO] Tests run: 3, Failures: 0, Errors: 0, Skipped: 0, Time elapsed: 0.009 s -- in ch.jalu.configme.properties.PropertyInitializerTest
[a881d69a-8547-4c91-9d9b-6c23ac0a3ed9/build]   | [INFO] Running ch.jalu.configme.properties.StringPropertyTest
[a881d69a-8547-4c91-9d9b-6c23ac0a3ed9/build]   | [INFO] Tests run: 5, Failures: 0, Errors: 0, Skipped: 0, Time elapsed: 0.006 s -- in ch.jalu.configme.properties.StringPropertyTest
[a881d69a-8547-4c91-9d9b-6c23ac0a3ed9/build]   | [INFO] Running ch.jalu.configme.properties.BasePropertyTest
[a881d69a-8547-4c91-9d9b-6c23ac0a3ed9/build]   | [INFO] Tests run: 4, Failures: 0, Errors: 0, Skipped: 0, Time elapsed: 0.005 s -- in ch.jalu.configme.properties.BasePropertyTest
[a881d69a-8547-4c91-9d9b-6c23ac0a3ed9/build]   | [INFO] Running ch.jalu.configme.properties.convertresult.ValueWithCommentsTest
[a881d69a-8547-4c91-9d9b-6c23ac0a3ed9/build]   | [INFO] Tests run: 2, Failures: 0, Errors: 0, Skipped: 0, Time elapsed: 0.001 s -- in ch.jalu.configme.properties.convertresult.ValueWithCommentsTest
[a881d69a-8547-4c91-9d9b-6c23ac0a3ed9/build]   | [INFO] Running ch.jalu.configme.properties.inlinearray.StandardInlineArrayConvertersTest
[a881d69a-8547-4c91-9d9b-6c23ac0a3ed9/build]   | [INFO] Tests run: 40, Failures: 0, Errors: 0, Skipped: 0, Time elapsed: 0.056 s -- in ch.jalu.configme.properties.inlinearray.StandardInlineArrayConvertersTest
[a881d69a-8547-4c91-9d9b-6c23ac0a3ed9/build]   | [INFO] Running ch.jalu.configme.properties.FloatPropertyTest
[a881d69a-8547-4c91-9d9b-6c23ac0a3ed9/build]   | [INFO] Tests run: 3, Failures: 0, Errors: 0, Skipped: 0, Time elapsed: 0.009 s -- in ch.jalu.configme.properties.FloatPropertyTest
[a881d69a-8547-4c91-9d9b-6c23ac0a3ed9/build]   | [INFO] Running ch.jalu.configme.properties.StringListPropertyTest
[a881d69a-8547-4c91-9d9b-6c23ac0a3ed9/build]   | [INFO] Tests run: 5, Failures: 0, Errors: 0, Skipped: 0, Time elapsed: 0.005 s -- in ch.jalu.configme.properties.StringListPropertyTest
[a881d69a-8547-4c91-9d9b-6c23ac0a3ed9/build]   | [INFO] Running ch.jalu.configme.properties.PropertyBuilderTest
[a881d69a-8547-4c91-9d9b-6c23ac0a3ed9/build]   | [INFO] Tests run: 13, Failures: 0, Errors: 0, Skipped: 0, Time elapsed: 0.012 s -- in ch.jalu.configme.properties.PropertyBuilderTest
[a881d69a-8547-4c91-9d9b-6c23ac0a3ed9/build]   | [INFO] Running ch.jalu.configme.properties.IntegerPropertyTest
[a881d69a-8547-4c91-9d9b-6c23ac0a3ed9/build]   | [INFO] Tests run: 3, Failures: 0, Errors: 0, Skipped: 0, Time elapsed: 0.004 s -- in ch.jalu.configme.properties.IntegerPropertyTest
[a881d69a-8547-4c91-9d9b-6c23ac0a3ed9/build]   | [INFO] Running ch.jalu.configme.properties.type.EnumPropertyTypeTest
[a881d69a-8547-4c91-9d9b-6c23ac0a3ed9/build]   | [INFO] Tests run: 6, Failures: 0, Errors: 0, Skipped: 0, Time elapsed: 0.002 s -- in ch.jalu.configme.properties.type.EnumPropertyTypeTest
[a881d69a-8547-4c91-9d9b-6c23ac0a3ed9/build]   | [INFO] Running ch.jalu.configme.properties.type.BeanPropertyTypeTest
[a881d69a-8547-4c91-9d9b-6c23ac0a3ed9/build]   | [INFO] Tests run: 3, Failures: 0, Errors: 0, Skipped: 0, Time elapsed: 0.003 s -- in ch.jalu.configme.properties.type.BeanPropertyTypeTest
[a881d69a-8547-4c91-9d9b-6c23ac0a3ed9/build]   | [INFO] Running ch.jalu.configme.properties.type.PrimitivePropertyTypeTest
[a881d69a-8547-4c91-9d9b-6c23ac0a3ed9/build]   | [INFO] Tests run: 36, Failures: 0, Errors: 0, Skipped: 0, Time elapsed: 0.038 s -- in ch.jalu.configme.properties.type.PrimitivePropertyTypeTest
[a881d69a-8547-4c91-9d9b-6c23ac0a3ed9/build]   | [INFO] Running ch.jalu.configme.properties.StringSetPropertyTest
[a881d69a-8547-4c91-9d9b-6c23ac0a3ed9/build]   | [INFO] Tests run: 5, Failures: 0, Errors: 0, Skipped: 0, Time elapsed: 0.005 s -- in ch.jalu.configme.properties.StringSetPropertyTest
[a881d69a-8547-4c91-9d9b-6c23ac0a3ed9/build]   | [INFO] Running ch.jalu.configme.beanmapper.BeanMapOnRootLevelTest
[a881d69a-8547-4c91-9d9b-6c23ac0a3ed9/build]   | [INFO] Tests run: 5, Failures: 0, Errors: 0, Skipped: 0, Time elapsed: 0.026 s -- in ch.jalu.configme.beanmapper.BeanMapOnRootLevelTest
[a881d69a-8547-4c91-9d9b-6c23ac0a3ed9/build]   | [INFO] Running ch.jalu.configme.beanmapper.DefaultMapperTest
[a881d69a-8547-4c91-9d9b-6c23ac0a3ed9/build]   | [INFO] Tests run: 1, Failures: 0, Errors: 0, Skipped: 0, Time elapsed: 0.001 s -- in ch.jalu.configme.beanmapper.DefaultMapperTest
[a881d69a-8547-4c91-9d9b-6c23ac0a3ed9/build]   | [INFO] Running ch.jalu.configme.beanmapper.BeanWithCustomTypeHandlerTest
[a881d69a-8547-4c91-9d9b-6c23ac0a3ed9/build]   | [INFO] Tests run: 1, Failures: 0, Errors: 0, Skipped: 0, Time elapsed: 0.008 s -- in ch.jalu.configme.beanmapper.BeanWithCustomTypeHandlerTest
[a881d69a-8547-4c91-9d9b-6c23ac0a3ed9/build]   | [INFO] Running ch.jalu.configme.beanmapper.MapperImplTest
[a881d69a-8547-4c91-9d9b-6c23ac0a3ed9/build]   | [INFO] Tests run: 22, Failures: 0, Errors: 0, Skipped: 0, Time elapsed: 0.128 s -- in ch.jalu.configme.beanmapper.MapperImplTest
[a881d69a-8547-4c91-9d9b-6c23ac0a3ed9/build]   | [INFO] Running ch.jalu.configme.beanmapper.NestedMapPropertyDemoTest
[a881d69a-8547-4c91-9d9b-6c23ac0a3ed9/build]   | [INFO] Tests run: 1, Failures: 0, Errors: 0, Skipped: 0, Time elapsed: 0.007 s -- in ch.jalu.configme.beanmapper.NestedMapPropertyDemoTest
[a881d69a-8547-4c91-9d9b-6c23ac0a3ed9/build]   | [INFO] Running ch.jalu.configme.beanmapper.BeanWithCollectionOfBeanTypeTest
[a881d69a-8547-4c91-9d9b-6c23ac0a3ed9/build]   | [INFO] Tests run: 3, Failures: 0, Errors: 0, Skipped: 0, Time elapsed: 0.044 s -- in ch.jalu.configme.beanmapper.BeanWithCollectionOfBeanTypeTest
[a881d69a-8547-4c91-9d9b-6c23ac0a3ed9/build]   | [INFO] Running ch.jalu.configme.beanmapper.MapperImplCommentRepetitionTest
[a881d69a-8547-4c91-9d9b-6c23ac0a3ed9/build]   | [INFO] Tests run: 1, Failures: 0, Errors: 0, Skipped: 0, Time elapsed: 0.003 s -- in ch.jalu.configme.beanmapper.MapperImplCommentRepetitionTest
[a881d69a-8547-4c91-9d9b-6c23ac0a3ed9/build]   | [INFO] Running ch.jalu.configme.beanmapper.MappingContextImplTest
[a881d69a-8547-4c91-9d9b-6c23ac0a3ed9/build]   | [INFO] Tests run: 3, Failures: 0, Errors: 0, Skipped: 0, Time elapsed: 0.015 s -- in ch.jalu.configme.beanmapper.MappingContextImplTest
[a881d69a-8547-4c91-9d9b-6c23ac0a3ed9/build]   | [INFO] Running ch.jalu.configme.beanmapper.migratingbeanmapper.BeanExtensionTest
[a881d69a-8547-4c91-9d9b-6c23ac0a3ed9/build]   | [INFO] Tests run: 1, Failures: 0, Errors: 0, Skipped: 0, Time elapsed: 0.007 s -- in ch.jalu.configme.beanmapper.migratingbeanmapper.BeanExtensionTest
[a881d69a-8547-4c91-9d9b-6c23ac0a3ed9/build]   | [INFO] Running ch.jalu.configme.beanmapper.leafvaluehandler.BooleanLeafValueHandlerTest
[a881d69a-8547-4c91-9d9b-6c23ac0a3ed9/build]   | [INFO] Tests run: 3, Failures: 0, Errors: 0, Skipped: 0, Time elapsed: 0.015 s -- in ch.jalu.configme.beanmapper.leafvaluehandler.BooleanLeafValueHandlerTest
[a881d69a-8547-4c91-9d9b-6c23ac0a3ed9/build]   | [INFO] Running ch.jalu.configme.beanmapper.leafvaluehandler.ObjectLeafValueHandlerTest
[a881d69a-8547-4c91-9d9b-6c23ac0a3ed9/build]   | [INFO] Tests run: 2, Failures: 0, Errors: 0, Skipped: 0, Time elapsed: 0.001 s -- in ch.jalu.configme.beanmapper.leafvaluehandler.ObjectLeafValueHandlerTest
[a881d69a-8547-4c91-9d9b-6c23ac0a3ed9/build]   | [INFO] Running ch.jalu.configme.beanmapper.leafvaluehandler.BigNumberLeafValueHandlerTest
[a881d69a-8547-4c91-9d9b-6c23ac0a3ed9/build]   | [INFO] Tests run: 9, Failures: 0, Errors: 0, Skipped: 0, Time elapsed: 0.020 s -- in ch.jalu.configme.beanmapper.leafvaluehandler.BigNumberLeafValueHandlerTest
[a881d69a-8547-4c91-9d9b-6c23ac0a3ed9/build]   | [INFO] Running ch.jalu.configme.beanmapper.leafvaluehandler.NumberLeafValueHandlerTest
[a881d69a-8547-4c91-9d9b-6c23ac0a3ed9/build]   | [INFO] Tests run: 9, Failures: 0, Errors: 0, Skipped: 0, Time elapsed: 0.009 s -- in ch.jalu.configme.beanmapper.leafvaluehandler.NumberLeafValueHandlerTest
[a881d69a-8547-4c91-9d9b-6c23ac0a3ed9/build]   | [INFO] Running ch.jalu.configme.beanmapper.leafvaluehandler.StringLeafValueHandlerTest
[a881d69a-8547-4c91-9d9b-6c23ac0a3ed9/build]   | [INFO] Tests run: 3, Failures: 0, Errors: 0, Skipped: 0, Time elapsed: 0.002 s -- in ch.jalu.configme.beanmapper.leafvaluehandler.StringLeafValueHandlerTest
[a881d69a-8547-4c91-9d9b-6c23ac0a3ed9/build]   | [INFO] Running ch.jalu.configme.beanmapper.leafvaluehandler.EnumLeafValueHandlerTest
[a881d69a-8547-4c91-9d9b-6c23ac0a3ed9/build]   | [INFO] Tests run: 3, Failures: 0, Errors: 0, Skipped: 0, Time elapsed: 0.001 s -- in ch.jalu.configme.beanmapper.leafvaluehandler.EnumLeafValueHandlerTest
[a881d69a-8547-4c91-9d9b-6c23ac0a3ed9/build]   | [INFO] Running ch.jalu.configme.beanmapper.leafvaluehandler.CombiningLeafValueHandlerTest
[a881d69a-8547-4c91-9d9b-6c23ac0a3ed9/build]   | [INFO] Tests run: 2, Failures: 0, Errors: 0, Skipped: 0, Time elapsed: 0.001 s -- in ch.jalu.configme.beanmapper.leafvaluehandler.CombiningLeafValueHandlerTest
[a881d69a-8547-4c91-9d9b-6c23ac0a3ed9/build]   | [INFO] Running ch.jalu.configme.beanmapper.leafvaluehandler.StandardLeafValueHandlersTest
[a881d69a-8547-4c91-9d9b-6c23ac0a3ed9/build]   | [INFO] Tests run: 6, Failures: 0, Errors: 0, Skipped: 0, Time elapsed: 0.011 s -- in ch.jalu.configme.beanmapper.leafvaluehandler.StandardLeafValueHandlersTest
[a881d69a-8547-4c91-9d9b-6c23ac0a3ed9/build]   | [INFO] Running ch.jalu.configme.beanmapper.MapperExportValueTest
[a881d69a-8547-4c91-9d9b-6c23ac0a3ed9/build]   | [INFO] Tests run: 3, Failures: 0, Errors: 0, Skipped: 0, Time elapsed: 0.003 s -- in ch.jalu.configme.beanmapper.MapperExportValueTest
[a881d69a-8547-4c91-9d9b-6c23ac0a3ed9/build]   | [INFO] Running ch.jalu.configme.beanmapper.propertydescription.BeanDescriptionFactoryImplTest
[a881d69a-8547-4c91-9d9b-6c23ac0a3ed9/build]   | [INFO] Tests run: 11, Failures: 0, Errors: 0, Skipped: 0, Time elapsed: 0.040 s -- in ch.jalu.configme.beanmapper.propertydescription.BeanDescriptionFactoryImplTest
[a881d69a-8547-4c91-9d9b-6c23ac0a3ed9/build]   | [INFO] Running ch.jalu.configme.beanmapper.propertydescription.BeanPropertyDescriptionImplTest
[a881d69a-8547-4c91-9d9b-6c23ac0a3ed9/build]   | [INFO] Tests run: 5, Failures: 0, Errors: 0, Skipped: 0, Time elapsed: 0.013 s -- in ch.jalu.configme.beanmapper.propertydescription.BeanPropertyDescriptionImplTest
[a881d69a-8547-4c91-9d9b-6c23ac0a3ed9/build]   | [INFO] Running ch.jalu.configme.resource.YamlFileResourceCommentsExportTest
[a881d69a-8547-4c91-9d9b-6c23ac0a3ed9/build]   | [INFO] Tests run: 3, Failures: 0, Errors: 0, Skipped: 0, Time elapsed: 0.016 s -- in ch.jalu.configme.resource.YamlFileResourceCommentsExportTest
[a881d69a-8547-4c91-9d9b-6c23ac0a3ed9/build]   | [INFO] Running ch.jalu.configme.resource.YamlFileResourceOptionsTest
[a881d69a-8547-4c91-9d9b-6c23ac0a3ed9/build]   | [INFO] Tests run: 2, Failures: 0, Errors: 0, Skipped: 0, Time elapsed: 0.001 s -- in ch.jalu.configme.resource.YamlFileResourceOptionsTest
[a881d69a-8547-4c91-9d9b-6c23ac0a3ed9/build]   | [INFO] Running ch.jalu.configme.resource.MapNormalizerTest
[a881d69a-8547-4c91-9d9b-6c23ac0a3ed9/build]   | [INFO] Tests run: 8, Failures: 0, Errors: 0, Skipped: 0, Time elapsed: 0.005 s -- in ch.jalu.configme.resource.MapNormalizerTest
[a881d69a-8547-4c91-9d9b-6c23ac0a3ed9/build]   | [INFO] Running ch.jalu.configme.resource.YamlFileReaderTest
[a881d69a-8547-4c91-9d9b-6c23ac0a3ed9/build]   | [INFO] Tests run: 18, Failures: 0, Errors: 0, Skipped: 0, Time elapsed: 0.066 s -- in ch.jalu.configme.resource.YamlFileReaderTest
[a881d69a-8547-4c91-9d9b-6c23ac0a3ed9/build]   | [INFO] Running ch.jalu.configme.resource.PropertyPathTraverserTest
[a881d69a-8547-4c91-9d9b-6c23ac0a3ed9/build]   | [INFO] Tests run: 4, Failures: 0, Errors: 0, Skipped: 0, Time elapsed: 0.002 s -- in ch.jalu.configme.resource.PropertyPathTraverserTest
[a881d69a-8547-4c91-9d9b-6c23ac0a3ed9/build]   | [INFO] Running ch.jalu.configme.resource.YamlFileResourceEscapingTest
[a881d69a-8547-4c91-9d9b-6c23ac0a3ed9/build]   | [INFO] Tests run: 2, Failures: 0, Errors: 0, Skipped: 0, Time elapsed: 0.019 s -- in ch.jalu.configme.resource.YamlFileResourceEscapingTest
[a881d69a-8547-4c91-9d9b-6c23ac0a3ed9/build]   | [INFO] Running ch.jalu.configme.resource.YamlSetPropertyExportTest
[a881d69a-8547-4c91-9d9b-6c23ac0a3ed9/build]   | [INFO] Tests run: 1, Failures: 0, Errors: 0, Skipped: 0, Time elapsed: 0.011 s -- in ch.jalu.configme.resource.YamlSetPropertyExportTest
[a881d69a-8547-4c91-9d9b-6c23ac0a3ed9/build]   | [INFO] Running ch.jalu.configme.resource.yaml.SnakeYamlNodeContainerImplTest
[a881d69a-8547-4c91-9d9b-6c23ac0a3ed9/build]   | [INFO] Tests run: 6, Failures: 0, Errors: 0, Skipped: 0, Time elapsed: 0.008 s -- in ch.jalu.configme.resource.yaml.SnakeYamlNodeContainerImplTest
[a881d69a-8547-4c91-9d9b-6c23ac0a3ed9/build]   | [INFO] Running ch.jalu.configme.resource.yaml.SnakeYamlNodeBuilderImplTest
[a881d69a-8547-4c91-9d9b-6c23ac0a3ed9/build]   | [INFO] Tests run: 17, Failures: 0, Errors: 0, Skipped: 0, Time elapsed: 0.024 s -- in ch.jalu.configme.resource.yaml.SnakeYamlNodeBuilderImplTest
[a881d69a-8547-4c91-9d9b-6c23ac0a3ed9/build]   | [INFO] Running ch.jalu.configme.resource.YamlFileResourceNoSplitPathsTest
[a881d69a-8547-4c91-9d9b-6c23ac0a3ed9/build]   | [INFO] Tests run: 2, Failures: 0, Errors: 0, Skipped: 0, Time elapsed: 0.006 s -- in ch.jalu.configme.resource.YamlFileResourceNoSplitPathsTest
[a881d69a-8547-4c91-9d9b-6c23ac0a3ed9/build]   | [INFO] Running ch.jalu.configme.resource.YamlFileResourceTopCommentTest
[a881d69a-8547-4c91-9d9b-6c23ac0a3ed9/build]   | [INFO] Tests run: 2, Failures: 0, Errors: 0, Skipped: 0, Time elapsed: 0.009 s -- in ch.jalu.configme.resource.YamlFileResourceTopCommentTest
[a881d69a-8547-4c91-9d9b-6c23ac0a3ed9/build]   | [INFO] Running ch.jalu.configme.resource.YamlFileResourceNewLineTest
[a881d69a-8547-4c91-9d9b-6c23ac0a3ed9/build]   | [INFO] Tests run: 5, Failures: 0, Errors: 0, Skipped: 0, Time elapsed: 0.017 s -- in ch.jalu.configme.resource.YamlFileResourceNewLineTest
[a881d69a-8547-4c91-9d9b-6c23ac0a3ed9/build]   | [INFO] Running ch.jalu.configme.resource.YamlFileReaderPathsWithNumberTest
[a881d69a-8547-4c91-9d9b-6c23ac0a3ed9/build]   | [INFO] Tests run: 1, Failures: 0, Errors: 0, Skipped: 0, Time elapsed: 0.004 s -- in ch.jalu.configme.resource.YamlFileReaderPathsWithNumberTest
[a881d69a-8547-4c91-9d9b-6c23ac0a3ed9/build]   | [INFO] Running ch.jalu.configme.resource.YamlFileResourceOptionalInBeanPropertyTest
[a881d69a-8547-4c91-9d9b-6c23ac0a3ed9/build]   | [INFO] Tests run: 1, Failures: 0, Errors: 0, Skipped: 0, Time elapsed: 0.023 s -- in ch.jalu.configme.resource.YamlFileResourceOptionalInBeanPropertyTest
[a881d69a-8547-4c91-9d9b-6c23ac0a3ed9/build]   | [INFO] Running ch.jalu.configme.resource.YamlFileResourceTest
[a881d69a-8547-4c91-9d9b-6c23ac0a3ed9/build]   | [INFO] Tests run: 12, Failures: 0, Errors: 0, Skipped: 0, Time elapsed: 0.226 s -- in ch.jalu.configme.resource.YamlFileResourceTest
[a881d69a-8547-4c91-9d9b-6c23ac0a3ed9/build]   | [INFO] 
[a881d69a-8547-4c91-9d9b-6c23ac0a3ed9/build]   | [INFO] Results:
[a881d69a-8547-4c91-9d9b-6c23ac0a3ed9/build]   | [INFO] 
[a881d69a-8547-4c91-9d9b-6c23ac0a3ed9/build]   | [ERROR] Failures: 
[a881d69a-8547-4c91-9d9b-6c23ac0a3ed9/build]   | [ERROR]   PropertyListBuilderTest.shouldThrowForMalformedPropertyPath:144 Unexpected exception type thrown, expected: <ch.jalu.configme.exception.ConfigMeException> but was: <java.lang.ArrayIndexOutOfBoundsException>
[a881d69a-8547-4c91-9d9b-6c23ac0a3ed9/build]   | [ERROR]   PropertyListBuilderTest.shouldThrowForMalformedPropertyPath:144 Unexpected exception type thrown, expected: <ch.jalu.configme.exception.ConfigMeException> but was: <java.lang.ArrayIndexOutOfBoundsException>
[a881d69a-8547-4c91-9d9b-6c23ac0a3ed9/build]   | [ERROR]   PropertyListBuilderTest.shouldThrowForMalformedPropertyPath:144 Expected ch.jalu.configme.exception.ConfigMeException to be thrown, but nothing was thrown.
[a881d69a-8547-4c91-9d9b-6c23ac0a3ed9/build]   | [ERROR]   PropertyListBuilderTest.shouldThrowForMalformedPropertyPath:144 Expected ch.jalu.configme.exception.ConfigMeException to be thrown, but nothing was thrown.
[a881d69a-8547-4c91-9d9b-6c23ac0a3ed9/build]   | [ERROR]   PropertyListBuilderTest.shouldThrowForMalformedPropertyPath:144 Expected ch.jalu.configme.exception.ConfigMeException to be thrown, but nothing was thrown.
[a881d69a-8547-4c91-9d9b-6c23ac0a3ed9/build]   | [ERROR]   PropertyListBuilderTest.shouldThrowForMalformedPropertyPath:144 Expected ch.jalu.configme.exception.ConfigMeException to be thrown, but nothing was thrown.
[a881d69a-8547-4c91-9d9b-6c23ac0a3ed9/build]   | [ERROR]   PropertyListBuilderTest.shouldThrowForRootPathAndOtherProperty:130 Expected ch.jalu.configme.exception.ConfigMeException to be thrown, but nothing was thrown.
[a881d69a-8547-4c91-9d9b-6c23ac0a3ed9/build]   | [INFO] 
[a881d69a-8547-4c91-9d9b-6c23ac0a3ed9/build]   | [ERROR] Tests run: 474, Failures: 7, Errors: 0, Skipped: 1
[a881d69a-8547-4c91-9d9b-6c23ac0a3ed9/build]   | [INFO] 
[a881d69a-8547-4c91-9d9b-6c23ac0a3ed9/build]   | [INFO] ------------------------------------------------------------------------
[a881d69a-8547-4c91-9d9b-6c23ac0a3ed9/build]   | [INFO] BUILD FAILURE
[a881d69a-8547-4c91-9d9b-6c23ac0a3ed9/build]   | [INFO] ------------------------------------------------------------------------
[a881d69a-8547-4c91-9d9b-6c23ac0a3ed9/build]   | [INFO] Total time:  42.691 s
[a881d69a-8547-4c91-9d9b-6c23ac0a3ed9/build]   | [INFO] Finished at: 2023-11-24T10:43:10Z
[a881d69a-8547-4c91-9d9b-6c23ac0a3ed9/build]   | [INFO] ------------------------------------------------------------------------
[a881d69a-8547-4c91-9d9b-6c23ac0a3ed9/build]   | [ERROR] Failed to execute goal org.apache.maven.plugins:maven-surefire-plugin:3.1.2:test (default-test) on project configme: There are test failures.
[a881d69a-8547-4c91-9d9b-6c23ac0a3ed9/build]   | [ERROR] 
[a881d69a-8547-4c91-9d9b-6c23ac0a3ed9/build]   | [ERROR] Please refer to /tmp/2fee7f4f-9072-4780-9d9d-7491fcf5e56b/target/surefire-reports for the individual test results.
[a881d69a-8547-4c91-9d9b-6c23ac0a3ed9/build]   | [ERROR] Please refer to dump files (if any exist) [date].dump, [date]-jvmRun[N].dump and [date].dumpstream.
[a881d69a-8547-4c91-9d9b-6c23ac0a3ed9/build]   | [ERROR] -> [Help 1]
[a881d69a-8547-4c91-9d9b-6c23ac0a3ed9/build]   | [ERROR] 
[a881d69a-8547-4c91-9d9b-6c23ac0a3ed9/build]   | [ERROR] To see the full stack trace of the errors, re-run Maven with the -e switch.
[a881d69a-8547-4c91-9d9b-6c23ac0a3ed9/build]   | [ERROR] Re-run Maven using the -X switch to enable full debug logging.
[a881d69a-8547-4c91-9d9b-6c23ac0a3ed9/build]   | [ERROR] 
[a881d69a-8547-4c91-9d9b-6c23ac0a3ed9/build]   | [ERROR] For more information about the errors and possible solutions, please read the following articles:
[a881d69a-8547-4c91-9d9b-6c23ac0a3ed9/build]   | [ERROR] [Help 1] http://cwiki.apache.org/confluence/display/MAVEN/MojoFailureException
[a881d69a-8547-4c91-9d9b-6c23ac0a3ed9/build]   ‚ùå  Failure - Main Build with Maven
[a881d69a-8547-4c91-9d9b-6c23ac0a3ed9/build] exitcode '1': failure
[a881d69a-8547-4c91-9d9b-6c23ac0a3ed9/build] unable to get git ref: failed to identify reference (tag/branch) for the checked-out revision 'cab40d1c3c13c43455226d0324de62b288dab544'
[a881d69a-8547-4c91-9d9b-6c23ac0a3ed9/build] unable to get git ref: failed to identify reference (tag/branch) for the checked-out revision 'cab40d1c3c13c43455226d0324de62b288dab544'
[a881d69a-8547-4c91-9d9b-6c23ac0a3ed9/build] unable to get git ref: failed to identify reference (tag/branch) for the checked-out revision 'cab40d1c3c13c43455226d0324de62b288dab544'
[a881d69a-8547-4c91-9d9b-6c23ac0a3ed9/build] unable to get git ref: failed to identify reference (tag/branch) for the checked-out revision 'cab40d1c3c13c43455226d0324de62b288dab544'
[a881d69a-8547-4c91-9d9b-6c23ac0a3ed9/build] unable to get git ref: failed to identify reference (tag/branch) for the checked-out revision 'cab40d1c3c13c43455226d0324de62b288dab544'
[a881d69a-8547-4c91-9d9b-6c23ac0a3ed9/build] ‚≠ê Run Post Set up JDK 11
[a881d69a-8547-4c91-9d9b-6c23ac0a3ed9/build]   üê≥  docker exec cmd=[node /var/run/act/actions/actions-setup-java@v3/dist/cleanup/index.js] user= workdir=
[a881d69a-8547-4c91-9d9b-6c23ac0a3ed9/build]   ‚úÖ  Success - Post Set up JDK 11
[a881d69a-8547-4c91-9d9b-6c23ac0a3ed9/build] üèÅ  Job failed
[a881d69a-8547-4c91-9d9b-6c23ac0a3ed9/build] unable to get git ref: failed to identify reference (tag/branch) for the checked-out revision 'cab40d1c3c13c43455226d0324de62b288dab544'
