[32b035c0-435a-4e3b-8010-bfab25bbfeb1/build] üöÄ  Start image=gitbugactions:latest
[32b035c0-435a-4e3b-8010-bfab25bbfeb1/build]   üê≥  docker pull image=gitbugactions:latest platform= username= forcePull=false
[32b035c0-435a-4e3b-8010-bfab25bbfeb1/build]   üê≥  docker create image=gitbugactions:latest platform= entrypoint=["tail" "-f" "/dev/null"] cmd=[]
[32b035c0-435a-4e3b-8010-bfab25bbfeb1/build]   üê≥  docker run image=gitbugactions:latest platform= entrypoint=["tail" "-f" "/dev/null"] cmd=[]
[32b035c0-435a-4e3b-8010-bfab25bbfeb1/build]   üê≥  docker exec cmd=[chown -R 1012:1013 /tmp/4de21194-20e6-427d-ba72-118669a15f63] user=0 workdir=
[32b035c0-435a-4e3b-8010-bfab25bbfeb1/build] unable to get git ref: failed to identify reference (tag/branch) for the checked-out revision 'e194fe9ff5f079b81dd9ba48520524d1757900ab'
[32b035c0-435a-4e3b-8010-bfab25bbfeb1/build] unable to get git ref: failed to identify reference (tag/branch) for the checked-out revision 'e194fe9ff5f079b81dd9ba48520524d1757900ab'
[32b035c0-435a-4e3b-8010-bfab25bbfeb1/build] unable to get git ref: failed to identify reference (tag/branch) for the checked-out revision 'e194fe9ff5f079b81dd9ba48520524d1757900ab'
[32b035c0-435a-4e3b-8010-bfab25bbfeb1/build] unable to get git ref: failed to identify reference (tag/branch) for the checked-out revision 'e194fe9ff5f079b81dd9ba48520524d1757900ab'
[32b035c0-435a-4e3b-8010-bfab25bbfeb1/build] üß™  Matrix: map[java_version:11 os:ubuntu-latest]
[32b035c0-435a-4e3b-8010-bfab25bbfeb1/build] unable to get git ref: failed to identify reference (tag/branch) for the checked-out revision 'e194fe9ff5f079b81dd9ba48520524d1757900ab'
[32b035c0-435a-4e3b-8010-bfab25bbfeb1/build] unable to get git ref: failed to identify reference (tag/branch) for the checked-out revision 'e194fe9ff5f079b81dd9ba48520524d1757900ab'
[32b035c0-435a-4e3b-8010-bfab25bbfeb1/build] unable to get git ref: failed to identify reference (tag/branch) for the checked-out revision 'e194fe9ff5f079b81dd9ba48520524d1757900ab'
[32b035c0-435a-4e3b-8010-bfab25bbfeb1/build] unable to get git ref: failed to identify reference (tag/branch) for the checked-out revision 'e194fe9ff5f079b81dd9ba48520524d1757900ab'
[32b035c0-435a-4e3b-8010-bfab25bbfeb1/build] unable to get git ref: failed to identify reference (tag/branch) for the checked-out revision 'e194fe9ff5f079b81dd9ba48520524d1757900ab'
[32b035c0-435a-4e3b-8010-bfab25bbfeb1/build] unable to get git ref: failed to identify reference (tag/branch) for the checked-out revision 'e194fe9ff5f079b81dd9ba48520524d1757900ab'
[32b035c0-435a-4e3b-8010-bfab25bbfeb1/build] ‚≠ê Run Main actions/checkout@v1
[32b035c0-435a-4e3b-8010-bfab25bbfeb1/build] unable to get git ref: failed to identify reference (tag/branch) for the checked-out revision 'e194fe9ff5f079b81dd9ba48520524d1757900ab'
[32b035c0-435a-4e3b-8010-bfab25bbfeb1/build] unable to get git ref: failed to identify reference (tag/branch) for the checked-out revision 'e194fe9ff5f079b81dd9ba48520524d1757900ab'
[32b035c0-435a-4e3b-8010-bfab25bbfeb1/build]   üê≥  docker cp src=/tmp/4de21194-20e6-427d-ba72-118669a15f63/. dst=/tmp/4de21194-20e6-427d-ba72-118669a15f63
[32b035c0-435a-4e3b-8010-bfab25bbfeb1/build]   üê≥  docker exec cmd=[chown -R 1012:1013 /tmp/4de21194-20e6-427d-ba72-118669a15f63] user=0 workdir=
[32b035c0-435a-4e3b-8010-bfab25bbfeb1/build]   ‚úÖ  Success - Main actions/checkout@v1
[32b035c0-435a-4e3b-8010-bfab25bbfeb1/build] unable to get git ref: failed to identify reference (tag/branch) for the checked-out revision 'e194fe9ff5f079b81dd9ba48520524d1757900ab'
[32b035c0-435a-4e3b-8010-bfab25bbfeb1/build] unable to get git ref: failed to identify reference (tag/branch) for the checked-out revision 'e194fe9ff5f079b81dd9ba48520524d1757900ab'
[32b035c0-435a-4e3b-8010-bfab25bbfeb1/build] unable to get git ref: failed to identify reference (tag/branch) for the checked-out revision 'e194fe9ff5f079b81dd9ba48520524d1757900ab'
[32b035c0-435a-4e3b-8010-bfab25bbfeb1/build] unable to get git ref: failed to identify reference (tag/branch) for the checked-out revision 'e194fe9ff5f079b81dd9ba48520524d1757900ab'
[32b035c0-435a-4e3b-8010-bfab25bbfeb1/build] unable to get git ref: failed to identify reference (tag/branch) for the checked-out revision 'e194fe9ff5f079b81dd9ba48520524d1757900ab'
[32b035c0-435a-4e3b-8010-bfab25bbfeb1/build] ‚≠ê Run Main Set up JDK 11
[32b035c0-435a-4e3b-8010-bfab25bbfeb1/build] unable to get git ref: failed to identify reference (tag/branch) for the checked-out revision 'e194fe9ff5f079b81dd9ba48520524d1757900ab'
[32b035c0-435a-4e3b-8010-bfab25bbfeb1/build] unable to get git ref: failed to identify reference (tag/branch) for the checked-out revision 'e194fe9ff5f079b81dd9ba48520524d1757900ab'
[32b035c0-435a-4e3b-8010-bfab25bbfeb1/build] unable to get git ref: failed to identify reference (tag/branch) for the checked-out revision 'e194fe9ff5f079b81dd9ba48520524d1757900ab'
[32b035c0-435a-4e3b-8010-bfab25bbfeb1/build]   üê≥  docker cp src=/tmp/act-cache/e4b04cf7-4a55-49de-a912-145f3d16b8ca/act/actions-setup-java@v1/ dst=/var/run/act/actions/actions-setup-java@v1/
[32b035c0-435a-4e3b-8010-bfab25bbfeb1/build]   üê≥  docker exec cmd=[chown -R 1012:1013 /var/run/act/actions/actions-setup-java@v1/] user=0 workdir=
[32b035c0-435a-4e3b-8010-bfab25bbfeb1/build]   üê≥  docker exec cmd=[node /var/run/act/actions/actions-setup-java@v1/dist/setup/index.js] user= workdir=
[32b035c0-435a-4e3b-8010-bfab25bbfeb1/build]   üí¨  ::debug::isExplicit: 
[32b035c0-435a-4e3b-8010-bfab25bbfeb1/build]   üí¨  ::debug::explicit? false
[32b035c0-435a-4e3b-8010-bfab25bbfeb1/build]   üí¨  ::debug::evaluating 0 versions
[32b035c0-435a-4e3b-8010-bfab25bbfeb1/build]   üí¨  ::debug::match not found
[32b035c0-435a-4e3b-8010-bfab25bbfeb1/build]   üí¨  ::debug::Downloading JDK from Azul
[32b035c0-435a-4e3b-8010-bfab25bbfeb1/build]   üí¨  ::debug::Searching for files with extension: -linux_x64.tar.gz
[32b035c0-435a-4e3b-8010-bfab25bbfeb1/build]   üí¨  ::debug::Downloading https://static.azul.com/zulu/bin/zulu11.68.17-ca-jdk11.0.21-linux_x64.tar.gz
[32b035c0-435a-4e3b-8010-bfab25bbfeb1/build]   üí¨  ::debug::Downloading /tmp/7c2e46c1-4770-46af-8717-55c132e8a65c
[32b035c0-435a-4e3b-8010-bfab25bbfeb1/build]   üí¨  ::debug::download complete
[32b035c0-435a-4e3b-8010-bfab25bbfeb1/build]   | [command]/usr/bin/tar --version
[32b035c0-435a-4e3b-8010-bfab25bbfeb1/build]   | tar (GNU tar) 1.34
[32b035c0-435a-4e3b-8010-bfab25bbfeb1/build]   | Copyright (C) 2021 Free Software Foundation, Inc.
[32b035c0-435a-4e3b-8010-bfab25bbfeb1/build]   | License GPLv3+: GNU GPL version 3 or later <https://gnu.org/licenses/gpl.html>.
[32b035c0-435a-4e3b-8010-bfab25bbfeb1/build]   | This is free software: you are free to change and redistribute it.
[32b035c0-435a-4e3b-8010-bfab25bbfeb1/build]   | There is NO WARRANTY, to the extent permitted by law.
[32b035c0-435a-4e3b-8010-bfab25bbfeb1/build]   | 
[32b035c0-435a-4e3b-8010-bfab25bbfeb1/build]   | Written by John Gilmore and Jay Fenlason.
[32b035c0-435a-4e3b-8010-bfab25bbfeb1/build]   | [command]/usr/bin/tar xz --warning=no-unknown-keyword -C /tmp/temp_150905524 -f /tmp/7c2e46c1-4770-46af-8717-55c132e8a65c
[32b035c0-435a-4e3b-8010-bfab25bbfeb1/build]   üí¨  ::debug::jdk extracted to /tmp/temp_150905524/zulu11.68.17-ca-jdk11.0.21-linux_x64
[32b035c0-435a-4e3b-8010-bfab25bbfeb1/build]   üí¨  ::debug::Caching tool jdk 11.0.21 x64
[32b035c0-435a-4e3b-8010-bfab25bbfeb1/build]   üí¨  ::debug::source dir: /tmp/temp_150905524/zulu11.68.17-ca-jdk11.0.21-linux_x64
[32b035c0-435a-4e3b-8010-bfab25bbfeb1/build]   üí¨  ::debug::destination /opt/hostedtoolcache/jdk/11.0.21/x64
[32b035c0-435a-4e3b-8010-bfab25bbfeb1/build]   üí¨  ::debug::finished caching tool
[32b035c0-435a-4e3b-8010-bfab25bbfeb1/build]   ‚ùì add-matcher /run/act/actions/actions-setup-java@v1/.github/java.json
[32b035c0-435a-4e3b-8010-bfab25bbfeb1/build]   | creating settings.xml with server-id: github; environment variables: username=$GITHUB_ACTOR, password=$GITHUB_TOKEN, and gpg-passphrase=null
[32b035c0-435a-4e3b-8010-bfab25bbfeb1/build]   üí¨  ::debug::created directory /home/runner/.m2
[32b035c0-435a-4e3b-8010-bfab25bbfeb1/build]   | writing /home/runner/.m2/settings.xml
[32b035c0-435a-4e3b-8010-bfab25bbfeb1/build]   ‚úÖ  Success - Main Set up JDK 11
[32b035c0-435a-4e3b-8010-bfab25bbfeb1/build]   ‚öô  ::set-env:: JAVA_HOME_11.0.21_x64=/opt/hostedtoolcache/jdk/11.0.21/x64
[32b035c0-435a-4e3b-8010-bfab25bbfeb1/build]   ‚öô  ::set-env:: JAVA_HOME=/opt/hostedtoolcache/jdk/11.0.21/x64
[32b035c0-435a-4e3b-8010-bfab25bbfeb1/build]   ‚öô  ::set-env:: JAVA_HOME_11_0_21_X64=/opt/hostedtoolcache/jdk/11.0.21/x64
[32b035c0-435a-4e3b-8010-bfab25bbfeb1/build]   ‚öô  ::set-output:: path=/opt/hostedtoolcache/jdk/11.0.21/x64
[32b035c0-435a-4e3b-8010-bfab25bbfeb1/build]   ‚öô  ::set-output:: version=11.0.21
[32b035c0-435a-4e3b-8010-bfab25bbfeb1/build]   ‚öô  ::add-path:: /opt/hostedtoolcache/jdk/11.0.21/x64/bin
[32b035c0-435a-4e3b-8010-bfab25bbfeb1/build] unable to get git ref: failed to identify reference (tag/branch) for the checked-out revision 'e194fe9ff5f079b81dd9ba48520524d1757900ab'
[32b035c0-435a-4e3b-8010-bfab25bbfeb1/build] unable to get git ref: failed to identify reference (tag/branch) for the checked-out revision 'e194fe9ff5f079b81dd9ba48520524d1757900ab'
[32b035c0-435a-4e3b-8010-bfab25bbfeb1/build] unable to get git ref: failed to identify reference (tag/branch) for the checked-out revision 'e194fe9ff5f079b81dd9ba48520524d1757900ab'
[32b035c0-435a-4e3b-8010-bfab25bbfeb1/build] unable to get git ref: failed to identify reference (tag/branch) for the checked-out revision 'e194fe9ff5f079b81dd9ba48520524d1757900ab'
[32b035c0-435a-4e3b-8010-bfab25bbfeb1/build] unable to get git ref: failed to identify reference (tag/branch) for the checked-out revision 'e194fe9ff5f079b81dd9ba48520524d1757900ab'
[32b035c0-435a-4e3b-8010-bfab25bbfeb1/build] ‚≠ê Run Main Build with Gradle
[32b035c0-435a-4e3b-8010-bfab25bbfeb1/build] unable to get git ref: failed to identify reference (tag/branch) for the checked-out revision 'e194fe9ff5f079b81dd9ba48520524d1757900ab'
[32b035c0-435a-4e3b-8010-bfab25bbfeb1/build] unable to get git ref: failed to identify reference (tag/branch) for the checked-out revision 'e194fe9ff5f079b81dd9ba48520524d1757900ab'
[32b035c0-435a-4e3b-8010-bfab25bbfeb1/build] unable to get git ref: failed to identify reference (tag/branch) for the checked-out revision 'e194fe9ff5f079b81dd9ba48520524d1757900ab'
[32b035c0-435a-4e3b-8010-bfab25bbfeb1/build] unable to get git ref: failed to identify reference (tag/branch) for the checked-out revision 'e194fe9ff5f079b81dd9ba48520524d1757900ab'
[32b035c0-435a-4e3b-8010-bfab25bbfeb1/build]   üê≥  docker exec cmd=[bash --noprofile --norc -e -o pipefail /var/run/act/workflow/2] user= workdir=
[32b035c0-435a-4e3b-8010-bfab25bbfeb1/build]   | Downloading https://services.gradle.org/distributions/gradle-5.4-all.zip
[32b035c0-435a-4e3b-8010-bfab25bbfeb1/build]   | ..............................................................................................................................
[32b035c0-435a-4e3b-8010-bfab25bbfeb1/build]   | 
[32b035c0-435a-4e3b-8010-bfab25bbfeb1/build]   | Welcome to Gradle 5.4!
[32b035c0-435a-4e3b-8010-bfab25bbfeb1/build]   | 
[32b035c0-435a-4e3b-8010-bfab25bbfeb1/build]   | Here are the highlights of this release:
[32b035c0-435a-4e3b-8010-bfab25bbfeb1/build]   |  - Run builds with JDK12
[32b035c0-435a-4e3b-8010-bfab25bbfeb1/build]   |  - New API for Incremental Tasks
[32b035c0-435a-4e3b-8010-bfab25bbfeb1/build]   |  - Updates to native projects, including Swift 5 support
[32b035c0-435a-4e3b-8010-bfab25bbfeb1/build]   | 
[32b035c0-435a-4e3b-8010-bfab25bbfeb1/build]   | For more details see https://docs.gradle.org/5.4/release-notes.html
[32b035c0-435a-4e3b-8010-bfab25bbfeb1/build]   | 
[32b035c0-435a-4e3b-8010-bfab25bbfeb1/build]   | Starting a Gradle Daemon (subsequent builds will be faster)
[32b035c0-435a-4e3b-8010-bfab25bbfeb1/build]   | Note: Some input files use or override a deprecated API.
[32b035c0-435a-4e3b-8010-bfab25bbfeb1/build]   | Note: Recompile with -Xlint:deprecation for details.
[32b035c0-435a-4e3b-8010-bfab25bbfeb1/build]   | Note: Some input files use unchecked or unsafe operations.
[32b035c0-435a-4e3b-8010-bfab25bbfeb1/build]   | Note: Recompile with -Xlint:unchecked for details.
[32b035c0-435a-4e3b-8010-bfab25bbfeb1/build]   | 
[32b035c0-435a-4e3b-8010-bfab25bbfeb1/build]   | > Task :compileJava
[32b035c0-435a-4e3b-8010-bfab25bbfeb1/build]   | 
[32b035c0-435a-4e3b-8010-bfab25bbfeb1/build]   | > Task :patchPluginXml NO-SOURCE
[32b035c0-435a-4e3b-8010-bfab25bbfeb1/build]   | > Task :processResources
[32b035c0-435a-4e3b-8010-bfab25bbfeb1/build]   | > Task :classes
[32b035c0-435a-4e3b-8010-bfab25bbfeb1/build]   | > Task :instrumentCode
[32b035c0-435a-4e3b-8010-bfab25bbfeb1/build]   | > Task :postInstrumentCode
[32b035c0-435a-4e3b-8010-bfab25bbfeb1/build]   | > Task :compileTestJava
[32b035c0-435a-4e3b-8010-bfab25bbfeb1/build]   | > Task :processTestResources NO-SOURCE
[32b035c0-435a-4e3b-8010-bfab25bbfeb1/build]   | > Task :testClasses
[32b035c0-435a-4e3b-8010-bfab25bbfeb1/build]   | > Task :instrumentTestCode
[32b035c0-435a-4e3b-8010-bfab25bbfeb1/build]   | > Task :postInstrumentTestCode
[32b035c0-435a-4e3b-8010-bfab25bbfeb1/build]   | > Task :jar
[32b035c0-435a-4e3b-8010-bfab25bbfeb1/build]   | > Task :prepareTestingSandbox
[32b035c0-435a-4e3b-8010-bfab25bbfeb1/build]   | 
[32b035c0-435a-4e3b-8010-bfab25bbfeb1/build]   | > Task :test
[32b035c0-435a-4e3b-8010-bfab25bbfeb1/build]   | WARNING: An illegal reflective access operation has occurred
[32b035c0-435a-4e3b-8010-bfab25bbfeb1/build]   | WARNING: Illegal reflective access by org.powermock.reflect.internal.WhiteboxImpl (file:/home/runner/.gradle/caches/modules-2/files-2.1/org.powermock/powermock-reflect/2.0.9/4bb9ed43e5221926fb86cae44b445de110a51d05/powermock-reflect-2.0.9.jar) to method java.lang.Object.clone()
[32b035c0-435a-4e3b-8010-bfab25bbfeb1/build]   | WARNING: Please consider reporting this to the maintainers of org.powermock.reflect.internal.WhiteboxImpl
[32b035c0-435a-4e3b-8010-bfab25bbfeb1/build]   | WARNING: Use --illegal-access=warn to enable warnings of further illegal reflective access operations
[32b035c0-435a-4e3b-8010-bfab25bbfeb1/build]   | WARNING: All illegal access operations will be denied in a future release
[32b035c0-435a-4e3b-8010-bfab25bbfeb1/build]   | 
[32b035c0-435a-4e3b-8010-bfab25bbfeb1/build]   | org.wso2.lsp4intellij.utils.FileUtilsTest > testVFSToURINotNull FAILED
[32b035c0-435a-4e3b-8010-bfab25bbfeb1/build]   |     java.lang.AssertionError at FileUtilsTest.java:107
[32b035c0-435a-4e3b-8010-bfab25bbfeb1/build]   | 
[32b035c0-435a-4e3b-8010-bfab25bbfeb1/build]   | 21 tests completed, 1 failed, 7 skipped
[32b035c0-435a-4e3b-8010-bfab25bbfeb1/build]   | 
[32b035c0-435a-4e3b-8010-bfab25bbfeb1/build]   | > Task :test FAILED
[32b035c0-435a-4e3b-8010-bfab25bbfeb1/build]   | 
[32b035c0-435a-4e3b-8010-bfab25bbfeb1/build]   | FAILURE: Build failed with an exception.
[32b035c0-435a-4e3b-8010-bfab25bbfeb1/build]   | 
[32b035c0-435a-4e3b-8010-bfab25bbfeb1/build]   | * What went wrong:
[32b035c0-435a-4e3b-8010-bfab25bbfeb1/build]   | Execution failed for task ':test'.
[32b035c0-435a-4e3b-8010-bfab25bbfeb1/build]   | > There were failing tests. See the report at: file:///tmp/4de21194-20e6-427d-ba72-118669a15f63/build/reports/tests/test/index.html
[32b035c0-435a-4e3b-8010-bfab25bbfeb1/build]   | 
[32b035c0-435a-4e3b-8010-bfab25bbfeb1/build]   | * Try:
[32b035c0-435a-4e3b-8010-bfab25bbfeb1/build]   | Run with --info or --debug option to get more log output. Run with --scan to get full insights.
[32b035c0-435a-4e3b-8010-bfab25bbfeb1/build]   | 
[32b035c0-435a-4e3b-8010-bfab25bbfeb1/build]   | * Exception is:
[32b035c0-435a-4e3b-8010-bfab25bbfeb1/build]   | org.gradle.api.tasks.TaskExecutionException: Execution failed for task ':test'.
[32b035c0-435a-4e3b-8010-bfab25bbfeb1/build]   | 	at org.gradle.api.internal.tasks.execution.ExecuteActionsTaskExecuter$3.accept(ExecuteActionsTaskExecuter.java:151)
[32b035c0-435a-4e3b-8010-bfab25bbfeb1/build]   | 	at org.gradle.api.internal.tasks.execution.ExecuteActionsTaskExecuter$3.accept(ExecuteActionsTaskExecuter.java:148)
[32b035c0-435a-4e3b-8010-bfab25bbfeb1/build]   | 	at org.gradle.internal.Try$Failure.ifSuccessfulOrElse(Try.java:191)
[32b035c0-435a-4e3b-8010-bfab25bbfeb1/build]   | 	at org.gradle.api.internal.tasks.execution.ExecuteActionsTaskExecuter.execute(ExecuteActionsTaskExecuter.java:141)
[32b035c0-435a-4e3b-8010-bfab25bbfeb1/build]   | 	at org.gradle.api.internal.tasks.execution.ResolveBeforeExecutionStateTaskExecuter.execute(ResolveBeforeExecutionStateTaskExecuter.java:75)
[32b035c0-435a-4e3b-8010-bfab25bbfeb1/build]   | 	at org.gradle.api.internal.tasks.execution.ValidatingTaskExecuter.execute(ValidatingTaskExecuter.java:62)
[32b035c0-435a-4e3b-8010-bfab25bbfeb1/build]   | 	at org.gradle.api.internal.tasks.execution.SkipEmptySourceFilesTaskExecuter.execute(SkipEmptySourceFilesTaskExecuter.java:108)
[32b035c0-435a-4e3b-8010-bfab25bbfeb1/build]   | 	at org.gradle.api.internal.tasks.execution.ResolveBeforeExecutionOutputsTaskExecuter.execute(ResolveBeforeExecutionOutputsTaskExecuter.java:67)
[32b035c0-435a-4e3b-8010-bfab25bbfeb1/build]   | 	at org.gradle.api.internal.tasks.execution.StartSnapshotTaskInputsBuildOperationTaskExecuter.execute(StartSnapshotTaskInputsBuildOperationTaskExecuter.java:62)
[32b035c0-435a-4e3b-8010-bfab25bbfeb1/build]   | 	at org.gradle.api.internal.tasks.execution.ResolveAfterPreviousExecutionStateTaskExecuter.execute(ResolveAfterPreviousExecutionStateTaskExecuter.java:46)
[32b035c0-435a-4e3b-8010-bfab25bbfeb1/build]   | 	at org.gradle.api.internal.tasks.execution.CleanupStaleOutputsExecuter.execute(CleanupStaleOutputsExecuter.java:94)
[32b035c0-435a-4e3b-8010-bfab25bbfeb1/build]   | 	at org.gradle.api.internal.tasks.execution.FinalizePropertiesTaskExecuter.execute(FinalizePropertiesTaskExecuter.java:46)
[32b035c0-435a-4e3b-8010-bfab25bbfeb1/build]   | 	at org.gradle.api.internal.tasks.execution.ResolveTaskExecutionModeExecuter.execute(ResolveTaskExecutionModeExecuter.java:95)
[32b035c0-435a-4e3b-8010-bfab25bbfeb1/build]   | 	at org.gradle.api.internal.tasks.execution.SkipTaskWithNoActionsExecuter.execute(SkipTaskWithNoActionsExecuter.java:57)
[32b035c0-435a-4e3b-8010-bfab25bbfeb1/build]   | 	at org.gradle.api.internal.tasks.execution.SkipOnlyIfTaskExecuter.execute(SkipOnlyIfTaskExecuter.java:56)
[32b035c0-435a-4e3b-8010-bfab25bbfeb1/build]   | 	at org.gradle.api.internal.tasks.execution.CatchExceptionTaskExecuter.execute(CatchExceptionTaskExecuter.java:36)
[32b035c0-435a-4e3b-8010-bfab25bbfeb1/build]   | 	at org.gradle.api.internal.tasks.execution.EventFiringTaskExecuter$1.executeTask(EventFiringTaskExecuter.java:73)
[32b035c0-435a-4e3b-8010-bfab25bbfeb1/build]   | 	at org.gradle.api.internal.tasks.execution.EventFiringTaskExecuter$1.call(EventFiringTaskExecuter.java:52)
[32b035c0-435a-4e3b-8010-bfab25bbfeb1/build]   | 	at org.gradle.api.internal.tasks.execution.EventFiringTaskExecuter$1.call(EventFiringTaskExecuter.java:49)
[32b035c0-435a-4e3b-8010-bfab25bbfeb1/build]   | 	at org.gradle.internal.operations.DefaultBuildOperationExecutor$CallableBuildOperationWorker.execute(DefaultBuildOperationExecutor.java:416)
[32b035c0-435a-4e3b-8010-bfab25bbfeb1/build]   | 	at org.gradle.internal.operations.DefaultBuildOperationExecutor$CallableBuildOperationWorker.execute(DefaultBuildOperationExecutor.java:406)
[32b035c0-435a-4e3b-8010-bfab25bbfeb1/build]   | 	at org.gradle.internal.operations.DefaultBuildOperationExecutor$1.execute(DefaultBuildOperationExecutor.java:165)
[32b035c0-435a-4e3b-8010-bfab25bbfeb1/build]   | 	at org.gradle.internal.operations.DefaultBuildOperationExecutor.execute(DefaultBuildOperationExecutor.java:250)
[32b035c0-435a-4e3b-8010-bfab25bbfeb1/build]   | 	at org.gradle.internal.operations.DefaultBuildOperationExecutor.execute(DefaultBuildOperationExecutor.java:158)
[32b035c0-435a-4e3b-8010-bfab25bbfeb1/build]   | 	at org.gradle.internal.operations.DefaultBuildOperationExecutor.call(DefaultBuildOperationExecutor.java:102)
[32b035c0-435a-4e3b-8010-bfab25bbfeb1/build]   | 	at org.gradle.internal.operations.DelegatingBuildOperationExecutor.call(DelegatingBuildOperationExecutor.java:36)
[32b035c0-435a-4e3b-8010-bfab25bbfeb1/build]   | 	at org.gradle.api.internal.tasks.execution.EventFiringTaskExecuter.execute(EventFiringTaskExecuter.java:49)
[32b035c0-435a-4e3b-8010-bfab25bbfeb1/build]   | 	at org.gradle.execution.plan.LocalTaskNodeExecutor.execute(LocalTaskNodeExecutor.java:43)
[32b035c0-435a-4e3b-8010-bfab25bbfeb1/build]   | 	at org.gradle.execution.taskgraph.DefaultTaskExecutionGraph$InvokeNodeExecutorsAction.execute(DefaultTaskExecutionGraph.java:355)
[32b035c0-435a-4e3b-8010-bfab25bbfeb1/build]   | 	at org.gradle.execution.taskgraph.DefaultTaskExecutionGraph$InvokeNodeExecutorsAction.execute(DefaultTaskExecutionGraph.java:343)
[32b035c0-435a-4e3b-8010-bfab25bbfeb1/build]   | 	at org.gradle.execution.taskgraph.DefaultTaskExecutionGraph$BuildOperationAwareExecutionAction.execute(DefaultTaskExecutionGraph.java:336)
[32b035c0-435a-4e3b-8010-bfab25bbfeb1/build]   | 	at org.gradle.execution.taskgraph.DefaultTaskExecutionGraph$BuildOperationAwareExecutionAction.execute(DefaultTaskExecutionGraph.java:322)
[32b035c0-435a-4e3b-8010-bfab25bbfeb1/build]   | 	at org.gradle.execution.plan.DefaultPlanExecutor$ExecutorWorker$1.execute(DefaultPlanExecutor.java:134)
[32b035c0-435a-4e3b-8010-bfab25bbfeb1/build]   | 	at org.gradle.execution.plan.DefaultPlanExecutor$ExecutorWorker$1.execute(DefaultPlanExecutor.java:129)
[32b035c0-435a-4e3b-8010-bfab25bbfeb1/build]   | 	at org.gradle.execution.plan.DefaultPlanExecutor$ExecutorWorker.execute(DefaultPlanExecutor.java:202)
[32b035c0-435a-4e3b-8010-bfab25bbfeb1/build]   | 	at org.gradle.execution.plan.DefaultPlanExecutor$ExecutorWorker.executeNextNode(DefaultPlanExecutor.java:193)
[32b035c0-435a-4e3b-8010-bfab25bbfeb1/build]   | 	at org.gradle.execution.plan.DefaultPlanExecutor$ExecutorWorker.run(DefaultPlanExecutor.java:129)
[32b035c0-435a-4e3b-8010-bfab25bbfeb1/build]   | 	at org.gradle.internal.concurrent.ExecutorPolicy$CatchAndRecordFailures.onExecute(ExecutorPolicy.java:63)
[32b035c0-435a-4e3b-8010-bfab25bbfeb1/build]   | 	at org.gradle.internal.concurrent.ManagedExecutorImpl$1.run(ManagedExecutorImpl.java:46)
[32b035c0-435a-4e3b-8010-bfab25bbfeb1/build]   | 	at org.gradle.internal.concurrent.ThreadFactoryImpl$ManagedThreadRunnable.run(ThreadFactoryImpl.java:55)
[32b035c0-435a-4e3b-8010-bfab25bbfeb1/build]   | Caused by: org.gradle.api.GradleException: There were failing tests. See the report at: file:///tmp/4de21194-20e6-427d-ba72-118669a15f63/build/reports/tests/test/index.html
[32b035c0-435a-4e3b-8010-bfab25bbfeb1/build]   | 	at org.gradle.api.tasks.testing.AbstractTestTask.handleTestFailures(AbstractTestTask.java:626)
[32b035c0-435a-4e3b-8010-bfab25bbfeb1/build]   | 	at org.gradle.api.tasks.testing.AbstractTestTask.executeTests(AbstractTestTask.java:498)
[32b035c0-435a-4e3b-8010-bfab25bbfeb1/build]   | 	at org.gradle.api.tasks.testing.Test.executeTests(Test.java:594)
[32b035c0-435a-4e3b-8010-bfab25bbfeb1/build]   | 	at java.base/jdk.internal.reflect.NativeMethodAccessorImpl.invoke0(Native Method)
[32b035c0-435a-4e3b-8010-bfab25bbfeb1/build]   | 	at java.base/jdk.internal.reflect.NativeMethodAccessorImpl.invoke(NativeMethodAccessorImpl.java:62)
[32b035c0-435a-4e3b-8010-bfab25bbfeb1/build]   | 	at java.base/jdk.internal.reflect.DelegatingMethodAccessorImpl.invoke(DelegatingMethodAccessorImpl.java:43)
[32b035c0-435a-4e3b-8010-bfab25bbfeb1/build]   | 	at org.gradle.internal.reflect.JavaMethod.invoke(JavaMethod.java:103)
[32b035c0-435a-4e3b-8010-bfab25bbfeb1/build]   | 	at org.gradle.api.internal.project.taskfactory.StandardTaskAction.doExecute(StandardTaskAction.java:48)
[32b035c0-435a-4e3b-8010-bfab25bbfeb1/build]   | 	at org.gradle.api.internal.project.taskfactory.StandardTaskAction.execute(StandardTaskAction.java:41)
[32b035c0-435a-4e3b-8010-bfab25bbfeb1/build]   | 	at org.gradle.api.internal.project.taskfactory.StandardTaskAction.execute(StandardTaskAction.java:28)
[32b035c0-435a-4e3b-8010-bfab25bbfeb1/build]   | 	at org.gradle.api.internal.AbstractTask$TaskActionWrapper.execute(AbstractTask.java:702)
[32b035c0-435a-4e3b-8010-bfab25bbfeb1/build]   | 	at org.gradle.api.internal.AbstractTask$TaskActionWrapper.execute(AbstractTask.java:669)
[32b035c0-435a-4e3b-8010-bfab25bbfeb1/build]   | 	at org.gradle.api.internal.tasks.execution.ExecuteActionsTaskExecuter$5.run(ExecuteActionsTaskExecuter.java:404)
[32b035c0-435a-4e3b-8010-bfab25bbfeb1/build]   | 	at org.gradle.internal.operations.DefaultBuildOperationExecutor$RunnableBuildOperationWorker.execute(DefaultBuildOperationExecutor.java:402)
[32b035c0-435a-4e3b-8010-bfab25bbfeb1/build]   | 	at org.gradle.internal.operations.DefaultBuildOperationExecutor$RunnableBuildOperationWorker.execute(DefaultBuildOperationExecutor.java:394)
[32b035c0-435a-4e3b-8010-bfab25bbfeb1/build]   | 	at org.gradle.internal.operations.DefaultBuildOperationExecutor$1.execute(DefaultBuildOperationExecutor.java:165)
[32b035c0-435a-4e3b-8010-bfab25bbfeb1/build]   | 	at org.gradle.internal.operations.DefaultBuildOperationExecutor.execute(DefaultBuildOperationExecutor.java:250)
[32b035c0-435a-4e3b-8010-bfab25bbfeb1/build]   | 	at org.gradle.internal.operations.DefaultBuildOperationExecutor.execute(DefaultBuildOperationExecutor.java:158)
[32b035c0-435a-4e3b-8010-bfab25bbfeb1/build]   | 	at org.gradle.internal.operations.DefaultBuildOperationExecutor.run(DefaultBuildOperationExecutor.java:92)
[32b035c0-435a-4e3b-8010-bfab25bbfeb1/build]   | 	at org.gradle.internal.operations.DelegatingBuildOperationExecutor.run(DelegatingBuildOperationExecutor.java:31)
[32b035c0-435a-4e3b-8010-bfab25bbfeb1/build]   | 	at org.gradle.api.internal.tasks.execution.ExecuteActionsTaskExecuter.executeAction(ExecuteActionsTaskExecuter.java:393)
[32b035c0-435a-4e3b-8010-bfab25bbfeb1/build]   | 	at org.gradle.api.internal.tasks.execution.ExecuteActionsTaskExecuter.executeActions(ExecuteActionsTaskExecuter.java:376)
[32b035c0-435a-4e3b-8010-bfab25bbfeb1/build]   | 	at org.gradle.api.internal.tasks.execution.ExecuteActionsTaskExecuter.access$200(ExecuteActionsTaskExecuter.java:80)
[32b035c0-435a-4e3b-8010-bfab25bbfeb1/build]   | 	at org.gradle.api.internal.tasks.execution.ExecuteActionsTaskExecuter$TaskExecution.execute(ExecuteActionsTaskExecuter.java:213)
[32b035c0-435a-4e3b-8010-bfab25bbfeb1/build]   | 	at org.gradle.internal.execution.steps.ExecuteStep.lambda$execute$1(ExecuteStep.java:33)
[32b035c0-435a-4e3b-8010-bfab25bbfeb1/build]   | 	at org.gradle.internal.execution.steps.ExecuteStep.execute(ExecuteStep.java:33)
[32b035c0-435a-4e3b-8010-bfab25bbfeb1/build]   | 	at org.gradle.internal.execution.steps.ExecuteStep.execute(ExecuteStep.java:26)
[32b035c0-435a-4e3b-8010-bfab25bbfeb1/build]   | 	at org.gradle.internal.execution.steps.CleanupOutputsStep.execute(CleanupOutputsStep.java:58)
[32b035c0-435a-4e3b-8010-bfab25bbfeb1/build]   | 	at org.gradle.internal.execution.steps.CleanupOutputsStep.execute(CleanupOutputsStep.java:35)
[32b035c0-435a-4e3b-8010-bfab25bbfeb1/build]   | 	at org.gradle.internal.execution.steps.ResolveInputChangesStep.execute(ResolveInputChangesStep.java:48)
[32b035c0-435a-4e3b-8010-bfab25bbfeb1/build]   | 	at org.gradle.internal.execution.steps.ResolveInputChangesStep.execute(ResolveInputChangesStep.java:33)
[32b035c0-435a-4e3b-8010-bfab25bbfeb1/build]   | 	at org.gradle.internal.execution.steps.CancelExecutionStep.execute(CancelExecutionStep.java:39)
[32b035c0-435a-4e3b-8010-bfab25bbfeb1/build]   | 	at org.gradle.internal.execution.steps.TimeoutStep.executeWithoutTimeout(TimeoutStep.java:73)
[32b035c0-435a-4e3b-8010-bfab25bbfeb1/build]   | 	at org.gradle.internal.execution.steps.TimeoutStep.execute(TimeoutStep.java:54)
[32b035c0-435a-4e3b-8010-bfab25bbfeb1/build]   | 	at org.gradle.internal.execution.steps.CatchExceptionStep.execute(CatchExceptionStep.java:35)
[32b035c0-435a-4e3b-8010-bfab25bbfeb1/build]   | 	at org.gradle.internal.execution.steps.CreateOutputsStep.execute(CreateOutputsStep.java:51)
[32b035c0-435a-4e3b-8010-bfab25bbfeb1/build]   | 	at org.gradle.internal.execution.steps.SnapshotOutputsStep.execute(SnapshotOutputsStep.java:45)
[32b035c0-435a-4e3b-8010-bfab25bbfeb1/build]   | 	at org.gradle.internal.execution.steps.SnapshotOutputsStep.execute(SnapshotOutputsStep.java:31)
[32b035c0-435a-4e3b-8010-bfab25bbfeb1/build]   | 	at org.gradle.internal.execution.steps.CacheStep.executeWithoutCache(CacheStep.java:201)
[32b035c0-435a-4e3b-8010-bfab25bbfeb1/build]   | 	at org.gradle.internal.execution.steps.CacheStep.execute(CacheStep.java:70)
[32b035c0-435a-4e3b-8010-bfab25bbfeb1/build]   | 	at org.gradle.internal.execution.steps.CacheStep.execute(CacheStep.java:45)
[32b035c0-435a-4e3b-8010-bfab25bbfeb1/build]   | 	at org.gradle.internal.execution.steps.BroadcastChangingOutputsStep.execute(BroadcastChangingOutputsStep.java:49)
[32b035c0-435a-4e3b-8010-bfab25bbfeb1/build]   | 	at org.gradle.internal.execution.steps.StoreSnapshotsStep.execute(StoreSnapshotsStep.java:43)
[32b035c0-435a-4e3b-8010-bfab25bbfeb1/build]   | 	at org.gradle.internal.execution.steps.StoreSnapshotsStep.execute(StoreSnapshotsStep.java:32)
[32b035c0-435a-4e3b-8010-bfab25bbfeb1/build]   | 	at org.gradle.internal.execution.steps.RecordOutputsStep.execute(RecordOutputsStep.java:38)
[32b035c0-435a-4e3b-8010-bfab25bbfeb1/build]   | 	at org.gradle.internal.execution.steps.RecordOutputsStep.execute(RecordOutputsStep.java:24)
[32b035c0-435a-4e3b-8010-bfab25bbfeb1/build]   | 	at org.gradle.internal.execution.steps.SkipUpToDateStep.executeBecause(SkipUpToDateStep.java:96)
[32b035c0-435a-4e3b-8010-bfab25bbfeb1/build]   | 	at org.gradle.internal.execution.steps.SkipUpToDateStep.lambda$execute$0(SkipUpToDateStep.java:89)
[32b035c0-435a-4e3b-8010-bfab25bbfeb1/build]   | 	at org.gradle.internal.execution.steps.SkipUpToDateStep.execute(SkipUpToDateStep.java:54)
[32b035c0-435a-4e3b-8010-bfab25bbfeb1/build]   | 	at org.gradle.internal.execution.steps.SkipUpToDateStep.execute(SkipUpToDateStep.java:38)
[32b035c0-435a-4e3b-8010-bfab25bbfeb1/build]   | 	at org.gradle.internal.execution.steps.ResolveChangesStep.execute(ResolveChangesStep.java:77)
[32b035c0-435a-4e3b-8010-bfab25bbfeb1/build]   | 	at org.gradle.internal.execution.steps.ResolveChangesStep.execute(ResolveChangesStep.java:37)
[32b035c0-435a-4e3b-8010-bfab25bbfeb1/build]   | 	at org.gradle.internal.execution.steps.legacy.MarkSnapshottingInputsFinishedStep.execute(MarkSnapshottingInputsFinishedStep.java:36)
[32b035c0-435a-4e3b-8010-bfab25bbfeb1/build]   | 10 actionable tasks: 10 executed
[32b035c0-435a-4e3b-8010-bfab25bbfeb1/build]   | 	at org.gradle.internal.execution.steps.legacy.MarkSnapshottingInputsFinishedStep.execute(MarkSnapshottingInputsFinishedStep.java:26)
[32b035c0-435a-4e3b-8010-bfab25bbfeb1/build]   | 	at org.gradle.internal.execution.steps.ResolveCachingStateStep.execute(ResolveCachingStateStep.java:90)
[32b035c0-435a-4e3b-8010-bfab25bbfeb1/build]   | 	at org.gradle.internal.execution.steps.ResolveCachingStateStep.execute(ResolveCachingStateStep.java:48)
[32b035c0-435a-4e3b-8010-bfab25bbfeb1/build]   | 	at org.gradle.internal.execution.impl.DefaultWorkExecutor.execute(DefaultWorkExecutor.java:33)
[32b035c0-435a-4e3b-8010-bfab25bbfeb1/build]   | 	at org.gradle.api.internal.tasks.execution.ExecuteActionsTaskExecuter.execute(ExecuteActionsTaskExecuter.java:120)
[32b035c0-435a-4e3b-8010-bfab25bbfeb1/build]   | 	... 36 more
[32b035c0-435a-4e3b-8010-bfab25bbfeb1/build]   | 
[32b035c0-435a-4e3b-8010-bfab25bbfeb1/build]   | 
[32b035c0-435a-4e3b-8010-bfab25bbfeb1/build]   | * Get more help at https://help.gradle.org
[32b035c0-435a-4e3b-8010-bfab25bbfeb1/build]   | 
[32b035c0-435a-4e3b-8010-bfab25bbfeb1/build]   | BUILD FAILED in 3m 26s
[32b035c0-435a-4e3b-8010-bfab25bbfeb1/build]   | 
[32b035c0-435a-4e3b-8010-bfab25bbfeb1/build]   | The build scan was not published due to a configuration problem.
[32b035c0-435a-4e3b-8010-bfab25bbfeb1/build]   | 
[32b035c0-435a-4e3b-8010-bfab25bbfeb1/build]   | The Gradle Terms of Service have not been agreed to.
[32b035c0-435a-4e3b-8010-bfab25bbfeb1/build]   | 
[32b035c0-435a-4e3b-8010-bfab25bbfeb1/build]   | For more information, please see https://gradle.com/scans/help/plugin-terms-of-service.
[32b035c0-435a-4e3b-8010-bfab25bbfeb1/build]   | 
[32b035c0-435a-4e3b-8010-bfab25bbfeb1/build]   | Alternatively, if you are using Gradle Enterprise, specify the server location.
[32b035c0-435a-4e3b-8010-bfab25bbfeb1/build]   | For more information, please see https://gradle.com/scans/help/plugin-enterprise-config.
[32b035c0-435a-4e3b-8010-bfab25bbfeb1/build]   | 
[32b035c0-435a-4e3b-8010-bfab25bbfeb1/build]   ‚ùå  Failure - Main Build with Gradle
[32b035c0-435a-4e3b-8010-bfab25bbfeb1/build] exitcode '1': failure
[32b035c0-435a-4e3b-8010-bfab25bbfeb1/build] unable to get git ref: failed to identify reference (tag/branch) for the checked-out revision 'e194fe9ff5f079b81dd9ba48520524d1757900ab'
[32b035c0-435a-4e3b-8010-bfab25bbfeb1/build] unable to get git ref: failed to identify reference (tag/branch) for the checked-out revision 'e194fe9ff5f079b81dd9ba48520524d1757900ab'
[32b035c0-435a-4e3b-8010-bfab25bbfeb1/build] unable to get git ref: failed to identify reference (tag/branch) for the checked-out revision 'e194fe9ff5f079b81dd9ba48520524d1757900ab'
[32b035c0-435a-4e3b-8010-bfab25bbfeb1/build] unable to get git ref: failed to identify reference (tag/branch) for the checked-out revision 'e194fe9ff5f079b81dd9ba48520524d1757900ab'
[32b035c0-435a-4e3b-8010-bfab25bbfeb1/build] unable to get git ref: failed to identify reference (tag/branch) for the checked-out revision 'e194fe9ff5f079b81dd9ba48520524d1757900ab'
[32b035c0-435a-4e3b-8010-bfab25bbfeb1/build] ‚≠ê Run Main Archive test results
[32b035c0-435a-4e3b-8010-bfab25bbfeb1/build] unable to get git ref: failed to identify reference (tag/branch) for the checked-out revision 'e194fe9ff5f079b81dd9ba48520524d1757900ab'
[32b035c0-435a-4e3b-8010-bfab25bbfeb1/build] unable to get git ref: failed to identify reference (tag/branch) for the checked-out revision 'e194fe9ff5f079b81dd9ba48520524d1757900ab'
[32b035c0-435a-4e3b-8010-bfab25bbfeb1/build] unable to get git ref: failed to identify reference (tag/branch) for the checked-out revision 'e194fe9ff5f079b81dd9ba48520524d1757900ab'
[32b035c0-435a-4e3b-8010-bfab25bbfeb1/build]   ‚ùå  Failure - Main Archive test results
[32b035c0-435a-4e3b-8010-bfab25bbfeb1/build] The runs.using key must be one of: [docker node12 node16 composite], got 
[32b035c0-435a-4e3b-8010-bfab25bbfeb1/build] unable to get git ref: failed to identify reference (tag/branch) for the checked-out revision 'e194fe9ff5f079b81dd9ba48520524d1757900ab'
[32b035c0-435a-4e3b-8010-bfab25bbfeb1/build] unable to get git ref: failed to identify reference (tag/branch) for the checked-out revision 'e194fe9ff5f079b81dd9ba48520524d1757900ab'
[32b035c0-435a-4e3b-8010-bfab25bbfeb1/build] unable to get git ref: failed to identify reference (tag/branch) for the checked-out revision 'e194fe9ff5f079b81dd9ba48520524d1757900ab'
[32b035c0-435a-4e3b-8010-bfab25bbfeb1/build] unable to get git ref: failed to identify reference (tag/branch) for the checked-out revision 'e194fe9ff5f079b81dd9ba48520524d1757900ab'
[32b035c0-435a-4e3b-8010-bfab25bbfeb1/build] unable to get git ref: failed to identify reference (tag/branch) for the checked-out revision 'e194fe9ff5f079b81dd9ba48520524d1757900ab'
[32b035c0-435a-4e3b-8010-bfab25bbfeb1/build] ‚≠ê Run Post Set up JDK 11
[32b035c0-435a-4e3b-8010-bfab25bbfeb1/build]   üê≥  docker exec cmd=[node /var/run/act/actions/actions-setup-java@v1/dist/cleanup/index.js] user= workdir=
[32b035c0-435a-4e3b-8010-bfab25bbfeb1/build]   ‚úÖ  Success - Post Set up JDK 11
[32b035c0-435a-4e3b-8010-bfab25bbfeb1/build] üèÅ  Job failed
[32b035c0-435a-4e3b-8010-bfab25bbfeb1/build] unable to get git ref: failed to identify reference (tag/branch) for the checked-out revision 'e194fe9ff5f079b81dd9ba48520524d1757900ab'
