[b08bdee4-b316-43ee-8ed0-c6ebb0f2a9ee/build] ğŸš€  Start image=gitbugactions:latest
[b08bdee4-b316-43ee-8ed0-c6ebb0f2a9ee/build]   ğŸ³  docker pull image=gitbugactions:latest platform= username= forcePull=false
[b08bdee4-b316-43ee-8ed0-c6ebb0f2a9ee/build]   ğŸ³  docker create image=gitbugactions:latest platform= entrypoint=["tail" "-f" "/dev/null"] cmd=[]
[b08bdee4-b316-43ee-8ed0-c6ebb0f2a9ee/build]   ğŸ³  docker run image=gitbugactions:latest platform= entrypoint=["tail" "-f" "/dev/null"] cmd=[]
[b08bdee4-b316-43ee-8ed0-c6ebb0f2a9ee/build]   ğŸ³  docker exec cmd=[chown -R 1012:1013 /tmp/af0d978c-fdff-498a-a029-9802ddc03b6a] user=0 workdir=
[b08bdee4-b316-43ee-8ed0-c6ebb0f2a9ee/build] unable to get git ref: failed to identify reference (tag/branch) for the checked-out revision '080c289a8a29244bd46cf029eefabbe426ddd00b'
[b08bdee4-b316-43ee-8ed0-c6ebb0f2a9ee/build] unable to get git ref: failed to identify reference (tag/branch) for the checked-out revision '080c289a8a29244bd46cf029eefabbe426ddd00b'
[b08bdee4-b316-43ee-8ed0-c6ebb0f2a9ee/build] unable to get git ref: failed to identify reference (tag/branch) for the checked-out revision '080c289a8a29244bd46cf029eefabbe426ddd00b'
[b08bdee4-b316-43ee-8ed0-c6ebb0f2a9ee/build] unable to get git ref: failed to identify reference (tag/branch) for the checked-out revision '080c289a8a29244bd46cf029eefabbe426ddd00b'
[b08bdee4-b316-43ee-8ed0-c6ebb0f2a9ee/build] unable to get git ref: failed to identify reference (tag/branch) for the checked-out revision '080c289a8a29244bd46cf029eefabbe426ddd00b'
[b08bdee4-b316-43ee-8ed0-c6ebb0f2a9ee/build] unable to get git ref: failed to identify reference (tag/branch) for the checked-out revision '080c289a8a29244bd46cf029eefabbe426ddd00b'
[b08bdee4-b316-43ee-8ed0-c6ebb0f2a9ee/build] unable to get git ref: failed to identify reference (tag/branch) for the checked-out revision '080c289a8a29244bd46cf029eefabbe426ddd00b'
[b08bdee4-b316-43ee-8ed0-c6ebb0f2a9ee/build] unable to get git ref: failed to identify reference (tag/branch) for the checked-out revision '080c289a8a29244bd46cf029eefabbe426ddd00b'
[b08bdee4-b316-43ee-8ed0-c6ebb0f2a9ee/build] unable to get git ref: failed to identify reference (tag/branch) for the checked-out revision '080c289a8a29244bd46cf029eefabbe426ddd00b'
[b08bdee4-b316-43ee-8ed0-c6ebb0f2a9ee/build] â­ Run Main actions/checkout@v3
[b08bdee4-b316-43ee-8ed0-c6ebb0f2a9ee/build] unable to get git ref: failed to identify reference (tag/branch) for the checked-out revision '080c289a8a29244bd46cf029eefabbe426ddd00b'
[b08bdee4-b316-43ee-8ed0-c6ebb0f2a9ee/build] unable to get git ref: failed to identify reference (tag/branch) for the checked-out revision '080c289a8a29244bd46cf029eefabbe426ddd00b'
[b08bdee4-b316-43ee-8ed0-c6ebb0f2a9ee/build]   ğŸ³  docker cp src=/tmp/af0d978c-fdff-498a-a029-9802ddc03b6a/. dst=/tmp/af0d978c-fdff-498a-a029-9802ddc03b6a
[b08bdee4-b316-43ee-8ed0-c6ebb0f2a9ee/build]   ğŸ³  docker exec cmd=[chown -R 1012:1013 /tmp/af0d978c-fdff-498a-a029-9802ddc03b6a] user=0 workdir=
[b08bdee4-b316-43ee-8ed0-c6ebb0f2a9ee/build]   âœ…  Success - Main actions/checkout@v3
[b08bdee4-b316-43ee-8ed0-c6ebb0f2a9ee/build] unable to get git ref: failed to identify reference (tag/branch) for the checked-out revision '080c289a8a29244bd46cf029eefabbe426ddd00b'
[b08bdee4-b316-43ee-8ed0-c6ebb0f2a9ee/build] unable to get git ref: failed to identify reference (tag/branch) for the checked-out revision '080c289a8a29244bd46cf029eefabbe426ddd00b'
[b08bdee4-b316-43ee-8ed0-c6ebb0f2a9ee/build] unable to get git ref: failed to identify reference (tag/branch) for the checked-out revision '080c289a8a29244bd46cf029eefabbe426ddd00b'
[b08bdee4-b316-43ee-8ed0-c6ebb0f2a9ee/build] unable to get git ref: failed to identify reference (tag/branch) for the checked-out revision '080c289a8a29244bd46cf029eefabbe426ddd00b'
[b08bdee4-b316-43ee-8ed0-c6ebb0f2a9ee/build] unable to get git ref: failed to identify reference (tag/branch) for the checked-out revision '080c289a8a29244bd46cf029eefabbe426ddd00b'
[b08bdee4-b316-43ee-8ed0-c6ebb0f2a9ee/build] â­ Run Main actions/setup-java@v3
[b08bdee4-b316-43ee-8ed0-c6ebb0f2a9ee/build] unable to get git ref: failed to identify reference (tag/branch) for the checked-out revision '080c289a8a29244bd46cf029eefabbe426ddd00b'
[b08bdee4-b316-43ee-8ed0-c6ebb0f2a9ee/build] unable to get git ref: failed to identify reference (tag/branch) for the checked-out revision '080c289a8a29244bd46cf029eefabbe426ddd00b'
[b08bdee4-b316-43ee-8ed0-c6ebb0f2a9ee/build] unable to get git ref: failed to identify reference (tag/branch) for the checked-out revision '080c289a8a29244bd46cf029eefabbe426ddd00b'
[b08bdee4-b316-43ee-8ed0-c6ebb0f2a9ee/build]   ğŸ³  docker cp src=/tmp/act-cache/80aca6b1-1cdc-490c-bd64-d0d90a7d42fb/act/actions-setup-java@v3/ dst=/var/run/act/actions/actions-setup-java@v3/
[b08bdee4-b316-43ee-8ed0-c6ebb0f2a9ee/build]   ğŸ³  docker exec cmd=[chown -R 1012:1013 /var/run/act/actions/actions-setup-java@v3/] user=0 workdir=
[b08bdee4-b316-43ee-8ed0-c6ebb0f2a9ee/build]   ğŸ³  docker exec cmd=[node /var/run/act/actions/actions-setup-java@v3/dist/setup/index.js] user= workdir=
[b08bdee4-b316-43ee-8ed0-c6ebb0f2a9ee/build]   â“  ::group::Installed distributions
[b08bdee4-b316-43ee-8ed0-c6ebb0f2a9ee/build]   | Trying to resolve the latest version from remote
[b08bdee4-b316-43ee-8ed0-c6ebb0f2a9ee/build]   ğŸ’¬  ::debug::Gathering available versions from 'https://api.azul.com/zulu/download/community/v1.0/bundles/?os=linux&ext=tar.gz&bundle_type=jdk&javafx=false&arch=x86&hw_bitness=64&release_status=ga'
[b08bdee4-b316-43ee-8ed0-c6ebb0f2a9ee/build]   | Resolved latest version as 11.0.21+9
[b08bdee4-b316-43ee-8ed0-c6ebb0f2a9ee/build]   | Trying to download...
[b08bdee4-b316-43ee-8ed0-c6ebb0f2a9ee/build]   | Downloading Java 11.0.21+9 (Zulu) from https://cdn.azul.com/zulu/bin/zulu11.68.17-ca-jdk11.0.21-linux_x64.tar.gz ...
[b08bdee4-b316-43ee-8ed0-c6ebb0f2a9ee/build]   ğŸ’¬  ::debug::Downloading https://cdn.azul.com/zulu/bin/zulu11.68.17-ca-jdk11.0.21-linux_x64.tar.gz
[b08bdee4-b316-43ee-8ed0-c6ebb0f2a9ee/build]   ğŸ’¬  ::debug::Destination /tmp/9c6cc9d7-cf2c-41b8-90bd-918695c62649
[b08bdee4-b316-43ee-8ed0-c6ebb0f2a9ee/build]   ğŸ’¬  ::debug::download complete
[b08bdee4-b316-43ee-8ed0-c6ebb0f2a9ee/build]   | Extracting Java archive...
[b08bdee4-b316-43ee-8ed0-c6ebb0f2a9ee/build]   ğŸ’¬  ::debug::Checking tar --version
[b08bdee4-b316-43ee-8ed0-c6ebb0f2a9ee/build]   ğŸ’¬  ::debug::tar (GNU tar) 1.34%0ACopyright (C) 2021 Free Software Foundation, Inc.%0ALicense GPLv3+: GNU GPL version 3 or later <https://gnu.org/licenses/gpl.html>.%0AThis is free software: you are free to change and redistribute it.%0AThere is NO WARRANTY, to the extent permitted by law.%0A%0AWritten by John Gilmore and Jay Fenlason.
[b08bdee4-b316-43ee-8ed0-c6ebb0f2a9ee/build]   | [command]/usr/bin/tar xz --warning=no-unknown-keyword -C /tmp/fce32f6f-7b96-4f4e-8b5b-80ec913b576a -f /tmp/9c6cc9d7-cf2c-41b8-90bd-918695c62649
[b08bdee4-b316-43ee-8ed0-c6ebb0f2a9ee/build]   ğŸ’¬  ::debug::Caching tool Java_Zulu_jdk 11.0.21-9 x64
[b08bdee4-b316-43ee-8ed0-c6ebb0f2a9ee/build]   ğŸ’¬  ::debug::source dir: /tmp/fce32f6f-7b96-4f4e-8b5b-80ec913b576a/zulu11.68.17-ca-jdk11.0.21-linux_x64
[b08bdee4-b316-43ee-8ed0-c6ebb0f2a9ee/build]   ğŸ’¬  ::debug::destination /opt/hostedtoolcache/Java_Zulu_jdk/11.0.21-9/x64
[b08bdee4-b316-43ee-8ed0-c6ebb0f2a9ee/build]   ğŸ’¬  ::debug::finished caching tool
[b08bdee4-b316-43ee-8ed0-c6ebb0f2a9ee/build]   | Java 11.0.21+9 was downloaded
[b08bdee4-b316-43ee-8ed0-c6ebb0f2a9ee/build]   | Setting Java 11.0.21+9 as the default
[b08bdee4-b316-43ee-8ed0-c6ebb0f2a9ee/build]   | Creating toolchains.xml for JDK version 11 from zulu
[b08bdee4-b316-43ee-8ed0-c6ebb0f2a9ee/build]   | Writing to /home/runner/.m2/toolchains.xml
[b08bdee4-b316-43ee-8ed0-c6ebb0f2a9ee/build]   | 
[b08bdee4-b316-43ee-8ed0-c6ebb0f2a9ee/build]   | Java configuration:
[b08bdee4-b316-43ee-8ed0-c6ebb0f2a9ee/build]   |   Distribution: zulu
[b08bdee4-b316-43ee-8ed0-c6ebb0f2a9ee/build]   |   Version: 11.0.21+9
[b08bdee4-b316-43ee-8ed0-c6ebb0f2a9ee/build]   |   Path: /opt/hostedtoolcache/Java_Zulu_jdk/11.0.21-9/x64
[b08bdee4-b316-43ee-8ed0-c6ebb0f2a9ee/build]   | 
[b08bdee4-b316-43ee-8ed0-c6ebb0f2a9ee/build]   â“  ::endgroup::
[b08bdee4-b316-43ee-8ed0-c6ebb0f2a9ee/build]   â“ add-matcher /run/act/actions/actions-setup-java@v3/.github/java.json
[b08bdee4-b316-43ee-8ed0-c6ebb0f2a9ee/build]   | Creating settings.xml with server-id: github
[b08bdee4-b316-43ee-8ed0-c6ebb0f2a9ee/build]   | Writing to /home/runner/.m2/settings.xml
[b08bdee4-b316-43ee-8ed0-c6ebb0f2a9ee/build]   âœ…  Success - Main actions/setup-java@v3
[b08bdee4-b316-43ee-8ed0-c6ebb0f2a9ee/build]   âš™  ::set-env:: JAVA_HOME=/opt/hostedtoolcache/Java_Zulu_jdk/11.0.21-9/x64
[b08bdee4-b316-43ee-8ed0-c6ebb0f2a9ee/build]   âš™  ::set-env:: JAVA_HOME_11_X64=/opt/hostedtoolcache/Java_Zulu_jdk/11.0.21-9/x64
[b08bdee4-b316-43ee-8ed0-c6ebb0f2a9ee/build]   âš™  ::set-output:: path=/opt/hostedtoolcache/Java_Zulu_jdk/11.0.21-9/x64
[b08bdee4-b316-43ee-8ed0-c6ebb0f2a9ee/build]   âš™  ::set-output:: version=11.0.21+9
[b08bdee4-b316-43ee-8ed0-c6ebb0f2a9ee/build]   âš™  ::set-output:: distribution=Zulu
[b08bdee4-b316-43ee-8ed0-c6ebb0f2a9ee/build]   âš™  ::add-path:: /opt/hostedtoolcache/Java_Zulu_jdk/11.0.21-9/x64/bin
[b08bdee4-b316-43ee-8ed0-c6ebb0f2a9ee/build] unable to get git ref: failed to identify reference (tag/branch) for the checked-out revision '080c289a8a29244bd46cf029eefabbe426ddd00b'
[b08bdee4-b316-43ee-8ed0-c6ebb0f2a9ee/build] unable to get git ref: failed to identify reference (tag/branch) for the checked-out revision '080c289a8a29244bd46cf029eefabbe426ddd00b'
[b08bdee4-b316-43ee-8ed0-c6ebb0f2a9ee/build] unable to get git ref: failed to identify reference (tag/branch) for the checked-out revision '080c289a8a29244bd46cf029eefabbe426ddd00b'
[b08bdee4-b316-43ee-8ed0-c6ebb0f2a9ee/build] unable to get git ref: failed to identify reference (tag/branch) for the checked-out revision '080c289a8a29244bd46cf029eefabbe426ddd00b'
[b08bdee4-b316-43ee-8ed0-c6ebb0f2a9ee/build] unable to get git ref: failed to identify reference (tag/branch) for the checked-out revision '080c289a8a29244bd46cf029eefabbe426ddd00b'
[b08bdee4-b316-43ee-8ed0-c6ebb0f2a9ee/build] â­ Run Main ./gradlew build --no-daemon --warning-mode=fail
[b08bdee4-b316-43ee-8ed0-c6ebb0f2a9ee/build] unable to get git ref: failed to identify reference (tag/branch) for the checked-out revision '080c289a8a29244bd46cf029eefabbe426ddd00b'
[b08bdee4-b316-43ee-8ed0-c6ebb0f2a9ee/build] unable to get git ref: failed to identify reference (tag/branch) for the checked-out revision '080c289a8a29244bd46cf029eefabbe426ddd00b'
[b08bdee4-b316-43ee-8ed0-c6ebb0f2a9ee/build] unable to get git ref: failed to identify reference (tag/branch) for the checked-out revision '080c289a8a29244bd46cf029eefabbe426ddd00b'
[b08bdee4-b316-43ee-8ed0-c6ebb0f2a9ee/build] unable to get git ref: failed to identify reference (tag/branch) for the checked-out revision '080c289a8a29244bd46cf029eefabbe426ddd00b'
[b08bdee4-b316-43ee-8ed0-c6ebb0f2a9ee/build]   ğŸ³  docker exec cmd=[bash --noprofile --norc -e -o pipefail /var/run/act/workflow/2] user= workdir=
[b08bdee4-b316-43ee-8ed0-c6ebb0f2a9ee/build]   | Downloading https://services.gradle.org/distributions/gradle-7.5.1-bin.zip
[b08bdee4-b316-43ee-8ed0-c6ebb0f2a9ee/build]   | ...........10%............20%...........30%............40%...........50%............60%...........70%............80%...........90%............100%
[b08bdee4-b316-43ee-8ed0-c6ebb0f2a9ee/build]   | 
[b08bdee4-b316-43ee-8ed0-c6ebb0f2a9ee/build]   | Welcome to Gradle 7.5.1!
[b08bdee4-b316-43ee-8ed0-c6ebb0f2a9ee/build]   | 
[b08bdee4-b316-43ee-8ed0-c6ebb0f2a9ee/build]   | Here are the highlights of this release:
[b08bdee4-b316-43ee-8ed0-c6ebb0f2a9ee/build]   |  - Support for Java 18
[b08bdee4-b316-43ee-8ed0-c6ebb0f2a9ee/build]   |  - Support for building with Groovy 4
[b08bdee4-b316-43ee-8ed0-c6ebb0f2a9ee/build]   |  - Much more responsive continuous builds
[b08bdee4-b316-43ee-8ed0-c6ebb0f2a9ee/build]   |  - Improved diagnostics for dependency resolution
[b08bdee4-b316-43ee-8ed0-c6ebb0f2a9ee/build]   | 
[b08bdee4-b316-43ee-8ed0-c6ebb0f2a9ee/build]   | For more details see https://docs.gradle.org/7.5.1/release-notes.html
[b08bdee4-b316-43ee-8ed0-c6ebb0f2a9ee/build]   | 
[b08bdee4-b316-43ee-8ed0-c6ebb0f2a9ee/build]   | To honour the JVM settings for this build a single-use Daemon process will be forked. See https://docs.gradle.org/7.5.1/userguide/gradle_daemon.html#sec:disabling_the_daemon.
[b08bdee4-b316-43ee-8ed0-c6ebb0f2a9ee/build]   | Daemon will be stopped at the end of the build 
[b08bdee4-b316-43ee-8ed0-c6ebb0f2a9ee/build]   | 
[b08bdee4-b316-43ee-8ed0-c6ebb0f2a9ee/build]   | > Configure project :
[b08bdee4-b316-43ee-8ed0-c6ebb0f2a9ee/build]   | Kordamp Enforcer Gradle plugin 0.10.0. Consider becoming a patron at https://www.patreon.com/aalmiray
[b08bdee4-b316-43ee-8ed0-c6ebb0f2a9ee/build]   | 
[b08bdee4-b316-43ee-8ed0-c6ebb0f2a9ee/build]   | > Task :copyDependencies
[b08bdee4-b316-43ee-8ed0-c6ebb0f2a9ee/build]   | > Task :extractIncludeProto
[b08bdee4-b316-43ee-8ed0-c6ebb0f2a9ee/build]   | > Task :extractProto
[b08bdee4-b316-43ee-8ed0-c6ebb0f2a9ee/build]   | > Task :generateProto
[b08bdee4-b316-43ee-8ed0-c6ebb0f2a9ee/build]   | > Task :compileJava
[b08bdee4-b316-43ee-8ed0-c6ebb0f2a9ee/build]   | Note: Some input files use or override a deprecated API.
[b08bdee4-b316-43ee-8ed0-c6ebb0f2a9ee/build]   | Note: Recompile with -Xlint:deprecation for details.
[b08bdee4-b316-43ee-8ed0-c6ebb0f2a9ee/build]   | Note: Some input files use unchecked or unsafe operations.
[b08bdee4-b316-43ee-8ed0-c6ebb0f2a9ee/build]   | Note: Recompile with -Xlint:unchecked for details.
[b08bdee4-b316-43ee-8ed0-c6ebb0f2a9ee/build]   | 
[b08bdee4-b316-43ee-8ed0-c6ebb0f2a9ee/build]   | > Task :processResources
[b08bdee4-b316-43ee-8ed0-c6ebb0f2a9ee/build]   | > Task :classes
[b08bdee4-b316-43ee-8ed0-c6ebb0f2a9ee/build]   | > Task :jar
[b08bdee4-b316-43ee-8ed0-c6ebb0f2a9ee/build]   | > Task :assemble
[b08bdee4-b316-43ee-8ed0-c6ebb0f2a9ee/build]   | > Task :extractIncludeTestProto
[b08bdee4-b316-43ee-8ed0-c6ebb0f2a9ee/build]   | > Task :extractTestProto
[b08bdee4-b316-43ee-8ed0-c6ebb0f2a9ee/build]   | > Task :generateTestProto NO-SOURCE
[b08bdee4-b316-43ee-8ed0-c6ebb0f2a9ee/build]   | Note: Some input files use or override a deprecated API.
[b08bdee4-b316-43ee-8ed0-c6ebb0f2a9ee/build]   | Note: Recompile with -Xlint:deprecation for details.
[b08bdee4-b316-43ee-8ed0-c6ebb0f2a9ee/build]   | Note: /tmp/af0d978c-fdff-498a-a029-9802ddc03b6a/src/test/java/org/traccar/helper/ServletHelperTest.java uses unchecked or unsafe operations.
[b08bdee4-b316-43ee-8ed0-c6ebb0f2a9ee/build]   | Note: Recompile with -Xlint:unchecked for details.
[b08bdee4-b316-43ee-8ed0-c6ebb0f2a9ee/build]   | 
[b08bdee4-b316-43ee-8ed0-c6ebb0f2a9ee/build]   | > Task :compileTestJava
[b08bdee4-b316-43ee-8ed0-c6ebb0f2a9ee/build]   | 
[b08bdee4-b316-43ee-8ed0-c6ebb0f2a9ee/build]   | > Task :processTestResources NO-SOURCE
[b08bdee4-b316-43ee-8ed0-c6ebb0f2a9ee/build]   | > Task :testClasses
[b08bdee4-b316-43ee-8ed0-c6ebb0f2a9ee/build]   | > Task :checkstyleTest SKIPPED
[b08bdee4-b316-43ee-8ed0-c6ebb0f2a9ee/build]   | 
[b08bdee4-b316-43ee-8ed0-c6ebb0f2a9ee/build]   | > Task :test
[b08bdee4-b316-43ee-8ed0-c6ebb0f2a9ee/build]   | 
[b08bdee4-b316-43ee-8ed0-c6ebb0f2a9ee/build]   | org.traccar.protocol.GalileoProtocolDecoderTest > testDecode FAILED
[b08bdee4-b316-43ee-8ed0-c6ebb0f2a9ee/build]   |     java.lang.AssertionError at GalileoProtocolDecoderTest.java:13
[b08bdee4-b316-43ee-8ed0-c6ebb0f2a9ee/build]   | 
[b08bdee4-b316-43ee-8ed0-c6ebb0f2a9ee/build]   | org.traccar.protocol.WatchProtocolDecoderTest > testDecode FAILED
[b08bdee4-b316-43ee-8ed0-c6ebb0f2a9ee/build]   |     java.lang.NumberFormatException at WatchProtocolDecoderTest.java:20
[b08bdee4-b316-43ee-8ed0-c6ebb0f2a9ee/build]   | 
[b08bdee4-b316-43ee-8ed0-c6ebb0f2a9ee/build]   | 492 tests completed, 2 failed, 23 skipped
[b08bdee4-b316-43ee-8ed0-c6ebb0f2a9ee/build]   | 
[b08bdee4-b316-43ee-8ed0-c6ebb0f2a9ee/build]   | > Task :test FAILED
[b08bdee4-b316-43ee-8ed0-c6ebb0f2a9ee/build]   | > Task :checkstyleMain
[b08bdee4-b316-43ee-8ed0-c6ebb0f2a9ee/build]   | 
[b08bdee4-b316-43ee-8ed0-c6ebb0f2a9ee/build]   | FAILURE: Build failed with an exception.
[b08bdee4-b316-43ee-8ed0-c6ebb0f2a9ee/build]   | 
[b08bdee4-b316-43ee-8ed0-c6ebb0f2a9ee/build]   | * What went wrong:
[b08bdee4-b316-43ee-8ed0-c6ebb0f2a9ee/build]   | Execution failed for task ':test'.
[b08bdee4-b316-43ee-8ed0-c6ebb0f2a9ee/build]   | > There were failing tests. See the report at: file:///tmp/af0d978c-fdff-498a-a029-9802ddc03b6a/build/reports/tests/test/index.html
[b08bdee4-b316-43ee-8ed0-c6ebb0f2a9ee/build]   | 
[b08bdee4-b316-43ee-8ed0-c6ebb0f2a9ee/build]   | * Try:
[b08bdee4-b316-43ee-8ed0-c6ebb0f2a9ee/build]   | > Run with --stacktrace option to get the stack trace.
[b08bdee4-b316-43ee-8ed0-c6ebb0f2a9ee/build]   | > Run with --info or --debug option to get more log output.
[b08bdee4-b316-43ee-8ed0-c6ebb0f2a9ee/build]   | > Run with --scan12 actionable tasks: 12 executed
[b08bdee4-b316-43ee-8ed0-c6ebb0f2a9ee/build]   |  to get full insights.
[b08bdee4-b316-43ee-8ed0-c6ebb0f2a9ee/build]   | 
[b08bdee4-b316-43ee-8ed0-c6ebb0f2a9ee/build]   | * Get more help at https://help.gradle.org
[b08bdee4-b316-43ee-8ed0-c6ebb0f2a9ee/build]   | 
[b08bdee4-b316-43ee-8ed0-c6ebb0f2a9ee/build]   | BUILD FAILED in 2m 27s
[b08bdee4-b316-43ee-8ed0-c6ebb0f2a9ee/build]   âŒ  Failure - Main ./gradlew build --no-daemon --warning-mode=fail
[b08bdee4-b316-43ee-8ed0-c6ebb0f2a9ee/build] exitcode '1': failure
[b08bdee4-b316-43ee-8ed0-c6ebb0f2a9ee/build] unable to get git ref: failed to identify reference (tag/branch) for the checked-out revision '080c289a8a29244bd46cf029eefabbe426ddd00b'
[b08bdee4-b316-43ee-8ed0-c6ebb0f2a9ee/build] unable to get git ref: failed to identify reference (tag/branch) for the checked-out revision '080c289a8a29244bd46cf029eefabbe426ddd00b'
[b08bdee4-b316-43ee-8ed0-c6ebb0f2a9ee/build] unable to get git ref: failed to identify reference (tag/branch) for the checked-out revision '080c289a8a29244bd46cf029eefabbe426ddd00b'
[b08bdee4-b316-43ee-8ed0-c6ebb0f2a9ee/build] unable to get git ref: failed to identify reference (tag/branch) for the checked-out revision '080c289a8a29244bd46cf029eefabbe426ddd00b'
[b08bdee4-b316-43ee-8ed0-c6ebb0f2a9ee/build] unable to get git ref: failed to identify reference (tag/branch) for the checked-out revision '080c289a8a29244bd46cf029eefabbe426ddd00b'
[b08bdee4-b316-43ee-8ed0-c6ebb0f2a9ee/build] â­ Run Post actions/setup-java@v3
[b08bdee4-b316-43ee-8ed0-c6ebb0f2a9ee/build]   ğŸ³  docker exec cmd=[node /var/run/act/actions/actions-setup-java@v3/dist/cleanup/index.js] user= workdir=
[b08bdee4-b316-43ee-8ed0-c6ebb0f2a9ee/build]   âœ…  Success - Post actions/setup-java@v3
[b08bdee4-b316-43ee-8ed0-c6ebb0f2a9ee/build] ğŸ  Job failed
[b08bdee4-b316-43ee-8ed0-c6ebb0f2a9ee/build] unable to get git ref: failed to identify reference (tag/branch) for the checked-out revision '080c289a8a29244bd46cf029eefabbe426ddd00b'
