[bf1103d5-b7ad-4c8b-b41c-f78635ce161d/build] üöÄ  Start image=crawlergpt:latest
[bf1103d5-b7ad-4c8b-b41c-f78635ce161d/build]   üê≥  docker pull image=crawlergpt:latest platform= username= forcePull=false
[bf1103d5-b7ad-4c8b-b41c-f78635ce161d/build]   üê≥  docker create image=crawlergpt:latest platform= entrypoint=["tail" "-f" "/dev/null"] cmd=[]
[bf1103d5-b7ad-4c8b-b41c-f78635ce161d/build]   üê≥  docker run image=crawlergpt:latest platform= entrypoint=["tail" "-f" "/dev/null"] cmd=[]
[bf1103d5-b7ad-4c8b-b41c-f78635ce161d/build]   üê≥  docker exec cmd=[chown -R 1012:1013 /tmp/86cf639b-d1df-4546-8092-1f4288bc1f8e] user=0 workdir=
[bf1103d5-b7ad-4c8b-b41c-f78635ce161d/build] ‚≠ê Run Main actions/checkout@v2
[bf1103d5-b7ad-4c8b-b41c-f78635ce161d/build]   ‚úÖ  Success - Main actions/checkout@v2
[bf1103d5-b7ad-4c8b-b41c-f78635ce161d/build] ‚≠ê Run Main Set up JDK 11
[bf1103d5-b7ad-4c8b-b41c-f78635ce161d/build]   üê≥  docker cp src=/tmp/act-cache/c9b87a37-495f-4207-919a-2f2f18537175/act/actions-setup-java@v2/ dst=/var/run/act/actions/actions-setup-java@v2/
[bf1103d5-b7ad-4c8b-b41c-f78635ce161d/build]   üê≥  docker exec cmd=[chown -R 1012:1013 /var/run/act/actions/actions-setup-java@v2/] user=0 workdir=
[bf1103d5-b7ad-4c8b-b41c-f78635ce161d/build]   üê≥  docker exec cmd=[node /var/run/act/actions/actions-setup-java@v2/dist/setup/index.js] user= workdir=
[bf1103d5-b7ad-4c8b-b41c-f78635ce161d/build]   üí¨  ::debug::isExplicit: 11.0.11-9
[bf1103d5-b7ad-4c8b-b41c-f78635ce161d/build]   üí¨  ::debug::explicit? true
[bf1103d5-b7ad-4c8b-b41c-f78635ce161d/build]   üí¨  ::debug::isExplicit: 8.0.292-1
[bf1103d5-b7ad-4c8b-b41c-f78635ce161d/build]   üí¨  ::debug::explicit? true
[bf1103d5-b7ad-4c8b-b41c-f78635ce161d/build]   | Resolved Java 11.0.11+9 from tool-cache
[bf1103d5-b7ad-4c8b-b41c-f78635ce161d/build]   | Setting Java 11.0.11+9 as the default
[bf1103d5-b7ad-4c8b-b41c-f78635ce161d/build]   | 
[bf1103d5-b7ad-4c8b-b41c-f78635ce161d/build]   | Java configuration:
[bf1103d5-b7ad-4c8b-b41c-f78635ce161d/build]   |   Distribution: adopt
[bf1103d5-b7ad-4c8b-b41c-f78635ce161d/build]   |   Version: 11.0.11+9
[bf1103d5-b7ad-4c8b-b41c-f78635ce161d/build]   |   Path: /opt/hostedtoolcache/Java_Adopt_jdk/11.0.11-9/x64
[bf1103d5-b7ad-4c8b-b41c-f78635ce161d/build]   | 
[bf1103d5-b7ad-4c8b-b41c-f78635ce161d/build]   ‚ùì add-matcher /run/act/actions/actions-setup-java@v2/.github/java.json
[bf1103d5-b7ad-4c8b-b41c-f78635ce161d/build]   | Creating settings.xml with server-id: github
[bf1103d5-b7ad-4c8b-b41c-f78635ce161d/build]   | Writing to /home/runneradmin/.m2/settings.xml
[bf1103d5-b7ad-4c8b-b41c-f78635ce161d/build]   ‚úÖ  Success - Main Set up JDK 11
[bf1103d5-b7ad-4c8b-b41c-f78635ce161d/build]   ‚öô  ::set-env:: JAVA_HOME=/opt/hostedtoolcache/Java_Adopt_jdk/11.0.11-9/x64
[bf1103d5-b7ad-4c8b-b41c-f78635ce161d/build]   ‚öô  ::set-output:: distribution=Adopt-Hotspot
[bf1103d5-b7ad-4c8b-b41c-f78635ce161d/build]   ‚öô  ::set-output:: path=/opt/hostedtoolcache/Java_Adopt_jdk/11.0.11-9/x64
[bf1103d5-b7ad-4c8b-b41c-f78635ce161d/build]   ‚öô  ::set-output:: version=11.0.11+9
[bf1103d5-b7ad-4c8b-b41c-f78635ce161d/build]   ‚öô  ::add-path:: /opt/hostedtoolcache/Java_Adopt_jdk/11.0.11-9/x64/bin
[bf1103d5-b7ad-4c8b-b41c-f78635ce161d/build] ‚≠ê Run Main Setup Gradle Dependencies Cache
[bf1103d5-b7ad-4c8b-b41c-f78635ce161d/build]   üê≥  docker cp src=/tmp/act-cache/c9b87a37-495f-4207-919a-2f2f18537175/act/actions-cache@v2.1.6/ dst=/var/run/act/actions/actions-cache@v2.1.6/
[bf1103d5-b7ad-4c8b-b41c-f78635ce161d/build]   üê≥  docker exec cmd=[chown -R 1012:1013 /var/run/act/actions/actions-cache@v2.1.6/] user=0 workdir=
[bf1103d5-b7ad-4c8b-b41c-f78635ce161d/build]   üê≥  docker exec cmd=[node /var/run/act/actions/actions-cache@v2.1.6/dist/restore/index.js] user= workdir=
[bf1103d5-b7ad-4c8b-b41c-f78635ce161d/build]   üíæ  ::save-state name=CACHE_KEY::Linux-gradle-caches-58fd08c6af9815a3a5f1138bfe5bcb30c6056c77bba81e70b70a368d51e2fc5d
[bf1103d5-b7ad-4c8b-b41c-f78635ce161d/build]   üí¨  ::debug::Resolved Keys:
[bf1103d5-b7ad-4c8b-b41c-f78635ce161d/build]   üí¨  ::debug::["Linux-gradle-caches-58fd08c6af9815a3a5f1138bfe5bcb30c6056c77bba81e70b70a368d51e2fc5d"]
[bf1103d5-b7ad-4c8b-b41c-f78635ce161d/build]   üí¨  ::debug::Checking zstd --version
[bf1103d5-b7ad-4c8b-b41c-f78635ce161d/build]   üí¨  ::debug::*** zstd command line interface 64-bits v1.5.0, by Yann Collet ***
[bf1103d5-b7ad-4c8b-b41c-f78635ce161d/build]   üí¨  ::debug::getCacheEntry - Attempt 1 of 2 failed with error: Cache Service Url not found, unable to restore cache.
[bf1103d5-b7ad-4c8b-b41c-f78635ce161d/build]   üí¨  ::debug::getCacheEntry - Attempt 2 of 2 failed with error: Cache Service Url not found, unable to restore cache.
[bf1103d5-b7ad-4c8b-b41c-f78635ce161d/build]   | [warning]getCacheEntry failed: Cache Service Url not found, unable to restore cache.
[bf1103d5-b7ad-4c8b-b41c-f78635ce161d/build]   ‚öô  ::set-output:: cache-hit=false
[bf1103d5-b7ad-4c8b-b41c-f78635ce161d/build]   ‚úÖ  Success - Main Setup Gradle Dependencies Cache
[bf1103d5-b7ad-4c8b-b41c-f78635ce161d/build] ‚≠ê Run Main Setup Gradle Wrapper Cache
[bf1103d5-b7ad-4c8b-b41c-f78635ce161d/build]   üê≥  docker cp src=/tmp/act-cache/c9b87a37-495f-4207-919a-2f2f18537175/act/actions-cache@v2.1.6/ dst=/var/run/act/actions/actions-cache@v2.1.6/
[bf1103d5-b7ad-4c8b-b41c-f78635ce161d/build]   üê≥  docker exec cmd=[chown -R 1012:1013 /var/run/act/actions/actions-cache@v2.1.6/] user=0 workdir=
[bf1103d5-b7ad-4c8b-b41c-f78635ce161d/build]   üê≥  docker exec cmd=[node /var/run/act/actions/actions-cache@v2.1.6/dist/restore/index.js] user= workdir=
[bf1103d5-b7ad-4c8b-b41c-f78635ce161d/build]   üíæ  ::save-state name=CACHE_KEY::Linux-gradle-wrapper-54b6d26623ca8d6b29df083f678432f4d270d645c661c083465b8f8fa224e7cb
[bf1103d5-b7ad-4c8b-b41c-f78635ce161d/build]   üí¨  ::debug::Resolved Keys:
[bf1103d5-b7ad-4c8b-b41c-f78635ce161d/build]   üí¨  ::debug::["Linux-gradle-wrapper-54b6d26623ca8d6b29df083f678432f4d270d645c661c083465b8f8fa224e7cb"]
[bf1103d5-b7ad-4c8b-b41c-f78635ce161d/build]   üí¨  ::debug::Checking zstd --version
[bf1103d5-b7ad-4c8b-b41c-f78635ce161d/build]   üí¨  ::debug::*** zstd command line interface 64-bits v1.5.0, by Yann Collet ***
[bf1103d5-b7ad-4c8b-b41c-f78635ce161d/build]   üí¨  ::debug::getCacheEntry - Attempt 1 of 2 failed with error: Cache Service Url not found, unable to restore cache.
[bf1103d5-b7ad-4c8b-b41c-f78635ce161d/build]   üí¨  ::debug::getCacheEntry - Attempt 2 of 2 failed with error: Cache Service Url not found, unable to restore cache.
[bf1103d5-b7ad-4c8b-b41c-f78635ce161d/build]   | [warning]getCacheEntry failed: Cache Service Url not found, unable to restore cache.
[bf1103d5-b7ad-4c8b-b41c-f78635ce161d/build]   ‚öô  ::set-output:: cache-hit=false
[bf1103d5-b7ad-4c8b-b41c-f78635ce161d/build]   ‚úÖ  Success - Main Setup Gradle Wrapper Cache
[bf1103d5-b7ad-4c8b-b41c-f78635ce161d/build] ‚≠ê Run Main setting env vars
[bf1103d5-b7ad-4c8b-b41c-f78635ce161d/build]   üê≥  docker exec cmd=[bash --noprofile --norc -e -o pipefail /var/run/act/workflow/4] user= workdir=
[bf1103d5-b7ad-4c8b-b41c-f78635ce161d/build]   | Main version IU-2021.1
[bf1103d5-b7ad-4c8b-b41c-f78635ce161d/build]   ‚úÖ  Success - Main setting env vars
[bf1103d5-b7ad-4c8b-b41c-f78635ce161d/build] ‚≠ê Run Main Grant execute permission for gradlew
[bf1103d5-b7ad-4c8b-b41c-f78635ce161d/build]   üê≥  docker exec cmd=[bash --noprofile --norc -e -o pipefail /var/run/act/workflow/5] user= workdir=
[bf1103d5-b7ad-4c8b-b41c-f78635ce161d/build]   ‚úÖ  Success - Main Grant execute permission for gradlew
[bf1103d5-b7ad-4c8b-b41c-f78635ce161d/build] ‚≠ê Run Main Build with Gradle
[bf1103d5-b7ad-4c8b-b41c-f78635ce161d/build]   üê≥  docker exec cmd=[bash --noprofile --norc -e -o pipefail /var/run/act/workflow/6] user= workdir=
[bf1103d5-b7ad-4c8b-b41c-f78635ce161d/build]   | Downloading https://services.gradle.org/distributions/gradle-5.4.1-all.zip
[bf1103d5-b7ad-4c8b-b41c-f78635ce161d/build]   | ..............................................................................................................................
[bf1103d5-b7ad-4c8b-b41c-f78635ce161d/build]   | 
[bf1103d5-b7ad-4c8b-b41c-f78635ce161d/build]   | Welcome to Gradle 5.4.1!
[bf1103d5-b7ad-4c8b-b41c-f78635ce161d/build]   | 
[bf1103d5-b7ad-4c8b-b41c-f78635ce161d/build]   | Here are the highlights of this release:
[bf1103d5-b7ad-4c8b-b41c-f78635ce161d/build]   |  - Run builds with JDK12
[bf1103d5-b7ad-4c8b-b41c-f78635ce161d/build]   |  - New API for Incremental Tasks
[bf1103d5-b7ad-4c8b-b41c-f78635ce161d/build]   |  - Updates to native projects, including Swift 5 support
[bf1103d5-b7ad-4c8b-b41c-f78635ce161d/build]   | 
[bf1103d5-b7ad-4c8b-b41c-f78635ce161d/build]   | For more details see https://docs.gradle.org/5.4.1/release-notes.html
[bf1103d5-b7ad-4c8b-b41c-f78635ce161d/build]   | 
[bf1103d5-b7ad-4c8b-b41c-f78635ce161d/build]   | Starting a Gradle Daemon (subsequent builds will be faster)
[bf1103d5-b7ad-4c8b-b41c-f78635ce161d/build]   | > Task :compileJava UP-TO-DATE
[bf1103d5-b7ad-4c8b-b41c-f78635ce161d/build]   | > Task :patchPluginXml UP-TO-DATE
[bf1103d5-b7ad-4c8b-b41c-f78635ce161d/build]   | > Task :processResources UP-TO-DATE
[bf1103d5-b7ad-4c8b-b41c-f78635ce161d/build]   | > Task :classes UP-TO-DATE
[bf1103d5-b7ad-4c8b-b41c-f78635ce161d/build]   | > Task :instrumentCode UP-TO-DATE
[bf1103d5-b7ad-4c8b-b41c-f78635ce161d/build]   | > Task :postInstrumentCode
[bf1103d5-b7ad-4c8b-b41c-f78635ce161d/build]   | > Task :compileTestJava
[bf1103d5-b7ad-4c8b-b41c-f78635ce161d/build]   | > Task :processTestResources NO-SOURCE
[bf1103d5-b7ad-4c8b-b41c-f78635ce161d/build]   | > Task :testClasses
[bf1103d5-b7ad-4c8b-b41c-f78635ce161d/build]   | > Task :instrumentTestCode
[bf1103d5-b7ad-4c8b-b41c-f78635ce161d/build]   | > Task :postInstrumentTestCode
[bf1103d5-b7ad-4c8b-b41c-f78635ce161d/build]   | > Task :jar UP-TO-DATE
[bf1103d5-b7ad-4c8b-b41c-f78635ce161d/build]   | > Task :prepareTestingSandbox UP-TO-DATE
[bf1103d5-b7ad-4c8b-b41c-f78635ce161d/build]   | 
[bf1103d5-b7ad-4c8b-b41c-f78635ce161d/build]   | > Task :test
[bf1103d5-b7ad-4c8b-b41c-f78635ce161d/build]   | WARNING: An illegal reflective access operation has occurred
[bf1103d5-b7ad-4c8b-b41c-f78635ce161d/build]   | WARNING: Illegal reflective access by com.intellij.util.ReflectionUtil (file:/home/runneradmin/.gradle/caches/modules-2/files-2.1/com.jetbrains.intellij.idea/ideaIU/2020.1/b3e6761562a6905b8dcc204c6d01decee42ea763/ideaIU-2020.1/lib/util.jar) to field java.io.DeleteOnExitHook.files
[bf1103d5-b7ad-4c8b-b41c-f78635ce161d/build]   | WARNING: Please consider reporting this to the maintainers of com.intellij.util.ReflectionUtil
[bf1103d5-b7ad-4c8b-b41c-f78635ce161d/build]   | WARNING: Use --illegal-access=warn to enable warnings of further illegal reflective access operations
[bf1103d5-b7ad-4c8b-b41c-f78635ce161d/build]   | WARNING: All illegal access operations will be denied in a future release
[bf1103d5-b7ad-4c8b-b41c-f78635ce161d/build]   | 
[bf1103d5-b7ad-4c8b-b41c-f78635ce161d/build]   | de.espend.idea.php.annotation.tests.inspection.AnnotationMissingUseInspectionTest > testThatBlacklistedAnnotationDoesNotProvideInpsectionMessage FAILED
[bf1103d5-b7ad-4c8b-b41c-f78635ce161d/build]   |     junit.framework.AssertionFailedError: Fail inspection not contains '[Annotations] Missing import'
[bf1103d5-b7ad-4c8b-b41c-f78635ce161d/build]   |         at junit.framework.Assert.fail(Assert.java:57)
[bf1103d5-b7ad-4c8b-b41c-f78635ce161d/build]   |         at junit.framework.TestCase.fail(TestCase.java:227)
[bf1103d5-b7ad-4c8b-b41c-f78635ce161d/build]   |         at de.espend.idea.php.annotation.tests.AnnotationLightCodeInsightFixtureTestCase.assertLocalInspectionContainsNotContains(AnnotationLightCodeInsightFixtureTestCase.java:478)
[bf1103d5-b7ad-4c8b-b41c-f78635ce161d/build]   |         at de.espend.idea.php.annotation.tests.inspection.AnnotationMissingUseInspectionTest.testThatBlacklistedAnnotationDoesNotProvideInpsectionMessage(AnnotationMissingUseInspectionTest.java:110)
[bf1103d5-b7ad-4c8b-b41c-f78635ce161d/build]   | 
[bf1103d5-b7ad-4c8b-b41c-f78635ce161d/build]   | 89 tests completed, 1 failed
[bf1103d5-b7ad-4c8b-b41c-f78635ce161d/build]   | 
[bf1103d5-b7ad-4c8b-b41c-f78635ce161d/build]   | > Task :test FAILED
[bf1103d5-b7ad-4c8b-b41c-f78635ce161d/build]   | 
[bf1103d5-b7ad-4c8b-b41c-f78635ce161d/build]   | FAILURE: Build failed with an exception.
[bf1103d5-b7ad-4c8b-b41c-f78635ce161d/build]   | 
[bf1103d5-b7ad-4c8b-b41c-f78635ce161d/build]   | * What went wrong:
[bf1103d5-b7ad-4c8b-b41c-f78635ce161d/build]   | Execution failed for task ':test'.
[bf1103d5-b7ad-4c8b-b41c-f78635ce161d/build]   | > There were failing tests. See the report at: file:///tmp/86cf639b-d1df-4546-8092-1f4288bc1f8e/build/reports/tests/test/index.html
[bf1103d5-b7ad-4c8b-b41c-f78635ce161d/build]   | 
[bf1103d5-b7ad-4c8b-b41c-f78635ce161d/build]   | * Try:
[bf1103d5-b7ad-4c8b-b41c-f78635ce161d/build]   | Run with --stacktrace option to get the stack trace. Run with --info or --debug option to get more log output. Run with --scan to get full insights.
[bf1103d5-b7ad-4c8b-b41c-f78635ce161d/build]   | 
[bf1103d5-b7ad-4c8b-b41c-f78635ce161d/build]   | * Get more help at https://help.gradle.org
[bf1103d5-b7ad-4c8b-b41c-f78635ce161d/build]   | 
[bf1103d5-b7ad-4c8b-b41c-f78635ce161d/build]   | BUILD FAILED in 2m 14s
[bf1103d5-b7ad-4c8b-b41c-f78635ce161d/build]   | 11 actionable tasks: 5 executed, 6 up-to-date
[bf1103d5-b7ad-4c8b-b41c-f78635ce161d/build]   ‚ùå  Failure - Main Build with Gradle
[bf1103d5-b7ad-4c8b-b41c-f78635ce161d/build] exitcode '1': failure
[bf1103d5-b7ad-4c8b-b41c-f78635ce161d/build] ‚≠ê Run Post Set up JDK 11
[bf1103d5-b7ad-4c8b-b41c-f78635ce161d/build]   üê≥  docker exec cmd=[node /var/run/act/actions/actions-setup-java@v2/dist/cleanup/index.js] user= workdir=
[bf1103d5-b7ad-4c8b-b41c-f78635ce161d/build]   ‚úÖ  Success - Post Set up JDK 11
[bf1103d5-b7ad-4c8b-b41c-f78635ce161d/build] üèÅ  Job failed
