[5203ff6d-2fad-4ed1-8090-2ae9cb791f7f/build] ğŸš€  Start image=gitbugactions:latest
[5203ff6d-2fad-4ed1-8090-2ae9cb791f7f/build]   ğŸ³  docker pull image=gitbugactions:latest platform= username= forcePull=false
[5203ff6d-2fad-4ed1-8090-2ae9cb791f7f/build]   ğŸ³  docker create image=gitbugactions:latest platform= entrypoint=["tail" "-f" "/dev/null"] cmd=[]
[5203ff6d-2fad-4ed1-8090-2ae9cb791f7f/build]   ğŸ³  docker run image=gitbugactions:latest platform= entrypoint=["tail" "-f" "/dev/null"] cmd=[]
[5203ff6d-2fad-4ed1-8090-2ae9cb791f7f/build]   ğŸ³  docker exec cmd=[chown -R 1012:1013 /tmp/211cff83-6a96-43eb-a9a7-0638f105ecc6] user=0 workdir=
[5203ff6d-2fad-4ed1-8090-2ae9cb791f7f/build] unable to get git ref: failed to identify reference (tag/branch) for the checked-out revision '82ecf19d235a50af1475463f7467d9468fa53346'
[5203ff6d-2fad-4ed1-8090-2ae9cb791f7f/build] unable to get git ref: failed to identify reference (tag/branch) for the checked-out revision '82ecf19d235a50af1475463f7467d9468fa53346'
[5203ff6d-2fad-4ed1-8090-2ae9cb791f7f/build] unable to get git ref: failed to identify reference (tag/branch) for the checked-out revision '82ecf19d235a50af1475463f7467d9468fa53346'
[5203ff6d-2fad-4ed1-8090-2ae9cb791f7f/build] unable to get git ref: failed to identify reference (tag/branch) for the checked-out revision '82ecf19d235a50af1475463f7467d9468fa53346'
[5203ff6d-2fad-4ed1-8090-2ae9cb791f7f/build] unable to get git ref: failed to identify reference (tag/branch) for the checked-out revision '82ecf19d235a50af1475463f7467d9468fa53346'
[5203ff6d-2fad-4ed1-8090-2ae9cb791f7f/build] unable to get git ref: failed to identify reference (tag/branch) for the checked-out revision '82ecf19d235a50af1475463f7467d9468fa53346'
[5203ff6d-2fad-4ed1-8090-2ae9cb791f7f/build] unable to get git ref: failed to identify reference (tag/branch) for the checked-out revision '82ecf19d235a50af1475463f7467d9468fa53346'
[5203ff6d-2fad-4ed1-8090-2ae9cb791f7f/build] unable to get git ref: failed to identify reference (tag/branch) for the checked-out revision '82ecf19d235a50af1475463f7467d9468fa53346'
[5203ff6d-2fad-4ed1-8090-2ae9cb791f7f/build] unable to get git ref: failed to identify reference (tag/branch) for the checked-out revision '82ecf19d235a50af1475463f7467d9468fa53346'
[5203ff6d-2fad-4ed1-8090-2ae9cb791f7f/build] â­ Run Main actions/checkout@v3
[5203ff6d-2fad-4ed1-8090-2ae9cb791f7f/build] unable to get git ref: failed to identify reference (tag/branch) for the checked-out revision '82ecf19d235a50af1475463f7467d9468fa53346'
[5203ff6d-2fad-4ed1-8090-2ae9cb791f7f/build] unable to get git ref: failed to identify reference (tag/branch) for the checked-out revision '82ecf19d235a50af1475463f7467d9468fa53346'
[5203ff6d-2fad-4ed1-8090-2ae9cb791f7f/build]   ğŸ³  docker cp src=/tmp/211cff83-6a96-43eb-a9a7-0638f105ecc6/. dst=/tmp/211cff83-6a96-43eb-a9a7-0638f105ecc6
[5203ff6d-2fad-4ed1-8090-2ae9cb791f7f/build]   ğŸ³  docker exec cmd=[chown -R 1012:1013 /tmp/211cff83-6a96-43eb-a9a7-0638f105ecc6] user=0 workdir=
[5203ff6d-2fad-4ed1-8090-2ae9cb791f7f/build]   âœ…  Success - Main actions/checkout@v3
[5203ff6d-2fad-4ed1-8090-2ae9cb791f7f/build] unable to get git ref: failed to identify reference (tag/branch) for the checked-out revision '82ecf19d235a50af1475463f7467d9468fa53346'
[5203ff6d-2fad-4ed1-8090-2ae9cb791f7f/build] unable to get git ref: failed to identify reference (tag/branch) for the checked-out revision '82ecf19d235a50af1475463f7467d9468fa53346'
[5203ff6d-2fad-4ed1-8090-2ae9cb791f7f/build] unable to get git ref: failed to identify reference (tag/branch) for the checked-out revision '82ecf19d235a50af1475463f7467d9468fa53346'
[5203ff6d-2fad-4ed1-8090-2ae9cb791f7f/build] unable to get git ref: failed to identify reference (tag/branch) for the checked-out revision '82ecf19d235a50af1475463f7467d9468fa53346'
[5203ff6d-2fad-4ed1-8090-2ae9cb791f7f/build] unable to get git ref: failed to identify reference (tag/branch) for the checked-out revision '82ecf19d235a50af1475463f7467d9468fa53346'
[5203ff6d-2fad-4ed1-8090-2ae9cb791f7f/build] â­ Run Main actions/setup-java@v3
[5203ff6d-2fad-4ed1-8090-2ae9cb791f7f/build] unable to get git ref: failed to identify reference (tag/branch) for the checked-out revision '82ecf19d235a50af1475463f7467d9468fa53346'
[5203ff6d-2fad-4ed1-8090-2ae9cb791f7f/build] unable to get git ref: failed to identify reference (tag/branch) for the checked-out revision '82ecf19d235a50af1475463f7467d9468fa53346'
[5203ff6d-2fad-4ed1-8090-2ae9cb791f7f/build] unable to get git ref: failed to identify reference (tag/branch) for the checked-out revision '82ecf19d235a50af1475463f7467d9468fa53346'
[5203ff6d-2fad-4ed1-8090-2ae9cb791f7f/build]   ğŸ³  docker cp src=/tmp/act-cache/279a65d3-a090-4e2c-aa88-00b40ef5dc4d/act/actions-setup-java@v3/ dst=/var/run/act/actions/actions-setup-java@v3/
[5203ff6d-2fad-4ed1-8090-2ae9cb791f7f/build]   ğŸ³  docker exec cmd=[chown -R 1012:1013 /var/run/act/actions/actions-setup-java@v3/] user=0 workdir=
[5203ff6d-2fad-4ed1-8090-2ae9cb791f7f/build]   ğŸ³  docker exec cmd=[node /var/run/act/actions/actions-setup-java@v3/dist/setup/index.js] user= workdir=
[5203ff6d-2fad-4ed1-8090-2ae9cb791f7f/build]   â“  ::group::Installed distributions
[5203ff6d-2fad-4ed1-8090-2ae9cb791f7f/build]   | Trying to resolve the latest version from remote
[5203ff6d-2fad-4ed1-8090-2ae9cb791f7f/build]   ğŸ’¬  ::debug::Gathering available versions from 'https://api.azul.com/zulu/download/community/v1.0/bundles/?os=linux&ext=tar.gz&bundle_type=jdk&javafx=false&arch=x86&hw_bitness=64&release_status=ga'
[5203ff6d-2fad-4ed1-8090-2ae9cb791f7f/build]   | Resolved latest version as 11.0.21+9
[5203ff6d-2fad-4ed1-8090-2ae9cb791f7f/build]   | Trying to download...
[5203ff6d-2fad-4ed1-8090-2ae9cb791f7f/build]   | Downloading Java 11.0.21+9 (Zulu) from https://cdn.azul.com/zulu/bin/zulu11.68.17-ca-jdk11.0.21-linux_x64.tar.gz ...
[5203ff6d-2fad-4ed1-8090-2ae9cb791f7f/build]   ğŸ’¬  ::debug::Downloading https://cdn.azul.com/zulu/bin/zulu11.68.17-ca-jdk11.0.21-linux_x64.tar.gz
[5203ff6d-2fad-4ed1-8090-2ae9cb791f7f/build]   ğŸ’¬  ::debug::Destination /tmp/70e9652d-499e-4602-83fe-b0be8c6fc99e
[5203ff6d-2fad-4ed1-8090-2ae9cb791f7f/build]   ğŸ’¬  ::debug::download complete
[5203ff6d-2fad-4ed1-8090-2ae9cb791f7f/build]   | Extracting Java archive...
[5203ff6d-2fad-4ed1-8090-2ae9cb791f7f/build]   ğŸ’¬  ::debug::Checking tar --version
[5203ff6d-2fad-4ed1-8090-2ae9cb791f7f/build]   ğŸ’¬  ::debug::tar (GNU tar) 1.34%0ACopyright (C) 2021 Free Software Foundation, Inc.%0ALicense GPLv3+: GNU GPL version 3 or later <https://gnu.org/licenses/gpl.html>.%0AThis is free software: you are free to change and redistribute it.%0AThere is NO WARRANTY, to the extent permitted by law.%0A%0AWritten by John Gilmore and Jay Fenlason.
[5203ff6d-2fad-4ed1-8090-2ae9cb791f7f/build]   | [command]/usr/bin/tar xz --warning=no-unknown-keyword -C /tmp/b2e43a39-2493-4e98-88ba-733bea6fdda3 -f /tmp/70e9652d-499e-4602-83fe-b0be8c6fc99e
[5203ff6d-2fad-4ed1-8090-2ae9cb791f7f/build]   ğŸ’¬  ::debug::Caching tool Java_Zulu_jdk 11.0.21-9 x64
[5203ff6d-2fad-4ed1-8090-2ae9cb791f7f/build]   ğŸ’¬  ::debug::source dir: /tmp/b2e43a39-2493-4e98-88ba-733bea6fdda3/zulu11.68.17-ca-jdk11.0.21-linux_x64
[5203ff6d-2fad-4ed1-8090-2ae9cb791f7f/build]   ğŸ’¬  ::debug::destination /opt/hostedtoolcache/Java_Zulu_jdk/11.0.21-9/x64
[5203ff6d-2fad-4ed1-8090-2ae9cb791f7f/build]   ğŸ’¬  ::debug::finished caching tool
[5203ff6d-2fad-4ed1-8090-2ae9cb791f7f/build]   | Java 11.0.21+9 was downloaded
[5203ff6d-2fad-4ed1-8090-2ae9cb791f7f/build]   | Setting Java 11.0.21+9 as the default
[5203ff6d-2fad-4ed1-8090-2ae9cb791f7f/build]   | Creating toolchains.xml for JDK version 11 from zulu
[5203ff6d-2fad-4ed1-8090-2ae9cb791f7f/build]   | Writing to /home/runner/.m2/toolchains.xml
[5203ff6d-2fad-4ed1-8090-2ae9cb791f7f/build]   | 
[5203ff6d-2fad-4ed1-8090-2ae9cb791f7f/build]   | Java configuration:
[5203ff6d-2fad-4ed1-8090-2ae9cb791f7f/build]   |   Distribution: zulu
[5203ff6d-2fad-4ed1-8090-2ae9cb791f7f/build]   |   Version: 11.0.21+9
[5203ff6d-2fad-4ed1-8090-2ae9cb791f7f/build]   |   Path: /opt/hostedtoolcache/Java_Zulu_jdk/11.0.21-9/x64
[5203ff6d-2fad-4ed1-8090-2ae9cb791f7f/build]   | 
[5203ff6d-2fad-4ed1-8090-2ae9cb791f7f/build]   â“  ::endgroup::
[5203ff6d-2fad-4ed1-8090-2ae9cb791f7f/build]   â“ add-matcher /run/act/actions/actions-setup-java@v3/.github/java.json
[5203ff6d-2fad-4ed1-8090-2ae9cb791f7f/build]   | Creating settings.xml with server-id: github
[5203ff6d-2fad-4ed1-8090-2ae9cb791f7f/build]   | Writing to /home/runner/.m2/settings.xml
[5203ff6d-2fad-4ed1-8090-2ae9cb791f7f/build]   âœ…  Success - Main actions/setup-java@v3
[5203ff6d-2fad-4ed1-8090-2ae9cb791f7f/build]   âš™  ::set-env:: JAVA_HOME=/opt/hostedtoolcache/Java_Zulu_jdk/11.0.21-9/x64
[5203ff6d-2fad-4ed1-8090-2ae9cb791f7f/build]   âš™  ::set-env:: JAVA_HOME_11_X64=/opt/hostedtoolcache/Java_Zulu_jdk/11.0.21-9/x64
[5203ff6d-2fad-4ed1-8090-2ae9cb791f7f/build]   âš™  ::set-output:: distribution=Zulu
[5203ff6d-2fad-4ed1-8090-2ae9cb791f7f/build]   âš™  ::set-output:: path=/opt/hostedtoolcache/Java_Zulu_jdk/11.0.21-9/x64
[5203ff6d-2fad-4ed1-8090-2ae9cb791f7f/build]   âš™  ::set-output:: version=11.0.21+9
[5203ff6d-2fad-4ed1-8090-2ae9cb791f7f/build]   âš™  ::add-path:: /opt/hostedtoolcache/Java_Zulu_jdk/11.0.21-9/x64/bin
[5203ff6d-2fad-4ed1-8090-2ae9cb791f7f/build] unable to get git ref: failed to identify reference (tag/branch) for the checked-out revision '82ecf19d235a50af1475463f7467d9468fa53346'
[5203ff6d-2fad-4ed1-8090-2ae9cb791f7f/build] unable to get git ref: failed to identify reference (tag/branch) for the checked-out revision '82ecf19d235a50af1475463f7467d9468fa53346'
[5203ff6d-2fad-4ed1-8090-2ae9cb791f7f/build] unable to get git ref: failed to identify reference (tag/branch) for the checked-out revision '82ecf19d235a50af1475463f7467d9468fa53346'
[5203ff6d-2fad-4ed1-8090-2ae9cb791f7f/build] unable to get git ref: failed to identify reference (tag/branch) for the checked-out revision '82ecf19d235a50af1475463f7467d9468fa53346'
[5203ff6d-2fad-4ed1-8090-2ae9cb791f7f/build] unable to get git ref: failed to identify reference (tag/branch) for the checked-out revision '82ecf19d235a50af1475463f7467d9468fa53346'
[5203ff6d-2fad-4ed1-8090-2ae9cb791f7f/build] â­ Run Main ./gradlew build --no-daemon --warning-mode=fail
[5203ff6d-2fad-4ed1-8090-2ae9cb791f7f/build] unable to get git ref: failed to identify reference (tag/branch) for the checked-out revision '82ecf19d235a50af1475463f7467d9468fa53346'
[5203ff6d-2fad-4ed1-8090-2ae9cb791f7f/build] unable to get git ref: failed to identify reference (tag/branch) for the checked-out revision '82ecf19d235a50af1475463f7467d9468fa53346'
[5203ff6d-2fad-4ed1-8090-2ae9cb791f7f/build] unable to get git ref: failed to identify reference (tag/branch) for the checked-out revision '82ecf19d235a50af1475463f7467d9468fa53346'
[5203ff6d-2fad-4ed1-8090-2ae9cb791f7f/build] unable to get git ref: failed to identify reference (tag/branch) for the checked-out revision '82ecf19d235a50af1475463f7467d9468fa53346'
[5203ff6d-2fad-4ed1-8090-2ae9cb791f7f/build]   ğŸ³  docker exec cmd=[bash --noprofile --norc -e -o pipefail /var/run/act/workflow/2] user= workdir=
[5203ff6d-2fad-4ed1-8090-2ae9cb791f7f/build]   | Downloading https://services.gradle.org/distributions/gradle-7.5.1-bin.zip
[5203ff6d-2fad-4ed1-8090-2ae9cb791f7f/build]   | ...........10%............20%...........30%............40%...........50%............60%...........70%............80%...........90%............100%
[5203ff6d-2fad-4ed1-8090-2ae9cb791f7f/build]   | 
[5203ff6d-2fad-4ed1-8090-2ae9cb791f7f/build]   | Welcome to Gradle 7.5.1!
[5203ff6d-2fad-4ed1-8090-2ae9cb791f7f/build]   | 
[5203ff6d-2fad-4ed1-8090-2ae9cb791f7f/build]   | Here are the highlights of this release:
[5203ff6d-2fad-4ed1-8090-2ae9cb791f7f/build]   |  - Support for Java 18
[5203ff6d-2fad-4ed1-8090-2ae9cb791f7f/build]   |  - Support for building with Groovy 4
[5203ff6d-2fad-4ed1-8090-2ae9cb791f7f/build]   |  - Much more responsive continuous builds
[5203ff6d-2fad-4ed1-8090-2ae9cb791f7f/build]   |  - Improved diagnostics for dependency resolution
[5203ff6d-2fad-4ed1-8090-2ae9cb791f7f/build]   | 
[5203ff6d-2fad-4ed1-8090-2ae9cb791f7f/build]   | For more details see https://docs.gradle.org/7.5.1/release-notes.html
[5203ff6d-2fad-4ed1-8090-2ae9cb791f7f/build]   | 
[5203ff6d-2fad-4ed1-8090-2ae9cb791f7f/build]   | To honour the JVM settings for this build a single-use Daemon process will be forked. See https://docs.gradle.org/7.5.1/userguide/gradle_daemon.html#sec:disabling_the_daemon.
[5203ff6d-2fad-4ed1-8090-2ae9cb791f7f/build]   | Daemon will be stopped at the end of the build 
[5203ff6d-2fad-4ed1-8090-2ae9cb791f7f/build]   | 
[5203ff6d-2fad-4ed1-8090-2ae9cb791f7f/build]   | > Configure project :
[5203ff6d-2fad-4ed1-8090-2ae9cb791f7f/build]   | Kordamp Enforcer Gradle plugin 0.13.0. Consider becoming a patron at https://www.patreon.com/aalmiray
[5203ff6d-2fad-4ed1-8090-2ae9cb791f7f/build]   | 
[5203ff6d-2fad-4ed1-8090-2ae9cb791f7f/build]   | > Task :copyDependencies
[5203ff6d-2fad-4ed1-8090-2ae9cb791f7f/build]   | > Task :extractIncludeProto
[5203ff6d-2fad-4ed1-8090-2ae9cb791f7f/build]   | > Task :extractProto
[5203ff6d-2fad-4ed1-8090-2ae9cb791f7f/build]   | > Task :generateProto
[5203ff6d-2fad-4ed1-8090-2ae9cb791f7f/build]   | > Task :compileJava
[5203ff6d-2fad-4ed1-8090-2ae9cb791f7f/build]   | Note: Some input files use or override a deprecated API.
[5203ff6d-2fad-4ed1-8090-2ae9cb791f7f/build]   | Note: Recompile with -Xlint:deprecation for details.
[5203ff6d-2fad-4ed1-8090-2ae9cb791f7f/build]   | Note: Some input files use unchecked or unsafe operations.
[5203ff6d-2fad-4ed1-8090-2ae9cb791f7f/build]   | Note: Recompile with -Xlint:unchecked for details.
[5203ff6d-2fad-4ed1-8090-2ae9cb791f7f/build]   | 
[5203ff6d-2fad-4ed1-8090-2ae9cb791f7f/build]   | > Task :processResources
[5203ff6d-2fad-4ed1-8090-2ae9cb791f7f/build]   | > Task :classes
[5203ff6d-2fad-4ed1-8090-2ae9cb791f7f/build]   | > Task :jar
[5203ff6d-2fad-4ed1-8090-2ae9cb791f7f/build]   | > Task :assemble
[5203ff6d-2fad-4ed1-8090-2ae9cb791f7f/build]   | > Task :extractIncludeTestProto
[5203ff6d-2fad-4ed1-8090-2ae9cb791f7f/build]   | > Task :extractTestProto
[5203ff6d-2fad-4ed1-8090-2ae9cb791f7f/build]   | > Task :generateTestProto NO-SOURCE
[5203ff6d-2fad-4ed1-8090-2ae9cb791f7f/build]   | 
[5203ff6d-2fad-4ed1-8090-2ae9cb791f7f/build]   | > Task :compileTestJava
[5203ff6d-2fad-4ed1-8090-2ae9cb791f7f/build]   | Note: Some input files use or override a deprecated API.
[5203ff6d-2fad-4ed1-8090-2ae9cb791f7f/build]   | Note: Recompile with -Xlint:deprecation for details.
[5203ff6d-2fad-4ed1-8090-2ae9cb791f7f/build]   | 
[5203ff6d-2fad-4ed1-8090-2ae9cb791f7f/build]   | > Task :processTestResources NO-SOURCE
[5203ff6d-2fad-4ed1-8090-2ae9cb791f7f/build]   | > Task :testClasses
[5203ff6d-2fad-4ed1-8090-2ae9cb791f7f/build]   | > Task :checkstyleTest SKIPPED
[5203ff6d-2fad-4ed1-8090-2ae9cb791f7f/build]   | 
[5203ff6d-2fad-4ed1-8090-2ae9cb791f7f/build]   | > Task :test
[5203ff6d-2fad-4ed1-8090-2ae9cb791f7f/build]   | 
[5203ff6d-2fad-4ed1-8090-2ae9cb791f7f/build]   | AtrackProtocolDecoderTest > testDecode() FAILED
[5203ff6d-2fad-4ed1-8090-2ae9cb791f7f/build]   |     java.lang.IllegalArgumentException at AtrackProtocolDecoderTest.java:46
[5203ff6d-2fad-4ed1-8090-2ae9cb791f7f/build]   | 
[5203ff6d-2fad-4ed1-8090-2ae9cb791f7f/build]   | 497 tests completed, 1 failed, 23 skipped
[5203ff6d-2fad-4ed1-8090-2ae9cb791f7f/build]   | 
[5203ff6d-2fad-4ed1-8090-2ae9cb791f7f/build]   | > Task :checkstyleMain
[5203ff6d-2fad-4ed1-8090-2ae9cb791f7f/build]   | > Task :test FAILED
[5203ff6d-2fad-4ed1-8090-2ae9cb791f7f/build]   | 12 actionable tasks: 12 executed
[5203ff6d-2fad-4ed1-8090-2ae9cb791f7f/build]   | 
[5203ff6d-2fad-4ed1-8090-2ae9cb791f7f/build]   | FAILURE: Build failed with an exception.
[5203ff6d-2fad-4ed1-8090-2ae9cb791f7f/build]   | 
[5203ff6d-2fad-4ed1-8090-2ae9cb791f7f/build]   | * What went wrong:
[5203ff6d-2fad-4ed1-8090-2ae9cb791f7f/build]   | Execution failed for task ':test'.
[5203ff6d-2fad-4ed1-8090-2ae9cb791f7f/build]   | > There were failing tests. See the report at: file:///tmp/211cff83-6a96-43eb-a9a7-0638f105ecc6/build/reports/tests/test/index.html
[5203ff6d-2fad-4ed1-8090-2ae9cb791f7f/build]   | 
[5203ff6d-2fad-4ed1-8090-2ae9cb791f7f/build]   | * Try:
[5203ff6d-2fad-4ed1-8090-2ae9cb791f7f/build]   | > Run with --stacktrace option to get the stack trace.
[5203ff6d-2fad-4ed1-8090-2ae9cb791f7f/build]   | > Run with --info or --debug option to get more log output.
[5203ff6d-2fad-4ed1-8090-2ae9cb791f7f/build]   | > Run with --scan to get full insights.
[5203ff6d-2fad-4ed1-8090-2ae9cb791f7f/build]   | 
[5203ff6d-2fad-4ed1-8090-2ae9cb791f7f/build]   | * Get more help at https://help.gradle.org
[5203ff6d-2fad-4ed1-8090-2ae9cb791f7f/build]   | 
[5203ff6d-2fad-4ed1-8090-2ae9cb791f7f/build]   | BUILD FAILED in 2m 42s
[5203ff6d-2fad-4ed1-8090-2ae9cb791f7f/build]   âŒ  Failure - Main ./gradlew build --no-daemon --warning-mode=fail
[5203ff6d-2fad-4ed1-8090-2ae9cb791f7f/build] exitcode '1': failure
[5203ff6d-2fad-4ed1-8090-2ae9cb791f7f/build] unable to get git ref: failed to identify reference (tag/branch) for the checked-out revision '82ecf19d235a50af1475463f7467d9468fa53346'
[5203ff6d-2fad-4ed1-8090-2ae9cb791f7f/build] unable to get git ref: failed to identify reference (tag/branch) for the checked-out revision '82ecf19d235a50af1475463f7467d9468fa53346'
[5203ff6d-2fad-4ed1-8090-2ae9cb791f7f/build] unable to get git ref: failed to identify reference (tag/branch) for the checked-out revision '82ecf19d235a50af1475463f7467d9468fa53346'
[5203ff6d-2fad-4ed1-8090-2ae9cb791f7f/build] unable to get git ref: failed to identify reference (tag/branch) for the checked-out revision '82ecf19d235a50af1475463f7467d9468fa53346'
[5203ff6d-2fad-4ed1-8090-2ae9cb791f7f/build] unable to get git ref: failed to identify reference (tag/branch) for the checked-out revision '82ecf19d235a50af1475463f7467d9468fa53346'
[5203ff6d-2fad-4ed1-8090-2ae9cb791f7f/build] â­ Run Post actions/setup-java@v3
[5203ff6d-2fad-4ed1-8090-2ae9cb791f7f/build]   ğŸ³  docker exec cmd=[node /var/run/act/actions/actions-setup-java@v3/dist/cleanup/index.js] user= workdir=
[5203ff6d-2fad-4ed1-8090-2ae9cb791f7f/build]   âœ…  Success - Post actions/setup-java@v3
[5203ff6d-2fad-4ed1-8090-2ae9cb791f7f/build] ğŸ  Job failed
[5203ff6d-2fad-4ed1-8090-2ae9cb791f7f/build] unable to get git ref: failed to identify reference (tag/branch) for the checked-out revision '82ecf19d235a50af1475463f7467d9468fa53346'
