[c1badc24-a0c2-40a4-aaa2-e1c40e0ea6d8/build] üöÄ  Start image=gitbugactions:latest
[c1badc24-a0c2-40a4-aaa2-e1c40e0ea6d8/build]   üê≥  docker pull image=gitbugactions:latest platform= username= forcePull=false
[c1badc24-a0c2-40a4-aaa2-e1c40e0ea6d8/build]   üê≥  docker create image=gitbugactions:latest platform= entrypoint=["tail" "-f" "/dev/null"] cmd=[]
[c1badc24-a0c2-40a4-aaa2-e1c40e0ea6d8/build]   üê≥  docker run image=gitbugactions:latest platform= entrypoint=["tail" "-f" "/dev/null"] cmd=[]
[c1badc24-a0c2-40a4-aaa2-e1c40e0ea6d8/build]   üê≥  docker exec cmd=[chown -R 1012:1013 /tmp/ed9b1c4f-dc1c-474d-b39e-5f0a5d496c76] user=0 workdir=
[c1badc24-a0c2-40a4-aaa2-e1c40e0ea6d8/build] unable to get git ref: failed to identify reference (tag/branch) for the checked-out revision '324cf4d340b9d7d0ddb4c4c3909306eec5028c4a'
[c1badc24-a0c2-40a4-aaa2-e1c40e0ea6d8/build] unable to get git ref: failed to identify reference (tag/branch) for the checked-out revision '324cf4d340b9d7d0ddb4c4c3909306eec5028c4a'
[c1badc24-a0c2-40a4-aaa2-e1c40e0ea6d8/build] unable to get git ref: failed to identify reference (tag/branch) for the checked-out revision '324cf4d340b9d7d0ddb4c4c3909306eec5028c4a'
[c1badc24-a0c2-40a4-aaa2-e1c40e0ea6d8/build] unable to get git ref: failed to identify reference (tag/branch) for the checked-out revision '324cf4d340b9d7d0ddb4c4c3909306eec5028c4a'
[c1badc24-a0c2-40a4-aaa2-e1c40e0ea6d8/build] unable to get git ref: failed to identify reference (tag/branch) for the checked-out revision '324cf4d340b9d7d0ddb4c4c3909306eec5028c4a'
[c1badc24-a0c2-40a4-aaa2-e1c40e0ea6d8/build] unable to get git ref: failed to identify reference (tag/branch) for the checked-out revision '324cf4d340b9d7d0ddb4c4c3909306eec5028c4a'
[c1badc24-a0c2-40a4-aaa2-e1c40e0ea6d8/build] unable to get git ref: failed to identify reference (tag/branch) for the checked-out revision '324cf4d340b9d7d0ddb4c4c3909306eec5028c4a'
[c1badc24-a0c2-40a4-aaa2-e1c40e0ea6d8/build] unable to get git ref: failed to identify reference (tag/branch) for the checked-out revision '324cf4d340b9d7d0ddb4c4c3909306eec5028c4a'
[c1badc24-a0c2-40a4-aaa2-e1c40e0ea6d8/build] unable to get git ref: failed to identify reference (tag/branch) for the checked-out revision '324cf4d340b9d7d0ddb4c4c3909306eec5028c4a'
[c1badc24-a0c2-40a4-aaa2-e1c40e0ea6d8/build] ‚≠ê Run Main actions/checkout@v3
[c1badc24-a0c2-40a4-aaa2-e1c40e0ea6d8/build] unable to get git ref: failed to identify reference (tag/branch) for the checked-out revision '324cf4d340b9d7d0ddb4c4c3909306eec5028c4a'
[c1badc24-a0c2-40a4-aaa2-e1c40e0ea6d8/build] unable to get git ref: failed to identify reference (tag/branch) for the checked-out revision '324cf4d340b9d7d0ddb4c4c3909306eec5028c4a'
[c1badc24-a0c2-40a4-aaa2-e1c40e0ea6d8/build]   üê≥  docker cp src=/tmp/ed9b1c4f-dc1c-474d-b39e-5f0a5d496c76/. dst=/tmp/ed9b1c4f-dc1c-474d-b39e-5f0a5d496c76
[c1badc24-a0c2-40a4-aaa2-e1c40e0ea6d8/build]   üê≥  docker exec cmd=[chown -R 1012:1013 /tmp/ed9b1c4f-dc1c-474d-b39e-5f0a5d496c76] user=0 workdir=
[c1badc24-a0c2-40a4-aaa2-e1c40e0ea6d8/build]   ‚úÖ  Success - Main actions/checkout@v3
[c1badc24-a0c2-40a4-aaa2-e1c40e0ea6d8/build] unable to get git ref: failed to identify reference (tag/branch) for the checked-out revision '324cf4d340b9d7d0ddb4c4c3909306eec5028c4a'
[c1badc24-a0c2-40a4-aaa2-e1c40e0ea6d8/build] unable to get git ref: failed to identify reference (tag/branch) for the checked-out revision '324cf4d340b9d7d0ddb4c4c3909306eec5028c4a'
[c1badc24-a0c2-40a4-aaa2-e1c40e0ea6d8/build] unable to get git ref: failed to identify reference (tag/branch) for the checked-out revision '324cf4d340b9d7d0ddb4c4c3909306eec5028c4a'
[c1badc24-a0c2-40a4-aaa2-e1c40e0ea6d8/build] unable to get git ref: failed to identify reference (tag/branch) for the checked-out revision '324cf4d340b9d7d0ddb4c4c3909306eec5028c4a'
[c1badc24-a0c2-40a4-aaa2-e1c40e0ea6d8/build] unable to get git ref: failed to identify reference (tag/branch) for the checked-out revision '324cf4d340b9d7d0ddb4c4c3909306eec5028c4a'
[c1badc24-a0c2-40a4-aaa2-e1c40e0ea6d8/build] ‚≠ê Run Main Set up JDK 17
[c1badc24-a0c2-40a4-aaa2-e1c40e0ea6d8/build] unable to get git ref: failed to identify reference (tag/branch) for the checked-out revision '324cf4d340b9d7d0ddb4c4c3909306eec5028c4a'
[c1badc24-a0c2-40a4-aaa2-e1c40e0ea6d8/build] unable to get git ref: failed to identify reference (tag/branch) for the checked-out revision '324cf4d340b9d7d0ddb4c4c3909306eec5028c4a'
[c1badc24-a0c2-40a4-aaa2-e1c40e0ea6d8/build] unable to get git ref: failed to identify reference (tag/branch) for the checked-out revision '324cf4d340b9d7d0ddb4c4c3909306eec5028c4a'
[c1badc24-a0c2-40a4-aaa2-e1c40e0ea6d8/build]   üê≥  docker cp src=/tmp/act-cache/049cf261-7b7b-4e47-bad5-5003ca4b57f3/act/actions-setup-java@v2/ dst=/var/run/act/actions/actions-setup-java@v2/
[c1badc24-a0c2-40a4-aaa2-e1c40e0ea6d8/build]   üê≥  docker exec cmd=[chown -R 1012:1013 /var/run/act/actions/actions-setup-java@v2/] user=0 workdir=
[c1badc24-a0c2-40a4-aaa2-e1c40e0ea6d8/build]   üê≥  docker exec cmd=[node /var/run/act/actions/actions-setup-java@v2/dist/setup/index.js] user= workdir=
[c1badc24-a0c2-40a4-aaa2-e1c40e0ea6d8/build]   | Trying to resolve the latest version from remote
[c1badc24-a0c2-40a4-aaa2-e1c40e0ea6d8/build]   | Resolved latest version as 17.0.9+9
[c1badc24-a0c2-40a4-aaa2-e1c40e0ea6d8/build]   | Trying to download...
[c1badc24-a0c2-40a4-aaa2-e1c40e0ea6d8/build]   | Downloading Java 17.0.9+9 (Zulu) from https://cdn.azul.com/zulu/bin/zulu17.46.29-ca-crac-jdk17.0.9-linux_x64.tar.gz ...
[c1badc24-a0c2-40a4-aaa2-e1c40e0ea6d8/build]   üí¨  ::debug::Downloading https://cdn.azul.com/zulu/bin/zulu17.46.29-ca-crac-jdk17.0.9-linux_x64.tar.gz
[c1badc24-a0c2-40a4-aaa2-e1c40e0ea6d8/build]   üí¨  ::debug::Destination /tmp/2f389b28-f823-4787-ba17-e73b72030b23
[c1badc24-a0c2-40a4-aaa2-e1c40e0ea6d8/build]   üí¨  ::debug::download complete
[c1badc24-a0c2-40a4-aaa2-e1c40e0ea6d8/build]   | Extracting Java archive...
[c1badc24-a0c2-40a4-aaa2-e1c40e0ea6d8/build]   üí¨  ::debug::Checking tar --version
[c1badc24-a0c2-40a4-aaa2-e1c40e0ea6d8/build]   üí¨  ::debug::tar (GNU tar) 1.34%0ACopyright (C) 2021 Free Software Foundation, Inc.%0ALicense GPLv3+: GNU GPL version 3 or later <https://gnu.org/licenses/gpl.html>.%0AThis is free software: you are free to change and redistribute it.%0AThere is NO WARRANTY, to the extent permitted by law.%0A%0AWritten by John Gilmore and Jay Fenlason.
[c1badc24-a0c2-40a4-aaa2-e1c40e0ea6d8/build]   | [command]/usr/bin/tar xz --warning=no-unknown-keyword -C /tmp/85520724-6f60-4834-ac5e-9e94f82526db -f /tmp/2f389b28-f823-4787-ba17-e73b72030b23
[c1badc24-a0c2-40a4-aaa2-e1c40e0ea6d8/build]   üí¨  ::debug::Caching tool Java_Zulu_jdk 17.0.9-9 x64
[c1badc24-a0c2-40a4-aaa2-e1c40e0ea6d8/build]   üí¨  ::debug::source dir: /tmp/85520724-6f60-4834-ac5e-9e94f82526db/zulu17.46.29-ca-crac-jdk17.0.9-linux_x64
[c1badc24-a0c2-40a4-aaa2-e1c40e0ea6d8/build]   üí¨  ::debug::destination /opt/hostedtoolcache/Java_Zulu_jdk/17.0.9-9/x64
[c1badc24-a0c2-40a4-aaa2-e1c40e0ea6d8/build]   üí¨  ::debug::finished caching tool
[c1badc24-a0c2-40a4-aaa2-e1c40e0ea6d8/build]   | Java 17.0.9+9 was downloaded
[c1badc24-a0c2-40a4-aaa2-e1c40e0ea6d8/build]   | Setting Java 17.0.9+9 as the default
[c1badc24-a0c2-40a4-aaa2-e1c40e0ea6d8/build]   | 
[c1badc24-a0c2-40a4-aaa2-e1c40e0ea6d8/build]   | Java configuration:
[c1badc24-a0c2-40a4-aaa2-e1c40e0ea6d8/build]   |   Distribution: zulu
[c1badc24-a0c2-40a4-aaa2-e1c40e0ea6d8/build]   |   Version: 17.0.9+9
[c1badc24-a0c2-40a4-aaa2-e1c40e0ea6d8/build]   |   Path: /opt/hostedtoolcache/Java_Zulu_jdk/17.0.9-9/x64
[c1badc24-a0c2-40a4-aaa2-e1c40e0ea6d8/build]   | 
[c1badc24-a0c2-40a4-aaa2-e1c40e0ea6d8/build]   ‚ùì add-matcher /run/act/actions/actions-setup-java@v2/.github/java.json
[c1badc24-a0c2-40a4-aaa2-e1c40e0ea6d8/build]   | Creating settings.xml with server-id: github
[c1badc24-a0c2-40a4-aaa2-e1c40e0ea6d8/build]   | Writing to /home/runner/.m2/settings.xml
[c1badc24-a0c2-40a4-aaa2-e1c40e0ea6d8/build]   ‚úÖ  Success - Main Set up JDK 17
[c1badc24-a0c2-40a4-aaa2-e1c40e0ea6d8/build]   ‚öô  ::set-env:: JAVA_HOME=/opt/hostedtoolcache/Java_Zulu_jdk/17.0.9-9/x64
[c1badc24-a0c2-40a4-aaa2-e1c40e0ea6d8/build]   ‚öô  ::set-output:: distribution=Zulu
[c1badc24-a0c2-40a4-aaa2-e1c40e0ea6d8/build]   ‚öô  ::set-output:: path=/opt/hostedtoolcache/Java_Zulu_jdk/17.0.9-9/x64
[c1badc24-a0c2-40a4-aaa2-e1c40e0ea6d8/build]   ‚öô  ::set-output:: version=17.0.9+9
[c1badc24-a0c2-40a4-aaa2-e1c40e0ea6d8/build]   ‚öô  ::add-path:: /opt/hostedtoolcache/Java_Zulu_jdk/17.0.9-9/x64/bin
[c1badc24-a0c2-40a4-aaa2-e1c40e0ea6d8/build] unable to get git ref: failed to identify reference (tag/branch) for the checked-out revision '324cf4d340b9d7d0ddb4c4c3909306eec5028c4a'
[c1badc24-a0c2-40a4-aaa2-e1c40e0ea6d8/build] unable to get git ref: failed to identify reference (tag/branch) for the checked-out revision '324cf4d340b9d7d0ddb4c4c3909306eec5028c4a'
[c1badc24-a0c2-40a4-aaa2-e1c40e0ea6d8/build] unable to get git ref: failed to identify reference (tag/branch) for the checked-out revision '324cf4d340b9d7d0ddb4c4c3909306eec5028c4a'
[c1badc24-a0c2-40a4-aaa2-e1c40e0ea6d8/build] unable to get git ref: failed to identify reference (tag/branch) for the checked-out revision '324cf4d340b9d7d0ddb4c4c3909306eec5028c4a'
[c1badc24-a0c2-40a4-aaa2-e1c40e0ea6d8/build] unable to get git ref: failed to identify reference (tag/branch) for the checked-out revision '324cf4d340b9d7d0ddb4c4c3909306eec5028c4a'
[c1badc24-a0c2-40a4-aaa2-e1c40e0ea6d8/build] ‚≠ê Run Main Grant execute permission for gradlew
[c1badc24-a0c2-40a4-aaa2-e1c40e0ea6d8/build] unable to get git ref: failed to identify reference (tag/branch) for the checked-out revision '324cf4d340b9d7d0ddb4c4c3909306eec5028c4a'
[c1badc24-a0c2-40a4-aaa2-e1c40e0ea6d8/build] unable to get git ref: failed to identify reference (tag/branch) for the checked-out revision '324cf4d340b9d7d0ddb4c4c3909306eec5028c4a'
[c1badc24-a0c2-40a4-aaa2-e1c40e0ea6d8/build] unable to get git ref: failed to identify reference (tag/branch) for the checked-out revision '324cf4d340b9d7d0ddb4c4c3909306eec5028c4a'
[c1badc24-a0c2-40a4-aaa2-e1c40e0ea6d8/build] unable to get git ref: failed to identify reference (tag/branch) for the checked-out revision '324cf4d340b9d7d0ddb4c4c3909306eec5028c4a'
[c1badc24-a0c2-40a4-aaa2-e1c40e0ea6d8/build]   üê≥  docker exec cmd=[bash --noprofile --norc -e -o pipefail /var/run/act/workflow/2] user= workdir=
[c1badc24-a0c2-40a4-aaa2-e1c40e0ea6d8/build]   ‚úÖ  Success - Main Grant execute permission for gradlew
[c1badc24-a0c2-40a4-aaa2-e1c40e0ea6d8/build] unable to get git ref: failed to identify reference (tag/branch) for the checked-out revision '324cf4d340b9d7d0ddb4c4c3909306eec5028c4a'
[c1badc24-a0c2-40a4-aaa2-e1c40e0ea6d8/build] unable to get git ref: failed to identify reference (tag/branch) for the checked-out revision '324cf4d340b9d7d0ddb4c4c3909306eec5028c4a'
[c1badc24-a0c2-40a4-aaa2-e1c40e0ea6d8/build] unable to get git ref: failed to identify reference (tag/branch) for the checked-out revision '324cf4d340b9d7d0ddb4c4c3909306eec5028c4a'
[c1badc24-a0c2-40a4-aaa2-e1c40e0ea6d8/build] unable to get git ref: failed to identify reference (tag/branch) for the checked-out revision '324cf4d340b9d7d0ddb4c4c3909306eec5028c4a'
[c1badc24-a0c2-40a4-aaa2-e1c40e0ea6d8/build] unable to get git ref: failed to identify reference (tag/branch) for the checked-out revision '324cf4d340b9d7d0ddb4c4c3909306eec5028c4a'
[c1badc24-a0c2-40a4-aaa2-e1c40e0ea6d8/build] ‚≠ê Run Main Build with Gradle
[c1badc24-a0c2-40a4-aaa2-e1c40e0ea6d8/build] unable to get git ref: failed to identify reference (tag/branch) for the checked-out revision '324cf4d340b9d7d0ddb4c4c3909306eec5028c4a'
[c1badc24-a0c2-40a4-aaa2-e1c40e0ea6d8/build] unable to get git ref: failed to identify reference (tag/branch) for the checked-out revision '324cf4d340b9d7d0ddb4c4c3909306eec5028c4a'
[c1badc24-a0c2-40a4-aaa2-e1c40e0ea6d8/build] unable to get git ref: failed to identify reference (tag/branch) for the checked-out revision '324cf4d340b9d7d0ddb4c4c3909306eec5028c4a'
[c1badc24-a0c2-40a4-aaa2-e1c40e0ea6d8/build] unable to get git ref: failed to identify reference (tag/branch) for the checked-out revision '324cf4d340b9d7d0ddb4c4c3909306eec5028c4a'
[c1badc24-a0c2-40a4-aaa2-e1c40e0ea6d8/build]   üê≥  docker exec cmd=[bash --noprofile --norc -e -o pipefail /var/run/act/workflow/3] user= workdir=
[c1badc24-a0c2-40a4-aaa2-e1c40e0ea6d8/build]   | Downloading https://services.gradle.org/distributions/gradle-8.1-bin.zip
[c1badc24-a0c2-40a4-aaa2-e1c40e0ea6d8/build]   | ...........10%............20%............30%............40%............50%............60%............70%............80%...........90%............100%
[c1badc24-a0c2-40a4-aaa2-e1c40e0ea6d8/build]   | 
[c1badc24-a0c2-40a4-aaa2-e1c40e0ea6d8/build]   | Welcome to Gradle 8.1!
[c1badc24-a0c2-40a4-aaa2-e1c40e0ea6d8/build]   | 
[c1badc24-a0c2-40a4-aaa2-e1c40e0ea6d8/build]   | Here are the highlights of this release:
[c1badc24-a0c2-40a4-aaa2-e1c40e0ea6d8/build]   |  - Stable configuration cache
[c1badc24-a0c2-40a4-aaa2-e1c40e0ea6d8/build]   |  - Experimental Kotlin DSL assignment syntax
[c1badc24-a0c2-40a4-aaa2-e1c40e0ea6d8/build]   |  - Building with Java 20
[c1badc24-a0c2-40a4-aaa2-e1c40e0ea6d8/build]   | 
[c1badc24-a0c2-40a4-aaa2-e1c40e0ea6d8/build]   | For more details see https://docs.gradle.org/8.1/release-notes.html
[c1badc24-a0c2-40a4-aaa2-e1c40e0ea6d8/build]   | 
[c1badc24-a0c2-40a4-aaa2-e1c40e0ea6d8/build]   | Starting a Gradle Daemon (subsequent builds will be faster)
[c1badc24-a0c2-40a4-aaa2-e1c40e0ea6d8/build]   | 
[c1badc24-a0c2-40a4-aaa2-e1c40e0ea6d8/build]   | > Task :initializeIntelliJPlugin
[c1badc24-a0c2-40a4-aaa2-e1c40e0ea6d8/build]   | [gradle-intellij-plugin :initializeIntelliJPlugin] Gradle IntelliJ Plugin is outdated: 1.14.2. Update `org.jetbrains.intellij` to: 1.16.0
[c1badc24-a0c2-40a4-aaa2-e1c40e0ea6d8/build]   | 
[c1badc24-a0c2-40a4-aaa2-e1c40e0ea6d8/build]   | > Task :patchPluginXml
[c1badc24-a0c2-40a4-aaa2-e1c40e0ea6d8/build]   | > Task :verifyPluginConfiguration
[c1badc24-a0c2-40a4-aaa2-e1c40e0ea6d8/build]   | 
[c1badc24-a0c2-40a4-aaa2-e1c40e0ea6d8/build]   | > Task :compileJava
[c1badc24-a0c2-40a4-aaa2-e1c40e0ea6d8/build]   | Note: /tmp/ed9b1c4f-dc1c-474d-b39e-5f0a5d496c76/src/main/java/com/reason/lang/core/psi/impl/RPsiParameters.java uses or overrides a deprecated API.
[c1badc24-a0c2-40a4-aaa2-e1c40e0ea6d8/build]   | Note: Recompile with -Xlint:deprecation for details.
[c1badc24-a0c2-40a4-aaa2-e1c40e0ea6d8/build]   | Note: Some input files use unchecked or unsafe operations.
[c1badc24-a0c2-40a4-aaa2-e1c40e0ea6d8/build]   | Note: Recompile with -Xlint:unchecked for details.
[c1badc24-a0c2-40a4-aaa2-e1c40e0ea6d8/build]   | 
[c1badc24-a0c2-40a4-aaa2-e1c40e0ea6d8/build]   | > Task :processResources
[c1badc24-a0c2-40a4-aaa2-e1c40e0ea6d8/build]   | > Task :classes
[c1badc24-a0c2-40a4-aaa2-e1c40e0ea6d8/build]   | > Task :instrumentCode
[c1badc24-a0c2-40a4-aaa2-e1c40e0ea6d8/build]   | > Task :compileTestJava
[c1badc24-a0c2-40a4-aaa2-e1c40e0ea6d8/build]   | > Task :processTestResources NO-SOURCE
[c1badc24-a0c2-40a4-aaa2-e1c40e0ea6d8/build]   | > Task :testClasses
[c1badc24-a0c2-40a4-aaa2-e1c40e0ea6d8/build]   | > Task :instrumentTestCode
[c1badc24-a0c2-40a4-aaa2-e1c40e0ea6d8/build]   | > Task :instrumentedJar
[c1badc24-a0c2-40a4-aaa2-e1c40e0ea6d8/build]   | > Task :jar
[c1badc24-a0c2-40a4-aaa2-e1c40e0ea6d8/build]   | > Task :prepareTestingSandbox
[c1badc24-a0c2-40a4-aaa2-e1c40e0ea6d8/build]   | 
[c1badc24-a0c2-40a4-aaa2-e1c40e0ea6d8/build]   | > Task :test
[c1badc24-a0c2-40a4-aaa2-e1c40e0ea6d8/build]   | LaunchSystemArgumentProvider = [-Didea.config.path=/tmp/ed9b1c4f-dc1c-474d-b39e-5f0a5d496c76/build/idea-sandbox/config-test, -Didea.system.path=/tmp/ed9b1c4f-dc1c-474d-b39e-5f0a5d496c76/build/idea-sandbox/system-test, -Didea.log.path=/tmp/ed9b1c4f-dc1c-474d-b39e-5f0a5d496c76/build/idea-sandbox/system-test/log, -Didea.plugins.path=/tmp/ed9b1c4f-dc1c-474d-b39e-5f0a5d496c76/build/idea-sandbox/plugins-test, -Didea.required.plugins.id=reasonml]
[c1badc24-a0c2-40a4-aaa2-e1c40e0ea6d8/build]   | 
[c1badc24-a0c2-40a4-aaa2-e1c40e0ea6d8/build]   | com.reason.lang.ocaml.LetParsingTest > test_GH_409 FAILED
[c1badc24-a0c2-40a4-aaa2-e1c40e0ea6d8/build]   |     java.lang.NullPointerException at LetParsingTest.java:393
[c1badc24-a0c2-40a4-aaa2-e1c40e0ea6d8/build]   | 
[c1badc24-a0c2-40a4-aaa2-e1c40e0ea6d8/build]   | com.reason.lang.ocaml.LetParsingTest > test_GH_409a FAILED
[c1badc24-a0c2-40a4-aaa2-e1c40e0ea6d8/build]   |     java.lang.NullPointerException at LetParsingTest.java:411
[c1badc24-a0c2-40a4-aaa2-e1c40e0ea6d8/build]   | 
[c1badc24-a0c2-40a4-aaa2-e1c40e0ea6d8/build]   | com.reason.lang.ocaml.LetParsingTest > test_GH_409_binary_condition FAILED
[c1badc24-a0c2-40a4-aaa2-e1c40e0ea6d8/build]   |     junit.framework.ComparisonFailure at LetParsingTest.java:422
[c1badc24-a0c2-40a4-aaa2-e1c40e0ea6d8/build]   | 
[c1badc24-a0c2-40a4-aaa2-e1c40e0ea6d8/build]   | 1427 tests completed, 3 failed
[c1badc24-a0c2-40a4-aaa2-e1c40e0ea6d8/build]   | 
[c1badc24-a0c2-40a4-aaa2-e1c40e0ea6d8/build]   | > Task :test FAILED
[c1badc24-a0c2-40a4-aaa2-e1c40e0ea6d8/build]   | > Task :classpathIndexCleanup
[c1badc24-a0c2-40a4-aaa2-e1c40e0ea6d8/build]   | 
[c1badc24-a0c2-40a4-aaa2-e1c40e0ea6d8/build]   | FAILURE: Build failed with an exception.
[c1badc24-a0c2-40a4-aaa2-e1c40e0ea6d8/build]   | 
[c1badc24-a0c2-40a4-aaa2-e1c40e0ea6d8/build]   | * What went wrong:
[c1badc24-a0c2-40a4-aaa2-e1c40e0ea6d8/build]   | Execution failed for task ':test'.
[c1badc24-a0c2-40a4-aaa2-e1c40e0ea6d8/build]   | > There were failing tests. See the report at: file:///tmp/ed9b1c4f-dc1c-474d-b39e-5f0a5d496c76/build/reports/tests/test/index.html
[c1badc24-a0c2-40a4-aaa2-e1c40e0ea6d8/build]   | 
[c1badc24-a0c2-40a4-aaa2-e1c40e0ea6d8/build]   | * Try:
[c1badc24-a0c2-40a4-aaa2-e1c40e0ea6d8/build]   | > Run with --stacktrace option to get the stack trace.
[c1badc24-a0c2-40a4-aaa2-e1c40e0ea6d8/build]   | > Run with --info or --debug option to get more log output.
[c1badc24-a0c2-40a4-aaa2-e1c40e0ea6d8/build]   | > Run with --scan to get full insights.
[c1badc24-a0c2-40a4-aaa2-e1c40e0ea6d8/build]   | 
[c1badc24-a0c2-40a4-aaa2-e1c40e0ea6d8/build]   | * Get more help at https://help.gradle.org
[c1badc24-a0c2-40a4-aaa2-e1c40e0ea6d8/build]   | 
[c1badc24-a0c2-40a4-aaa2-e1c40e0ea6d8/build]   | BUILD FAILED in 5m 12s
[c1badc24-a0c2-40a4-aaa2-e1c40e0ea6d8/build]   | 13 actionable tasks: 13 executed
[c1badc24-a0c2-40a4-aaa2-e1c40e0ea6d8/build]   ‚ùå  Failure - Main Build with Gradle
[c1badc24-a0c2-40a4-aaa2-e1c40e0ea6d8/build] exitcode '1': failure
[c1badc24-a0c2-40a4-aaa2-e1c40e0ea6d8/build] unable to get git ref: failed to identify reference (tag/branch) for the checked-out revision '324cf4d340b9d7d0ddb4c4c3909306eec5028c4a'
[c1badc24-a0c2-40a4-aaa2-e1c40e0ea6d8/build] unable to get git ref: failed to identify reference (tag/branch) for the checked-out revision '324cf4d340b9d7d0ddb4c4c3909306eec5028c4a'
[c1badc24-a0c2-40a4-aaa2-e1c40e0ea6d8/build] unable to get git ref: failed to identify reference (tag/branch) for the checked-out revision '324cf4d340b9d7d0ddb4c4c3909306eec5028c4a'
[c1badc24-a0c2-40a4-aaa2-e1c40e0ea6d8/build] unable to get git ref: failed to identify reference (tag/branch) for the checked-out revision '324cf4d340b9d7d0ddb4c4c3909306eec5028c4a'
[c1badc24-a0c2-40a4-aaa2-e1c40e0ea6d8/build] unable to get git ref: failed to identify reference (tag/branch) for the checked-out revision '324cf4d340b9d7d0ddb4c4c3909306eec5028c4a'
[c1badc24-a0c2-40a4-aaa2-e1c40e0ea6d8/build] unable to get git ref: failed to identify reference (tag/branch) for the checked-out revision '324cf4d340b9d7d0ddb4c4c3909306eec5028c4a'
[c1badc24-a0c2-40a4-aaa2-e1c40e0ea6d8/build] unable to get git ref: failed to identify reference (tag/branch) for the checked-out revision '324cf4d340b9d7d0ddb4c4c3909306eec5028c4a'
[c1badc24-a0c2-40a4-aaa2-e1c40e0ea6d8/build] unable to get git ref: failed to identify reference (tag/branch) for the checked-out revision '324cf4d340b9d7d0ddb4c4c3909306eec5028c4a'
[c1badc24-a0c2-40a4-aaa2-e1c40e0ea6d8/build] unable to get git ref: failed to identify reference (tag/branch) for the checked-out revision '324cf4d340b9d7d0ddb4c4c3909306eec5028c4a'
[c1badc24-a0c2-40a4-aaa2-e1c40e0ea6d8/build] unable to get git ref: failed to identify reference (tag/branch) for the checked-out revision '324cf4d340b9d7d0ddb4c4c3909306eec5028c4a'
[c1badc24-a0c2-40a4-aaa2-e1c40e0ea6d8/build] ‚≠ê Run Post Set up JDK 17
[c1badc24-a0c2-40a4-aaa2-e1c40e0ea6d8/build]   üê≥  docker exec cmd=[node /var/run/act/actions/actions-setup-java@v2/dist/cleanup/index.js] user= workdir=
[c1badc24-a0c2-40a4-aaa2-e1c40e0ea6d8/build]   ‚úÖ  Success - Post Set up JDK 17
[c1badc24-a0c2-40a4-aaa2-e1c40e0ea6d8/build] üèÅ  Job failed
[c1badc24-a0c2-40a4-aaa2-e1c40e0ea6d8/build] unable to get git ref: failed to identify reference (tag/branch) for the checked-out revision '324cf4d340b9d7d0ddb4c4c3909306eec5028c4a'
