[a748dc34-b8c0-43ce-97f8-5203937be0e0/Build] üöÄ  Start image=crawlergpt:latest
[a748dc34-b8c0-43ce-97f8-5203937be0e0/Build]   üê≥  docker pull image=crawlergpt:latest platform= username= forcePull=false
[a748dc34-b8c0-43ce-97f8-5203937be0e0/Build]   üê≥  docker create image=crawlergpt:latest platform= entrypoint=["tail" "-f" "/dev/null"] cmd=[]
[a748dc34-b8c0-43ce-97f8-5203937be0e0/Build]   üê≥  docker run image=crawlergpt:latest platform= entrypoint=["tail" "-f" "/dev/null"] cmd=[]
[a748dc34-b8c0-43ce-97f8-5203937be0e0/Build]   üê≥  docker exec cmd=[chown -R 1012:1013 /tmp/ace6c857-732f-43a7-a88b-73ec5167995a] user=0 workdir=
[a748dc34-b8c0-43ce-97f8-5203937be0e0/Build] unable to get git ref: failed to identify reference (tag/branch) for the checked-out revision 'ca16a73fb229e4b13ecaa83fda57cd355c5418e4'
[a748dc34-b8c0-43ce-97f8-5203937be0e0/Build] unable to get git ref: failed to identify reference (tag/branch) for the checked-out revision 'ca16a73fb229e4b13ecaa83fda57cd355c5418e4'
[a748dc34-b8c0-43ce-97f8-5203937be0e0/Build] unable to get git ref: failed to identify reference (tag/branch) for the checked-out revision 'ca16a73fb229e4b13ecaa83fda57cd355c5418e4'
[a748dc34-b8c0-43ce-97f8-5203937be0e0/Build] unable to get git ref: failed to identify reference (tag/branch) for the checked-out revision 'ca16a73fb229e4b13ecaa83fda57cd355c5418e4'
[a748dc34-b8c0-43ce-97f8-5203937be0e0/Build] unable to get git ref: failed to identify reference (tag/branch) for the checked-out revision 'ca16a73fb229e4b13ecaa83fda57cd355c5418e4'
[a748dc34-b8c0-43ce-97f8-5203937be0e0/Build] üß™  Matrix: map[java-version:11]
[a748dc34-b8c0-43ce-97f8-5203937be0e0/Build] unable to get git ref: failed to identify reference (tag/branch) for the checked-out revision 'ca16a73fb229e4b13ecaa83fda57cd355c5418e4'
[a748dc34-b8c0-43ce-97f8-5203937be0e0/Build] unable to get git ref: failed to identify reference (tag/branch) for the checked-out revision 'ca16a73fb229e4b13ecaa83fda57cd355c5418e4'
[a748dc34-b8c0-43ce-97f8-5203937be0e0/Build] unable to get git ref: failed to identify reference (tag/branch) for the checked-out revision 'ca16a73fb229e4b13ecaa83fda57cd355c5418e4'
[a748dc34-b8c0-43ce-97f8-5203937be0e0/Build] unable to get git ref: failed to identify reference (tag/branch) for the checked-out revision 'ca16a73fb229e4b13ecaa83fda57cd355c5418e4'
[a748dc34-b8c0-43ce-97f8-5203937be0e0/Build] unable to get git ref: failed to identify reference (tag/branch) for the checked-out revision 'ca16a73fb229e4b13ecaa83fda57cd355c5418e4'
[a748dc34-b8c0-43ce-97f8-5203937be0e0/Build] unable to get git ref: failed to identify reference (tag/branch) for the checked-out revision 'ca16a73fb229e4b13ecaa83fda57cd355c5418e4'
[a748dc34-b8c0-43ce-97f8-5203937be0e0/Build] ‚≠ê Run Main actions/checkout@v3
[a748dc34-b8c0-43ce-97f8-5203937be0e0/Build] unable to get git ref: failed to identify reference (tag/branch) for the checked-out revision 'ca16a73fb229e4b13ecaa83fda57cd355c5418e4'
[a748dc34-b8c0-43ce-97f8-5203937be0e0/Build]   ‚úÖ  Success - Main actions/checkout@v3
[a748dc34-b8c0-43ce-97f8-5203937be0e0/Build] unable to get git ref: failed to identify reference (tag/branch) for the checked-out revision 'ca16a73fb229e4b13ecaa83fda57cd355c5418e4'
[a748dc34-b8c0-43ce-97f8-5203937be0e0/Build] unable to get git ref: failed to identify reference (tag/branch) for the checked-out revision 'ca16a73fb229e4b13ecaa83fda57cd355c5418e4'
[a748dc34-b8c0-43ce-97f8-5203937be0e0/Build] unable to get git ref: failed to identify reference (tag/branch) for the checked-out revision 'ca16a73fb229e4b13ecaa83fda57cd355c5418e4'
[a748dc34-b8c0-43ce-97f8-5203937be0e0/Build] unable to get git ref: failed to identify reference (tag/branch) for the checked-out revision 'ca16a73fb229e4b13ecaa83fda57cd355c5418e4'
[a748dc34-b8c0-43ce-97f8-5203937be0e0/Build] unable to get git ref: failed to identify reference (tag/branch) for the checked-out revision 'ca16a73fb229e4b13ecaa83fda57cd355c5418e4'
[a748dc34-b8c0-43ce-97f8-5203937be0e0/Build] ‚≠ê Run Main Set up JDK 11
[a748dc34-b8c0-43ce-97f8-5203937be0e0/Build] unable to get git ref: failed to identify reference (tag/branch) for the checked-out revision 'ca16a73fb229e4b13ecaa83fda57cd355c5418e4'
[a748dc34-b8c0-43ce-97f8-5203937be0e0/Build] unable to get git ref: failed to identify reference (tag/branch) for the checked-out revision 'ca16a73fb229e4b13ecaa83fda57cd355c5418e4'
[a748dc34-b8c0-43ce-97f8-5203937be0e0/Build] unable to get git ref: failed to identify reference (tag/branch) for the checked-out revision 'ca16a73fb229e4b13ecaa83fda57cd355c5418e4'
[a748dc34-b8c0-43ce-97f8-5203937be0e0/Build]   üê≥  docker cp src=/tmp/act-cache/f13b3dfa-aa44-4578-876f-18abdfdda37c/act/actions-setup-java@v3/ dst=/var/run/act/actions/actions-setup-java@v3/
[a748dc34-b8c0-43ce-97f8-5203937be0e0/Build]   üê≥  docker exec cmd=[chown -R 1012:1013 /var/run/act/actions/actions-setup-java@v3/] user=0 workdir=
[a748dc34-b8c0-43ce-97f8-5203937be0e0/Build]   üê≥  docker exec cmd=[node /var/run/act/actions/actions-setup-java@v3/dist/setup/index.js] user= workdir=
[a748dc34-b8c0-43ce-97f8-5203937be0e0/Build]   ‚ùì  ::group::Installed distributions
[a748dc34-b8c0-43ce-97f8-5203937be0e0/Build]   | Trying to resolve the latest version from remote
[a748dc34-b8c0-43ce-97f8-5203937be0e0/Build]   | Resolved latest version as 11.0.19+7
[a748dc34-b8c0-43ce-97f8-5203937be0e0/Build]   | Trying to download...
[a748dc34-b8c0-43ce-97f8-5203937be0e0/Build]   | Downloading Java 11.0.19+7 (Temurin-Hotspot) from https://github.com/adoptium/temurin11-binaries/releases/download/jdk-11.0.19%2B7/OpenJDK11U-jdk_x64_linux_hotspot_11.0.19_7.tar.gz ...
[a748dc34-b8c0-43ce-97f8-5203937be0e0/Build]   üí¨  ::debug::Downloading https://github.com/adoptium/temurin11-binaries/releases/download/jdk-11.0.19%252B7/OpenJDK11U-jdk_x64_linux_hotspot_11.0.19_7.tar.gz
[a748dc34-b8c0-43ce-97f8-5203937be0e0/Build]   üí¨  ::debug::Destination /tmp/0b83716e-46e6-49c4-bcef-14b0584a824a
[a748dc34-b8c0-43ce-97f8-5203937be0e0/Build]   üí¨  ::debug::download complete
[a748dc34-b8c0-43ce-97f8-5203937be0e0/Build]   | Extracting Java archive...
[a748dc34-b8c0-43ce-97f8-5203937be0e0/Build]   üí¨  ::debug::Checking tar --version
[a748dc34-b8c0-43ce-97f8-5203937be0e0/Build]   üí¨  ::debug::tar (GNU tar) 1.30%0ACopyright (C) 2017 Free Software Foundation, Inc.%0ALicense GPLv3+: GNU GPL version 3 or later <https://gnu.org/licenses/gpl.html>.%0AThis is free software: you are free to change and redistribute it.%0AThere is NO WARRANTY, to the extent permitted by law.%0A%0AWritten by John Gilmore and Jay Fenlason.
[a748dc34-b8c0-43ce-97f8-5203937be0e0/Build]   | [command]/usr/bin/tar xz --warning=no-unknown-keyword -C /tmp/b001c9e6-1438-4b49-b591-f7993c4026e7 -f /tmp/0b83716e-46e6-49c4-bcef-14b0584a824a
[a748dc34-b8c0-43ce-97f8-5203937be0e0/Build]   üí¨  ::debug::Caching tool Java_Temurin-Hotspot_jdk 11.0.19-7 x64
[a748dc34-b8c0-43ce-97f8-5203937be0e0/Build]   üí¨  ::debug::source dir: /tmp/b001c9e6-1438-4b49-b591-f7993c4026e7/jdk-11.0.19+7
[a748dc34-b8c0-43ce-97f8-5203937be0e0/Build]   üí¨  ::debug::destination /opt/hostedtoolcache/Java_Temurin-Hotspot_jdk/11.0.19-7/x64
[a748dc34-b8c0-43ce-97f8-5203937be0e0/Build]   üí¨  ::debug::finished caching tool
[a748dc34-b8c0-43ce-97f8-5203937be0e0/Build]   | Java 11.0.19+7 was downloaded
[a748dc34-b8c0-43ce-97f8-5203937be0e0/Build]   | Setting Java 11.0.19+7 as the default
[a748dc34-b8c0-43ce-97f8-5203937be0e0/Build]   | Creating toolchains.xml for JDK version 11 from temurin
[a748dc34-b8c0-43ce-97f8-5203937be0e0/Build]   | Writing to /home/runneradmin/.m2/toolchains.xml
[a748dc34-b8c0-43ce-97f8-5203937be0e0/Build]   | 
[a748dc34-b8c0-43ce-97f8-5203937be0e0/Build]   | Java configuration:
[a748dc34-b8c0-43ce-97f8-5203937be0e0/Build]   |   Distribution: temurin
[a748dc34-b8c0-43ce-97f8-5203937be0e0/Build]   |   Version: 11.0.19+7
[a748dc34-b8c0-43ce-97f8-5203937be0e0/Build]   |   Path: /opt/hostedtoolcache/Java_Temurin-Hotspot_jdk/11.0.19-7/x64
[a748dc34-b8c0-43ce-97f8-5203937be0e0/Build]   | 
[a748dc34-b8c0-43ce-97f8-5203937be0e0/Build]   ‚ùì  ::endgroup::
[a748dc34-b8c0-43ce-97f8-5203937be0e0/Build]   ‚ùì add-matcher /run/act/actions/actions-setup-java@v3/.github/java.json
[a748dc34-b8c0-43ce-97f8-5203937be0e0/Build]   | Creating settings.xml with server-id: github
[a748dc34-b8c0-43ce-97f8-5203937be0e0/Build]   | Writing to /home/runneradmin/.m2/settings.xml
[a748dc34-b8c0-43ce-97f8-5203937be0e0/Build]   üöß  ::warning::The runner was not able to contact the cache service. Caching will be skipped
[a748dc34-b8c0-43ce-97f8-5203937be0e0/Build]   ‚úÖ  Success - Main Set up JDK 11
[a748dc34-b8c0-43ce-97f8-5203937be0e0/Build]   ‚öô  ::set-env:: JAVA_HOME=/opt/hostedtoolcache/Java_Temurin-Hotspot_jdk/11.0.19-7/x64
[a748dc34-b8c0-43ce-97f8-5203937be0e0/Build]   ‚öô  ::set-env:: JAVA_HOME_11_X64=/opt/hostedtoolcache/Java_Temurin-Hotspot_jdk/11.0.19-7/x64
[a748dc34-b8c0-43ce-97f8-5203937be0e0/Build]   ‚öô  ::set-output:: path=/opt/hostedtoolcache/Java_Temurin-Hotspot_jdk/11.0.19-7/x64
[a748dc34-b8c0-43ce-97f8-5203937be0e0/Build]   ‚öô  ::set-output:: version=11.0.19+7
[a748dc34-b8c0-43ce-97f8-5203937be0e0/Build]   ‚öô  ::set-output:: distribution=Temurin-Hotspot
[a748dc34-b8c0-43ce-97f8-5203937be0e0/Build]   ‚öô  ::add-path:: /opt/hostedtoolcache/Java_Temurin-Hotspot_jdk/11.0.19-7/x64/bin
[a748dc34-b8c0-43ce-97f8-5203937be0e0/Build] unable to get git ref: failed to identify reference (tag/branch) for the checked-out revision 'ca16a73fb229e4b13ecaa83fda57cd355c5418e4'
[a748dc34-b8c0-43ce-97f8-5203937be0e0/Build] unable to get git ref: failed to identify reference (tag/branch) for the checked-out revision 'ca16a73fb229e4b13ecaa83fda57cd355c5418e4'
[a748dc34-b8c0-43ce-97f8-5203937be0e0/Build] unable to get git ref: failed to identify reference (tag/branch) for the checked-out revision 'ca16a73fb229e4b13ecaa83fda57cd355c5418e4'
[a748dc34-b8c0-43ce-97f8-5203937be0e0/Build] unable to get git ref: failed to identify reference (tag/branch) for the checked-out revision 'ca16a73fb229e4b13ecaa83fda57cd355c5418e4'
[a748dc34-b8c0-43ce-97f8-5203937be0e0/Build] unable to get git ref: failed to identify reference (tag/branch) for the checked-out revision 'ca16a73fb229e4b13ecaa83fda57cd355c5418e4'
[a748dc34-b8c0-43ce-97f8-5203937be0e0/Build] ‚≠ê Run Main Cache SonarCloud packages
[a748dc34-b8c0-43ce-97f8-5203937be0e0/Build] unable to get git ref: failed to identify reference (tag/branch) for the checked-out revision 'ca16a73fb229e4b13ecaa83fda57cd355c5418e4'
[a748dc34-b8c0-43ce-97f8-5203937be0e0/Build] unable to get git ref: failed to identify reference (tag/branch) for the checked-out revision 'ca16a73fb229e4b13ecaa83fda57cd355c5418e4'
[a748dc34-b8c0-43ce-97f8-5203937be0e0/Build] unable to get git ref: failed to identify reference (tag/branch) for the checked-out revision 'ca16a73fb229e4b13ecaa83fda57cd355c5418e4'
[a748dc34-b8c0-43ce-97f8-5203937be0e0/Build]   üê≥  docker cp src=/tmp/act-cache/f13b3dfa-aa44-4578-876f-18abdfdda37c/act/actions-cache@v3/ dst=/var/run/act/actions/actions-cache@v3/
[a748dc34-b8c0-43ce-97f8-5203937be0e0/Build]   üê≥  docker exec cmd=[chown -R 1012:1013 /var/run/act/actions/actions-cache@v3/] user=0 workdir=
[a748dc34-b8c0-43ce-97f8-5203937be0e0/Build]   üê≥  docker exec cmd=[node /var/run/act/actions/actions-cache@v3/dist/restore/index.js] user= workdir=
[a748dc34-b8c0-43ce-97f8-5203937be0e0/Build]   | [warning]An internal error has occurred in cache backend. Please check https://www.githubstatus.com/ for any ongoing issue in actions.
[a748dc34-b8c0-43ce-97f8-5203937be0e0/Build]   ‚úÖ  Success - Main Cache SonarCloud packages
[a748dc34-b8c0-43ce-97f8-5203937be0e0/Build]   ‚öô  ::set-output:: cache-hit=false
[a748dc34-b8c0-43ce-97f8-5203937be0e0/Build] unable to get git ref: failed to identify reference (tag/branch) for the checked-out revision 'ca16a73fb229e4b13ecaa83fda57cd355c5418e4'
[a748dc34-b8c0-43ce-97f8-5203937be0e0/Build] unable to get git ref: failed to identify reference (tag/branch) for the checked-out revision 'ca16a73fb229e4b13ecaa83fda57cd355c5418e4'
[a748dc34-b8c0-43ce-97f8-5203937be0e0/Build] unable to get git ref: failed to identify reference (tag/branch) for the checked-out revision 'ca16a73fb229e4b13ecaa83fda57cd355c5418e4'
[a748dc34-b8c0-43ce-97f8-5203937be0e0/Build] unable to get git ref: failed to identify reference (tag/branch) for the checked-out revision 'ca16a73fb229e4b13ecaa83fda57cd355c5418e4'
[a748dc34-b8c0-43ce-97f8-5203937be0e0/Build] unable to get git ref: failed to identify reference (tag/branch) for the checked-out revision 'ca16a73fb229e4b13ecaa83fda57cd355c5418e4'
[a748dc34-b8c0-43ce-97f8-5203937be0e0/Build] ‚≠ê Run Main Build and check
[a748dc34-b8c0-43ce-97f8-5203937be0e0/Build] unable to get git ref: failed to identify reference (tag/branch) for the checked-out revision 'ca16a73fb229e4b13ecaa83fda57cd355c5418e4'
[a748dc34-b8c0-43ce-97f8-5203937be0e0/Build] unable to get git ref: failed to identify reference (tag/branch) for the checked-out revision 'ca16a73fb229e4b13ecaa83fda57cd355c5418e4'
[a748dc34-b8c0-43ce-97f8-5203937be0e0/Build] unable to get git ref: failed to identify reference (tag/branch) for the checked-out revision 'ca16a73fb229e4b13ecaa83fda57cd355c5418e4'
[a748dc34-b8c0-43ce-97f8-5203937be0e0/Build] unable to get git ref: failed to identify reference (tag/branch) for the checked-out revision 'ca16a73fb229e4b13ecaa83fda57cd355c5418e4'
[a748dc34-b8c0-43ce-97f8-5203937be0e0/Build]   üê≥  docker exec cmd=[bash --noprofile --norc -e -o pipefail /var/run/act/workflow/3] user= workdir=
[a748dc34-b8c0-43ce-97f8-5203937be0e0/Build]   | Downloading https://services.gradle.org/distributions/gradle-7.4.2-bin.zip
[a748dc34-b8c0-43ce-97f8-5203937be0e0/Build]   | ...........10%...........20%...........30%...........40%...........50%...........60%...........70%...........80%...........90%...........100%
[a748dc34-b8c0-43ce-97f8-5203937be0e0/Build]   | Initialized native services in: /home/runneradmin/.gradle/native
[a748dc34-b8c0-43ce-97f8-5203937be0e0/Build]   | Initialized jansi services in: /home/runneradmin/.gradle/native
[a748dc34-b8c0-43ce-97f8-5203937be0e0/Build]   | 
[a748dc34-b8c0-43ce-97f8-5203937be0e0/Build]   | Welcome to Gradle 7.4.2!
[a748dc34-b8c0-43ce-97f8-5203937be0e0/Build]   | 
[a748dc34-b8c0-43ce-97f8-5203937be0e0/Build]   | Here are the highlights of this release:
[a748dc34-b8c0-43ce-97f8-5203937be0e0/Build]   |  - Aggregated test and JaCoCo reports
[a748dc34-b8c0-43ce-97f8-5203937be0e0/Build]   |  - Marking additional test source directories as tests in IntelliJ
[a748dc34-b8c0-43ce-97f8-5203937be0e0/Build]   |  - Support for Adoptium JDKs in Java toolchains
[a748dc34-b8c0-43ce-97f8-5203937be0e0/Build]   | 
[a748dc34-b8c0-43ce-97f8-5203937be0e0/Build]   | For more details see https://docs.gradle.org/7.4.2/release-notes.html
[a748dc34-b8c0-43ce-97f8-5203937be0e0/Build]   | 
[a748dc34-b8c0-43ce-97f8-5203937be0e0/Build]   | To honour the JVM settings for this build a single-use Daemon process will be forked. See https://docs.gradle.org/7.4.2/userguide/gradle_daemon.html#sec:disabling_the_daemon.
[a748dc34-b8c0-43ce-97f8-5203937be0e0/Build]   | Starting process 'Gradle build daemon'. Working directory: /home/runneradmin/.gradle/daemon/7.4.2 Command: /opt/hostedtoolcache/Java_Temurin-Hotspot_jdk/11.0.19-7/x64/bin/java --add-exports jdk.compiler/com.sun.tools.javac.api=ALL-UNNAMED --add-exports jdk.compiler/com.sun.tools.javac.file=ALL-UNNAMED --add-exports jdk.compiler/com.sun.tools.javac.parser=ALL-UNNAMED --add-exports jdk.compiler/com.sun.tools.javac.tree=ALL-UNNAMED --add-exports jdk.compiler/com.sun.tools.javac.util=ALL-UNNAMED --add-opens java.base/java.util=ALL-UNNAMED --add-opens java.base/java.lang=ALL-UNNAMED --add-opens java.base/java.lang.invoke=ALL-UNNAMED --add-opens java.base/java.util=ALL-UNNAMED --add-opens java.prefs/java.util.prefs=ALL-UNNAMED --add-opens java.prefs/java.util.prefs=ALL-UNNAMED --add-opens java.base/java.nio.charset=ALL-UNNAMED --add-opens java.base/java.net=ALL-UNNAMED --add-opens java.base/java.util.concurrent.atomic=ALL-UNNAMED -Dfile.encoding=UTF-8 -Duser.country -Duser.language=en -Duser.variant -cp /home/runneradmin/.gradle/wrapper/dists/gradle-7.4.2-bin/48ivgl02cpt2ed3fh9dbalvx8/gradle-7.4.2/lib/gradle-launcher-7.4.2.jar org.gradle.launcher.daemon.bootstrap.GradleDaemon 7.4.2
[a748dc34-b8c0-43ce-97f8-5203937be0e0/Build]   | Successfully started process 'Gradle build daemon'
[a748dc34-b8c0-43ce-97f8-5203937be0e0/Build]   | An attempt to start the daemon took 1.446 secs.
[a748dc34-b8c0-43ce-97f8-5203937be0e0/Build]   | The client will now receive all logging from the daemon (pid: 143). The daemon log file: /home/runneradmin/.gradle/daemon/7.4.2/daemon-143.out.log
[a748dc34-b8c0-43ce-97f8-5203937be0e0/Build]   | Closing daemon's stdin at end of input.
[a748dc34-b8c0-43ce-97f8-5203937be0e0/Build]   | The daemon will no longer process any standard input.
[a748dc34-b8c0-43ce-97f8-5203937be0e0/Build]   | Daemon will be stopped at the end of the build 
[a748dc34-b8c0-43ce-97f8-5203937be0e0/Build]   | Using 128 worker leases.
[a748dc34-b8c0-43ce-97f8-5203937be0e0/Build]   | Watching the file system is configured to be enabled if available
[a748dc34-b8c0-43ce-97f8-5203937be0e0/Build]   | Not watching /tmp/ace6c857-732f-43a7-a88b-73ec5167995a since the file system is not supported
[a748dc34-b8c0-43ce-97f8-5203937be0e0/Build]   | File system watching is active
[a748dc34-b8c0-43ce-97f8-5203937be0e0/Build]   | Starting Build
[a748dc34-b8c0-43ce-97f8-5203937be0e0/Build]   | Compiling settings file '/tmp/ace6c857-732f-43a7-a88b-73ec5167995a/settings.gradle' using SubsetScriptTransformer.
[a748dc34-b8c0-43ce-97f8-5203937be0e0/Build]   | Compiling settings file '/tmp/ace6c857-732f-43a7-a88b-73ec5167995a/settings.gradle' using BuildScriptTransformer.
[a748dc34-b8c0-43ce-97f8-5203937be0e0/Build]   | Settings evaluated using settings file '/tmp/ace6c857-732f-43a7-a88b-73ec5167995a/settings.gradle'.
[a748dc34-b8c0-43ce-97f8-5203937be0e0/Build]   | Using local directory build cache for the root build (location = /home/runneradmin/.gradle/caches/build-cache-1, removeUnusedEntriesAfter = 7 days).
[a748dc34-b8c0-43ce-97f8-5203937be0e0/Build]   | Projects loaded. Root project using build file '/tmp/ace6c857-732f-43a7-a88b-73ec5167995a/build.gradle'.
[a748dc34-b8c0-43ce-97f8-5203937be0e0/Build]   | Included projects: [root project 'sudachi']
[a748dc34-b8c0-43ce-97f8-5203937be0e0/Build]   | 
[a748dc34-b8c0-43ce-97f8-5203937be0e0/Build]   | > Configure project :
[a748dc34-b8c0-43ce-97f8-5203937be0e0/Build]   | Evaluating root project 'sudachi' using build file '/tmp/ace6c857-732f-43a7-a88b-73ec5167995a/build.gradle'.
[a748dc34-b8c0-43ce-97f8-5203937be0e0/Build]   | Compiling build file '/tmp/ace6c857-732f-43a7-a88b-73ec5167995a/build.gradle' using SubsetScriptTransformer.
[a748dc34-b8c0-43ce-97f8-5203937be0e0/Build]   | Downloading https://plugins.gradle.org/m2/org/jetbrains/kotlin/jvm/org.jetbrains.kotlin.jvm.gradle.plugin/1.6.21/org.jetbrains.kotlin.jvm.gradle.plugin-1.6.21.pom to /home/runneradmin/.gradle/.tmp/gradle_download10567202115994419333bin
[a748dc34-b8c0-43ce-97f8-5203937be0e0/Build]   | Resource missing. [HTTP HEAD: https://plugins.gradle.org/m2/org/jetbrains/kotlin/jvm/org.jetbrains.kotlin.jvm.gradle.plugin/1.6.21/org.jetbrains.kotlin.jvm.gradle.plugin-1.6.21.jar]
[a748dc34-b8c0-43ce-97f8-5203937be0e0/Build]   | Downloading https://plugins.gradle.org/m2/org/sonarqube/org.sonarqube.gradle.plugin/3.3/org.sonarqube.gradle.plugin-3.3.pom to /home/runneradmin/.gradle/.tmp/gradle_download15808090648341863437bin
[a748dc34-b8c0-43ce-97f8-5203937be0e0/Build]   | Resource missing. [HTTP HEAD: https://plugins.gradle.org/m2/org/sonarqube/org.sonarqube.gradle.plugin/3.3/org.sonarqube.gradle.plugin-3.3.jar]
[a748dc34-b8c0-43ce-97f8-5203937be0e0/Build]   | Downloading https://plugins.gradle.org/m2/com/diffplug/spotless/com.diffplug.spotless.gradle.plugin/6.6.1/com.diffplug.spotless.gradle.plugin-6.6.1.pom to /home/runneradmin/.gradle/.tmp/gradle_download9110264649124222417bin
[a748dc34-b8c0-43ce-97f8-5203937be0e0/Build]   | Resource missing. [HTTP HEAD: https://plugins.gradle.org/m2/com/diffplug/spotless/com.diffplug.spotless.gradle.plugin/6.6.1/com.diffplug.spotless.gradle.plugin-6.6.1.jar]
[a748dc34-b8c0-43ce-97f8-5203937be0e0/Build]   | Downloading https://plugins.gradle.org/m2/me/champeau/jmh/me.champeau.jmh.gradle.plugin/0.6.6/me.champeau.jmh.gradle.plugin-0.6.6.pom to /home/runneradmin/.gradle/.tmp/gradle_download16467700721598566555bin
[a748dc34-b8c0-43ce-97f8-5203937be0e0/Build]   | Resource missing. [HTTP HEAD: https://plugins.gradle.org/m2/me/champeau/jmh/me.champeau.jmh.gradle.plugin/0.6.6/me.champeau.jmh.gradle.plugin-0.6.6.jar]
[a748dc34-b8c0-43ce-97f8-5203937be0e0/Build]   | Downloading https://plugins.gradle.org/m2/io/github/gradle-nexus/publish-plugin/io.github.gradle-nexus.publish-plugin.gradle.plugin/1.1.0/io.github.gradle-nexus.publish-plugin.gradle.plugin-1.1.0.pom to /home/runneradmin/.gradle/.tmp/gradle_download11660877232665676743bin
[a748dc34-b8c0-43ce-97f8-5203937be0e0/Build]   | Resource missing. [HTTP HEAD: https://plugins.gradle.org/m2/io/github/gradle-nexus/publish-plugin/io.github.gradle-nexus.publish-plugin.gradle.plugin/1.1.0/io.github.gradle-nexus.publish-plugin.gradle.plugin-1.1.0.jar]
[a748dc34-b8c0-43ce-97f8-5203937be0e0/Build]   | Downloading https://plugins.gradle.org/m2/org/jetbrains/kotlin/kotlin-gradle-plugin/1.6.21/kotlin-gradle-plugin-1.6.21.pom to /home/runneradmin/.gradle/.tmp/gradle_download15299720378784724834bin
[a748dc34-b8c0-43ce-97f8-5203937be0e0/Build]   | Downloading https://plugins.gradle.org/m2/org/sonarsource/scanner/gradle/sonarqube-gradle-plugin/3.3/sonarqube-gradle-plugin-3.3.pom to /home/runneradmin/.gradle/.tmp/gradle_download15117140053947856391bin
[a748dc34-b8c0-43ce-97f8-5203937be0e0/Build]   | Downloading https://plugins.gradle.org/m2/com/diffplug/spotless/spotless-plugin-gradle/6.6.1/spotless-plugin-gradle-6.6.1.pom to /home/runneradmin/.gradle/.tmp/gradle_download14361855564453982966bin
[a748dc34-b8c0-43ce-97f8-5203937be0e0/Build]   | Downloading https://plugins.gradle.org/m2/me/champeau/jmh/jmh-gradle-plugin/0.6.6/jmh-gradle-plugin-0.6.6.pom to /home/runneradmin/.gradle/.tmp/gradle_download16996070956648514636bin
[a748dc34-b8c0-43ce-97f8-5203937be0e0/Build]   | Resource missing. [HTTP GET: https://jcenter.bintray.com/me/champeau/jmh/jmh-gradle-plugin/0.6.6/jmh-gradle-plugin-0.6.6.module]
[a748dc34-b8c0-43ce-97f8-5203937be0e0/Build]   | Downloading https://plugins.gradle.org/m2/io/github/gradle-nexus/publish-plugin/1.1.0/publish-plugin-1.1.0.pom to /home/runneradmin/.gradle/.tmp/gradle_download17976177193282748988bin
[a748dc34-b8c0-43ce-97f8-5203937be0e0/Build]   | Downloading https://plugins.gradle.org/m2/io/github/gradle-nexus/publish-plugin/1.1.0/publish-plugin-1.1.0.module to /home/runneradmin/.gradle/.tmp/gradle_download15186565309692154874bin
[a748dc34-b8c0-43ce-97f8-5203937be0e0/Build]   | Downloading https://plugins.gradle.org/m2/org/jetbrains/kotlin/kotlin-android-extensions/1.6.21/kotlin-android-extensions-1.6.21.pom to /home/runneradmin/.gradle/.tmp/gradle_download10609202627915655553bin
[a748dc34-b8c0-43ce-97f8-5203937be0e0/Build]   | Downloading https://plugins.gradle.org/m2/org/jetbrains/kotlin/kotlin-project-model/1.6.21/kotlin-project-model-1.6.21.pom to /home/runneradmin/.gradle/.tmp/gradle_download10647634840693881981bin
[a748dc34-b8c0-43ce-97f8-5203937be0e0/Build]   | Downloading https://plugins.gradle.org/m2/org/jetbrains/kotlin/kotlin-klib-commonizer-api/1.6.21/kotlin-klib-commonizer-api-1.6.21.pom to /home/runneradmin/.gradle/.tmp/gradle_download10969180538549254495bin
[a748dc34-b8c0-43ce-97f8-5203937be0e0/Build]   | Downloading https://plugins.gradle.org/m2/org/jetbrains/kotlin/kotlin-tooling-metadata/1.6.21/kotlin-tooling-metadata-1.6.21.pom to /home/runneradmin/.gradle/.tmp/gradle_download11844371798541091734bin
[a748dc34-b8c0-43ce-97f8-5203937be0e0/Build]   | Downloading https://plugins.gradle.org/m2/org/jetbrains/kotlin/kotlin-annotation-processing-gradle/1.6.21/kotlin-annotation-processing-gradle-1.6.21.pom to /home/runneradmin/.gradle/.tmp/gradle_download5205905514243786196bin
[a748dc34-b8c0-43ce-97f8-5203937be0e0/Build]   | Downloading https://plugins.gradle.org/m2/org/jetbrains/kotlin/kotlin-compiler-embeddable/1.6.21/kotlin-compiler-embeddable-1.6.21.pom to /home/runneradmin/.gradle/.tmp/gradle_download16904671235283440679bin
[a748dc34-b8c0-43ce-97f8-5203937be0e0/Build]   | Downloading https://plugins.gradle.org/m2/com/github/gundy/semver4j/0.16.4/semver4j-0.16.4.pom to /home/runneradmin/.gradle/.tmp/gradle_download11310948909754101073bin
[a748dc34-b8c0-43ce-97f8-5203937be0e0/Build]   | Downloading https://plugins.gradle.org/m2/org/jetbrains/kotlin/kotlin-util-klib/1.6.21/kotlin-util-klib-1.6.21.pom to /home/runneradmin/.gradle/.tmp/gradle_download16491886406872879126bin
[a748dc34-b8c0-43ce-97f8-5203937be0e0/Build]   | Downloading https://plugins.gradle.org/m2/org/jetbrains/kotlin/kotlin-scripting-compiler-embeddable/1.6.21/kotlin-scripting-compiler-embeddable-1.6.21.pom to /home/runneradmin/.gradle/.tmp/gradle_download12307273670563868801bin
[a748dc34-b8c0-43ce-97f8-5203937be0e0/Build]   | Downloading https://plugins.gradle.org/m2/com/google/code/gson/gson/2.8.9/gson-2.8.9.pom to /home/runneradmin/.gradle/.tmp/gradle_download6401558471676042852bin
[a748dc34-b8c0-43ce-97f8-5203937be0e0/Build]   | Downloading https://plugins.gradle.org/m2/org/jetbrains/kotlin/kotlin-gradle-plugin-api/1.6.21/kotlin-gradle-plugin-api-1.6.21.pom to /home/runneradmin/.gradle/.tmp/gradle_download13245264702069502359bin
[a748dc34-b8c0-43ce-97f8-5203937be0e0/Build]   | Downloading https://plugins.gradle.org/m2/org/jetbrains/kotlin/kotlin-compiler-runner/1.6.21/kotlin-compiler-runner-1.6.21.pom to /home/runneradmin/.gradle/.tmp/gradle_download7588481592770049797bin
[a748dc34-b8c0-43ce-97f8-5203937be0e0/Build]   | Downloading https://plugins.gradle.org/m2/org/jetbrains/kotlin/kotlin-scripting-compiler-impl-embeddable/1.6.21/kotlin-scripting-compiler-impl-embeddable-1.6.21.pom to /home/runneradmin/.gradle/.tmp/gradle_download2207455250553626535bin
[a748dc34-b8c0-43ce-97f8-5203937be0e0/Build]   | Downloading https://plugins.gradle.org/m2/com/google/guava/guava/29.0-jre/guava-29.0-jre.pom to /home/runneradmin/.gradle/.tmp/gradle_download3512261114684262483bin
[a748dc34-b8c0-43ce-97f8-5203937be0e0/Build]   | Downloading https://plugins.gradle.org/m2/com/google/guava/guava-parent/29.0-jre/guava-parent-29.0-jre.pom to /home/runneradmin/.gradle/.tmp/gradle_download8302490514210062240bin
[a748dc34-b8c0-43ce-97f8-5203937be0e0/Build]   | Downloading https://plugins.gradle.org/m2/org/jetbrains/kotlin/kotlin-gradle-plugin-model/1.6.21/kotlin-gradle-plugin-model-1.6.21.pom to /home/runneradmin/.gradle/.tmp/gradle_download10212616301152433667bin
[a748dc34-b8c0-43ce-97f8-5203937be0e0/Build]   | Downloading https://plugins.gradle.org/m2/de/undercouch/gradle-download-task/4.1.1/gradle-download-task-4.1.1.pom to /home/runneradmin/.gradle/.tmp/gradle_download5234099959398527565bin
[a748dc34-b8c0-43ce-97f8-5203937be0e0/Build]   | Downloading https://plugins.gradle.org/m2/com/google/code/gson/gson-parent/2.8.9/gson-parent-2.8.9.pom to /home/runneradmin/.gradle/.tmp/gradle_download326243255034979669bin
[a748dc34-b8c0-43ce-97f8-5203937be0e0/Build]   | Downloading https://plugins.gradle.org/m2/org/sonatype/oss/oss-parent/7/oss-parent-7.pom to /home/runneradmin/.gradle/.tmp/gradle_download14736594145129461601bin
[a748dc34-b8c0-43ce-97f8-5203937be0e0/Build]   | Downloading https://plugins.gradle.org/m2/org/sonarsource/scanner/api/sonar-scanner-api/2.16.1.361/sonar-scanner-api-2.16.1.361.pom to /home/runneradmin/.gradle/.tmp/gradle_download11334708760243910218bin
[a748dc34-b8c0-43ce-97f8-5203937be0e0/Build]   | Downloading https://plugins.gradle.org/m2/org/sonarsource/scanner/api/sonar-scanner-api-parent/2.16.1.361/sonar-scanner-api-parent-2.16.1.361.pom to /home/runneradmin/.gradle/.tmp/gradle_download16513354342947420855bin
[a748dc34-b8c0-43ce-97f8-5203937be0e0/Build]   | Downloading https://plugins.gradle.org/m2/org/sonarsource/parent/parent/59.0.29/parent-59.0.29.pom to /home/runneradmin/.gradle/.tmp/gradle_download17693278173819480857bin
[a748dc34-b8c0-43ce-97f8-5203937be0e0/Build]   | Downloading https://plugins.gradle.org/m2/com/diffplug/spotless/spotless-lib/2.25.3/spotless-lib-2.25.3.pom to /home/runneradmin/.gradle/.tmp/gradle_download17109423399975327133bin
[a748dc34-b8c0-43ce-97f8-5203937be0e0/Build]   | Downloading https://plugins.gradle.org/m2/com/diffplug/spotless/spotless-lib-extra/2.25.3/spotless-lib-extra-2.25.3.pom to /home/runneradmin/.gradle/.tmp/gradle_download9456517106860086009bin
[a748dc34-b8c0-43ce-97f8-5203937be0e0/Build]   | Downloading https://plugins.gradle.org/m2/org/eclipse/jgit/org.eclipse.jgit/5.13.0.202109080827-r/org.eclipse.jgit-5.13.0.202109080827-r.pom to /home/runneradmin/.gradle/.tmp/gradle_download3452114436523563891bin
[a748dc34-b8c0-43ce-97f8-5203937be0e0/Build]   | Downloading https://plugins.gradle.org/m2/com/diffplug/durian/durian-collect/1.2.0/durian-collect-1.2.0.pom to /home/runneradmin/.gradle/.tmp/gradle_download13884385741736816503bin
[a748dc34-b8c0-43ce-97f8-5203937be0e0/Build]   | Downloading https://plugins.gradle.org/m2/com/diffplug/durian/durian-io/1.2.0/durian-io-1.2.0.pom to /home/runneradmin/.gradle/.tmp/gradle_download443834101475420057bin
[a748dc34-b8c0-43ce-97f8-5203937be0e0/Build]   | Downloading https://plugins.gradle.org/m2/com/diffplug/spotless/spotless-lib-extra/2.25.3/spotless-lib-extra-2.25.3.module to /home/runneradmin/.gradle/.tmp/gradle_download18379338044287015700bin
[a748dc34-b8c0-43ce-97f8-5203937be0e0/Build]   | Downloading https://plugins.gradle.org/m2/com/diffplug/spotless/spotless-lib/2.25.3/spotless-lib-2.25.3.module to /home/runneradmin/.gradle/.tmp/gradle_download18313388772512841259bin
[a748dc34-b8c0-43ce-97f8-5203937be0e0/Build]   | Downloading https://plugins.gradle.org/m2/com/diffplug/durian/durian-core/1.2.0/durian-core-1.2.0.pom to /home/runneradmin/.gradle/.tmp/gradle_download11249888007457135357bin
[a748dc34-b8c0-43ce-97f8-5203937be0e0/Build]   | Downloading https://plugins.gradle.org/m2/org/eclipse/jgit/org.eclipse.jgit-parent/5.13.0.202109080827-r/org.eclipse.jgit-parent-5.13.0.202109080827-r.pom to /home/runneradmin/.gradle/.tmp/gradle_download3623770177647308516bin
[a748dc34-b8c0-43ce-97f8-5203937be0e0/Build]   | Downloading https://plugins.gradle.org/m2/org/openjdk/jmh/jmh-core/1.29/jmh-core-1.29.pom to /home/runneradmin/.gradle/.tmp/gradle_download12990434184624144303bin
[a748dc34-b8c0-43ce-97f8-5203937be0e0/Build]   | Downloading https://plugins.gradle.org/m2/org/openjdk/jmh/jmh-parent/1.29/jmh-parent-1.29.pom to /home/runneradmin/.gradle/.tmp/gradle_download8735643773721873275bin
[a748dc34-b8c0-43ce-97f8-5203937be0e0/Build]   | Downloading https://plugins.gradle.org/m2/org/jetbrains/kotlin/kotlin-native-utils/1.6.21/kotlin-native-utils-1.6.21.pom to /home/runneradmin/.gradle/.tmp/gradle_download2604571159940073541bin
[a748dc34-b8c0-43ce-97f8-5203937be0e0/Build]   | Downloading https://plugins.gradle.org/m2/org/jetbrains/kotlin/kotlin-util-io/1.6.21/kotlin-util-io-1.6.21.pom to /home/runneradmin/.gradle/.tmp/gradle_download3081940646136795322bin
[a748dc34-b8c0-43ce-97f8-5203937be0e0/Build]   | Downloading https://plugins.gradle.org/m2/com/google/guava/listenablefuture/9999.0-empty-to-avoid-conflict-with-guava/listenablefuture-9999.0-empty-to-avoid-conflict-with-guava.pom to /home/runneradmin/.gradle/.tmp/gradle_download15415526408133953954bin
[a748dc34-b8c0-43ce-97f8-5203937be0e0/Build]   | Downloading https://plugins.gradle.org/m2/com/google/guava/failureaccess/1.0.1/failureaccess-1.0.1.pom to /home/runneradmin/.gradle/.tmp/gradle_download16393831016985540047bin
[a748dc34-b8c0-43ce-97f8-5203937be0e0/Build]   | Downloading https://plugins.gradle.org/m2/com/google/code/findbugs/jsr305/3.0.2/jsr305-3.0.2.pom to /home/runneradmin/.gradle/.tmp/gradle_download1780440275229159747bin
[a748dc34-b8c0-43ce-97f8-5203937be0e0/Build]   | Downloading https://plugins.gradle.org/m2/com/google/errorprone/error_prone_annotations/2.3.4/error_prone_annotations-2.3.4.pom to /home/runneradmin/.gradle/.tmp/gradle_download4023063477268722754bin
[a748dc34-b8c0-43ce-97f8-5203937be0e0/Build]   | Downloading https://plugins.gradle.org/m2/com/google/guava/guava-parent/26.0-android/guava-parent-26.0-android.pom to /home/runneradmin/.gradle/.tmp/gradle_download11248846554706026676bin
[a748dc34-b8c0-43ce-97f8-5203937be0e0/Build]   | Downloading https://plugins.gradle.org/m2/com/google/errorprone/error_prone_parent/2.3.4/error_prone_parent-2.3.4.pom to /home/runneradmin/.gradle/.tmp/gradle_download15196801275852638822bin
[a748dc34-b8c0-43ce-97f8-5203937be0e0/Build]   | Downloading https://plugins.gradle.org/m2/com/google/j2objc/j2objc-annotations/1.3/j2objc-annotations-1.3.pom to /home/runneradmin/.gradle/.tmp/gradle_download16709823299387101884bin
[a748dc34-b8c0-43ce-97f8-5203937be0e0/Build]   | Downloading https://plugins.gradle.org/m2/org/sonatype/oss/oss-parent/9/oss-parent-9.pom to /home/runneradmin/.gradle/.tmp/gradle_download1270790155016853794bin
[a748dc34-b8c0-43ce-97f8-5203937be0e0/Build]   | Downloading https://plugins.gradle.org/m2/org/checkerframework/checker-qual/2.11.1/checker-qual-2.11.1.pom to /home/runneradmin/.gradle/.tmp/gradle_download13427601528419131788bin
[a748dc34-b8c0-43ce-97f8-5203937be0e0/Build]   | Downloading https://plugins.gradle.org/m2/org/jetbrains/intellij/deps/trove4j/1.0.20200330/trove4j-1.0.20200330.pom to /home/runneradmin/.gradle/.tmp/gradle_download11006358607285424469bin
[a748dc34-b8c0-43ce-97f8-5203937be0e0/Build]   | Downloading https://plugins.gradle.org/m2/net/java/dev/jna/jna/5.6.0/jna-5.6.0.pom to /home/runneradmin/.gradle/.tmp/gradle_download1168223229514324348bin
[a748dc34-b8c0-43ce-97f8-5203937be0e0/Build]   | Downloading https://plugins.gradle.org/m2/org/jetbrains/kotlin/kotlin-daemon-embeddable/1.6.21/kotlin-daemon-embeddable-1.6.21.pom to /home/runneradmin/.gradle/.tmp/gradle_download7837253652929825268bin
[a748dc34-b8c0-43ce-97f8-5203937be0e0/Build]   | Downloading https://plugins.gradle.org/m2/org/jetbrains/kotlin/kotlin-daemon-client/1.6.21/kotlin-daemon-client-1.6.21.pom to /home/runneradmin/.gradle/.tmp/gradle_download8029503144022465405bin
[a748dc34-b8c0-43ce-97f8-5203937be0e0/Build]   | Downloading https://plugins.gradle.org/m2/org/jetbrains/kotlin/kotlin-build-common/1.6.21/kotlin-build-common-1.6.21.pom to /home/runneradmin/.gradle/.tmp/gradle_download5180015699382175717bin
[a748dc34-b8c0-43ce-97f8-5203937be0e0/Build]   | Downloading https://plugins.gradle.org/m2/org/jetbrains/kotlinx/kotlinx-coroutines-core-jvm/1.5.0/kotlinx-coroutines-core-jvm-1.5.0.pom to /home/runneradmin/.gradle/.tmp/gradle_download14492792138908252357bin
[a748dc34-b8c0-43ce-97f8-5203937be0e0/Build]   | Downloading https://plugins.gradle.org/m2/org/jetbrains/kotlinx/kotlinx-coroutines-core-jvm/1.5.0/kotlinx-coroutines-core-jvm-1.5.0.module to /home/runneradmin/.gradle/.tmp/gradle_download8070068174597488022bin
[a748dc34-b8c0-43ce-97f8-5203937be0e0/Build]   | Downloading https://plugins.gradle.org/m2/org/jetbrains/kotlin/kotlin-scripting-jvm/1.6.21/kotlin-scripting-jvm-1.6.21.pom to /home/runneradmin/.gradle/.tmp/gradle_download15043140002291219544bin
[a748dc34-b8c0-43ce-97f8-5203937be0e0/Build]   | Downloading https://plugins.gradle.org/m2/org/jetbrains/kotlin/kotlin-scripting-common/1.6.21/kotlin-scripting-common-1.6.21.pom to /home/runneradmin/.gradle/.tmp/gradle_download7260774677447660933bin
[a748dc34-b8c0-43ce-97f8-5203937be0e0/Build]   | Downloading https://plugins.gradle.org/m2/org/codehaus/groovy/groovy-xml/3.0.9/groovy-xml-3.0.9.pom to /home/runneradmin/.gradle/.tmp/gradle_download6672556900738339034bin
[a748dc34-b8c0-43ce-97f8-5203937be0e0/Build]   | Downloading https://plugins.gradle.org/m2/com/googlecode/concurrent-trees/concurrent-trees/2.6.1/concurrent-trees-2.6.1.pom to /home/runneradmin/.gradle/.tmp/gradle_download16743672635303450721bin
[a748dc34-b8c0-43ce-97f8-5203937be0e0/Build]   | Downloading https://plugins.gradle.org/m2/org/slf4j/slf4j-api/1.7.30/slf4j-api-1.7.30.pom to /home/runneradmin/.gradle/.tmp/gradle_download6771981358689340375bin
[a748dc34-b8c0-43ce-97f8-5203937be0e0/Build]   | Downloading https://plugins.gradle.org/m2/com/googlecode/javaewah/JavaEWAH/1.1.12/JavaEWAH-1.1.12.pom to /home/runneradmin/.gradle/.tmp/gradle_download2888632822669896948bin
[a748dc34-b8c0-43ce-97f8-5203937be0e0/Build]   | Downloading https://plugins.gradle.org/m2/org/slf4j/slf4j-parent/1.7.30/slf4j-parent-1.7.30.pom to /home/runneradmin/.gradle/.tmp/gradle_download8132398355473786935bin
[a748dc34-b8c0-43ce-97f8-5203937be0e0/Build]   | Downloading https://plugins.gradle.org/m2/org/sonatype/oss/oss-parent/5/oss-parent-5.pom to /home/runneradmin/.gradle/.tmp/gradle_download14571106923190539277bin
[a748dc34-b8c0-43ce-97f8-5203937be0e0/Build]   | Downloading https://plugins.gradle.org/m2/org/apache/commons/commons-math3/3.2/commons-math3-3.2.pom to /home/runneradmin/.gradle/.tmp/gradle_download15871349951440224669bin
[a748dc34-b8c0-43ce-97f8-5203937be0e0/Build]   | Downloading https://plugins.gradle.org/m2/org/apache/commons/commons-parent/28/commons-parent-28.pom to /home/runneradmin/.gradle/.tmp/gradle_download13085909336484373177bin
[a748dc34-b8c0-43ce-97f8-5203937be0e0/Build]   | Downloading https://plugins.gradle.org/m2/org/apache/apache/13/apache-13.pom to /home/runneradmin/.gradle/.tmp/gradle_download8631546320737328549bin
[a748dc34-b8c0-43ce-97f8-5203937be0e0/Build]   | Downloading https://plugins.gradle.org/m2/net/sf/jopt-simple/jopt-simple/4.6/jopt-simple-4.6.pom to /home/runneradmin/.gradle/.tmp/gradle_download16296040886385090124bin
[a748dc34-b8c0-43ce-97f8-5203937be0e0/Build]   | Downloading https://plugins.gradle.org/m2/org/codehaus/groovy/groovy/3.0.9/groovy-3.0.9.pom to /home/runneradmin/.gradle/.tmp/gradle_download18102580427445573162bin
[a748dc34-b8c0-43ce-97f8-5203937be0e0/Build]   | Downloading https://plugins.gradle.org/m2/com/diffplug/spotless/spotless-plugin-gradle/6.6.1/spotless-plugin-gradle-6.6.1.jar to /home/runneradmin/.gradle/.tmp/gradle_download4896454370465180194bin
[a748dc34-b8c0-43ce-97f8-5203937be0e0/Build]   | Downloading https://plugins.gradle.org/m2/com/diffplug/durian/durian-core/1.2.0/durian-core-1.2.0.jar to /home/runneradmin/.gradle/.tmp/gradle_download17925400965166700586bin
[a748dc34-b8c0-43ce-97f8-5203937be0e0/Build]   | Downloading https://plugins.gradle.org/m2/org/jetbrains/kotlin/kotlin-project-model/1.6.21/kotlin-project-model-1.6.21.jar to /home/runneradmin/.gradle/.tmp/gradle_download4421678271095615970bin
[a748dc34-b8c0-43ce-97f8-5203937be0e0/Build]   | Downloading https://plugins.gradle.org/m2/org/sonarsource/scanner/api/sonar-scanner-api/2.16.1.361/sonar-scanner-api-2.16.1.361.jar to /home/runneradmin/.gradle/.tmp/gradle_download13826050167749858777bin
[a748dc34-b8c0-43ce-97f8-5203937be0e0/Build]   | Downloading https://plugins.gradle.org/m2/org/jetbrains/intellij/deps/trove4j/1.0.20200330/trove4j-1.0.20200330.jar to /home/runneradmin/.gradle/.tmp/gradle_download15623258489346371287bin
[a748dc34-b8c0-43ce-97f8-5203937be0e0/Build]   | Downloading https://plugins.gradle.org/m2/com/google/code/findbugs/jsr305/3.0.2/jsr305-3.0.2.jar to /home/runneradmin/.gradle/.tmp/gradle_download6399753325309046593bin
[a748dc34-b8c0-43ce-97f8-5203937be0e0/Build]   | Downloading https://plugins.gradle.org/m2/org/sonarsource/scanner/gradle/sonarqube-gradle-plugin/3.3/sonarqube-gradle-plugin-3.3.jar to /home/runneradmin/.gradle/.tmp/gradle_download12795223904293249881bin
[a748dc34-b8c0-43ce-97f8-5203937be0e0/Build]   | Downloading https://plugins.gradle.org/m2/de/undercouch/gradle-download-task/4.1.1/gradle-download-task-4.1.1.jar to /home/runneradmin/.gradle/.tmp/gradle_download7870281230888541357bin
[a748dc34-b8c0-43ce-97f8-5203937be0e0/Build]   | Downloading https://plugins.gradle.org/m2/com/google/guava/listenablefuture/9999.0-empty-to-avoid-conflict-with-guava/listenablefuture-9999.0-empty-to-avoid-conflict-with-guava.jar to /home/runneradmin/.gradle/.tmp/gradle_download6303613780127195282bin
[a748dc34-b8c0-43ce-97f8-5203937be0e0/Build]   | Downloading https://plugins.gradle.org/m2/net/java/dev/jna/jna/5.6.0/jna-5.6.0.jar to /home/runneradmin/.gradle/.tmp/gradle_download9231937041616754864bin
[a748dc34-b8c0-43ce-97f8-5203937be0e0/Build]   | Downloading https://plugins.gradle.org/m2/org/jetbrains/kotlin/kotlin-gradle-plugin-api/1.6.21/kotlin-gradle-plugin-api-1.6.21.jar to /home/runneradmin/.gradle/.tmp/gradle_download3939410468116411594bin
[a748dc34-b8c0-43ce-97f8-5203937be0e0/Build]   | Downloading https://plugins.gradle.org/m2/org/jetbrains/kotlinx/kotlinx-coroutines-core-jvm/1.5.0/kotlinx-coroutines-core-jvm-1.5.0.jar to /home/runneradmin/.gradle/.tmp/gradle_download5533018829407072694bin
[a748dc34-b8c0-43ce-97f8-5203937be0e0/Build]   | Downloading https://plugins.gradle.org/m2/org/jetbrains/kotlin/kotlin-scripting-compiler-impl-embeddable/1.6.21/kotlin-scripting-compiler-impl-embeddable-1.6.21.jar to /home/runneradmin/.gradle/.tmp/gradle_download18350786642826895932bin
[a748dc34-b8c0-43ce-97f8-5203937be0e0/Build]   | Downloading https://plugins.gradle.org/m2/com/googlecode/javaewah/JavaEWAH/1.1.12/JavaEWAH-1.1.12.jar to /home/runneradmin/.gradle/.tmp/gradle_download5915894040386999556bin
[a748dc34-b8c0-43ce-97f8-5203937be0e0/Build]   | Downloading https://plugins.gradle.org/m2/org/jetbrains/kotlin/kotlin-scripting-common/1.6.21/kotlin-scripting-common-1.6.21.jar to /home/runneradmin/.gradle/.tmp/gradle_download6334954559426209947bin
[a748dc34-b8c0-43ce-97f8-5203937be0e0/Build]   | Downloading https://plugins.gradle.org/m2/io/github/gradle-nexus/publish-plugin/1.1.0/publish-plugin-1.1.0.jar to /home/runneradmin/.gradle/.tmp/gradle_download13577698570648581941bin
[a748dc34-b8c0-43ce-97f8-5203937be0e0/Build]   | Downloading https://plugins.gradle.org/m2/com/diffplug/spotless/spotless-lib/2.25.3/spotless-lib-2.25.3.jar to /home/runneradmin/.gradle/.tmp/gradle_download16113532570335610316bin
[a748dc34-b8c0-43ce-97f8-5203937be0e0/Build]   | Downloading https://plugins.gradle.org/m2/org/codehaus/groovy/groovy-xml/3.0.9/groovy-xml-3.0.9.jar to /home/runneradmin/.gradle/.tmp/gradle_download15470166984881146537bin
[a748dc34-b8c0-43ce-97f8-5203937be0e0/Build]   | Downloading https://plugins.gradle.org/m2/org/jetbrains/kotlin/kotlin-tooling-metadata/1.6.21/kotlin-tooling-metadata-1.6.21.jar to /home/runneradmin/.gradle/.tmp/gradle_download15791238652027805502bin
[a748dc34-b8c0-43ce-97f8-5203937be0e0/Build]   | Downloading https://plugins.gradle.org/m2/org/jetbrains/kotlin/kotlin-compiler-embeddable/1.6.21/kotlin-compiler-embeddable-1.6.21.jar to /home/runneradmin/.gradle/.tmp/gradle_download4836363697549568962bin
[a748dc34-b8c0-43ce-97f8-5203937be0e0/Build]   | Downloading https://plugins.gradle.org/m2/com/google/j2objc/j2objc-annotations/1.3/j2objc-annotations-1.3.jar to /home/runneradmin/.gradle/.tmp/gradle_download8070893612314722536bin
[a748dc34-b8c0-43ce-97f8-5203937be0e0/Build]   | Downloading https://plugins.gradle.org/m2/org/codehaus/groovy/groovy/3.0.9/groovy-3.0.9.jar to /home/runneradmin/.gradle/.tmp/gradle_download14203449306844442395bin
[a748dc34-b8c0-43ce-97f8-5203937be0e0/Build]   | Downloading https://plugins.gradle.org/m2/org/jetbrains/kotlin/kotlin-daemon-embeddable/1.6.21/kotlin-daemon-embeddable-1.6.21.jar to /home/runneradmin/.gradle/.tmp/gradle_download11057924883924446606bin
[a748dc34-b8c0-43ce-97f8-5203937be0e0/Build]   | Downloading https://plugins.gradle.org/m2/org/jetbrains/kotlin/kotlin-daemon-client/1.6.21/kotlin-daemon-client-1.6.21.jar to /home/runneradmin/.gradle/.tmp/gradle_download12253866475448075964bin
[a748dc34-b8c0-43ce-97f8-5203937be0e0/Build]   | Downloading https://plugins.gradle.org/m2/org/jetbrains/kotlin/kotlin-util-klib/1.6.21/kotlin-util-klib-1.6.21.jar to /home/runneradmin/.gradle/.tmp/gradle_download14584266084311460384bin
[a748dc34-b8c0-43ce-97f8-5203937be0e0/Build]   | Downloading https://plugins.gradle.org/m2/org/jetbrains/kotlin/kotlin-android-extensions/1.6.21/kotlin-android-extensions-1.6.21.jar to /home/runneradmin/.gradle/.tmp/gradle_download16769180709254265443bin
[a748dc34-b8c0-43ce-97f8-5203937be0e0/Build]   | Downloading https://plugins.gradle.org/m2/org/apache/commons/commons-math3/3.2/commons-math3-3.2.jar to /home/runneradmin/.gradle/.tmp/gradle_download14393991816487738284bin
[a748dc34-b8c0-43ce-97f8-5203937be0e0/Build]   | Downloading https://plugins.gradle.org/m2/com/google/errorprone/error_prone_annotations/2.3.4/error_prone_annotations-2.3.4.jar to /home/runneradmin/.gradle/.tmp/gradle_download16743696324291750741bin
[a748dc34-b8c0-43ce-97f8-5203937be0e0/Build]   | Downloading https://plugins.gradle.org/m2/org/openjdk/jmh/jmh-core/1.29/jmh-core-1.29.jar to /home/runneradmin/.gradle/.tmp/gradle_download3845774361349273128bin
[a748dc34-b8c0-43ce-97f8-5203937be0e0/Build]   | Downloading https://plugins.gradle.org/m2/org/slf4j/slf4j-api/1.7.30/slf4j-api-1.7.30.jar to /home/runneradmin/.gradle/.tmp/gradle_download15096306932690213091bin
[a748dc34-b8c0-43ce-97f8-5203937be0e0/Build]   | Downloading https://plugins.gradle.org/m2/org/jetbrains/kotlin/kotlin-util-io/1.6.21/kotlin-util-io-1.6.21.jar to /home/runneradmin/.gradle/.tmp/gradle_download13640221504384272768bin
[a748dc34-b8c0-43ce-97f8-5203937be0e0/Build]   | Downloading https://plugins.gradle.org/m2/org/jetbrains/kotlin/kotlin-build-common/1.6.21/kotlin-build-common-1.6.21.jar to /home/runneradmin/.gradle/.tmp/gradle_download9713214316909485078bin
[a748dc34-b8c0-43ce-97f8-5203937be0e0/Build]   | Downloading https://plugins.gradle.org/m2/com/google/code/gson/gson/2.8.9/gson-2.8.9.jar to /home/runneradmin/.gradle/.tmp/gradle_download18020265116335816360bin
[a748dc34-b8c0-43ce-97f8-5203937be0e0/Build]   | Downloading https://plugins.gradle.org/m2/org/jetbrains/kotlin/kotlin-gradle-plugin-model/1.6.21/kotlin-gradle-plugin-model-1.6.21.jar to /home/runneradmin/.gradle/.tmp/gradle_download2973009369149470093bin
[a748dc34-b8c0-43ce-97f8-5203937be0e0/Build]   | Downloading https://plugins.gradle.org/m2/net/sf/jopt-simple/jopt-simple/4.6/jopt-simple-4.6.jar to /home/runneradmin/.gradle/.tmp/gradle_download6808123843665196201bin
[a748dc34-b8c0-43ce-97f8-5203937be0e0/Build]   | Downloading https://plugins.gradle.org/m2/com/googlecode/concurrent-trees/concurrent-trees/2.6.1/concurrent-trees-2.6.1.jar to /home/runneradmin/.gradle/.tmp/gradle_download13445696288446672228bin
[a748dc34-b8c0-43ce-97f8-5203937be0e0/Build]   | Downloading https://plugins.gradle.org/m2/org/jetbrains/kotlin/kotlin-native-utils/1.6.21/kotlin-native-utils-1.6.21.jar to /home/runneradmin/.gradle/.tmp/gradle_download15311479744951221023bin
[a748dc34-b8c0-43ce-97f8-5203937be0e0/Build]   | Downloading https://plugins.gradle.org/m2/com/google/guava/guava/29.0-jre/guava-29.0-jre.jar to /home/runneradmin/.gradle/.tmp/gradle_download11025634023601977109bin
[a748dc34-b8c0-43ce-97f8-5203937be0e0/Build]   | Downloading https://plugins.gradle.org/m2/org/jetbrains/kotlin/kotlin-klib-commonizer-api/1.6.21/kotlin-klib-commonizer-api-1.6.21.jar to /home/runneradmin/.gradle/.tmp/gradle_download1061442299642076530bin
[a748dc34-b8c0-43ce-97f8-5203937be0e0/Build]   | Downloading https://plugins.gradle.org/m2/com/diffplug/durian/durian-io/1.2.0/durian-io-1.2.0.jar to /home/runneradmin/.gradle/.tmp/gradle_download10237056330234906840bin
[a748dc34-b8c0-43ce-97f8-5203937be0e0/Build]   | Downloading https://plugins.gradle.org/m2/org/eclipse/jgit/org.eclipse.jgit/5.13.0.202109080827-r/org.eclipse.jgit-5.13.0.202109080827-r.jar to /home/runneradmin/.gradle/.tmp/gradle_download7265783998344284768bin
[a748dc34-b8c0-43ce-97f8-5203937be0e0/Build]   | Downloading https://plugins.gradle.org/m2/org/jetbrains/kotlin/kotlin-annotation-processing-gradle/1.6.21/kotlin-annotation-processing-gradle-1.6.21.jar to /home/runneradmin/.gradle/.tmp/gradle_download5191169262531031689bin
[a748dc34-b8c0-43ce-97f8-5203937be0e0/Build]   | Downloading https://plugins.gradle.org/m2/org/jetbrains/kotlin/kotlin-gradle-plugin/1.6.21/kotlin-gradle-plugin-1.6.21.jar to /home/runneradmin/.gradle/.tmp/gradle_download1252744635195032111bin
[a748dc34-b8c0-43ce-97f8-5203937be0e0/Build]   | Downloading https://plugins.gradle.org/m2/com/google/guava/failureaccess/1.0.1/failureaccess-1.0.1.jar to /home/runneradmin/.gradle/.tmp/gradle_download2776656625932667571bin
[a748dc34-b8c0-43ce-97f8-5203937be0e0/Build]   | Downloading https://plugins.gradle.org/m2/org/jetbrains/kotlin/kotlin-scripting-jvm/1.6.21/kotlin-scripting-jvm-1.6.21.jar to /home/runneradmin/.gradle/.tmp/gradle_download4461561939713173634bin
[a748dc34-b8c0-43ce-97f8-5203937be0e0/Build]   | Downloading https://plugins.gradle.org/m2/org/checkerframework/checker-qual/2.11.1/checker-qual-2.11.1.jar to /home/runneradmin/.gradle/.tmp/gradle_download10335618856577008594bin
[a748dc34-b8c0-43ce-97f8-5203937be0e0/Build]   | Downloading https://plugins.gradle.org/m2/com/github/gundy/semver4j/0.16.4/semver4j-0.16.4-nodeps.jar to /home/runneradmin/.gradle/.tmp/gradle_download671900313336044792bin
[a748dc34-b8c0-43ce-97f8-5203937be0e0/Build]   | Downloading https://plugins.gradle.org/m2/org/jetbrains/kotlin/kotlin-compiler-runner/1.6.21/kotlin-compiler-runner-1.6.21.jar to /home/runneradmin/.gradle/.tmp/gradle_download16726858938778673700bin
[a748dc34-b8c0-43ce-97f8-5203937be0e0/Build]   | Downloading https://plugins.gradle.org/m2/org/jetbrains/kotlin/kotlin-scripting-compiler-embeddable/1.6.21/kotlin-scripting-compiler-embeddable-1.6.21.jar to /home/runneradmin/.gradle/.tmp/gradle_download16410342431418830361bin
[a748dc34-b8c0-43ce-97f8-5203937be0e0/Build]   | Downloading https://plugins.gradle.org/m2/com/diffplug/durian/durian-collect/1.2.0/durian-collect-1.2.0.jar to /home/runneradmin/.gradle/.tmp/gradle_download7692838972917529878bin
[a748dc34-b8c0-43ce-97f8-5203937be0e0/Build]   | Downloading https://plugins.gradle.org/m2/com/diffplug/spotless/spotless-lib-extra/2.25.3/spotless-lib-extra-2.25.3.jar to /home/runneradmin/.gradle/.tmp/gradle_download17863524417605023583bin
[a748dc34-b8c0-43ce-97f8-5203937be0e0/Build]   | Downloading https://plugins.gradle.org/m2/me/champeau/jmh/jmh-gradle-plugin/0.6.6/jmh-gradle-plugin-0.6.6.jar to /home/runneradmin/.gradle/.tmp/gradle_download5698794526774015626bin
[a748dc34-b8c0-43ce-97f8-5203937be0e0/Build]   | kotlin scripting plugin: created the scripting discovery configuration: kotlinScriptDef
[a748dc34-b8c0-43ce-97f8-5203937be0e0/Build]   | kotlin scripting plugin: created the scripting discovery configuration: testKotlinScriptDef
[a748dc34-b8c0-43ce-97f8-5203937be0e0/Build]   | kotlin scripting plugin: created the scripting discovery configuration: jmhKotlinScriptDef
[a748dc34-b8c0-43ce-97f8-5203937be0e0/Build]   | Compiling build file '/tmp/ace6c857-732f-43a7-a88b-73ec5167995a/build.gradle' using BuildScriptTransformer.
[a748dc34-b8c0-43ce-97f8-5203937be0e0/Build]   | Downloading https://repo.maven.apache.org/maven2/com/worksap/nlp/jdartsclone/1.2.0/jdartsclone-1.2.0.pom to /home/runneradmin/.gradle/.tmp/gradle_download11307847997707715962bin
[a748dc34-b8c0-43ce-97f8-5203937be0e0/Build]   | Downloading https://repo.maven.apache.org/maven2/org/glassfish/javax.json/1.1.4/javax.json-1.1.4.pom to /home/runneradmin/.gradle/.tmp/gradle_download2574681152710197991bin
[a748dc34-b8c0-43ce-97f8-5203937be0e0/Build]   | Downloading https://repo.maven.apache.org/maven2/org/glassfish/json/1.1.4/json-1.1.4.pom to /home/runneradmin/.gradle/.tmp/gradle_download17115928162906727565bin
[a748dc34-b8c0-43ce-97f8-5203937be0e0/Build]   | Downloading https://repo.maven.apache.org/maven2/net/java/jvnet-parent/5/jvnet-parent-5.pom to /home/runneradmin/.gradle/.tmp/gradle_download772416905519886509bin
[a748dc34-b8c0-43ce-97f8-5203937be0e0/Build]   | Downloading https://repo.maven.apache.org/maven2/com/worksap/nlp/jdartsclone/1.2.0/jdartsclone-1.2.0.jar to /home/runneradmin/.gradle/.tmp/gradle_download15336599982511966386bin
[a748dc34-b8c0-43ce-97f8-5203937be0e0/Build]   | Downloading https://repo.maven.apache.org/maven2/org/glassfish/javax.json/1.1.4/javax.json-1.1.4.jar to /home/runneradmin/.gradle/.tmp/gradle_download13201321582222072591bin
[a748dc34-b8c0-43ce-97f8-5203937be0e0/Build]   | All projects evaluated.
[a748dc34-b8c0-43ce-97f8-5203937be0e0/Build]   | Selected primary task 'build' from project :
[a748dc34-b8c0-43ce-97f8-5203937be0e0/Build]   | Downloading https://repo.maven.apache.org/maven2/com/github/spotbugs/spotbugs-annotations/4.0.2/spotbugs-annotations-4.0.2.pom to /home/runneradmin/.gradle/.tmp/gradle_download18158716503903934258bin
[a748dc34-b8c0-43ce-97f8-5203937be0e0/Build]   | Downloading https://repo.maven.apache.org/maven2/com/diffplug/spotless/spotless-eclipse-jdt/4.8.1/spotless-eclipse-jdt-4.8.1.pom to /home/runneradmin/.gradle/.tmp/gradle_download16555633030919077084bin
[a748dc34-b8c0-43ce-97f8-5203937be0e0/Build]   | Downloading https://repo.maven.apache.org/maven2/org/eclipse/platform/org.eclipse.core.commands/3.10.100/org.eclipse.core.commands-3.10.100.pom to /home/runneradmin/.gradle/.tmp/gradle_download4928950825351874464bin
[a748dc34-b8c0-43ce-97f8-5203937be0e0/Build]   | Downloading https://repo.maven.apache.org/maven2/org/eclipse/platform/org.eclipse.text/3.12.0/org.eclipse.text-3.12.0.pom to /home/runneradmin/.gradle/.tmp/gradle_download15525050202806496631bin
[a748dc34-b8c0-43ce-97f8-5203937be0e0/Build]   | Downloading https://repo.maven.apache.org/maven2/org/eclipse/platform/org.eclipse.equinox.common/3.15.0/org.eclipse.equinox.common-3.15.0.pom to /home/runneradmin/.gradle/.tmp/gradle_download11072194092229159487bin
[a748dc34-b8c0-43ce-97f8-5203937be0e0/Build]   | Found locally available resource with matching checksum: [https://repo.maven.apache.org/maven2/com/google/code/findbugs/jsr305/3.0.2/jsr305-3.0.2.pom, /home/runneradmin/.gradle/caches/modules-2/files-2.1/com.google.code.findbugs/jsr305/3.0.2/8d93cdf4d84d7e1de736df607945c6df0730a10f/jsr305-3.0.2.pom]
[a748dc34-b8c0-43ce-97f8-5203937be0e0/Build]   | Downloading https://repo.maven.apache.org/maven2/org/eclipse/platform/org.eclipse.core.contenttype/3.8.0/org.eclipse.core.contenttype-3.8.0.pom to /home/runneradmin/.gradle/.tmp/gradle_download13872855236694787751bin
[a748dc34-b8c0-43ce-97f8-5203937be0e0/Build]   | Downloading https://repo.maven.apache.org/maven2/net/jcip/jcip-annotations/1.0/jcip-annotations-1.0.pom to /home/runneradmin/.gradle/.tmp/gradle_download13171570597676359328bin
[a748dc34-b8c0-43ce-97f8-5203937be0e0/Build]   | Downloading https://repo.maven.apache.org/maven2/org/eclipse/platform/org.eclipse.equinox.preferences/3.9.0/org.eclipse.equinox.preferences-3.9.0.pom to /home/runneradmin/.gradle/.tmp/gradle_download2605976447616236168bin
[a748dc34-b8c0-43ce-97f8-5203937be0e0/Build]   | Downloading https://repo.maven.apache.org/maven2/org/eclipse/platform/org.eclipse.core.resources/3.15.100/org.eclipse.core.resources-3.15.100.pom to /home/runneradmin/.gradle/.tmp/gradle_download8960493386557724394bin
[a748dc34-b8c0-43ce-97f8-5203937be0e0/Build]   | Downloading https://repo.maven.apache.org/maven2/org/eclipse/jdt/org.eclipse.jdt.core/3.27.0/org.eclipse.jdt.core-3.27.0.pom to /home/runneradmin/.gradle/.tmp/gradle_download11183132475409260174bin
[a748dc34-b8c0-43ce-97f8-5203937be0e0/Build]   | Downloading https://repo.maven.apache.org/maven2/org/eclipse/platform/org.eclipse.equinox.app/1.6.0/org.eclipse.equinox.app-1.6.0.pom to /home/runneradmin/.gradle/.tmp/gradle_download12003049403341151968bin
[a748dc34-b8c0-43ce-97f8-5203937be0e0/Build]   | Downloading https://repo.maven.apache.org/maven2/com/diffplug/spotless/spotless-eclipse-base/3.5.2/spotless-eclipse-base-3.5.2.pom to /home/runneradmin/.gradle/.tmp/gradle_download6548114568573039151bin
[a748dc34-b8c0-43ce-97f8-5203937be0e0/Build]   | Downloading https://repo.maven.apache.org/maven2/org/eclipse/platform/org.eclipse.osgi/3.17.0/org.eclipse.osgi-3.17.0.pom to /home/runneradmin/.gradle/.tmp/gradle_download13826440639304691078bin
[a748dc34-b8c0-43ce-97f8-5203937be0e0/Build]   | Downloading https://repo.maven.apache.org/maven2/org/eclipse/platform/org.eclipse.core.filesystem/1.9.100/org.eclipse.core.filesystem-1.9.100.pom to /home/runneradmin/.gradle/.tmp/gradle_download11217927124961997884bin
[a748dc34-b8c0-43ce-97f8-5203937be0e0/Build]   | Downloading https://repo.maven.apache.org/maven2/com/github/spotbugs/spotbugs-annotations/4.0.2/spotbugs-annotations-4.0.2.module to /home/runneradmin/.gradle/.tmp/gradle_download14512561180017194573bin
[a748dc34-b8c0-43ce-97f8-5203937be0e0/Build]   | Downloading https://repo.maven.apache.org/maven2/org/eclipse/platform/org.eclipse.equinox.registry/3.11.0/org.eclipse.equinox.registry-3.11.0.pom to /home/runneradmin/.gradle/.tmp/gradle_download9771289503747272708bin
[a748dc34-b8c0-43ce-97f8-5203937be0e0/Build]   | Downloading https://repo.maven.apache.org/maven2/org/eclipse/platform/org.eclipse.core.runtime/3.23.0/org.eclipse.core.runtime-3.23.0.pom to /home/runneradmin/.gradle/.tmp/gradle_download764975329093988544bin
[a748dc34-b8c0-43ce-97f8-5203937be0e0/Build]   | Downloading https://repo.maven.apache.org/maven2/org/eclipse/platform/org.eclipse.core.jobs/3.12.0/org.eclipse.core.jobs-3.12.0.pom to /home/runneradmin/.gradle/.tmp/gradle_download11645012602332911070bin
[a748dc34-b8c0-43ce-97f8-5203937be0e0/Build]   | Downloading https://repo.maven.apache.org/maven2/com/diffplug/spotless/spotless-eclipse-jdt/4.8.1/spotless-eclipse-jdt-4.8.1.module to /home/runneradmin/.gradle/.tmp/gradle_download16583560871548985983bin
[a748dc34-b8c0-43ce-97f8-5203937be0e0/Build]   | Downloading https://repo.maven.apache.org/maven2/com/diffplug/spotless/spotless-eclipse-base/3.5.2/spotless-eclipse-base-3.5.2.module to /home/runneradmin/.gradle/.tmp/gradle_download2817607344095790138bin
[a748dc34-b8c0-43ce-97f8-5203937be0e0/Build]   | Found locally available resource with matching checksum: [https://repo.maven.apache.org/maven2/org/sonatype/oss/oss-parent/7/oss-parent-7.pom, /home/runneradmin/.gradle/caches/modules-2/files-2.1/org.sonatype.oss/oss-parent/7/46b8a785b60a2767095b8611613b58577e96d4c9/oss-parent-7.pom]
[a748dc34-b8c0-43ce-97f8-5203937be0e0/Build]   | Downloading https://repo.maven.apache.org/maven2/com/diffplug/spotless/spotless-eclipse-jdt/4.8.1/spotless-eclipse-jdt-4.8.1.jar to /home/runneradmin/.gradle/.tmp/gradle_download17762231338672132510bin
[a748dc34-b8c0-43ce-97f8-5203937be0e0/Build]   | Downloading https://repo.maven.apache.org/maven2/com/diffplug/spotless/spotless-eclipse-base/3.5.2/spotless-eclipse-base-3.5.2.jar to /home/runneradmin/.gradle/.tmp/gradle_download16546625978207544420bin
[a748dc34-b8c0-43ce-97f8-5203937be0e0/Build]   | Downloading https://repo.maven.apache.org/maven2/org/eclipse/jdt/org.eclipse.jdt.core/3.27.0/org.eclipse.jdt.core-3.27.0.jar to /home/runneradmin/.gradle/.tmp/gradle_download562941177782605862bin
[a748dc34-b8c0-43ce-97f8-5203937be0e0/Build]   | Downloading https://repo.maven.apache.org/maven2/org/eclipse/platform/org.eclipse.core.commands/3.10.100/org.eclipse.core.commands-3.10.100.jar to /home/runneradmin/.gradle/.tmp/gradle_download10882974269854645494bin
[a748dc34-b8c0-43ce-97f8-5203937be0e0/Build]   | Downloading https://repo.maven.apache.org/maven2/com/github/spotbugs/spotbugs-annotations/4.0.2/spotbugs-annotations-4.0.2.jar to /home/runneradmin/.gradle/.tmp/gradle_download9844293794352206164bin
[a748dc34-b8c0-43ce-97f8-5203937be0e0/Build]   | Downloading https://repo.maven.apache.org/maven2/org/eclipse/platform/org.eclipse.core.contenttype/3.8.0/org.eclipse.core.contenttype-3.8.0.jar to /home/runneradmin/.gradle/.tmp/gradle_download8314681056570278081bin
[a748dc34-b8c0-43ce-97f8-5203937be0e0/Build]   | Downloading https://repo.maven.apache.org/maven2/net/jcip/jcip-annotations/1.0/jcip-annotations-1.0.jar to /home/runneradmin/.gradle/.tmp/gradle_download14859477222507882094bin
[a748dc34-b8c0-43ce-97f8-5203937be0e0/Build]   | Found locally available resource with matching checksum: [https://repo.maven.apache.org/maven2/com/google/code/findbugs/jsr305/3.0.2/jsr305-3.0.2.jar, /home/runneradmin/.gradle/caches/modules-2/files-2.1/com.google.code.findbugs/jsr305/3.0.2/25ea2e8b0c338a877313bd4672d3fe056ea78f0d/jsr305-3.0.2.jar]
[a748dc34-b8c0-43ce-97f8-5203937be0e0/Build]   | Downloading https://repo.maven.apache.org/maven2/org/eclipse/platform/org.eclipse.core.filesystem/1.9.100/org.eclipse.core.filesystem-1.9.100.jar to /home/runneradmin/.gradle/.tmp/gradle_download2920054078690795552bin
[a748dc34-b8c0-43ce-97f8-5203937be0e0/Build]   | Downloading https://repo.maven.apache.org/maven2/org/eclipse/platform/org.eclipse.osgi/3.17.0/org.eclipse.osgi-3.17.0.jar to /home/runneradmin/.gradle/.tmp/gradle_download4371976062089222845bin
[a748dc34-b8c0-43ce-97f8-5203937be0e0/Build]   | Downloading https://repo.maven.apache.org/maven2/org/eclipse/platform/org.eclipse.equinox.preferences/3.9.0/org.eclipse.equinox.preferences-3.9.0.jar to /home/runneradmin/.gradle/.tmp/gradle_download9748096074274865733bin
[a748dc34-b8c0-43ce-97f8-5203937be0e0/Build]   | Downloading https://repo.maven.apache.org/maven2/org/eclipse/platform/org.eclipse.core.runtime/3.23.0/org.eclipse.core.runtime-3.23.0.jar to /home/runneradmin/.gradle/.tmp/gradle_download7163818582605804287bin
[a748dc34-b8c0-43ce-97f8-5203937be0e0/Build]   | Downloading https://repo.maven.apache.org/maven2/org/eclipse/platform/org.eclipse.text/3.12.0/org.eclipse.text-3.12.0.jar to /home/runneradmin/.gradle/.tmp/gradle_download12931569929962937297bin
[a748dc34-b8c0-43ce-97f8-5203937be0e0/Build]   | Downloading https://repo.maven.apache.org/maven2/org/eclipse/platform/org.eclipse.core.jobs/3.12.0/org.eclipse.core.jobs-3.12.0.jar to /home/runneradmin/.gradle/.tmp/gradle_download13065764041716293676bin
[a748dc34-b8c0-43ce-97f8-5203937be0e0/Build]   | Downloading https://repo.maven.apache.org/maven2/org/eclipse/platform/org.eclipse.equinox.app/1.6.0/org.eclipse.equinox.app-1.6.0.jar to /home/runneradmin/.gradle/.tmp/gradle_download11733855540076040899bin
[a748dc34-b8c0-43ce-97f8-5203937be0e0/Build]   | Downloading https://repo.maven.apache.org/maven2/org/eclipse/platform/org.eclipse.equinox.registry/3.11.0/org.eclipse.equinox.registry-3.11.0.jar to /home/runneradmin/.gradle/.tmp/gradle_download14565278076318587104bin
[a748dc34-b8c0-43ce-97f8-5203937be0e0/Build]   | Downloading https://repo.maven.apache.org/maven2/org/eclipse/platform/org.eclipse.equinox.common/3.15.0/org.eclipse.equinox.common-3.15.0.jar to /home/runneradmin/.gradle/.tmp/gradle_download14459905411812377811bin
[a748dc34-b8c0-43ce-97f8-5203937be0e0/Build]   | Downloading https://repo.maven.apache.org/maven2/org/eclipse/platform/org.eclipse.core.resources/3.15.100/org.eclipse.core.resources-3.15.100.jar to /home/runneradmin/.gradle/.tmp/gradle_download16937789862013877596bin
[a748dc34-b8c0-43ce-97f8-5203937be0e0/Build]   | file or directory '/tmp/ace6c857-732f-43a7-a88b-73ec5167995a/src/jmh/kotlin', not found
[a748dc34-b8c0-43ce-97f8-5203937be0e0/Build]   | file or directory '/tmp/ace6c857-732f-43a7-a88b-73ec5167995a/src/main/kotlin', not found
[a748dc34-b8c0-43ce-97f8-5203937be0e0/Build]   | file or directory '/tmp/ace6c857-732f-43a7-a88b-73ec5167995a/src/test/kotlin', not found
[a748dc34-b8c0-43ce-97f8-5203937be0e0/Build]   | Downloading https://repo.maven.apache.org/maven2/com/facebook/ktfmt/0.36/ktfmt-0.36.pom to /home/runneradmin/.gradle/.tmp/gradle_download4975429306613123027bin
[a748dc34-b8c0-43ce-97f8-5203937be0e0/Build]   | Downloading https://repo.maven.apache.org/maven2/com/facebook/ktfmt-parent/0.36/ktfmt-parent-0.36.pom to /home/runneradmin/.gradle/.tmp/gradle_download2970326781820074729bin
[a748dc34-b8c0-43ce-97f8-5203937be0e0/Build]   | Downloading https://repo.maven.apache.org/maven2/net/java/dev/jna/jna/4.2.2/jna-4.2.2.pom to /home/runneradmin/.gradle/.tmp/gradle_download5259617318629543143bin
[a748dc34-b8c0-43ce-97f8-5203937be0e0/Build]   | Downloading https://repo.maven.apache.org/maven2/org/jetbrains/kotlin/kotlin-stdlib-jdk7/1.6.10/kotlin-stdlib-jdk7-1.6.10.pom to /home/runneradmin/.gradle/.tmp/gradle_download1593920984737664490bin
[a748dc34-b8c0-43ce-97f8-5203937be0e0/Build]   | Downloading https://repo.maven.apache.org/maven2/com/google/googlejavaformat/google-java-format/1.8/google-java-format-1.8.pom to /home/runneradmin/.gradle/.tmp/gradle_download15806774878954275635bin
[a748dc34-b8c0-43ce-97f8-5203937be0e0/Build]   | Found locally available resource with matching checksum: [https://repo.maven.apache.org/maven2/com/google/guava/guava/29.0-jre/guava-29.0-jre.pom, /home/runneradmin/.gradle/caches/modules-2/files-2.1/com.google.guava/guava/29.0-jre/e40cdee0d70244df1e963daac53a16241aea4585/guava-29.0-jre.pom]
[a748dc34-b8c0-43ce-97f8-5203937be0e0/Build]   | Downloading https://repo.maven.apache.org/maven2/org/jetbrains/kotlin/kotlin-compiler-embeddable/1.6.10/kotlin-compiler-embeddable-1.6.10.pom to /home/runneradmin/.gradle/.tmp/gradle_download11544836983998866711bin
[a748dc34-b8c0-43ce-97f8-5203937be0e0/Build]   | Downloading https://repo.maven.apache.org/maven2/com/google/googlejavaformat/google-java-format-parent/1.8/google-java-format-parent-1.8.pom to /home/runneradmin/.gradle/.tmp/gradle_download12310711788058702441bin
[a748dc34-b8c0-43ce-97f8-5203937be0e0/Build]   | Found locally available resource with matching checksum: [https://repo.maven.apache.org/maven2/com/google/guava/guava-parent/29.0-jre/guava-parent-29.0-jre.pom, /home/runneradmin/.gradle/caches/modules-2/files-2.1/com.google.guava/guava-parent/29.0-jre/bd26677407fe1a325335f7c0b96ed42417198250/guava-parent-29.0-jre.pom]
[a748dc34-b8c0-43ce-97f8-5203937be0e0/Build]   | Found locally available resource with matching checksum: [https://repo.maven.apache.org/maven2/com/google/errorprone/error_prone_annotations/2.3.4/error_prone_annotations-2.3.4.pom, /home/runneradmin/.gradle/caches/modules-2/files-2.1/com.google.errorprone/error_prone_annotations/2.3.4/9a23fcb83bc8ed502506a8e6c648bf763dc5bcf9/error_prone_annotations-2.3.4.pom]
[a748dc34-b8c0-43ce-97f8-5203937be0e0/Build]   | Found locally available resource with matching checksum: [https://repo.maven.apache.org/maven2/com/google/guava/listenablefuture/9999.0-empty-to-avoid-conflict-with-guava/listenablefuture-9999.0-empty-to-avoid-conflict-with-guava.pom, /home/runneradmin/.gradle/caches/modules-2/files-2.1/com.google.guava/listenablefuture/9999.0-empty-to-avoid-conflict-with-guava/1b77ba79f9b2b7dfd4e15ea7bb0d568d5eb9cb8d/listenablefuture-9999.0-empty-to-avoid-conflict-with-guava.pom]
[a748dc34-b8c0-43ce-97f8-5203937be0e0/Build]   | Found locally available resource with matching checksum: [https://repo.maven.apache.org/maven2/org/checkerframework/checker-qual/2.11.1/checker-qual-2.11.1.pom, /home/runneradmin/.gradle/caches/modules-2/files-2.1/org.checkerframework/checker-qual/2.11.1/ebc1b44da8503640e2ed42627b299272c8c72824/checker-qual-2.11.1.pom]
[a748dc34-b8c0-43ce-97f8-5203937be0e0/Build]   | Found locally available resource with matching checksum: [https://repo.maven.apache.org/maven2/com/google/guava/failureaccess/1.0.1/failureaccess-1.0.1.pom, /home/runneradmin/.gradle/caches/modules-2/files-2.1/com.google.guava/failureaccess/1.0.1/e8160e78fdaaf7088621dc1649d9dd2dfcf8d0e8/failureaccess-1.0.1.pom]
[a748dc34-b8c0-43ce-97f8-5203937be0e0/Build]   | Found locally available resource with matching checksum: [https://repo.maven.apache.org/maven2/com/google/j2objc/j2objc-annotations/1.3/j2objc-annotations-1.3.pom, /home/runneradmin/.gradle/caches/modules-2/files-2.1/com.google.j2objc/j2objc-annotations/1.3/47e0dd93285dcc6b33181713bc7e8aed66742964/j2objc-annotations-1.3.pom]
[a748dc34-b8c0-43ce-97f8-5203937be0e0/Build]   | Found locally available resource with matching checksum: [https://repo.maven.apache.org/maven2/com/google/errorprone/error_prone_parent/2.3.4/error_prone_parent-2.3.4.pom, /home/runneradmin/.gradle/caches/modules-2/files-2.1/com.google.errorprone/error_prone_parent/2.3.4/a9b9dd42d174a5f96d6c195525877fc6d0b2028a/error_prone_parent-2.3.4.pom]
[a748dc34-b8c0-43ce-97f8-5203937be0e0/Build]   | Found locally available resource with matching checksum: [https://repo.maven.apache.org/maven2/com/google/guava/guava-parent/26.0-android/guava-parent-26.0-android.pom, /home/runneradmin/.gradle/caches/modules-2/files-2.1/com.google.guava/guava-parent/26.0-android/a2c0df489614352b7e8e503e274bd1dee5c42a64/guava-parent-26.0-android.pom]
[a748dc34-b8c0-43ce-97f8-5203937be0e0/Build]   | Found locally available resource with matching checksum: [https://repo.maven.apache.org/maven2/org/sonatype/oss/oss-parent/9/oss-parent-9.pom, /home/runneradmin/.gradle/caches/modules-2/files-2.1/org.sonatype.oss/oss-parent/9/e5cdc4d23b86d79c436f16fed20853284e868f65/oss-parent-9.pom]
[a748dc34-b8c0-43ce-97f8-5203937be0e0/Build]   | Downloading https://repo.maven.apache.org/maven2/org/jetbrains/kotlin/kotlin-stdlib/1.6.10/kotlin-stdlib-1.6.10.pom to /home/runneradmin/.gradle/.tmp/gradle_download14588552775906307562bin
[a748dc34-b8c0-43ce-97f8-5203937be0e0/Build]   | Found locally available resource with matching checksum: [https://repo.maven.apache.org/maven2/net/java/dev/jna/jna/5.6.0/jna-5.6.0.pom, /home/runneradmin/.gradle/caches/modules-2/files-2.1/net.java.dev.jna/jna/5.6.0/e542808a6326ec0302c0b09011cb4363e1ece380/jna-5.6.0.pom]
[a748dc34-b8c0-43ce-97f8-5203937be0e0/Build]   | Downloading https://repo.maven.apache.org/maven2/org/jetbrains/kotlin/kotlin-script-runtime/1.6.10/kotlin-script-runtime-1.6.10.pom to /home/runneradmin/.gradle/.tmp/gradle_download3354598439037740174bin
[a748dc34-b8c0-43ce-97f8-5203937be0e0/Build]   | Downloading https://repo.maven.apache.org/maven2/org/jetbrains/kotlin/kotlin-daemon-embeddable/1.6.10/kotlin-daemon-embeddable-1.6.10.pom to /home/runneradmin/.gradle/.tmp/gradle_download3038356587418038465bin
[a748dc34-b8c0-43ce-97f8-5203937be0e0/Build]   | Downloading https://repo.maven.apache.org/maven2/org/jetbrains/kotlin/kotlin-reflect/1.6.10/kotlin-reflect-1.6.10.pom to /home/runneradmin/.gradle/.tmp/gradle_download16965697593742169261bin
[a748dc34-b8c0-43ce-97f8-5203937be0e0/Build]   | Downloading https://repo.maven.apache.org/maven2/org/jetbrains/intellij/deps/trove4j/1.0.20181211/trove4j-1.0.20181211.pom to /home/runneradmin/.gradle/.tmp/gradle_download9764974006838732820bin
[a748dc34-b8c0-43ce-97f8-5203937be0e0/Build]   | Downloading https://repo.maven.apache.org/maven2/org/jetbrains/annotations/13.0/annotations-13.0.pom to /home/runneradmin/.gradle/.tmp/gradle_download4473027891324149630bin
[a748dc34-b8c0-43ce-97f8-5203937be0e0/Build]   | Downloading https://repo.maven.apache.org/maven2/org/jetbrains/kotlin/kotlin-stdlib-common/1.6.10/kotlin-stdlib-common-1.6.10.pom to /home/runneradmin/.gradle/.tmp/gradle_download10982265324966480029bin
[a748dc34-b8c0-43ce-97f8-5203937be0e0/Build]   | Downloading https://repo.maven.apache.org/maven2/org/jetbrains/kotlin/kotlin-stdlib-jdk7/1.6.10/kotlin-stdlib-jdk7-1.6.10.jar to /home/runneradmin/.gradle/.tmp/gradle_download2652556296072575897bin
[a748dc34-b8c0-43ce-97f8-5203937be0e0/Build]   | Downloading https://repo.maven.apache.org/maven2/com/facebook/ktfmt/0.36/ktfmt-0.36.jar to /home/runneradmin/.gradle/.tmp/gradle_download4936621872533138411bin
[a748dc34-b8c0-43ce-97f8-5203937be0e0/Build]   | Found locally available resource with matching checksum: [https://repo.maven.apache.org/maven2/com/google/errorprone/error_prone_annotations/2.3.4/error_prone_annotations-2.3.4.jar, /home/runneradmin/.gradle/caches/modules-2/files-2.1/com.google.errorprone/error_prone_annotations/2.3.4/dac170e4594de319655ffb62f41cbd6dbb5e601e/error_prone_annotations-2.3.4.jar]
[a748dc34-b8c0-43ce-97f8-5203937be0e0/Build]   | Downloading https://repo.maven.apache.org/maven2/com/google/googlejavaformat/google-java-format/1.8/google-java-format-1.8.jar to /home/runneradmin/.gradle/.tmp/gradle_download10993565795310376791bin
[a748dc34-b8c0-43ce-97f8-5203937be0e0/Build]   | Downloading https://repo.maven.apache.org/maven2/org/jetbrains/kotlin/kotlin-stdlib-common/1.6.10/kotlin-stdlib-common-1.6.10.jar to /home/runneradmin/.gradle/.tmp/gradle_download16868788451780725036bin
[a748dc34-b8c0-43ce-97f8-5203937be0e0/Build]   | Downloading https://repo.maven.apache.org/maven2/org/jetbrains/kotlin/kotlin-stdlib/1.6.10/kotlin-stdlib-1.6.10.jar to /home/runneradmin/.gradle/.tmp/gradle_download14678036637668649058bin
[a748dc34-b8c0-43ce-97f8-5203937be0e0/Build]   | Found locally available resource with matching checksum: [https://repo.maven.apache.org/maven2/com/google/guava/failureaccess/1.0.1/failureaccess-1.0.1.jar, /home/runneradmin/.gradle/caches/modules-2/files-2.1/com.google.guava/failureaccess/1.0.1/1dcf1de382a0bf95a3d8b0849546c88bac1292c9/failureaccess-1.0.1.jar]
[a748dc34-b8c0-43ce-97f8-5203937be0e0/Build]   | Found locally available resource with matching checksum: [https://repo.maven.apache.org/maven2/org/checkerframework/checker-qual/2.11.1/checker-qual-2.11.1.jar, /home/runneradmin/.gradle/caches/modules-2/files-2.1/org.checkerframework/checker-qual/2.11.1/8c43bf8f99b841d23aadda6044329dad9b63c185/checker-qual-2.11.1.jar]
[a748dc34-b8c0-43ce-97f8-5203937be0e0/Build]   | Downloading https://repo.maven.apache.org/maven2/org/jetbrains/annotations/13.0/annotations-13.0.jar to /home/runneradmin/.gradle/.tmp/gradle_download5172843470344722947bin
[a748dc34-b8c0-43ce-97f8-5203937be0e0/Build]   | Found locally available resource with matching checksum: [https://repo.maven.apache.org/maven2/net/java/dev/jna/jna/5.6.0/jna-5.6.0.jar, /home/runneradmin/.gradle/caches/modules-2/files-2.1/net.java.dev.jna/jna/5.6.0/330f2244e9030119ab3030fc3fededc86713d9cc/jna-5.6.0.jar]
[a748dc34-b8c0-43ce-97f8-5203937be0e0/Build]   | Found locally available resource with matching checksum: [https://repo.maven.apache.org/maven2/com/google/j2objc/j2objc-annotations/1.3/j2objc-annotations-1.3.jar, /home/runneradmin/.gradle/caches/modules-2/files-2.1/com.google.j2objc/j2objc-annotations/1.3/ba035118bc8bac37d7eff77700720999acd9986d/j2objc-annotations-1.3.jar]
[a748dc34-b8c0-43ce-97f8-5203937be0e0/Build]   | Downloading https://repo.maven.apache.org/maven2/org/jetbrains/kotlin/kotlin-compiler-embeddable/1.6.10/kotlin-compiler-embeddable-1.6.10.jar to /home/runneradmin/.gradle/.tmp/gradle_download18091044744014167538bin
[a748dc34-b8c0-43ce-97f8-5203937be0e0/Build]   | Found locally available resource with matching checksum: [https://repo.maven.apache.org/maven2/com/google/guava/guava/29.0-jre/guava-29.0-jre.jar, /home/runneradmin/.gradle/caches/modules-2/files-2.1/com.google.guava/guava/29.0-jre/801142b4c3d0f0770dd29abea50906cacfddd447/guava-29.0-jre.jar]
[a748dc34-b8c0-43ce-97f8-5203937be0e0/Build]   | Found locally available resource with matching checksum: [https://repo.maven.apache.org/maven2/com/google/guava/listenablefuture/9999.0-empty-to-avoid-conflict-with-guava/listenablefuture-9999.0-empty-to-avoid-conflict-with-guava.jar, /home/runneradmin/.gradle/caches/modules-2/files-2.1/com.google.guava/listenablefuture/9999.0-empty-to-avoid-conflict-with-guava/b421526c5f297295adef1c886e5246c39d4ac629/listenablefuture-9999.0-empty-to-avoid-conflict-with-guava.jar]
[a748dc34-b8c0-43ce-97f8-5203937be0e0/Build]   | Downloading https://repo.maven.apache.org/maven2/org/jetbrains/kotlin/kotlin-reflect/1.6.10/kotlin-reflect-1.6.10.jar to /home/runneradmin/.gradle/.tmp/gradle_download17215093353975868301bin
[a748dc34-b8c0-43ce-97f8-5203937be0e0/Build]   | Downloading https://repo.maven.apache.org/maven2/org/jetbrains/intellij/deps/trove4j/1.0.20181211/trove4j-1.0.20181211.jar to /home/runneradmin/.gradle/.tmp/gradle_download16456835490626073324bin
[a748dc34-b8c0-43ce-97f8-5203937be0e0/Build]   | Downloading https://repo.maven.apache.org/maven2/org/jetbrains/kotlin/kotlin-script-runtime/1.6.10/kotlin-script-runtime-1.6.10.jar to /home/runneradmin/.gradle/.tmp/gradle_download12564917920609763448bin
[a748dc34-b8c0-43ce-97f8-5203937be0e0/Build]   | Downloading https://repo.maven.apache.org/maven2/org/jetbrains/kotlin/kotlin-daemon-embeddable/1.6.10/kotlin-daemon-embeddable-1.6.10.jar to /home/runneradmin/.gradle/.tmp/gradle_download7204582858125308559bin
[a748dc34-b8c0-43ce-97f8-5203937be0e0/Build]   | file or directory '/tmp/ace6c857-732f-43a7-a88b-73ec5167995a/src/jmh/resources', not found
[a748dc34-b8c0-43ce-97f8-5203937be0e0/Build]   | file or directory '/tmp/ace6c857-732f-43a7-a88b-73ec5167995a/src/jmh/kotlin', not found
[a748dc34-b8c0-43ce-97f8-5203937be0e0/Build]   | file or directory '/tmp/ace6c857-732f-43a7-a88b-73ec5167995a/src/main/kotlin', not found
[a748dc34-b8c0-43ce-97f8-5203937be0e0/Build]   | file or directory '/tmp/ace6c857-732f-43a7-a88b-73ec5167995a/src/test/kotlin', not found
[a748dc34-b8c0-43ce-97f8-5203937be0e0/Build]   | Selected primary task 'jacocoTestReport' from project :
[a748dc34-b8c0-43ce-97f8-5203937be0e0/Build]   | Tasks to be executed: [task ':distTar', task ':distZip', task ':compileKotlin', task ':compileJava', task ':processResources', task ':classes', task ':inspectClassesForKotlinIC', task ':jar', task ':executableDistTar', task ':executableDistZip', task ':javadoc', task ':javadocJar', task ':sourcesJar', task ':assemble', task ':spotlessInternalRegisterDependencies', task ':spotlessJava', task ':spotlessJavaCheck', task ':spotlessKotlin', task ':spotlessKotlinCheck', task ':spotlessMisc', task ':spotlessMiscCheck', task ':spotlessCheck', task ':compileTestKotlin', task ':compileTestJava', task ':processTestResources', task ':testClasses', task ':test', task ':check', task ':build', task ':jacocoTestReport']
[a748dc34-b8c0-43ce-97f8-5203937be0e0/Build]   | Tasks that were excluded: []
[a748dc34-b8c0-43ce-97f8-5203937be0e0/Build]   | :distTar (Thread[Execution worker for ':',5,main]) started.
[a748dc34-b8c0-43ce-97f8-5203937be0e0/Build]   | 
[a748dc34-b8c0-43ce-97f8-5203937be0e0/Build]   | > Task :distTar NO-SOURCE
[a748dc34-b8c0-43ce-97f8-5203937be0e0/Build]   | Skipping task ':distTar' as it has no source files and no previous output files.
[a748dc34-b8c0-43ce-97f8-5203937be0e0/Build]   | :distTar (Thread[Execution worker for ':',5,main]) completed. Took 0.094 secs.
[a748dc34-b8c0-43ce-97f8-5203937be0e0/Build]   | :distZip (Thread[Execution worker for ':' Thread 126,5,main]) started.
[a748dc34-b8c0-43ce-97f8-5203937be0e0/Build]   | 
[a748dc34-b8c0-43ce-97f8-5203937be0e0/Build]   | > Task :distZip NO-SOURCE
[a748dc34-b8c0-43ce-97f8-5203937be0e0/Build]   | Skipping task ':distZip' as it has no source files and no previous output files.
[a748dc34-b8c0-43ce-97f8-5203937be0e0/Build]   | :distZip (Thread[Execution worker for ':' Thread 126,5,main]) completed. Took 0.02 secs.
[a748dc34-b8c0-43ce-97f8-5203937be0e0/Build]   | :compileKotlin (Thread[Execution worker for ':' Thread 126,5,main]) started.
[a748dc34-b8c0-43ce-97f8-5203937be0e0/Build]   | 
[a748dc34-b8c0-43ce-97f8-5203937be0e0/Build]   | > Task :compileKotlin UP-TO-DATE
[a748dc34-b8c0-43ce-97f8-5203937be0e0/Build]   | Found locally available resource with matching checksum: [https://repo.maven.apache.org/maven2/org/jetbrains/kotlin/kotlin-scripting-compiler-embeddable/1.6.21/kotlin-scripting-compiler-embeddable-1.6.21.pom, /home/runneradmin/.gradle/caches/modules-2/files-2.1/org.jetbrains.kotlin/kotlin-scripting-compiler-embeddable/1.6.21/53aab42b6d0e2c03e8443f83ac68dcacc9b43d7/kotlin-scripting-compiler-embeddable-1.6.21.pom]
[a748dc34-b8c0-43ce-97f8-5203937be0e0/Build]   | Found locally available resource with matching checksum: [https://repo.maven.apache.org/maven2/org/jetbrains/kotlin/kotlin-scripting-compiler-impl-embeddable/1.6.21/kotlin-scripting-compiler-impl-embeddable-1.6.21.pom, /home/runneradmin/.gradle/caches/modules-2/files-2.1/org.jetbrains.kotlin/kotlin-scripting-compiler-impl-embeddable/1.6.21/66b30203476c151719aef1a4f269a8cbcc6795ed/kotlin-scripting-compiler-impl-embeddable-1.6.21.pom]
[a748dc34-b8c0-43ce-97f8-5203937be0e0/Build]   | Downloading https://repo.maven.apache.org/maven2/org/jetbrains/kotlin/kotlin-stdlib/1.6.21/kotlin-stdlib-1.6.21.pom to /home/runneradmin/.gradle/.tmp/gradle_download3373133869596393589bin
[a748dc34-b8c0-43ce-97f8-5203937be0e0/Build]   | Found locally available resource with matching checksum: [https://repo.maven.apache.org/maven2/org/jetbrains/kotlin/kotlin-scripting-jvm/1.6.21/kotlin-scripting-jvm-1.6.21.pom, /home/runneradmin/.gradle/caches/modules-2/files-2.1/org.jetbrains.kotlin/kotlin-scripting-jvm/1.6.21/f5a5cce133757bfa5366d099de2276ed565608be/kotlin-scripting-jvm-1.6.21.pom]
[a748dc34-b8c0-43ce-97f8-5203937be0e0/Build]   | Found locally available resource with matching checksum: [https://repo.maven.apache.org/maven2/org/jetbrains/kotlin/kotlin-scripting-common/1.6.21/kotlin-scripting-common-1.6.21.pom, /home/runneradmin/.gradle/caches/modules-2/files-2.1/org.jetbrains.kotlin/kotlin-scripting-common/1.6.21/16c7004cb5fb08e1ffd0cfff7a7995b44b97abb/kotlin-scripting-common-1.6.21.pom]
[a748dc34-b8c0-43ce-97f8-5203937be0e0/Build]   | Downloading https://repo.maven.apache.org/maven2/org/jetbrains/kotlin/kotlin-stdlib-common/1.6.21/kotlin-stdlib-common-1.6.21.pom to /home/runneradmin/.gradle/.tmp/gradle_download6209120024692941520bin
[a748dc34-b8c0-43ce-97f8-5203937be0e0/Build]   | Downloading https://repo.maven.apache.org/maven2/org/jetbrains/kotlin/kotlin-script-runtime/1.6.21/kotlin-script-runtime-1.6.21.pom to /home/runneradmin/.gradle/.tmp/gradle_download8669506637794125098bin
[a748dc34-b8c0-43ce-97f8-5203937be0e0/Build]   | Found locally available resource with matching checksum: [https://repo.maven.apache.org/maven2/org/jetbrains/kotlin/kotlin-scripting-compiler-embeddable/1.6.21/kotlin-scripting-compiler-embeddable-1.6.21.jar, /home/runneradmin/.gradle/caches/modules-2/files-2.1/org.jetbrains.kotlin/kotlin-scripting-compiler-embeddable/1.6.21/5286c5c9b215a1a53cb5fde89ab981be308705b7/kotlin-scripting-compiler-embeddable-1.6.21.jar]
[a748dc34-b8c0-43ce-97f8-5203937be0e0/Build]   | Downloading https://repo.maven.apache.org/maven2/org/jetbrains/kotlin/kotlin-stdlib-common/1.6.21/kotlin-stdlib-common-1.6.21.jar to /home/runneradmin/.gradle/.tmp/gradle_download14375217397835032118bin
[a748dc34-b8c0-43ce-97f8-5203937be0e0/Build]   | Downloading https://repo.maven.apache.org/maven2/org/jetbrains/kotlin/kotlin-script-runtime/1.6.21/kotlin-script-runtime-1.6.21.jar to /home/runneradmin/.gradle/.tmp/gradle_download7381068893835712462bin
[a748dc34-b8c0-43ce-97f8-5203937be0e0/Build]   | Found locally available resource with matching checksum: [https://repo.maven.apache.org/maven2/org/jetbrains/kotlin/kotlin-scripting-compiler-impl-embeddable/1.6.21/kotlin-scripting-compiler-impl-embeddable-1.6.21.jar, /home/runneradmin/.gradle/caches/modules-2/files-2.1/org.jetbrains.kotlin/kotlin-scripting-compiler-impl-embeddable/1.6.21/75bf05ec0a03994c84d7589badf2fec26f1196c1/kotlin-scripting-compiler-impl-embeddable-1.6.21.jar]
[a748dc34-b8c0-43ce-97f8-5203937be0e0/Build]   | Found locally available resource with matching checksum: [https://repo.maven.apache.org/maven2/org/jetbrains/kotlin/kotlin-scripting-jvm/1.6.21/kotlin-scripting-jvm-1.6.21.jar, /home/runneradmin/.gradle/caches/modules-2/files-2.1/org.jetbrains.kotlin/kotlin-scripting-jvm/1.6.21/ab52f6af29c00a8a9c89ea2b34b5f4d27960bd3f/kotlin-scripting-jvm-1.6.21.jar]
[a748dc34-b8c0-43ce-97f8-5203937be0e0/Build]   | Found locally available resource with matching checksum: [https://repo.maven.apache.org/maven2/org/jetbrains/kotlin/kotlin-scripting-common/1.6.21/kotlin-scripting-common-1.6.21.jar, /home/runneradmin/.gradle/caches/modules-2/files-2.1/org.jetbrains.kotlin/kotlin-scripting-common/1.6.21/2e2e17b6e20c9c44f1d76d0df4f8f0b3fcfa944f/kotlin-scripting-common-1.6.21.jar]
[a748dc34-b8c0-43ce-97f8-5203937be0e0/Build]   | Downloading https://repo.maven.apache.org/maven2/org/jetbrains/kotlin/kotlin-stdlib/1.6.21/kotlin-stdlib-1.6.21.jar to /home/runneradmin/.gradle/.tmp/gradle_download13672125306002147627bin
[a748dc34-b8c0-43ce-97f8-5203937be0e0/Build]   | Found locally available resource with matching checksum: [https://repo.maven.apache.org/maven2/org/jetbrains/kotlin/kotlin-compiler-embeddable/1.6.21/kotlin-compiler-embeddable-1.6.21.pom, /home/runneradmin/.gradle/caches/modules-2/files-2.1/org.jetbrains.kotlin/kotlin-compiler-embeddable/1.6.21/185985d3c7ff70caa580d6de529dab546fa9115/kotlin-compiler-embeddable-1.6.21.pom]
[a748dc34-b8c0-43ce-97f8-5203937be0e0/Build]   | Downloading https://repo.maven.apache.org/maven2/org/jetbrains/kotlin/kotlin-reflect/1.6.21/kotlin-reflect-1.6.21.pom to /home/runneradmin/.gradle/.tmp/gradle_download15771530938127366807bin
[a748dc34-b8c0-43ce-97f8-5203937be0e0/Build]   | Found locally available resource with matching checksum: [https://repo.maven.apache.org/maven2/org/jetbrains/kotlin/kotlin-daemon-embeddable/1.6.21/kotlin-daemon-embeddable-1.6.21.pom, /home/runneradmin/.gradle/caches/modules-2/files-2.1/org.jetbrains.kotlin/kotlin-daemon-embeddable/1.6.21/771c4f40fcad9ae2d0d2f028d9480e979427720a/kotlin-daemon-embeddable-1.6.21.pom]
[a748dc34-b8c0-43ce-97f8-5203937be0e0/Build]   | Found locally available resource with matching checksum: [https://repo.maven.apache.org/maven2/org/jetbrains/intellij/deps/trove4j/1.0.20200330/trove4j-1.0.20200330.pom, /home/runneradmin/.gradle/caches/modules-2/files-2.1/org.jetbrains.intellij.deps/trove4j/1.0.20200330/c1f38f72d4dfc6efd773b0448a7aae08f8d5025f/trove4j-1.0.20200330.pom]
[a748dc34-b8c0-43ce-97f8-5203937be0e0/Build]   | Found locally available resource with matching checksum: [https://repo.maven.apache.org/maven2/org/jetbrains/kotlin/kotlin-daemon-embeddable/1.6.21/kotlin-daemon-embeddable-1.6.21.jar, /home/runneradmin/.gradle/caches/modules-2/files-2.1/org.jetbrains.kotlin/kotlin-daemon-embeddable/1.6.21/46b78cf392e1c4f10854c3cadba44abb7b82250f/kotlin-daemon-embeddable-1.6.21.jar]
[a748dc34-b8c0-43ce-97f8-5203937be0e0/Build]   | Downloading https://repo.maven.apache.org/maven2/org/jetbrains/kotlin/kotlin-reflect/1.6.21/kotlin-reflect-1.6.21.jar to /home/runneradmin/.gradle/.tmp/gradle_download3617049941626264272bin
[a748dc34-b8c0-43ce-97f8-5203937be0e0/Build]   | Found locally available resource with matching checksum: [https://repo.maven.apache.org/maven2/org/jetbrains/intellij/deps/trove4j/1.0.20200330/trove4j-1.0.20200330.jar, /home/runneradmin/.gradle/caches/modules-2/files-2.1/org.jetbrains.intellij.deps/trove4j/1.0.20200330/3afb14d5f9ceb459d724e907a21145e8ff394f02/trove4j-1.0.20200330.jar]
[a748dc34-b8c0-43ce-97f8-5203937be0e0/Build]   | Found locally available resource with matching checksum: [https://repo.maven.apache.org/maven2/org/jetbrains/kotlin/kotlin-compiler-embeddable/1.6.21/kotlin-compiler-embeddable-1.6.21.jar, /home/runneradmin/.gradle/caches/modules-2/files-2.1/org.jetbrains.kotlin/kotlin-compiler-embeddable/1.6.21/97bdd5a752ce73b58ef16c17bc7f0ea2faff7a2e/kotlin-compiler-embeddable-1.6.21.jar]
[a748dc34-b8c0-43ce-97f8-5203937be0e0/Build]   | Build cache key for task ':compileKotlin' is 6c71ff218a84472a4cd170c8624dfd00
[a748dc34-b8c0-43ce-97f8-5203937be0e0/Build]   | Skipping task ':compileKotlin' as it is up-to-date.
[a748dc34-b8c0-43ce-97f8-5203937be0e0/Build]   | :compileKotlin (Thread[Execution worker for ':' Thread 126,5,main]) completed. Took 1.662 secs.
[a748dc34-b8c0-43ce-97f8-5203937be0e0/Build]   | :compileJava (Thread[Execution worker for ':' Thread 126,5,main]) started.
[a748dc34-b8c0-43ce-97f8-5203937be0e0/Build]   | 
[a748dc34-b8c0-43ce-97f8-5203937be0e0/Build]   | > Task :compileJava UP-TO-DATE
[a748dc34-b8c0-43ce-97f8-5203937be0e0/Build]   | Build cache key for task ':compileJava' is e2f3326a6d4bc0fa513634a188458552
[a748dc34-b8c0-43ce-97f8-5203937be0e0/Build]   | Skipping task ':compileJava' as it is up-to-date.
[a748dc34-b8c0-43ce-97f8-5203937be0e0/Build]   | :compileJava (Thread[Execution worker for ':' Thread 126,5,main]) completed. Took 0.038 secs.
[a748dc34-b8c0-43ce-97f8-5203937be0e0/Build]   | :processResources (Thread[Execution worker for ':' Thread 126,5,main]) started.
[a748dc34-b8c0-43ce-97f8-5203937be0e0/Build]   | 
[a748dc34-b8c0-43ce-97f8-5203937be0e0/Build]   | > Task :processResources UP-TO-DATE
[a748dc34-b8c0-43ce-97f8-5203937be0e0/Build]   | Caching disabled for task ':processResources' because:
[a748dc34-b8c0-43ce-97f8-5203937be0e0/Build]   |   Not worth caching
[a748dc34-b8c0-43ce-97f8-5203937be0e0/Build]   | Skipping task ':processResources' as it is up-to-date.
[a748dc34-b8c0-43ce-97f8-5203937be0e0/Build]   | :processResources (Thread[Execution worker for ':' Thread 126,5,main]) completed. Took 0.006 secs.
[a748dc34-b8c0-43ce-97f8-5203937be0e0/Build]   | :classes (Thread[Execution worker for ':' Thread 126,5,main]) started.
[a748dc34-b8c0-43ce-97f8-5203937be0e0/Build]   | 
[a748dc34-b8c0-43ce-97f8-5203937be0e0/Build]   | > Task :classes UP-TO-DATE
[a748dc34-b8c0-43ce-97f8-5203937be0e0/Build]   | Skipping task ':classes' as it has no actions.
[a748dc34-b8c0-43ce-97f8-5203937be0e0/Build]   | :classes (Thread[Execution worker for ':' Thread 126,5,main]) completed. Took 0.0 secs.
[a748dc34-b8c0-43ce-97f8-5203937be0e0/Build]   | :inspectClassesForKotlinIC (Thread[Execution worker for ':' Thread 126,5,main]) started.
[a748dc34-b8c0-43ce-97f8-5203937be0e0/Build]   | 
[a748dc34-b8c0-43ce-97f8-5203937be0e0/Build]   | > Task :inspectClassesForKotlinIC UP-TO-DATE
[a748dc34-b8c0-43ce-97f8-5203937be0e0/Build]   | Caching disabled for task ':inspectClassesForKotlinIC' because:
[a748dc34-b8c0-43ce-97f8-5203937be0e0/Build]   |   Caching has not been enabled for the task
[a748dc34-b8c0-43ce-97f8-5203937be0e0/Build]   | Skipping task ':inspectClassesForKotlinIC' as it is up-to-date.
[a748dc34-b8c0-43ce-97f8-5203937be0e0/Build]   | :inspectClassesForKotlinIC (Thread[Execution worker for ':' Thread 126,5,main]) completed. Took 0.005 secs.
[a748dc34-b8c0-43ce-97f8-5203937be0e0/Build]   | :jar (Thread[Execution worker for ':' Thread 126,5,main]) started.
[a748dc34-b8c0-43ce-97f8-5203937be0e0/Build]   | 
[a748dc34-b8c0-43ce-97f8-5203937be0e0/Build]   | > Task :jar UP-TO-DATE
[a748dc34-b8c0-43ce-97f8-5203937be0e0/Build]   | Caching disabled for task ':jar' because:
[a748dc34-b8c0-43ce-97f8-5203937be0e0/Build]   |   Not worth caching
[a748dc34-b8c0-43ce-97f8-5203937be0e0/Build]   | Skipping task ':jar' as it is up-to-date.
[a748dc34-b8c0-43ce-97f8-5203937be0e0/Build]   | :jar (Thread[Execution worker for ':' Thread 126,5,main]) completed. Took 0.005 secs.
[a748dc34-b8c0-43ce-97f8-5203937be0e0/Build]   | :executableDistTar (Thread[Execution worker for ':' Thread 126,5,main]) started.
[a748dc34-b8c0-43ce-97f8-5203937be0e0/Build]   | 
[a748dc34-b8c0-43ce-97f8-5203937be0e0/Build]   | > Task :executableDistTar UP-TO-DATE
[a748dc34-b8c0-43ce-97f8-5203937be0e0/Build]   | Caching disabled for task ':executableDistTar' because:
[a748dc34-b8c0-43ce-97f8-5203937be0e0/Build]   |   Not worth caching
[a748dc34-b8c0-43ce-97f8-5203937be0e0/Build]   | Skipping task ':executableDistTar' as it is up-to-date.
[a748dc34-b8c0-43ce-97f8-5203937be0e0/Build]   | :executableDistTar (Thread[Execution worker for ':' Thread 126,5,main]) completed. Took 0.011 secs.
[a748dc34-b8c0-43ce-97f8-5203937be0e0/Build]   | :executableDistZip (Thread[Execution worker for ':' Thread 126,5,main]) started.
[a748dc34-b8c0-43ce-97f8-5203937be0e0/Build]   | 
[a748dc34-b8c0-43ce-97f8-5203937be0e0/Build]   | > Task :executableDistZip UP-TO-DATE
[a748dc34-b8c0-43ce-97f8-5203937be0e0/Build]   | Caching disabled for task ':executableDistZip' because:
[a748dc34-b8c0-43ce-97f8-5203937be0e0/Build]   |   Not worth caching
[a748dc34-b8c0-43ce-97f8-5203937be0e0/Build]   | Skipping task ':executableDistZip' as it is up-to-date.
[a748dc34-b8c0-43ce-97f8-5203937be0e0/Build]   | :executableDistZip (Thread[Execution worker for ':' Thread 126,5,main]) completed. Took 0.005 secs.
[a748dc34-b8c0-43ce-97f8-5203937be0e0/Build]   | :javadoc (Thread[Execution worker for ':' Thread 126,5,main]) started.
[a748dc34-b8c0-43ce-97f8-5203937be0e0/Build]   | 
[a748dc34-b8c0-43ce-97f8-5203937be0e0/Build]   | > Task :javadoc UP-TO-DATE
[a748dc34-b8c0-43ce-97f8-5203937be0e0/Build]   | Build cache key for task ':javadoc' is 2718926f993f1186f1b9b6e2f74bf8a3
[a748dc34-b8c0-43ce-97f8-5203937be0e0/Build]   | Skipping task ':javadoc' as it is up-to-date.
[a748dc34-b8c0-43ce-97f8-5203937be0e0/Build]   | :javadoc (Thread[Execution worker for ':' Thread 126,5,main]) completed. Took 0.02 secs.
[a748dc34-b8c0-43ce-97f8-5203937be0e0/Build]   | :javadocJar (Thread[Execution worker for ':' Thread 126,5,main]) started.
[a748dc34-b8c0-43ce-97f8-5203937be0e0/Build]   | 
[a748dc34-b8c0-43ce-97f8-5203937be0e0/Build]   | > Task :javadocJar UP-TO-DATE
[a748dc34-b8c0-43ce-97f8-5203937be0e0/Build]   | Caching disabled for task ':javadocJar' because:
[a748dc34-b8c0-43ce-97f8-5203937be0e0/Build]   |   Not worth caching
[a748dc34-b8c0-43ce-97f8-5203937be0e0/Build]   | Skipping task ':javadocJar' as it is up-to-date.
[a748dc34-b8c0-43ce-97f8-5203937be0e0/Build]   | :javadocJar (Thread[Execution worker for ':' Thread 126,5,main]) completed. Took 0.006 secs.
[a748dc34-b8c0-43ce-97f8-5203937be0e0/Build]   | :sourcesJar (Thread[Execution worker for ':' Thread 126,5,main]) started.
[a748dc34-b8c0-43ce-97f8-5203937be0e0/Build]   | 
[a748dc34-b8c0-43ce-97f8-5203937be0e0/Build]   | > Task :sourcesJar UP-TO-DATE
[a748dc34-b8c0-43ce-97f8-5203937be0e0/Build]   | Caching disabled for task ':sourcesJar' because:
[a748dc34-b8c0-43ce-97f8-5203937be0e0/Build]   |   Not worth caching
[a748dc34-b8c0-43ce-97f8-5203937be0e0/Build]   | Skipping task ':sourcesJar' as it is up-to-date.
[a748dc34-b8c0-43ce-97f8-5203937be0e0/Build]   | :sourcesJar (Thread[Execution worker for ':' Thread 126,5,main]) completed. Took 0.004 secs.
[a748dc34-b8c0-43ce-97f8-5203937be0e0/Build]   | :assemble (Thread[Execution worker for ':' Thread 126,5,main]) started.
[a748dc34-b8c0-43ce-97f8-5203937be0e0/Build]   | 
[a748dc34-b8c0-43ce-97f8-5203937be0e0/Build]   | > Task :assemble UP-TO-DATE
[a748dc34-b8c0-43ce-97f8-5203937be0e0/Build]   | Skipping task ':assemble' as it has no actions.
[a748dc34-b8c0-43ce-97f8-5203937be0e0/Build]   | :assemble (Thread[Execution worker for ':' Thread 126,5,main]) completed. Took 0.0 secs.
[a748dc34-b8c0-43ce-97f8-5203937be0e0/Build]   | :spotlessInternalRegisterDependencies (Thread[Execution worker for ':' Thread 126,5,main]) started.
[a748dc34-b8c0-43ce-97f8-5203937be0e0/Build]   | 
[a748dc34-b8c0-43ce-97f8-5203937be0e0/Build]   | > Task :spotlessInternalRegisterDependencies UP-TO-DATE
[a748dc34-b8c0-43ce-97f8-5203937be0e0/Build]   | Caching disabled for task ':spotlessInternalRegisterDependencies' because:
[a748dc34-b8c0-43ce-97f8-5203937be0e0/Build]   |   Caching has not been enabled for the task
[a748dc34-b8c0-43ce-97f8-5203937be0e0/Build]   | Skipping task ':spotlessInternalRegisterDependencies' as it is up-to-date.
[a748dc34-b8c0-43ce-97f8-5203937be0e0/Build]   | :spotlessInternalRegisterDependencies (Thread[Execution worker for ':' Thread 126,5,main]) completed. Took 0.001 secs.
[a748dc34-b8c0-43ce-97f8-5203937be0e0/Build]   | :spotlessJava (Thread[Execution worker for ':' Thread 16,5,main]) started.
[a748dc34-b8c0-43ce-97f8-5203937be0e0/Build]   | 
[a748dc34-b8c0-43ce-97f8-5203937be0e0/Build]   | > Task :spotlessJava UP-TO-DATE
[a748dc34-b8c0-43ce-97f8-5203937be0e0/Build]   | Build cache key for task ':spotlessJava' is 621bd291088387d1e81a3612d8d265da
[a748dc34-b8c0-43ce-97f8-5203937be0e0/Build]   | Skipping task ':spotlessJava' as it is up-to-date.
[a748dc34-b8c0-43ce-97f8-5203937be0e0/Build]   | :spotlessJava (Thread[Execution worker for ':' Thread 16,5,main]) completed. Took 0.061 secs.
[a748dc34-b8c0-43ce-97f8-5203937be0e0/Build]   | :spotlessJavaCheck (Thread[Execution worker for ':' Thread 16,5,main]) started.
[a748dc34-b8c0-43ce-97f8-5203937be0e0/Build]   | 
[a748dc34-b8c0-43ce-97f8-5203937be0e0/Build]   | > Task :spotlessJavaCheck UP-TO-DATE
[a748dc34-b8c0-43ce-97f8-5203937be0e0/Build]   | Caching disabled for task ':spotlessJavaCheck' because:
[a748dc34-b8c0-43ce-97f8-5203937be0e0/Build]   |   Caching has not been enabled for the task
[a748dc34-b8c0-43ce-97f8-5203937be0e0/Build]   | Task ':spotlessJavaCheck' is not up-to-date because:
[a748dc34-b8c0-43ce-97f8-5203937be0e0/Build]   |   Task has not declared any outputs despite executing actions.
[a748dc34-b8c0-43ce-97f8-5203937be0e0/Build]   | :spotlessJavaCheck (Thread[Execution worker for ':' Thread 16,5,main]) completed. Took 0.014 secs.
[a748dc34-b8c0-43ce-97f8-5203937be0e0/Build]   | :spotlessKotlin (Thread[Execution worker for ':' Thread 16,5,main]) started.
[a748dc34-b8c0-43ce-97f8-5203937be0e0/Build]   | 
[a748dc34-b8c0-43ce-97f8-5203937be0e0/Build]   | > Task :spotlessKotlin
[a748dc34-b8c0-43ce-97f8-5203937be0e0/Build]   | file or directory '/tmp/ace6c857-732f-43a7-a88b-73ec5167995a/src/jmh/resources', not found
[a748dc34-b8c0-43ce-97f8-5203937be0e0/Build]   | file or directory '/tmp/ace6c857-732f-43a7-a88b-73ec5167995a/src/jmh/kotlin', not found
[a748dc34-b8c0-43ce-97f8-5203937be0e0/Build]   | file or directory '/tmp/ace6c857-732f-43a7-a88b-73ec5167995a/src/main/kotlin', not found
[a748dc34-b8c0-43ce-97f8-5203937be0e0/Build]   | file or directory '/tmp/ace6c857-732f-43a7-a88b-73ec5167995a/src/test/kotlin', not found
[a748dc34-b8c0-43ce-97f8-5203937be0e0/Build]   | file or directory '/tmp/ace6c857-732f-43a7-a88b-73ec5167995a/src/jmh/resources', not found
[a748dc34-b8c0-43ce-97f8-5203937be0e0/Build]   | file or directory '/tmp/ace6c857-732f-43a7-a88b-73ec5167995a/src/jmh/kotlin', not found
[a748dc34-b8c0-43ce-97f8-5203937be0e0/Build]   | file or directory '/tmp/ace6c857-732f-43a7-a88b-73ec5167995a/src/main/kotlin', not found
[a748dc34-b8c0-43ce-97f8-5203937be0e0/Build]   | file or directory '/tmp/ace6c857-732f-43a7-a88b-73ec5167995a/src/test/kotlin', not found
[a748dc34-b8c0-43ce-97f8-5203937be0e0/Build]   | Build cache key for task ':spotlessKotlin' is facfde1245ce32062c0e49cd5b5a2fb8
[a748dc34-b8c0-43ce-97f8-5203937be0e0/Build]   | Task ':spotlessKotlin' is not up-to-date because:
[a748dc34-b8c0-43ce-97f8-5203937be0e0/Build]   |   Input property 'target' file /tmp/ace6c857-732f-43a7-a88b-73ec5167995a/src/test/java/com/worksap/nlp/sudachi/OovProviderPluginTest.kt has changed.
[a748dc34-b8c0-43ce-97f8-5203937be0e0/Build]   | Stored cache entry for task ':spotlessKotlin' with cache key facfde1245ce32062c0e49cd5b5a2fb8
[a748dc34-b8c0-43ce-97f8-5203937be0e0/Build]   | :spotlessKotlin (Thread[Execution worker for ':' Thread 16,5,main]) completed. Took 1.658 secs.
[a748dc34-b8c0-43ce-97f8-5203937be0e0/Build]   | :spotlessKotlinCheck (Thread[Execution worker for ':' Thread 16,5,main]) started.
[a748dc34-b8c0-43ce-97f8-5203937be0e0/Build]   | 
[a748dc34-b8c0-43ce-97f8-5203937be0e0/Build]   | > Task :spotlessKotlinCheck
[a748dc34-b8c0-43ce-97f8-5203937be0e0/Build]   | Caching disabled for task ':spotlessKotlinCheck' because:
[a748dc34-b8c0-43ce-97f8-5203937be0e0/Build]   |   Caching has not been enabled for the task
[a748dc34-b8c0-43ce-97f8-5203937be0e0/Build]   | Task ':spotlessKotlinCheck' is not up-to-date because:
[a748dc34-b8c0-43ce-97f8-5203937be0e0/Build]   |   Task has not declared any outputs despite executing actions.
[a748dc34-b8c0-43ce-97f8-5203937be0e0/Build]   | :spotlessKotlinCheck (Thread[Execution worker for ':' Thread 16,5,main]) completed. Took 0.003 secs.
[a748dc34-b8c0-43ce-97f8-5203937be0e0/Build]   | :spotlessMisc (Thread[Execution worker for ':' Thread 16,5,main]) started.
[a748dc34-b8c0-43ce-97f8-5203937be0e0/Build]   | 
[a748dc34-b8c0-43ce-97f8-5203937be0e0/Build]   | > Task :spotlessMisc UP-TO-DATE
[a748dc34-b8c0-43ce-97f8-5203937be0e0/Build]   | Build cache key for task ':spotlessMisc' is 1fe5e7c10d4a574460303ff05b546408
[a748dc34-b8c0-43ce-97f8-5203937be0e0/Build]   | Skipping task ':spotlessMisc' as it is up-to-date.
[a748dc34-b8c0-43ce-97f8-5203937be0e0/Build]   | :spotlessMisc (Thread[Execution worker for ':' Thread 16,5,main]) completed. Took 0.029 secs.
[a748dc34-b8c0-43ce-97f8-5203937be0e0/Build]   | :spotlessMiscCheck (Thread[Execution worker for ':' Thread 16,5,main]) started.
[a748dc34-b8c0-43ce-97f8-5203937be0e0/Build]   | 
[a748dc34-b8c0-43ce-97f8-5203937be0e0/Build]   | > Task :spotlessMiscCheck UP-TO-DATE
[a748dc34-b8c0-43ce-97f8-5203937be0e0/Build]   | Caching disabled for task ':spotlessMiscCheck' because:
[a748dc34-b8c0-43ce-97f8-5203937be0e0/Build]   |   Caching has not been enabled for the task
[a748dc34-b8c0-43ce-97f8-5203937be0e0/Build]   | Task ':spotlessMiscCheck' is not up-to-date because:
[a748dc34-b8c0-43ce-97f8-5203937be0e0/Build]   |   Task has not declared any outputs despite executing actions.
[a748dc34-b8c0-43ce-97f8-5203937be0e0/Build]   | :spotlessMiscCheck (Thread[Execution worker for ':' Thread 16,5,main]) completed. Took 0.002 secs.
[a748dc34-b8c0-43ce-97f8-5203937be0e0/Build]   | :spotlessCheck (Thread[Execution worker for ':' Thread 16,5,main]) started.
[a748dc34-b8c0-43ce-97f8-5203937be0e0/Build]   | 
[a748dc34-b8c0-43ce-97f8-5203937be0e0/Build]   | > Task :spotlessCheck
[a748dc34-b8c0-43ce-97f8-5203937be0e0/Build]   | Skipping task ':spotlessCheck' as it has no actions.
[a748dc34-b8c0-43ce-97f8-5203937be0e0/Build]   | :spotlessCheck (Thread[Execution worker for ':' Thread 16,5,main]) completed. Took 0.0 secs.
[a748dc34-b8c0-43ce-97f8-5203937be0e0/Build]   | :compileTestKotlin (Thread[Execution worker for ':' Thread 16,5,main]) started.
[a748dc34-b8c0-43ce-97f8-5203937be0e0/Build]   | :processTestResources (Thread[Execution worker for ':' Thread 91,5,main]) started.
[a748dc34-b8c0-43ce-97f8-5203937be0e0/Build]   | 
[a748dc34-b8c0-43ce-97f8-5203937be0e0/Build]   | > Task :processTestResources UP-TO-DATE
[a748dc34-b8c0-43ce-97f8-5203937be0e0/Build]   | Caching disabled for task ':processTestResources' because:
[a748dc34-b8c0-43ce-97f8-5203937be0e0/Build]   |   Not worth caching
[a748dc34-b8c0-43ce-97f8-5203937be0e0/Build]   | Skipping task ':processTestResources' as it is up-to-date.
[a748dc34-b8c0-43ce-97f8-5203937be0e0/Build]   | :processTestResources (Thread[Execution worker for ':' Thread 91,5,main]) completed. Took 0.014 secs.
[a748dc34-b8c0-43ce-97f8-5203937be0e0/Build]   | 
[a748dc34-b8c0-43ce-97f8-5203937be0e0/Build]   | > Task :compileTestKotlin
[a748dc34-b8c0-43ce-97f8-5203937be0e0/Build]   | Downloading https://repo.maven.apache.org/maven2/junit/junit/4.13.2/junit-4.13.2.pom to /home/runneradmin/.gradle/.tmp/gradle_download12073169538859740813bin
[a748dc34-b8c0-43ce-97f8-5203937be0e0/Build]   | Downloading https://repo.maven.apache.org/maven2/org/jetbrains/kotlin/kotlin-test-junit/1.6.21/kotlin-test-junit-1.6.21.pom to /home/runneradmin/.gradle/.tmp/gradle_download17582736171471336373bin
[a748dc34-b8c0-43ce-97f8-5203937be0e0/Build]   | Downloading https://repo.maven.apache.org/maven2/org/hamcrest/hamcrest/2.2/hamcrest-2.2.pom to /home/runneradmin/.gradle/.tmp/gradle_download13648460390982746100bin
[a748dc34-b8c0-43ce-97f8-5203937be0e0/Build]   | Downloading https://repo.maven.apache.org/maven2/org/hamcrest/hamcrest-library/2.2/hamcrest-library-2.2.pom to /home/runneradmin/.gradle/.tmp/gradle_download2355488847817864470bin
[a748dc34-b8c0-43ce-97f8-5203937be0e0/Build]   | Downloading https://repo.maven.apache.org/maven2/org/openjdk/jmh/jmh-generator-annprocess/1.35/jmh-generator-annprocess-1.35.pom to /home/runneradmin/.gradle/.tmp/gradle_download17665639817808079283bin
[a748dc34-b8c0-43ce-97f8-5203937be0e0/Build]   | Downloading https://repo.maven.apache.org/maven2/org/jetbrains/kotlin/kotlin-stdlib-jdk8/1.6.21/kotlin-stdlib-jdk8-1.6.21.pom to /home/runneradmin/.gradle/.tmp/gradle_download1027756372840469345bin
[a748dc34-b8c0-43ce-97f8-5203937be0e0/Build]   | Downloading https://repo.maven.apache.org/maven2/org/openjdk/jmh/jmh-core/1.35/jmh-core-1.35.pom to /home/runneradmin/.gradle/.tmp/gradle_download4952517989095220706bin
[a748dc34-b8c0-43ce-97f8-5203937be0e0/Build]   | Downloading https://repo.maven.apache.org/maven2/org/openjdk/jmh/jmh-parent/1.35/jmh-parent-1.35.pom to /home/runneradmin/.gradle/.tmp/gradle_download2313609925140349720bin
[a748dc34-b8c0-43ce-97f8-5203937be0e0/Build]   | Downloading https://repo.maven.apache.org/maven2/org/jetbrains/kotlin/kotlin-test-junit/1.6.21/kotlin-test-junit-1.6.21.module to /home/runneradmin/.gradle/.tmp/gradle_download17335669677588871927bin
[a748dc34-b8c0-43ce-97f8-5203937be0e0/Build]   | Downloading https://repo.maven.apache.org/maven2/org/hamcrest/hamcrest-core/2.2/hamcrest-core-2.2.pom to /home/runneradmin/.gradle/.tmp/gradle_download903343404113116946bin
[a748dc34-b8c0-43ce-97f8-5203937be0e0/Build]   | Downloading https://repo.maven.apache.org/maven2/net/sf/jopt-simple/jopt-simple/5.0.4/jopt-simple-5.0.4.pom to /home/runneradmin/.gradle/.tmp/gradle_download6971693369000412302bin
[a748dc34-b8c0-43ce-97f8-5203937be0e0/Build]   | Found locally available resource with matching checksum: [https://repo.maven.apache.org/maven2/org/apache/commons/commons-math3/3.2/commons-math3-3.2.pom, /home/runneradmin/.gradle/caches/modules-2/files-2.1/org.apache.commons/commons-math3/3.2/7828e6c3b4118e5a2f8350db99e60a2be2e3ce29/commons-math3-3.2.pom]
[a748dc34-b8c0-43ce-97f8-5203937be0e0/Build]   | Found locally available resource with matching checksum: [https://repo.maven.apache.org/maven2/org/apache/commons/commons-parent/28/commons-parent-28.pom, /home/runneradmin/.gradle/caches/modules-2/files-2.1/org.apache.commons/commons-parent/28/9ff25b2866ef063a8828ba67d1e35c78f73e830a/commons-parent-28.pom]
[a748dc34-b8c0-43ce-97f8-5203937be0e0/Build]   | Found locally available resource with matching checksum: [https://repo.maven.apache.org/maven2/org/apache/apache/13/apache-13.pom, /home/runneradmin/.gradle/caches/modules-2/files-2.1/org.apache/apache/13/15aff1faaec4963617f07dbe8e603f0adabc3a12/apache-13.pom]
[a748dc34-b8c0-43ce-97f8-5203937be0e0/Build]   | Downloading https://repo.maven.apache.org/maven2/org/jetbrains/kotlin/kotlin-stdlib-jdk7/1.6.21/kotlin-stdlib-jdk7-1.6.21.pom to /home/runneradmin/.gradle/.tmp/gradle_download10695795177556073577bin
[a748dc34-b8c0-43ce-97f8-5203937be0e0/Build]   | Downloading https://repo.maven.apache.org/maven2/org/jetbrains/kotlin/kotlin-test/1.6.21/kotlin-test-1.6.21.pom to /home/runneradmin/.gradle/.tmp/gradle_download345664380948340125bin
[a748dc34-b8c0-43ce-97f8-5203937be0e0/Build]   | Downloading https://repo.maven.apache.org/maven2/org/jetbrains/kotlin/kotlin-test/1.6.21/kotlin-test-1.6.21.module to /home/runneradmin/.gradle/.tmp/gradle_download14430789327871587261bin
[a748dc34-b8c0-43ce-97f8-5203937be0e0/Build]   | Downloading https://repo.maven.apache.org/maven2/org/hamcrest/hamcrest/2.2/hamcrest-2.2.jar to /home/runneradmin/.gradle/.tmp/gradle_download16907325028736312660bin
[a748dc34-b8c0-43ce-97f8-5203937be0e0/Build]   | Downloading https://repo.maven.apache.org/maven2/org/hamcrest/hamcrest-library/2.2/hamcrest-library-2.2.jar to /home/runneradmin/.gradle/.tmp/gradle_download5952027793868442677bin
[a748dc34-b8c0-43ce-97f8-5203937be0e0/Build]   | Downloading https://repo.maven.apache.org/maven2/org/jetbrains/kotlin/kotlin-test/1.6.21/kotlin-test-1.6.21.jar to /home/runneradmin/.gradle/.tmp/gradle_download4210944305514955180bin
[a748dc34-b8c0-43ce-97f8-5203937be0e0/Build]   | Downloading https://repo.maven.apache.org/maven2/org/jetbrains/kotlin/kotlin-stdlib-jdk7/1.6.21/kotlin-stdlib-jdk7-1.6.21.jar to /home/runneradmin/.gradle/.tmp/gradle_download2915017203975809693bin
[a748dc34-b8c0-43ce-97f8-5203937be0e0/Build]   | Downloading https://repo.maven.apache.org/maven2/org/openjdk/jmh/jmh-generator-annprocess/1.35/jmh-generator-annprocess-1.35.jar to /home/runneradmin/.gradle/.tmp/gradle_download1588403850901622250bin
[a748dc34-b8c0-43ce-97f8-5203937be0e0/Build]   | Downloading https://repo.maven.apache.org/maven2/junit/junit/4.13.2/junit-4.13.2.jar to /home/runneradmin/.gradle/.tmp/gradle_download9688097865140438577bin
[a748dc34-b8c0-43ce-97f8-5203937be0e0/Build]   | Downloading https://repo.maven.apache.org/maven2/org/hamcrest/hamcrest-core/2.2/hamcrest-core-2.2.jar to /home/runneradmin/.gradle/.tmp/gradle_download9031285802783516194bin
[a748dc34-b8c0-43ce-97f8-5203937be0e0/Build]   | Downloading https://repo.maven.apache.org/maven2/org/jetbrains/kotlin/kotlin-stdlib-jdk8/1.6.21/kotlin-stdlib-jdk8-1.6.21.jar to /home/runneradmin/.gradle/.tmp/gradle_download6395559188659495781bin
[a748dc34-b8c0-43ce-97f8-5203937be0e0/Build]   | Found locally available resource with matching checksum: [https://repo.maven.apache.org/maven2/org/apache/commons/commons-math3/3.2/commons-math3-3.2.jar, /home/runneradmin/.gradle/caches/modules-2/files-2.1/org.apache.commons/commons-math3/3.2/ec2544ab27e110d2d431bdad7d538ed509b21e62/commons-math3-3.2.jar]
[a748dc34-b8c0-43ce-97f8-5203937be0e0/Build]   | Downloading https://repo.maven.apache.org/maven2/org/jetbrains/kotlin/kotlin-test-junit/1.6.21/kotlin-test-junit-1.6.21.jar to /home/runneradmin/.gradle/.tmp/gradle_download7568634107713192329bin
[a748dc34-b8c0-43ce-97f8-5203937be0e0/Build]   | Downloading https://repo.maven.apache.org/maven2/org/openjdk/jmh/jmh-core/1.35/jmh-core-1.35.jar to /home/runneradmin/.gradle/.tmp/gradle_download1499406824380279224bin
[a748dc34-b8c0-43ce-97f8-5203937be0e0/Build]   | Downloading https://repo.maven.apache.org/maven2/net/sf/jopt-simple/jopt-simple/5.0.4/jopt-simple-5.0.4.jar to /home/runneradmin/.gradle/.tmp/gradle_download10536760067091917523bin
[a748dc34-b8c0-43ce-97f8-5203937be0e0/Build]   | Build cache key for task ':compileTestKotlin' is 7440dcc816322e91fbf68a779aa94500
[a748dc34-b8c0-43ce-97f8-5203937be0e0/Build]   | Task ':compileTestKotlin' is not up-to-date because:
[a748dc34-b8c0-43ce-97f8-5203937be0e0/Build]   |   Input property 'stableSources$kotlin_gradle_plugin' file /tmp/ace6c857-732f-43a7-a88b-73ec5167995a/src/test/java/com/worksap/nlp/sudachi/OovProviderPluginTest.kt has changed.
[a748dc34-b8c0-43ce-97f8-5203937be0e0/Build]   | file or directory '/tmp/ace6c857-732f-43a7-a88b-73ec5167995a/src/test/kotlin', not found
[a748dc34-b8c0-43ce-97f8-5203937be0e0/Build]   | Using Kotlin/JVM incremental compilation
[a748dc34-b8c0-43ce-97f8-5203937be0e0/Build]   | file or directory '/tmp/ace6c857-732f-43a7-a88b-73ec5167995a/src/test/kotlin', not found
[a748dc34-b8c0-43ce-97f8-5203937be0e0/Build]   | file or directory '/tmp/ace6c857-732f-43a7-a88b-73ec5167995a/src/test/kotlin', not found
[a748dc34-b8c0-43ce-97f8-5203937be0e0/Build]   | file or directory '/tmp/ace6c857-732f-43a7-a88b-73ec5167995a/src/test/kotlin', not found
[a748dc34-b8c0-43ce-97f8-5203937be0e0/Build]   | [KOTLIN] Kotlin compilation 'jdkHome' argument: /opt/hostedtoolcache/Java_Temurin-Hotspot_jdk/11.0.19-7/x64
[a748dc34-b8c0-43ce-97f8-5203937be0e0/Build]   | i: starting the daemon as: /opt/hostedtoolcache/Java_Temurin-Hotspot_jdk/11.0.19-7/x64/bin/java -cp /home/runneradmin/.gradle/caches/modules-2/files-2.1/org.jetbrains.kotlin/kotlin-compiler-embeddable/1.6.21/97bdd5a752ce73b58ef16c17bc7f0ea2faff7a2e/kotlin-compiler-embeddable-1.6.21.jar:/home/runneradmin/.gradle/caches/modules-2/files-2.1/org.jetbrains.kotlin/kotlin-reflect/1.6.21/5dc3574d9b7bebfcb4ec6b10ada4aaa9e140bd0b/kotlin-reflect-1.6.21.jar:/home/runneradmin/.gradle/caches/modules-2/files-2.1/org.jetbrains.kotlin/kotlin-stdlib/1.6.21/11ef67f1900634fd951bad28c53ec957fabbe5b8/kotlin-stdlib-1.6.21.jar:/home/runneradmin/.gradle/caches/modules-2/files-2.1/org.jetbrains.kotlin/kotlin-script-runtime/1.6.21/99c6675100da5d6d5b1c5a1032f27f28008d101b/kotlin-script-runtime-1.6.21.jar:/home/runneradmin/.gradle/caches/modules-2/files-2.1/org.jetbrains.kotlin/kotlin-daemon-embeddable/1.6.21/46b78cf392e1c4f10854c3cadba44abb7b82250f/kotlin-daemon-embeddable-1.6.21.jar:/home/runneradmin/.gradle/caches/modules-2/files-2.1/org.jetbrains.intellij.deps/trove4j/1.0.20200330/3afb14d5f9ceb459d724e907a21145e8ff394f02/trove4j-1.0.20200330.jar:/home/runneradmin/.gradle/caches/modules-2/files-2.1/net.java.dev.jna/jna/5.6.0/330f2244e9030119ab3030fc3fededc86713d9cc/jna-5.6.0.jar:/home/runneradmin/.gradle/caches/modules-2/files-2.1/org.jetbrains.kotlin/kotlin-stdlib-common/1.6.21/5e5b55c26dbc80372a920aef60eb774b714559b8/kotlin-stdlib-common-1.6.21.jar:/home/runneradmin/.gradle/caches/modules-2/files-2.1/org.jetbrains/annotations/13.0/919f0dfe192fb4e063e7dacadee7f8bb9a2672a9/annotations-13.0.jar -Djava.awt.headless=true -D$java.rmi.server.hostname=127.0.0.1 -Xmx30688m -Dkotlin.environment.keepalive -ea org.jetbrains.kotlin.daemon.KotlinCompileDaemon --daemon-runFilesPath /home/runneradmin/.kotlin/daemon --daemon-autoshutdownIdleSeconds=7200 --daemon-compilerClasspath /home/runneradmin/.gradle/caches/modules-2/files-2.1/org.jetbrains.kotlin/kotlin-compiler-embeddable/1.6.21/97bdd5a752ce73b58ef16c17bc7f0ea2faff7a2e/kotlin-compiler-embeddable-1.6.21.jar:/home/runneradmin/.gradle/caches/modules-2/files-2.1/org.jetbrains.kotlin/kotlin-reflect/1.6.21/5dc3574d9b7bebfcb4ec6b10ada4aaa9e140bd0b/kotlin-reflect-1.6.21.jar:/home/runneradmin/.gradle/caches/modules-2/files-2.1/org.jetbrains.kotlin/kotlin-stdlib/1.6.21/11ef67f1900634fd951bad28c53ec957fabbe5b8/kotlin-stdlib-1.6.21.jar:/home/runneradmin/.gradle/caches/modules-2/files-2.1/org.jetbrains.kotlin/kotlin-script-runtime/1.6.21/99c6675100da5d6d5b1c5a1032f27f28008d101b/kotlin-script-runtime-1.6.21.jar:/home/runneradmin/.gradle/caches/modules-2/files-2.1/org.jetbrains.kotlin/kotlin-daemon-embeddable/1.6.21/46b78cf392e1c4f10854c3cadba44abb7b82250f/kotlin-daemon-embeddable-1.6.21.jar:/home/runneradmin/.gradle/caches/modules-2/files-2.1/org.jetbrains.intellij.deps/trove4j/1.0.20200330/3afb14d5f9ceb459d724e907a21145e8ff394f02/trove4j-1.0.20200330.jar:/home/runneradmin/.gradle/caches/modules-2/files-2.1/net.java.dev.jna/jna/5.6.0/330f2244e9030119ab3030fc3fededc86713d9cc/jna-5.6.0.jar:/home/runneradmin/.gradle/caches/modules-2/files-2.1/org.jetbrains.kotlin/kotlin-stdlib-common/1.6.21/5e5b55c26dbc80372a920aef60eb774b714559b8/kotlin-stdlib-common-1.6.21.jar:/home/runneradmin/.gradle/caches/modules-2/files-2.1/org.jetbrains/annotations/13.0/919f0dfe192fb4e063e7dacadee7f8bb9a2672a9/annotations-13.0.jar
[a748dc34-b8c0-43ce-97f8-5203937be0e0/Build]   | i: Received the message signalling that the daemon is ready
[a748dc34-b8c0-43ce-97f8-5203937be0e0/Build]   | i: new daemon started, trying to find it
[a748dc34-b8c0-43ce-97f8-5203937be0e0/Build]   | i: found daemon on port 17526 (32 ms old), trying to connect
[a748dc34-b8c0-43ce-97f8-5203937be0e0/Build]   | i: connected to the daemon
[a748dc34-b8c0-43ce-97f8-5203937be0e0/Build]   | Options for KOTLIN DAEMON: IncrementalCompilationOptions(super=CompilationOptions(compilerMode=INCREMENTAL_COMPILER, targetPlatform=JVM, reportCategories=[0], reportSeverity=2, requestedCompilationResults=[0]kotlinScriptExtensions=[kt, kts, java]), areFileChangesKnown=true, modifiedFiles=[/tmp/ace6c857-732f-43a7-a88b-73ec5167995a/src/test/java/com/worksap/nlp/sudachi/OovProviderPluginTest.kt], deletedFiles=[], classpathChanges=org.jetbrains.kotlin.incremental.ClasspathChanges$ClasspathSnapshotDisabled@2e3169cb, workingDir=/tmp/ace6c857-732f-43a7-a88b-73ec5167995a/build/kotlin/compileTestKotlin/cacheable, multiModuleICSettings=MultiModuleICSettings(buildHistoryFile=/tmp/ace6c857-732f-43a7-a88b-73ec5167995a/build/kotlin/compileTestKotlin/localstate/build-history.bin, useModuleDetection=false), usePreciseJavaTracking=trueoutputFiles=[/tmp/ace6c857-732f-43a7-a88b-73ec5167995a/build/classes/kotlin/test, /tmp/ace6c857-732f-43a7-a88b-73ec5167995a/build/kotlin/compileTestKotlin/cacheable, /tmp/ace6c857-732f-43a7-a88b-73ec5167995a/build/kotlin/compileTestKotlin/localstate])
[a748dc34-b8c0-43ce-97f8-5203937be0e0/Build]   | Stored cache entry for task ':compileTestKotlin' with cache key 7440dcc816322e91fbf68a779aa94500
[a748dc34-b8c0-43ce-97f8-5203937be0e0/Build]   | :compileTestKotlin (Thread[Execution worker for ':' Thread 16,5,main]) completed. Took 7.881 secs.
[a748dc34-b8c0-43ce-97f8-5203937be0e0/Build]   | :compileTestJava (Thread[Execution worker for ':' Thread 16,5,main]) started.
[a748dc34-b8c0-43ce-97f8-5203937be0e0/Build]   | 
[a748dc34-b8c0-43ce-97f8-5203937be0e0/Build]   | > Task :compileTestJava UP-TO-DATE
[a748dc34-b8c0-43ce-97f8-5203937be0e0/Build]   | Build cache key for task ':compileTestJava' is 4aefb93d97126ddb5180bdfc556077ee
[a748dc34-b8c0-43ce-97f8-5203937be0e0/Build]   | Task ':compileTestJava' is not up-to-date because:
[a748dc34-b8c0-43ce-97f8-5203937be0e0/Build]   |   Input property 'classpath' file /tmp/ace6c857-732f-43a7-a88b-73ec5167995a/build/classes/kotlin/test/com/worksap/nlp/sudachi/OovProviderPluginTest.class has changed.
[a748dc34-b8c0-43ce-97f8-5203937be0e0/Build]   | Created classpath snapshot for incremental compilation in 0.626 secs.
[a748dc34-b8c0-43ce-97f8-5203937be0e0/Build]   | None of the classes needs to be compiled! Analysis took 0.654 secs. 
[a748dc34-b8c0-43ce-97f8-5203937be0e0/Build]   | Stored cache entry for task ':compileTestJava' with cache key 4aefb93d97126ddb5180bdfc556077ee
[a748dc34-b8c0-43ce-97f8-5203937be0e0/Build]   | :compileTestJava (Thread[Execution worker for ':' Thread 16,5,main]) completed. Took 1.251 secs.
[a748dc34-b8c0-43ce-97f8-5203937be0e0/Build]   | :testClasses (Thread[Execution worker for ':' Thread 16,5,main]) started.
[a748dc34-b8c0-43ce-97f8-5203937be0e0/Build]   | 
[a748dc34-b8c0-43ce-97f8-5203937be0e0/Build]   | > Task :testClasses UP-TO-DATE
[a748dc34-b8c0-43ce-97f8-5203937be0e0/Build]   | Skipping task ':testClasses' as it has no actions.
[a748dc34-b8c0-43ce-97f8-5203937be0e0/Build]   | :testClasses (Thread[Execution worker for ':' Thread 16,5,main]) completed. Took 0.0 secs.
[a748dc34-b8c0-43ce-97f8-5203937be0e0/Build]   | :test (Thread[Execution worker for ':' Thread 16,5,main]) started.
[a748dc34-b8c0-43ce-97f8-5203937be0e0/Build]   | Gradle Test Executor 1 started executing tests.
[a748dc34-b8c0-43ce-97f8-5203937be0e0/Build]   | 
[a748dc34-b8c0-43ce-97f8-5203937be0e0/Build]   | > Task :test
[a748dc34-b8c0-43ce-97f8-5203937be0e0/Build]   | Downloading https://repo.maven.apache.org/maven2/org/jacoco/org.jacoco.agent/0.8.7/org.jacoco.agent-0.8.7.pom to /home/runneradmin/.gradle/.tmp/gradle_download15876995446305116515bin
[a748dc34-b8c0-43ce-97f8-5203937be0e0/Build]   | Downloading https://repo.maven.apache.org/maven2/org/jacoco/org.jacoco.build/0.8.7/org.jacoco.build-0.8.7.pom to /home/runneradmin/.gradle/.tmp/gradle_download8316725386809524960bin
[a748dc34-b8c0-43ce-97f8-5203937be0e0/Build]   | Downloading https://repo.maven.apache.org/maven2/org/jacoco/org.jacoco.agent/0.8.7/org.jacoco.agent-0.8.7.jar to /home/runneradmin/.gradle/.tmp/gradle_download14177652183350049990bin
[a748dc34-b8c0-43ce-97f8-5203937be0e0/Build]   | Custom actions are attached to task ':test'.
[a748dc34-b8c0-43ce-97f8-5203937be0e0/Build]   | Build cache key for task ':test' is 76786514997df0a35be1e81bc7da83b4
[a748dc34-b8c0-43ce-97f8-5203937be0e0/Build]   | Task ':test' is not up-to-date because:
[a748dc34-b8c0-43ce-97f8-5203937be0e0/Build]   |   Input property 'candidateClassFiles' file /tmp/ace6c857-732f-43a7-a88b-73ec5167995a/build/classes/kotlin/test/com/worksap/nlp/sudachi/OovProviderPluginTest$FakeOovProvider.class has changed.
[a748dc34-b8c0-43ce-97f8-5203937be0e0/Build]   |   Input property 'candidateClassFiles' file /tmp/ace6c857-732f-43a7-a88b-73ec5167995a/build/classes/kotlin/test/com/worksap/nlp/sudachi/OovProviderPluginTest.class has changed.
[a748dc34-b8c0-43ce-97f8-5203937be0e0/Build]   |   Input property 'stableClasspath' file /tmp/ace6c857-732f-43a7-a88b-73ec5167995a/build/classes/kotlin/test/com/worksap/nlp/sudachi/OovProviderPluginTest$FakeOovProvider.class has changed.
[a748dc34-b8c0-43ce-97f8-5203937be0e0/Build]   | Starting process 'Gradle Test Executor 1'. Working directory: /tmp/ace6c857-732f-43a7-a88b-73ec5167995a Command: /opt/hostedtoolcache/Java_Temurin-Hotspot_jdk/11.0.19-7/x64/bin/java -Dorg.gradle.internal.worker.tmpdir=/tmp/ace6c857-732f-43a7-a88b-73ec5167995a/build/tmp/test/work -Dorg.gradle.native=false -javaagent:build/tmp/expandedArchives/org.jacoco.agent-0.8.7.jar_3a83c50b4a016f281c4e9f3500d16b55/jacocoagent.jar=destfile=build/jacoco/test.exec,append=true,inclnolocationclasses=false,dumponexit=true,output=file,jmx=false @/home/runneradmin/.gradle/.tmp/gradle-worker-classpath8044069323637349637txt -Xmx512m -Dfile.encoding=UTF-8 -Duser.country -Duser.language=en -Duser.variant -ea worker.org.gradle.process.internal.worker.GradleWorkerMain 'Gradle Test Executor 1'
[a748dc34-b8c0-43ce-97f8-5203937be0e0/Build]   | Successfully started process 'Gradle Test Executor 1'
[a748dc34-b8c0-43ce-97f8-5203937be0e0/Build]   | 
[a748dc34-b8c0-43ce-97f8-5203937be0e0/Build]   | com.worksap.nlp.sudachi.MeCabOovProviderPluginTest > provideOOV102 SKIPPED
[a748dc34-b8c0-43ce-97f8-5203937be0e0/Build]   | 
[a748dc34-b8c0-43ce-97f8-5203937be0e0/Build]   | com.worksap.nlp.sudachi.SudachiCommandLineTest > commandLineHelp STANDARD_ERROR
[a748dc34-b8c0-43ce-97f8-5203937be0e0/Build]   |     usage: SudachiCommandLine [-r file] [-m A|B|C] [-o file] [file ...]
[a748dc34-b8c0-43ce-97f8-5203937be0e0/Build]   |     	-r file	read settings from file (overrides -s)
[a748dc34-b8c0-43ce-97f8-5203937be0e0/Build]   |     	-s string	additional settings (overrides -r)
[a748dc34-b8c0-43ce-97f8-5203937be0e0/Build]   |     	-p directory	root directory of resources
[a748dc34-b8c0-43ce-97f8-5203937be0e0/Build]   |     	-m mode	mode of splitting
[a748dc34-b8c0-43ce-97f8-5203937be0e0/Build]   |     	-o file	output to file
[a748dc34-b8c0-43ce-97f8-5203937be0e0/Build]   |     	-t	separate words with spaces
[a748dc34-b8c0-43ce-97f8-5203937be0e0/Build]   |     	-ts	separate words with spaces, and break line for each sentence
[a748dc34-b8c0-43ce-97f8-5203937be0e0/Build]   |     	-a	show details
[a748dc34-b8c0-43ce-97f8-5203937be0e0/Build]   |     	-f	ignore error
[a748dc34-b8c0-43ce-97f8-5203937be0e0/Build]   |     	-d	debug mode
[a748dc34-b8c0-43ce-97f8-5203937be0e0/Build]   |     	--systemDict file	path to a system dictionary (overrides everything)
[a748dc34-b8c0-43ce-97f8-5203937be0e0/Build]   |     	--userDict file	path to an additional user dictionary (appended to -s)
[a748dc34-b8c0-43ce-97f8-5203937be0e0/Build]   | 
[a748dc34-b8c0-43ce-97f8-5203937be0e0/Build]   | com.worksap.nlp.sudachi.dictionary.DictionaryBuilderTest > commandLine STANDARD_ERROR
[a748dc34-b8c0-43ce-97f8-5203937be0e0/Build]   |     junit17819944929753959253.tmp	....................	Done! (4 entries, 0.001 sec)
[a748dc34-b8c0-43ce-97f8-5203937be0e0/Build]   |     POS table		Done! (60 bytes, 0.000 sec)
[a748dc34-b8c0-43ce-97f8-5203937be0e0/Build]   |     WordId table	....................	Done! (14 bytes, 0.000 sec)
[a748dc34-b8c0-43ce-97f8-5203937be0e0/Build]   |     double array Trie		Done! (1028 bytes, 0.001 sec)
[a748dc34-b8c0-43ce-97f8-5203937be0e0/Build]   |     word parameters		Done! (18 bytes, 0.000 sec)
[a748dc34-b8c0-43ce-97f8-5203937be0e0/Build]   |     word entries		Done! (112 bytes, 0.000 sec)
[a748dc34-b8c0-43ce-97f8-5203937be0e0/Build]   |     WordInfo offsets		Done! (12 bytes, 0.000 sec)
[a748dc34-b8c0-43ce-97f8-5203937be0e0/Build]   | 
[a748dc34-b8c0-43ce-97f8-5203937be0e0/Build]   | com.worksap.nlp.sudachi.dictionary.UserDictionaryBuilderTest > commandLine STANDARD_ERROR
[a748dc34-b8c0-43ce-97f8-5203937be0e0/Build]   |     junit5535556344459402660.tmp	....................	Done! (3 entries, 0.000 sec)
[a748dc34-b8c0-43ce-97f8-5203937be0e0/Build]   |     POS table		Done! (2 bytes, 0.000 sec)
[a748dc34-b8c0-43ce-97f8-5203937be0e0/Build]   |     WordId table	....................	Done! (9 bytes, 0.000 sec)
[a748dc34-b8c0-43ce-97f8-5203937be0e0/Build]   |     double array Trie		Done! (1028 bytes, 0.001 sec)
[a748dc34-b8c0-43ce-97f8-5203937be0e0/Build]   |     word parameters		Done! (12 bytes, 0.000 sec)
[a748dc34-b8c0-43ce-97f8-5203937be0e0/Build]   |     word entries		Done! (80 bytes, 0.000 sec)
[a748dc34-b8c0-43ce-97f8-5203937be0e0/Build]   |     WordInfo offsets		Done! (8 bytes, 0.000 sec)
[a748dc34-b8c0-43ce-97f8-5203937be0e0/Build]   | 
[a748dc34-b8c0-43ce-97f8-5203937be0e0/Build]   | com.worksap.nlp.sudachi.OovProviderPluginTest > posIdOfWorksNewPosWithUserDict FAILED
[a748dc34-b8c0-43ce-97f8-5203937be0e0/Build]   |     org.junit.ComparisonFailure: expected:<[„Çπ„ÉÄ„ÉÅ]> but was:<[new]>
[a748dc34-b8c0-43ce-97f8-5203937be0e0/Build]   |         at org.junit.Assert.assertEquals(Assert.java:117)
[a748dc34-b8c0-43ce-97f8-5203937be0e0/Build]   |         at kotlin.test.junit.JUnitAsserter.assertEquals(JUnitSupport.kt:32)
[a748dc34-b8c0-43ce-97f8-5203937be0e0/Build]   |         at kotlin.test.AssertionsKt__AssertionsKt.assertEquals(Assertions.kt:63)
[a748dc34-b8c0-43ce-97f8-5203937be0e0/Build]   |         at kotlin.test.AssertionsKt.assertEquals(Unknown Source)
[a748dc34-b8c0-43ce-97f8-5203937be0e0/Build]   |         at kotlin.test.AssertionsKt__AssertionsKt.assertEquals$default(Assertions.kt:62)
[a748dc34-b8c0-43ce-97f8-5203937be0e0/Build]   |         at kotlin.test.AssertionsKt.assertEquals$default(Unknown Source)
[a748dc34-b8c0-43ce-97f8-5203937be0e0/Build]   |         at com.worksap.nlp.sudachi.OovProviderPluginTest.posIdOfWorksNewPosWithUserDict(OovProviderPluginTest.kt:113)
[a748dc34-b8c0-43ce-97f8-5203937be0e0/Build]   | 
[a748dc34-b8c0-43ce-97f8-5203937be0e0/Build]   | Gradle Test Executor 1 finished executing tests.
[a748dc34-b8c0-43ce-97f8-5203937be0e0/Build]   | 
[a748dc34-b8c0-43ce-97f8-5203937be0e0/Build]   | > Task :test FAILED
[a748dc34-b8c0-43ce-97f8-5203937be0e0/Build]   | 
[a748dc34-b8c0-43ce-97f8-5203937be0e0/Build]   | 272 tests completed, 1 failed, 1 skipped
[a748dc34-b8c0-43ce-97f8-5203937be0e0/Build]   | Finished generating test XML results (0.045 secs) into: /tmp/ace6c857-732f-43a7-a88b-73ec5167995a/build/test-results/test
[a748dc34-b8c0-43ce-97f8-5203937be0e0/Build]   | Generating HTML test report...
[a748dc34-b8c0-43ce-97f8-5203937be0e0/Build]   | Finished generating test html results (0.081 secs) into: /tmp/ace6c857-732f-43a7-a88b-73ec5167995a/build/reports/tests/test
[a748dc34-b8c0-43ce-97f8-5203937be0e0/Build]   | :test (Thread[Execution worker for ':' Thread 16,5,main]) completed. Took 6.197 secs.
[a748dc34-b8c0-43ce-97f8-5203937be0e0/Build]   | 
[a748dc34-b8c0-43ce-97f8-5203937be0e0/Build]   | FAILURE: Build failed with an exception.
[a748dc34-b8c0-43ce-97f8-5203937be0e0/Build]   | 
[a748dc34-b8c0-43ce-97f8-5203937be0e0/Build]   | * What went wrong:
[a748dc34-b8c0-43ce-97f8-5203937be0e0/Build]   | Execution failed for task ':test'.
[a748dc34-b8c0-43ce-97f8-5203937be0e0/Build]   | > There were failing tests. See the report at: file:///tmp/ace6c857-732f-43a7-a88b-73ec5167995a/build/reports/tests/test/index.html
[a748dc34-b8c0-43ce-97f8-5203937be0e0/Build]   | 
[a748dc34-b8c0-43ce-97f8-5203937be0e0/Build]   | * Try:
[a748dc34-b8c0-43ce-97f8-5203937be0e0/Build]   | > Run with --debug option to get more log output.
[a748dc34-b8c0-43ce-97f8-5203937be0e0/Build]   | > Run with --scan to get full insights.
[a748dc34-b8c0-43ce-97f8-5203937be0e0/Build]   | 
[a748dc34-b8c0-43ce-97f8-5203937be0e0/Build]   | * Exception is:
[a748dc34-b8c0-43ce-97f8-5203937be0e0/Build]   | org.gradle.api.tasks.TaskExecutionException: Execution failed for task ':test'.
[a748dc34-b8c0-43ce-97f8-5203937be0e0/Build]   | 	at org.gradle.api.internal.tasks.execution.ExecuteActionsTaskExecuter.lambda$executeIfValid$1(ExecuteActionsTaskExecuter.java:147)
[a748dc34-b8c0-43ce-97f8-5203937be0e0/Build]   | 	at org.gradle.internal.Try$Failure.ifSuccessfulOrElse(Try.java:282)
[a748dc34-b8c0-43ce-97f8-5203937be0e0/Build]   | 	at org.gradle.api.internal.tasks.execution.ExecuteActionsTaskExecuter.executeIfValid(ExecuteActionsTaskExecuter.java:145)
[a748dc34-b8c0-43ce-97f8-5203937be0e0/Build]   | 	at org.gradle.api.internal.tasks.execution.ExecuteActionsTaskExecuter.execute(ExecuteActionsTaskExecuter.java:133)
[a748dc34-b8c0-43ce-97f8-5203937be0e0/Build]   | 	at org.gradle.api.internal.tasks.execution.CleanupStaleOutputsExecuter.execute(CleanupStaleOutputsExecuter.java:77)
[a748dc34-b8c0-43ce-97f8-5203937be0e0/Build]   | 	at org.gradle.api.internal.tasks.execution.FinalizePropertiesTaskExecuter.execute(FinalizePropertiesTaskExecuter.java:46)
[a748dc34-b8c0-43ce-97f8-5203937be0e0/Build]   | 	at org.gradle.api.internal.tasks.execution.ResolveTaskExecutionModeExecuter.execute(ResolveTaskExecutionModeExecuter.java:51)
[a748dc34-b8c0-43ce-97f8-5203937be0e0/Build]   | 	at org.gradle.api.internal.tasks.execution.SkipTaskWithNoActionsExecuter.execute(SkipTaskWithNoActionsExecuter.java:57)
[a748dc34-b8c0-43ce-97f8-5203937be0e0/Build]   | 	at org.gradle.api.internal.tasks.execution.SkipOnlyIfTaskExecuter.execute(SkipOnlyIfTaskExecuter.java:56)
[a748dc34-b8c0-43ce-97f8-5203937be0e0/Build]   | 	at org.gradle.api.internal.tasks.execution.CatchExceptionTaskExecuter.execute(CatchExceptionTaskExecuter.java:36)
[a748dc34-b8c0-43ce-97f8-5203937be0e0/Build]   | 	at org.gradle.api.internal.tasks.execution.EventFiringTaskExecuter$1.executeTask(EventFiringTaskExecuter.java:77)
[a748dc34-b8c0-43ce-97f8-5203937be0e0/Build]   | 	at org.gradle.api.internal.tasks.execution.EventFiringTaskExecuter$1.call(EventFiringTaskExecuter.java:55)
[a748dc34-b8c0-43ce-97f8-5203937be0e0/Build]   | 	at org.gradle.api.internal.tasks.execution.EventFiringTaskExecuter$1.call(EventFiringTaskExecuter.java:52)
[a748dc34-b8c0-43ce-97f8-5203937be0e0/Build]   | 	at org.gradle.internal.operations.DefaultBuildOperationRunner$CallableBuildOperationWorker.execute(DefaultBuildOperationRunner.java:204)
[a748dc34-b8c0-43ce-97f8-5203937be0e0/Build]   | 	at org.gradle.internal.operations.DefaultBuildOperationRunner$CallableBuildOperationWorker.execute(DefaultBuildOperationRunner.java:199)
[a748dc34-b8c0-43ce-97f8-5203937be0e0/Build]   | 	at org.gradle.internal.operations.DefaultBuildOperationRunner$2.execute(DefaultBuildOperationRunner.java:66)
[a748dc34-b8c0-43ce-97f8-5203937be0e0/Build]   | 	at org.gradle.internal.operations.DefaultBuildOperationRunner$2.execute(DefaultBuildOperationRunner.java:59)
[a748dc34-b8c0-43ce-97f8-5203937be0e0/Build]   | 	at org.gradle.internal.operations.DefaultBuildOperationRunner.execute(DefaultBuildOperationRunner.java:157)
[a748dc34-b8c0-43ce-97f8-5203937be0e0/Build]   | 	at org.gradle.internal.operations.DefaultBuildOperationRunner.execute(DefaultBuildOperationRunner.java:59)
[a748dc34-b8c0-43ce-97f8-5203937be0e0/Build]   | 	at org.gradle.internal.operations.DefaultBuildOperationRunner.call(DefaultBuildOperationRunner.java:53)
[a748dc34-b8c0-43ce-97f8-5203937be0e0/Build]   | 	at org.gradle.internal.operations.DefaultBuildOperationExecutor.call(DefaultBuildOperationExecutor.java:73)
[a748dc34-b8c0-43ce-97f8-5203937be0e0/Build]   | 	at org.gradle.api.internal.tasks.execution.EventFiringTaskExecuter.execute(EventFiringTaskExecuter.java:52)
[a748dc34-b8c0-43ce-97f8-5203937be0e0/Build]   | 	at org.gradle.execution.plan.LocalTaskNodeExecutor.execute(LocalTaskNodeExecutor.java:74)
[a748dc34-b8c0-43ce-97f8-5203937be0e0/Build]   | 	at org.gradle.execution.taskgraph.DefaultTaskExecutionGraph$InvokeNodeExecutorsAction.execute(DefaultTaskExecutionGraph.java:333)
[a748dc34-b8c0-43ce-97f8-5203937be0e0/Build]   | 	at org.gradle.execution.taskgraph.DefaultTaskExecutionGraph$InvokeNodeExecutorsAction.execute(DefaultTaskExecutionGraph.java:320)
[a748dc34-b8c0-43ce-97f8-5203937be0e0/Build]   | 	at org.gradle.execution.taskgraph.DefaultTaskExecutionGraph$BuildOperationAwareExecutionAction.execute(DefaultTaskExecutionGraph.java:313)
[a748dc34-b8c0-43ce-97f8-5203937be0e0/Build]   | 	at org.gradle.execution.taskgraph.DefaultTaskExecutionGraph$BuildOperationAwareExecutionAction.execute(DefaultTaskExecutionGraph.java:299)
[a748dc34-b8c0-43ce-97f8-5203937be0e0/Build]   | 	at org.gradle.execution.plan.DefaultPlanExecutor$ExecutorWorker.lambda$run$0(DefaultPlanExecutor.java:143)
[a748dc34-b8c0-43ce-97f8-5203937be0e0/Build]   | 	at org.gradle.execution.plan.DefaultPlanExecutor$ExecutorWorker.execute(DefaultPlanExecutor.java:227)
[a748dc34-b8c0-43ce-97f8-5203937be0e0/Build]   | 	at org.gradle.execution.plan.DefaultPlanExecutor$ExecutorWorker.executeNextNode(DefaultPlanExecutor.java:218)
[a748dc34-b8c0-43ce-97f8-5203937be0e0/Build]   | 	at org.gradle.execution.plan.DefaultPlanExecutor$ExecutorWorker.run(DefaultPlanExecutor.java:140)
[a748dc34-b8c0-43ce-97f8-5203937be0e0/Build]   | 	at org.gradle.internal.concurrent.ExecutorPolicy$CatchAndRecordFailures.onExecute(ExecutorPolicy.java:64)
[a748dc34-b8c0-43ce-97f8-5203937be0e0/Build]   | 	at org.gradle.internal.concurrent.ManagedExecutorImpl$1.run(ManagedExecutorImpl.java:48)
[a748dc34-b8c0-43ce-97f8-5203937be0e0/Build]   | Caused by: org.gradle.api.tasks.VerificationException: There were failing tests. See the report at: file:///tmp/ace6c857-732f-43a7-a88b-73ec5167995a/build/reports/tests/test/index.html
[a748dc34-b8c0-43ce-97f8-5203937be0e0/Build]   | 	at org.gradle.api.tasks.testing.AbstractTestTask.handleTestFailures(AbstractTestTask.java:651)
[a748dc34-b8c0-43ce-97f8-5203937be0e0/Build]   | 	at org.gradle.api.tasks.testing.AbstractTestTask.handleCollectedResults(AbstractTestTask.java:513)
[a748dc34-b8c0-43ce-97f8-5203937be0e0/Build]   | 	at org.gradle.api.tasks.testing.AbstractTestTask.executeTests(AbstractTestTask.java:508)
[a748dc34-b8c0-43ce-97f8-5203937be0e0/Build]   | 	at org.gradle.api.tasks.testing.Test.executeTests(Test.java:689)
[a748dc34-b8c0-43ce-97f8-5203937be0e0/Build]   | 	at java.base/jdk.internal.reflect.NativeMethodAccessorImpl.invoke0(Native Method)
[a748dc34-b8c0-43ce-97f8-5203937be0e0/Build]   | 	at java.base/jdk.internal.reflect.NativeMethodAccessorImpl.invoke(NativeMethodAccessorImpl.java:62)
[a748dc34-b8c0-43ce-97f8-5203937be0e0/Build]   | 	at java.base/jdk.internal.reflect.DelegatingMethodAccessorImpl.invoke(DelegatingMethodAccessorImpl.java:43)
[a748dc34-b8c0-43ce-97f8-5203937be0e0/Build]   | 	at org.gradle.internal.reflect.JavaMethod.invoke(JavaMethod.java:104)
[a748dc34-b8c0-43ce-97f8-5203937be0e0/Build]   | 	at org.gradle.api.internal.project.taskfactory.StandardTaskAction.doExecute(StandardTaskAction.java:58)
[a748dc34-b8c0-43ce-97f8-5203937be0e0/Build]   | 	at org.gradle.api.internal.project.taskfactory.StandardTaskAction.execute(StandardTaskAction.java:51)
[a748dc34-b8c0-43ce-97f8-5203937be0e0/Build]   | 	at org.gradle.api.internal.project.taskfactory.StandardTaskAction.execute(StandardTaskAction.java:29)
[a748dc34-b8c0-43ce-97f8-5203937be0e0/Build]   | 	at org.gradle.api.internal.tasks.execution.TaskExecution$3.run(TaskExecution.java:242)
[a748dc34-b8c0-43ce-97f8-5203937be0e0/Build]   | 	at org.gradle.internal.operations.DefaultBuildOperationRunner$1.execute(DefaultBuildOperationRunner.java:29)
[a748dc34-b8c0-43ce-97f8-5203937be0e0/Build]   | 	at org.gradle.internal.operations.DefaultBuildOperationRunner$1.execute(DefaultBuildOperationRunner.java:26)
[a748dc34-b8c0-43ce-97f8-5203937be0e0/Build]   | 	at org.gradle.internal.operations.DefaultBuildOperationRunner$2.execute(DefaultBuildOperationRunner.java:66)
[a748dc34-b8c0-43ce-97f8-5203937be0e0/Build]   | 	at org.gradle.internal.operations.DefaultBuildOperationRunner$2.execute(DefaultBuildOperationRunner.java:59)
[a748dc34-b8c0-43ce-97f8-5203937be0e0/Build]   | 	at org.gradle.internal.operations.DefaultBuildOperationRunner.execute(DefaultBuildOperationRunner.java:157)
[a748dc34-b8c0-43ce-97f8-5203937be0e0/Build]   | 	at org.gradle.internal.operations.DefaultBuildOperationRunner.execute(DefaultBuildOperationRunner.java:59)
[a748dc34-b8c0-43ce-97f8-5203937be0e0/Build]   | 	at org.gradle.internal.operations.DefaultBuildOperationRunner.run(DefaultBuildOperationRunner.java:47)
[a748dc34-b8c0-43ce-97f8-5203937be0e0/Build]   | 	at org.gradle.internal.operations.DefaultBuildOperationExecutor.run(DefaultBuildOperationExecutor.java:68)
[a748dc34-b8c0-43ce-97f8-5203937be0e0/Build]   | 	at org.gradle.api.internal.tasks.execution.TaskExecution.executeAction(TaskExecution.java:227)
[a748dc34-b8c0-43ce-97f8-5203937be0e0/Build]   | 	at org.gradle.api.internal.tasks.execution.TaskExecution.executeActions(TaskExecution.java:210)
[a748dc34-b8c0-43ce-97f8-5203937be0e0/Build]   | 	at org.gradle.api.internal.tasks.execution.TaskExecution.executeWithPreviousOutputFiles(TaskExecution.java:193)
[a748dc34-b8c0-43ce-97f8-5203937be0e0/Build]   | 	at org.gradle.api.internal.tasks.execution.TaskExecution.execute(TaskExecution.java:171)
[a748dc34-b8c0-43ce-97f8-5203937be0e0/Build]   | 	at org.gradle.internal.execution.steps.ExecuteStep.executeInternal(ExecuteStep.java:89)
[a748dc34-b8c0-43ce-97f8-5203937be0e0/Build]   | 	at org.gradle.internal.execution.steps.ExecuteStep.access$000(ExecuteStep.java:40)
[a748dc34-b8c0-43ce-97f8-5203937be0e0/Build]   | 	at org.gradle.internal.execution.steps.ExecuteStep$1.call(ExecuteStep.java:53)
[a748dc34-b8c0-43ce-97f8-5203937be0e0/Build]   | 	at org.gradle.internal.execution.steps.ExecuteStep$1.call(ExecuteStep.java:50)
[a748dc34-b8c0-43ce-97f8-5203937be0e0/Build]   | 	at org.gradle.internal.operations.DefaultBuildOperationRunner$CallableBuildOperationWorker.execute(DefaultBuildOperationRunner.java:204)
[a748dc34-b8c0-43ce-97f8-5203937be0e0/Build]   | 	at org.gradle.internal.operations.DefaultBuildOperationRunner$CallableBuildOperationWorker.execute(DefaultBuildOperationRunner.java:199)
[a748dc34-b8c0-43ce-97f8-5203937be0e0/Build]   | 	at org.gradle.internal.operations.DefaultBuildOperationRunner$2.execute(DefaultBuildOperationRunner.java:66)
[a748dc34-b8c0-43ce-97f8-5203937be0e0/Build]   | 	at org.gradle.internal.operations.DefaultBuildOperationRunner$2.execute(DefaultBuildOperationRunner.java:59)
[a748dc34-b8c0-43ce-97f8-5203937be0e0/Build]   | 	at org.gradle.internal.operations.DefaultBuildOperationRunner.execute(DefaultBuildOperationRunner.java:157)
[a748dc34-b8c0-43ce-97f8-5203937be0e0/Build]   | 	at org.gradle.internal.operations.DefaultBuildOperationRunner.execute(DefaultBuildOperationRunner.java:59)
[a748dc34-b8c0-43ce-97f8-5203937be0e0/Build]   | 	at org.gradle.internal.operations.DefaultBuildOperationRunner.call(DefaultBuildOperationRunner.java:53)
[a748dc34-b8c0-43ce-97f8-5203937be0e0/Build]   | 	at org.gradle.internal.operations.DefaultBuildOperationExecutor.call(DefaultBuildOperationExecutor.java:73)
[a748dc34-b8c0-43ce-97f8-5203937be0e0/Build]   | 	at org.gradle.internal.execution.steps.ExecuteStep.execute(ExecuteStep.java:50)
[a748dc34-b8c0-43ce-97f8-5203937be0e0/Build]   | 	at org.gradle.internal.execution.steps.ExecuteStep.execute(ExecuteStep.java:40)
[a748dc34-b8c0-43ce-97f8-5203937be0e0/Build]   | 	at org.gradle.internal.execution.steps.RemovePreviousOutputsStep.execute(RemovePreviousOutputsStep.java:68)
[a748dc34-b8c0-43ce-97f8-5203937be0e0/Build]   | 	at org.gradle.internal.execution.steps.RemovePreviousOutputsStep.execute(RemovePreviousOutputsStep.java:38)
[a748dc34-b8c0-43ce-97f8-5203937be0e0/Build]   | 	at org.gradle.internal.execution.steps.ResolveInputChangesStep.execute(ResolveInputChangesStep.java:48)
[a748dc34-b8c0-43ce-97f8-5203937be0e0/Build]   | 	at org.gradle.internal.execution.steps.ResolveInputChangesStep.execute(ResolveInputChangesStep.java:36)
[a748dc34-b8c0-43ce-97f8-5203937be0e0/Build]   | 	at org.gradle.internal.execution.steps.CancelExecutionStep.execute(CancelExecutionStep.java:41)
[a748dc34-b8c0-43ce-97f8-5203937be0e0/Build]   | 	at org.gradle.internal.execution.steps.TimeoutStep.executeWithoutTimeout(TimeoutStep.java:74)
[a748dc34-b8c0-43ce-97f8-5203937be0e0/Build]   | 	at org.gradle.internal.execution.steps.TimeoutStep.execute(TimeoutStep.java:55)
[a748dc34-b8c0-43ce-97f8-5203937be0e0/Build]   | 	at org.gradle.internal.execution.steps.CreateOutputsStep.execute(CreateOutputsStep.java:51)
[a748dc34-b8c0-43ce-97f8-5203937be0e0/Build]   | 	at org.gradle.internal.execution.steps.CreateOutputsStep.execute(CreateOutputsStep.java:29)
[a748dc34-b8c0-43ce-97f8-5203937be0e0/Build]   | 	at org.gradle.internal.execution.steps.CaptureStateAfterExecutionStep.execute(CaptureStateAfterExecutionStep.java:61)
[a748dc34-b8c0-43ce-97f8-5203937be0e0/Build]   | 	at org.gradle.internal.execution.steps.CaptureStateAfterExecutionStep.execute(CaptureStateAfterExecutionStep.java:42)
[a748dc34-b8c0-43ce-97f8-5203937be0e0/Build]   | 	at org.gradle.internal.execution.steps.BroadcastChangingOutputsStep.execute(BroadcastChangingOutputsStep.java:60)
[a748dc34-b8c0-43ce-97f8-5203937be0e0/Build]   | 	at org.gradle.internal.execution.steps.BroadcastChangingOutputsStep.execute(BroadcastChangingOutputsStep.java:27)
[a748dc34-b8c0-43ce-97f8-5203937be0e0/Build]   | 	at org.gradle.internal.execution.steps.BuildCacheStep.executeWithoutCache(BuildCacheStep.java:180)
[a748dc34-b8c0-43ce-97f8-5203937be0e0/Build]   | 	at org.gradle.internal.execution.steps.BuildCacheStep.executeAndStoreInCache(BuildCacheStep.java:155)
[a748dc34-b8c0-43ce-97f8-5203937be0e0/Build]   | 	at org.gradle.internal.execution.steps.BuildCacheStep.lambda$executeWithCache$4(BuildCacheStep.java:125)
[a748dc34-b8c0-43ce-97f8-5203937be0e0/Build]   | 	at org.gradle.internal.execution.steps.BuildCacheStep.lambda$executeWithCache$5(BuildCacheStep.java:125)
[a748dc34-b8c0-43ce-97f8-5203937be0e0/Build]   | 	at org.gradle.internal.Try$Success.map(Try.java:164)
[a748dc34-b8c0-43ce-97f8-5203937be0e0/Build]   | 	at org.gradle.internal.execution.steps.BuildCacheStep.executeWithCache(BuildCacheStep.java:85)
[a748dc34-b8c0-43ce-97f8-5203937be0e0/Build]   | 	at org.gradle.internal.execution.steps.BuildCacheStep.lambda$execute$0(BuildCacheStep.java:74)
[a748dc34-b8c0-43ce-97f8-5203937be0e0/Build]   | 	at org.gradle.internal.Either$Left.fold(Either.java:115)
[a748dc34-b8c0-43ce-97f8-5203937be0e0/Build]   | 	at org.gradle.internal.execution.caching.CachingState.fold(CachingState.java:59)
[a748dc34-b8c0-43ce-97f8-5203937be0e0/Build]   | 	at org.gradle.internal.execution.steps.BuildCacheStep.execute(BuildCacheStep.java:73)
[a748dc34-b8c0-43ce-97f8-5203937be0e0/Build]   | 	at org.gradle.internal.execution.steps.BuildCacheStep.execute(BuildCacheStep.java:48)
[a748dc34-b8c0-43ce-97f8-5203937be0e0/Build]   | 	at org.gradle.internal.execution.steps.StoreExecutionStateStep.execute(StoreExecutionStateStep.java:36)
[a748dc34-b8c0-43ce-97f8-5203937be0e0/Build]   | 	at org.gradle.internal.execution.steps.StoreExecutionStateStep.execute(StoreExecutionStateStep.java:25)
[a748dc34-b8c0-43ce-97f8-5203937be0e0/Build]   | 	at org.gradle.internal.execution.steps.RecordOutputsStep.execute(RecordOutputsStep.java:36)
[a748dc34-b8c0-43ce-97f8-5203937be0e0/Build]   | 	at org.gradle.internal.execution.steps.RecordOutputsStep.execute(RecordOutputsStep.java:22)
[a748dc34-b8c0-43ce-97f8-5203937be0e0/Build]   | 	at org.gradle.internal.execution.steps.SkipUpToDateStep.executeBecause(SkipUpToDateStep.java:110)
[a748dc34-b8c0-43ce-97f8-5203937be0e0/Build]   | 	at org.gradle.internal.execution.steps.SkipUpToDateStep.lambda$execute$2(SkipUpToDateStep.java:56)
[a748dc34-b8c0-43ce-97f8-5203937be0e0/Build]   | 	at org.gradle.internal.execution.steps.SkipUpToDateStep.execute(SkipUpToDateStep.java:56)
[a748dc34-b8c0-43ce-97f8-5203937be0e0/Build]   | 	at org.gradle.internal.execution.steps.SkipUpToDateStep.execute(SkipUpToDateStep.java:38)
[a748dc34-b8c0-43ce-97f8-5203937be0e0/Build]   | 	at org.gradle.internal.execution.steps.ResolveChangesStep.execute(ResolveChangesStep.java:73)
[a748dc34-b8c0-43ce-97f8-5203937be0e0/Build]   | 	at org.gradle.internal.execution.steps.ResolveChangesStep.execute(ResolveChangesStep.java:44)
[a748dc34-b8c0-43ce-97f8-5203937be0e0/Build]   | 	at org.gradle.internal.execution.steps.legacy.MarkSnapshottingInputsFinishedStep.execute(MarkSnapshottingInputsFinishedStep.java:37)
[a748dc34-b8c0-43ce-97f8-5203937be0e0/Build]   | 	at org.gradle.internal.execution.steps.legacy.MarkSnapshottingInputsFinishedStep.execute(MarkSnapshottingInputsFinishedStep.java:27)
[a748dc34-b8c0-43ce-97f8-5203937be0e0/Build]   | 	at org.gradle.internal.execution.steps.ResolveCachingStateStep.execute(ResolveCachingStateStep.java:89)
[a748dc34-b8c0-43ce-97f8-5203937be0e0/Build]   | 	at org.gradle.internal.execution.steps.ResolveCachingStateStep.execute(ResolveCachingStateStep.java:50)
[a748dc34-b8c0-43ce-97f8-5203937be0e0/Build]   | 	at org.gradle.internal.execution.steps.ValidateStep.execute(ValidateStep.java:114)
[a748dc34-b8c0-43ce-97f8-5203937be0e0/Build]   | 	at org.gradle.internal.execution.steps.ValidateStep.execute(ValidateStep.java:57)
[a748dc34-b8c0-43ce-97f8-5203937be0e0/Build]   | 	at org.gradle.internal.execution.steps.CaptureStateBeforeExecutionStep.execute(CaptureStateBeforeExecutionStep.java:76)
[a748dc34-b8c0-43ce-97f8-5203937be0e0/Build]   | 	at org.gradle.internal.execution.steps.CaptureStateBeforeExecutionStep.execute(CaptureStateBeforeExecutionStep.java:50)
[a748dc34-b8c0-43ce-97f8-5203937be0e0/Build]   | 	at org.gradle.internal.execution.steps.SkipEmptyWorkStep.executeWithNoEmptySources(SkipEmptyWorkStep.java:249)
[a748dc34-b8c0-43ce-97f8-5203937be0e0/Build]   | 	at org.gradle.internal.execution.steps.SkipEmptyWorkStep.executeWithNoEmptySources(SkipEmptyWorkStep.java:204)
[a748dc34-b8c0-43ce-97f8-5203937be0e0/Build]   | 	at org.gradle.internal.execution.steps.SkipEmptyWorkStep.execute(SkipEmptyWorkStep.java:83)
[a748dc34-b8c0-43ce-97f8-5203937be0e0/Build]   | 	at org.gradle.internal.execution.steps.SkipEmptyWorkStep.execute(SkipEmptyWorkStep.java:54)
[a748dc34-b8c0-43ce-97f8-5203937be0e0/Build]   | 	at org.gradle.internal.execution.steps.RemoveUntrackedExecutionStateStep.execute(RemoveUntrackedExecutionStateStep.java:32)
[a748dc34-b8c0-43ce-97f8-5203937be0e0/Build]   | 	at org.gradle.internal.execution.steps.RemoveUntrackedExecutionStateStep.execute(RemoveUntrackedExecutionStateStep.java:21)
[a748dc34-b8c0-43ce-97f8-5203937be0e0/Build]   | 	at org.gradle.internal.execution.steps.legacy.MarkSnapshottingInputsStartedStep.execute(MarkSnapshottingInputsStartedStep.java:38)
[a748dc34-b8c0-43ce-97f8-5203937be0e0/Build]   | 	at org.gradle.internal.execution.steps.LoadPreviousExecutionStateStep.execute(LoadPreviousExecutionStateStep.java:43)
[a748dc34-b8c0-43ce-97f8-5203937be0e0/Build]   | 	at org.gradle.internal.execution.steps.LoadPreviousExecutionStateStep.execute(LoadPreviousExecutionStateStep.java:31)
[a748dc34-b8c0-43ce-97f8-5203937be0e0/Build]   | 	at org.gradle.internal.execution.steps.AssignWorkspaceStep.lambda$execute$0(AssignWorkspaceStep.java:40)
[a748dc34-b8c0-43ce-97f8-5203937be0e0/Build]   | 	at org.gradle.api.internal.tasks.execution.TaskExecution$4.withWorkspace(TaskExecution.java:287)
[a748dc34-b8c0-43ce-97f8-5203937be0e0/Build]   | 	at org.gradle.internal.execution.steps.AssignWorkspaceStep.execute(AssignWorkspaceStep.java:40)
[a748dc34-b8c0-43ce-97f8-5203937be0e0/Build]   | 	at org.gradle.internal.execution.steps.AssignWorkspaceStep.execute(AssignWorkspaceStep.java:30)
[a748dc34-b8c0-43ce-97f8-5203937be0e0/Build]   | 	at org.gradle.internal.execution.steps.IdentityCacheStep.execute(IdentityCacheStep.java:37)
[a748dc34-b8c0-43ce-97f8-5203937be0e0/Build]   | 	at org.gradle.internal.execution.steps.IdentityCacheStep.execute(IdentityCacheStep.java:27)
[a748dc34-b8c0-43ce-97f8-5203937be0e0/Build]   | 	at org.gradle.internal.execution.steps.IdentifyStep.execute(IdentifyStep.java:44)
[a748dc34-b8c0-43ce-97f8-5203937be0e0/Build]   | 	at org.gradle.internal.execution.steps.IdentifyStep.execute(IdentifyStep.java:33)
[a748dc34-b8c0-43ce-97f8-5203937be0e0/Build]   | 	at org.gradle.internal.execution.impl.DefaultExecutionEngine$1.execute(DefaultExecutionEngine.java:76)
[a748dc34-b8c0-43ce-97f8-5203937be0e0/Build]   | 	at org.gradle.api.internal.tasks.execution.ExecuteActionsTaskExecuter.executeIfValid(ExecuteActionsTaskExecuter.java:144)
[a748dc34-b8c0-43ce-97f8-5203937be0e0/Build]   | 	at org.gradle.api.internal.tasks.execution.ExecuteActionsTaskExecuter.execute(ExecuteActionsTaskExecuter.java:133)
[a748dc34-b8c0-43ce-97f8-5203937be0e0/Build]   | 	at org.gradle.api.internal.tasks.execution.CleanupStaleOutputsExecuter.execute(CleanupStaleOutputsExecuter.java:77)
[a748dc34-b8c0-43ce-97f8-5203937be0e0/Build]   | 	at org.gradle.api.internal.tasks.execution.FinalizePropertiesTaskExecuter.execute(FinalizePropertiesTaskExecuter.java:46)
[a748dc34-b8c0-43ce-97f8-5203937be0e0/Build]   | 	at org.gradle.api.internal.tasks.execution.ResolveTaskExecutionModeExecuter.execute(ResolveTaskExecutionModeExecuter.java:51)
[a748dc34-b8c0-43ce-97f8-5203937be0e0/Build]   | 	at org.gradle.api.internal.tasks.execution.SkipTaskWithNoActionsExecuter.execute(SkipTaskWithNoActionsExecuter.java:57)
[a748dc34-b8c0-43ce-97f8-5203937be0e0/Build]   | 	at org.gradle.api.internal.tasks.execution.SkipOnlyIfTaskExecuter.execute(SkipOnlyIfTaskExecuter.java:56)
[a748dc34-b8c0-43ce-97f8-5203937be0e0/Build]   | 	at org.gradle.api.internal.tasks.execution.CatchExceptionTaskExecuter.execute(CatchExceptionTaskExecuter.java:36)
[a748dc34-b8c0-43ce-97f8-5203937be0e0/Build]   | 	at org.gradle.api.internal.tasks.execution.EventFiringTaskExecuter$1.executeTask(EventFiringTaskExecuter.java:77)
[a748dc34-b8c0-43ce-97f8-5203937be0e0/Build]   | 	at org.gradle.api.internal.tasks.execution.EventFiringTaskExecuter$1.call(EventFiringTaskExecuter.java:55)
[a748dc34-b8c0-43ce-97f8-5203937be0e0/Build]   | 	at org.gradle.api.internal.tasks.execution.EventFiringTaskExecuter$1.call(EventFiringTaskExecuter.java:52)
[a748dc34-b8c0-43ce-97f8-5203937be0e0/Build]   | 	at org.gradle.internal.operations.DefaultBuildOperationRunner$CallableBuildOperationWorker.execute(DefaultBuildOperationRunner.java:204)
[a748dc34-b8c0-43ce-97f8-5203937be0e0/Build]   | 	at org.gradle.internal.operations.DefaultBuildOperationRunner$CallableBuildOperationWorker.execute(DefaultBuildOperationRunner.java:199)
[a748dc34-b8c0-43ce-97f8-5203937be0e0/Build]   | 	at org.gradle.internal.operations.DefaultBuildOperationRunner$2.execute(DefaultBuildOperationRunner.java:66)
[a748dc34-b8c0-43ce-97f8-5203937be0e0/Build]   | 	at org.gradle.internal.operations.DefaultBuildOperationRunner$2.execute(DefaultBuildOperationRunner.java:59)
[a748dc34-b8c0-43ce-97f8-5203937be0e0/Build]   | 	at org.gradle.internal.operations.DefaultBuildOperationRunner.execute(DefaultBuildOperationRunner.java:157)
[a748dc34-b8c0-43ce-97f8-5203937be0e0/Build]   | 	at org.gradle.internal.operations.DefaultBuildOperationRunner.execute(DefaultBuildOperationRunner.java:59)
[a748dc34-b8c0-43ce-97f8-5203937be0e0/Build]   | 	at org.gradle.internal.operations.DefaultBuildOperationRunner.call(DefaultBuildOperationRunner.java:53)
[a748dc34-b8c0-43ce-97f8-5203937be0e0/Build]   | 	at org.gradle.internal.operations.DefaultBuildOperationExecutor.call(DefaultBuildOperationExecutor.java:73)
[a748dc34-b8c0-43ce-97f8-5203937be0e0/Build]   | 	at org.gradle.api.internal.tasks.execution.EventFiringTaskExecuter.execute(EventFiringTaskExecuter.java:52)
[a748dc34-b8c0-43ce-97f8-5203937be0e0/Build]   | 	at org.gradle.execution.plan.LocalTaskNodeExecutor.execute(LocalTaskNodeExecutor.java:74)
[a748dc34-b8c0-43ce-97f8-5203937be0e0/Build]   | 	at org.gradle.execution.taskgraph.DefaultTaskExecutionGraph$InvokeNodeExecutorsAction.execute(DefaultTaskExecutionGraph.java:333)
[a748dc34-b8c0-43ce-97f8-5203937be0e0/Build]   | 	at org.gradle.execution.taskgraph.DefaultTaskExecutionGraph$InvokeNodeExecutorsAction.execute(DefaultTaskExecutionGraph.java:320)
[a748dc34-b8c0-43ce-97f8-5203937be0e0/Build]   | 	at org.gradle.execution.taskgraph.DefaultTaskExecutionGraph$BuildOperationAwareExecutionAction.execute(DefaultTaskExecutionGraph.java:313)
[a748dc34-b8c0-43ce-97f8-5203937be0e0/Build]   | 	at org.gradle.execution.taskgraph.DefaultTaskExecutionGraph$BuildOperationAwareExecutionAction.execute(DefaultTaskExecutionGraph.java:299)
[a748dc34-b8c0-43ce-97f8-5203937be0e0/Build]   | 	at org.gradle.execution.plan.DefaultPlanExecutor$ExecutorWorker.lambda$run$0(DefaultPlanExecutor.java:143)
[a748dc34-b8c0-43ce-97f8-5203937be0e0/Build]   | 	at org.gradle.execution.plan.DefaultPlanExecutor$ExecutorWorker.execute(DefaultPlanExecutor.java:227)
[a748dc34-b8c0-43ce-97f8-5203937be0e0/Build]   | 	at org.gradle.execution.plan.DefaultPlanExecutor$ExecutorWorker.executeNextNode(DefaultPlanExecutor.java:218)
[a748dc34-b8c0-43ce-97f8-5203937be0e0/Build]   | 	at org.gradle.execution.plan.DefaultPlanExecutor$ExecutorWorker.run(DefaultPlanExecutor.java:140)
[a748dc34-b8c0-43ce-97f8-5203937be0e0/Build]   | 	at org.gradle.internal.concurrent.ExecutorPolicy$CatchAndRecordFailures.onExecute(ExecutorPolicy.java:64)
[a748dc34-b8c0-43ce-97f8-5203937be0e0/Build]   | 	at org.gradle.internal.concurrent.ManagedExecutorImpl$1.run(ManagedExecutorImpl.java:48)
[a748dc34-b8c0-43ce-97f8-5203937be0e0/Build]   | 
[a748dc34-b8c0-43ce-97f8-5203937be0e0/Build]   | 
[a748dc34-b8c0-43ce-97f8-5203937be0e0/Build]   | * Get more help at https://help.gradle.org
[a748dc34-b8c0-43ce-97f8-5203937be0e0/Build]   | 
[a748dc34-b8c0-43ce-97f8-5203937be0e0/Build]   | BUILD FAILED in 1m 39s
[a748dc34-b8c0-43ce-97f8-5203937be0e0/Build]   | 21 actionable tasks: 4 executed, 17 up-to-date
[a748dc34-b8c0-43ce-97f8-5203937be0e0/Build]   | Some of the file system contents retained in the virtual file system are on file systems that Gradle doesn't support watching. The relevant state was discarded to ensure changes to these locations are properly detected. You can override this by explicitly enabling file system watching.
[a748dc34-b8c0-43ce-97f8-5203937be0e0/Build]   ‚ùå  Failure - Main Build and check
[a748dc34-b8c0-43ce-97f8-5203937be0e0/Build] exitcode '1': failure
[a748dc34-b8c0-43ce-97f8-5203937be0e0/Build] unable to get git ref: failed to identify reference (tag/branch) for the checked-out revision 'ca16a73fb229e4b13ecaa83fda57cd355c5418e4'
[a748dc34-b8c0-43ce-97f8-5203937be0e0/Build] unable to get git ref: failed to identify reference (tag/branch) for the checked-out revision 'ca16a73fb229e4b13ecaa83fda57cd355c5418e4'
[a748dc34-b8c0-43ce-97f8-5203937be0e0/Build] unable to get git ref: failed to identify reference (tag/branch) for the checked-out revision 'ca16a73fb229e4b13ecaa83fda57cd355c5418e4'
[a748dc34-b8c0-43ce-97f8-5203937be0e0/Build] unable to get git ref: failed to identify reference (tag/branch) for the checked-out revision 'ca16a73fb229e4b13ecaa83fda57cd355c5418e4'
[a748dc34-b8c0-43ce-97f8-5203937be0e0/Build] unable to get git ref: failed to identify reference (tag/branch) for the checked-out revision 'ca16a73fb229e4b13ecaa83fda57cd355c5418e4'
[a748dc34-b8c0-43ce-97f8-5203937be0e0/Build] unable to get git ref: failed to identify reference (tag/branch) for the checked-out revision 'ca16a73fb229e4b13ecaa83fda57cd355c5418e4'
[a748dc34-b8c0-43ce-97f8-5203937be0e0/Build] unable to get git ref: failed to identify reference (tag/branch) for the checked-out revision 'ca16a73fb229e4b13ecaa83fda57cd355c5418e4'
[a748dc34-b8c0-43ce-97f8-5203937be0e0/Build] unable to get git ref: failed to identify reference (tag/branch) for the checked-out revision 'ca16a73fb229e4b13ecaa83fda57cd355c5418e4'
[a748dc34-b8c0-43ce-97f8-5203937be0e0/Build] unable to get git ref: failed to identify reference (tag/branch) for the checked-out revision 'ca16a73fb229e4b13ecaa83fda57cd355c5418e4'
[a748dc34-b8c0-43ce-97f8-5203937be0e0/Build] unable to get git ref: failed to identify reference (tag/branch) for the checked-out revision 'ca16a73fb229e4b13ecaa83fda57cd355c5418e4'
[a748dc34-b8c0-43ce-97f8-5203937be0e0/Build] ‚≠ê Run Main actions/upload-artifact@v3
[a748dc34-b8c0-43ce-97f8-5203937be0e0/Build] unable to get git ref: failed to identify reference (tag/branch) for the checked-out revision 'ca16a73fb229e4b13ecaa83fda57cd355c5418e4'
[a748dc34-b8c0-43ce-97f8-5203937be0e0/Build] unable to get git ref: failed to identify reference (tag/branch) for the checked-out revision 'ca16a73fb229e4b13ecaa83fda57cd355c5418e4'
[a748dc34-b8c0-43ce-97f8-5203937be0e0/Build] unable to get git ref: failed to identify reference (tag/branch) for the checked-out revision 'ca16a73fb229e4b13ecaa83fda57cd355c5418e4'
[a748dc34-b8c0-43ce-97f8-5203937be0e0/Build]   üê≥  docker cp src=/tmp/act-cache/f13b3dfa-aa44-4578-876f-18abdfdda37c/act/actions-upload-artifact@v3/ dst=/var/run/act/actions/actions-upload-artifact@v3/
[a748dc34-b8c0-43ce-97f8-5203937be0e0/Build]   üê≥  docker exec cmd=[chown -R 1012:1013 /var/run/act/actions/actions-upload-artifact@v3/] user=0 workdir=
[a748dc34-b8c0-43ce-97f8-5203937be0e0/Build]   üê≥  docker exec cmd=[node /var/run/act/actions/actions-upload-artifact@v3/dist/index.js] user= workdir=
[a748dc34-b8c0-43ce-97f8-5203937be0e0/Build]   üí¨  ::debug::followSymbolicLinks 'true'
[a748dc34-b8c0-43ce-97f8-5203937be0e0/Build]   üí¨  ::debug::implicitDescendants 'true'
[a748dc34-b8c0-43ce-97f8-5203937be0e0/Build]   üí¨  ::debug::omitBrokenSymbolicLinks 'true'
[a748dc34-b8c0-43ce-97f8-5203937be0e0/Build]   üí¨  ::debug::followSymbolicLinks 'true'
[a748dc34-b8c0-43ce-97f8-5203937be0e0/Build]   üí¨  ::debug::implicitDescendants 'true'
[a748dc34-b8c0-43ce-97f8-5203937be0e0/Build]   üí¨  ::debug::matchDirectories 'true'
[a748dc34-b8c0-43ce-97f8-5203937be0e0/Build]   üí¨  ::debug::omitBrokenSymbolicLinks 'true'
[a748dc34-b8c0-43ce-97f8-5203937be0e0/Build]   üí¨  ::debug::Search path '/tmp/ace6c857-732f-43a7-a88b-73ec5167995a/build/reports'
[a748dc34-b8c0-43ce-97f8-5203937be0e0/Build]   üí¨  ::debug::Removing /tmp/ace6c857-732f-43a7-a88b-73ec5167995a/build/reports from rawSearchResults because it is a directory
[a748dc34-b8c0-43ce-97f8-5203937be0e0/Build]   üí¨  ::debug::Removing /tmp/ace6c857-732f-43a7-a88b-73ec5167995a/build/reports/jacoco from rawSearchResults because it is a directory
[a748dc34-b8c0-43ce-97f8-5203937be0e0/Build]   üí¨  ::debug::Removing /tmp/ace6c857-732f-43a7-a88b-73ec5167995a/build/reports/jacoco/test from rawSearchResults because it is a directory
[a748dc34-b8c0-43ce-97f8-5203937be0e0/Build]   üí¨  ::debug::Removing /tmp/ace6c857-732f-43a7-a88b-73ec5167995a/build/reports/jacoco/test/html from rawSearchResults because it is a directory
[a748dc34-b8c0-43ce-97f8-5203937be0e0/Build]   üí¨  ::debug::Removing /tmp/ace6c857-732f-43a7-a88b-73ec5167995a/build/reports/jacoco/test/html/com.worksap.nlp.sudachi from rawSearchResults because it is a directory
[a748dc34-b8c0-43ce-97f8-5203937be0e0/Build]   üí¨  ::debug::File:/tmp/ace6c857-732f-43a7-a88b-73ec5167995a/build/reports/jacoco/test/html/com.worksap.nlp.sudachi/Config$PluginConf.html was found using the provided searchPath
[a748dc34-b8c0-43ce-97f8-5203937be0e0/Build]   üí¨  ::debug::File:/tmp/ace6c857-732f-43a7-a88b-73ec5167995a/build/reports/jacoco/test/html/com.worksap.nlp.sudachi/Config$Resource$Classpath.html was found using the provided searchPath
[a748dc34-b8c0-43ce-97f8-5203937be0e0/Build]   üí¨  ::debug::File:/tmp/ace6c857-732f-43a7-a88b-73ec5167995a/build/reports/jacoco/test/html/com.worksap.nlp.sudachi/Config$Resource$Filesystem.html was found using the provided searchPath
[a748dc34-b8c0-43ce-97f8-5203937be0e0/Build]   üí¨  ::debug::File:/tmp/ace6c857-732f-43a7-a88b-73ec5167995a/build/reports/jacoco/test/html/com.worksap.nlp.sudachi/Config$Resource$NotFound.html was found using the provided searchPath
[a748dc34-b8c0-43ce-97f8-5203937be0e0/Build]   üí¨  ::debug::File:/tmp/ace6c857-732f-43a7-a88b-73ec5167995a/build/reports/jacoco/test/html/com.worksap.nlp.sudachi/Config$Resource$Ready.html was found using the provided searchPath
[a748dc34-b8c0-43ce-97f8-5203937be0e0/Build]   üí¨  ::debug::File:/tmp/ace6c857-732f-43a7-a88b-73ec5167995a/build/reports/jacoco/test/html/com.worksap.nlp.sudachi/Config$Resource.html was found using the provided searchPath
[a748dc34-b8c0-43ce-97f8-5203937be0e0/Build]   üí¨  ::debug::File:/tmp/ace6c857-732f-43a7-a88b-73ec5167995a/build/reports/jacoco/test/html/com.worksap.nlp.sudachi/Config.html was found using the provided searchPath
[a748dc34-b8c0-43ce-97f8-5203937be0e0/Build]   üí¨  ::debug::File:/tmp/ace6c857-732f-43a7-a88b-73ec5167995a/build/reports/jacoco/test/html/com.worksap.nlp.sudachi/Config.java.html was found using the provided searchPath
[a748dc34-b8c0-43ce-97f8-5203937be0e0/Build]   üí¨  ::debug::File:/tmp/ace6c857-732f-43a7-a88b-73ec5167995a/build/reports/jacoco/test/html/com.worksap.nlp.sudachi/DefaultInputTextPlugin.html was found using the provided searchPath
[a748dc34-b8c0-43ce-97f8-5203937be0e0/Build]   üí¨  ::debug::File:/tmp/ace6c857-732f-43a7-a88b-73ec5167995a/build/reports/jacoco/test/html/com.worksap.nlp.sudachi/DefaultInputTextPlugin.java.html was found using the provided searchPath
[a748dc34-b8c0-43ce-97f8-5203937be0e0/Build]   üí¨  ::debug::File:/tmp/ace6c857-732f-43a7-a88b-73ec5167995a/build/reports/jacoco/test/html/com.worksap.nlp.sudachi/DictionaryFactory.html was found using the provided searchPath
[a748dc34-b8c0-43ce-97f8-5203937be0e0/Build]   üí¨  ::debug::File:/tmp/ace6c857-732f-43a7-a88b-73ec5167995a/build/reports/jacoco/test/html/com.worksap.nlp.sudachi/DictionaryFactory.java.html was found using the provided searchPath
[a748dc34-b8c0-43ce-97f8-5203937be0e0/Build]   üí¨  ::debug::File:/tmp/ace6c857-732f-43a7-a88b-73ec5167995a/build/reports/jacoco/test/html/com.worksap.nlp.sudachi/EditConnectionCostPlugin.html was found using the provided searchPath
[a748dc34-b8c0-43ce-97f8-5203937be0e0/Build]   üí¨  ::debug::File:/tmp/ace6c857-732f-43a7-a88b-73ec5167995a/build/reports/jacoco/test/html/com.worksap.nlp.sudachi/EditConnectionCostPlugin.java.html was found using the provided searchPath
[a748dc34-b8c0-43ce-97f8-5203937be0e0/Build]   üí¨  ::debug::File:/tmp/ace6c857-732f-43a7-a88b-73ec5167995a/build/reports/jacoco/test/html/com.worksap.nlp.sudachi/IgnoreYomiganaPlugin.html was found using the provided searchPath
[a748dc34-b8c0-43ce-97f8-5203937be0e0/Build]   üí¨  ::debug::File:/tmp/ace6c857-732f-43a7-a88b-73ec5167995a/build/reports/jacoco/test/html/com.worksap.nlp.sudachi/IgnoreYomiganaPlugin.java.html was found using the provided searchPath
[a748dc34-b8c0-43ce-97f8-5203937be0e0/Build]   üí¨  ::debug::File:/tmp/ace6c857-732f-43a7-a88b-73ec5167995a/build/reports/jacoco/test/html/com.worksap.nlp.sudachi/InhibitConnectionPlugin.html was found using the provided searchPath
[a748dc34-b8c0-43ce-97f8-5203937be0e0/Build]   üí¨  ::debug::File:/tmp/ace6c857-732f-43a7-a88b-73ec5167995a/build/reports/jacoco/test/html/com.worksap.nlp.sudachi/InhibitConnectionPlugin.java.html was found using the provided searchPath
[a748dc34-b8c0-43ce-97f8-5203937be0e0/Build]   üí¨  ::debug::File:/tmp/ace6c857-732f-43a7-a88b-73ec5167995a/build/reports/jacoco/test/html/com.worksap.nlp.sudachi/InputTextPlugin.html was found using the provided searchPath
[a748dc34-b8c0-43ce-97f8-5203937be0e0/Build]   üí¨  ::debug::File:/tmp/ace6c857-732f-43a7-a88b-73ec5167995a/build/reports/jacoco/test/html/com.worksap.nlp.sudachi/InputTextPlugin.java.html was found using the provided searchPath
[a748dc34-b8c0-43ce-97f8-5203937be0e0/Build]   üí¨  ::debug::File:/tmp/ace6c857-732f-43a7-a88b-73ec5167995a/build/reports/jacoco/test/html/com.worksap.nlp.sudachi/JapaneseDictionary.html was found using the provided searchPath
[a748dc34-b8c0-43ce-97f8-5203937be0e0/Build]   üí¨  ::debug::File:/tmp/ace6c857-732f-43a7-a88b-73ec5167995a/build/reports/jacoco/test/html/com.worksap.nlp.sudachi/JapaneseDictionary.java.html was found using the provided searchPath
[a748dc34-b8c0-43ce-97f8-5203937be0e0/Build]   üí¨  ::debug::File:/tmp/ace6c857-732f-43a7-a88b-73ec5167995a/build/reports/jacoco/test/html/com.worksap.nlp.sudachi/JapaneseTokenizer$NonBreakChecker.html was found using the provided searchPath
[a748dc34-b8c0-43ce-97f8-5203937be0e0/Build]   üí¨  ::debug::File:/tmp/ace6c857-732f-43a7-a88b-73ec5167995a/build/reports/jacoco/test/html/com.worksap.nlp.sudachi/JapaneseTokenizer.html was found using the provided searchPath
[a748dc34-b8c0-43ce-97f8-5203937be0e0/Build]   üí¨  ::debug::File:/tmp/ace6c857-732f-43a7-a88b-73ec5167995a/build/reports/jacoco/test/html/com.worksap.nlp.sudachi/JapaneseTokenizer.java.html was found using the provided searchPath
[a748dc34-b8c0-43ce-97f8-5203937be0e0/Build]   üí¨  ::debug::File:/tmp/ace6c857-732f-43a7-a88b-73ec5167995a/build/reports/jacoco/test/html/com.worksap.nlp.sudachi/JoinKatakanaOovPlugin.html was found using the provided searchPath
[a748dc34-b8c0-43ce-97f8-5203937be0e0/Build]   üí¨  ::debug::File:/tmp/ace6c857-732f-43a7-a88b-73ec5167995a/build/reports/jacoco/test/html/com.worksap.nlp.sudachi/JoinKatakanaOovPlugin.java.html was found using the provided searchPath
[a748dc34-b8c0-43ce-97f8-5203937be0e0/Build]   üí¨  ::debug::File:/tmp/ace6c857-732f-43a7-a88b-73ec5167995a/build/reports/jacoco/test/html/com.worksap.nlp.sudachi/JoinNumericPlugin.html was found using the provided searchPath
[a748dc34-b8c0-43ce-97f8-5203937be0e0/Build]   üí¨  ::debug::File:/tmp/ace6c857-732f-43a7-a88b-73ec5167995a/build/reports/jacoco/test/html/com.worksap.nlp.sudachi/JoinNumericPlugin.java.html was found using the provided searchPath
[a748dc34-b8c0-43ce-97f8-5203937be0e0/Build]   üí¨  ::debug::File:/tmp/ace6c857-732f-43a7-a88b-73ec5167995a/build/reports/jacoco/test/html/com.worksap.nlp.sudachi/LatticeImpl.html was found using the provided searchPath
[a748dc34-b8c0-43ce-97f8-5203937be0e0/Build]   üí¨  ::debug::File:/tmp/ace6c857-732f-43a7-a88b-73ec5167995a/build/reports/jacoco/test/html/com.worksap.nlp.sudachi/LatticeImpl.java.html was found using the provided searchPath
[a748dc34-b8c0-43ce-97f8-5203937be0e0/Build]   üí¨  ::debug::File:/tmp/ace6c857-732f-43a7-a88b-73ec5167995a/build/reports/jacoco/test/html/com.worksap.nlp.sudachi/LatticeNodeImpl.html was found using the provided searchPath
[a748dc34-b8c0-43ce-97f8-5203937be0e0/Build]   üí¨  ::debug::File:/tmp/ace6c857-732f-43a7-a88b-73ec5167995a/build/reports/jacoco/test/html/com.worksap.nlp.sudachi/LatticeNodeImpl.java.html was found using the provided searchPath
[a748dc34-b8c0-43ce-97f8-5203937be0e0/Build]   üí¨  ::debug::File:/tmp/ace6c857-732f-43a7-a88b-73ec5167995a/build/reports/jacoco/test/html/com.worksap.nlp.sudachi/MMap.html was found using the provided searchPath
[a748dc34-b8c0-43ce-97f8-5203937be0e0/Build]   üí¨  ::debug::File:/tmp/ace6c857-732f-43a7-a88b-73ec5167995a/build/reports/jacoco/test/html/com.worksap.nlp.sudachi/MMap.java.html was found using the provided searchPath
[a748dc34-b8c0-43ce-97f8-5203937be0e0/Build]   üí¨  ::debug::File:/tmp/ace6c857-732f-43a7-a88b-73ec5167995a/build/reports/jacoco/test/html/com.worksap.nlp.sudachi/MeCabOovProviderPlugin$CategoryInfo.html was found using the provided searchPath
[a748dc34-b8c0-43ce-97f8-5203937be0e0/Build]   üí¨  ::debug::File:/tmp/ace6c857-732f-43a7-a88b-73ec5167995a/build/reports/jacoco/test/html/com.worksap.nlp.sudachi/MeCabOovProviderPlugin$OOV.html was found using the provided searchPath
[a748dc34-b8c0-43ce-97f8-5203937be0e0/Build]   üí¨  ::debug::File:/tmp/ace6c857-732f-43a7-a88b-73ec5167995a/build/reports/jacoco/test/html/com.worksap.nlp.sudachi/MeCabOovProviderPlugin.html was found using the provided searchPath
[a748dc34-b8c0-43ce-97f8-5203937be0e0/Build]   üí¨  ::debug::File:/tmp/ace6c857-732f-43a7-a88b-73ec5167995a/build/reports/jacoco/test/html/com.worksap.nlp.sudachi/MeCabOovProviderPlugin.java.html was found using the provided searchPath
[a748dc34-b8c0-43ce-97f8-5203937be0e0/Build]   üí¨  ::debug::File:/tmp/ace6c857-732f-43a7-a88b-73ec5167995a/build/reports/jacoco/test/html/com.worksap.nlp.sudachi/MorphemeFormatterPlugin.html was found using the provided searchPath
[a748dc34-b8c0-43ce-97f8-5203937be0e0/Build]   üí¨  ::debug::File:/tmp/ace6c857-732f-43a7-a88b-73ec5167995a/build/reports/jacoco/test/html/com.worksap.nlp.sudachi/MorphemeFormatterPlugin.java.html was found using the provided searchPath
[a748dc34-b8c0-43ce-97f8-5203937be0e0/Build]   üí¨  ::debug::File:/tmp/ace6c857-732f-43a7-a88b-73ec5167995a/build/reports/jacoco/test/html/com.worksap.nlp.sudachi/MorphemeImpl.html was found using the provided searchPath
[a748dc34-b8c0-43ce-97f8-5203937be0e0/Build]   üí¨  ::debug::File:/tmp/ace6c857-732f-43a7-a88b-73ec5167995a/build/reports/jacoco/test/html/com.worksap.nlp.sudachi/MorphemeImpl.java.html was found using the provided searchPath
[a748dc34-b8c0-43ce-97f8-5203937be0e0/Build]   üí¨  ::debug::File:/tmp/ace6c857-732f-43a7-a88b-73ec5167995a/build/reports/jacoco/test/html/com.worksap.nlp.sudachi/MorphemeList.html was found using the provided searchPath
[a748dc34-b8c0-43ce-97f8-5203937be0e0/Build]   üí¨  ::debug::File:/tmp/ace6c857-732f-43a7-a88b-73ec5167995a/build/reports/jacoco/test/html/com.worksap.nlp.sudachi/MorphemeList.java.html was found using the provided searchPath
[a748dc34-b8c0-43ce-97f8-5203937be0e0/Build]   üí¨  ::debug::File:/tmp/ace6c857-732f-43a7-a88b-73ec5167995a/build/reports/jacoco/test/html/com.worksap.nlp.sudachi/NumericParser$Error.html was found using the provided searchPath
[a748dc34-b8c0-43ce-97f8-5203937be0e0/Build]   üí¨  ::debug::File:/tmp/ace6c857-732f-43a7-a88b-73ec5167995a/build/reports/jacoco/test/html/com.worksap.nlp.sudachi/NumericParser$StringNumber.html was found using the provided searchPath
[a748dc34-b8c0-43ce-97f8-5203937be0e0/Build]   üí¨  ::debug::File:/tmp/ace6c857-732f-43a7-a88b-73ec5167995a/build/reports/jacoco/test/html/com.worksap.nlp.sudachi/NumericParser.html was found using the provided searchPath
[a748dc34-b8c0-43ce-97f8-5203937be0e0/Build]   üí¨  ::debug::File:/tmp/ace6c857-732f-43a7-a88b-73ec5167995a/build/reports/jacoco/test/html/com.worksap.nlp.sudachi/NumericParser.java.html was found using the provided searchPath
[a748dc34-b8c0-43ce-97f8-5203937be0e0/Build]   üí¨  ::debug::File:/tmp/ace6c857-732f-43a7-a88b-73ec5167995a/build/reports/jacoco/test/html/com.worksap.nlp.sudachi/OovProviderPlugin.html was found using the provided searchPath
[a748dc34-b8c0-43ce-97f8-5203937be0e0/Build]   üí¨  ::debug::File:/tmp/ace6c857-732f-43a7-a88b-73ec5167995a/build/reports/jacoco/test/html/com.worksap.nlp.sudachi/OovProviderPlugin.java.html was found using the provided searchPath
[a748dc34-b8c0-43ce-97f8-5203937be0e0/Build]   üí¨  ::debug::File:/tmp/ace6c857-732f-43a7-a88b-73ec5167995a/build/reports/jacoco/test/html/com.worksap.nlp.sudachi/PathAnchor$Chain.html was found using the provided searchPath
[a748dc34-b8c0-43ce-97f8-5203937be0e0/Build]   üí¨  ::debug::File:/tmp/ace6c857-732f-43a7-a88b-73ec5167995a/build/reports/jacoco/test/html/com.worksap.nlp.sudachi/PathAnchor$Classpath.html was found using the provided searchPath
[a748dc34-b8c0-43ce-97f8-5203937be0e0/Build]   üí¨  ::debug::File:/tmp/ace6c857-732f-43a7-a88b-73ec5167995a/build/reports/jacoco/test/html/com.worksap.nlp.sudachi/PathAnchor$Filesystem.html was found using the provided searchPath
[a748dc34-b8c0-43ce-97f8-5203937be0e0/Build]   üí¨  ::debug::File:/tmp/ace6c857-732f-43a7-a88b-73ec5167995a/build/reports/jacoco/test/html/com.worksap.nlp.sudachi/PathAnchor$None.html was found using the provided searchPath
[a748dc34-b8c0-43ce-97f8-5203937be0e0/Build]   üí¨  ::debug::File:/tmp/ace6c857-732f-43a7-a88b-73ec5167995a/build/reports/jacoco/test/html/com.worksap.nlp.sudachi/PathAnchor.html was found using the provided searchPath
[a748dc34-b8c0-43ce-97f8-5203937be0e0/Build]   üí¨  ::debug::File:/tmp/ace6c857-732f-43a7-a88b-73ec5167995a/build/reports/jacoco/test/html/com.worksap.nlp.sudachi/PathAnchor.java.html was found using the provided searchPath
[a748dc34-b8c0-43ce-97f8-5203937be0e0/Build]   üí¨  ::debug::File:/tmp/ace6c857-732f-43a7-a88b-73ec5167995a/build/reports/jacoco/test/html/com.worksap.nlp.sudachi/PathRewritePlugin.html was found using the provided searchPath
[a748dc34-b8c0-43ce-97f8-5203937be0e0/Build]   üí¨  ::debug::File:/tmp/ace6c857-732f-43a7-a88b-73ec5167995a/build/reports/jacoco/test/html/com.worksap.nlp.sudachi/PathRewritePlugin.java.html was found using the provided searchPath
[a748dc34-b8c0-43ce-97f8-5203937be0e0/Build]   üí¨  ::debug::File:/tmp/ace6c857-732f-43a7-a88b-73ec5167995a/build/reports/jacoco/test/html/com.worksap.nlp.sudachi/Plugin.html was found using the provided searchPath
[a748dc34-b8c0-43ce-97f8-5203937be0e0/Build]   üí¨  ::debug::File:/tmp/ace6c857-732f-43a7-a88b-73ec5167995a/build/reports/jacoco/test/html/com.worksap.nlp.sudachi/Plugin.java.html was found using the provided searchPath
[a748dc34-b8c0-43ce-97f8-5203937be0e0/Build]   üí¨  ::debug::File:/tmp/ace6c857-732f-43a7-a88b-73ec5167995a/build/reports/jacoco/test/html/com.worksap.nlp.sudachi/ProlongedSoundMarkInputTextPlugin.html was found using the provided searchPath
[a748dc34-b8c0-43ce-97f8-5203937be0e0/Build]   üí¨  ::debug::File:/tmp/ace6c857-732f-43a7-a88b-73ec5167995a/build/reports/jacoco/test/html/com.worksap.nlp.sudachi/ProlongedSoundMarkInputTextPlugin.java.html was found using the provided searchPath
[a748dc34-b8c0-43ce-97f8-5203937be0e0/Build]   üí¨  ::debug::File:/tmp/ace6c857-732f-43a7-a88b-73ec5167995a/build/reports/jacoco/test/html/com.worksap.nlp.sudachi/RegexOovProvider.html was found using the provided searchPath
[a748dc34-b8c0-43ce-97f8-5203937be0e0/Build]   üí¨  ::debug::File:/tmp/ace6c857-732f-43a7-a88b-73ec5167995a/build/reports/jacoco/test/html/com.worksap.nlp.sudachi/RegexOovProvider.java.html was found using the provided searchPath
[a748dc34-b8c0-43ce-97f8-5203937be0e0/Build]   üí¨  ::debug::File:/tmp/ace6c857-732f-43a7-a88b-73ec5167995a/build/reports/jacoco/test/html/com.worksap.nlp.sudachi/Settings.html was found using the provided searchPath
[a748dc34-b8c0-43ce-97f8-5203937be0e0/Build]   üí¨  ::debug::File:/tmp/ace6c857-732f-43a7-a88b-73ec5167995a/build/reports/jacoco/test/html/com.worksap.nlp.sudachi/Settings.java.html was found using the provided searchPath
[a748dc34-b8c0-43ce-97f8-5203937be0e0/Build]   üí¨  ::debug::File:/tmp/ace6c857-732f-43a7-a88b-73ec5167995a/build/reports/jacoco/test/html/com.worksap.nlp.sudachi/SimpleMorphemeFormatter.html was found using the provided searchPath
[a748dc34-b8c0-43ce-97f8-5203937be0e0/Build]   üí¨  ::debug::File:/tmp/ace6c857-732f-43a7-a88b-73ec5167995a/build/reports/jacoco/test/html/com.worksap.nlp.sudachi/SimpleMorphemeFormatter.java.html was found using the provided searchPath
[a748dc34-b8c0-43ce-97f8-5203937be0e0/Build]   üí¨  ::debug::File:/tmp/ace6c857-732f-43a7-a88b-73ec5167995a/build/reports/jacoco/test/html/com.worksap.nlp.sudachi/SimpleOovProviderPlugin.html was found using the provided searchPath
[a748dc34-b8c0-43ce-97f8-5203937be0e0/Build]   üí¨  ::debug::File:/tmp/ace6c857-732f-43a7-a88b-73ec5167995a/build/reports/jacoco/test/html/com.worksap.nlp.sudachi/SimpleOovProviderPlugin.java.html was found using the provided searchPath
[a748dc34-b8c0-43ce-97f8-5203937be0e0/Build]   üí¨  ::debug::File:/tmp/ace6c857-732f-43a7-a88b-73ec5167995a/build/reports/jacoco/test/html/com.worksap.nlp.sudachi/StringUtil.html was found using the provided searchPath
[a748dc34-b8c0-43ce-97f8-5203937be0e0/Build]   üí¨  ::debug::File:/tmp/ace6c857-732f-43a7-a88b-73ec5167995a/build/reports/jacoco/test/html/com.worksap.nlp.sudachi/StringUtil.java.html was found using the provided searchPath
[a748dc34-b8c0-43ce-97f8-5203937be0e0/Build]   üí¨  ::debug::File:/tmp/ace6c857-732f-43a7-a88b-73ec5167995a/build/reports/jacoco/test/html/com.worksap.nlp.sudachi/SudachiCommandLine$FileOrStdoutPrintStream.html was found using the provided searchPath
[a748dc34-b8c0-43ce-97f8-5203937be0e0/Build]   üí¨  ::debug::File:/tmp/ace6c857-732f-43a7-a88b-73ec5167995a/build/reports/jacoco/test/html/com.worksap.nlp.sudachi/SudachiCommandLine.html was found using the provided searchPath
[a748dc34-b8c0-43ce-97f8-5203937be0e0/Build]   üí¨  ::debug::File:/tmp/ace6c857-732f-43a7-a88b-73ec5167995a/build/reports/jacoco/test/html/com.worksap.nlp.sudachi/SudachiCommandLine.java.html was found using the provided searchPath
[a748dc34-b8c0-43ce-97f8-5203937be0e0/Build]   üí¨  ::debug::File:/tmp/ace6c857-732f-43a7-a88b-73ec5167995a/build/reports/jacoco/test/html/com.worksap.nlp.sudachi/Tokenizer$SplitMode.html was found using the provided searchPath
[a748dc34-b8c0-43ce-97f8-5203937be0e0/Build]   üí¨  ::debug::File:/tmp/ace6c857-732f-43a7-a88b-73ec5167995a/build/reports/jacoco/test/html/com.worksap.nlp.sudachi/Tokenizer.html was found using the provided searchPath
[a748dc34-b8c0-43ce-97f8-5203937be0e0/Build]   üí¨  ::debug::File:/tmp/ace6c857-732f-43a7-a88b-73ec5167995a/build/reports/jacoco/test/html/com.worksap.nlp.sudachi/Tokenizer.java.html was found using the provided searchPath
[a748dc34-b8c0-43ce-97f8-5203937be0e0/Build]   üí¨  ::debug::File:/tmp/ace6c857-732f-43a7-a88b-73ec5167995a/build/reports/jacoco/test/html/com.worksap.nlp.sudachi/UTF8InputText.html was found using the provided searchPath
[a748dc34-b8c0-43ce-97f8-5203937be0e0/Build]   üí¨  ::debug::File:/tmp/ace6c857-732f-43a7-a88b-73ec5167995a/build/reports/jacoco/test/html/com.worksap.nlp.sudachi/UTF8InputText.java.html was found using the provided searchPath
[a748dc34-b8c0-43ce-97f8-5203937be0e0/Build]   üí¨  ::debug::File:/tmp/ace6c857-732f-43a7-a88b-73ec5167995a/build/reports/jacoco/test/html/com.worksap.nlp.sudachi/UTF8InputTextBuilder.html was found using the provided searchPath
[a748dc34-b8c0-43ce-97f8-5203937be0e0/Build]   üí¨  ::debug::File:/tmp/ace6c857-732f-43a7-a88b-73ec5167995a/build/reports/jacoco/test/html/com.worksap.nlp.sudachi/UTF8InputTextBuilder.java.html was found using the provided searchPath
[a748dc34-b8c0-43ce-97f8-5203937be0e0/Build]   üí¨  ::debug::File:/tmp/ace6c857-732f-43a7-a88b-73ec5167995a/build/reports/jacoco/test/html/com.worksap.nlp.sudachi/WordId.html was found using the provided searchPath
[a748dc34-b8c0-43ce-97f8-5203937be0e0/Build]   üí¨  ::debug::File:/tmp/ace6c857-732f-43a7-a88b-73ec5167995a/build/reports/jacoco/test/html/com.worksap.nlp.sudachi/WordId.java.html was found using the provided searchPath
[a748dc34-b8c0-43ce-97f8-5203937be0e0/Build]   üí¨  ::debug::File:/tmp/ace6c857-732f-43a7-a88b-73ec5167995a/build/reports/jacoco/test/html/com.worksap.nlp.sudachi/WordMask.html was found using the provided searchPath
[a748dc34-b8c0-43ce-97f8-5203937be0e0/Build]   üí¨  ::debug::File:/tmp/ace6c857-732f-43a7-a88b-73ec5167995a/build/reports/jacoco/test/html/com.worksap.nlp.sudachi/WordMask.java.html was found using the provided searchPath
[a748dc34-b8c0-43ce-97f8-5203937be0e0/Build]   üí¨  ::debug::File:/tmp/ace6c857-732f-43a7-a88b-73ec5167995a/build/reports/jacoco/test/html/com.worksap.nlp.sudachi/WordSegmentationFormatter.html was found using the provided searchPath
[a748dc34-b8c0-43ce-97f8-5203937be0e0/Build]   üí¨  ::debug::File:/tmp/ace6c857-732f-43a7-a88b-73ec5167995a/build/reports/jacoco/test/html/com.worksap.nlp.sudachi/WordSegmentationFormatter.java.html was found using the provided searchPath
[a748dc34-b8c0-43ce-97f8-5203937be0e0/Build]   üí¨  ::debug::File:/tmp/ace6c857-732f-43a7-a88b-73ec5167995a/build/reports/jacoco/test/html/com.worksap.nlp.sudachi/index.html was found using the provided searchPath
[a748dc34-b8c0-43ce-97f8-5203937be0e0/Build]   üí¨  ::debug::File:/tmp/ace6c857-732f-43a7-a88b-73ec5167995a/build/reports/jacoco/test/html/com.worksap.nlp.sudachi/index.source.html was found using the provided searchPath
[a748dc34-b8c0-43ce-97f8-5203937be0e0/Build]   üí¨  ::debug::Removing /tmp/ace6c857-732f-43a7-a88b-73ec5167995a/build/reports/jacoco/test/html/com.worksap.nlp.sudachi.dictionary from rawSearchResults because it is a directory
[a748dc34-b8c0-43ce-97f8-5203937be0e0/Build]   üí¨  ::debug::File:/tmp/ace6c857-732f-43a7-a88b-73ec5167995a/build/reports/jacoco/test/html/com.worksap.nlp.sudachi.dictionary/BinaryDictionary.html was found using the provided searchPath
[a748dc34-b8c0-43ce-97f8-5203937be0e0/Build]   üí¨  ::debug::File:/tmp/ace6c857-732f-43a7-a88b-73ec5167995a/build/reports/jacoco/test/html/com.worksap.nlp.sudachi.dictionary/BinaryDictionary.java.html was found using the provided searchPath
[a748dc34-b8c0-43ce-97f8-5203937be0e0/Build]   üí¨  ::debug::File:/tmp/ace6c857-732f-43a7-a88b-73ec5167995a/build/reports/jacoco/test/html/com.worksap.nlp.sudachi.dictionary/CSVParser$Token$Type.html was found using the provided searchPath
[a748dc34-b8c0-43ce-97f8-5203937be0e0/Build]   üí¨  ::debug::File:/tmp/ace6c857-732f-43a7-a88b-73ec5167995a/build/reports/jacoco/test/html/com.worksap.nlp.sudachi.dictionary/CSVParser$Token.html was found using the provided searchPath
[a748dc34-b8c0-43ce-97f8-5203937be0e0/Build]   üí¨  ::debug::File:/tmp/ace6c857-732f-43a7-a88b-73ec5167995a/build/reports/jacoco/test/html/com.worksap.nlp.sudachi.dictionary/CSVParser.html was found using the provided searchPath
[a748dc34-b8c0-43ce-97f8-5203937be0e0/Build]   üí¨  ::debug::File:/tmp/ace6c857-732f-43a7-a88b-73ec5167995a/build/reports/jacoco/test/html/com.worksap.nlp.sudachi.dictionary/CSVParser.java.html was found using the provided searchPath
[a748dc34-b8c0-43ce-97f8-5203937be0e0/Build]   üí¨  ::debug::File:/tmp/ace6c857-732f-43a7-a88b-73ec5167995a/build/reports/jacoco/test/html/com.worksap.nlp.sudachi.dictionary/CategoryType.html was found using the provided searchPath
[a748dc34-b8c0-43ce-97f8-5203937be0e0/Build]   üí¨  ::debug::File:/tmp/ace6c857-732f-43a7-a88b-73ec5167995a/build/reports/jacoco/test/html/com.worksap.nlp.sudachi.dictionary/CategoryType.java.html was found using the provided searchPath
[a748dc34-b8c0-43ce-97f8-5203937be0e0/Build]   üí¨  ::debug::File:/tmp/ace6c857-732f-43a7-a88b-73ec5167995a/build/reports/jacoco/test/html/com.worksap.nlp.sudachi.dictionary/CharacterCategory$Range.html was found using the provided searchPath
[a748dc34-b8c0-43ce-97f8-5203937be0e0/Build]   üí¨  ::debug::File:/tmp/ace6c857-732f-43a7-a88b-73ec5167995a/build/reports/jacoco/test/html/com.worksap.nlp.sudachi.dictionary/CharacterCategory.html was found using the provided searchPath
[a748dc34-b8c0-43ce-97f8-5203937be0e0/Build]   üí¨  ::debug::File:/tmp/ace6c857-732f-43a7-a88b-73ec5167995a/build/reports/jacoco/test/html/com.worksap.nlp.sudachi.dictionary/CharacterCategory.java.html was found using the provided searchPath
[a748dc34-b8c0-43ce-97f8-5203937be0e0/Build]   üí¨  ::debug::File:/tmp/ace6c857-732f-43a7-a88b-73ec5167995a/build/reports/jacoco/test/html/com.worksap.nlp.sudachi.dictionary/Connection.html was found using the provided searchPath
[a748dc34-b8c0-43ce-97f8-5203937be0e0/Build]   üí¨  ::debug::File:/tmp/ace6c857-732f-43a7-a88b-73ec5167995a/build/reports/jacoco/test/html/com.worksap.nlp.sudachi.dictionary/Connection.java.html was found using the provided searchPath
[a748dc34-b8c0-43ce-97f8-5203937be0e0/Build]   üí¨  ::debug::File:/tmp/ace6c857-732f-43a7-a88b-73ec5167995a/build/reports/jacoco/test/html/com.worksap.nlp.sudachi.dictionary/DictionaryBuilder$StderrProgress.html was found using the provided searchPath
[a748dc34-b8c0-43ce-97f8-5203937be0e0/Build]   üí¨  ::debug::File:/tmp/ace6c857-732f-43a7-a88b-73ec5167995a/build/reports/jacoco/test/html/com.worksap.nlp.sudachi.dictionary/DictionaryBuilder.html was found using the provided searchPath
[a748dc34-b8c0-43ce-97f8-5203937be0e0/Build]   üí¨  ::debug::File:/tmp/ace6c857-732f-43a7-a88b-73ec5167995a/build/reports/jacoco/test/html/com.worksap.nlp.sudachi.dictionary/DictionaryBuilder.java.html was found using the provided searchPath
[a748dc34-b8c0-43ce-97f8-5203937be0e0/Build]   üí¨  ::debug::File:/tmp/ace6c857-732f-43a7-a88b-73ec5167995a/build/reports/jacoco/test/html/com.worksap.nlp.sudachi.dictionary/DictionaryHeader.html was found using the provided searchPath
[a748dc34-b8c0-43ce-97f8-5203937be0e0/Build]   üí¨  ::debug::File:/tmp/ace6c857-732f-43a7-a88b-73ec5167995a/build/reports/jacoco/test/html/com.worksap.nlp.sudachi.dictionary/DictionaryHeader.java.html was found using the provided searchPath
[a748dc34-b8c0-43ce-97f8-5203937be0e0/Build]   üí¨  ::debug::File:/tmp/ace6c857-732f-43a7-a88b-73ec5167995a/build/reports/jacoco/test/html/com.worksap.nlp.sudachi.dictionary/DictionaryHeaderPrinter.html was found using the provided searchPath
[a748dc34-b8c0-43ce-97f8-5203937be0e0/Build]   üí¨  ::debug::File:/tmp/ace6c857-732f-43a7-a88b-73ec5167995a/build/reports/jacoco/test/html/com.worksap.nlp.sudachi.dictionary/DictionaryHeaderPrinter.java.html was found using the provided searchPath
[a748dc34-b8c0-43ce-97f8-5203937be0e0/Build]   üí¨  ::debug::File:/tmp/ace6c857-732f-43a7-a88b-73ec5167995a/build/reports/jacoco/test/html/com.worksap.nlp.sudachi.dictionary/DictionaryPrinter.html was found using the provided searchPath
[a748dc34-b8c0-43ce-97f8-5203937be0e0/Build]   üí¨  ::debug::File:/tmp/ace6c857-732f-43a7-a88b-73ec5167995a/build/reports/jacoco/test/html/com.worksap.nlp.sudachi.dictionary/DictionaryPrinter.java.html was found using the provided searchPath
[a748dc34-b8c0-43ce-97f8-5203937be0e0/Build]   üí¨  ::debug::File:/tmp/ace6c857-732f-43a7-a88b-73ec5167995a/build/reports/jacoco/test/html/com.worksap.nlp.sudachi.dictionary/DictionaryVersion.html was found using the provided searchPath
[a748dc34-b8c0-43ce-97f8-5203937be0e0/Build]   üí¨  ::debug::File:/tmp/ace6c857-732f-43a7-a88b-73ec5167995a/build/reports/jacoco/test/html/com.worksap.nlp.sudachi.dictionary/DictionaryVersion.java.html was found using the provided searchPath
[a748dc34-b8c0-43ce-97f8-5203937be0e0/Build]   üí¨  ::debug::File:/tmp/ace6c857-732f-43a7-a88b-73ec5167995a/build/reports/jacoco/test/html/com.worksap.nlp.sudachi.dictionary/DoubleArrayLexicon$Itr.html was found using the provided searchPath
[a748dc34-b8c0-43ce-97f8-5203937be0e0/Build]   üí¨  ::debug::File:/tmp/ace6c857-732f-43a7-a88b-73ec5167995a/build/reports/jacoco/test/html/com.worksap.nlp.sudachi.dictionary/DoubleArrayLexicon.html was found using the provided searchPath
[a748dc34-b8c0-43ce-97f8-5203937be0e0/Build]   üí¨  ::debug::File:/tmp/ace6c857-732f-43a7-a88b-73ec5167995a/build/reports/jacoco/test/html/com.worksap.nlp.sudachi.dictionary/DoubleArrayLexicon.java.html was found using the provided searchPath
[a748dc34-b8c0-43ce-97f8-5203937be0e0/Build]   üí¨  ::debug::File:/tmp/ace6c857-732f-43a7-a88b-73ec5167995a/build/reports/jacoco/test/html/com.worksap.nlp.sudachi.dictionary/DoubleArrayLookup.html was found using the provided searchPath
[a748dc34-b8c0-43ce-97f8-5203937be0e0/Build]   üí¨  ::debug::File:/tmp/ace6c857-732f-43a7-a88b-73ec5167995a/build/reports/jacoco/test/html/com.worksap.nlp.sudachi.dictionary/DoubleArrayLookup.java.html was found using the provided searchPath
[a748dc34-b8c0-43ce-97f8-5203937be0e0/Build]   üí¨  ::debug::File:/tmp/ace6c857-732f-43a7-a88b-73ec5167995a/build/reports/jacoco/test/html/com.worksap.nlp.sudachi.dictionary/Grammar.html was found using the provided searchPath
[a748dc34-b8c0-43ce-97f8-5203937be0e0/Build]   üí¨  ::debug::File:/tmp/ace6c857-732f-43a7-a88b-73ec5167995a/build/reports/jacoco/test/html/com.worksap.nlp.sudachi.dictionary/Grammar.java.html was found using the provided searchPath
[a748dc34-b8c0-43ce-97f8-5203937be0e0/Build]   üí¨  ::debug::File:/tmp/ace6c857-732f-43a7-a88b-73ec5167995a/build/reports/jacoco/test/html/com.worksap.nlp.sudachi.dictionary/GrammarImpl.html was found using the provided searchPath
[a748dc34-b8c0-43ce-97f8-5203937be0e0/Build]   üí¨  ::debug::File:/tmp/ace6c857-732f-43a7-a88b-73ec5167995a/build/reports/jacoco/test/html/com.worksap.nlp.sudachi.dictionary/GrammarImpl.java.html was found using the provided searchPath
[a748dc34-b8c0-43ce-97f8-5203937be0e0/Build]   üí¨  ::debug::File:/tmp/ace6c857-732f-43a7-a88b-73ec5167995a/build/reports/jacoco/test/html/com.worksap.nlp.sudachi.dictionary/LexiconSet$Itr.html was found using the provided searchPath
[a748dc34-b8c0-43ce-97f8-5203937be0e0/Build]   üí¨  ::debug::File:/tmp/ace6c857-732f-43a7-a88b-73ec5167995a/build/reports/jacoco/test/html/com.worksap.nlp.sudachi.dictionary/LexiconSet.html was found using the provided searchPath
[a748dc34-b8c0-43ce-97f8-5203937be0e0/Build]   üí¨  ::debug::File:/tmp/ace6c857-732f-43a7-a88b-73ec5167995a/build/reports/jacoco/test/html/com.worksap.nlp.sudachi.dictionary/LexiconSet.java.html was found using the provided searchPath
[a748dc34-b8c0-43ce-97f8-5203937be0e0/Build]   üí¨  ::debug::File:/tmp/ace6c857-732f-43a7-a88b-73ec5167995a/build/reports/jacoco/test/html/com.worksap.nlp.sudachi.dictionary/POS.html was found using the provided searchPath
[a748dc34-b8c0-43ce-97f8-5203937be0e0/Build]   üí¨  ::debug::File:/tmp/ace6c857-732f-43a7-a88b-73ec5167995a/build/reports/jacoco/test/html/com.worksap.nlp.sudachi.dictionary/POS.java.html was found using the provided searchPath
[a748dc34-b8c0-43ce-97f8-5203937be0e0/Build]   üí¨  ::debug::File:/tmp/ace6c857-732f-43a7-a88b-73ec5167995a/build/reports/jacoco/test/html/com.worksap.nlp.sudachi.dictionary/UserDictionaryBuilder.html was found using the provided searchPath
[a748dc34-b8c0-43ce-97f8-5203937be0e0/Build]   üí¨  ::debug::File:/tmp/ace6c857-732f-43a7-a88b-73ec5167995a/build/reports/jacoco/test/html/com.worksap.nlp.sudachi.dictionary/UserDictionaryBuilder.java.html was found using the provided searchPath
[a748dc34-b8c0-43ce-97f8-5203937be0e0/Build]   üí¨  ::debug::File:/tmp/ace6c857-732f-43a7-a88b-73ec5167995a/build/reports/jacoco/test/html/com.worksap.nlp.sudachi.dictionary/WordIdTable.html was found using the provided searchPath
[a748dc34-b8c0-43ce-97f8-5203937be0e0/Build]   üí¨  ::debug::File:/tmp/ace6c857-732f-43a7-a88b-73ec5167995a/build/reports/jacoco/test/html/com.worksap.nlp.sudachi.dictionary/WordIdTable.java.html was found using the provided searchPath
[a748dc34-b8c0-43ce-97f8-5203937be0e0/Build]   üí¨  ::debug::File:/tmp/ace6c857-732f-43a7-a88b-73ec5167995a/build/reports/jacoco/test/html/com.worksap.nlp.sudachi.dictionary/WordInfo.html was found using the provided searchPath
[a748dc34-b8c0-43ce-97f8-5203937be0e0/Build]   üí¨  ::debug::File:/tmp/ace6c857-732f-43a7-a88b-73ec5167995a/build/reports/jacoco/test/html/com.worksap.nlp.sudachi.dictionary/WordInfo.java.html was found using the provided searchPath
[a748dc34-b8c0-43ce-97f8-5203937be0e0/Build]   üí¨  ::debug::File:/tmp/ace6c857-732f-43a7-a88b-73ec5167995a/build/reports/jacoco/test/html/com.worksap.nlp.sudachi.dictionary/WordInfoList.html was found using the provided searchPath
[a748dc34-b8c0-43ce-97f8-5203937be0e0/Build]   üí¨  ::debug::File:/tmp/ace6c857-732f-43a7-a88b-73ec5167995a/build/reports/jacoco/test/html/com.worksap.nlp.sudachi.dictionary/WordInfoList.java.html was found using the provided searchPath
[a748dc34-b8c0-43ce-97f8-5203937be0e0/Build]   üí¨  ::debug::File:/tmp/ace6c857-732f-43a7-a88b-73ec5167995a/build/reports/jacoco/test/html/com.worksap.nlp.sudachi.dictionary/WordLookup.html was found using the provided searchPath
[a748dc34-b8c0-43ce-97f8-5203937be0e0/Build]   üí¨  ::debug::File:/tmp/ace6c857-732f-43a7-a88b-73ec5167995a/build/reports/jacoco/test/html/com.worksap.nlp.sudachi.dictionary/WordLookup.java.html was found using the provided searchPath
[a748dc34-b8c0-43ce-97f8-5203937be0e0/Build]   üí¨  ::debug::File:/tmp/ace6c857-732f-43a7-a88b-73ec5167995a/build/reports/jacoco/test/html/com.worksap.nlp.sudachi.dictionary/WordParameterList.html was found using the provided searchPath
[a748dc34-b8c0-43ce-97f8-5203937be0e0/Build]   üí¨  ::debug::File:/tmp/ace6c857-732f-43a7-a88b-73ec5167995a/build/reports/jacoco/test/html/com.worksap.nlp.sudachi.dictionary/WordParameterList.java.html was found using the provided searchPath
[a748dc34-b8c0-43ce-97f8-5203937be0e0/Build]   üí¨  ::debug::File:/tmp/ace6c857-732f-43a7-a88b-73ec5167995a/build/reports/jacoco/test/html/com.worksap.nlp.sudachi.dictionary/index.html was found using the provided searchPath
[a748dc34-b8c0-43ce-97f8-5203937be0e0/Build]   üí¨  ::debug::File:/tmp/ace6c857-732f-43a7-a88b-73ec5167995a/build/reports/jacoco/test/html/com.worksap.nlp.sudachi.dictionary/index.source.html was found using the provided searchPath
[a748dc34-b8c0-43ce-97f8-5203937be0e0/Build]   üí¨  ::debug::Removing /tmp/ace6c857-732f-43a7-a88b-73ec5167995a/build/reports/jacoco/test/html/com.worksap.nlp.sudachi.dictionary.build from rawSearchResults because it is a directory
[a748dc34-b8c0-43ce-97f8-5203937be0e0/Build]   üí¨  ::debug::File:/tmp/ace6c857-732f-43a7-a88b-73ec5167995a/build/reports/jacoco/test/html/com.worksap.nlp.sudachi.dictionary.build/BuildStats.html was found using the provided searchPath
[a748dc34-b8c0-43ce-97f8-5203937be0e0/Build]   üí¨  ::debug::File:/tmp/ace6c857-732f-43a7-a88b-73ec5167995a/build/reports/jacoco/test/html/com.worksap.nlp.sudachi.dictionary.build/BuildStats.java.html was found using the provided searchPath
[a748dc34-b8c0-43ce-97f8-5203937be0e0/Build]   üí¨  ::debug::File:/tmp/ace6c857-732f-43a7-a88b-73ec5167995a/build/reports/jacoco/test/html/com.worksap.nlp.sudachi.dictionary.build/ConnectionMatrix.html was found using the provided searchPath
[a748dc34-b8c0-43ce-97f8-5203937be0e0/Build]   üí¨  ::debug::File:/tmp/ace6c857-732f-43a7-a88b-73ec5167995a/build/reports/jacoco/test/html/com.worksap.nlp.sudachi.dictionary.build/ConnectionMatrix.java.html was found using the provided searchPath
[a748dc34-b8c0-43ce-97f8-5203937be0e0/Build]   üí¨  ::debug::File:/tmp/ace6c857-732f-43a7-a88b-73ec5167995a/build/reports/jacoco/test/html/com.worksap.nlp.sudachi.dictionary.build/CsvLexicon$WordEntry.html was found using the provided searchPath
[a748dc34-b8c0-43ce-97f8-5203937be0e0/Build]   üí¨  ::debug::File:/tmp/ace6c857-732f-43a7-a88b-73ec5167995a/build/reports/jacoco/test/html/com.worksap.nlp.sudachi.dictionary.build/CsvLexicon.html was found using the provided searchPath
[a748dc34-b8c0-43ce-97f8-5203937be0e0/Build]   üí¨  ::debug::File:/tmp/ace6c857-732f-43a7-a88b-73ec5167995a/build/reports/jacoco/test/html/com.worksap.nlp.sudachi.dictionary.build/CsvLexicon.java.html was found using the provided searchPath
[a748dc34-b8c0-43ce-97f8-5203937be0e0/Build]   üí¨  ::debug::File:/tmp/ace6c857-732f-43a7-a88b-73ec5167995a/build/reports/jacoco/test/html/com.worksap.nlp.sudachi.dictionary.build/DicBuffer.html was found using the provided searchPath
[a748dc34-b8c0-43ce-97f8-5203937be0e0/Build]   üí¨  ::debug::File:/tmp/ace6c857-732f-43a7-a88b-73ec5167995a/build/reports/jacoco/test/html/com.worksap.nlp.sudachi.dictionary.build/DicBuffer.java.html was found using the provided searchPath
[a748dc34-b8c0-43ce-97f8-5203937be0e0/Build]   üí¨  ::debug::File:/tmp/ace6c857-732f-43a7-a88b-73ec5167995a/build/reports/jacoco/test/html/com.worksap.nlp.sudachi.dictionary.build/DicBuilder$Base.html was found using the provided searchPath
[a748dc34-b8c0-43ce-97f8-5203937be0e0/Build]   üí¨  ::debug::File:/tmp/ace6c857-732f-43a7-a88b-73ec5167995a/build/reports/jacoco/test/html/com.worksap.nlp.sudachi.dictionary.build/DicBuilder$System.html was found using the provided searchPath
[a748dc34-b8c0-43ce-97f8-5203937be0e0/Build]   üí¨  ::debug::File:/tmp/ace6c857-732f-43a7-a88b-73ec5167995a/build/reports/jacoco/test/html/com.worksap.nlp.sudachi.dictionary.build/DicBuilder$SystemNoMatrix.html was found using the provided searchPath
[a748dc34-b8c0-43ce-97f8-5203937be0e0/Build]   üí¨  ::debug::File:/tmp/ace6c857-732f-43a7-a88b-73ec5167995a/build/reports/jacoco/test/html/com.worksap.nlp.sudachi.dictionary.build/DicBuilder$User.html was found using the provided searchPath
[a748dc34-b8c0-43ce-97f8-5203937be0e0/Build]   üí¨  ::debug::File:/tmp/ace6c857-732f-43a7-a88b-73ec5167995a/build/reports/jacoco/test/html/com.worksap.nlp.sudachi.dictionary.build/DicBuilder.html was found using the provided searchPath
[a748dc34-b8c0-43ce-97f8-5203937be0e0/Build]   üí¨  ::debug::File:/tmp/ace6c857-732f-43a7-a88b-73ec5167995a/build/reports/jacoco/test/html/com.worksap.nlp.sudachi.dictionary.build/DicBuilder.java.html was found using the provided searchPath
[a748dc34-b8c0-43ce-97f8-5203937be0e0/Build]   üí¨  ::debug::File:/tmp/ace6c857-732f-43a7-a88b-73ec5167995a/build/reports/jacoco/test/html/com.worksap.nlp.sudachi.dictionary.build/Index.html~1 was found using the provided searchPath
[a748dc34-b8c0-43ce-97f8-5203937be0e0/Build]   üí¨  ::debug::File:/tmp/ace6c857-732f-43a7-a88b-73ec5167995a/build/reports/jacoco/test/html/com.worksap.nlp.sudachi.dictionary.build/Index.java.html was found using the provided searchPath
[a748dc34-b8c0-43ce-97f8-5203937be0e0/Build]   üí¨  ::debug::File:/tmp/ace6c857-732f-43a7-a88b-73ec5167995a/build/reports/jacoco/test/html/com.worksap.nlp.sudachi.dictionary.build/InputFileException.html was found using the provided searchPath
[a748dc34-b8c0-43ce-97f8-5203937be0e0/Build]   üí¨  ::debug::File:/tmp/ace6c857-732f-43a7-a88b-73ec5167995a/build/reports/jacoco/test/html/com.worksap.nlp.sudachi.dictionary.build/InputFileException.java.html was found using the provided searchPath
[a748dc34-b8c0-43ce-97f8-5203937be0e0/Build]   üí¨  ::debug::File:/tmp/ace6c857-732f-43a7-a88b-73ec5167995a/build/reports/jacoco/test/html/com.worksap.nlp.sudachi.dictionary.build/ModelOutput$Part.html was found using the provided searchPath
[a748dc34-b8c0-43ce-97f8-5203937be0e0/Build]   üí¨  ::debug::File:/tmp/ace6c857-732f-43a7-a88b-73ec5167995a/build/reports/jacoco/test/html/com.worksap.nlp.sudachi.dictionary.build/ModelOutput.html was found using the provided searchPath
[a748dc34-b8c0-43ce-97f8-5203937be0e0/Build]   üí¨  ::debug::File:/tmp/ace6c857-732f-43a7-a88b-73ec5167995a/build/reports/jacoco/test/html/com.worksap.nlp.sudachi.dictionary.build/ModelOutput.java.html was found using the provided searchPath
[a748dc34-b8c0-43ce-97f8-5203937be0e0/Build]   üí¨  ::debug::File:/tmp/ace6c857-732f-43a7-a88b-73ec5167995a/build/reports/jacoco/test/html/com.worksap.nlp.sudachi.dictionary.build/POSTable.html was found using the provided searchPath
[a748dc34-b8c0-43ce-97f8-5203937be0e0/Build]   üí¨  ::debug::File:/tmp/ace6c857-732f-43a7-a88b-73ec5167995a/build/reports/jacoco/test/html/com.worksap.nlp.sudachi.dictionary.build/POSTable.java.html was found using the provided searchPath
[a748dc34-b8c0-43ce-97f8-5203937be0e0/Build]   üí¨  ::debug::File:/tmp/ace6c857-732f-43a7-a88b-73ec5167995a/build/reports/jacoco/test/html/com.worksap.nlp.sudachi.dictionary.build/Parameters.html was found using the provided searchPath
[a748dc34-b8c0-43ce-97f8-5203937be0e0/Build]   üí¨  ::debug::File:/tmp/ace6c857-732f-43a7-a88b-73ec5167995a/build/reports/jacoco/test/html/com.worksap.nlp.sudachi.dictionary.build/Parameters.java.html was found using the provided searchPath
[a748dc34-b8c0-43ce-97f8-5203937be0e0/Build]   üí¨  ::debug::File:/tmp/ace6c857-732f-43a7-a88b-73ec5167995a/build/reports/jacoco/test/html/com.worksap.nlp.sudachi.dictionary.build/Progress$Callback.html was found using the provided searchPath
[a748dc34-b8c0-43ce-97f8-5203937be0e0/Build]   üí¨  ::debug::File:/tmp/ace6c857-732f-43a7-a88b-73ec5167995a/build/reports/jacoco/test/html/com.worksap.nlp.sudachi.dictionary.build/Progress$Kind.html was found using the provided searchPath
[a748dc34-b8c0-43ce-97f8-5203937be0e0/Build]   üí¨  ::debug::File:/tmp/ace6c857-732f-43a7-a88b-73ec5167995a/build/reports/jacoco/test/html/com.worksap.nlp.sudachi.dictionary.build/Progress.html was found using the provided searchPath
[a748dc34-b8c0-43ce-97f8-5203937be0e0/Build]   üí¨  ::debug::File:/tmp/ace6c857-732f-43a7-a88b-73ec5167995a/build/reports/jacoco/test/html/com.worksap.nlp.sudachi.dictionary.build/Progress.java.html was found using the provided searchPath
[a748dc34-b8c0-43ce-97f8-5203937be0e0/Build]   üí¨  ::debug::File:/tmp/ace6c857-732f-43a7-a88b-73ec5167995a/build/reports/jacoco/test/html/com.worksap.nlp.sudachi.dictionary.build/TrackingInputStream.html was found using the provided searchPath
[a748dc34-b8c0-43ce-97f8-5203937be0e0/Build]   üí¨  ::debug::File:/tmp/ace6c857-732f-43a7-a88b-73ec5167995a/build/reports/jacoco/test/html/com.worksap.nlp.sudachi.dictionary.build/TrackingInputStream.java.html was found using the provided searchPath
[a748dc34-b8c0-43ce-97f8-5203937be0e0/Build]   üí¨  ::debug::File:/tmp/ace6c857-732f-43a7-a88b-73ec5167995a/build/reports/jacoco/test/html/com.worksap.nlp.sudachi.dictionary.build/WordLookup$Chain.html was found using the provided searchPath
[a748dc34-b8c0-43ce-97f8-5203937be0e0/Build]   üí¨  ::debug::File:/tmp/ace6c857-732f-43a7-a88b-73ec5167995a/build/reports/jacoco/test/html/com.worksap.nlp.sudachi.dictionary.build/WordLookup$Csv.html was found using the provided searchPath
[a748dc34-b8c0-43ce-97f8-5203937be0e0/Build]   üí¨  ::debug::File:/tmp/ace6c857-732f-43a7-a88b-73ec5167995a/build/reports/jacoco/test/html/com.worksap.nlp.sudachi.dictionary.build/WordLookup$Noop.html was found using the provided searchPath
[a748dc34-b8c0-43ce-97f8-5203937be0e0/Build]   üí¨  ::debug::File:/tmp/ace6c857-732f-43a7-a88b-73ec5167995a/build/reports/jacoco/test/html/com.worksap.nlp.sudachi.dictionary.build/WordLookup$Prebuilt.html was found using the provided searchPath
[a748dc34-b8c0-43ce-97f8-5203937be0e0/Build]   üí¨  ::debug::File:/tmp/ace6c857-732f-43a7-a88b-73ec5167995a/build/reports/jacoco/test/html/com.worksap.nlp.sudachi.dictionary.build/WordLookup.java.html was found using the provided searchPath
[a748dc34-b8c0-43ce-97f8-5203937be0e0/Build]   üí¨  ::debug::File:/tmp/ace6c857-732f-43a7-a88b-73ec5167995a/build/reports/jacoco/test/html/com.worksap.nlp.sudachi.dictionary.build/index.html was found using the provided searchPath
[a748dc34-b8c0-43ce-97f8-5203937be0e0/Build]   üí¨  ::debug::File:/tmp/ace6c857-732f-43a7-a88b-73ec5167995a/build/reports/jacoco/test/html/com.worksap.nlp.sudachi.dictionary.build/index.source.html was found using the provided searchPath
[a748dc34-b8c0-43ce-97f8-5203937be0e0/Build]   üí¨  ::debug::Removing /tmp/ace6c857-732f-43a7-a88b-73ec5167995a/build/reports/jacoco/test/html/com.worksap.nlp.sudachi.sentdetect from rawSearchResults because it is a directory
[a748dc34-b8c0-43ce-97f8-5203937be0e0/Build]   üí¨  ::debug::File:/tmp/ace6c857-732f-43a7-a88b-73ec5167995a/build/reports/jacoco/test/html/com.worksap.nlp.sudachi.sentdetect/SentenceDetector.html was found using the provided searchPath
[a748dc34-b8c0-43ce-97f8-5203937be0e0/Build]   üí¨  ::debug::File:/tmp/ace6c857-732f-43a7-a88b-73ec5167995a/build/reports/jacoco/test/html/com.worksap.nlp.sudachi.sentdetect/SentenceDetector.java.html was found using the provided searchPath
[a748dc34-b8c0-43ce-97f8-5203937be0e0/Build]   üí¨  ::debug::File:/tmp/ace6c857-732f-43a7-a88b-73ec5167995a/build/reports/jacoco/test/html/com.worksap.nlp.sudachi.sentdetect/index.html was found using the provided searchPath
[a748dc34-b8c0-43ce-97f8-5203937be0e0/Build]   üí¨  ::debug::File:/tmp/ace6c857-732f-43a7-a88b-73ec5167995a/build/reports/jacoco/test/html/com.worksap.nlp.sudachi.sentdetect/index.source.html was found using the provided searchPath
[a748dc34-b8c0-43ce-97f8-5203937be0e0/Build]   üí¨  ::debug::File:/tmp/ace6c857-732f-43a7-a88b-73ec5167995a/build/reports/jacoco/test/html/index.html was found using the provided searchPath
[a748dc34-b8c0-43ce-97f8-5203937be0e0/Build]   üí¨  ::debug::Removing /tmp/ace6c857-732f-43a7-a88b-73ec5167995a/build/reports/jacoco/test/html/jacoco-resources from rawSearchResults because it is a directory
[a748dc34-b8c0-43ce-97f8-5203937be0e0/Build]   üí¨  ::debug::File:/tmp/ace6c857-732f-43a7-a88b-73ec5167995a/build/reports/jacoco/test/html/jacoco-resources/branchfc.gif was found using the provided searchPath
[a748dc34-b8c0-43ce-97f8-5203937be0e0/Build]   üí¨  ::debug::File:/tmp/ace6c857-732f-43a7-a88b-73ec5167995a/build/reports/jacoco/test/html/jacoco-resources/branchnc.gif was found using the provided searchPath
[a748dc34-b8c0-43ce-97f8-5203937be0e0/Build]   üí¨  ::debug::File:/tmp/ace6c857-732f-43a7-a88b-73ec5167995a/build/reports/jacoco/test/html/jacoco-resources/branchpc.gif was found using the provided searchPath
[a748dc34-b8c0-43ce-97f8-5203937be0e0/Build]   üí¨  ::debug::File:/tmp/ace6c857-732f-43a7-a88b-73ec5167995a/build/reports/jacoco/test/html/jacoco-resources/bundle.gif was found using the provided searchPath
[a748dc34-b8c0-43ce-97f8-5203937be0e0/Build]   üí¨  ::debug::File:/tmp/ace6c857-732f-43a7-a88b-73ec5167995a/build/reports/jacoco/test/html/jacoco-resources/class.gif was found using the provided searchPath
[a748dc34-b8c0-43ce-97f8-5203937be0e0/Build]   üí¨  ::debug::File:/tmp/ace6c857-732f-43a7-a88b-73ec5167995a/build/reports/jacoco/test/html/jacoco-resources/down.gif was found using the provided searchPath
[a748dc34-b8c0-43ce-97f8-5203937be0e0/Build]   üí¨  ::debug::File:/tmp/ace6c857-732f-43a7-a88b-73ec5167995a/build/reports/jacoco/test/html/jacoco-resources/greenbar.gif was found using the provided searchPath
[a748dc34-b8c0-43ce-97f8-5203937be0e0/Build]   üí¨  ::debug::File:/tmp/ace6c857-732f-43a7-a88b-73ec5167995a/build/reports/jacoco/test/html/jacoco-resources/group.gif was found using the provided searchPath
[a748dc34-b8c0-43ce-97f8-5203937be0e0/Build]   üí¨  ::debug::File:/tmp/ace6c857-732f-43a7-a88b-73ec5167995a/build/reports/jacoco/test/html/jacoco-resources/method.gif was found using the provided searchPath
[a748dc34-b8c0-43ce-97f8-5203937be0e0/Build]   üí¨  ::debug::File:/tmp/ace6c857-732f-43a7-a88b-73ec5167995a/build/reports/jacoco/test/html/jacoco-resources/package.gif was found using the provided searchPath
[a748dc34-b8c0-43ce-97f8-5203937be0e0/Build]   üí¨  ::debug::File:/tmp/ace6c857-732f-43a7-a88b-73ec5167995a/build/reports/jacoco/test/html/jacoco-resources/prettify.css was found using the provided searchPath
[a748dc34-b8c0-43ce-97f8-5203937be0e0/Build]   üí¨  ::debug::File:/tmp/ace6c857-732f-43a7-a88b-73ec5167995a/build/reports/jacoco/test/html/jacoco-resources/prettify.js was found using the provided searchPath
[a748dc34-b8c0-43ce-97f8-5203937be0e0/Build]   üí¨  ::debug::File:/tmp/ace6c857-732f-43a7-a88b-73ec5167995a/build/reports/jacoco/test/html/jacoco-resources/redbar.gif was found using the provided searchPath
[a748dc34-b8c0-43ce-97f8-5203937be0e0/Build]   üí¨  ::debug::File:/tmp/ace6c857-732f-43a7-a88b-73ec5167995a/build/reports/jacoco/test/html/jacoco-resources/report.css was found using the provided searchPath
[a748dc34-b8c0-43ce-97f8-5203937be0e0/Build]   üí¨  ::debug::File:/tmp/ace6c857-732f-43a7-a88b-73ec5167995a/build/reports/jacoco/test/html/jacoco-resources/report.gif was found using the provided searchPath
[a748dc34-b8c0-43ce-97f8-5203937be0e0/Build]   üí¨  ::debug::File:/tmp/ace6c857-732f-43a7-a88b-73ec5167995a/build/reports/jacoco/test/html/jacoco-resources/session.gif was found using the provided searchPath
[a748dc34-b8c0-43ce-97f8-5203937be0e0/Build]   üí¨  ::debug::File:/tmp/ace6c857-732f-43a7-a88b-73ec5167995a/build/reports/jacoco/test/html/jacoco-resources/sort.gif was found using the provided searchPath
[a748dc34-b8c0-43ce-97f8-5203937be0e0/Build]   üí¨  ::debug::File:/tmp/ace6c857-732f-43a7-a88b-73ec5167995a/build/reports/jacoco/test/html/jacoco-resources/sort.js was found using the provided searchPath
[a748dc34-b8c0-43ce-97f8-5203937be0e0/Build]   üí¨  ::debug::File:/tmp/ace6c857-732f-43a7-a88b-73ec5167995a/build/reports/jacoco/test/html/jacoco-resources/source.gif was found using the provided searchPath
[a748dc34-b8c0-43ce-97f8-5203937be0e0/Build]   üí¨  ::debug::File:/tmp/ace6c857-732f-43a7-a88b-73ec5167995a/build/reports/jacoco/test/html/jacoco-resources/up.gif was found using the provided searchPath
[a748dc34-b8c0-43ce-97f8-5203937be0e0/Build]   üí¨  ::debug::File:/tmp/ace6c857-732f-43a7-a88b-73ec5167995a/build/reports/jacoco/test/html/jacoco-sessions.html was found using the provided searchPath
[a748dc34-b8c0-43ce-97f8-5203937be0e0/Build]   üí¨  ::debug::File:/tmp/ace6c857-732f-43a7-a88b-73ec5167995a/build/reports/jacoco/test/jacocoTestReport.xml was found using the provided searchPath
[a748dc34-b8c0-43ce-97f8-5203937be0e0/Build]   üí¨  ::debug::Removing /tmp/ace6c857-732f-43a7-a88b-73ec5167995a/build/reports/tests from rawSearchResults because it is a directory
[a748dc34-b8c0-43ce-97f8-5203937be0e0/Build]   üí¨  ::debug::Removing /tmp/ace6c857-732f-43a7-a88b-73ec5167995a/build/reports/tests/test from rawSearchResults because it is a directory
[a748dc34-b8c0-43ce-97f8-5203937be0e0/Build]   üí¨  ::debug::Removing /tmp/ace6c857-732f-43a7-a88b-73ec5167995a/build/reports/tests/test/classes from rawSearchResults because it is a directory
[a748dc34-b8c0-43ce-97f8-5203937be0e0/Build]   üí¨  ::debug::File:/tmp/ace6c857-732f-43a7-a88b-73ec5167995a/build/reports/tests/test/classes/com.worksap.nlp.sudachi.ConfigTest.html was found using the provided searchPath
[a748dc34-b8c0-43ce-97f8-5203937be0e0/Build]   üí¨  ::debug::File:/tmp/ace6c857-732f-43a7-a88b-73ec5167995a/build/reports/tests/test/classes/com.worksap.nlp.sudachi.DefaultInputTextPluginTest.html was found using the provided searchPath
[a748dc34-b8c0-43ce-97f8-5203937be0e0/Build]   üí¨  ::debug::File:/tmp/ace6c857-732f-43a7-a88b-73ec5167995a/build/reports/tests/test/classes/com.worksap.nlp.sudachi.DictionaryFactoryTest.html was found using the provided searchPath
[a748dc34-b8c0-43ce-97f8-5203937be0e0/Build]   üí¨  ::debug::File:/tmp/ace6c857-732f-43a7-a88b-73ec5167995a/build/reports/tests/test/classes/com.worksap.nlp.sudachi.IgnoreYomiganaPluginTest.html was found using the provided searchPath
[a748dc34-b8c0-43ce-97f8-5203937be0e0/Build]   üí¨  ::debug::File:/tmp/ace6c857-732f-43a7-a88b-73ec5167995a/build/reports/tests/test/classes/com.worksap.nlp.sudachi.InhibitConnectionPluginTest.html was found using the provided searchPath
[a748dc34-b8c0-43ce-97f8-5203937be0e0/Build]   üí¨  ::debug::File:/tmp/ace6c857-732f-43a7-a88b-73ec5167995a/build/reports/tests/test/classes/com.worksap.nlp.sudachi.JapaneseDictionaryTest.html was found using the provided searchPath
[a748dc34-b8c0-43ce-97f8-5203937be0e0/Build]   üí¨  ::debug::File:/tmp/ace6c857-732f-43a7-a88b-73ec5167995a/build/reports/tests/test/classes/com.worksap.nlp.sudachi.JapaneseTokenizerMaskTest.html was found using the provided searchPath
[a748dc34-b8c0-43ce-97f8-5203937be0e0/Build]   üí¨  ::debug::File:/tmp/ace6c857-732f-43a7-a88b-73ec5167995a/build/reports/tests/test/classes/com.worksap.nlp.sudachi.JapaneseTokenizerTest.html was found using the provided searchPath
[a748dc34-b8c0-43ce-97f8-5203937be0e0/Build]   üí¨  ::debug::File:/tmp/ace6c857-732f-43a7-a88b-73ec5167995a/build/reports/tests/test/classes/com.worksap.nlp.sudachi.JoinKatakanaOovPluginTest.html was found using the provided searchPath
[a748dc34-b8c0-43ce-97f8-5203937be0e0/Build]   üí¨  ::debug::File:/tmp/ace6c857-732f-43a7-a88b-73ec5167995a/build/reports/tests/test/classes/com.worksap.nlp.sudachi.JoinNumericPluginTest.html was found using the provided searchPath
[a748dc34-b8c0-43ce-97f8-5203937be0e0/Build]   üí¨  ::debug::File:/tmp/ace6c857-732f-43a7-a88b-73ec5167995a/build/reports/tests/test/classes/com.worksap.nlp.sudachi.MMapTest.html was found using the provided searchPath
[a748dc34-b8c0-43ce-97f8-5203937be0e0/Build]   üí¨  ::debug::File:/tmp/ace6c857-732f-43a7-a88b-73ec5167995a/build/reports/tests/test/classes/com.worksap.nlp.sudachi.MeCabOovProviderPluginTest.html was found using the provided searchPath
[a748dc34-b8c0-43ce-97f8-5203937be0e0/Build]   üí¨  ::debug::File:/tmp/ace6c857-732f-43a7-a88b-73ec5167995a/build/reports/tests/test/classes/com.worksap.nlp.sudachi.MorphemeImplTest.html was found using the provided searchPath
[a748dc34-b8c0-43ce-97f8-5203937be0e0/Build]   üí¨  ::debug::File:/tmp/ace6c857-732f-43a7-a88b-73ec5167995a/build/reports/tests/test/classes/com.worksap.nlp.sudachi.NumericParserTest.html was found using the provided searchPath
[a748dc34-b8c0-43ce-97f8-5203937be0e0/Build]   üí¨  ::debug::File:/tmp/ace6c857-732f-43a7-a88b-73ec5167995a/build/reports/tests/test/classes/com.worksap.nlp.sudachi.OovProviderPluginTest.html was found using the provided searchPath
[a748dc34-b8c0-43ce-97f8-5203937be0e0/Build]   üí¨  ::debug::File:/tmp/ace6c857-732f-43a7-a88b-73ec5167995a/build/reports/tests/test/classes/com.worksap.nlp.sudachi.PathAnchorTest.html was found using the provided searchPath
[a748dc34-b8c0-43ce-97f8-5203937be0e0/Build]   üí¨  ::debug::File:/tmp/ace6c857-732f-43a7-a88b-73ec5167995a/build/reports/tests/test/classes/com.worksap.nlp.sudachi.ProlongedSoundMarkInputTextPluginTest.html was found using the provided searchPath
[a748dc34-b8c0-43ce-97f8-5203937be0e0/Build]   üí¨  ::debug::File:/tmp/ace6c857-732f-43a7-a88b-73ec5167995a/build/reports/tests/test/classes/com.worksap.nlp.sudachi.RegexOovProviderTest.html was found using the provided searchPath
[a748dc34-b8c0-43ce-97f8-5203937be0e0/Build]   üí¨  ::debug::File:/tmp/ace6c857-732f-43a7-a88b-73ec5167995a/build/reports/tests/test/classes/com.worksap.nlp.sudachi.SettingsTest.html was found using the provided searchPath
[a748dc34-b8c0-43ce-97f8-5203937be0e0/Build]   üí¨  ::debug::File:/tmp/ace6c857-732f-43a7-a88b-73ec5167995a/build/reports/tests/test/classes/com.worksap.nlp.sudachi.StringUtilTest.html was found using the provided searchPath
[a748dc34-b8c0-43ce-97f8-5203937be0e0/Build]   üí¨  ::debug::File:/tmp/ace6c857-732f-43a7-a88b-73ec5167995a/build/reports/tests/test/classes/com.worksap.nlp.sudachi.SudachiCommandLineTest.html was found using the provided searchPath
[a748dc34-b8c0-43ce-97f8-5203937be0e0/Build]   üí¨  ::debug::File:/tmp/ace6c857-732f-43a7-a88b-73ec5167995a/build/reports/tests/test/classes/com.worksap.nlp.sudachi.UTF8InputTextTest.html was found using the provided searchPath
[a748dc34-b8c0-43ce-97f8-5203937be0e0/Build]   üí¨  ::debug::File:/tmp/ace6c857-732f-43a7-a88b-73ec5167995a/build/reports/tests/test/classes/com.worksap.nlp.sudachi.UserDictionaryTest.html was found using the provided searchPath
[a748dc34-b8c0-43ce-97f8-5203937be0e0/Build]   üí¨  ::debug::File:/tmp/ace6c857-732f-43a7-a88b-73ec5167995a/build/reports/tests/test/classes/com.worksap.nlp.sudachi.WordIdTest.html was found using the provided searchPath
[a748dc34-b8c0-43ce-97f8-5203937be0e0/Build]   üí¨  ::debug::File:/tmp/ace6c857-732f-43a7-a88b-73ec5167995a/build/reports/tests/test/classes/com.worksap.nlp.sudachi.WordMaskTest.html was found using the provided searchPath
[a748dc34-b8c0-43ce-97f8-5203937be0e0/Build]   üí¨  ::debug::File:/tmp/ace6c857-732f-43a7-a88b-73ec5167995a/build/reports/tests/test/classes/com.worksap.nlp.sudachi.dictionary.CSVParserTest.html was found using the provided searchPath
[a748dc34-b8c0-43ce-97f8-5203937be0e0/Build]   üí¨  ::debug::File:/tmp/ace6c857-732f-43a7-a88b-73ec5167995a/build/reports/tests/test/classes/com.worksap.nlp.sudachi.dictionary.CharacterCategoryTest.html was found using the provided searchPath
[a748dc34-b8c0-43ce-97f8-5203937be0e0/Build]   üí¨  ::debug::File:/tmp/ace6c857-732f-43a7-a88b-73ec5167995a/build/reports/tests/test/classes/com.worksap.nlp.sudachi.dictionary.DictionaryBuilderTest.html was found using the provided searchPath
[a748dc34-b8c0-43ce-97f8-5203937be0e0/Build]   üí¨  ::debug::File:/tmp/ace6c857-732f-43a7-a88b-73ec5167995a/build/reports/tests/test/classes/com.worksap.nlp.sudachi.dictionary.DictionaryHeaderPrinterTest.html was found using the provided searchPath
[a748dc34-b8c0-43ce-97f8-5203937be0e0/Build]   üí¨  ::debug::File:/tmp/ace6c857-732f-43a7-a88b-73ec5167995a/build/reports/tests/test/classes/com.worksap.nlp.sudachi.dictionary.DictionaryHeaderTest.html was found using the provided searchPath
[a748dc34-b8c0-43ce-97f8-5203937be0e0/Build]   üí¨  ::debug::File:/tmp/ace6c857-732f-43a7-a88b-73ec5167995a/build/reports/tests/test/classes/com.worksap.nlp.sudachi.dictionary.DictionaryPrinterTest.html was found using the provided searchPath
[a748dc34-b8c0-43ce-97f8-5203937be0e0/Build]   üí¨  ::debug::File:/tmp/ace6c857-732f-43a7-a88b-73ec5167995a/build/reports/tests/test/classes/com.worksap.nlp.sudachi.dictionary.DoubleArrayLexiconTest.html was found using the provided searchPath
[a748dc34-b8c0-43ce-97f8-5203937be0e0/Build]   üí¨  ::debug::File:/tmp/ace6c857-732f-43a7-a88b-73ec5167995a/build/reports/tests/test/classes/com.worksap.nlp.sudachi.dictionary.GrammarImplTest.html was found using the provided searchPath
[a748dc34-b8c0-43ce-97f8-5203937be0e0/Build]   üí¨  ::debug::File:/tmp/ace6c857-732f-43a7-a88b-73ec5167995a/build/reports/tests/test/classes/com.worksap.nlp.sudachi.dictionary.UserDictionaryBuilderTest.html was found using the provided searchPath
[a748dc34-b8c0-43ce-97f8-5203937be0e0/Build]   üí¨  ::debug::File:/tmp/ace6c857-732f-43a7-a88b-73ec5167995a/build/reports/tests/test/classes/com.worksap.nlp.sudachi.dictionary.build.ConnectionMatrixTest.html was found using the provided searchPath
[a748dc34-b8c0-43ce-97f8-5203937be0e0/Build]   üí¨  ::debug::File:/tmp/ace6c857-732f-43a7-a88b-73ec5167995a/build/reports/tests/test/classes/com.worksap.nlp.sudachi.dictionary.build.CsvLexiconTest.html was found using the provided searchPath
[a748dc34-b8c0-43ce-97f8-5203937be0e0/Build]   üí¨  ::debug::File:/tmp/ace6c857-732f-43a7-a88b-73ec5167995a/build/reports/tests/test/classes/com.worksap.nlp.sudachi.dictionary.build.DicBufferTest.html was found using the provided searchPath
[a748dc34-b8c0-43ce-97f8-5203937be0e0/Build]   üí¨  ::debug::File:/tmp/ace6c857-732f-43a7-a88b-73ec5167995a/build/reports/tests/test/classes/com.worksap.nlp.sudachi.dictionary.build.GrammarTest.html was found using the provided searchPath
[a748dc34-b8c0-43ce-97f8-5203937be0e0/Build]   üí¨  ::debug::File:/tmp/ace6c857-732f-43a7-a88b-73ec5167995a/build/reports/tests/test/classes/com.worksap.nlp.sudachi.dictionary.build.ParametersTest.html was found using the provided searchPath
[a748dc34-b8c0-43ce-97f8-5203937be0e0/Build]   üí¨  ::debug::File:/tmp/ace6c857-732f-43a7-a88b-73ec5167995a/build/reports/tests/test/classes/com.worksap.nlp.sudachi.dictionary.build.SystemDicTest.html was found using the provided searchPath
[a748dc34-b8c0-43ce-97f8-5203937be0e0/Build]   üí¨  ::debug::File:/tmp/ace6c857-732f-43a7-a88b-73ec5167995a/build/reports/tests/test/classes/com.worksap.nlp.sudachi.dictionary.build.UserDicTest.html was found using the provided searchPath
[a748dc34-b8c0-43ce-97f8-5203937be0e0/Build]   üí¨  ::debug::File:/tmp/ace6c857-732f-43a7-a88b-73ec5167995a/build/reports/tests/test/classes/com.worksap.nlp.sudachi.sentdetect.SentenceDetectorTest.html was found using the provided searchPath
[a748dc34-b8c0-43ce-97f8-5203937be0e0/Build]   üí¨  ::debug::Removing /tmp/ace6c857-732f-43a7-a88b-73ec5167995a/build/reports/tests/test/css from rawSearchResults because it is a directory
[a748dc34-b8c0-43ce-97f8-5203937be0e0/Build]   üí¨  ::debug::File:/tmp/ace6c857-732f-43a7-a88b-73ec5167995a/build/reports/tests/test/css/base-style.css was found using the provided searchPath
[a748dc34-b8c0-43ce-97f8-5203937be0e0/Build]   üí¨  ::debug::File:/tmp/ace6c857-732f-43a7-a88b-73ec5167995a/build/reports/tests/test/css/style.css was found using the provided searchPath
[a748dc34-b8c0-43ce-97f8-5203937be0e0/Build]   üí¨  ::debug::File:/tmp/ace6c857-732f-43a7-a88b-73ec5167995a/build/reports/tests/test/index.html was found using the provided searchPath
[a748dc34-b8c0-43ce-97f8-5203937be0e0/Build]   üí¨  ::debug::Removing /tmp/ace6c857-732f-43a7-a88b-73ec5167995a/build/reports/tests/test/js from rawSearchResults because it is a directory
[a748dc34-b8c0-43ce-97f8-5203937be0e0/Build]   üí¨  ::debug::File:/tmp/ace6c857-732f-43a7-a88b-73ec5167995a/build/reports/tests/test/js/report.js was found using the provided searchPath
[a748dc34-b8c0-43ce-97f8-5203937be0e0/Build]   üí¨  ::debug::Removing /tmp/ace6c857-732f-43a7-a88b-73ec5167995a/build/reports/tests/test/packages from rawSearchResults because it is a directory
[a748dc34-b8c0-43ce-97f8-5203937be0e0/Build]   üí¨  ::debug::File:/tmp/ace6c857-732f-43a7-a88b-73ec5167995a/build/reports/tests/test/packages/com.worksap.nlp.sudachi.dictionary.build.html was found using the provided searchPath
[a748dc34-b8c0-43ce-97f8-5203937be0e0/Build]   üí¨  ::debug::File:/tmp/ace6c857-732f-43a7-a88b-73ec5167995a/build/reports/tests/test/packages/com.worksap.nlp.sudachi.dictionary.html was found using the provided searchPath
[a748dc34-b8c0-43ce-97f8-5203937be0e0/Build]   üí¨  ::debug::File:/tmp/ace6c857-732f-43a7-a88b-73ec5167995a/build/reports/tests/test/packages/com.worksap.nlp.sudachi.html was found using the provided searchPath
[a748dc34-b8c0-43ce-97f8-5203937be0e0/Build]   üí¨  ::debug::File:/tmp/ace6c857-732f-43a7-a88b-73ec5167995a/build/reports/tests/test/packages/com.worksap.nlp.sudachi.sentdetect.html was found using the provided searchPath
[a748dc34-b8c0-43ce-97f8-5203937be0e0/Build]   | With the provided path, there will be 259 files uploaded
[a748dc34-b8c0-43ce-97f8-5203937be0e0/Build]   üí¨  ::debug::Root artifact directory is /tmp/ace6c857-732f-43a7-a88b-73ec5167995a/build/reports
[a748dc34-b8c0-43ce-97f8-5203937be0e0/Build]   | Starting artifact upload
[a748dc34-b8c0-43ce-97f8-5203937be0e0/Build]   | For more detailed logs during the artifact upload process, enable step-debugging: https://docs.github.com/actions/monitoring-and-troubleshooting-workflows/enabling-debug-logging#enabling-step-debug-logging
[a748dc34-b8c0-43ce-97f8-5203937be0e0/Build]   | Artifact name is valid!
[a748dc34-b8c0-43ce-97f8-5203937be0e0/Build]   ‚ùó  ::error::Unable to get ACTIONS_RUNTIME_TOKEN env variable
[a748dc34-b8c0-43ce-97f8-5203937be0e0/Build]   ‚ùå  Failure - Main actions/upload-artifact@v3
[a748dc34-b8c0-43ce-97f8-5203937be0e0/Build] exitcode '1': failure
[a748dc34-b8c0-43ce-97f8-5203937be0e0/Build] unable to get git ref: failed to identify reference (tag/branch) for the checked-out revision 'ca16a73fb229e4b13ecaa83fda57cd355c5418e4'
[a748dc34-b8c0-43ce-97f8-5203937be0e0/Build] unable to get git ref: failed to identify reference (tag/branch) for the checked-out revision 'ca16a73fb229e4b13ecaa83fda57cd355c5418e4'
[a748dc34-b8c0-43ce-97f8-5203937be0e0/Build] unable to get git ref: failed to identify reference (tag/branch) for the checked-out revision 'ca16a73fb229e4b13ecaa83fda57cd355c5418e4'
[a748dc34-b8c0-43ce-97f8-5203937be0e0/Build] unable to get git ref: failed to identify reference (tag/branch) for the checked-out revision 'ca16a73fb229e4b13ecaa83fda57cd355c5418e4'
[a748dc34-b8c0-43ce-97f8-5203937be0e0/Build] unable to get git ref: failed to identify reference (tag/branch) for the checked-out revision 'ca16a73fb229e4b13ecaa83fda57cd355c5418e4'
[a748dc34-b8c0-43ce-97f8-5203937be0e0/Build] unable to get git ref: failed to identify reference (tag/branch) for the checked-out revision 'ca16a73fb229e4b13ecaa83fda57cd355c5418e4'
[a748dc34-b8c0-43ce-97f8-5203937be0e0/Build] unable to get git ref: failed to identify reference (tag/branch) for the checked-out revision 'ca16a73fb229e4b13ecaa83fda57cd355c5418e4'
[a748dc34-b8c0-43ce-97f8-5203937be0e0/Build] unable to get git ref: failed to identify reference (tag/branch) for the checked-out revision 'ca16a73fb229e4b13ecaa83fda57cd355c5418e4'
[a748dc34-b8c0-43ce-97f8-5203937be0e0/Build] unable to get git ref: failed to identify reference (tag/branch) for the checked-out revision 'ca16a73fb229e4b13ecaa83fda57cd355c5418e4'
[a748dc34-b8c0-43ce-97f8-5203937be0e0/Build] unable to get git ref: failed to identify reference (tag/branch) for the checked-out revision 'ca16a73fb229e4b13ecaa83fda57cd355c5418e4'
[a748dc34-b8c0-43ce-97f8-5203937be0e0/Build] unable to get git ref: failed to identify reference (tag/branch) for the checked-out revision 'ca16a73fb229e4b13ecaa83fda57cd355c5418e4'
[a748dc34-b8c0-43ce-97f8-5203937be0e0/Build] unable to get git ref: failed to identify reference (tag/branch) for the checked-out revision 'ca16a73fb229e4b13ecaa83fda57cd355c5418e4'
[a748dc34-b8c0-43ce-97f8-5203937be0e0/Build] unable to get git ref: failed to identify reference (tag/branch) for the checked-out revision 'ca16a73fb229e4b13ecaa83fda57cd355c5418e4'
[a748dc34-b8c0-43ce-97f8-5203937be0e0/Build] unable to get git ref: failed to identify reference (tag/branch) for the checked-out revision 'ca16a73fb229e4b13ecaa83fda57cd355c5418e4'
[a748dc34-b8c0-43ce-97f8-5203937be0e0/Build] unable to get git ref: failed to identify reference (tag/branch) for the checked-out revision 'ca16a73fb229e4b13ecaa83fda57cd355c5418e4'
[a748dc34-b8c0-43ce-97f8-5203937be0e0/Build] ‚≠ê Run Post Set up JDK 11
[a748dc34-b8c0-43ce-97f8-5203937be0e0/Build]   üê≥  docker exec cmd=[node /var/run/act/actions/actions-setup-java@v3/dist/cleanup/index.js] user= workdir=
[a748dc34-b8c0-43ce-97f8-5203937be0e0/Build]   üöß  ::warning::Error retrieving key from state.
[a748dc34-b8c0-43ce-97f8-5203937be0e0/Build]   ‚úÖ  Success - Post Set up JDK 11
[a748dc34-b8c0-43ce-97f8-5203937be0e0/Build] üèÅ  Job failed
[a748dc34-b8c0-43ce-97f8-5203937be0e0/Build] unable to get git ref: failed to identify reference (tag/branch) for the checked-out revision 'ca16a73fb229e4b13ecaa83fda57cd355c5418e4'
