[f12980fa-ecf1-4ead-8f78-7009773e1ba4/Build] ğŸš€  Start image=crawlergpt:latest
[f12980fa-ecf1-4ead-8f78-7009773e1ba4/Build]   ğŸ³  docker pull image=crawlergpt:latest platform= username= forcePull=false
[f12980fa-ecf1-4ead-8f78-7009773e1ba4/Build]   ğŸ³  docker create image=crawlergpt:latest platform= entrypoint=["tail" "-f" "/dev/null"] cmd=[]
[f12980fa-ecf1-4ead-8f78-7009773e1ba4/Build]   ğŸ³  docker run image=crawlergpt:latest platform= entrypoint=["tail" "-f" "/dev/null"] cmd=[]
[f12980fa-ecf1-4ead-8f78-7009773e1ba4/Build]   ğŸ³  docker exec cmd=[chown -R 1012:1013 /tmp/c2091b61-2621-4833-acdb-7a30d3c25245] user=0 workdir=
[f12980fa-ecf1-4ead-8f78-7009773e1ba4/Build] unable to get git ref: failed to identify reference (tag/branch) for the checked-out revision '0c277489bc19b62433595a5381074c9b4dd1da16'
[f12980fa-ecf1-4ead-8f78-7009773e1ba4/Build] unable to get git ref: failed to identify reference (tag/branch) for the checked-out revision '0c277489bc19b62433595a5381074c9b4dd1da16'
[f12980fa-ecf1-4ead-8f78-7009773e1ba4/Build] unable to get git ref: failed to identify reference (tag/branch) for the checked-out revision '0c277489bc19b62433595a5381074c9b4dd1da16'
[f12980fa-ecf1-4ead-8f78-7009773e1ba4/Build] unable to get git ref: failed to identify reference (tag/branch) for the checked-out revision '0c277489bc19b62433595a5381074c9b4dd1da16'
[f12980fa-ecf1-4ead-8f78-7009773e1ba4/Build] unable to get git ref: failed to identify reference (tag/branch) for the checked-out revision '0c277489bc19b62433595a5381074c9b4dd1da16'
[f12980fa-ecf1-4ead-8f78-7009773e1ba4/Build] unable to get git ref: failed to identify reference (tag/branch) for the checked-out revision '0c277489bc19b62433595a5381074c9b4dd1da16'
[f12980fa-ecf1-4ead-8f78-7009773e1ba4/Build] unable to get git ref: failed to identify reference (tag/branch) for the checked-out revision '0c277489bc19b62433595a5381074c9b4dd1da16'
[f12980fa-ecf1-4ead-8f78-7009773e1ba4/Build] unable to get git ref: failed to identify reference (tag/branch) for the checked-out revision '0c277489bc19b62433595a5381074c9b4dd1da16'
[f12980fa-ecf1-4ead-8f78-7009773e1ba4/Build] unable to get git ref: failed to identify reference (tag/branch) for the checked-out revision '0c277489bc19b62433595a5381074c9b4dd1da16'
[f12980fa-ecf1-4ead-8f78-7009773e1ba4/Build] â­ Run Main Checkout code
[f12980fa-ecf1-4ead-8f78-7009773e1ba4/Build] unable to get git ref: failed to identify reference (tag/branch) for the checked-out revision '0c277489bc19b62433595a5381074c9b4dd1da16'
[f12980fa-ecf1-4ead-8f78-7009773e1ba4/Build]   âœ…  Success - Main Checkout code
[f12980fa-ecf1-4ead-8f78-7009773e1ba4/Build] unable to get git ref: failed to identify reference (tag/branch) for the checked-out revision '0c277489bc19b62433595a5381074c9b4dd1da16'
[f12980fa-ecf1-4ead-8f78-7009773e1ba4/Build] unable to get git ref: failed to identify reference (tag/branch) for the checked-out revision '0c277489bc19b62433595a5381074c9b4dd1da16'
[f12980fa-ecf1-4ead-8f78-7009773e1ba4/Build] unable to get git ref: failed to identify reference (tag/branch) for the checked-out revision '0c277489bc19b62433595a5381074c9b4dd1da16'
[f12980fa-ecf1-4ead-8f78-7009773e1ba4/Build] unable to get git ref: failed to identify reference (tag/branch) for the checked-out revision '0c277489bc19b62433595a5381074c9b4dd1da16'
[f12980fa-ecf1-4ead-8f78-7009773e1ba4/Build] unable to get git ref: failed to identify reference (tag/branch) for the checked-out revision '0c277489bc19b62433595a5381074c9b4dd1da16'
[f12980fa-ecf1-4ead-8f78-7009773e1ba4/Build] â­ Run Main Set up JDK 11
[f12980fa-ecf1-4ead-8f78-7009773e1ba4/Build] unable to get git ref: failed to identify reference (tag/branch) for the checked-out revision '0c277489bc19b62433595a5381074c9b4dd1da16'
[f12980fa-ecf1-4ead-8f78-7009773e1ba4/Build] unable to get git ref: failed to identify reference (tag/branch) for the checked-out revision '0c277489bc19b62433595a5381074c9b4dd1da16'
[f12980fa-ecf1-4ead-8f78-7009773e1ba4/Build] unable to get git ref: failed to identify reference (tag/branch) for the checked-out revision '0c277489bc19b62433595a5381074c9b4dd1da16'
[f12980fa-ecf1-4ead-8f78-7009773e1ba4/Build]   ğŸ³  docker cp src=/tmp/act-cache/8abb5cc6-a424-41c5-842a-0c44f5e5747b/act/actions-setup-java@v1/ dst=/var/run/act/actions/actions-setup-java@v1/
[f12980fa-ecf1-4ead-8f78-7009773e1ba4/Build]   ğŸ³  docker exec cmd=[chown -R 1012:1013 /var/run/act/actions/actions-setup-java@v1/] user=0 workdir=
[f12980fa-ecf1-4ead-8f78-7009773e1ba4/Build]   ğŸ³  docker exec cmd=[node /var/run/act/actions/actions-setup-java@v1/dist/setup/index.js] user= workdir=
[f12980fa-ecf1-4ead-8f78-7009773e1ba4/Build]   ğŸ’¬  ::debug::isExplicit: 
[f12980fa-ecf1-4ead-8f78-7009773e1ba4/Build]   ğŸ’¬  ::debug::explicit? false
[f12980fa-ecf1-4ead-8f78-7009773e1ba4/Build]   ğŸ’¬  ::debug::evaluating 0 versions
[f12980fa-ecf1-4ead-8f78-7009773e1ba4/Build]   ğŸ’¬  ::debug::match not found
[f12980fa-ecf1-4ead-8f78-7009773e1ba4/Build]   ğŸ’¬  ::debug::Downloading JDK from Azul
[f12980fa-ecf1-4ead-8f78-7009773e1ba4/Build]   ğŸ’¬  ::debug::Searching for files with extension: -linux_x64.tar.gz
[f12980fa-ecf1-4ead-8f78-7009773e1ba4/Build]   ğŸ’¬  ::debug::Downloading https://static.azul.com/zulu/bin/zulu11.64.19-ca-jdk11.0.19-linux_x64.tar.gz
[f12980fa-ecf1-4ead-8f78-7009773e1ba4/Build]   ğŸ’¬  ::debug::Downloading /tmp/169fe49e-3b00-44c7-8a53-c4681211f50b
[f12980fa-ecf1-4ead-8f78-7009773e1ba4/Build]   ğŸ’¬  ::debug::download complete
[f12980fa-ecf1-4ead-8f78-7009773e1ba4/Build]   | [command]/usr/bin/tar --version
[f12980fa-ecf1-4ead-8f78-7009773e1ba4/Build]   | tar (GNU tar) 1.30
[f12980fa-ecf1-4ead-8f78-7009773e1ba4/Build]   | Copyright (C) 2017 Free Software Foundation, Inc.
[f12980fa-ecf1-4ead-8f78-7009773e1ba4/Build]   | License GPLv3+: GNU GPL version 3 or later <https://gnu.org/licenses/gpl.html>.
[f12980fa-ecf1-4ead-8f78-7009773e1ba4/Build]   | This is free software: you are free to change and redistribute it.
[f12980fa-ecf1-4ead-8f78-7009773e1ba4/Build]   | There is NO WARRANTY, to the extent permitted by law.
[f12980fa-ecf1-4ead-8f78-7009773e1ba4/Build]   | 
[f12980fa-ecf1-4ead-8f78-7009773e1ba4/Build]   | Written by John Gilmore and Jay Fenlason.
[f12980fa-ecf1-4ead-8f78-7009773e1ba4/Build]   | [command]/usr/bin/tar xz --warning=no-unknown-keyword -C /tmp/temp_1161977215 -f /tmp/169fe49e-3b00-44c7-8a53-c4681211f50b
[f12980fa-ecf1-4ead-8f78-7009773e1ba4/Build]   ğŸ’¬  ::debug::jdk extracted to /tmp/temp_1161977215/zulu11.64.19-ca-jdk11.0.19-linux_x64
[f12980fa-ecf1-4ead-8f78-7009773e1ba4/Build]   ğŸ’¬  ::debug::Caching tool jdk 11.0.19 x64
[f12980fa-ecf1-4ead-8f78-7009773e1ba4/Build]   ğŸ’¬  ::debug::source dir: /tmp/temp_1161977215/zulu11.64.19-ca-jdk11.0.19-linux_x64
[f12980fa-ecf1-4ead-8f78-7009773e1ba4/Build]   ğŸ’¬  ::debug::destination /opt/hostedtoolcache/jdk/11.0.19/x64
[f12980fa-ecf1-4ead-8f78-7009773e1ba4/Build]   ğŸ’¬  ::debug::finished caching tool
[f12980fa-ecf1-4ead-8f78-7009773e1ba4/Build]   â“ add-matcher /run/act/actions/actions-setup-java@v1/.github/java.json
[f12980fa-ecf1-4ead-8f78-7009773e1ba4/Build]   | creating settings.xml with server-id: github; environment variables: username=$GITHUB_ACTOR, password=$GITHUB_TOKEN, and gpg-passphrase=null
[f12980fa-ecf1-4ead-8f78-7009773e1ba4/Build]   ğŸ’¬  ::debug::created directory /home/runneradmin/.m2
[f12980fa-ecf1-4ead-8f78-7009773e1ba4/Build]   | writing /home/runneradmin/.m2/settings.xml
[f12980fa-ecf1-4ead-8f78-7009773e1ba4/Build]   âœ…  Success - Main Set up JDK 11
[f12980fa-ecf1-4ead-8f78-7009773e1ba4/Build]   âš™  ::set-env:: JAVA_HOME_11.0.19_x64=/opt/hostedtoolcache/jdk/11.0.19/x64
[f12980fa-ecf1-4ead-8f78-7009773e1ba4/Build]   âš™  ::set-env:: JAVA_HOME=/opt/hostedtoolcache/jdk/11.0.19/x64
[f12980fa-ecf1-4ead-8f78-7009773e1ba4/Build]   âš™  ::set-env:: JAVA_HOME_11_0_19_X64=/opt/hostedtoolcache/jdk/11.0.19/x64
[f12980fa-ecf1-4ead-8f78-7009773e1ba4/Build]   âš™  ::set-output:: path=/opt/hostedtoolcache/jdk/11.0.19/x64
[f12980fa-ecf1-4ead-8f78-7009773e1ba4/Build]   âš™  ::set-output:: version=11.0.19
[f12980fa-ecf1-4ead-8f78-7009773e1ba4/Build]   âš™  ::add-path:: /opt/hostedtoolcache/jdk/11.0.19/x64/bin
[f12980fa-ecf1-4ead-8f78-7009773e1ba4/Build] unable to get git ref: failed to identify reference (tag/branch) for the checked-out revision '0c277489bc19b62433595a5381074c9b4dd1da16'
[f12980fa-ecf1-4ead-8f78-7009773e1ba4/Build] unable to get git ref: failed to identify reference (tag/branch) for the checked-out revision '0c277489bc19b62433595a5381074c9b4dd1da16'
[f12980fa-ecf1-4ead-8f78-7009773e1ba4/Build] unable to get git ref: failed to identify reference (tag/branch) for the checked-out revision '0c277489bc19b62433595a5381074c9b4dd1da16'
[f12980fa-ecf1-4ead-8f78-7009773e1ba4/Build] unable to get git ref: failed to identify reference (tag/branch) for the checked-out revision '0c277489bc19b62433595a5381074c9b4dd1da16'
[f12980fa-ecf1-4ead-8f78-7009773e1ba4/Build] unable to get git ref: failed to identify reference (tag/branch) for the checked-out revision '0c277489bc19b62433595a5381074c9b4dd1da16'
[f12980fa-ecf1-4ead-8f78-7009773e1ba4/Build] â­ Run Main Build with Gradle
[f12980fa-ecf1-4ead-8f78-7009773e1ba4/Build] unable to get git ref: failed to identify reference (tag/branch) for the checked-out revision '0c277489bc19b62433595a5381074c9b4dd1da16'
[f12980fa-ecf1-4ead-8f78-7009773e1ba4/Build] unable to get git ref: failed to identify reference (tag/branch) for the checked-out revision '0c277489bc19b62433595a5381074c9b4dd1da16'
[f12980fa-ecf1-4ead-8f78-7009773e1ba4/Build] unable to get git ref: failed to identify reference (tag/branch) for the checked-out revision '0c277489bc19b62433595a5381074c9b4dd1da16'
[f12980fa-ecf1-4ead-8f78-7009773e1ba4/Build] unable to get git ref: failed to identify reference (tag/branch) for the checked-out revision '0c277489bc19b62433595a5381074c9b4dd1da16'
[f12980fa-ecf1-4ead-8f78-7009773e1ba4/Build]   ğŸ³  docker exec cmd=[bash --noprofile --norc -e -o pipefail /var/run/act/workflow/2] user= workdir=
[f12980fa-ecf1-4ead-8f78-7009773e1ba4/Build]   | Downloading https://services.gradle.org/distributions/gradle-6.9.1-all.zip
[f12980fa-ecf1-4ead-8f78-7009773e1ba4/Build]   | ..............10%..............20%...............30%..............40%..............50%...............60%..............70%..............80%...............90%..............100%
[f12980fa-ecf1-4ead-8f78-7009773e1ba4/Build]   | 
[f12980fa-ecf1-4ead-8f78-7009773e1ba4/Build]   | Welcome to Gradle 6.9.1!
[f12980fa-ecf1-4ead-8f78-7009773e1ba4/Build]   | 
[f12980fa-ecf1-4ead-8f78-7009773e1ba4/Build]   | Here are the highlights of this release:
[f12980fa-ecf1-4ead-8f78-7009773e1ba4/Build]   |  - This is a small backport release.
[f12980fa-ecf1-4ead-8f78-7009773e1ba4/Build]   |  - Java 16 can be used to compile when used with Java toolchains
[f12980fa-ecf1-4ead-8f78-7009773e1ba4/Build]   |  - Dynamic versions can be used within plugin declarations
[f12980fa-ecf1-4ead-8f78-7009773e1ba4/Build]   |  - Native support for Apple Silicon processors
[f12980fa-ecf1-4ead-8f78-7009773e1ba4/Build]   | 
[f12980fa-ecf1-4ead-8f78-7009773e1ba4/Build]   | For more details see https://docs.gradle.org/6.9.1/release-notes.html
[f12980fa-ecf1-4ead-8f78-7009773e1ba4/Build]   | 
[f12980fa-ecf1-4ead-8f78-7009773e1ba4/Build]   | Starting a Gradle Daemon (subsequent builds will be faster)
[f12980fa-ecf1-4ead-8f78-7009773e1ba4/Build]   | > Task :compileJava UP-TO-DATE
[f12980fa-ecf1-4ead-8f78-7009773e1ba4/Build]   | > Task :processResources UP-TO-DATE
[f12980fa-ecf1-4ead-8f78-7009773e1ba4/Build]   | > Task :classes UP-TO-DATE
[f12980fa-ecf1-4ead-8f78-7009773e1ba4/Build]   | > Task :jar UP-TO-DATE
[f12980fa-ecf1-4ead-8f78-7009773e1ba4/Build]   | > Task :distTar UP-TO-DATE
[f12980fa-ecf1-4ead-8f78-7009773e1ba4/Build]   | > Task :distZip UP-TO-DATE
[f12980fa-ecf1-4ead-8f78-7009773e1ba4/Build]   | > Task :assemble UP-TO-DATE
[f12980fa-ecf1-4ead-8f78-7009773e1ba4/Build]   | 
[f12980fa-ecf1-4ead-8f78-7009773e1ba4/Build]   | > Task :compileTestJava
[f12980fa-ecf1-4ead-8f78-7009773e1ba4/Build]   | 
[f12980fa-ecf1-4ead-8f78-7009773e1ba4/Build]   | > Task :processTestResources UP-TO-DATE
[f12980fa-ecf1-4ead-8f78-7009773e1ba4/Build]   | > Task :testClasses
[f12980fa-ecf1-4ead-8f78-7009773e1ba4/Build]   | Note: /tmp/c2091b61-2621-4833-acdb-7a30d3c25245/src/test/java/io/aiven/kafka/connect/http/converter/RecordValueConverterTest.java uses unchecked or unsafe operations.
[f12980fa-ecf1-4ead-8f78-7009773e1ba4/Build]   | Note: Recompile with -Xlint:unchecked for details.
[f12980fa-ecf1-4ead-8f78-7009773e1ba4/Build]   | > Task :compileIntegrationTestJava UP-TO-DATE
[f12980fa-ecf1-4ead-8f78-7009773e1ba4/Build]   | > Task :processIntegrationTestResources NO-SOURCE
[f12980fa-ecf1-4ead-8f78-7009773e1ba4/Build]   | > Task :integrationTestClasses UP-TO-DATE
[f12980fa-ecf1-4ead-8f78-7009773e1ba4/Build]   | > Task :checkstyleIntegrationTest
[f12980fa-ecf1-4ead-8f78-7009773e1ba4/Build]   | > Task :checkstyleMain UP-TO-DATE
[f12980fa-ecf1-4ead-8f78-7009773e1ba4/Build]   | > Task :checkstyleTest
[f12980fa-ecf1-4ead-8f78-7009773e1ba4/Build]   | 
[f12980fa-ecf1-4ead-8f78-7009773e1ba4/Build]   | > Task :test
[f12980fa-ecf1-4ead-8f78-7009773e1ba4/Build]   | 
[f12980fa-ecf1-4ead-8f78-7009773e1ba4/Build]   | RecordValueConverterTest > convertHashMapRecord() FAILED
[f12980fa-ecf1-4ead-8f78-7009773e1ba4/Build]   |     org.apache.kafka.connect.errors.DataException at RecordValueConverterTest.java:81
[f12980fa-ecf1-4ead-8f78-7009773e1ba4/Build]   | 
[f12980fa-ecf1-4ead-8f78-7009773e1ba4/Build]   | 45 tests completed, 1 failed
[f12980fa-ecf1-4ead-8f78-7009773e1ba4/Build]   | 
[f12980fa-ecf1-4ead-8f78-7009773e1ba4/Build]   | > Task :test FAILED
[f12980fa-ecf1-4ead-8f78-7009773e1ba4/Build]   | 
[f12980fa-ecf1-4ead-8f78-7009773e1ba4/Build]   | Deprecated Gradle features were used in this build, making it incompatible with Gradle 7.0.
[f12980fa-ecf1-4ead-8f78-7009773e1ba4/Build]   | Use '--warning-mode all' to show the individual deprecation warnings.
[f12980fa-ecf1-4ead-8f78-7009773e1ba4/Build]   | See https://docs.gradle.org/6.9.1/userguide/command_line_interface.html#sec:command_line_warnings
[f12980fa-ecf1-4ead-8f78-7009773e1ba4/Build]   | 12 actionable tasks: 4 executed, 8 up-to-date
[f12980fa-ecf1-4ead-8f78-7009773e1ba4/Build]   | 
[f12980fa-ecf1-4ead-8f78-7009773e1ba4/Build]   | FAILURE: Build failed with an exception.
[f12980fa-ecf1-4ead-8f78-7009773e1ba4/Build]   | 
[f12980fa-ecf1-4ead-8f78-7009773e1ba4/Build]   | * What went wrong:
[f12980fa-ecf1-4ead-8f78-7009773e1ba4/Build]   | Execution failed for task ':test'.
[f12980fa-ecf1-4ead-8f78-7009773e1ba4/Build]   | > There were failing tests. See the report at: file:///tmp/c2091b61-2621-4833-acdb-7a30d3c25245/build/reports/tests/test/index.html
[f12980fa-ecf1-4ead-8f78-7009773e1ba4/Build]   | 
[f12980fa-ecf1-4ead-8f78-7009773e1ba4/Build]   | * Try:
[f12980fa-ecf1-4ead-8f78-7009773e1ba4/Build]   | Run with --stacktrace option to get the stack trace. Run with --info or --debug option to get more log output. Run with --scan to get full insights.
[f12980fa-ecf1-4ead-8f78-7009773e1ba4/Build]   | 
[f12980fa-ecf1-4ead-8f78-7009773e1ba4/Build]   | * Get more help at https://help.gradle.org
[f12980fa-ecf1-4ead-8f78-7009773e1ba4/Build]   | 
[f12980fa-ecf1-4ead-8f78-7009773e1ba4/Build]   | BUILD FAILED in 1m 0s
[f12980fa-ecf1-4ead-8f78-7009773e1ba4/Build]   âŒ  Failure - Main Build with Gradle
[f12980fa-ecf1-4ead-8f78-7009773e1ba4/Build] exitcode '1': failure
[f12980fa-ecf1-4ead-8f78-7009773e1ba4/Build] unable to get git ref: failed to identify reference (tag/branch) for the checked-out revision '0c277489bc19b62433595a5381074c9b4dd1da16'
[f12980fa-ecf1-4ead-8f78-7009773e1ba4/Build] unable to get git ref: failed to identify reference (tag/branch) for the checked-out revision '0c277489bc19b62433595a5381074c9b4dd1da16'
[f12980fa-ecf1-4ead-8f78-7009773e1ba4/Build] unable to get git ref: failed to identify reference (tag/branch) for the checked-out revision '0c277489bc19b62433595a5381074c9b4dd1da16'
[f12980fa-ecf1-4ead-8f78-7009773e1ba4/Build] unable to get git ref: failed to identify reference (tag/branch) for the checked-out revision '0c277489bc19b62433595a5381074c9b4dd1da16'
[f12980fa-ecf1-4ead-8f78-7009773e1ba4/Build] unable to get git ref: failed to identify reference (tag/branch) for the checked-out revision '0c277489bc19b62433595a5381074c9b4dd1da16'
[f12980fa-ecf1-4ead-8f78-7009773e1ba4/Build] â­ Run Post Set up JDK 11
[f12980fa-ecf1-4ead-8f78-7009773e1ba4/Build]   ğŸ³  docker exec cmd=[node /var/run/act/actions/actions-setup-java@v1/dist/cleanup/index.js] user= workdir=
[f12980fa-ecf1-4ead-8f78-7009773e1ba4/Build]   âœ…  Success - Post Set up JDK 11
[f12980fa-ecf1-4ead-8f78-7009773e1ba4/Build] ğŸ  Job failed
[f12980fa-ecf1-4ead-8f78-7009773e1ba4/Build] unable to get git ref: failed to identify reference (tag/branch) for the checked-out revision '0c277489bc19b62433595a5381074c9b4dd1da16'
