[fca095b6-a6b4-4629-abf0-5ac7599eaf6a/build] ğŸš€  Start image=gitbugactions:latest
[fca095b6-a6b4-4629-abf0-5ac7599eaf6a/build]   ğŸ³  docker pull image=gitbugactions:latest platform= username= forcePull=false
[fca095b6-a6b4-4629-abf0-5ac7599eaf6a/build]   ğŸ³  docker create image=gitbugactions:latest platform= entrypoint=["tail" "-f" "/dev/null"] cmd=[]
[fca095b6-a6b4-4629-abf0-5ac7599eaf6a/build]   ğŸ³  docker run image=gitbugactions:latest platform= entrypoint=["tail" "-f" "/dev/null"] cmd=[]
[fca095b6-a6b4-4629-abf0-5ac7599eaf6a/build]   ğŸ³  docker exec cmd=[chown -R 1012:1013 /tmp/63a43930-6bc1-451e-bd0c-884001fb4d7d] user=0 workdir=
[fca095b6-a6b4-4629-abf0-5ac7599eaf6a/build] unable to get git ref: failed to identify reference (tag/branch) for the checked-out revision '6d9d7a79de7b1a8f25aef7850e4666c864557ae9'
[fca095b6-a6b4-4629-abf0-5ac7599eaf6a/build] unable to get git ref: failed to identify reference (tag/branch) for the checked-out revision '6d9d7a79de7b1a8f25aef7850e4666c864557ae9'
[fca095b6-a6b4-4629-abf0-5ac7599eaf6a/build] unable to get git ref: failed to identify reference (tag/branch) for the checked-out revision '6d9d7a79de7b1a8f25aef7850e4666c864557ae9'
[fca095b6-a6b4-4629-abf0-5ac7599eaf6a/build] unable to get git ref: failed to identify reference (tag/branch) for the checked-out revision '6d9d7a79de7b1a8f25aef7850e4666c864557ae9'
[fca095b6-a6b4-4629-abf0-5ac7599eaf6a/build] unable to get git ref: failed to identify reference (tag/branch) for the checked-out revision '6d9d7a79de7b1a8f25aef7850e4666c864557ae9'
[fca095b6-a6b4-4629-abf0-5ac7599eaf6a/build] unable to get git ref: failed to identify reference (tag/branch) for the checked-out revision '6d9d7a79de7b1a8f25aef7850e4666c864557ae9'
[fca095b6-a6b4-4629-abf0-5ac7599eaf6a/build] unable to get git ref: failed to identify reference (tag/branch) for the checked-out revision '6d9d7a79de7b1a8f25aef7850e4666c864557ae9'
[fca095b6-a6b4-4629-abf0-5ac7599eaf6a/build] unable to get git ref: failed to identify reference (tag/branch) for the checked-out revision '6d9d7a79de7b1a8f25aef7850e4666c864557ae9'
[fca095b6-a6b4-4629-abf0-5ac7599eaf6a/build] unable to get git ref: failed to identify reference (tag/branch) for the checked-out revision '6d9d7a79de7b1a8f25aef7850e4666c864557ae9'
[fca095b6-a6b4-4629-abf0-5ac7599eaf6a/build] unable to get git ref: failed to identify reference (tag/branch) for the checked-out revision '6d9d7a79de7b1a8f25aef7850e4666c864557ae9'
[fca095b6-a6b4-4629-abf0-5ac7599eaf6a/build] â­ Run Main actions/checkout@v2
[fca095b6-a6b4-4629-abf0-5ac7599eaf6a/build] unable to get git ref: failed to identify reference (tag/branch) for the checked-out revision '6d9d7a79de7b1a8f25aef7850e4666c864557ae9'
[fca095b6-a6b4-4629-abf0-5ac7599eaf6a/build] unable to get git ref: failed to identify reference (tag/branch) for the checked-out revision '6d9d7a79de7b1a8f25aef7850e4666c864557ae9'
[fca095b6-a6b4-4629-abf0-5ac7599eaf6a/build]   ğŸ³  docker cp src=/tmp/63a43930-6bc1-451e-bd0c-884001fb4d7d/. dst=/tmp/63a43930-6bc1-451e-bd0c-884001fb4d7d
[fca095b6-a6b4-4629-abf0-5ac7599eaf6a/build]   ğŸ³  docker exec cmd=[chown -R 1012:1013 /tmp/63a43930-6bc1-451e-bd0c-884001fb4d7d] user=0 workdir=
[fca095b6-a6b4-4629-abf0-5ac7599eaf6a/build]   âœ…  Success - Main actions/checkout@v2
[fca095b6-a6b4-4629-abf0-5ac7599eaf6a/build] unable to get git ref: failed to identify reference (tag/branch) for the checked-out revision '6d9d7a79de7b1a8f25aef7850e4666c864557ae9'
[fca095b6-a6b4-4629-abf0-5ac7599eaf6a/build] unable to get git ref: failed to identify reference (tag/branch) for the checked-out revision '6d9d7a79de7b1a8f25aef7850e4666c864557ae9'
[fca095b6-a6b4-4629-abf0-5ac7599eaf6a/build] unable to get git ref: failed to identify reference (tag/branch) for the checked-out revision '6d9d7a79de7b1a8f25aef7850e4666c864557ae9'
[fca095b6-a6b4-4629-abf0-5ac7599eaf6a/build] unable to get git ref: failed to identify reference (tag/branch) for the checked-out revision '6d9d7a79de7b1a8f25aef7850e4666c864557ae9'
[fca095b6-a6b4-4629-abf0-5ac7599eaf6a/build] unable to get git ref: failed to identify reference (tag/branch) for the checked-out revision '6d9d7a79de7b1a8f25aef7850e4666c864557ae9'
[fca095b6-a6b4-4629-abf0-5ac7599eaf6a/build] â­ Run Main Set up JDK 8
[fca095b6-a6b4-4629-abf0-5ac7599eaf6a/build] unable to get git ref: failed to identify reference (tag/branch) for the checked-out revision '6d9d7a79de7b1a8f25aef7850e4666c864557ae9'
[fca095b6-a6b4-4629-abf0-5ac7599eaf6a/build] unable to get git ref: failed to identify reference (tag/branch) for the checked-out revision '6d9d7a79de7b1a8f25aef7850e4666c864557ae9'
[fca095b6-a6b4-4629-abf0-5ac7599eaf6a/build] unable to get git ref: failed to identify reference (tag/branch) for the checked-out revision '6d9d7a79de7b1a8f25aef7850e4666c864557ae9'
[fca095b6-a6b4-4629-abf0-5ac7599eaf6a/build]   ğŸ³  docker cp src=/tmp/act-cache/06808cf2-d56a-420e-96a1-16d880d4a01b/act/actions-setup-java@v2/ dst=/var/run/act/actions/actions-setup-java@v2/
[fca095b6-a6b4-4629-abf0-5ac7599eaf6a/build]   ğŸ³  docker exec cmd=[chown -R 1012:1013 /var/run/act/actions/actions-setup-java@v2/] user=0 workdir=
[fca095b6-a6b4-4629-abf0-5ac7599eaf6a/build]   ğŸ³  docker exec cmd=[node /var/run/act/actions/actions-setup-java@v2/dist/setup/index.js] user= workdir=
[fca095b6-a6b4-4629-abf0-5ac7599eaf6a/build]   | Trying to resolve the latest version from remote
[fca095b6-a6b4-4629-abf0-5ac7599eaf6a/build]   | Resolved latest version as 8.0.392+8
[fca095b6-a6b4-4629-abf0-5ac7599eaf6a/build]   | Trying to download...
[fca095b6-a6b4-4629-abf0-5ac7599eaf6a/build]   | Downloading Java 8.0.392+8 (Adopt-Hotspot) from https://github.com/adoptium/temurin8-binaries/releases/download/jdk8u392-b08/OpenJDK8U-jdk_x64_linux_hotspot_8u392b08.tar.gz ...
[fca095b6-a6b4-4629-abf0-5ac7599eaf6a/build]   ğŸ’¬  ::debug::Downloading https://github.com/adoptium/temurin8-binaries/releases/download/jdk8u392-b08/OpenJDK8U-jdk_x64_linux_hotspot_8u392b08.tar.gz
[fca095b6-a6b4-4629-abf0-5ac7599eaf6a/build]   ğŸ’¬  ::debug::Destination /tmp/accea49a-a388-4001-b065-19ceedc775ff
[fca095b6-a6b4-4629-abf0-5ac7599eaf6a/build]   ğŸ’¬  ::debug::download complete
[fca095b6-a6b4-4629-abf0-5ac7599eaf6a/build]   | Extracting Java archive...
[fca095b6-a6b4-4629-abf0-5ac7599eaf6a/build]   ğŸ’¬  ::debug::Checking tar --version
[fca095b6-a6b4-4629-abf0-5ac7599eaf6a/build]   ğŸ’¬  ::debug::tar (GNU tar) 1.34%0ACopyright (C) 2021 Free Software Foundation, Inc.%0ALicense GPLv3+: GNU GPL version 3 or later <https://gnu.org/licenses/gpl.html>.%0AThis is free software: you are free to change and redistribute it.%0AThere is NO WARRANTY, to the extent permitted by law.%0A%0AWritten by John Gilmore and Jay Fenlason.
[fca095b6-a6b4-4629-abf0-5ac7599eaf6a/build]   | [command]/usr/bin/tar xz --warning=no-unknown-keyword -C /tmp/e0912b0a-cbcc-404f-ba39-adb4246d515f -f /tmp/accea49a-a388-4001-b065-19ceedc775ff
[fca095b6-a6b4-4629-abf0-5ac7599eaf6a/build]   ğŸ’¬  ::debug::Caching tool Java_Adopt_jdk 8.0.392-8 x64
[fca095b6-a6b4-4629-abf0-5ac7599eaf6a/build]   ğŸ’¬  ::debug::source dir: /tmp/e0912b0a-cbcc-404f-ba39-adb4246d515f/jdk8u392-b08
[fca095b6-a6b4-4629-abf0-5ac7599eaf6a/build]   ğŸ’¬  ::debug::destination /opt/hostedtoolcache/Java_Adopt_jdk/8.0.392-8/x64
[fca095b6-a6b4-4629-abf0-5ac7599eaf6a/build]   ğŸ’¬  ::debug::finished caching tool
[fca095b6-a6b4-4629-abf0-5ac7599eaf6a/build]   | Java 8.0.392+8 was downloaded
[fca095b6-a6b4-4629-abf0-5ac7599eaf6a/build]   | Setting Java 8.0.392+8 as the default
[fca095b6-a6b4-4629-abf0-5ac7599eaf6a/build]   | 
[fca095b6-a6b4-4629-abf0-5ac7599eaf6a/build]   | Java configuration:
[fca095b6-a6b4-4629-abf0-5ac7599eaf6a/build]   |   Distribution: adopt
[fca095b6-a6b4-4629-abf0-5ac7599eaf6a/build]   |   Version: 8.0.392+8
[fca095b6-a6b4-4629-abf0-5ac7599eaf6a/build]   |   Path: /opt/hostedtoolcache/Java_Adopt_jdk/8.0.392-8/x64
[fca095b6-a6b4-4629-abf0-5ac7599eaf6a/build]   | 
[fca095b6-a6b4-4629-abf0-5ac7599eaf6a/build]   â“ add-matcher /run/act/actions/actions-setup-java@v2/.github/java.json
[fca095b6-a6b4-4629-abf0-5ac7599eaf6a/build]   | Creating settings.xml with server-id: github
[fca095b6-a6b4-4629-abf0-5ac7599eaf6a/build]   | Writing to /home/runner/.m2/settings.xml
[fca095b6-a6b4-4629-abf0-5ac7599eaf6a/build]   âœ…  Success - Main Set up JDK 8
[fca095b6-a6b4-4629-abf0-5ac7599eaf6a/build]   âš™  ::set-env:: JAVA_HOME=/opt/hostedtoolcache/Java_Adopt_jdk/8.0.392-8/x64
[fca095b6-a6b4-4629-abf0-5ac7599eaf6a/build]   âš™  ::set-output:: path=/opt/hostedtoolcache/Java_Adopt_jdk/8.0.392-8/x64
[fca095b6-a6b4-4629-abf0-5ac7599eaf6a/build]   âš™  ::set-output:: version=8.0.392+8
[fca095b6-a6b4-4629-abf0-5ac7599eaf6a/build]   âš™  ::set-output:: distribution=Adopt-Hotspot
[fca095b6-a6b4-4629-abf0-5ac7599eaf6a/build]   âš™  ::add-path:: /opt/hostedtoolcache/Java_Adopt_jdk/8.0.392-8/x64/bin
[fca095b6-a6b4-4629-abf0-5ac7599eaf6a/build] unable to get git ref: failed to identify reference (tag/branch) for the checked-out revision '6d9d7a79de7b1a8f25aef7850e4666c864557ae9'
[fca095b6-a6b4-4629-abf0-5ac7599eaf6a/build] unable to get git ref: failed to identify reference (tag/branch) for the checked-out revision '6d9d7a79de7b1a8f25aef7850e4666c864557ae9'
[fca095b6-a6b4-4629-abf0-5ac7599eaf6a/build] unable to get git ref: failed to identify reference (tag/branch) for the checked-out revision '6d9d7a79de7b1a8f25aef7850e4666c864557ae9'
[fca095b6-a6b4-4629-abf0-5ac7599eaf6a/build] unable to get git ref: failed to identify reference (tag/branch) for the checked-out revision '6d9d7a79de7b1a8f25aef7850e4666c864557ae9'
[fca095b6-a6b4-4629-abf0-5ac7599eaf6a/build] unable to get git ref: failed to identify reference (tag/branch) for the checked-out revision '6d9d7a79de7b1a8f25aef7850e4666c864557ae9'
[fca095b6-a6b4-4629-abf0-5ac7599eaf6a/build] â­ Run Main Grant execute permission for gradlew
[fca095b6-a6b4-4629-abf0-5ac7599eaf6a/build] unable to get git ref: failed to identify reference (tag/branch) for the checked-out revision '6d9d7a79de7b1a8f25aef7850e4666c864557ae9'
[fca095b6-a6b4-4629-abf0-5ac7599eaf6a/build] unable to get git ref: failed to identify reference (tag/branch) for the checked-out revision '6d9d7a79de7b1a8f25aef7850e4666c864557ae9'
[fca095b6-a6b4-4629-abf0-5ac7599eaf6a/build] unable to get git ref: failed to identify reference (tag/branch) for the checked-out revision '6d9d7a79de7b1a8f25aef7850e4666c864557ae9'
[fca095b6-a6b4-4629-abf0-5ac7599eaf6a/build] unable to get git ref: failed to identify reference (tag/branch) for the checked-out revision '6d9d7a79de7b1a8f25aef7850e4666c864557ae9'
[fca095b6-a6b4-4629-abf0-5ac7599eaf6a/build]   ğŸ³  docker exec cmd=[bash --noprofile --norc -e -o pipefail /var/run/act/workflow/2] user= workdir=
[fca095b6-a6b4-4629-abf0-5ac7599eaf6a/build]   âœ…  Success - Main Grant execute permission for gradlew
[fca095b6-a6b4-4629-abf0-5ac7599eaf6a/build] unable to get git ref: failed to identify reference (tag/branch) for the checked-out revision '6d9d7a79de7b1a8f25aef7850e4666c864557ae9'
[fca095b6-a6b4-4629-abf0-5ac7599eaf6a/build] unable to get git ref: failed to identify reference (tag/branch) for the checked-out revision '6d9d7a79de7b1a8f25aef7850e4666c864557ae9'
[fca095b6-a6b4-4629-abf0-5ac7599eaf6a/build] unable to get git ref: failed to identify reference (tag/branch) for the checked-out revision '6d9d7a79de7b1a8f25aef7850e4666c864557ae9'
[fca095b6-a6b4-4629-abf0-5ac7599eaf6a/build] unable to get git ref: failed to identify reference (tag/branch) for the checked-out revision '6d9d7a79de7b1a8f25aef7850e4666c864557ae9'
[fca095b6-a6b4-4629-abf0-5ac7599eaf6a/build] unable to get git ref: failed to identify reference (tag/branch) for the checked-out revision '6d9d7a79de7b1a8f25aef7850e4666c864557ae9'
[fca095b6-a6b4-4629-abf0-5ac7599eaf6a/build] â­ Run Main Build with Gradle
[fca095b6-a6b4-4629-abf0-5ac7599eaf6a/build] unable to get git ref: failed to identify reference (tag/branch) for the checked-out revision '6d9d7a79de7b1a8f25aef7850e4666c864557ae9'
[fca095b6-a6b4-4629-abf0-5ac7599eaf6a/build] unable to get git ref: failed to identify reference (tag/branch) for the checked-out revision '6d9d7a79de7b1a8f25aef7850e4666c864557ae9'
[fca095b6-a6b4-4629-abf0-5ac7599eaf6a/build] unable to get git ref: failed to identify reference (tag/branch) for the checked-out revision '6d9d7a79de7b1a8f25aef7850e4666c864557ae9'
[fca095b6-a6b4-4629-abf0-5ac7599eaf6a/build] unable to get git ref: failed to identify reference (tag/branch) for the checked-out revision '6d9d7a79de7b1a8f25aef7850e4666c864557ae9'
[fca095b6-a6b4-4629-abf0-5ac7599eaf6a/build]   ğŸ³  docker exec cmd=[bash --noprofile --norc -e -o pipefail /var/run/act/workflow/3] user= workdir=
[fca095b6-a6b4-4629-abf0-5ac7599eaf6a/build]   | Downloading https://services.gradle.org/distributions/gradle-6.5.1-bin.zip
[fca095b6-a6b4-4629-abf0-5ac7599eaf6a/build]   | .........10%..........20%..........30%..........40%.........50%..........60%..........70%..........80%.........90%..........100%
[fca095b6-a6b4-4629-abf0-5ac7599eaf6a/build]   | 
[fca095b6-a6b4-4629-abf0-5ac7599eaf6a/build]   | Welcome to Gradle 6.5.1!
[fca095b6-a6b4-4629-abf0-5ac7599eaf6a/build]   | 
[fca095b6-a6b4-4629-abf0-5ac7599eaf6a/build]   | Here are the highlights of this release:
[fca095b6-a6b4-4629-abf0-5ac7599eaf6a/build]   |  - Experimental file-system watching
[fca095b6-a6b4-4629-abf0-5ac7599eaf6a/build]   |  - Improved version ordering
[fca095b6-a6b4-4629-abf0-5ac7599eaf6a/build]   |  - New samples
[fca095b6-a6b4-4629-abf0-5ac7599eaf6a/build]   | 
[fca095b6-a6b4-4629-abf0-5ac7599eaf6a/build]   | For more details see https://docs.gradle.org/6.5.1/release-notes.html
[fca095b6-a6b4-4629-abf0-5ac7599eaf6a/build]   | 
[fca095b6-a6b4-4629-abf0-5ac7599eaf6a/build]   | Starting a Gradle Daemon (subsequent builds will be faster)
[fca095b6-a6b4-4629-abf0-5ac7599eaf6a/build]   | 
[fca095b6-a6b4-4629-abf0-5ac7599eaf6a/build]   | > Task :compileJava
[fca095b6-a6b4-4629-abf0-5ac7599eaf6a/build]   | Note: Some input files use or override a deprecated API.
[fca095b6-a6b4-4629-abf0-5ac7599eaf6a/build]   | Note: Recompile with -Xlint:deprecation for details.
[fca095b6-a6b4-4629-abf0-5ac7599eaf6a/build]   | Note: Some input files use unchecked or unsafe operations.
[fca095b6-a6b4-4629-abf0-5ac7599eaf6a/build]   | Note: Recompile with -Xlint:unchecked for details.
[fca095b6-a6b4-4629-abf0-5ac7599eaf6a/build]   | 
[fca095b6-a6b4-4629-abf0-5ac7599eaf6a/build]   | > Task :processResources NO-SOURCE
[fca095b6-a6b4-4629-abf0-5ac7599eaf6a/build]   | > Task :classes
[fca095b6-a6b4-4629-abf0-5ac7599eaf6a/build]   | > Task :jar
[fca095b6-a6b4-4629-abf0-5ac7599eaf6a/build]   | > Task :assemble
[fca095b6-a6b4-4629-abf0-5ac7599eaf6a/build]   | > Task :licenseMain UP-TO-DATE
[fca095b6-a6b4-4629-abf0-5ac7599eaf6a/build]   | > Task :licenseTest UP-TO-DATE
[fca095b6-a6b4-4629-abf0-5ac7599eaf6a/build]   | > Task :license UP-TO-DATE
[fca095b6-a6b4-4629-abf0-5ac7599eaf6a/build]   | warning: unknown enum constant ReferencePolicy.DYNAMIC
[fca095b6-a6b4-4629-abf0-5ac7599eaf6a/build]   |   reason: class file for org.osgi.service.component.annotations.ReferencePolicy not found
[fca095b6-a6b4-4629-abf0-5ac7599eaf6a/build]   | warning: unknown enum constant ReferencePolicyOption.GREEDY
[fca095b6-a6b4-4629-abf0-5ac7599eaf6a/build]   |   reason: class file for org.osgi.service.component.annotations.ReferencePolicyOption not found
[fca095b6-a6b4-4629-abf0-5ac7599eaf6a/build]   | warning: unknown enum constant ReferencePolicy.DYNAMIC
[fca095b6-a6b4-4629-abf0-5ac7599eaf6a/build]   | warning: unknown enum constant ReferencePolicyOption.GREEDY
[fca095b6-a6b4-4629-abf0-5ac7599eaf6a/build]   | warning: unknown enum constant ReferenceCardinality.MULTIPLE
[fca095b6-a6b4-4629-abf0-5ac7599eaf6a/build]   |   reason: class file for org.osgi.service.component.annotations.ReferenceCardinality not found
[fca095b6-a6b4-4629-abf0-5ac7599eaf6a/build]   | warning: unknown enum constant ReferencePolicy.DYNAMIC
[fca095b6-a6b4-4629-abf0-5ac7599eaf6a/build]   | warning: unknown enum constant ReferencePolicy.DYNAMIC
[fca095b6-a6b4-4629-abf0-5ac7599eaf6a/build]   | warning: unknown enum constant ReferencePolicyOption.GREEDY
[fca095b6-a6b4-4629-abf0-5ac7599eaf6a/build]   | warning: unknown enum constant ReferencePolicy.DYNAMIC
[fca095b6-a6b4-4629-abf0-5ac7599eaf6a/build]   | warning: unknown enum constant ReferencePolicyOption.GREEDY
[fca095b6-a6b4-4629-abf0-5ac7599eaf6a/build]   | warning: unknown enum constant ReferencePolicy.DYNAMIC
[fca095b6-a6b4-4629-abf0-5ac7599eaf6a/build]   | warning: unknown enum constant ReferencePolicyOption.GREEDY
[fca095b6-a6b4-4629-abf0-5ac7599eaf6a/build]   | warning: unknown enum constant ReferencePolicy.DYNAMIC
[fca095b6-a6b4-4629-abf0-5ac7599eaf6a/build]   | warning: unknown enum constant ReferencePolicyOption.GREEDY
[fca095b6-a6b4-4629-abf0-5ac7599eaf6a/build]   | warning: unknown enum constant ReferencePolicy.DYNAMIC
[fca095b6-a6b4-4629-abf0-5ac7599eaf6a/build]   | warning: unknown enum constant ReferencePolicyOption.GREEDY
[fca095b6-a6b4-4629-abf0-5ac7599eaf6a/build]   | warning: unknown enum constant ReferencePolicy.DYNAMIC
[fca095b6-a6b4-4629-abf0-5ac7599eaf6a/build]   | warning: unknown enum constant ReferencePolicyOption.GREEDY
[fca095b6-a6b4-4629-abf0-5ac7599eaf6a/build]   | warning: unknown enum constant ReferencePolicy.DYNAMIC
[fca095b6-a6b4-4629-abf0-5ac7599eaf6a/build]   | warning: unknown enum constant ReferencePolicyOption.GREEDY
[fca095b6-a6b4-4629-abf0-5ac7599eaf6a/build]   | 
[fca095b6-a6b4-4629-abf0-5ac7599eaf6a/build]   | > Task :compileTestJava
[fca095b6-a6b4-4629-abf0-5ac7599eaf6a/build]   | warning: unknown enum constant ReferenceCardinality.OPTIONAL
[fca095b6-a6b4-4629-abf0-5ac7599eaf6a/build]   | warning: unknown enum constant ReferencePolicy.DYNAMIC
[fca095b6-a6b4-4629-abf0-5ac7599eaf6a/build]   | warning: unknown enum constant ReferencePolicyOption.GREEDY
[fca095b6-a6b4-4629-abf0-5ac7599eaf6a/build]   | warning: unknown enum constant ReferenceCardinality.OPTIONAL
[fca095b6-a6b4-4629-abf0-5ac7599eaf6a/build]   | warning: unknown enum constant ReferencePolicy.DYNAMIC
[fca095b6-a6b4-4629-abf0-5ac7599eaf6a/build]   | warning: unknown enum constant ReferencePolicyOption.GREEDY
[fca095b6-a6b4-4629-abf0-5ac7599eaf6a/build]   | warning: unknown enum constant ReferenceCardinality.OPTIONAL
[fca095b6-a6b4-4629-abf0-5ac7599eaf6a/build]   | warning: unknown enum constant ReferencePolicy.DYNAMIC
[fca095b6-a6b4-4629-abf0-5ac7599eaf6a/build]   | warning: unknown enum constant ReferencePolicyOption.GREEDY
[fca095b6-a6b4-4629-abf0-5ac7599eaf6a/build]   | warning: unknown enum constant ReferenceCardinality.OPTIONAL
[fca095b6-a6b4-4629-abf0-5ac7599eaf6a/build]   | warning: unknown enum constant ReferencePolicy.DYNAMIC
[fca095b6-a6b4-4629-abf0-5ac7599eaf6a/build]   | warning: unknown enum constant ReferencePolicyOption.GREEDY
[fca095b6-a6b4-4629-abf0-5ac7599eaf6a/build]   | warning: unknown enum constant ReferenceCardinality.OPTIONAL
[fca095b6-a6b4-4629-abf0-5ac7599eaf6a/build]   | warning: unknown enum constant ReferencePolicy.DYNAMIC
[fca095b6-a6b4-4629-abf0-5ac7599eaf6a/build]   | warning: unknown enum constant ReferencePolicyOption.GREEDY
[fca095b6-a6b4-4629-abf0-5ac7599eaf6a/build]   | warning: unknown enum constant ReferenceCardinality.OPTIONAL
[fca095b6-a6b4-4629-abf0-5ac7599eaf6a/build]   | warning: unknown enum constant ReferencePolicy.DYNAMIC
[fca095b6-a6b4-4629-abf0-5ac7599eaf6a/build]   | warning: unknown enum constant ReferencePolicyOption.GREEDY
[fca095b6-a6b4-4629-abf0-5ac7599eaf6a/build]   | Note: Some input files use or override a deprecated API.
[fca095b6-a6b4-4629-abf0-5ac7599eaf6a/build]   | Note: Recompile with -Xlint:deprecation for details.
[fca095b6-a6b4-4629-abf0-5ac7599eaf6a/build]   | Note: Some input files use unchecked or unsafe operations.
[fca095b6-a6b4-4629-abf0-5ac7599eaf6a/build]   | Note: Recompile with -Xlint:unchecked for details.
[fca095b6-a6b4-4629-abf0-5ac7599eaf6a/build]   | 38 warnings
[fca095b6-a6b4-4629-abf0-5ac7599eaf6a/build]   | 
[fca095b6-a6b4-4629-abf0-5ac7599eaf6a/build]   | > Task :processTestResources NO-SOURCE
[fca095b6-a6b4-4629-abf0-5ac7599eaf6a/build]   | > Task :testClasses
[fca095b6-a6b4-4629-abf0-5ac7599eaf6a/build]   | 
[fca095b6-a6b4-4629-abf0-5ac7599eaf6a/build]   | > Task :test
[fca095b6-a6b4-4629-abf0-5ac7599eaf6a/build]   | 
[fca095b6-a6b4-4629-abf0-5ac7599eaf6a/build]   | Gradle suite > Gradle test > graphql.annotations.GraphQLDirectivesViaClassDefinitionTest.queryNameWithFalse_directivesProvidedToRegistry_wiringIsActivated FAILED
[fca095b6-a6b4-4629-abf0-5ac7599eaf6a/build]   |     graphql.annotations.processor.exceptions.GraphQLAnnotationsException at GraphQLDirectivesViaClassDefinitionTest.java:226
[fca095b6-a6b4-4629-abf0-5ac7599eaf6a/build]   |         Caused by: graphql.schema.CoercingParseValueException at GraphQLDirectivesViaClassDefinitionTest.java:226
[fca095b6-a6b4-4629-abf0-5ac7599eaf6a/build]   | 
[fca095b6-a6b4-4629-abf0-5ac7599eaf6a/build]   | Gradle suite > Gradle test > graphql.annotations.GraphQLDirectivesViaClassDefinitionTest.queryNameWithNoArgs_directivesProvidedToRegistry_wiringIsActivated FAILED
[fca095b6-a6b4-4629-abf0-5ac7599eaf6a/build]   |     graphql.annotations.processor.exceptions.GraphQLAnnotationsException at GraphQLDirectivesViaClassDefinitionTest.java:237
[fca095b6-a6b4-4629-abf0-5ac7599eaf6a/build]   |         Caused by: graphql.schema.CoercingParseValueException at GraphQLDirectivesViaClassDefinitionTest.java:237
[fca095b6-a6b4-4629-abf0-5ac7599eaf6a/build]   | 
[fca095b6-a6b4-4629-abf0-5ac7599eaf6a/build]   | Gradle suite > Gradle test > graphql.annotations.GraphQLDirectivesViaClassDefinitionTest.queryName_chainedDirectives_wiringIsActivatedInCorrectOrder FAILED
[fca095b6-a6b4-4629-abf0-5ac7599eaf6a/build]   |     graphql.annotations.processor.exceptions.GraphQLAnnotationsException at GraphQLDirectivesViaClassDefinitionTest.java:253
[fca095b6-a6b4-4629-abf0-5ac7599eaf6a/build]   |         Caused by: graphql.schema.CoercingParseValueException at GraphQLDirectivesViaClassDefinitionTest.java:253
[fca095b6-a6b4-4629-abf0-5ac7599eaf6a/build]   | 
[fca095b6-a6b4-4629-abf0-5ac7599eaf6a/build]   | Gradle suite > Gradle test > graphql.annotations.GraphQLDirectivesViaClassDefinitionTest.queryName_directivesProvidedToRegistry_wiringIsActivated FAILED
[fca095b6-a6b4-4629-abf0-5ac7599eaf6a/build]   |     graphql.annotations.processor.exceptions.GraphQLAnnotationsException at GraphQLDirectivesViaClassDefinitionTest.java:214
[fca095b6-a6b4-4629-abf0-5ac7599eaf6a/build]   |         Caused by: graphql.schema.CoercingParseValueException at GraphQLDirectivesViaClassDefinitionTest.java:214
[fca095b6-a6b4-4629-abf0-5ac7599eaf6a/build]   | 
[fca095b6-a6b4-4629-abf0-5ac7599eaf6a/build]   | 225 tests completed, 4 failed
[fca095b6-a6b4-4629-abf0-5ac7599eaf6a/build]   | 
[fca095b6-a6b4-4629-abf0-5ac7599eaf6a/build]   | > Task :test FAILED
[fca095b6-a6b4-4629-abf0-5ac7599eaf6a/build]   | 
[fca095b6-a6b4-4629-abf0-5ac7599eaf6a/build]   | Deprecated Gradle features were used in this build, making it incompatible with Gradle 7.0.
[fca095b6-a6b4-4629-abf0-5ac7599eaf6a/build]   | Use '--warning-mode all' to show the individual deprecation warnings.
[fca095b6-a6b4-4629-abf0-5ac7599eaf6a/build]   | See https://docs.gradle.org/6.5.1/userguide/command_line_interface.html#sec:command_line_warnings
[fca095b6-a6b4-4629-abf0-5ac7599eaf6a/build]   | 6 actionable tasks: 4 executed, 2 up-to-date
[fca095b6-a6b4-4629-abf0-5ac7599eaf6a/build]   | 
[fca095b6-a6b4-4629-abf0-5ac7599eaf6a/build]   | FAILURE: Build failed with an exception.
[fca095b6-a6b4-4629-abf0-5ac7599eaf6a/build]   | 
[fca095b6-a6b4-4629-abf0-5ac7599eaf6a/build]   | * What went wrong:
[fca095b6-a6b4-4629-abf0-5ac7599eaf6a/build]   | Execution failed for task ':test'.
[fca095b6-a6b4-4629-abf0-5ac7599eaf6a/build]   | > There were failing tests. See the report at: file:///tmp/63a43930-6bc1-451e-bd0c-884001fb4d7d/build/reports/tests/test/index.html
[fca095b6-a6b4-4629-abf0-5ac7599eaf6a/build]   | 
[fca095b6-a6b4-4629-abf0-5ac7599eaf6a/build]   | * Try:
[fca095b6-a6b4-4629-abf0-5ac7599eaf6a/build]   | Run with --stacktrace option to get the stack trace. Run with --info or --debug option to get more log output. Run with --scan to get full insights.
[fca095b6-a6b4-4629-abf0-5ac7599eaf6a/build]   | 
[fca095b6-a6b4-4629-abf0-5ac7599eaf6a/build]   | * Get more help at https://help.gradle.org
[fca095b6-a6b4-4629-abf0-5ac7599eaf6a/build]   | 
[fca095b6-a6b4-4629-abf0-5ac7599eaf6a/build]   | BUILD FAILED in 1m 0s
[fca095b6-a6b4-4629-abf0-5ac7599eaf6a/build]   âŒ  Failure - Main Build with Gradle
[fca095b6-a6b4-4629-abf0-5ac7599eaf6a/build] exitcode '1': failure
[fca095b6-a6b4-4629-abf0-5ac7599eaf6a/build] unable to get git ref: failed to identify reference (tag/branch) for the checked-out revision '6d9d7a79de7b1a8f25aef7850e4666c864557ae9'
[fca095b6-a6b4-4629-abf0-5ac7599eaf6a/build] unable to get git ref: failed to identify reference (tag/branch) for the checked-out revision '6d9d7a79de7b1a8f25aef7850e4666c864557ae9'
[fca095b6-a6b4-4629-abf0-5ac7599eaf6a/build] unable to get git ref: failed to identify reference (tag/branch) for the checked-out revision '6d9d7a79de7b1a8f25aef7850e4666c864557ae9'
[fca095b6-a6b4-4629-abf0-5ac7599eaf6a/build] unable to get git ref: failed to identify reference (tag/branch) for the checked-out revision '6d9d7a79de7b1a8f25aef7850e4666c864557ae9'
[fca095b6-a6b4-4629-abf0-5ac7599eaf6a/build] unable to get git ref: failed to identify reference (tag/branch) for the checked-out revision '6d9d7a79de7b1a8f25aef7850e4666c864557ae9'
[fca095b6-a6b4-4629-abf0-5ac7599eaf6a/build] â­ Run Main Publish Test Report
[fca095b6-a6b4-4629-abf0-5ac7599eaf6a/build] unable to get git ref: failed to identify reference (tag/branch) for the checked-out revision '6d9d7a79de7b1a8f25aef7850e4666c864557ae9'
[fca095b6-a6b4-4629-abf0-5ac7599eaf6a/build] unable to get git ref: failed to identify reference (tag/branch) for the checked-out revision '6d9d7a79de7b1a8f25aef7850e4666c864557ae9'
[fca095b6-a6b4-4629-abf0-5ac7599eaf6a/build] unable to get git ref: failed to identify reference (tag/branch) for the checked-out revision '6d9d7a79de7b1a8f25aef7850e4666c864557ae9'
[fca095b6-a6b4-4629-abf0-5ac7599eaf6a/build]   ğŸ³  docker cp src=/tmp/act-cache/06808cf2-d56a-420e-96a1-16d880d4a01b/act/mikepenz-action-junit-report@v2/ dst=/var/run/act/actions/mikepenz-action-junit-report@v2/
[fca095b6-a6b4-4629-abf0-5ac7599eaf6a/build]   ğŸ³  docker exec cmd=[chown -R 1012:1013 /var/run/act/actions/mikepenz-action-junit-report@v2/] user=0 workdir=
[fca095b6-a6b4-4629-abf0-5ac7599eaf6a/build]   ğŸ³  docker exec cmd=[node /var/run/act/actions/mikepenz-action-junit-report@v2/dist/index.js] user= workdir=
[fca095b6-a6b4-4629-abf0-5ac7599eaf6a/build]   â“  ::group::ğŸ“˜ Reading input values
[fca095b6-a6b4-4629-abf0-5ac7599eaf6a/build]   â“  ::endgroup::
[fca095b6-a6b4-4629-abf0-5ac7599eaf6a/build]   â“  ::group::ğŸ“¦ Process test results
[fca095b6-a6b4-4629-abf0-5ac7599eaf6a/build]   ğŸ’¬  ::debug::followSymbolicLinks 'false'
[fca095b6-a6b4-4629-abf0-5ac7599eaf6a/build]   ğŸ’¬  ::debug::followSymbolicLinks 'false'
[fca095b6-a6b4-4629-abf0-5ac7599eaf6a/build]   ğŸ’¬  ::debug::implicitDescendants 'true'
[fca095b6-a6b4-4629-abf0-5ac7599eaf6a/build]   ğŸ’¬  ::debug::matchDirectories 'true'
[fca095b6-a6b4-4629-abf0-5ac7599eaf6a/build]   ğŸ’¬  ::debug::omitBrokenSymbolicLinks 'true'
[fca095b6-a6b4-4629-abf0-5ac7599eaf6a/build]   ğŸ’¬  ::debug::Search path '/tmp/63a43930-6bc1-451e-bd0c-884001fb4d7d'
[fca095b6-a6b4-4629-abf0-5ac7599eaf6a/build]   ğŸ’¬  ::debug::Parsing file /tmp/63a43930-6bc1-451e-bd0c-884001fb4d7d/build/test-results/test/TEST-graphql.annotations.AnnotationsSchemaCreatorTest.xml
[fca095b6-a6b4-4629-abf0-5ac7599eaf6a/build]   ğŸ’¬  ::debug::Parsing file /tmp/63a43930-6bc1-451e-bd0c-884001fb4d7d/build/test-results/test/TEST-graphql.annotations.GraphQLDataFetcherTest.xml
[fca095b6-a6b4-4629-abf0-5ac7599eaf6a/build]   ğŸ’¬  ::debug::Parsing file /tmp/63a43930-6bc1-451e-bd0c-884001fb4d7d/build/test-results/test/TEST-graphql.annotations.GraphQLDirectiveCreationTest.xml
[fca095b6-a6b4-4629-abf0-5ac7599eaf6a/build]   ğŸ’¬  ::debug::Parsing file /tmp/63a43930-6bc1-451e-bd0c-884001fb4d7d/build/test-results/test/TEST-graphql.annotations.GraphQLDirectivesViaAnnotationDefinitionTest.xml
[fca095b6-a6b4-4629-abf0-5ac7599eaf6a/build]   ğŸ’¬  ::debug::Parsing file /tmp/63a43930-6bc1-451e-bd0c-884001fb4d7d/build/test-results/test/TEST-graphql.annotations.GraphQLDirectivesViaClassDefinitionTest.xml
[fca095b6-a6b4-4629-abf0-5ac7599eaf6a/build]   ğŸ’¬  ::debug::Resolved file GraphQLDirectivesViaClassDefinitionTest and line 226
[fca095b6-a6b4-4629-abf0-5ac7599eaf6a/build]   ğŸ’¬  ::debug::Resolving path for GraphQLDirectivesViaClassDefinitionTest
[fca095b6-a6b4-4629-abf0-5ac7599eaf6a/build]   ğŸ’¬  ::debug::followSymbolicLinks 'false'
[fca095b6-a6b4-4629-abf0-5ac7599eaf6a/build]   ğŸ’¬  ::debug::followSymbolicLinks 'false'
[fca095b6-a6b4-4629-abf0-5ac7599eaf6a/build]   ğŸ’¬  ::debug::implicitDescendants 'true'
[fca095b6-a6b4-4629-abf0-5ac7599eaf6a/build]   ğŸ’¬  ::debug::matchDirectories 'true'
[fca095b6-a6b4-4629-abf0-5ac7599eaf6a/build]   ğŸ’¬  ::debug::omitBrokenSymbolicLinks 'true'
[fca095b6-a6b4-4629-abf0-5ac7599eaf6a/build]   ğŸ’¬  ::debug::Search path '/tmp/63a43930-6bc1-451e-bd0c-884001fb4d7d'
[fca095b6-a6b4-4629-abf0-5ac7599eaf6a/build]   ğŸ’¬  ::debug::Matched file: /tmp/63a43930-6bc1-451e-bd0c-884001fb4d7d/.act-result/63a43930-6bc1-451e-bd0c-884001fb4d7d/src/test/java/graphql/annotations/GraphQLDirectivesViaClassDefinitionTest.java
[fca095b6-a6b4-4629-abf0-5ac7599eaf6a/build]   ğŸ’¬  ::debug::Resolved path: .act-result/63a43930-6bc1-451e-bd0c-884001fb4d7d/src/test/java/graphql/annotations/GraphQLDirectivesViaClassDefinitionTest.java
[fca095b6-a6b4-4629-abf0-5ac7599eaf6a/build]   ğŸ’¬  ::debug::Path prior to stripping: .act-result/63a43930-6bc1-451e-bd0c-884001fb4d7d/src/test/java/graphql/annotations/GraphQLDirectivesViaClassDefinitionTest.java
[fca095b6-a6b4-4629-abf0-5ac7599eaf6a/build]   | .act-result/63a43930-6bc1-451e-bd0c-884001fb4d7d/src/test/java/graphql/annotations/GraphQLDirectivesViaClassDefinitionTest.java:226 | graphql.annotations.processor.exceptions.GraphQLAnnotationsException: Could not parse argument value to argument type
[fca095b6-a6b4-4629-abf0-5ac7599eaf6a/build]   ğŸ’¬  ::debug::Resolved file GraphQLDirectivesViaClassDefinitionTest and line 237
[fca095b6-a6b4-4629-abf0-5ac7599eaf6a/build]   ğŸ’¬  ::debug::Resolving path for GraphQLDirectivesViaClassDefinitionTest
[fca095b6-a6b4-4629-abf0-5ac7599eaf6a/build]   ğŸ’¬  ::debug::followSymbolicLinks 'false'
[fca095b6-a6b4-4629-abf0-5ac7599eaf6a/build]   ğŸ’¬  ::debug::followSymbolicLinks 'false'
[fca095b6-a6b4-4629-abf0-5ac7599eaf6a/build]   ğŸ’¬  ::debug::implicitDescendants 'true'
[fca095b6-a6b4-4629-abf0-5ac7599eaf6a/build]   ğŸ’¬  ::debug::matchDirectories 'true'
[fca095b6-a6b4-4629-abf0-5ac7599eaf6a/build]   ğŸ’¬  ::debug::omitBrokenSymbolicLinks 'true'
[fca095b6-a6b4-4629-abf0-5ac7599eaf6a/build]   ğŸ’¬  ::debug::Search path '/tmp/63a43930-6bc1-451e-bd0c-884001fb4d7d'
[fca095b6-a6b4-4629-abf0-5ac7599eaf6a/build]   ğŸ’¬  ::debug::Matched file: /tmp/63a43930-6bc1-451e-bd0c-884001fb4d7d/.act-result/63a43930-6bc1-451e-bd0c-884001fb4d7d/src/test/java/graphql/annotations/GraphQLDirectivesViaClassDefinitionTest.java
[fca095b6-a6b4-4629-abf0-5ac7599eaf6a/build]   ğŸ’¬  ::debug::Resolved path: .act-result/63a43930-6bc1-451e-bd0c-884001fb4d7d/src/test/java/graphql/annotations/GraphQLDirectivesViaClassDefinitionTest.java
[fca095b6-a6b4-4629-abf0-5ac7599eaf6a/build]   ğŸ’¬  ::debug::Path prior to stripping: .act-result/63a43930-6bc1-451e-bd0c-884001fb4d7d/src/test/java/graphql/annotations/GraphQLDirectivesViaClassDefinitionTest.java
[fca095b6-a6b4-4629-abf0-5ac7599eaf6a/build]   | .act-result/63a43930-6bc1-451e-bd0c-884001fb4d7d/src/test/java/graphql/annotations/GraphQLDirectivesViaClassDefinitionTest.java:237 | graphql.annotations.processor.exceptions.GraphQLAnnotationsException: Could not parse argument value to argument type
[fca095b6-a6b4-4629-abf0-5ac7599eaf6a/build]   ğŸ’¬  ::debug::Resolved file GraphQLDirectivesViaClassDefinitionTest and line 253
[fca095b6-a6b4-4629-abf0-5ac7599eaf6a/build]   ğŸ’¬  ::debug::Resolving path for GraphQLDirectivesViaClassDefinitionTest
[fca095b6-a6b4-4629-abf0-5ac7599eaf6a/build]   ğŸ’¬  ::debug::followSymbolicLinks 'false'
[fca095b6-a6b4-4629-abf0-5ac7599eaf6a/build]   ğŸ’¬  ::debug::followSymbolicLinks 'false'
[fca095b6-a6b4-4629-abf0-5ac7599eaf6a/build]   ğŸ’¬  ::debug::implicitDescendants 'true'
[fca095b6-a6b4-4629-abf0-5ac7599eaf6a/build]   ğŸ’¬  ::debug::matchDirectories 'true'
[fca095b6-a6b4-4629-abf0-5ac7599eaf6a/build]   ğŸ’¬  ::debug::omitBrokenSymbolicLinks 'true'
[fca095b6-a6b4-4629-abf0-5ac7599eaf6a/build]   ğŸ’¬  ::debug::Search path '/tmp/63a43930-6bc1-451e-bd0c-884001fb4d7d'
[fca095b6-a6b4-4629-abf0-5ac7599eaf6a/build]   ğŸ’¬  ::debug::Matched file: /tmp/63a43930-6bc1-451e-bd0c-884001fb4d7d/.act-result/63a43930-6bc1-451e-bd0c-884001fb4d7d/src/test/java/graphql/annotations/GraphQLDirectivesViaClassDefinitionTest.java
[fca095b6-a6b4-4629-abf0-5ac7599eaf6a/build]   ğŸ’¬  ::debug::Resolved path: .act-result/63a43930-6bc1-451e-bd0c-884001fb4d7d/src/test/java/graphql/annotations/GraphQLDirectivesViaClassDefinitionTest.java
[fca095b6-a6b4-4629-abf0-5ac7599eaf6a/build]   ğŸ’¬  ::debug::Path prior to stripping: .act-result/63a43930-6bc1-451e-bd0c-884001fb4d7d/src/test/java/graphql/annotations/GraphQLDirectivesViaClassDefinitionTest.java
[fca095b6-a6b4-4629-abf0-5ac7599eaf6a/build]   | .act-result/63a43930-6bc1-451e-bd0c-884001fb4d7d/src/test/java/graphql/annotations/GraphQLDirectivesViaClassDefinitionTest.java:253 | graphql.annotations.processor.exceptions.GraphQLAnnotationsException: Could not parse argument value to argument type
[fca095b6-a6b4-4629-abf0-5ac7599eaf6a/build]   ğŸ’¬  ::debug::Resolved file GraphQLDirectivesViaClassDefinitionTest and line 214
[fca095b6-a6b4-4629-abf0-5ac7599eaf6a/build]   ğŸ’¬  ::debug::Resolving path for GraphQLDirectivesViaClassDefinitionTest
[fca095b6-a6b4-4629-abf0-5ac7599eaf6a/build]   ğŸ’¬  ::debug::followSymbolicLinks 'false'
[fca095b6-a6b4-4629-abf0-5ac7599eaf6a/build]   ğŸ’¬  ::debug::followSymbolicLinks 'false'
[fca095b6-a6b4-4629-abf0-5ac7599eaf6a/build]   ğŸ’¬  ::debug::implicitDescendants 'true'
[fca095b6-a6b4-4629-abf0-5ac7599eaf6a/build]   ğŸ’¬  ::debug::matchDirectories 'true'
[fca095b6-a6b4-4629-abf0-5ac7599eaf6a/build]   ğŸ’¬  ::debug::omitBrokenSymbolicLinks 'true'
[fca095b6-a6b4-4629-abf0-5ac7599eaf6a/build]   ğŸ’¬  ::debug::Search path '/tmp/63a43930-6bc1-451e-bd0c-884001fb4d7d'
[fca095b6-a6b4-4629-abf0-5ac7599eaf6a/build]   ğŸ’¬  ::debug::Matched file: /tmp/63a43930-6bc1-451e-bd0c-884001fb4d7d/.act-result/63a43930-6bc1-451e-bd0c-884001fb4d7d/src/test/java/graphql/annotations/GraphQLDirectivesViaClassDefinitionTest.java
[fca095b6-a6b4-4629-abf0-5ac7599eaf6a/build]   ğŸ’¬  ::debug::Resolved path: .act-result/63a43930-6bc1-451e-bd0c-884001fb4d7d/src/test/java/graphql/annotations/GraphQLDirectivesViaClassDefinitionTest.java
[fca095b6-a6b4-4629-abf0-5ac7599eaf6a/build]   ğŸ’¬  ::debug::Path prior to stripping: .act-result/63a43930-6bc1-451e-bd0c-884001fb4d7d/src/test/java/graphql/annotations/GraphQLDirectivesViaClassDefinitionTest.java
[fca095b6-a6b4-4629-abf0-5ac7599eaf6a/build]   | .act-result/63a43930-6bc1-451e-bd0c-884001fb4d7d/src/test/java/graphql/annotations/GraphQLDirectivesViaClassDefinitionTest.java:214 | graphql.annotations.processor.exceptions.GraphQLAnnotationsException: Could not parse argument value to argument type
[fca095b6-a6b4-4629-abf0-5ac7599eaf6a/build]   ğŸ’¬  ::debug::Parsing file /tmp/63a43930-6bc1-451e-bd0c-884001fb4d7d/build/test-results/test/TEST-graphql.annotations.GraphQLDirectivesViaMethodDefinitionTest.xml
[fca095b6-a6b4-4629-abf0-5ac7599eaf6a/build]   ğŸ’¬  ::debug::Parsing file /tmp/63a43930-6bc1-451e-bd0c-884001fb4d7d/build/test-results/test/TEST-graphql.annotations.GraphQLEnumTest.xml
[fca095b6-a6b4-4629-abf0-5ac7599eaf6a/build]   ğŸ’¬  ::debug::Parsing file /tmp/63a43930-6bc1-451e-bd0c-884001fb4d7d/build/test-results/test/TEST-graphql.annotations.GraphQLExtensionsTest.xml
[fca095b6-a6b4-4629-abf0-5ac7599eaf6a/build]   ğŸ’¬  ::debug::Parsing file /tmp/63a43930-6bc1-451e-bd0c-884001fb4d7d/build/test-results/test/TEST-graphql.annotations.GraphQLFragmentTest.xml
[fca095b6-a6b4-4629-abf0-5ac7599eaf6a/build]   ğŸ’¬  ::debug::Parsing file /tmp/63a43930-6bc1-451e-bd0c-884001fb4d7d/build/test-results/test/TEST-graphql.annotations.GraphQLInputTest.xml
[fca095b6-a6b4-4629-abf0-5ac7599eaf6a/build]   ğŸ’¬  ::debug::Parsing file /tmp/63a43930-6bc1-451e-bd0c-884001fb4d7d/build/test-results/test/TEST-graphql.annotations.GraphQLInterfaceTest.xml
[fca095b6-a6b4-4629-abf0-5ac7599eaf6a/build]   ğŸ’¬  ::debug::Parsing file /tmp/63a43930-6bc1-451e-bd0c-884001fb4d7d/build/test-results/test/TEST-graphql.annotations.GraphQLIterableAndArrayTest.xml
[fca095b6-a6b4-4629-abf0-5ac7599eaf6a/build]   ğŸ’¬  ::debug::Parsing file /tmp/63a43930-6bc1-451e-bd0c-884001fb4d7d/build/test-results/test/TEST-graphql.annotations.GraphQLObjectTest.xml
[fca095b6-a6b4-4629-abf0-5ac7599eaf6a/build]   ğŸ’¬  ::debug::Parsing file /tmp/63a43930-6bc1-451e-bd0c-884001fb4d7d/build/test-results/test/TEST-graphql.annotations.GraphQLSimpleSchemaTest.xml
[fca095b6-a6b4-4629-abf0-5ac7599eaf6a/build]   ğŸ’¬  ::debug::Parsing file /tmp/63a43930-6bc1-451e-bd0c-884001fb4d7d/build/test-results/test/TEST-graphql.annotations.GraphQLUnionTest.xml
[fca095b6-a6b4-4629-abf0-5ac7599eaf6a/build]   ğŸ’¬  ::debug::Parsing file /tmp/63a43930-6bc1-451e-bd0c-884001fb4d7d/build/test-results/test/TEST-graphql.annotations.MethodDataFetcherTest.xml
[fca095b6-a6b4-4629-abf0-5ac7599eaf6a/build]   ğŸ’¬  ::debug::Parsing file /tmp/63a43930-6bc1-451e-bd0c-884001fb4d7d/build/test-results/test/TEST-graphql.annotations.RelayTest.xml
[fca095b6-a6b4-4629-abf0-5ac7599eaf6a/build]   ğŸ’¬  ::debug::Parsing file /tmp/63a43930-6bc1-451e-bd0c-884001fb4d7d/build/test-results/test/TEST-graphql.annotations.connection.GraphQLConnectionTest.xml
[fca095b6-a6b4-4629-abf0-5ac7599eaf6a/build]   ğŸ’¬  ::debug::Parsing file /tmp/63a43930-6bc1-451e-bd0c-884001fb4d7d/build/test-results/test/TEST-graphql.annotations.connection.GraphQLEnhancedConnectionTest.xml
[fca095b6-a6b4-4629-abf0-5ac7599eaf6a/build]   ğŸ’¬  ::debug::Parsing file /tmp/63a43930-6bc1-451e-bd0c-884001fb4d7d/build/test-results/test/TEST-graphql.annotations.connection.GraphQLSimpleConnectionTest.xml
[fca095b6-a6b4-4629-abf0-5ac7599eaf6a/build]   ğŸ’¬  ::debug::Parsing file /tmp/63a43930-6bc1-451e-bd0c-884001fb4d7d/build/test-results/test/TEST-graphql.annotations.directives.DirectiveSchemaVisitorTest.xml
[fca095b6-a6b4-4629-abf0-5ac7599eaf6a/build]   ğŸ’¬  ::debug::Parsing file /tmp/63a43930-6bc1-451e-bd0c-884001fb4d7d/build/test-results/test/TEST-graphql.annotations.directives.DirectiveWiringMapRetrieverTest.xml
[fca095b6-a6b4-4629-abf0-5ac7599eaf6a/build]   ğŸ’¬  ::debug::Parsing file /tmp/63a43930-6bc1-451e-bd0c-884001fb4d7d/build/test-results/test/TEST-graphql.annotations.directives.creation.DirectiveArgumentCreatorTest.xml
[fca095b6-a6b4-4629-abf0-5ac7599eaf6a/build]   ğŸ’¬  ::debug::Parsing file /tmp/63a43930-6bc1-451e-bd0c-884001fb4d7d/build/test-results/test/TEST-graphql.annotations.directives.creation.DirectiveCreatorTest.xml
[fca095b6-a6b4-4629-abf0-5ac7599eaf6a/build]   ğŸ’¬  ::debug::Parsing file /tmp/63a43930-6bc1-451e-bd0c-884001fb4d7d/build/test-results/test/TEST-graphql.annotations.processor.retrievers.fieldBuilders.DeprecateBuilderTest.xml
[fca095b6-a6b4-4629-abf0-5ac7599eaf6a/build]   ğŸ’¬  ::debug::Parsing file /tmp/63a43930-6bc1-451e-bd0c-884001fb4d7d/build/test-results/test/TEST-graphql.annotations.processor.retrievers.fieldBuilders.DescriptionBuilderTest.xml
[fca095b6-a6b4-4629-abf0-5ac7599eaf6a/build]   ğŸ’¬  ::debug::Parsing file /tmp/63a43930-6bc1-451e-bd0c-884001fb4d7d/build/test-results/test/TEST-graphql.annotations.processor.retrievers.fieldBuilders.DirectivesBuilderTest.xml
[fca095b6-a6b4-4629-abf0-5ac7599eaf6a/build]   ğŸ’¬  ::debug::Parsing file /tmp/63a43930-6bc1-451e-bd0c-884001fb4d7d/build/test-results/test/TEST-graphql.annotations.processor.retrievers.fieldBuilders.field.FieldNameBuilderTest.xml
[fca095b6-a6b4-4629-abf0-5ac7599eaf6a/build]   ğŸ’¬  ::debug::Parsing file /tmp/63a43930-6bc1-451e-bd0c-884001fb4d7d/build/test-results/test/TEST-graphql.annotations.processor.retrievers.fieldBuilders.method.MethodNameBuilderTest.xml
[fca095b6-a6b4-4629-abf0-5ac7599eaf6a/build]   ğŸ’¬  ::debug::Parsing file /tmp/63a43930-6bc1-451e-bd0c-884001fb4d7d/build/test-results/test/TEST-graphql.annotations.processor.typeFunctions.BigDecimalFunctionTests.xml
[fca095b6-a6b4-4629-abf0-5ac7599eaf6a/build]   ğŸ’¬  ::debug::Parsing file /tmp/63a43930-6bc1-451e-bd0c-884001fb4d7d/build/test-results/test/TEST-graphql.annotations.processor.typeFunctions.BigIntegerFunctionTests.xml
[fca095b6-a6b4-4629-abf0-5ac7599eaf6a/build]   ğŸ’¬  ::debug::Parsing file /tmp/63a43930-6bc1-451e-bd0c-884001fb4d7d/build/test-results/test/TEST-graphql.annotations.processor.typeFunctions.BooleanFunctionTests.xml
[fca095b6-a6b4-4629-abf0-5ac7599eaf6a/build]   ğŸ’¬  ::debug::Parsing file /tmp/63a43930-6bc1-451e-bd0c-884001fb4d7d/build/test-results/test/TEST-graphql.annotations.processor.typeFunctions.ByteFunctionTests.xml
[fca095b6-a6b4-4629-abf0-5ac7599eaf6a/build]   ğŸ’¬  ::debug::Parsing file /tmp/63a43930-6bc1-451e-bd0c-884001fb4d7d/build/test-results/test/TEST-graphql.annotations.processor.typeFunctions.CharFunctionTests.xml
[fca095b6-a6b4-4629-abf0-5ac7599eaf6a/build]   ğŸ’¬  ::debug::Parsing file /tmp/63a43930-6bc1-451e-bd0c-884001fb4d7d/build/test-results/test/TEST-graphql.annotations.processor.typeFunctions.DefaultTypeFunctionTest.xml
[fca095b6-a6b4-4629-abf0-5ac7599eaf6a/build]   ğŸ’¬  ::debug::Parsing file /tmp/63a43930-6bc1-451e-bd0c-884001fb4d7d/build/test-results/test/TEST-graphql.annotations.processor.typeFunctions.FloatFunctionTests.xml
[fca095b6-a6b4-4629-abf0-5ac7599eaf6a/build]   ğŸ’¬  ::debug::Parsing file /tmp/63a43930-6bc1-451e-bd0c-884001fb4d7d/build/test-results/test/TEST-graphql.annotations.processor.typeFunctions.IDFunctionTests.xml
[fca095b6-a6b4-4629-abf0-5ac7599eaf6a/build]   ğŸ’¬  ::debug::Parsing file /tmp/63a43930-6bc1-451e-bd0c-884001fb4d7d/build/test-results/test/TEST-graphql.annotations.processor.typeFunctions.IntegerFunctionTests.xml
[fca095b6-a6b4-4629-abf0-5ac7599eaf6a/build]   ğŸ’¬  ::debug::Parsing file /tmp/63a43930-6bc1-451e-bd0c-884001fb4d7d/build/test-results/test/TEST-graphql.annotations.processor.typeFunctions.LongFunctionTests.xml
[fca095b6-a6b4-4629-abf0-5ac7599eaf6a/build]   ğŸ’¬  ::debug::Parsing file /tmp/63a43930-6bc1-451e-bd0c-884001fb4d7d/build/test-results/test/TEST-graphql.annotations.processor.typeFunctions.ShortFunctionTests.xml
[fca095b6-a6b4-4629-abf0-5ac7599eaf6a/build]   ğŸ’¬  ::debug::Parsing file /tmp/63a43930-6bc1-451e-bd0c-884001fb4d7d/build/test-results/test/TEST-graphql.annotations.processor.typeFunctions.StringFunctionTests.xml
[fca095b6-a6b4-4629-abf0-5ac7599eaf6a/build]   ğŸ’¬  ::debug::Parsing file /tmp/63a43930-6bc1-451e-bd0c-884001fb4d7d/build/test-results/test/TEST-graphql.annotations.processor.util.DataFetcherConstructorTest.xml
[fca095b6-a6b4-4629-abf0-5ac7599eaf6a/build]   ğŸ’¬  ::debug::Parsing file /tmp/63a43930-6bc1-451e-bd0c-884001fb4d7d/build/test-results/test/TEST-graphql.annotations.processor.util.DirectiveJavaAnnotationUtilTest.xml
[fca095b6-a6b4-4629-abf0-5ac7599eaf6a/build]   ğŸ’¬  ::debug::Parsing file /tmp/63a43930-6bc1-451e-bd0c-884001fb4d7d/build/test-results/test/TEST-graphql.annotations.processor.util.NamingKitTest.xml
[fca095b6-a6b4-4629-abf0-5ac7599eaf6a/build]   | 
[fca095b6-a6b4-4629-abf0-5ac7599eaf6a/build]   âš™  ::set-output:: passed=0
[fca095b6-a6b4-4629-abf0-5ac7599eaf6a/build]   | 
[fca095b6-a6b4-4629-abf0-5ac7599eaf6a/build]   âš™  ::set-output:: failed=4
[fca095b6-a6b4-4629-abf0-5ac7599eaf6a/build]   | â„¹ï¸ 225 tests run, 0 skipped, 4 failed.
[fca095b6-a6b4-4629-abf0-5ac7599eaf6a/build]   | â„¹ï¸ Posting with conclusion 'failure' to refs/heads/master (sha: 6d9d7a79de7b1a8f25aef7850e4666c864557ae9)
[fca095b6-a6b4-4629-abf0-5ac7599eaf6a/build]   â“  ::endgroup::
[fca095b6-a6b4-4629-abf0-5ac7599eaf6a/build]   â“  ::group::ğŸš€ Publish results
[fca095b6-a6b4-4629-abf0-5ac7599eaf6a/build]   ğŸ’¬  ::debug::{%0A  "owner": "Enigmatis",%0A  "repo": "graphql-java-annotations",%0A  "name": "JUnit Test Report",%0A  "head_sha": "6d9d7a79de7b1a8f25aef7850e4666c864557ae9",%0A  "status": "completed",%0A  "conclusion": "failure",%0A  "output": {%0A    "title": "225 tests run, 0 skipped, 4 failed.",%0A    "summary": "",%0A    "annotations": [%0A      {%0A        "path": ".act-result/63a43930-6bc1-451e-bd0c-884001fb4d7d/src/test/java/graphql/annotations/GraphQLDirectivesViaClassDefinitionTest.java",%0A        "start_line": 226,%0A        "end_line": 226,%0A        "start_column": 0,%0A        "end_column": 0,%0A        "annotation_level": "failure",%0A        "title": "GraphQLDirectivesViaClassDefinitionTest.queryNameWithFalse_directivesProvidedToRegistry_wiringIsActivated",%0A        "message": "graphql.annotations.processor.exceptions.GraphQLAnnotationsException: Could not parse argument value to argument type",%0A        "raw_details": "graphql.annotations.processor.exceptions.GraphQLAnnotationsException: Could not parse argument value to argument type\n\tat graphql.annotations.processor.retrievers.fieldBuilders.DirectivesBuilder.lambda$transformArgument$5(DirectivesBuilder.java:165)\n\tat graphql.schema.GraphQLArgument.transform(GraphQLArgument.java:290)\n\tat graphql.annotations.processor.retrievers.fieldBuilders.DirectivesBuilder.transformArgument(DirectivesBuilder.java:157)\n\tat graphql.annotations.processor.retrievers.fieldBuilders.DirectivesBuilder.transformArgs(DirectivesBuilder.java:116)\n\tat graphql.annotations.processor.retrievers.fieldBuilders.DirectivesBuilder.lambda$build$1(DirectivesBuilder.java:71)\n\tat java.util.stream.ReferencePipeline$3$1.accept(ReferencePipeline.java:193)\n\tat java.util.Spliterators$ArraySpliterator.forEachRemaining(Spliterators.java:948)\n\tat java.util.stream.AbstractPipeline.copyInto(AbstractPipeline.java:482)\n\tat java.util.stream.AbstractPipeline.wrapAndCopyInto(AbstractPipeline.java:472)\n\tat java.util.stream.ReduceOps$ReduceOp.evaluateSequential(ReduceOps.java:708)\n\tat java.util.stream.AbstractPipeline.evaluate(AbstractPipeline.java:234)\n\tat java.util.stream.ReferencePipeline.collect(ReferencePipeline.java:566)\n\tat graphql.annotations.processor.retrievers.fieldBuilders.DirectivesBuilder.build(DirectivesBuilder.java:76)\n\tat graphql.annotations.processor.retrievers.GraphQLFieldRetriever.getField(GraphQLFieldRetriever.java:83)\n\tat graphql.annotations.processor.typeBuilders.OutputObjectBuilder.getOutputObjectBuilder(OutputObjectBuilder.java:81)\n\tat graphql.annotations.processor.retrievers.GraphQLTypeRetriever.getGraphQLType(GraphQLTypeRetriever.java:83)\n\tat graphql.annotations.processor.retrievers.GraphQLObjectHandler.getGraphQLType(GraphQLObjectHandler.java:32)\n\tat graphql.annotations.processor.GraphQLAnnotations.object(GraphQLAnnotations.java:124)\n\tat graphql.annotations.GraphQLDirectivesViaClassDefinitionTest.queryNameWithFalse_directivesProvidedToRegistry_wiringIsActivated(GraphQLDirectivesViaClassDefinitionTest.java:226)\n\tat sun.reflect.NativeMethodAccessorImpl.invoke0(Native Method)\n\tat sun.reflect.NativeMethodAccessorImpl.invoke(NativeMethodAccessorImpl.java:62)\n\tat sun.reflect.DelegatingMethodAccessorImpl.invoke(DelegatingMethodAccessorImpl.java:43)\n\tat java.lang.reflect.Method.invoke(Method.java:498)\n\tat org.testng.internal.MethodInvocationHelper.invokeMethod(MethodInvocationHelper.java:86)\n\tat org.testng.internal.Invoker.invokeMethod(Invoker.java:643)\n\tat org.testng.internal.Invoker.invokeTestMethod(Invoker.java:820)\n\tat org.testng.internal.Invoker.invokeTestMethods(Invoker.java:1128)\n\tat org.testng.internal.TestMethodWorker.invokeTestMethods(TestMethodWorker.java:129)\n\tat org.testng.internal.TestMethodWorker.run(TestMethodWorker.java:112)\n\tat org.testng.TestRunner.privateRun(TestRunner.java:782)\n\tat org.testng.TestRunner.run(TestRunner.java:632)\n\tat org.testng.SuiteRunner.runTest(SuiteRunner.java:366)\n\tat org.testng.SuiteRunner.runSequentially(SuiteRunner.java:361)\n\tat org.testng.SuiteRunner.privateRun(SuiteRunner.java:319)\n\tat org.testng.SuiteRunner.run(SuiteRunner.java:268)\n\tat org.testng.SuiteRunnerWorker.runSuite(SuiteRunnerWorker.java:52)\n\tat org.testng.SuiteRunnerWorker.run(SuiteRunnerWorker.java:86)\n\tat org.testng.TestNG.runSuitesSequentially(TestNG.java:1244)\n\tat org.testng.TestNG.runSuitesLocally(TestNG.java:1169)\n\tat org.testng.TestNG.run(TestNG.java:1064)\n\tat org.gradle.api.internal.tasks.testing.testng.TestNGTestClassProcessor.runTests(TestNGTestClassProcessor.java:141)\n\tat org.gradle.api.internal.tasks.testing.testng.TestNGTestClassProcessor.stop(TestNGTestClassProcessor.java:90)\n\tat org.gradle.api.internal.tasks.testing.SuiteTestClassProcessor.stop(SuiteTestClassProcessor.java:61)\n\tat sun.reflect.NativeMethodAccessorImpl.invoke0(Native Method)\n\tat sun.reflect.NativeMethodAccessorImpl.invoke(NativeMethodAccessorImpl.java:62)\n\tat sun.reflect.DelegatingMethodAccessorImpl.invoke(DelegatingMethodAccessorImpl.java:43)\n\tat java.lang.reflect.Method.invoke(Method.java:498)\n\tat org.gradle.internal.dispatch.ReflectionDispatch.dispatch(ReflectionDispatch.java:36)\n\tat org.gradle.internal.dispatch.ReflectionDispatch.dispatch(ReflectionDispatch.java:24)\n\tat org.gradle.internal.dispatch.ContextClassLoaderDispatch.dispatch(ContextClassLoaderDispatch.java:33)\n\tat org.gradle.internal.dispatch.ProxyDispatchAdapter$DispatchingInvocationHandler.invoke(ProxyDispatchAdapter.java:94)\n\tat com.sun.proxy.$Proxy2.stop(Unknown Source)\n\tat org.gradle.api.internal.tasks.testing.worker.TestWorker.stop(TestWorker.java:133)\n\tat sun.reflect.NativeMethodAccessorImpl.invoke0(Native Method)\n\tat sun.reflect.NativeMethodAccessorImpl.invoke(NativeMethodAccessorImpl.java:62)\n\tat sun.reflect.DelegatingMethodAccessorImpl.invoke(DelegatingMethodAccessorImpl.java:43)\n\tat java.lang.reflect.Method.invoke(Method.java:498)\n\tat org.gradle.internal.dispatch.ReflectionDispatch.dispatch(ReflectionDispatch.java:36)\n\tat org.gradle.internal.dispatch.ReflectionDispatch.dispatch(ReflectionDispatch.java:24)\n\tat org.gradle.internal.remote.internal.hub.MessageHubBackedObjectConnection$DispatchWrapper.dispatch(MessageHubBackedObjectConnection.java:182)\n\tat org.gradle.internal.remote.internal.hub.MessageHubBackedObjectConnection$DispatchWrapper.dispatch(MessageHubBackedObjectConnection.java:164)\n\tat org.gradle.internal.remote.internal.hub.MessageHub$Handler.run(MessageHub.java:414)\n\tat org.gradle.internal.concurrent.ExecutorPolicy$CatchAndRecordFailures.onExecute(ExecutorPolicy.java:64)\n\tat org.gradle.internal.concurrent.ManagedExecutorImpl$1.run(ManagedExecutorImpl.java:48)\n\tat java.util.concurrent.ThreadPoolExecutor.runWorker(ThreadPoolExecutor.java:1149)\n\tat java.util.concurrent.ThreadPoolExecutor$Worker.run(ThreadPoolExecutor.java:624)\n\tat org.gradle.internal.concurrent.ThreadFactoryImpl$ManagedThreadRunnable.run(ThreadFactoryImpl.java:56)\n\tat java.lang.Thread.run(Thread.java:750)\nCaused by: graphql.schema.CoercingParseValueException: Expected a Boolean input, but it was a 'String'\n\tat graphql.scalar.GraphqlBooleanCoercing.parseValueImpl(GraphqlBooleanCoercing.java:73)\n\tat graphql.scalar.GraphqlBooleanCoercing.parseValue(GraphqlBooleanCoercing.java:108)\n\tat graphql.scalar.GraphqlBooleanCoercing.parseValue(GraphqlBooleanCoercing.java:28)\n\tat graphql.annotations.processor.retrievers.fieldBuilders.DirectivesBuilder.lambda$transformArgument$5(DirectivesBuilder.java:162)\n\t... 67 more"%0A      },%0A      {%0A        "path": ".act-result/63a43930-6bc1-451e-bd0c-884001fb4d7d/src/test/java/graphql/annotations/GraphQLDirectivesViaClassDefinitionTest.java",%0A        "start_line": 237,%0A        "end_line": 237,%0A        "start_column": 0,%0A        "end_column": 0,%0A        "annotation_level": "failure",%0A        "title": "GraphQLDirectivesViaClassDefinitionTest.queryNameWithNoArgs_directivesProvidedToRegistry_wiringIsActivated",%0A        "message": "graphql.annotations.processor.exceptions.GraphQLAnnotationsException: Could not parse argument value to argument type",%0A        "raw_details": "graphql.annotations.processor.exceptions.GraphQLAnnotationsException: Could not parse argument value to argument type\n\tat graphql.annotations.processor.retrievers.fieldBuilders.DirectivesBuilder.lambda$transformArgument$5(DirectivesBuilder.java:165)\n\tat graphql.schema.GraphQLArgument.transform(GraphQLArgument.java:290)\n\tat graphql.annotations.processor.retrievers.fieldBuilders.DirectivesBuilder.transformArgument(DirectivesBuilder.java:157)\n\tat graphql.annotations.processor.retrievers.fieldBuilders.DirectivesBuilder.transformArgs(DirectivesBuilder.java:116)\n\tat graphql.annotations.processor.retrievers.fieldBuilders.DirectivesBuilder.lambda$build$1(DirectivesBuilder.java:71)\n\tat java.util.stream.ReferencePipeline$3$1.accept(ReferencePipeline.java:193)\n\tat java.util.Spliterators$ArraySpliterator.forEachRemaining(Spliterators.java:948)\n\tat java.util.stream.AbstractPipeline.copyInto(AbstractPipeline.java:482)\n\tat java.util.stream.AbstractPipeline.wrapAndCopyInto(AbstractPipeline.java:472)\n\tat java.util.stream.ReduceOps$ReduceOp.evaluateSequential(ReduceOps.java:708)\n\tat java.util.stream.AbstractPipeline.evaluate(AbstractPipeline.java:234)\n\tat java.util.stream.ReferencePipeline.collect(ReferencePipeline.java:566)\n\tat graphql.annotations.processor.retrievers.fieldBuilders.DirectivesBuilder.build(DirectivesBuilder.java:76)\n\tat graphql.annotations.processor.retrievers.GraphQLFieldRetriever.getField(GraphQLFieldRetriever.java:83)\n\tat graphql.annotations.processor.typeBuilders.OutputObjectBuilder.getOutputObjectBuilder(OutputObjectBuilder.java:81)\n\tat graphql.annotations.processor.retrievers.GraphQLTypeRetriever.getGraphQLType(GraphQLTypeRetriever.java:83)\n\tat graphql.annotations.processor.retrievers.GraphQLObjectHandler.getGraphQLType(GraphQLObjectHandler.java:32)\n\tat graphql.annotations.processor.GraphQLAnnotations.object(GraphQLAnnotations.java:124)\n\tat graphql.annotations.AnnotationsSchemaCreator$Builder.build(AnnotationsSchemaCreator.java:254)\n\tat graphql.annotations.GraphQLDirectivesViaClassDefinitionTest.queryNameWithNoArgs_directivesProvidedToRegistry_wiringIsActivated(GraphQLDirectivesViaClassDefinitionTest.java:237)\n\tat sun.reflect.NativeMethodAccessorImpl.invoke0(Native Method)\n\tat sun.reflect.NativeMethodAccessorImpl.invoke(NativeMethodAccessorImpl.java:62)\n\tat sun.reflect.DelegatingMethodAccessorImpl.invoke(DelegatingMethodAccessorImpl.java:43)\n\tat java.lang.reflect.Method.invoke(Method.java:498)\n\tat org.testng.internal.MethodInvocationHelper.invokeMethod(MethodInvocationHelper.java:86)\n\tat org.testng.internal.Invoker.invokeMethod(Invoker.java:643)\n\tat org.testng.internal.Invoker.invokeTestMethod(Invoker.java:820)\n\tat org.testng.internal.Invoker.invokeTestMethods(Invoker.java:1128)\n\tat org.testng.internal.TestMethodWorker.invokeTestMethods(TestMethodWorker.java:129)\n\tat org.testng.internal.TestMethodWorker.run(TestMethodWorker.java:112)\n\tat org.testng.TestRunner.privateRun(TestRunner.java:782)\n\tat org.testng.TestRunner.run(TestRunner.java:632)\n\tat org.testng.SuiteRunner.runTest(SuiteRunner.java:366)\n\tat org.testng.SuiteRunner.runSequentially(SuiteRunner.java:361)\n\tat org.testng.SuiteRunner.privateRun(SuiteRunner.java:319)\n\tat org.testng.SuiteRunner.run(SuiteRunner.java:268)\n\tat org.testng.SuiteRunnerWorker.runSuite(SuiteRunnerWorker.java:52)\n\tat org.testng.SuiteRunnerWorker.run(SuiteRunnerWorker.java:86)\n\tat org.testng.TestNG.runSuitesSequentially(TestNG.java:1244)\n\tat org.testng.TestNG.runSuitesLocally(TestNG.java:1169)\n\tat org.testng.TestNG.run(TestNG.java:1064)\n\tat org.gradle.api.internal.tasks.testing.testng.TestNGTestClassProcessor.runTests(TestNGTestClassProcessor.java:141)\n\tat org.gradle.api.internal.tasks.testing.testng.TestNGTestClassProcessor.stop(TestNGTestClassProcessor.java:90)\n\tat org.gradle.api.internal.tasks.testing.SuiteTestClassProcessor.stop(SuiteTestClassProcessor.java:61)\n\tat sun.reflect.NativeMethodAccessorImpl.invoke0(Native Method)\n\tat sun.reflect.NativeMethodAccessorImpl.invoke(NativeMethodAccessorImpl.java:62)\n\tat sun.reflect.DelegatingMethodAccessorImpl.invoke(DelegatingMethodAccessorImpl.java:43)\n\tat java.lang.reflect.Method.invoke(Method.java:498)\n\tat org.gradle.internal.dispatch.ReflectionDispatch.dispatch(ReflectionDispatch.java:36)\n\tat org.gradle.internal.dispatch.ReflectionDispatch.dispatch(ReflectionDispatch.java:24)\n\tat org.gradle.internal.dispatch.ContextClassLoaderDispatch.dispatch(ContextClassLoaderDispatch.java:33)\n\tat org.gradle.internal.dispatch.ProxyDispatchAdapter$DispatchingInvocationHandler.invoke(ProxyDispatchAdapter.java:94)\n\tat com.sun.proxy.$Proxy2.stop(Unknown Source)\n\tat org.gradle.api.internal.tasks.testing.worker.TestWorker.stop(TestWorker.java:133)\n\tat sun.reflect.NativeMethodAccessorImpl.invoke0(Native Method)\n\tat sun.reflect.NativeMethodAccessorImpl.invoke(NativeMethodAccessorImpl.java:62)\n\tat sun.reflect.DelegatingMethodAccessorImpl.invoke(DelegatingMethodAccessorImpl.java:43)\n\tat java.lang.reflect.Method.invoke(Method.java:498)\n\tat org.gradle.internal.dispatch.ReflectionDispatch.dispatch(ReflectionDispatch.java:36)\n\tat org.gradle.internal.dispatch.ReflectionDispatch.dispatch(ReflectionDispatch.java:24)\n\tat org.gradle.internal.remote.internal.hub.MessageHubBackedObjectConnection$DispatchWrapper.dispatch(MessageHubBackedObjectConnection.java:182)\n\tat org.gradle.internal.remote.internal.hub.MessageHubBackedObjectConnection$DispatchWrapper.dispatch(MessageHubBackedObjectConnection.java:164)\n\tat org.gradle.internal.remote.internal.hub.MessageHub$Handler.run(MessageHub.java:414)\n\tat org.gradle.internal.concurrent.ExecutorPolicy$CatchAndRecordFailures.onExecute(ExecutorPolicy.java:64)\n\tat org.gradle.internal.concurrent.ManagedExecutorImpl$1.run(ManagedExecutorImpl.java:48)\n\tat java.util.concurrent.ThreadPoolExecutor.runWorker(ThreadPoolExecutor.java:1149)\n\tat java.util.concurrent.ThreadPoolExecutor$Worker.run(ThreadPoolExecutor.java:624)\n\tat org.gradle.internal.concurrent.ThreadFactoryImpl$ManagedThreadRunnable.run(ThreadFactoryImpl.java:56)\n\tat java.lang.Thread.run(Thread.java:750)\nCaused by: graphql.schema.CoercingParseValueException: Expected a Boolean input, but it was a 'String'\n\tat graphql.scalar.GraphqlBooleanCoercing.parseValueImpl(GraphqlBooleanCoercing.java:73)\n\tat graphql.scalar.GraphqlBooleanCoercing.parseValue(GraphqlBooleanCoercing.java:108)\n\tat graphql.scalar.GraphqlBooleanCoercing.parseValue(GraphqlBooleanCoercing.java:28)\n\tat graphql.annotations.processor.retrievers.fieldBuilders.DirectivesBuilder.lambda$transformArgument$5(DirectivesBuilder.java:162)\n\t... 68 more"%0A      },%0A      {%0A        "path": ".act-result/63a43930-6bc1-451e-bd0c-884001fb4d7d/src/test/java/graphql/annotations/GraphQLDirectivesViaClassDefinitionTest.java",%0A        "start_line": 253,%0A        "end_line": 253,%0A        "start_column": 0,%0A        "end_column": 0,%0A        "annotation_level": "failure",%0A        "title": "GraphQLDirectivesViaClassDefinitionTest.queryName_chainedDirectives_wiringIsActivatedInCorrectOrder",%0A        "message": "graphql.annotations.processor.exceptions.GraphQLAnnotationsException: Could not parse argument value to argument type",%0A        "raw_details": "graphql.annotations.processor.exceptions.GraphQLAnnotationsException: Could not parse argument value to argument type\n\tat graphql.annotations.processor.retrievers.fieldBuilders.DirectivesBuilder.lambda$transformArgument$5(DirectivesBuilder.java:165)\n\tat graphql.schema.GraphQLArgument.transform(GraphQLArgument.java:290)\n\tat graphql.annotations.processor.retrievers.fieldBuilders.DirectivesBuilder.transformArgument(DirectivesBuilder.java:157)\n\tat graphql.annotations.processor.retrievers.fieldBuilders.DirectivesBuilder.transformArgs(DirectivesBuilder.java:116)\n\tat graphql.annotations.processor.retrievers.fieldBuilders.DirectivesBuilder.lambda$build$1(DirectivesBuilder.java:71)\n\tat java.util.stream.ReferencePipeline$3$1.accept(ReferencePipeline.java:193)\n\tat java.util.Spliterators$ArraySpliterator.forEachRemaining(Spliterators.java:948)\n\tat java.util.stream.AbstractPipeline.copyInto(AbstractPipeline.java:482)\n\tat java.util.stream.AbstractPipeline.wrapAndCopyInto(AbstractPipeline.java:472)\n\tat java.util.stream.ReduceOps$ReduceOp.evaluateSequential(ReduceOps.java:708)\n\tat java.util.stream.AbstractPipeline.evaluate(AbstractPipeline.java:234)\n\tat java.util.stream.ReferencePipeline.collect(ReferencePipeline.java:566)\n\tat graphql.annotations.processor.retrievers.fieldBuilders.DirectivesBuilder.build(DirectivesBuilder.java:76)\n\tat graphql.annotations.processor.retrievers.GraphQLFieldRetriever.getField(GraphQLFieldRetriever.java:83)\n\tat graphql.annotations.processor.typeBuilders.OutputObjectBuilder.getOutputObjectBuilder(OutputObjectBuilder.java:81)\n\tat graphql.annotations.processor.retrievers.GraphQLTypeRetriever.getGraphQLType(GraphQLTypeRetriever.java:83)\n\tat graphql.annotations.processor.retrievers.GraphQLObjectHandler.getGraphQLType(GraphQLObjectHandler.java:32)\n\tat graphql.annotations.processor.GraphQLAnnotations.object(GraphQLAnnotations.java:124)\n\tat graphql.annotations.AnnotationsSchemaCreator$Builder.build(AnnotationsSchemaCreator.java:254)\n\tat graphql.annotations.GraphQLDirectivesViaClassDefinitionTest.queryName_chainedDirectives_wiringIsActivatedInCorrectOrder(GraphQLDirectivesViaClassDefinitionTest.java:253)\n\tat sun.reflect.NativeMethodAccessorImpl.invoke0(Native Method)\n\tat sun.reflect.NativeMethodAccessorImpl.invoke(NativeMethodAccessorImpl.java:62)\n\tat sun.reflect.DelegatingMethodAccessorImpl.invoke(DelegatingMethodAccessorImpl.java:43)\n\tat java.lang.reflect.Method.invoke(Method.java:498)\n\tat org.testng.internal.MethodInvocationHelper.invokeMethod(MethodInvocationHelper.java:86)\n\tat org.testng.internal.Invoker.invokeMethod(Invoker.java:643)\n\tat org.testng.internal.Invoker.invokeTestMethod(Invoker.java:820)\n\tat org.testng.internal.Invoker.invokeTestMethods(Invoker.java:1128)\n\tat org.testng.internal.TestMethodWorker.invokeTestMethods(TestMethodWorker.java:129)\n\tat org.testng.internal.TestMethodWorker.run(TestMethodWorker.java:112)\n\tat org.testng.TestRunner.privateRun(TestRunner.java:782)\n\tat org.testng.TestRunner.run(TestRunner.java:632)\n\tat org.testng.SuiteRunner.runTest(SuiteRunner.java:366)\n\tat org.testng.SuiteRunner.runSequentially(SuiteRunner.java:361)\n\tat org.testng.SuiteRunner.privateRun(SuiteRunner.java:319)\n\tat org.testng.SuiteRunner.run(SuiteRunner.java:268)\n\tat org.testng.SuiteRunnerWorker.runSuite(SuiteRunnerWorker.java:52)\n\tat org.testng.SuiteRunnerWorker.run(SuiteRunnerWorker.java:86)\n\tat org.testng.TestNG.runSuitesSequentially(TestNG.java:1244)\n\tat org.testng.TestNG.runSuitesLocally(TestNG.java:1169)\n\tat org.testng.TestNG.run(TestNG.java:1064)\n\tat org.gradle.api.internal.tasks.testing.testng.TestNGTestClassProcessor.runTests(TestNGTestClassProcessor.java:141)\n\tat org.gradle.api.internal.tasks.testing.testng.TestNGTestClassProcessor.stop(TestNGTestClassProcessor.java:90)\n\tat org.gradle.api.internal.tasks.testing.SuiteTestClassProcessor.stop(SuiteTestClassProcessor.java:61)\n\tat sun.reflect.NativeMethodAccessorImpl.invoke0(Native Method)\n\tat sun.reflect.NativeMethodAccessorImpl.invoke(NativeMethodAccessorImpl.java:62)\n\tat sun.reflect.DelegatingMethodAccessorImpl.invoke(DelegatingMethodAccessorImpl.java:43)\n\tat java.lang.reflect.Method.invoke(Method.java:498)\n\tat org.gradle.internal.dispatch.ReflectionDispatch.dispatch(ReflectionDispatch.java:36)\n\tat org.gradle.internal.dispatch.ReflectionDispatch.dispatch(ReflectionDispatch.java:24)\n\tat org.gradle.internal.dispatch.ContextClassLoaderDispatch.dispatch(ContextClassLoaderDispatch.java:33)\n\tat org.gradle.internal.dispatch.ProxyDispatchAdapter$DispatchingInvocationHandler.invoke(ProxyDispatchAdapter.java:94)\n\tat com.sun.proxy.$Proxy2.stop(Unknown Source)\n\tat org.gradle.api.internal.tasks.testing.worker.TestWorker.stop(TestWorker.java:133)\n\tat sun.reflect.NativeMethodAccessorImpl.invoke0(Native Method)\n\tat sun.reflect.NativeMethodAccessorImpl.invoke(NativeMethodAccessorImpl.java:62)\n\tat sun.reflect.DelegatingMethodAccessorImpl.invoke(DelegatingMethodAccessorImpl.java:43)\n\tat java.lang.reflect.Method.invoke(Method.java:498)\n\tat org.gradle.internal.dispatch.ReflectionDispatch.dispatch(ReflectionDispatch.java:36)\n\tat org.gradle.internal.dispatch.ReflectionDispatch.dispatch(ReflectionDispatch.java:24)\n\tat org.gradle.internal.remote.internal.hub.MessageHubBackedObjectConnection$DispatchWrapper.dispatch(MessageHubBackedObjectConnection.java:182)\n\tat org.gradle.internal.remote.internal.hub.MessageHubBackedObjectConnection$DispatchWrapper.dispatch(MessageHubBackedObjectConnection.java:164)\n\tat org.gradle.internal.remote.internal.hub.MessageHub$Handler.run(MessageHub.java:414)\n\tat org.gradle.internal.concurrent.ExecutorPolicy$CatchAndRecordFailures.onExecute(ExecutorPolicy.java:64)\n\tat org.gradle.internal.concurrent.ManagedExecutorImpl$1.run(ManagedExecutorImpl.java:48)\n\tat java.util.concurrent.ThreadPoolExecutor.runWorker(ThreadPoolExecutor.java:1149)\n\tat java.util.concurrent.ThreadPoolExecutor$Worker.run(ThreadPoolExecutor.java:624)\n\tat org.gradle.internal.concurrent.ThreadFactoryImpl$ManagedThreadRunnable.run(ThreadFactoryImpl.java:56)\n\tat java.lang.Thread.run(Thread.java:750)\nCaused by: graphql.schema.CoercingParseValueException: Expected a Boolean input, but it was a 'String'\n\tat graphql.scalar.GraphqlBooleanCoercing.parseValueImpl(GraphqlBooleanCoercing.java:73)\n\tat graphql.scalar.GraphqlBooleanCoercing.parseValue(GraphqlBooleanCoercing.java:108)\n\tat graphql.scalar.GraphqlBooleanCoercing.parseValue(GraphqlBooleanCoercing.java:28)\n\tat graphql.annotations.processor.retrievers.fieldBuilders.DirectivesBuilder.lambda$transformArgument$5(DirectivesBuilder.java:162)\n\t... 68 more"%0A      },%0A      {%0A        "path": ".act-result/63a43930-6bc1-451e-bd0c-884001fb4d7d/src/test/java/graphql/annotations/GraphQLDirectivesViaClassDefinitionTest.java",%0A        "start_line": 214,%0A        "end_line": 214,%0A        "start_column": 0,%0A        "end_column": 0,%0A        "annotation_level": "failure",%0A        "title": "GraphQLDirectivesViaClassDefinitionTest.queryName_directivesProvidedToRegistry_wiringIsActivated",%0A        "message": "graphql.annotations.processor.exceptions.GraphQLAnnotationsException: Could not parse argument value to argument type",%0A        "raw_details": "graphql.annotations.processor.exceptions.GraphQLAnnotationsException: Could not parse argument value to argument type\n\tat graphql.annotations.processor.retrievers.fieldBuilders.DirectivesBuilder.lambda$transformArgument$5(DirectivesBuilder.java:165)\n\tat graphql.schema.GraphQLArgument.transform(GraphQLArgument.java:290)\n\tat graphql.annotations.processor.retrievers.fieldBuilders.DirectivesBuilder.transformArgument(DirectivesBuilder.java:157)\n\tat graphql.annotations.processor.retrievers.fieldBuilders.DirectivesBuilder.transformArgs(DirectivesBuilder.java:116)\n\tat graphql.annotations.processor.retrievers.fieldBuilders.DirectivesBuilder.lambda$build$1(DirectivesBuilder.java:71)\n\tat java.util.stream.ReferencePipeline$3$1.accept(ReferencePipeline.java:193)\n\tat java.util.Spliterators$ArraySpliterator.forEachRemaining(Spliterators.java:948)\n\tat java.util.stream.AbstractPipeline.copyInto(AbstractPipeline.java:482)\n\tat java.util.stream.AbstractPipeline.wrapAndCopyInto(AbstractPipeline.java:472)\n\tat java.util.stream.ReduceOps$ReduceOp.evaluateSequential(ReduceOps.java:708)\n\tat java.util.stream.AbstractPipeline.evaluate(AbstractPipeline.java:234)\n\tat java.util.stream.ReferencePipeline.collect(ReferencePipeline.java:566)\n\tat graphql.annotations.processor.retrievers.fieldBuilders.DirectivesBuilder.build(DirectivesBuilder.java:76)\n\tat graphql.annotations.processor.retrievers.GraphQLFieldRetriever.getField(GraphQLFieldRetriever.java:83)\n\tat graphql.annotations.processor.typeBuilders.OutputObjectBuilder.getOutputObjectBuilder(OutputObjectBuilder.java:81)\n\tat graphql.annotations.processor.retrievers.GraphQLTypeRetriever.getGraphQLType(GraphQLTypeRetriever.java:83)\n\tat graphql.annotations.processor.retrievers.GraphQLObjectHandler.getGraphQLType(GraphQLObjectHandler.java:32)\n\tat graphql.annotations.processor.GraphQLAnnotations.object(GraphQLAnnotations.java:124)\n\tat graphql.annotations.AnnotationsSchemaCreator$Builder.build(AnnotationsSchemaCreator.java:254)\n\tat graphql.annotations.GraphQLDirectivesViaClassDefinitionTest.queryName_directivesProvidedToRegistry_wiringIsActivated(GraphQLDirectivesViaClassDefinitionTest.java:214)\n\tat sun.reflect.NativeMethodAccessorImpl.invoke0(Native Method)\n\tat sun.reflect.NativeMethodAccessorImpl.invoke(NativeMethodAccessorImpl.java:62)\n\tat sun.reflect.DelegatingMethodAccessorImpl.invoke(DelegatingMethodAccessorImpl.java:43)\n\tat java.lang.reflect.Method.invoke(Method.java:498)\n\tat org.testng.internal.MethodInvocationHelper.invokeMethod(MethodInvocationHelper.java:86)\n\tat org.testng.internal.Invoker.invokeMethod(Invoker.java:643)\n\tat org.testng.internal.Invoker.invokeTestMethod(Invoker.java:820)\n\tat org.testng.internal.Invoker.invokeTestMethods(Invoker.java:1128)\n\tat org.testng.internal.TestMethodWorker.invokeTestMethods(TestMethodWorker.java:129)\n\tat org.testng.internal.TestMethodWorker.run(TestMethodWorker.java:112)\n\tat org.testng.TestRunner.privateRun(TestRunner.java:782)\n\tat org.testng.TestRunner.run(TestRunner.java:632)\n\tat org.testng.SuiteRunner.runTest(SuiteRunner.java:366)\n\tat org.testng.SuiteRunner.runSequentially(SuiteRunner.java:361)\n\tat org.testng.SuiteRunner.privateRun(SuiteRunner.java:319)\n\tat org.testng.SuiteRunner.run(SuiteRunner.java:268)\n\tat org.testng.SuiteRunnerWorker.runSuite(SuiteRunnerWorker.java:52)\n\tat org.testng.SuiteRunnerWorker.run(SuiteRunnerWorker.java:86)\n\tat org.testng.TestNG.runSuitesSequentially(TestNG.java:1244)\n\tat org.testng.TestNG.runSuitesLocally(TestNG.java:1169)\n\tat org.testng.TestNG.run(TestNG.java:1064)\n\tat org.gradle.api.internal.tasks.testing.testng.TestNGTestClassProcessor.runTests(TestNGTestClassProcessor.java:141)\n\tat org.gradle.api.internal.tasks.testing.testng.TestNGTestClassProcessor.stop(TestNGTestClassProcessor.java:90)\n\tat org.gradle.api.internal.tasks.testing.SuiteTestClassProcessor.stop(SuiteTestClassProcessor.java:61)\n\tat sun.reflect.NativeMethodAccessorImpl.invoke0(Native Method)\n\tat sun.reflect.NativeMethodAccessorImpl.invoke(NativeMethodAccessorImpl.java:62)\n\tat sun.reflect.DelegatingMethodAccessorImpl.invoke(DelegatingMethodAccessorImpl.java:43)\n\tat java.lang.reflect.Method.invoke(Method.java:498)\n\tat org.gradle.internal.dispatch.ReflectionDispatch.dispatch(ReflectionDispatch.java:36)\n\tat org.gradle.internal.dispatch.ReflectionDispatch.dispatch(ReflectionDispatch.java:24)\n\tat org.gradle.internal.dispatch.ContextClassLoaderDispatch.dispatch(ContextClassLoaderDispatch.java:33)\n\tat org.gradle.internal.dispatch.ProxyDispatchAdapter$DispatchingInvocationHandler.invoke(ProxyDispatchAdapter.java:94)\n\tat com.sun.proxy.$Proxy2.stop(Unknown Source)\n\tat org.gradle.api.internal.tasks.testing.worker.TestWorker.stop(TestWorker.java:133)\n\tat sun.reflect.NativeMethodAccessorImpl.invoke0(Native Method)\n\tat sun.reflect.NativeMethodAccessorImpl.invoke(NativeMethodAccessorImpl.java:62)\n\tat sun.reflect.DelegatingMethodAccessorImpl.invoke(DelegatingMethodAccessorImpl.java:43)\n\tat java.lang.reflect.Method.invoke(Method.java:498)\n\tat org.gradle.internal.dispatch.ReflectionDispatch.dispatch(ReflectionDispatch.java:36)\n\tat org.gradle.internal.dispatch.ReflectionDispatch.dispatch(ReflectionDispatch.java:24)\n\tat org.gradle.internal.remote.internal.hub.MessageHubBackedObjectConnection$DispatchWrapper.dispatch(MessageHubBackedObjectConnection.java:182)\n\tat org.gradle.internal.remote.internal.hub.MessageHubBackedObjectConnection$DispatchWrapper.dispatch(MessageHubBackedObjectConnection.java:164)\n\tat org.gradle.internal.remote.internal.hub.MessageHub$Handler.run(MessageHub.java:414)\n\tat org.gradle.internal.concurrent.ExecutorPolicy$CatchAndRecordFailures.onExecute(ExecutorPolicy.java:64)\n\tat org.gradle.internal.concurrent.ManagedExecutorImpl$1.run(ManagedExecutorImpl.java:48)\n\tat java.util.concurrent.ThreadPoolExecutor.runWorker(ThreadPoolExecutor.java:1149)\n\tat java.util.concurrent.ThreadPoolExecutor$Worker.run(ThreadPoolExecutor.java:624)\n\tat org.gradle.internal.concurrent.ThreadFactoryImpl$ManagedThreadRunnable.run(ThreadFactoryImpl.java:56)\n\tat java.lang.Thread.run(Thread.java:750)\nCaused by: graphql.schema.CoercingParseValueException: Expected a Boolean input, but it was a 'String'\n\tat graphql.scalar.GraphqlBooleanCoercing.parseValueImpl(GraphqlBooleanCoercing.java:73)\n\tat graphql.scalar.GraphqlBooleanCoercing.parseValue(GraphqlBooleanCoercing.java:108)\n\tat graphql.scalar.GraphqlBooleanCoercing.parseValue(GraphqlBooleanCoercing.java:28)\n\tat graphql.annotations.processor.retrievers.fieldBuilders.DirectivesBuilder.lambda$transformArgument$5(DirectivesBuilder.java:162)\n\t... 68 more"%0A      }%0A    ]%0A  }%0A}
[fca095b6-a6b4-4629-abf0-5ac7599eaf6a/build]   | â„¹ï¸ Creating check
[fca095b6-a6b4-4629-abf0-5ac7599eaf6a/build]   â—  ::error::âŒ Failed to create checks using the provided token. (HttpError: Resource not accessible by personal access token)
[fca095b6-a6b4-4629-abf0-5ac7599eaf6a/build]   ğŸš§  ::warning::âš ï¸ This usually indicates insufficient permissions. More details: https://github.com/mikepenz/action-junit-report/issues/23
[fca095b6-a6b4-4629-abf0-5ac7599eaf6a/build]   â“  ::endgroup::
[fca095b6-a6b4-4629-abf0-5ac7599eaf6a/build]   âœ…  Success - Main Publish Test Report
[fca095b6-a6b4-4629-abf0-5ac7599eaf6a/build] unable to get git ref: failed to identify reference (tag/branch) for the checked-out revision '6d9d7a79de7b1a8f25aef7850e4666c864557ae9'
[fca095b6-a6b4-4629-abf0-5ac7599eaf6a/build] unable to get git ref: failed to identify reference (tag/branch) for the checked-out revision '6d9d7a79de7b1a8f25aef7850e4666c864557ae9'
[fca095b6-a6b4-4629-abf0-5ac7599eaf6a/build] unable to get git ref: failed to identify reference (tag/branch) for the checked-out revision '6d9d7a79de7b1a8f25aef7850e4666c864557ae9'
[fca095b6-a6b4-4629-abf0-5ac7599eaf6a/build] unable to get git ref: failed to identify reference (tag/branch) for the checked-out revision '6d9d7a79de7b1a8f25aef7850e4666c864557ae9'
[fca095b6-a6b4-4629-abf0-5ac7599eaf6a/build] unable to get git ref: failed to identify reference (tag/branch) for the checked-out revision '6d9d7a79de7b1a8f25aef7850e4666c864557ae9'
[fca095b6-a6b4-4629-abf0-5ac7599eaf6a/build] â­ Run Post Set up JDK 8
[fca095b6-a6b4-4629-abf0-5ac7599eaf6a/build]   ğŸ³  docker exec cmd=[node /var/run/act/actions/actions-setup-java@v2/dist/cleanup/index.js] user= workdir=
[fca095b6-a6b4-4629-abf0-5ac7599eaf6a/build]   âœ…  Success - Post Set up JDK 8
[fca095b6-a6b4-4629-abf0-5ac7599eaf6a/build] ğŸ  Job failed
[fca095b6-a6b4-4629-abf0-5ac7599eaf6a/build] unable to get git ref: failed to identify reference (tag/branch) for the checked-out revision '6d9d7a79de7b1a8f25aef7850e4666c864557ae9'
