[0d0e7d91-3e4a-42dc-b273-78254149705b/build] ğŸš€  Start image=gitbugactions:latest
[0d0e7d91-3e4a-42dc-b273-78254149705b/build]   ğŸ³  docker pull image=gitbugactions:latest platform= username= forcePull=false
[0d0e7d91-3e4a-42dc-b273-78254149705b/build]   ğŸ³  docker create image=gitbugactions:latest platform= entrypoint=["tail" "-f" "/dev/null"] cmd=[]
[0d0e7d91-3e4a-42dc-b273-78254149705b/build]   ğŸ³  docker run image=gitbugactions:latest platform= entrypoint=["tail" "-f" "/dev/null"] cmd=[]
[0d0e7d91-3e4a-42dc-b273-78254149705b/build]   ğŸ³  docker exec cmd=[chown -R 1012:1013 /tmp/9c99f58d-890a-42cb-a363-d040537dba2e] user=0 workdir=
[0d0e7d91-3e4a-42dc-b273-78254149705b/build] unable to get git ref: failed to identify reference (tag/branch) for the checked-out revision 'fb83a98d33ddfab9a6c54c9f94a9a05a8a40f6ea'
[0d0e7d91-3e4a-42dc-b273-78254149705b/build] unable to get git ref: failed to identify reference (tag/branch) for the checked-out revision 'fb83a98d33ddfab9a6c54c9f94a9a05a8a40f6ea'
[0d0e7d91-3e4a-42dc-b273-78254149705b/build] unable to get git ref: failed to identify reference (tag/branch) for the checked-out revision 'fb83a98d33ddfab9a6c54c9f94a9a05a8a40f6ea'
[0d0e7d91-3e4a-42dc-b273-78254149705b/build] unable to get git ref: failed to identify reference (tag/branch) for the checked-out revision 'fb83a98d33ddfab9a6c54c9f94a9a05a8a40f6ea'
[0d0e7d91-3e4a-42dc-b273-78254149705b/build] unable to get git ref: failed to identify reference (tag/branch) for the checked-out revision 'fb83a98d33ddfab9a6c54c9f94a9a05a8a40f6ea'
[0d0e7d91-3e4a-42dc-b273-78254149705b/build] unable to get git ref: failed to identify reference (tag/branch) for the checked-out revision 'fb83a98d33ddfab9a6c54c9f94a9a05a8a40f6ea'
[0d0e7d91-3e4a-42dc-b273-78254149705b/build] unable to get git ref: failed to identify reference (tag/branch) for the checked-out revision 'fb83a98d33ddfab9a6c54c9f94a9a05a8a40f6ea'
[0d0e7d91-3e4a-42dc-b273-78254149705b/build] unable to get git ref: failed to identify reference (tag/branch) for the checked-out revision 'fb83a98d33ddfab9a6c54c9f94a9a05a8a40f6ea'
[0d0e7d91-3e4a-42dc-b273-78254149705b/build] unable to get git ref: failed to identify reference (tag/branch) for the checked-out revision 'fb83a98d33ddfab9a6c54c9f94a9a05a8a40f6ea'
[0d0e7d91-3e4a-42dc-b273-78254149705b/build] â­ Run Main actions/checkout@v3
[0d0e7d91-3e4a-42dc-b273-78254149705b/build] unable to get git ref: failed to identify reference (tag/branch) for the checked-out revision 'fb83a98d33ddfab9a6c54c9f94a9a05a8a40f6ea'
[0d0e7d91-3e4a-42dc-b273-78254149705b/build] unable to get git ref: failed to identify reference (tag/branch) for the checked-out revision 'fb83a98d33ddfab9a6c54c9f94a9a05a8a40f6ea'
[0d0e7d91-3e4a-42dc-b273-78254149705b/build]   ğŸ³  docker cp src=/tmp/9c99f58d-890a-42cb-a363-d040537dba2e/. dst=/tmp/9c99f58d-890a-42cb-a363-d040537dba2e
[0d0e7d91-3e4a-42dc-b273-78254149705b/build]   ğŸ³  docker exec cmd=[chown -R 1012:1013 /tmp/9c99f58d-890a-42cb-a363-d040537dba2e] user=0 workdir=
[0d0e7d91-3e4a-42dc-b273-78254149705b/build]   âœ…  Success - Main actions/checkout@v3
[0d0e7d91-3e4a-42dc-b273-78254149705b/build] unable to get git ref: failed to identify reference (tag/branch) for the checked-out revision 'fb83a98d33ddfab9a6c54c9f94a9a05a8a40f6ea'
[0d0e7d91-3e4a-42dc-b273-78254149705b/build] unable to get git ref: failed to identify reference (tag/branch) for the checked-out revision 'fb83a98d33ddfab9a6c54c9f94a9a05a8a40f6ea'
[0d0e7d91-3e4a-42dc-b273-78254149705b/build] unable to get git ref: failed to identify reference (tag/branch) for the checked-out revision 'fb83a98d33ddfab9a6c54c9f94a9a05a8a40f6ea'
[0d0e7d91-3e4a-42dc-b273-78254149705b/build] unable to get git ref: failed to identify reference (tag/branch) for the checked-out revision 'fb83a98d33ddfab9a6c54c9f94a9a05a8a40f6ea'
[0d0e7d91-3e4a-42dc-b273-78254149705b/build] unable to get git ref: failed to identify reference (tag/branch) for the checked-out revision 'fb83a98d33ddfab9a6c54c9f94a9a05a8a40f6ea'
[0d0e7d91-3e4a-42dc-b273-78254149705b/build] â­ Run Main actions/setup-java@v3
[0d0e7d91-3e4a-42dc-b273-78254149705b/build] unable to get git ref: failed to identify reference (tag/branch) for the checked-out revision 'fb83a98d33ddfab9a6c54c9f94a9a05a8a40f6ea'
[0d0e7d91-3e4a-42dc-b273-78254149705b/build] unable to get git ref: failed to identify reference (tag/branch) for the checked-out revision 'fb83a98d33ddfab9a6c54c9f94a9a05a8a40f6ea'
[0d0e7d91-3e4a-42dc-b273-78254149705b/build] unable to get git ref: failed to identify reference (tag/branch) for the checked-out revision 'fb83a98d33ddfab9a6c54c9f94a9a05a8a40f6ea'
[0d0e7d91-3e4a-42dc-b273-78254149705b/build]   ğŸ³  docker cp src=/tmp/act-cache/e218b415-6768-4e48-a918-898a5c2e2a77/act/actions-setup-java@v3/ dst=/var/run/act/actions/actions-setup-java@v3/
[0d0e7d91-3e4a-42dc-b273-78254149705b/build]   ğŸ³  docker exec cmd=[chown -R 1012:1013 /var/run/act/actions/actions-setup-java@v3/] user=0 workdir=
[0d0e7d91-3e4a-42dc-b273-78254149705b/build]   ğŸ³  docker exec cmd=[node /var/run/act/actions/actions-setup-java@v3/dist/setup/index.js] user= workdir=
[0d0e7d91-3e4a-42dc-b273-78254149705b/build]   â“  ::group::Installed distributions
[0d0e7d91-3e4a-42dc-b273-78254149705b/build]   | Trying to resolve the latest version from remote
[0d0e7d91-3e4a-42dc-b273-78254149705b/build]   ğŸ’¬  ::debug::Gathering available versions from 'https://api.azul.com/zulu/download/community/v1.0/bundles/?os=linux&ext=tar.gz&bundle_type=jdk&javafx=false&arch=x86&hw_bitness=64&release_status=ga'
[0d0e7d91-3e4a-42dc-b273-78254149705b/build]   | Resolved latest version as 11.0.21+9
[0d0e7d91-3e4a-42dc-b273-78254149705b/build]   | Trying to download...
[0d0e7d91-3e4a-42dc-b273-78254149705b/build]   | Downloading Java 11.0.21+9 (Zulu) from https://cdn.azul.com/zulu/bin/zulu11.68.17-ca-jdk11.0.21-linux_x64.tar.gz ...
[0d0e7d91-3e4a-42dc-b273-78254149705b/build]   ğŸ’¬  ::debug::Downloading https://cdn.azul.com/zulu/bin/zulu11.68.17-ca-jdk11.0.21-linux_x64.tar.gz
[0d0e7d91-3e4a-42dc-b273-78254149705b/build]   ğŸ’¬  ::debug::Destination /tmp/2c32dcb5-04e1-48a7-92e2-53c52bd295fe
[0d0e7d91-3e4a-42dc-b273-78254149705b/build]   ğŸ’¬  ::debug::download complete
[0d0e7d91-3e4a-42dc-b273-78254149705b/build]   | Extracting Java archive...
[0d0e7d91-3e4a-42dc-b273-78254149705b/build]   ğŸ’¬  ::debug::Checking tar --version
[0d0e7d91-3e4a-42dc-b273-78254149705b/build]   ğŸ’¬  ::debug::tar (GNU tar) 1.34%0ACopyright (C) 2021 Free Software Foundation, Inc.%0ALicense GPLv3+: GNU GPL version 3 or later <https://gnu.org/licenses/gpl.html>.%0AThis is free software: you are free to change and redistribute it.%0AThere is NO WARRANTY, to the extent permitted by law.%0A%0AWritten by John Gilmore and Jay Fenlason.
[0d0e7d91-3e4a-42dc-b273-78254149705b/build]   | [command]/usr/bin/tar xz --warning=no-unknown-keyword -C /tmp/29663a7d-474b-4fdc-92bb-7064f99223d0 -f /tmp/2c32dcb5-04e1-48a7-92e2-53c52bd295fe
[0d0e7d91-3e4a-42dc-b273-78254149705b/build]   ğŸ’¬  ::debug::Caching tool Java_Zulu_jdk 11.0.21-9 x64
[0d0e7d91-3e4a-42dc-b273-78254149705b/build]   ğŸ’¬  ::debug::source dir: /tmp/29663a7d-474b-4fdc-92bb-7064f99223d0/zulu11.68.17-ca-jdk11.0.21-linux_x64
[0d0e7d91-3e4a-42dc-b273-78254149705b/build]   ğŸ’¬  ::debug::destination /opt/hostedtoolcache/Java_Zulu_jdk/11.0.21-9/x64
[0d0e7d91-3e4a-42dc-b273-78254149705b/build]   ğŸ’¬  ::debug::finished caching tool
[0d0e7d91-3e4a-42dc-b273-78254149705b/build]   | Java 11.0.21+9 was downloaded
[0d0e7d91-3e4a-42dc-b273-78254149705b/build]   | Setting Java 11.0.21+9 as the default
[0d0e7d91-3e4a-42dc-b273-78254149705b/build]   | Creating toolchains.xml for JDK version 11 from zulu
[0d0e7d91-3e4a-42dc-b273-78254149705b/build]   | Writing to /home/runner/.m2/toolchains.xml
[0d0e7d91-3e4a-42dc-b273-78254149705b/build]   | 
[0d0e7d91-3e4a-42dc-b273-78254149705b/build]   | Java configuration:
[0d0e7d91-3e4a-42dc-b273-78254149705b/build]   |   Distribution: zulu
[0d0e7d91-3e4a-42dc-b273-78254149705b/build]   |   Version: 11.0.21+9
[0d0e7d91-3e4a-42dc-b273-78254149705b/build]   |   Path: /opt/hostedtoolcache/Java_Zulu_jdk/11.0.21-9/x64
[0d0e7d91-3e4a-42dc-b273-78254149705b/build]   | 
[0d0e7d91-3e4a-42dc-b273-78254149705b/build]   â“  ::endgroup::
[0d0e7d91-3e4a-42dc-b273-78254149705b/build]   â“ add-matcher /run/act/actions/actions-setup-java@v3/.github/java.json
[0d0e7d91-3e4a-42dc-b273-78254149705b/build]   | Creating settings.xml with server-id: github
[0d0e7d91-3e4a-42dc-b273-78254149705b/build]   | Writing to /home/runner/.m2/settings.xml
[0d0e7d91-3e4a-42dc-b273-78254149705b/build]   âœ…  Success - Main actions/setup-java@v3
[0d0e7d91-3e4a-42dc-b273-78254149705b/build]   âš™  ::set-env:: JAVA_HOME=/opt/hostedtoolcache/Java_Zulu_jdk/11.0.21-9/x64
[0d0e7d91-3e4a-42dc-b273-78254149705b/build]   âš™  ::set-env:: JAVA_HOME_11_X64=/opt/hostedtoolcache/Java_Zulu_jdk/11.0.21-9/x64
[0d0e7d91-3e4a-42dc-b273-78254149705b/build]   âš™  ::set-output:: distribution=Zulu
[0d0e7d91-3e4a-42dc-b273-78254149705b/build]   âš™  ::set-output:: path=/opt/hostedtoolcache/Java_Zulu_jdk/11.0.21-9/x64
[0d0e7d91-3e4a-42dc-b273-78254149705b/build]   âš™  ::set-output:: version=11.0.21+9
[0d0e7d91-3e4a-42dc-b273-78254149705b/build]   âš™  ::add-path:: /opt/hostedtoolcache/Java_Zulu_jdk/11.0.21-9/x64/bin
[0d0e7d91-3e4a-42dc-b273-78254149705b/build] unable to get git ref: failed to identify reference (tag/branch) for the checked-out revision 'fb83a98d33ddfab9a6c54c9f94a9a05a8a40f6ea'
[0d0e7d91-3e4a-42dc-b273-78254149705b/build] unable to get git ref: failed to identify reference (tag/branch) for the checked-out revision 'fb83a98d33ddfab9a6c54c9f94a9a05a8a40f6ea'
[0d0e7d91-3e4a-42dc-b273-78254149705b/build] unable to get git ref: failed to identify reference (tag/branch) for the checked-out revision 'fb83a98d33ddfab9a6c54c9f94a9a05a8a40f6ea'
[0d0e7d91-3e4a-42dc-b273-78254149705b/build] unable to get git ref: failed to identify reference (tag/branch) for the checked-out revision 'fb83a98d33ddfab9a6c54c9f94a9a05a8a40f6ea'
[0d0e7d91-3e4a-42dc-b273-78254149705b/build] unable to get git ref: failed to identify reference (tag/branch) for the checked-out revision 'fb83a98d33ddfab9a6c54c9f94a9a05a8a40f6ea'
[0d0e7d91-3e4a-42dc-b273-78254149705b/build] â­ Run Main ./gradlew build --no-daemon --warning-mode=fail
[0d0e7d91-3e4a-42dc-b273-78254149705b/build] unable to get git ref: failed to identify reference (tag/branch) for the checked-out revision 'fb83a98d33ddfab9a6c54c9f94a9a05a8a40f6ea'
[0d0e7d91-3e4a-42dc-b273-78254149705b/build] unable to get git ref: failed to identify reference (tag/branch) for the checked-out revision 'fb83a98d33ddfab9a6c54c9f94a9a05a8a40f6ea'
[0d0e7d91-3e4a-42dc-b273-78254149705b/build] unable to get git ref: failed to identify reference (tag/branch) for the checked-out revision 'fb83a98d33ddfab9a6c54c9f94a9a05a8a40f6ea'
[0d0e7d91-3e4a-42dc-b273-78254149705b/build] unable to get git ref: failed to identify reference (tag/branch) for the checked-out revision 'fb83a98d33ddfab9a6c54c9f94a9a05a8a40f6ea'
[0d0e7d91-3e4a-42dc-b273-78254149705b/build]   ğŸ³  docker exec cmd=[bash --noprofile --norc -e -o pipefail /var/run/act/workflow/2] user= workdir=
[0d0e7d91-3e4a-42dc-b273-78254149705b/build]   | Downloading https://services.gradle.org/distributions/gradle-7.5.1-bin.zip
[0d0e7d91-3e4a-42dc-b273-78254149705b/build]   | ...........10%............20%...........30%............40%...........50%............60%...........70%............80%...........90%............100%
[0d0e7d91-3e4a-42dc-b273-78254149705b/build]   | 
[0d0e7d91-3e4a-42dc-b273-78254149705b/build]   | Welcome to Gradle 7.5.1!
[0d0e7d91-3e4a-42dc-b273-78254149705b/build]   | 
[0d0e7d91-3e4a-42dc-b273-78254149705b/build]   | Here are the highlights of this release:
[0d0e7d91-3e4a-42dc-b273-78254149705b/build]   |  - Support for Java 18
[0d0e7d91-3e4a-42dc-b273-78254149705b/build]   |  - Support for building with Groovy 4
[0d0e7d91-3e4a-42dc-b273-78254149705b/build]   |  - Much more responsive continuous builds
[0d0e7d91-3e4a-42dc-b273-78254149705b/build]   |  - Improved diagnostics for dependency resolution
[0d0e7d91-3e4a-42dc-b273-78254149705b/build]   | 
[0d0e7d91-3e4a-42dc-b273-78254149705b/build]   | For more details see https://docs.gradle.org/7.5.1/release-notes.html
[0d0e7d91-3e4a-42dc-b273-78254149705b/build]   | 
[0d0e7d91-3e4a-42dc-b273-78254149705b/build]   | To honour the JVM settings for this build a single-use Daemon process will be forked. See https://docs.gradle.org/7.5.1/userguide/gradle_daemon.html#sec:disabling_the_daemon.
[0d0e7d91-3e4a-42dc-b273-78254149705b/build]   | Daemon will be stopped at the end of the build 
[0d0e7d91-3e4a-42dc-b273-78254149705b/build]   | 
[0d0e7d91-3e4a-42dc-b273-78254149705b/build]   | > Configure project :
[0d0e7d91-3e4a-42dc-b273-78254149705b/build]   | Kordamp Enforcer Gradle plugin 0.10.0. Consider becoming a patron at https://www.patreon.com/aalmiray
[0d0e7d91-3e4a-42dc-b273-78254149705b/build]   | 
[0d0e7d91-3e4a-42dc-b273-78254149705b/build]   | > Task :copyDependencies
[0d0e7d91-3e4a-42dc-b273-78254149705b/build]   | > Task :extractIncludeProto
[0d0e7d91-3e4a-42dc-b273-78254149705b/build]   | > Task :extractProto
[0d0e7d91-3e4a-42dc-b273-78254149705b/build]   | > Task :generateProto
[0d0e7d91-3e4a-42dc-b273-78254149705b/build]   | > Task :compileJava
[0d0e7d91-3e4a-42dc-b273-78254149705b/build]   | Note: Some input files use or override a deprecated API.
[0d0e7d91-3e4a-42dc-b273-78254149705b/build]   | Note: Recompile with -Xlint:deprecation for details.
[0d0e7d91-3e4a-42dc-b273-78254149705b/build]   | Note: Some input files use unchecked or unsafe operations.
[0d0e7d91-3e4a-42dc-b273-78254149705b/build]   | Note: Recompile with -Xlint:unchecked for details.
[0d0e7d91-3e4a-42dc-b273-78254149705b/build]   | 
[0d0e7d91-3e4a-42dc-b273-78254149705b/build]   | > Task :processResources
[0d0e7d91-3e4a-42dc-b273-78254149705b/build]   | > Task :classes
[0d0e7d91-3e4a-42dc-b273-78254149705b/build]   | > Task :jar
[0d0e7d91-3e4a-42dc-b273-78254149705b/build]   | > Task :assemble
[0d0e7d91-3e4a-42dc-b273-78254149705b/build]   | > Task :extractIncludeTestProto
[0d0e7d91-3e4a-42dc-b273-78254149705b/build]   | > Task :extractTestProto
[0d0e7d91-3e4a-42dc-b273-78254149705b/build]   | > Task :generateTestProto NO-SOURCE
[0d0e7d91-3e4a-42dc-b273-78254149705b/build]   | 
[0d0e7d91-3e4a-42dc-b273-78254149705b/build]   | > Task :compileTestJava
[0d0e7d91-3e4a-42dc-b273-78254149705b/build]   | Note: Some input files use or override a deprecated API.
[0d0e7d91-3e4a-42dc-b273-78254149705b/build]   | Note: Recompile with -Xlint:deprecation for details.
[0d0e7d91-3e4a-42dc-b273-78254149705b/build]   | 
[0d0e7d91-3e4a-42dc-b273-78254149705b/build]   | > Task :processTestResources NO-SOURCE
[0d0e7d91-3e4a-42dc-b273-78254149705b/build]   | > Task :testClasses
[0d0e7d91-3e4a-42dc-b273-78254149705b/build]   | > Task :checkstyleTest SKIPPED
[0d0e7d91-3e4a-42dc-b273-78254149705b/build]   | 
[0d0e7d91-3e4a-42dc-b273-78254149705b/build]   | > Task :test
[0d0e7d91-3e4a-42dc-b273-78254149705b/build]   | 
[0d0e7d91-3e4a-42dc-b273-78254149705b/build]   | ComputedAttributesTest > testComputedAttributes() FAILED
[0d0e7d91-3e4a-42dc-b273-78254149705b/build]   |     org.opentest4j.AssertionFailedError at ComputedAttributesTest.java:63
[0d0e7d91-3e4a-42dc-b273-78254149705b/build]   | 
[0d0e7d91-3e4a-42dc-b273-78254149705b/build]   | BceProtocolEncoderTest > testEncode() FAILED
[0d0e7d91-3e4a-42dc-b273-78254149705b/build]   |     java.lang.NumberFormatException at BceProtocolEncoderTest.java:20
[0d0e7d91-3e4a-42dc-b273-78254149705b/build]   | 
[0d0e7d91-3e4a-42dc-b273-78254149705b/build]   | CityeasyProtocolEncoderTest > testEncode() FAILED
[0d0e7d91-3e4a-42dc-b273-78254149705b/build]   |     org.opentest4j.AssertionFailedError at CityeasyProtocolEncoderTest.java:19
[0d0e7d91-3e4a-42dc-b273-78254149705b/build]   | 
[0d0e7d91-3e4a-42dc-b273-78254149705b/build]   | GalileoProtocolEncoderTest > testEncode() FAILED
[0d0e7d91-3e4a-42dc-b273-78254149705b/build]   |     org.opentest4j.AssertionFailedError at GalileoProtocolEncoderTest.java:19
[0d0e7d91-3e4a-42dc-b273-78254149705b/build]   | 
[0d0e7d91-3e4a-42dc-b273-78254149705b/build]   | Jt600ProtocolEncoderTest > testSetTimezone() FAILED
[0d0e7d91-3e4a-42dc-b273-78254149705b/build]   |     org.opentest4j.AssertionFailedError at Jt600ProtocolEncoderTest.java:29
[0d0e7d91-3e4a-42dc-b273-78254149705b/build]   | 
[0d0e7d91-3e4a-42dc-b273-78254149705b/build]   | MeiligaoProtocolEncoderTest > testEncode() FAILED
[0d0e7d91-3e4a-42dc-b273-78254149705b/build]   |     org.opentest4j.AssertionFailedError at MeiligaoProtocolEncoderTest.java:28
[0d0e7d91-3e4a-42dc-b273-78254149705b/build]   | 
[0d0e7d91-3e4a-42dc-b273-78254149705b/build]   | Minifinder2ProtocolEncoderTest > testEncodeNano() FAILED
[0d0e7d91-3e4a-42dc-b273-78254149705b/build]   |     org.opentest4j.AssertionFailedError at Minifinder2ProtocolEncoderTest.java:25
[0d0e7d91-3e4a-42dc-b273-78254149705b/build]   | 
[0d0e7d91-3e4a-42dc-b273-78254149705b/build]   | PretraceProtocolEncoderTest > testEncodeCustom() FAILED
[0d0e7d91-3e4a-42dc-b273-78254149705b/build]   |     org.opentest4j.AssertionFailedError at PretraceProtocolEncoderTest.java:35
[0d0e7d91-3e4a-42dc-b273-78254149705b/build]   | 
[0d0e7d91-3e4a-42dc-b273-78254149705b/build]   | RuptelaProtocolEncoderTest > testEncode() FAILED
[0d0e7d91-3e4a-42dc-b273-78254149705b/build]   |     org.opentest4j.AssertionFailedError at RuptelaProtocolEncoderTest.java:19
[0d0e7d91-3e4a-42dc-b273-78254149705b/build]   | 
[0d0e7d91-3e4a-42dc-b273-78254149705b/build]   | T800xProtocolEncoderTest > testEncode() FAILED
[0d0e7d91-3e4a-42dc-b273-78254149705b/build]   |     org.opentest4j.AssertionFailedError at T800xProtocolEncoderTest.java:19
[0d0e7d91-3e4a-42dc-b273-78254149705b/build]   | 
[0d0e7d91-3e4a-42dc-b273-78254149705b/build]   | TeltonikaProtocolEncoderTest > testEncode() FAILED
[0d0e7d91-3e4a-42dc-b273-78254149705b/build]   |     org.opentest4j.AssertionFailedError at TeltonikaProtocolEncoderTest.java:19
[0d0e7d91-3e4a-42dc-b273-78254149705b/build]   | 
[0d0e7d91-3e4a-42dc-b273-78254149705b/build]   | Tk103ProtocolEncoderTest > testEncodeSetConnectionAlternative() FAILED
[0d0e7d91-3e4a-42dc-b273-78254149705b/build]   |     org.opentest4j.AssertionFailedError at Tk103ProtocolEncoderTest.java:262
[0d0e7d91-3e4a-42dc-b273-78254149705b/build]   | 
[0d0e7d91-3e4a-42dc-b273-78254149705b/build]   | TopinProtocolEncoderTest > testEncode() FAILED
[0d0e7d91-3e4a-42dc-b273-78254149705b/build]   |     org.opentest4j.AssertionFailedError at TopinProtocolEncoderTest.java:20
[0d0e7d91-3e4a-42dc-b273-78254149705b/build]   | 
[0d0e7d91-3e4a-42dc-b273-78254149705b/build]   | UlbotechProtocolEncoderTest > testEncode() FAILED
[0d0e7d91-3e4a-42dc-b273-78254149705b/build]   |     org.opentest4j.AssertionFailedError at UlbotechProtocolEncoderTest.java:19
[0d0e7d91-3e4a-42dc-b273-78254149705b/build]   | 
[0d0e7d91-3e4a-42dc-b273-78254149705b/build]   | WatchProtocolEncoderTest > testEncode() FAILED
[0d0e7d91-3e4a-42dc-b273-78254149705b/build]   |     java.lang.RuntimeException at WatchProtocolEncoderTest.java:32
[0d0e7d91-3e4a-42dc-b273-78254149705b/build]   |         Caused by: org.apache.commons.codec.DecoderException at WatchProtocolEncoderTest.java:32
[0d0e7d91-3e4a-42dc-b273-78254149705b/build]   | 
[0d0e7d91-3e4a-42dc-b273-78254149705b/build]   | Xrb28ProtocolEncoderTest > testEncodeCustom() FAILED
[0d0e7d91-3e4a-42dc-b273-78254149705b/build]   |     org.opentest4j.AssertionFailedError at Xrb28ProtocolEncoderTest.java:35
[0d0e7d91-3e4a-42dc-b273-78254149705b/build]   | 
[0d0e7d91-3e4a-42dc-b273-78254149705b/build]   | 497 tests completed, 16 failed, 23 skipped
[0d0e7d91-3e4a-42dc-b273-78254149705b/build]   | 
[0d0e7d91-3e4a-42dc-b273-78254149705b/build]   | > Task :test FAILED
[0d0e7d91-3e4a-42dc-b273-78254149705b/build]   | > Task :checkstyleMain
[0d0e7d91-3e4a-42dc-b273-78254149705b/build]   | 
[0d0e7d91-3e4a-42dc-b273-78254149705b/build]   | FAILURE: Build failed with an exception.
[0d0e7d91-3e4a-42dc-b273-78254149705b/build]   | 
[0d0e7d91-3e4a-42dc-b273-78254149705b/build]   | * What went wrong:
[0d0e7d91-3e4a-42dc-b273-78254149705b/build]   | Execution failed for task ':test'.
[0d0e7d91-3e4a-42dc-b273-78254149705b/build]   | > There were failing tests. See the report at: file:///tmp/9c99f58d-890a-42cb-a363-d040537dba2e/build/reports/tests/test/index.html
[0d0e7d91-3e4a-42dc-b273-78254149705b/build]   | 
[0d0e7d91-3e4a-42dc-b273-78254149705b/build]   | * Try:
[0d0e7d91-3e4a-42dc-b273-78254149705b/build]   | > Run with --stacktrace option to get the stack trace.
[0d0e7d91-3e4a-42dc-b273-78254149705b/build]   | > Run with --info or --debug option to get more log output.
[0d0e7d91-3e4a-42dc-b273-78254149705b/build]   | > Run with --scan to get full insights.
[0d0e7d91-3e4a-42dc-b273-78254149705b/build]   | 
[0d0e7d91-3e4a-42dc-b273-78254149705b/build]   | * Get more help at https://help.gradle.org
[0d0e7d91-3e4a-42dc-b273-78254149705b/build]   | 
[0d0e7d91-3e4a-42dc-b273-78254149705b/build]   | BUILD FAILED in 2m 33s
[0d0e7d91-3e4a-42dc-b273-78254149705b/build]   | 12 actionable tasks: 12 executed
[0d0e7d91-3e4a-42dc-b273-78254149705b/build]   âŒ  Failure - Main ./gradlew build --no-daemon --warning-mode=fail
[0d0e7d91-3e4a-42dc-b273-78254149705b/build] exitcode '1': failure
[0d0e7d91-3e4a-42dc-b273-78254149705b/build] unable to get git ref: failed to identify reference (tag/branch) for the checked-out revision 'fb83a98d33ddfab9a6c54c9f94a9a05a8a40f6ea'
[0d0e7d91-3e4a-42dc-b273-78254149705b/build] unable to get git ref: failed to identify reference (tag/branch) for the checked-out revision 'fb83a98d33ddfab9a6c54c9f94a9a05a8a40f6ea'
[0d0e7d91-3e4a-42dc-b273-78254149705b/build] unable to get git ref: failed to identify reference (tag/branch) for the checked-out revision 'fb83a98d33ddfab9a6c54c9f94a9a05a8a40f6ea'
[0d0e7d91-3e4a-42dc-b273-78254149705b/build] unable to get git ref: failed to identify reference (tag/branch) for the checked-out revision 'fb83a98d33ddfab9a6c54c9f94a9a05a8a40f6ea'
[0d0e7d91-3e4a-42dc-b273-78254149705b/build] unable to get git ref: failed to identify reference (tag/branch) for the checked-out revision 'fb83a98d33ddfab9a6c54c9f94a9a05a8a40f6ea'
[0d0e7d91-3e4a-42dc-b273-78254149705b/build] â­ Run Post actions/setup-java@v3
[0d0e7d91-3e4a-42dc-b273-78254149705b/build]   ğŸ³  docker exec cmd=[node /var/run/act/actions/actions-setup-java@v3/dist/cleanup/index.js] user= workdir=
[0d0e7d91-3e4a-42dc-b273-78254149705b/build]   âœ…  Success - Post actions/setup-java@v3
[0d0e7d91-3e4a-42dc-b273-78254149705b/build] ğŸ  Job failed
[0d0e7d91-3e4a-42dc-b273-78254149705b/build] unable to get git ref: failed to identify reference (tag/branch) for the checked-out revision 'fb83a98d33ddfab9a6c54c9f94a9a05a8a40f6ea'
