[78ec9a6a-bac7-496a-8c24-bf14aa48a5b5/build] üöÄ  Start image=gitbugactions:latest
[78ec9a6a-bac7-496a-8c24-bf14aa48a5b5/build]   üê≥  docker pull image=gitbugactions:latest platform= username= forcePull=false
[78ec9a6a-bac7-496a-8c24-bf14aa48a5b5/build]   üê≥  docker create image=gitbugactions:latest platform= entrypoint=["tail" "-f" "/dev/null"] cmd=[]
[78ec9a6a-bac7-496a-8c24-bf14aa48a5b5/build]   üê≥  docker run image=gitbugactions:latest platform= entrypoint=["tail" "-f" "/dev/null"] cmd=[]
[78ec9a6a-bac7-496a-8c24-bf14aa48a5b5/build]   üê≥  docker exec cmd=[chown -R 1012:1013 /tmp/e5dafa74-92f4-463d-b1f4-ed1db1359c7b] user=0 workdir=
[78ec9a6a-bac7-496a-8c24-bf14aa48a5b5/build] unable to get git ref: failed to identify reference (tag/branch) for the checked-out revision '833ebaf06efe617091a4d5b9a2812aaae8dc73c8'
[78ec9a6a-bac7-496a-8c24-bf14aa48a5b5/build] unable to get git ref: failed to identify reference (tag/branch) for the checked-out revision '833ebaf06efe617091a4d5b9a2812aaae8dc73c8'
[78ec9a6a-bac7-496a-8c24-bf14aa48a5b5/build] unable to get git ref: failed to identify reference (tag/branch) for the checked-out revision '833ebaf06efe617091a4d5b9a2812aaae8dc73c8'
[78ec9a6a-bac7-496a-8c24-bf14aa48a5b5/build] unable to get git ref: failed to identify reference (tag/branch) for the checked-out revision '833ebaf06efe617091a4d5b9a2812aaae8dc73c8'
[78ec9a6a-bac7-496a-8c24-bf14aa48a5b5/build] unable to get git ref: failed to identify reference (tag/branch) for the checked-out revision '833ebaf06efe617091a4d5b9a2812aaae8dc73c8'
[78ec9a6a-bac7-496a-8c24-bf14aa48a5b5/build] unable to get git ref: failed to identify reference (tag/branch) for the checked-out revision '833ebaf06efe617091a4d5b9a2812aaae8dc73c8'
[78ec9a6a-bac7-496a-8c24-bf14aa48a5b5/build] unable to get git ref: failed to identify reference (tag/branch) for the checked-out revision '833ebaf06efe617091a4d5b9a2812aaae8dc73c8'
[78ec9a6a-bac7-496a-8c24-bf14aa48a5b5/build] unable to get git ref: failed to identify reference (tag/branch) for the checked-out revision '833ebaf06efe617091a4d5b9a2812aaae8dc73c8'
[78ec9a6a-bac7-496a-8c24-bf14aa48a5b5/build] unable to get git ref: failed to identify reference (tag/branch) for the checked-out revision '833ebaf06efe617091a4d5b9a2812aaae8dc73c8'
[78ec9a6a-bac7-496a-8c24-bf14aa48a5b5/build] ‚≠ê Run Main actions/checkout@v2
[78ec9a6a-bac7-496a-8c24-bf14aa48a5b5/build] unable to get git ref: failed to identify reference (tag/branch) for the checked-out revision '833ebaf06efe617091a4d5b9a2812aaae8dc73c8'
[78ec9a6a-bac7-496a-8c24-bf14aa48a5b5/build] unable to get git ref: failed to identify reference (tag/branch) for the checked-out revision '833ebaf06efe617091a4d5b9a2812aaae8dc73c8'
[78ec9a6a-bac7-496a-8c24-bf14aa48a5b5/build]   üê≥  docker cp src=/tmp/e5dafa74-92f4-463d-b1f4-ed1db1359c7b/. dst=/tmp/e5dafa74-92f4-463d-b1f4-ed1db1359c7b
[78ec9a6a-bac7-496a-8c24-bf14aa48a5b5/build]   üê≥  docker exec cmd=[chown -R 1012:1013 /tmp/e5dafa74-92f4-463d-b1f4-ed1db1359c7b] user=0 workdir=
[78ec9a6a-bac7-496a-8c24-bf14aa48a5b5/build]   ‚úÖ  Success - Main actions/checkout@v2
[78ec9a6a-bac7-496a-8c24-bf14aa48a5b5/build] unable to get git ref: failed to identify reference (tag/branch) for the checked-out revision '833ebaf06efe617091a4d5b9a2812aaae8dc73c8'
[78ec9a6a-bac7-496a-8c24-bf14aa48a5b5/build] unable to get git ref: failed to identify reference (tag/branch) for the checked-out revision '833ebaf06efe617091a4d5b9a2812aaae8dc73c8'
[78ec9a6a-bac7-496a-8c24-bf14aa48a5b5/build] unable to get git ref: failed to identify reference (tag/branch) for the checked-out revision '833ebaf06efe617091a4d5b9a2812aaae8dc73c8'
[78ec9a6a-bac7-496a-8c24-bf14aa48a5b5/build] unable to get git ref: failed to identify reference (tag/branch) for the checked-out revision '833ebaf06efe617091a4d5b9a2812aaae8dc73c8'
[78ec9a6a-bac7-496a-8c24-bf14aa48a5b5/build] unable to get git ref: failed to identify reference (tag/branch) for the checked-out revision '833ebaf06efe617091a4d5b9a2812aaae8dc73c8'
[78ec9a6a-bac7-496a-8c24-bf14aa48a5b5/build] ‚≠ê Run Main Set up JDK 17
[78ec9a6a-bac7-496a-8c24-bf14aa48a5b5/build] unable to get git ref: failed to identify reference (tag/branch) for the checked-out revision '833ebaf06efe617091a4d5b9a2812aaae8dc73c8'
[78ec9a6a-bac7-496a-8c24-bf14aa48a5b5/build] unable to get git ref: failed to identify reference (tag/branch) for the checked-out revision '833ebaf06efe617091a4d5b9a2812aaae8dc73c8'
[78ec9a6a-bac7-496a-8c24-bf14aa48a5b5/build] unable to get git ref: failed to identify reference (tag/branch) for the checked-out revision '833ebaf06efe617091a4d5b9a2812aaae8dc73c8'
[78ec9a6a-bac7-496a-8c24-bf14aa48a5b5/build]   üê≥  docker cp src=/tmp/act-cache/9c81282b-6748-4dd6-9c58-11697630aa29/act/actions-setup-java@v2/ dst=/var/run/act/actions/actions-setup-java@v2/
[78ec9a6a-bac7-496a-8c24-bf14aa48a5b5/build]   üê≥  docker exec cmd=[chown -R 1012:1013 /var/run/act/actions/actions-setup-java@v2/] user=0 workdir=
[78ec9a6a-bac7-496a-8c24-bf14aa48a5b5/build]   üê≥  docker exec cmd=[node /var/run/act/actions/actions-setup-java@v2/dist/setup/index.js] user= workdir=
[78ec9a6a-bac7-496a-8c24-bf14aa48a5b5/build]   üí¨  ::debug::isExplicit: 11.0.20-1
[78ec9a6a-bac7-496a-8c24-bf14aa48a5b5/build]   üí¨  ::debug::explicit? true
[78ec9a6a-bac7-496a-8c24-bf14aa48a5b5/build]   üí¨  ::debug::isExplicit: 17.0.8-1
[78ec9a6a-bac7-496a-8c24-bf14aa48a5b5/build]   üí¨  ::debug::explicit? true
[78ec9a6a-bac7-496a-8c24-bf14aa48a5b5/build]   üí¨  ::debug::isExplicit: 21.0.0-35
[78ec9a6a-bac7-496a-8c24-bf14aa48a5b5/build]   üí¨  ::debug::explicit? true
[78ec9a6a-bac7-496a-8c24-bf14aa48a5b5/build]   üí¨  ::debug::isExplicit: 8.0.382-5
[78ec9a6a-bac7-496a-8c24-bf14aa48a5b5/build]   üí¨  ::debug::explicit? true
[78ec9a6a-bac7-496a-8c24-bf14aa48a5b5/build]   | Resolved Java 17.0.8+1 from tool-cache
[78ec9a6a-bac7-496a-8c24-bf14aa48a5b5/build]   | Setting Java 17.0.8+1 as the default
[78ec9a6a-bac7-496a-8c24-bf14aa48a5b5/build]   | 
[78ec9a6a-bac7-496a-8c24-bf14aa48a5b5/build]   | Java configuration:
[78ec9a6a-bac7-496a-8c24-bf14aa48a5b5/build]   |   Distribution: temurin
[78ec9a6a-bac7-496a-8c24-bf14aa48a5b5/build]   |   Version: 17.0.8+1
[78ec9a6a-bac7-496a-8c24-bf14aa48a5b5/build]   |   Path: /opt/hostedtoolcache/Java_Temurin-Hotspot_jdk/17.0.8-1/x64
[78ec9a6a-bac7-496a-8c24-bf14aa48a5b5/build]   | 
[78ec9a6a-bac7-496a-8c24-bf14aa48a5b5/build]   ‚ùì add-matcher /run/act/actions/actions-setup-java@v2/.github/java.json
[78ec9a6a-bac7-496a-8c24-bf14aa48a5b5/build]   | Creating settings.xml with server-id: github
[78ec9a6a-bac7-496a-8c24-bf14aa48a5b5/build]   | Writing to /home/runner/.m2/settings.xml
[78ec9a6a-bac7-496a-8c24-bf14aa48a5b5/build]   ‚úÖ  Success - Main Set up JDK 17
[78ec9a6a-bac7-496a-8c24-bf14aa48a5b5/build]   ‚öô  ::set-env:: JAVA_HOME=/opt/hostedtoolcache/Java_Temurin-Hotspot_jdk/17.0.8-1/x64
[78ec9a6a-bac7-496a-8c24-bf14aa48a5b5/build]   ‚öô  ::set-output:: version=17.0.8+1
[78ec9a6a-bac7-496a-8c24-bf14aa48a5b5/build]   ‚öô  ::set-output:: distribution=Temurin-Hotspot
[78ec9a6a-bac7-496a-8c24-bf14aa48a5b5/build]   ‚öô  ::set-output:: path=/opt/hostedtoolcache/Java_Temurin-Hotspot_jdk/17.0.8-1/x64
[78ec9a6a-bac7-496a-8c24-bf14aa48a5b5/build]   ‚öô  ::add-path:: /opt/hostedtoolcache/Java_Temurin-Hotspot_jdk/17.0.8-1/x64/bin
[78ec9a6a-bac7-496a-8c24-bf14aa48a5b5/build] unable to get git ref: failed to identify reference (tag/branch) for the checked-out revision '833ebaf06efe617091a4d5b9a2812aaae8dc73c8'
[78ec9a6a-bac7-496a-8c24-bf14aa48a5b5/build] unable to get git ref: failed to identify reference (tag/branch) for the checked-out revision '833ebaf06efe617091a4d5b9a2812aaae8dc73c8'
[78ec9a6a-bac7-496a-8c24-bf14aa48a5b5/build] unable to get git ref: failed to identify reference (tag/branch) for the checked-out revision '833ebaf06efe617091a4d5b9a2812aaae8dc73c8'
[78ec9a6a-bac7-496a-8c24-bf14aa48a5b5/build] unable to get git ref: failed to identify reference (tag/branch) for the checked-out revision '833ebaf06efe617091a4d5b9a2812aaae8dc73c8'
[78ec9a6a-bac7-496a-8c24-bf14aa48a5b5/build] unable to get git ref: failed to identify reference (tag/branch) for the checked-out revision '833ebaf06efe617091a4d5b9a2812aaae8dc73c8'
[78ec9a6a-bac7-496a-8c24-bf14aa48a5b5/build] ‚≠ê Run Main Test with Gradle
[78ec9a6a-bac7-496a-8c24-bf14aa48a5b5/build] unable to get git ref: failed to identify reference (tag/branch) for the checked-out revision '833ebaf06efe617091a4d5b9a2812aaae8dc73c8'
[78ec9a6a-bac7-496a-8c24-bf14aa48a5b5/build] unable to get git ref: failed to identify reference (tag/branch) for the checked-out revision '833ebaf06efe617091a4d5b9a2812aaae8dc73c8'
[78ec9a6a-bac7-496a-8c24-bf14aa48a5b5/build] unable to get git ref: failed to identify reference (tag/branch) for the checked-out revision '833ebaf06efe617091a4d5b9a2812aaae8dc73c8'
[78ec9a6a-bac7-496a-8c24-bf14aa48a5b5/build] unable to get git ref: failed to identify reference (tag/branch) for the checked-out revision '833ebaf06efe617091a4d5b9a2812aaae8dc73c8'
[78ec9a6a-bac7-496a-8c24-bf14aa48a5b5/build]   üê≥  docker exec cmd=[bash --noprofile --norc -e -o pipefail /var/run/act/workflow/2] user= workdir=
[78ec9a6a-bac7-496a-8c24-bf14aa48a5b5/build]   | Downloading https://services.gradle.org/distributions/gradle-7.5.1-bin.zip
[78ec9a6a-bac7-496a-8c24-bf14aa48a5b5/build]   | ...........10%............20%...........30%............40%...........50%............60%...........70%............80%...........90%............100%
[78ec9a6a-bac7-496a-8c24-bf14aa48a5b5/build]   | 
[78ec9a6a-bac7-496a-8c24-bf14aa48a5b5/build]   | Welcome to Gradle 7.5.1!
[78ec9a6a-bac7-496a-8c24-bf14aa48a5b5/build]   | 
[78ec9a6a-bac7-496a-8c24-bf14aa48a5b5/build]   | Here are the highlights of this release:
[78ec9a6a-bac7-496a-8c24-bf14aa48a5b5/build]   |  - Support for Java 18
[78ec9a6a-bac7-496a-8c24-bf14aa48a5b5/build]   |  - Support for building with Groovy 4
[78ec9a6a-bac7-496a-8c24-bf14aa48a5b5/build]   |  - Much more responsive continuous builds
[78ec9a6a-bac7-496a-8c24-bf14aa48a5b5/build]   |  - Improved diagnostics for dependency resolution
[78ec9a6a-bac7-496a-8c24-bf14aa48a5b5/build]   | 
[78ec9a6a-bac7-496a-8c24-bf14aa48a5b5/build]   | For more details see https://docs.gradle.org/7.5.1/release-notes.html
[78ec9a6a-bac7-496a-8c24-bf14aa48a5b5/build]   | 
[78ec9a6a-bac7-496a-8c24-bf14aa48a5b5/build]   | Starting a Gradle Daemon (subsequent builds will be faster)
[78ec9a6a-bac7-496a-8c24-bf14aa48a5b5/build]   | 
[78ec9a6a-bac7-496a-8c24-bf14aa48a5b5/build]   | > Configure project :
[78ec9a6a-bac7-496a-8c24-bf14aa48a5b5/build]   | Project : => 'network.brightspots.rcv' Java module
[78ec9a6a-bac7-496a-8c24-bf14aa48a5b5/build]   | 
[78ec9a6a-bac7-496a-8c24-bf14aa48a5b5/build]   | > Task :compileJava
[78ec9a6a-bac7-496a-8c24-bf14aa48a5b5/build]   | Note: /tmp/e5dafa74-92f4-463d-b1f4-ed1db1359c7b/src/main/java/network/brightspots/rcv/ResultsWriter.java uses unchecked or unsafe operations.
[78ec9a6a-bac7-496a-8c24-bf14aa48a5b5/build]   | Note: Recompile with -Xlint:unchecked for details.
[78ec9a6a-bac7-496a-8c24-bf14aa48a5b5/build]   | 
[78ec9a6a-bac7-496a-8c24-bf14aa48a5b5/build]   | > Task :processResources
[78ec9a6a-bac7-496a-8c24-bf14aa48a5b5/build]   | > Task :classes
[78ec9a6a-bac7-496a-8c24-bf14aa48a5b5/build]   | 
[78ec9a6a-bac7-496a-8c24-bf14aa48a5b5/build]   | > Task :compileTestJava
[78ec9a6a-bac7-496a-8c24-bf14aa48a5b5/build]   | warning: [options] module name in --add-exports option not found: org.junit.platform.engine
[78ec9a6a-bac7-496a-8c24-bf14aa48a5b5/build]   | 1 warning
[78ec9a6a-bac7-496a-8c24-bf14aa48a5b5/build]   | 
[78ec9a6a-bac7-496a-8c24-bf14aa48a5b5/build]   | > Task :processTestResources
[78ec9a6a-bac7-496a-8c24-bf14aa48a5b5/build]   | > Task :testClasses
[78ec9a6a-bac7-496a-8c24-bf14aa48a5b5/build]   | > Task :mergeClasses SKIPPED
[78ec9a6a-bac7-496a-8c24-bf14aa48a5b5/build]   | 
[78ec9a6a-bac7-496a-8c24-bf14aa48a5b5/build]   | > Task :test
[78ec9a6a-bac7-496a-8c24-bf14aa48a5b5/build]   | 
[78ec9a6a-bac7-496a-8c24-bf14aa48a5b5/build]   | ContestConfigTests > test isVersionNewer PASSED
[78ec9a6a-bac7-496a-8c24-bf14aa48a5b5/build]   | 
[78ec9a6a-bac7-496a-8c24-bf14aa48a5b5/build]   | TabulatorTests > multi-seat fractional number threshold FAILED
[78ec9a6a-bac7-496a-8c24-bf14aa48a5b5/build]   |     org.opentest4j.AssertionFailedError at TabulatorTests.java:217
[78ec9a6a-bac7-496a-8c24-bf14aa48a5b5/build]   | 
[78ec9a6a-bac7-496a-8c24-bf14aa48a5b5/build]   | TabulatorTests > unisyn_xml_cdf_city_council_member FAILED
[78ec9a6a-bac7-496a-8c24-bf14aa48a5b5/build]   |     org.opentest4j.AssertionFailedError at TabulatorTests.java:217
[78ec9a6a-bac7-496a-8c24-bf14aa48a5b5/build]   | 
[78ec9a6a-bac7-496a-8c24-bf14aa48a5b5/build]   | > Task :checkstyleTest
[78ec9a6a-bac7-496a-8c24-bf14aa48a5b5/build]   | > Task :checkstyleMain
[78ec9a6a-bac7-496a-8c24-bf14aa48a5b5/build]   | > Task :spotbugsTest
[78ec9a6a-bac7-496a-8c24-bf14aa48a5b5/build]   | 
[78ec9a6a-bac7-496a-8c24-bf14aa48a5b5/build]   | > Task :test
[78ec9a6a-bac7-496a-8c24-bf14aa48a5b5/build]   | 
[78ec9a6a-bac7-496a-8c24-bf14aa48a5b5/build]   | TabulatorTests > 2017 Minneapolis Mayor FAILED
[78ec9a6a-bac7-496a-8c24-bf14aa48a5b5/build]   |     org.opentest4j.AssertionFailedError at TabulatorTests.java:217
[78ec9a6a-bac7-496a-8c24-bf14aa48a5b5/build]   | 
[78ec9a6a-bac7-496a-8c24-bf14aa48a5b5/build]   | TabulatorTests > unisyn_xml_cdf_county_sheriff FAILED
[78ec9a6a-bac7-496a-8c24-bf14aa48a5b5/build]   |     org.opentest4j.AssertionFailedError at TabulatorTests.java:217
[78ec9a6a-bac7-496a-8c24-bf14aa48a5b5/build]   | 
[78ec9a6a-bac7-496a-8c24-bf14aa48a5b5/build]   | TabulatorTests > test invalid params in config file PASSED
[78ec9a6a-bac7-496a-8c24-bf14aa48a5b5/build]   | 
[78ec9a6a-bac7-496a-8c24-bf14aa48a5b5/build]   | TabulatorTests > overvote delimiter test FAILED
[78ec9a6a-bac7-496a-8c24-bf14aa48a5b5/build]   |     org.opentest4j.AssertionFailedError at TabulatorTests.java:217
[78ec9a6a-bac7-496a-8c24-bf14aa48a5b5/build]   | 
[78ec9a6a-bac7-496a-8c24-bf14aa48a5b5/build]   | TabulatorTests > multi-cvr file dominion test FAILED
[78ec9a6a-bac7-496a-8c24-bf14aa48a5b5/build]   |     org.opentest4j.AssertionFailedError at TabulatorTests.java:217
[78ec9a6a-bac7-496a-8c24-bf14aa48a5b5/build]   | 
[78ec9a6a-bac7-496a-8c24-bf14aa48a5b5/build]   | TabulatorTests > treat blank as undeclared write-in FAILED
[78ec9a6a-bac7-496a-8c24-bf14aa48a5b5/build]   |     org.opentest4j.AssertionFailedError at TabulatorTests.java:217
[78ec9a6a-bac7-496a-8c24-bf14aa48a5b5/build]   | 
[78ec9a6a-bac7-496a-8c24-bf14aa48a5b5/build]   | TabulatorTests > Dominion test - Wyoming test data FAILED
[78ec9a6a-bac7-496a-8c24-bf14aa48a5b5/build]   |     org.opentest4j.AssertionFailedError at TabulatorTests.java:217
[78ec9a6a-bac7-496a-8c24-bf14aa48a5b5/build]   | 
[78ec9a6a-bac7-496a-8c24-bf14aa48a5b5/build]   | > Task :spotbugsMain
[78ec9a6a-bac7-496a-8c24-bf14aa48a5b5/build]   | 
[78ec9a6a-bac7-496a-8c24-bf14aa48a5b5/build]   | > Task :test
[78ec9a6a-bac7-496a-8c24-bf14aa48a5b5/build]   | 
[78ec9a6a-bac7-496a-8c24-bf14aa48a5b5/build]   | TabulatorTests > test sequential multi-seat logic FAILED
[78ec9a6a-bac7-496a-8c24-bf14aa48a5b5/build]   |     org.opentest4j.AssertionFailedError at TabulatorTests.java:217
[78ec9a6a-bac7-496a-8c24-bf14aa48a5b5/build]   | 
[78ec9a6a-bac7-496a-8c24-bf14aa48a5b5/build]   | TabulatorTests > Dominion - No Precinct Data FAILED
[78ec9a6a-bac7-496a-8c24-bf14aa48a5b5/build]   |     org.opentest4j.AssertionFailedError at TabulatorTests.java:217
[78ec9a6a-bac7-496a-8c24-bf14aa48a5b5/build]   | 
[78ec9a6a-bac7-496a-8c24-bf14aa48a5b5/build]   | TabulatorTests > unisyn_xml_cdf_city_coroner FAILED
[78ec9a6a-bac7-496a-8c24-bf14aa48a5b5/build]   |     org.opentest4j.AssertionFailedError at TabulatorTests.java:217
[78ec9a6a-bac7-496a-8c24-bf14aa48a5b5/build]   | 
[78ec9a6a-bac7-496a-8c24-bf14aa48a5b5/build]   | TabulatorTests > 2013 Minneapolis Mayor Scale FAILED
[78ec9a6a-bac7-496a-8c24-bf14aa48a5b5/build]   |     org.opentest4j.AssertionFailedError at TabulatorTests.java:217
[78ec9a6a-bac7-496a-8c24-bf14aa48a5b5/build]   | 
[78ec9a6a-bac7-496a-8c24-bf14aa48a5b5/build]   | TabulatorTests > tiebreak using previousRoundCountsThenRandom FAILED
[78ec9a6a-bac7-496a-8c24-bf14aa48a5b5/build]   |     org.opentest4j.AssertionFailedError at TabulatorTests.java:217
[78ec9a6a-bac7-496a-8c24-bf14aa48a5b5/build]   | 
[78ec9a6a-bac7-496a-8c24-bf14aa48a5b5/build]   | TabulatorTests > unisyn_xml_cdf_city_chief_of_police FAILED
[78ec9a6a-bac7-496a-8c24-bf14aa48a5b5/build]   |     org.opentest4j.AssertionFailedError at TabulatorTests.java:217
[78ec9a6a-bac7-496a-8c24-bf14aa48a5b5/build]   | 
[78ec9a6a-bac7-496a-8c24-bf14aa48a5b5/build]   | TabulatorTests > Dominion test - Alaska test data FAILED
[78ec9a6a-bac7-496a-8c24-bf14aa48a5b5/build]   |     org.opentest4j.AssertionFailedError at TabulatorTests.java:217
[78ec9a6a-bac7-496a-8c24-bf14aa48a5b5/build]   | 
[78ec9a6a-bac7-496a-8c24-bf14aa48a5b5/build]   | TabulatorTests > tiebreak using permutation in config FAILED
[78ec9a6a-bac7-496a-8c24-bf14aa48a5b5/build]   |     org.opentest4j.AssertionFailedError at TabulatorTests.java:217
[78ec9a6a-bac7-496a-8c24-bf14aa48a5b5/build]   | 
[78ec9a6a-bac7-496a-8c24-bf14aa48a5b5/build]   | TabulatorTests > test tiebreak seed FAILED
[78ec9a6a-bac7-496a-8c24-bf14aa48a5b5/build]   |     org.opentest4j.AssertionFailedError at TabulatorTests.java:217
[78ec9a6a-bac7-496a-8c24-bf14aa48a5b5/build]   | 
[78ec9a6a-bac7-496a-8c24-bf14aa48a5b5/build]   | TabulatorTests > test allow only one winner per round logic FAILED
[78ec9a6a-bac7-496a-8c24-bf14aa48a5b5/build]   |     org.opentest4j.AssertionFailedError at TabulatorTests.java:217
[78ec9a6a-bac7-496a-8c24-bf14aa48a5b5/build]   | 
[78ec9a6a-bac7-496a-8c24-bf14aa48a5b5/build]   | TabulatorTests > Continue Until Two Candidates Remain FAILED
[78ec9a6a-bac7-496a-8c24-bf14aa48a5b5/build]   |     org.opentest4j.AssertionFailedError at TabulatorTests.java:217
[78ec9a6a-bac7-496a-8c24-bf14aa48a5b5/build]   | 
[78ec9a6a-bac7-496a-8c24-bf14aa48a5b5/build]   | TabulatorTests > Dominion test - Kansas test data FAILED
[78ec9a6a-bac7-496a-8c24-bf14aa48a5b5/build]   |     org.opentest4j.AssertionFailedError at TabulatorTests.java:217
[78ec9a6a-bac7-496a-8c24-bf14aa48a5b5/build]   | 
[78ec9a6a-bac7-496a-8c24-bf14aa48a5b5/build]   | TabulatorTests > NIST XML CDF 2 FAILED
[78ec9a6a-bac7-496a-8c24-bf14aa48a5b5/build]   |     org.opentest4j.AssertionFailedError at TabulatorTests.java:217
[78ec9a6a-bac7-496a-8c24-bf14aa48a5b5/build]   | 
[78ec9a6a-bac7-496a-8c24-bf14aa48a5b5/build]   | TabulatorTests > test invalid source files PASSED
[78ec9a6a-bac7-496a-8c24-bf14aa48a5b5/build]   | 
[78ec9a6a-bac7-496a-8c24-bf14aa48a5b5/build]   | TabulatorTests > test excluding candidates in config file FAILED
[78ec9a6a-bac7-496a-8c24-bf14aa48a5b5/build]   |     org.opentest4j.AssertionFailedError at TabulatorTests.java:217
[78ec9a6a-bac7-496a-8c24-bf14aa48a5b5/build]   | 
[78ec9a6a-bac7-496a-8c24-bf14aa48a5b5/build]   | TabulatorTests > Hart - Travis County Officers FAILED
[78ec9a6a-bac7-496a-8c24-bf14aa48a5b5/build]   |     org.opentest4j.AssertionFailedError at TabulatorTests.java:217
[78ec9a6a-bac7-496a-8c24-bf14aa48a5b5/build]   | 
[78ec9a6a-bac7-496a-8c24-bf14aa48a5b5/build]   | TabulatorTests > undeclared write-in (UWI) cannot win test FAILED
[78ec9a6a-bac7-496a-8c24-bf14aa48a5b5/build]   |     org.opentest4j.AssertionFailedError at TabulatorTests.java:217
[78ec9a6a-bac7-496a-8c24-bf14aa48a5b5/build]   | 
[78ec9a6a-bac7-496a-8c24-bf14aa48a5b5/build]   | TabulatorTests > sequential with continue until two test FAILED
[78ec9a6a-bac7-496a-8c24-bf14aa48a5b5/build]   |     org.opentest4j.AssertionFailedError at TabulatorTests.java:217
[78ec9a6a-bac7-496a-8c24-bf14aa48a5b5/build]   | 
[78ec9a6a-bac7-496a-8c24-bf14aa48a5b5/build]   | TabulatorTests > skipped first choice FAILED
[78ec9a6a-bac7-496a-8c24-bf14aa48a5b5/build]   |     org.opentest4j.AssertionFailedError at TabulatorTests.java:217
[78ec9a6a-bac7-496a-8c24-bf14aa48a5b5/build]   | 
[78ec9a6a-bac7-496a-8c24-bf14aa48a5b5/build]   | TabulatorTests > exhaust at overvote rule FAILED
[78ec9a6a-bac7-496a-8c24-bf14aa48a5b5/build]   |     org.opentest4j.AssertionFailedError at TabulatorTests.java:217
[78ec9a6a-bac7-496a-8c24-bf14aa48a5b5/build]   | 
[78ec9a6a-bac7-496a-8c24-bf14aa48a5b5/build]   | TabulatorTests > overvote skips to next rank FAILED
[78ec9a6a-bac7-496a-8c24-bf14aa48a5b5/build]   |     org.opentest4j.AssertionFailedError at TabulatorTests.java:217
[78ec9a6a-bac7-496a-8c24-bf14aa48a5b5/build]   | 
[78ec9a6a-bac7-496a-8c24-bf14aa48a5b5/build]   | TabulatorTests > skipped choice exhausts option FAILED
[78ec9a6a-bac7-496a-8c24-bf14aa48a5b5/build]   |     org.opentest4j.AssertionFailedError at TabulatorTests.java:217
[78ec9a6a-bac7-496a-8c24-bf14aa48a5b5/build]   | 
[78ec9a6a-bac7-496a-8c24-bf14aa48a5b5/build]   | TabulatorTests > skipped choice next option FAILED
[78ec9a6a-bac7-496a-8c24-bf14aa48a5b5/build]   |     org.opentest4j.AssertionFailedError at TabulatorTests.java:217
[78ec9a6a-bac7-496a-8c24-bf14aa48a5b5/build]   | 
[78ec9a6a-bac7-496a-8c24-bf14aa48a5b5/build]   | TabulatorTests > two skipped ranks exhausts option FAILED
[78ec9a6a-bac7-496a-8c24-bf14aa48a5b5/build]   |     org.opentest4j.AssertionFailedError at TabulatorTests.java:217
[78ec9a6a-bac7-496a-8c24-bf14aa48a5b5/build]   | 
[78ec9a6a-bac7-496a-8c24-bf14aa48a5b5/build]   | TabulatorTests > duplicate rank exhausts FAILED
[78ec9a6a-bac7-496a-8c24-bf14aa48a5b5/build]   |     org.opentest4j.AssertionFailedError at TabulatorTests.java:217
[78ec9a6a-bac7-496a-8c24-bf14aa48a5b5/build]   | 
[78ec9a6a-bac7-496a-8c24-bf14aa48a5b5/build]   | TabulatorTests > duplicate rank skips to next option FAILED
[78ec9a6a-bac7-496a-8c24-bf14aa48a5b5/build]   |     org.opentest4j.AssertionFailedError at TabulatorTests.java:217
[78ec9a6a-bac7-496a-8c24-bf14aa48a5b5/build]   | 
[78ec9a6a-bac7-496a-8c24-bf14aa48a5b5/build]   | TabulatorTests > multi-cdf tabulation FAILED
[78ec9a6a-bac7-496a-8c24-bf14aa48a5b5/build]   |     org.opentest4j.AssertionFailedError at TabulatorTests.java:217
[78ec9a6a-bac7-496a-8c24-bf14aa48a5b5/build]   | 
[78ec9a6a-bac7-496a-8c24-bf14aa48a5b5/build]   | TabulatorTests > test skipping to next candidate after overvote FAILED
[78ec9a6a-bac7-496a-8c24-bf14aa48a5b5/build]   |     org.opentest4j.AssertionFailedError at TabulatorTests.java:217
[78ec9a6a-bac7-496a-8c24-bf14aa48a5b5/build]   | 
[78ec9a6a-bac7-496a-8c24-bf14aa48a5b5/build]   | TabulatorTests > multi-seat UWI test FAILED
[78ec9a6a-bac7-496a-8c24-bf14aa48a5b5/build]   |     org.opentest4j.AssertionFailedError at TabulatorTests.java:217
[78ec9a6a-bac7-496a-8c24-bf14aa48a5b5/build]   | 
[78ec9a6a-bac7-496a-8c24-bf14aa48a5b5/build]   | TabulatorTests > test bottoms-up multi-seat with threshold logic FAILED
[78ec9a6a-bac7-496a-8c24-bf14aa48a5b5/build]   |     org.opentest4j.AssertionFailedError at TabulatorTests.java:217
[78ec9a6a-bac7-496a-8c24-bf14aa48a5b5/build]   | 
[78ec9a6a-bac7-496a-8c24-bf14aa48a5b5/build]   | TabulatorTests > test minimum vote threshold setting FAILED
[78ec9a6a-bac7-496a-8c24-bf14aa48a5b5/build]   |     org.opentest4j.AssertionFailedError at TabulatorTests.java:217
[78ec9a6a-bac7-496a-8c24-bf14aa48a5b5/build]   | 
[78ec9a6a-bac7-496a-8c24-bf14aa48a5b5/build]   | TabulatorTests > 2018 Maine Governor Democratic Primary FAILED
[78ec9a6a-bac7-496a-8c24-bf14aa48a5b5/build]   |     org.opentest4j.AssertionFailedError at TabulatorTests.java:217
[78ec9a6a-bac7-496a-8c24-bf14aa48a5b5/build]   | 
[78ec9a6a-bac7-496a-8c24-bf14aa48a5b5/build]   | TabulatorTests > test Hare quota FAILED
[78ec9a6a-bac7-496a-8c24-bf14aa48a5b5/build]   |     org.opentest4j.AssertionFailedError at TabulatorTests.java:217
[78ec9a6a-bac7-496a-8c24-bf14aa48a5b5/build]   | 
[78ec9a6a-bac7-496a-8c24-bf14aa48a5b5/build]   | TabulatorTests > Continue Until Two Candidates Remain with Batch Elimination FAILED
[78ec9a6a-bac7-496a-8c24-bf14aa48a5b5/build]   |     org.opentest4j.AssertionFailedError at TabulatorTests.java:217
[78ec9a6a-bac7-496a-8c24-bf14aa48a5b5/build]   | 
[78ec9a6a-bac7-496a-8c24-bf14aa48a5b5/build]   | TabulatorTests > sequential with batch elimination test FAILED
[78ec9a6a-bac7-496a-8c24-bf14aa48a5b5/build]   |     org.opentest4j.AssertionFailedError at TabulatorTests.java:217
[78ec9a6a-bac7-496a-8c24-bf14aa48a5b5/build]   | 
[78ec9a6a-bac7-496a-8c24-bf14aa48a5b5/build]   | TabulatorTests > first round determine threshold test FAILED
[78ec9a6a-bac7-496a-8c24-bf14aa48a5b5/build]   |     org.opentest4j.AssertionFailedError at TabulatorTests.java:217
[78ec9a6a-bac7-496a-8c24-bf14aa48a5b5/build]   | 
[78ec9a6a-bac7-496a-8c24-bf14aa48a5b5/build]   | TabulatorTests > Test Convert to CDF works for Dominion PASSED
[78ec9a6a-bac7-496a-8c24-bf14aa48a5b5/build]   | 
[78ec9a6a-bac7-496a-8c24-bf14aa48a5b5/build]   | TabulatorTests > Test Convert to CDF works for CDF PASSED
[78ec9a6a-bac7-496a-8c24-bf14aa48a5b5/build]   | 
[78ec9a6a-bac7-496a-8c24-bf14aa48a5b5/build]   | TabulatorTests > Test Convert to CDF works for ES&S PASSED
[78ec9a6a-bac7-496a-8c24-bf14aa48a5b5/build]   | 
[78ec9a6a-bac7-496a-8c24-bf14aa48a5b5/build]   | TabulatorTests > multi-seat whole number threshold FAILED
[78ec9a6a-bac7-496a-8c24-bf14aa48a5b5/build]   |     org.opentest4j.AssertionFailedError at TabulatorTests.java:217
[78ec9a6a-bac7-496a-8c24-bf14aa48a5b5/build]   | 
[78ec9a6a-bac7-496a-8c24-bf14aa48a5b5/build]   | TabulatorTests > tiebreak using generated permutation FAILED
[78ec9a6a-bac7-496a-8c24-bf14aa48a5b5/build]   |     org.opentest4j.AssertionFailedError at TabulatorTests.java:217
[78ec9a6a-bac7-496a-8c24-bf14aa48a5b5/build]   | 
[78ec9a6a-bac7-496a-8c24-bf14aa48a5b5/build]   | TabulatorTests > aliases (CDF JSON format) FAILED
[78ec9a6a-bac7-496a-8c24-bf14aa48a5b5/build]   |     org.opentest4j.AssertionFailedError at TabulatorTests.java:217
[78ec9a6a-bac7-496a-8c24-bf14aa48a5b5/build]   | 
[78ec9a6a-bac7-496a-8c24-bf14aa48a5b5/build]   | TabulatorTests > aliases (ES&S XLSX format) FAILED
[78ec9a6a-bac7-496a-8c24-bf14aa48a5b5/build]   |     org.opentest4j.AssertionFailedError at TabulatorTests.java:217
[78ec9a6a-bac7-496a-8c24-bf14aa48a5b5/build]   | 
[78ec9a6a-bac7-496a-8c24-bf14aa48a5b5/build]   | TabulatorTests > no one meets minimum test PASSED
[78ec9a6a-bac7-496a-8c24-bf14aa48a5b5/build]   | 
[78ec9a6a-bac7-496a-8c24-bf14aa48a5b5/build]   | TabulatorTests > missing precinct example FAILED
[78ec9a6a-bac7-496a-8c24-bf14aa48a5b5/build]   |     org.opentest4j.AssertionFailedError at TabulatorTests.java:217
[78ec9a6a-bac7-496a-8c24-bf14aa48a5b5/build]   | 
[78ec9a6a-bac7-496a-8c24-bf14aa48a5b5/build]   | TabulatorTests > test bottoms-up multi-seat logic FAILED
[78ec9a6a-bac7-496a-8c24-bf14aa48a5b5/build]   |     org.opentest4j.AssertionFailedError at TabulatorTests.java:217
[78ec9a6a-bac7-496a-8c24-bf14aa48a5b5/build]   | 
[78ec9a6a-bac7-496a-8c24-bf14aa48a5b5/build]   | TabulatorTests > unisyn_xml_cdf_city_tax_collector FAILED
[78ec9a6a-bac7-496a-8c24-bf14aa48a5b5/build]   |     org.opentest4j.AssertionFailedError at TabulatorTests.java:217
[78ec9a6a-bac7-496a-8c24-bf14aa48a5b5/build]   | 
[78ec9a6a-bac7-496a-8c24-bf14aa48a5b5/build]   | TabulatorTests > 2013 Minneapolis Mayor FAILED
[78ec9a6a-bac7-496a-8c24-bf14aa48a5b5/build]   |     org.opentest4j.AssertionFailedError at TabulatorTests.java:217
[78ec9a6a-bac7-496a-8c24-bf14aa48a5b5/build]   | 
[78ec9a6a-bac7-496a-8c24-bf14aa48a5b5/build]   | TabulatorTests > unisyn_xml_cdf_county_coroner FAILED
[78ec9a6a-bac7-496a-8c24-bf14aa48a5b5/build]   |     org.opentest4j.AssertionFailedError at TabulatorTests.java:217
[78ec9a6a-bac7-496a-8c24-bf14aa48a5b5/build]   | 
[78ec9a6a-bac7-496a-8c24-bf14aa48a5b5/build]   | TabulatorTests > testMinneapolisMultiSeatThreshold FAILED
[78ec9a6a-bac7-496a-8c24-bf14aa48a5b5/build]   |     org.opentest4j.AssertionFailedError at TabulatorTests.java:217
[78ec9a6a-bac7-496a-8c24-bf14aa48a5b5/build]   | 
[78ec9a6a-bac7-496a-8c24-bf14aa48a5b5/build]   | TabulatorTests > overvote exhaust if multiple continuing test FAILED
[78ec9a6a-bac7-496a-8c24-bf14aa48a5b5/build]   |     org.opentest4j.AssertionFailedError at TabulatorTests.java:217
[78ec9a6a-bac7-496a-8c24-bf14aa48a5b5/build]   | 
[78ec9a6a-bac7-496a-8c24-bf14aa48a5b5/build]   | TabulatorTests > first round determine threshold and tiebreaker runs test FAILED
[78ec9a6a-bac7-496a-8c24-bf14aa48a5b5/build]   |     org.opentest4j.AssertionFailedError at TabulatorTests.java:217
[78ec9a6a-bac7-496a-8c24-bf14aa48a5b5/build]   | 
[78ec9a6a-bac7-496a-8c24-bf14aa48a5b5/build]   | TabulatorTests > 2015 Portland Mayor Candidate Codes FAILED
[78ec9a6a-bac7-496a-8c24-bf14aa48a5b5/build]   |     org.opentest4j.AssertionFailedError at TabulatorTests.java:217
[78ec9a6a-bac7-496a-8c24-bf14aa48a5b5/build]   | 
[78ec9a6a-bac7-496a-8c24-bf14aa48a5b5/build]   | TabulatorTests > gracefully fail when tabulate-by-precinct option set without any precincts in CVR PASSED
[78ec9a6a-bac7-496a-8c24-bf14aa48a5b5/build]   | 
[78ec9a6a-bac7-496a-8c24-bf14aa48a5b5/build]   | TabulatorTests > Clear Ballot - Kansas Primary FAILED
[78ec9a6a-bac7-496a-8c24-bf14aa48a5b5/build]   |     org.opentest4j.AssertionFailedError at TabulatorTests.java:217
[78ec9a6a-bac7-496a-8c24-bf14aa48a5b5/build]   | 
[78ec9a6a-bac7-496a-8c24-bf14aa48a5b5/build]   | TabulatorTests > unisyn_xml_cdf_city_mayor FAILED
[78ec9a6a-bac7-496a-8c24-bf14aa48a5b5/build]   |     org.opentest4j.AssertionFailedError at TabulatorTests.java:217
[78ec9a6a-bac7-496a-8c24-bf14aa48a5b5/build]   | 
[78ec9a6a-bac7-496a-8c24-bf14aa48a5b5/build]   | TabulatorTests > Hart - Cedar Park School Board FAILED
[78ec9a6a-bac7-496a-8c24-bf14aa48a5b5/build]   |     org.opentest4j.AssertionFailedError at TabulatorTests.java:217
[78ec9a6a-bac7-496a-8c24-bf14aa48a5b5/build]   | 
[78ec9a6a-bac7-496a-8c24-bf14aa48a5b5/build]   | TabulatorTests > 2013 Minneapolis Park FAILED
[78ec9a6a-bac7-496a-8c24-bf14aa48a5b5/build]   |     org.opentest4j.AssertionFailedError at TabulatorTests.java:217
[78ec9a6a-bac7-496a-8c24-bf14aa48a5b5/build]   | 
[78ec9a6a-bac7-496a-8c24-bf14aa48a5b5/build]   | TabulatorTests > generic CSV test FAILED
[78ec9a6a-bac7-496a-8c24-bf14aa48a5b5/build]   |     org.opentest4j.AssertionFailedError at TabulatorTests.java:217
[78ec9a6a-bac7-496a-8c24-bf14aa48a5b5/build]   | 
[78ec9a6a-bac7-496a-8c24-bf14aa48a5b5/build]   | TabulatorTests > test for overvotes FAILED
[78ec9a6a-bac7-496a-8c24-bf14aa48a5b5/build]   |     org.opentest4j.AssertionFailedError at TabulatorTests.java:217
[78ec9a6a-bac7-496a-8c24-bf14aa48a5b5/build]   | 
[78ec9a6a-bac7-496a-8c24-bf14aa48a5b5/build]   | TabulatorTests > 2015 Portland Mayor FAILED
[78ec9a6a-bac7-496a-8c24-bf14aa48a5b5/build]   |     org.opentest4j.AssertionFailedError at TabulatorTests.java:217
[78ec9a6a-bac7-496a-8c24-bf14aa48a5b5/build]   | 
[78ec9a6a-bac7-496a-8c24-bf14aa48a5b5/build]   | TabulatorTests > test stopping tabulation early FAILED
[78ec9a6a-bac7-496a-8c24-bf14aa48a5b5/build]   |     org.opentest4j.AssertionFailedError at TabulatorTests.java:217
[78ec9a6a-bac7-496a-8c24-bf14aa48a5b5/build]   | 
[78ec9a6a-bac7-496a-8c24-bf14aa48a5b5/build]   | TabulatorTests > precinct example FAILED
[78ec9a6a-bac7-496a-8c24-bf14aa48a5b5/build]   |     org.opentest4j.AssertionFailedError at TabulatorTests.java:217
[78ec9a6a-bac7-496a-8c24-bf14aa48a5b5/build]   | 
[78ec9a6a-bac7-496a-8c24-bf14aa48a5b5/build]   | 73 tests completed, 65 failed
[78ec9a6a-bac7-496a-8c24-bf14aa48a5b5/build]   | 
[78ec9a6a-bac7-496a-8c24-bf14aa48a5b5/build]   | FAILURE: Build failed with an exception.
[78ec9a6a-bac7-496a-8c24-bf14aa48a5b5/build]   | 
[78ec9a6a-bac7-496a-8c24-bf14aa48a5b5/build]   | * What went wrong:
[78ec9a6a-bac7-496a-8c24-bf14aa48a5b5/build]   | Execution failed for task ':test'.
[78ec9a6a-bac7-496a-8c24-bf14aa48a5b5/build]   | > There were failing tests. See the report at: file:///tmp/e5dafa74-92f4-463d-b1f4-ed1db1359c7b/build/reports/tests/test/index.html
[78ec9a6a-bac7-496a-8c24-bf14aa48a5b5/build]   | 
[78ec9a6a-bac7-496a-8c24-bf14aa48a5b5/build]   | * Try:
[78ec9a6a-bac7-496a-8c24-bf14aa48a5b5/build]   | > Run with --stacktrace option to get the stack trace.
[78ec9a6a-bac7-496a-8c24-bf14aa48a5b5/build]   | > Run with --info or --debug option to get more log output.
[78ec9a6a-bac7-496a-8c24-bf14aa48a5b5/build]   | > Run with --scan to get full insights.
[78ec9a6a-bac7-496a-8c24-bf14aa48a5b5/build]   | 
[78ec9a6a-bac7-496a-8c24-bf14aa48a5b5/build]   | * Get more help at https://help.gradle.org
[78ec9a6a-bac7-496a-8c24-bf14aa48a5b5/build]   | 
[78ec9a6a-bac7-496a-8c24-bf14aa48a5b5/build]   | BUILD FAILED in 2m 55s
[78ec9a6a-bac7-496a-8c24-bf14aa48a5b5/build]   | 
[78ec9a6a-bac7-496a-8c24-bf14aa48a5b5/build]   | > Task :test FAILED
[78ec9a6a-bac7-496a-8c24-bf14aa48a5b5/build]   | 9 actionable tasks: 9 executed
[78ec9a6a-bac7-496a-8c24-bf14aa48a5b5/build]   ‚ùå  Failure - Main Test with Gradle
[78ec9a6a-bac7-496a-8c24-bf14aa48a5b5/build] exitcode '1': failure
[78ec9a6a-bac7-496a-8c24-bf14aa48a5b5/build] unable to get git ref: failed to identify reference (tag/branch) for the checked-out revision '833ebaf06efe617091a4d5b9a2812aaae8dc73c8'
[78ec9a6a-bac7-496a-8c24-bf14aa48a5b5/build] unable to get git ref: failed to identify reference (tag/branch) for the checked-out revision '833ebaf06efe617091a4d5b9a2812aaae8dc73c8'
[78ec9a6a-bac7-496a-8c24-bf14aa48a5b5/build] unable to get git ref: failed to identify reference (tag/branch) for the checked-out revision '833ebaf06efe617091a4d5b9a2812aaae8dc73c8'
[78ec9a6a-bac7-496a-8c24-bf14aa48a5b5/build] unable to get git ref: failed to identify reference (tag/branch) for the checked-out revision '833ebaf06efe617091a4d5b9a2812aaae8dc73c8'
[78ec9a6a-bac7-496a-8c24-bf14aa48a5b5/build] unable to get git ref: failed to identify reference (tag/branch) for the checked-out revision '833ebaf06efe617091a4d5b9a2812aaae8dc73c8'
[78ec9a6a-bac7-496a-8c24-bf14aa48a5b5/build] ‚≠ê Run Post Set up JDK 17
[78ec9a6a-bac7-496a-8c24-bf14aa48a5b5/build]   üê≥  docker exec cmd=[node /var/run/act/actions/actions-setup-java@v2/dist/cleanup/index.js] user= workdir=
[78ec9a6a-bac7-496a-8c24-bf14aa48a5b5/build]   ‚úÖ  Success - Post Set up JDK 17
[78ec9a6a-bac7-496a-8c24-bf14aa48a5b5/build] üèÅ  Job failed
[78ec9a6a-bac7-496a-8c24-bf14aa48a5b5/build] unable to get git ref: failed to identify reference (tag/branch) for the checked-out revision '833ebaf06efe617091a4d5b9a2812aaae8dc73c8'
