[3cde19bb-5937-4c2d-b7fd-0c8ded43b445/Java 8 ubuntu-latest] ğŸš€  Start image=gitbugactions:latest
[3cde19bb-5937-4c2d-b7fd-0c8ded43b445/Java 8 ubuntu-latest]   ğŸ³  docker pull image=gitbugactions:latest platform= username= forcePull=false
[3cde19bb-5937-4c2d-b7fd-0c8ded43b445/Java 8 ubuntu-latest]   ğŸ³  docker create image=gitbugactions:latest platform= entrypoint=["tail" "-f" "/dev/null"] cmd=[]
[3cde19bb-5937-4c2d-b7fd-0c8ded43b445/Java 8 ubuntu-latest]   ğŸ³  docker run image=gitbugactions:latest platform= entrypoint=["tail" "-f" "/dev/null"] cmd=[]
[3cde19bb-5937-4c2d-b7fd-0c8ded43b445/Java 8 ubuntu-latest]   ğŸ³  docker exec cmd=[chown -R 1012:1013 /tmp/7bd512a0-e832-4299-a722-5b92f9858673] user=0 workdir=
[3cde19bb-5937-4c2d-b7fd-0c8ded43b445/Java 8 ubuntu-latest] unable to get git ref: failed to identify reference (tag/branch) for the checked-out revision 'c7b6cb3bf35ed7abaa6bf1b660d2ad89c0c26361'
[3cde19bb-5937-4c2d-b7fd-0c8ded43b445/Java 8 ubuntu-latest] unable to get git ref: failed to identify reference (tag/branch) for the checked-out revision 'c7b6cb3bf35ed7abaa6bf1b660d2ad89c0c26361'
[3cde19bb-5937-4c2d-b7fd-0c8ded43b445/Java 8 ubuntu-latest] unable to get git ref: failed to identify reference (tag/branch) for the checked-out revision 'c7b6cb3bf35ed7abaa6bf1b660d2ad89c0c26361'
[3cde19bb-5937-4c2d-b7fd-0c8ded43b445/Java 8 ubuntu-latest] ğŸ§ª  Matrix: map[java:8 os:ubuntu-latest]
[3cde19bb-5937-4c2d-b7fd-0c8ded43b445/Java 8 ubuntu-latest] unable to get git ref: failed to identify reference (tag/branch) for the checked-out revision 'c7b6cb3bf35ed7abaa6bf1b660d2ad89c0c26361'
[3cde19bb-5937-4c2d-b7fd-0c8ded43b445/Java 8 ubuntu-latest] unable to get git ref: failed to identify reference (tag/branch) for the checked-out revision 'c7b6cb3bf35ed7abaa6bf1b660d2ad89c0c26361'
[3cde19bb-5937-4c2d-b7fd-0c8ded43b445/Java 8 ubuntu-latest] unable to get git ref: failed to identify reference (tag/branch) for the checked-out revision 'c7b6cb3bf35ed7abaa6bf1b660d2ad89c0c26361'
[3cde19bb-5937-4c2d-b7fd-0c8ded43b445/Java 8 ubuntu-latest] unable to get git ref: failed to identify reference (tag/branch) for the checked-out revision 'c7b6cb3bf35ed7abaa6bf1b660d2ad89c0c26361'
[3cde19bb-5937-4c2d-b7fd-0c8ded43b445/Java 8 ubuntu-latest] unable to get git ref: failed to identify reference (tag/branch) for the checked-out revision 'c7b6cb3bf35ed7abaa6bf1b660d2ad89c0c26361'
[3cde19bb-5937-4c2d-b7fd-0c8ded43b445/Java 8 ubuntu-latest] unable to get git ref: failed to identify reference (tag/branch) for the checked-out revision 'c7b6cb3bf35ed7abaa6bf1b660d2ad89c0c26361'
[3cde19bb-5937-4c2d-b7fd-0c8ded43b445/Java 8 ubuntu-latest] â­ Run Main actions/checkout@v2
[3cde19bb-5937-4c2d-b7fd-0c8ded43b445/Java 8 ubuntu-latest] unable to get git ref: failed to identify reference (tag/branch) for the checked-out revision 'c7b6cb3bf35ed7abaa6bf1b660d2ad89c0c26361'
[3cde19bb-5937-4c2d-b7fd-0c8ded43b445/Java 8 ubuntu-latest] unable to get git ref: failed to identify reference (tag/branch) for the checked-out revision 'c7b6cb3bf35ed7abaa6bf1b660d2ad89c0c26361'
[3cde19bb-5937-4c2d-b7fd-0c8ded43b445/Java 8 ubuntu-latest]   ğŸ³  docker cp src=/tmp/7bd512a0-e832-4299-a722-5b92f9858673/. dst=/tmp/7bd512a0-e832-4299-a722-5b92f9858673
[3cde19bb-5937-4c2d-b7fd-0c8ded43b445/Java 8 ubuntu-latest]   ğŸ³  docker exec cmd=[chown -R 1012:1013 /tmp/7bd512a0-e832-4299-a722-5b92f9858673] user=0 workdir=
[3cde19bb-5937-4c2d-b7fd-0c8ded43b445/Java 8 ubuntu-latest]   âœ…  Success - Main actions/checkout@v2
[3cde19bb-5937-4c2d-b7fd-0c8ded43b445/Java 8 ubuntu-latest] unable to get git ref: failed to identify reference (tag/branch) for the checked-out revision 'c7b6cb3bf35ed7abaa6bf1b660d2ad89c0c26361'
[3cde19bb-5937-4c2d-b7fd-0c8ded43b445/Java 8 ubuntu-latest] unable to get git ref: failed to identify reference (tag/branch) for the checked-out revision 'c7b6cb3bf35ed7abaa6bf1b660d2ad89c0c26361'
[3cde19bb-5937-4c2d-b7fd-0c8ded43b445/Java 8 ubuntu-latest] unable to get git ref: failed to identify reference (tag/branch) for the checked-out revision 'c7b6cb3bf35ed7abaa6bf1b660d2ad89c0c26361'
[3cde19bb-5937-4c2d-b7fd-0c8ded43b445/Java 8 ubuntu-latest] unable to get git ref: failed to identify reference (tag/branch) for the checked-out revision 'c7b6cb3bf35ed7abaa6bf1b660d2ad89c0c26361'
[3cde19bb-5937-4c2d-b7fd-0c8ded43b445/Java 8 ubuntu-latest] unable to get git ref: failed to identify reference (tag/branch) for the checked-out revision 'c7b6cb3bf35ed7abaa6bf1b660d2ad89c0c26361'
[3cde19bb-5937-4c2d-b7fd-0c8ded43b445/Java 8 ubuntu-latest] â­ Run Main Set up JDK 8
[3cde19bb-5937-4c2d-b7fd-0c8ded43b445/Java 8 ubuntu-latest] unable to get git ref: failed to identify reference (tag/branch) for the checked-out revision 'c7b6cb3bf35ed7abaa6bf1b660d2ad89c0c26361'
[3cde19bb-5937-4c2d-b7fd-0c8ded43b445/Java 8 ubuntu-latest] unable to get git ref: failed to identify reference (tag/branch) for the checked-out revision 'c7b6cb3bf35ed7abaa6bf1b660d2ad89c0c26361'
[3cde19bb-5937-4c2d-b7fd-0c8ded43b445/Java 8 ubuntu-latest] unable to get git ref: failed to identify reference (tag/branch) for the checked-out revision 'c7b6cb3bf35ed7abaa6bf1b660d2ad89c0c26361'
[3cde19bb-5937-4c2d-b7fd-0c8ded43b445/Java 8 ubuntu-latest]   ğŸ³  docker cp src=/tmp/act-cache/8a8e0507-1265-432e-9542-3a434145bc55/act/actions-setup-java@v1/ dst=/var/run/act/actions/actions-setup-java@v1/
[3cde19bb-5937-4c2d-b7fd-0c8ded43b445/Java 8 ubuntu-latest]   ğŸ³  docker exec cmd=[chown -R 1012:1013 /var/run/act/actions/actions-setup-java@v1/] user=0 workdir=
[3cde19bb-5937-4c2d-b7fd-0c8ded43b445/Java 8 ubuntu-latest]   ğŸ³  docker exec cmd=[node /var/run/act/actions/actions-setup-java@v1/dist/setup/index.js] user= workdir=
[3cde19bb-5937-4c2d-b7fd-0c8ded43b445/Java 8 ubuntu-latest]   ğŸ’¬  ::debug::isExplicit: 
[3cde19bb-5937-4c2d-b7fd-0c8ded43b445/Java 8 ubuntu-latest]   ğŸ’¬  ::debug::explicit? false
[3cde19bb-5937-4c2d-b7fd-0c8ded43b445/Java 8 ubuntu-latest]   ğŸ’¬  ::debug::evaluating 0 versions
[3cde19bb-5937-4c2d-b7fd-0c8ded43b445/Java 8 ubuntu-latest]   ğŸ’¬  ::debug::match not found
[3cde19bb-5937-4c2d-b7fd-0c8ded43b445/Java 8 ubuntu-latest]   ğŸ’¬  ::debug::Downloading JDK from Azul
[3cde19bb-5937-4c2d-b7fd-0c8ded43b445/Java 8 ubuntu-latest]   ğŸ’¬  ::debug::Searching for files with extension: -linux_x64.tar.gz
[3cde19bb-5937-4c2d-b7fd-0c8ded43b445/Java 8 ubuntu-latest]   ğŸ’¬  ::debug::Downloading https://static.azul.com/zulu/bin/zulu8.74.0.17-ca-jdk8.0.392-linux_x64.tar.gz
[3cde19bb-5937-4c2d-b7fd-0c8ded43b445/Java 8 ubuntu-latest]   ğŸ’¬  ::debug::Downloading /tmp/64e1dcf2-4546-4f13-8306-745ebed128f7
[3cde19bb-5937-4c2d-b7fd-0c8ded43b445/Java 8 ubuntu-latest]   ğŸ’¬  ::debug::download complete
[3cde19bb-5937-4c2d-b7fd-0c8ded43b445/Java 8 ubuntu-latest]   | [command]/usr/bin/tar --version
[3cde19bb-5937-4c2d-b7fd-0c8ded43b445/Java 8 ubuntu-latest]   | tar (GNU tar) 1.34
[3cde19bb-5937-4c2d-b7fd-0c8ded43b445/Java 8 ubuntu-latest]   | Copyright (C) 2021 Free Software Foundation, Inc.
[3cde19bb-5937-4c2d-b7fd-0c8ded43b445/Java 8 ubuntu-latest]   | License GPLv3+: GNU GPL version 3 or later <https://gnu.org/licenses/gpl.html>.
[3cde19bb-5937-4c2d-b7fd-0c8ded43b445/Java 8 ubuntu-latest]   | This is free software: you are free to change and redistribute it.
[3cde19bb-5937-4c2d-b7fd-0c8ded43b445/Java 8 ubuntu-latest]   | There is NO WARRANTY, to the extent permitted by law.
[3cde19bb-5937-4c2d-b7fd-0c8ded43b445/Java 8 ubuntu-latest]   | 
[3cde19bb-5937-4c2d-b7fd-0c8ded43b445/Java 8 ubuntu-latest]   | Written by John Gilmore and Jay Fenlason.
[3cde19bb-5937-4c2d-b7fd-0c8ded43b445/Java 8 ubuntu-latest]   | [command]/usr/bin/tar xz --warning=no-unknown-keyword -C /tmp/temp_1478288280 -f /tmp/64e1dcf2-4546-4f13-8306-745ebed128f7
[3cde19bb-5937-4c2d-b7fd-0c8ded43b445/Java 8 ubuntu-latest]   ğŸ’¬  ::debug::jdk extracted to /tmp/temp_1478288280/zulu8.74.0.17-ca-jdk8.0.392-linux_x64
[3cde19bb-5937-4c2d-b7fd-0c8ded43b445/Java 8 ubuntu-latest]   ğŸ’¬  ::debug::Caching tool jdk 8.0.392 x64
[3cde19bb-5937-4c2d-b7fd-0c8ded43b445/Java 8 ubuntu-latest]   ğŸ’¬  ::debug::source dir: /tmp/temp_1478288280/zulu8.74.0.17-ca-jdk8.0.392-linux_x64
[3cde19bb-5937-4c2d-b7fd-0c8ded43b445/Java 8 ubuntu-latest]   ğŸ’¬  ::debug::destination /opt/hostedtoolcache/jdk/8.0.392/x64
[3cde19bb-5937-4c2d-b7fd-0c8ded43b445/Java 8 ubuntu-latest]   ğŸ’¬  ::debug::finished caching tool
[3cde19bb-5937-4c2d-b7fd-0c8ded43b445/Java 8 ubuntu-latest]   â“ add-matcher /run/act/actions/actions-setup-java@v1/.github/java.json
[3cde19bb-5937-4c2d-b7fd-0c8ded43b445/Java 8 ubuntu-latest]   | creating settings.xml with server-id: github; environment variables: username=$GITHUB_ACTOR, password=$GITHUB_TOKEN, and gpg-passphrase=null
[3cde19bb-5937-4c2d-b7fd-0c8ded43b445/Java 8 ubuntu-latest]   ğŸ’¬  ::debug::created directory /home/runner/.m2
[3cde19bb-5937-4c2d-b7fd-0c8ded43b445/Java 8 ubuntu-latest]   | writing /home/runner/.m2/settings.xml
[3cde19bb-5937-4c2d-b7fd-0c8ded43b445/Java 8 ubuntu-latest]   âœ…  Success - Main Set up JDK 8
[3cde19bb-5937-4c2d-b7fd-0c8ded43b445/Java 8 ubuntu-latest]   âš™  ::set-env:: JAVA_HOME_8.0.392_x64=/opt/hostedtoolcache/jdk/8.0.392/x64
[3cde19bb-5937-4c2d-b7fd-0c8ded43b445/Java 8 ubuntu-latest]   âš™  ::set-env:: JAVA_HOME=/opt/hostedtoolcache/jdk/8.0.392/x64
[3cde19bb-5937-4c2d-b7fd-0c8ded43b445/Java 8 ubuntu-latest]   âš™  ::set-env:: JAVA_HOME_8_0_392_X64=/opt/hostedtoolcache/jdk/8.0.392/x64
[3cde19bb-5937-4c2d-b7fd-0c8ded43b445/Java 8 ubuntu-latest]   âš™  ::set-output:: path=/opt/hostedtoolcache/jdk/8.0.392/x64
[3cde19bb-5937-4c2d-b7fd-0c8ded43b445/Java 8 ubuntu-latest]   âš™  ::set-output:: version=8.0.392
[3cde19bb-5937-4c2d-b7fd-0c8ded43b445/Java 8 ubuntu-latest]   âš™  ::add-path:: /opt/hostedtoolcache/jdk/8.0.392/x64/bin
[3cde19bb-5937-4c2d-b7fd-0c8ded43b445/Java 8 ubuntu-latest] unable to get git ref: failed to identify reference (tag/branch) for the checked-out revision 'c7b6cb3bf35ed7abaa6bf1b660d2ad89c0c26361'
[3cde19bb-5937-4c2d-b7fd-0c8ded43b445/Java 8 ubuntu-latest] unable to get git ref: failed to identify reference (tag/branch) for the checked-out revision 'c7b6cb3bf35ed7abaa6bf1b660d2ad89c0c26361'
[3cde19bb-5937-4c2d-b7fd-0c8ded43b445/Java 8 ubuntu-latest] unable to get git ref: failed to identify reference (tag/branch) for the checked-out revision 'c7b6cb3bf35ed7abaa6bf1b660d2ad89c0c26361'
[3cde19bb-5937-4c2d-b7fd-0c8ded43b445/Java 8 ubuntu-latest] unable to get git ref: failed to identify reference (tag/branch) for the checked-out revision 'c7b6cb3bf35ed7abaa6bf1b660d2ad89c0c26361'
[3cde19bb-5937-4c2d-b7fd-0c8ded43b445/Java 8 ubuntu-latest] unable to get git ref: failed to identify reference (tag/branch) for the checked-out revision 'c7b6cb3bf35ed7abaa6bf1b660d2ad89c0c26361'
[3cde19bb-5937-4c2d-b7fd-0c8ded43b445/Java 8 ubuntu-latest] â­ Run Main Clean and build
[3cde19bb-5937-4c2d-b7fd-0c8ded43b445/Java 8 ubuntu-latest] unable to get git ref: failed to identify reference (tag/branch) for the checked-out revision 'c7b6cb3bf35ed7abaa6bf1b660d2ad89c0c26361'
[3cde19bb-5937-4c2d-b7fd-0c8ded43b445/Java 8 ubuntu-latest] unable to get git ref: failed to identify reference (tag/branch) for the checked-out revision 'c7b6cb3bf35ed7abaa6bf1b660d2ad89c0c26361'
[3cde19bb-5937-4c2d-b7fd-0c8ded43b445/Java 8 ubuntu-latest] unable to get git ref: failed to identify reference (tag/branch) for the checked-out revision 'c7b6cb3bf35ed7abaa6bf1b660d2ad89c0c26361'
[3cde19bb-5937-4c2d-b7fd-0c8ded43b445/Java 8 ubuntu-latest] unable to get git ref: failed to identify reference (tag/branch) for the checked-out revision 'c7b6cb3bf35ed7abaa6bf1b660d2ad89c0c26361'
[3cde19bb-5937-4c2d-b7fd-0c8ded43b445/Java 8 ubuntu-latest]   ğŸ³  docker exec cmd=[bash --noprofile --norc -e -o pipefail /var/run/act/workflow/2] user= workdir=
[3cde19bb-5937-4c2d-b7fd-0c8ded43b445/Java 8 ubuntu-latest]   | Downloading https://services.gradle.org/distributions/gradle-7.4.1-bin.zip
[3cde19bb-5937-4c2d-b7fd-0c8ded43b445/Java 8 ubuntu-latest]   | ...........10%...........20%...........30%...........40%...........50%...........60%...........70%...........80%...........90%...........100%
[3cde19bb-5937-4c2d-b7fd-0c8ded43b445/Java 8 ubuntu-latest]   | 
[3cde19bb-5937-4c2d-b7fd-0c8ded43b445/Java 8 ubuntu-latest]   | Welcome to Gradle 7.4.1!
[3cde19bb-5937-4c2d-b7fd-0c8ded43b445/Java 8 ubuntu-latest]   | 
[3cde19bb-5937-4c2d-b7fd-0c8ded43b445/Java 8 ubuntu-latest]   | Here are the highlights of this release:
[3cde19bb-5937-4c2d-b7fd-0c8ded43b445/Java 8 ubuntu-latest]   |  - Aggregated test and JaCoCo reports
[3cde19bb-5937-4c2d-b7fd-0c8ded43b445/Java 8 ubuntu-latest]   |  - Marking additional test source directories as tests in IntelliJ
[3cde19bb-5937-4c2d-b7fd-0c8ded43b445/Java 8 ubuntu-latest]   |  - Support for Adoptium JDKs in Java toolchains
[3cde19bb-5937-4c2d-b7fd-0c8ded43b445/Java 8 ubuntu-latest]   | 
[3cde19bb-5937-4c2d-b7fd-0c8ded43b445/Java 8 ubuntu-latest]   | For more details see https://docs.gradle.org/7.4.1/release-notes.html
[3cde19bb-5937-4c2d-b7fd-0c8ded43b445/Java 8 ubuntu-latest]   | 
[3cde19bb-5937-4c2d-b7fd-0c8ded43b445/Java 8 ubuntu-latest]   | Starting a Gradle Daemon (subsequent builds will be faster)
[3cde19bb-5937-4c2d-b7fd-0c8ded43b445/Java 8 ubuntu-latest]   | 
[3cde19bb-5937-4c2d-b7fd-0c8ded43b445/Java 8 ubuntu-latest]   | > Configure project :
[3cde19bb-5937-4c2d-b7fd-0c8ded43b445/Java 8 ubuntu-latest]   | Smithy Language Server version: '0.2.3'
[3cde19bb-5937-4c2d-b7fd-0c8ded43b445/Java 8 ubuntu-latest]   | 
[3cde19bb-5937-4c2d-b7fd-0c8ded43b445/Java 8 ubuntu-latest]   | > Task :clean UP-TO-DATE
[3cde19bb-5937-4c2d-b7fd-0c8ded43b445/Java 8 ubuntu-latest]   | 
[3cde19bb-5937-4c2d-b7fd-0c8ded43b445/Java 8 ubuntu-latest]   | > Task :compileJava
[3cde19bb-5937-4c2d-b7fd-0c8ded43b445/Java 8 ubuntu-latest]   | Note: Some input files use or override a deprecated API.
[3cde19bb-5937-4c2d-b7fd-0c8ded43b445/Java 8 ubuntu-latest]   | Note: Recompile with -Xlint:deprecation for details.
[3cde19bb-5937-4c2d-b7fd-0c8ded43b445/Java 8 ubuntu-latest]   | 
[3cde19bb-5937-4c2d-b7fd-0c8ded43b445/Java 8 ubuntu-latest]   | > Task :processResources
[3cde19bb-5937-4c2d-b7fd-0c8ded43b445/Java 8 ubuntu-latest]   | > Task :createProperties
[3cde19bb-5937-4c2d-b7fd-0c8ded43b445/Java 8 ubuntu-latest]   | > Task :classes
[3cde19bb-5937-4c2d-b7fd-0c8ded43b445/Java 8 ubuntu-latest]   | > Task :jar
[3cde19bb-5937-4c2d-b7fd-0c8ded43b445/Java 8 ubuntu-latest]   | > Task :startScripts
[3cde19bb-5937-4c2d-b7fd-0c8ded43b445/Java 8 ubuntu-latest]   | > Task :distTar
[3cde19bb-5937-4c2d-b7fd-0c8ded43b445/Java 8 ubuntu-latest]   | > Task :distZip
[3cde19bb-5937-4c2d-b7fd-0c8ded43b445/Java 8 ubuntu-latest]   | > Task :assemble
[3cde19bb-5937-4c2d-b7fd-0c8ded43b445/Java 8 ubuntu-latest]   | > Task :checkstyleMain
[3cde19bb-5937-4c2d-b7fd-0c8ded43b445/Java 8 ubuntu-latest]   | 
[3cde19bb-5937-4c2d-b7fd-0c8ded43b445/Java 8 ubuntu-latest]   | > Task :compileTestJava
[3cde19bb-5937-4c2d-b7fd-0c8ded43b445/Java 8 ubuntu-latest]   | Note: /tmp/7bd512a0-e832-4299-a722-5b92f9858673/src/test/java/software/amazon/smithy/lsp/SmithyTextDocumentServiceTest.java uses or overrides a deprecated API.
[3cde19bb-5937-4c2d-b7fd-0c8ded43b445/Java 8 ubuntu-latest]   | Note: Recompile with -Xlint:deprecation for details.
[3cde19bb-5937-4c2d-b7fd-0c8ded43b445/Java 8 ubuntu-latest]   | Note: /tmp/7bd512a0-e832-4299-a722-5b92f9858673/src/test/java/software/amazon/smithy/lsp/SmithyTextDocumentServiceTest.java uses unchecked or unsafe operations.
[3cde19bb-5937-4c2d-b7fd-0c8ded43b445/Java 8 ubuntu-latest]   | Note: Recompile with -Xlint:unchecked for details.
[3cde19bb-5937-4c2d-b7fd-0c8ded43b445/Java 8 ubuntu-latest]   | 
[3cde19bb-5937-4c2d-b7fd-0c8ded43b445/Java 8 ubuntu-latest]   | > Task :processTestResources
[3cde19bb-5937-4c2d-b7fd-0c8ded43b445/Java 8 ubuntu-latest]   | > Task :testClasses
[3cde19bb-5937-4c2d-b7fd-0c8ded43b445/Java 8 ubuntu-latest]   | > Task :checkstyleTest SKIPPED
[3cde19bb-5937-4c2d-b7fd-0c8ded43b445/Java 8 ubuntu-latest]   | 
[3cde19bb-5937-4c2d-b7fd-0c8ded43b445/Java 8 ubuntu-latest]   | > Task :test
[3cde19bb-5937-4c2d-b7fd-0c8ded43b445/Java 8 ubuntu-latest]   | 
[3cde19bb-5937-4c2d-b7fd-0c8ded43b445/Java 8 ubuntu-latest]   | software.amazon.smithy.lsp.SmithyInterfaceTest > loadModelWithDependencies PASSED
[3cde19bb-5937-4c2d-b7fd-0c8ded43b445/Java 8 ubuntu-latest]   | 
[3cde19bb-5937-4c2d-b7fd-0c8ded43b445/Java 8 ubuntu-latest]   | software.amazon.smithy.lsp.SmithyInterfaceTest > reloadingModelWithDependencies PASSED
[3cde19bb-5937-4c2d-b7fd-0c8ded43b445/Java 8 ubuntu-latest]   | 
[3cde19bb-5937-4c2d-b7fd-0c8ded43b445/Java 8 ubuntu-latest]   | software.amazon.smithy.lsp.SmithyInterfaceTest > removingDependency PASSED
[3cde19bb-5937-4c2d-b7fd-0c8ded43b445/Java 8 ubuntu-latest]   | 
[3cde19bb-5937-4c2d-b7fd-0c8ded43b445/Java 8 ubuntu-latest]   | software.amazon.smithy.lsp.SmithyInterfaceTest > runValidators PASSED
[3cde19bb-5937-4c2d-b7fd-0c8ded43b445/Java 8 ubuntu-latest]   | 
[3cde19bb-5937-4c2d-b7fd-0c8ded43b445/Java 8 ubuntu-latest]   | software.amazon.smithy.lsp.SmithyInterfaceTest > addingDependency PASSED
[3cde19bb-5937-4c2d-b7fd-0c8ded43b445/Java 8 ubuntu-latest]   | 
[3cde19bb-5937-4c2d-b7fd-0c8ded43b445/Java 8 ubuntu-latest]   | software.amazon.smithy.lsp.SmithyLanguageServerTest > initializeServer FAILED
[3cde19bb-5937-4c2d-b7fd-0c8ded43b445/Java 8 ubuntu-latest]   |     java.lang.AssertionError
[3cde19bb-5937-4c2d-b7fd-0c8ded43b445/Java 8 ubuntu-latest]   |         at org.junit.Assert.fail(Assert.java:87)
[3cde19bb-5937-4c2d-b7fd-0c8ded43b445/Java 8 ubuntu-latest]   |         at org.junit.Assert.assertTrue(Assert.java:42)
[3cde19bb-5937-4c2d-b7fd-0c8ded43b445/Java 8 ubuntu-latest]   |         at org.junit.Assert.assertFalse(Assert.java:65)
[3cde19bb-5937-4c2d-b7fd-0c8ded43b445/Java 8 ubuntu-latest]   |         at org.junit.Assert.assertFalse(Assert.java:75)
[3cde19bb-5937-4c2d-b7fd-0c8ded43b445/Java 8 ubuntu-latest]   |         at software.amazon.smithy.lsp.SmithyLanguageServerTest.initializeServer(SmithyLanguageServerTest.java:47)
[3cde19bb-5937-4c2d-b7fd-0c8ded43b445/Java 8 ubuntu-latest]   | 
[3cde19bb-5937-4c2d-b7fd-0c8ded43b445/Java 8 ubuntu-latest]   | software.amazon.smithy.lsp.SmithyLanguageServerTest > initializeWithTemporaryWorkspace PASSED
[3cde19bb-5937-4c2d-b7fd-0c8ded43b445/Java 8 ubuntu-latest]   | 
[3cde19bb-5937-4c2d-b7fd-0c8ded43b445/Java 8 ubuntu-latest]   | software.amazon.smithy.lsp.SmithyLanguageServerTest > lspLogCanBeEnabled PASSED
[3cde19bb-5937-4c2d-b7fd-0c8ded43b445/Java 8 ubuntu-latest]   | 
[3cde19bb-5937-4c2d-b7fd-0c8ded43b445/Java 8 ubuntu-latest]   | software.amazon.smithy.lsp.SmithyTextDocumentServiceTest > ensureVersionDiagnostic PASSED
[3cde19bb-5937-4c2d-b7fd-0c8ded43b445/Java 8 ubuntu-latest]   | 
[3cde19bb-5937-4c2d-b7fd-0c8ded43b445/Java 8 ubuntu-latest]   | software.amazon.smithy.lsp.SmithyTextDocumentServiceTest > handlingChanges PASSED
[3cde19bb-5937-4c2d-b7fd-0c8ded43b445/Java 8 ubuntu-latest]   | 
[3cde19bb-5937-4c2d-b7fd-0c8ded43b445/Java 8 ubuntu-latest]   | software.amazon.smithy.lsp.SmithyTextDocumentServiceTest > definitionsV1 PASSED
[3cde19bb-5937-4c2d-b7fd-0c8ded43b445/Java 8 ubuntu-latest]   | 
[3cde19bb-5937-4c2d-b7fd-0c8ded43b445/Java 8 ubuntu-latest]   | software.amazon.smithy.lsp.SmithyTextDocumentServiceTest > definitionsV2 PASSED
[3cde19bb-5937-4c2d-b7fd-0c8ded43b445/Java 8 ubuntu-latest]   | 
[3cde19bb-5937-4c2d-b7fd-0c8ded43b445/Java 8 ubuntu-latest]   | software.amazon.smithy.lsp.SmithyTextDocumentServiceTest > attributesDiagnosticsForUnknownTraits PASSED
[3cde19bb-5937-4c2d-b7fd-0c8ded43b445/Java 8 ubuntu-latest]   | 
[3cde19bb-5937-4c2d-b7fd-0c8ded43b445/Java 8 ubuntu-latest]   | software.amazon.smithy.lsp.SmithyTextDocumentServiceTest > correctlyAttributingDiagnostics PASSED
[3cde19bb-5937-4c2d-b7fd-0c8ded43b445/Java 8 ubuntu-latest]   | 
[3cde19bb-5937-4c2d-b7fd-0c8ded43b445/Java 8 ubuntu-latest]   | software.amazon.smithy.lsp.SmithyTextDocumentServiceTest > runSelectorV1 PASSED
[3cde19bb-5937-4c2d-b7fd-0c8ded43b445/Java 8 ubuntu-latest]   | 
[3cde19bb-5937-4c2d-b7fd-0c8ded43b445/Java 8 ubuntu-latest]   | software.amazon.smithy.lsp.SmithyTextDocumentServiceTest > runSelectorV2 PASSED
[3cde19bb-5937-4c2d-b7fd-0c8ded43b445/Java 8 ubuntu-latest]   | 
[3cde19bb-5937-4c2d-b7fd-0c8ded43b445/Java 8 ubuntu-latest]   | software.amazon.smithy.lsp.SmithyTextDocumentServiceTest > hoverOnBrokenShapeAppendsValidations PASSED
[3cde19bb-5937-4c2d-b7fd-0c8ded43b445/Java 8 ubuntu-latest]   | 
[3cde19bb-5937-4c2d-b7fd-0c8ded43b445/Java 8 ubuntu-latest]   | software.amazon.smithy.lsp.SmithyTextDocumentServiceTest > completionsV1 PASSED
[3cde19bb-5937-4c2d-b7fd-0c8ded43b445/Java 8 ubuntu-latest]   | 
[3cde19bb-5937-4c2d-b7fd-0c8ded43b445/Java 8 ubuntu-latest]   | software.amazon.smithy.lsp.SmithyTextDocumentServiceTest > completionsV2 PASSED
[3cde19bb-5937-4c2d-b7fd-0c8ded43b445/Java 8 ubuntu-latest]   | 
[3cde19bb-5937-4c2d-b7fd-0c8ded43b445/Java 8 ubuntu-latest]   | software.amazon.smithy.lsp.SmithyTextDocumentServiceTest > allowsHoverWhenThereAreUnknownTraits PASSED
[3cde19bb-5937-4c2d-b7fd-0c8ded43b445/Java 8 ubuntu-latest]   | 
[3cde19bb-5937-4c2d-b7fd-0c8ded43b445/Java 8 ubuntu-latest]   | software.amazon.smithy.lsp.SmithyTextDocumentServiceTest > hoverV1 PASSED
[3cde19bb-5937-4c2d-b7fd-0c8ded43b445/Java 8 ubuntu-latest]   | 
[3cde19bb-5937-4c2d-b7fd-0c8ded43b445/Java 8 ubuntu-latest]   | software.amazon.smithy.lsp.SmithyTextDocumentServiceTest > hoverV2 PASSED
[3cde19bb-5937-4c2d-b7fd-0c8ded43b445/Java 8 ubuntu-latest]   | 
[3cde19bb-5937-4c2d-b7fd-0c8ded43b445/Java 8 ubuntu-latest]   | software.amazon.smithy.lsp.SmithyTextDocumentServiceTest > allowsDefinitionWhenThereAreUnknownTraits PASSED
[3cde19bb-5937-4c2d-b7fd-0c8ded43b445/Java 8 ubuntu-latest]   | 
[3cde19bb-5937-4c2d-b7fd-0c8ded43b445/Java 8 ubuntu-latest]   | software.amazon.smithy.lsp.SmithyTextDocumentServiceTest > documentSymbols PASSED
[3cde19bb-5937-4c2d-b7fd-0c8ded43b445/Java 8 ubuntu-latest]   | 
[3cde19bb-5937-4c2d-b7fd-0c8ded43b445/Java 8 ubuntu-latest]   | software.amazon.smithy.lsp.SmithyTextDocumentServiceTest > runSelectorAgainstModelWithErrorsV1 PASSED
[3cde19bb-5937-4c2d-b7fd-0c8ded43b445/Java 8 ubuntu-latest]   | 
[3cde19bb-5937-4c2d-b7fd-0c8ded43b445/Java 8 ubuntu-latest]   | software.amazon.smithy.lsp.SmithyTextDocumentServiceTest > runSelectorAgainstModelWithErrorsV2 PASSED
[3cde19bb-5937-4c2d-b7fd-0c8ded43b445/Java 8 ubuntu-latest]   | 
[3cde19bb-5937-4c2d-b7fd-0c8ded43b445/Java 8 ubuntu-latest]   | software.amazon.smithy.lsp.SmithyTextDocumentServiceTest > sendingDiagnosticsToTheClient PASSED
[3cde19bb-5937-4c2d-b7fd-0c8ded43b445/Java 8 ubuntu-latest]   | 
[3cde19bb-5937-4c2d-b7fd-0c8ded43b445/Java 8 ubuntu-latest]   | software.amazon.smithy.lsp.SmithyVersionRefactoringTest > correctVersionCodeAction PASSED
[3cde19bb-5937-4c2d-b7fd-0c8ded43b445/Java 8 ubuntu-latest]   | 
[3cde19bb-5937-4c2d-b7fd-0c8ded43b445/Java 8 ubuntu-latest]   | software.amazon.smithy.lsp.SmithyVersionRefactoringTest > outdatedVersionCodeAction PASSED
[3cde19bb-5937-4c2d-b7fd-0c8ded43b445/Java 8 ubuntu-latest]   | 
[3cde19bb-5937-4c2d-b7fd-0c8ded43b445/Java 8 ubuntu-latest]   | software.amazon.smithy.lsp.SmithyVersionRefactoringTest > noVersionCodeAction PASSED
[3cde19bb-5937-4c2d-b7fd-0c8ded43b445/Java 8 ubuntu-latest]   | 
[3cde19bb-5937-4c2d-b7fd-0c8ded43b445/Java 8 ubuntu-latest]   | software.amazon.smithy.lsp.ext.CompletionsTest > resolveCurrentNamespace PASSED
[3cde19bb-5937-4c2d-b7fd-0c8ded43b445/Java 8 ubuntu-latest]   | 
[3cde19bb-5937-4c2d-b7fd-0c8ded43b445/Java 8 ubuntu-latest]   | software.amazon.smithy.lsp.ext.CompletionsTest > multiFileV1 PASSED
[3cde19bb-5937-4c2d-b7fd-0c8ded43b445/Java 8 ubuntu-latest]   | 
[3cde19bb-5937-4c2d-b7fd-0c8ded43b445/Java 8 ubuntu-latest]   | software.amazon.smithy.lsp.ext.CompletionsTest > multiFileV2 PASSED
[3cde19bb-5937-4c2d-b7fd-0c8ded43b445/Java 8 ubuntu-latest]   | 
[3cde19bb-5937-4c2d-b7fd-0c8ded43b445/Java 8 ubuntu-latest]   | software.amazon.smithy.lsp.ext.DocumentTest > detectPreambleV1 PASSED
[3cde19bb-5937-4c2d-b7fd-0c8ded43b445/Java 8 ubuntu-latest]   | 
[3cde19bb-5937-4c2d-b7fd-0c8ded43b445/Java 8 ubuntu-latest]   | software.amazon.smithy.lsp.ext.DocumentTest > detectPreambleV2 PASSED
[3cde19bb-5937-4c2d-b7fd-0c8ded43b445/Java 8 ubuntu-latest]   | 
[3cde19bb-5937-4c2d-b7fd-0c8ded43b445/Java 8 ubuntu-latest]   | software.amazon.smithy.lsp.ext.DocumentTest > detectPreambleWithMetadataWithoutVersionStatementBlankSeparated PASSED
[3cde19bb-5937-4c2d-b7fd-0c8ded43b445/Java 8 ubuntu-latest]   | 
[3cde19bb-5937-4c2d-b7fd-0c8ded43b445/Java 8 ubuntu-latest]   | software.amazon.smithy.lsp.ext.DocumentTest > detectPreambleWithMetadataAndVersion PASSED
[3cde19bb-5937-4c2d-b7fd-0c8ded43b445/Java 8 ubuntu-latest]   | 
[3cde19bb-5937-4c2d-b7fd-0c8ded43b445/Java 8 ubuntu-latest]   | software.amazon.smithy.lsp.ext.DocumentTest > detectPreambleWithoutVersionStatement PASSED
[3cde19bb-5937-4c2d-b7fd-0c8ded43b445/Java 8 ubuntu-latest]   | 
[3cde19bb-5937-4c2d-b7fd-0c8ded43b445/Java 8 ubuntu-latest]   | software.amazon.smithy.lsp.ext.DocumentTest > detectPreambleMajorIdlVersionOnly PASSED
[3cde19bb-5937-4c2d-b7fd-0c8ded43b445/Java 8 ubuntu-latest]   | 
[3cde19bb-5937-4c2d-b7fd-0c8ded43b445/Java 8 ubuntu-latest]   | software.amazon.smithy.lsp.ext.DocumentTest > detectPreambleNonBlankSeparated PASSED
[3cde19bb-5937-4c2d-b7fd-0c8ded43b445/Java 8 ubuntu-latest]   | 
[3cde19bb-5937-4c2d-b7fd-0c8ded43b445/Java 8 ubuntu-latest]   | software.amazon.smithy.lsp.ext.DocumentTest > detectPreambleWithoutMetadataOrVersionStatement PASSED
[3cde19bb-5937-4c2d-b7fd-0c8ded43b445/Java 8 ubuntu-latest]   | 
[3cde19bb-5937-4c2d-b7fd-0c8ded43b445/Java 8 ubuntu-latest]   | software.amazon.smithy.lsp.ext.DocumentTest > detectPreambleWithMetadataWithoutVersionStatement PASSED
[3cde19bb-5937-4c2d-b7fd-0c8ded43b445/Java 8 ubuntu-latest]   | 
[3cde19bb-5937-4c2d-b7fd-0c8ded43b445/Java 8 ubuntu-latest]   | software.amazon.smithy.lsp.ext.DocumentTest > detectPreambleWithoutUseStatements PASSED
[3cde19bb-5937-4c2d-b7fd-0c8ded43b445/Java 8 ubuntu-latest]   | 
[3cde19bb-5937-4c2d-b7fd-0c8ded43b445/Java 8 ubuntu-latest]   | software.amazon.smithy.lsp.ext.ProtocolAdapterTests > addIdToDiagnostic PASSED
[3cde19bb-5937-4c2d-b7fd-0c8ded43b445/Java 8 ubuntu-latest]   | 
[3cde19bb-5937-4c2d-b7fd-0c8ded43b445/Java 8 ubuntu-latest]   | software.amazon.smithy.lsp.ext.SmithyBuildExtensionsTest > preferMavenConfig PASSED
[3cde19bb-5937-4c2d-b7fd-0c8ded43b445/Java 8 ubuntu-latest]   | 
[3cde19bb-5937-4c2d-b7fd-0c8ded43b445/Java 8 ubuntu-latest]   | software.amazon.smithy.lsp.ext.SmithyBuildExtensionsTest > parsingSmithyBuildFromString PASSED
[3cde19bb-5937-4c2d-b7fd-0c8ded43b445/Java 8 ubuntu-latest]   | 
[3cde19bb-5937-4c2d-b7fd-0c8ded43b445/Java 8 ubuntu-latest]   | software.amazon.smithy.lsp.ext.SmithyBuildExtensionsTest > parsingSmithyBuildFromStringWithDeprecatedKeys PASSED
[3cde19bb-5937-4c2d-b7fd-0c8ded43b445/Java 8 ubuntu-latest]   | 
[3cde19bb-5937-4c2d-b7fd-0c8ded43b445/Java 8 ubuntu-latest]   | software.amazon.smithy.lsp.ext.SmithyBuildExtensionsTest > merging PASSED
[3cde19bb-5937-4c2d-b7fd-0c8ded43b445/Java 8 ubuntu-latest]   | 
[3cde19bb-5937-4c2d-b7fd-0c8ded43b445/Java 8 ubuntu-latest]   | software.amazon.smithy.lsp.ext.SmithyBuildExtensionsTest > partialParsing PASSED
[3cde19bb-5937-4c2d-b7fd-0c8ded43b445/Java 8 ubuntu-latest]   | 
[3cde19bb-5937-4c2d-b7fd-0c8ded43b445/Java 8 ubuntu-latest]   | software.amazon.smithy.lsp.ext.SmithyBuildLoaderTest > mergesSmithyBuildConfigWhenLoading STANDARD_ERROR
[3cde19bb-5937-4c2d-b7fd-0c8ded43b445/Java 8 ubuntu-latest]   |     Nov 23, 2023 5:10:19 PM software.amazon.smithy.model.node.NodeMapper$WhenMissing$2 handle
[3cde19bb-5937-4c2d-b7fd-0c8ded43b445/Java 8 ubuntu-latest]   |     WARNING: Deserialization error at (/) /tmp/7bd512a0-e832-4299-a722-5b92f9858673/build/resources/test/software/amazon/smithy/lsp/ext/config-with-env.json [2, 16]: unable to find setter method for `version` on software.amazon.smithy.lsp.ext.model.SmithyBuildExtensions$Builder
[3cde19bb-5937-4c2d-b7fd-0c8ded43b445/Java 8 ubuntu-latest]   | 
[3cde19bb-5937-4c2d-b7fd-0c8ded43b445/Java 8 ubuntu-latest]   | software.amazon.smithy.lsp.ext.SmithyBuildLoaderTest > mergesSmithyBuildConfigWhenLoading PASSED
[3cde19bb-5937-4c2d-b7fd-0c8ded43b445/Java 8 ubuntu-latest]   | 
[3cde19bb-5937-4c2d-b7fd-0c8ded43b445/Java 8 ubuntu-latest]   | software.amazon.smithy.lsp.ext.SmithyProjectTest > definitionLocationsV1 PASSED
[3cde19bb-5937-4c2d-b7fd-0c8ded43b445/Java 8 ubuntu-latest]   | 
[3cde19bb-5937-4c2d-b7fd-0c8ded43b445/Java 8 ubuntu-latest]   | software.amazon.smithy.lsp.ext.SmithyProjectTest > definitionLocationsV2 PASSED
[3cde19bb-5937-4c2d-b7fd-0c8ded43b445/Java 8 ubuntu-latest]   | 
[3cde19bb-5937-4c2d-b7fd-0c8ded43b445/Java 8 ubuntu-latest]   | software.amazon.smithy.lsp.ext.SmithyProjectTest > defaultsToMavenCentral PASSED
[3cde19bb-5937-4c2d-b7fd-0c8ded43b445/Java 8 ubuntu-latest]   | 
[3cde19bb-5937-4c2d-b7fd-0c8ded43b445/Java 8 ubuntu-latest]   | software.amazon.smithy.lsp.ext.SmithyProjectTest > ableToLoadWithUnknownTrait PASSED
[3cde19bb-5937-4c2d-b7fd-0c8ded43b445/Java 8 ubuntu-latest]   | 
[3cde19bb-5937-4c2d-b7fd-0c8ded43b445/Java 8 ubuntu-latest]   | software.amazon.smithy.lsp.ext.SmithyProjectTest > respectingEmptyConfig PASSED
[3cde19bb-5937-4c2d-b7fd-0c8ded43b445/Java 8 ubuntu-latest]   | 
[3cde19bb-5937-4c2d-b7fd-0c8ded43b445/Java 8 ubuntu-latest]   | software.amazon.smithy.lsp.ext.SmithyProjectTest > respectingImports PASSED
[3cde19bb-5937-4c2d-b7fd-0c8ded43b445/Java 8 ubuntu-latest]   | 
[3cde19bb-5937-4c2d-b7fd-0c8ded43b445/Java 8 ubuntu-latest]   | software.amazon.smithy.lsp.ext.SmithyProjectTest > allowsEmptyStructsWithMixins PASSED
[3cde19bb-5937-4c2d-b7fd-0c8ded43b445/Java 8 ubuntu-latest]   | 
[3cde19bb-5937-4c2d-b7fd-0c8ded43b445/Java 8 ubuntu-latest]   | software.amazon.smithy.lsp.ext.SmithyProjectTest > handlesSameOperationNameBetweenNamespaces PASSED
[3cde19bb-5937-4c2d-b7fd-0c8ded43b445/Java 8 ubuntu-latest]   | 
[3cde19bb-5937-4c2d-b7fd-0c8ded43b445/Java 8 ubuntu-latest]   | software.amazon.smithy.lsp.ext.SmithyProjectTest > cachesExternalJars PASSED
[3cde19bb-5937-4c2d-b7fd-0c8ded43b445/Java 8 ubuntu-latest]   | 
[3cde19bb-5937-4c2d-b7fd-0c8ded43b445/Java 8 ubuntu-latest]   | software.amazon.smithy.lsp.ext.SmithyProjectTest > definitionLocationsEmptySourceLocationsOnTraitV1 PASSED
[3cde19bb-5937-4c2d-b7fd-0c8ded43b445/Java 8 ubuntu-latest]   | 
[3cde19bb-5937-4c2d-b7fd-0c8ded43b445/Java 8 ubuntu-latest]   | software.amazon.smithy.lsp.ext.SmithyProjectTest > definitionLocationsEmptySourceLocationsOnTraitV2 PASSED
[3cde19bb-5937-4c2d-b7fd-0c8ded43b445/Java 8 ubuntu-latest]   | 
[3cde19bb-5937-4c2d-b7fd-0c8ded43b445/Java 8 ubuntu-latest]   | software.amazon.smithy.lsp.ext.SmithyProjectTest > ignoresUnmodeledApplyStatements PASSED
[3cde19bb-5937-4c2d-b7fd-0c8ded43b445/Java 8 ubuntu-latest]   | 
[3cde19bb-5937-4c2d-b7fd-0c8ded43b445/Java 8 ubuntu-latest]   | software.amazon.smithy.lsp.ext.SmithyProjectTest > shapeIdFromLocationV1 PASSED
[3cde19bb-5937-4c2d-b7fd-0c8ded43b445/Java 8 ubuntu-latest]   | 
[3cde19bb-5937-4c2d-b7fd-0c8ded43b445/Java 8 ubuntu-latest]   | software.amazon.smithy.lsp.ext.SmithyProjectTest > shapeIdFromLocationV2 PASSED
[3cde19bb-5937-4c2d-b7fd-0c8ded43b445/Java 8 ubuntu-latest]   | 
[3cde19bb-5937-4c2d-b7fd-0c8ded43b445/Java 8 ubuntu-latest]   | 64 tests completed, 1 failed
[3cde19bb-5937-4c2d-b7fd-0c8ded43b445/Java 8 ubuntu-latest]   | 
[3cde19bb-5937-4c2d-b7fd-0c8ded43b445/Java 8 ubuntu-latest]   | > Task :test FAILED
[3cde19bb-5937-4c2d-b7fd-0c8ded43b445/Java 8 ubuntu-latest]   | 
[3cde19bb-5937-4c2d-b7fd-0c8ded43b445/Java 8 ubuntu-latest]   | FAILURE: Build failed with an exception.
[3cde19bb-5937-4c2d-b7fd-0c8ded43b445/Java 8 ubuntu-latest]   | 
[3cde19bb-5937-4c2d-b7fd-0c8ded43b445/Java 8 ubuntu-latest]   | * What went wrong:
[3cde19bb-5937-4c2d-b7fd-0c8ded43b445/Java 8 ubuntu-latest]   | Execution failed for task ':test'.
[3cde19bb-5937-4c2d-b7fd-0c8ded43b445/Java 8 ubuntu-latest]   | > There were failing tests. See the report at: file:///tmp/7bd512a0-e832-4299-a722-5b92f9858673/build/reports/tests/test/index.html
[3cde19bb-5937-4c2d-b7fd-0c8ded43b445/Java 8 ubuntu-latest]   | 
[3cde19bb-5937-4c2d-b7fd-0c8ded43b445/Java 8 ubuntu-latest]   | * Try:
[3cde19bb-5937-4c2d-b7fd-0c8ded43b445/Java 8 ubuntu-latest]   | > Run with --stacktrace option to get the stack trace.
[3cde19bb-5937-4c2d-b7fd-0c8ded43b445/Java 8 ubuntu-latest]   | > Run with --info or --debug option to get more log output.
[3cde19bb-5937-4c2d-b7fd-0c8ded43b445/Java 8 ubuntu-latest]   | > Run with --scan to get full insights.
[3cde19bb-5937-4c2d-b7fd-0c8ded43b445/Java 8 ubuntu-latest]   | 
[3cde19bb-5937-4c2d-b7fd-0c8ded43b445/Java 8 ubuntu-latest]   | * Get more help at https://help.gradle.org
[3cde19bb-5937-4c2d-b7fd-0c8ded43b445/Java 8 ubuntu-latest]   | 
[3cde19bb-5937-4c2d-b7fd-0c8ded43b445/Java 8 ubuntu-latest]   | BUILD FAILED in 1m 9s
[3cde19bb-5937-4c2d-b7fd-0c8ded43b445/Java 8 ubuntu-latest]   | 
[3cde19bb-5937-4c2d-b7fd-0c8ded43b445/Java 8 ubuntu-latest]   | Deprecated Gradle features were used in this build, making it incompatible with Gradle 8.0.
[3cde19bb-5937-4c2d-b7fd-0c8ded43b445/Java 8 ubuntu-latest]   | 
[3cde19bb-5937-4c2d-b7fd-0c8ded43b445/Java 8 ubuntu-latest]   | You can use '--warning-mode all' to show the individual deprecation warnings and determine if they come from your own scripts or plugins.
[3cde19bb-5937-4c2d-b7fd-0c8ded43b445/Java 8 ubuntu-latest]   | 
[3cde19bb-5937-4c2d-b7fd-0c8ded43b445/Java 8 ubuntu-latest]   | See https://docs.gradle.org/7.4.1/userguide/command_line_interface.html#sec:command_line_warnings
[3cde19bb-5937-4c2d-b7fd-0c8ded43b445/Java 8 ubuntu-latest]   | 12 actionable tasks: 11 executed, 1 up-to-date
[3cde19bb-5937-4c2d-b7fd-0c8ded43b445/Java 8 ubuntu-latest]   âŒ  Failure - Main Clean and build
[3cde19bb-5937-4c2d-b7fd-0c8ded43b445/Java 8 ubuntu-latest] exitcode '1': failure
[3cde19bb-5937-4c2d-b7fd-0c8ded43b445/Java 8 ubuntu-latest] unable to get git ref: failed to identify reference (tag/branch) for the checked-out revision 'c7b6cb3bf35ed7abaa6bf1b660d2ad89c0c26361'
[3cde19bb-5937-4c2d-b7fd-0c8ded43b445/Java 8 ubuntu-latest] unable to get git ref: failed to identify reference (tag/branch) for the checked-out revision 'c7b6cb3bf35ed7abaa6bf1b660d2ad89c0c26361'
[3cde19bb-5937-4c2d-b7fd-0c8ded43b445/Java 8 ubuntu-latest] unable to get git ref: failed to identify reference (tag/branch) for the checked-out revision 'c7b6cb3bf35ed7abaa6bf1b660d2ad89c0c26361'
[3cde19bb-5937-4c2d-b7fd-0c8ded43b445/Java 8 ubuntu-latest] unable to get git ref: failed to identify reference (tag/branch) for the checked-out revision 'c7b6cb3bf35ed7abaa6bf1b660d2ad89c0c26361'
[3cde19bb-5937-4c2d-b7fd-0c8ded43b445/Java 8 ubuntu-latest] unable to get git ref: failed to identify reference (tag/branch) for the checked-out revision 'c7b6cb3bf35ed7abaa6bf1b660d2ad89c0c26361'
[3cde19bb-5937-4c2d-b7fd-0c8ded43b445/Java 8 ubuntu-latest] â­ Run Post Set up JDK 8
[3cde19bb-5937-4c2d-b7fd-0c8ded43b445/Java 8 ubuntu-latest]   ğŸ³  docker exec cmd=[node /var/run/act/actions/actions-setup-java@v1/dist/cleanup/index.js] user= workdir=
[3cde19bb-5937-4c2d-b7fd-0c8ded43b445/Java 8 ubuntu-latest]   âœ…  Success - Post Set up JDK 8
[3cde19bb-5937-4c2d-b7fd-0c8ded43b445/Java 8 ubuntu-latest] ğŸ  Job failed
[3cde19bb-5937-4c2d-b7fd-0c8ded43b445/Java 8 ubuntu-latest] unable to get git ref: failed to identify reference (tag/branch) for the checked-out revision 'c7b6cb3bf35ed7abaa6bf1b660d2ad89c0c26361'
