[856b02c1-8861-4fc8-9c1d-9b33541d87a7/Build] üöÄ  Start image=crawlergpt:latest
[856b02c1-8861-4fc8-9c1d-9b33541d87a7/Build]   üê≥  docker pull image=crawlergpt:latest platform= username= forcePull=false
[856b02c1-8861-4fc8-9c1d-9b33541d87a7/Build]   üê≥  docker create image=crawlergpt:latest platform= entrypoint=["tail" "-f" "/dev/null"] cmd=[]
[856b02c1-8861-4fc8-9c1d-9b33541d87a7/Build]   üê≥  docker run image=crawlergpt:latest platform= entrypoint=["tail" "-f" "/dev/null"] cmd=[]
[856b02c1-8861-4fc8-9c1d-9b33541d87a7/Build]   üê≥  docker exec cmd=[chown -R 1012:1013 /tmp/c003bc15-4795-4865-9aa0-3f767957722e] user=0 workdir=
[856b02c1-8861-4fc8-9c1d-9b33541d87a7/Build] unable to get git ref: failed to identify reference (tag/branch) for the checked-out revision '0294434d2cc14317bbc4dd71c9b522c7e4a62062'
[856b02c1-8861-4fc8-9c1d-9b33541d87a7/Build] unable to get git ref: failed to identify reference (tag/branch) for the checked-out revision '0294434d2cc14317bbc4dd71c9b522c7e4a62062'
[856b02c1-8861-4fc8-9c1d-9b33541d87a7/Build] unable to get git ref: failed to identify reference (tag/branch) for the checked-out revision '0294434d2cc14317bbc4dd71c9b522c7e4a62062'
[856b02c1-8861-4fc8-9c1d-9b33541d87a7/Build] unable to get git ref: failed to identify reference (tag/branch) for the checked-out revision '0294434d2cc14317bbc4dd71c9b522c7e4a62062'
[856b02c1-8861-4fc8-9c1d-9b33541d87a7/Build] unable to get git ref: failed to identify reference (tag/branch) for the checked-out revision '0294434d2cc14317bbc4dd71c9b522c7e4a62062'
[856b02c1-8861-4fc8-9c1d-9b33541d87a7/Build] üß™  Matrix: map[java-version:11]
[856b02c1-8861-4fc8-9c1d-9b33541d87a7/Build] unable to get git ref: failed to identify reference (tag/branch) for the checked-out revision '0294434d2cc14317bbc4dd71c9b522c7e4a62062'
[856b02c1-8861-4fc8-9c1d-9b33541d87a7/Build] unable to get git ref: failed to identify reference (tag/branch) for the checked-out revision '0294434d2cc14317bbc4dd71c9b522c7e4a62062'
[856b02c1-8861-4fc8-9c1d-9b33541d87a7/Build] unable to get git ref: failed to identify reference (tag/branch) for the checked-out revision '0294434d2cc14317bbc4dd71c9b522c7e4a62062'
[856b02c1-8861-4fc8-9c1d-9b33541d87a7/Build] unable to get git ref: failed to identify reference (tag/branch) for the checked-out revision '0294434d2cc14317bbc4dd71c9b522c7e4a62062'
[856b02c1-8861-4fc8-9c1d-9b33541d87a7/Build] unable to get git ref: failed to identify reference (tag/branch) for the checked-out revision '0294434d2cc14317bbc4dd71c9b522c7e4a62062'
[856b02c1-8861-4fc8-9c1d-9b33541d87a7/Build] unable to get git ref: failed to identify reference (tag/branch) for the checked-out revision '0294434d2cc14317bbc4dd71c9b522c7e4a62062'
[856b02c1-8861-4fc8-9c1d-9b33541d87a7/Build] ‚≠ê Run Main actions/checkout@v3
[856b02c1-8861-4fc8-9c1d-9b33541d87a7/Build] unable to get git ref: failed to identify reference (tag/branch) for the checked-out revision '0294434d2cc14317bbc4dd71c9b522c7e4a62062'
[856b02c1-8861-4fc8-9c1d-9b33541d87a7/Build]   ‚úÖ  Success - Main actions/checkout@v3
[856b02c1-8861-4fc8-9c1d-9b33541d87a7/Build] unable to get git ref: failed to identify reference (tag/branch) for the checked-out revision '0294434d2cc14317bbc4dd71c9b522c7e4a62062'
[856b02c1-8861-4fc8-9c1d-9b33541d87a7/Build] unable to get git ref: failed to identify reference (tag/branch) for the checked-out revision '0294434d2cc14317bbc4dd71c9b522c7e4a62062'
[856b02c1-8861-4fc8-9c1d-9b33541d87a7/Build] unable to get git ref: failed to identify reference (tag/branch) for the checked-out revision '0294434d2cc14317bbc4dd71c9b522c7e4a62062'
[856b02c1-8861-4fc8-9c1d-9b33541d87a7/Build] unable to get git ref: failed to identify reference (tag/branch) for the checked-out revision '0294434d2cc14317bbc4dd71c9b522c7e4a62062'
[856b02c1-8861-4fc8-9c1d-9b33541d87a7/Build] unable to get git ref: failed to identify reference (tag/branch) for the checked-out revision '0294434d2cc14317bbc4dd71c9b522c7e4a62062'
[856b02c1-8861-4fc8-9c1d-9b33541d87a7/Build] ‚≠ê Run Main Set up JDK 11
[856b02c1-8861-4fc8-9c1d-9b33541d87a7/Build] unable to get git ref: failed to identify reference (tag/branch) for the checked-out revision '0294434d2cc14317bbc4dd71c9b522c7e4a62062'
[856b02c1-8861-4fc8-9c1d-9b33541d87a7/Build] unable to get git ref: failed to identify reference (tag/branch) for the checked-out revision '0294434d2cc14317bbc4dd71c9b522c7e4a62062'
[856b02c1-8861-4fc8-9c1d-9b33541d87a7/Build] unable to get git ref: failed to identify reference (tag/branch) for the checked-out revision '0294434d2cc14317bbc4dd71c9b522c7e4a62062'
[856b02c1-8861-4fc8-9c1d-9b33541d87a7/Build]   üê≥  docker cp src=/tmp/act-cache/43347392-7f7c-452c-b6d5-8e81a970fb15/act/actions-setup-java@v3/ dst=/var/run/act/actions/actions-setup-java@v3/
[856b02c1-8861-4fc8-9c1d-9b33541d87a7/Build]   üê≥  docker exec cmd=[chown -R 1012:1013 /var/run/act/actions/actions-setup-java@v3/] user=0 workdir=
[856b02c1-8861-4fc8-9c1d-9b33541d87a7/Build]   üê≥  docker exec cmd=[node /var/run/act/actions/actions-setup-java@v3/dist/setup/index.js] user= workdir=
[856b02c1-8861-4fc8-9c1d-9b33541d87a7/Build]   ‚ùì  ::group::Installed distributions
[856b02c1-8861-4fc8-9c1d-9b33541d87a7/Build]   | Trying to resolve the latest version from remote
[856b02c1-8861-4fc8-9c1d-9b33541d87a7/Build]   | Resolved latest version as 11.0.19+7
[856b02c1-8861-4fc8-9c1d-9b33541d87a7/Build]   | Trying to download...
[856b02c1-8861-4fc8-9c1d-9b33541d87a7/Build]   | Downloading Java 11.0.19+7 (Temurin-Hotspot) from https://github.com/adoptium/temurin11-binaries/releases/download/jdk-11.0.19%2B7/OpenJDK11U-jdk_x64_linux_hotspot_11.0.19_7.tar.gz ...
[856b02c1-8861-4fc8-9c1d-9b33541d87a7/Build]   üí¨  ::debug::Downloading https://github.com/adoptium/temurin11-binaries/releases/download/jdk-11.0.19%252B7/OpenJDK11U-jdk_x64_linux_hotspot_11.0.19_7.tar.gz
[856b02c1-8861-4fc8-9c1d-9b33541d87a7/Build]   üí¨  ::debug::Destination /tmp/3787638f-1dd6-424b-951b-c7e47302753b
[856b02c1-8861-4fc8-9c1d-9b33541d87a7/Build]   üí¨  ::debug::download complete
[856b02c1-8861-4fc8-9c1d-9b33541d87a7/Build]   | Extracting Java archive...
[856b02c1-8861-4fc8-9c1d-9b33541d87a7/Build]   üí¨  ::debug::Checking tar --version
[856b02c1-8861-4fc8-9c1d-9b33541d87a7/Build]   üí¨  ::debug::tar (GNU tar) 1.30%0ACopyright (C) 2017 Free Software Foundation, Inc.%0ALicense GPLv3+: GNU GPL version 3 or later <https://gnu.org/licenses/gpl.html>.%0AThis is free software: you are free to change and redistribute it.%0AThere is NO WARRANTY, to the extent permitted by law.%0A%0AWritten by John Gilmore and Jay Fenlason.
[856b02c1-8861-4fc8-9c1d-9b33541d87a7/Build]   | [command]/usr/bin/tar xz --warning=no-unknown-keyword -C /tmp/13ee2a39-2ecf-4148-aebb-7b18c93fcac4 -f /tmp/3787638f-1dd6-424b-951b-c7e47302753b
[856b02c1-8861-4fc8-9c1d-9b33541d87a7/Build]   üí¨  ::debug::Caching tool Java_Temurin-Hotspot_jdk 11.0.19-7 x64
[856b02c1-8861-4fc8-9c1d-9b33541d87a7/Build]   üí¨  ::debug::source dir: /tmp/13ee2a39-2ecf-4148-aebb-7b18c93fcac4/jdk-11.0.19+7
[856b02c1-8861-4fc8-9c1d-9b33541d87a7/Build]   üí¨  ::debug::destination /opt/hostedtoolcache/Java_Temurin-Hotspot_jdk/11.0.19-7/x64
[856b02c1-8861-4fc8-9c1d-9b33541d87a7/Build]   üí¨  ::debug::finished caching tool
[856b02c1-8861-4fc8-9c1d-9b33541d87a7/Build]   | Java 11.0.19+7 was downloaded
[856b02c1-8861-4fc8-9c1d-9b33541d87a7/Build]   | Setting Java 11.0.19+7 as the default
[856b02c1-8861-4fc8-9c1d-9b33541d87a7/Build]   | Creating toolchains.xml for JDK version 11 from temurin
[856b02c1-8861-4fc8-9c1d-9b33541d87a7/Build]   | Writing to /home/runneradmin/.m2/toolchains.xml
[856b02c1-8861-4fc8-9c1d-9b33541d87a7/Build]   | 
[856b02c1-8861-4fc8-9c1d-9b33541d87a7/Build]   | Java configuration:
[856b02c1-8861-4fc8-9c1d-9b33541d87a7/Build]   |   Distribution: temurin
[856b02c1-8861-4fc8-9c1d-9b33541d87a7/Build]   |   Version: 11.0.19+7
[856b02c1-8861-4fc8-9c1d-9b33541d87a7/Build]   |   Path: /opt/hostedtoolcache/Java_Temurin-Hotspot_jdk/11.0.19-7/x64
[856b02c1-8861-4fc8-9c1d-9b33541d87a7/Build]   | 
[856b02c1-8861-4fc8-9c1d-9b33541d87a7/Build]   ‚ùì  ::endgroup::
[856b02c1-8861-4fc8-9c1d-9b33541d87a7/Build]   ‚ùì add-matcher /run/act/actions/actions-setup-java@v3/.github/java.json
[856b02c1-8861-4fc8-9c1d-9b33541d87a7/Build]   | Creating settings.xml with server-id: github
[856b02c1-8861-4fc8-9c1d-9b33541d87a7/Build]   | Writing to /home/runneradmin/.m2/settings.xml
[856b02c1-8861-4fc8-9c1d-9b33541d87a7/Build]   üöß  ::warning::The runner was not able to contact the cache service. Caching will be skipped
[856b02c1-8861-4fc8-9c1d-9b33541d87a7/Build]   ‚úÖ  Success - Main Set up JDK 11
[856b02c1-8861-4fc8-9c1d-9b33541d87a7/Build]   ‚öô  ::set-env:: JAVA_HOME=/opt/hostedtoolcache/Java_Temurin-Hotspot_jdk/11.0.19-7/x64
[856b02c1-8861-4fc8-9c1d-9b33541d87a7/Build]   ‚öô  ::set-env:: JAVA_HOME_11_X64=/opt/hostedtoolcache/Java_Temurin-Hotspot_jdk/11.0.19-7/x64
[856b02c1-8861-4fc8-9c1d-9b33541d87a7/Build]   ‚öô  ::set-output:: distribution=Temurin-Hotspot
[856b02c1-8861-4fc8-9c1d-9b33541d87a7/Build]   ‚öô  ::set-output:: path=/opt/hostedtoolcache/Java_Temurin-Hotspot_jdk/11.0.19-7/x64
[856b02c1-8861-4fc8-9c1d-9b33541d87a7/Build]   ‚öô  ::set-output:: version=11.0.19+7
[856b02c1-8861-4fc8-9c1d-9b33541d87a7/Build]   ‚öô  ::add-path:: /opt/hostedtoolcache/Java_Temurin-Hotspot_jdk/11.0.19-7/x64/bin
[856b02c1-8861-4fc8-9c1d-9b33541d87a7/Build] unable to get git ref: failed to identify reference (tag/branch) for the checked-out revision '0294434d2cc14317bbc4dd71c9b522c7e4a62062'
[856b02c1-8861-4fc8-9c1d-9b33541d87a7/Build] unable to get git ref: failed to identify reference (tag/branch) for the checked-out revision '0294434d2cc14317bbc4dd71c9b522c7e4a62062'
[856b02c1-8861-4fc8-9c1d-9b33541d87a7/Build] unable to get git ref: failed to identify reference (tag/branch) for the checked-out revision '0294434d2cc14317bbc4dd71c9b522c7e4a62062'
[856b02c1-8861-4fc8-9c1d-9b33541d87a7/Build] unable to get git ref: failed to identify reference (tag/branch) for the checked-out revision '0294434d2cc14317bbc4dd71c9b522c7e4a62062'
[856b02c1-8861-4fc8-9c1d-9b33541d87a7/Build] unable to get git ref: failed to identify reference (tag/branch) for the checked-out revision '0294434d2cc14317bbc4dd71c9b522c7e4a62062'
[856b02c1-8861-4fc8-9c1d-9b33541d87a7/Build] ‚≠ê Run Main Cache SonarCloud packages
[856b02c1-8861-4fc8-9c1d-9b33541d87a7/Build] unable to get git ref: failed to identify reference (tag/branch) for the checked-out revision '0294434d2cc14317bbc4dd71c9b522c7e4a62062'
[856b02c1-8861-4fc8-9c1d-9b33541d87a7/Build] unable to get git ref: failed to identify reference (tag/branch) for the checked-out revision '0294434d2cc14317bbc4dd71c9b522c7e4a62062'
[856b02c1-8861-4fc8-9c1d-9b33541d87a7/Build] unable to get git ref: failed to identify reference (tag/branch) for the checked-out revision '0294434d2cc14317bbc4dd71c9b522c7e4a62062'
[856b02c1-8861-4fc8-9c1d-9b33541d87a7/Build]   üê≥  docker cp src=/tmp/act-cache/43347392-7f7c-452c-b6d5-8e81a970fb15/act/actions-cache@v3/ dst=/var/run/act/actions/actions-cache@v3/
[856b02c1-8861-4fc8-9c1d-9b33541d87a7/Build]   üê≥  docker exec cmd=[chown -R 1012:1013 /var/run/act/actions/actions-cache@v3/] user=0 workdir=
[856b02c1-8861-4fc8-9c1d-9b33541d87a7/Build]   üê≥  docker exec cmd=[node /var/run/act/actions/actions-cache@v3/dist/restore/index.js] user= workdir=
[856b02c1-8861-4fc8-9c1d-9b33541d87a7/Build]   | [warning]An internal error has occurred in cache backend. Please check https://www.githubstatus.com/ for any ongoing issue in actions.
[856b02c1-8861-4fc8-9c1d-9b33541d87a7/Build]   ‚úÖ  Success - Main Cache SonarCloud packages
[856b02c1-8861-4fc8-9c1d-9b33541d87a7/Build]   ‚öô  ::set-output:: cache-hit=false
[856b02c1-8861-4fc8-9c1d-9b33541d87a7/Build] unable to get git ref: failed to identify reference (tag/branch) for the checked-out revision '0294434d2cc14317bbc4dd71c9b522c7e4a62062'
[856b02c1-8861-4fc8-9c1d-9b33541d87a7/Build] unable to get git ref: failed to identify reference (tag/branch) for the checked-out revision '0294434d2cc14317bbc4dd71c9b522c7e4a62062'
[856b02c1-8861-4fc8-9c1d-9b33541d87a7/Build] unable to get git ref: failed to identify reference (tag/branch) for the checked-out revision '0294434d2cc14317bbc4dd71c9b522c7e4a62062'
[856b02c1-8861-4fc8-9c1d-9b33541d87a7/Build] unable to get git ref: failed to identify reference (tag/branch) for the checked-out revision '0294434d2cc14317bbc4dd71c9b522c7e4a62062'
[856b02c1-8861-4fc8-9c1d-9b33541d87a7/Build] unable to get git ref: failed to identify reference (tag/branch) for the checked-out revision '0294434d2cc14317bbc4dd71c9b522c7e4a62062'
[856b02c1-8861-4fc8-9c1d-9b33541d87a7/Build] ‚≠ê Run Main Build and check
[856b02c1-8861-4fc8-9c1d-9b33541d87a7/Build] unable to get git ref: failed to identify reference (tag/branch) for the checked-out revision '0294434d2cc14317bbc4dd71c9b522c7e4a62062'
[856b02c1-8861-4fc8-9c1d-9b33541d87a7/Build] unable to get git ref: failed to identify reference (tag/branch) for the checked-out revision '0294434d2cc14317bbc4dd71c9b522c7e4a62062'
[856b02c1-8861-4fc8-9c1d-9b33541d87a7/Build] unable to get git ref: failed to identify reference (tag/branch) for the checked-out revision '0294434d2cc14317bbc4dd71c9b522c7e4a62062'
[856b02c1-8861-4fc8-9c1d-9b33541d87a7/Build] unable to get git ref: failed to identify reference (tag/branch) for the checked-out revision '0294434d2cc14317bbc4dd71c9b522c7e4a62062'
[856b02c1-8861-4fc8-9c1d-9b33541d87a7/Build]   üê≥  docker exec cmd=[bash --noprofile --norc -e -o pipefail /var/run/act/workflow/3] user= workdir=
[856b02c1-8861-4fc8-9c1d-9b33541d87a7/Build]   | Downloading https://services.gradle.org/distributions/gradle-7.4.2-bin.zip
[856b02c1-8861-4fc8-9c1d-9b33541d87a7/Build]   | ...........10%...........20%...........30%...........40%...........50%...........60%...........70%...........80%...........90%...........100%
[856b02c1-8861-4fc8-9c1d-9b33541d87a7/Build]   | Initialized native services in: /home/runneradmin/.gradle/native
[856b02c1-8861-4fc8-9c1d-9b33541d87a7/Build]   | Initialized jansi services in: /home/runneradmin/.gradle/native
[856b02c1-8861-4fc8-9c1d-9b33541d87a7/Build]   | 
[856b02c1-8861-4fc8-9c1d-9b33541d87a7/Build]   | Welcome to Gradle 7.4.2!
[856b02c1-8861-4fc8-9c1d-9b33541d87a7/Build]   | 
[856b02c1-8861-4fc8-9c1d-9b33541d87a7/Build]   | Here are the highlights of this release:
[856b02c1-8861-4fc8-9c1d-9b33541d87a7/Build]   |  - Aggregated test and JaCoCo reports
[856b02c1-8861-4fc8-9c1d-9b33541d87a7/Build]   |  - Marking additional test source directories as tests in IntelliJ
[856b02c1-8861-4fc8-9c1d-9b33541d87a7/Build]   |  - Support for Adoptium JDKs in Java toolchains
[856b02c1-8861-4fc8-9c1d-9b33541d87a7/Build]   | 
[856b02c1-8861-4fc8-9c1d-9b33541d87a7/Build]   | For more details see https://docs.gradle.org/7.4.2/release-notes.html
[856b02c1-8861-4fc8-9c1d-9b33541d87a7/Build]   | 
[856b02c1-8861-4fc8-9c1d-9b33541d87a7/Build]   | To honour the JVM settings for this build a single-use Daemon process will be forked. See https://docs.gradle.org/7.4.2/userguide/gradle_daemon.html#sec:disabling_the_daemon.
[856b02c1-8861-4fc8-9c1d-9b33541d87a7/Build]   | Starting process 'Gradle build daemon'. Working directory: /home/runneradmin/.gradle/daemon/7.4.2 Command: /opt/hostedtoolcache/Java_Temurin-Hotspot_jdk/11.0.19-7/x64/bin/java --add-exports jdk.compiler/com.sun.tools.javac.api=ALL-UNNAMED --add-exports jdk.compiler/com.sun.tools.javac.file=ALL-UNNAMED --add-exports jdk.compiler/com.sun.tools.javac.parser=ALL-UNNAMED --add-exports jdk.compiler/com.sun.tools.javac.tree=ALL-UNNAMED --add-exports jdk.compiler/com.sun.tools.javac.util=ALL-UNNAMED --add-opens java.base/java.util=ALL-UNNAMED --add-opens java.base/java.lang=ALL-UNNAMED --add-opens java.base/java.lang.invoke=ALL-UNNAMED --add-opens java.base/java.util=ALL-UNNAMED --add-opens java.prefs/java.util.prefs=ALL-UNNAMED --add-opens java.prefs/java.util.prefs=ALL-UNNAMED --add-opens java.base/java.nio.charset=ALL-UNNAMED --add-opens java.base/java.net=ALL-UNNAMED --add-opens java.base/java.util.concurrent.atomic=ALL-UNNAMED -Dfile.encoding=UTF-8 -Duser.country -Duser.language=en -Duser.variant -cp /home/runneradmin/.gradle/wrapper/dists/gradle-7.4.2-bin/48ivgl02cpt2ed3fh9dbalvx8/gradle-7.4.2/lib/gradle-launcher-7.4.2.jar org.gradle.launcher.daemon.bootstrap.GradleDaemon 7.4.2
[856b02c1-8861-4fc8-9c1d-9b33541d87a7/Build]   | Successfully started process 'Gradle build daemon'
[856b02c1-8861-4fc8-9c1d-9b33541d87a7/Build]   | An attempt to start the daemon took 1.4 secs.
[856b02c1-8861-4fc8-9c1d-9b33541d87a7/Build]   | The client will now receive all logging from the daemon (pid: 145). The daemon log file: /home/runneradmin/.gradle/daemon/7.4.2/daemon-145.out.log
[856b02c1-8861-4fc8-9c1d-9b33541d87a7/Build]   | Closing daemon's stdin at end of input.
[856b02c1-8861-4fc8-9c1d-9b33541d87a7/Build]   | The daemon will no longer process any standard input.
[856b02c1-8861-4fc8-9c1d-9b33541d87a7/Build]   | Daemon will be stopped at the end of the build 
[856b02c1-8861-4fc8-9c1d-9b33541d87a7/Build]   | Using 128 worker leases.
[856b02c1-8861-4fc8-9c1d-9b33541d87a7/Build]   | Watching the file system is configured to be enabled if available
[856b02c1-8861-4fc8-9c1d-9b33541d87a7/Build]   | Not watching /tmp/c003bc15-4795-4865-9aa0-3f767957722e since the file system is not supported
[856b02c1-8861-4fc8-9c1d-9b33541d87a7/Build]   | File system watching is active
[856b02c1-8861-4fc8-9c1d-9b33541d87a7/Build]   | Starting Build
[856b02c1-8861-4fc8-9c1d-9b33541d87a7/Build]   | Compiling settings file '/tmp/c003bc15-4795-4865-9aa0-3f767957722e/settings.gradle' using SubsetScriptTransformer.
[856b02c1-8861-4fc8-9c1d-9b33541d87a7/Build]   | Compiling settings file '/tmp/c003bc15-4795-4865-9aa0-3f767957722e/settings.gradle' using BuildScriptTransformer.
[856b02c1-8861-4fc8-9c1d-9b33541d87a7/Build]   | Settings evaluated using settings file '/tmp/c003bc15-4795-4865-9aa0-3f767957722e/settings.gradle'.
[856b02c1-8861-4fc8-9c1d-9b33541d87a7/Build]   | Using local directory build cache for the root build (location = /home/runneradmin/.gradle/caches/build-cache-1, removeUnusedEntriesAfter = 7 days).
[856b02c1-8861-4fc8-9c1d-9b33541d87a7/Build]   | Projects loaded. Root project using build file '/tmp/c003bc15-4795-4865-9aa0-3f767957722e/build.gradle'.
[856b02c1-8861-4fc8-9c1d-9b33541d87a7/Build]   | Included projects: [root project 'sudachi']
[856b02c1-8861-4fc8-9c1d-9b33541d87a7/Build]   | 
[856b02c1-8861-4fc8-9c1d-9b33541d87a7/Build]   | > Configure project :
[856b02c1-8861-4fc8-9c1d-9b33541d87a7/Build]   | Evaluating root project 'sudachi' using build file '/tmp/c003bc15-4795-4865-9aa0-3f767957722e/build.gradle'.
[856b02c1-8861-4fc8-9c1d-9b33541d87a7/Build]   | Compiling build file '/tmp/c003bc15-4795-4865-9aa0-3f767957722e/build.gradle' using SubsetScriptTransformer.
[856b02c1-8861-4fc8-9c1d-9b33541d87a7/Build]   | Downloading https://plugins.gradle.org/m2/org/jetbrains/kotlin/jvm/org.jetbrains.kotlin.jvm.gradle.plugin/1.6.21/org.jetbrains.kotlin.jvm.gradle.plugin-1.6.21.pom to /home/runneradmin/.gradle/.tmp/gradle_download9362371420643286823bin
[856b02c1-8861-4fc8-9c1d-9b33541d87a7/Build]   | Resource missing. [HTTP HEAD: https://plugins.gradle.org/m2/org/jetbrains/kotlin/jvm/org.jetbrains.kotlin.jvm.gradle.plugin/1.6.21/org.jetbrains.kotlin.jvm.gradle.plugin-1.6.21.jar]
[856b02c1-8861-4fc8-9c1d-9b33541d87a7/Build]   | Downloading https://plugins.gradle.org/m2/org/sonarqube/org.sonarqube.gradle.plugin/3.3/org.sonarqube.gradle.plugin-3.3.pom to /home/runneradmin/.gradle/.tmp/gradle_download11066928092667463323bin
[856b02c1-8861-4fc8-9c1d-9b33541d87a7/Build]   | Resource missing. [HTTP HEAD: https://plugins.gradle.org/m2/org/sonarqube/org.sonarqube.gradle.plugin/3.3/org.sonarqube.gradle.plugin-3.3.jar]
[856b02c1-8861-4fc8-9c1d-9b33541d87a7/Build]   | Downloading https://plugins.gradle.org/m2/com/diffplug/spotless/com.diffplug.spotless.gradle.plugin/6.6.1/com.diffplug.spotless.gradle.plugin-6.6.1.pom to /home/runneradmin/.gradle/.tmp/gradle_download8452441446073961193bin
[856b02c1-8861-4fc8-9c1d-9b33541d87a7/Build]   | Resource missing. [HTTP HEAD: https://plugins.gradle.org/m2/com/diffplug/spotless/com.diffplug.spotless.gradle.plugin/6.6.1/com.diffplug.spotless.gradle.plugin-6.6.1.jar]
[856b02c1-8861-4fc8-9c1d-9b33541d87a7/Build]   | Downloading https://plugins.gradle.org/m2/me/champeau/jmh/me.champeau.jmh.gradle.plugin/0.6.6/me.champeau.jmh.gradle.plugin-0.6.6.pom to /home/runneradmin/.gradle/.tmp/gradle_download7464785003112096206bin
[856b02c1-8861-4fc8-9c1d-9b33541d87a7/Build]   | Resource missing. [HTTP HEAD: https://plugins.gradle.org/m2/me/champeau/jmh/me.champeau.jmh.gradle.plugin/0.6.6/me.champeau.jmh.gradle.plugin-0.6.6.jar]
[856b02c1-8861-4fc8-9c1d-9b33541d87a7/Build]   | Downloading https://plugins.gradle.org/m2/io/github/gradle-nexus/publish-plugin/io.github.gradle-nexus.publish-plugin.gradle.plugin/1.1.0/io.github.gradle-nexus.publish-plugin.gradle.plugin-1.1.0.pom to /home/runneradmin/.gradle/.tmp/gradle_download13151418558914062827bin
[856b02c1-8861-4fc8-9c1d-9b33541d87a7/Build]   | Resource missing. [HTTP HEAD: https://plugins.gradle.org/m2/io/github/gradle-nexus/publish-plugin/io.github.gradle-nexus.publish-plugin.gradle.plugin/1.1.0/io.github.gradle-nexus.publish-plugin.gradle.plugin-1.1.0.jar]
[856b02c1-8861-4fc8-9c1d-9b33541d87a7/Build]   | Downloading https://plugins.gradle.org/m2/org/jetbrains/kotlin/kotlin-gradle-plugin/1.6.21/kotlin-gradle-plugin-1.6.21.pom to /home/runneradmin/.gradle/.tmp/gradle_download7921460130977062670bin
[856b02c1-8861-4fc8-9c1d-9b33541d87a7/Build]   | Downloading https://plugins.gradle.org/m2/org/sonarsource/scanner/gradle/sonarqube-gradle-plugin/3.3/sonarqube-gradle-plugin-3.3.pom to /home/runneradmin/.gradle/.tmp/gradle_download13312183325370903212bin
[856b02c1-8861-4fc8-9c1d-9b33541d87a7/Build]   | Downloading https://plugins.gradle.org/m2/com/diffplug/spotless/spotless-plugin-gradle/6.6.1/spotless-plugin-gradle-6.6.1.pom to /home/runneradmin/.gradle/.tmp/gradle_download16379287749045460421bin
[856b02c1-8861-4fc8-9c1d-9b33541d87a7/Build]   | Downloading https://plugins.gradle.org/m2/me/champeau/jmh/jmh-gradle-plugin/0.6.6/jmh-gradle-plugin-0.6.6.pom to /home/runneradmin/.gradle/.tmp/gradle_download14656981863621755085bin
[856b02c1-8861-4fc8-9c1d-9b33541d87a7/Build]   | Resource missing. [HTTP GET: https://jcenter.bintray.com/me/champeau/jmh/jmh-gradle-plugin/0.6.6/jmh-gradle-plugin-0.6.6.module]
[856b02c1-8861-4fc8-9c1d-9b33541d87a7/Build]   | Downloading https://plugins.gradle.org/m2/io/github/gradle-nexus/publish-plugin/1.1.0/publish-plugin-1.1.0.pom to /home/runneradmin/.gradle/.tmp/gradle_download6281314885233505461bin
[856b02c1-8861-4fc8-9c1d-9b33541d87a7/Build]   | Downloading https://plugins.gradle.org/m2/io/github/gradle-nexus/publish-plugin/1.1.0/publish-plugin-1.1.0.module to /home/runneradmin/.gradle/.tmp/gradle_download1360649062428701078bin
[856b02c1-8861-4fc8-9c1d-9b33541d87a7/Build]   | Downloading https://plugins.gradle.org/m2/com/google/guava/guava/29.0-jre/guava-29.0-jre.pom to /home/runneradmin/.gradle/.tmp/gradle_download13769952087410196947bin
[856b02c1-8861-4fc8-9c1d-9b33541d87a7/Build]   | Downloading https://plugins.gradle.org/m2/org/jetbrains/kotlin/kotlin-scripting-compiler-impl-embeddable/1.6.21/kotlin-scripting-compiler-impl-embeddable-1.6.21.pom to /home/runneradmin/.gradle/.tmp/gradle_download5754475377874165969bin
[856b02c1-8861-4fc8-9c1d-9b33541d87a7/Build]   | Downloading https://plugins.gradle.org/m2/org/jetbrains/kotlin/kotlin-tooling-metadata/1.6.21/kotlin-tooling-metadata-1.6.21.pom to /home/runneradmin/.gradle/.tmp/gradle_download9260501606201672880bin
[856b02c1-8861-4fc8-9c1d-9b33541d87a7/Build]   | Downloading https://plugins.gradle.org/m2/com/google/guava/guava-parent/29.0-jre/guava-parent-29.0-jre.pom to /home/runneradmin/.gradle/.tmp/gradle_download9528315505234674000bin
[856b02c1-8861-4fc8-9c1d-9b33541d87a7/Build]   | Downloading https://plugins.gradle.org/m2/org/jetbrains/kotlin/kotlin-project-model/1.6.21/kotlin-project-model-1.6.21.pom to /home/runneradmin/.gradle/.tmp/gradle_download7607262719258850909bin
[856b02c1-8861-4fc8-9c1d-9b33541d87a7/Build]   | Downloading https://plugins.gradle.org/m2/org/jetbrains/kotlin/kotlin-compiler-runner/1.6.21/kotlin-compiler-runner-1.6.21.pom to /home/runneradmin/.gradle/.tmp/gradle_download1389666999334330058bin
[856b02c1-8861-4fc8-9c1d-9b33541d87a7/Build]   | Downloading https://plugins.gradle.org/m2/de/undercouch/gradle-download-task/4.1.1/gradle-download-task-4.1.1.pom to /home/runneradmin/.gradle/.tmp/gradle_download3251690071740195190bin
[856b02c1-8861-4fc8-9c1d-9b33541d87a7/Build]   | Downloading https://plugins.gradle.org/m2/org/jetbrains/kotlin/kotlin-gradle-plugin-model/1.6.21/kotlin-gradle-plugin-model-1.6.21.pom to /home/runneradmin/.gradle/.tmp/gradle_download2959992094825269227bin
[856b02c1-8861-4fc8-9c1d-9b33541d87a7/Build]   | Downloading https://plugins.gradle.org/m2/org/jetbrains/kotlin/kotlin-scripting-compiler-embeddable/1.6.21/kotlin-scripting-compiler-embeddable-1.6.21.pom to /home/runneradmin/.gradle/.tmp/gradle_download14623427944857840849bin
[856b02c1-8861-4fc8-9c1d-9b33541d87a7/Build]   | Downloading https://plugins.gradle.org/m2/org/jetbrains/kotlin/kotlin-gradle-plugin-api/1.6.21/kotlin-gradle-plugin-api-1.6.21.pom to /home/runneradmin/.gradle/.tmp/gradle_download4619160903390710959bin
[856b02c1-8861-4fc8-9c1d-9b33541d87a7/Build]   | Downloading https://plugins.gradle.org/m2/com/github/gundy/semver4j/0.16.4/semver4j-0.16.4.pom to /home/runneradmin/.gradle/.tmp/gradle_download15318662442414969157bin
[856b02c1-8861-4fc8-9c1d-9b33541d87a7/Build]   | Downloading https://plugins.gradle.org/m2/org/jetbrains/kotlin/kotlin-compiler-embeddable/1.6.21/kotlin-compiler-embeddable-1.6.21.pom to /home/runneradmin/.gradle/.tmp/gradle_download15744453138441928174bin
[856b02c1-8861-4fc8-9c1d-9b33541d87a7/Build]   | Downloading https://plugins.gradle.org/m2/com/google/code/gson/gson/2.8.9/gson-2.8.9.pom to /home/runneradmin/.gradle/.tmp/gradle_download7149297518411429575bin
[856b02c1-8861-4fc8-9c1d-9b33541d87a7/Build]   | Downloading https://plugins.gradle.org/m2/org/jetbrains/kotlin/kotlin-android-extensions/1.6.21/kotlin-android-extensions-1.6.21.pom to /home/runneradmin/.gradle/.tmp/gradle_download2594463520245296095bin
[856b02c1-8861-4fc8-9c1d-9b33541d87a7/Build]   | Downloading https://plugins.gradle.org/m2/org/jetbrains/kotlin/kotlin-util-klib/1.6.21/kotlin-util-klib-1.6.21.pom to /home/runneradmin/.gradle/.tmp/gradle_download2965134584073435128bin
[856b02c1-8861-4fc8-9c1d-9b33541d87a7/Build]   | Downloading https://plugins.gradle.org/m2/org/jetbrains/kotlin/kotlin-klib-commonizer-api/1.6.21/kotlin-klib-commonizer-api-1.6.21.pom to /home/runneradmin/.gradle/.tmp/gradle_download233241172188408988bin
[856b02c1-8861-4fc8-9c1d-9b33541d87a7/Build]   | Downloading https://plugins.gradle.org/m2/org/jetbrains/kotlin/kotlin-annotation-processing-gradle/1.6.21/kotlin-annotation-processing-gradle-1.6.21.pom to /home/runneradmin/.gradle/.tmp/gradle_download3180140909779523341bin
[856b02c1-8861-4fc8-9c1d-9b33541d87a7/Build]   | Downloading https://plugins.gradle.org/m2/com/google/code/gson/gson-parent/2.8.9/gson-parent-2.8.9.pom to /home/runneradmin/.gradle/.tmp/gradle_download15023459634281151717bin
[856b02c1-8861-4fc8-9c1d-9b33541d87a7/Build]   | Downloading https://plugins.gradle.org/m2/org/sonatype/oss/oss-parent/7/oss-parent-7.pom to /home/runneradmin/.gradle/.tmp/gradle_download16440206828876406144bin
[856b02c1-8861-4fc8-9c1d-9b33541d87a7/Build]   | Downloading https://plugins.gradle.org/m2/org/sonarsource/scanner/api/sonar-scanner-api/2.16.1.361/sonar-scanner-api-2.16.1.361.pom to /home/runneradmin/.gradle/.tmp/gradle_download11106217686720599447bin
[856b02c1-8861-4fc8-9c1d-9b33541d87a7/Build]   | Downloading https://plugins.gradle.org/m2/org/sonarsource/scanner/api/sonar-scanner-api-parent/2.16.1.361/sonar-scanner-api-parent-2.16.1.361.pom to /home/runneradmin/.gradle/.tmp/gradle_download12620605925830088930bin
[856b02c1-8861-4fc8-9c1d-9b33541d87a7/Build]   | Downloading https://plugins.gradle.org/m2/org/sonarsource/parent/parent/59.0.29/parent-59.0.29.pom to /home/runneradmin/.gradle/.tmp/gradle_download7120580055739242439bin
[856b02c1-8861-4fc8-9c1d-9b33541d87a7/Build]   | Downloading https://plugins.gradle.org/m2/com/diffplug/spotless/spotless-lib/2.25.3/spotless-lib-2.25.3.pom to /home/runneradmin/.gradle/.tmp/gradle_download6258904984802983918bin
[856b02c1-8861-4fc8-9c1d-9b33541d87a7/Build]   | Downloading https://plugins.gradle.org/m2/com/diffplug/spotless/spotless-lib-extra/2.25.3/spotless-lib-extra-2.25.3.pom to /home/runneradmin/.gradle/.tmp/gradle_download9434130253987860180bin
[856b02c1-8861-4fc8-9c1d-9b33541d87a7/Build]   | Downloading https://plugins.gradle.org/m2/org/eclipse/jgit/org.eclipse.jgit/5.13.0.202109080827-r/org.eclipse.jgit-5.13.0.202109080827-r.pom to /home/runneradmin/.gradle/.tmp/gradle_download15400210581874402325bin
[856b02c1-8861-4fc8-9c1d-9b33541d87a7/Build]   | Downloading https://plugins.gradle.org/m2/com/diffplug/durian/durian-io/1.2.0/durian-io-1.2.0.pom to /home/runneradmin/.gradle/.tmp/gradle_download3876414441770375097bin
[856b02c1-8861-4fc8-9c1d-9b33541d87a7/Build]   | Downloading https://plugins.gradle.org/m2/com/diffplug/durian/durian-collect/1.2.0/durian-collect-1.2.0.pom to /home/runneradmin/.gradle/.tmp/gradle_download2621550628607858216bin
[856b02c1-8861-4fc8-9c1d-9b33541d87a7/Build]   | Downloading https://plugins.gradle.org/m2/com/diffplug/spotless/spotless-lib/2.25.3/spotless-lib-2.25.3.module to /home/runneradmin/.gradle/.tmp/gradle_download10552117737484874874bin
[856b02c1-8861-4fc8-9c1d-9b33541d87a7/Build]   | Downloading https://plugins.gradle.org/m2/org/eclipse/jgit/org.eclipse.jgit-parent/5.13.0.202109080827-r/org.eclipse.jgit-parent-5.13.0.202109080827-r.pom to /home/runneradmin/.gradle/.tmp/gradle_download12131809693381876897bin
[856b02c1-8861-4fc8-9c1d-9b33541d87a7/Build]   | Downloading https://plugins.gradle.org/m2/com/diffplug/durian/durian-core/1.2.0/durian-core-1.2.0.pom to /home/runneradmin/.gradle/.tmp/gradle_download17119376290766425002bin
[856b02c1-8861-4fc8-9c1d-9b33541d87a7/Build]   | Downloading https://plugins.gradle.org/m2/com/diffplug/spotless/spotless-lib-extra/2.25.3/spotless-lib-extra-2.25.3.module to /home/runneradmin/.gradle/.tmp/gradle_download16749644817696129088bin
[856b02c1-8861-4fc8-9c1d-9b33541d87a7/Build]   | Downloading https://plugins.gradle.org/m2/org/openjdk/jmh/jmh-core/1.29/jmh-core-1.29.pom to /home/runneradmin/.gradle/.tmp/gradle_download15009261227983100237bin
[856b02c1-8861-4fc8-9c1d-9b33541d87a7/Build]   | Downloading https://plugins.gradle.org/m2/org/openjdk/jmh/jmh-parent/1.29/jmh-parent-1.29.pom to /home/runneradmin/.gradle/.tmp/gradle_download5751427311786219881bin
[856b02c1-8861-4fc8-9c1d-9b33541d87a7/Build]   | Downloading https://plugins.gradle.org/m2/org/jetbrains/kotlin/kotlin-native-utils/1.6.21/kotlin-native-utils-1.6.21.pom to /home/runneradmin/.gradle/.tmp/gradle_download5232117100055618402bin
[856b02c1-8861-4fc8-9c1d-9b33541d87a7/Build]   | Downloading https://plugins.gradle.org/m2/org/jetbrains/kotlin/kotlin-util-io/1.6.21/kotlin-util-io-1.6.21.pom to /home/runneradmin/.gradle/.tmp/gradle_download16037554996228634517bin
[856b02c1-8861-4fc8-9c1d-9b33541d87a7/Build]   | Downloading https://plugins.gradle.org/m2/com/google/j2objc/j2objc-annotations/1.3/j2objc-annotations-1.3.pom to /home/runneradmin/.gradle/.tmp/gradle_download9103364262731935600bin
[856b02c1-8861-4fc8-9c1d-9b33541d87a7/Build]   | Downloading https://plugins.gradle.org/m2/org/checkerframework/checker-qual/2.11.1/checker-qual-2.11.1.pom to /home/runneradmin/.gradle/.tmp/gradle_download5791452768124375262bin
[856b02c1-8861-4fc8-9c1d-9b33541d87a7/Build]   | Downloading https://plugins.gradle.org/m2/com/google/errorprone/error_prone_annotations/2.3.4/error_prone_annotations-2.3.4.pom to /home/runneradmin/.gradle/.tmp/gradle_download1016537603948742552bin
[856b02c1-8861-4fc8-9c1d-9b33541d87a7/Build]   | Downloading https://plugins.gradle.org/m2/com/google/code/findbugs/jsr305/3.0.2/jsr305-3.0.2.pom to /home/runneradmin/.gradle/.tmp/gradle_download6099302788913175018bin
[856b02c1-8861-4fc8-9c1d-9b33541d87a7/Build]   | Downloading https://plugins.gradle.org/m2/com/google/guava/listenablefuture/9999.0-empty-to-avoid-conflict-with-guava/listenablefuture-9999.0-empty-to-avoid-conflict-with-guava.pom to /home/runneradmin/.gradle/.tmp/gradle_download14398310919104359542bin
[856b02c1-8861-4fc8-9c1d-9b33541d87a7/Build]   | Downloading https://plugins.gradle.org/m2/com/google/guava/failureaccess/1.0.1/failureaccess-1.0.1.pom to /home/runneradmin/.gradle/.tmp/gradle_download7255336676022146595bin
[856b02c1-8861-4fc8-9c1d-9b33541d87a7/Build]   | Downloading https://plugins.gradle.org/m2/com/google/guava/guava-parent/26.0-android/guava-parent-26.0-android.pom to /home/runneradmin/.gradle/.tmp/gradle_download5702014231328667946bin
[856b02c1-8861-4fc8-9c1d-9b33541d87a7/Build]   | Downloading https://plugins.gradle.org/m2/com/google/errorprone/error_prone_parent/2.3.4/error_prone_parent-2.3.4.pom to /home/runneradmin/.gradle/.tmp/gradle_download8889129790508976738bin
[856b02c1-8861-4fc8-9c1d-9b33541d87a7/Build]   | Downloading https://plugins.gradle.org/m2/org/sonatype/oss/oss-parent/9/oss-parent-9.pom to /home/runneradmin/.gradle/.tmp/gradle_download4513833078897654636bin
[856b02c1-8861-4fc8-9c1d-9b33541d87a7/Build]   | Downloading https://plugins.gradle.org/m2/org/jetbrains/kotlin/kotlin-daemon-embeddable/1.6.21/kotlin-daemon-embeddable-1.6.21.pom to /home/runneradmin/.gradle/.tmp/gradle_download5572588808660121501bin
[856b02c1-8861-4fc8-9c1d-9b33541d87a7/Build]   | Downloading https://plugins.gradle.org/m2/net/java/dev/jna/jna/5.6.0/jna-5.6.0.pom to /home/runneradmin/.gradle/.tmp/gradle_download11700727790119395725bin
[856b02c1-8861-4fc8-9c1d-9b33541d87a7/Build]   | Downloading https://plugins.gradle.org/m2/org/jetbrains/intellij/deps/trove4j/1.0.20200330/trove4j-1.0.20200330.pom to /home/runneradmin/.gradle/.tmp/gradle_download12527789535246652992bin
[856b02c1-8861-4fc8-9c1d-9b33541d87a7/Build]   | Downloading https://plugins.gradle.org/m2/org/jetbrains/kotlin/kotlin-daemon-client/1.6.21/kotlin-daemon-client-1.6.21.pom to /home/runneradmin/.gradle/.tmp/gradle_download12654797085284286399bin
[856b02c1-8861-4fc8-9c1d-9b33541d87a7/Build]   | Downloading https://plugins.gradle.org/m2/org/jetbrains/kotlinx/kotlinx-coroutines-core-jvm/1.5.0/kotlinx-coroutines-core-jvm-1.5.0.pom to /home/runneradmin/.gradle/.tmp/gradle_download16504417644497722214bin
[856b02c1-8861-4fc8-9c1d-9b33541d87a7/Build]   | Downloading https://plugins.gradle.org/m2/org/jetbrains/kotlinx/kotlinx-coroutines-core-jvm/1.5.0/kotlinx-coroutines-core-jvm-1.5.0.module to /home/runneradmin/.gradle/.tmp/gradle_download14647948172470755271bin
[856b02c1-8861-4fc8-9c1d-9b33541d87a7/Build]   | Downloading https://plugins.gradle.org/m2/org/jetbrains/kotlin/kotlin-build-common/1.6.21/kotlin-build-common-1.6.21.pom to /home/runneradmin/.gradle/.tmp/gradle_download13404867514520560438bin
[856b02c1-8861-4fc8-9c1d-9b33541d87a7/Build]   | Downloading https://plugins.gradle.org/m2/org/jetbrains/kotlin/kotlin-scripting-jvm/1.6.21/kotlin-scripting-jvm-1.6.21.pom to /home/runneradmin/.gradle/.tmp/gradle_download16075192499904716578bin
[856b02c1-8861-4fc8-9c1d-9b33541d87a7/Build]   | Downloading https://plugins.gradle.org/m2/org/jetbrains/kotlin/kotlin-scripting-common/1.6.21/kotlin-scripting-common-1.6.21.pom to /home/runneradmin/.gradle/.tmp/gradle_download13274167105385970456bin
[856b02c1-8861-4fc8-9c1d-9b33541d87a7/Build]   | Downloading https://plugins.gradle.org/m2/com/googlecode/concurrent-trees/concurrent-trees/2.6.1/concurrent-trees-2.6.1.pom to /home/runneradmin/.gradle/.tmp/gradle_download13924126137775314086bin
[856b02c1-8861-4fc8-9c1d-9b33541d87a7/Build]   | Downloading https://plugins.gradle.org/m2/org/codehaus/groovy/groovy-xml/3.0.9/groovy-xml-3.0.9.pom to /home/runneradmin/.gradle/.tmp/gradle_download16004616313572503620bin
[856b02c1-8861-4fc8-9c1d-9b33541d87a7/Build]   | Downloading https://plugins.gradle.org/m2/com/googlecode/javaewah/JavaEWAH/1.1.12/JavaEWAH-1.1.12.pom to /home/runneradmin/.gradle/.tmp/gradle_download3470782467989654560bin
[856b02c1-8861-4fc8-9c1d-9b33541d87a7/Build]   | Downloading https://plugins.gradle.org/m2/org/slf4j/slf4j-api/1.7.30/slf4j-api-1.7.30.pom to /home/runneradmin/.gradle/.tmp/gradle_download12288003967752261300bin
[856b02c1-8861-4fc8-9c1d-9b33541d87a7/Build]   | Downloading https://plugins.gradle.org/m2/org/sonatype/oss/oss-parent/5/oss-parent-5.pom to /home/runneradmin/.gradle/.tmp/gradle_download1721886016317697859bin
[856b02c1-8861-4fc8-9c1d-9b33541d87a7/Build]   | Downloading https://plugins.gradle.org/m2/org/slf4j/slf4j-parent/1.7.30/slf4j-parent-1.7.30.pom to /home/runneradmin/.gradle/.tmp/gradle_download6510960830239874623bin
[856b02c1-8861-4fc8-9c1d-9b33541d87a7/Build]   | Downloading https://plugins.gradle.org/m2/org/apache/commons/commons-math3/3.2/commons-math3-3.2.pom to /home/runneradmin/.gradle/.tmp/gradle_download14793655318329064747bin
[856b02c1-8861-4fc8-9c1d-9b33541d87a7/Build]   | Downloading https://plugins.gradle.org/m2/net/sf/jopt-simple/jopt-simple/4.6/jopt-simple-4.6.pom to /home/runneradmin/.gradle/.tmp/gradle_download446582044710503961bin
[856b02c1-8861-4fc8-9c1d-9b33541d87a7/Build]   | Downloading https://plugins.gradle.org/m2/org/apache/commons/commons-parent/28/commons-parent-28.pom to /home/runneradmin/.gradle/.tmp/gradle_download17385459956819304531bin
[856b02c1-8861-4fc8-9c1d-9b33541d87a7/Build]   | Downloading https://plugins.gradle.org/m2/org/apache/apache/13/apache-13.pom to /home/runneradmin/.gradle/.tmp/gradle_download8883917497448778301bin
[856b02c1-8861-4fc8-9c1d-9b33541d87a7/Build]   | Downloading https://plugins.gradle.org/m2/org/codehaus/groovy/groovy/3.0.9/groovy-3.0.9.pom to /home/runneradmin/.gradle/.tmp/gradle_download9351926438433955580bin
[856b02c1-8861-4fc8-9c1d-9b33541d87a7/Build]   | Downloading https://plugins.gradle.org/m2/de/undercouch/gradle-download-task/4.1.1/gradle-download-task-4.1.1.jar to /home/runneradmin/.gradle/.tmp/gradle_download7060280749924979152bin
[856b02c1-8861-4fc8-9c1d-9b33541d87a7/Build]   | Downloading https://plugins.gradle.org/m2/com/github/gundy/semver4j/0.16.4/semver4j-0.16.4-nodeps.jar to /home/runneradmin/.gradle/.tmp/gradle_download6455128958450929102bin
[856b02c1-8861-4fc8-9c1d-9b33541d87a7/Build]   | Downloading https://plugins.gradle.org/m2/com/google/guava/guava/29.0-jre/guava-29.0-jre.jar to /home/runneradmin/.gradle/.tmp/gradle_download16248172226495184607bin
[856b02c1-8861-4fc8-9c1d-9b33541d87a7/Build]   | Downloading https://plugins.gradle.org/m2/org/jetbrains/kotlin/kotlin-gradle-plugin-model/1.6.21/kotlin-gradle-plugin-model-1.6.21.jar to /home/runneradmin/.gradle/.tmp/gradle_download347592348627422223bin
[856b02c1-8861-4fc8-9c1d-9b33541d87a7/Build]   | Downloading https://plugins.gradle.org/m2/me/champeau/jmh/jmh-gradle-plugin/0.6.6/jmh-gradle-plugin-0.6.6.jar to /home/runneradmin/.gradle/.tmp/gradle_download665631907232717358bin
[856b02c1-8861-4fc8-9c1d-9b33541d87a7/Build]   | Downloading https://plugins.gradle.org/m2/org/sonarsource/scanner/gradle/sonarqube-gradle-plugin/3.3/sonarqube-gradle-plugin-3.3.jar to /home/runneradmin/.gradle/.tmp/gradle_download15368805352202788943bin
[856b02c1-8861-4fc8-9c1d-9b33541d87a7/Build]   | Downloading https://plugins.gradle.org/m2/com/google/j2objc/j2objc-annotations/1.3/j2objc-annotations-1.3.jar to /home/runneradmin/.gradle/.tmp/gradle_download11583008414861701368bin
[856b02c1-8861-4fc8-9c1d-9b33541d87a7/Build]   | Downloading https://plugins.gradle.org/m2/net/java/dev/jna/jna/5.6.0/jna-5.6.0.jar to /home/runneradmin/.gradle/.tmp/gradle_download15478030757719938847bin
[856b02c1-8861-4fc8-9c1d-9b33541d87a7/Build]   | Downloading https://plugins.gradle.org/m2/org/checkerframework/checker-qual/2.11.1/checker-qual-2.11.1.jar to /home/runneradmin/.gradle/.tmp/gradle_download10074779071772976793bin
[856b02c1-8861-4fc8-9c1d-9b33541d87a7/Build]   | Downloading https://plugins.gradle.org/m2/org/jetbrains/kotlin/kotlin-android-extensions/1.6.21/kotlin-android-extensions-1.6.21.jar to /home/runneradmin/.gradle/.tmp/gradle_download14437228749898608760bin
[856b02c1-8861-4fc8-9c1d-9b33541d87a7/Build]   | Downloading https://plugins.gradle.org/m2/com/google/errorprone/error_prone_annotations/2.3.4/error_prone_annotations-2.3.4.jar to /home/runneradmin/.gradle/.tmp/gradle_download8772785524905071799bin
[856b02c1-8861-4fc8-9c1d-9b33541d87a7/Build]   | Downloading https://plugins.gradle.org/m2/org/jetbrains/kotlin/kotlin-native-utils/1.6.21/kotlin-native-utils-1.6.21.jar to /home/runneradmin/.gradle/.tmp/gradle_download8549861685086812350bin
[856b02c1-8861-4fc8-9c1d-9b33541d87a7/Build]   | Downloading https://plugins.gradle.org/m2/org/jetbrains/kotlin/kotlin-klib-commonizer-api/1.6.21/kotlin-klib-commonizer-api-1.6.21.jar to /home/runneradmin/.gradle/.tmp/gradle_download16323428063590753509bin
[856b02c1-8861-4fc8-9c1d-9b33541d87a7/Build]   | Downloading https://plugins.gradle.org/m2/com/diffplug/spotless/spotless-lib-extra/2.25.3/spotless-lib-extra-2.25.3.jar to /home/runneradmin/.gradle/.tmp/gradle_download6447307284077082449bin
[856b02c1-8861-4fc8-9c1d-9b33541d87a7/Build]   | Downloading https://plugins.gradle.org/m2/org/jetbrains/kotlin/kotlin-util-klib/1.6.21/kotlin-util-klib-1.6.21.jar to /home/runneradmin/.gradle/.tmp/gradle_download11585764941391671193bin
[856b02c1-8861-4fc8-9c1d-9b33541d87a7/Build]   | Downloading https://plugins.gradle.org/m2/org/slf4j/slf4j-api/1.7.30/slf4j-api-1.7.30.jar to /home/runneradmin/.gradle/.tmp/gradle_download17594341386847501853bin
[856b02c1-8861-4fc8-9c1d-9b33541d87a7/Build]   | Downloading https://plugins.gradle.org/m2/net/sf/jopt-simple/jopt-simple/4.6/jopt-simple-4.6.jar to /home/runneradmin/.gradle/.tmp/gradle_download5625848352975105646bin
[856b02c1-8861-4fc8-9c1d-9b33541d87a7/Build]   | Downloading https://plugins.gradle.org/m2/com/diffplug/durian/durian-collect/1.2.0/durian-collect-1.2.0.jar to /home/runneradmin/.gradle/.tmp/gradle_download17672461846428854688bin
[856b02c1-8861-4fc8-9c1d-9b33541d87a7/Build]   | Downloading https://plugins.gradle.org/m2/com/google/code/findbugs/jsr305/3.0.2/jsr305-3.0.2.jar to /home/runneradmin/.gradle/.tmp/gradle_download4498115598993805876bin
[856b02c1-8861-4fc8-9c1d-9b33541d87a7/Build]   | Downloading https://plugins.gradle.org/m2/org/openjdk/jmh/jmh-core/1.29/jmh-core-1.29.jar to /home/runneradmin/.gradle/.tmp/gradle_download43636917616445301bin
[856b02c1-8861-4fc8-9c1d-9b33541d87a7/Build]   | Downloading https://plugins.gradle.org/m2/org/jetbrains/kotlin/kotlin-daemon-client/1.6.21/kotlin-daemon-client-1.6.21.jar to /home/runneradmin/.gradle/.tmp/gradle_download11653971046500402822bin
[856b02c1-8861-4fc8-9c1d-9b33541d87a7/Build]   | Downloading https://plugins.gradle.org/m2/org/jetbrains/kotlin/kotlin-compiler-runner/1.6.21/kotlin-compiler-runner-1.6.21.jar to /home/runneradmin/.gradle/.tmp/gradle_download17762304560434402558bin
[856b02c1-8861-4fc8-9c1d-9b33541d87a7/Build]   | Downloading https://plugins.gradle.org/m2/org/jetbrains/kotlin/kotlin-scripting-compiler-impl-embeddable/1.6.21/kotlin-scripting-compiler-impl-embeddable-1.6.21.jar to /home/runneradmin/.gradle/.tmp/gradle_download3563512282330749648bin
[856b02c1-8861-4fc8-9c1d-9b33541d87a7/Build]   | Downloading https://plugins.gradle.org/m2/com/diffplug/spotless/spotless-plugin-gradle/6.6.1/spotless-plugin-gradle-6.6.1.jar to /home/runneradmin/.gradle/.tmp/gradle_download14915154668294286158bin
[856b02c1-8861-4fc8-9c1d-9b33541d87a7/Build]   | Downloading https://plugins.gradle.org/m2/org/jetbrains/kotlin/kotlin-scripting-common/1.6.21/kotlin-scripting-common-1.6.21.jar to /home/runneradmin/.gradle/.tmp/gradle_download9916198313456922221bin
[856b02c1-8861-4fc8-9c1d-9b33541d87a7/Build]   | Downloading https://plugins.gradle.org/m2/com/diffplug/spotless/spotless-lib/2.25.3/spotless-lib-2.25.3.jar to /home/runneradmin/.gradle/.tmp/gradle_download10069471169361184158bin
[856b02c1-8861-4fc8-9c1d-9b33541d87a7/Build]   | Downloading https://plugins.gradle.org/m2/io/github/gradle-nexus/publish-plugin/1.1.0/publish-plugin-1.1.0.jar to /home/runneradmin/.gradle/.tmp/gradle_download16297660394300577842bin
[856b02c1-8861-4fc8-9c1d-9b33541d87a7/Build]   | Downloading https://plugins.gradle.org/m2/org/jetbrains/kotlin/kotlin-gradle-plugin-api/1.6.21/kotlin-gradle-plugin-api-1.6.21.jar to /home/runneradmin/.gradle/.tmp/gradle_download17965480174354867370bin
[856b02c1-8861-4fc8-9c1d-9b33541d87a7/Build]   | Downloading https://plugins.gradle.org/m2/org/jetbrains/kotlin/kotlin-scripting-compiler-embeddable/1.6.21/kotlin-scripting-compiler-embeddable-1.6.21.jar to /home/runneradmin/.gradle/.tmp/gradle_download84298110092401140bin
[856b02c1-8861-4fc8-9c1d-9b33541d87a7/Build]   | Downloading https://plugins.gradle.org/m2/org/apache/commons/commons-math3/3.2/commons-math3-3.2.jar to /home/runneradmin/.gradle/.tmp/gradle_download14970734227198321364bin
[856b02c1-8861-4fc8-9c1d-9b33541d87a7/Build]   | Downloading https://plugins.gradle.org/m2/com/google/guava/listenablefuture/9999.0-empty-to-avoid-conflict-with-guava/listenablefuture-9999.0-empty-to-avoid-conflict-with-guava.jar to /home/runneradmin/.gradle/.tmp/gradle_download9812671946297277081bin
[856b02c1-8861-4fc8-9c1d-9b33541d87a7/Build]   | Downloading https://plugins.gradle.org/m2/com/googlecode/concurrent-trees/concurrent-trees/2.6.1/concurrent-trees-2.6.1.jar to /home/runneradmin/.gradle/.tmp/gradle_download4941437684889972384bin
[856b02c1-8861-4fc8-9c1d-9b33541d87a7/Build]   | Downloading https://plugins.gradle.org/m2/org/jetbrains/kotlin/kotlin-project-model/1.6.21/kotlin-project-model-1.6.21.jar to /home/runneradmin/.gradle/.tmp/gradle_download18282161330618219080bin
[856b02c1-8861-4fc8-9c1d-9b33541d87a7/Build]   | Downloading https://plugins.gradle.org/m2/org/codehaus/groovy/groovy-xml/3.0.9/groovy-xml-3.0.9.jar to /home/runneradmin/.gradle/.tmp/gradle_download3437742714861348809bin
[856b02c1-8861-4fc8-9c1d-9b33541d87a7/Build]   | Downloading https://plugins.gradle.org/m2/com/google/code/gson/gson/2.8.9/gson-2.8.9.jar to /home/runneradmin/.gradle/.tmp/gradle_download8012903076731286082bin
[856b02c1-8861-4fc8-9c1d-9b33541d87a7/Build]   | Downloading https://plugins.gradle.org/m2/org/codehaus/groovy/groovy/3.0.9/groovy-3.0.9.jar to /home/runneradmin/.gradle/.tmp/gradle_download18321588005952417933bin
[856b02c1-8861-4fc8-9c1d-9b33541d87a7/Build]   | Downloading https://plugins.gradle.org/m2/org/jetbrains/kotlin/kotlin-build-common/1.6.21/kotlin-build-common-1.6.21.jar to /home/runneradmin/.gradle/.tmp/gradle_download8743100848616978543bin
[856b02c1-8861-4fc8-9c1d-9b33541d87a7/Build]   | Downloading https://plugins.gradle.org/m2/com/diffplug/durian/durian-core/1.2.0/durian-core-1.2.0.jar to /home/runneradmin/.gradle/.tmp/gradle_download16358056887766105751bin
[856b02c1-8861-4fc8-9c1d-9b33541d87a7/Build]   | Downloading https://plugins.gradle.org/m2/com/google/guava/failureaccess/1.0.1/failureaccess-1.0.1.jar to /home/runneradmin/.gradle/.tmp/gradle_download8146396607421987359bin
[856b02c1-8861-4fc8-9c1d-9b33541d87a7/Build]   | Downloading https://plugins.gradle.org/m2/org/jetbrains/kotlin/kotlin-scripting-jvm/1.6.21/kotlin-scripting-jvm-1.6.21.jar to /home/runneradmin/.gradle/.tmp/gradle_download11117769082475345469bin
[856b02c1-8861-4fc8-9c1d-9b33541d87a7/Build]   | Downloading https://plugins.gradle.org/m2/org/jetbrains/kotlin/kotlin-tooling-metadata/1.6.21/kotlin-tooling-metadata-1.6.21.jar to /home/runneradmin/.gradle/.tmp/gradle_download18333576678752704041bin
[856b02c1-8861-4fc8-9c1d-9b33541d87a7/Build]   | Downloading https://plugins.gradle.org/m2/org/jetbrains/kotlin/kotlin-annotation-processing-gradle/1.6.21/kotlin-annotation-processing-gradle-1.6.21.jar to /home/runneradmin/.gradle/.tmp/gradle_download6869512825071684343bin
[856b02c1-8861-4fc8-9c1d-9b33541d87a7/Build]   | Downloading https://plugins.gradle.org/m2/com/googlecode/javaewah/JavaEWAH/1.1.12/JavaEWAH-1.1.12.jar to /home/runneradmin/.gradle/.tmp/gradle_download6651118489137092398bin
[856b02c1-8861-4fc8-9c1d-9b33541d87a7/Build]   | Downloading https://plugins.gradle.org/m2/org/eclipse/jgit/org.eclipse.jgit/5.13.0.202109080827-r/org.eclipse.jgit-5.13.0.202109080827-r.jar to /home/runneradmin/.gradle/.tmp/gradle_download4671587718456781687bin
[856b02c1-8861-4fc8-9c1d-9b33541d87a7/Build]   | Downloading https://plugins.gradle.org/m2/com/diffplug/durian/durian-io/1.2.0/durian-io-1.2.0.jar to /home/runneradmin/.gradle/.tmp/gradle_download2218179655802703529bin
[856b02c1-8861-4fc8-9c1d-9b33541d87a7/Build]   | Downloading https://plugins.gradle.org/m2/org/jetbrains/intellij/deps/trove4j/1.0.20200330/trove4j-1.0.20200330.jar to /home/runneradmin/.gradle/.tmp/gradle_download291147320264319571bin
[856b02c1-8861-4fc8-9c1d-9b33541d87a7/Build]   | Downloading https://plugins.gradle.org/m2/org/sonarsource/scanner/api/sonar-scanner-api/2.16.1.361/sonar-scanner-api-2.16.1.361.jar to /home/runneradmin/.gradle/.tmp/gradle_download15031136551474869824bin
[856b02c1-8861-4fc8-9c1d-9b33541d87a7/Build]   | Downloading https://plugins.gradle.org/m2/org/jetbrains/kotlinx/kotlinx-coroutines-core-jvm/1.5.0/kotlinx-coroutines-core-jvm-1.5.0.jar to /home/runneradmin/.gradle/.tmp/gradle_download15245701025582465432bin
[856b02c1-8861-4fc8-9c1d-9b33541d87a7/Build]   | Downloading https://plugins.gradle.org/m2/org/jetbrains/kotlin/kotlin-gradle-plugin/1.6.21/kotlin-gradle-plugin-1.6.21.jar to /home/runneradmin/.gradle/.tmp/gradle_download4187249813797995500bin
[856b02c1-8861-4fc8-9c1d-9b33541d87a7/Build]   | Downloading https://plugins.gradle.org/m2/org/jetbrains/kotlin/kotlin-compiler-embeddable/1.6.21/kotlin-compiler-embeddable-1.6.21.jar to /home/runneradmin/.gradle/.tmp/gradle_download4262390066748026528bin
[856b02c1-8861-4fc8-9c1d-9b33541d87a7/Build]   | Downloading https://plugins.gradle.org/m2/org/jetbrains/kotlin/kotlin-daemon-embeddable/1.6.21/kotlin-daemon-embeddable-1.6.21.jar to /home/runneradmin/.gradle/.tmp/gradle_download17099366929164165470bin
[856b02c1-8861-4fc8-9c1d-9b33541d87a7/Build]   | Downloading https://plugins.gradle.org/m2/org/jetbrains/kotlin/kotlin-util-io/1.6.21/kotlin-util-io-1.6.21.jar to /home/runneradmin/.gradle/.tmp/gradle_download6022125864492878261bin
[856b02c1-8861-4fc8-9c1d-9b33541d87a7/Build]   | kotlin scripting plugin: created the scripting discovery configuration: kotlinScriptDef
[856b02c1-8861-4fc8-9c1d-9b33541d87a7/Build]   | kotlin scripting plugin: created the scripting discovery configuration: testKotlinScriptDef
[856b02c1-8861-4fc8-9c1d-9b33541d87a7/Build]   | kotlin scripting plugin: created the scripting discovery configuration: jmhKotlinScriptDef
[856b02c1-8861-4fc8-9c1d-9b33541d87a7/Build]   | Compiling build file '/tmp/c003bc15-4795-4865-9aa0-3f767957722e/build.gradle' using BuildScriptTransformer.
[856b02c1-8861-4fc8-9c1d-9b33541d87a7/Build]   | Downloading https://repo.maven.apache.org/maven2/com/worksap/nlp/jdartsclone/1.2.0/jdartsclone-1.2.0.pom to /home/runneradmin/.gradle/.tmp/gradle_download2504870837163274868bin
[856b02c1-8861-4fc8-9c1d-9b33541d87a7/Build]   | Downloading https://repo.maven.apache.org/maven2/org/glassfish/javax.json/1.1.4/javax.json-1.1.4.pom to /home/runneradmin/.gradle/.tmp/gradle_download8461055110640317843bin
[856b02c1-8861-4fc8-9c1d-9b33541d87a7/Build]   | Downloading https://repo.maven.apache.org/maven2/org/glassfish/json/1.1.4/json-1.1.4.pom to /home/runneradmin/.gradle/.tmp/gradle_download15460470337814886492bin
[856b02c1-8861-4fc8-9c1d-9b33541d87a7/Build]   | Downloading https://repo.maven.apache.org/maven2/net/java/jvnet-parent/5/jvnet-parent-5.pom to /home/runneradmin/.gradle/.tmp/gradle_download14512150040872461264bin
[856b02c1-8861-4fc8-9c1d-9b33541d87a7/Build]   | Downloading https://repo.maven.apache.org/maven2/com/worksap/nlp/jdartsclone/1.2.0/jdartsclone-1.2.0.jar to /home/runneradmin/.gradle/.tmp/gradle_download11907602879897023689bin
[856b02c1-8861-4fc8-9c1d-9b33541d87a7/Build]   | Downloading https://repo.maven.apache.org/maven2/org/glassfish/javax.json/1.1.4/javax.json-1.1.4.jar to /home/runneradmin/.gradle/.tmp/gradle_download11990455584319771499bin
[856b02c1-8861-4fc8-9c1d-9b33541d87a7/Build]   | All projects evaluated.
[856b02c1-8861-4fc8-9c1d-9b33541d87a7/Build]   | Selected primary task 'build' from project :
[856b02c1-8861-4fc8-9c1d-9b33541d87a7/Build]   | Downloading https://repo.maven.apache.org/maven2/org/eclipse/platform/org.eclipse.core.resources/3.15.100/org.eclipse.core.resources-3.15.100.pom to /home/runneradmin/.gradle/.tmp/gradle_download320308452917507864bin
[856b02c1-8861-4fc8-9c1d-9b33541d87a7/Build]   | Downloading https://repo.maven.apache.org/maven2/org/eclipse/jdt/org.eclipse.jdt.core/3.27.0/org.eclipse.jdt.core-3.27.0.pom to /home/runneradmin/.gradle/.tmp/gradle_download12895858682018709526bin
[856b02c1-8861-4fc8-9c1d-9b33541d87a7/Build]   | Downloading https://repo.maven.apache.org/maven2/com/diffplug/spotless/spotless-eclipse-jdt/4.8.1/spotless-eclipse-jdt-4.8.1.pom to /home/runneradmin/.gradle/.tmp/gradle_download333962283462579079bin
[856b02c1-8861-4fc8-9c1d-9b33541d87a7/Build]   | Downloading https://repo.maven.apache.org/maven2/org/eclipse/platform/org.eclipse.core.filesystem/1.9.100/org.eclipse.core.filesystem-1.9.100.pom to /home/runneradmin/.gradle/.tmp/gradle_download13451884632370599731bin
[856b02c1-8861-4fc8-9c1d-9b33541d87a7/Build]   | Downloading https://repo.maven.apache.org/maven2/org/eclipse/platform/org.eclipse.core.jobs/3.12.0/org.eclipse.core.jobs-3.12.0.pom to /home/runneradmin/.gradle/.tmp/gradle_download15651530232409471958bin
[856b02c1-8861-4fc8-9c1d-9b33541d87a7/Build]   | Downloading https://repo.maven.apache.org/maven2/org/eclipse/platform/org.eclipse.core.commands/3.10.100/org.eclipse.core.commands-3.10.100.pom to /home/runneradmin/.gradle/.tmp/gradle_download9866566928982509910bin
[856b02c1-8861-4fc8-9c1d-9b33541d87a7/Build]   | Downloading https://repo.maven.apache.org/maven2/org/eclipse/platform/org.eclipse.core.runtime/3.23.0/org.eclipse.core.runtime-3.23.0.pom to /home/runneradmin/.gradle/.tmp/gradle_download3278145156637385810bin
[856b02c1-8861-4fc8-9c1d-9b33541d87a7/Build]   | Downloading https://repo.maven.apache.org/maven2/org/eclipse/platform/org.eclipse.osgi/3.17.0/org.eclipse.osgi-3.17.0.pom to /home/runneradmin/.gradle/.tmp/gradle_download3070544306461920898bin
[856b02c1-8861-4fc8-9c1d-9b33541d87a7/Build]   | Downloading https://repo.maven.apache.org/maven2/net/jcip/jcip-annotations/1.0/jcip-annotations-1.0.pom to /home/runneradmin/.gradle/.tmp/gradle_download16789455972942319173bin
[856b02c1-8861-4fc8-9c1d-9b33541d87a7/Build]   | Downloading https://repo.maven.apache.org/maven2/com/diffplug/spotless/spotless-eclipse-base/3.5.2/spotless-eclipse-base-3.5.2.pom to /home/runneradmin/.gradle/.tmp/gradle_download14120667519185226429bin
[856b02c1-8861-4fc8-9c1d-9b33541d87a7/Build]   | Downloading https://repo.maven.apache.org/maven2/org/eclipse/platform/org.eclipse.core.contenttype/3.8.0/org.eclipse.core.contenttype-3.8.0.pom to /home/runneradmin/.gradle/.tmp/gradle_download17916859943956295656bin
[856b02c1-8861-4fc8-9c1d-9b33541d87a7/Build]   | Downloading https://repo.maven.apache.org/maven2/com/github/spotbugs/spotbugs-annotations/4.0.2/spotbugs-annotations-4.0.2.pom to /home/runneradmin/.gradle/.tmp/gradle_download956735380908469071bin
[856b02c1-8861-4fc8-9c1d-9b33541d87a7/Build]   | Downloading https://repo.maven.apache.org/maven2/org/eclipse/platform/org.eclipse.equinox.common/3.15.0/org.eclipse.equinox.common-3.15.0.pom to /home/runneradmin/.gradle/.tmp/gradle_download5607682969875392042bin
[856b02c1-8861-4fc8-9c1d-9b33541d87a7/Build]   | Downloading https://repo.maven.apache.org/maven2/org/eclipse/platform/org.eclipse.equinox.preferences/3.9.0/org.eclipse.equinox.preferences-3.9.0.pom to /home/runneradmin/.gradle/.tmp/gradle_download8196755189516879903bin
[856b02c1-8861-4fc8-9c1d-9b33541d87a7/Build]   | Downloading https://repo.maven.apache.org/maven2/org/eclipse/platform/org.eclipse.text/3.12.0/org.eclipse.text-3.12.0.pom to /home/runneradmin/.gradle/.tmp/gradle_download17983096791353661227bin
[856b02c1-8861-4fc8-9c1d-9b33541d87a7/Build]   | Downloading https://repo.maven.apache.org/maven2/org/eclipse/platform/org.eclipse.equinox.app/1.6.0/org.eclipse.equinox.app-1.6.0.pom to /home/runneradmin/.gradle/.tmp/gradle_download15288529743394104030bin
[856b02c1-8861-4fc8-9c1d-9b33541d87a7/Build]   | Downloading https://repo.maven.apache.org/maven2/org/eclipse/platform/org.eclipse.equinox.registry/3.11.0/org.eclipse.equinox.registry-3.11.0.pom to /home/runneradmin/.gradle/.tmp/gradle_download18378998076378268986bin
[856b02c1-8861-4fc8-9c1d-9b33541d87a7/Build]   | Found locally available resource with matching checksum: [https://repo.maven.apache.org/maven2/com/google/code/findbugs/jsr305/3.0.2/jsr305-3.0.2.pom, /home/runneradmin/.gradle/caches/modules-2/files-2.1/com.google.code.findbugs/jsr305/3.0.2/8d93cdf4d84d7e1de736df607945c6df0730a10f/jsr305-3.0.2.pom]
[856b02c1-8861-4fc8-9c1d-9b33541d87a7/Build]   | Downloading https://repo.maven.apache.org/maven2/com/diffplug/spotless/spotless-eclipse-jdt/4.8.1/spotless-eclipse-jdt-4.8.1.module to /home/runneradmin/.gradle/.tmp/gradle_download6082834378208130693bin
[856b02c1-8861-4fc8-9c1d-9b33541d87a7/Build]   | Downloading https://repo.maven.apache.org/maven2/com/diffplug/spotless/spotless-eclipse-base/3.5.2/spotless-eclipse-base-3.5.2.module to /home/runneradmin/.gradle/.tmp/gradle_download6189705991007877139bin
[856b02c1-8861-4fc8-9c1d-9b33541d87a7/Build]   | Downloading https://repo.maven.apache.org/maven2/com/github/spotbugs/spotbugs-annotations/4.0.2/spotbugs-annotations-4.0.2.module to /home/runneradmin/.gradle/.tmp/gradle_download14112590572304358222bin
[856b02c1-8861-4fc8-9c1d-9b33541d87a7/Build]   | Found locally available resource with matching checksum: [https://repo.maven.apache.org/maven2/org/sonatype/oss/oss-parent/7/oss-parent-7.pom, /home/runneradmin/.gradle/caches/modules-2/files-2.1/org.sonatype.oss/oss-parent/7/46b8a785b60a2767095b8611613b58577e96d4c9/oss-parent-7.pom]
[856b02c1-8861-4fc8-9c1d-9b33541d87a7/Build]   | Downloading https://repo.maven.apache.org/maven2/net/jcip/jcip-annotations/1.0/jcip-annotations-1.0.jar to /home/runneradmin/.gradle/.tmp/gradle_download9129832749569721316bin
[856b02c1-8861-4fc8-9c1d-9b33541d87a7/Build]   | Downloading https://repo.maven.apache.org/maven2/com/github/spotbugs/spotbugs-annotations/4.0.2/spotbugs-annotations-4.0.2.jar to /home/runneradmin/.gradle/.tmp/gradle_download17981528387141326216bin
[856b02c1-8861-4fc8-9c1d-9b33541d87a7/Build]   | Found locally available resource with matching checksum: [https://repo.maven.apache.org/maven2/com/google/code/findbugs/jsr305/3.0.2/jsr305-3.0.2.jar, /home/runneradmin/.gradle/caches/modules-2/files-2.1/com.google.code.findbugs/jsr305/3.0.2/25ea2e8b0c338a877313bd4672d3fe056ea78f0d/jsr305-3.0.2.jar]
[856b02c1-8861-4fc8-9c1d-9b33541d87a7/Build]   | Downloading https://repo.maven.apache.org/maven2/com/diffplug/spotless/spotless-eclipse-base/3.5.2/spotless-eclipse-base-3.5.2.jar to /home/runneradmin/.gradle/.tmp/gradle_download3737518262277073319bin
[856b02c1-8861-4fc8-9c1d-9b33541d87a7/Build]   | Downloading https://repo.maven.apache.org/maven2/org/eclipse/platform/org.eclipse.core.filesystem/1.9.100/org.eclipse.core.filesystem-1.9.100.jar to /home/runneradmin/.gradle/.tmp/gradle_download1987765666106673269bin
[856b02c1-8861-4fc8-9c1d-9b33541d87a7/Build]   | Downloading https://repo.maven.apache.org/maven2/com/diffplug/spotless/spotless-eclipse-jdt/4.8.1/spotless-eclipse-jdt-4.8.1.jar to /home/runneradmin/.gradle/.tmp/gradle_download495261742298900839bin
[856b02c1-8861-4fc8-9c1d-9b33541d87a7/Build]   | Downloading https://repo.maven.apache.org/maven2/org/eclipse/platform/org.eclipse.core.resources/3.15.100/org.eclipse.core.resources-3.15.100.jar to /home/runneradmin/.gradle/.tmp/gradle_download8753198063167323115bin
[856b02c1-8861-4fc8-9c1d-9b33541d87a7/Build]   | Downloading https://repo.maven.apache.org/maven2/org/eclipse/jdt/org.eclipse.jdt.core/3.27.0/org.eclipse.jdt.core-3.27.0.jar to /home/runneradmin/.gradle/.tmp/gradle_download8378609810173319784bin
[856b02c1-8861-4fc8-9c1d-9b33541d87a7/Build]   | Downloading https://repo.maven.apache.org/maven2/org/eclipse/platform/org.eclipse.equinox.preferences/3.9.0/org.eclipse.equinox.preferences-3.9.0.jar to /home/runneradmin/.gradle/.tmp/gradle_download9941128695912530905bin
[856b02c1-8861-4fc8-9c1d-9b33541d87a7/Build]   | Downloading https://repo.maven.apache.org/maven2/org/eclipse/platform/org.eclipse.equinox.registry/3.11.0/org.eclipse.equinox.registry-3.11.0.jar to /home/runneradmin/.gradle/.tmp/gradle_download12493491897362789527bin
[856b02c1-8861-4fc8-9c1d-9b33541d87a7/Build]   | Downloading https://repo.maven.apache.org/maven2/org/eclipse/platform/org.eclipse.core.runtime/3.23.0/org.eclipse.core.runtime-3.23.0.jar to /home/runneradmin/.gradle/.tmp/gradle_download17605385272440467716bin
[856b02c1-8861-4fc8-9c1d-9b33541d87a7/Build]   | Downloading https://repo.maven.apache.org/maven2/org/eclipse/platform/org.eclipse.equinox.app/1.6.0/org.eclipse.equinox.app-1.6.0.jar to /home/runneradmin/.gradle/.tmp/gradle_download9829940155380270837bin
[856b02c1-8861-4fc8-9c1d-9b33541d87a7/Build]   | Downloading https://repo.maven.apache.org/maven2/org/eclipse/platform/org.eclipse.osgi/3.17.0/org.eclipse.osgi-3.17.0.jar to /home/runneradmin/.gradle/.tmp/gradle_download16434447718439336621bin
[856b02c1-8861-4fc8-9c1d-9b33541d87a7/Build]   | Downloading https://repo.maven.apache.org/maven2/org/eclipse/platform/org.eclipse.text/3.12.0/org.eclipse.text-3.12.0.jar to /home/runneradmin/.gradle/.tmp/gradle_download17205700507765516993bin
[856b02c1-8861-4fc8-9c1d-9b33541d87a7/Build]   | Downloading https://repo.maven.apache.org/maven2/org/eclipse/platform/org.eclipse.equinox.common/3.15.0/org.eclipse.equinox.common-3.15.0.jar to /home/runneradmin/.gradle/.tmp/gradle_download3756758210462911991bin
[856b02c1-8861-4fc8-9c1d-9b33541d87a7/Build]   | Downloading https://repo.maven.apache.org/maven2/org/eclipse/platform/org.eclipse.core.jobs/3.12.0/org.eclipse.core.jobs-3.12.0.jar to /home/runneradmin/.gradle/.tmp/gradle_download14480331472719659626bin
[856b02c1-8861-4fc8-9c1d-9b33541d87a7/Build]   | Downloading https://repo.maven.apache.org/maven2/org/eclipse/platform/org.eclipse.core.contenttype/3.8.0/org.eclipse.core.contenttype-3.8.0.jar to /home/runneradmin/.gradle/.tmp/gradle_download5726360830322870117bin
[856b02c1-8861-4fc8-9c1d-9b33541d87a7/Build]   | Downloading https://repo.maven.apache.org/maven2/org/eclipse/platform/org.eclipse.core.commands/3.10.100/org.eclipse.core.commands-3.10.100.jar to /home/runneradmin/.gradle/.tmp/gradle_download14961595330736148890bin
[856b02c1-8861-4fc8-9c1d-9b33541d87a7/Build]   | file or directory '/tmp/c003bc15-4795-4865-9aa0-3f767957722e/src/jmh/kotlin', not found
[856b02c1-8861-4fc8-9c1d-9b33541d87a7/Build]   | file or directory '/tmp/c003bc15-4795-4865-9aa0-3f767957722e/src/main/kotlin', not found
[856b02c1-8861-4fc8-9c1d-9b33541d87a7/Build]   | file or directory '/tmp/c003bc15-4795-4865-9aa0-3f767957722e/src/test/kotlin', not found
[856b02c1-8861-4fc8-9c1d-9b33541d87a7/Build]   | Downloading https://repo.maven.apache.org/maven2/com/facebook/ktfmt/0.36/ktfmt-0.36.pom to /home/runneradmin/.gradle/.tmp/gradle_download18400501317011188106bin
[856b02c1-8861-4fc8-9c1d-9b33541d87a7/Build]   | Downloading https://repo.maven.apache.org/maven2/com/facebook/ktfmt-parent/0.36/ktfmt-parent-0.36.pom to /home/runneradmin/.gradle/.tmp/gradle_download4537476142088363925bin
[856b02c1-8861-4fc8-9c1d-9b33541d87a7/Build]   | Found locally available resource with matching checksum: [https://repo.maven.apache.org/maven2/com/google/guava/guava/29.0-jre/guava-29.0-jre.pom, /home/runneradmin/.gradle/caches/modules-2/files-2.1/com.google.guava/guava/29.0-jre/e40cdee0d70244df1e963daac53a16241aea4585/guava-29.0-jre.pom]
[856b02c1-8861-4fc8-9c1d-9b33541d87a7/Build]   | Downloading https://repo.maven.apache.org/maven2/org/jetbrains/kotlin/kotlin-compiler-embeddable/1.6.10/kotlin-compiler-embeddable-1.6.10.pom to /home/runneradmin/.gradle/.tmp/gradle_download13790114596838293570bin
[856b02c1-8861-4fc8-9c1d-9b33541d87a7/Build]   | Downloading https://repo.maven.apache.org/maven2/org/jetbrains/kotlin/kotlin-stdlib-jdk7/1.6.10/kotlin-stdlib-jdk7-1.6.10.pom to /home/runneradmin/.gradle/.tmp/gradle_download3788648861801168879bin
[856b02c1-8861-4fc8-9c1d-9b33541d87a7/Build]   | Downloading https://repo.maven.apache.org/maven2/com/google/googlejavaformat/google-java-format/1.8/google-java-format-1.8.pom to /home/runneradmin/.gradle/.tmp/gradle_download3062793182316060466bin
[856b02c1-8861-4fc8-9c1d-9b33541d87a7/Build]   | Downloading https://repo.maven.apache.org/maven2/net/java/dev/jna/jna/4.2.2/jna-4.2.2.pom to /home/runneradmin/.gradle/.tmp/gradle_download17481575348326470122bin
[856b02c1-8861-4fc8-9c1d-9b33541d87a7/Build]   | Found locally available resource with matching checksum: [https://repo.maven.apache.org/maven2/com/google/guava/guava-parent/29.0-jre/guava-parent-29.0-jre.pom, /home/runneradmin/.gradle/caches/modules-2/files-2.1/com.google.guava/guava-parent/29.0-jre/bd26677407fe1a325335f7c0b96ed42417198250/guava-parent-29.0-jre.pom]
[856b02c1-8861-4fc8-9c1d-9b33541d87a7/Build]   | Downloading https://repo.maven.apache.org/maven2/com/google/googlejavaformat/google-java-format-parent/1.8/google-java-format-parent-1.8.pom to /home/runneradmin/.gradle/.tmp/gradle_download15134690547258950284bin
[856b02c1-8861-4fc8-9c1d-9b33541d87a7/Build]   | Found locally available resource with matching checksum: [https://repo.maven.apache.org/maven2/com/google/j2objc/j2objc-annotations/1.3/j2objc-annotations-1.3.pom, /home/runneradmin/.gradle/caches/modules-2/files-2.1/com.google.j2objc/j2objc-annotations/1.3/47e0dd93285dcc6b33181713bc7e8aed66742964/j2objc-annotations-1.3.pom]
[856b02c1-8861-4fc8-9c1d-9b33541d87a7/Build]   | Found locally available resource with matching checksum: [https://repo.maven.apache.org/maven2/com/google/errorprone/error_prone_annotations/2.3.4/error_prone_annotations-2.3.4.pom, /home/runneradmin/.gradle/caches/modules-2/files-2.1/com.google.errorprone/error_prone_annotations/2.3.4/9a23fcb83bc8ed502506a8e6c648bf763dc5bcf9/error_prone_annotations-2.3.4.pom]
[856b02c1-8861-4fc8-9c1d-9b33541d87a7/Build]   | Found locally available resource with matching checksum: [https://repo.maven.apache.org/maven2/org/checkerframework/checker-qual/2.11.1/checker-qual-2.11.1.pom, /home/runneradmin/.gradle/caches/modules-2/files-2.1/org.checkerframework/checker-qual/2.11.1/ebc1b44da8503640e2ed42627b299272c8c72824/checker-qual-2.11.1.pom]
[856b02c1-8861-4fc8-9c1d-9b33541d87a7/Build]   | Found locally available resource with matching checksum: [https://repo.maven.apache.org/maven2/com/google/guava/listenablefuture/9999.0-empty-to-avoid-conflict-with-guava/listenablefuture-9999.0-empty-to-avoid-conflict-with-guava.pom, /home/runneradmin/.gradle/caches/modules-2/files-2.1/com.google.guava/listenablefuture/9999.0-empty-to-avoid-conflict-with-guava/1b77ba79f9b2b7dfd4e15ea7bb0d568d5eb9cb8d/listenablefuture-9999.0-empty-to-avoid-conflict-with-guava.pom]
[856b02c1-8861-4fc8-9c1d-9b33541d87a7/Build]   | Found locally available resource with matching checksum: [https://repo.maven.apache.org/maven2/com/google/guava/failureaccess/1.0.1/failureaccess-1.0.1.pom, /home/runneradmin/.gradle/caches/modules-2/files-2.1/com.google.guava/failureaccess/1.0.1/e8160e78fdaaf7088621dc1649d9dd2dfcf8d0e8/failureaccess-1.0.1.pom]
[856b02c1-8861-4fc8-9c1d-9b33541d87a7/Build]   | Found locally available resource with matching checksum: [https://repo.maven.apache.org/maven2/com/google/errorprone/error_prone_parent/2.3.4/error_prone_parent-2.3.4.pom, /home/runneradmin/.gradle/caches/modules-2/files-2.1/com.google.errorprone/error_prone_parent/2.3.4/a9b9dd42d174a5f96d6c195525877fc6d0b2028a/error_prone_parent-2.3.4.pom]
[856b02c1-8861-4fc8-9c1d-9b33541d87a7/Build]   | Found locally available resource with matching checksum: [https://repo.maven.apache.org/maven2/com/google/guava/guava-parent/26.0-android/guava-parent-26.0-android.pom, /home/runneradmin/.gradle/caches/modules-2/files-2.1/com.google.guava/guava-parent/26.0-android/a2c0df489614352b7e8e503e274bd1dee5c42a64/guava-parent-26.0-android.pom]
[856b02c1-8861-4fc8-9c1d-9b33541d87a7/Build]   | Found locally available resource with matching checksum: [https://repo.maven.apache.org/maven2/org/sonatype/oss/oss-parent/9/oss-parent-9.pom, /home/runneradmin/.gradle/caches/modules-2/files-2.1/org.sonatype.oss/oss-parent/9/e5cdc4d23b86d79c436f16fed20853284e868f65/oss-parent-9.pom]
[856b02c1-8861-4fc8-9c1d-9b33541d87a7/Build]   | Downloading https://repo.maven.apache.org/maven2/org/jetbrains/kotlin/kotlin-stdlib/1.6.10/kotlin-stdlib-1.6.10.pom to /home/runneradmin/.gradle/.tmp/gradle_download9849539673896908175bin
[856b02c1-8861-4fc8-9c1d-9b33541d87a7/Build]   | Found locally available resource with matching checksum: [https://repo.maven.apache.org/maven2/net/java/dev/jna/jna/5.6.0/jna-5.6.0.pom, /home/runneradmin/.gradle/caches/modules-2/files-2.1/net.java.dev.jna/jna/5.6.0/e542808a6326ec0302c0b09011cb4363e1ece380/jna-5.6.0.pom]
[856b02c1-8861-4fc8-9c1d-9b33541d87a7/Build]   | Downloading https://repo.maven.apache.org/maven2/org/jetbrains/kotlin/kotlin-daemon-embeddable/1.6.10/kotlin-daemon-embeddable-1.6.10.pom to /home/runneradmin/.gradle/.tmp/gradle_download2679776676406605304bin
[856b02c1-8861-4fc8-9c1d-9b33541d87a7/Build]   | Downloading https://repo.maven.apache.org/maven2/org/jetbrains/kotlin/kotlin-reflect/1.6.10/kotlin-reflect-1.6.10.pom to /home/runneradmin/.gradle/.tmp/gradle_download17786699986995705937bin
[856b02c1-8861-4fc8-9c1d-9b33541d87a7/Build]   | Downloading https://repo.maven.apache.org/maven2/org/jetbrains/intellij/deps/trove4j/1.0.20181211/trove4j-1.0.20181211.pom to /home/runneradmin/.gradle/.tmp/gradle_download9317324198335746901bin
[856b02c1-8861-4fc8-9c1d-9b33541d87a7/Build]   | Downloading https://repo.maven.apache.org/maven2/org/jetbrains/kotlin/kotlin-script-runtime/1.6.10/kotlin-script-runtime-1.6.10.pom to /home/runneradmin/.gradle/.tmp/gradle_download13836317660299970423bin
[856b02c1-8861-4fc8-9c1d-9b33541d87a7/Build]   | Downloading https://repo.maven.apache.org/maven2/org/jetbrains/kotlin/kotlin-stdlib-common/1.6.10/kotlin-stdlib-common-1.6.10.pom to /home/runneradmin/.gradle/.tmp/gradle_download13055828605506248717bin
[856b02c1-8861-4fc8-9c1d-9b33541d87a7/Build]   | Downloading https://repo.maven.apache.org/maven2/org/jetbrains/annotations/13.0/annotations-13.0.pom to /home/runneradmin/.gradle/.tmp/gradle_download5788656152575267391bin
[856b02c1-8861-4fc8-9c1d-9b33541d87a7/Build]   | Downloading https://repo.maven.apache.org/maven2/com/google/googlejavaformat/google-java-format/1.8/google-java-format-1.8.jar to /home/runneradmin/.gradle/.tmp/gradle_download4786236684668635422bin
[856b02c1-8861-4fc8-9c1d-9b33541d87a7/Build]   | Downloading https://repo.maven.apache.org/maven2/org/jetbrains/kotlin/kotlin-stdlib-jdk7/1.6.10/kotlin-stdlib-jdk7-1.6.10.jar to /home/runneradmin/.gradle/.tmp/gradle_download11587626115224785478bin
[856b02c1-8861-4fc8-9c1d-9b33541d87a7/Build]   | Downloading https://repo.maven.apache.org/maven2/com/facebook/ktfmt/0.36/ktfmt-0.36.jar to /home/runneradmin/.gradle/.tmp/gradle_download13902655816876873111bin
[856b02c1-8861-4fc8-9c1d-9b33541d87a7/Build]   | Found locally available resource with matching checksum: [https://repo.maven.apache.org/maven2/org/checkerframework/checker-qual/2.11.1/checker-qual-2.11.1.jar, /home/runneradmin/.gradle/caches/modules-2/files-2.1/org.checkerframework/checker-qual/2.11.1/8c43bf8f99b841d23aadda6044329dad9b63c185/checker-qual-2.11.1.jar]
[856b02c1-8861-4fc8-9c1d-9b33541d87a7/Build]   | Downloading https://repo.maven.apache.org/maven2/org/jetbrains/kotlin/kotlin-compiler-embeddable/1.6.10/kotlin-compiler-embeddable-1.6.10.jar to /home/runneradmin/.gradle/.tmp/gradle_download7015116012083968290bin
[856b02c1-8861-4fc8-9c1d-9b33541d87a7/Build]   | Downloading https://repo.maven.apache.org/maven2/org/jetbrains/intellij/deps/trove4j/1.0.20181211/trove4j-1.0.20181211.jar to /home/runneradmin/.gradle/.tmp/gradle_download909550586646339794bin
[856b02c1-8861-4fc8-9c1d-9b33541d87a7/Build]   | Downloading https://repo.maven.apache.org/maven2/org/jetbrains/kotlin/kotlin-script-runtime/1.6.10/kotlin-script-runtime-1.6.10.jar to /home/runneradmin/.gradle/.tmp/gradle_download15759808982609625270bin
[856b02c1-8861-4fc8-9c1d-9b33541d87a7/Build]   | Found locally available resource with matching checksum: [https://repo.maven.apache.org/maven2/com/google/guava/guava/29.0-jre/guava-29.0-jre.jar, /home/runneradmin/.gradle/caches/modules-2/files-2.1/com.google.guava/guava/29.0-jre/801142b4c3d0f0770dd29abea50906cacfddd447/guava-29.0-jre.jar]
[856b02c1-8861-4fc8-9c1d-9b33541d87a7/Build]   | Downloading https://repo.maven.apache.org/maven2/org/jetbrains/kotlin/kotlin-stdlib-common/1.6.10/kotlin-stdlib-common-1.6.10.jar to /home/runneradmin/.gradle/.tmp/gradle_download9709470439583726876bin
[856b02c1-8861-4fc8-9c1d-9b33541d87a7/Build]   | Found locally available resource with matching checksum: [https://repo.maven.apache.org/maven2/com/google/guava/failureaccess/1.0.1/failureaccess-1.0.1.jar, /home/runneradmin/.gradle/caches/modules-2/files-2.1/com.google.guava/failureaccess/1.0.1/1dcf1de382a0bf95a3d8b0849546c88bac1292c9/failureaccess-1.0.1.jar]
[856b02c1-8861-4fc8-9c1d-9b33541d87a7/Build]   | Downloading https://repo.maven.apache.org/maven2/org/jetbrains/kotlin/kotlin-reflect/1.6.10/kotlin-reflect-1.6.10.jar to /home/runneradmin/.gradle/.tmp/gradle_download1900348462606105595bin
[856b02c1-8861-4fc8-9c1d-9b33541d87a7/Build]   | Found locally available resource with matching checksum: [https://repo.maven.apache.org/maven2/com/google/guava/listenablefuture/9999.0-empty-to-avoid-conflict-with-guava/listenablefuture-9999.0-empty-to-avoid-conflict-with-guava.jar, /home/runneradmin/.gradle/caches/modules-2/files-2.1/com.google.guava/listenablefuture/9999.0-empty-to-avoid-conflict-with-guava/b421526c5f297295adef1c886e5246c39d4ac629/listenablefuture-9999.0-empty-to-avoid-conflict-with-guava.jar]
[856b02c1-8861-4fc8-9c1d-9b33541d87a7/Build]   | Downloading https://repo.maven.apache.org/maven2/org/jetbrains/kotlin/kotlin-stdlib/1.6.10/kotlin-stdlib-1.6.10.jar to /home/runneradmin/.gradle/.tmp/gradle_download11444578344147397495bin
[856b02c1-8861-4fc8-9c1d-9b33541d87a7/Build]   | Downloading https://repo.maven.apache.org/maven2/org/jetbrains/annotations/13.0/annotations-13.0.jar to /home/runneradmin/.gradle/.tmp/gradle_download6288230771360513778bin
[856b02c1-8861-4fc8-9c1d-9b33541d87a7/Build]   | Found locally available resource with matching checksum: [https://repo.maven.apache.org/maven2/com/google/errorprone/error_prone_annotations/2.3.4/error_prone_annotations-2.3.4.jar, /home/runneradmin/.gradle/caches/modules-2/files-2.1/com.google.errorprone/error_prone_annotations/2.3.4/dac170e4594de319655ffb62f41cbd6dbb5e601e/error_prone_annotations-2.3.4.jar]
[856b02c1-8861-4fc8-9c1d-9b33541d87a7/Build]   | Downloading https://repo.maven.apache.org/maven2/org/jetbrains/kotlin/kotlin-daemon-embeddable/1.6.10/kotlin-daemon-embeddable-1.6.10.jar to /home/runneradmin/.gradle/.tmp/gradle_download9330119989117750611bin
[856b02c1-8861-4fc8-9c1d-9b33541d87a7/Build]   | Found locally available resource with matching checksum: [https://repo.maven.apache.org/maven2/com/google/j2objc/j2objc-annotations/1.3/j2objc-annotations-1.3.jar, /home/runneradmin/.gradle/caches/modules-2/files-2.1/com.google.j2objc/j2objc-annotations/1.3/ba035118bc8bac37d7eff77700720999acd9986d/j2objc-annotations-1.3.jar]
[856b02c1-8861-4fc8-9c1d-9b33541d87a7/Build]   | Found locally available resource with matching checksum: [https://repo.maven.apache.org/maven2/net/java/dev/jna/jna/5.6.0/jna-5.6.0.jar, /home/runneradmin/.gradle/caches/modules-2/files-2.1/net.java.dev.jna/jna/5.6.0/330f2244e9030119ab3030fc3fededc86713d9cc/jna-5.6.0.jar]
[856b02c1-8861-4fc8-9c1d-9b33541d87a7/Build]   | file or directory '/tmp/c003bc15-4795-4865-9aa0-3f767957722e/src/jmh/resources', not found
[856b02c1-8861-4fc8-9c1d-9b33541d87a7/Build]   | file or directory '/tmp/c003bc15-4795-4865-9aa0-3f767957722e/src/jmh/kotlin', not found
[856b02c1-8861-4fc8-9c1d-9b33541d87a7/Build]   | file or directory '/tmp/c003bc15-4795-4865-9aa0-3f767957722e/src/main/kotlin', not found
[856b02c1-8861-4fc8-9c1d-9b33541d87a7/Build]   | file or directory '/tmp/c003bc15-4795-4865-9aa0-3f767957722e/src/test/kotlin', not found
[856b02c1-8861-4fc8-9c1d-9b33541d87a7/Build]   | Selected primary task 'jacocoTestReport' from project :
[856b02c1-8861-4fc8-9c1d-9b33541d87a7/Build]   | Tasks to be executed: [task ':distTar', task ':distZip', task ':compileKotlin', task ':compileJava', task ':processResources', task ':classes', task ':inspectClassesForKotlinIC', task ':jar', task ':executableDistTar', task ':executableDistZip', task ':javadoc', task ':javadocJar', task ':sourcesJar', task ':assemble', task ':spotlessInternalRegisterDependencies', task ':spotlessJava', task ':spotlessJavaCheck', task ':spotlessKotlin', task ':spotlessKotlinCheck', task ':spotlessMisc', task ':spotlessMiscCheck', task ':spotlessCheck', task ':compileTestKotlin', task ':compileTestJava', task ':processTestResources', task ':testClasses', task ':test', task ':check', task ':build', task ':jacocoTestReport']
[856b02c1-8861-4fc8-9c1d-9b33541d87a7/Build]   | Tasks that were excluded: []
[856b02c1-8861-4fc8-9c1d-9b33541d87a7/Build]   | :distTar (Thread[Execution worker for ':',5,main]) started.
[856b02c1-8861-4fc8-9c1d-9b33541d87a7/Build]   | 
[856b02c1-8861-4fc8-9c1d-9b33541d87a7/Build]   | > Task :distTar NO-SOURCE
[856b02c1-8861-4fc8-9c1d-9b33541d87a7/Build]   | Skipping task ':distTar' as it has no source files and no previous output files.
[856b02c1-8861-4fc8-9c1d-9b33541d87a7/Build]   | :distTar (Thread[Execution worker for ':',5,main]) completed. Took 0.207 secs.
[856b02c1-8861-4fc8-9c1d-9b33541d87a7/Build]   | :distZip (Thread[Execution worker for ':' Thread 31,5,main]) started.
[856b02c1-8861-4fc8-9c1d-9b33541d87a7/Build]   | 
[856b02c1-8861-4fc8-9c1d-9b33541d87a7/Build]   | > Task :distZip NO-SOURCE
[856b02c1-8861-4fc8-9c1d-9b33541d87a7/Build]   | Skipping task ':distZip' as it has no source files and no previous output files.
[856b02c1-8861-4fc8-9c1d-9b33541d87a7/Build]   | :distZip (Thread[Execution worker for ':' Thread 31,5,main]) completed. Took 0.016 secs.
[856b02c1-8861-4fc8-9c1d-9b33541d87a7/Build]   | :compileKotlin (Thread[Execution worker for ':' Thread 31,5,main]) started.
[856b02c1-8861-4fc8-9c1d-9b33541d87a7/Build]   | 
[856b02c1-8861-4fc8-9c1d-9b33541d87a7/Build]   | > Task :compileKotlin UP-TO-DATE
[856b02c1-8861-4fc8-9c1d-9b33541d87a7/Build]   | Found locally available resource with matching checksum: [https://repo.maven.apache.org/maven2/org/jetbrains/kotlin/kotlin-scripting-compiler-embeddable/1.6.21/kotlin-scripting-compiler-embeddable-1.6.21.pom, /home/runneradmin/.gradle/caches/modules-2/files-2.1/org.jetbrains.kotlin/kotlin-scripting-compiler-embeddable/1.6.21/53aab42b6d0e2c03e8443f83ac68dcacc9b43d7/kotlin-scripting-compiler-embeddable-1.6.21.pom]
[856b02c1-8861-4fc8-9c1d-9b33541d87a7/Build]   | Downloading https://repo.maven.apache.org/maven2/org/jetbrains/kotlin/kotlin-stdlib/1.6.21/kotlin-stdlib-1.6.21.pom to /home/runneradmin/.gradle/.tmp/gradle_download5463863356730519582bin
[856b02c1-8861-4fc8-9c1d-9b33541d87a7/Build]   | Found locally available resource with matching checksum: [https://repo.maven.apache.org/maven2/org/jetbrains/kotlin/kotlin-scripting-compiler-impl-embeddable/1.6.21/kotlin-scripting-compiler-impl-embeddable-1.6.21.pom, /home/runneradmin/.gradle/caches/modules-2/files-2.1/org.jetbrains.kotlin/kotlin-scripting-compiler-impl-embeddable/1.6.21/66b30203476c151719aef1a4f269a8cbcc6795ed/kotlin-scripting-compiler-impl-embeddable-1.6.21.pom]
[856b02c1-8861-4fc8-9c1d-9b33541d87a7/Build]   | Found locally available resource with matching checksum: [https://repo.maven.apache.org/maven2/org/jetbrains/kotlin/kotlin-scripting-common/1.6.21/kotlin-scripting-common-1.6.21.pom, /home/runneradmin/.gradle/caches/modules-2/files-2.1/org.jetbrains.kotlin/kotlin-scripting-common/1.6.21/16c7004cb5fb08e1ffd0cfff7a7995b44b97abb/kotlin-scripting-common-1.6.21.pom]
[856b02c1-8861-4fc8-9c1d-9b33541d87a7/Build]   | Found locally available resource with matching checksum: [https://repo.maven.apache.org/maven2/org/jetbrains/kotlin/kotlin-scripting-jvm/1.6.21/kotlin-scripting-jvm-1.6.21.pom, /home/runneradmin/.gradle/caches/modules-2/files-2.1/org.jetbrains.kotlin/kotlin-scripting-jvm/1.6.21/f5a5cce133757bfa5366d099de2276ed565608be/kotlin-scripting-jvm-1.6.21.pom]
[856b02c1-8861-4fc8-9c1d-9b33541d87a7/Build]   | Downloading https://repo.maven.apache.org/maven2/org/jetbrains/kotlin/kotlin-stdlib-common/1.6.21/kotlin-stdlib-common-1.6.21.pom to /home/runneradmin/.gradle/.tmp/gradle_download14177986785011504139bin
[856b02c1-8861-4fc8-9c1d-9b33541d87a7/Build]   | Downloading https://repo.maven.apache.org/maven2/org/jetbrains/kotlin/kotlin-script-runtime/1.6.21/kotlin-script-runtime-1.6.21.pom to /home/runneradmin/.gradle/.tmp/gradle_download11699358954047293378bin
[856b02c1-8861-4fc8-9c1d-9b33541d87a7/Build]   | Found locally available resource with matching checksum: [https://repo.maven.apache.org/maven2/org/jetbrains/kotlin/kotlin-scripting-compiler-embeddable/1.6.21/kotlin-scripting-compiler-embeddable-1.6.21.jar, /home/runneradmin/.gradle/caches/modules-2/files-2.1/org.jetbrains.kotlin/kotlin-scripting-compiler-embeddable/1.6.21/5286c5c9b215a1a53cb5fde89ab981be308705b7/kotlin-scripting-compiler-embeddable-1.6.21.jar]
[856b02c1-8861-4fc8-9c1d-9b33541d87a7/Build]   | Found locally available resource with matching checksum: [https://repo.maven.apache.org/maven2/org/jetbrains/kotlin/kotlin-scripting-compiler-impl-embeddable/1.6.21/kotlin-scripting-compiler-impl-embeddable-1.6.21.jar, /home/runneradmin/.gradle/caches/modules-2/files-2.1/org.jetbrains.kotlin/kotlin-scripting-compiler-impl-embeddable/1.6.21/75bf05ec0a03994c84d7589badf2fec26f1196c1/kotlin-scripting-compiler-impl-embeddable-1.6.21.jar]
[856b02c1-8861-4fc8-9c1d-9b33541d87a7/Build]   | Found locally available resource with matching checksum: [https://repo.maven.apache.org/maven2/org/jetbrains/kotlin/kotlin-scripting-jvm/1.6.21/kotlin-scripting-jvm-1.6.21.jar, /home/runneradmin/.gradle/caches/modules-2/files-2.1/org.jetbrains.kotlin/kotlin-scripting-jvm/1.6.21/ab52f6af29c00a8a9c89ea2b34b5f4d27960bd3f/kotlin-scripting-jvm-1.6.21.jar]
[856b02c1-8861-4fc8-9c1d-9b33541d87a7/Build]   | Downloading https://repo.maven.apache.org/maven2/org/jetbrains/kotlin/kotlin-stdlib-common/1.6.21/kotlin-stdlib-common-1.6.21.jar to /home/runneradmin/.gradle/.tmp/gradle_download3027199788590796063bin
[856b02c1-8861-4fc8-9c1d-9b33541d87a7/Build]   | Downloading https://repo.maven.apache.org/maven2/org/jetbrains/kotlin/kotlin-script-runtime/1.6.21/kotlin-script-runtime-1.6.21.jar to /home/runneradmin/.gradle/.tmp/gradle_download12718819124020539277bin
[856b02c1-8861-4fc8-9c1d-9b33541d87a7/Build]   | Downloading https://repo.maven.apache.org/maven2/org/jetbrains/kotlin/kotlin-stdlib/1.6.21/kotlin-stdlib-1.6.21.jar to /home/runneradmin/.gradle/.tmp/gradle_download11728083223190570286bin
[856b02c1-8861-4fc8-9c1d-9b33541d87a7/Build]   | Found locally available resource with matching checksum: [https://repo.maven.apache.org/maven2/org/jetbrains/kotlin/kotlin-scripting-common/1.6.21/kotlin-scripting-common-1.6.21.jar, /home/runneradmin/.gradle/caches/modules-2/files-2.1/org.jetbrains.kotlin/kotlin-scripting-common/1.6.21/2e2e17b6e20c9c44f1d76d0df4f8f0b3fcfa944f/kotlin-scripting-common-1.6.21.jar]
[856b02c1-8861-4fc8-9c1d-9b33541d87a7/Build]   | Found locally available resource with matching checksum: [https://repo.maven.apache.org/maven2/org/jetbrains/kotlin/kotlin-compiler-embeddable/1.6.21/kotlin-compiler-embeddable-1.6.21.pom, /home/runneradmin/.gradle/caches/modules-2/files-2.1/org.jetbrains.kotlin/kotlin-compiler-embeddable/1.6.21/185985d3c7ff70caa580d6de529dab546fa9115/kotlin-compiler-embeddable-1.6.21.pom]
[856b02c1-8861-4fc8-9c1d-9b33541d87a7/Build]   | Downloading https://repo.maven.apache.org/maven2/org/jetbrains/kotlin/kotlin-reflect/1.6.21/kotlin-reflect-1.6.21.pom to /home/runneradmin/.gradle/.tmp/gradle_download11726303302266421535bin
[856b02c1-8861-4fc8-9c1d-9b33541d87a7/Build]   | Found locally available resource with matching checksum: [https://repo.maven.apache.org/maven2/org/jetbrains/intellij/deps/trove4j/1.0.20200330/trove4j-1.0.20200330.pom, /home/runneradmin/.gradle/caches/modules-2/files-2.1/org.jetbrains.intellij.deps/trove4j/1.0.20200330/c1f38f72d4dfc6efd773b0448a7aae08f8d5025f/trove4j-1.0.20200330.pom]
[856b02c1-8861-4fc8-9c1d-9b33541d87a7/Build]   | Found locally available resource with matching checksum: [https://repo.maven.apache.org/maven2/org/jetbrains/kotlin/kotlin-daemon-embeddable/1.6.21/kotlin-daemon-embeddable-1.6.21.pom, /home/runneradmin/.gradle/caches/modules-2/files-2.1/org.jetbrains.kotlin/kotlin-daemon-embeddable/1.6.21/771c4f40fcad9ae2d0d2f028d9480e979427720a/kotlin-daemon-embeddable-1.6.21.pom]
[856b02c1-8861-4fc8-9c1d-9b33541d87a7/Build]   | Downloading https://repo.maven.apache.org/maven2/org/jetbrains/kotlin/kotlin-reflect/1.6.21/kotlin-reflect-1.6.21.jar to /home/runneradmin/.gradle/.tmp/gradle_download249146561733550240bin
[856b02c1-8861-4fc8-9c1d-9b33541d87a7/Build]   | Found locally available resource with matching checksum: [https://repo.maven.apache.org/maven2/org/jetbrains/intellij/deps/trove4j/1.0.20200330/trove4j-1.0.20200330.jar, /home/runneradmin/.gradle/caches/modules-2/files-2.1/org.jetbrains.intellij.deps/trove4j/1.0.20200330/3afb14d5f9ceb459d724e907a21145e8ff394f02/trove4j-1.0.20200330.jar]
[856b02c1-8861-4fc8-9c1d-9b33541d87a7/Build]   | Found locally available resource with matching checksum: [https://repo.maven.apache.org/maven2/org/jetbrains/kotlin/kotlin-daemon-embeddable/1.6.21/kotlin-daemon-embeddable-1.6.21.jar, /home/runneradmin/.gradle/caches/modules-2/files-2.1/org.jetbrains.kotlin/kotlin-daemon-embeddable/1.6.21/46b78cf392e1c4f10854c3cadba44abb7b82250f/kotlin-daemon-embeddable-1.6.21.jar]
[856b02c1-8861-4fc8-9c1d-9b33541d87a7/Build]   | Found locally available resource with matching checksum: [https://repo.maven.apache.org/maven2/org/jetbrains/kotlin/kotlin-compiler-embeddable/1.6.21/kotlin-compiler-embeddable-1.6.21.jar, /home/runneradmin/.gradle/caches/modules-2/files-2.1/org.jetbrains.kotlin/kotlin-compiler-embeddable/1.6.21/97bdd5a752ce73b58ef16c17bc7f0ea2faff7a2e/kotlin-compiler-embeddable-1.6.21.jar]
[856b02c1-8861-4fc8-9c1d-9b33541d87a7/Build]   | Build cache key for task ':compileKotlin' is 37654d4bacdc4c92d151453ed024bf85
[856b02c1-8861-4fc8-9c1d-9b33541d87a7/Build]   | Skipping task ':compileKotlin' as it is up-to-date.
[856b02c1-8861-4fc8-9c1d-9b33541d87a7/Build]   | :compileKotlin (Thread[Execution worker for ':' Thread 31,5,main]) completed. Took 1.973 secs.
[856b02c1-8861-4fc8-9c1d-9b33541d87a7/Build]   | :compileJava (Thread[Execution worker for ':' Thread 31,5,main]) started.
[856b02c1-8861-4fc8-9c1d-9b33541d87a7/Build]   | 
[856b02c1-8861-4fc8-9c1d-9b33541d87a7/Build]   | > Task :compileJava UP-TO-DATE
[856b02c1-8861-4fc8-9c1d-9b33541d87a7/Build]   | Build cache key for task ':compileJava' is 6ce525bb972e86b3ceec02df2066e19c
[856b02c1-8861-4fc8-9c1d-9b33541d87a7/Build]   | Skipping task ':compileJava' as it is up-to-date.
[856b02c1-8861-4fc8-9c1d-9b33541d87a7/Build]   | :compileJava (Thread[Execution worker for ':' Thread 31,5,main]) completed. Took 0.054 secs.
[856b02c1-8861-4fc8-9c1d-9b33541d87a7/Build]   | :processResources (Thread[Execution worker for ':' Thread 31,5,main]) started.
[856b02c1-8861-4fc8-9c1d-9b33541d87a7/Build]   | 
[856b02c1-8861-4fc8-9c1d-9b33541d87a7/Build]   | > Task :processResources UP-TO-DATE
[856b02c1-8861-4fc8-9c1d-9b33541d87a7/Build]   | Caching disabled for task ':processResources' because:
[856b02c1-8861-4fc8-9c1d-9b33541d87a7/Build]   |   Not worth caching
[856b02c1-8861-4fc8-9c1d-9b33541d87a7/Build]   | Skipping task ':processResources' as it is up-to-date.
[856b02c1-8861-4fc8-9c1d-9b33541d87a7/Build]   | :processResources (Thread[Execution worker for ':' Thread 31,5,main]) completed. Took 0.019 secs.
[856b02c1-8861-4fc8-9c1d-9b33541d87a7/Build]   | :classes (Thread[Execution worker for ':' Thread 31,5,main]) started.
[856b02c1-8861-4fc8-9c1d-9b33541d87a7/Build]   | 
[856b02c1-8861-4fc8-9c1d-9b33541d87a7/Build]   | > Task :classes UP-TO-DATE
[856b02c1-8861-4fc8-9c1d-9b33541d87a7/Build]   | Skipping task ':classes' as it has no actions.
[856b02c1-8861-4fc8-9c1d-9b33541d87a7/Build]   | :classes (Thread[Execution worker for ':' Thread 31,5,main]) completed. Took 0.0 secs.
[856b02c1-8861-4fc8-9c1d-9b33541d87a7/Build]   | :inspectClassesForKotlinIC (Thread[Execution worker for ':' Thread 31,5,main]) started.
[856b02c1-8861-4fc8-9c1d-9b33541d87a7/Build]   | 
[856b02c1-8861-4fc8-9c1d-9b33541d87a7/Build]   | > Task :inspectClassesForKotlinIC UP-TO-DATE
[856b02c1-8861-4fc8-9c1d-9b33541d87a7/Build]   | Caching disabled for task ':inspectClassesForKotlinIC' because:
[856b02c1-8861-4fc8-9c1d-9b33541d87a7/Build]   |   Caching has not been enabled for the task
[856b02c1-8861-4fc8-9c1d-9b33541d87a7/Build]   | Skipping task ':inspectClassesForKotlinIC' as it is up-to-date.
[856b02c1-8861-4fc8-9c1d-9b33541d87a7/Build]   | :inspectClassesForKotlinIC (Thread[Execution worker for ':' Thread 31,5,main]) completed. Took 0.009 secs.
[856b02c1-8861-4fc8-9c1d-9b33541d87a7/Build]   | :jar (Thread[Execution worker for ':' Thread 31,5,main]) started.
[856b02c1-8861-4fc8-9c1d-9b33541d87a7/Build]   | 
[856b02c1-8861-4fc8-9c1d-9b33541d87a7/Build]   | > Task :jar UP-TO-DATE
[856b02c1-8861-4fc8-9c1d-9b33541d87a7/Build]   | Caching disabled for task ':jar' because:
[856b02c1-8861-4fc8-9c1d-9b33541d87a7/Build]   |   Not worth caching
[856b02c1-8861-4fc8-9c1d-9b33541d87a7/Build]   | Skipping task ':jar' as it is up-to-date.
[856b02c1-8861-4fc8-9c1d-9b33541d87a7/Build]   | :jar (Thread[Execution worker for ':' Thread 31,5,main]) completed. Took 0.008 secs.
[856b02c1-8861-4fc8-9c1d-9b33541d87a7/Build]   | :executableDistTar (Thread[Execution worker for ':' Thread 31,5,main]) started.
[856b02c1-8861-4fc8-9c1d-9b33541d87a7/Build]   | 
[856b02c1-8861-4fc8-9c1d-9b33541d87a7/Build]   | > Task :executableDistTar UP-TO-DATE
[856b02c1-8861-4fc8-9c1d-9b33541d87a7/Build]   | Caching disabled for task ':executableDistTar' because:
[856b02c1-8861-4fc8-9c1d-9b33541d87a7/Build]   |   Not worth caching
[856b02c1-8861-4fc8-9c1d-9b33541d87a7/Build]   | Skipping task ':executableDistTar' as it is up-to-date.
[856b02c1-8861-4fc8-9c1d-9b33541d87a7/Build]   | :executableDistTar (Thread[Execution worker for ':' Thread 31,5,main]) completed. Took 0.013 secs.
[856b02c1-8861-4fc8-9c1d-9b33541d87a7/Build]   | :executableDistZip (Thread[Execution worker for ':' Thread 31,5,main]) started.
[856b02c1-8861-4fc8-9c1d-9b33541d87a7/Build]   | 
[856b02c1-8861-4fc8-9c1d-9b33541d87a7/Build]   | > Task :executableDistZip UP-TO-DATE
[856b02c1-8861-4fc8-9c1d-9b33541d87a7/Build]   | Caching disabled for task ':executableDistZip' because:
[856b02c1-8861-4fc8-9c1d-9b33541d87a7/Build]   |   Not worth caching
[856b02c1-8861-4fc8-9c1d-9b33541d87a7/Build]   | Skipping task ':executableDistZip' as it is up-to-date.
[856b02c1-8861-4fc8-9c1d-9b33541d87a7/Build]   | :executableDistZip (Thread[Execution worker for ':' Thread 31,5,main]) completed. Took 0.006 secs.
[856b02c1-8861-4fc8-9c1d-9b33541d87a7/Build]   | :javadoc (Thread[Execution worker for ':' Thread 31,5,main]) started.
[856b02c1-8861-4fc8-9c1d-9b33541d87a7/Build]   | 
[856b02c1-8861-4fc8-9c1d-9b33541d87a7/Build]   | > Task :javadoc UP-TO-DATE
[856b02c1-8861-4fc8-9c1d-9b33541d87a7/Build]   | Build cache key for task ':javadoc' is eb8e9c950d3af22748b97e804d14eb26
[856b02c1-8861-4fc8-9c1d-9b33541d87a7/Build]   | Skipping task ':javadoc' as it is up-to-date.
[856b02c1-8861-4fc8-9c1d-9b33541d87a7/Build]   | :javadoc (Thread[Execution worker for ':' Thread 31,5,main]) completed. Took 0.024 secs.
[856b02c1-8861-4fc8-9c1d-9b33541d87a7/Build]   | :javadocJar (Thread[Execution worker for ':' Thread 31,5,main]) started.
[856b02c1-8861-4fc8-9c1d-9b33541d87a7/Build]   | 
[856b02c1-8861-4fc8-9c1d-9b33541d87a7/Build]   | > Task :javadocJar UP-TO-DATE
[856b02c1-8861-4fc8-9c1d-9b33541d87a7/Build]   | Caching disabled for task ':javadocJar' because:
[856b02c1-8861-4fc8-9c1d-9b33541d87a7/Build]   |   Not worth caching
[856b02c1-8861-4fc8-9c1d-9b33541d87a7/Build]   | Skipping task ':javadocJar' as it is up-to-date.
[856b02c1-8861-4fc8-9c1d-9b33541d87a7/Build]   | :javadocJar (Thread[Execution worker for ':' Thread 31,5,main]) completed. Took 0.007 secs.
[856b02c1-8861-4fc8-9c1d-9b33541d87a7/Build]   | :sourcesJar (Thread[Execution worker for ':' Thread 31,5,main]) started.
[856b02c1-8861-4fc8-9c1d-9b33541d87a7/Build]   | 
[856b02c1-8861-4fc8-9c1d-9b33541d87a7/Build]   | > Task :sourcesJar UP-TO-DATE
[856b02c1-8861-4fc8-9c1d-9b33541d87a7/Build]   | Caching disabled for task ':sourcesJar' because:
[856b02c1-8861-4fc8-9c1d-9b33541d87a7/Build]   |   Not worth caching
[856b02c1-8861-4fc8-9c1d-9b33541d87a7/Build]   | Skipping task ':sourcesJar' as it is up-to-date.
[856b02c1-8861-4fc8-9c1d-9b33541d87a7/Build]   | :sourcesJar (Thread[Execution worker for ':' Thread 31,5,main]) completed. Took 0.008 secs.
[856b02c1-8861-4fc8-9c1d-9b33541d87a7/Build]   | :assemble (Thread[Execution worker for ':' Thread 9,5,main]) started.
[856b02c1-8861-4fc8-9c1d-9b33541d87a7/Build]   | 
[856b02c1-8861-4fc8-9c1d-9b33541d87a7/Build]   | > Task :assemble UP-TO-DATE
[856b02c1-8861-4fc8-9c1d-9b33541d87a7/Build]   | Skipping task ':assemble' as it has no actions.
[856b02c1-8861-4fc8-9c1d-9b33541d87a7/Build]   | :assemble (Thread[Execution worker for ':' Thread 9,5,main]) completed. Took 0.0 secs.
[856b02c1-8861-4fc8-9c1d-9b33541d87a7/Build]   | :spotlessInternalRegisterDependencies (Thread[Execution worker for ':' Thread 9,5,main]) started.
[856b02c1-8861-4fc8-9c1d-9b33541d87a7/Build]   | 
[856b02c1-8861-4fc8-9c1d-9b33541d87a7/Build]   | > Task :spotlessInternalRegisterDependencies UP-TO-DATE
[856b02c1-8861-4fc8-9c1d-9b33541d87a7/Build]   | Caching disabled for task ':spotlessInternalRegisterDependencies' because:
[856b02c1-8861-4fc8-9c1d-9b33541d87a7/Build]   |   Caching has not been enabled for the task
[856b02c1-8861-4fc8-9c1d-9b33541d87a7/Build]   | Skipping task ':spotlessInternalRegisterDependencies' as it is up-to-date.
[856b02c1-8861-4fc8-9c1d-9b33541d87a7/Build]   | :spotlessInternalRegisterDependencies (Thread[Execution worker for ':' Thread 9,5,main]) completed. Took 0.005 secs.
[856b02c1-8861-4fc8-9c1d-9b33541d87a7/Build]   | :spotlessJava (Thread[Execution worker for ':' Thread 9,5,main]) started.
[856b02c1-8861-4fc8-9c1d-9b33541d87a7/Build]   | 
[856b02c1-8861-4fc8-9c1d-9b33541d87a7/Build]   | > Task :spotlessJava UP-TO-DATE
[856b02c1-8861-4fc8-9c1d-9b33541d87a7/Build]   | Build cache key for task ':spotlessJava' is 32033781674080639b6a2354e6f62aa3
[856b02c1-8861-4fc8-9c1d-9b33541d87a7/Build]   | Skipping task ':spotlessJava' as it is up-to-date.
[856b02c1-8861-4fc8-9c1d-9b33541d87a7/Build]   | :spotlessJava (Thread[Execution worker for ':' Thread 9,5,main]) completed. Took 0.065 secs.
[856b02c1-8861-4fc8-9c1d-9b33541d87a7/Build]   | :spotlessJavaCheck (Thread[Execution worker for ':' Thread 9,5,main]) started.
[856b02c1-8861-4fc8-9c1d-9b33541d87a7/Build]   | 
[856b02c1-8861-4fc8-9c1d-9b33541d87a7/Build]   | > Task :spotlessJavaCheck UP-TO-DATE
[856b02c1-8861-4fc8-9c1d-9b33541d87a7/Build]   | Caching disabled for task ':spotlessJavaCheck' because:
[856b02c1-8861-4fc8-9c1d-9b33541d87a7/Build]   |   Caching has not been enabled for the task
[856b02c1-8861-4fc8-9c1d-9b33541d87a7/Build]   | Task ':spotlessJavaCheck' is not up-to-date because:
[856b02c1-8861-4fc8-9c1d-9b33541d87a7/Build]   |   Task has not declared any outputs despite executing actions.
[856b02c1-8861-4fc8-9c1d-9b33541d87a7/Build]   | :spotlessJavaCheck (Thread[Execution worker for ':' Thread 9,5,main]) completed. Took 0.012 secs.
[856b02c1-8861-4fc8-9c1d-9b33541d87a7/Build]   | :spotlessKotlin (Thread[Execution worker for ':' Thread 9,5,main]) started.
[856b02c1-8861-4fc8-9c1d-9b33541d87a7/Build]   | 
[856b02c1-8861-4fc8-9c1d-9b33541d87a7/Build]   | > Task :spotlessKotlin
[856b02c1-8861-4fc8-9c1d-9b33541d87a7/Build]   | file or directory '/tmp/c003bc15-4795-4865-9aa0-3f767957722e/src/jmh/resources', not found
[856b02c1-8861-4fc8-9c1d-9b33541d87a7/Build]   | file or directory '/tmp/c003bc15-4795-4865-9aa0-3f767957722e/src/jmh/kotlin', not found
[856b02c1-8861-4fc8-9c1d-9b33541d87a7/Build]   | file or directory '/tmp/c003bc15-4795-4865-9aa0-3f767957722e/src/main/kotlin', not found
[856b02c1-8861-4fc8-9c1d-9b33541d87a7/Build]   | file or directory '/tmp/c003bc15-4795-4865-9aa0-3f767957722e/src/test/kotlin', not found
[856b02c1-8861-4fc8-9c1d-9b33541d87a7/Build]   | file or directory '/tmp/c003bc15-4795-4865-9aa0-3f767957722e/src/jmh/resources', not found
[856b02c1-8861-4fc8-9c1d-9b33541d87a7/Build]   | file or directory '/tmp/c003bc15-4795-4865-9aa0-3f767957722e/src/jmh/kotlin', not found
[856b02c1-8861-4fc8-9c1d-9b33541d87a7/Build]   | file or directory '/tmp/c003bc15-4795-4865-9aa0-3f767957722e/src/main/kotlin', not found
[856b02c1-8861-4fc8-9c1d-9b33541d87a7/Build]   | file or directory '/tmp/c003bc15-4795-4865-9aa0-3f767957722e/src/test/kotlin', not found
[856b02c1-8861-4fc8-9c1d-9b33541d87a7/Build]   | Build cache key for task ':spotlessKotlin' is 77731073aa4baa2b9582dd59dd0f53c1
[856b02c1-8861-4fc8-9c1d-9b33541d87a7/Build]   | Task ':spotlessKotlin' is not up-to-date because:
[856b02c1-8861-4fc8-9c1d-9b33541d87a7/Build]   |   Input property 'target' file /tmp/c003bc15-4795-4865-9aa0-3f767957722e/src/test/java/com/worksap/nlp/sudachi/RegexOovProviderTest.kt has changed.
[856b02c1-8861-4fc8-9c1d-9b33541d87a7/Build]   | Stored cache entry for task ':spotlessKotlin' with cache key 77731073aa4baa2b9582dd59dd0f53c1
[856b02c1-8861-4fc8-9c1d-9b33541d87a7/Build]   | :spotlessKotlin (Thread[Execution worker for ':' Thread 9,5,main]) completed. Took 1.385 secs.
[856b02c1-8861-4fc8-9c1d-9b33541d87a7/Build]   | :spotlessKotlinCheck (Thread[Execution worker for ':' Thread 9,5,main]) started.
[856b02c1-8861-4fc8-9c1d-9b33541d87a7/Build]   | 
[856b02c1-8861-4fc8-9c1d-9b33541d87a7/Build]   | > Task :spotlessKotlinCheck
[856b02c1-8861-4fc8-9c1d-9b33541d87a7/Build]   | Caching disabled for task ':spotlessKotlinCheck' because:
[856b02c1-8861-4fc8-9c1d-9b33541d87a7/Build]   |   Caching has not been enabled for the task
[856b02c1-8861-4fc8-9c1d-9b33541d87a7/Build]   | Task ':spotlessKotlinCheck' is not up-to-date because:
[856b02c1-8861-4fc8-9c1d-9b33541d87a7/Build]   |   Task has not declared any outputs despite executing actions.
[856b02c1-8861-4fc8-9c1d-9b33541d87a7/Build]   | :spotlessKotlinCheck (Thread[Execution worker for ':' Thread 9,5,main]) completed. Took 0.003 secs.
[856b02c1-8861-4fc8-9c1d-9b33541d87a7/Build]   | :spotlessMisc (Thread[Execution worker for ':' Thread 45,5,main]) started.
[856b02c1-8861-4fc8-9c1d-9b33541d87a7/Build]   | 
[856b02c1-8861-4fc8-9c1d-9b33541d87a7/Build]   | > Task :spotlessMisc UP-TO-DATE
[856b02c1-8861-4fc8-9c1d-9b33541d87a7/Build]   | Build cache key for task ':spotlessMisc' is ce286469cbc3dcb5276fa724b26834d7
[856b02c1-8861-4fc8-9c1d-9b33541d87a7/Build]   | Skipping task ':spotlessMisc' as it is up-to-date.
[856b02c1-8861-4fc8-9c1d-9b33541d87a7/Build]   | :spotlessMisc (Thread[Execution worker for ':' Thread 45,5,main]) completed. Took 0.024 secs.
[856b02c1-8861-4fc8-9c1d-9b33541d87a7/Build]   | :spotlessMiscCheck (Thread[Execution worker for ':' Thread 45,5,main]) started.
[856b02c1-8861-4fc8-9c1d-9b33541d87a7/Build]   | 
[856b02c1-8861-4fc8-9c1d-9b33541d87a7/Build]   | > Task :spotlessMiscCheck UP-TO-DATE
[856b02c1-8861-4fc8-9c1d-9b33541d87a7/Build]   | Caching disabled for task ':spotlessMiscCheck' because:
[856b02c1-8861-4fc8-9c1d-9b33541d87a7/Build]   |   Caching has not been enabled for the task
[856b02c1-8861-4fc8-9c1d-9b33541d87a7/Build]   | Task ':spotlessMiscCheck' is not up-to-date because:
[856b02c1-8861-4fc8-9c1d-9b33541d87a7/Build]   |   Task has not declared any outputs despite executing actions.
[856b02c1-8861-4fc8-9c1d-9b33541d87a7/Build]   | :spotlessMiscCheck (Thread[Execution worker for ':' Thread 45,5,main]) completed. Took 0.014 secs.
[856b02c1-8861-4fc8-9c1d-9b33541d87a7/Build]   | :spotlessCheck (Thread[Execution worker for ':' Thread 45,5,main]) started.
[856b02c1-8861-4fc8-9c1d-9b33541d87a7/Build]   | 
[856b02c1-8861-4fc8-9c1d-9b33541d87a7/Build]   | > Task :spotlessCheck
[856b02c1-8861-4fc8-9c1d-9b33541d87a7/Build]   | Skipping task ':spotlessCheck' as it has no actions.
[856b02c1-8861-4fc8-9c1d-9b33541d87a7/Build]   | :spotlessCheck (Thread[Execution worker for ':' Thread 45,5,main]) completed. Took 0.0 secs.
[856b02c1-8861-4fc8-9c1d-9b33541d87a7/Build]   | :compileTestKotlin (Thread[Execution worker for ':' Thread 45,5,main]) started.
[856b02c1-8861-4fc8-9c1d-9b33541d87a7/Build]   | :processTestResources (Thread[Execution worker for ':' Thread 85,5,main]) started.
[856b02c1-8861-4fc8-9c1d-9b33541d87a7/Build]   | 
[856b02c1-8861-4fc8-9c1d-9b33541d87a7/Build]   | > Task :processTestResources
[856b02c1-8861-4fc8-9c1d-9b33541d87a7/Build]   | Caching disabled for task ':processTestResources' because:
[856b02c1-8861-4fc8-9c1d-9b33541d87a7/Build]   |   Not worth caching
[856b02c1-8861-4fc8-9c1d-9b33541d87a7/Build]   | Task ':processTestResources' is not up-to-date because:
[856b02c1-8861-4fc8-9c1d-9b33541d87a7/Build]   |   Input property 'rootSpec$1' file /tmp/c003bc15-4795-4865-9aa0-3f767957722e/src/test/resources/dict/lex.csv has changed.
[856b02c1-8861-4fc8-9c1d-9b33541d87a7/Build]   | :processTestResources (Thread[Execution worker for ':' Thread 85,5,main]) completed. Took 0.069 secs.
[856b02c1-8861-4fc8-9c1d-9b33541d87a7/Build]   | 
[856b02c1-8861-4fc8-9c1d-9b33541d87a7/Build]   | > Task :compileTestKotlin
[856b02c1-8861-4fc8-9c1d-9b33541d87a7/Build]   | Downloading https://repo.maven.apache.org/maven2/junit/junit/4.13.2/junit-4.13.2.pom to /home/runneradmin/.gradle/.tmp/gradle_download3794956629629893519bin
[856b02c1-8861-4fc8-9c1d-9b33541d87a7/Build]   | Downloading https://repo.maven.apache.org/maven2/org/hamcrest/hamcrest/2.2/hamcrest-2.2.pom to /home/runneradmin/.gradle/.tmp/gradle_download13704937483289828207bin
[856b02c1-8861-4fc8-9c1d-9b33541d87a7/Build]   | Downloading https://repo.maven.apache.org/maven2/org/openjdk/jmh/jmh-core/1.35/jmh-core-1.35.pom to /home/runneradmin/.gradle/.tmp/gradle_download2650098013326148105bin
[856b02c1-8861-4fc8-9c1d-9b33541d87a7/Build]   | Downloading https://repo.maven.apache.org/maven2/org/jetbrains/kotlin/kotlin-test-junit/1.6.21/kotlin-test-junit-1.6.21.pom to /home/runneradmin/.gradle/.tmp/gradle_download58399876440353795bin
[856b02c1-8861-4fc8-9c1d-9b33541d87a7/Build]   | Downloading https://repo.maven.apache.org/maven2/org/jetbrains/kotlin/kotlin-stdlib-jdk8/1.6.21/kotlin-stdlib-jdk8-1.6.21.pom to /home/runneradmin/.gradle/.tmp/gradle_download6685094813876905227bin
[856b02c1-8861-4fc8-9c1d-9b33541d87a7/Build]   | Downloading https://repo.maven.apache.org/maven2/org/hamcrest/hamcrest-library/2.2/hamcrest-library-2.2.pom to /home/runneradmin/.gradle/.tmp/gradle_download17690973579864946827bin
[856b02c1-8861-4fc8-9c1d-9b33541d87a7/Build]   | Downloading https://repo.maven.apache.org/maven2/org/openjdk/jmh/jmh-generator-annprocess/1.35/jmh-generator-annprocess-1.35.pom to /home/runneradmin/.gradle/.tmp/gradle_download10342099932238372283bin
[856b02c1-8861-4fc8-9c1d-9b33541d87a7/Build]   | Downloading https://repo.maven.apache.org/maven2/org/jetbrains/kotlin/kotlin-test-junit/1.6.21/kotlin-test-junit-1.6.21.module to /home/runneradmin/.gradle/.tmp/gradle_download6998147707346042884bin
[856b02c1-8861-4fc8-9c1d-9b33541d87a7/Build]   | Downloading https://repo.maven.apache.org/maven2/org/openjdk/jmh/jmh-parent/1.35/jmh-parent-1.35.pom to /home/runneradmin/.gradle/.tmp/gradle_download16515334916616400916bin
[856b02c1-8861-4fc8-9c1d-9b33541d87a7/Build]   | Downloading https://repo.maven.apache.org/maven2/org/hamcrest/hamcrest-core/2.2/hamcrest-core-2.2.pom to /home/runneradmin/.gradle/.tmp/gradle_download5352169334799611445bin
[856b02c1-8861-4fc8-9c1d-9b33541d87a7/Build]   | Found locally available resource with matching checksum: [https://repo.maven.apache.org/maven2/org/apache/commons/commons-math3/3.2/commons-math3-3.2.pom, /home/runneradmin/.gradle/caches/modules-2/files-2.1/org.apache.commons/commons-math3/3.2/7828e6c3b4118e5a2f8350db99e60a2be2e3ce29/commons-math3-3.2.pom]
[856b02c1-8861-4fc8-9c1d-9b33541d87a7/Build]   | Downloading https://repo.maven.apache.org/maven2/net/sf/jopt-simple/jopt-simple/5.0.4/jopt-simple-5.0.4.pom to /home/runneradmin/.gradle/.tmp/gradle_download14272072212303457365bin
[856b02c1-8861-4fc8-9c1d-9b33541d87a7/Build]   | Found locally available resource with matching checksum: [https://repo.maven.apache.org/maven2/org/apache/commons/commons-parent/28/commons-parent-28.pom, /home/runneradmin/.gradle/caches/modules-2/files-2.1/org.apache.commons/commons-parent/28/9ff25b2866ef063a8828ba67d1e35c78f73e830a/commons-parent-28.pom]
[856b02c1-8861-4fc8-9c1d-9b33541d87a7/Build]   | Found locally available resource with matching checksum: [https://repo.maven.apache.org/maven2/org/apache/apache/13/apache-13.pom, /home/runneradmin/.gradle/caches/modules-2/files-2.1/org.apache/apache/13/15aff1faaec4963617f07dbe8e603f0adabc3a12/apache-13.pom]
[856b02c1-8861-4fc8-9c1d-9b33541d87a7/Build]   | Downloading https://repo.maven.apache.org/maven2/org/jetbrains/kotlin/kotlin-stdlib-jdk7/1.6.21/kotlin-stdlib-jdk7-1.6.21.pom to /home/runneradmin/.gradle/.tmp/gradle_download18188135076636468312bin
[856b02c1-8861-4fc8-9c1d-9b33541d87a7/Build]   | Downloading https://repo.maven.apache.org/maven2/org/jetbrains/kotlin/kotlin-test/1.6.21/kotlin-test-1.6.21.pom to /home/runneradmin/.gradle/.tmp/gradle_download16573529446848661010bin
[856b02c1-8861-4fc8-9c1d-9b33541d87a7/Build]   | Downloading https://repo.maven.apache.org/maven2/org/jetbrains/kotlin/kotlin-test/1.6.21/kotlin-test-1.6.21.module to /home/runneradmin/.gradle/.tmp/gradle_download2087998604583096512bin
[856b02c1-8861-4fc8-9c1d-9b33541d87a7/Build]   | Downloading https://repo.maven.apache.org/maven2/org/openjdk/jmh/jmh-core/1.35/jmh-core-1.35.jar to /home/runneradmin/.gradle/.tmp/gradle_download6109247878228039567bin
[856b02c1-8861-4fc8-9c1d-9b33541d87a7/Build]   | Downloading https://repo.maven.apache.org/maven2/org/hamcrest/hamcrest/2.2/hamcrest-2.2.jar to /home/runneradmin/.gradle/.tmp/gradle_download17639100615502715359bin
[856b02c1-8861-4fc8-9c1d-9b33541d87a7/Build]   | Downloading https://repo.maven.apache.org/maven2/org/hamcrest/hamcrest-library/2.2/hamcrest-library-2.2.jar to /home/runneradmin/.gradle/.tmp/gradle_download9541982739442256513bin
[856b02c1-8861-4fc8-9c1d-9b33541d87a7/Build]   | Downloading https://repo.maven.apache.org/maven2/org/openjdk/jmh/jmh-generator-annprocess/1.35/jmh-generator-annprocess-1.35.jar to /home/runneradmin/.gradle/.tmp/gradle_download14768709350948621734bin
[856b02c1-8861-4fc8-9c1d-9b33541d87a7/Build]   | Downloading https://repo.maven.apache.org/maven2/org/jetbrains/kotlin/kotlin-stdlib-jdk7/1.6.21/kotlin-stdlib-jdk7-1.6.21.jar to /home/runneradmin/.gradle/.tmp/gradle_download10041468911318967754bin
[856b02c1-8861-4fc8-9c1d-9b33541d87a7/Build]   | Found locally available resource with matching checksum: [https://repo.maven.apache.org/maven2/org/apache/commons/commons-math3/3.2/commons-math3-3.2.jar, /home/runneradmin/.gradle/caches/modules-2/files-2.1/org.apache.commons/commons-math3/3.2/ec2544ab27e110d2d431bdad7d538ed509b21e62/commons-math3-3.2.jar]
[856b02c1-8861-4fc8-9c1d-9b33541d87a7/Build]   | Downloading https://repo.maven.apache.org/maven2/junit/junit/4.13.2/junit-4.13.2.jar to /home/runneradmin/.gradle/.tmp/gradle_download8077239361513443491bin
[856b02c1-8861-4fc8-9c1d-9b33541d87a7/Build]   | Downloading https://repo.maven.apache.org/maven2/org/jetbrains/kotlin/kotlin-test-junit/1.6.21/kotlin-test-junit-1.6.21.jar to /home/runneradmin/.gradle/.tmp/gradle_download321500550181320188bin
[856b02c1-8861-4fc8-9c1d-9b33541d87a7/Build]   | Downloading https://repo.maven.apache.org/maven2/net/sf/jopt-simple/jopt-simple/5.0.4/jopt-simple-5.0.4.jar to /home/runneradmin/.gradle/.tmp/gradle_download13669086403619789547bin
[856b02c1-8861-4fc8-9c1d-9b33541d87a7/Build]   | Downloading https://repo.maven.apache.org/maven2/org/hamcrest/hamcrest-core/2.2/hamcrest-core-2.2.jar to /home/runneradmin/.gradle/.tmp/gradle_download16643059510576475343bin
[856b02c1-8861-4fc8-9c1d-9b33541d87a7/Build]   | Downloading https://repo.maven.apache.org/maven2/org/jetbrains/kotlin/kotlin-stdlib-jdk8/1.6.21/kotlin-stdlib-jdk8-1.6.21.jar to /home/runneradmin/.gradle/.tmp/gradle_download4895767652808949904bin
[856b02c1-8861-4fc8-9c1d-9b33541d87a7/Build]   | Downloading https://repo.maven.apache.org/maven2/org/jetbrains/kotlin/kotlin-test/1.6.21/kotlin-test-1.6.21.jar to /home/runneradmin/.gradle/.tmp/gradle_download13632865533609150378bin
[856b02c1-8861-4fc8-9c1d-9b33541d87a7/Build]   | Build cache key for task ':compileTestKotlin' is 171d210c258f1792169b376801705119
[856b02c1-8861-4fc8-9c1d-9b33541d87a7/Build]   | Task ':compileTestKotlin' is not up-to-date because:
[856b02c1-8861-4fc8-9c1d-9b33541d87a7/Build]   |   Input property 'stableSources$kotlin_gradle_plugin' file /tmp/c003bc15-4795-4865-9aa0-3f767957722e/src/test/java/com/worksap/nlp/sudachi/RegexOovProviderTest.kt has changed.
[856b02c1-8861-4fc8-9c1d-9b33541d87a7/Build]   | file or directory '/tmp/c003bc15-4795-4865-9aa0-3f767957722e/src/test/kotlin', not found
[856b02c1-8861-4fc8-9c1d-9b33541d87a7/Build]   | Using Kotlin/JVM incremental compilation
[856b02c1-8861-4fc8-9c1d-9b33541d87a7/Build]   | file or directory '/tmp/c003bc15-4795-4865-9aa0-3f767957722e/src/test/kotlin', not found
[856b02c1-8861-4fc8-9c1d-9b33541d87a7/Build]   | file or directory '/tmp/c003bc15-4795-4865-9aa0-3f767957722e/src/test/kotlin', not found
[856b02c1-8861-4fc8-9c1d-9b33541d87a7/Build]   | file or directory '/tmp/c003bc15-4795-4865-9aa0-3f767957722e/src/test/kotlin', not found
[856b02c1-8861-4fc8-9c1d-9b33541d87a7/Build]   | [KOTLIN] Kotlin compilation 'jdkHome' argument: /opt/hostedtoolcache/Java_Temurin-Hotspot_jdk/11.0.19-7/x64
[856b02c1-8861-4fc8-9c1d-9b33541d87a7/Build]   | i: starting the daemon as: /opt/hostedtoolcache/Java_Temurin-Hotspot_jdk/11.0.19-7/x64/bin/java -cp /home/runneradmin/.gradle/caches/modules-2/files-2.1/org.jetbrains.kotlin/kotlin-compiler-embeddable/1.6.21/97bdd5a752ce73b58ef16c17bc7f0ea2faff7a2e/kotlin-compiler-embeddable-1.6.21.jar:/home/runneradmin/.gradle/caches/modules-2/files-2.1/org.jetbrains.kotlin/kotlin-reflect/1.6.21/5dc3574d9b7bebfcb4ec6b10ada4aaa9e140bd0b/kotlin-reflect-1.6.21.jar:/home/runneradmin/.gradle/caches/modules-2/files-2.1/org.jetbrains.kotlin/kotlin-stdlib/1.6.21/11ef67f1900634fd951bad28c53ec957fabbe5b8/kotlin-stdlib-1.6.21.jar:/home/runneradmin/.gradle/caches/modules-2/files-2.1/org.jetbrains.kotlin/kotlin-script-runtime/1.6.21/99c6675100da5d6d5b1c5a1032f27f28008d101b/kotlin-script-runtime-1.6.21.jar:/home/runneradmin/.gradle/caches/modules-2/files-2.1/org.jetbrains.kotlin/kotlin-daemon-embeddable/1.6.21/46b78cf392e1c4f10854c3cadba44abb7b82250f/kotlin-daemon-embeddable-1.6.21.jar:/home/runneradmin/.gradle/caches/modules-2/files-2.1/org.jetbrains.intellij.deps/trove4j/1.0.20200330/3afb14d5f9ceb459d724e907a21145e8ff394f02/trove4j-1.0.20200330.jar:/home/runneradmin/.gradle/caches/modules-2/files-2.1/net.java.dev.jna/jna/5.6.0/330f2244e9030119ab3030fc3fededc86713d9cc/jna-5.6.0.jar:/home/runneradmin/.gradle/caches/modules-2/files-2.1/org.jetbrains.kotlin/kotlin-stdlib-common/1.6.21/5e5b55c26dbc80372a920aef60eb774b714559b8/kotlin-stdlib-common-1.6.21.jar:/home/runneradmin/.gradle/caches/modules-2/files-2.1/org.jetbrains/annotations/13.0/919f0dfe192fb4e063e7dacadee7f8bb9a2672a9/annotations-13.0.jar -Djava.awt.headless=true -D$java.rmi.server.hostname=127.0.0.1 -Xmx30688m -Dkotlin.environment.keepalive -ea org.jetbrains.kotlin.daemon.KotlinCompileDaemon --daemon-runFilesPath /home/runneradmin/.kotlin/daemon --daemon-autoshutdownIdleSeconds=7200 --daemon-compilerClasspath /home/runneradmin/.gradle/caches/modules-2/files-2.1/org.jetbrains.kotlin/kotlin-compiler-embeddable/1.6.21/97bdd5a752ce73b58ef16c17bc7f0ea2faff7a2e/kotlin-compiler-embeddable-1.6.21.jar:/home/runneradmin/.gradle/caches/modules-2/files-2.1/org.jetbrains.kotlin/kotlin-reflect/1.6.21/5dc3574d9b7bebfcb4ec6b10ada4aaa9e140bd0b/kotlin-reflect-1.6.21.jar:/home/runneradmin/.gradle/caches/modules-2/files-2.1/org.jetbrains.kotlin/kotlin-stdlib/1.6.21/11ef67f1900634fd951bad28c53ec957fabbe5b8/kotlin-stdlib-1.6.21.jar:/home/runneradmin/.gradle/caches/modules-2/files-2.1/org.jetbrains.kotlin/kotlin-script-runtime/1.6.21/99c6675100da5d6d5b1c5a1032f27f28008d101b/kotlin-script-runtime-1.6.21.jar:/home/runneradmin/.gradle/caches/modules-2/files-2.1/org.jetbrains.kotlin/kotlin-daemon-embeddable/1.6.21/46b78cf392e1c4f10854c3cadba44abb7b82250f/kotlin-daemon-embeddable-1.6.21.jar:/home/runneradmin/.gradle/caches/modules-2/files-2.1/org.jetbrains.intellij.deps/trove4j/1.0.20200330/3afb14d5f9ceb459d724e907a21145e8ff394f02/trove4j-1.0.20200330.jar:/home/runneradmin/.gradle/caches/modules-2/files-2.1/net.java.dev.jna/jna/5.6.0/330f2244e9030119ab3030fc3fededc86713d9cc/jna-5.6.0.jar:/home/runneradmin/.gradle/caches/modules-2/files-2.1/org.jetbrains.kotlin/kotlin-stdlib-common/1.6.21/5e5b55c26dbc80372a920aef60eb774b714559b8/kotlin-stdlib-common-1.6.21.jar:/home/runneradmin/.gradle/caches/modules-2/files-2.1/org.jetbrains/annotations/13.0/919f0dfe192fb4e063e7dacadee7f8bb9a2672a9/annotations-13.0.jar
[856b02c1-8861-4fc8-9c1d-9b33541d87a7/Build]   | i: Received the message signalling that the daemon is ready
[856b02c1-8861-4fc8-9c1d-9b33541d87a7/Build]   | i: new daemon started, trying to find it
[856b02c1-8861-4fc8-9c1d-9b33541d87a7/Build]   | i: found daemon on port 17049 (24 ms old), trying to connect
[856b02c1-8861-4fc8-9c1d-9b33541d87a7/Build]   | i: connected to the daemon
[856b02c1-8861-4fc8-9c1d-9b33541d87a7/Build]   | Options for KOTLIN DAEMON: IncrementalCompilationOptions(super=CompilationOptions(compilerMode=INCREMENTAL_COMPILER, targetPlatform=JVM, reportCategories=[0], reportSeverity=2, requestedCompilationResults=[0]kotlinScriptExtensions=[kt, kts, java]), areFileChangesKnown=true, modifiedFiles=[/tmp/c003bc15-4795-4865-9aa0-3f767957722e/src/test/java/com/worksap/nlp/sudachi/RegexOovProviderTest.kt], deletedFiles=[], classpathChanges=org.jetbrains.kotlin.incremental.ClasspathChanges$ClasspathSnapshotDisabled@6f35dddf, workingDir=/tmp/c003bc15-4795-4865-9aa0-3f767957722e/build/kotlin/compileTestKotlin/cacheable, multiModuleICSettings=MultiModuleICSettings(buildHistoryFile=/tmp/c003bc15-4795-4865-9aa0-3f767957722e/build/kotlin/compileTestKotlin/localstate/build-history.bin, useModuleDetection=false), usePreciseJavaTracking=trueoutputFiles=[/tmp/c003bc15-4795-4865-9aa0-3f767957722e/build/classes/kotlin/test, /tmp/c003bc15-4795-4865-9aa0-3f767957722e/build/kotlin/compileTestKotlin/cacheable, /tmp/c003bc15-4795-4865-9aa0-3f767957722e/build/kotlin/compileTestKotlin/localstate])
[856b02c1-8861-4fc8-9c1d-9b33541d87a7/Build]   | Stored cache entry for task ':compileTestKotlin' with cache key 171d210c258f1792169b376801705119
[856b02c1-8861-4fc8-9c1d-9b33541d87a7/Build]   | :compileTestKotlin (Thread[Execution worker for ':' Thread 45,5,main]) completed. Took 7.997 secs.
[856b02c1-8861-4fc8-9c1d-9b33541d87a7/Build]   | :compileTestJava (Thread[Execution worker for ':' Thread 45,5,main]) started.
[856b02c1-8861-4fc8-9c1d-9b33541d87a7/Build]   | 
[856b02c1-8861-4fc8-9c1d-9b33541d87a7/Build]   | > Task :compileTestJava UP-TO-DATE
[856b02c1-8861-4fc8-9c1d-9b33541d87a7/Build]   | Build cache key for task ':compileTestJava' is 79964867507901a1b47d88aec61d268f
[856b02c1-8861-4fc8-9c1d-9b33541d87a7/Build]   | Task ':compileTestJava' is not up-to-date because:
[856b02c1-8861-4fc8-9c1d-9b33541d87a7/Build]   |   Input property 'classpath' file /tmp/c003bc15-4795-4865-9aa0-3f767957722e/build/classes/kotlin/test/com/worksap/nlp/sudachi/RegexOovProviderTest.class has changed.
[856b02c1-8861-4fc8-9c1d-9b33541d87a7/Build]   | Created classpath snapshot for incremental compilation in 0.588 secs.
[856b02c1-8861-4fc8-9c1d-9b33541d87a7/Build]   | None of the classes needs to be compiled! Analysis took 0.621 secs. 
[856b02c1-8861-4fc8-9c1d-9b33541d87a7/Build]   | Stored cache entry for task ':compileTestJava' with cache key 79964867507901a1b47d88aec61d268f
[856b02c1-8861-4fc8-9c1d-9b33541d87a7/Build]   | :compileTestJava (Thread[Execution worker for ':' Thread 45,5,main]) completed. Took 1.175 secs.
[856b02c1-8861-4fc8-9c1d-9b33541d87a7/Build]   | :testClasses (Thread[Execution worker for ':' Thread 45,5,main]) started.
[856b02c1-8861-4fc8-9c1d-9b33541d87a7/Build]   | 
[856b02c1-8861-4fc8-9c1d-9b33541d87a7/Build]   | > Task :testClasses
[856b02c1-8861-4fc8-9c1d-9b33541d87a7/Build]   | Skipping task ':testClasses' as it has no actions.
[856b02c1-8861-4fc8-9c1d-9b33541d87a7/Build]   | :testClasses (Thread[Execution worker for ':' Thread 45,5,main]) completed. Took 0.0 secs.
[856b02c1-8861-4fc8-9c1d-9b33541d87a7/Build]   | :test (Thread[Execution worker for ':' Thread 45,5,main]) started.
[856b02c1-8861-4fc8-9c1d-9b33541d87a7/Build]   | Gradle Test Executor 1 started executing tests.
[856b02c1-8861-4fc8-9c1d-9b33541d87a7/Build]   | 
[856b02c1-8861-4fc8-9c1d-9b33541d87a7/Build]   | > Task :test
[856b02c1-8861-4fc8-9c1d-9b33541d87a7/Build]   | Downloading https://repo.maven.apache.org/maven2/org/jacoco/org.jacoco.agent/0.8.7/org.jacoco.agent-0.8.7.pom to /home/runneradmin/.gradle/.tmp/gradle_download3337780781851753550bin
[856b02c1-8861-4fc8-9c1d-9b33541d87a7/Build]   | Downloading https://repo.maven.apache.org/maven2/org/jacoco/org.jacoco.build/0.8.7/org.jacoco.build-0.8.7.pom to /home/runneradmin/.gradle/.tmp/gradle_download6412762592477198799bin
[856b02c1-8861-4fc8-9c1d-9b33541d87a7/Build]   | Downloading https://repo.maven.apache.org/maven2/org/jacoco/org.jacoco.agent/0.8.7/org.jacoco.agent-0.8.7.jar to /home/runneradmin/.gradle/.tmp/gradle_download6440769557841903006bin
[856b02c1-8861-4fc8-9c1d-9b33541d87a7/Build]   | Custom actions are attached to task ':test'.
[856b02c1-8861-4fc8-9c1d-9b33541d87a7/Build]   | Build cache key for task ':test' is d03429a78e1cfaf95ca03f10878ea2ad
[856b02c1-8861-4fc8-9c1d-9b33541d87a7/Build]   | Task ':test' is not up-to-date because:
[856b02c1-8861-4fc8-9c1d-9b33541d87a7/Build]   |   Input property 'candidateClassFiles' file /tmp/c003bc15-4795-4865-9aa0-3f767957722e/build/classes/kotlin/test/com/worksap/nlp/sudachi/RegexOovProviderTest.class has changed.
[856b02c1-8861-4fc8-9c1d-9b33541d87a7/Build]   |   Input property 'candidateClassFiles' file /tmp/c003bc15-4795-4865-9aa0-3f767957722e/build/classes/kotlin/test/com/worksap/nlp/sudachi/RegexOovProviderTest$analyzer$1.class has been added.
[856b02c1-8861-4fc8-9c1d-9b33541d87a7/Build]   |   Input property 'candidateClassFiles' file /tmp/c003bc15-4795-4865-9aa0-3f767957722e/build/classes/kotlin/test/com/worksap/nlp/sudachi/RegexOovProviderTest$maxLength6$tokenizer$1.class has been added.
[856b02c1-8861-4fc8-9c1d-9b33541d87a7/Build]   | Starting process 'Gradle Test Executor 1'. Working directory: /tmp/c003bc15-4795-4865-9aa0-3f767957722e Command: /opt/hostedtoolcache/Java_Temurin-Hotspot_jdk/11.0.19-7/x64/bin/java -Dorg.gradle.internal.worker.tmpdir=/tmp/c003bc15-4795-4865-9aa0-3f767957722e/build/tmp/test/work -Dorg.gradle.native=false -javaagent:build/tmp/expandedArchives/org.jacoco.agent-0.8.7.jar_3a83c50b4a016f281c4e9f3500d16b55/jacocoagent.jar=destfile=build/jacoco/test.exec,append=true,inclnolocationclasses=false,dumponexit=true,output=file,jmx=false @/home/runneradmin/.gradle/.tmp/gradle-worker-classpath11942678012657899958txt -Xmx512m -Dfile.encoding=UTF-8 -Duser.country -Duser.language=en -Duser.variant -ea worker.org.gradle.process.internal.worker.GradleWorkerMain 'Gradle Test Executor 1'
[856b02c1-8861-4fc8-9c1d-9b33541d87a7/Build]   | Successfully started process 'Gradle Test Executor 1'
[856b02c1-8861-4fc8-9c1d-9b33541d87a7/Build]   | 
[856b02c1-8861-4fc8-9c1d-9b33541d87a7/Build]   | com.worksap.nlp.sudachi.MeCabOovProviderPluginTest > provideOOV102 SKIPPED
[856b02c1-8861-4fc8-9c1d-9b33541d87a7/Build]   | 
[856b02c1-8861-4fc8-9c1d-9b33541d87a7/Build]   | com.worksap.nlp.sudachi.SudachiCommandLineTest > commandLineHelp STANDARD_ERROR
[856b02c1-8861-4fc8-9c1d-9b33541d87a7/Build]   |     usage: SudachiCommandLine [-r file] [-m A|B|C] [-o file] [file ...]
[856b02c1-8861-4fc8-9c1d-9b33541d87a7/Build]   |     	-r file	read settings from file (overrides -s)
[856b02c1-8861-4fc8-9c1d-9b33541d87a7/Build]   |     	-s string	additional settings (overrides -r)
[856b02c1-8861-4fc8-9c1d-9b33541d87a7/Build]   |     	-p directory	root directory of resources
[856b02c1-8861-4fc8-9c1d-9b33541d87a7/Build]   |     	-m mode	mode of splitting
[856b02c1-8861-4fc8-9c1d-9b33541d87a7/Build]   |     	-o file	output to file
[856b02c1-8861-4fc8-9c1d-9b33541d87a7/Build]   |     	-t	separate words with spaces
[856b02c1-8861-4fc8-9c1d-9b33541d87a7/Build]   |     	-ts	separate words with spaces, and break line for each sentence
[856b02c1-8861-4fc8-9c1d-9b33541d87a7/Build]   |     	-a	show details
[856b02c1-8861-4fc8-9c1d-9b33541d87a7/Build]   |     	-f	ignore error
[856b02c1-8861-4fc8-9c1d-9b33541d87a7/Build]   |     	-d	debug mode
[856b02c1-8861-4fc8-9c1d-9b33541d87a7/Build]   |     	--systemDict file	path to a system dictionary (overrides everything)
[856b02c1-8861-4fc8-9c1d-9b33541d87a7/Build]   |     	--userDict file	path to an additional user dictionary (appended to -s)
[856b02c1-8861-4fc8-9c1d-9b33541d87a7/Build]   | 
[856b02c1-8861-4fc8-9c1d-9b33541d87a7/Build]   | com.worksap.nlp.sudachi.dictionary.DictionaryBuilderTest > commandLine STANDARD_ERROR
[856b02c1-8861-4fc8-9c1d-9b33541d87a7/Build]   |     junit14065445883225430561.tmp	....................	Done! (4 entries, 0.002 sec)
[856b02c1-8861-4fc8-9c1d-9b33541d87a7/Build]   |     POS table		Done! (60 bytes, 0.000 sec)
[856b02c1-8861-4fc8-9c1d-9b33541d87a7/Build]   |     WordId table	....................	Done! (14 bytes, 0.000 sec)
[856b02c1-8861-4fc8-9c1d-9b33541d87a7/Build]   |     double array Trie		Done! (1028 bytes, 0.001 sec)
[856b02c1-8861-4fc8-9c1d-9b33541d87a7/Build]   |     word parameters		Done! (18 bytes, 0.000 sec)
[856b02c1-8861-4fc8-9c1d-9b33541d87a7/Build]   |     word entries		Done! (112 bytes, 0.000 sec)
[856b02c1-8861-4fc8-9c1d-9b33541d87a7/Build]   |     WordInfo offsets		Done! (12 bytes, 0.000 sec)
[856b02c1-8861-4fc8-9c1d-9b33541d87a7/Build]   | 
[856b02c1-8861-4fc8-9c1d-9b33541d87a7/Build]   | com.worksap.nlp.sudachi.dictionary.UserDictionaryBuilderTest > commandLine STANDARD_ERROR
[856b02c1-8861-4fc8-9c1d-9b33541d87a7/Build]   |     junit11206767479770814648.tmp	....................	Done! (3 entries, 0.001 sec)
[856b02c1-8861-4fc8-9c1d-9b33541d87a7/Build]   |     POS table		Done! (2 bytes, 0.000 sec)
[856b02c1-8861-4fc8-9c1d-9b33541d87a7/Build]   |     WordId table	....................	Done! (9 bytes, 0.000 sec)
[856b02c1-8861-4fc8-9c1d-9b33541d87a7/Build]   |     double array Trie		Done! (1028 bytes, 0.001 sec)
[856b02c1-8861-4fc8-9c1d-9b33541d87a7/Build]   |     word parameters		Done! (12 bytes, 0.000 sec)
[856b02c1-8861-4fc8-9c1d-9b33541d87a7/Build]   |     word entries		Done! (80 bytes, 0.000 sec)
[856b02c1-8861-4fc8-9c1d-9b33541d87a7/Build]   |     WordInfo offsets		Done! (8 bytes, 0.000 sec)
[856b02c1-8861-4fc8-9c1d-9b33541d87a7/Build]   | 
[856b02c1-8861-4fc8-9c1d-9b33541d87a7/Build]   | com.worksap.nlp.sudachi.RegexOovProviderTest > maxLength6 FAILED
[856b02c1-8861-4fc8-9c1d-9b33541d87a7/Build]   |     java.lang.AssertionError: expected:<5> but was:<3>
[856b02c1-8861-4fc8-9c1d-9b33541d87a7/Build]   |         at org.junit.Assert.fail(Assert.java:89)
[856b02c1-8861-4fc8-9c1d-9b33541d87a7/Build]   |         at org.junit.Assert.failNotEquals(Assert.java:835)
[856b02c1-8861-4fc8-9c1d-9b33541d87a7/Build]   |         at org.junit.Assert.assertEquals(Assert.java:120)
[856b02c1-8861-4fc8-9c1d-9b33541d87a7/Build]   |         at kotlin.test.junit.JUnitAsserter.assertEquals(JUnitSupport.kt:32)
[856b02c1-8861-4fc8-9c1d-9b33541d87a7/Build]   |         at kotlin.test.AssertionsKt__AssertionsKt.assertEquals(Assertions.kt:63)
[856b02c1-8861-4fc8-9c1d-9b33541d87a7/Build]   |         at kotlin.test.AssertionsKt.assertEquals(Unknown Source)
[856b02c1-8861-4fc8-9c1d-9b33541d87a7/Build]   |         at kotlin.test.AssertionsKt__AssertionsKt.assertEquals$default(Assertions.kt:62)
[856b02c1-8861-4fc8-9c1d-9b33541d87a7/Build]   |         at kotlin.test.AssertionsKt.assertEquals$default(Unknown Source)
[856b02c1-8861-4fc8-9c1d-9b33541d87a7/Build]   |         at com.worksap.nlp.sudachi.RegexOovProviderTest.maxLength6(RegexOovProviderTest.kt:82)
[856b02c1-8861-4fc8-9c1d-9b33541d87a7/Build]   | 
[856b02c1-8861-4fc8-9c1d-9b33541d87a7/Build]   | Gradle Test Executor 1 finished executing tests.
[856b02c1-8861-4fc8-9c1d-9b33541d87a7/Build]   | 
[856b02c1-8861-4fc8-9c1d-9b33541d87a7/Build]   | > Task :test FAILED
[856b02c1-8861-4fc8-9c1d-9b33541d87a7/Build]   | 
[856b02c1-8861-4fc8-9c1d-9b33541d87a7/Build]   | 271 tests completed, 1 failed, 1 skipped
[856b02c1-8861-4fc8-9c1d-9b33541d87a7/Build]   | Finished generating test XML results (0.139 secs) into: /tmp/c003bc15-4795-4865-9aa0-3f767957722e/build/test-results/test
[856b02c1-8861-4fc8-9c1d-9b33541d87a7/Build]   | Generating HTML test report...
[856b02c1-8861-4fc8-9c1d-9b33541d87a7/Build]   | Finished generating test html results (0.117 secs) into: /tmp/c003bc15-4795-4865-9aa0-3f767957722e/build/reports/tests/test
[856b02c1-8861-4fc8-9c1d-9b33541d87a7/Build]   | :test (Thread[Execution worker for ':' Thread 45,5,main]) completed. Took 6.165 secs.
[856b02c1-8861-4fc8-9c1d-9b33541d87a7/Build]   | 
[856b02c1-8861-4fc8-9c1d-9b33541d87a7/Build]   | FAILURE: Build failed with an exception.
[856b02c1-8861-4fc8-9c1d-9b33541d87a7/Build]   | 
[856b02c1-8861-4fc8-9c1d-9b33541d87a7/Build]   | * What went wrong:
[856b02c1-8861-4fc8-9c1d-9b33541d87a7/Build]   | Execution failed for task ':test'.
[856b02c1-8861-4fc8-9c1d-9b33541d87a7/Build]   | > There were failing tests. See the report at: file:///tmp/c003bc15-4795-4865-9aa0-3f767957722e/build/reports/tests/test/index.html
[856b02c1-8861-4fc8-9c1d-9b33541d87a7/Build]   | 
[856b02c1-8861-4fc8-9c1d-9b33541d87a7/Build]   | * Try:
[856b02c1-8861-4fc8-9c1d-9b33541d87a7/Build]   | > Run with --debug option to get more log output.
[856b02c1-8861-4fc8-9c1d-9b33541d87a7/Build]   | > Run with --scan to get full insights.
[856b02c1-8861-4fc8-9c1d-9b33541d87a7/Build]   | 
[856b02c1-8861-4fc8-9c1d-9b33541d87a7/Build]   | * Exception is:
[856b02c1-8861-4fc8-9c1d-9b33541d87a7/Build]   | org.gradle.api.tasks.TaskExecutionException: Execution failed for task ':test'.
[856b02c1-8861-4fc8-9c1d-9b33541d87a7/Build]   | 	at org.gradle.api.internal.tasks.execution.ExecuteActionsTaskExecuter.lambda$executeIfValid$1(ExecuteActionsTaskExecuter.java:147)
[856b02c1-8861-4fc8-9c1d-9b33541d87a7/Build]   | 	at org.gradle.internal.Try$Failure.ifSuccessfulOrElse(Try.java:282)
[856b02c1-8861-4fc8-9c1d-9b33541d87a7/Build]   | 	at org.gradle.api.internal.tasks.execution.ExecuteActionsTaskExecuter.executeIfValid(ExecuteActionsTaskExecuter.java:145)
[856b02c1-8861-4fc8-9c1d-9b33541d87a7/Build]   | 	at org.gradle.api.internal.tasks.execution.ExecuteActionsTaskExecuter.execute(ExecuteActionsTaskExecuter.java:133)
[856b02c1-8861-4fc8-9c1d-9b33541d87a7/Build]   | 	at org.gradle.api.internal.tasks.execution.CleanupStaleOutputsExecuter.execute(CleanupStaleOutputsExecuter.java:77)
[856b02c1-8861-4fc8-9c1d-9b33541d87a7/Build]   | 	at org.gradle.api.internal.tasks.execution.FinalizePropertiesTaskExecuter.execute(FinalizePropertiesTaskExecuter.java:46)
[856b02c1-8861-4fc8-9c1d-9b33541d87a7/Build]   | 	at org.gradle.api.internal.tasks.execution.ResolveTaskExecutionModeExecuter.execute(ResolveTaskExecutionModeExecuter.java:51)
[856b02c1-8861-4fc8-9c1d-9b33541d87a7/Build]   | 	at org.gradle.api.internal.tasks.execution.SkipTaskWithNoActionsExecuter.execute(SkipTaskWithNoActionsExecuter.java:57)
[856b02c1-8861-4fc8-9c1d-9b33541d87a7/Build]   | 	at org.gradle.api.internal.tasks.execution.SkipOnlyIfTaskExecuter.execute(SkipOnlyIfTaskExecuter.java:56)
[856b02c1-8861-4fc8-9c1d-9b33541d87a7/Build]   | 	at org.gradle.api.internal.tasks.execution.CatchExceptionTaskExecuter.execute(CatchExceptionTaskExecuter.java:36)
[856b02c1-8861-4fc8-9c1d-9b33541d87a7/Build]   | 	at org.gradle.api.internal.tasks.execution.EventFiringTaskExecuter$1.executeTask(EventFiringTaskExecuter.java:77)
[856b02c1-8861-4fc8-9c1d-9b33541d87a7/Build]   | 	at org.gradle.api.internal.tasks.execution.EventFiringTaskExecuter$1.call(EventFiringTaskExecuter.java:55)
[856b02c1-8861-4fc8-9c1d-9b33541d87a7/Build]   | 	at org.gradle.api.internal.tasks.execution.EventFiringTaskExecuter$1.call(EventFiringTaskExecuter.java:52)
[856b02c1-8861-4fc8-9c1d-9b33541d87a7/Build]   | 	at org.gradle.internal.operations.DefaultBuildOperationRunner$CallableBuildOperationWorker.execute(DefaultBuildOperationRunner.java:204)
[856b02c1-8861-4fc8-9c1d-9b33541d87a7/Build]   | 	at org.gradle.internal.operations.DefaultBuildOperationRunner$CallableBuildOperationWorker.execute(DefaultBuildOperationRunner.java:199)
[856b02c1-8861-4fc8-9c1d-9b33541d87a7/Build]   | 	at org.gradle.internal.operations.DefaultBuildOperationRunner$2.execute(DefaultBuildOperationRunner.java:66)
[856b02c1-8861-4fc8-9c1d-9b33541d87a7/Build]   | 	at org.gradle.internal.operations.DefaultBuildOperationRunner$2.execute(DefaultBuildOperationRunner.java:59)
[856b02c1-8861-4fc8-9c1d-9b33541d87a7/Build]   | 	at org.gradle.internal.operations.DefaultBuildOperationRunner.execute(DefaultBuildOperationRunner.java:157)
[856b02c1-8861-4fc8-9c1d-9b33541d87a7/Build]   | 	at org.gradle.internal.operations.DefaultBuildOperationRunner.execute(DefaultBuildOperationRunner.java:59)
[856b02c1-8861-4fc8-9c1d-9b33541d87a7/Build]   | 	at org.gradle.internal.operations.DefaultBuildOperationRunner.call(DefaultBuildOperationRunner.java:53)
[856b02c1-8861-4fc8-9c1d-9b33541d87a7/Build]   | 	at org.gradle.internal.operations.DefaultBuildOperationExecutor.call(DefaultBuildOperationExecutor.java:73)
[856b02c1-8861-4fc8-9c1d-9b33541d87a7/Build]   | 	at org.gradle.api.internal.tasks.execution.EventFiringTaskExecuter.execute(EventFiringTaskExecuter.java:52)
[856b02c1-8861-4fc8-9c1d-9b33541d87a7/Build]   | 	at org.gradle.execution.plan.LocalTaskNodeExecutor.execute(LocalTaskNodeExecutor.java:74)
[856b02c1-8861-4fc8-9c1d-9b33541d87a7/Build]   | 	at org.gradle.execution.taskgraph.DefaultTaskExecutionGraph$InvokeNodeExecutorsAction.execute(DefaultTaskExecutionGraph.java:333)
[856b02c1-8861-4fc8-9c1d-9b33541d87a7/Build]   | 	at org.gradle.execution.taskgraph.DefaultTaskExecutionGraph$InvokeNodeExecutorsAction.execute(DefaultTaskExecutionGraph.java:320)
[856b02c1-8861-4fc8-9c1d-9b33541d87a7/Build]   | 	at org.gradle.execution.taskgraph.DefaultTaskExecutionGraph$BuildOperationAwareExecutionAction.execute(DefaultTaskExecutionGraph.java:313)
[856b02c1-8861-4fc8-9c1d-9b33541d87a7/Build]   | 	at org.gradle.execution.taskgraph.DefaultTaskExecutionGraph$BuildOperationAwareExecutionAction.execute(DefaultTaskExecutionGraph.java:299)
[856b02c1-8861-4fc8-9c1d-9b33541d87a7/Build]   | 	at org.gradle.execution.plan.DefaultPlanExecutor$ExecutorWorker.lambda$run$0(DefaultPlanExecutor.java:143)
[856b02c1-8861-4fc8-9c1d-9b33541d87a7/Build]   | 	at org.gradle.execution.plan.DefaultPlanExecutor$ExecutorWorker.execute(DefaultPlanExecutor.java:227)
[856b02c1-8861-4fc8-9c1d-9b33541d87a7/Build]   | 	at org.gradle.execution.plan.DefaultPlanExecutor$ExecutorWorker.executeNextNode(DefaultPlanExecutor.java:218)
[856b02c1-8861-4fc8-9c1d-9b33541d87a7/Build]   | 	at org.gradle.execution.plan.DefaultPlanExecutor$ExecutorWorker.run(DefaultPlanExecutor.java:140)
[856b02c1-8861-4fc8-9c1d-9b33541d87a7/Build]   | 	at org.gradle.internal.concurrent.ExecutorPolicy$CatchAndRecordFailures.onExecute(ExecutorPolicy.java:64)
[856b02c1-8861-4fc8-9c1d-9b33541d87a7/Build]   | 	at org.gradle.internal.concurrent.ManagedExecutorImpl$1.run(ManagedExecutorImpl.java:48)
[856b02c1-8861-4fc8-9c1d-9b33541d87a7/Build]   | Caused by: org.gradle.api.tasks.VerificationException: There were failing tests. See the report at: file:///tmp/c003bc15-4795-4865-9aa0-3f767957722e/build/reports/tests/test/index.html
[856b02c1-8861-4fc8-9c1d-9b33541d87a7/Build]   | 	at org.gradle.api.tasks.testing.AbstractTestTask.handleTestFailures(AbstractTestTask.java:651)
[856b02c1-8861-4fc8-9c1d-9b33541d87a7/Build]   | 	at org.gradle.api.tasks.testing.AbstractTestTask.handleCollectedResults(AbstractTestTask.java:513)
[856b02c1-8861-4fc8-9c1d-9b33541d87a7/Build]   | 	at org.gradle.api.tasks.testing.AbstractTestTask.executeTests(AbstractTestTask.java:508)
[856b02c1-8861-4fc8-9c1d-9b33541d87a7/Build]   | 	at org.gradle.api.tasks.testing.Test.executeTests(Test.java:689)
[856b02c1-8861-4fc8-9c1d-9b33541d87a7/Build]   | 	at java.base/jdk.internal.reflect.NativeMethodAccessorImpl.invoke0(Native Method)
[856b02c1-8861-4fc8-9c1d-9b33541d87a7/Build]   | 	at java.base/jdk.internal.reflect.NativeMethodAccessorImpl.invoke(NativeMethodAccessorImpl.java:62)
[856b02c1-8861-4fc8-9c1d-9b33541d87a7/Build]   | 	at java.base/jdk.internal.reflect.DelegatingMethodAccessorImpl.invoke(DelegatingMethodAccessorImpl.java:43)
[856b02c1-8861-4fc8-9c1d-9b33541d87a7/Build]   | 	at org.gradle.internal.reflect.JavaMethod.invoke(JavaMethod.java:104)
[856b02c1-8861-4fc8-9c1d-9b33541d87a7/Build]   | 	at org.gradle.api.internal.project.taskfactory.StandardTaskAction.doExecute(StandardTaskAction.java:58)
[856b02c1-8861-4fc8-9c1d-9b33541d87a7/Build]   | 	at org.gradle.api.internal.project.taskfactory.StandardTaskAction.execute(StandardTaskAction.java:51)
[856b02c1-8861-4fc8-9c1d-9b33541d87a7/Build]   | 	at org.gradle.api.internal.project.taskfactory.StandardTaskAction.execute(StandardTaskAction.java:29)
[856b02c1-8861-4fc8-9c1d-9b33541d87a7/Build]   | 	at org.gradle.api.internal.tasks.execution.TaskExecution$3.run(TaskExecution.java:242)
[856b02c1-8861-4fc8-9c1d-9b33541d87a7/Build]   | 	at org.gradle.internal.operations.DefaultBuildOperationRunner$1.execute(DefaultBuildOperationRunner.java:29)
[856b02c1-8861-4fc8-9c1d-9b33541d87a7/Build]   | 	at org.gradle.internal.operations.DefaultBuildOperationRunner$1.execute(DefaultBuildOperationRunner.java:26)
[856b02c1-8861-4fc8-9c1d-9b33541d87a7/Build]   | 	at org.gradle.internal.operations.DefaultBuildOperationRunner$2.execute(DefaultBuildOperationRunner.java:66)
[856b02c1-8861-4fc8-9c1d-9b33541d87a7/Build]   | 	at org.gradle.internal.operations.DefaultBuildOperationRunner$2.execute(DefaultBuildOperationRunner.java:59)
[856b02c1-8861-4fc8-9c1d-9b33541d87a7/Build]   | 	at org.gradle.internal.operations.DefaultBuildOperationRunner.execute(DefaultBuildOperationRunner.java:157)
[856b02c1-8861-4fc8-9c1d-9b33541d87a7/Build]   | 	at org.gradle.internal.operations.DefaultBuildOperationRunner.execute(DefaultBuildOperationRunner.java:59)
[856b02c1-8861-4fc8-9c1d-9b33541d87a7/Build]   | 	at org.gradle.internal.operations.DefaultBuildOperationRunner.run(DefaultBuildOperationRunner.java:47)
[856b02c1-8861-4fc8-9c1d-9b33541d87a7/Build]   | 	at org.gradle.internal.operations.DefaultBuildOperationExecutor.run(DefaultBuildOperationExecutor.java:68)
[856b02c1-8861-4fc8-9c1d-9b33541d87a7/Build]   | 	at org.gradle.api.internal.tasks.execution.TaskExecution.executeAction(TaskExecution.java:227)
[856b02c1-8861-4fc8-9c1d-9b33541d87a7/Build]   | 	at org.gradle.api.internal.tasks.execution.TaskExecution.executeActions(TaskExecution.java:210)
[856b02c1-8861-4fc8-9c1d-9b33541d87a7/Build]   | 	at org.gradle.api.internal.tasks.execution.TaskExecution.executeWithPreviousOutputFiles(TaskExecution.java:193)
[856b02c1-8861-4fc8-9c1d-9b33541d87a7/Build]   | 	at org.gradle.api.internal.tasks.execution.TaskExecution.execute(TaskExecution.java:171)
[856b02c1-8861-4fc8-9c1d-9b33541d87a7/Build]   | 	at org.gradle.internal.execution.steps.ExecuteStep.executeInternal(ExecuteStep.java:89)
[856b02c1-8861-4fc8-9c1d-9b33541d87a7/Build]   | 	at org.gradle.internal.execution.steps.ExecuteStep.access$000(ExecuteStep.java:40)
[856b02c1-8861-4fc8-9c1d-9b33541d87a7/Build]   | 	at org.gradle.internal.execution.steps.ExecuteStep$1.call(ExecuteStep.java:53)
[856b02c1-8861-4fc8-9c1d-9b33541d87a7/Build]   | 	at org.gradle.internal.execution.steps.ExecuteStep$1.call(ExecuteStep.java:50)
[856b02c1-8861-4fc8-9c1d-9b33541d87a7/Build]   | 	at org.gradle.internal.operations.DefaultBuildOperationRunner$CallableBuildOperationWorker.execute(DefaultBuildOperationRunner.java:204)
[856b02c1-8861-4fc8-9c1d-9b33541d87a7/Build]   | 	at org.gradle.internal.operations.DefaultBuildOperationRunner$CallableBuildOperationWorker.execute(DefaultBuildOperationRunner.java:199)
[856b02c1-8861-4fc8-9c1d-9b33541d87a7/Build]   | 	at org.gradle.internal.operations.DefaultBuildOperationRunner$2.execute(DefaultBuildOperationRunner.java:66)
[856b02c1-8861-4fc8-9c1d-9b33541d87a7/Build]   | 	at org.gradle.internal.operations.DefaultBuildOperationRunner$2.execute(DefaultBuildOperationRunner.java:59)
[856b02c1-8861-4fc8-9c1d-9b33541d87a7/Build]   | 	at org.gradle.internal.operations.DefaultBuildOperationRunner.execute(DefaultBuildOperationRunner.java:157)
[856b02c1-8861-4fc8-9c1d-9b33541d87a7/Build]   | 	at org.gradle.internal.operations.DefaultBuildOperationRunner.execute(DefaultBuildOperationRunner.java:59)
[856b02c1-8861-4fc8-9c1d-9b33541d87a7/Build]   | 	at org.gradle.internal.operations.DefaultBuildOperationRunner.call(DefaultBuildOperationRunner.java:53)
[856b02c1-8861-4fc8-9c1d-9b33541d87a7/Build]   | 	at org.gradle.internal.operations.DefaultBuildOperationExecutor.call(DefaultBuildOperationExecutor.java:73)
[856b02c1-8861-4fc8-9c1d-9b33541d87a7/Build]   | 	at org.gradle.internal.execution.steps.ExecuteStep.execute(ExecuteStep.java:50)
[856b02c1-8861-4fc8-9c1d-9b33541d87a7/Build]   | 	at org.gradle.internal.execution.steps.ExecuteStep.execute(ExecuteStep.java:40)
[856b02c1-8861-4fc8-9c1d-9b33541d87a7/Build]   | 	at org.gradle.internal.execution.steps.RemovePreviousOutputsStep.execute(RemovePreviousOutputsStep.java:68)
[856b02c1-8861-4fc8-9c1d-9b33541d87a7/Build]   | 	at org.gradle.internal.execution.steps.RemovePreviousOutputsStep.execute(RemovePreviousOutputsStep.java:38)
[856b02c1-8861-4fc8-9c1d-9b33541d87a7/Build]   | 	at org.gradle.internal.execution.steps.ResolveInputChangesStep.execute(ResolveInputChangesStep.java:48)
[856b02c1-8861-4fc8-9c1d-9b33541d87a7/Build]   | 	at org.gradle.internal.execution.steps.ResolveInputChangesStep.execute(ResolveInputChangesStep.java:36)
[856b02c1-8861-4fc8-9c1d-9b33541d87a7/Build]   | 	at org.gradle.internal.execution.steps.CancelExecutionStep.execute(CancelExecutionStep.java:41)
[856b02c1-8861-4fc8-9c1d-9b33541d87a7/Build]   | 	at org.gradle.internal.execution.steps.TimeoutStep.executeWithoutTimeout(TimeoutStep.java:74)
[856b02c1-8861-4fc8-9c1d-9b33541d87a7/Build]   | 	at org.gradle.internal.execution.steps.TimeoutStep.execute(TimeoutStep.java:55)
[856b02c1-8861-4fc8-9c1d-9b33541d87a7/Build]   | 	at org.gradle.internal.execution.steps.CreateOutputsStep.execute(CreateOutputsStep.java:51)
[856b02c1-8861-4fc8-9c1d-9b33541d87a7/Build]   | 	at org.gradle.internal.execution.steps.CreateOutputsStep.execute(CreateOutputsStep.java:29)
[856b02c1-8861-4fc8-9c1d-9b33541d87a7/Build]   | 	at org.gradle.internal.execution.steps.CaptureStateAfterExecutionStep.execute(CaptureStateAfterExecutionStep.java:61)
[856b02c1-8861-4fc8-9c1d-9b33541d87a7/Build]   | 	at org.gradle.internal.execution.steps.CaptureStateAfterExecutionStep.execute(CaptureStateAfterExecutionStep.java:42)
[856b02c1-8861-4fc8-9c1d-9b33541d87a7/Build]   | 	at org.gradle.internal.execution.steps.BroadcastChangingOutputsStep.execute(BroadcastChangingOutputsStep.java:60)
[856b02c1-8861-4fc8-9c1d-9b33541d87a7/Build]   | 	at org.gradle.internal.execution.steps.BroadcastChangingOutputsStep.execute(BroadcastChangingOutputsStep.java:27)
[856b02c1-8861-4fc8-9c1d-9b33541d87a7/Build]   | 	at org.gradle.internal.execution.steps.BuildCacheStep.executeWithoutCache(BuildCacheStep.java:180)
[856b02c1-8861-4fc8-9c1d-9b33541d87a7/Build]   | 	at org.gradle.internal.execution.steps.BuildCacheStep.executeAndStoreInCache(BuildCacheStep.java:155)
[856b02c1-8861-4fc8-9c1d-9b33541d87a7/Build]   | 	at org.gradle.internal.execution.steps.BuildCacheStep.lambda$executeWithCache$4(BuildCacheStep.java:125)
[856b02c1-8861-4fc8-9c1d-9b33541d87a7/Build]   | 	at org.gradle.internal.execution.steps.BuildCacheStep.lambda$executeWithCache$5(BuildCacheStep.java:125)
[856b02c1-8861-4fc8-9c1d-9b33541d87a7/Build]   | 	at org.gradle.internal.Try$Success.map(Try.java:164)
[856b02c1-8861-4fc8-9c1d-9b33541d87a7/Build]   | 	at org.gradle.internal.execution.steps.BuildCacheStep.executeWithCache(BuildCacheStep.java:85)
[856b02c1-8861-4fc8-9c1d-9b33541d87a7/Build]   | 	at org.gradle.internal.execution.steps.BuildCacheStep.lambda$execute$0(BuildCacheStep.java:74)
[856b02c1-8861-4fc8-9c1d-9b33541d87a7/Build]   | 	at org.gradle.internal.Either$Left.fold(Either.java:115)
[856b02c1-8861-4fc8-9c1d-9b33541d87a7/Build]   | 	at org.gradle.internal.execution.caching.CachingState.fold(CachingState.java:59)
[856b02c1-8861-4fc8-9c1d-9b33541d87a7/Build]   | 	at org.gradle.internal.execution.steps.BuildCacheStep.execute(BuildCacheStep.java:73)
[856b02c1-8861-4fc8-9c1d-9b33541d87a7/Build]   | 	at org.gradle.internal.execution.steps.BuildCacheStep.execute(BuildCacheStep.java:48)
[856b02c1-8861-4fc8-9c1d-9b33541d87a7/Build]   | 	at org.gradle.internal.execution.steps.StoreExecutionStateStep.execute(StoreExecutionStateStep.java:36)
[856b02c1-8861-4fc8-9c1d-9b33541d87a7/Build]   | 	at org.gradle.internal.execution.steps.StoreExecutionStateStep.execute(StoreExecutionStateStep.java:25)
[856b02c1-8861-4fc8-9c1d-9b33541d87a7/Build]   | 	at org.gradle.internal.execution.steps.RecordOutputsStep.execute(RecordOutputsStep.java:36)
[856b02c1-8861-4fc8-9c1d-9b33541d87a7/Build]   | 	at org.gradle.internal.execution.steps.RecordOutputsStep.execute(RecordOutputsStep.java:22)
[856b02c1-8861-4fc8-9c1d-9b33541d87a7/Build]   | 	at org.gradle.internal.execution.steps.SkipUpToDateStep.executeBecause(SkipUpToDateStep.java:110)
[856b02c1-8861-4fc8-9c1d-9b33541d87a7/Build]   | 	at org.gradle.internal.execution.steps.SkipUpToDateStep.lambda$execute$2(SkipUpToDateStep.java:56)
[856b02c1-8861-4fc8-9c1d-9b33541d87a7/Build]   | 	at org.gradle.internal.execution.steps.SkipUpToDateStep.execute(SkipUpToDateStep.java:56)
[856b02c1-8861-4fc8-9c1d-9b33541d87a7/Build]   | 	at org.gradle.internal.execution.steps.SkipUpToDateStep.execute(SkipUpToDateStep.java:38)
[856b02c1-8861-4fc8-9c1d-9b33541d87a7/Build]   | 	at org.gradle.internal.execution.steps.ResolveChangesStep.execute(ResolveChangesStep.java:73)
[856b02c1-8861-4fc8-9c1d-9b33541d87a7/Build]   | 	at org.gradle.internal.execution.steps.ResolveChangesStep.execute(ResolveChangesStep.java:44)
[856b02c1-8861-4fc8-9c1d-9b33541d87a7/Build]   | 	at org.gradle.internal.execution.steps.legacy.MarkSnapshottingInputsFinishedStep.execute(MarkSnapshottingInputsFinishedStep.java:37)
[856b02c1-8861-4fc8-9c1d-9b33541d87a7/Build]   | 	at org.gradle.internal.execution.steps.legacy.MarkSnapshottingInputsFinishedStep.execute(MarkSnapshottingInputsFinishedStep.java:27)
[856b02c1-8861-4fc8-9c1d-9b33541d87a7/Build]   | 	at org.gradle.internal.execution.steps.ResolveCachingStateStep.execute(ResolveCachingStateStep.java:89)
[856b02c1-8861-4fc8-9c1d-9b33541d87a7/Build]   | 	at org.gradle.internal.execution.steps.ResolveCachingStateStep.execute(ResolveCachingStateStep.java:50)
[856b02c1-8861-4fc8-9c1d-9b33541d87a7/Build]   | 	at org.gradle.internal.execution.steps.ValidateStep.execute(ValidateStep.java:114)
[856b02c1-8861-4fc8-9c1d-9b33541d87a7/Build]   | 	at org.gradle.internal.execution.steps.ValidateStep.execute(ValidateStep.java:57)
[856b02c1-8861-4fc8-9c1d-9b33541d87a7/Build]   | 	at org.gradle.internal.execution.steps.CaptureStateBeforeExecutionStep.execute(CaptureStateBeforeExecutionStep.java:76)
[856b02c1-8861-4fc8-9c1d-9b33541d87a7/Build]   | 	at org.gradle.internal.execution.steps.CaptureStateBeforeExecutionStep.execute(CaptureStateBeforeExecutionStep.java:50)
[856b02c1-8861-4fc8-9c1d-9b33541d87a7/Build]   | 	at org.gradle.internal.execution.steps.SkipEmptyWorkStep.executeWithNoEmptySources(SkipEmptyWorkStep.java:249)
[856b02c1-8861-4fc8-9c1d-9b33541d87a7/Build]   | 	at org.gradle.internal.execution.steps.SkipEmptyWorkStep.executeWithNoEmptySources(SkipEmptyWorkStep.java:204)
[856b02c1-8861-4fc8-9c1d-9b33541d87a7/Build]   | 	at org.gradle.internal.execution.steps.SkipEmptyWorkStep.execute(SkipEmptyWorkStep.java:83)
[856b02c1-8861-4fc8-9c1d-9b33541d87a7/Build]   | 	at org.gradle.internal.execution.steps.SkipEmptyWorkStep.execute(SkipEmptyWorkStep.java:54)
[856b02c1-8861-4fc8-9c1d-9b33541d87a7/Build]   | 	at org.gradle.internal.execution.steps.RemoveUntrackedExecutionStateStep.execute(RemoveUntrackedExecutionStateStep.java:32)
[856b02c1-8861-4fc8-9c1d-9b33541d87a7/Build]   | 	at org.gradle.internal.execution.steps.RemoveUntrackedExecutionStateStep.execute(RemoveUntrackedExecutionStateStep.java:21)
[856b02c1-8861-4fc8-9c1d-9b33541d87a7/Build]   | 	at org.gradle.internal.execution.steps.legacy.MarkSnapshottingInputsStartedStep.execute(MarkSnapshottingInputsStartedStep.java:38)
[856b02c1-8861-4fc8-9c1d-9b33541d87a7/Build]   | 	at org.gradle.internal.execution.steps.LoadPreviousExecutionStateStep.execute(LoadPreviousExecutionStateStep.java:43)
[856b02c1-8861-4fc8-9c1d-9b33541d87a7/Build]   | 	at org.gradle.internal.execution.steps.LoadPreviousExecutionStateStep.execute(LoadPreviousExecutionStateStep.java:31)
[856b02c1-8861-4fc8-9c1d-9b33541d87a7/Build]   | 	at org.gradle.internal.execution.steps.AssignWorkspaceStep.lambda$execute$0(AssignWorkspaceStep.java:40)
[856b02c1-8861-4fc8-9c1d-9b33541d87a7/Build]   | 	at org.gradle.api.internal.tasks.execution.TaskExecution$4.withWorkspace(TaskExecution.java:287)
[856b02c1-8861-4fc8-9c1d-9b33541d87a7/Build]   | 	at org.gradle.internal.execution.steps.AssignWorkspaceStep.execute(AssignWorkspaceStep.java:40)
[856b02c1-8861-4fc8-9c1d-9b33541d87a7/Build]   | 	at org.gradle.internal.execution.steps.AssignWorkspaceStep.execute(AssignWorkspaceStep.java:30)
[856b02c1-8861-4fc8-9c1d-9b33541d87a7/Build]   | 	at org.gradle.internal.execution.steps.IdentityCacheStep.execute(IdentityCacheStep.java:37)
[856b02c1-8861-4fc8-9c1d-9b33541d87a7/Build]   | 	at org.gradle.internal.execution.steps.IdentityCacheStep.execute(IdentityCacheStep.java:27)
[856b02c1-8861-4fc8-9c1d-9b33541d87a7/Build]   | 	at org.gradle.internal.execution.steps.IdentifyStep.execute(IdentifyStep.java:44)
[856b02c1-8861-4fc8-9c1d-9b33541d87a7/Build]   | 	at org.gradle.internal.execution.steps.IdentifyStep.execute(IdentifyStep.java:33)
[856b02c1-8861-4fc8-9c1d-9b33541d87a7/Build]   | 	at org.gradle.internal.execution.impl.DefaultExecutionEngine$1.execute(DefaultExecutionEngine.java:76)
[856b02c1-8861-4fc8-9c1d-9b33541d87a7/Build]   | 	at org.gradle.api.internal.tasks.execution.ExecuteActionsTaskExecuter.executeIfValid(ExecuteActionsTaskExecuter.java:144)
[856b02c1-8861-4fc8-9c1d-9b33541d87a7/Build]   | 	at org.gradle.api.internal.tasks.execution.ExecuteActionsTaskExecuter.execute(ExecuteActionsTaskExecuter.java:133)
[856b02c1-8861-4fc8-9c1d-9b33541d87a7/Build]   | 	at org.gradle.api.internal.tasks.execution.CleanupStaleOutputsExecuter.execute(CleanupStaleOutputsExecuter.java:77)
[856b02c1-8861-4fc8-9c1d-9b33541d87a7/Build]   | 	at org.gradle.api.internal.tasks.execution.FinalizePropertiesTaskExecuter.execute(FinalizePropertiesTaskExecuter.java:46)
[856b02c1-8861-4fc8-9c1d-9b33541d87a7/Build]   | 	at org.gradle.api.internal.tasks.execution.ResolveTaskExecutionModeExecuter.execute(ResolveTaskExecutionModeExecuter.java:51)
[856b02c1-8861-4fc8-9c1d-9b33541d87a7/Build]   | 	at org.gradle.api.internal.tasks.execution.SkipTaskWithNoActionsExecuter.execute(SkipTaskWithNoActionsExecuter.java:57)
[856b02c1-8861-4fc8-9c1d-9b33541d87a7/Build]   | 	at org.gradle.api.internal.tasks.execution.SkipOnlyIfTaskExecuter.execute(SkipOnlyIfTaskExecuter.java:56)
[856b02c1-8861-4fc8-9c1d-9b33541d87a7/Build]   | 	at org.gradle.api.internal.tasks.execution.CatchExceptionTaskExecuter.execute(CatchExceptionTaskExecuter.java:36)
[856b02c1-8861-4fc8-9c1d-9b33541d87a7/Build]   | 	at org.gradle.api.internal.tasks.execution.EventFiringTaskExecuter$1.executeTask(EventFiringTaskExecuter.java:77)
[856b02c1-8861-4fc8-9c1d-9b33541d87a7/Build]   | 	at org.gradle.api.internal.tasks.execution.EventFiringTaskExecuter$1.call(EventFiringTaskExecuter.java:55)
[856b02c1-8861-4fc8-9c1d-9b33541d87a7/Build]   | 	at org.gradle.api.internal.tasks.execution.EventFiringTaskExecuter$1.call(EventFiringTaskExecuter.java:52)
[856b02c1-8861-4fc8-9c1d-9b33541d87a7/Build]   | 	at org.gradle.internal.operations.DefaultBuildOperationRunner$CallableBuildOperationWorker.execute(DefaultBuildOperationRunner.java:204)
[856b02c1-8861-4fc8-9c1d-9b33541d87a7/Build]   | 	at org.gradle.internal.operations.DefaultBuildOperationRunner$CallableBuildOperationWorker.execute(DefaultBuildOperationRunner.java:199)
[856b02c1-8861-4fc8-9c1d-9b33541d87a7/Build]   | 	at org.gradle.internal.operations.DefaultBuildOperationRunner$2.execute(DefaultBuildOperationRunner.java:66)
[856b02c1-8861-4fc8-9c1d-9b33541d87a7/Build]   | 	at org.gradle.internal.operations.DefaultBuildOperationRunner$2.execute(DefaultBuildOperationRunner.java:59)
[856b02c1-8861-4fc8-9c1d-9b33541d87a7/Build]   | 	at org.gradle.internal.operations.DefaultBuildOperationRunner.execute(DefaultBuildOperationRunner.java:157)
[856b02c1-8861-4fc8-9c1d-9b33541d87a7/Build]   | 	at org.gradle.internal.operations.DefaultBuildOperationRunner.execute(DefaultBuildOperationRunner.java:59)
[856b02c1-8861-4fc8-9c1d-9b33541d87a7/Build]   | 	at org.gradle.internal.operations.DefaultBuildOperationRunner.call(DefaultBuildOperationRunner.java:53)
[856b02c1-8861-4fc8-9c1d-9b33541d87a7/Build]   | 	at org.gradle.internal.operations.DefaultBuildOperationExecutor.call(DefaultBuildOperationExecutor.java:73)
[856b02c1-8861-4fc8-9c1d-9b33541d87a7/Build]   | 	at org.gradle.api.internal.tasks.execution.EventFiringTaskExecuter.execute(EventFiringTaskExecuter.java:52)
[856b02c1-8861-4fc8-9c1d-9b33541d87a7/Build]   | 	at org.gradle.execution.plan.LocalTaskNodeExecutor.execute(LocalTaskNodeExecutor.java:74)
[856b02c1-8861-4fc8-9c1d-9b33541d87a7/Build]   | 	at org.gradle.execution.taskgraph.DefaultTaskExecutionGraph$InvokeNodeExecutorsAction.execute(DefaultTaskExecutionGraph.java:333)
[856b02c1-8861-4fc8-9c1d-9b33541d87a7/Build]   | 	at org.gradle.execution.taskgraph.DefaultTaskExecutionGraph$InvokeNodeExecutorsAction.execute(DefaultTaskExecutionGraph.java:320)
[856b02c1-8861-4fc8-9c1d-9b33541d87a7/Build]   | 	at org.gradle.execution.taskgraph.DefaultTaskExecutionGraph$BuildOperationAwareExecutionAction.execute(DefaultTaskExecutionGraph.java:313)
[856b02c1-8861-4fc8-9c1d-9b33541d87a7/Build]   | 	at org.gradle.execution.taskgraph.DefaultTaskExecutionGraph$BuildOperationAwareExecutionAction.execute(DefaultTaskExecutionGraph.java:299)
[856b02c1-8861-4fc8-9c1d-9b33541d87a7/Build]   | 	at org.gradle.execution.plan.DefaultPlanExecutor$ExecutorWorker.lambda$run$0(DefaultPlanExecutor.java:143)
[856b02c1-8861-4fc8-9c1d-9b33541d87a7/Build]   | 	at org.gradle.execution.plan.DefaultPlanExecutor$ExecutorWorker.execute(DefaultPlanExecutor.java:227)
[856b02c1-8861-4fc8-9c1d-9b33541d87a7/Build]   | 	at org.gradle.execution.plan.DefaultPlanExecutor$ExecutorWorker.executeNextNode(DefaultPlanExecutor.java:218)
[856b02c1-8861-4fc8-9c1d-9b33541d87a7/Build]   | 	at org.gradle.execution.plan.DefaultPlanExecutor$ExecutorWorker.run(DefaultPlanExecutor.java:140)
[856b02c1-8861-4fc8-9c1d-9b33541d87a7/Build]   | 	at org.gradle.internal.concurrent.ExecutorPolicy$CatchAndRecordFailures.onExecute(ExecutorPolicy.java:64)
[856b02c1-8861-4fc8-9c1d-9b33541d87a7/Build]   | 	at org.gradle.internal.concurrent.ManagedExecutorImpl$1.run(ManagedExecutorImpl.java:48)
[856b02c1-8861-4fc8-9c1d-9b33541d87a7/Build]   | 
[856b02c1-8861-4fc8-9c1d-9b33541d87a7/Build]   | 
[856b02c1-8861-4fc8-9c1d-9b33541d87a7/Build]   | * Get more help at https://help.gradle.org
[856b02c1-8861-4fc8-9c1d-9b33541d87a7/Build]   | 
[856b02c1-8861-4fc8-9c1d-9b33541d87a7/Build]   | BUILD FAILED in 1m 37s
[856b02c1-8861-4fc8-9c1d-9b33541d87a7/Build]   | 21 actionable tasks: 5 executed, 16 up-to-date
[856b02c1-8861-4fc8-9c1d-9b33541d87a7/Build]   | Some of the file system contents retained in the virtual file system are on file systems that Gradle doesn't support watching. The relevant state was discarded to ensure changes to these locations are properly detected. You can override this by explicitly enabling file system watching.
[856b02c1-8861-4fc8-9c1d-9b33541d87a7/Build]   ‚ùå  Failure - Main Build and check
[856b02c1-8861-4fc8-9c1d-9b33541d87a7/Build] exitcode '1': failure
[856b02c1-8861-4fc8-9c1d-9b33541d87a7/Build] unable to get git ref: failed to identify reference (tag/branch) for the checked-out revision '0294434d2cc14317bbc4dd71c9b522c7e4a62062'
[856b02c1-8861-4fc8-9c1d-9b33541d87a7/Build] unable to get git ref: failed to identify reference (tag/branch) for the checked-out revision '0294434d2cc14317bbc4dd71c9b522c7e4a62062'
[856b02c1-8861-4fc8-9c1d-9b33541d87a7/Build] unable to get git ref: failed to identify reference (tag/branch) for the checked-out revision '0294434d2cc14317bbc4dd71c9b522c7e4a62062'
[856b02c1-8861-4fc8-9c1d-9b33541d87a7/Build] unable to get git ref: failed to identify reference (tag/branch) for the checked-out revision '0294434d2cc14317bbc4dd71c9b522c7e4a62062'
[856b02c1-8861-4fc8-9c1d-9b33541d87a7/Build] unable to get git ref: failed to identify reference (tag/branch) for the checked-out revision '0294434d2cc14317bbc4dd71c9b522c7e4a62062'
[856b02c1-8861-4fc8-9c1d-9b33541d87a7/Build] unable to get git ref: failed to identify reference (tag/branch) for the checked-out revision '0294434d2cc14317bbc4dd71c9b522c7e4a62062'
[856b02c1-8861-4fc8-9c1d-9b33541d87a7/Build] unable to get git ref: failed to identify reference (tag/branch) for the checked-out revision '0294434d2cc14317bbc4dd71c9b522c7e4a62062'
[856b02c1-8861-4fc8-9c1d-9b33541d87a7/Build] unable to get git ref: failed to identify reference (tag/branch) for the checked-out revision '0294434d2cc14317bbc4dd71c9b522c7e4a62062'
[856b02c1-8861-4fc8-9c1d-9b33541d87a7/Build] unable to get git ref: failed to identify reference (tag/branch) for the checked-out revision '0294434d2cc14317bbc4dd71c9b522c7e4a62062'
[856b02c1-8861-4fc8-9c1d-9b33541d87a7/Build] unable to get git ref: failed to identify reference (tag/branch) for the checked-out revision '0294434d2cc14317bbc4dd71c9b522c7e4a62062'
[856b02c1-8861-4fc8-9c1d-9b33541d87a7/Build] ‚≠ê Run Main actions/upload-artifact@v3
[856b02c1-8861-4fc8-9c1d-9b33541d87a7/Build] unable to get git ref: failed to identify reference (tag/branch) for the checked-out revision '0294434d2cc14317bbc4dd71c9b522c7e4a62062'
[856b02c1-8861-4fc8-9c1d-9b33541d87a7/Build] unable to get git ref: failed to identify reference (tag/branch) for the checked-out revision '0294434d2cc14317bbc4dd71c9b522c7e4a62062'
[856b02c1-8861-4fc8-9c1d-9b33541d87a7/Build] unable to get git ref: failed to identify reference (tag/branch) for the checked-out revision '0294434d2cc14317bbc4dd71c9b522c7e4a62062'
[856b02c1-8861-4fc8-9c1d-9b33541d87a7/Build]   üê≥  docker cp src=/tmp/act-cache/43347392-7f7c-452c-b6d5-8e81a970fb15/act/actions-upload-artifact@v3/ dst=/var/run/act/actions/actions-upload-artifact@v3/
[856b02c1-8861-4fc8-9c1d-9b33541d87a7/Build]   üê≥  docker exec cmd=[chown -R 1012:1013 /var/run/act/actions/actions-upload-artifact@v3/] user=0 workdir=
[856b02c1-8861-4fc8-9c1d-9b33541d87a7/Build]   üê≥  docker exec cmd=[node /var/run/act/actions/actions-upload-artifact@v3/dist/index.js] user= workdir=
[856b02c1-8861-4fc8-9c1d-9b33541d87a7/Build]   üí¨  ::debug::followSymbolicLinks 'true'
[856b02c1-8861-4fc8-9c1d-9b33541d87a7/Build]   üí¨  ::debug::implicitDescendants 'true'
[856b02c1-8861-4fc8-9c1d-9b33541d87a7/Build]   üí¨  ::debug::omitBrokenSymbolicLinks 'true'
[856b02c1-8861-4fc8-9c1d-9b33541d87a7/Build]   üí¨  ::debug::followSymbolicLinks 'true'
[856b02c1-8861-4fc8-9c1d-9b33541d87a7/Build]   üí¨  ::debug::implicitDescendants 'true'
[856b02c1-8861-4fc8-9c1d-9b33541d87a7/Build]   üí¨  ::debug::matchDirectories 'true'
[856b02c1-8861-4fc8-9c1d-9b33541d87a7/Build]   üí¨  ::debug::omitBrokenSymbolicLinks 'true'
[856b02c1-8861-4fc8-9c1d-9b33541d87a7/Build]   üí¨  ::debug::Search path '/tmp/c003bc15-4795-4865-9aa0-3f767957722e/build/reports'
[856b02c1-8861-4fc8-9c1d-9b33541d87a7/Build]   üí¨  ::debug::Removing /tmp/c003bc15-4795-4865-9aa0-3f767957722e/build/reports from rawSearchResults because it is a directory
[856b02c1-8861-4fc8-9c1d-9b33541d87a7/Build]   üí¨  ::debug::Removing /tmp/c003bc15-4795-4865-9aa0-3f767957722e/build/reports/jacoco from rawSearchResults because it is a directory
[856b02c1-8861-4fc8-9c1d-9b33541d87a7/Build]   üí¨  ::debug::Removing /tmp/c003bc15-4795-4865-9aa0-3f767957722e/build/reports/jacoco/test from rawSearchResults because it is a directory
[856b02c1-8861-4fc8-9c1d-9b33541d87a7/Build]   üí¨  ::debug::Removing /tmp/c003bc15-4795-4865-9aa0-3f767957722e/build/reports/jacoco/test/html from rawSearchResults because it is a directory
[856b02c1-8861-4fc8-9c1d-9b33541d87a7/Build]   üí¨  ::debug::Removing /tmp/c003bc15-4795-4865-9aa0-3f767957722e/build/reports/jacoco/test/html/com.worksap.nlp.sudachi from rawSearchResults because it is a directory
[856b02c1-8861-4fc8-9c1d-9b33541d87a7/Build]   üí¨  ::debug::File:/tmp/c003bc15-4795-4865-9aa0-3f767957722e/build/reports/jacoco/test/html/com.worksap.nlp.sudachi/Config$PluginConf.html was found using the provided searchPath
[856b02c1-8861-4fc8-9c1d-9b33541d87a7/Build]   üí¨  ::debug::File:/tmp/c003bc15-4795-4865-9aa0-3f767957722e/build/reports/jacoco/test/html/com.worksap.nlp.sudachi/Config$Resource$Classpath.html was found using the provided searchPath
[856b02c1-8861-4fc8-9c1d-9b33541d87a7/Build]   üí¨  ::debug::File:/tmp/c003bc15-4795-4865-9aa0-3f767957722e/build/reports/jacoco/test/html/com.worksap.nlp.sudachi/Config$Resource$Filesystem.html was found using the provided searchPath
[856b02c1-8861-4fc8-9c1d-9b33541d87a7/Build]   üí¨  ::debug::File:/tmp/c003bc15-4795-4865-9aa0-3f767957722e/build/reports/jacoco/test/html/com.worksap.nlp.sudachi/Config$Resource$NotFound.html was found using the provided searchPath
[856b02c1-8861-4fc8-9c1d-9b33541d87a7/Build]   üí¨  ::debug::File:/tmp/c003bc15-4795-4865-9aa0-3f767957722e/build/reports/jacoco/test/html/com.worksap.nlp.sudachi/Config$Resource$Ready.html was found using the provided searchPath
[856b02c1-8861-4fc8-9c1d-9b33541d87a7/Build]   üí¨  ::debug::File:/tmp/c003bc15-4795-4865-9aa0-3f767957722e/build/reports/jacoco/test/html/com.worksap.nlp.sudachi/Config$Resource.html was found using the provided searchPath
[856b02c1-8861-4fc8-9c1d-9b33541d87a7/Build]   üí¨  ::debug::File:/tmp/c003bc15-4795-4865-9aa0-3f767957722e/build/reports/jacoco/test/html/com.worksap.nlp.sudachi/Config.html was found using the provided searchPath
[856b02c1-8861-4fc8-9c1d-9b33541d87a7/Build]   üí¨  ::debug::File:/tmp/c003bc15-4795-4865-9aa0-3f767957722e/build/reports/jacoco/test/html/com.worksap.nlp.sudachi/Config.java.html was found using the provided searchPath
[856b02c1-8861-4fc8-9c1d-9b33541d87a7/Build]   üí¨  ::debug::File:/tmp/c003bc15-4795-4865-9aa0-3f767957722e/build/reports/jacoco/test/html/com.worksap.nlp.sudachi/DefaultInputTextPlugin.html was found using the provided searchPath
[856b02c1-8861-4fc8-9c1d-9b33541d87a7/Build]   üí¨  ::debug::File:/tmp/c003bc15-4795-4865-9aa0-3f767957722e/build/reports/jacoco/test/html/com.worksap.nlp.sudachi/DefaultInputTextPlugin.java.html was found using the provided searchPath
[856b02c1-8861-4fc8-9c1d-9b33541d87a7/Build]   üí¨  ::debug::File:/tmp/c003bc15-4795-4865-9aa0-3f767957722e/build/reports/jacoco/test/html/com.worksap.nlp.sudachi/DictionaryFactory.html was found using the provided searchPath
[856b02c1-8861-4fc8-9c1d-9b33541d87a7/Build]   üí¨  ::debug::File:/tmp/c003bc15-4795-4865-9aa0-3f767957722e/build/reports/jacoco/test/html/com.worksap.nlp.sudachi/DictionaryFactory.java.html was found using the provided searchPath
[856b02c1-8861-4fc8-9c1d-9b33541d87a7/Build]   üí¨  ::debug::File:/tmp/c003bc15-4795-4865-9aa0-3f767957722e/build/reports/jacoco/test/html/com.worksap.nlp.sudachi/EditConnectionCostPlugin.html was found using the provided searchPath
[856b02c1-8861-4fc8-9c1d-9b33541d87a7/Build]   üí¨  ::debug::File:/tmp/c003bc15-4795-4865-9aa0-3f767957722e/build/reports/jacoco/test/html/com.worksap.nlp.sudachi/EditConnectionCostPlugin.java.html was found using the provided searchPath
[856b02c1-8861-4fc8-9c1d-9b33541d87a7/Build]   üí¨  ::debug::File:/tmp/c003bc15-4795-4865-9aa0-3f767957722e/build/reports/jacoco/test/html/com.worksap.nlp.sudachi/IgnoreYomiganaPlugin.html was found using the provided searchPath
[856b02c1-8861-4fc8-9c1d-9b33541d87a7/Build]   üí¨  ::debug::File:/tmp/c003bc15-4795-4865-9aa0-3f767957722e/build/reports/jacoco/test/html/com.worksap.nlp.sudachi/IgnoreYomiganaPlugin.java.html was found using the provided searchPath
[856b02c1-8861-4fc8-9c1d-9b33541d87a7/Build]   üí¨  ::debug::File:/tmp/c003bc15-4795-4865-9aa0-3f767957722e/build/reports/jacoco/test/html/com.worksap.nlp.sudachi/InhibitConnectionPlugin.html was found using the provided searchPath
[856b02c1-8861-4fc8-9c1d-9b33541d87a7/Build]   üí¨  ::debug::File:/tmp/c003bc15-4795-4865-9aa0-3f767957722e/build/reports/jacoco/test/html/com.worksap.nlp.sudachi/InhibitConnectionPlugin.java.html was found using the provided searchPath
[856b02c1-8861-4fc8-9c1d-9b33541d87a7/Build]   üí¨  ::debug::File:/tmp/c003bc15-4795-4865-9aa0-3f767957722e/build/reports/jacoco/test/html/com.worksap.nlp.sudachi/InputTextPlugin.html was found using the provided searchPath
[856b02c1-8861-4fc8-9c1d-9b33541d87a7/Build]   üí¨  ::debug::File:/tmp/c003bc15-4795-4865-9aa0-3f767957722e/build/reports/jacoco/test/html/com.worksap.nlp.sudachi/InputTextPlugin.java.html was found using the provided searchPath
[856b02c1-8861-4fc8-9c1d-9b33541d87a7/Build]   üí¨  ::debug::File:/tmp/c003bc15-4795-4865-9aa0-3f767957722e/build/reports/jacoco/test/html/com.worksap.nlp.sudachi/JapaneseDictionary.html was found using the provided searchPath
[856b02c1-8861-4fc8-9c1d-9b33541d87a7/Build]   üí¨  ::debug::File:/tmp/c003bc15-4795-4865-9aa0-3f767957722e/build/reports/jacoco/test/html/com.worksap.nlp.sudachi/JapaneseDictionary.java.html was found using the provided searchPath
[856b02c1-8861-4fc8-9c1d-9b33541d87a7/Build]   üí¨  ::debug::File:/tmp/c003bc15-4795-4865-9aa0-3f767957722e/build/reports/jacoco/test/html/com.worksap.nlp.sudachi/JapaneseTokenizer$NonBreakChecker.html was found using the provided searchPath
[856b02c1-8861-4fc8-9c1d-9b33541d87a7/Build]   üí¨  ::debug::File:/tmp/c003bc15-4795-4865-9aa0-3f767957722e/build/reports/jacoco/test/html/com.worksap.nlp.sudachi/JapaneseTokenizer.html was found using the provided searchPath
[856b02c1-8861-4fc8-9c1d-9b33541d87a7/Build]   üí¨  ::debug::File:/tmp/c003bc15-4795-4865-9aa0-3f767957722e/build/reports/jacoco/test/html/com.worksap.nlp.sudachi/JapaneseTokenizer.java.html was found using the provided searchPath
[856b02c1-8861-4fc8-9c1d-9b33541d87a7/Build]   üí¨  ::debug::File:/tmp/c003bc15-4795-4865-9aa0-3f767957722e/build/reports/jacoco/test/html/com.worksap.nlp.sudachi/JoinKatakanaOovPlugin.html was found using the provided searchPath
[856b02c1-8861-4fc8-9c1d-9b33541d87a7/Build]   üí¨  ::debug::File:/tmp/c003bc15-4795-4865-9aa0-3f767957722e/build/reports/jacoco/test/html/com.worksap.nlp.sudachi/JoinKatakanaOovPlugin.java.html was found using the provided searchPath
[856b02c1-8861-4fc8-9c1d-9b33541d87a7/Build]   üí¨  ::debug::File:/tmp/c003bc15-4795-4865-9aa0-3f767957722e/build/reports/jacoco/test/html/com.worksap.nlp.sudachi/JoinNumericPlugin.html was found using the provided searchPath
[856b02c1-8861-4fc8-9c1d-9b33541d87a7/Build]   üí¨  ::debug::File:/tmp/c003bc15-4795-4865-9aa0-3f767957722e/build/reports/jacoco/test/html/com.worksap.nlp.sudachi/JoinNumericPlugin.java.html was found using the provided searchPath
[856b02c1-8861-4fc8-9c1d-9b33541d87a7/Build]   üí¨  ::debug::File:/tmp/c003bc15-4795-4865-9aa0-3f767957722e/build/reports/jacoco/test/html/com.worksap.nlp.sudachi/LatticeImpl.html was found using the provided searchPath
[856b02c1-8861-4fc8-9c1d-9b33541d87a7/Build]   üí¨  ::debug::File:/tmp/c003bc15-4795-4865-9aa0-3f767957722e/build/reports/jacoco/test/html/com.worksap.nlp.sudachi/LatticeImpl.java.html was found using the provided searchPath
[856b02c1-8861-4fc8-9c1d-9b33541d87a7/Build]   üí¨  ::debug::File:/tmp/c003bc15-4795-4865-9aa0-3f767957722e/build/reports/jacoco/test/html/com.worksap.nlp.sudachi/LatticeNodeImpl.html was found using the provided searchPath
[856b02c1-8861-4fc8-9c1d-9b33541d87a7/Build]   üí¨  ::debug::File:/tmp/c003bc15-4795-4865-9aa0-3f767957722e/build/reports/jacoco/test/html/com.worksap.nlp.sudachi/LatticeNodeImpl.java.html was found using the provided searchPath
[856b02c1-8861-4fc8-9c1d-9b33541d87a7/Build]   üí¨  ::debug::File:/tmp/c003bc15-4795-4865-9aa0-3f767957722e/build/reports/jacoco/test/html/com.worksap.nlp.sudachi/MMap.html was found using the provided searchPath
[856b02c1-8861-4fc8-9c1d-9b33541d87a7/Build]   üí¨  ::debug::File:/tmp/c003bc15-4795-4865-9aa0-3f767957722e/build/reports/jacoco/test/html/com.worksap.nlp.sudachi/MMap.java.html was found using the provided searchPath
[856b02c1-8861-4fc8-9c1d-9b33541d87a7/Build]   üí¨  ::debug::File:/tmp/c003bc15-4795-4865-9aa0-3f767957722e/build/reports/jacoco/test/html/com.worksap.nlp.sudachi/MeCabOovProviderPlugin$CategoryInfo.html was found using the provided searchPath
[856b02c1-8861-4fc8-9c1d-9b33541d87a7/Build]   üí¨  ::debug::File:/tmp/c003bc15-4795-4865-9aa0-3f767957722e/build/reports/jacoco/test/html/com.worksap.nlp.sudachi/MeCabOovProviderPlugin$OOV.html was found using the provided searchPath
[856b02c1-8861-4fc8-9c1d-9b33541d87a7/Build]   üí¨  ::debug::File:/tmp/c003bc15-4795-4865-9aa0-3f767957722e/build/reports/jacoco/test/html/com.worksap.nlp.sudachi/MeCabOovProviderPlugin.html was found using the provided searchPath
[856b02c1-8861-4fc8-9c1d-9b33541d87a7/Build]   üí¨  ::debug::File:/tmp/c003bc15-4795-4865-9aa0-3f767957722e/build/reports/jacoco/test/html/com.worksap.nlp.sudachi/MeCabOovProviderPlugin.java.html was found using the provided searchPath
[856b02c1-8861-4fc8-9c1d-9b33541d87a7/Build]   üí¨  ::debug::File:/tmp/c003bc15-4795-4865-9aa0-3f767957722e/build/reports/jacoco/test/html/com.worksap.nlp.sudachi/MorphemeFormatterPlugin.html was found using the provided searchPath
[856b02c1-8861-4fc8-9c1d-9b33541d87a7/Build]   üí¨  ::debug::File:/tmp/c003bc15-4795-4865-9aa0-3f767957722e/build/reports/jacoco/test/html/com.worksap.nlp.sudachi/MorphemeFormatterPlugin.java.html was found using the provided searchPath
[856b02c1-8861-4fc8-9c1d-9b33541d87a7/Build]   üí¨  ::debug::File:/tmp/c003bc15-4795-4865-9aa0-3f767957722e/build/reports/jacoco/test/html/com.worksap.nlp.sudachi/MorphemeImpl.html was found using the provided searchPath
[856b02c1-8861-4fc8-9c1d-9b33541d87a7/Build]   üí¨  ::debug::File:/tmp/c003bc15-4795-4865-9aa0-3f767957722e/build/reports/jacoco/test/html/com.worksap.nlp.sudachi/MorphemeImpl.java.html was found using the provided searchPath
[856b02c1-8861-4fc8-9c1d-9b33541d87a7/Build]   üí¨  ::debug::File:/tmp/c003bc15-4795-4865-9aa0-3f767957722e/build/reports/jacoco/test/html/com.worksap.nlp.sudachi/MorphemeList.html was found using the provided searchPath
[856b02c1-8861-4fc8-9c1d-9b33541d87a7/Build]   üí¨  ::debug::File:/tmp/c003bc15-4795-4865-9aa0-3f767957722e/build/reports/jacoco/test/html/com.worksap.nlp.sudachi/MorphemeList.java.html was found using the provided searchPath
[856b02c1-8861-4fc8-9c1d-9b33541d87a7/Build]   üí¨  ::debug::File:/tmp/c003bc15-4795-4865-9aa0-3f767957722e/build/reports/jacoco/test/html/com.worksap.nlp.sudachi/NumericParser$Error.html was found using the provided searchPath
[856b02c1-8861-4fc8-9c1d-9b33541d87a7/Build]   üí¨  ::debug::File:/tmp/c003bc15-4795-4865-9aa0-3f767957722e/build/reports/jacoco/test/html/com.worksap.nlp.sudachi/NumericParser$StringNumber.html was found using the provided searchPath
[856b02c1-8861-4fc8-9c1d-9b33541d87a7/Build]   üí¨  ::debug::File:/tmp/c003bc15-4795-4865-9aa0-3f767957722e/build/reports/jacoco/test/html/com.worksap.nlp.sudachi/NumericParser.html was found using the provided searchPath
[856b02c1-8861-4fc8-9c1d-9b33541d87a7/Build]   üí¨  ::debug::File:/tmp/c003bc15-4795-4865-9aa0-3f767957722e/build/reports/jacoco/test/html/com.worksap.nlp.sudachi/NumericParser.java.html was found using the provided searchPath
[856b02c1-8861-4fc8-9c1d-9b33541d87a7/Build]   üí¨  ::debug::File:/tmp/c003bc15-4795-4865-9aa0-3f767957722e/build/reports/jacoco/test/html/com.worksap.nlp.sudachi/OovProviderPlugin.html was found using the provided searchPath
[856b02c1-8861-4fc8-9c1d-9b33541d87a7/Build]   üí¨  ::debug::File:/tmp/c003bc15-4795-4865-9aa0-3f767957722e/build/reports/jacoco/test/html/com.worksap.nlp.sudachi/OovProviderPlugin.java.html was found using the provided searchPath
[856b02c1-8861-4fc8-9c1d-9b33541d87a7/Build]   üí¨  ::debug::File:/tmp/c003bc15-4795-4865-9aa0-3f767957722e/build/reports/jacoco/test/html/com.worksap.nlp.sudachi/PathAnchor$Chain.html was found using the provided searchPath
[856b02c1-8861-4fc8-9c1d-9b33541d87a7/Build]   üí¨  ::debug::File:/tmp/c003bc15-4795-4865-9aa0-3f767957722e/build/reports/jacoco/test/html/com.worksap.nlp.sudachi/PathAnchor$Classpath.html was found using the provided searchPath
[856b02c1-8861-4fc8-9c1d-9b33541d87a7/Build]   üí¨  ::debug::File:/tmp/c003bc15-4795-4865-9aa0-3f767957722e/build/reports/jacoco/test/html/com.worksap.nlp.sudachi/PathAnchor$Filesystem.html was found using the provided searchPath
[856b02c1-8861-4fc8-9c1d-9b33541d87a7/Build]   üí¨  ::debug::File:/tmp/c003bc15-4795-4865-9aa0-3f767957722e/build/reports/jacoco/test/html/com.worksap.nlp.sudachi/PathAnchor$None.html was found using the provided searchPath
[856b02c1-8861-4fc8-9c1d-9b33541d87a7/Build]   üí¨  ::debug::File:/tmp/c003bc15-4795-4865-9aa0-3f767957722e/build/reports/jacoco/test/html/com.worksap.nlp.sudachi/PathAnchor.html was found using the provided searchPath
[856b02c1-8861-4fc8-9c1d-9b33541d87a7/Build]   üí¨  ::debug::File:/tmp/c003bc15-4795-4865-9aa0-3f767957722e/build/reports/jacoco/test/html/com.worksap.nlp.sudachi/PathAnchor.java.html was found using the provided searchPath
[856b02c1-8861-4fc8-9c1d-9b33541d87a7/Build]   üí¨  ::debug::File:/tmp/c003bc15-4795-4865-9aa0-3f767957722e/build/reports/jacoco/test/html/com.worksap.nlp.sudachi/PathRewritePlugin.html was found using the provided searchPath
[856b02c1-8861-4fc8-9c1d-9b33541d87a7/Build]   üí¨  ::debug::File:/tmp/c003bc15-4795-4865-9aa0-3f767957722e/build/reports/jacoco/test/html/com.worksap.nlp.sudachi/PathRewritePlugin.java.html was found using the provided searchPath
[856b02c1-8861-4fc8-9c1d-9b33541d87a7/Build]   üí¨  ::debug::File:/tmp/c003bc15-4795-4865-9aa0-3f767957722e/build/reports/jacoco/test/html/com.worksap.nlp.sudachi/Plugin.html was found using the provided searchPath
[856b02c1-8861-4fc8-9c1d-9b33541d87a7/Build]   üí¨  ::debug::File:/tmp/c003bc15-4795-4865-9aa0-3f767957722e/build/reports/jacoco/test/html/com.worksap.nlp.sudachi/Plugin.java.html was found using the provided searchPath
[856b02c1-8861-4fc8-9c1d-9b33541d87a7/Build]   üí¨  ::debug::File:/tmp/c003bc15-4795-4865-9aa0-3f767957722e/build/reports/jacoco/test/html/com.worksap.nlp.sudachi/ProlongedSoundMarkInputTextPlugin.html was found using the provided searchPath
[856b02c1-8861-4fc8-9c1d-9b33541d87a7/Build]   üí¨  ::debug::File:/tmp/c003bc15-4795-4865-9aa0-3f767957722e/build/reports/jacoco/test/html/com.worksap.nlp.sudachi/ProlongedSoundMarkInputTextPlugin.java.html was found using the provided searchPath
[856b02c1-8861-4fc8-9c1d-9b33541d87a7/Build]   üí¨  ::debug::File:/tmp/c003bc15-4795-4865-9aa0-3f767957722e/build/reports/jacoco/test/html/com.worksap.nlp.sudachi/RegexOovProvider.html was found using the provided searchPath
[856b02c1-8861-4fc8-9c1d-9b33541d87a7/Build]   üí¨  ::debug::File:/tmp/c003bc15-4795-4865-9aa0-3f767957722e/build/reports/jacoco/test/html/com.worksap.nlp.sudachi/RegexOovProvider.java.html was found using the provided searchPath
[856b02c1-8861-4fc8-9c1d-9b33541d87a7/Build]   üí¨  ::debug::File:/tmp/c003bc15-4795-4865-9aa0-3f767957722e/build/reports/jacoco/test/html/com.worksap.nlp.sudachi/Settings.html was found using the provided searchPath
[856b02c1-8861-4fc8-9c1d-9b33541d87a7/Build]   üí¨  ::debug::File:/tmp/c003bc15-4795-4865-9aa0-3f767957722e/build/reports/jacoco/test/html/com.worksap.nlp.sudachi/Settings.java.html was found using the provided searchPath
[856b02c1-8861-4fc8-9c1d-9b33541d87a7/Build]   üí¨  ::debug::File:/tmp/c003bc15-4795-4865-9aa0-3f767957722e/build/reports/jacoco/test/html/com.worksap.nlp.sudachi/SimpleMorphemeFormatter.html was found using the provided searchPath
[856b02c1-8861-4fc8-9c1d-9b33541d87a7/Build]   üí¨  ::debug::File:/tmp/c003bc15-4795-4865-9aa0-3f767957722e/build/reports/jacoco/test/html/com.worksap.nlp.sudachi/SimpleMorphemeFormatter.java.html was found using the provided searchPath
[856b02c1-8861-4fc8-9c1d-9b33541d87a7/Build]   üí¨  ::debug::File:/tmp/c003bc15-4795-4865-9aa0-3f767957722e/build/reports/jacoco/test/html/com.worksap.nlp.sudachi/SimpleOovProviderPlugin.html was found using the provided searchPath
[856b02c1-8861-4fc8-9c1d-9b33541d87a7/Build]   üí¨  ::debug::File:/tmp/c003bc15-4795-4865-9aa0-3f767957722e/build/reports/jacoco/test/html/com.worksap.nlp.sudachi/SimpleOovProviderPlugin.java.html was found using the provided searchPath
[856b02c1-8861-4fc8-9c1d-9b33541d87a7/Build]   üí¨  ::debug::File:/tmp/c003bc15-4795-4865-9aa0-3f767957722e/build/reports/jacoco/test/html/com.worksap.nlp.sudachi/StringUtil.html was found using the provided searchPath
[856b02c1-8861-4fc8-9c1d-9b33541d87a7/Build]   üí¨  ::debug::File:/tmp/c003bc15-4795-4865-9aa0-3f767957722e/build/reports/jacoco/test/html/com.worksap.nlp.sudachi/StringUtil.java.html was found using the provided searchPath
[856b02c1-8861-4fc8-9c1d-9b33541d87a7/Build]   üí¨  ::debug::File:/tmp/c003bc15-4795-4865-9aa0-3f767957722e/build/reports/jacoco/test/html/com.worksap.nlp.sudachi/SudachiCommandLine$FileOrStdoutPrintStream.html was found using the provided searchPath
[856b02c1-8861-4fc8-9c1d-9b33541d87a7/Build]   üí¨  ::debug::File:/tmp/c003bc15-4795-4865-9aa0-3f767957722e/build/reports/jacoco/test/html/com.worksap.nlp.sudachi/SudachiCommandLine.html was found using the provided searchPath
[856b02c1-8861-4fc8-9c1d-9b33541d87a7/Build]   üí¨  ::debug::File:/tmp/c003bc15-4795-4865-9aa0-3f767957722e/build/reports/jacoco/test/html/com.worksap.nlp.sudachi/SudachiCommandLine.java.html was found using the provided searchPath
[856b02c1-8861-4fc8-9c1d-9b33541d87a7/Build]   üí¨  ::debug::File:/tmp/c003bc15-4795-4865-9aa0-3f767957722e/build/reports/jacoco/test/html/com.worksap.nlp.sudachi/Tokenizer$SplitMode.html was found using the provided searchPath
[856b02c1-8861-4fc8-9c1d-9b33541d87a7/Build]   üí¨  ::debug::File:/tmp/c003bc15-4795-4865-9aa0-3f767957722e/build/reports/jacoco/test/html/com.worksap.nlp.sudachi/Tokenizer.html was found using the provided searchPath
[856b02c1-8861-4fc8-9c1d-9b33541d87a7/Build]   üí¨  ::debug::File:/tmp/c003bc15-4795-4865-9aa0-3f767957722e/build/reports/jacoco/test/html/com.worksap.nlp.sudachi/Tokenizer.java.html was found using the provided searchPath
[856b02c1-8861-4fc8-9c1d-9b33541d87a7/Build]   üí¨  ::debug::File:/tmp/c003bc15-4795-4865-9aa0-3f767957722e/build/reports/jacoco/test/html/com.worksap.nlp.sudachi/UTF8InputText.html was found using the provided searchPath
[856b02c1-8861-4fc8-9c1d-9b33541d87a7/Build]   üí¨  ::debug::File:/tmp/c003bc15-4795-4865-9aa0-3f767957722e/build/reports/jacoco/test/html/com.worksap.nlp.sudachi/UTF8InputText.java.html was found using the provided searchPath
[856b02c1-8861-4fc8-9c1d-9b33541d87a7/Build]   üí¨  ::debug::File:/tmp/c003bc15-4795-4865-9aa0-3f767957722e/build/reports/jacoco/test/html/com.worksap.nlp.sudachi/UTF8InputTextBuilder.html was found using the provided searchPath
[856b02c1-8861-4fc8-9c1d-9b33541d87a7/Build]   üí¨  ::debug::File:/tmp/c003bc15-4795-4865-9aa0-3f767957722e/build/reports/jacoco/test/html/com.worksap.nlp.sudachi/UTF8InputTextBuilder.java.html was found using the provided searchPath
[856b02c1-8861-4fc8-9c1d-9b33541d87a7/Build]   üí¨  ::debug::File:/tmp/c003bc15-4795-4865-9aa0-3f767957722e/build/reports/jacoco/test/html/com.worksap.nlp.sudachi/WordId.html was found using the provided searchPath
[856b02c1-8861-4fc8-9c1d-9b33541d87a7/Build]   üí¨  ::debug::File:/tmp/c003bc15-4795-4865-9aa0-3f767957722e/build/reports/jacoco/test/html/com.worksap.nlp.sudachi/WordId.java.html was found using the provided searchPath
[856b02c1-8861-4fc8-9c1d-9b33541d87a7/Build]   üí¨  ::debug::File:/tmp/c003bc15-4795-4865-9aa0-3f767957722e/build/reports/jacoco/test/html/com.worksap.nlp.sudachi/WordMask.html was found using the provided searchPath
[856b02c1-8861-4fc8-9c1d-9b33541d87a7/Build]   üí¨  ::debug::File:/tmp/c003bc15-4795-4865-9aa0-3f767957722e/build/reports/jacoco/test/html/com.worksap.nlp.sudachi/WordMask.java.html was found using the provided searchPath
[856b02c1-8861-4fc8-9c1d-9b33541d87a7/Build]   üí¨  ::debug::File:/tmp/c003bc15-4795-4865-9aa0-3f767957722e/build/reports/jacoco/test/html/com.worksap.nlp.sudachi/WordSegmentationFormatter.html was found using the provided searchPath
[856b02c1-8861-4fc8-9c1d-9b33541d87a7/Build]   üí¨  ::debug::File:/tmp/c003bc15-4795-4865-9aa0-3f767957722e/build/reports/jacoco/test/html/com.worksap.nlp.sudachi/WordSegmentationFormatter.java.html was found using the provided searchPath
[856b02c1-8861-4fc8-9c1d-9b33541d87a7/Build]   üí¨  ::debug::File:/tmp/c003bc15-4795-4865-9aa0-3f767957722e/build/reports/jacoco/test/html/com.worksap.nlp.sudachi/index.html was found using the provided searchPath
[856b02c1-8861-4fc8-9c1d-9b33541d87a7/Build]   üí¨  ::debug::File:/tmp/c003bc15-4795-4865-9aa0-3f767957722e/build/reports/jacoco/test/html/com.worksap.nlp.sudachi/index.source.html was found using the provided searchPath
[856b02c1-8861-4fc8-9c1d-9b33541d87a7/Build]   üí¨  ::debug::Removing /tmp/c003bc15-4795-4865-9aa0-3f767957722e/build/reports/jacoco/test/html/com.worksap.nlp.sudachi.dictionary from rawSearchResults because it is a directory
[856b02c1-8861-4fc8-9c1d-9b33541d87a7/Build]   üí¨  ::debug::File:/tmp/c003bc15-4795-4865-9aa0-3f767957722e/build/reports/jacoco/test/html/com.worksap.nlp.sudachi.dictionary/BinaryDictionary.html was found using the provided searchPath
[856b02c1-8861-4fc8-9c1d-9b33541d87a7/Build]   üí¨  ::debug::File:/tmp/c003bc15-4795-4865-9aa0-3f767957722e/build/reports/jacoco/test/html/com.worksap.nlp.sudachi.dictionary/BinaryDictionary.java.html was found using the provided searchPath
[856b02c1-8861-4fc8-9c1d-9b33541d87a7/Build]   üí¨  ::debug::File:/tmp/c003bc15-4795-4865-9aa0-3f767957722e/build/reports/jacoco/test/html/com.worksap.nlp.sudachi.dictionary/CSVParser$Token$Type.html was found using the provided searchPath
[856b02c1-8861-4fc8-9c1d-9b33541d87a7/Build]   üí¨  ::debug::File:/tmp/c003bc15-4795-4865-9aa0-3f767957722e/build/reports/jacoco/test/html/com.worksap.nlp.sudachi.dictionary/CSVParser$Token.html was found using the provided searchPath
[856b02c1-8861-4fc8-9c1d-9b33541d87a7/Build]   üí¨  ::debug::File:/tmp/c003bc15-4795-4865-9aa0-3f767957722e/build/reports/jacoco/test/html/com.worksap.nlp.sudachi.dictionary/CSVParser.html was found using the provided searchPath
[856b02c1-8861-4fc8-9c1d-9b33541d87a7/Build]   üí¨  ::debug::File:/tmp/c003bc15-4795-4865-9aa0-3f767957722e/build/reports/jacoco/test/html/com.worksap.nlp.sudachi.dictionary/CSVParser.java.html was found using the provided searchPath
[856b02c1-8861-4fc8-9c1d-9b33541d87a7/Build]   üí¨  ::debug::File:/tmp/c003bc15-4795-4865-9aa0-3f767957722e/build/reports/jacoco/test/html/com.worksap.nlp.sudachi.dictionary/CategoryType.html was found using the provided searchPath
[856b02c1-8861-4fc8-9c1d-9b33541d87a7/Build]   üí¨  ::debug::File:/tmp/c003bc15-4795-4865-9aa0-3f767957722e/build/reports/jacoco/test/html/com.worksap.nlp.sudachi.dictionary/CategoryType.java.html was found using the provided searchPath
[856b02c1-8861-4fc8-9c1d-9b33541d87a7/Build]   üí¨  ::debug::File:/tmp/c003bc15-4795-4865-9aa0-3f767957722e/build/reports/jacoco/test/html/com.worksap.nlp.sudachi.dictionary/CharacterCategory$Range.html was found using the provided searchPath
[856b02c1-8861-4fc8-9c1d-9b33541d87a7/Build]   üí¨  ::debug::File:/tmp/c003bc15-4795-4865-9aa0-3f767957722e/build/reports/jacoco/test/html/com.worksap.nlp.sudachi.dictionary/CharacterCategory.html was found using the provided searchPath
[856b02c1-8861-4fc8-9c1d-9b33541d87a7/Build]   üí¨  ::debug::File:/tmp/c003bc15-4795-4865-9aa0-3f767957722e/build/reports/jacoco/test/html/com.worksap.nlp.sudachi.dictionary/CharacterCategory.java.html was found using the provided searchPath
[856b02c1-8861-4fc8-9c1d-9b33541d87a7/Build]   üí¨  ::debug::File:/tmp/c003bc15-4795-4865-9aa0-3f767957722e/build/reports/jacoco/test/html/com.worksap.nlp.sudachi.dictionary/Connection.html was found using the provided searchPath
[856b02c1-8861-4fc8-9c1d-9b33541d87a7/Build]   üí¨  ::debug::File:/tmp/c003bc15-4795-4865-9aa0-3f767957722e/build/reports/jacoco/test/html/com.worksap.nlp.sudachi.dictionary/Connection.java.html was found using the provided searchPath
[856b02c1-8861-4fc8-9c1d-9b33541d87a7/Build]   üí¨  ::debug::File:/tmp/c003bc15-4795-4865-9aa0-3f767957722e/build/reports/jacoco/test/html/com.worksap.nlp.sudachi.dictionary/DictionaryBuilder$StderrProgress.html was found using the provided searchPath
[856b02c1-8861-4fc8-9c1d-9b33541d87a7/Build]   üí¨  ::debug::File:/tmp/c003bc15-4795-4865-9aa0-3f767957722e/build/reports/jacoco/test/html/com.worksap.nlp.sudachi.dictionary/DictionaryBuilder.html was found using the provided searchPath
[856b02c1-8861-4fc8-9c1d-9b33541d87a7/Build]   üí¨  ::debug::File:/tmp/c003bc15-4795-4865-9aa0-3f767957722e/build/reports/jacoco/test/html/com.worksap.nlp.sudachi.dictionary/DictionaryBuilder.java.html was found using the provided searchPath
[856b02c1-8861-4fc8-9c1d-9b33541d87a7/Build]   üí¨  ::debug::File:/tmp/c003bc15-4795-4865-9aa0-3f767957722e/build/reports/jacoco/test/html/com.worksap.nlp.sudachi.dictionary/DictionaryHeader.html was found using the provided searchPath
[856b02c1-8861-4fc8-9c1d-9b33541d87a7/Build]   üí¨  ::debug::File:/tmp/c003bc15-4795-4865-9aa0-3f767957722e/build/reports/jacoco/test/html/com.worksap.nlp.sudachi.dictionary/DictionaryHeader.java.html was found using the provided searchPath
[856b02c1-8861-4fc8-9c1d-9b33541d87a7/Build]   üí¨  ::debug::File:/tmp/c003bc15-4795-4865-9aa0-3f767957722e/build/reports/jacoco/test/html/com.worksap.nlp.sudachi.dictionary/DictionaryHeaderPrinter.html was found using the provided searchPath
[856b02c1-8861-4fc8-9c1d-9b33541d87a7/Build]   üí¨  ::debug::File:/tmp/c003bc15-4795-4865-9aa0-3f767957722e/build/reports/jacoco/test/html/com.worksap.nlp.sudachi.dictionary/DictionaryHeaderPrinter.java.html was found using the provided searchPath
[856b02c1-8861-4fc8-9c1d-9b33541d87a7/Build]   üí¨  ::debug::File:/tmp/c003bc15-4795-4865-9aa0-3f767957722e/build/reports/jacoco/test/html/com.worksap.nlp.sudachi.dictionary/DictionaryPrinter.html was found using the provided searchPath
[856b02c1-8861-4fc8-9c1d-9b33541d87a7/Build]   üí¨  ::debug::File:/tmp/c003bc15-4795-4865-9aa0-3f767957722e/build/reports/jacoco/test/html/com.worksap.nlp.sudachi.dictionary/DictionaryPrinter.java.html was found using the provided searchPath
[856b02c1-8861-4fc8-9c1d-9b33541d87a7/Build]   üí¨  ::debug::File:/tmp/c003bc15-4795-4865-9aa0-3f767957722e/build/reports/jacoco/test/html/com.worksap.nlp.sudachi.dictionary/DictionaryVersion.html was found using the provided searchPath
[856b02c1-8861-4fc8-9c1d-9b33541d87a7/Build]   üí¨  ::debug::File:/tmp/c003bc15-4795-4865-9aa0-3f767957722e/build/reports/jacoco/test/html/com.worksap.nlp.sudachi.dictionary/DictionaryVersion.java.html was found using the provided searchPath
[856b02c1-8861-4fc8-9c1d-9b33541d87a7/Build]   üí¨  ::debug::File:/tmp/c003bc15-4795-4865-9aa0-3f767957722e/build/reports/jacoco/test/html/com.worksap.nlp.sudachi.dictionary/DoubleArrayLexicon$Itr.html was found using the provided searchPath
[856b02c1-8861-4fc8-9c1d-9b33541d87a7/Build]   üí¨  ::debug::File:/tmp/c003bc15-4795-4865-9aa0-3f767957722e/build/reports/jacoco/test/html/com.worksap.nlp.sudachi.dictionary/DoubleArrayLexicon.html was found using the provided searchPath
[856b02c1-8861-4fc8-9c1d-9b33541d87a7/Build]   üí¨  ::debug::File:/tmp/c003bc15-4795-4865-9aa0-3f767957722e/build/reports/jacoco/test/html/com.worksap.nlp.sudachi.dictionary/DoubleArrayLexicon.java.html was found using the provided searchPath
[856b02c1-8861-4fc8-9c1d-9b33541d87a7/Build]   üí¨  ::debug::File:/tmp/c003bc15-4795-4865-9aa0-3f767957722e/build/reports/jacoco/test/html/com.worksap.nlp.sudachi.dictionary/DoubleArrayLookup.html was found using the provided searchPath
[856b02c1-8861-4fc8-9c1d-9b33541d87a7/Build]   üí¨  ::debug::File:/tmp/c003bc15-4795-4865-9aa0-3f767957722e/build/reports/jacoco/test/html/com.worksap.nlp.sudachi.dictionary/DoubleArrayLookup.java.html was found using the provided searchPath
[856b02c1-8861-4fc8-9c1d-9b33541d87a7/Build]   üí¨  ::debug::File:/tmp/c003bc15-4795-4865-9aa0-3f767957722e/build/reports/jacoco/test/html/com.worksap.nlp.sudachi.dictionary/Grammar.html was found using the provided searchPath
[856b02c1-8861-4fc8-9c1d-9b33541d87a7/Build]   üí¨  ::debug::File:/tmp/c003bc15-4795-4865-9aa0-3f767957722e/build/reports/jacoco/test/html/com.worksap.nlp.sudachi.dictionary/Grammar.java.html was found using the provided searchPath
[856b02c1-8861-4fc8-9c1d-9b33541d87a7/Build]   üí¨  ::debug::File:/tmp/c003bc15-4795-4865-9aa0-3f767957722e/build/reports/jacoco/test/html/com.worksap.nlp.sudachi.dictionary/GrammarImpl.html was found using the provided searchPath
[856b02c1-8861-4fc8-9c1d-9b33541d87a7/Build]   üí¨  ::debug::File:/tmp/c003bc15-4795-4865-9aa0-3f767957722e/build/reports/jacoco/test/html/com.worksap.nlp.sudachi.dictionary/GrammarImpl.java.html was found using the provided searchPath
[856b02c1-8861-4fc8-9c1d-9b33541d87a7/Build]   üí¨  ::debug::File:/tmp/c003bc15-4795-4865-9aa0-3f767957722e/build/reports/jacoco/test/html/com.worksap.nlp.sudachi.dictionary/LexiconSet$Itr.html was found using the provided searchPath
[856b02c1-8861-4fc8-9c1d-9b33541d87a7/Build]   üí¨  ::debug::File:/tmp/c003bc15-4795-4865-9aa0-3f767957722e/build/reports/jacoco/test/html/com.worksap.nlp.sudachi.dictionary/LexiconSet.html was found using the provided searchPath
[856b02c1-8861-4fc8-9c1d-9b33541d87a7/Build]   üí¨  ::debug::File:/tmp/c003bc15-4795-4865-9aa0-3f767957722e/build/reports/jacoco/test/html/com.worksap.nlp.sudachi.dictionary/LexiconSet.java.html was found using the provided searchPath
[856b02c1-8861-4fc8-9c1d-9b33541d87a7/Build]   üí¨  ::debug::File:/tmp/c003bc15-4795-4865-9aa0-3f767957722e/build/reports/jacoco/test/html/com.worksap.nlp.sudachi.dictionary/POS.html was found using the provided searchPath
[856b02c1-8861-4fc8-9c1d-9b33541d87a7/Build]   üí¨  ::debug::File:/tmp/c003bc15-4795-4865-9aa0-3f767957722e/build/reports/jacoco/test/html/com.worksap.nlp.sudachi.dictionary/POS.java.html was found using the provided searchPath
[856b02c1-8861-4fc8-9c1d-9b33541d87a7/Build]   üí¨  ::debug::File:/tmp/c003bc15-4795-4865-9aa0-3f767957722e/build/reports/jacoco/test/html/com.worksap.nlp.sudachi.dictionary/UserDictionaryBuilder.html was found using the provided searchPath
[856b02c1-8861-4fc8-9c1d-9b33541d87a7/Build]   üí¨  ::debug::File:/tmp/c003bc15-4795-4865-9aa0-3f767957722e/build/reports/jacoco/test/html/com.worksap.nlp.sudachi.dictionary/UserDictionaryBuilder.java.html was found using the provided searchPath
[856b02c1-8861-4fc8-9c1d-9b33541d87a7/Build]   üí¨  ::debug::File:/tmp/c003bc15-4795-4865-9aa0-3f767957722e/build/reports/jacoco/test/html/com.worksap.nlp.sudachi.dictionary/WordIdTable.html was found using the provided searchPath
[856b02c1-8861-4fc8-9c1d-9b33541d87a7/Build]   üí¨  ::debug::File:/tmp/c003bc15-4795-4865-9aa0-3f767957722e/build/reports/jacoco/test/html/com.worksap.nlp.sudachi.dictionary/WordIdTable.java.html was found using the provided searchPath
[856b02c1-8861-4fc8-9c1d-9b33541d87a7/Build]   üí¨  ::debug::File:/tmp/c003bc15-4795-4865-9aa0-3f767957722e/build/reports/jacoco/test/html/com.worksap.nlp.sudachi.dictionary/WordInfo.html was found using the provided searchPath
[856b02c1-8861-4fc8-9c1d-9b33541d87a7/Build]   üí¨  ::debug::File:/tmp/c003bc15-4795-4865-9aa0-3f767957722e/build/reports/jacoco/test/html/com.worksap.nlp.sudachi.dictionary/WordInfo.java.html was found using the provided searchPath
[856b02c1-8861-4fc8-9c1d-9b33541d87a7/Build]   üí¨  ::debug::File:/tmp/c003bc15-4795-4865-9aa0-3f767957722e/build/reports/jacoco/test/html/com.worksap.nlp.sudachi.dictionary/WordInfoList.html was found using the provided searchPath
[856b02c1-8861-4fc8-9c1d-9b33541d87a7/Build]   üí¨  ::debug::File:/tmp/c003bc15-4795-4865-9aa0-3f767957722e/build/reports/jacoco/test/html/com.worksap.nlp.sudachi.dictionary/WordInfoList.java.html was found using the provided searchPath
[856b02c1-8861-4fc8-9c1d-9b33541d87a7/Build]   üí¨  ::debug::File:/tmp/c003bc15-4795-4865-9aa0-3f767957722e/build/reports/jacoco/test/html/com.worksap.nlp.sudachi.dictionary/WordLookup.html was found using the provided searchPath
[856b02c1-8861-4fc8-9c1d-9b33541d87a7/Build]   üí¨  ::debug::File:/tmp/c003bc15-4795-4865-9aa0-3f767957722e/build/reports/jacoco/test/html/com.worksap.nlp.sudachi.dictionary/WordLookup.java.html was found using the provided searchPath
[856b02c1-8861-4fc8-9c1d-9b33541d87a7/Build]   üí¨  ::debug::File:/tmp/c003bc15-4795-4865-9aa0-3f767957722e/build/reports/jacoco/test/html/com.worksap.nlp.sudachi.dictionary/WordParameterList.html was found using the provided searchPath
[856b02c1-8861-4fc8-9c1d-9b33541d87a7/Build]   üí¨  ::debug::File:/tmp/c003bc15-4795-4865-9aa0-3f767957722e/build/reports/jacoco/test/html/com.worksap.nlp.sudachi.dictionary/WordParameterList.java.html was found using the provided searchPath
[856b02c1-8861-4fc8-9c1d-9b33541d87a7/Build]   üí¨  ::debug::File:/tmp/c003bc15-4795-4865-9aa0-3f767957722e/build/reports/jacoco/test/html/com.worksap.nlp.sudachi.dictionary/index.html was found using the provided searchPath
[856b02c1-8861-4fc8-9c1d-9b33541d87a7/Build]   üí¨  ::debug::File:/tmp/c003bc15-4795-4865-9aa0-3f767957722e/build/reports/jacoco/test/html/com.worksap.nlp.sudachi.dictionary/index.source.html was found using the provided searchPath
[856b02c1-8861-4fc8-9c1d-9b33541d87a7/Build]   üí¨  ::debug::Removing /tmp/c003bc15-4795-4865-9aa0-3f767957722e/build/reports/jacoco/test/html/com.worksap.nlp.sudachi.dictionary.build from rawSearchResults because it is a directory
[856b02c1-8861-4fc8-9c1d-9b33541d87a7/Build]   üí¨  ::debug::File:/tmp/c003bc15-4795-4865-9aa0-3f767957722e/build/reports/jacoco/test/html/com.worksap.nlp.sudachi.dictionary.build/BuildStats.html was found using the provided searchPath
[856b02c1-8861-4fc8-9c1d-9b33541d87a7/Build]   üí¨  ::debug::File:/tmp/c003bc15-4795-4865-9aa0-3f767957722e/build/reports/jacoco/test/html/com.worksap.nlp.sudachi.dictionary.build/BuildStats.java.html was found using the provided searchPath
[856b02c1-8861-4fc8-9c1d-9b33541d87a7/Build]   üí¨  ::debug::File:/tmp/c003bc15-4795-4865-9aa0-3f767957722e/build/reports/jacoco/test/html/com.worksap.nlp.sudachi.dictionary.build/ConnectionMatrix.html was found using the provided searchPath
[856b02c1-8861-4fc8-9c1d-9b33541d87a7/Build]   üí¨  ::debug::File:/tmp/c003bc15-4795-4865-9aa0-3f767957722e/build/reports/jacoco/test/html/com.worksap.nlp.sudachi.dictionary.build/ConnectionMatrix.java.html was found using the provided searchPath
[856b02c1-8861-4fc8-9c1d-9b33541d87a7/Build]   üí¨  ::debug::File:/tmp/c003bc15-4795-4865-9aa0-3f767957722e/build/reports/jacoco/test/html/com.worksap.nlp.sudachi.dictionary.build/CsvLexicon$WordEntry.html was found using the provided searchPath
[856b02c1-8861-4fc8-9c1d-9b33541d87a7/Build]   üí¨  ::debug::File:/tmp/c003bc15-4795-4865-9aa0-3f767957722e/build/reports/jacoco/test/html/com.worksap.nlp.sudachi.dictionary.build/CsvLexicon.html was found using the provided searchPath
[856b02c1-8861-4fc8-9c1d-9b33541d87a7/Build]   üí¨  ::debug::File:/tmp/c003bc15-4795-4865-9aa0-3f767957722e/build/reports/jacoco/test/html/com.worksap.nlp.sudachi.dictionary.build/CsvLexicon.java.html was found using the provided searchPath
[856b02c1-8861-4fc8-9c1d-9b33541d87a7/Build]   üí¨  ::debug::File:/tmp/c003bc15-4795-4865-9aa0-3f767957722e/build/reports/jacoco/test/html/com.worksap.nlp.sudachi.dictionary.build/DicBuffer.html was found using the provided searchPath
[856b02c1-8861-4fc8-9c1d-9b33541d87a7/Build]   üí¨  ::debug::File:/tmp/c003bc15-4795-4865-9aa0-3f767957722e/build/reports/jacoco/test/html/com.worksap.nlp.sudachi.dictionary.build/DicBuffer.java.html was found using the provided searchPath
[856b02c1-8861-4fc8-9c1d-9b33541d87a7/Build]   üí¨  ::debug::File:/tmp/c003bc15-4795-4865-9aa0-3f767957722e/build/reports/jacoco/test/html/com.worksap.nlp.sudachi.dictionary.build/DicBuilder$Base.html was found using the provided searchPath
[856b02c1-8861-4fc8-9c1d-9b33541d87a7/Build]   üí¨  ::debug::File:/tmp/c003bc15-4795-4865-9aa0-3f767957722e/build/reports/jacoco/test/html/com.worksap.nlp.sudachi.dictionary.build/DicBuilder$System.html was found using the provided searchPath
[856b02c1-8861-4fc8-9c1d-9b33541d87a7/Build]   üí¨  ::debug::File:/tmp/c003bc15-4795-4865-9aa0-3f767957722e/build/reports/jacoco/test/html/com.worksap.nlp.sudachi.dictionary.build/DicBuilder$SystemNoMatrix.html was found using the provided searchPath
[856b02c1-8861-4fc8-9c1d-9b33541d87a7/Build]   üí¨  ::debug::File:/tmp/c003bc15-4795-4865-9aa0-3f767957722e/build/reports/jacoco/test/html/com.worksap.nlp.sudachi.dictionary.build/DicBuilder$User.html was found using the provided searchPath
[856b02c1-8861-4fc8-9c1d-9b33541d87a7/Build]   üí¨  ::debug::File:/tmp/c003bc15-4795-4865-9aa0-3f767957722e/build/reports/jacoco/test/html/com.worksap.nlp.sudachi.dictionary.build/DicBuilder.html was found using the provided searchPath
[856b02c1-8861-4fc8-9c1d-9b33541d87a7/Build]   üí¨  ::debug::File:/tmp/c003bc15-4795-4865-9aa0-3f767957722e/build/reports/jacoco/test/html/com.worksap.nlp.sudachi.dictionary.build/DicBuilder.java.html was found using the provided searchPath
[856b02c1-8861-4fc8-9c1d-9b33541d87a7/Build]   üí¨  ::debug::File:/tmp/c003bc15-4795-4865-9aa0-3f767957722e/build/reports/jacoco/test/html/com.worksap.nlp.sudachi.dictionary.build/Index.html~1 was found using the provided searchPath
[856b02c1-8861-4fc8-9c1d-9b33541d87a7/Build]   üí¨  ::debug::File:/tmp/c003bc15-4795-4865-9aa0-3f767957722e/build/reports/jacoco/test/html/com.worksap.nlp.sudachi.dictionary.build/Index.java.html was found using the provided searchPath
[856b02c1-8861-4fc8-9c1d-9b33541d87a7/Build]   üí¨  ::debug::File:/tmp/c003bc15-4795-4865-9aa0-3f767957722e/build/reports/jacoco/test/html/com.worksap.nlp.sudachi.dictionary.build/InputFileException.html was found using the provided searchPath
[856b02c1-8861-4fc8-9c1d-9b33541d87a7/Build]   üí¨  ::debug::File:/tmp/c003bc15-4795-4865-9aa0-3f767957722e/build/reports/jacoco/test/html/com.worksap.nlp.sudachi.dictionary.build/InputFileException.java.html was found using the provided searchPath
[856b02c1-8861-4fc8-9c1d-9b33541d87a7/Build]   üí¨  ::debug::File:/tmp/c003bc15-4795-4865-9aa0-3f767957722e/build/reports/jacoco/test/html/com.worksap.nlp.sudachi.dictionary.build/ModelOutput$Part.html was found using the provided searchPath
[856b02c1-8861-4fc8-9c1d-9b33541d87a7/Build]   üí¨  ::debug::File:/tmp/c003bc15-4795-4865-9aa0-3f767957722e/build/reports/jacoco/test/html/com.worksap.nlp.sudachi.dictionary.build/ModelOutput.html was found using the provided searchPath
[856b02c1-8861-4fc8-9c1d-9b33541d87a7/Build]   üí¨  ::debug::File:/tmp/c003bc15-4795-4865-9aa0-3f767957722e/build/reports/jacoco/test/html/com.worksap.nlp.sudachi.dictionary.build/ModelOutput.java.html was found using the provided searchPath
[856b02c1-8861-4fc8-9c1d-9b33541d87a7/Build]   üí¨  ::debug::File:/tmp/c003bc15-4795-4865-9aa0-3f767957722e/build/reports/jacoco/test/html/com.worksap.nlp.sudachi.dictionary.build/POSTable.html was found using the provided searchPath
[856b02c1-8861-4fc8-9c1d-9b33541d87a7/Build]   üí¨  ::debug::File:/tmp/c003bc15-4795-4865-9aa0-3f767957722e/build/reports/jacoco/test/html/com.worksap.nlp.sudachi.dictionary.build/POSTable.java.html was found using the provided searchPath
[856b02c1-8861-4fc8-9c1d-9b33541d87a7/Build]   üí¨  ::debug::File:/tmp/c003bc15-4795-4865-9aa0-3f767957722e/build/reports/jacoco/test/html/com.worksap.nlp.sudachi.dictionary.build/Parameters.html was found using the provided searchPath
[856b02c1-8861-4fc8-9c1d-9b33541d87a7/Build]   üí¨  ::debug::File:/tmp/c003bc15-4795-4865-9aa0-3f767957722e/build/reports/jacoco/test/html/com.worksap.nlp.sudachi.dictionary.build/Parameters.java.html was found using the provided searchPath
[856b02c1-8861-4fc8-9c1d-9b33541d87a7/Build]   üí¨  ::debug::File:/tmp/c003bc15-4795-4865-9aa0-3f767957722e/build/reports/jacoco/test/html/com.worksap.nlp.sudachi.dictionary.build/Progress$Callback.html was found using the provided searchPath
[856b02c1-8861-4fc8-9c1d-9b33541d87a7/Build]   üí¨  ::debug::File:/tmp/c003bc15-4795-4865-9aa0-3f767957722e/build/reports/jacoco/test/html/com.worksap.nlp.sudachi.dictionary.build/Progress$Kind.html was found using the provided searchPath
[856b02c1-8861-4fc8-9c1d-9b33541d87a7/Build]   üí¨  ::debug::File:/tmp/c003bc15-4795-4865-9aa0-3f767957722e/build/reports/jacoco/test/html/com.worksap.nlp.sudachi.dictionary.build/Progress.html was found using the provided searchPath
[856b02c1-8861-4fc8-9c1d-9b33541d87a7/Build]   üí¨  ::debug::File:/tmp/c003bc15-4795-4865-9aa0-3f767957722e/build/reports/jacoco/test/html/com.worksap.nlp.sudachi.dictionary.build/Progress.java.html was found using the provided searchPath
[856b02c1-8861-4fc8-9c1d-9b33541d87a7/Build]   üí¨  ::debug::File:/tmp/c003bc15-4795-4865-9aa0-3f767957722e/build/reports/jacoco/test/html/com.worksap.nlp.sudachi.dictionary.build/TrackingInputStream.html was found using the provided searchPath
[856b02c1-8861-4fc8-9c1d-9b33541d87a7/Build]   üí¨  ::debug::File:/tmp/c003bc15-4795-4865-9aa0-3f767957722e/build/reports/jacoco/test/html/com.worksap.nlp.sudachi.dictionary.build/TrackingInputStream.java.html was found using the provided searchPath
[856b02c1-8861-4fc8-9c1d-9b33541d87a7/Build]   üí¨  ::debug::File:/tmp/c003bc15-4795-4865-9aa0-3f767957722e/build/reports/jacoco/test/html/com.worksap.nlp.sudachi.dictionary.build/WordLookup$Chain.html was found using the provided searchPath
[856b02c1-8861-4fc8-9c1d-9b33541d87a7/Build]   üí¨  ::debug::File:/tmp/c003bc15-4795-4865-9aa0-3f767957722e/build/reports/jacoco/test/html/com.worksap.nlp.sudachi.dictionary.build/WordLookup$Csv.html was found using the provided searchPath
[856b02c1-8861-4fc8-9c1d-9b33541d87a7/Build]   üí¨  ::debug::File:/tmp/c003bc15-4795-4865-9aa0-3f767957722e/build/reports/jacoco/test/html/com.worksap.nlp.sudachi.dictionary.build/WordLookup$Noop.html was found using the provided searchPath
[856b02c1-8861-4fc8-9c1d-9b33541d87a7/Build]   üí¨  ::debug::File:/tmp/c003bc15-4795-4865-9aa0-3f767957722e/build/reports/jacoco/test/html/com.worksap.nlp.sudachi.dictionary.build/WordLookup$Prebuilt.html was found using the provided searchPath
[856b02c1-8861-4fc8-9c1d-9b33541d87a7/Build]   üí¨  ::debug::File:/tmp/c003bc15-4795-4865-9aa0-3f767957722e/build/reports/jacoco/test/html/com.worksap.nlp.sudachi.dictionary.build/WordLookup.java.html was found using the provided searchPath
[856b02c1-8861-4fc8-9c1d-9b33541d87a7/Build]   üí¨  ::debug::File:/tmp/c003bc15-4795-4865-9aa0-3f767957722e/build/reports/jacoco/test/html/com.worksap.nlp.sudachi.dictionary.build/index.html was found using the provided searchPath
[856b02c1-8861-4fc8-9c1d-9b33541d87a7/Build]   üí¨  ::debug::File:/tmp/c003bc15-4795-4865-9aa0-3f767957722e/build/reports/jacoco/test/html/com.worksap.nlp.sudachi.dictionary.build/index.source.html was found using the provided searchPath
[856b02c1-8861-4fc8-9c1d-9b33541d87a7/Build]   üí¨  ::debug::Removing /tmp/c003bc15-4795-4865-9aa0-3f767957722e/build/reports/jacoco/test/html/com.worksap.nlp.sudachi.sentdetect from rawSearchResults because it is a directory
[856b02c1-8861-4fc8-9c1d-9b33541d87a7/Build]   üí¨  ::debug::File:/tmp/c003bc15-4795-4865-9aa0-3f767957722e/build/reports/jacoco/test/html/com.worksap.nlp.sudachi.sentdetect/SentenceDetector.html was found using the provided searchPath
[856b02c1-8861-4fc8-9c1d-9b33541d87a7/Build]   üí¨  ::debug::File:/tmp/c003bc15-4795-4865-9aa0-3f767957722e/build/reports/jacoco/test/html/com.worksap.nlp.sudachi.sentdetect/SentenceDetector.java.html was found using the provided searchPath
[856b02c1-8861-4fc8-9c1d-9b33541d87a7/Build]   üí¨  ::debug::File:/tmp/c003bc15-4795-4865-9aa0-3f767957722e/build/reports/jacoco/test/html/com.worksap.nlp.sudachi.sentdetect/index.html was found using the provided searchPath
[856b02c1-8861-4fc8-9c1d-9b33541d87a7/Build]   üí¨  ::debug::File:/tmp/c003bc15-4795-4865-9aa0-3f767957722e/build/reports/jacoco/test/html/com.worksap.nlp.sudachi.sentdetect/index.source.html was found using the provided searchPath
[856b02c1-8861-4fc8-9c1d-9b33541d87a7/Build]   üí¨  ::debug::File:/tmp/c003bc15-4795-4865-9aa0-3f767957722e/build/reports/jacoco/test/html/index.html was found using the provided searchPath
[856b02c1-8861-4fc8-9c1d-9b33541d87a7/Build]   üí¨  ::debug::Removing /tmp/c003bc15-4795-4865-9aa0-3f767957722e/build/reports/jacoco/test/html/jacoco-resources from rawSearchResults because it is a directory
[856b02c1-8861-4fc8-9c1d-9b33541d87a7/Build]   üí¨  ::debug::File:/tmp/c003bc15-4795-4865-9aa0-3f767957722e/build/reports/jacoco/test/html/jacoco-resources/branchfc.gif was found using the provided searchPath
[856b02c1-8861-4fc8-9c1d-9b33541d87a7/Build]   üí¨  ::debug::File:/tmp/c003bc15-4795-4865-9aa0-3f767957722e/build/reports/jacoco/test/html/jacoco-resources/branchnc.gif was found using the provided searchPath
[856b02c1-8861-4fc8-9c1d-9b33541d87a7/Build]   üí¨  ::debug::File:/tmp/c003bc15-4795-4865-9aa0-3f767957722e/build/reports/jacoco/test/html/jacoco-resources/branchpc.gif was found using the provided searchPath
[856b02c1-8861-4fc8-9c1d-9b33541d87a7/Build]   üí¨  ::debug::File:/tmp/c003bc15-4795-4865-9aa0-3f767957722e/build/reports/jacoco/test/html/jacoco-resources/bundle.gif was found using the provided searchPath
[856b02c1-8861-4fc8-9c1d-9b33541d87a7/Build]   üí¨  ::debug::File:/tmp/c003bc15-4795-4865-9aa0-3f767957722e/build/reports/jacoco/test/html/jacoco-resources/class.gif was found using the provided searchPath
[856b02c1-8861-4fc8-9c1d-9b33541d87a7/Build]   üí¨  ::debug::File:/tmp/c003bc15-4795-4865-9aa0-3f767957722e/build/reports/jacoco/test/html/jacoco-resources/down.gif was found using the provided searchPath
[856b02c1-8861-4fc8-9c1d-9b33541d87a7/Build]   üí¨  ::debug::File:/tmp/c003bc15-4795-4865-9aa0-3f767957722e/build/reports/jacoco/test/html/jacoco-resources/greenbar.gif was found using the provided searchPath
[856b02c1-8861-4fc8-9c1d-9b33541d87a7/Build]   üí¨  ::debug::File:/tmp/c003bc15-4795-4865-9aa0-3f767957722e/build/reports/jacoco/test/html/jacoco-resources/group.gif was found using the provided searchPath
[856b02c1-8861-4fc8-9c1d-9b33541d87a7/Build]   üí¨  ::debug::File:/tmp/c003bc15-4795-4865-9aa0-3f767957722e/build/reports/jacoco/test/html/jacoco-resources/method.gif was found using the provided searchPath
[856b02c1-8861-4fc8-9c1d-9b33541d87a7/Build]   üí¨  ::debug::File:/tmp/c003bc15-4795-4865-9aa0-3f767957722e/build/reports/jacoco/test/html/jacoco-resources/package.gif was found using the provided searchPath
[856b02c1-8861-4fc8-9c1d-9b33541d87a7/Build]   üí¨  ::debug::File:/tmp/c003bc15-4795-4865-9aa0-3f767957722e/build/reports/jacoco/test/html/jacoco-resources/prettify.css was found using the provided searchPath
[856b02c1-8861-4fc8-9c1d-9b33541d87a7/Build]   üí¨  ::debug::File:/tmp/c003bc15-4795-4865-9aa0-3f767957722e/build/reports/jacoco/test/html/jacoco-resources/prettify.js was found using the provided searchPath
[856b02c1-8861-4fc8-9c1d-9b33541d87a7/Build]   üí¨  ::debug::File:/tmp/c003bc15-4795-4865-9aa0-3f767957722e/build/reports/jacoco/test/html/jacoco-resources/redbar.gif was found using the provided searchPath
[856b02c1-8861-4fc8-9c1d-9b33541d87a7/Build]   üí¨  ::debug::File:/tmp/c003bc15-4795-4865-9aa0-3f767957722e/build/reports/jacoco/test/html/jacoco-resources/report.css was found using the provided searchPath
[856b02c1-8861-4fc8-9c1d-9b33541d87a7/Build]   üí¨  ::debug::File:/tmp/c003bc15-4795-4865-9aa0-3f767957722e/build/reports/jacoco/test/html/jacoco-resources/report.gif was found using the provided searchPath
[856b02c1-8861-4fc8-9c1d-9b33541d87a7/Build]   üí¨  ::debug::File:/tmp/c003bc15-4795-4865-9aa0-3f767957722e/build/reports/jacoco/test/html/jacoco-resources/session.gif was found using the provided searchPath
[856b02c1-8861-4fc8-9c1d-9b33541d87a7/Build]   üí¨  ::debug::File:/tmp/c003bc15-4795-4865-9aa0-3f767957722e/build/reports/jacoco/test/html/jacoco-resources/sort.gif was found using the provided searchPath
[856b02c1-8861-4fc8-9c1d-9b33541d87a7/Build]   üí¨  ::debug::File:/tmp/c003bc15-4795-4865-9aa0-3f767957722e/build/reports/jacoco/test/html/jacoco-resources/sort.js was found using the provided searchPath
[856b02c1-8861-4fc8-9c1d-9b33541d87a7/Build]   üí¨  ::debug::File:/tmp/c003bc15-4795-4865-9aa0-3f767957722e/build/reports/jacoco/test/html/jacoco-resources/source.gif was found using the provided searchPath
[856b02c1-8861-4fc8-9c1d-9b33541d87a7/Build]   üí¨  ::debug::File:/tmp/c003bc15-4795-4865-9aa0-3f767957722e/build/reports/jacoco/test/html/jacoco-resources/up.gif was found using the provided searchPath
[856b02c1-8861-4fc8-9c1d-9b33541d87a7/Build]   üí¨  ::debug::File:/tmp/c003bc15-4795-4865-9aa0-3f767957722e/build/reports/jacoco/test/html/jacoco-sessions.html was found using the provided searchPath
[856b02c1-8861-4fc8-9c1d-9b33541d87a7/Build]   üí¨  ::debug::File:/tmp/c003bc15-4795-4865-9aa0-3f767957722e/build/reports/jacoco/test/jacocoTestReport.xml was found using the provided searchPath
[856b02c1-8861-4fc8-9c1d-9b33541d87a7/Build]   üí¨  ::debug::Removing /tmp/c003bc15-4795-4865-9aa0-3f767957722e/build/reports/tests from rawSearchResults because it is a directory
[856b02c1-8861-4fc8-9c1d-9b33541d87a7/Build]   üí¨  ::debug::Removing /tmp/c003bc15-4795-4865-9aa0-3f767957722e/build/reports/tests/test from rawSearchResults because it is a directory
[856b02c1-8861-4fc8-9c1d-9b33541d87a7/Build]   üí¨  ::debug::Removing /tmp/c003bc15-4795-4865-9aa0-3f767957722e/build/reports/tests/test/classes from rawSearchResults because it is a directory
[856b02c1-8861-4fc8-9c1d-9b33541d87a7/Build]   üí¨  ::debug::File:/tmp/c003bc15-4795-4865-9aa0-3f767957722e/build/reports/tests/test/classes/com.worksap.nlp.sudachi.ConfigTest.html was found using the provided searchPath
[856b02c1-8861-4fc8-9c1d-9b33541d87a7/Build]   üí¨  ::debug::File:/tmp/c003bc15-4795-4865-9aa0-3f767957722e/build/reports/tests/test/classes/com.worksap.nlp.sudachi.DefaultInputTextPluginTest.html was found using the provided searchPath
[856b02c1-8861-4fc8-9c1d-9b33541d87a7/Build]   üí¨  ::debug::File:/tmp/c003bc15-4795-4865-9aa0-3f767957722e/build/reports/tests/test/classes/com.worksap.nlp.sudachi.DictionaryFactoryTest.html was found using the provided searchPath
[856b02c1-8861-4fc8-9c1d-9b33541d87a7/Build]   üí¨  ::debug::File:/tmp/c003bc15-4795-4865-9aa0-3f767957722e/build/reports/tests/test/classes/com.worksap.nlp.sudachi.IgnoreYomiganaPluginTest.html was found using the provided searchPath
[856b02c1-8861-4fc8-9c1d-9b33541d87a7/Build]   üí¨  ::debug::File:/tmp/c003bc15-4795-4865-9aa0-3f767957722e/build/reports/tests/test/classes/com.worksap.nlp.sudachi.InhibitConnectionPluginTest.html was found using the provided searchPath
[856b02c1-8861-4fc8-9c1d-9b33541d87a7/Build]   üí¨  ::debug::File:/tmp/c003bc15-4795-4865-9aa0-3f767957722e/build/reports/tests/test/classes/com.worksap.nlp.sudachi.JapaneseDictionaryTest.html was found using the provided searchPath
[856b02c1-8861-4fc8-9c1d-9b33541d87a7/Build]   üí¨  ::debug::File:/tmp/c003bc15-4795-4865-9aa0-3f767957722e/build/reports/tests/test/classes/com.worksap.nlp.sudachi.JapaneseTokenizerMaskTest.html was found using the provided searchPath
[856b02c1-8861-4fc8-9c1d-9b33541d87a7/Build]   üí¨  ::debug::File:/tmp/c003bc15-4795-4865-9aa0-3f767957722e/build/reports/tests/test/classes/com.worksap.nlp.sudachi.JapaneseTokenizerTest.html was found using the provided searchPath
[856b02c1-8861-4fc8-9c1d-9b33541d87a7/Build]   üí¨  ::debug::File:/tmp/c003bc15-4795-4865-9aa0-3f767957722e/build/reports/tests/test/classes/com.worksap.nlp.sudachi.JoinKatakanaOovPluginTest.html was found using the provided searchPath
[856b02c1-8861-4fc8-9c1d-9b33541d87a7/Build]   üí¨  ::debug::File:/tmp/c003bc15-4795-4865-9aa0-3f767957722e/build/reports/tests/test/classes/com.worksap.nlp.sudachi.JoinNumericPluginTest.html was found using the provided searchPath
[856b02c1-8861-4fc8-9c1d-9b33541d87a7/Build]   üí¨  ::debug::File:/tmp/c003bc15-4795-4865-9aa0-3f767957722e/build/reports/tests/test/classes/com.worksap.nlp.sudachi.MMapTest.html was found using the provided searchPath
[856b02c1-8861-4fc8-9c1d-9b33541d87a7/Build]   üí¨  ::debug::File:/tmp/c003bc15-4795-4865-9aa0-3f767957722e/build/reports/tests/test/classes/com.worksap.nlp.sudachi.MeCabOovProviderPluginTest.html was found using the provided searchPath
[856b02c1-8861-4fc8-9c1d-9b33541d87a7/Build]   üí¨  ::debug::File:/tmp/c003bc15-4795-4865-9aa0-3f767957722e/build/reports/tests/test/classes/com.worksap.nlp.sudachi.MorphemeImplTest.html was found using the provided searchPath
[856b02c1-8861-4fc8-9c1d-9b33541d87a7/Build]   üí¨  ::debug::File:/tmp/c003bc15-4795-4865-9aa0-3f767957722e/build/reports/tests/test/classes/com.worksap.nlp.sudachi.NumericParserTest.html was found using the provided searchPath
[856b02c1-8861-4fc8-9c1d-9b33541d87a7/Build]   üí¨  ::debug::File:/tmp/c003bc15-4795-4865-9aa0-3f767957722e/build/reports/tests/test/classes/com.worksap.nlp.sudachi.OovProviderPluginTest.html was found using the provided searchPath
[856b02c1-8861-4fc8-9c1d-9b33541d87a7/Build]   üí¨  ::debug::File:/tmp/c003bc15-4795-4865-9aa0-3f767957722e/build/reports/tests/test/classes/com.worksap.nlp.sudachi.PathAnchorTest.html was found using the provided searchPath
[856b02c1-8861-4fc8-9c1d-9b33541d87a7/Build]   üí¨  ::debug::File:/tmp/c003bc15-4795-4865-9aa0-3f767957722e/build/reports/tests/test/classes/com.worksap.nlp.sudachi.ProlongedSoundMarkInputTextPluginTest.html was found using the provided searchPath
[856b02c1-8861-4fc8-9c1d-9b33541d87a7/Build]   üí¨  ::debug::File:/tmp/c003bc15-4795-4865-9aa0-3f767957722e/build/reports/tests/test/classes/com.worksap.nlp.sudachi.RegexOovProviderTest.html was found using the provided searchPath
[856b02c1-8861-4fc8-9c1d-9b33541d87a7/Build]   üí¨  ::debug::File:/tmp/c003bc15-4795-4865-9aa0-3f767957722e/build/reports/tests/test/classes/com.worksap.nlp.sudachi.SettingsTest.html was found using the provided searchPath
[856b02c1-8861-4fc8-9c1d-9b33541d87a7/Build]   üí¨  ::debug::File:/tmp/c003bc15-4795-4865-9aa0-3f767957722e/build/reports/tests/test/classes/com.worksap.nlp.sudachi.StringUtilTest.html was found using the provided searchPath
[856b02c1-8861-4fc8-9c1d-9b33541d87a7/Build]   üí¨  ::debug::File:/tmp/c003bc15-4795-4865-9aa0-3f767957722e/build/reports/tests/test/classes/com.worksap.nlp.sudachi.SudachiCommandLineTest.html was found using the provided searchPath
[856b02c1-8861-4fc8-9c1d-9b33541d87a7/Build]   üí¨  ::debug::File:/tmp/c003bc15-4795-4865-9aa0-3f767957722e/build/reports/tests/test/classes/com.worksap.nlp.sudachi.UTF8InputTextTest.html was found using the provided searchPath
[856b02c1-8861-4fc8-9c1d-9b33541d87a7/Build]   üí¨  ::debug::File:/tmp/c003bc15-4795-4865-9aa0-3f767957722e/build/reports/tests/test/classes/com.worksap.nlp.sudachi.UserDictionaryTest.html was found using the provided searchPath
[856b02c1-8861-4fc8-9c1d-9b33541d87a7/Build]   üí¨  ::debug::File:/tmp/c003bc15-4795-4865-9aa0-3f767957722e/build/reports/tests/test/classes/com.worksap.nlp.sudachi.WordIdTest.html was found using the provided searchPath
[856b02c1-8861-4fc8-9c1d-9b33541d87a7/Build]   üí¨  ::debug::File:/tmp/c003bc15-4795-4865-9aa0-3f767957722e/build/reports/tests/test/classes/com.worksap.nlp.sudachi.WordMaskTest.html was found using the provided searchPath
[856b02c1-8861-4fc8-9c1d-9b33541d87a7/Build]   üí¨  ::debug::File:/tmp/c003bc15-4795-4865-9aa0-3f767957722e/build/reports/tests/test/classes/com.worksap.nlp.sudachi.dictionary.CSVParserTest.html was found using the provided searchPath
[856b02c1-8861-4fc8-9c1d-9b33541d87a7/Build]   üí¨  ::debug::File:/tmp/c003bc15-4795-4865-9aa0-3f767957722e/build/reports/tests/test/classes/com.worksap.nlp.sudachi.dictionary.CharacterCategoryTest.html was found using the provided searchPath
[856b02c1-8861-4fc8-9c1d-9b33541d87a7/Build]   üí¨  ::debug::File:/tmp/c003bc15-4795-4865-9aa0-3f767957722e/build/reports/tests/test/classes/com.worksap.nlp.sudachi.dictionary.DictionaryBuilderTest.html was found using the provided searchPath
[856b02c1-8861-4fc8-9c1d-9b33541d87a7/Build]   üí¨  ::debug::File:/tmp/c003bc15-4795-4865-9aa0-3f767957722e/build/reports/tests/test/classes/com.worksap.nlp.sudachi.dictionary.DictionaryHeaderPrinterTest.html was found using the provided searchPath
[856b02c1-8861-4fc8-9c1d-9b33541d87a7/Build]   üí¨  ::debug::File:/tmp/c003bc15-4795-4865-9aa0-3f767957722e/build/reports/tests/test/classes/com.worksap.nlp.sudachi.dictionary.DictionaryHeaderTest.html was found using the provided searchPath
[856b02c1-8861-4fc8-9c1d-9b33541d87a7/Build]   üí¨  ::debug::File:/tmp/c003bc15-4795-4865-9aa0-3f767957722e/build/reports/tests/test/classes/com.worksap.nlp.sudachi.dictionary.DictionaryPrinterTest.html was found using the provided searchPath
[856b02c1-8861-4fc8-9c1d-9b33541d87a7/Build]   üí¨  ::debug::File:/tmp/c003bc15-4795-4865-9aa0-3f767957722e/build/reports/tests/test/classes/com.worksap.nlp.sudachi.dictionary.DoubleArrayLexiconTest.html was found using the provided searchPath
[856b02c1-8861-4fc8-9c1d-9b33541d87a7/Build]   üí¨  ::debug::File:/tmp/c003bc15-4795-4865-9aa0-3f767957722e/build/reports/tests/test/classes/com.worksap.nlp.sudachi.dictionary.GrammarImplTest.html was found using the provided searchPath
[856b02c1-8861-4fc8-9c1d-9b33541d87a7/Build]   üí¨  ::debug::File:/tmp/c003bc15-4795-4865-9aa0-3f767957722e/build/reports/tests/test/classes/com.worksap.nlp.sudachi.dictionary.UserDictionaryBuilderTest.html was found using the provided searchPath
[856b02c1-8861-4fc8-9c1d-9b33541d87a7/Build]   üí¨  ::debug::File:/tmp/c003bc15-4795-4865-9aa0-3f767957722e/build/reports/tests/test/classes/com.worksap.nlp.sudachi.dictionary.build.ConnectionMatrixTest.html was found using the provided searchPath
[856b02c1-8861-4fc8-9c1d-9b33541d87a7/Build]   üí¨  ::debug::File:/tmp/c003bc15-4795-4865-9aa0-3f767957722e/build/reports/tests/test/classes/com.worksap.nlp.sudachi.dictionary.build.CsvLexiconTest.html was found using the provided searchPath
[856b02c1-8861-4fc8-9c1d-9b33541d87a7/Build]   üí¨  ::debug::File:/tmp/c003bc15-4795-4865-9aa0-3f767957722e/build/reports/tests/test/classes/com.worksap.nlp.sudachi.dictionary.build.DicBufferTest.html was found using the provided searchPath
[856b02c1-8861-4fc8-9c1d-9b33541d87a7/Build]   üí¨  ::debug::File:/tmp/c003bc15-4795-4865-9aa0-3f767957722e/build/reports/tests/test/classes/com.worksap.nlp.sudachi.dictionary.build.GrammarTest.html was found using the provided searchPath
[856b02c1-8861-4fc8-9c1d-9b33541d87a7/Build]   üí¨  ::debug::File:/tmp/c003bc15-4795-4865-9aa0-3f767957722e/build/reports/tests/test/classes/com.worksap.nlp.sudachi.dictionary.build.ParametersTest.html was found using the provided searchPath
[856b02c1-8861-4fc8-9c1d-9b33541d87a7/Build]   üí¨  ::debug::File:/tmp/c003bc15-4795-4865-9aa0-3f767957722e/build/reports/tests/test/classes/com.worksap.nlp.sudachi.dictionary.build.SystemDicTest.html was found using the provided searchPath
[856b02c1-8861-4fc8-9c1d-9b33541d87a7/Build]   üí¨  ::debug::File:/tmp/c003bc15-4795-4865-9aa0-3f767957722e/build/reports/tests/test/classes/com.worksap.nlp.sudachi.dictionary.build.UserDicTest.html was found using the provided searchPath
[856b02c1-8861-4fc8-9c1d-9b33541d87a7/Build]   üí¨  ::debug::File:/tmp/c003bc15-4795-4865-9aa0-3f767957722e/build/reports/tests/test/classes/com.worksap.nlp.sudachi.sentdetect.SentenceDetectorTest.html was found using the provided searchPath
[856b02c1-8861-4fc8-9c1d-9b33541d87a7/Build]   üí¨  ::debug::Removing /tmp/c003bc15-4795-4865-9aa0-3f767957722e/build/reports/tests/test/css from rawSearchResults because it is a directory
[856b02c1-8861-4fc8-9c1d-9b33541d87a7/Build]   üí¨  ::debug::File:/tmp/c003bc15-4795-4865-9aa0-3f767957722e/build/reports/tests/test/css/base-style.css was found using the provided searchPath
[856b02c1-8861-4fc8-9c1d-9b33541d87a7/Build]   üí¨  ::debug::File:/tmp/c003bc15-4795-4865-9aa0-3f767957722e/build/reports/tests/test/css/style.css was found using the provided searchPath
[856b02c1-8861-4fc8-9c1d-9b33541d87a7/Build]   üí¨  ::debug::File:/tmp/c003bc15-4795-4865-9aa0-3f767957722e/build/reports/tests/test/index.html was found using the provided searchPath
[856b02c1-8861-4fc8-9c1d-9b33541d87a7/Build]   üí¨  ::debug::Removing /tmp/c003bc15-4795-4865-9aa0-3f767957722e/build/reports/tests/test/js from rawSearchResults because it is a directory
[856b02c1-8861-4fc8-9c1d-9b33541d87a7/Build]   üí¨  ::debug::File:/tmp/c003bc15-4795-4865-9aa0-3f767957722e/build/reports/tests/test/js/report.js was found using the provided searchPath
[856b02c1-8861-4fc8-9c1d-9b33541d87a7/Build]   üí¨  ::debug::Removing /tmp/c003bc15-4795-4865-9aa0-3f767957722e/build/reports/tests/test/packages from rawSearchResults because it is a directory
[856b02c1-8861-4fc8-9c1d-9b33541d87a7/Build]   üí¨  ::debug::File:/tmp/c003bc15-4795-4865-9aa0-3f767957722e/build/reports/tests/test/packages/com.worksap.nlp.sudachi.dictionary.build.html was found using the provided searchPath
[856b02c1-8861-4fc8-9c1d-9b33541d87a7/Build]   üí¨  ::debug::File:/tmp/c003bc15-4795-4865-9aa0-3f767957722e/build/reports/tests/test/packages/com.worksap.nlp.sudachi.dictionary.html was found using the provided searchPath
[856b02c1-8861-4fc8-9c1d-9b33541d87a7/Build]   üí¨  ::debug::File:/tmp/c003bc15-4795-4865-9aa0-3f767957722e/build/reports/tests/test/packages/com.worksap.nlp.sudachi.html was found using the provided searchPath
[856b02c1-8861-4fc8-9c1d-9b33541d87a7/Build]   üí¨  ::debug::File:/tmp/c003bc15-4795-4865-9aa0-3f767957722e/build/reports/tests/test/packages/com.worksap.nlp.sudachi.sentdetect.html was found using the provided searchPath
[856b02c1-8861-4fc8-9c1d-9b33541d87a7/Build]   | With the provided path, there will be 259 files uploaded
[856b02c1-8861-4fc8-9c1d-9b33541d87a7/Build]   üí¨  ::debug::Root artifact directory is /tmp/c003bc15-4795-4865-9aa0-3f767957722e/build/reports
[856b02c1-8861-4fc8-9c1d-9b33541d87a7/Build]   | Starting artifact upload
[856b02c1-8861-4fc8-9c1d-9b33541d87a7/Build]   | For more detailed logs during the artifact upload process, enable step-debugging: https://docs.github.com/actions/monitoring-and-troubleshooting-workflows/enabling-debug-logging#enabling-step-debug-logging
[856b02c1-8861-4fc8-9c1d-9b33541d87a7/Build]   | Artifact name is valid!
[856b02c1-8861-4fc8-9c1d-9b33541d87a7/Build]   ‚ùó  ::error::Unable to get ACTIONS_RUNTIME_TOKEN env variable
[856b02c1-8861-4fc8-9c1d-9b33541d87a7/Build]   ‚ùå  Failure - Main actions/upload-artifact@v3
[856b02c1-8861-4fc8-9c1d-9b33541d87a7/Build] exitcode '1': failure
[856b02c1-8861-4fc8-9c1d-9b33541d87a7/Build] unable to get git ref: failed to identify reference (tag/branch) for the checked-out revision '0294434d2cc14317bbc4dd71c9b522c7e4a62062'
[856b02c1-8861-4fc8-9c1d-9b33541d87a7/Build] unable to get git ref: failed to identify reference (tag/branch) for the checked-out revision '0294434d2cc14317bbc4dd71c9b522c7e4a62062'
[856b02c1-8861-4fc8-9c1d-9b33541d87a7/Build] unable to get git ref: failed to identify reference (tag/branch) for the checked-out revision '0294434d2cc14317bbc4dd71c9b522c7e4a62062'
[856b02c1-8861-4fc8-9c1d-9b33541d87a7/Build] unable to get git ref: failed to identify reference (tag/branch) for the checked-out revision '0294434d2cc14317bbc4dd71c9b522c7e4a62062'
[856b02c1-8861-4fc8-9c1d-9b33541d87a7/Build] unable to get git ref: failed to identify reference (tag/branch) for the checked-out revision '0294434d2cc14317bbc4dd71c9b522c7e4a62062'
[856b02c1-8861-4fc8-9c1d-9b33541d87a7/Build] unable to get git ref: failed to identify reference (tag/branch) for the checked-out revision '0294434d2cc14317bbc4dd71c9b522c7e4a62062'
[856b02c1-8861-4fc8-9c1d-9b33541d87a7/Build] unable to get git ref: failed to identify reference (tag/branch) for the checked-out revision '0294434d2cc14317bbc4dd71c9b522c7e4a62062'
[856b02c1-8861-4fc8-9c1d-9b33541d87a7/Build] unable to get git ref: failed to identify reference (tag/branch) for the checked-out revision '0294434d2cc14317bbc4dd71c9b522c7e4a62062'
[856b02c1-8861-4fc8-9c1d-9b33541d87a7/Build] unable to get git ref: failed to identify reference (tag/branch) for the checked-out revision '0294434d2cc14317bbc4dd71c9b522c7e4a62062'
[856b02c1-8861-4fc8-9c1d-9b33541d87a7/Build] unable to get git ref: failed to identify reference (tag/branch) for the checked-out revision '0294434d2cc14317bbc4dd71c9b522c7e4a62062'
[856b02c1-8861-4fc8-9c1d-9b33541d87a7/Build] unable to get git ref: failed to identify reference (tag/branch) for the checked-out revision '0294434d2cc14317bbc4dd71c9b522c7e4a62062'
[856b02c1-8861-4fc8-9c1d-9b33541d87a7/Build] unable to get git ref: failed to identify reference (tag/branch) for the checked-out revision '0294434d2cc14317bbc4dd71c9b522c7e4a62062'
[856b02c1-8861-4fc8-9c1d-9b33541d87a7/Build] unable to get git ref: failed to identify reference (tag/branch) for the checked-out revision '0294434d2cc14317bbc4dd71c9b522c7e4a62062'
[856b02c1-8861-4fc8-9c1d-9b33541d87a7/Build] unable to get git ref: failed to identify reference (tag/branch) for the checked-out revision '0294434d2cc14317bbc4dd71c9b522c7e4a62062'
[856b02c1-8861-4fc8-9c1d-9b33541d87a7/Build] unable to get git ref: failed to identify reference (tag/branch) for the checked-out revision '0294434d2cc14317bbc4dd71c9b522c7e4a62062'
[856b02c1-8861-4fc8-9c1d-9b33541d87a7/Build] ‚≠ê Run Post Set up JDK 11
[856b02c1-8861-4fc8-9c1d-9b33541d87a7/Build]   üê≥  docker exec cmd=[node /var/run/act/actions/actions-setup-java@v3/dist/cleanup/index.js] user= workdir=
[856b02c1-8861-4fc8-9c1d-9b33541d87a7/Build]   üöß  ::warning::Error retrieving key from state.
[856b02c1-8861-4fc8-9c1d-9b33541d87a7/Build]   ‚úÖ  Success - Post Set up JDK 11
[856b02c1-8861-4fc8-9c1d-9b33541d87a7/Build] üèÅ  Job failed
[856b02c1-8861-4fc8-9c1d-9b33541d87a7/Build] unable to get git ref: failed to identify reference (tag/branch) for the checked-out revision '0294434d2cc14317bbc4dd71c9b522c7e4a62062'
