[412b7ba9-3214-4b39-9ab8-937394ff8b8a/build] ğŸš€  Start image=gitbugactions:latest
[412b7ba9-3214-4b39-9ab8-937394ff8b8a/build]   ğŸ³  docker pull image=gitbugactions:latest platform= username= forcePull=false
[412b7ba9-3214-4b39-9ab8-937394ff8b8a/build]   ğŸ³  docker create image=gitbugactions:latest platform= entrypoint=["tail" "-f" "/dev/null"] cmd=[]
[412b7ba9-3214-4b39-9ab8-937394ff8b8a/build]   ğŸ³  docker run image=gitbugactions:latest platform= entrypoint=["tail" "-f" "/dev/null"] cmd=[]
[412b7ba9-3214-4b39-9ab8-937394ff8b8a/build]   ğŸ³  docker exec cmd=[chown -R 1012:1013 /tmp/8620cd5b-e917-45eb-8ae2-98eae7231162] user=0 workdir=
[412b7ba9-3214-4b39-9ab8-937394ff8b8a/build] unable to get git ref: failed to identify reference (tag/branch) for the checked-out revision '9df5d93ba0482b628d05b10c29100144beed5b5d'
[412b7ba9-3214-4b39-9ab8-937394ff8b8a/build] unable to get git ref: failed to identify reference (tag/branch) for the checked-out revision '9df5d93ba0482b628d05b10c29100144beed5b5d'
[412b7ba9-3214-4b39-9ab8-937394ff8b8a/build] unable to get git ref: failed to identify reference (tag/branch) for the checked-out revision '9df5d93ba0482b628d05b10c29100144beed5b5d'
[412b7ba9-3214-4b39-9ab8-937394ff8b8a/build] unable to get git ref: failed to identify reference (tag/branch) for the checked-out revision '9df5d93ba0482b628d05b10c29100144beed5b5d'
[412b7ba9-3214-4b39-9ab8-937394ff8b8a/build] unable to get git ref: failed to identify reference (tag/branch) for the checked-out revision '9df5d93ba0482b628d05b10c29100144beed5b5d'
[412b7ba9-3214-4b39-9ab8-937394ff8b8a/build] unable to get git ref: failed to identify reference (tag/branch) for the checked-out revision '9df5d93ba0482b628d05b10c29100144beed5b5d'
[412b7ba9-3214-4b39-9ab8-937394ff8b8a/build] unable to get git ref: failed to identify reference (tag/branch) for the checked-out revision '9df5d93ba0482b628d05b10c29100144beed5b5d'
[412b7ba9-3214-4b39-9ab8-937394ff8b8a/build] unable to get git ref: failed to identify reference (tag/branch) for the checked-out revision '9df5d93ba0482b628d05b10c29100144beed5b5d'
[412b7ba9-3214-4b39-9ab8-937394ff8b8a/build] unable to get git ref: failed to identify reference (tag/branch) for the checked-out revision '9df5d93ba0482b628d05b10c29100144beed5b5d'
[412b7ba9-3214-4b39-9ab8-937394ff8b8a/build] â­ Run Main actions/checkout@v3
[412b7ba9-3214-4b39-9ab8-937394ff8b8a/build] unable to get git ref: failed to identify reference (tag/branch) for the checked-out revision '9df5d93ba0482b628d05b10c29100144beed5b5d'
[412b7ba9-3214-4b39-9ab8-937394ff8b8a/build] unable to get git ref: failed to identify reference (tag/branch) for the checked-out revision '9df5d93ba0482b628d05b10c29100144beed5b5d'
[412b7ba9-3214-4b39-9ab8-937394ff8b8a/build]   ğŸ³  docker cp src=/tmp/8620cd5b-e917-45eb-8ae2-98eae7231162/. dst=/tmp/8620cd5b-e917-45eb-8ae2-98eae7231162
[412b7ba9-3214-4b39-9ab8-937394ff8b8a/build]   ğŸ³  docker exec cmd=[chown -R 1012:1013 /tmp/8620cd5b-e917-45eb-8ae2-98eae7231162] user=0 workdir=
[412b7ba9-3214-4b39-9ab8-937394ff8b8a/build]   âœ…  Success - Main actions/checkout@v3
[412b7ba9-3214-4b39-9ab8-937394ff8b8a/build] unable to get git ref: failed to identify reference (tag/branch) for the checked-out revision '9df5d93ba0482b628d05b10c29100144beed5b5d'
[412b7ba9-3214-4b39-9ab8-937394ff8b8a/build] unable to get git ref: failed to identify reference (tag/branch) for the checked-out revision '9df5d93ba0482b628d05b10c29100144beed5b5d'
[412b7ba9-3214-4b39-9ab8-937394ff8b8a/build] unable to get git ref: failed to identify reference (tag/branch) for the checked-out revision '9df5d93ba0482b628d05b10c29100144beed5b5d'
[412b7ba9-3214-4b39-9ab8-937394ff8b8a/build] unable to get git ref: failed to identify reference (tag/branch) for the checked-out revision '9df5d93ba0482b628d05b10c29100144beed5b5d'
[412b7ba9-3214-4b39-9ab8-937394ff8b8a/build] unable to get git ref: failed to identify reference (tag/branch) for the checked-out revision '9df5d93ba0482b628d05b10c29100144beed5b5d'
[412b7ba9-3214-4b39-9ab8-937394ff8b8a/build] â­ Run Main actions/setup-java@v3
[412b7ba9-3214-4b39-9ab8-937394ff8b8a/build] unable to get git ref: failed to identify reference (tag/branch) for the checked-out revision '9df5d93ba0482b628d05b10c29100144beed5b5d'
[412b7ba9-3214-4b39-9ab8-937394ff8b8a/build] unable to get git ref: failed to identify reference (tag/branch) for the checked-out revision '9df5d93ba0482b628d05b10c29100144beed5b5d'
[412b7ba9-3214-4b39-9ab8-937394ff8b8a/build] unable to get git ref: failed to identify reference (tag/branch) for the checked-out revision '9df5d93ba0482b628d05b10c29100144beed5b5d'
[412b7ba9-3214-4b39-9ab8-937394ff8b8a/build]   ğŸ³  docker cp src=/tmp/act-cache/345ba2d3-ce1d-409b-9611-0e8edd489a56/act/actions-setup-java@v3/ dst=/var/run/act/actions/actions-setup-java@v3/
[412b7ba9-3214-4b39-9ab8-937394ff8b8a/build]   ğŸ³  docker exec cmd=[chown -R 1012:1013 /var/run/act/actions/actions-setup-java@v3/] user=0 workdir=
[412b7ba9-3214-4b39-9ab8-937394ff8b8a/build]   ğŸ³  docker exec cmd=[node /var/run/act/actions/actions-setup-java@v3/dist/setup/index.js] user= workdir=
[412b7ba9-3214-4b39-9ab8-937394ff8b8a/build]   â“  ::group::Installed distributions
[412b7ba9-3214-4b39-9ab8-937394ff8b8a/build]   | Trying to resolve the latest version from remote
[412b7ba9-3214-4b39-9ab8-937394ff8b8a/build]   ğŸ’¬  ::debug::Gathering available versions from 'https://api.azul.com/zulu/download/community/v1.0/bundles/?os=linux&ext=tar.gz&bundle_type=jdk&javafx=false&arch=x86&hw_bitness=64&release_status=ga'
[412b7ba9-3214-4b39-9ab8-937394ff8b8a/build]   | Resolved latest version as 11.0.21+9
[412b7ba9-3214-4b39-9ab8-937394ff8b8a/build]   | Trying to download...
[412b7ba9-3214-4b39-9ab8-937394ff8b8a/build]   | Downloading Java 11.0.21+9 (Zulu) from https://cdn.azul.com/zulu/bin/zulu11.68.17-ca-jdk11.0.21-linux_x64.tar.gz ...
[412b7ba9-3214-4b39-9ab8-937394ff8b8a/build]   ğŸ’¬  ::debug::Downloading https://cdn.azul.com/zulu/bin/zulu11.68.17-ca-jdk11.0.21-linux_x64.tar.gz
[412b7ba9-3214-4b39-9ab8-937394ff8b8a/build]   ğŸ’¬  ::debug::Destination /tmp/f4b79d4f-96dc-4086-8509-fb1374f9037d
[412b7ba9-3214-4b39-9ab8-937394ff8b8a/build]   ğŸ’¬  ::debug::download complete
[412b7ba9-3214-4b39-9ab8-937394ff8b8a/build]   | Extracting Java archive...
[412b7ba9-3214-4b39-9ab8-937394ff8b8a/build]   ğŸ’¬  ::debug::Checking tar --version
[412b7ba9-3214-4b39-9ab8-937394ff8b8a/build]   ğŸ’¬  ::debug::tar (GNU tar) 1.34%0ACopyright (C) 2021 Free Software Foundation, Inc.%0ALicense GPLv3+: GNU GPL version 3 or later <https://gnu.org/licenses/gpl.html>.%0AThis is free software: you are free to change and redistribute it.%0AThere is NO WARRANTY, to the extent permitted by law.%0A%0AWritten by John Gilmore and Jay Fenlason.
[412b7ba9-3214-4b39-9ab8-937394ff8b8a/build]   | [command]/usr/bin/tar xz --warning=no-unknown-keyword -C /tmp/5fc3702b-8140-4197-bc5b-11355ba64fc2 -f /tmp/f4b79d4f-96dc-4086-8509-fb1374f9037d
[412b7ba9-3214-4b39-9ab8-937394ff8b8a/build]   ğŸ’¬  ::debug::Caching tool Java_Zulu_jdk 11.0.21-9 x64
[412b7ba9-3214-4b39-9ab8-937394ff8b8a/build]   ğŸ’¬  ::debug::source dir: /tmp/5fc3702b-8140-4197-bc5b-11355ba64fc2/zulu11.68.17-ca-jdk11.0.21-linux_x64
[412b7ba9-3214-4b39-9ab8-937394ff8b8a/build]   ğŸ’¬  ::debug::destination /opt/hostedtoolcache/Java_Zulu_jdk/11.0.21-9/x64
[412b7ba9-3214-4b39-9ab8-937394ff8b8a/build]   ğŸ’¬  ::debug::finished caching tool
[412b7ba9-3214-4b39-9ab8-937394ff8b8a/build]   | Java 11.0.21+9 was downloaded
[412b7ba9-3214-4b39-9ab8-937394ff8b8a/build]   | Setting Java 11.0.21+9 as the default
[412b7ba9-3214-4b39-9ab8-937394ff8b8a/build]   | Creating toolchains.xml for JDK version 11 from zulu
[412b7ba9-3214-4b39-9ab8-937394ff8b8a/build]   | Writing to /home/runner/.m2/toolchains.xml
[412b7ba9-3214-4b39-9ab8-937394ff8b8a/build]   | 
[412b7ba9-3214-4b39-9ab8-937394ff8b8a/build]   | Java configuration:
[412b7ba9-3214-4b39-9ab8-937394ff8b8a/build]   |   Distribution: zulu
[412b7ba9-3214-4b39-9ab8-937394ff8b8a/build]   |   Version: 11.0.21+9
[412b7ba9-3214-4b39-9ab8-937394ff8b8a/build]   |   Path: /opt/hostedtoolcache/Java_Zulu_jdk/11.0.21-9/x64
[412b7ba9-3214-4b39-9ab8-937394ff8b8a/build]   | 
[412b7ba9-3214-4b39-9ab8-937394ff8b8a/build]   â“  ::endgroup::
[412b7ba9-3214-4b39-9ab8-937394ff8b8a/build]   â“ add-matcher /run/act/actions/actions-setup-java@v3/.github/java.json
[412b7ba9-3214-4b39-9ab8-937394ff8b8a/build]   | Creating settings.xml with server-id: github
[412b7ba9-3214-4b39-9ab8-937394ff8b8a/build]   | Writing to /home/runner/.m2/settings.xml
[412b7ba9-3214-4b39-9ab8-937394ff8b8a/build]   âœ…  Success - Main actions/setup-java@v3
[412b7ba9-3214-4b39-9ab8-937394ff8b8a/build]   âš™  ::set-env:: JAVA_HOME=/opt/hostedtoolcache/Java_Zulu_jdk/11.0.21-9/x64
[412b7ba9-3214-4b39-9ab8-937394ff8b8a/build]   âš™  ::set-env:: JAVA_HOME_11_X64=/opt/hostedtoolcache/Java_Zulu_jdk/11.0.21-9/x64
[412b7ba9-3214-4b39-9ab8-937394ff8b8a/build]   âš™  ::set-output:: version=11.0.21+9
[412b7ba9-3214-4b39-9ab8-937394ff8b8a/build]   âš™  ::set-output:: distribution=Zulu
[412b7ba9-3214-4b39-9ab8-937394ff8b8a/build]   âš™  ::set-output:: path=/opt/hostedtoolcache/Java_Zulu_jdk/11.0.21-9/x64
[412b7ba9-3214-4b39-9ab8-937394ff8b8a/build]   âš™  ::add-path:: /opt/hostedtoolcache/Java_Zulu_jdk/11.0.21-9/x64/bin
[412b7ba9-3214-4b39-9ab8-937394ff8b8a/build] unable to get git ref: failed to identify reference (tag/branch) for the checked-out revision '9df5d93ba0482b628d05b10c29100144beed5b5d'
[412b7ba9-3214-4b39-9ab8-937394ff8b8a/build] unable to get git ref: failed to identify reference (tag/branch) for the checked-out revision '9df5d93ba0482b628d05b10c29100144beed5b5d'
[412b7ba9-3214-4b39-9ab8-937394ff8b8a/build] unable to get git ref: failed to identify reference (tag/branch) for the checked-out revision '9df5d93ba0482b628d05b10c29100144beed5b5d'
[412b7ba9-3214-4b39-9ab8-937394ff8b8a/build] unable to get git ref: failed to identify reference (tag/branch) for the checked-out revision '9df5d93ba0482b628d05b10c29100144beed5b5d'
[412b7ba9-3214-4b39-9ab8-937394ff8b8a/build] unable to get git ref: failed to identify reference (tag/branch) for the checked-out revision '9df5d93ba0482b628d05b10c29100144beed5b5d'
[412b7ba9-3214-4b39-9ab8-937394ff8b8a/build] â­ Run Main ./gradlew build --no-daemon --warning-mode=fail
[412b7ba9-3214-4b39-9ab8-937394ff8b8a/build] unable to get git ref: failed to identify reference (tag/branch) for the checked-out revision '9df5d93ba0482b628d05b10c29100144beed5b5d'
[412b7ba9-3214-4b39-9ab8-937394ff8b8a/build] unable to get git ref: failed to identify reference (tag/branch) for the checked-out revision '9df5d93ba0482b628d05b10c29100144beed5b5d'
[412b7ba9-3214-4b39-9ab8-937394ff8b8a/build] unable to get git ref: failed to identify reference (tag/branch) for the checked-out revision '9df5d93ba0482b628d05b10c29100144beed5b5d'
[412b7ba9-3214-4b39-9ab8-937394ff8b8a/build] unable to get git ref: failed to identify reference (tag/branch) for the checked-out revision '9df5d93ba0482b628d05b10c29100144beed5b5d'
[412b7ba9-3214-4b39-9ab8-937394ff8b8a/build]   ğŸ³  docker exec cmd=[bash --noprofile --norc -e -o pipefail /var/run/act/workflow/2] user= workdir=
[412b7ba9-3214-4b39-9ab8-937394ff8b8a/build]   | Downloading https://services.gradle.org/distributions/gradle-7.5.1-bin.zip
[412b7ba9-3214-4b39-9ab8-937394ff8b8a/build]   | ...........10%............20%...........30%............40%...........50%............60%...........70%............80%...........90%............100%
[412b7ba9-3214-4b39-9ab8-937394ff8b8a/build]   | 
[412b7ba9-3214-4b39-9ab8-937394ff8b8a/build]   | Welcome to Gradle 7.5.1!
[412b7ba9-3214-4b39-9ab8-937394ff8b8a/build]   | 
[412b7ba9-3214-4b39-9ab8-937394ff8b8a/build]   | Here are the highlights of this release:
[412b7ba9-3214-4b39-9ab8-937394ff8b8a/build]   |  - Support for Java 18
[412b7ba9-3214-4b39-9ab8-937394ff8b8a/build]   |  - Support for building with Groovy 4
[412b7ba9-3214-4b39-9ab8-937394ff8b8a/build]   |  - Much more responsive continuous builds
[412b7ba9-3214-4b39-9ab8-937394ff8b8a/build]   |  - Improved diagnostics for dependency resolution
[412b7ba9-3214-4b39-9ab8-937394ff8b8a/build]   | 
[412b7ba9-3214-4b39-9ab8-937394ff8b8a/build]   | For more details see https://docs.gradle.org/7.5.1/release-notes.html
[412b7ba9-3214-4b39-9ab8-937394ff8b8a/build]   | 
[412b7ba9-3214-4b39-9ab8-937394ff8b8a/build]   | To honour the JVM settings for this build a single-use Daemon process will be forked. See https://docs.gradle.org/7.5.1/userguide/gradle_daemon.html#sec:disabling_the_daemon.
[412b7ba9-3214-4b39-9ab8-937394ff8b8a/build]   | Daemon will be stopped at the end of the build 
[412b7ba9-3214-4b39-9ab8-937394ff8b8a/build]   | 
[412b7ba9-3214-4b39-9ab8-937394ff8b8a/build]   | Kordamp Enforcer Gradle plugin 0.13.0. Consider becoming a patron at https://www.patreon.com/aalmiray
[412b7ba9-3214-4b39-9ab8-937394ff8b8a/build]   | > Configure project :
[412b7ba9-3214-4b39-9ab8-937394ff8b8a/build]   | 
[412b7ba9-3214-4b39-9ab8-937394ff8b8a/build]   | > Task :copyDependencies
[412b7ba9-3214-4b39-9ab8-937394ff8b8a/build]   | > Task :extractIncludeProto
[412b7ba9-3214-4b39-9ab8-937394ff8b8a/build]   | > Task :extractProto
[412b7ba9-3214-4b39-9ab8-937394ff8b8a/build]   | > Task :generateProto
[412b7ba9-3214-4b39-9ab8-937394ff8b8a/build]   | > Task :compileJava
[412b7ba9-3214-4b39-9ab8-937394ff8b8a/build]   | Note: Some input files use or override a deprecated API.
[412b7ba9-3214-4b39-9ab8-937394ff8b8a/build]   | Note: Recompile with -Xlint:deprecation for details.
[412b7ba9-3214-4b39-9ab8-937394ff8b8a/build]   | Note: Some input files use unchecked or unsafe operations.
[412b7ba9-3214-4b39-9ab8-937394ff8b8a/build]   | Note: Recompile with -Xlint:unchecked for details.
[412b7ba9-3214-4b39-9ab8-937394ff8b8a/build]   | 
[412b7ba9-3214-4b39-9ab8-937394ff8b8a/build]   | > Task :processResources
[412b7ba9-3214-4b39-9ab8-937394ff8b8a/build]   | > Task :classes
[412b7ba9-3214-4b39-9ab8-937394ff8b8a/build]   | > Task :jar
[412b7ba9-3214-4b39-9ab8-937394ff8b8a/build]   | > Task :assemble
[412b7ba9-3214-4b39-9ab8-937394ff8b8a/build]   | > Task :extractIncludeTestProto
[412b7ba9-3214-4b39-9ab8-937394ff8b8a/build]   | > Task :extractTestProto
[412b7ba9-3214-4b39-9ab8-937394ff8b8a/build]   | > Task :generateTestProto NO-SOURCE
[412b7ba9-3214-4b39-9ab8-937394ff8b8a/build]   | 
[412b7ba9-3214-4b39-9ab8-937394ff8b8a/build]   | > Task :compileTestJava
[412b7ba9-3214-4b39-9ab8-937394ff8b8a/build]   | Note: Some input files use or override a deprecated API.
[412b7ba9-3214-4b39-9ab8-937394ff8b8a/build]   | Note: Recompile with -Xlint:deprecation for details.
[412b7ba9-3214-4b39-9ab8-937394ff8b8a/build]   | 
[412b7ba9-3214-4b39-9ab8-937394ff8b8a/build]   | > Task :processTestResources NO-SOURCE
[412b7ba9-3214-4b39-9ab8-937394ff8b8a/build]   | > Task :testClasses
[412b7ba9-3214-4b39-9ab8-937394ff8b8a/build]   | > Task :checkstyleTest SKIPPED
[412b7ba9-3214-4b39-9ab8-937394ff8b8a/build]   | > Task :checkstyleMain
[412b7ba9-3214-4b39-9ab8-937394ff8b8a/build]   | 
[412b7ba9-3214-4b39-9ab8-937394ff8b8a/build]   | > Task :test FAILED
[412b7ba9-3214-4b39-9ab8-937394ff8b8a/build]   | 
[412b7ba9-3214-4b39-9ab8-937394ff8b8a/build]   | KhdProtocolDecoderTest > testDecode() FAILED
[412b7ba9-3214-4b39-9ab8-937394ff8b8a/build]   |     org.opentest4j.AssertionFailedError at KhdProtocolDecoderTest.java:14
[412b7ba9-3214-4b39-9ab8-937394ff8b8a/build]   | 
[412b7ba9-3214-4b39-9ab8-937394ff8b8a/build]   | 499 tests completed, 1 failed, 23 skipped
[412b7ba9-3214-4b39-9ab8-937394ff8b8a/build]   | 
[412b7ba9-3214-4b39-9ab8-937394ff8b8a/build]   | FAILURE: Build failed with an exception.
[412b7ba9-3214-4b39-9ab8-937394ff8b8a/build]   | 
[412b7ba9-3214-4b39-9ab8-937394ff8b8a/build]   | * What went wrong:
[412b7ba9-3214-4b39-9ab8-937394ff8b8a/build]   | Execution failed for task ':test'.
[412b7ba9-3214-4b39-9ab8-937394ff8b8a/build]   | > There were failing tests. See the report at: file:///tmp/8620cd5b-e917-45eb-8ae2-98eae7231162/build/reports/tests/test/index.html
[412b7ba9-3214-4b39-9ab8-937394ff8b8a/build]   | 
[412b7ba9-3214-4b39-9ab8-937394ff8b8a/build]   | * Try:
[412b7ba9-3214-4b39-9ab8-937394ff8b8a/build]   | > Run with --stacktrace option to get the stack trace.
[412b7ba9-3214-4b39-9ab8-937394ff8b8a/build]   | > Run with --info or --debug option to get more log output.
[412b7ba9-3214-4b39-9ab8-937394ff8b8a/build]   | > Run with --scan to get full insights.
[412b7ba9-3214-4b39-9ab8-937394ff8b8a/build]   | 
[412b7ba9-3214-4b39-9ab8-937394ff8b8a/build]   | * Get more help at https://help.gradle.org
[412b7ba9-3214-4b39-9ab8-937394ff8b8a/build]   | 
[412b7ba9-3214-4b39-9ab8-937394ff8b8a/build]   | BUILD FAILED in 3m 8s
[412b7ba9-3214-4b39-9ab8-937394ff8b8a/build]   | 12 actionable tasks: 12 executed
[412b7ba9-3214-4b39-9ab8-937394ff8b8a/build]   âŒ  Failure - Main ./gradlew build --no-daemon --warning-mode=fail
[412b7ba9-3214-4b39-9ab8-937394ff8b8a/build] exitcode '1': failure
[412b7ba9-3214-4b39-9ab8-937394ff8b8a/build] unable to get git ref: failed to identify reference (tag/branch) for the checked-out revision '9df5d93ba0482b628d05b10c29100144beed5b5d'
[412b7ba9-3214-4b39-9ab8-937394ff8b8a/build] unable to get git ref: failed to identify reference (tag/branch) for the checked-out revision '9df5d93ba0482b628d05b10c29100144beed5b5d'
[412b7ba9-3214-4b39-9ab8-937394ff8b8a/build] unable to get git ref: failed to identify reference (tag/branch) for the checked-out revision '9df5d93ba0482b628d05b10c29100144beed5b5d'
[412b7ba9-3214-4b39-9ab8-937394ff8b8a/build] unable to get git ref: failed to identify reference (tag/branch) for the checked-out revision '9df5d93ba0482b628d05b10c29100144beed5b5d'
[412b7ba9-3214-4b39-9ab8-937394ff8b8a/build] unable to get git ref: failed to identify reference (tag/branch) for the checked-out revision '9df5d93ba0482b628d05b10c29100144beed5b5d'
[412b7ba9-3214-4b39-9ab8-937394ff8b8a/build] â­ Run Post actions/setup-java@v3
[412b7ba9-3214-4b39-9ab8-937394ff8b8a/build]   ğŸ³  docker exec cmd=[node /var/run/act/actions/actions-setup-java@v3/dist/cleanup/index.js] user= workdir=
[412b7ba9-3214-4b39-9ab8-937394ff8b8a/build]   âœ…  Success - Post actions/setup-java@v3
[412b7ba9-3214-4b39-9ab8-937394ff8b8a/build] ğŸ  Job failed
[412b7ba9-3214-4b39-9ab8-937394ff8b8a/build] unable to get git ref: failed to identify reference (tag/branch) for the checked-out revision '9df5d93ba0482b628d05b10c29100144beed5b5d'
