[1f8e4f79-79aa-4926-878b-5e354a6293eb/build] üöÄ  Start image=crawlergpt:latest
[1f8e4f79-79aa-4926-878b-5e354a6293eb/build]   üê≥  docker pull image=crawlergpt:latest platform= username= forcePull=false
[1f8e4f79-79aa-4926-878b-5e354a6293eb/build]   üê≥  docker create image=crawlergpt:latest platform= entrypoint=["tail" "-f" "/dev/null"] cmd=[]
[1f8e4f79-79aa-4926-878b-5e354a6293eb/build]   üê≥  docker run image=crawlergpt:latest platform= entrypoint=["tail" "-f" "/dev/null"] cmd=[]
[1f8e4f79-79aa-4926-878b-5e354a6293eb/build]   üê≥  docker exec cmd=[chown -R 1012:1013 /tmp/e92335b7-3e6e-43fb-b8b6-063d5dc42291] user=0 workdir=
[1f8e4f79-79aa-4926-878b-5e354a6293eb/build] unable to get git ref: failed to identify reference (tag/branch) for the checked-out revision '768546f6d448ccb356403ef396e77d9c734ca8bb'
[1f8e4f79-79aa-4926-878b-5e354a6293eb/build] unable to get git ref: failed to identify reference (tag/branch) for the checked-out revision '768546f6d448ccb356403ef396e77d9c734ca8bb'
[1f8e4f79-79aa-4926-878b-5e354a6293eb/build] unable to get git ref: failed to identify reference (tag/branch) for the checked-out revision '768546f6d448ccb356403ef396e77d9c734ca8bb'
[1f8e4f79-79aa-4926-878b-5e354a6293eb/build] üß™  Matrix: map[java-version:8]
[1f8e4f79-79aa-4926-878b-5e354a6293eb/build] unable to get git ref: failed to identify reference (tag/branch) for the checked-out revision '768546f6d448ccb356403ef396e77d9c734ca8bb'
[1f8e4f79-79aa-4926-878b-5e354a6293eb/build] unable to get git ref: failed to identify reference (tag/branch) for the checked-out revision '768546f6d448ccb356403ef396e77d9c734ca8bb'
[1f8e4f79-79aa-4926-878b-5e354a6293eb/build] unable to get git ref: failed to identify reference (tag/branch) for the checked-out revision '768546f6d448ccb356403ef396e77d9c734ca8bb'
[1f8e4f79-79aa-4926-878b-5e354a6293eb/build] unable to get git ref: failed to identify reference (tag/branch) for the checked-out revision '768546f6d448ccb356403ef396e77d9c734ca8bb'
[1f8e4f79-79aa-4926-878b-5e354a6293eb/build] unable to get git ref: failed to identify reference (tag/branch) for the checked-out revision '768546f6d448ccb356403ef396e77d9c734ca8bb'
[1f8e4f79-79aa-4926-878b-5e354a6293eb/build] unable to get git ref: failed to identify reference (tag/branch) for the checked-out revision '768546f6d448ccb356403ef396e77d9c734ca8bb'
[1f8e4f79-79aa-4926-878b-5e354a6293eb/build] ‚≠ê Run Main actions/checkout@v2
[1f8e4f79-79aa-4926-878b-5e354a6293eb/build] unable to get git ref: failed to identify reference (tag/branch) for the checked-out revision '768546f6d448ccb356403ef396e77d9c734ca8bb'
[1f8e4f79-79aa-4926-878b-5e354a6293eb/build]   ‚úÖ  Success - Main actions/checkout@v2
[1f8e4f79-79aa-4926-878b-5e354a6293eb/build] unable to get git ref: failed to identify reference (tag/branch) for the checked-out revision '768546f6d448ccb356403ef396e77d9c734ca8bb'
[1f8e4f79-79aa-4926-878b-5e354a6293eb/build] unable to get git ref: failed to identify reference (tag/branch) for the checked-out revision '768546f6d448ccb356403ef396e77d9c734ca8bb'
[1f8e4f79-79aa-4926-878b-5e354a6293eb/build] unable to get git ref: failed to identify reference (tag/branch) for the checked-out revision '768546f6d448ccb356403ef396e77d9c734ca8bb'
[1f8e4f79-79aa-4926-878b-5e354a6293eb/build] unable to get git ref: failed to identify reference (tag/branch) for the checked-out revision '768546f6d448ccb356403ef396e77d9c734ca8bb'
[1f8e4f79-79aa-4926-878b-5e354a6293eb/build] unable to get git ref: failed to identify reference (tag/branch) for the checked-out revision '768546f6d448ccb356403ef396e77d9c734ca8bb'
[1f8e4f79-79aa-4926-878b-5e354a6293eb/build] ‚≠ê Run Main Use Java 8
[1f8e4f79-79aa-4926-878b-5e354a6293eb/build] unable to get git ref: failed to identify reference (tag/branch) for the checked-out revision '768546f6d448ccb356403ef396e77d9c734ca8bb'
[1f8e4f79-79aa-4926-878b-5e354a6293eb/build] unable to get git ref: failed to identify reference (tag/branch) for the checked-out revision '768546f6d448ccb356403ef396e77d9c734ca8bb'
[1f8e4f79-79aa-4926-878b-5e354a6293eb/build] unable to get git ref: failed to identify reference (tag/branch) for the checked-out revision '768546f6d448ccb356403ef396e77d9c734ca8bb'
[1f8e4f79-79aa-4926-878b-5e354a6293eb/build]   üê≥  docker cp src=/tmp/act-cache/14b9a2ba-9620-49b3-8c38-68a2bd516c04/act/actions-setup-java@v1/ dst=/var/run/act/actions/actions-setup-java@v1/
[1f8e4f79-79aa-4926-878b-5e354a6293eb/build]   üê≥  docker exec cmd=[chown -R 1012:1013 /var/run/act/actions/actions-setup-java@v1/] user=0 workdir=
[1f8e4f79-79aa-4926-878b-5e354a6293eb/build]   üê≥  docker exec cmd=[node /var/run/act/actions/actions-setup-java@v1/dist/setup/index.js] user= workdir=
[1f8e4f79-79aa-4926-878b-5e354a6293eb/build]   üí¨  ::debug::isExplicit: 
[1f8e4f79-79aa-4926-878b-5e354a6293eb/build]   üí¨  ::debug::explicit? false
[1f8e4f79-79aa-4926-878b-5e354a6293eb/build]   üí¨  ::debug::evaluating 0 versions
[1f8e4f79-79aa-4926-878b-5e354a6293eb/build]   üí¨  ::debug::match not found
[1f8e4f79-79aa-4926-878b-5e354a6293eb/build]   üí¨  ::debug::Downloading JDK from Azul
[1f8e4f79-79aa-4926-878b-5e354a6293eb/build]   üí¨  ::debug::Searching for files with extension: -linux_x64.tar.gz
[1f8e4f79-79aa-4926-878b-5e354a6293eb/build]   üí¨  ::debug::Downloading https://static.azul.com/zulu/bin/zulu8.70.0.23-ca-jdk8.0.372-linux_x64.tar.gz
[1f8e4f79-79aa-4926-878b-5e354a6293eb/build]   üí¨  ::debug::Downloading /tmp/47d63bcc-814e-483e-9300-9a121b4bebf2
[1f8e4f79-79aa-4926-878b-5e354a6293eb/build]   üí¨  ::debug::download complete
[1f8e4f79-79aa-4926-878b-5e354a6293eb/build]   | [command]/usr/bin/tar --version
[1f8e4f79-79aa-4926-878b-5e354a6293eb/build]   | tar (GNU tar) 1.30
[1f8e4f79-79aa-4926-878b-5e354a6293eb/build]   | Copyright (C) 2017 Free Software Foundation, Inc.
[1f8e4f79-79aa-4926-878b-5e354a6293eb/build]   | License GPLv3+: GNU GPL version 3 or later <https://gnu.org/licenses/gpl.html>.
[1f8e4f79-79aa-4926-878b-5e354a6293eb/build]   | This is free software: you are free to change and redistribute it.
[1f8e4f79-79aa-4926-878b-5e354a6293eb/build]   | There is NO WARRANTY, to the extent permitted by law.
[1f8e4f79-79aa-4926-878b-5e354a6293eb/build]   | 
[1f8e4f79-79aa-4926-878b-5e354a6293eb/build]   | Written by John Gilmore and Jay Fenlason.
[1f8e4f79-79aa-4926-878b-5e354a6293eb/build]   | [command]/usr/bin/tar xz --warning=no-unknown-keyword -C /tmp/temp_756263309 -f /tmp/47d63bcc-814e-483e-9300-9a121b4bebf2
[1f8e4f79-79aa-4926-878b-5e354a6293eb/build]   üí¨  ::debug::jdk extracted to /tmp/temp_756263309/zulu8.70.0.23-ca-jdk8.0.372-linux_x64
[1f8e4f79-79aa-4926-878b-5e354a6293eb/build]   üí¨  ::debug::Caching tool jdk 8.0.372 x64
[1f8e4f79-79aa-4926-878b-5e354a6293eb/build]   üí¨  ::debug::source dir: /tmp/temp_756263309/zulu8.70.0.23-ca-jdk8.0.372-linux_x64
[1f8e4f79-79aa-4926-878b-5e354a6293eb/build]   üí¨  ::debug::destination /opt/hostedtoolcache/jdk/8.0.372/x64
[1f8e4f79-79aa-4926-878b-5e354a6293eb/build]   üí¨  ::debug::finished caching tool
[1f8e4f79-79aa-4926-878b-5e354a6293eb/build]   ‚ùì add-matcher /run/act/actions/actions-setup-java@v1/.github/java.json
[1f8e4f79-79aa-4926-878b-5e354a6293eb/build]   | creating settings.xml with server-id: github; environment variables: username=$GITHUB_ACTOR, password=$GITHUB_TOKEN, and gpg-passphrase=null
[1f8e4f79-79aa-4926-878b-5e354a6293eb/build]   üí¨  ::debug::created directory /home/runneradmin/.m2
[1f8e4f79-79aa-4926-878b-5e354a6293eb/build]   | writing /home/runneradmin/.m2/settings.xml
[1f8e4f79-79aa-4926-878b-5e354a6293eb/build]   ‚úÖ  Success - Main Use Java 8
[1f8e4f79-79aa-4926-878b-5e354a6293eb/build]   ‚öô  ::set-env:: JAVA_HOME_8.0.372_x64=/opt/hostedtoolcache/jdk/8.0.372/x64
[1f8e4f79-79aa-4926-878b-5e354a6293eb/build]   ‚öô  ::set-env:: JAVA_HOME=/opt/hostedtoolcache/jdk/8.0.372/x64
[1f8e4f79-79aa-4926-878b-5e354a6293eb/build]   ‚öô  ::set-env:: JAVA_HOME_8_0_372_X64=/opt/hostedtoolcache/jdk/8.0.372/x64
[1f8e4f79-79aa-4926-878b-5e354a6293eb/build]   ‚öô  ::set-output:: path=/opt/hostedtoolcache/jdk/8.0.372/x64
[1f8e4f79-79aa-4926-878b-5e354a6293eb/build]   ‚öô  ::set-output:: version=8.0.372
[1f8e4f79-79aa-4926-878b-5e354a6293eb/build]   ‚öô  ::add-path:: /opt/hostedtoolcache/jdk/8.0.372/x64/bin
[1f8e4f79-79aa-4926-878b-5e354a6293eb/build] unable to get git ref: failed to identify reference (tag/branch) for the checked-out revision '768546f6d448ccb356403ef396e77d9c734ca8bb'
[1f8e4f79-79aa-4926-878b-5e354a6293eb/build] unable to get git ref: failed to identify reference (tag/branch) for the checked-out revision '768546f6d448ccb356403ef396e77d9c734ca8bb'
[1f8e4f79-79aa-4926-878b-5e354a6293eb/build] unable to get git ref: failed to identify reference (tag/branch) for the checked-out revision '768546f6d448ccb356403ef396e77d9c734ca8bb'
[1f8e4f79-79aa-4926-878b-5e354a6293eb/build] unable to get git ref: failed to identify reference (tag/branch) for the checked-out revision '768546f6d448ccb356403ef396e77d9c734ca8bb'
[1f8e4f79-79aa-4926-878b-5e354a6293eb/build] unable to get git ref: failed to identify reference (tag/branch) for the checked-out revision '768546f6d448ccb356403ef396e77d9c734ca8bb'
[1f8e4f79-79aa-4926-878b-5e354a6293eb/build] ‚≠ê Run Main mvn package
[1f8e4f79-79aa-4926-878b-5e354a6293eb/build] unable to get git ref: failed to identify reference (tag/branch) for the checked-out revision '768546f6d448ccb356403ef396e77d9c734ca8bb'
[1f8e4f79-79aa-4926-878b-5e354a6293eb/build] unable to get git ref: failed to identify reference (tag/branch) for the checked-out revision '768546f6d448ccb356403ef396e77d9c734ca8bb'
[1f8e4f79-79aa-4926-878b-5e354a6293eb/build] unable to get git ref: failed to identify reference (tag/branch) for the checked-out revision '768546f6d448ccb356403ef396e77d9c734ca8bb'
[1f8e4f79-79aa-4926-878b-5e354a6293eb/build] unable to get git ref: failed to identify reference (tag/branch) for the checked-out revision '768546f6d448ccb356403ef396e77d9c734ca8bb'
[1f8e4f79-79aa-4926-878b-5e354a6293eb/build]   üê≥  docker exec cmd=[bash --noprofile --norc -e -o pipefail /var/run/act/workflow/2] user= workdir=
[1f8e4f79-79aa-4926-878b-5e354a6293eb/build]   | [INFO] Scanning for projects...
[1f8e4f79-79aa-4926-878b-5e354a6293eb/build]   | [INFO] 
[1f8e4f79-79aa-4926-878b-5e354a6293eb/build]   | [INFO] --------------------< org.zwobble.mammoth:mammoth >---------------------
[1f8e4f79-79aa-4926-878b-5e354a6293eb/build]   | [INFO] Building Mammoth 0.0.5-SNAPSHOT
[1f8e4f79-79aa-4926-878b-5e354a6293eb/build]   | [INFO] --------------------------------[ jar ]---------------------------------
[1f8e4f79-79aa-4926-878b-5e354a6293eb/build]   | Downloading from central: https://repo.maven.apache.org/maven2/org/apache/maven/plugins/maven-resources-plugin/2.6/maven-resources-plugin-2.6.pom
[1f8e4f79-79aa-4926-878b-5e354a6293eb/build]   | Progress (1): 2.7/8.1 kBProgress (1): 5.5/8.1 kBProgress (1): 8.1 kB                        Downloaded from central: https://repo.maven.apache.org/maven2/org/apache/maven/plugins/maven-resources-plugin/2.6/maven-resources-plugin-2.6.pom (8.1 kB at 5.1 kB/s)
[1f8e4f79-79aa-4926-878b-5e354a6293eb/build]   | Downloading from central: https://repo.maven.apache.org/maven2/org/apache/maven/plugins/maven-plugins/23/maven-plugins-23.pom
[1f8e4f79-79aa-4926-878b-5e354a6293eb/build]   | Progress (1): 2.7/9.2 kBProgress (1): 5.5/9.2 kBProgress (1): 8.2/9.2 kBProgress (1): 9.2 kB                        Downloaded from central: https://repo.maven.apache.org/maven2/org/apache/maven/plugins/maven-plugins/23/maven-plugins-23.pom (9.2 kB at 118 kB/s)
[1f8e4f79-79aa-4926-878b-5e354a6293eb/build]   | Downloading from central: https://repo.maven.apache.org/maven2/org/apache/maven/maven-parent/22/maven-parent-22.pom
[1f8e4f79-79aa-4926-878b-5e354a6293eb/build]   | Progress (1): 2.7/30 kBProgress (1): 5.5/30 kBProgress (1): 8.2/30 kBProgress (1): 11/30 kB Progress (1): 14/30 kBProgress (1): 16/30 kBProgress (1): 19/30 kBProgress (1): 21/30 kBProgress (1): 24/30 kBProgress (1): 27/30 kBProgress (1): 30/30 kBProgress (1): 30 kB                      Downloaded from central: https://repo.maven.apache.org/maven2/org/apache/maven/maven-parent/22/maven-parent-22.pom (30 kB at 307 kB/s)
[1f8e4f79-79aa-4926-878b-5e354a6293eb/build]   | Downloading from central: https://repo.maven.apache.org/maven2/org/apache/apache/11/apache-11.pom
[1f8e4f79-79aa-4926-878b-5e354a6293eb/build]   | Progress (1): 4.1/15 kBProgress (1): 8.2/15 kBProgress (1): 12/15 kB Progress (1): 15 kB                      Downloaded from central: https://repo.maven.apache.org/maven2/org/apache/apache/11/apache-11.pom (15 kB at 549 kB/s)
[1f8e4f79-79aa-4926-878b-5e354a6293eb/build]   | Downloading from central: https://repo.maven.apache.org/maven2/org/apache/maven/plugins/maven-resources-plugin/2.6/maven-resources-plugin-2.6.jar
[1f8e4f79-79aa-4926-878b-5e354a6293eb/build]   | Progress (1): 4.1/30 kBProgress (1): 8.2/30 kBProgress (1): 12/30 kB Progress (1): 16/30 kBProgress (1): 20/30 kBProgress (1): 25/30 kBProgress (1): 29/30 kBProgress (1): 30 kB                      Downloaded from central: https://repo.maven.apache.org/maven2/org/apache/maven/plugins/maven-resources-plugin/2.6/maven-resources-plugin-2.6.jar (30 kB at 895 kB/s)
[1f8e4f79-79aa-4926-878b-5e354a6293eb/build]   | Downloading from central: https://repo.maven.apache.org/maven2/org/apache/maven/plugins/maven-compiler-plugin/3.3/maven-compiler-plugin-3.3.pom
[1f8e4f79-79aa-4926-878b-5e354a6293eb/build]   | Progress (1): 4.1/11 kBProgress (1): 8.2/11 kBProgress (1): 11 kB                       Downloaded from central: https://repo.maven.apache.org/maven2/org/apache/maven/plugins/maven-compiler-plugin/3.3/maven-compiler-plugin-3.3.pom (11 kB at 147 kB/s)
[1f8e4f79-79aa-4926-878b-5e354a6293eb/build]   | Downloading from central: https://repo.maven.apache.org/maven2/org/apache/maven/plugins/maven-plugins/27/maven-plugins-27.pom
[1f8e4f79-79aa-4926-878b-5e354a6293eb/build]   | Progress (1): 4.1/11 kBProgress (1): 8.2/11 kBProgress (1): 11 kB                       Downloaded from central: https://repo.maven.apache.org/maven2/org/apache/maven/plugins/maven-plugins/27/maven-plugins-27.pom (11 kB at 203 kB/s)
[1f8e4f79-79aa-4926-878b-5e354a6293eb/build]   | Downloading from central: https://repo.maven.apache.org/maven2/org/apache/maven/maven-parent/26/maven-parent-26.pom
[1f8e4f79-79aa-4926-878b-5e354a6293eb/build]   | Progress (1): 4.1/40 kBProgress (1): 8.2/40 kBProgress (1): 12/40 kB Progress (1): 16/40 kBProgress (1): 20/40 kBProgress (1): 24/40 kBProgress (1): 28/40 kBProgress (1): 32/40 kBProgress (1): 36/40 kBProgress (1): 40 kB                      Downloaded from central: https://repo.maven.apache.org/maven2/org/apache/maven/maven-parent/26/maven-parent-26.pom (40 kB at 796 kB/s)
[1f8e4f79-79aa-4926-878b-5e354a6293eb/build]   | Downloading from central: https://repo.maven.apache.org/maven2/org/apache/apache/16/apache-16.pom
[1f8e4f79-79aa-4926-878b-5e354a6293eb/build]   | Progress (1): 4.1/15 kBProgress (1): 8.2/15 kBProgress (1): 12/15 kB Progress (1): 15 kB                      Downloaded from central: https://repo.maven.apache.org/maven2/org/apache/apache/16/apache-16.pom (15 kB at 428 kB/s)
[1f8e4f79-79aa-4926-878b-5e354a6293eb/build]   | Downloading from central: https://repo.maven.apache.org/maven2/org/apache/maven/plugins/maven-compiler-plugin/3.3/maven-compiler-plugin-3.3.jar
[1f8e4f79-79aa-4926-878b-5e354a6293eb/build]   | Progress (1): 4.1/46 kBProgress (1): 8.2/46 kBProgress (1): 12/46 kB Progress (1): 16/46 kBProgress (1): 20/46 kBProgress (1): 25/46 kBProgress (1): 29/46 kBProgress (1): 33/46 kBProgress (1): 37/46 kBProgress (1): 41/46 kBProgress (1): 45/46 kBProgress (1): 46 kB                      Downloaded from central: https://repo.maven.apache.org/maven2/org/apache/maven/plugins/maven-compiler-plugin/3.3/maven-compiler-plugin-3.3.jar (46 kB at 1.1 MB/s)
[1f8e4f79-79aa-4926-878b-5e354a6293eb/build]   | Downloading from central: https://repo.maven.apache.org/maven2/org/apache/maven/plugins/maven-surefire-plugin/2.19.1/maven-surefire-plugin-2.19.1.pom
[1f8e4f79-79aa-4926-878b-5e354a6293eb/build]   | Progress (1): 4.1/5.6 kBProgress (1): 5.6 kB                        Downloaded from central: https://repo.maven.apache.org/maven2/org/apache/maven/plugins/maven-surefire-plugin/2.19.1/maven-surefire-plugin-2.19.1.pom (5.6 kB at 206 kB/s)
[1f8e4f79-79aa-4926-878b-5e354a6293eb/build]   | Downloading from central: https://repo.maven.apache.org/maven2/org/apache/maven/surefire/surefire/2.19.1/surefire-2.19.1.pom
[1f8e4f79-79aa-4926-878b-5e354a6293eb/build]   | Progress (1): 4.1/18 kBProgress (1): 8.2/18 kBProgress (1): 12/18 kB Progress (1): 16/18 kBProgress (1): 18 kB                      Downloaded from central: https://repo.maven.apache.org/maven2/org/apache/maven/surefire/surefire/2.19.1/surefire-2.19.1.pom (18 kB at 393 kB/s)
[1f8e4f79-79aa-4926-878b-5e354a6293eb/build]   | Downloading from central: https://repo.maven.apache.org/maven2/org/apache/maven/plugins/maven-surefire-plugin/2.19.1/maven-surefire-plugin-2.19.1.jar
[1f8e4f79-79aa-4926-878b-5e354a6293eb/build]   | Progress (1): 4.1/38 kBProgress (1): 8.2/38 kBProgress (1): 12/38 kB Progress (1): 16/38 kBProgress (1): 20/38 kBProgress (1): 25/38 kBProgress (1): 29/38 kBProgress (1): 33/38 kBProgress (1): 37/38 kBProgress (1): 38 kB                      Downloaded from central: https://repo.maven.apache.org/maven2/org/apache/maven/plugins/maven-surefire-plugin/2.19.1/maven-surefire-plugin-2.19.1.jar (38 kB at 3.0 MB/s)
[1f8e4f79-79aa-4926-878b-5e354a6293eb/build]   | Downloading from central: https://repo.maven.apache.org/maven2/org/apache/maven/plugins/maven-jar-plugin/2.4/maven-jar-plugin-2.4.pom
[1f8e4f79-79aa-4926-878b-5e354a6293eb/build]   | Progress (1): 4.1/5.8 kBProgress (1): 5.8 kB                        Downloaded from central: https://repo.maven.apache.org/maven2/org/apache/maven/plugins/maven-jar-plugin/2.4/maven-jar-plugin-2.4.pom (5.8 kB at 93 kB/s)
[1f8e4f79-79aa-4926-878b-5e354a6293eb/build]   | Downloading from central: https://repo.maven.apache.org/maven2/org/apache/maven/plugins/maven-plugins/22/maven-plugins-22.pom
[1f8e4f79-79aa-4926-878b-5e354a6293eb/build]   | Progress (1): 4.1/13 kBProgress (1): 8.2/13 kBProgress (1): 12/13 kB Progress (1): 13 kB                      Downloaded from central: https://repo.maven.apache.org/maven2/org/apache/maven/plugins/maven-plugins/22/maven-plugins-22.pom (13 kB at 652 kB/s)
[1f8e4f79-79aa-4926-878b-5e354a6293eb/build]   | Downloading from central: https://repo.maven.apache.org/maven2/org/apache/maven/maven-parent/21/maven-parent-21.pom
[1f8e4f79-79aa-4926-878b-5e354a6293eb/build]   | Progress (1): 4.1/26 kBProgress (1): 8.2/26 kBProgress (1): 12/26 kB Progress (1): 16/26 kBProgress (1): 20/26 kBProgress (1): 25/26 kBProgress (1): 26 kB                      Downloaded from central: https://repo.maven.apache.org/maven2/org/apache/maven/maven-parent/21/maven-parent-21.pom (26 kB at 1.4 MB/s)
[1f8e4f79-79aa-4926-878b-5e354a6293eb/build]   | Downloading from central: https://repo.maven.apache.org/maven2/org/apache/apache/10/apache-10.pom
[1f8e4f79-79aa-4926-878b-5e354a6293eb/build]   | Progress (1): 4.1/15 kBProgress (1): 8.2/15 kBProgress (1): 12/15 kB Progress (1): 15 kB                      Downloaded from central: https://repo.maven.apache.org/maven2/org/apache/apache/10/apache-10.pom (15 kB at 251 kB/s)
[1f8e4f79-79aa-4926-878b-5e354a6293eb/build]   | Downloading from central: https://repo.maven.apache.org/maven2/org/apache/maven/plugins/maven-jar-plugin/2.4/maven-jar-plugin-2.4.jar
[1f8e4f79-79aa-4926-878b-5e354a6293eb/build]   | Progress (1): 4.1/34 kBProgress (1): 8.2/34 kBProgress (1): 12/34 kB Progress (1): 16/34 kBProgress (1): 20/34 kBProgress (1): 24/34 kBProgress (1): 28/34 kBProgress (1): 32/34 kBProgress (1): 34 kB                      Downloaded from central: https://repo.maven.apache.org/maven2/org/apache/maven/plugins/maven-jar-plugin/2.4/maven-jar-plugin-2.4.jar (34 kB at 3.1 MB/s)
[1f8e4f79-79aa-4926-878b-5e354a6293eb/build]   | Downloading from central: https://repo.maven.apache.org/maven2/org/hamcrest/hamcrest-all/1.3/hamcrest-all-1.3.pom
[1f8e4f79-79aa-4926-878b-5e354a6293eb/build]   | Progress (1): 650 B                   Downloaded from central: https://repo.maven.apache.org/maven2/org/hamcrest/hamcrest-all/1.3/hamcrest-all-1.3.pom (650 B at 19 kB/s)
[1f8e4f79-79aa-4926-878b-5e354a6293eb/build]   | Downloading from central: https://repo.maven.apache.org/maven2/org/hamcrest/hamcrest-parent/1.3/hamcrest-parent-1.3.pom
[1f8e4f79-79aa-4926-878b-5e354a6293eb/build]   | Progress (1): 2.0 kB                    Downloaded from central: https://repo.maven.apache.org/maven2/org/hamcrest/hamcrest-parent/1.3/hamcrest-parent-1.3.pom (2.0 kB at 58 kB/s)
[1f8e4f79-79aa-4926-878b-5e354a6293eb/build]   | Downloading from central: https://repo.maven.apache.org/maven2/junit/junit/4.12/junit-4.12.pom
[1f8e4f79-79aa-4926-878b-5e354a6293eb/build]   | Progress (1): 4.1/24 kBProgress (1): 8.2/24 kBProgress (1): 12/24 kB Progress (1): 16/24 kBProgress (1): 20/24 kBProgress (1): 24 kB                      Downloaded from central: https://repo.maven.apache.org/maven2/junit/junit/4.12/junit-4.12.pom (24 kB at 740 kB/s)
[1f8e4f79-79aa-4926-878b-5e354a6293eb/build]   | Downloading from central: https://repo.maven.apache.org/maven2/org/hamcrest/hamcrest-core/1.3/hamcrest-core-1.3.pom
[1f8e4f79-79aa-4926-878b-5e354a6293eb/build]   | Progress (1): 766 B                   Downloaded from central: https://repo.maven.apache.org/maven2/org/hamcrest/hamcrest-core/1.3/hamcrest-core-1.3.pom (766 B at 64 kB/s)
[1f8e4f79-79aa-4926-878b-5e354a6293eb/build]   | Downloading from central: https://repo.maven.apache.org/maven2/org/hamcrest/hamcrest-all/1.3/hamcrest-all-1.3.jar
[1f8e4f79-79aa-4926-878b-5e354a6293eb/build]   | Downloading from central: https://repo.maven.apache.org/maven2/junit/junit/4.12/junit-4.12.jar
[1f8e4f79-79aa-4926-878b-5e354a6293eb/build]   | Downloading from central: https://repo.maven.apache.org/maven2/org/hamcrest/hamcrest-core/1.3/hamcrest-core-1.3.jar
[1f8e4f79-79aa-4926-878b-5e354a6293eb/build]   | Progress (1): 4.1/307 kBProgress (1): 8.2/307 kBProgress (1): 12/307 kB Progress (1): 16/307 kBProgress (1): 20/307 kBProgress (1): 25/307 kBProgress (1): 29/307 kBProgress (1): 33/307 kBProgress (1): 37/307 kBProgress (1): 41/307 kBProgress (1): 45/307 kBProgress (1): 49/307 kBProgress (1): 53/307 kBProgress (1): 57/307 kBProgress (1): 61/307 kBProgress (1): 66/307 kBProgress (1): 70/307 kBProgress (1): 74/307 kBProgress (1): 78/307 kBProgress (1): 82/307 kBProgress (1): 86/307 kBProgress (1): 90/307 kBProgress (1): 94/307 kBProgress (1): 98/307 kBProgress (1): 102/307 kBProgress (1): 106/307 kBProgress (1): 111/307 kBProgress (1): 115/307 kBProgress (1): 119/307 kBProgress (1): 123/307 kBProgress (1): 127/307 kBProgress (1): 131/307 kBProgress (1): 135/307 kBProgress (1): 139/307 kBProgress (1): 143/307 kBProgress (1): 147/307 kBProgress (1): 152/307 kBProgress (1): 156/307 kBProgress (2): 156/307 kB | 2.7/315 kBProgress (2): 160/307 kB | 2.7/315 kBProgress (2): 164/307 kB | 2.7/315 kBProgress (2): 164/307 kB | 5.5/315 kBProgress (2): 164/307 kB | 8.2/315 kBProgress (2): 164/307 kB | 11/315 kB Progress (2): 168/307 kB | 11/315 kBProgress (2): 168/307 kB | 14/315 kBProgress (2): 172/307 kB | 14/315 kBProgress (2): 176/307 kB | 14/315 kBProgress (2): 176/307 kB | 16/315 kBProgress (2): 180/307 kB | 16/315 kBProgress (2): 184/307 kB | 16/315 kBProgress (2): 184/307 kB | 20/315 kBProgress (2): 188/307 kB | 20/315 kBProgress (2): 188/307 kB | 24/315 kBProgress (2): 193/307 kB | 24/315 kBProgress (2): 193/307 kB | 28/315 kBProgress (2): 197/307 kB | 28/315 kBProgress (2): 197/307 kB | 32/315 kBProgress (2): 201/307 kB | 32/315 kBProgress (2): 205/307 kB | 32/315 kBProgress (2): 205/307 kB | 36/315 kBProgress (2): 209/307 kB | 36/315 kBProgress (2): 209/307 kB | 40/315 kBProgress (2): 213/307 kB | 40/315 kBProgress (2): 213/307 kB | 45/315 kBProgress (2): 213/307 kB | 49/315 kBProgress (2): 213/307 kB | 53/315 kBProgress (2): 217/307 kB | 53/315 kBProgress (2): 217/307 kB | 57/315 kBProgress (2): 217/307 kB | 61/315 kBProgress (2): 221/307 kB | 61/315 kBProgress (2): 221/307 kB | 65/315 kBProgress (2): 225/307 kB | 65/315 kBProgress (2): 229/307 kB | 65/315 kBProgress (2): 229/307 kB | 69/315 kBProgress (2): 229/307 kB | 73/315 kBProgress (2): 229/307 kB | 77/315 kBProgress (2): 229/307 kB | 81/315 kBProgress (2): 233/307 kB | 81/315 kBProgress (2): 238/307 kB | 81/315 kBProgress (2): 238/307 kB | 85/315 kBProgress (2): 242/307 kB | 85/315 kBProgress (2): 242/307 kB | 90/315 kBProgress (2): 242/307 kB | 94/315 kBProgress (3): 242/307 kB | 94/315 kB | 2.7/45 kBProgress (3): 246/307 kB | 94/315 kB | 2.7/45 kBProgress (3): 246/307 kB | 98/315 kB | 2.7/45 kBProgress (3): 246/307 kB | 98/315 kB | 5.5/45 kBProgress (3): 250/307 kB | 98/315 kB | 5.5/45 kBProgress (3): 250/307 kB | 102/315 kB | 5.5/45 kBProgress (3): 254/307 kB | 102/315 kB | 5.5/45 kBProgress (3): 254/307 kB | 102/315 kB | 8.2/45 kBProgress (3): 258/307 kB | 102/315 kB | 8.2/45 kBProgress (3): 258/307 kB | 106/315 kB | 8.2/45 kBProgress (3): 262/307 kB | 106/315 kB | 8.2/45 kBProgress (3): 262/307 kB | 110/315 kB | 8.2/45 kBProgress (3): 262/307 kB | 110/315 kB | 11/45 kB Progress (3): 262/307 kB | 114/315 kB | 11/45 kBProgress (3): 262/307 kB | 114/315 kB | 14/45 kBProgress (3): 266/307 kB | 114/315 kB | 14/45 kBProgress (3): 266/307 kB | 118/315 kB | 14/45 kBProgress (3): 266/307 kB | 118/315 kB | 16/45 kBProgress (3): 266/307 kB | 122/315 kB | 16/45 kBProgress (3): 270/307 kB | 122/315 kB | 16/45 kBProgress (3): 270/307 kB | 126/315 kB | 16/45 kBProgress (3): 274/307 kB | 126/315 kB | 16/45 kBProgress (3): 274/307 kB | 131/315 kB | 16/45 kBProgress (3): 279/307 kB | 131/315 kB | 16/45 kBProgress (3): 279/307 kB | 131/315 kB | 19/45 kBProgress (3): 279/307 kB | 135/315 kB | 19/45 kBProgress (3): 279/307 kB | 135/315 kB | 21/45 kBProgress (3): 279/307 kB | 139/315 kB | 21/45 kBProgress (3): 283/307 kB | 139/315 kB | 21/45 kBProgress (3): 283/307 kB | 143/315 kB | 21/45 kBProgress (3): 287/307 kB | 143/315 kB | 21/45 kBProgress (3): 287/307 kB | 147/315 kB | 21/45 kBProgress (3): 291/307 kB | 147/315 kB | 21/45 kBProgress (3): 291/307 kB | 147/315 kB | 24/45 kBProgress (3): 295/307 kB | 147/315 kB | 24/45 kBProgress (3): 295/307 kB | 147/315 kB | 27/45 kBProgress (3): 295/307 kB | 151/315 kB | 27/45 kBProgress (3): 295/307 kB | 155/315 kB | 27/45 kBProgress (3): 299/307 kB | 155/315 kB | 27/45 kBProgress (3): 299/307 kB | 159/315 kB | 27/45 kBProgress (3): 303/307 kB | 159/315 kB | 27/45 kBProgress (3): 303/307 kB | 159/315 kB | 30/45 kBProgress (3): 307 kB | 159/315 kB | 30/45 kB    Progress (3): 307 kB | 163/315 kB | 30/45 kBProgress (3): 307 kB | 163/315 kB | 32/45 kBProgress (3): 307 kB | 163/315 kB | 35/45 kBProgress (3): 307 kB | 167/315 kB | 35/45 kBProgress (3): 307 kB | 171/315 kB | 35/45 kBProgress (3): 307 kB | 171/315 kB | 38/45 kBProgress (3): 307 kB | 176/315 kB | 38/45 kBProgress (3): 307 kB | 180/315 kB | 38/45 kBProgress (3): 307 kB | 180/315 kB | 41/45 kBProgress (3): 307 kB | 180/315 kB | 43/45 kBProgress (3): 307 kB | 184/315 kB | 43/45 kBProgress (3): 307 kB | 188/315 kB | 43/45 kBProgress (3): 307 kB | 188/315 kB | 45 kB   Progress (3): 307 kB | 192/315 kB | 45 kBProgress (3): 307 kB | 196/315 kB | 45 kBProgress (3): 307 kB | 200/315 kB | 45 kBProgress (3): 307 kB | 204/315 kB | 45 kBProgress (3): 307 kB | 208/315 kB | 45 kBProgress (3): 307 kB | 212/315 kB | 45 kBProgress (3): 307 kB | 217/315 kB | 45 kBProgress (3): 307 kB | 221/315 kB | 45 kBProgress (3): 307 kB | 225/315 kB | 45 kBProgress (3): 307 kB | 229/315 kB | 45 kBProgress (3): 307 kB | 233/315 kB | 45 kBProgress (3): 307 kB | 237/315 kB | 45 kBProgress (3): 307 kB | 241/315 kB | 45 kBProgress (3): 307 kB | 245/315 kB | 45 kBProgress (3): 307 kB | 249/315 kB | 45 kBProgress (3): 307 kB | 253/315 kB | 45 kBProgress (3): 307 kB | 258/315 kB | 45 kBProgress (3): 307 kB | 262/315 kB | 45 kBProgress (3): 307 kB | 266/315 kB | 45 kBProgress (3): 307 kB | 270/315 kB | 45 kBProgress (3): 307 kB | 274/315 kB | 45 kBProgress (3): 307 kB | 278/315 kB | 45 kBProgress (3): 307 kB | 282/315 kB | 45 kBProgress (3): 307 kB | 286/315 kB | 45 kBProgress (3): 307 kB | 290/315 kB | 45 kBProgress (3): 307 kB | 294/315 kB | 45 kBProgress (3): 307 kB | 298/315 kB | 45 kBProgress (3): 307 kB | 303/315 kB | 45 kBProgress (3): 307 kB | 307/315 kB | 45 kBProgress (3): 307 kB | 311/315 kB | 45 kBProgress (3): 307 kB | 315/315 kB | 45 kBProgress (3): 307 kB | 315 kB | 45 kB                                         Downloaded from central: https://repo.maven.apache.org/maven2/org/hamcrest/hamcrest-core/1.3/hamcrest-core-1.3.jar (45 kB at 600 kB/s)
[1f8e4f79-79aa-4926-878b-5e354a6293eb/build]   | Downloaded from central: https://repo.maven.apache.org/maven2/org/hamcrest/hamcrest-all/1.3/hamcrest-all-1.3.jar (307 kB at 3.9 MB/s)
[1f8e4f79-79aa-4926-878b-5e354a6293eb/build]   | Downloaded from central: https://repo.maven.apache.org/maven2/junit/junit/4.12/junit-4.12.jar (315 kB at 4.0 MB/s)
[1f8e4f79-79aa-4926-878b-5e354a6293eb/build]   | [INFO] 
[1f8e4f79-79aa-4926-878b-5e354a6293eb/build]   | [INFO] --- maven-resources-plugin:2.6:resources (default-resources) @ mammoth ---
[1f8e4f79-79aa-4926-878b-5e354a6293eb/build]   | Downloading from central: https://repo.maven.apache.org/maven2/org/apache/maven/maven-plugin-api/2.0.6/maven-plugin-api-2.0.6.pom
[1f8e4f79-79aa-4926-878b-5e354a6293eb/build]   | Progress (1): 1.5 kB                    Downloaded from central: https://repo.maven.apache.org/maven2/org/apache/maven/maven-plugin-api/2.0.6/maven-plugin-api-2.0.6.pom (1.5 kB at 104 kB/s)
[1f8e4f79-79aa-4926-878b-5e354a6293eb/build]   | Downloading from central: https://repo.maven.apache.org/maven2/org/apache/maven/maven/2.0.6/maven-2.0.6.pom
[1f8e4f79-79aa-4926-878b-5e354a6293eb/build]   | Progress (1): 4.1/9.0 kBProgress (1): 8.2/9.0 kBProgress (1): 9.0 kB                        Downloaded from central: https://repo.maven.apache.org/maven2/org/apache/maven/maven/2.0.6/maven-2.0.6.pom (9.0 kB at 335 kB/s)
[1f8e4f79-79aa-4926-878b-5e354a6293eb/build]   | Downloading from central: https://repo.maven.apache.org/maven2/org/apache/maven/maven-parent/5/maven-parent-5.pom
[1f8e4f79-79aa-4926-878b-5e354a6293eb/build]   | Progress (1): 4.1/15 kBProgress (1): 8.2/15 kBProgress (1): 12/15 kB Progress (1): 15 kB                      Downloaded from central: https://repo.maven.apache.org/maven2/org/apache/maven/maven-parent/5/maven-parent-5.pom (15 kB at 952 kB/s)
[1f8e4f79-79aa-4926-878b-5e354a6293eb/build]   | Downloading from central: https://repo.maven.apache.org/maven2/org/apache/apache/3/apache-3.pom
[1f8e4f79-79aa-4926-878b-5e354a6293eb/build]   | Progress (1): 3.4 kB                    Downloaded from central: https://repo.maven.apache.org/maven2/org/apache/apache/3/apache-3.pom (3.4 kB at 143 kB/s)
[1f8e4f79-79aa-4926-878b-5e354a6293eb/build]   | Downloading from central: https://repo.maven.apache.org/maven2/org/apache/maven/maven-project/2.0.6/maven-project-2.0.6.pom
[1f8e4f79-79aa-4926-878b-5e354a6293eb/build]   | Progress (1): 2.6 kB                    Downloaded from central: https://repo.maven.apache.org/maven2/org/apache/maven/maven-project/2.0.6/maven-project-2.0.6.pom (2.6 kB at 98 kB/s)
[1f8e4f79-79aa-4926-878b-5e354a6293eb/build]   | Downloading from central: https://repo.maven.apache.org/maven2/org/apache/maven/maven-settings/2.0.6/maven-settings-2.0.6.pom
[1f8e4f79-79aa-4926-878b-5e354a6293eb/build]   | Progress (1): 2.0 kB                    Downloaded from central: https://repo.maven.apache.org/maven2/org/apache/maven/maven-settings/2.0.6/maven-settings-2.0.6.pom (2.0 kB at 83 kB/s)
[1f8e4f79-79aa-4926-878b-5e354a6293eb/build]   | Downloading from central: https://repo.maven.apache.org/maven2/org/apache/maven/maven-model/2.0.6/maven-model-2.0.6.pom
[1f8e4f79-79aa-4926-878b-5e354a6293eb/build]   | Progress (1): 3.0 kB                    Downloaded from central: https://repo.maven.apache.org/maven2/org/apache/maven/maven-model/2.0.6/maven-model-2.0.6.pom (3.0 kB at 169 kB/s)
[1f8e4f79-79aa-4926-878b-5e354a6293eb/build]   | Downloading from central: https://repo.maven.apache.org/maven2/org/codehaus/plexus/plexus-utils/1.4.1/plexus-utils-1.4.1.pom
[1f8e4f79-79aa-4926-878b-5e354a6293eb/build]   | Progress (1): 1.9 kB                    Downloaded from central: https://repo.maven.apache.org/maven2/org/codehaus/plexus/plexus-utils/1.4.1/plexus-utils-1.4.1.pom (1.9 kB at 136 kB/s)
[1f8e4f79-79aa-4926-878b-5e354a6293eb/build]   | Downloading from central: https://repo.maven.apache.org/maven2/org/codehaus/plexus/plexus/1.0.11/plexus-1.0.11.pom
[1f8e4f79-79aa-4926-878b-5e354a6293eb/build]   | Progress (1): 4.1/9.0 kBProgress (1): 8.2/9.0 kBProgress (1): 9.0 kB                        Downloaded from central: https://repo.maven.apache.org/maven2/org/codehaus/plexus/plexus/1.0.11/plexus-1.0.11.pom (9.0 kB at 690 kB/s)
[1f8e4f79-79aa-4926-878b-5e354a6293eb/build]   | Downloading from central: https://repo.maven.apache.org/maven2/org/codehaus/plexus/plexus-container-default/1.0-alpha-9-stable-1/plexus-container-default-1.0-alpha-9-stable-1.pom
[1f8e4f79-79aa-4926-878b-5e354a6293eb/build]   | Progress (1): 3.9 kB                    Downloaded from central: https://repo.maven.apache.org/maven2/org/codehaus/plexus/plexus-container-default/1.0-alpha-9-stable-1/plexus-container-default-1.0-alpha-9-stable-1.pom (3.9 kB at 232 kB/s)
[1f8e4f79-79aa-4926-878b-5e354a6293eb/build]   | Downloading from central: https://repo.maven.apache.org/maven2/org/codehaus/plexus/plexus-containers/1.0.3/plexus-containers-1.0.3.pom
[1f8e4f79-79aa-4926-878b-5e354a6293eb/build]   | Progress (1): 492 B                   Downloaded from central: https://repo.maven.apache.org/maven2/org/codehaus/plexus/plexus-containers/1.0.3/plexus-containers-1.0.3.pom (492 B at 4.2 kB/s)
[1f8e4f79-79aa-4926-878b-5e354a6293eb/build]   | Downloading from central: https://repo.maven.apache.org/maven2/org/codehaus/plexus/plexus/1.0.4/plexus-1.0.4.pom
[1f8e4f79-79aa-4926-878b-5e354a6293eb/build]   | Progress (1): 4.1/5.7 kBProgress (1): 5.7 kB                        Downloaded from central: https://repo.maven.apache.org/maven2/org/codehaus/plexus/plexus/1.0.4/plexus-1.0.4.pom (5.7 kB at 359 kB/s)
[1f8e4f79-79aa-4926-878b-5e354a6293eb/build]   | Downloading from central: https://repo.maven.apache.org/maven2/junit/junit/3.8.1/junit-3.8.1.pom
[1f8e4f79-79aa-4926-878b-5e354a6293eb/build]   | Progress (1): 998 B                   Downloaded from central: https://repo.maven.apache.org/maven2/junit/junit/3.8.1/junit-3.8.1.pom (998 B at 30 kB/s)
[1f8e4f79-79aa-4926-878b-5e354a6293eb/build]   | Downloading from central: https://repo.maven.apache.org/maven2/org/codehaus/plexus/plexus-utils/1.0.4/plexus-utils-1.0.4.pom
[1f8e4f79-79aa-4926-878b-5e354a6293eb/build]   | Progress (1): 4.1/6.9 kBProgress (1): 6.9 kB                        Downloaded from central: https://repo.maven.apache.org/maven2/org/codehaus/plexus/plexus-utils/1.0.4/plexus-utils-1.0.4.pom (6.9 kB at 146 kB/s)
[1f8e4f79-79aa-4926-878b-5e354a6293eb/build]   | Downloading from central: https://repo.maven.apache.org/maven2/classworlds/classworlds/1.1-alpha-2/classworlds-1.1-alpha-2.pom
[1f8e4f79-79aa-4926-878b-5e354a6293eb/build]   | Progress (1): 3.1 kB                    Downloaded from central: https://repo.maven.apache.org/maven2/classworlds/classworlds/1.1-alpha-2/classworlds-1.1-alpha-2.pom (3.1 kB at 196 kB/s)
[1f8e4f79-79aa-4926-878b-5e354a6293eb/build]   | Downloading from central: https://repo.maven.apache.org/maven2/org/apache/maven/maven-profile/2.0.6/maven-profile-2.0.6.pom
[1f8e4f79-79aa-4926-878b-5e354a6293eb/build]   | Progress (1): 2.0 kB                    Downloaded from central: https://repo.maven.apache.org/maven2/org/apache/maven/maven-profile/2.0.6/maven-profile-2.0.6.pom (2.0 kB at 60 kB/s)
[1f8e4f79-79aa-4926-878b-5e354a6293eb/build]   | Downloading from central: https://repo.maven.apache.org/maven2/org/apache/maven/maven-artifact-manager/2.0.6/maven-artifact-manager-2.0.6.pom
[1f8e4f79-79aa-4926-878b-5e354a6293eb/build]   | Progress (1): 2.6 kB                    Downloaded from central: https://repo.maven.apache.org/maven2/org/apache/maven/maven-artifact-manager/2.0.6/maven-artifact-manager-2.0.6.pom (2.6 kB at 138 kB/s)
[1f8e4f79-79aa-4926-878b-5e354a6293eb/build]   | Downloading from central: https://repo.maven.apache.org/maven2/org/apache/maven/maven-repository-metadata/2.0.6/maven-repository-metadata-2.0.6.pom
[1f8e4f79-79aa-4926-878b-5e354a6293eb/build]   | Progress (1): 1.9 kB                    Downloaded from central: https://repo.maven.apache.org/maven2/org/apache/maven/maven-repository-metadata/2.0.6/maven-repository-metadata-2.0.6.pom (1.9 kB at 88 kB/s)
[1f8e4f79-79aa-4926-878b-5e354a6293eb/build]   | Downloading from central: https://repo.maven.apache.org/maven2/org/apache/maven/maven-artifact/2.0.6/maven-artifact-2.0.6.pom
[1f8e4f79-79aa-4926-878b-5e354a6293eb/build]   | Progress (1): 1.6 kB                    Downloaded from central: https://repo.maven.apache.org/maven2/org/apache/maven/maven-artifact/2.0.6/maven-artifact-2.0.6.pom (1.6 kB at 43 kB/s)
[1f8e4f79-79aa-4926-878b-5e354a6293eb/build]   | Downloading from central: https://repo.maven.apache.org/maven2/org/apache/maven/maven-plugin-registry/2.0.6/maven-plugin-registry-2.0.6.pom
[1f8e4f79-79aa-4926-878b-5e354a6293eb/build]   | Progress (1): 1.9 kB                    Downloaded from central: https://repo.maven.apache.org/maven2/org/apache/maven/maven-plugin-registry/2.0.6/maven-plugin-registry-2.0.6.pom (1.9 kB at 122 kB/s)
[1f8e4f79-79aa-4926-878b-5e354a6293eb/build]   | Downloading from central: https://repo.maven.apache.org/maven2/org/apache/maven/maven-core/2.0.6/maven-core-2.0.6.pom
[1f8e4f79-79aa-4926-878b-5e354a6293eb/build]   | Progress (1): 4.1/6.7 kBProgress (1): 6.7 kB                        Downloaded from central: https://repo.maven.apache.org/maven2/org/apache/maven/maven-core/2.0.6/maven-core-2.0.6.pom (6.7 kB at 129 kB/s)
[1f8e4f79-79aa-4926-878b-5e354a6293eb/build]   | Downloading from central: https://repo.maven.apache.org/maven2/org/apache/maven/maven-plugin-parameter-documenter/2.0.6/maven-plugin-parameter-documenter-2.0.6.pom
[1f8e4f79-79aa-4926-878b-5e354a6293eb/build]   | Progress (1): 1.9 kB                    Downloaded from central: https://repo.maven.apache.org/maven2/org/apache/maven/maven-plugin-parameter-documenter/2.0.6/maven-plugin-parameter-documenter-2.0.6.pom (1.9 kB at 136 kB/s)
[1f8e4f79-79aa-4926-878b-5e354a6293eb/build]   | Downloading from central: https://repo.maven.apache.org/maven2/org/apache/maven/reporting/maven-reporting-api/2.0.6/maven-reporting-api-2.0.6.pom
[1f8e4f79-79aa-4926-878b-5e354a6293eb/build]   | Progress (1): 1.8 kB                    Downloaded from central: https://repo.maven.apache.org/maven2/org/apache/maven/reporting/maven-reporting-api/2.0.6/maven-reporting-api-2.0.6.pom (1.8 kB at 58 kB/s)
[1f8e4f79-79aa-4926-878b-5e354a6293eb/build]   | Downloading from central: https://repo.maven.apache.org/maven2/org/apache/maven/reporting/maven-reporting/2.0.6/maven-reporting-2.0.6.pom
[1f8e4f79-79aa-4926-878b-5e354a6293eb/build]   | Progress (1): 1.4 kB                    Downloaded from central: https://repo.maven.apache.org/maven2/org/apache/maven/reporting/maven-reporting/2.0.6/maven-reporting-2.0.6.pom (1.4 kB at 28 kB/s)
[1f8e4f79-79aa-4926-878b-5e354a6293eb/build]   | Downloading from central: https://repo.maven.apache.org/maven2/org/apache/maven/doxia/doxia-sink-api/1.0-alpha-7/doxia-sink-api-1.0-alpha-7.pom
[1f8e4f79-79aa-4926-878b-5e354a6293eb/build]   | Progress (1): 424 B                   Downloaded from central: https://repo.maven.apache.org/maven2/org/apache/maven/doxia/doxia-sink-api/1.0-alpha-7/doxia-sink-api-1.0-alpha-7.pom (424 B at 21 kB/s)
[1f8e4f79-79aa-4926-878b-5e354a6293eb/build]   | Downloading from central: https://repo.maven.apache.org/maven2/org/apache/maven/doxia/doxia/1.0-alpha-7/doxia-1.0-alpha-7.pom
[1f8e4f79-79aa-4926-878b-5e354a6293eb/build]   | Progress (1): 3.9 kB                    Downloaded from central: https://repo.maven.apache.org/maven2/org/apache/maven/doxia/doxia/1.0-alpha-7/doxia-1.0-alpha-7.pom (3.9 kB at 43 kB/s)
[1f8e4f79-79aa-4926-878b-5e354a6293eb/build]   | Downloading from central: https://repo.maven.apache.org/maven2/org/apache/maven/maven-error-diagnostics/2.0.6/maven-error-diagnostics-2.0.6.pom
[1f8e4f79-79aa-4926-878b-5e354a6293eb/build]   | Progress (1): 1.7 kB                    Downloaded from central: https://repo.maven.apache.org/maven2/org/apache/maven/maven-error-diagnostics/2.0.6/maven-error-diagnostics-2.0.6.pom (1.7 kB at 59 kB/s)
[1f8e4f79-79aa-4926-878b-5e354a6293eb/build]   | Downloading from central: https://repo.maven.apache.org/maven2/commons-cli/commons-cli/1.0/commons-cli-1.0.pom
[1f8e4f79-79aa-4926-878b-5e354a6293eb/build]   | Progress (1): 2.1 kB                    Downloaded from central: https://repo.maven.apache.org/maven2/commons-cli/commons-cli/1.0/commons-cli-1.0.pom (2.1 kB at 88 kB/s)
[1f8e4f79-79aa-4926-878b-5e354a6293eb/build]   | Downloading from central: https://repo.maven.apache.org/maven2/org/apache/maven/maven-plugin-descriptor/2.0.6/maven-plugin-descriptor-2.0.6.pom
[1f8e4f79-79aa-4926-878b-5e354a6293eb/build]   | Progress (1): 2.0 kB                    Downloaded from central: https://repo.maven.apache.org/maven2/org/apache/maven/maven-plugin-descriptor/2.0.6/maven-plugin-descriptor-2.0.6.pom (2.0 kB at 35 kB/s)
[1f8e4f79-79aa-4926-878b-5e354a6293eb/build]   | Downloading from central: https://repo.maven.apache.org/maven2/org/codehaus/plexus/plexus-interactivity-api/1.0-alpha-4/plexus-interactivity-api-1.0-alpha-4.pom
[1f8e4f79-79aa-4926-878b-5e354a6293eb/build]   | Progress (1): 4.1/7.1 kBProgress (1): 7.1 kB                        Downloaded from central: https://repo.maven.apache.org/maven2/org/codehaus/plexus/plexus-interactivity-api/1.0-alpha-4/plexus-interactivity-api-1.0-alpha-4.pom (7.1 kB at 545 kB/s)
[1f8e4f79-79aa-4926-878b-5e354a6293eb/build]   | Downloading from central: https://repo.maven.apache.org/maven2/org/apache/maven/maven-monitor/2.0.6/maven-monitor-2.0.6.pom
[1f8e4f79-79aa-4926-878b-5e354a6293eb/build]   | Progress (1): 1.3 kB                    Downloaded from central: https://repo.maven.apache.org/maven2/org/apache/maven/maven-monitor/2.0.6/maven-monitor-2.0.6.pom (1.3 kB at 48 kB/s)
[1f8e4f79-79aa-4926-878b-5e354a6293eb/build]   | Downloading from central: https://repo.maven.apache.org/maven2/classworlds/classworlds/1.1/classworlds-1.1.pom
[1f8e4f79-79aa-4926-878b-5e354a6293eb/build]   | Progress (1): 3.3 kB                    Downloaded from central: https://repo.maven.apache.org/maven2/classworlds/classworlds/1.1/classworlds-1.1.pom (3.3 kB at 166 kB/s)
[1f8e4f79-79aa-4926-878b-5e354a6293eb/build]   | Downloading from central: https://repo.maven.apache.org/maven2/org/codehaus/plexus/plexus-utils/2.0.5/plexus-utils-2.0.5.pom
[1f8e4f79-79aa-4926-878b-5e354a6293eb/build]   | Progress (1): 3.3 kB                    Downloaded from central: https://repo.maven.apache.org/maven2/org/codehaus/plexus/plexus-utils/2.0.5/plexus-utils-2.0.5.pom (3.3 kB at 238 kB/s)
[1f8e4f79-79aa-4926-878b-5e354a6293eb/build]   | Downloading from central: https://repo.maven.apache.org/maven2/org/codehaus/plexus/plexus/2.0.6/plexus-2.0.6.pom
[1f8e4f79-79aa-4926-878b-5e354a6293eb/build]   | Progress (1): 4.1/17 kBProgress (1): 8.2/17 kBProgress (1): 12/17 kB Progress (1): 16/17 kBProgress (1): 17 kB                      Downloaded from central: https://repo.maven.apache.org/maven2/org/codehaus/plexus/plexus/2.0.6/plexus-2.0.6.pom (17 kB at 838 kB/s)
[1f8e4f79-79aa-4926-878b-5e354a6293eb/build]   | Downloading from central: https://repo.maven.apache.org/maven2/org/apache/maven/shared/maven-filtering/1.1/maven-filtering-1.1.pom
[1f8e4f79-79aa-4926-878b-5e354a6293eb/build]   | Progress (1): 4.1/5.8 kBProgress (1): 5.8 kB                        Downloaded from central: https://repo.maven.apache.org/maven2/org/apache/maven/shared/maven-filtering/1.1/maven-filtering-1.1.pom (5.8 kB at 214 kB/s)
[1f8e4f79-79aa-4926-878b-5e354a6293eb/build]   | Downloading from central: https://repo.maven.apache.org/maven2/org/apache/maven/shared/maven-shared-components/17/maven-shared-components-17.pom
[1f8e4f79-79aa-4926-878b-5e354a6293eb/build]   | Progress (1): 4.1/8.7 kBProgress (1): 8.2/8.7 kBProgress (1): 8.7 kB                        Downloaded from central: https://repo.maven.apache.org/maven2/org/apache/maven/shared/maven-shared-components/17/maven-shared-components-17.pom (8.7 kB at 791 kB/s)
[1f8e4f79-79aa-4926-878b-5e354a6293eb/build]   | Downloading from central: https://repo.maven.apache.org/maven2/org/codehaus/plexus/plexus-utils/1.5.15/plexus-utils-1.5.15.pom
[1f8e4f79-79aa-4926-878b-5e354a6293eb/build]   | Progress (1): 4.1/6.8 kBProgress (1): 6.8 kB                        Downloaded from central: https://repo.maven.apache.org/maven2/org/codehaus/plexus/plexus-utils/1.5.15/plexus-utils-1.5.15.pom (6.8 kB at 127 kB/s)
[1f8e4f79-79aa-4926-878b-5e354a6293eb/build]   | Downloading from central: https://repo.maven.apache.org/maven2/org/codehaus/plexus/plexus/2.0.2/plexus-2.0.2.pom
[1f8e4f79-79aa-4926-878b-5e354a6293eb/build]   | Progress (1): 4.1/12 kBProgress (1): 8.2/12 kBProgress (1): 12 kB                       Downloaded from central: https://repo.maven.apache.org/maven2/org/codehaus/plexus/plexus/2.0.2/plexus-2.0.2.pom (12 kB at 774 kB/s)
[1f8e4f79-79aa-4926-878b-5e354a6293eb/build]   | Downloading from central: https://repo.maven.apache.org/maven2/org/codehaus/plexus/plexus-interpolation/1.12/plexus-interpolation-1.12.pom
[1f8e4f79-79aa-4926-878b-5e354a6293eb/build]   | Progress (1): 889 B                   Downloaded from central: https://repo.maven.apache.org/maven2/org/codehaus/plexus/plexus-interpolation/1.12/plexus-interpolation-1.12.pom (889 B at 16 kB/s)
[1f8e4f79-79aa-4926-878b-5e354a6293eb/build]   | Downloading from central: https://repo.maven.apache.org/maven2/org/codehaus/plexus/plexus-components/1.1.14/plexus-components-1.1.14.pom
[1f8e4f79-79aa-4926-878b-5e354a6293eb/build]   | Progress (1): 4.1/5.8 kBProgress (1): 5.8 kB                        Downloaded from central: https://repo.maven.apache.org/maven2/org/codehaus/plexus/plexus-components/1.1.14/plexus-components-1.1.14.pom (5.8 kB at 225 kB/s)
[1f8e4f79-79aa-4926-878b-5e354a6293eb/build]   | Downloading from central: https://repo.maven.apache.org/maven2/org/sonatype/plexus/plexus-build-api/0.0.4/plexus-build-api-0.0.4.pom
[1f8e4f79-79aa-4926-878b-5e354a6293eb/build]   | Progress (1): 2.9 kB                    Downloaded from central: https://repo.maven.apache.org/maven2/org/sonatype/plexus/plexus-build-api/0.0.4/plexus-build-api-0.0.4.pom (2.9 kB at 151 kB/s)
[1f8e4f79-79aa-4926-878b-5e354a6293eb/build]   | Downloading from central: https://repo.maven.apache.org/maven2/org/sonatype/spice/spice-parent/10/spice-parent-10.pom
[1f8e4f79-79aa-4926-878b-5e354a6293eb/build]   | Progress (1): 3.0 kB                    Downloaded from central: https://repo.maven.apache.org/maven2/org/sonatype/spice/spice-parent/10/spice-parent-10.pom (3.0 kB at 62 kB/s)
[1f8e4f79-79aa-4926-878b-5e354a6293eb/build]   | Downloading from central: https://repo.maven.apache.org/maven2/org/sonatype/forge/forge-parent/3/forge-parent-3.pom
[1f8e4f79-79aa-4926-878b-5e354a6293eb/build]   | Progress (1): 4.1/5.0 kBProgress (1): 5.0 kB                        Downloaded from central: https://repo.maven.apache.org/maven2/org/sonatype/forge/forge-parent/3/forge-parent-3.pom (5.0 kB at 252 kB/s)
[1f8e4f79-79aa-4926-878b-5e354a6293eb/build]   | Downloading from central: https://repo.maven.apache.org/maven2/org/codehaus/plexus/plexus-utils/1.5.8/plexus-utils-1.5.8.pom
[1f8e4f79-79aa-4926-878b-5e354a6293eb/build]   | Progress (1): 4.1/8.1 kBProgress (1): 8.1 kB                        Downloaded from central: https://repo.maven.apache.org/maven2/org/codehaus/plexus/plexus-utils/1.5.8/plexus-utils-1.5.8.pom (8.1 kB at 207 kB/s)
[1f8e4f79-79aa-4926-878b-5e354a6293eb/build]   | Downloading from central: https://repo.maven.apache.org/maven2/org/codehaus/plexus/plexus-interpolation/1.13/plexus-interpolation-1.13.pom
[1f8e4f79-79aa-4926-878b-5e354a6293eb/build]   | Progress (1): 890 B                   Downloaded from central: https://repo.maven.apache.org/maven2/org/codehaus/plexus/plexus-interpolation/1.13/plexus-interpolation-1.13.pom (890 B at 17 kB/s)
[1f8e4f79-79aa-4926-878b-5e354a6293eb/build]   | Downloading from central: https://repo.maven.apache.org/maven2/org/codehaus/plexus/plexus-components/1.1.15/plexus-components-1.1.15.pom
[1f8e4f79-79aa-4926-878b-5e354a6293eb/build]   | Progress (1): 2.8 kB                    Downloaded from central: https://repo.maven.apache.org/maven2/org/codehaus/plexus/plexus-components/1.1.15/plexus-components-1.1.15.pom (2.8 kB at 84 kB/s)
[1f8e4f79-79aa-4926-878b-5e354a6293eb/build]   | Downloading from central: https://repo.maven.apache.org/maven2/org/codehaus/plexus/plexus/2.0.3/plexus-2.0.3.pom
[1f8e4f79-79aa-4926-878b-5e354a6293eb/build]   | Progress (1): 4.1/15 kBProgress (1): 8.2/15 kBProgress (1): 12/15 kB Progress (1): 15 kB                      Downloaded from central: https://repo.maven.apache.org/maven2/org/codehaus/plexus/plexus/2.0.3/plexus-2.0.3.pom (15 kB at 249 kB/s)
[1f8e4f79-79aa-4926-878b-5e354a6293eb/build]   | Downloading from central: https://repo.maven.apache.org/maven2/org/apache/maven/maven-plugin-api/2.0.6/maven-plugin-api-2.0.6.jar
[1f8e4f79-79aa-4926-878b-5e354a6293eb/build]   | Downloading from central: https://repo.maven.apache.org/maven2/org/apache/maven/maven-project/2.0.6/maven-project-2.0.6.jar
[1f8e4f79-79aa-4926-878b-5e354a6293eb/build]   | Downloading from central: https://repo.maven.apache.org/maven2/org/apache/maven/maven-profile/2.0.6/maven-profile-2.0.6.jar
[1f8e4f79-79aa-4926-878b-5e354a6293eb/build]   | Downloading from central: https://repo.maven.apache.org/maven2/org/apache/maven/maven-artifact-manager/2.0.6/maven-artifact-manager-2.0.6.jar
[1f8e4f79-79aa-4926-878b-5e354a6293eb/build]   | Downloading from central: https://repo.maven.apache.org/maven2/org/apache/maven/maven-plugin-registry/2.0.6/maven-plugin-registry-2.0.6.jar
[1f8e4f79-79aa-4926-878b-5e354a6293eb/build]   | Progress (1): 4.1/13 kBProgress (1): 8.2/13 kBProgress (1): 12/13 kB Progress (1): 13 kB   Progress (2): 13 kB | 4.1/116 kBProgress (2): 13 kB | 8.2/116 kBProgress (2): 13 kB | 12/116 kB Progress (2): 13 kB | 16/116 kBProgress (2): 13 kB | 20/116 kBProgress (2): 13 kB | 25/116 kBProgress (2): 13 kB | 29/116 kBProgress (2): 13 kB | 33/116 kBProgress (3): 13 kB | 33/116 kB | 4.1/29 kBProgress (3): 13 kB | 33/116 kB | 8.2/29 kBProgress (3): 13 kB | 33/116 kB | 12/29 kB Progress (3): 13 kB | 33/116 kB | 16/29 kBProgress (3): 13 kB | 33/116 kB | 20/29 kBProgress (3): 13 kB | 33/116 kB | 25/29 kBProgress (3): 13 kB | 33/116 kB | 29/29 kBProgress (3): 13 kB | 37/116 kB | 29/29 kBProgress (3): 13 kB | 37/116 kB | 29 kB   Progress (3): 13 kB | 41/116 kB | 29 kBProgress (3): 13 kB | 45/116 kB | 29 kBProgress (3): 13 kB | 49/116 kB | 29 kBProgress (3): 13 kB | 53/116 kB | 29 kBProgress (3): 13 kB | 57/116 kB | 29 kBProgress (3): 13 kB | 61/116 kB | 29 kBProgress (3): 13 kB | 66/116 kB | 29 kBProgress (3): 13 kB | 70/116 kB | 29 kBProgress (3): 13 kB | 74/116 kB | 29 kBProgress (3): 13 kB | 78/116 kB | 29 kBProgress (3): 13 kB | 82/116 kB | 29 kBProgress (3): 13 kB | 86/116 kB | 29 kBProgress (3): 13 kB | 90/116 kB | 29 kBProgress (3): 13 kB | 94/116 kB | 29 kBProgress (3): 13 kB | 98/116 kB | 29 kBProgress (3): 13 kB | 102/116 kB | 29 kBProgress (3): 13 kB | 106/116 kB | 29 kBProgress (3): 13 kB | 111/116 kB | 29 kBProgress (3): 13 kB | 115/116 kB | 29 kBProgress (3): 13 kB | 116 kB | 29 kB    Progress (4): 13 kB | 116 kB | 29 kB | 2.7/35 kBProgress (4): 13 kB | 116 kB | 29 kB | 5.5/35 kBProgress (4): 13 kB | 116 kB | 29 kB | 8.2/35 kBProgress (4): 13 kB | 116 kB | 29 kB | 11/35 kB Progress (4): 13 kB | 116 kB | 29 kB | 14/35 kBProgress (4): 13 kB | 116 kB | 29 kB | 16/35 kBProgress (4): 13 kB | 116 kB | 29 kB | 19/35 kBProgress (4): 13 kB | 116 kB | 29 kB | 22/35 kBProgress (4): 13 kB | 116 kB | 29 kB | 25/35 kBProgress (4): 13 kB | 116 kB | 29 kB | 27/35 kBProgress (4): 13 kB | 116 kB | 29 kB | 30/35 kBProgress (4): 13 kB | 116 kB | 29 kB | 33/35 kBProgress (4): 13 kB | 116 kB | 29 kB | 35 kB   Progress (5): 13 kB | 116 kB | 29 kB | 35 kB | 2.7/57 kBProgress (5): 13 kB | 116 kB | 29 kB | 35 kB | 5.5/57 kBProgress (5): 13 kB | 116 kB | 29 kB | 35 kB | 8.2/57 kBProgress (5): 13 kB | 116 kB | 29 kB | 35 kB | 11/57 kB Progress (5): 13 kB | 116 kB | 29 kB | 35 kB | 14/57 kBProgress (5): 13 kB | 116 kB | 29 kB | 35 kB | 16/57 kBProgress (5): 13 kB | 116 kB | 29 kB | 35 kB | 19/57 kBProgress (5): 13 kB | 116 kB | 29 kB | 35 kB | 22/57 kBProgress (5): 13 kB | 116 kB | 29 kB | 35 kB | 25/57 kBProgress (5): 13 kB | 116 kB | 29 kB | 35 kB | 27/57 kBProgress (5): 13 kB | 116 kB | 29 kB | 35 kB | 30/57 kBProgress (5): 13 kB | 116 kB | 29 kB | 35 kB | 33/57 kBProgress (5): 13 kB | 116 kB | 29 kB | 35 kB | 36/57 kBProgress (5): 13 kB | 116 kB | 29 kB | 35 kB | 38/57 kBProgress (5): 13 kB | 116 kB | 29 kB | 35 kB | 41/57 kBProgress (5): 13 kB | 116 kB | 29 kB | 35 kB | 44/57 kBProgress (5): 13 kB | 116 kB | 29 kB | 35 kB | 47/57 kBProgress (5): 13 kB | 116 kB | 29 kB | 35 kB | 49/57 kBProgress (5): 13 kB | 116 kB | 29 kB | 35 kB | 52/57 kBProgress (5): 13 kB | 116 kB | 29 kB | 35 kB | 55/57 kBProgress (5): 13 kB | 116 kB | 29 kB | 35 kB | 57 kB                                                       Downloaded from central: https://repo.maven.apache.org/maven2/org/apache/maven/maven-plugin-api/2.0.6/maven-plugin-api-2.0.6.jar (13 kB at 207 kB/s)
[1f8e4f79-79aa-4926-878b-5e354a6293eb/build]   | Downloading from central: https://repo.maven.apache.org/maven2/org/apache/maven/maven-core/2.0.6/maven-core-2.0.6.jar
[1f8e4f79-79aa-4926-878b-5e354a6293eb/build]   | Progress (5): 116 kB | 29 kB | 35 kB | 57 kB | 4.1/152 kBProgress (5): 116 kB | 29 kB | 35 kB | 57 kB | 8.2/152 kBProgress (5): 116 kB | 29 kB | 35 kB | 57 kB | 12/152 kB Progress (5): 116 kB | 29 kB | 35 kB | 57 kB | 16/152 kB                                                        Downloaded from central: https://repo.maven.apache.org/maven2/org/apache/maven/maven-plugin-registry/2.0.6/maven-plugin-registry-2.0.6.jar (29 kB at 432 kB/s)
[1f8e4f79-79aa-4926-878b-5e354a6293eb/build]   | Progress (4): 116 kB | 35 kB | 57 kB | 20/152 kB                                                Downloading from central: https://repo.maven.apache.org/maven2/org/apache/maven/maven-plugin-parameter-documenter/2.0.6/maven-plugin-parameter-documenter-2.0.6.jar
[1f8e4f79-79aa-4926-878b-5e354a6293eb/build]   | Progress (4): 116 kB | 35 kB | 57 kB | 25/152 kBProgress (4): 116 kB | 35 kB | 57 kB | 29/152 kBProgress (4): 116 kB | 35 kB | 57 kB | 33/152 kBProgress (4): 116 kB | 35 kB | 57 kB | 37/152 kBProgress (4): 116 kB | 35 kB | 57 kB | 41/152 kBProgress (4): 116 kB | 35 kB | 57 kB | 45/152 kBProgress (4): 116 kB | 35 kB | 57 kB | 49/152 kBProgress (4): 116 kB | 35 kB | 57 kB | 53/152 kB                                                Downloaded from central: https://repo.maven.apache.org/maven2/org/apache/maven/maven-project/2.0.6/maven-project-2.0.6.jar (116 kB at 1.7 MB/s)
[1f8e4f79-79aa-4926-878b-5e354a6293eb/build]   | Progress (3): 35 kB | 57 kB | 57/152 kB                                       Downloaded from central: https://repo.maven.apache.org/maven2/org/apache/maven/maven-artifact-manager/2.0.6/maven-artifact-manager-2.0.6.jar (57 kB at 807 kB/s)
[1f8e4f79-79aa-4926-878b-5e354a6293eb/build]   | Progress (2): 35 kB | 61/152 kB                               Downloading from central: https://repo.maven.apache.org/maven2/org/apache/maven/doxia/doxia-sink-api/1.0-alpha-7/doxia-sink-api-1.0-alpha-7.jar
[1f8e4f79-79aa-4926-878b-5e354a6293eb/build]   | Downloading from central: https://repo.maven.apache.org/maven2/org/apache/maven/reporting/maven-reporting-api/2.0.6/maven-reporting-api-2.0.6.jar
[1f8e4f79-79aa-4926-878b-5e354a6293eb/build]   | Downloaded from central: https://repo.maven.apache.org/maven2/org/apache/maven/maven-profile/2.0.6/maven-profile-2.0.6.jar (35 kB at 503 kB/s)
[1f8e4f79-79aa-4926-878b-5e354a6293eb/build]   | Downloading from central: https://repo.maven.apache.org/maven2/org/apache/maven/maven-repository-metadata/2.0.6/maven-repository-metadata-2.0.6.jar
[1f8e4f79-79aa-4926-878b-5e354a6293eb/build]   | Progress (1): 66/152 kBProgress (1): 70/152 kBProgress (1): 74/152 kBProgress (1): 78/152 kBProgress (1): 82/152 kBProgress (1): 86/152 kBProgress (1): 90/152 kBProgress (1): 94/152 kBProgress (1): 98/152 kBProgress (1): 102/152 kBProgress (1): 106/152 kBProgress (1): 111/152 kBProgress (1): 115/152 kBProgress (1): 119/152 kBProgress (1): 123/152 kBProgress (1): 127/152 kBProgress (2): 127/152 kB | 4.1/9.9 kBProgress (3): 127/152 kB | 4.1/9.9 kB | 4.1/5.9 kBProgress (3): 127/152 kB | 8.2/9.9 kB | 4.1/5.9 kBProgress (3): 131/152 kB | 8.2/9.9 kB | 4.1/5.9 kBProgress (3): 131/152 kB | 8.2/9.9 kB | 5.9 kB    Progress (3): 135/152 kB | 8.2/9.9 kB | 5.9 kBProgress (4): 135/152 kB | 8.2/9.9 kB | 5.9 kB | 2.7/21 kBProgress (4): 135/152 kB | 9.9 kB | 5.9 kB | 2.7/21 kB    Progress (4): 139/152 kB | 9.9 kB | 5.9 kB | 2.7/21 kBProgress (4): 143/152 kB | 9.9 kB | 5.9 kB | 2.7/21 kBProgress (4): 143/152 kB | 9.9 kB | 5.9 kB | 5.5/21 kBProgress (4): 147/152 kB | 9.9 kB | 5.9 kB | 5.5/21 kBProgress (4): 147/152 kB | 9.9 kB | 5.9 kB | 8.2/21 kBProgress (4): 152/152 kB | 9.9 kB | 5.9 kB | 8.2/21 kBProgress (4): 152 kB | 9.9 kB | 5.9 kB | 8.2/21 kB    Progress (4): 152 kB | 9.9 kB | 5.9 kB | 11/21 kB Progress (4): 152 kB | 9.9 kB | 5.9 kB | 14/21 kBProgress (4): 152 kB | 9.9 kB | 5.9 kB | 16/21 kBProgress (4): 152 kB | 9.9 kB | 5.9 kB | 19/21 kBProgress (4): 152 kB | 9.9 kB | 5.9 kB | 21 kB                                                 Downloaded from central: https://repo.maven.apache.org/maven2/org/apache/maven/reporting/maven-reporting-api/2.0.6/maven-reporting-api-2.0.6.jar (9.9 kB at 120 kB/s)
[1f8e4f79-79aa-4926-878b-5e354a6293eb/build]   | Downloading from central: https://repo.maven.apache.org/maven2/org/apache/maven/maven-error-diagnostics/2.0.6/maven-error-diagnostics-2.0.6.jar
[1f8e4f79-79aa-4926-878b-5e354a6293eb/build]   | Downloaded from central: https://repo.maven.apache.org/maven2/org/apache/maven/doxia/doxia-sink-api/1.0-alpha-7/doxia-sink-api-1.0-alpha-7.jar (5.9 kB at 71 kB/s)
[1f8e4f79-79aa-4926-878b-5e354a6293eb/build]   | Downloading from central: https://repo.maven.apache.org/maven2/commons-cli/commons-cli/1.0/commons-cli-1.0.jar
[1f8e4f79-79aa-4926-878b-5e354a6293eb/build]   | Progress (3): 152 kB | 21 kB | 4.1/14 kBProgress (3): 152 kB | 21 kB | 8.2/14 kBProgress (3): 152 kB | 21 kB | 12/14 kB Progress (3): 152 kB | 21 kB | 14 kB   Progress (4): 152 kB | 21 kB | 14 kB | 4.1/30 kBProgress (4): 152 kB | 21 kB | 14 kB | 8.2/30 kBProgress (4): 152 kB | 21 kB | 14 kB | 12/30 kB Progress (4): 152 kB | 21 kB | 14 kB | 16/30 kBProgress (4): 152 kB | 21 kB | 14 kB | 20/30 kBProgress (4): 152 kB | 21 kB | 14 kB | 24/30 kBProgress (4): 152 kB | 21 kB | 14 kB | 28/30 kBProgress (4): 152 kB | 21 kB | 14 kB | 30 kB   Progress (5): 152 kB | 21 kB | 14 kB | 30 kB | 4.1/24 kBProgress (5): 152 kB | 21 kB | 14 kB | 30 kB | 8.2/24 kBProgress (5): 152 kB | 21 kB | 14 kB | 30 kB | 12/24 kB Progress (5): 152 kB | 21 kB | 14 kB | 30 kB | 16/24 kBProgress (5): 152 kB | 21 kB | 14 kB | 30 kB | 20/24 kBProgress (5): 152 kB | 21 kB | 14 kB | 30 kB | 24/24 kBProgress (5): 152 kB | 21 kB | 14 kB | 30 kB | 24 kB                                                       Downloaded from central: https://repo.maven.apache.org/maven2/org/apache/maven/maven-core/2.0.6/maven-core-2.0.6.jar (152 kB at 1.4 MB/s)
[1f8e4f79-79aa-4926-878b-5e354a6293eb/build]   | Downloaded from central: https://repo.maven.apache.org/maven2/org/apache/maven/maven-plugin-parameter-documenter/2.0.6/maven-plugin-parameter-documenter-2.0.6.jar (21 kB at 196 kB/s)
[1f8e4f79-79aa-4926-878b-5e354a6293eb/build]   | Downloading from central: https://repo.maven.apache.org/maven2/org/apache/maven/maven-plugin-descriptor/2.0.6/maven-plugin-descriptor-2.0.6.jar
[1f8e4f79-79aa-4926-878b-5e354a6293eb/build]   | Downloading from central: https://repo.maven.apache.org/maven2/org/codehaus/plexus/plexus-interactivity-api/1.0-alpha-4/plexus-interactivity-api-1.0-alpha-4.jar
[1f8e4f79-79aa-4926-878b-5e354a6293eb/build]   | Progress (4): 14 kB | 30 kB | 24 kB | 4.1/13 kBProgress (4): 14 kB | 30 kB | 24 kB | 8.2/13 kBProgress (4): 14 kB | 30 kB | 24 kB | 12/13 kB Progress (4): 14 kB | 30 kB | 24 kB | 13 kB   Progress (5): 14 kB | 30 kB | 24 kB | 13 kB | 4.1/37 kBProgress (5): 14 kB | 30 kB | 24 kB | 13 kB | 8.2/37 kBProgress (5): 14 kB | 30 kB | 24 kB | 13 kB | 12/37 kB Progress (5): 14 kB | 30 kB | 24 kB | 13 kB | 16/37 kBProgress (5): 14 kB | 30 kB | 24 kB | 13 kB | 20/37 kBProgress (5): 14 kB | 30 kB | 24 kB | 13 kB | 25/37 kBProgress (5): 14 kB | 30 kB | 24 kB | 13 kB | 29/37 kBProgress (5): 14 kB | 30 kB | 24 kB | 13 kB | 33/37 kBProgress (5): 14 kB | 30 kB | 24 kB | 13 kB | 37/37 kBProgress (5): 14 kB | 30 kB | 24 kB | 13 kB | 37 kB                                                      Downloaded from central: https://repo.maven.apache.org/maven2/org/apache/maven/maven-error-diagnostics/2.0.6/maven-error-diagnostics-2.0.6.jar (14 kB at 107 kB/s)
[1f8e4f79-79aa-4926-878b-5e354a6293eb/build]   | Downloading from central: https://repo.maven.apache.org/maven2/classworlds/classworlds/1.1/classworlds-1.1.jar
[1f8e4f79-79aa-4926-878b-5e354a6293eb/build]   | Downloaded from central: https://repo.maven.apache.org/maven2/commons-cli/commons-cli/1.0/commons-cli-1.0.jar (30 kB at 237 kB/s)
[1f8e4f79-79aa-4926-878b-5e354a6293eb/build]   | Downloading from central: https://repo.maven.apache.org/maven2/org/apache/maven/maven-artifact/2.0.6/maven-artifact-2.0.6.jar
[1f8e4f79-79aa-4926-878b-5e354a6293eb/build]   | Downloaded from central: https://repo.maven.apache.org/maven2/org/apache/maven/maven-repository-metadata/2.0.6/maven-repository-metadata-2.0.6.jar (24 kB at 190 kB/s)
[1f8e4f79-79aa-4926-878b-5e354a6293eb/build]   | Downloading from central: https://repo.maven.apache.org/maven2/org/apache/maven/maven-settings/2.0.6/maven-settings-2.0.6.jar
[1f8e4f79-79aa-4926-878b-5e354a6293eb/build]   | Progress (3): 13 kB | 37 kB | 4.1/87 kBProgress (3): 13 kB | 37 kB | 8.2/87 kBProgress (3): 13 kB | 37 kB | 12/87 kB Progress (3): 13 kB | 37 kB | 16/87 kBProgress (4): 13 kB | 37 kB | 16/87 kB | 4.1/38 kBProgress (4): 13 kB | 37 kB | 16/87 kB | 8.2/38 kBProgress (4): 13 kB | 37 kB | 16/87 kB | 12/38 kB Progress (4): 13 kB | 37 kB | 16/87 kB | 16/38 kBProgress (4): 13 kB | 37 kB | 20/87 kB | 16/38 kBProgress (4): 13 kB | 37 kB | 25/87 kB | 16/38 kBProgress (4): 13 kB | 37 kB | 29/87 kB | 16/38 kBProgress (4): 13 kB | 37 kB | 33/87 kB | 16/38 kBProgress (4): 13 kB | 37 kB | 33/87 kB | 20/38 kBProgress (4): 13 kB | 37 kB | 33/87 kB | 25/38 kBProgress (4): 13 kB | 37 kB | 33/87 kB | 29/38 kBProgress (4): 13 kB | 37 kB | 33/87 kB | 33/38 kBProgress (4): 13 kB | 37 kB | 37/87 kB | 33/38 kBProgress (4): 13 kB | 37 kB | 37/87 kB | 37/38 kBProgress (4): 13 kB | 37 kB | 41/87 kB | 37/38 kBProgress (4): 13 kB | 37 kB | 41/87 kB | 38 kB   Progress (4): 13 kB | 37 kB | 45/87 kB | 38 kBProgress (4): 13 kB | 37 kB | 49/87 kB | 38 kBProgress (4): 13 kB | 37 kB | 53/87 kB | 38 kBProgress (4): 13 kB | 37 kB | 57/87 kB | 38 kBProgress (4): 13 kB | 37 kB | 61/87 kB | 38 kBProgress (4): 13 kB | 37 kB | 66/87 kB | 38 kBProgress (4): 13 kB | 37 kB | 70/87 kB | 38 kBProgress (4): 13 kB | 37 kB | 74/87 kB | 38 kBProgress (4): 13 kB | 37 kB | 78/87 kB | 38 kBProgress (4): 13 kB | 37 kB | 82/87 kB | 38 kBProgress (4): 13 kB | 37 kB | 86/87 kB | 38 kBProgress (4): 13 kB | 37 kB | 87 kB | 38 kB                                              Downloaded from central: https://repo.maven.apache.org/maven2/org/codehaus/plexus/plexus-interactivity-api/1.0-alpha-4/plexus-interactivity-api-1.0-alpha-4.jar (13 kB at 96 kB/s)
[1f8e4f79-79aa-4926-878b-5e354a6293eb/build]   | Downloading from central: https://repo.maven.apache.org/maven2/org/apache/maven/maven-model/2.0.6/maven-model-2.0.6.jar
[1f8e4f79-79aa-4926-878b-5e354a6293eb/build]   | Downloaded from central: https://repo.maven.apache.org/maven2/org/apache/maven/maven-plugin-descriptor/2.0.6/maven-plugin-descriptor-2.0.6.jar (37 kB at 262 kB/s)
[1f8e4f79-79aa-4926-878b-5e354a6293eb/build]   | Downloading from central: https://repo.maven.apache.org/maven2/org/apache/maven/maven-monitor/2.0.6/maven-monitor-2.0.6.jar
[1f8e4f79-79aa-4926-878b-5e354a6293eb/build]   | Progress (3): 87 kB | 38 kB | 4.1/49 kBProgress (3): 87 kB | 38 kB | 8.2/49 kBProgress (3): 87 kB | 38 kB | 12/49 kB Progress (3): 87 kB | 38 kB | 16/49 kBProgress (3): 87 kB | 38 kB | 20/49 kBProgress (3): 87 kB | 38 kB | 24/49 kBProgress (3): 87 kB | 38 kB | 28/49 kBProgress (3): 87 kB | 38 kB | 32/49 kBProgress (3): 87 kB | 38 kB | 36/49 kBProgress (3): 87 kB | 38 kB | 40/49 kBProgress (3): 87 kB | 38 kB | 45/49 kBProgress (4): 87 kB | 38 kB | 45/49 kB | 4.1/86 kBProgress (4): 87 kB | 38 kB | 49/49 kB | 4.1/86 kBProgress (4): 87 kB | 38 kB | 49/49 kB | 8.2/86 kBProgress (4): 87 kB | 38 kB | 49 kB | 8.2/86 kB   Progress (4): 87 kB | 38 kB | 49 kB | 12/86 kB Progress (4): 87 kB | 38 kB | 49 kB | 16/86 kBProgress (4): 87 kB | 38 kB | 49 kB | 20/86 kBProgress (4): 87 kB | 38 kB | 49 kB | 25/86 kBProgress (4): 87 kB | 38 kB | 49 kB | 29/86 kBProgress (4): 87 kB | 38 kB | 49 kB | 33/86 kBProgress (4): 87 kB | 38 kB | 49 kB | 37/86 kBProgress (4): 87 kB | 38 kB | 49 kB | 41/86 kBProgress (4): 87 kB | 38 kB | 49 kB | 45/86 kBProgress (4): 87 kB | 38 kB | 49 kB | 49/86 kBProgress (5): 87 kB | 38 kB | 49 kB | 49/86 kB | 4.1/10 kBProgress (5): 87 kB | 38 kB | 49 kB | 53/86 kB | 4.1/10 kBProgress (5): 87 kB | 38 kB | 49 kB | 53/86 kB | 8.2/10 kBProgress (5): 87 kB | 38 kB | 49 kB | 57/86 kB | 8.2/10 kBProgress (5): 87 kB | 38 kB | 49 kB | 57/86 kB | 10 kB    Progress (5): 87 kB | 38 kB | 49 kB | 61/86 kB | 10 kBProgress (5): 87 kB | 38 kB | 49 kB | 66/86 kB | 10 kBProgress (5): 87 kB | 38 kB | 49 kB | 70/86 kB | 10 kBProgress (5): 87 kB | 38 kB | 49 kB | 74/86 kB | 10 kBProgress (5): 87 kB | 38 kB | 49 kB | 78/86 kB | 10 kBProgress (5): 87 kB | 38 kB | 49 kB | 82/86 kB | 10 kBProgress (5): 87 kB | 38 kB | 49 kB | 86/86 kB | 10 kBProgress (5): 87 kB | 38 kB | 49 kB | 86 kB | 10 kB                                                      Downloaded from central: https://repo.maven.apache.org/maven2/classworlds/classworlds/1.1/classworlds-1.1.jar (38 kB at 247 kB/s)
[1f8e4f79-79aa-4926-878b-5e354a6293eb/build]   | Downloading from central: https://repo.maven.apache.org/maven2/org/codehaus/plexus/plexus-container-default/1.0-alpha-9-stable-1/plexus-container-default-1.0-alpha-9-stable-1.jar
[1f8e4f79-79aa-4926-878b-5e354a6293eb/build]   | Downloaded from central: https://repo.maven.apache.org/maven2/org/apache/maven/maven-artifact/2.0.6/maven-artifact-2.0.6.jar (87 kB at 567 kB/s)
[1f8e4f79-79aa-4926-878b-5e354a6293eb/build]   | Downloading from central: https://repo.maven.apache.org/maven2/junit/junit/3.8.1/junit-3.8.1.jar
[1f8e4f79-79aa-4926-878b-5e354a6293eb/build]   | Progress (4): 49 kB | 86 kB | 10 kB | 4.1/121 kBProgress (4): 49 kB | 86 kB | 10 kB | 8.2/121 kBProgress (4): 49 kB | 86 kB | 10 kB | 12/121 kB Progress (4): 49 kB | 86 kB | 10 kB | 16/121 kBProgress (4): 49 kB | 86 kB | 10 kB | 20/121 kBProgress (4): 49 kB | 86 kB | 10 kB | 25/121 kBProgress (4): 49 kB | 86 kB | 10 kB | 29/121 kBProgress (4): 49 kB | 86 kB | 10 kB | 33/121 kBProgress (4): 49 kB | 86 kB | 10 kB | 37/121 kBProgress (4): 49 kB | 86 kB | 10 kB | 41/121 kBProgress (4): 49 kB | 86 kB | 10 kB | 45/121 kBProgress (4): 49 kB | 86 kB | 10 kB | 49/121 kBProgress (4): 49 kB | 86 kB | 10 kB | 53/121 kBProgress (4): 49 kB | 86 kB | 10 kB | 57/121 kBProgress (4): 49 kB | 86 kB | 10 kB | 61/121 kBProgress (4): 49 kB | 86 kB | 10 kB | 66/121 kBProgress (4): 49 kB | 86 kB | 10 kB | 70/121 kBProgress (4): 49 kB | 86 kB | 10 kB | 74/121 kBProgress (4): 49 kB | 86 kB | 10 kB | 78/121 kBProgress (4): 49 kB | 86 kB | 10 kB | 82/121 kBProgress (4): 49 kB | 86 kB | 10 kB | 86/121 kBProgress (4): 49 kB | 86 kB | 10 kB | 90/121 kBProgress (4): 49 kB | 86 kB | 10 kB | 94/121 kBProgress (4): 49 kB | 86 kB | 10 kB | 98/121 kBProgress (4): 49 kB | 86 kB | 10 kB | 102/121 kBProgress (4): 49 kB | 86 kB | 10 kB | 106/121 kBProgress (4): 49 kB | 86 kB | 10 kB | 111/121 kBProgress (4): 49 kB | 86 kB | 10 kB | 115/121 kBProgress (4): 49 kB | 86 kB | 10 kB | 119/121 kBProgress (4): 49 kB | 86 kB | 10 kB | 121 kB    Progress (5): 49 kB | 86 kB | 10 kB | 121 kB | 4.1/194 kBProgress (5): 49 kB | 86 kB | 10 kB | 121 kB | 8.2/194 kBProgress (5): 49 kB | 86 kB | 10 kB | 121 kB | 12/194 kB Progress (5): 49 kB | 86 kB | 10 kB | 121 kB | 16/194 kBProgress (5): 49 kB | 86 kB | 10 kB | 121 kB | 20/194 kBProgress (5): 49 kB | 86 kB | 10 kB | 121 kB | 24/194 kBProgress (5): 49 kB | 86 kB | 10 kB | 121 kB | 28/194 kBProgress (5): 49 kB | 86 kB | 10 kB | 121 kB | 32/194 kBProgress (5): 49 kB | 86 kB | 10 kB | 121 kB | 36/194 kBProgress (5): 49 kB | 86 kB | 10 kB | 121 kB | 40/194 kBProgress (5): 49 kB | 86 kB | 10 kB | 121 kB | 45/194 kBProgress (5): 49 kB | 86 kB | 10 kB | 121 kB | 49/194 kBProgress (5): 49 kB | 86 kB | 10 kB | 121 kB | 53/194 kBProgress (5): 49 kB | 86 kB | 10 kB | 121 kB | 57/194 kBProgress (5): 49 kB | 86 kB | 10 kB | 121 kB | 61/194 kBProgress (5): 49 kB | 86 kB | 10 kB | 121 kB | 65/194 kBProgress (5): 49 kB | 86 kB | 10 kB | 121 kB | 69/194 kBProgress (5): 49 kB | 86 kB | 10 kB | 121 kB | 73/194 kBProgress (5): 49 kB | 86 kB | 10 kB | 121 kB | 77/194 kBProgress (5): 49 kB | 86 kB | 10 kB | 121 kB | 81/194 kBProgress (5): 49 kB | 86 kB | 10 kB | 121 kB | 85/194 kBProgress (5): 49 kB | 86 kB | 10 kB | 121 kB | 90/194 kBProgress (5): 49 kB | 86 kB | 10 kB | 121 kB | 94/194 kBProgress (5): 49 kB | 86 kB | 10 kB | 121 kB | 98/194 kBProgress (5): 49 kB | 86 kB | 10 kB | 121 kB | 102/194 kBProgress (5): 49 kB | 86 kB | 10 kB | 121 kB | 106/194 kBProgress (5): 49 kB | 86 kB | 10 kB | 121 kB | 110/194 kBProgress (5): 49 kB | 86 kB | 10 kB | 121 kB | 114/194 kBProgress (5): 49 kB | 86 kB | 10 kB | 121 kB | 118/194 kBProgress (5): 49 kB | 86 kB | 10 kB | 121 kB | 122/194 kBProgress (5): 49 kB | 86 kB | 10 kB | 121 kB | 126/194 kBProgress (5): 49 kB | 86 kB | 10 kB | 121 kB | 131/194 kBProgress (5): 49 kB | 86 kB | 10 kB | 121 kB | 135/194 kBProgress (5): 49 kB | 86 kB | 10 kB | 121 kB | 139/194 kBProgress (5): 49 kB | 86 kB | 10 kB | 121 kB | 143/194 kBProgress (5): 49 kB | 86 kB | 10 kB | 121 kB | 147/194 kBProgress (5): 49 kB | 86 kB | 10 kB | 121 kB | 151/194 kBProgress (5): 49 kB | 86 kB | 10 kB | 121 kB | 155/194 kBProgress (5): 49 kB | 86 kB | 10 kB | 121 kB | 159/194 kBProgress (5): 49 kB | 86 kB | 10 kB | 121 kB | 163/194 kBProgress (5): 49 kB | 86 kB | 10 kB | 121 kB | 167/194 kBProgress (5): 49 kB | 86 kB | 10 kB | 121 kB | 171/194 kBProgress (5): 49 kB | 86 kB | 10 kB | 121 kB | 176/194 kBProgress (5): 49 kB | 86 kB | 10 kB | 121 kB | 180/194 kBProgress (5): 49 kB | 86 kB | 10 kB | 121 kB | 184/194 kBProgress (5): 49 kB | 86 kB | 10 kB | 121 kB | 188/194 kBProgress (5): 49 kB | 86 kB | 10 kB | 121 kB | 192/194 kBProgress (5): 49 kB | 86 kB | 10 kB | 121 kB | 194 kB                                                         Downloaded from central: https://repo.maven.apache.org/maven2/org/apache/maven/maven-model/2.0.6/maven-model-2.0.6.jar (86 kB at 398 kB/s)
[1f8e4f79-79aa-4926-878b-5e354a6293eb/build]   | Downloading from central: https://repo.maven.apache.org/maven2/org/codehaus/plexus/plexus-utils/2.0.5/plexus-utils-2.0.5.jar
[1f8e4f79-79aa-4926-878b-5e354a6293eb/build]   | Downloaded from central: https://repo.maven.apache.org/maven2/org/apache/maven/maven-settings/2.0.6/maven-settings-2.0.6.jar (49 kB at 225 kB/s)
[1f8e4f79-79aa-4926-878b-5e354a6293eb/build]   | Downloading from central: https://repo.maven.apache.org/maven2/org/apache/maven/shared/maven-filtering/1.1/maven-filtering-1.1.jar
[1f8e4f79-79aa-4926-878b-5e354a6293eb/build]   | Downloaded from central: https://repo.maven.apache.org/maven2/org/apache/maven/maven-monitor/2.0.6/maven-monitor-2.0.6.jar (10 kB at 46 kB/s)
[1f8e4f79-79aa-4926-878b-5e354a6293eb/build]   | Downloading from central: https://repo.maven.apache.org/maven2/org/sonatype/plexus/plexus-build-api/0.0.4/plexus-build-api-0.0.4.jar
[1f8e4f79-79aa-4926-878b-5e354a6293eb/build]   | Progress (3): 121 kB | 194 kB | 4.1/43 kBProgress (3): 121 kB | 194 kB | 8.2/43 kBProgress (3): 121 kB | 194 kB | 12/43 kB Progress (3): 121 kB | 194 kB | 16/43 kBProgress (3): 121 kB | 194 kB | 20/43 kBProgress (3): 121 kB | 194 kB | 25/43 kBProgress (3): 121 kB | 194 kB | 29/43 kBProgress (3): 121 kB | 194 kB | 33/43 kBProgress (3): 121 kB | 194 kB | 37/43 kBProgress (3): 121 kB | 194 kB | 41/43 kBProgress (3): 121 kB | 194 kB | 43 kB   Progress (4): 121 kB | 194 kB | 43 kB | 4.1/223 kBProgress (4): 121 kB | 194 kB | 43 kB | 8.2/223 kBProgress (4): 121 kB | 194 kB | 43 kB | 12/223 kB Progress (4): 121 kB | 194 kB | 43 kB | 16/223 kBProgress (4): 121 kB | 194 kB | 43 kB | 20/223 kBProgress (4): 121 kB | 194 kB | 43 kB | 25/223 kBProgress (4): 121 kB | 194 kB | 43 kB | 29/223 kBProgress (4): 121 kB | 194 kB | 43 kB | 33/223 kBProgress (4): 121 kB | 194 kB | 43 kB | 37/223 kBProgress (4): 121 kB | 194 kB | 43 kB | 41/223 kBProgress (4): 121 kB | 194 kB | 43 kB | 45/223 kBProgress (4): 121 kB | 194 kB | 43 kB | 49/223 kBProgress (4): 121 kB | 194 kB | 43 kB | 53/223 kBProgress (4): 121 kB | 194 kB | 43 kB | 57/223 kBProgress (4): 121 kB | 194 kB | 43 kB | 61/223 kBProgress (4): 121 kB | 194 kB | 43 kB | 66/223 kBProgress (4): 121 kB | 194 kB | 43 kB | 70/223 kBProgress (4): 121 kB | 194 kB | 43 kB | 74/223 kBProgress (4): 121 kB | 194 kB | 43 kB | 78/223 kBProgress (4): 121 kB | 194 kB | 43 kB | 82/223 kBProgress (4): 121 kB | 194 kB | 43 kB | 86/223 kBProgress (4): 121 kB | 194 kB | 43 kB | 90/223 kBProgress (4): 121 kB | 194 kB | 43 kB | 94/223 kBProgress (4): 121 kB | 194 kB | 43 kB | 98/223 kB                                                 Downloaded from central: https://repo.maven.apache.org/maven2/junit/junit/3.8.1/junit-3.8.1.jar (121 kB at 517 kB/s)
[1f8e4f79-79aa-4926-878b-5e354a6293eb/build]   | Downloading from central: https://repo.maven.apache.org/maven2/org/codehaus/plexus/plexus-interpolation/1.13/plexus-interpolation-1.13.jar
[1f8e4f79-79aa-4926-878b-5e354a6293eb/build]   | Progress (3): 194 kB | 43 kB | 102/223 kB                                         Downloaded from central: https://repo.maven.apache.org/maven2/org/codehaus/plexus/plexus-container-default/1.0-alpha-9-stable-1/plexus-container-default-1.0-alpha-9-stable-1.jar (194 kB at 826 kB/s)
[1f8e4f79-79aa-4926-878b-5e354a6293eb/build]   | Progress (2): 43 kB | 106/223 kBProgress (2): 43 kB | 111/223 kBProgress (2): 43 kB | 115/223 kBProgress (2): 43 kB | 119/223 kBProgress (2): 43 kB | 123/223 kBProgress (2): 43 kB | 127/223 kBProgress (2): 43 kB | 131/223 kBProgress (3): 43 kB | 131/223 kB | 4.1/6.8 kBProgress (3): 43 kB | 131/223 kB | 6.8 kB    Progress (3): 43 kB | 135/223 kB | 6.8 kBProgress (3): 43 kB | 139/223 kB | 6.8 kBProgress (3): 43 kB | 143/223 kB | 6.8 kBProgress (3): 43 kB | 147/223 kB | 6.8 kBProgress (3): 43 kB | 152/223 kB | 6.8 kBProgress (3): 43 kB | 156/223 kB | 6.8 kBProgress (3): 43 kB | 160/223 kB | 6.8 kBProgress (3): 43 kB | 164/223 kB | 6.8 kBProgress (3): 43 kB | 168/223 kB | 6.8 kBProgress (3): 43 kB | 172/223 kB | 6.8 kBProgress (3): 43 kB | 176/223 kB | 6.8 kBProgress (3): 43 kB | 180/223 kB | 6.8 kBProgress (3): 43 kB | 184/223 kB | 6.8 kBProgress (3): 43 kB | 188/223 kB | 6.8 kBProgress (3): 43 kB | 193/223 kB | 6.8 kBProgress (3): 43 kB | 197/223 kB | 6.8 kBProgress (3): 43 kB | 201/223 kB | 6.8 kBProgress (3): 43 kB | 205/223 kB | 6.8 kBProgress (3): 43 kB | 209/223 kB | 6.8 kBProgress (3): 43 kB | 213/223 kB | 6.8 kBProgress (3): 43 kB | 217/223 kB | 6.8 kBProgress (3): 43 kB | 221/223 kB | 6.8 kBProgress (3): 43 kB | 223 kB | 6.8 kB    Progress (4): 43 kB | 223 kB | 6.8 kB | 4.1/61 kBProgress (4): 43 kB | 223 kB | 6.8 kB | 8.2/61 kBProgress (4): 43 kB | 223 kB | 6.8 kB | 12/61 kB Progress (4): 43 kB | 223 kB | 6.8 kB | 16/61 kBProgress (4): 43 kB | 223 kB | 6.8 kB | 20/61 kBProgress (4): 43 kB | 223 kB | 6.8 kB | 25/61 kBProgress (4): 43 kB | 223 kB | 6.8 kB | 29/61 kBProgress (4): 43 kB | 223 kB | 6.8 kB | 33/61 kBProgress (4): 43 kB | 223 kB | 6.8 kB | 37/61 kBProgress (4): 43 kB | 223 kB | 6.8 kB | 41/61 kBProgress (4): 43 kB | 223 kB | 6.8 kB | 45/61 kBProgress (4): 43 kB | 223 kB | 6.8 kB | 49/61 kBProgress (4): 43 kB | 223 kB | 6.8 kB | 53/61 kBProgress (4): 43 kB | 223 kB | 6.8 kB | 57/61 kBProgress (4): 43 kB | 223 kB | 6.8 kB | 61 kB                                                Downloaded from central: https://repo.maven.apache.org/maven2/org/sonatype/plexus/plexus-build-api/0.0.4/plexus-build-api-0.0.4.jar (6.8 kB at 27 kB/s)
[1f8e4f79-79aa-4926-878b-5e354a6293eb/build]   | Downloaded from central: https://repo.maven.apache.org/maven2/org/apache/maven/shared/maven-filtering/1.1/maven-filtering-1.1.jar (43 kB at 169 kB/s)
[1f8e4f79-79aa-4926-878b-5e354a6293eb/build]   | Downloaded from central: https://repo.maven.apache.org/maven2/org/codehaus/plexus/plexus-utils/2.0.5/plexus-utils-2.0.5.jar (223 kB at 872 kB/s)
[1f8e4f79-79aa-4926-878b-5e354a6293eb/build]   | Downloaded from central: https://repo.maven.apache.org/maven2/org/codehaus/plexus/plexus-interpolation/1.13/plexus-interpolation-1.13.jar (61 kB at 234 kB/s)
[1f8e4f79-79aa-4926-878b-5e354a6293eb/build]   | [WARNING] Using platform encoding (UTF-8 actually) to copy filtered resources, i.e. build is platform dependent!
[1f8e4f79-79aa-4926-878b-5e354a6293eb/build]   | [INFO] skip non existing resourceDirectory /tmp/e92335b7-3e6e-43fb-b8b6-063d5dc42291/src/main/resources
[1f8e4f79-79aa-4926-878b-5e354a6293eb/build]   | [INFO] 
[1f8e4f79-79aa-4926-878b-5e354a6293eb/build]   | [INFO] --- maven-compiler-plugin:3.3:compile (default-compile) @ mammoth ---
[1f8e4f79-79aa-4926-878b-5e354a6293eb/build]   | Downloading from central: https://repo.maven.apache.org/maven2/org/apache/maven/maven-plugin-api/2.2.1/maven-plugin-api-2.2.1.pom
[1f8e4f79-79aa-4926-878b-5e354a6293eb/build]   | Progress (1): 1.5 kB                    Downloaded from central: https://repo.maven.apache.org/maven2/org/apache/maven/maven-plugin-api/2.2.1/maven-plugin-api-2.2.1.pom (1.5 kB at 29 kB/s)
[1f8e4f79-79aa-4926-878b-5e354a6293eb/build]   | Downloading from central: https://repo.maven.apache.org/maven2/org/apache/maven/maven/2.2.1/maven-2.2.1.pom
[1f8e4f79-79aa-4926-878b-5e354a6293eb/build]   | Progress (1): 4.1/22 kBProgress (1): 8.2/22 kBProgress (1): 12/22 kB Progress (1): 16/22 kBProgress (1): 20/22 kBProgress (1): 22 kB                      Downloaded from central: https://repo.maven.apache.org/maven2/org/apache/maven/maven/2.2.1/maven-2.2.1.pom (22 kB at 800 kB/s)
[1f8e4f79-79aa-4926-878b-5e354a6293eb/build]   | Downloading from central: https://repo.maven.apache.org/maven2/org/apache/maven/maven-parent/11/maven-parent-11.pom
[1f8e4f79-79aa-4926-878b-5e354a6293eb/build]   | Progress (1): 4.1/32 kBProgress (1): 8.2/32 kBProgress (1): 12/32 kB Progress (1): 16/32 kBProgress (1): 20/32 kBProgress (1): 25/32 kBProgress (1): 29/32 kBProgress (1): 32 kB                      Downloaded from central: https://repo.maven.apache.org/maven2/org/apache/maven/maven-parent/11/maven-parent-11.pom (32 kB at 1.8 MB/s)
[1f8e4f79-79aa-4926-878b-5e354a6293eb/build]   | Downloading from central: https://repo.maven.apache.org/maven2/org/apache/apache/5/apache-5.pom
[1f8e4f79-79aa-4926-878b-5e354a6293eb/build]   | Progress (1): 4.1/4.1 kBProgress (1): 4.1 kB                        Downloaded from central: https://repo.maven.apache.org/maven2/org/apache/apache/5/apache-5.pom (4.1 kB at 124 kB/s)
[1f8e4f79-79aa-4926-878b-5e354a6293eb/build]   | Downloading from central: https://repo.maven.apache.org/maven2/org/apache/maven/maven-artifact/2.2.1/maven-artifact-2.2.1.pom
[1f8e4f79-79aa-4926-878b-5e354a6293eb/build]   | Progress (1): 1.6 kB                    Downloaded from central: https://repo.maven.apache.org/maven2/org/apache/maven/maven-artifact/2.2.1/maven-artifact-2.2.1.pom (1.6 kB at 55 kB/s)
[1f8e4f79-79aa-4926-878b-5e354a6293eb/build]   | Downloading from central: https://repo.maven.apache.org/maven2/org/apache/maven/maven-core/2.2.1/maven-core-2.2.1.pom
[1f8e4f79-79aa-4926-878b-5e354a6293eb/build]   | Progress (1): 4.1/12 kBProgress (1): 8.2/12 kBProgress (1): 12 kB                       Downloaded from central: https://repo.maven.apache.org/maven2/org/apache/maven/maven-core/2.2.1/maven-core-2.2.1.pom (12 kB at 118 kB/s)
[1f8e4f79-79aa-4926-878b-5e354a6293eb/build]   | Downloading from central: https://repo.maven.apache.org/maven2/org/apache/maven/maven-settings/2.2.1/maven-settings-2.2.1.pom
[1f8e4f79-79aa-4926-878b-5e354a6293eb/build]   | Progress (1): 2.2 kB                    Downloaded from central: https://repo.maven.apache.org/maven2/org/apache/maven/maven-settings/2.2.1/maven-settings-2.2.1.pom (2.2 kB at 242 kB/s)
[1f8e4f79-79aa-4926-878b-5e354a6293eb/build]   | Downloading from central: https://repo.maven.apache.org/maven2/org/apache/maven/maven-model/2.2.1/maven-model-2.2.1.pom
[1f8e4f79-79aa-4926-878b-5e354a6293eb/build]   | Progress (1): 3.2 kB                    Downloaded from central: https://repo.maven.apache.org/maven2/org/apache/maven/maven-model/2.2.1/maven-model-2.2.1.pom (3.2 kB at 85 kB/s)
[1f8e4f79-79aa-4926-878b-5e354a6293eb/build]   | Downloading from central: https://repo.maven.apache.org/maven2/org/codehaus/plexus/plexus-interpolation/1.11/plexus-interpolation-1.11.pom
[1f8e4f79-79aa-4926-878b-5e354a6293eb/build]   | Progress (1): 889 B                   Downloaded from central: https://repo.maven.apache.org/maven2/org/codehaus/plexus/plexus-interpolation/1.11/plexus-interpolation-1.11.pom (889 B at 64 kB/s)
[1f8e4f79-79aa-4926-878b-5e354a6293eb/build]   | Downloading from central: https://repo.maven.apache.org/maven2/org/apache/maven/maven-plugin-parameter-documenter/2.2.1/maven-plugin-parameter-documenter-2.2.1.pom
[1f8e4f79-79aa-4926-878b-5e354a6293eb/build]   | Progress (1): 2.0 kB                    Downloaded from central: https://repo.maven.apache.org/maven2/org/apache/maven/maven-plugin-parameter-documenter/2.2.1/maven-plugin-parameter-documenter-2.2.1.pom (2.0 kB at 22 kB/s)
[1f8e4f79-79aa-4926-878b-5e354a6293eb/build]   | Downloading from central: https://repo.maven.apache.org/maven2/org/slf4j/slf4j-jdk14/1.5.6/slf4j-jdk14-1.5.6.pom
[1f8e4f79-79aa-4926-878b-5e354a6293eb/build]   | Progress (1): 1.9 kB                    Downloaded from central: https://repo.maven.apache.org/maven2/org/slf4j/slf4j-jdk14/1.5.6/slf4j-jdk14-1.5.6.pom (1.9 kB at 46 kB/s)
[1f8e4f79-79aa-4926-878b-5e354a6293eb/build]   | Downloading from central: https://repo.maven.apache.org/maven2/org/slf4j/slf4j-parent/1.5.6/slf4j-parent-1.5.6.pom
[1f8e4f79-79aa-4926-878b-5e354a6293eb/build]   | Progress (1): 4.1/7.9 kBProgress (1): 7.9 kB                        Downloaded from central: https://repo.maven.apache.org/maven2/org/slf4j/slf4j-parent/1.5.6/slf4j-parent-1.5.6.pom (7.9 kB at 528 kB/s)
[1f8e4f79-79aa-4926-878b-5e354a6293eb/build]   | Downloading from central: https://repo.maven.apache.org/maven2/org/slf4j/slf4j-api/1.5.6/slf4j-api-1.5.6.pom
[1f8e4f79-79aa-4926-878b-5e354a6293eb/build]   | Progress (1): 3.0 kB                    Downloaded from central: https://repo.maven.apache.org/maven2/org/slf4j/slf4j-api/1.5.6/slf4j-api-1.5.6.pom (3.0 kB at 81 kB/s)
[1f8e4f79-79aa-4926-878b-5e354a6293eb/build]   | Downloading from central: https://repo.maven.apache.org/maven2/org/slf4j/jcl-over-slf4j/1.5.6/jcl-over-slf4j-1.5.6.pom
[1f8e4f79-79aa-4926-878b-5e354a6293eb/build]   | Progress (1): 2.2 kB                    Downloaded from central: https://repo.maven.apache.org/maven2/org/slf4j/jcl-over-slf4j/1.5.6/jcl-over-slf4j-1.5.6.pom (2.2 kB at 45 kB/s)
[1f8e4f79-79aa-4926-878b-5e354a6293eb/build]   | Downloading from central: https://repo.maven.apache.org/maven2/org/apache/maven/maven-profile/2.2.1/maven-profile-2.2.1.pom
[1f8e4f79-79aa-4926-878b-5e354a6293eb/build]   | Progress (1): 2.2 kB                    Downloaded from central: https://repo.maven.apache.org/maven2/org/apache/maven/maven-profile/2.2.1/maven-profile-2.2.1.pom (2.2 kB at 181 kB/s)
[1f8e4f79-79aa-4926-878b-5e354a6293eb/build]   | Downloading from central: https://repo.maven.apache.org/maven2/org/apache/maven/maven-repository-metadata/2.2.1/maven-repository-metadata-2.2.1.pom
[1f8e4f79-79aa-4926-878b-5e354a6293eb/build]   | Progress (1): 1.9 kB                    Downloaded from central: https://repo.maven.apache.org/maven2/org/apache/maven/maven-repository-metadata/2.2.1/maven-repository-metadata-2.2.1.pom (1.9 kB at 104 kB/s)
[1f8e4f79-79aa-4926-878b-5e354a6293eb/build]   | Downloading from central: https://repo.maven.apache.org/maven2/org/apache/maven/maven-error-diagnostics/2.2.1/maven-error-diagnostics-2.2.1.pom
[1f8e4f79-79aa-4926-878b-5e354a6293eb/build]   | Progress (1): 1.7 kB                    Downloaded from central: https://repo.maven.apache.org/maven2/org/apache/maven/maven-error-diagnostics/2.2.1/maven-error-diagnostics-2.2.1.pom (1.7 kB at 95 kB/s)
[1f8e4f79-79aa-4926-878b-5e354a6293eb/build]   | Downloading from central: https://repo.maven.apache.org/maven2/org/apache/maven/maven-project/2.2.1/maven-project-2.2.1.pom
[1f8e4f79-79aa-4926-878b-5e354a6293eb/build]   | Progress (1): 2.8 kB                    Downloaded from central: https://repo.maven.apache.org/maven2/org/apache/maven/maven-project/2.2.1/maven-project-2.2.1.pom (2.8 kB at 71 kB/s)
[1f8e4f79-79aa-4926-878b-5e354a6293eb/build]   | Downloading from central: https://repo.maven.apache.org/maven2/org/apache/maven/maven-artifact-manager/2.2.1/maven-artifact-manager-2.2.1.pom
[1f8e4f79-79aa-4926-878b-5e354a6293eb/build]   | Progress (1): 3.1 kB                    Downloaded from central: https://repo.maven.apache.org/maven2/org/apache/maven/maven-artifact-manager/2.2.1/maven-artifact-manager-2.2.1.pom (3.1 kB at 194 kB/s)
[1f8e4f79-79aa-4926-878b-5e354a6293eb/build]   | Downloading from central: https://repo.maven.apache.org/maven2/backport-util-concurrent/backport-util-concurrent/3.1/backport-util-concurrent-3.1.pom
[1f8e4f79-79aa-4926-878b-5e354a6293eb/build]   | Progress (1): 880 B                   Downloaded from central: https://repo.maven.apache.org/maven2/backport-util-concurrent/backport-util-concurrent/3.1/backport-util-concurrent-3.1.pom (880 B at 24 kB/s)
[1f8e4f79-79aa-4926-878b-5e354a6293eb/build]   | Downloading from central: https://repo.maven.apache.org/maven2/org/apache/maven/maven-plugin-registry/2.2.1/maven-plugin-registry-2.2.1.pom
[1f8e4f79-79aa-4926-878b-5e354a6293eb/build]   | Progress (1): 1.9 kB                    Downloaded from central: https://repo.maven.apache.org/maven2/org/apache/maven/maven-plugin-registry/2.2.1/maven-plugin-registry-2.2.1.pom (1.9 kB at 71 kB/s)
[1f8e4f79-79aa-4926-878b-5e354a6293eb/build]   | Downloading from central: https://repo.maven.apache.org/maven2/org/apache/maven/maven-plugin-descriptor/2.2.1/maven-plugin-descriptor-2.2.1.pom
[1f8e4f79-79aa-4926-878b-5e354a6293eb/build]   | Progress (1): 2.1 kB                    Downloaded from central: https://repo.maven.apache.org/maven2/org/apache/maven/maven-plugin-descriptor/2.2.1/maven-plugin-descriptor-2.2.1.pom (2.1 kB at 52 kB/s)
[1f8e4f79-79aa-4926-878b-5e354a6293eb/build]   | Downloading from central: https://repo.maven.apache.org/maven2/org/apache/maven/maven-monitor/2.2.1/maven-monitor-2.2.1.pom
[1f8e4f79-79aa-4926-878b-5e354a6293eb/build]   | Progress (1): 1.3 kB                    Downloaded from central: https://repo.maven.apache.org/maven2/org/apache/maven/maven-monitor/2.2.1/maven-monitor-2.2.1.pom (1.3 kB at 33 kB/s)
[1f8e4f79-79aa-4926-878b-5e354a6293eb/build]   | Downloading from central: https://repo.maven.apache.org/maven2/org/sonatype/plexus/plexus-sec-dispatcher/1.3/plexus-sec-dispatcher-1.3.pom
[1f8e4f79-79aa-4926-878b-5e354a6293eb/build]   | Progress (1): 3.0 kB                    Downloaded from central: https://repo.maven.apache.org/maven2/org/sonatype/plexus/plexus-sec-dispatcher/1.3/plexus-sec-dispatcher-1.3.pom (3.0 kB at 148 kB/s)
[1f8e4f79-79aa-4926-878b-5e354a6293eb/build]   | Downloading from central: https://repo.maven.apache.org/maven2/org/sonatype/spice/spice-parent/12/spice-parent-12.pom
[1f8e4f79-79aa-4926-878b-5e354a6293eb/build]   | Progress (1): 4.1/6.8 kBProgress (1): 6.8 kB                        Downloaded from central: https://repo.maven.apache.org/maven2/org/sonatype/spice/spice-parent/12/spice-parent-12.pom (6.8 kB at 453 kB/s)
[1f8e4f79-79aa-4926-878b-5e354a6293eb/build]   | Downloading from central: https://repo.maven.apache.org/maven2/org/sonatype/forge/forge-parent/4/forge-parent-4.pom
[1f8e4f79-79aa-4926-878b-5e354a6293eb/build]   | Progress (1): 4.1/8.4 kBProgress (1): 8.2/8.4 kBProgress (1): 8.4 kB                        Downloaded from central: https://repo.maven.apache.org/maven2/org/sonatype/forge/forge-parent/4/forge-parent-4.pom (8.4 kB at 129 kB/s)
[1f8e4f79-79aa-4926-878b-5e354a6293eb/build]   | Downloading from central: https://repo.maven.apache.org/maven2/org/codehaus/plexus/plexus-utils/1.5.5/plexus-utils-1.5.5.pom
[1f8e4f79-79aa-4926-878b-5e354a6293eb/build]   | Progress (1): 4.1/5.1 kBProgress (1): 5.1 kB                        Downloaded from central: https://repo.maven.apache.org/maven2/org/codehaus/plexus/plexus-utils/1.5.5/plexus-utils-1.5.5.pom (5.1 kB at 343 kB/s)
[1f8e4f79-79aa-4926-878b-5e354a6293eb/build]   | Downloading from central: https://repo.maven.apache.org/maven2/org/sonatype/plexus/plexus-cipher/1.4/plexus-cipher-1.4.pom
[1f8e4f79-79aa-4926-878b-5e354a6293eb/build]   | Progress (1): 2.1 kB                    Downloaded from central: https://repo.maven.apache.org/maven2/org/sonatype/plexus/plexus-cipher/1.4/plexus-cipher-1.4.pom (2.1 kB at 206 kB/s)
[1f8e4f79-79aa-4926-878b-5e354a6293eb/build]   | Downloading from central: https://repo.maven.apache.org/maven2/org/apache/maven/maven-toolchain/2.2.1/maven-toolchain-2.2.1.pom
[1f8e4f79-79aa-4926-878b-5e354a6293eb/build]   | Progress (1): 3.3 kB                    Downloaded from central: https://repo.maven.apache.org/maven2/org/apache/maven/maven-toolchain/2.2.1/maven-toolchain-2.2.1.pom (3.3 kB at 96 kB/s)
[1f8e4f79-79aa-4926-878b-5e354a6293eb/build]   | Downloading from central: https://repo.maven.apache.org/maven2/org/apache/maven/reporting/maven-reporting-api/2.2.1/maven-reporting-api-2.2.1.pom
[1f8e4f79-79aa-4926-878b-5e354a6293eb/build]   | Progress (1): 1.9 kB                    Downloaded from central: https://repo.maven.apache.org/maven2/org/apache/maven/reporting/maven-reporting-api/2.2.1/maven-reporting-api-2.2.1.pom (1.9 kB at 132 kB/s)
[1f8e4f79-79aa-4926-878b-5e354a6293eb/build]   | Downloading from central: https://repo.maven.apache.org/maven2/org/apache/maven/reporting/maven-reporting/2.2.1/maven-reporting-2.2.1.pom
[1f8e4f79-79aa-4926-878b-5e354a6293eb/build]   | Progress (1): 1.4 kB                    Downloaded from central: https://repo.maven.apache.org/maven2/org/apache/maven/reporting/maven-reporting/2.2.1/maven-reporting-2.2.1.pom (1.4 kB at 33 kB/s)
[1f8e4f79-79aa-4926-878b-5e354a6293eb/build]   | Downloading from central: https://repo.maven.apache.org/maven2/org/apache/maven/doxia/doxia-sink-api/1.1/doxia-sink-api-1.1.pom
[1f8e4f79-79aa-4926-878b-5e354a6293eb/build]   | Progress (1): 2.0 kB                    Downloaded from central: https://repo.maven.apache.org/maven2/org/apache/maven/doxia/doxia-sink-api/1.1/doxia-sink-api-1.1.pom (2.0 kB at 136 kB/s)
[1f8e4f79-79aa-4926-878b-5e354a6293eb/build]   | Downloading from central: https://repo.maven.apache.org/maven2/org/apache/maven/doxia/doxia/1.1/doxia-1.1.pom
[1f8e4f79-79aa-4926-878b-5e354a6293eb/build]   | Progress (1): 4.1/15 kBProgress (1): 8.2/15 kBProgress (1): 12/15 kB Progress (1): 15 kB                      Downloaded from central: https://repo.maven.apache.org/maven2/org/apache/maven/doxia/doxia/1.1/doxia-1.1.pom (15 kB at 1.0 MB/s)
[1f8e4f79-79aa-4926-878b-5e354a6293eb/build]   | Downloading from central: https://repo.maven.apache.org/maven2/org/apache/maven/doxia/doxia-logging-api/1.1/doxia-logging-api-1.1.pom
[1f8e4f79-79aa-4926-878b-5e354a6293eb/build]   | Progress (1): 1.6 kB                    Downloaded from central: https://repo.maven.apache.org/maven2/org/apache/maven/doxia/doxia-logging-api/1.1/doxia-logging-api-1.1.pom (1.6 kB at 105 kB/s)
[1f8e4f79-79aa-4926-878b-5e354a6293eb/build]   | Downloading from central: https://repo.maven.apache.org/maven2/org/codehaus/plexus/plexus-container-default/1.0-alpha-30/plexus-container-default-1.0-alpha-30.pom
[1f8e4f79-79aa-4926-878b-5e354a6293eb/build]   | Progress (1): 3.5 kB                    Downloaded from central: https://repo.maven.apache.org/maven2/org/codehaus/plexus/plexus-container-default/1.0-alpha-30/plexus-container-default-1.0-alpha-30.pom (3.5 kB at 129 kB/s)
[1f8e4f79-79aa-4926-878b-5e354a6293eb/build]   | Downloading from central: https://repo.maven.apache.org/maven2/org/codehaus/plexus/plexus-containers/1.0-alpha-30/plexus-containers-1.0-alpha-30.pom
[1f8e4f79-79aa-4926-878b-5e354a6293eb/build]   | Progress (1): 1.9 kB                    Downloaded from central: https://repo.maven.apache.org/maven2/org/codehaus/plexus/plexus-containers/1.0-alpha-30/plexus-containers-1.0-alpha-30.pom (1.9 kB at 146 kB/s)
[1f8e4f79-79aa-4926-878b-5e354a6293eb/build]   | Downloading from central: https://repo.maven.apache.org/maven2/org/codehaus/plexus/plexus-utils/1.4.5/plexus-utils-1.4.5.pom
[1f8e4f79-79aa-4926-878b-5e354a6293eb/build]   | Progress (1): 2.3 kB                    Downloaded from central: https://repo.maven.apache.org/maven2/org/codehaus/plexus/plexus-utils/1.4.5/plexus-utils-1.4.5.pom (2.3 kB at 87 kB/s)
[1f8e4f79-79aa-4926-878b-5e354a6293eb/build]   | Downloading from central: https://repo.maven.apache.org/maven2/org/codehaus/plexus/plexus-classworlds/1.2-alpha-9/plexus-classworlds-1.2-alpha-9.pom
[1f8e4f79-79aa-4926-878b-5e354a6293eb/build]   | Progress (1): 3.2 kB                    Downloaded from central: https://repo.maven.apache.org/maven2/org/codehaus/plexus/plexus-classworlds/1.2-alpha-9/plexus-classworlds-1.2-alpha-9.pom (3.2 kB at 85 kB/s)
[1f8e4f79-79aa-4926-878b-5e354a6293eb/build]   | Downloading from central: https://repo.maven.apache.org/maven2/org/codehaus/plexus/plexus/1.0.10/plexus-1.0.10.pom
[1f8e4f79-79aa-4926-878b-5e354a6293eb/build]   | Progress (1): 4.1/8.2 kBProgress (1): 8.2/8.2 kBProgress (1): 8.2 kB                        Downloaded from central: https://repo.maven.apache.org/maven2/org/codehaus/plexus/plexus/1.0.10/plexus-1.0.10.pom (8.2 kB at 635 kB/s)
[1f8e4f79-79aa-4926-878b-5e354a6293eb/build]   | Downloading from central: https://repo.maven.apache.org/maven2/commons-cli/commons-cli/1.2/commons-cli-1.2.pom
[1f8e4f79-79aa-4926-878b-5e354a6293eb/build]   | Progress (1): 4.1/8.0 kBProgress (1): 8.0 kB                        Downloaded from central: https://repo.maven.apache.org/maven2/commons-cli/commons-cli/1.2/commons-cli-1.2.pom (8.0 kB at 275 kB/s)
[1f8e4f79-79aa-4926-878b-5e354a6293eb/build]   | Downloading from central: https://repo.maven.apache.org/maven2/org/apache/commons/commons-parent/11/commons-parent-11.pom
[1f8e4f79-79aa-4926-878b-5e354a6293eb/build]   | Progress (1): 4.1/25 kBProgress (1): 8.2/25 kBProgress (1): 12/25 kB Progress (1): 16/25 kBProgress (1): 20/25 kBProgress (1): 24/25 kBProgress (1): 25 kB                      Downloaded from central: https://repo.maven.apache.org/maven2/org/apache/commons/commons-parent/11/commons-parent-11.pom (25 kB at 704 kB/s)
[1f8e4f79-79aa-4926-878b-5e354a6293eb/build]   | Downloading from central: https://repo.maven.apache.org/maven2/org/apache/apache/4/apache-4.pom
[1f8e4f79-79aa-4926-878b-5e354a6293eb/build]   | Progress (1): 4.1/4.5 kBProgress (1): 4.5 kB                        Downloaded from central: https://repo.maven.apache.org/maven2/org/apache/apache/4/apache-4.pom (4.5 kB at 69 kB/s)
[1f8e4f79-79aa-4926-878b-5e354a6293eb/build]   | Downloading from central: https://repo.maven.apache.org/maven2/org/apache/maven/shared/maven-shared-utils/0.7/maven-shared-utils-0.7.pom
[1f8e4f79-79aa-4926-878b-5e354a6293eb/build]   | Progress (1): 4.1/5.0 kBProgress (1): 5.0 kB                        Downloaded from central: https://repo.maven.apache.org/maven2/org/apache/maven/shared/maven-shared-utils/0.7/maven-shared-utils-0.7.pom (5.0 kB at 358 kB/s)
[1f8e4f79-79aa-4926-878b-5e354a6293eb/build]   | Downloading from central: https://repo.maven.apache.org/maven2/org/apache/maven/shared/maven-shared-components/20/maven-shared-components-20.pom
[1f8e4f79-79aa-4926-878b-5e354a6293eb/build]   | Progress (1): 4.1/5.1 kBProgress (1): 5.1 kB                        Downloaded from central: https://repo.maven.apache.org/maven2/org/apache/maven/shared/maven-shared-components/20/maven-shared-components-20.pom (5.1 kB at 100 kB/s)
[1f8e4f79-79aa-4926-878b-5e354a6293eb/build]   | Downloading from central: https://repo.maven.apache.org/maven2/org/apache/maven/maven-parent/24/maven-parent-24.pom
[1f8e4f79-79aa-4926-878b-5e354a6293eb/build]   | Progress (1): 4.1/37 kBProgress (1): 8.2/37 kBProgress (1): 12/37 kB Progress (1): 16/37 kBProgress (1): 20/37 kBProgress (1): 25/37 kBProgress (1): 29/37 kBProgress (1): 33/37 kBProgress (1): 37/37 kBProgress (1): 37 kB                      Downloaded from central: https://repo.maven.apache.org/maven2/org/apache/maven/maven-parent/24/maven-parent-24.pom (37 kB at 1.2 MB/s)
[1f8e4f79-79aa-4926-878b-5e354a6293eb/build]   | Downloading from central: https://repo.maven.apache.org/maven2/org/apache/apache/14/apache-14.pom
[1f8e4f79-79aa-4926-878b-5e354a6293eb/build]   | Progress (1): 4.1/15 kBProgress (1): 8.2/15 kBProgress (1): 12/15 kB Progress (1): 15 kB                      Downloaded from central: https://repo.maven.apache.org/maven2/org/apache/apache/14/apache-14.pom (15 kB at 204 kB/s)
[1f8e4f79-79aa-4926-878b-5e354a6293eb/build]   | Downloading from central: https://repo.maven.apache.org/maven2/com/google/code/findbugs/jsr305/2.0.1/jsr305-2.0.1.pom
[1f8e4f79-79aa-4926-878b-5e354a6293eb/build]   | Progress (1): 965 B                   Downloaded from central: https://repo.maven.apache.org/maven2/com/google/code/findbugs/jsr305/2.0.1/jsr305-2.0.1.pom (965 B at 74 kB/s)
[1f8e4f79-79aa-4926-878b-5e354a6293eb/build]   | Downloading from central: https://repo.maven.apache.org/maven2/org/apache/maven/shared/maven-shared-incremental/1.1/maven-shared-incremental-1.1.pom
[1f8e4f79-79aa-4926-878b-5e354a6293eb/build]   | Progress (1): 4.1/4.7 kBProgress (1): 4.7 kB                        Downloaded from central: https://repo.maven.apache.org/maven2/org/apache/maven/shared/maven-shared-incremental/1.1/maven-shared-incremental-1.1.pom (4.7 kB at 53 kB/s)
[1f8e4f79-79aa-4926-878b-5e354a6293eb/build]   | Downloading from central: https://repo.maven.apache.org/maven2/org/apache/maven/shared/maven-shared-components/19/maven-shared-components-19.pom
[1f8e4f79-79aa-4926-878b-5e354a6293eb/build]   | Progress (1): 4.1/6.4 kBProgress (1): 6.4 kB                        Downloaded from central: https://repo.maven.apache.org/maven2/org/apache/maven/shared/maven-shared-components/19/maven-shared-components-19.pom (6.4 kB at 245 kB/s)
[1f8e4f79-79aa-4926-878b-5e354a6293eb/build]   | Downloading from central: https://repo.maven.apache.org/maven2/org/apache/maven/maven-parent/23/maven-parent-23.pom
[1f8e4f79-79aa-4926-878b-5e354a6293eb/build]   | Progress (1): 4.1/33 kBProgress (1): 8.2/33 kBProgress (1): 12/33 kB Progress (1): 16/33 kBProgress (1): 20/33 kBProgress (1): 25/33 kBProgress (1): 29/33 kBProgress (1): 33 kB                      Downloaded from central: https://repo.maven.apache.org/maven2/org/apache/maven/maven-parent/23/maven-parent-23.pom (33 kB at 958 kB/s)
[1f8e4f79-79aa-4926-878b-5e354a6293eb/build]   | Downloading from central: https://repo.maven.apache.org/maven2/org/apache/apache/13/apache-13.pom
[1f8e4f79-79aa-4926-878b-5e354a6293eb/build]   | Progress (1): 4.1/14 kBProgress (1): 8.2/14 kBProgress (1): 12/14 kB Progress (1): 14 kB                      Downloaded from central: https://repo.maven.apache.org/maven2/org/apache/apache/13/apache-13.pom (14 kB at 559 kB/s)
[1f8e4f79-79aa-4926-878b-5e354a6293eb/build]   | Downloading from central: https://repo.maven.apache.org/maven2/org/apache/maven/shared/maven-shared-utils/0.1/maven-shared-utils-0.1.pom
[1f8e4f79-79aa-4926-878b-5e354a6293eb/build]   | Progress (1): 4.0 kB                    Downloaded from central: https://repo.maven.apache.org/maven2/org/apache/maven/shared/maven-shared-utils/0.1/maven-shared-utils-0.1.pom (4.0 kB at 81 kB/s)
[1f8e4f79-79aa-4926-878b-5e354a6293eb/build]   | Downloading from central: https://repo.maven.apache.org/maven2/org/apache/maven/shared/maven-shared-components/18/maven-shared-components-18.pom
[1f8e4f79-79aa-4926-878b-5e354a6293eb/build]   | Progress (1): 4.1/4.9 kBProgress (1): 4.9 kB                        Downloaded from central: https://repo.maven.apache.org/maven2/org/apache/maven/shared/maven-shared-components/18/maven-shared-components-18.pom (4.9 kB at 197 kB/s)
[1f8e4f79-79aa-4926-878b-5e354a6293eb/build]   | Downloading from central: https://repo.maven.apache.org/maven2/org/codehaus/plexus/plexus-component-annotations/1.5.5/plexus-component-annotations-1.5.5.pom
[1f8e4f79-79aa-4926-878b-5e354a6293eb/build]   | Progress (1): 815 B                   Downloaded from central: https://repo.maven.apache.org/maven2/org/codehaus/plexus/plexus-component-annotations/1.5.5/plexus-component-annotations-1.5.5.pom (815 B at 29 kB/s)
[1f8e4f79-79aa-4926-878b-5e354a6293eb/build]   | Downloading from central: https://repo.maven.apache.org/maven2/org/codehaus/plexus/plexus-containers/1.5.5/plexus-containers-1.5.5.pom
[1f8e4f79-79aa-4926-878b-5e354a6293eb/build]   | Progress (1): 4.1/4.2 kBProgress (1): 4.2 kB                        Downloaded from central: https://repo.maven.apache.org/maven2/org/codehaus/plexus/plexus-containers/1.5.5/plexus-containers-1.5.5.pom (4.2 kB at 65 kB/s)
[1f8e4f79-79aa-4926-878b-5e354a6293eb/build]   | Downloading from central: https://repo.maven.apache.org/maven2/org/codehaus/plexus/plexus/2.0.7/plexus-2.0.7.pom
[1f8e4f79-79aa-4926-878b-5e354a6293eb/build]   | Progress (1): 4.1/17 kBProgress (1): 8.2/17 kBProgress (1): 12/17 kB Progress (1): 16/17 kBProgress (1): 17 kB                      Downloaded from central: https://repo.maven.apache.org/maven2/org/codehaus/plexus/plexus/2.0.7/plexus-2.0.7.pom (17 kB at 524 kB/s)
[1f8e4f79-79aa-4926-878b-5e354a6293eb/build]   | Downloading from central: https://repo.maven.apache.org/maven2/org/codehaus/plexus/plexus-compiler-api/2.5/plexus-compiler-api-2.5.pom
[1f8e4f79-79aa-4926-878b-5e354a6293eb/build]   | Progress (1): 865 B                   Downloaded from central: https://repo.maven.apache.org/maven2/org/codehaus/plexus/plexus-compiler-api/2.5/plexus-compiler-api-2.5.pom (865 B at 15 kB/s)
[1f8e4f79-79aa-4926-878b-5e354a6293eb/build]   | Downloading from central: https://repo.maven.apache.org/maven2/org/codehaus/plexus/plexus-compiler/2.5/plexus-compiler-2.5.pom
[1f8e4f79-79aa-4926-878b-5e354a6293eb/build]   | Progress (1): 4.1/5.3 kBProgress (1): 5.3 kB                        Downloaded from central: https://repo.maven.apache.org/maven2/org/codehaus/plexus/plexus-compiler/2.5/plexus-compiler-2.5.pom (5.3 kB at 532 kB/s)
[1f8e4f79-79aa-4926-878b-5e354a6293eb/build]   | Downloading from central: https://repo.maven.apache.org/maven2/org/codehaus/plexus/plexus-components/1.3.1/plexus-components-1.3.1.pom
[1f8e4f79-79aa-4926-878b-5e354a6293eb/build]   | Progress (1): 3.1 kB                    Downloaded from central: https://repo.maven.apache.org/maven2/org/codehaus/plexus/plexus-components/1.3.1/plexus-components-1.3.1.pom (3.1 kB at 81 kB/s)
[1f8e4f79-79aa-4926-878b-5e354a6293eb/build]   | Downloading from central: https://repo.maven.apache.org/maven2/org/codehaus/plexus/plexus/3.3.1/plexus-3.3.1.pom
[1f8e4f79-79aa-4926-878b-5e354a6293eb/build]   | Progress (1): 4.1/20 kBProgress (1): 8.2/20 kBProgress (1): 12/20 kB Progress (1): 16/20 kBProgress (1): 20/20 kBProgress (1): 20 kB                      Downloaded from central: https://repo.maven.apache.org/maven2/org/codehaus/plexus/plexus/3.3.1/plexus-3.3.1.pom (20 kB at 730 kB/s)
[1f8e4f79-79aa-4926-878b-5e354a6293eb/build]   | Downloading from central: https://repo.maven.apache.org/maven2/org/sonatype/spice/spice-parent/17/spice-parent-17.pom
[1f8e4f79-79aa-4926-878b-5e354a6293eb/build]   | Progress (1): 4.1/6.8 kBProgress (1): 6.8 kB                        Downloaded from central: https://repo.maven.apache.org/maven2/org/sonatype/spice/spice-parent/17/spice-parent-17.pom (6.8 kB at 183 kB/s)
[1f8e4f79-79aa-4926-878b-5e354a6293eb/build]   | Downloading from central: https://repo.maven.apache.org/maven2/org/sonatype/forge/forge-parent/10/forge-parent-10.pom
[1f8e4f79-79aa-4926-878b-5e354a6293eb/build]   | Progress (1): 4.1/14 kBProgress (1): 8.2/14 kBProgress (1): 12/14 kB Progress (1): 14 kB                      Downloaded from central: https://repo.maven.apache.org/maven2/org/sonatype/forge/forge-parent/10/forge-parent-10.pom (14 kB at 468 kB/s)
[1f8e4f79-79aa-4926-878b-5e354a6293eb/build]   | Downloading from central: https://repo.maven.apache.org/maven2/org/codehaus/plexus/plexus-utils/3.0.10/plexus-utils-3.0.10.pom
[1f8e4f79-79aa-4926-878b-5e354a6293eb/build]   | Progress (1): 3.1 kB                    Downloaded from central: https://repo.maven.apache.org/maven2/org/codehaus/plexus/plexus-utils/3.0.10/plexus-utils-3.0.10.pom (3.1 kB at 210 kB/s)
[1f8e4f79-79aa-4926-878b-5e354a6293eb/build]   | Downloading from central: https://repo.maven.apache.org/maven2/org/codehaus/plexus/plexus/3.3/plexus-3.3.pom
[1f8e4f79-79aa-4926-878b-5e354a6293eb/build]   | Progress (1): 4.1/20 kBProgress (1): 8.2/20 kBProgress (1): 12/20 kB Progress (1): 16/20 kBProgress (1): 20 kB                      Downloaded from central: https://repo.maven.apache.org/maven2/org/codehaus/plexus/plexus/3.3/plexus-3.3.pom (20 kB at 249 kB/s)
[1f8e4f79-79aa-4926-878b-5e354a6293eb/build]   | Downloading from central: https://repo.maven.apache.org/maven2/org/codehaus/plexus/plexus-compiler-manager/2.5/plexus-compiler-manager-2.5.pom
[1f8e4f79-79aa-4926-878b-5e354a6293eb/build]   | Progress (1): 690 B                   Downloaded from central: https://repo.maven.apache.org/maven2/org/codehaus/plexus/plexus-compiler-manager/2.5/plexus-compiler-manager-2.5.pom (690 B at 19 kB/s)
[1f8e4f79-79aa-4926-878b-5e354a6293eb/build]   | Downloading from central: https://repo.maven.apache.org/maven2/org/codehaus/plexus/plexus-compiler-javac/2.5/plexus-compiler-javac-2.5.pom
[1f8e4f79-79aa-4926-878b-5e354a6293eb/build]   | Progress (1): 769 B                   Downloaded from central: https://repo.maven.apache.org/maven2/org/codehaus/plexus/plexus-compiler-javac/2.5/plexus-compiler-javac-2.5.pom (769 B at 43 kB/s)
[1f8e4f79-79aa-4926-878b-5e354a6293eb/build]   | Downloading from central: https://repo.maven.apache.org/maven2/org/codehaus/plexus/plexus-compilers/2.5/plexus-compilers-2.5.pom
[1f8e4f79-79aa-4926-878b-5e354a6293eb/build]   | Progress (1): 1.3 kB                    Downloaded from central: https://repo.maven.apache.org/maven2/org/codehaus/plexus/plexus-compilers/2.5/plexus-compilers-2.5.pom (1.3 kB at 46 kB/s)
[1f8e4f79-79aa-4926-878b-5e354a6293eb/build]   | Downloading from central: https://repo.maven.apache.org/maven2/org/codehaus/plexus/plexus-container-default/1.5.5/plexus-container-default-1.5.5.pom
[1f8e4f79-79aa-4926-878b-5e354a6293eb/build]   | Progress (1): 2.8 kB                    Downloaded from central: https://repo.maven.apache.org/maven2/org/codehaus/plexus/plexus-container-default/1.5.5/plexus-container-default-1.5.5.pom (2.8 kB at 49 kB/s)
[1f8e4f79-79aa-4926-878b-5e354a6293eb/build]   | Downloading from central: https://repo.maven.apache.org/maven2/org/codehaus/plexus/plexus-classworlds/2.2.2/plexus-classworlds-2.2.2.pom
[1f8e4f79-79aa-4926-878b-5e354a6293eb/build]   | Progress (1): 4.0 kB                    Downloaded from central: https://repo.maven.apache.org/maven2/org/codehaus/plexus/plexus-classworlds/2.2.2/plexus-classworlds-2.2.2.pom (4.0 kB at 212 kB/s)
[1f8e4f79-79aa-4926-878b-5e354a6293eb/build]   | Downloading from central: https://repo.maven.apache.org/maven2/org/apache/xbean/xbean-reflect/3.4/xbean-reflect-3.4.pom
[1f8e4f79-79aa-4926-878b-5e354a6293eb/build]   | Progress (1): 2.8 kB                    Downloaded from central: https://repo.maven.apache.org/maven2/org/apache/xbean/xbean-reflect/3.4/xbean-reflect-3.4.pom (2.8 kB at 37 kB/s)
[1f8e4f79-79aa-4926-878b-5e354a6293eb/build]   | Downloading from central: https://repo.maven.apache.org/maven2/org/apache/xbean/xbean/3.4/xbean-3.4.pom
[1f8e4f79-79aa-4926-878b-5e354a6293eb/build]   | Progress (1): 4.1/19 kBProgress (1): 8.2/19 kBProgress (1): 12/19 kB Progress (1): 16/19 kBProgress (1): 19 kB                      Downloaded from central: https://repo.maven.apache.org/maven2/org/apache/xbean/xbean/3.4/xbean-3.4.pom (19 kB at 1.2 MB/s)
[1f8e4f79-79aa-4926-878b-5e354a6293eb/build]   | Downloading from central: https://repo.maven.apache.org/maven2/log4j/log4j/1.2.12/log4j-1.2.12.pom
[1f8e4f79-79aa-4926-878b-5e354a6293eb/build]   | Progress (1): 145 B                   Downloaded from central: https://repo.maven.apache.org/maven2/log4j/log4j/1.2.12/log4j-1.2.12.pom (145 B at 3.4 kB/s)
[1f8e4f79-79aa-4926-878b-5e354a6293eb/build]   | Downloading from central: https://repo.maven.apache.org/maven2/commons-logging/commons-logging-api/1.1/commons-logging-api-1.1.pom
[1f8e4f79-79aa-4926-878b-5e354a6293eb/build]   | Progress (1): 4.1/5.3 kBProgress (1): 5.3 kB                        Downloaded from central: https://repo.maven.apache.org/maven2/commons-logging/commons-logging-api/1.1/commons-logging-api-1.1.pom (5.3 kB at 111 kB/s)
[1f8e4f79-79aa-4926-878b-5e354a6293eb/build]   | Downloading from central: https://repo.maven.apache.org/maven2/com/google/collections/google-collections/1.0/google-collections-1.0.pom
[1f8e4f79-79aa-4926-878b-5e354a6293eb/build]   | Progress (1): 2.5 kB                    Downloaded from central: https://repo.maven.apache.org/maven2/com/google/collections/google-collections/1.0/google-collections-1.0.pom (2.5 kB at 80 kB/s)
[1f8e4f79-79aa-4926-878b-5e354a6293eb/build]   | Downloading from central: https://repo.maven.apache.org/maven2/com/google/google/1/google-1.pom
[1f8e4f79-79aa-4926-878b-5e354a6293eb/build]   | Progress (1): 1.6 kB                    Downloaded from central: https://repo.maven.apache.org/maven2/com/google/google/1/google-1.pom (1.6 kB at 17 kB/s)
[1f8e4f79-79aa-4926-878b-5e354a6293eb/build]   | Downloading from central: https://repo.maven.apache.org/maven2/junit/junit/3.8.2/junit-3.8.2.pom
[1f8e4f79-79aa-4926-878b-5e354a6293eb/build]   | Progress (1): 747 B                   Downloaded from central: https://repo.maven.apache.org/maven2/junit/junit/3.8.2/junit-3.8.2.pom (747 B at 47 kB/s)
[1f8e4f79-79aa-4926-878b-5e354a6293eb/build]   | Downloading from central: https://repo.maven.apache.org/maven2/org/apache/maven/maven-plugin-api/2.2.1/maven-plugin-api-2.2.1.jar
[1f8e4f79-79aa-4926-878b-5e354a6293eb/build]   | Downloading from central: https://repo.maven.apache.org/maven2/org/apache/maven/maven-artifact/2.2.1/maven-artifact-2.2.1.jar
[1f8e4f79-79aa-4926-878b-5e354a6293eb/build]   | Downloading from central: https://repo.maven.apache.org/maven2/org/codehaus/plexus/plexus-utils/1.5.15/plexus-utils-1.5.15.jar
[1f8e4f79-79aa-4926-878b-5e354a6293eb/build]   | Downloading from central: https://repo.maven.apache.org/maven2/org/apache/maven/maven-core/2.2.1/maven-core-2.2.1.jar
[1f8e4f79-79aa-4926-878b-5e354a6293eb/build]   | Downloading from central: https://repo.maven.apache.org/maven2/org/apache/maven/maven-settings/2.2.1/maven-settings-2.2.1.jar
[1f8e4f79-79aa-4926-878b-5e354a6293eb/build]   | Progress (1): 4.1/49 kBProgress (1): 8.2/49 kBProgress (1): 12/49 kB Progress (1): 16/49 kBProgress (2): 16/49 kB | 4.1/228 kBProgress (2): 20/49 kB | 4.1/228 kBProgress (2): 25/49 kB | 4.1/228 kBProgress (2): 25/49 kB | 8.2/228 kBProgress (2): 29/49 kB | 8.2/228 kBProgress (2): 29/49 kB | 12/228 kB Progress (2): 33/49 kB | 12/228 kBProgress (3): 33/49 kB | 12/228 kB | 4.1/80 kBProgress (3): 33/49 kB | 16/228 kB | 4.1/80 kBProgress (3): 33/49 kB | 16/228 kB | 8.2/80 kBProgress (3): 37/49 kB | 16/228 kB | 8.2/80 kBProgress (3): 37/49 kB | 16/228 kB | 12/80 kB Progress (3): 41/49 kB | 16/228 kB | 12/80 kBProgress (3): 41/49 kB | 16/228 kB | 16/80 kBProgress (3): 45/49 kB | 16/228 kB | 16/80 kBProgress (3): 45/49 kB | 20/228 kB | 16/80 kBProgress (4): 45/49 kB | 20/228 kB | 16/80 kB | 4.1/12 kBProgress (4): 45/49 kB | 25/228 kB | 16/80 kB | 4.1/12 kBProgress (4): 49 kB | 25/228 kB | 16/80 kB | 4.1/12 kB   Progress (4): 49 kB | 25/228 kB | 20/80 kB | 4.1/12 kBProgress (4): 49 kB | 29/228 kB | 20/80 kB | 4.1/12 kBProgress (4): 49 kB | 29/228 kB | 20/80 kB | 8.2/12 kBProgress (4): 49 kB | 29/228 kB | 25/80 kB | 8.2/12 kBProgress (4): 49 kB | 33/228 kB | 25/80 kB | 8.2/12 kBProgress (4): 49 kB | 33/228 kB | 25/80 kB | 12/12 kB Progress (4): 49 kB | 33/228 kB | 29/80 kB | 12/12 kBProgress (4): 49 kB | 33/228 kB | 29/80 kB | 12 kB   Progress (4): 49 kB | 33/228 kB | 33/80 kB | 12 kBProgress (4): 49 kB | 37/228 kB | 33/80 kB | 12 kBProgress (4): 49 kB | 37/228 kB | 37/80 kB | 12 kBProgress (4): 49 kB | 41/228 kB | 37/80 kB | 12 kBProgress (4): 49 kB | 41/228 kB | 41/80 kB | 12 kBProgress (4): 49 kB | 45/228 kB | 41/80 kB | 12 kBProgress (4): 49 kB | 45/228 kB | 45/80 kB | 12 kBProgress (4): 49 kB | 49/228 kB | 45/80 kB | 12 kBProgress (4): 49 kB | 49/228 kB | 49/80 kB | 12 kBProgress (4): 49 kB | 49/228 kB | 53/80 kB | 12 kBProgress (4): 49 kB | 49/228 kB | 57/80 kB | 12 kBProgress (4): 49 kB | 53/228 kB | 57/80 kB | 12 kBProgress (4): 49 kB | 53/228 kB | 61/80 kB | 12 kBProgress (4): 49 kB | 57/228 kB | 61/80 kB | 12 kBProgress (4): 49 kB | 57/228 kB | 66/80 kB | 12 kBProgress (4): 49 kB | 61/228 kB | 66/80 kB | 12 kBProgress (4): 49 kB | 66/228 kB | 66/80 kB | 12 kBProgress (4): 49 kB | 66/228 kB | 70/80 kB | 12 kBProgress (4): 49 kB | 66/228 kB | 74/80 kB | 12 kBProgress (4): 49 kB | 66/228 kB | 78/80 kB | 12 kBProgress (4): 49 kB | 70/228 kB | 78/80 kB | 12 kBProgress (4): 49 kB | 70/228 kB | 80 kB | 12 kB   Progress (4): 49 kB | 74/228 kB | 80 kB | 12 kBProgress (4): 49 kB | 78/228 kB | 80 kB | 12 kBProgress (4): 49 kB | 82/228 kB | 80 kB | 12 kBProgress (4): 49 kB | 86/228 kB | 80 kB | 12 kBProgress (4): 49 kB | 90/228 kB | 80 kB | 12 kBProgress (4): 49 kB | 94/228 kB | 80 kB | 12 kBProgress (4): 49 kB | 98/228 kB | 80 kB | 12 kBProgress (4): 49 kB | 102/228 kB | 80 kB | 12 kBProgress (4): 49 kB | 106/228 kB | 80 kB | 12 kBProgress (4): 49 kB | 111/228 kB | 80 kB | 12 kBProgress (4): 49 kB | 115/228 kB | 80 kB | 12 kBProgress (4): 49 kB | 119/228 kB | 80 kB | 12 kBProgress (4): 49 kB | 123/228 kB | 80 kB | 12 kBProgress (5): 49 kB | 123/228 kB | 80 kB | 12 kB | 4.1/178 kBProgress (5): 49 kB | 127/228 kB | 80 kB | 12 kB | 4.1/178 kBProgress (5): 49 kB | 131/228 kB | 80 kB | 12 kB | 4.1/178 kBProgress (5): 49 kB | 131/228 kB | 80 kB | 12 kB | 8.2/178 kBProgress (5): 49 kB | 131/228 kB | 80 kB | 12 kB | 12/178 kB Progress (5): 49 kB | 135/228 kB | 80 kB | 12 kB | 12/178 kBProgress (5): 49 kB | 135/228 kB | 80 kB | 12 kB | 16/178 kBProgress (5): 49 kB | 139/228 kB | 80 kB | 12 kB | 16/178 kBProgress (5): 49 kB | 143/228 kB | 80 kB | 12 kB | 16/178 kBProgress (5): 49 kB | 147/228 kB | 80 kB | 12 kB | 16/178 kBProgress (5): 49 kB | 147/228 kB | 80 kB | 12 kB | 20/178 kBProgress (5): 49 kB | 152/228 kB | 80 kB | 12 kB | 20/178 kBProgress (5): 49 kB | 152/228 kB | 80 kB | 12 kB | 25/178 kBProgress (5): 49 kB | 156/228 kB | 80 kB | 12 kB | 25/178 kBProgress (5): 49 kB | 156/228 kB | 80 kB | 12 kB | 29/178 kBProgress (5): 49 kB | 160/228 kB | 80 kB | 12 kB | 29/178 kBProgress (5): 49 kB | 160/228 kB | 80 kB | 12 kB | 33/178 kBProgress (5): 49 kB | 164/228 kB | 80 kB | 12 kB | 33/178 kBProgress (5): 49 kB | 168/228 kB | 80 kB | 12 kB | 33/178 kBProgress (5): 49 kB | 168/228 kB | 80 kB | 12 kB | 37/178 kBProgress (5): 49 kB | 172/228 kB | 80 kB | 12 kB | 37/178 kBProgress (5): 49 kB | 176/228 kB | 80 kB | 12 kB | 37/178 kBProgress (5): 49 kB | 176/228 kB | 80 kB | 12 kB | 41/178 kBProgress (5): 49 kB | 180/228 kB | 80 kB | 12 kB | 41/178 kBProgress (5): 49 kB | 180/228 kB | 80 kB | 12 kB | 45/178 kBProgress (5): 49 kB | 180/228 kB | 80 kB | 12 kB | 49/178 kBProgress (5): 49 kB | 184/228 kB | 80 kB | 12 kB | 49/178 kBProgress (5): 49 kB | 188/228 kB | 80 kB | 12 kB | 49/178 kBProgress (5): 49 kB | 193/228 kB | 80 kB | 12 kB | 49/178 kBProgress (5): 49 kB | 197/228 kB | 80 kB | 12 kB | 49/178 kBProgress (5): 49 kB | 197/228 kB | 80 kB | 12 kB | 53/178 kBProgress (5): 49 kB | 197/228 kB | 80 kB | 12 kB | 57/178 kBProgress (5): 49 kB | 201/228 kB | 80 kB | 12 kB | 57/178 kBProgress (5): 49 kB | 201/228 kB | 80 kB | 12 kB | 61/178 kBProgress (5): 49 kB | 205/228 kB | 80 kB | 12 kB | 61/178 kBProgress (5): 49 kB | 205/228 kB | 80 kB | 12 kB | 66/178 kBProgress (5): 49 kB | 209/228 kB | 80 kB | 12 kB | 66/178 kBProgress (5): 49 kB | 213/228 kB | 80 kB | 12 kB | 66/178 kBProgress (5): 49 kB | 213/228 kB | 80 kB | 12 kB | 70/178 kBProgress (5): 49 kB | 217/228 kB | 80 kB | 12 kB | 70/178 kBProgress (5): 49 kB | 217/228 kB | 80 kB | 12 kB | 74/178 kBProgress (5): 49 kB | 221/228 kB | 80 kB | 12 kB | 74/178 kBProgress (5): 49 kB | 221/228 kB | 80 kB | 12 kB | 78/178 kBProgress (5): 49 kB | 225/228 kB | 80 kB | 12 kB | 78/178 kBProgress (5): 49 kB | 225/228 kB | 80 kB | 12 kB | 82/178 kBProgress (5): 49 kB | 228 kB | 80 kB | 12 kB | 82/178 kB    Progress (5): 49 kB | 228 kB | 80 kB | 12 kB | 86/178 kBProgress (5): 49 kB | 228 kB | 80 kB | 12 kB | 90/178 kBProgress (5): 49 kB | 228 kB | 80 kB | 12 kB | 94/178 kBProgress (5): 49 kB | 228 kB | 80 kB | 12 kB | 98/178 kBProgress (5): 49 kB | 228 kB | 80 kB | 12 kB | 102/178 kBProgress (5): 49 kB | 228 kB | 80 kB | 12 kB | 106/178 kBProgress (5): 49 kB | 228 kB | 80 kB | 12 kB | 111/178 kBProgress (5): 49 kB | 228 kB | 80 kB | 12 kB | 115/178 kBProgress (5): 49 kB | 228 kB | 80 kB | 12 kB | 119/178 kBProgress (5): 49 kB | 228 kB | 80 kB | 12 kB | 123/178 kBProgress (5): 49 kB | 228 kB | 80 kB | 12 kB | 127/178 kBProgress (5): 49 kB | 228 kB | 80 kB | 12 kB | 131/178 kBProgress (5): 49 kB | 228 kB | 80 kB | 12 kB | 135/178 kBProgress (5): 49 kB | 228 kB | 80 kB | 12 kB | 139/178 kBProgress (5): 49 kB | 228 kB | 80 kB | 12 kB | 143/178 kBProgress (5): 49 kB | 228 kB | 80 kB | 12 kB | 147/178 kBProgress (5): 49 kB | 228 kB | 80 kB | 12 kB | 152/178 kBProgress (5): 49 kB | 228 kB | 80 kB | 12 kB | 156/178 kBProgress (5): 49 kB | 228 kB | 80 kB | 12 kB | 160/178 kBProgress (5): 49 kB | 228 kB | 80 kB | 12 kB | 164/178 kBProgress (5): 49 kB | 228 kB | 80 kB | 12 kB | 168/178 kBProgress (5): 49 kB | 228 kB | 80 kB | 12 kB | 172/178 kBProgress (5): 49 kB | 228 kB | 80 kB | 12 kB | 176/178 kBProgress (5): 49 kB | 228 kB | 80 kB | 12 kB | 178 kB                                                         Downloaded from central: https://repo.maven.apache.org/maven2/org/apache/maven/maven-plugin-api/2.2.1/maven-plugin-api-2.2.1.jar (12 kB at 354 kB/s)
[1f8e4f79-79aa-4926-878b-5e354a6293eb/build]   | Downloaded from central: https://repo.maven.apache.org/maven2/org/apache/maven/maven-settings/2.2.1/maven-settings-2.2.1.jar (49 kB at 1.4 MB/s)
[1f8e4f79-79aa-4926-878b-5e354a6293eb/build]   | Downloaded from central: https://repo.maven.apache.org/maven2/org/apache/maven/maven-artifact/2.2.1/maven-artifact-2.2.1.jar (80 kB at 2.3 MB/s)
[1f8e4f79-79aa-4926-878b-5e354a6293eb/build]   | Downloading from central: https://repo.maven.apache.org/maven2/org/codehaus/plexus/plexus-interpolation/1.11/plexus-interpolation-1.11.jar
[1f8e4f79-79aa-4926-878b-5e354a6293eb/build]   | Downloading from central: https://repo.maven.apache.org/maven2/org/slf4j/slf4j-jdk14/1.5.6/slf4j-jdk14-1.5.6.jar
[1f8e4f79-79aa-4926-878b-5e354a6293eb/build]   | Downloading from central: https://repo.maven.apache.org/maven2/org/apache/maven/maven-plugin-parameter-documenter/2.2.1/maven-plugin-parameter-documenter-2.2.1.jar
[1f8e4f79-79aa-4926-878b-5e354a6293eb/build]   | Downloaded from central: https://repo.maven.apache.org/maven2/org/codehaus/plexus/plexus-utils/1.5.15/plexus-utils-1.5.15.jar (228 kB at 6.0 MB/s)
[1f8e4f79-79aa-4926-878b-5e354a6293eb/build]   | Downloading from central: https://repo.maven.apache.org/maven2/org/slf4j/slf4j-api/1.5.6/slf4j-api-1.5.6.jar
[1f8e4f79-79aa-4926-878b-5e354a6293eb/build]   | Progress (2): 178 kB | 4.1/51 kBProgress (2): 178 kB | 8.2/51 kBProgress (2): 178 kB | 12/51 kB Progress (2): 178 kB | 16/51 kBProgress (2): 178 kB | 20/51 kBProgress (2): 178 kB | 24/51 kBProgress (3): 178 kB | 24/51 kB | 4.1/22 kBProgress (3): 178 kB | 28/51 kB | 4.1/22 kBProgress (3): 178 kB | 32/51 kB | 4.1/22 kBProgress (3): 178 kB | 32/51 kB | 8.2/22 kBProgress (3): 178 kB | 32/51 kB | 12/22 kB Progress (3): 178 kB | 32/51 kB | 16/22 kBProgress (3): 178 kB | 36/51 kB | 16/22 kBProgress (3): 178 kB | 40/51 kB | 16/22 kBProgress (3): 178 kB | 40/51 kB | 20/22 kBProgress (3): 178 kB | 45/51 kB | 20/22 kBProgress (4): 178 kB | 45/51 kB | 20/22 kB | 4.1/8.8 kBProgress (4): 178 kB | 49/51 kB | 20/22 kB | 4.1/8.8 kBProgress (4): 178 kB | 49/51 kB | 22 kB | 4.1/8.8 kB   Progress (4): 178 kB | 51 kB | 22 kB | 4.1/8.8 kB   Progress (4): 178 kB | 51 kB | 22 kB | 8.2/8.8 kB                                                 Downloaded from central: https://repo.maven.apache.org/maven2/org/apache/maven/maven-core/2.2.1/maven-core-2.2.1.jar (178 kB at 4.2 MB/s)
[1f8e4f79-79aa-4926-878b-5e354a6293eb/build]   | Progress (3): 51 kB | 22 kB | 8.8 kB                                    Downloading from central: https://repo.maven.apache.org/maven2/org/slf4j/jcl-over-slf4j/1.5.6/jcl-over-slf4j-1.5.6.jar
[1f8e4f79-79aa-4926-878b-5e354a6293eb/build]   | Progress (4): 51 kB | 22 kB | 8.8 kB | 4.1/22 kBProgress (4): 51 kB | 22 kB | 8.8 kB | 8.2/22 kBProgress (4): 51 kB | 22 kB | 8.8 kB | 12/22 kB Progress (4): 51 kB | 22 kB | 8.8 kB | 16/22 kBProgress (4): 51 kB | 22 kB | 8.8 kB | 20/22 kBProgress (4): 51 kB | 22 kB | 8.8 kB | 22 kB                                               Downloaded from central: https://repo.maven.apache.org/maven2/org/slf4j/slf4j-api/1.5.6/slf4j-api-1.5.6.jar (22 kB at 447 kB/s)
[1f8e4f79-79aa-4926-878b-5e354a6293eb/build]   | Downloading from central: https://repo.maven.apache.org/maven2/org/apache/maven/maven-profile/2.2.1/maven-profile-2.2.1.jar
[1f8e4f79-79aa-4926-878b-5e354a6293eb/build]   | Progress (4): 51 kB | 8.8 kB | 22 kB | 4.1/17 kBProgress (4): 51 kB | 8.8 kB | 22 kB | 8.2/17 kB                                                Downloaded from central: https://repo.maven.apache.org/maven2/org/codehaus/plexus/plexus-interpolation/1.11/plexus-interpolation-1.11.jar (51 kB at 999 kB/s)
[1f8e4f79-79aa-4926-878b-5e354a6293eb/build]   | Progress (3): 8.8 kB | 22 kB | 12/17 kB                                       Downloading from central: https://repo.maven.apache.org/maven2/org/apache/maven/maven-model/2.2.1/maven-model-2.2.1.jar
[1f8e4f79-79aa-4926-878b-5e354a6293eb/build]   | Progress (3): 8.8 kB | 22 kB | 16/17 kBProgress (3): 8.8 kB | 22 kB | 17 kB   Progress (4): 8.8 kB | 22 kB | 17 kB | 4.1/88 kBProgress (4): 8.8 kB | 22 kB | 17 kB | 8.2/88 kBProgress (4): 8.8 kB | 22 kB | 17 kB | 12/88 kB Progress (4): 8.8 kB | 22 kB | 17 kB | 16/88 kBProgress (4): 8.8 kB | 22 kB | 17 kB | 20/88 kBProgress (4): 8.8 kB | 22 kB | 17 kB | 25/88 kBProgress (4): 8.8 kB | 22 kB | 17 kB | 29/88 kBProgress (4): 8.8 kB | 22 kB | 17 kB | 33/88 kBProgress (4): 8.8 kB | 22 kB | 17 kB | 37/88 kBProgress (4): 8.8 kB | 22 kB | 17 kB | 41/88 kBProgress (4): 8.8 kB | 22 kB | 17 kB | 45/88 kBProgress (4): 8.8 kB | 22 kB | 17 kB | 49/88 kB                                               Downloaded from central: https://repo.maven.apache.org/maven2/org/slf4j/slf4j-jdk14/1.5.6/slf4j-jdk14-1.5.6.jar (8.8 kB at 157 kB/s)
[1f8e4f79-79aa-4926-878b-5e354a6293eb/build]   | Progress (4): 22 kB | 17 kB | 49/88 kB | 4.1/35 kB                                                  Downloading from central: https://repo.maven.apache.org/maven2/org/apache/maven/maven-repository-metadata/2.2.1/maven-repository-metadata-2.2.1.jar
[1f8e4f79-79aa-4926-878b-5e354a6293eb/build]   | Progress (4): 22 kB | 17 kB | 53/88 kB | 4.1/35 kBProgress (4): 22 kB | 17 kB | 53/88 kB | 8.2/35 kBProgress (4): 22 kB | 17 kB | 57/88 kB | 8.2/35 kBProgress (4): 22 kB | 17 kB | 57/88 kB | 12/35 kB Progress (4): 22 kB | 17 kB | 61/88 kB | 12/35 kBProgress (4): 22 kB | 17 kB | 61/88 kB | 16/35 kBProgress (4): 22 kB | 17 kB | 66/88 kB | 16/35 kB                                                 Downloaded from central: https://repo.maven.apache.org/maven2/org/apache/maven/maven-plugin-parameter-documenter/2.2.1/maven-plugin-parameter-documenter-2.2.1.jar (22 kB at 389 kB/s)
[1f8e4f79-79aa-4926-878b-5e354a6293eb/build]   | Progress (3): 17 kB | 66/88 kB | 20/35 kB                                         Downloading from central: https://repo.maven.apache.org/maven2/org/apache/maven/maven-error-diagnostics/2.2.1/maven-error-diagnostics-2.2.1.jar
[1f8e4f79-79aa-4926-878b-5e354a6293eb/build]   | Progress (3): 17 kB | 70/88 kB | 20/35 kBProgress (3): 17 kB | 70/88 kB | 25/35 kBProgress (3): 17 kB | 74/88 kB | 25/35 kBProgress (3): 17 kB | 74/88 kB | 29/35 kBProgress (3): 17 kB | 78/88 kB | 29/35 kBProgress (3): 17 kB | 78/88 kB | 33/35 kBProgress (3): 17 kB | 82/88 kB | 33/35 kBProgress (3): 17 kB | 82/88 kB | 35 kB   Progress (3): 17 kB | 86/88 kB | 35 kBProgress (3): 17 kB | 88 kB | 35 kB                                      Downloaded from central: https://repo.maven.apache.org/maven2/org/slf4j/jcl-over-slf4j/1.5.6/jcl-over-slf4j-1.5.6.jar (17 kB at 274 kB/s)
[1f8e4f79-79aa-4926-878b-5e354a6293eb/build]   | Downloading from central: https://repo.maven.apache.org/maven2/org/apache/maven/maven-project/2.2.1/maven-project-2.2.1.jar
[1f8e4f79-79aa-4926-878b-5e354a6293eb/build]   | Progress (3): 88 kB | 35 kB | 4.1/13 kBProgress (3): 88 kB | 35 kB | 8.2/13 kBProgress (3): 88 kB | 35 kB | 12/13 kB Progress (3): 88 kB | 35 kB | 13 kB   Progress (4): 88 kB | 35 kB | 13 kB | 4.1/26 kBProgress (4): 88 kB | 35 kB | 13 kB | 8.2/26 kBProgress (4): 88 kB | 35 kB | 13 kB | 12/26 kB Progress (4): 88 kB | 35 kB | 13 kB | 16/26 kBProgress (4): 88 kB | 35 kB | 13 kB | 20/26 kBProgress (4): 88 kB | 35 kB | 13 kB | 25/26 kBProgress (4): 88 kB | 35 kB | 13 kB | 26 kB   Progress (5): 88 kB | 35 kB | 13 kB | 26 kB | 4.1/156 kBProgress (5): 88 kB | 35 kB | 13 kB | 26 kB | 8.2/156 kBProgress (5): 88 kB | 35 kB | 13 kB | 26 kB | 12/156 kB Progress (5): 88 kB | 35 kB | 13 kB | 26 kB | 16/156 kBProgress (5): 88 kB | 35 kB | 13 kB | 26 kB | 20/156 kBProgress (5): 88 kB | 35 kB | 13 kB | 26 kB | 24/156 kBProgress (5): 88 kB | 35 kB | 13 kB | 26 kB | 28/156 kB                                                       Downloaded from central: https://repo.maven.apache.org/maven2/org/apache/maven/maven-profile/2.2.1/maven-profile-2.2.1.jar (35 kB at 553 kB/s)
[1f8e4f79-79aa-4926-878b-5e354a6293eb/build]   | Downloaded from central: https://repo.maven.apache.org/maven2/org/apache/maven/maven-model/2.2.1/maven-model-2.2.1.jar (88 kB at 1.3 MB/s)
[1f8e4f79-79aa-4926-878b-5e354a6293eb/build]   | Downloaded from central: https://repo.maven.apache.org/maven2/org/apache/maven/maven-error-diagnostics/2.2.1/maven-error-diagnostics-2.2.1.jar (13 kB at 200 kB/s)
[1f8e4f79-79aa-4926-878b-5e354a6293eb/build]   | Downloading from central: https://repo.maven.apache.org/maven2/org/apache/maven/maven-plugin-registry/2.2.1/maven-plugin-registry-2.2.1.jar
[1f8e4f79-79aa-4926-878b-5e354a6293eb/build]   | Progress (2): 26 kB | 32/156 kB                               Downloading from central: https://repo.maven.apache.org/maven2/org/apache/maven/maven-artifact-manager/2.2.1/maven-artifact-manager-2.2.1.jar
[1f8e4f79-79aa-4926-878b-5e354a6293eb/build]   | Downloading from central: https://repo.maven.apache.org/maven2/org/apache/maven/maven-plugin-descriptor/2.2.1/maven-plugin-descriptor-2.2.1.jar
[1f8e4f79-79aa-4926-878b-5e354a6293eb/build]   | Progress (2): 26 kB | 36/156 kBProgress (2): 26 kB | 40/156 kBProgress (2): 26 kB | 45/156 kBProgress (2): 26 kB | 49/156 kBProgress (2): 26 kB | 53/156 kBProgress (2): 26 kB | 57/156 kBProgress (2): 26 kB | 61/156 kBProgress (2): 26 kB | 65/156 kBProgress (2): 26 kB | 69/156 kBProgress (2): 26 kB | 73/156 kBProgress (2): 26 kB | 77/156 kBProgress (2): 26 kB | 81/156 kBProgress (2): 26 kB | 85/156 kBProgress (2): 26 kB | 90/156 kBProgress (2): 26 kB | 94/156 kBProgress (2): 26 kB | 98/156 kBProgress (2): 26 kB | 102/156 kBProgress (2): 26 kB | 106/156 kBProgress (2): 26 kB | 110/156 kBProgress (2): 26 kB | 114/156 kBProgress (2): 26 kB | 118/156 kBProgress (2): 26 kB | 122/156 kBProgress (2): 26 kB | 126/156 kBProgress (2): 26 kB | 131/156 kBProgress (2): 26 kB | 135/156 kBProgress (2): 26 kB | 139/156 kBProgress (2): 26 kB | 143/156 kBProgress (2): 26 kB | 147/156 kBProgress (3): 26 kB | 147/156 kB | 4.1/68 kBProgress (3): 26 kB | 151/156 kB | 4.1/68 kBProgress (3): 26 kB | 151/156 kB | 8.2/68 kBProgress (3): 26 kB | 155/156 kB | 8.2/68 kBProgress (3): 26 kB | 155/156 kB | 12/68 kB Progress (3): 26 kB | 156 kB | 12/68 kB    Progress (3): 26 kB | 156 kB | 16/68 kBProgress (3): 26 kB | 156 kB | 20/68 kBProgress (3): 26 kB | 156 kB | 24/68 kBProgress (3): 26 kB | 156 kB | 28/68 kBProgress (3): 26 kB | 156 kB | 32/68 kBProgress (3): 26 kB | 156 kB | 36/68 kBProgress (3): 26 kB | 156 kB | 40/68 kBProgress (3): 26 kB | 156 kB | 45/68 kBProgress (3): 26 kB | 156 kB | 49/68 kBProgress (3): 26 kB | 156 kB | 53/68 kBProgress (3): 26 kB | 156 kB | 57/68 kBProgress (3): 26 kB | 156 kB | 61/68 kBProgress (3): 26 kB | 156 kB | 65/68 kBProgress (3): 26 kB | 156 kB | 68 kB                                       Downloaded from central: https://repo.maven.apache.org/maven2/org/apache/maven/maven-repository-metadata/2.2.1/maven-repository-metadata-2.2.1.jar (26 kB at 298 kB/s)
[1f8e4f79-79aa-4926-878b-5e354a6293eb/build]   | Downloading from central: https://repo.maven.apache.org/maven2/backport-util-concurrent/backport-util-concurrent/3.1/backport-util-concurrent-3.1.jar
[1f8e4f79-79aa-4926-878b-5e354a6293eb/build]   | Progress (3): 156 kB | 68 kB | 4.1/39 kBProgress (4): 156 kB | 68 kB | 4.1/39 kB | 4.1/30 kBProgress (4): 156 kB | 68 kB | 8.2/39 kB | 4.1/30 kBProgress (4): 156 kB | 68 kB | 8.2/39 kB | 8.2/30 kBProgress (4): 156 kB | 68 kB | 12/39 kB | 8.2/30 kB Progress (4): 156 kB | 68 kB | 12/39 kB | 12/30 kB Progress (4): 156 kB | 68 kB | 16/39 kB | 12/30 kBProgress (4): 156 kB | 68 kB | 16/39 kB | 16/30 kBProgress (4): 156 kB | 68 kB | 20/39 kB | 16/30 kBProgress (4): 156 kB | 68 kB | 20/39 kB | 20/30 kBProgress (4): 156 kB | 68 kB | 25/39 kB | 20/30 kBProgress (4): 156 kB | 68 kB | 25/39 kB | 25/30 kBProgress (4): 156 kB | 68 kB | 29/39 kB | 25/30 kBProgress (4): 156 kB | 68 kB | 29/39 kB | 29/30 kBProgress (4): 156 kB | 68 kB | 33/39 kB | 29/30 kBProgress (4): 156 kB | 68 kB | 33/39 kB | 30 kB   Progress (4): 156 kB | 68 kB | 37/39 kB | 30 kBProgress (4): 156 kB | 68 kB | 39 kB | 30 kB   Progress (5): 156 kB | 68 kB | 39 kB | 30 kB | 4.1/332 kBProgress (5): 156 kB | 68 kB | 39 kB | 30 kB | 8.2/332 kBProgress (5): 156 kB | 68 kB | 39 kB | 30 kB | 12/332 kB Progress (5): 156 kB | 68 kB | 39 kB | 30 kB | 16/332 kBProgress (5): 156 kB | 68 kB | 39 kB | 30 kB | 20/332 kBProgress (5): 156 kB | 68 kB | 39 kB | 30 kB | 24/332 kBProgress (5): 156 kB | 68 kB | 39 kB | 30 kB | 28/332 kBProgress (5): 156 kB | 68 kB | 39 kB | 30 kB | 32/332 kBProgress (5): 156 kB | 68 kB | 39 kB | 30 kB | 36/332 kBProgress (5): 156 kB | 68 kB | 39 kB | 30 kB | 40/332 kBProgress (5): 156 kB | 68 kB | 39 kB | 30 kB | 45/332 kBProgress (5): 156 kB | 68 kB | 39 kB | 30 kB | 49/332 kBProgress (5): 156 kB | 68 kB | 39 kB | 30 kB | 53/332 kBProgress (5): 156 kB | 68 kB | 39 kB | 30 kB | 57/332 kBProgress (5): 156 kB | 68 kB | 39 kB | 30 kB | 61/332 kBProgress (5): 156 kB | 68 kB | 39 kB | 30 kB | 65/332 kBProgress (5): 156 kB | 68 kB | 39 kB | 30 kB | 69/332 kBProgress (5): 156 kB | 68 kB | 39 kB | 30 kB | 73/332 kBProgress (5): 156 kB | 68 kB | 39 kB | 30 kB | 77/332 kBProgress (5): 156 kB | 68 kB | 39 kB | 30 kB | 81/332 kBProgress (5): 156 kB | 68 kB | 39 kB | 30 kB | 85/332 kBProgress (5): 156 kB | 68 kB | 39 kB | 30 kB | 90/332 kBProgress (5): 156 kB | 68 kB | 39 kB | 30 kB | 94/332 kBProgress (5): 156 kB | 68 kB | 39 kB | 30 kB | 98/332 kBProgress (5): 156 kB | 68 kB | 39 kB | 30 kB | 102/332 kBProgress (5): 156 kB | 68 kB | 39 kB | 30 kB | 106/332 kBProgress (5): 156 kB | 68 kB | 39 kB | 30 kB | 110/332 kBProgress (5): 156 kB | 68 kB | 39 kB | 30 kB | 114/332 kB                                                         Downloaded from central: https://repo.maven.apache.org/maven2/org/apache/maven/maven-artifact-manager/2.2.1/maven-artifact-manager-2.2.1.jar (68 kB at 614 kB/s)
[1f8e4f79-79aa-4926-878b-5e354a6293eb/build]   | Progress (4): 156 kB | 39 kB | 30 kB | 118/332 kB                                                 Downloading from central: https://repo.maven.apache.org/maven2/org/apache/maven/maven-monitor/2.2.1/maven-monitor-2.2.1.jar
[1f8e4f79-79aa-4926-878b-5e354a6293eb/build]   | Progress (4): 156 kB | 39 kB | 30 kB | 122/332 kBProgress (4): 156 kB | 39 kB | 30 kB | 126/332 kBProgress (4): 156 kB | 39 kB | 30 kB | 131/332 kBProgress (4): 156 kB | 39 kB | 30 kB | 135/332 kBProgress (4): 156 kB | 39 kB | 30 kB | 139/332 kB                                                 Downloaded from central: https://repo.maven.apache.org/maven2/org/apache/maven/maven-project/2.2.1/maven-project-2.2.1.jar (156 kB at 1.4 MB/s)
[1f8e4f79-79aa-4926-878b-5e354a6293eb/build]   | Progress (3): 39 kB | 30 kB | 143/332 kB                                        Downloading from central: https://repo.maven.apache.org/maven2/org/sonatype/plexus/plexus-sec-dispatcher/1.3/plexus-sec-dispatcher-1.3.jar
[1f8e4f79-79aa-4926-878b-5e354a6293eb/build]   | Progress (3): 39 kB | 30 kB | 147/332 kBProgress (3): 39 kB | 30 kB | 151/332 kBProgress (3): 39 kB | 30 kB | 155/332 kBProgress (3): 39 kB | 30 kB | 159/332 kBProgress (3): 39 kB | 30 kB | 163/332 kBProgress (3): 39 kB | 30 kB | 167/332 kBProgress (3): 39 kB | 30 kB | 171/332 kBProgress (3): 39 kB | 30 kB | 176/332 kBProgress (3): 39 kB | 30 kB | 180/332 kBProgress (3): 39 kB | 30 kB | 184/332 kBProgress (3): 39 kB | 30 kB | 188/332 kBProgress (3): 39 kB | 30 kB | 192/332 kBProgress (3): 39 kB | 30 kB | 196/332 kBProgress (3): 39 kB | 30 kB | 200/332 kBProgress (3): 39 kB | 30 kB | 204/332 kBProgress (3): 39 kB | 30 kB | 208/332 kBProgress (3): 39 kB | 30 kB | 212/332 kBProgress (3): 39 kB | 30 kB | 217/332 kBProgress (3): 39 kB | 30 kB | 221/332 kBProgress (3): 39 kB | 30 kB | 225/332 kBProgress (3): 39 kB | 30 kB | 229/332 kBProgress (3): 39 kB | 30 kB | 233/332 kBProgress (3): 39 kB | 30 kB | 237/332 kBProgress (3): 39 kB | 30 kB | 241/332 kBProgress (3): 39 kB | 30 kB | 245/332 kBProgress (3): 39 kB | 30 kB | 249/332 kBProgress (3): 39 kB | 30 kB | 253/332 kB                                        Downloaded from central: https://repo.maven.apache.org/maven2/org/apache/maven/maven-plugin-descriptor/2.2.1/maven-plugin-descriptor-2.2.1.jar (39 kB at 342 kB/s)
[1f8e4f79-79aa-4926-878b-5e354a6293eb/build]   | Progress (2): 30 kB | 258/332 kB                                Downloading from central: https://repo.maven.apache.org/maven2/org/sonatype/plexus/plexus-cipher/1.4/plexus-cipher-1.4.jar
[1f8e4f79-79aa-4926-878b-5e354a6293eb/build]   | Downloaded from central: https://repo.maven.apache.org/maven2/org/apache/maven/maven-plugin-registry/2.2.1/maven-plugin-registry-2.2.1.jar (30 kB at 258 kB/s)
[1f8e4f79-79aa-4926-878b-5e354a6293eb/build]   | Progress (1): 262/332 kB                        Downloading from central: https://repo.maven.apache.org/maven2/org/apache/maven/maven-toolchain/2.2.1/maven-toolchain-2.2.1.jar
[1f8e4f79-79aa-4926-878b-5e354a6293eb/build]   | Progress (1): 266/332 kBProgress (1): 270/332 kBProgress (1): 274/332 kBProgress (1): 278/332 kBProgress (2): 278/332 kB | 4.1/10 kBProgress (2): 282/332 kB | 4.1/10 kBProgress (2): 282/332 kB | 8.2/10 kBProgress (2): 286/332 kB | 8.2/10 kBProgress (2): 286/332 kB | 10 kB    Progress (3): 286/332 kB | 10 kB | 4.1/29 kBProgress (3): 290/332 kB | 10 kB | 4.1/29 kBProgress (3): 294/332 kB | 10 kB | 4.1/29 kBProgress (3): 294/332 kB | 10 kB | 8.2/29 kBProgress (3): 294/332 kB | 10 kB | 12/29 kB Progress (3): 294/332 kB | 10 kB | 16/29 kBProgress (3): 298/332 kB | 10 kB | 16/29 kBProgress (3): 303/332 kB | 10 kB | 16/29 kBProgress (3): 307/332 kB | 10 kB | 16/29 kBProgress (3): 307/332 kB | 10 kB | 20/29 kBProgress (3): 311/332 kB | 10 kB | 20/29 kBProgress (3): 311/332 kB | 10 kB | 25/29 kBProgress (3): 311/332 kB | 10 kB | 29 kB   Progress (3): 315/332 kB | 10 kB | 29 kBProgress (3): 319/332 kB | 10 kB | 29 kBProgress (3): 323/332 kB | 10 kB | 29 kBProgress (3): 327/332 kB | 10 kB | 29 kBProgress (3): 331/332 kB | 10 kB | 29 kBProgress (3): 332 kB | 10 kB | 29 kB    Progress (4): 332 kB | 10 kB | 29 kB | 4.1/38 kBProgress (5): 332 kB | 10 kB | 29 kB | 4.1/38 kB | 4.1/13 kBProgress (5): 332 kB | 10 kB | 29 kB | 8.2/38 kB | 4.1/13 kBProgress (5): 332 kB | 10 kB | 29 kB | 8.2/38 kB | 8.2/13 kBProgress (5): 332 kB | 10 kB | 29 kB | 12/38 kB | 8.2/13 kB Progress (5): 332 kB | 10 kB | 29 kB | 12/38 kB | 12/13 kB Progress (5): 332 kB | 10 kB | 29 kB | 16/38 kB | 12/13 kBProgress (5): 332 kB | 10 kB | 29 kB | 16/38 kB | 13 kB   Progress (5): 332 kB | 10 kB | 29 kB | 20/38 kB | 13 kBProgress (5): 332 kB | 10 kB | 29 kB | 25/38 kB | 13 kBProgress (5): 332 kB | 10 kB | 29 kB | 29/38 kB | 13 kBProgress (5): 332 kB | 10 kB | 29 kB | 33/38 kB | 13 kBProgress (5): 332 kB | 10 kB | 29 kB | 37/38 kB | 13 kBProgress (5): 332 kB | 10 kB | 29 kB | 38 kB | 13 kB                                                       Downloaded from central: https://repo.maven.apache.org/maven2/org/apache/maven/maven-monitor/2.2.1/maven-monitor-2.2.1.jar (10 kB at 84 kB/s)
[1f8e4f79-79aa-4926-878b-5e354a6293eb/build]   | Downloading from central: https://repo.maven.apache.org/maven2/org/apache/maven/shared/maven-shared-utils/0.7/maven-shared-utils-0.7.jar
[1f8e4f79-79aa-4926-878b-5e354a6293eb/build]   | Downloaded from central: https://repo.maven.apache.org/maven2/backport-util-concurrent/backport-util-concurrent/3.1/backport-util-concurrent-3.1.jar (332 kB at 2.6 MB/s)
[1f8e4f79-79aa-4926-878b-5e354a6293eb/build]   | Downloaded from central: https://repo.maven.apache.org/maven2/org/apache/maven/maven-toolchain/2.2.1/maven-toolchain-2.2.1.jar (38 kB at 296 kB/s)
[1f8e4f79-79aa-4926-878b-5e354a6293eb/build]   | Downloading from central: https://repo.maven.apache.org/maven2/com/google/code/findbugs/jsr305/2.0.1/jsr305-2.0.1.jar
[1f8e4f79-79aa-4926-878b-5e354a6293eb/build]   | Downloading from central: https://repo.maven.apache.org/maven2/org/apache/maven/shared/maven-shared-incremental/1.1/maven-shared-incremental-1.1.jar
[1f8e4f79-79aa-4926-878b-5e354a6293eb/build]   | Progress (3): 29 kB | 13 kB | 4.1/14 kBProgress (3): 29 kB | 13 kB | 8.2/14 kBProgress (3): 29 kB | 13 kB | 12/14 kB Progress (3): 29 kB | 13 kB | 14 kB   Progress (4): 29 kB | 13 kB | 14 kB | 4.1/170 kBProgress (4): 29 kB | 13 kB | 14 kB | 8.2/170 kBProgress (4): 29 kB | 13 kB | 14 kB | 12/170 kB Progress (4): 29 kB | 13 kB | 14 kB | 16/170 kBProgress (4): 29 kB | 13 kB | 14 kB | 20/170 kBProgress (4): 29 kB | 13 kB | 14 kB | 25/170 kBProgress (4): 29 kB | 13 kB | 14 kB | 29/170 kBProgress (4): 29 kB | 13 kB | 14 kB | 33/170 kBProgress (5): 29 kB | 13 kB | 14 kB | 33/170 kB | 4.1/32 kBProgress (5): 29 kB | 13 kB | 14 kB | 37/170 kB | 4.1/32 kBProgress (5): 29 kB | 13 kB | 14 kB | 37/170 kB | 8.2/32 kBProgress (5): 29 kB | 13 kB | 14 kB | 41/170 kB | 8.2/32 kBProgress (5): 29 kB | 13 kB | 14 kB | 41/170 kB | 12/32 kB Progress (5): 29 kB | 13 kB | 14 kB | 45/170 kB | 12/32 kBProgress (5): 29 kB | 13 kB | 14 kB | 45/170 kB | 16/32 kBProgress (5): 29 kB | 13 kB | 14 kB | 49/170 kB | 16/32 kBProgress (5): 29 kB | 13 kB | 14 kB | 49/170 kB | 20/32 kBProgress (5): 29 kB | 13 kB | 14 kB | 53/170 kB | 20/32 kBProgress (5): 29 kB | 13 kB | 14 kB | 53/170 kB | 25/32 kBProgress (5): 29 kB | 13 kB | 14 kB | 57/170 kB | 25/32 kBProgress (5): 29 kB | 13 kB | 14 kB | 57/170 kB | 29/32 kBProgress (5): 29 kB | 13 kB | 14 kB | 61/170 kB | 29/32 kBProgress (5): 29 kB | 13 kB | 14 kB | 61/170 kB | 32 kB   Progress (5): 29 kB | 13 kB | 14 kB | 66/170 kB | 32 kBProgress (5): 29 kB | 13 kB | 14 kB | 70/170 kB | 32 kBProgress (5): 29 kB | 13 kB | 14 kB | 74/170 kB | 32 kBProgress (5): 29 kB | 13 kB | 14 kB | 78/170 kB | 32 kBProgress (5): 29 kB | 13 kB | 14 kB | 82/170 kB | 32 kBProgress (5): 29 kB | 13 kB | 14 kB | 86/170 kB | 32 kBProgress (5): 29 kB | 13 kB | 14 kB | 90/170 kB | 32 kBProgress (5): 29 kB | 13 kB | 14 kB | 94/170 kB | 32 kBProgress (5): 29 kB | 13 kB | 14 kB | 98/170 kB | 32 kBProgress (5): 29 kB | 13 kB | 14 kB | 102/170 kB | 32 kBProgress (5): 29 kB | 13 kB | 14 kB | 106/170 kB | 32 kBProgress (5): 29 kB | 13 kB | 14 kB | 111/170 kB | 32 kBProgress (5): 29 kB | 13 kB | 14 kB | 115/170 kB | 32 kBProgress (5): 29 kB | 13 kB | 14 kB | 119/170 kB | 32 kBProgress (5): 29 kB | 13 kB | 14 kB | 123/170 kB | 32 kBProgress (5): 29 kB | 13 kB | 14 kB | 127/170 kB | 32 kBProgress (5): 29 kB | 13 kB | 14 kB | 131/170 kB | 32 kBProgress (5): 29 kB | 13 kB | 14 kB | 135/170 kB | 32 kBProgress (5): 29 kB | 13 kB | 14 kB | 139/170 kB | 32 kBProgress (5): 29 kB | 13 kB | 14 kB | 143/170 kB | 32 kBProgress (5): 29 kB | 13 kB | 14 kB | 147/170 kB | 32 kBProgress (5): 29 kB | 13 kB | 14 kB | 152/170 kB | 32 kBProgress (5): 29 kB | 13 kB | 14 kB | 156/170 kB | 32 kBProgress (5): 29 kB | 13 kB | 14 kB | 160/170 kB | 32 kBProgress (5): 29 kB | 13 kB | 14 kB | 164/170 kB | 32 kBProgress (5): 29 kB | 13 kB | 14 kB | 168/170 kB | 32 kBProgress (5): 29 kB | 13 kB | 14 kB | 170 kB | 32 kB                                                        Downloaded from central: https://repo.maven.apache.org/maven2/org/sonatype/plexus/plexus-sec-dispatcher/1.3/plexus-sec-dispatcher-1.3.jar (29 kB at 196 kB/s)
[1f8e4f79-79aa-4926-878b-5e354a6293eb/build]   | Downloaded from central: https://repo.maven.apache.org/maven2/org/sonatype/plexus/plexus-cipher/1.4/plexus-cipher-1.4.jar (13 kB at 92 kB/s)
[1f8e4f79-79aa-4926-878b-5e354a6293eb/build]   | Downloading from central: https://repo.maven.apache.org/maven2/org/codehaus/plexus/plexus-component-annotations/1.5.5/plexus-component-annotations-1.5.5.jar
[1f8e4f79-79aa-4926-878b-5e354a6293eb/build]   | Downloading from central: https://repo.maven.apache.org/maven2/org/codehaus/plexus/plexus-compiler-api/2.5/plexus-compiler-api-2.5.jar
[1f8e4f79-79aa-4926-878b-5e354a6293eb/build]   | Progress (4): 14 kB | 170 kB | 32 kB | 4.1/4.2 kBProgress (4): 14 kB | 170 kB | 32 kB | 4.2 kB    Progress (5): 14 kB | 170 kB | 32 kB | 4.2 kB | 4.1/25 kBProgress (5): 14 kB | 170 kB | 32 kB | 4.2 kB | 8.2/25 kBProgress (5): 14 kB | 170 kB | 32 kB | 4.2 kB | 12/25 kB Progress (5): 14 kB | 170 kB | 32 kB | 4.2 kB | 16/25 kBProgress (5): 14 kB | 170 kB | 32 kB | 4.2 kB | 20/25 kBProgress (5): 14 kB | 170 kB | 32 kB | 4.2 kB | 25/25 kBProgress (5): 14 kB | 170 kB | 32 kB | 4.2 kB | 25 kB                                                        Downloaded from central: https://repo.maven.apache.org/maven2/com/google/code/findbugs/jsr305/2.0.1/jsr305-2.0.1.jar (32 kB at 187 kB/s)
[1f8e4f79-79aa-4926-878b-5e354a6293eb/build]   | Downloading from central: https://repo.maven.apache.org/maven2/org/codehaus/plexus/plexus-compiler-manager/2.5/plexus-compiler-manager-2.5.jar
[1f8e4f79-79aa-4926-878b-5e354a6293eb/build]   | Downloaded from central: https://repo.maven.apache.org/maven2/org/apache/maven/shared/maven-shared-incremental/1.1/maven-shared-incremental-1.1.jar (14 kB at 79 kB/s)
[1f8e4f79-79aa-4926-878b-5e354a6293eb/build]   | Downloading from central: https://repo.maven.apache.org/maven2/org/codehaus/plexus/plexus-compiler-javac/2.5/plexus-compiler-javac-2.5.jar
[1f8e4f79-79aa-4926-878b-5e354a6293eb/build]   | Downloaded from central: https://repo.maven.apache.org/maven2/org/apache/maven/shared/maven-shared-utils/0.7/maven-shared-utils-0.7.jar (170 kB at 983 kB/s)
[1f8e4f79-79aa-4926-878b-5e354a6293eb/build]   | Downloading from central: https://repo.maven.apache.org/maven2/org/codehaus/plexus/plexus-container-default/1.5.5/plexus-container-default-1.5.5.jar
[1f8e4f79-79aa-4926-878b-5e354a6293eb/build]   | Progress (3): 4.2 kB | 25 kB | 4.1/19 kBProgress (3): 4.2 kB | 25 kB | 8.2/19 kBProgress (3): 4.2 kB | 25 kB | 12/19 kB Progress (3): 4.2 kB | 25 kB | 16/19 kBProgress (3): 4.2 kB | 25 kB | 19 kB   Progress (4): 4.2 kB | 25 kB | 19 kB | 4.1/4.6 kBProgress (4): 4.2 kB | 25 kB | 19 kB | 4.6 kB                                                 Downloaded from central: https://repo.maven.apache.org/maven2/org/codehaus/plexus/plexus-component-annotations/1.5.5/plexus-component-annotations-1.5.5.jar (4.2 kB at 24 kB/s)
[1f8e4f79-79aa-4926-878b-5e354a6293eb/build]   | Downloading from central: https://repo.maven.apache.org/maven2/org/codehaus/plexus/plexus-classworlds/2.2.2/plexus-classworlds-2.2.2.jar
[1f8e4f79-79aa-4926-878b-5e354a6293eb/build]   | Downloaded from central: https://repo.maven.apache.org/maven2/org/codehaus/plexus/plexus-compiler-api/2.5/plexus-compiler-api-2.5.jar (25 kB at 141 kB/s)
[1f8e4f79-79aa-4926-878b-5e354a6293eb/build]   | Downloading from central: https://repo.maven.apache.org/maven2/org/apache/xbean/xbean-reflect/3.4/xbean-reflect-3.4.jar
[1f8e4f79-79aa-4926-878b-5e354a6293eb/build]   | Progress (3): 19 kB | 4.6 kB | 4.1/46 kBProgress (3): 19 kB | 4.6 kB | 8.2/46 kBProgress (3): 19 kB | 4.6 kB | 12/46 kB Progress (3): 19 kB | 4.6 kB | 16/46 kBProgress (4): 19 kB | 4.6 kB | 16/46 kB | 4.1/134 kBProgress (4): 19 kB | 4.6 kB | 20/46 kB | 4.1/134 kBProgress (4): 19 kB | 4.6 kB | 24/46 kB | 4.1/134 kBProgress (4): 19 kB | 4.6 kB | 24/46 kB | 8.2/134 kBProgress (4): 19 kB | 4.6 kB | 28/46 kB | 8.2/134 kBProgress (4): 19 kB | 4.6 kB | 28/46 kB | 12/134 kB Progress (4): 19 kB | 4.6 kB | 32/46 kB | 12/134 kBProgress (4): 19 kB | 4.6 kB | 32/46 kB | 16/134 kBProgress (5): 19 kB | 4.6 kB | 32/46 kB | 16/134 kB | 4.1/217 kBProgress (5): 19 kB | 4.6 kB | 36/46 kB | 16/134 kB | 4.1/217 kBProgress (5): 19 kB | 4.6 kB | 36/46 kB | 20/134 kB | 4.1/217 kBProgress (5): 19 kB | 4.6 kB | 36/46 kB | 20/134 kB | 8.2/217 kBProgress (5): 19 kB | 4.6 kB | 36/46 kB | 25/134 kB | 8.2/217 kBProgress (5): 19 kB | 4.6 kB | 36/46 kB | 25/134 kB | 12/217 kB Progress (5): 19 kB | 4.6 kB | 40/46 kB | 25/134 kB | 12/217 kBProgress (5): 19 kB | 4.6 kB | 40/46 kB | 25/134 kB | 16/217 kBProgress (5): 19 kB | 4.6 kB | 40/46 kB | 29/134 kB | 16/217 kBProgress (5): 19 kB | 4.6 kB | 45/46 kB | 29/134 kB | 16/217 kBProgress (5): 19 kB | 4.6 kB | 45/46 kB | 33/134 kB | 16/217 kBProgress (5): 19 kB | 4.6 kB | 46 kB | 33/134 kB | 16/217 kB   Progress (5): 19 kB | 4.6 kB | 46 kB | 33/134 kB | 20/217 kBProgress (5): 19 kB | 4.6 kB | 46 kB | 33/134 kB | 25/217 kBProgress (5): 19 kB | 4.6 kB | 46 kB | 37/134 kB | 25/217 kBProgress (5): 19 kB | 4.6 kB | 46 kB | 37/134 kB | 29/217 kBProgress (5): 19 kB | 4.6 kB | 46 kB | 41/134 kB | 29/217 kBProgress (5): 19 kB | 4.6 kB | 46 kB | 41/134 kB | 33/217 kBProgress (5): 19 kB | 4.6 kB | 46 kB | 45/134 kB | 33/217 kBProgress (5): 19 kB | 4.6 kB | 46 kB | 49/134 kB | 33/217 kBProgress (5): 19 kB | 4.6 kB | 46 kB | 49/134 kB | 37/217 kB                                                            Downloaded from central: https://repo.maven.apache.org/maven2/org/codehaus/plexus/plexus-compiler-javac/2.5/plexus-compiler-javac-2.5.jar (19 kB at 104 kB/s)
[1f8e4f79-79aa-4926-878b-5e354a6293eb/build]   | Progress (4): 4.6 kB | 46 kB | 53/134 kB | 37/217 kBProgress (4): 4.6 kB | 46 kB | 53/134 kB | 41/217 kB                                                    Downloading from central: https://repo.maven.apache.org/maven2/log4j/log4j/1.2.12/log4j-1.2.12.jar
[1f8e4f79-79aa-4926-878b-5e354a6293eb/build]   | Progress (4): 4.6 kB | 46 kB | 57/134 kB | 41/217 kBProgress (4): 4.6 kB | 46 kB | 57/134 kB | 45/217 kBProgress (4): 4.6 kB | 46 kB | 61/134 kB | 45/217 kBProgress (4): 4.6 kB | 46 kB | 61/134 kB | 49/217 kB                                                    Downloaded from central: https://repo.maven.apache.org/maven2/org/codehaus/plexus/plexus-compiler-manager/2.5/plexus-compiler-manager-2.5.jar (4.6 kB at 25 kB/s)
[1f8e4f79-79aa-4926-878b-5e354a6293eb/build]   | Progress (3): 46 kB | 66/134 kB | 49/217 kB                                           Downloading from central: https://repo.maven.apache.org/maven2/commons-logging/commons-logging-api/1.1/commons-logging-api-1.1.jar
[1f8e4f79-79aa-4926-878b-5e354a6293eb/build]   | Progress (3): 46 kB | 66/134 kB | 53/217 kBProgress (3): 46 kB | 66/134 kB | 57/217 kBProgress (3): 46 kB | 70/134 kB | 57/217 kBProgress (3): 46 kB | 70/134 kB | 61/217 kBProgress (3): 46 kB | 74/134 kB | 61/217 kBProgress (3): 46 kB | 74/134 kB | 66/217 kBProgress (3): 46 kB | 78/134 kB | 66/217 kBProgress (3): 46 kB | 82/134 kB | 66/217 kBProgress (3): 46 kB | 82/134 kB | 70/217 kBProgress (3): 46 kB | 82/134 kB | 74/217 kBProgress (3): 46 kB | 82/134 kB | 78/217 kBProgress (3): 46 kB | 82/134 kB | 82/217 kBProgress (3): 46 kB | 86/134 kB | 82/217 kBProgress (3): 46 kB | 90/134 kB | 82/217 kBProgress (3): 46 kB | 90/134 kB | 86/217 kBProgress (3): 46 kB | 94/134 kB | 86/217 kBProgress (3): 46 kB | 94/134 kB | 90/217 kBProgress (3): 46 kB | 98/134 kB | 90/217 kBProgress (3): 46 kB | 98/134 kB | 94/217 kBProgress (3): 46 kB | 98/134 kB | 98/217 kBProgress (3): 46 kB | 102/134 kB | 98/217 kBProgress (3): 46 kB | 102/134 kB | 102/217 kBProgress (3): 46 kB | 106/134 kB | 102/217 kBProgress (3): 46 kB | 106/134 kB | 106/217 kBProgress (3): 46 kB | 111/134 kB | 106/217 kBProgress (4): 46 kB | 111/134 kB | 106/217 kB | 4.1/45 kBProgress (4): 46 kB | 111/134 kB | 111/217 kB | 4.1/45 kBProgress (4): 46 kB | 115/134 kB | 111/217 kB | 4.1/45 kBProgress (4): 46 kB | 115/134 kB | 111/217 kB | 8.2/45 kBProgress (4): 46 kB | 115/134 kB | 115/217 kB | 8.2/45 kBProgress (4): 46 kB | 115/134 kB | 115/217 kB | 12/45 kB Progress (4): 46 kB | 115/134 kB | 115/217 kB | 16/45 kBProgress (4): 46 kB | 119/134 kB | 115/217 kB | 16/45 kBProgress (4): 46 kB | 119/134 kB | 119/217 kB | 16/45 kBProgress (4): 46 kB | 123/134 kB | 119/217 kB | 16/45 kBProgress (4): 46 kB | 123/134 kB | 123/217 kB | 16/45 kBProgress (4): 46 kB | 123/134 kB | 123/217 kB | 20/45 kBProgress (4): 46 kB | 127/134 kB | 123/217 kB | 20/45 kBProgress (4): 46 kB | 127/134 kB | 123/217 kB | 25/45 kBProgress (4): 46 kB | 127/134 kB | 127/217 kB | 25/45 kBProgress (4): 46 kB | 127/134 kB | 127/217 kB | 29/45 kBProgress (4): 46 kB | 131/134 kB | 127/217 kB | 29/45 kBProgress (4): 46 kB | 131/134 kB | 127/217 kB | 33/45 kBProgress (4): 46 kB | 131/134 kB | 131/217 kB | 33/45 kBProgress (4): 46 kB | 134 kB | 131/217 kB | 33/45 kB    Progress (4): 46 kB | 134 kB | 131/217 kB | 37/45 kBProgress (4): 46 kB | 134 kB | 131/217 kB | 41/45 kBProgress (4): 46 kB | 134 kB | 135/217 kB | 41/45 kBProgress (4): 46 kB | 134 kB | 135/217 kB | 45 kB   Progress (4): 46 kB | 134 kB | 139/217 kB | 45 kBProgress (4): 46 kB | 134 kB | 143/217 kB | 45 kBProgress (4): 46 kB | 134 kB | 147/217 kB | 45 kBProgress (4): 46 kB | 134 kB | 152/217 kB | 45 kBProgress (4): 46 kB | 134 kB | 156/217 kB | 45 kBProgress (4): 46 kB | 134 kB | 160/217 kB | 45 kBProgress (4): 46 kB | 134 kB | 164/217 kB | 45 kBProgress (4): 46 kB | 134 kB | 168/217 kB | 45 kBProgress (4): 46 kB | 134 kB | 172/217 kB | 45 kBProgress (4): 46 kB | 134 kB | 176/217 kB | 45 kBProgress (4): 46 kB | 134 kB | 180/217 kB | 45 kBProgress (4): 46 kB | 134 kB | 184/217 kB | 45 kBProgress (4): 46 kB | 134 kB | 188/217 kB | 45 kBProgress (4): 46 kB | 134 kB | 193/217 kB | 45 kBProgress (4): 46 kB | 134 kB | 197/217 kB | 45 kBProgress (4): 46 kB | 134 kB | 201/217 kB | 45 kBProgress (4): 46 kB | 134 kB | 205/217 kB | 45 kBProgress (4): 46 kB | 134 kB | 209/217 kB | 45 kBProgress (4): 46 kB | 134 kB | 213/217 kB | 45 kBProgress (4): 46 kB | 134 kB | 217 kB | 45 kB    Progress (5): 46 kB | 134 kB | 217 kB | 45 kB | 4.1/358 kBProgress (5): 46 kB | 134 kB | 217 kB | 45 kB | 8.2/358 kBProgress (5): 46 kB | 134 kB | 217 kB | 45 kB | 12/358 kB Progress (5): 46 kB | 134 kB | 217 kB | 45 kB | 16/358 kBProgress (5): 46 kB | 134 kB | 217 kB | 45 kB | 20/358 kBProgress (5): 46 kB | 134 kB | 217 kB | 45 kB | 24/358 kBProgress (5): 46 kB | 134 kB | 217 kB | 45 kB | 28/358 kBProgress (5): 46 kB | 134 kB | 217 kB | 45 kB | 32/358 kBProgress (5): 46 kB | 134 kB | 217 kB | 45 kB | 36/358 kBProgress (5): 46 kB | 134 kB | 217 kB | 45 kB | 40/358 kBProgress (5): 46 kB | 134 kB | 217 kB | 45 kB | 45/358 kBProgress (5): 46 kB | 134 kB | 217 kB | 45 kB | 49/358 kB                                                         Downloaded from central: https://repo.maven.apache.org/maven2/org/codehaus/plexus/plexus-classworlds/2.2.2/plexus-classworlds-2.2.2.jar (46 kB at 230 kB/s)
[1f8e4f79-79aa-4926-878b-5e354a6293eb/build]   | Downloading from central: https://repo.maven.apache.org/maven2/com/google/collections/google-collections/1.0/google-collections-1.0.jar
[1f8e4f79-79aa-4926-878b-5e354a6293eb/build]   | Progress (4): 134 kB | 217 kB | 45 kB | 53/358 kBProgress (4): 134 kB | 217 kB | 45 kB | 57/358 kBProgress (4): 134 kB | 217 kB | 45 kB | 61/358 kBProgress (4): 134 kB | 217 kB | 45 kB | 65/358 kBProgress (4): 134 kB | 217 kB | 45 kB | 69/358 kBProgress (4): 134 kB | 217 kB | 45 kB | 73/358 kBProgress (4): 134 kB | 217 kB | 45 kB | 77/358 kBProgress (4): 134 kB | 217 kB | 45 kB | 81/358 kBProgress (4): 134 kB | 217 kB | 45 kB | 85/358 kBProgress (4): 134 kB | 217 kB | 45 kB | 90/358 kBProgress (4): 134 kB | 217 kB | 45 kB | 94/358 kBProgress (4): 134 kB | 217 kB | 45 kB | 98/358 kBProgress (4): 134 kB | 217 kB | 45 kB | 102/358 kBProgress (4): 134 kB | 217 kB | 45 kB | 106/358 kBProgress (4): 134 kB | 217 kB | 45 kB | 110/358 kBProgress (4): 134 kB | 217 kB | 45 kB | 114/358 kBProgress (4): 134 kB | 217 kB | 45 kB | 118/358 kBProgress (4): 134 kB | 217 kB | 45 kB | 122/358 kBProgress (4): 134 kB | 217 kB | 45 kB | 126/358 kBProgress (4): 134 kB | 217 kB | 45 kB | 131/358 kBProgress (4): 134 kB | 217 kB | 45 kB | 135/358 kBProgress (4): 134 kB | 217 kB | 45 kB | 139/358 kBProgress (4): 134 kB | 217 kB | 45 kB | 143/358 kBProgress (4): 134 kB | 217 kB | 45 kB | 147/358 kB                                                  Downloaded from central: https://repo.maven.apache.org/maven2/org/codehaus/plexus/plexus-container-default/1.5.5/plexus-container-default-1.5.5.jar (217 kB at 1.1 MB/s)
[1f8e4f79-79aa-4926-878b-5e354a6293eb/build]   | Downloaded from central: https://repo.maven.apache.org/maven2/commons-logging/commons-logging-api/1.1/commons-logging-api-1.1.jar (45 kB at 218 kB/s)
[1f8e4f79-79aa-4926-878b-5e354a6293eb/build]   | Downloading from central: https://repo.maven.apache.org/maven2/junit/junit/3.8.2/junit-3.8.2.jar
[1f8e4f79-79aa-4926-878b-5e354a6293eb/build]   | Progress (2): 134 kB | 151/358 kB                                 Downloaded from central: https://repo.maven.apache.org/maven2/org/apache/xbean/xbean-reflect/3.4/xbean-reflect-3.4.jar (134 kB at 653 kB/s)
[1f8e4f79-79aa-4926-878b-5e354a6293eb/build]   | Progress (1): 155/358 kBProgress (1): 159/358 kBProgress (1): 163/358 kBProgress (1): 167/358 kBProgress (1): 171/358 kBProgress (1): 176/358 kBProgress (1): 180/358 kBProgress (1): 184/358 kBProgress (1): 188/358 kBProgress (1): 192/358 kBProgress (1): 196/358 kBProgress (1): 200/358 kBProgress (1): 204/358 kBProgress (1): 208/358 kBProgress (1): 212/358 kBProgress (2): 212/358 kB | 4.1/640 kBProgress (3): 212/358 kB | 4.1/640 kB | 4.1/121 kBProgress (3): 217/358 kB | 4.1/640 kB | 4.1/121 kBProgress (3): 217/358 kB | 8.2/640 kB | 4.1/121 kBProgress (3): 217/358 kB | 8.2/640 kB | 8.2/121 kBProgress (3): 217/358 kB | 12/640 kB | 8.2/121 kB Progress (3): 221/358 kB | 12/640 kB | 8.2/121 kBProgress (3): 221/358 kB | 12/640 kB | 12/121 kB Progress (3): 221/358 kB | 16/640 kB | 12/121 kBProgress (3): 225/358 kB | 16/640 kB | 12/121 kBProgress (3): 225/358 kB | 16/640 kB | 16/121 kBProgress (3): 229/358 kB | 16/640 kB | 16/121 kBProgress (3): 229/358 kB | 20/640 kB | 16/121 kBProgress (3): 229/358 kB | 24/640 kB | 16/121 kBProgress (3): 229/358 kB | 28/640 kB | 16/121 kBProgress (3): 229/358 kB | 28/640 kB | 20/121 kBProgress (3): 229/358 kB | 32/640 kB | 20/121 kBProgress (3): 233/358 kB | 32/640 kB | 20/121 kBProgress (3): 233/358 kB | 32/640 kB | 25/121 kBProgress (3): 237/358 kB | 32/640 kB | 25/121 kBProgress (3): 237/358 kB | 32/640 kB | 29/121 kBProgress (3): 237/358 kB | 36/640 kB | 29/121 kBProgress (3): 241/358 kB | 36/640 kB | 29/121 kBProgress (3): 241/358 kB | 36/640 kB | 33/121 kBProgress (3): 245/358 kB | 36/640 kB | 33/121 kBProgress (3): 245/358 kB | 40/640 kB | 33/121 kBProgress (3): 245/358 kB | 45/640 kB | 33/121 kBProgress (3): 245/358 kB | 49/640 kB | 33/121 kBProgress (3): 245/358 kB | 49/640 kB | 37/121 kBProgress (3): 249/358 kB | 49/640 kB | 37/121 kBProgress (3): 249/358 kB | 49/640 kB | 41/121 kBProgress (3): 249/358 kB | 53/640 kB | 41/121 kBProgress (3): 249/358 kB | 53/640 kB | 45/121 kBProgress (3): 249/358 kB | 57/640 kB | 45/121 kBProgress (3): 249/358 kB | 57/640 kB | 49/121 kBProgress (3): 249/358 kB | 61/640 kB | 49/121 kBProgress (3): 249/358 kB | 65/640 kB | 49/121 kBProgress (3): 249/358 kB | 65/640 kB | 53/121 kBProgress (3): 249/358 kB | 65/640 kB | 57/121 kBProgress (3): 249/358 kB | 69/640 kB | 57/121 kBProgress (3): 249/358 kB | 69/640 kB | 61/121 kBProgress (3): 249/358 kB | 73/640 kB | 61/121 kBProgress (3): 249/358 kB | 73/640 kB | 66/121 kBProgress (3): 249/358 kB | 77/640 kB | 66/121 kBProgress (3): 249/358 kB | 81/640 kB | 66/121 kBProgress (3): 249/358 kB | 81/640 kB | 70/121 kBProgress (3): 249/358 kB | 81/640 kB | 74/121 kBProgress (3): 249/358 kB | 85/640 kB | 74/121 kBProgress (3): 249/358 kB | 85/640 kB | 78/121 kBProgress (3): 249/358 kB | 90/640 kB | 78/121 kBProgress (3): 249/358 kB | 90/640 kB | 82/121 kBProgress (3): 249/358 kB | 94/640 kB | 82/121 kBProgress (3): 253/358 kB | 94/640 kB | 82/121 kBProgress (3): 253/358 kB | 98/640 kB | 82/121 kBProgress (3): 258/358 kB | 98/640 kB | 82/121 kBProgress (3): 258/358 kB | 98/640 kB | 86/121 kBProgress (3): 262/358 kB | 98/640 kB | 86/121 kBProgress (3): 262/358 kB | 98/640 kB | 90/121 kBProgress (3): 262/358 kB | 102/640 kB | 90/121 kBProgress (3): 262/358 kB | 102/640 kB | 94/121 kBProgress (3): 262/358 kB | 106/640 kB | 94/121 kBProgress (3): 262/358 kB | 106/640 kB | 98/121 kBProgress (3): 262/358 kB | 110/640 kB | 98/121 kBProgress (3): 266/358 kB | 110/640 kB | 98/121 kBProgress (3): 266/358 kB | 114/640 kB | 98/121 kBProgress (3): 270/358 kB | 114/640 kB | 98/121 kBProgress (3): 270/358 kB | 114/640 kB | 102/121 kBProgress (3): 274/358 kB | 114/640 kB | 102/121 kBProgress (3): 274/358 kB | 114/640 kB | 106/121 kBProgress (3): 278/358 kB | 114/640 kB | 106/121 kBProgress (3): 278/358 kB | 118/640 kB | 106/121 kBProgress (3): 278/358 kB | 118/640 kB | 111/121 kBProgress (3): 278/358 kB | 122/640 kB | 111/121 kBProgress (3): 278/358 kB | 122/640 kB | 115/121 kBProgress (3): 278/358 kB | 126/640 kB | 115/121 kBProgress (3): 282/358 kB | 126/640 kB | 115/121 kBProgress (3): 282/358 kB | 131/640 kB | 115/121 kBProgress (3): 282/358 kB | 131/640 kB | 119/121 kBProgress (3): 286/358 kB | 131/640 kB | 119/121 kBProgress (3): 286/358 kB | 131/640 kB | 121 kB    Progress (3): 290/358 kB | 131/640 kB | 121 kBProgress (3): 290/358 kB | 135/640 kB | 121 kBProgress (3): 294/358 kB | 135/640 kB | 121 kBProgress (3): 294/358 kB | 139/640 kB | 121 kBProgress (3): 294/358 kB | 143/640 kB | 121 kBProgress (3): 294/358 kB | 147/640 kB | 121 kBProgress (3): 298/358 kB | 147/640 kB | 121 kBProgress (3): 303/358 kB | 147/640 kB | 121 kBProgress (3): 303/358 kB | 151/640 kB | 121 kBProgress (3): 307/358 kB | 151/640 kB | 121 kBProgress (3): 307/358 kB | 155/640 kB | 121 kBProgress (3): 311/358 kB | 155/640 kB | 121 kBProgress (3): 311/358 kB | 159/640 kB | 121 kBProgress (3): 311/358 kB | 163/640 kB | 121 kBProgress (3): 315/358 kB | 163/640 kB | 121 kBProgress (3): 315/358 kB | 167/640 kB | 121 kBProgress (3): 319/358 kB | 167/640 kB | 121 kBProgress (3): 319/358 kB | 171/640 kB | 121 kBProgress (3): 323/358 kB | 171/640 kB | 121 kBProgress (3): 323/358 kB | 176/640 kB | 121 kBProgress (3): 327/358 kB | 176/640 kB | 121 kBProgress (3): 327/358 kB | 180/640 kB | 121 kBProgress (3): 331/358 kB | 180/640 kB | 121 kBProgress (3): 331/358 kB | 184/640 kB | 121 kBProgress (3): 335/358 kB | 184/640 kB | 121 kBProgress (3): 335/358 kB | 188/640 kB | 121 kBProgress (3): 339/358 kB | 188/640 kB | 121 kBProgress (3): 339/358 kB | 192/640 kB | 121 kBProgress (3): 344/358 kB | 192/640 kB | 121 kBProgress (3): 344/358 kB | 196/640 kB | 121 kBProgress (3): 348/358 kB | 196/640 kB | 121 kBProgress (3): 352/358 kB | 196/640 kB | 121 kBProgress (3): 352/358 kB | 200/640 kB | 121 kBProgress (3): 356/358 kB | 200/640 kB | 121 kBProgress (3): 356/358 kB | 204/640 kB | 121 kBProgress (3): 358 kB | 204/640 kB | 121 kB    Progress (3): 358 kB | 208/640 kB | 121 kBProgress (3): 358 kB | 212/640 kB | 121 kBProgress (3): 358 kB | 217/640 kB | 121 kBProgress (3): 358 kB | 221/640 kB | 121 kBProgress (3): 358 kB | 225/640 kB | 121 kBProgress (3): 358 kB | 229/640 kB | 121 kBProgress (3): 358 kB | 233/640 kB | 121 kBProgress (3): 358 kB | 237/640 kB | 121 kBProgress (3): 358 kB | 241/640 kB | 121 kBProgress (3): 358 kB | 245/640 kB | 121 kBProgress (3): 358 kB | 249/640 kB | 121 kBProgress (3): 358 kB | 253/640 kB | 121 kBProgress (3): 358 kB | 258/640 kB | 121 kBProgress (3): 358 kB | 262/640 kB | 121 kBProgress (3): 358 kB | 266/640 kB | 121 kBProgress (3): 358 kB | 270/640 kB | 121 kBProgress (3): 358 kB | 274/640 kB | 121 kBProgress (3): 358 kB | 278/640 kB | 121 kBProgress (3): 358 kB | 282/640 kB | 121 kBProgress (3): 358 kB | 286/640 kB | 121 kBProgress (3): 358 kB | 290/640 kB | 121 kBProgress (3): 358 kB | 294/640 kB | 121 kBProgress (3): 358 kB | 298/640 kB | 121 kBProgress (3): 358 kB | 303/640 kB | 121 kBProgress (3): 358 kB | 307/640 kB | 121 kBProgress (3): 358 kB | 311/640 kB | 121 kBProgress (3): 358 kB | 315/640 kB | 121 kBProgress (3): 358 kB | 319/640 kB | 121 kBProgress (3): 358 kB | 323/640 kB | 121 kBProgress (3): 358 kB | 327/640 kB | 121 kBProgress (3): 358 kB | 331/640 kB | 121 kBProgress (3): 358 kB | 335/640 kB | 121 kBProgress (3): 358 kB | 339/640 kB | 121 kBProgress (3): 358 kB | 344/640 kB | 121 kBProgress (3): 358 kB | 348/640 kB | 121 kBProgress (3): 358 kB | 352/640 kB | 121 kBProgress (3): 358 kB | 356/640 kB | 121 kBProgress (3): 358 kB | 360/640 kB | 121 kBProgress (3): 358 kB | 364/640 kB | 121 kBProgress (3): 358 kB | 368/640 kB | 121 kBProgress (3): 358 kB | 372/640 kB | 121 kBProgress (3): 358 kB | 376/640 kB | 121 kBProgress (3): 358 kB | 380/640 kB | 121 kBProgress (3): 358 kB | 384/640 kB | 121 kBProgress (3): 358 kB | 389/640 kB | 121 kBProgress (3): 358 kB | 393/640 kB | 121 kBProgress (3): 358 kB | 397/640 kB | 121 kBProgress (3): 358 kB | 401/640 kB | 121 kBProgress (3): 358 kB | 405/640 kB | 121 kBProgress (3): 358 kB | 409/640 kB | 121 kBProgress (3): 358 kB | 413/640 kB | 121 kBProgress (3): 358 kB | 417/640 kB | 121 kBProgress (3): 358 kB | 421/640 kB | 121 kBProgress (3): 358 kB | 425/640 kB | 121 kBProgress (3): 358 kB | 430/640 kB | 121 kBProgress (3): 358 kB | 434/640 kB | 121 kBProgress (3): 358 kB | 438/640 kB | 121 kBProgress (3): 358 kB | 442/640 kB | 121 kBProgress (3): 358 kB | 446/640 kB | 121 kBProgress (3): 358 kB | 450/640 kB | 121 kBProgress (3): 358 kB | 454/640 kB | 121 kBProgress (3): 358 kB | 458/640 kB | 121 kBProgress (3): 358 kB | 462/640 kB | 121 kBProgress (3): 358 kB | 466/640 kB | 121 kBProgress (3): 358 kB | 470/640 kB | 121 kBProgress (3): 358 kB | 475/640 kB | 121 kBProgress (3): 358 kB | 479/640 kB | 121 kBProgress (3): 358 kB | 483/640 kB | 121 kBProgress (3): 358 kB | 487/640 kB | 121 kBProgress (3): 358 kB | 491/640 kB | 121 kBProgress (3): 358 kB | 495/640 kB | 121 kBProgress (3): 358 kB | 499/640 kB | 121 kBProgress (3): 358 kB | 503/640 kB | 121 kBProgress (3): 358 kB | 507/640 kB | 121 kBProgress (3): 358 kB | 511/640 kB | 121 kBProgress (3): 358 kB | 516/640 kB | 121 kBProgress (3): 358 kB | 520/640 kB | 121 kBProgress (3): 358 kB | 524/640 kB | 121 kBProgress (3): 358 kB | 528/640 kB | 121 kBProgress (3): 358 kB | 532/640 kB | 121 kBProgress (3): 358 kB | 536/640 kB | 121 kBProgress (3): 358 kB | 540/640 kB | 121 kBProgress (3): 358 kB | 544/640 kB | 121 kBProgress (3): 358 kB | 548/640 kB | 121 kBProgress (3): 358 kB | 552/640 kB | 121 kBProgress (3): 358 kB | 557/640 kB | 121 kBProgress (3): 358 kB | 561/640 kB | 121 kBProgress (3): 358 kB | 565/640 kB | 121 kBProgress (3): 358 kB | 569/640 kB | 121 kBProgress (3): 358 kB | 573/640 kB | 121 kBProgress (3): 358 kB | 577/640 kB | 121 kBProgress (3): 358 kB | 581/640 kB | 121 kBProgress (3): 358 kB | 585/640 kB | 121 kBProgress (3): 358 kB | 589/640 kB | 121 kBProgress (3): 358 kB | 593/640 kB | 121 kBProgress (3): 358 kB | 597/640 kB | 121 kBProgress (3): 358 kB | 602/640 kB | 121 kBProgress (3): 358 kB | 606/640 kB | 121 kBProgress (3): 358 kB | 610/640 kB | 121 kBProgress (3): 358 kB | 614/640 kB | 121 kBProgress (3): 358 kB | 618/640 kB | 121 kBProgress (3): 358 kB | 622/640 kB | 121 kBProgress (3): 358 kB | 626/640 kB | 121 kBProgress (3): 358 kB | 630/640 kB | 121 kBProgress (3): 358 kB | 634/640 kB | 121 kBProgress (3): 358 kB | 638/640 kB | 121 kBProgress (3): 358 kB | 640 kB | 121 kB                                          Downloaded from central: https://repo.maven.apache.org/maven2/junit/junit/3.8.2/junit-3.8.2.jar (121 kB at 452 kB/s)
[1f8e4f79-79aa-4926-878b-5e354a6293eb/build]   | Downloaded from central: https://repo.maven.apache.org/maven2/log4j/log4j/1.2.12/log4j-1.2.12.jar (358 kB at 1.3 MB/s)
[1f8e4f79-79aa-4926-878b-5e354a6293eb/build]   | Downloaded from central: https://repo.maven.apache.org/maven2/com/google/collections/google-collections/1.0/google-collections-1.0.jar (640 kB at 2.3 MB/s)
[1f8e4f79-79aa-4926-878b-5e354a6293eb/build]   | [INFO] Nothing to compile - all classes are up to date
[1f8e4f79-79aa-4926-878b-5e354a6293eb/build]   | [INFO] 
[1f8e4f79-79aa-4926-878b-5e354a6293eb/build]   | [INFO] --- maven-resources-plugin:2.6:testResources (default-testResources) @ mammoth ---
[1f8e4f79-79aa-4926-878b-5e354a6293eb/build]   | [WARNING] Using platform encoding (UTF-8 actually) to copy filtered resources, i.e. build is platform dependent!
[1f8e4f79-79aa-4926-878b-5e354a6293eb/build]   | [INFO] Copying 20 resources
[1f8e4f79-79aa-4926-878b-5e354a6293eb/build]   | [INFO] 
[1f8e4f79-79aa-4926-878b-5e354a6293eb/build]   | [INFO] --- maven-compiler-plugin:3.3:testCompile (default-testCompile) @ mammoth ---
[1f8e4f79-79aa-4926-878b-5e354a6293eb/build]   | [INFO] Changes detected - recompiling the module!
[1f8e4f79-79aa-4926-878b-5e354a6293eb/build]   | [WARNING] File encoding has not been set, using platform encoding UTF-8, i.e. build is platform dependent!
[1f8e4f79-79aa-4926-878b-5e354a6293eb/build]   | [INFO] Compiling 41 source files to /tmp/e92335b7-3e6e-43fb-b8b6-063d5dc42291/target/test-classes
[1f8e4f79-79aa-4926-878b-5e354a6293eb/build]   | [INFO] /tmp/e92335b7-3e6e-43fb-b8b6-063d5dc42291/src/test/java/org/zwobble/mammoth/tests/styles/parsing/DocumentMatcherParsingTests.java: Some input files use unchecked or unsafe operations.
[1f8e4f79-79aa-4926-878b-5e354a6293eb/build]   | [INFO] /tmp/e92335b7-3e6e-43fb-b8b6-063d5dc42291/src/test/java/org/zwobble/mammoth/tests/styles/parsing/DocumentMatcherParsingTests.java: Recompile with -Xlint:unchecked for details.
[1f8e4f79-79aa-4926-878b-5e354a6293eb/build]   | [INFO] 
[1f8e4f79-79aa-4926-878b-5e354a6293eb/build]   | [INFO] --- maven-surefire-plugin:2.19.1:test (default-test) @ mammoth ---
[1f8e4f79-79aa-4926-878b-5e354a6293eb/build]   | Downloading from central: https://repo.maven.apache.org/maven2/org/apache/maven/surefire/maven-surefire-common/2.19.1/maven-surefire-common-2.19.1.pom
[1f8e4f79-79aa-4926-878b-5e354a6293eb/build]   | Progress (1): 4.1/7.3 kBProgress (1): 7.3 kB                        Downloaded from central: https://repo.maven.apache.org/maven2/org/apache/maven/surefire/maven-surefire-common/2.19.1/maven-surefire-common-2.19.1.pom (7.3 kB at 272 kB/s)
[1f8e4f79-79aa-4926-878b-5e354a6293eb/build]   | Downloading from central: https://repo.maven.apache.org/maven2/org/apache/maven/plugin-tools/maven-plugin-annotations/3.3/maven-plugin-annotations-3.3.pom
[1f8e4f79-79aa-4926-878b-5e354a6293eb/build]   | Progress (1): 1.6 kB                    Downloaded from central: https://repo.maven.apache.org/maven2/org/apache/maven/plugin-tools/maven-plugin-annotations/3.3/maven-plugin-annotations-3.3.pom (1.6 kB at 43 kB/s)
[1f8e4f79-79aa-4926-878b-5e354a6293eb/build]   | Downloading from central: https://repo.maven.apache.org/maven2/org/apache/maven/plugin-tools/maven-plugin-tools/3.3/maven-plugin-tools-3.3.pom
[1f8e4f79-79aa-4926-878b-5e354a6293eb/build]   | Progress (1): 4.1/13 kBProgress (1): 8.2/13 kBProgress (1): 12/13 kB Progress (1): 13 kB                      Downloaded from central: https://repo.maven.apache.org/maven2/org/apache/maven/plugin-tools/maven-plugin-tools/3.3/maven-plugin-tools-3.3.pom (13 kB at 632 kB/s)
[1f8e4f79-79aa-4926-878b-5e354a6293eb/build]   | Downloading from central: https://repo.maven.apache.org/maven2/org/apache/maven/surefire/surefire-api/2.19.1/surefire-api-2.19.1.pom
[1f8e4f79-79aa-4926-878b-5e354a6293eb/build]   | Progress (1): 3.5 kB                    Downloaded from central: https://repo.maven.apache.org/maven2/org/apache/maven/surefire/surefire-api/2.19.1/surefire-api-2.19.1.pom (3.5 kB at 390 kB/s)
[1f8e4f79-79aa-4926-878b-5e354a6293eb/build]   | Downloading from central: https://repo.maven.apache.org/maven2/org/apache/maven/surefire/surefire-booter/2.19.1/surefire-booter-2.19.1.pom
[1f8e4f79-79aa-4926-878b-5e354a6293eb/build]   | Progress (1): 3.2 kB                    Downloaded from central: https://repo.maven.apache.org/maven2/org/apache/maven/surefire/surefire-booter/2.19.1/surefire-booter-2.19.1.pom (3.2 kB at 86 kB/s)
[1f8e4f79-79aa-4926-878b-5e354a6293eb/build]   | Downloading from central: https://repo.maven.apache.org/maven2/org/apache/maven/reporting/maven-reporting-api/3.0/maven-reporting-api-3.0.pom
[1f8e4f79-79aa-4926-878b-5e354a6293eb/build]   | Progress (1): 2.4 kB                    Downloaded from central: https://repo.maven.apache.org/maven2/org/apache/maven/reporting/maven-reporting-api/3.0/maven-reporting-api-3.0.pom (2.4 kB at 61 kB/s)
[1f8e4f79-79aa-4926-878b-5e354a6293eb/build]   | Downloading from central: https://repo.maven.apache.org/maven2/org/apache/maven/shared/maven-shared-components/15/maven-shared-components-15.pom
[1f8e4f79-79aa-4926-878b-5e354a6293eb/build]   | Progress (1): 4.1/9.3 kBProgress (1): 8.2/9.3 kBProgress (1): 9.3 kB                        Downloaded from central: https://repo.maven.apache.org/maven2/org/apache/maven/shared/maven-shared-components/15/maven-shared-components-15.pom (9.3 kB at 139 kB/s)
[1f8e4f79-79aa-4926-878b-5e354a6293eb/build]   | Downloading from central: https://repo.maven.apache.org/maven2/org/apache/maven/maven-parent/16/maven-parent-16.pom
[1f8e4f79-79aa-4926-878b-5e354a6293eb/build]   | Progress (1): 4.1/23 kBProgress (1): 8.2/23 kBProgress (1): 12/23 kB Progress (1): 16/23 kBProgress (1): 20/23 kBProgress (1): 23 kB                      Downloaded from central: https://repo.maven.apache.org/maven2/org/apache/maven/maven-parent/16/maven-parent-16.pom (23 kB at 862 kB/s)
[1f8e4f79-79aa-4926-878b-5e354a6293eb/build]   | Downloading from central: https://repo.maven.apache.org/maven2/org/apache/apache/7/apache-7.pom
[1f8e4f79-79aa-4926-878b-5e354a6293eb/build]   | Progress (1): 4.1/14 kBProgress (1): 8.2/14 kBProgress (1): 12/14 kB Progress (1): 14 kB                      Downloaded from central: https://repo.maven.apache.org/maven2/org/apache/apache/7/apache-7.pom (14 kB at 687 kB/s)
[1f8e4f79-79aa-4926-878b-5e354a6293eb/build]   | Downloading from central: https://repo.maven.apache.org/maven2/org/apache/commons/commons-lang3/3.1/commons-lang3-3.1.pom
[1f8e4f79-79aa-4926-878b-5e354a6293eb/build]   | Progress (1): 4.1/17 kBProgress (1): 8.2/17 kBProgress (1): 12/17 kB Progress (1): 16/17 kBProgress (1): 17 kB                      Downloaded from central: https://repo.maven.apache.org/maven2/org/apache/commons/commons-lang3/3.1/commons-lang3-3.1.pom (17 kB at 428 kB/s)
[1f8e4f79-79aa-4926-878b-5e354a6293eb/build]   | Downloading from central: https://repo.maven.apache.org/maven2/org/apache/commons/commons-parent/22/commons-parent-22.pom
[1f8e4f79-79aa-4926-878b-5e354a6293eb/build]   | Progress (1): 4.1/42 kBProgress (1): 8.2/42 kBProgress (1): 12/42 kB Progress (1): 16/42 kBProgress (1): 20/42 kBProgress (1): 25/42 kBProgress (1): 29/42 kBProgress (1): 33/42 kBProgress (1): 37/42 kBProgress (1): 41/42 kBProgress (1): 42 kB                      Downloaded from central: https://repo.maven.apache.org/maven2/org/apache/commons/commons-parent/22/commons-parent-22.pom (42 kB at 1.3 MB/s)
[1f8e4f79-79aa-4926-878b-5e354a6293eb/build]   | Downloading from central: https://repo.maven.apache.org/maven2/org/apache/apache/9/apache-9.pom
[1f8e4f79-79aa-4926-878b-5e354a6293eb/build]   | Progress (1): 4.1/15 kBProgress (1): 8.2/15 kBProgress (1): 12/15 kB Progress (1): 15 kB                      Downloaded from central: https://repo.maven.apache.org/maven2/org/apache/apache/9/apache-9.pom (15 kB at 1.2 MB/s)
[1f8e4f79-79aa-4926-878b-5e354a6293eb/build]   | Downloading from central: https://repo.maven.apache.org/maven2/org/apache/maven/surefire/maven-surefire-common/2.19.1/maven-surefire-common-2.19.1.jar
[1f8e4f79-79aa-4926-878b-5e354a6293eb/build]   | Downloading from central: https://repo.maven.apache.org/maven2/org/apache/maven/reporting/maven-reporting-api/3.0/maven-reporting-api-3.0.jar
[1f8e4f79-79aa-4926-878b-5e354a6293eb/build]   | Downloading from central: https://repo.maven.apache.org/maven2/org/apache/commons/commons-lang3/3.1/commons-lang3-3.1.jar
[1f8e4f79-79aa-4926-878b-5e354a6293eb/build]   | Downloading from central: https://repo.maven.apache.org/maven2/org/apache/maven/surefire/surefire-api/2.19.1/surefire-api-2.19.1.jar
[1f8e4f79-79aa-4926-878b-5e354a6293eb/build]   | Downloading from central: https://repo.maven.apache.org/maven2/org/apache/maven/surefire/surefire-booter/2.19.1/surefire-booter-2.19.1.jar
[1f8e4f79-79aa-4926-878b-5e354a6293eb/build]   | Progress (1): 4.1/293 kBProgress (1): 8.2/293 kBProgress (1): 12/293 kB Progress (1): 16/293 kBProgress (1): 20/293 kBProgress (1): 25/293 kBProgress (1): 29/293 kBProgress (1): 33/293 kBProgress (1): 37/293 kBProgress (1): 41/293 kBProgress (1): 45/293 kBProgress (1): 49/293 kBProgress (1): 53/293 kBProgress (1): 57/293 kBProgress (1): 61/293 kBProgress (1): 66/293 kBProgress (1): 70/293 kBProgress (2): 70/293 kB | 4.1/11 kBProgress (2): 74/293 kB | 4.1/11 kBProgress (2): 78/293 kB | 4.1/11 kBProgress (2): 78/293 kB | 8.2/11 kBProgress (2): 82/293 kB | 8.2/11 kBProgress (2): 82/293 kB | 11 kB    Progress (2): 86/293 kB | 11 kBProgress (2): 90/293 kB | 11 kBProgress (2): 94/293 kB | 11 kBProgress (2): 98/293 kB | 11 kBProgress (2): 102/293 kB | 11 kBProgress (2): 106/293 kB | 11 kBProgress (2): 111/293 kB | 11 kBProgress (2): 115/293 kB | 11 kBProgress (2): 119/293 kB | 11 kBProgress (2): 123/293 kB | 11 kBProgress (2): 127/293 kB | 11 kBProgress (2): 131/293 kB | 11 kBProgress (2): 135/293 kB | 11 kBProgress (3): 135/293 kB | 11 kB | 4.1/196 kBProgress (3): 139/293 kB | 11 kB | 4.1/196 kBProgress (3): 143/293 kB | 11 kB | 4.1/196 kBProgress (3): 143/293 kB | 11 kB | 8.2/196 kBProgress (3): 147/293 kB | 11 kB | 8.2/196 kBProgress (3): 147/293 kB | 11 kB | 12/196 kB Progress (3): 147/293 kB | 11 kB | 16/196 kBProgress (3): 147/293 kB | 11 kB | 20/196 kBProgress (3): 147/293 kB | 11 kB | 24/196 kBProgress (3): 147/293 kB | 11 kB | 28/196 kBProgress (3): 147/293 kB | 11 kB | 32/196 kBProgress (3): 147/293 kB | 11 kB | 36/196 kBProgress (3): 147/293 kB | 11 kB | 40/196 kBProgress (3): 152/293 kB | 11 kB | 40/196 kBProgress (3): 152/293 kB | 11 kB | 45/196 kBProgress (3): 156/293 kB | 11 kB | 45/196 kBProgress (3): 160/293 kB | 11 kB | 45/196 kBProgress (3): 160/293 kB | 11 kB | 49/196 kBProgress (3): 164/293 kB | 11 kB | 49/196 kBProgress (3): 168/293 kB | 11 kB | 49/196 kBProgress (3): 172/293 kB | 11 kB | 49/196 kBProgress (3): 172/293 kB | 11 kB | 53/196 kBProgress (3): 176/293 kB | 11 kB | 53/196 kBProgress (3): 180/293 kB | 11 kB | 53/196 kBProgress (3): 180/293 kB | 11 kB | 57/196 kBProgress (3): 180/293 kB | 11 kB | 61/196 kBProgress (3): 180/293 kB | 11 kB | 65/196 kBProgress (3): 184/293 kB | 11 kB | 65/196 kBProgress (3): 188/293 kB | 11 kB | 65/196 kBProgress (3): 193/293 kB | 11 kB | 65/196 kBProgress (3): 193/293 kB | 11 kB | 69/196 kBProgress (3): 197/293 kB | 11 kB | 69/196 kBProgress (3): 197/293 kB | 11 kB | 73/196 kBProgress (3): 201/293 kB | 11 kB | 73/196 kBProgress (3): 201/293 kB | 11 kB | 77/196 kBProgress (3): 205/293 kB | 11 kB | 77/196 kBProgress (3): 209/293 kB | 11 kB | 77/196 kBProgress (3): 209/293 kB | 11 kB | 81/196 kBProgress (3): 213/293 kB | 11 kB | 81/196 kBProgress (3): 217/293 kB | 11 kB | 81/196 kBProgress (3): 217/293 kB | 11 kB | 85/196 kBProgress (3): 221/293 kB | 11 kB | 85/196 kBProgress (3): 225/293 kB | 11 kB | 85/196 kBProgress (3): 225/293 kB | 11 kB | 90/196 kBProgress (3): 229/293 kB | 11 kB | 90/196 kBProgress (3): 229/293 kB | 11 kB | 94/196 kBProgress (3): 233/293 kB | 11 kB | 94/196 kBProgress (3): 238/293 kB | 11 kB | 94/196 kBProgress (3): 238/293 kB | 11 kB | 98/196 kBProgress (3): 242/293 kB | 11 kB | 98/196 kBProgress (3): 246/293 kB | 11 kB | 98/196 kBProgress (3): 246/293 kB | 11 kB | 102/196 kBProgress (3): 250/293 kB | 11 kB | 102/196 kBProgress (3): 254/293 kB | 11 kB | 102/196 kBProgress (3): 254/293 kB | 11 kB | 106/196 kBProgress (3): 258/293 kB | 11 kB | 106/196 kBProgress (3): 262/293 kB | 11 kB | 106/196 kBProgress (3): 262/293 kB | 11 kB | 110/196 kBProgress (3): 266/293 kB | 11 kB | 110/196 kBProgress (3): 266/293 kB | 11 kB | 114/196 kBProgress (3): 270/293 kB | 11 kB | 114/196 kBProgress (3): 274/293 kB | 11 kB | 114/196 kBProgress (3): 279/293 kB | 11 kB | 114/196 kBProgress (3): 279/293 kB | 11 kB | 118/196 kBProgress (3): 279/293 kB | 11 kB | 122/196 kBProgress (3): 279/293 kB | 11 kB | 126/196 kBProgress (3): 283/293 kB | 11 kB | 126/196 kBProgress (3): 287/293 kB | 11 kB | 126/196 kBProgress (3): 287/293 kB | 11 kB | 131/196 kBProgress (3): 291/293 kB | 11 kB | 131/196 kBProgress (3): 293 kB | 11 kB | 131/196 kB    Progress (3): 293 kB | 11 kB | 135/196 kBProgress (3): 293 kB | 11 kB | 139/196 kBProgress (3): 293 kB | 11 kB | 143/196 kBProgress (3): 293 kB | 11 kB | 147/196 kBProgress (3): 293 kB | 11 kB | 151/196 kBProgress (4): 293 kB | 11 kB | 151/196 kB | 4.1/316 kBProgress (4): 293 kB | 11 kB | 155/196 kB | 4.1/316 kBProgress (4): 293 kB | 11 kB | 159/196 kB | 4.1/316 kBProgress (4): 293 kB | 11 kB | 159/196 kB | 8.2/316 kBProgress (4): 293 kB | 11 kB | 163/196 kB | 8.2/316 kBProgress (4): 293 kB | 11 kB | 163/196 kB | 12/316 kB Progress (4): 293 kB | 11 kB | 163/196 kB | 16/316 kBProgress (4): 293 kB | 11 kB | 167/196 kB | 16/316 kBProgress (4): 293 kB | 11 kB | 171/196 kB | 16/316 kBProgress (4): 293 kB | 11 kB | 171/196 kB | 20/316 kBProgress (4): 293 kB | 11 kB | 176/196 kB | 20/316 kBProgress (4): 293 kB | 11 kB | 180/196 kB | 20/316 kBProgress (4): 293 kB | 11 kB | 180/196 kB | 25/316 kBProgress (4): 293 kB | 11 kB | 184/196 kB | 25/316 kBProgress (4): 293 kB | 11 kB | 184/196 kB | 29/316 kBProgress (4): 293 kB | 11 kB | 188/196 kB | 29/316 kBProgress (4): 293 kB | 11 kB | 188/196 kB | 33/316 kBProgress (4): 293 kB | 11 kB | 192/196 kB | 33/316 kBProgress (4): 293 kB | 11 kB | 196/196 kB | 33/316 kBProgress (4): 293 kB | 11 kB | 196/196 kB | 37/316 kBProgress (4): 293 kB | 11 kB | 196/196 kB | 41/316 kBProgress (4): 293 kB | 11 kB | 196 kB | 41/316 kB    Progress (4): 293 kB | 11 kB | 196 kB | 45/316 kBProgress (4): 293 kB | 11 kB | 196 kB | 49/316 kBProgress (4): 293 kB | 11 kB | 196 kB | 53/316 kBProgress (4): 293 kB | 11 kB | 196 kB | 57/316 kBProgress (4): 293 kB | 11 kB | 196 kB | 61/316 kBProgress (4): 293 kB | 11 kB | 196 kB | 66/316 kBProgress (4): 293 kB | 11 kB | 196 kB | 70/316 kBProgress (4): 293 kB | 11 kB | 196 kB | 74/316 kBProgress (4): 293 kB | 11 kB | 196 kB | 78/316 kBProgress (4): 293 kB | 11 kB | 196 kB | 82/316 kBProgress (4): 293 kB | 11 kB | 196 kB | 86/316 kBProgress (4): 293 kB | 11 kB | 196 kB | 90/316 kBProgress (4): 293 kB | 11 kB | 196 kB | 94/316 kBProgress (4): 293 kB | 11 kB | 196 kB | 98/316 kBProgress (4): 293 kB | 11 kB | 196 kB | 102/316 kBProgress (4): 293 kB | 11 kB | 196 kB | 106/316 kBProgress (4): 293 kB | 11 kB | 196 kB | 111/316 kBProgress (4): 293 kB | 11 kB | 196 kB | 115/316 kBProgress (4): 293 kB | 11 kB | 196 kB | 119/316 kBProgress (4): 293 kB | 11 kB | 196 kB | 123/316 kBProgress (4): 293 kB | 11 kB | 196 kB | 127/316 kBProgress (4): 293 kB | 11 kB | 196 kB | 131/316 kBProgress (4): 293 kB | 11 kB | 196 kB | 135/316 kBProgress (4): 293 kB | 11 kB | 196 kB | 139/316 kBProgress (4): 293 kB | 11 kB | 196 kB | 143/316 kBProgress (4): 293 kB | 11 kB | 196 kB | 147/316 kBProgress (4): 293 kB | 11 kB | 196 kB | 152/316 kBProgress (4): 293 kB | 11 kB | 196 kB | 156/316 kBProgress (4): 293 kB | 11 kB | 196 kB | 160/316 kBProgress (4): 293 kB | 11 kB | 196 kB | 164/316 kBProgress (4): 293 kB | 11 kB | 196 kB | 168/316 kBProgress (4): 293 kB | 11 kB | 196 kB | 172/316 kBProgress (4): 293 kB | 11 kB | 196 kB | 176/316 kBProgress (4): 293 kB | 11 kB | 196 kB | 180/316 kBProgress (4): 293 kB | 11 kB | 196 kB | 184/316 kBProgress (4): 293 kB | 11 kB | 196 kB | 188/316 kBProgress (4): 293 kB | 11 kB | 196 kB | 193/316 kBProgress (4): 293 kB | 11 kB | 196 kB | 197/316 kBProgress (4): 293 kB | 11 kB | 196 kB | 201/316 kBProgress (4): 293 kB | 11 kB | 196 kB | 205/316 kBProgress (4): 293 kB | 11 kB | 196 kB | 209/316 kBProgress (4): 293 kB | 11 kB | 196 kB | 213/316 kBProgress (4): 293 kB | 11 kB | 196 kB | 217/316 kBProgress (4): 293 kB | 11 kB | 196 kB | 221/316 kBProgress (4): 293 kB | 11 kB | 196 kB | 225/316 kBProgress (4): 293 kB | 11 kB | 196 kB | 229/316 kBProgress (4): 293 kB | 11 kB | 196 kB | 233/316 kBProgress (4): 293 kB | 11 kB | 196 kB | 238/316 kBProgress (4): 293 kB | 11 kB | 196 kB | 242/316 kBProgress (4): 293 kB | 11 kB | 196 kB | 246/316 kBProgress (4): 293 kB | 11 kB | 196 kB | 250/316 kBProgress (4): 293 kB | 11 kB | 196 kB | 254/316 kB                                                  Downloaded from central: https://repo.maven.apache.org/maven2/org/apache/maven/reporting/maven-reporting-api/3.0/maven-reporting-api-3.0.jar (11 kB at 199 kB/s)
[1f8e4f79-79aa-4926-878b-5e354a6293eb/build]   | Progress (3): 293 kB | 196 kB | 258/316 kB                                          Downloading from central: https://repo.maven.apache.org/maven2/org/apache/maven/plugin-tools/maven-plugin-annotations/3.3/maven-plugin-annotations-3.3.jar
[1f8e4f79-79aa-4926-878b-5e354a6293eb/build]   | Downloaded from central: https://repo.maven.apache.org/maven2/org/apache/maven/surefire/surefire-api/2.19.1/surefire-api-2.19.1.jar (196 kB at 3.6 MB/s)
[1f8e4f79-79aa-4926-878b-5e354a6293eb/build]   | Progress (2): 293 kB | 262/316 kBProgress (2): 293 kB | 266/316 kBProgress (2): 293 kB | 270/316 kBProgress (2): 293 kB | 274/316 kBProgress (2): 293 kB | 279/316 kBProgress (2): 293 kB | 283/316 kBProgress (2): 293 kB | 287/316 kBProgress (2): 293 kB | 291/316 kBProgress (2): 293 kB | 295/316 kBProgress (2): 293 kB | 299/316 kBProgress (2): 293 kB | 303/316 kBProgress (2): 293 kB | 307/316 kBProgress (2): 293 kB | 311/316 kBProgress (2): 293 kB | 315/316 kBProgress (2): 293 kB | 316 kB    Progress (3): 293 kB | 316 kB | 4.1/46 kBProgress (4): 293 kB | 316 kB | 4.1/46 kB | 4.1/14 kBProgress (4): 293 kB | 316 kB | 8.2/46 kB | 4.1/14 kBProgress (4): 293 kB | 316 kB | 8.2/46 kB | 8.2/14 kBProgress (4): 293 kB | 316 kB | 8.2/46 kB | 12/14 kB Progress (4): 293 kB | 316 kB | 12/46 kB | 12/14 kB Progress (4): 293 kB | 316 kB | 12/46 kB | 14 kB   Progress (4): 293 kB | 316 kB | 16/46 kB | 14 kBProgress (4): 293 kB | 316 kB | 20/46 kB | 14 kBProgress (4): 293 kB | 316 kB | 25/46 kB | 14 kBProgress (4): 293 kB | 316 kB | 29/46 kB | 14 kBProgress (4): 293 kB | 316 kB | 33/46 kB | 14 kBProgress (4): 293 kB | 316 kB | 37/46 kB | 14 kBProgress (4): 293 kB | 316 kB | 41/46 kB | 14 kBProgress (4): 293 kB | 316 kB | 45/46 kB | 14 kBProgress (4): 293 kB | 316 kB | 46 kB | 14 kB                                                Downloaded from central: https://repo.maven.apache.org/maven2/org/apache/maven/surefire/maven-surefire-common/2.19.1/maven-surefire-common-2.19.1.jar (293 kB at 4.5 MB/s)
[1f8e4f79-79aa-4926-878b-5e354a6293eb/build]   | Downloaded from central: https://repo.maven.apache.org/maven2/org/apache/maven/plugin-tools/maven-plugin-annotations/3.3/maven-plugin-annotations-3.3.jar (14 kB at 230 kB/s)
[1f8e4f79-79aa-4926-878b-5e354a6293eb/build]   | Downloaded from central: https://repo.maven.apache.org/maven2/org/apache/maven/surefire/surefire-booter/2.19.1/surefire-booter-2.19.1.jar (46 kB at 511 kB/s)
[1f8e4f79-79aa-4926-878b-5e354a6293eb/build]   | Downloaded from central: https://repo.maven.apache.org/maven2/org/apache/commons/commons-lang3/3.1/commons-lang3-3.1.jar (316 kB at 3.0 MB/s)
[1f8e4f79-79aa-4926-878b-5e354a6293eb/build]   | Downloading from central: https://repo.maven.apache.org/maven2/org/apache/maven/surefire/surefire-junit4/2.19.1/surefire-junit4-2.19.1.pom
[1f8e4f79-79aa-4926-878b-5e354a6293eb/build]   | Progress (1): 3.3 kB                    Downloaded from central: https://repo.maven.apache.org/maven2/org/apache/maven/surefire/surefire-junit4/2.19.1/surefire-junit4-2.19.1.pom (3.3 kB at 99 kB/s)
[1f8e4f79-79aa-4926-878b-5e354a6293eb/build]   | Downloading from central: https://repo.maven.apache.org/maven2/org/apache/maven/surefire/surefire-providers/2.19.1/surefire-providers-2.19.1.pom
[1f8e4f79-79aa-4926-878b-5e354a6293eb/build]   | Progress (1): 2.6 kB                    Downloaded from central: https://repo.maven.apache.org/maven2/org/apache/maven/surefire/surefire-providers/2.19.1/surefire-providers-2.19.1.pom (2.6 kB at 160 kB/s)
[1f8e4f79-79aa-4926-878b-5e354a6293eb/build]   | Downloading from central: https://repo.maven.apache.org/maven2/org/apache/maven/surefire/surefire-junit4/2.19.1/surefire-junit4-2.19.1.jar
[1f8e4f79-79aa-4926-878b-5e354a6293eb/build]   | Progress (1): 4.1/75 kBProgress (1): 8.2/75 kBProgress (1): 12/75 kB Progress (1): 16/75 kBProgress (1): 20/75 kBProgress (1): 25/75 kBProgress (1): 29/75 kBProgress (1): 33/75 kBProgress (1): 37/75 kBProgress (1): 41/75 kBProgress (1): 45/75 kBProgress (1): 49/75 kBProgress (1): 53/75 kBProgress (1): 57/75 kBProgress (1): 61/75 kBProgress (1): 66/75 kBProgress (1): 70/75 kBProgress (1): 74/75 kBProgress (1): 75 kB                      Downloaded from central: https://repo.maven.apache.org/maven2/org/apache/maven/surefire/surefire-junit4/2.19.1/surefire-junit4-2.19.1.jar (75 kB at 2.0 MB/s)
[1f8e4f79-79aa-4926-878b-5e354a6293eb/build]   | 
[1f8e4f79-79aa-4926-878b-5e354a6293eb/build]   | -------------------------------------------------------
[1f8e4f79-79aa-4926-878b-5e354a6293eb/build]   |  T E S T S
[1f8e4f79-79aa-4926-878b-5e354a6293eb/build]   | -------------------------------------------------------
[1f8e4f79-79aa-4926-878b-5e354a6293eb/build]   | Running org.zwobble.mammoth.tests.MammothTests
[1f8e4f79-79aa-4926-878b-5e354a6293eb/build]   | Tests run: 28, Failures: 0, Errors: 0, Skipped: 0, Time elapsed: 0.553 sec - in org.zwobble.mammoth.tests.MammothTests
[1f8e4f79-79aa-4926-878b-5e354a6293eb/build]   | Running org.zwobble.mammoth.tests.xml.XmlElementTests
[1f8e4f79-79aa-4926-878b-5e354a6293eb/build]   | Tests run: 1, Failures: 0, Errors: 0, Skipped: 0, Time elapsed: 0 sec - in org.zwobble.mammoth.tests.xml.XmlElementTests
[1f8e4f79-79aa-4926-878b-5e354a6293eb/build]   | Running org.zwobble.mammoth.tests.xml.XmlParserTests
[1f8e4f79-79aa-4926-878b-5e354a6293eb/build]   | Tests run: 11, Failures: 0, Errors: 0, Skipped: 0, Time elapsed: 0 sec - in org.zwobble.mammoth.tests.xml.XmlParserTests
[1f8e4f79-79aa-4926-878b-5e354a6293eb/build]   | Running org.zwobble.mammoth.tests.html.HtmlStripEmptyTests
[1f8e4f79-79aa-4926-878b-5e354a6293eb/build]   | Tests run: 8, Failures: 0, Errors: 0, Skipped: 0, Time elapsed: 0 sec - in org.zwobble.mammoth.tests.html.HtmlStripEmptyTests
[1f8e4f79-79aa-4926-878b-5e354a6293eb/build]   | Running org.zwobble.mammoth.tests.html.HtmlWriteTests
[1f8e4f79-79aa-4926-878b-5e354a6293eb/build]   | Tests run: 9, Failures: 0, Errors: 0, Skipped: 0, Time elapsed: 0.001 sec - in org.zwobble.mammoth.tests.html.HtmlWriteTests
[1f8e4f79-79aa-4926-878b-5e354a6293eb/build]   | Running org.zwobble.mammoth.tests.html.HtmlCollapseTests
[1f8e4f79-79aa-4926-878b-5e354a6293eb/build]   | Tests run: 9, Failures: 0, Errors: 0, Skipped: 0, Time elapsed: 0.001 sec - in org.zwobble.mammoth.tests.html.HtmlCollapseTests
[1f8e4f79-79aa-4926-878b-5e354a6293eb/build]   | Running org.zwobble.mammoth.tests.conversion.DocumentToHtmlTests
[1f8e4f79-79aa-4926-878b-5e354a6293eb/build]   | Tests run: 31, Failures: 0, Errors: 0, Skipped: 0, Time elapsed: 0.001 sec - in org.zwobble.mammoth.tests.conversion.DocumentToHtmlTests
[1f8e4f79-79aa-4926-878b-5e354a6293eb/build]   | Running org.zwobble.mammoth.tests.styles.EqualToStringMatcherTests
[1f8e4f79-79aa-4926-878b-5e354a6293eb/build]   | Tests run: 1, Failures: 0, Errors: 0, Skipped: 0, Time elapsed: 0 sec - in org.zwobble.mammoth.tests.styles.EqualToStringMatcherTests
[1f8e4f79-79aa-4926-878b-5e354a6293eb/build]   | Running org.zwobble.mammoth.tests.styles.ParagraphMatcherTests
[1f8e4f79-79aa-4926-878b-5e354a6293eb/build]   | Tests run: 6, Failures: 0, Errors: 0, Skipped: 0, Time elapsed: 0 sec - in org.zwobble.mammoth.tests.styles.ParagraphMatcherTests
[1f8e4f79-79aa-4926-878b-5e354a6293eb/build]   | Running org.zwobble.mammoth.tests.styles.parsing.StyleMappingTokeniserTests
[1f8e4f79-79aa-4926-878b-5e354a6293eb/build]   | Tests run: 22, Failures: 1, Errors: 0, Skipped: 0, Time elapsed: 0.002 sec <<< FAILURE! - in org.zwobble.mammoth.tests.styles.parsing.StyleMappingTokeniserTests
[1f8e4f79-79aa-4926-878b-5e354a6293eb/build]   | escapeSequencesInStringsAreTokenised(org.zwobble.mammoth.tests.styles.parsing.StyleMappingTokeniserTests)  Time elapsed: 0.001 sec  <<< FAILURE!
[1f8e4f79-79aa-4926-878b-5e354a6293eb/build]   | java.lang.AssertionError: 
[1f8e4f79-79aa-4926-878b-5e354a6293eb/build]   | 
[1f8e4f79-79aa-4926-878b-5e354a6293eb/build]   | Expected: iterable containing [(hasProperty("tokenType", <STRING>) and hasProperty("value", "'Tristan\''")), (hasProperty("tokenType", <EOF>) and hasProperty("value", ""))]
[1f8e4f79-79aa-4926-878b-5e354a6293eb/build]   |      but: item 0: hasProperty("value", "'Tristan\''") property 'value' was "'Tristan\'"
[1f8e4f79-79aa-4926-878b-5e354a6293eb/build]   | 	at org.zwobble.mammoth.tests.styles.parsing.StyleMappingTokeniserTests.assertTokens(StyleMappingTokeniserTests.java:137)
[1f8e4f79-79aa-4926-878b-5e354a6293eb/build]   | 	at org.zwobble.mammoth.tests.styles.parsing.StyleMappingTokeniserTests.escapeSequencesInStringsAreTokenised(StyleMappingTokeniserTests.java:55)
[1f8e4f79-79aa-4926-878b-5e354a6293eb/build]   | 
[1f8e4f79-79aa-4926-878b-5e354a6293eb/build]   | Running org.zwobble.mammoth.tests.styles.parsing.TokenParserTests
[1f8e4f79-79aa-4926-878b-5e354a6293eb/build]   | Tests run: 2, Failures: 0, Errors: 0, Skipped: 0, Time elapsed: 0 sec - in org.zwobble.mammoth.tests.styles.parsing.TokenParserTests
[1f8e4f79-79aa-4926-878b-5e354a6293eb/build]   | Running org.zwobble.mammoth.tests.styles.parsing.StyleMapParserTests
[1f8e4f79-79aa-4926-878b-5e354a6293eb/build]   | Tests run: 11, Failures: 0, Errors: 0, Skipped: 0, Time elapsed: 0 sec - in org.zwobble.mammoth.tests.styles.parsing.StyleMapParserTests
[1f8e4f79-79aa-4926-878b-5e354a6293eb/build]   | Running org.zwobble.mammoth.tests.styles.parsing.DocumentMatcherParsingTests
[1f8e4f79-79aa-4926-878b-5e354a6293eb/build]   | Tests run: 9, Failures: 0, Errors: 0, Skipped: 0, Time elapsed: 0.001 sec - in org.zwobble.mammoth.tests.styles.parsing.DocumentMatcherParsingTests
[1f8e4f79-79aa-4926-878b-5e354a6293eb/build]   | Running org.zwobble.mammoth.tests.styles.parsing.HtmlPathParsingTests
[1f8e4f79-79aa-4926-878b-5e354a6293eb/build]   | Tests run: 9, Failures: 0, Errors: 0, Skipped: 0, Time elapsed: 0 sec - in org.zwobble.mammoth.tests.styles.parsing.HtmlPathParsingTests
[1f8e4f79-79aa-4926-878b-5e354a6293eb/build]   | Running org.zwobble.mammoth.tests.styles.parsing.EscapeSequencesTests
[1f8e4f79-79aa-4926-878b-5e354a6293eb/build]   | Tests run: 5, Failures: 0, Errors: 0, Skipped: 0, Time elapsed: 0 sec - in org.zwobble.mammoth.tests.styles.parsing.EscapeSequencesTests
[1f8e4f79-79aa-4926-878b-5e354a6293eb/build]   | Running org.zwobble.mammoth.tests.styles.StartsWithStringMatcherTests
[1f8e4f79-79aa-4926-878b-5e354a6293eb/build]   | Tests run: 2, Failures: 0, Errors: 0, Skipped: 0, Time elapsed: 0 sec - in org.zwobble.mammoth.tests.styles.StartsWithStringMatcherTests
[1f8e4f79-79aa-4926-878b-5e354a6293eb/build]   | Running org.zwobble.mammoth.tests.docx.StylesXmlTests
[1f8e4f79-79aa-4926-878b-5e354a6293eb/build]   | Tests run: 5, Failures: 0, Errors: 0, Skipped: 0, Time elapsed: 0.001 sec - in org.zwobble.mammoth.tests.docx.StylesXmlTests
[1f8e4f79-79aa-4926-878b-5e354a6293eb/build]   | Running org.zwobble.mammoth.tests.docx.RelationshipsXmlTests
[1f8e4f79-79aa-4926-878b-5e354a6293eb/build]   | Tests run: 1, Failures: 0, Errors: 0, Skipped: 0, Time elapsed: 0 sec - in org.zwobble.mammoth.tests.docx.RelationshipsXmlTests
[1f8e4f79-79aa-4926-878b-5e354a6293eb/build]   | Running org.zwobble.mammoth.tests.docx.ContentTypesXmlTests
[1f8e4f79-79aa-4926-878b-5e354a6293eb/build]   | Tests run: 4, Failures: 0, Errors: 0, Skipped: 0, Time elapsed: 0.001 sec - in org.zwobble.mammoth.tests.docx.ContentTypesXmlTests
[1f8e4f79-79aa-4926-878b-5e354a6293eb/build]   | Running org.zwobble.mammoth.tests.docx.BodyXmlTests
[1f8e4f79-79aa-4926-878b-5e354a6293eb/build]   | Tests run: 58, Failures: 0, Errors: 0, Skipped: 0, Time elapsed: 0.001 sec - in org.zwobble.mammoth.tests.docx.BodyXmlTests
[1f8e4f79-79aa-4926-878b-5e354a6293eb/build]   | Running org.zwobble.mammoth.tests.docx.NumberingXmlTests
[1f8e4f79-79aa-4926-878b-5e354a6293eb/build]   | Tests run: 4, Failures: 0, Errors: 0, Skipped: 0, Time elapsed: 0 sec - in org.zwobble.mammoth.tests.docx.NumberingXmlTests
[1f8e4f79-79aa-4926-878b-5e354a6293eb/build]   | Running org.zwobble.mammoth.tests.docx.NotesXmlReaderTests
[1f8e4f79-79aa-4926-878b-5e354a6293eb/build]   | Tests run: 3, Failures: 0, Errors: 0, Skipped: 0, Time elapsed: 0 sec - in org.zwobble.mammoth.tests.docx.NotesXmlReaderTests
[1f8e4f79-79aa-4926-878b-5e354a6293eb/build]   | Running org.zwobble.mammoth.tests.docx.CommentXmlTests
[1f8e4f79-79aa-4926-878b-5e354a6293eb/build]   | Tests run: 4, Failures: 0, Errors: 0, Skipped: 0, Time elapsed: 0 sec - in org.zwobble.mammoth.tests.docx.CommentXmlTests
[1f8e4f79-79aa-4926-878b-5e354a6293eb/build]   | Running org.zwobble.mammoth.tests.docx.DocumentXmlTests
[1f8e4f79-79aa-4926-878b-5e354a6293eb/build]   | Tests run: 2, Failures: 0, Errors: 0, Skipped: 0, Time elapsed: 0 sec - in org.zwobble.mammoth.tests.docx.DocumentXmlTests
[1f8e4f79-79aa-4926-878b-5e354a6293eb/build]   | Running org.zwobble.mammoth.tests.docx.RelationshipsTests
[1f8e4f79-79aa-4926-878b-5e354a6293eb/build]   | Tests run: 1, Failures: 0, Errors: 0, Skipped: 0, Time elapsed: 0 sec - in org.zwobble.mammoth.tests.docx.RelationshipsTests
[1f8e4f79-79aa-4926-878b-5e354a6293eb/build]   | Running org.zwobble.mammoth.tests.docx.OfficeXmlTests
[1f8e4f79-79aa-4926-878b-5e354a6293eb/build]   | Tests run: 1, Failures: 0, Errors: 0, Skipped: 0, Time elapsed: 0 sec - in org.zwobble.mammoth.tests.docx.OfficeXmlTests
[1f8e4f79-79aa-4926-878b-5e354a6293eb/build]   | Running org.zwobble.mammoth.tests.docx.EmbeddedStyleMapTests
[1f8e4f79-79aa-4926-878b-5e354a6293eb/build]   | Tests run: 5, Failures: 0, Errors: 0, Skipped: 0, Time elapsed: 0 sec - in org.zwobble.mammoth.tests.docx.EmbeddedStyleMapTests
[1f8e4f79-79aa-4926-878b-5e354a6293eb/build]   | Running org.zwobble.mammoth.tests.documents.StyleTests
[1f8e4f79-79aa-4926-878b-5e354a6293eb/build]   | Tests run: 2, Failures: 0, Errors: 0, Skipped: 0, Time elapsed: 0 sec - in org.zwobble.mammoth.tests.documents.StyleTests
[1f8e4f79-79aa-4926-878b-5e354a6293eb/build]   | 
[1f8e4f79-79aa-4926-878b-5e354a6293eb/build]   | Results :
[1f8e4f79-79aa-4926-878b-5e354a6293eb/build]   | 
[1f8e4f79-79aa-4926-878b-5e354a6293eb/build]   | Failed tests: 
[1f8e4f79-79aa-4926-878b-5e354a6293eb/build]   |   StyleMappingTokeniserTests.escapeSequencesInStringsAreTokenised:55->assertTokens:137 
[1f8e4f79-79aa-4926-878b-5e354a6293eb/build]   | Expected: iterable containing [(hasProperty("tokenType", <STRING>) and hasProperty("value", "'Tristan\''")), (hasProperty("tokenType", <EOF>) and hasProperty("value", ""))]
[1f8e4f79-79aa-4926-878b-5e354a6293eb/build]   |      but: item 0: hasProperty("value", "'Tristan\''") property 'value' was "'Tristan\'"
[1f8e4f79-79aa-4926-878b-5e354a6293eb/build]   | 
[1f8e4f79-79aa-4926-878b-5e354a6293eb/build]   | Tests run: 254, Failures: 1, Errors: 0, Skipped: 0
[1f8e4f79-79aa-4926-878b-5e354a6293eb/build]   | 
[1f8e4f79-79aa-4926-878b-5e354a6293eb/build]   | [INFO] ------------------------------------------------------------------------
[1f8e4f79-79aa-4926-878b-5e354a6293eb/build]   | [INFO] BUILD FAILURE
[1f8e4f79-79aa-4926-878b-5e354a6293eb/build]   | [INFO] ------------------------------------------------------------------------
[1f8e4f79-79aa-4926-878b-5e354a6293eb/build]   | [INFO] Total time:  15.359 s
[1f8e4f79-79aa-4926-878b-5e354a6293eb/build]   | [INFO] Finished at: 2023-07-11T22:54:04Z
[1f8e4f79-79aa-4926-878b-5e354a6293eb/build]   | [INFO] ------------------------------------------------------------------------
[1f8e4f79-79aa-4926-878b-5e354a6293eb/build]   | [ERROR] Failed to execute goal org.apache.maven.plugins:maven-surefire-plugin:2.19.1:test (default-test) on project mammoth: There are test failures.
[1f8e4f79-79aa-4926-878b-5e354a6293eb/build]   | [ERROR] 
[1f8e4f79-79aa-4926-878b-5e354a6293eb/build]   | [ERROR] Please refer to /tmp/e92335b7-3e6e-43fb-b8b6-063d5dc42291/target/surefire-reports for the individual test results.
[1f8e4f79-79aa-4926-878b-5e354a6293eb/build]   | [ERROR] -> [Help 1]
[1f8e4f79-79aa-4926-878b-5e354a6293eb/build]   | [ERROR] 
[1f8e4f79-79aa-4926-878b-5e354a6293eb/build]   | [ERROR] To see the full stack trace of the errors, re-run Maven with the -e switch.
[1f8e4f79-79aa-4926-878b-5e354a6293eb/build]   | [ERROR] Re-run Maven using the -X switch to enable full debug logging.
[1f8e4f79-79aa-4926-878b-5e354a6293eb/build]   | [ERROR] 
[1f8e4f79-79aa-4926-878b-5e354a6293eb/build]   | [ERROR] For more information about the errors and possible solutions, please read the following articles:
[1f8e4f79-79aa-4926-878b-5e354a6293eb/build]   | [ERROR] [Help 1] http://cwiki.apache.org/confluence/display/MAVEN/MojoFailureException
[1f8e4f79-79aa-4926-878b-5e354a6293eb/build]   ‚ùå  Failure - Main mvn package
[1f8e4f79-79aa-4926-878b-5e354a6293eb/build] exitcode '1': failure
[1f8e4f79-79aa-4926-878b-5e354a6293eb/build] unable to get git ref: failed to identify reference (tag/branch) for the checked-out revision '768546f6d448ccb356403ef396e77d9c734ca8bb'
[1f8e4f79-79aa-4926-878b-5e354a6293eb/build] unable to get git ref: failed to identify reference (tag/branch) for the checked-out revision '768546f6d448ccb356403ef396e77d9c734ca8bb'
[1f8e4f79-79aa-4926-878b-5e354a6293eb/build] unable to get git ref: failed to identify reference (tag/branch) for the checked-out revision '768546f6d448ccb356403ef396e77d9c734ca8bb'
[1f8e4f79-79aa-4926-878b-5e354a6293eb/build] unable to get git ref: failed to identify reference (tag/branch) for the checked-out revision '768546f6d448ccb356403ef396e77d9c734ca8bb'
[1f8e4f79-79aa-4926-878b-5e354a6293eb/build] unable to get git ref: failed to identify reference (tag/branch) for the checked-out revision '768546f6d448ccb356403ef396e77d9c734ca8bb'
[1f8e4f79-79aa-4926-878b-5e354a6293eb/build] ‚≠ê Run Post Use Java 8
[1f8e4f79-79aa-4926-878b-5e354a6293eb/build]   üê≥  docker exec cmd=[node /var/run/act/actions/actions-setup-java@v1/dist/cleanup/index.js] user= workdir=
[1f8e4f79-79aa-4926-878b-5e354a6293eb/build]   ‚úÖ  Success - Post Use Java 8
[1f8e4f79-79aa-4926-878b-5e354a6293eb/build] üèÅ  Job failed
[1f8e4f79-79aa-4926-878b-5e354a6293eb/build] unable to get git ref: failed to identify reference (tag/branch) for the checked-out revision '768546f6d448ccb356403ef396e77d9c734ca8bb'
