[6cab6b43-14eb-4c56-8dad-cb15a5f45520/build] üöÄ  Start image=gitbugactions:latest
[6cab6b43-14eb-4c56-8dad-cb15a5f45520/build]   üê≥  docker pull image=gitbugactions:latest platform= username= forcePull=false
[6cab6b43-14eb-4c56-8dad-cb15a5f45520/build]   üê≥  docker create image=gitbugactions:latest platform= entrypoint=["tail" "-f" "/dev/null"] cmd=[]
[6cab6b43-14eb-4c56-8dad-cb15a5f45520/build]   üê≥  docker run image=gitbugactions:latest platform= entrypoint=["tail" "-f" "/dev/null"] cmd=[]
[6cab6b43-14eb-4c56-8dad-cb15a5f45520/build]   üê≥  docker exec cmd=[chown -R 1012:1013 /tmp/6f55a885-b123-4700-90a2-ae7e98d48a50] user=0 workdir=
[6cab6b43-14eb-4c56-8dad-cb15a5f45520/build] unable to get git ref: failed to identify reference (tag/branch) for the checked-out revision 'd7fbf8eaf58c416bf5fd861a005f47dd3d0d2d09'
[6cab6b43-14eb-4c56-8dad-cb15a5f45520/build] unable to get git ref: failed to identify reference (tag/branch) for the checked-out revision 'd7fbf8eaf58c416bf5fd861a005f47dd3d0d2d09'
[6cab6b43-14eb-4c56-8dad-cb15a5f45520/build] unable to get git ref: failed to identify reference (tag/branch) for the checked-out revision 'd7fbf8eaf58c416bf5fd861a005f47dd3d0d2d09'
[6cab6b43-14eb-4c56-8dad-cb15a5f45520/build] unable to get git ref: failed to identify reference (tag/branch) for the checked-out revision 'd7fbf8eaf58c416bf5fd861a005f47dd3d0d2d09'
[6cab6b43-14eb-4c56-8dad-cb15a5f45520/build] unable to get git ref: failed to identify reference (tag/branch) for the checked-out revision 'd7fbf8eaf58c416bf5fd861a005f47dd3d0d2d09'
[6cab6b43-14eb-4c56-8dad-cb15a5f45520/build] unable to get git ref: failed to identify reference (tag/branch) for the checked-out revision 'd7fbf8eaf58c416bf5fd861a005f47dd3d0d2d09'
[6cab6b43-14eb-4c56-8dad-cb15a5f45520/build] unable to get git ref: failed to identify reference (tag/branch) for the checked-out revision 'd7fbf8eaf58c416bf5fd861a005f47dd3d0d2d09'
[6cab6b43-14eb-4c56-8dad-cb15a5f45520/build] unable to get git ref: failed to identify reference (tag/branch) for the checked-out revision 'd7fbf8eaf58c416bf5fd861a005f47dd3d0d2d09'
[6cab6b43-14eb-4c56-8dad-cb15a5f45520/build] unable to get git ref: failed to identify reference (tag/branch) for the checked-out revision 'd7fbf8eaf58c416bf5fd861a005f47dd3d0d2d09'
[6cab6b43-14eb-4c56-8dad-cb15a5f45520/build] ‚≠ê Run Main Check out repository
[6cab6b43-14eb-4c56-8dad-cb15a5f45520/build] unable to get git ref: failed to identify reference (tag/branch) for the checked-out revision 'd7fbf8eaf58c416bf5fd861a005f47dd3d0d2d09'
[6cab6b43-14eb-4c56-8dad-cb15a5f45520/build] unable to get git ref: failed to identify reference (tag/branch) for the checked-out revision 'd7fbf8eaf58c416bf5fd861a005f47dd3d0d2d09'
[6cab6b43-14eb-4c56-8dad-cb15a5f45520/build]   üê≥  docker cp src=/tmp/6f55a885-b123-4700-90a2-ae7e98d48a50/. dst=/tmp/6f55a885-b123-4700-90a2-ae7e98d48a50
[6cab6b43-14eb-4c56-8dad-cb15a5f45520/build]   üê≥  docker exec cmd=[chown -R 1012:1013 /tmp/6f55a885-b123-4700-90a2-ae7e98d48a50] user=0 workdir=
[6cab6b43-14eb-4c56-8dad-cb15a5f45520/build]   ‚úÖ  Success - Main Check out repository
[6cab6b43-14eb-4c56-8dad-cb15a5f45520/build] unable to get git ref: failed to identify reference (tag/branch) for the checked-out revision 'd7fbf8eaf58c416bf5fd861a005f47dd3d0d2d09'
[6cab6b43-14eb-4c56-8dad-cb15a5f45520/build] unable to get git ref: failed to identify reference (tag/branch) for the checked-out revision 'd7fbf8eaf58c416bf5fd861a005f47dd3d0d2d09'
[6cab6b43-14eb-4c56-8dad-cb15a5f45520/build] unable to get git ref: failed to identify reference (tag/branch) for the checked-out revision 'd7fbf8eaf58c416bf5fd861a005f47dd3d0d2d09'
[6cab6b43-14eb-4c56-8dad-cb15a5f45520/build] unable to get git ref: failed to identify reference (tag/branch) for the checked-out revision 'd7fbf8eaf58c416bf5fd861a005f47dd3d0d2d09'
[6cab6b43-14eb-4c56-8dad-cb15a5f45520/build] unable to get git ref: failed to identify reference (tag/branch) for the checked-out revision 'd7fbf8eaf58c416bf5fd861a005f47dd3d0d2d09'
[6cab6b43-14eb-4c56-8dad-cb15a5f45520/build] ‚≠ê Run Main Set up JDK
[6cab6b43-14eb-4c56-8dad-cb15a5f45520/build] unable to get git ref: failed to identify reference (tag/branch) for the checked-out revision 'd7fbf8eaf58c416bf5fd861a005f47dd3d0d2d09'
[6cab6b43-14eb-4c56-8dad-cb15a5f45520/build] unable to get git ref: failed to identify reference (tag/branch) for the checked-out revision 'd7fbf8eaf58c416bf5fd861a005f47dd3d0d2d09'
[6cab6b43-14eb-4c56-8dad-cb15a5f45520/build] unable to get git ref: failed to identify reference (tag/branch) for the checked-out revision 'd7fbf8eaf58c416bf5fd861a005f47dd3d0d2d09'
[6cab6b43-14eb-4c56-8dad-cb15a5f45520/build]   üê≥  docker cp src=/tmp/act-cache/f981ec24-3497-4d94-9a43-3a0cf2d0feb5/act/actions-setup-java@v3.10.0/ dst=/var/run/act/actions/actions-setup-java@v3.10.0/
[6cab6b43-14eb-4c56-8dad-cb15a5f45520/build]   üê≥  docker exec cmd=[chown -R 1012:1013 /var/run/act/actions/actions-setup-java@v3.10.0/] user=0 workdir=
[6cab6b43-14eb-4c56-8dad-cb15a5f45520/build]   üê≥  docker exec cmd=[node /var/run/act/actions/actions-setup-java@v3.10.0/dist/setup/index.js] user= workdir=
[6cab6b43-14eb-4c56-8dad-cb15a5f45520/build]   ‚ùì  ::group::Installed distributions
[6cab6b43-14eb-4c56-8dad-cb15a5f45520/build]   | Trying to resolve the latest version from remote
[6cab6b43-14eb-4c56-8dad-cb15a5f45520/build]   | Resolved latest version as 17.0.9+9
[6cab6b43-14eb-4c56-8dad-cb15a5f45520/build]   | Trying to download...
[6cab6b43-14eb-4c56-8dad-cb15a5f45520/build]   | Downloading Java 17.0.9+9 (Adopt-Hotspot) from https://github.com/adoptium/temurin17-binaries/releases/download/jdk-17.0.9%2B9/OpenJDK17U-jdk_x64_linux_hotspot_17.0.9_9.tar.gz ...
[6cab6b43-14eb-4c56-8dad-cb15a5f45520/build]   üí¨  ::debug::Downloading https://github.com/adoptium/temurin17-binaries/releases/download/jdk-17.0.9%252B9/OpenJDK17U-jdk_x64_linux_hotspot_17.0.9_9.tar.gz
[6cab6b43-14eb-4c56-8dad-cb15a5f45520/build]   üí¨  ::debug::Destination /tmp/98d21404-2956-4c95-9d2d-38f2a0870502
[6cab6b43-14eb-4c56-8dad-cb15a5f45520/build]   üí¨  ::debug::download complete
[6cab6b43-14eb-4c56-8dad-cb15a5f45520/build]   | Extracting Java archive...
[6cab6b43-14eb-4c56-8dad-cb15a5f45520/build]   üí¨  ::debug::Checking tar --version
[6cab6b43-14eb-4c56-8dad-cb15a5f45520/build]   üí¨  ::debug::tar (GNU tar) 1.34%0ACopyright (C) 2021 Free Software Foundation, Inc.%0ALicense GPLv3+: GNU GPL version 3 or later <https://gnu.org/licenses/gpl.html>.%0AThis is free software: you are free to change and redistribute it.%0AThere is NO WARRANTY, to the extent permitted by law.%0A%0AWritten by John Gilmore and Jay Fenlason.
[6cab6b43-14eb-4c56-8dad-cb15a5f45520/build]   | [command]/usr/bin/tar xz --warning=no-unknown-keyword -C /tmp/d8cb6891-586a-47e6-aaf7-41744dcb280d -f /tmp/98d21404-2956-4c95-9d2d-38f2a0870502
[6cab6b43-14eb-4c56-8dad-cb15a5f45520/build]   üí¨  ::debug::Caching tool Java_Adopt_jdk 17.0.9-9 x64
[6cab6b43-14eb-4c56-8dad-cb15a5f45520/build]   üí¨  ::debug::source dir: /tmp/d8cb6891-586a-47e6-aaf7-41744dcb280d/jdk-17.0.9+9
[6cab6b43-14eb-4c56-8dad-cb15a5f45520/build]   üí¨  ::debug::destination /opt/hostedtoolcache/Java_Adopt_jdk/17.0.9-9/x64
[6cab6b43-14eb-4c56-8dad-cb15a5f45520/build]   üí¨  ::debug::finished caching tool
[6cab6b43-14eb-4c56-8dad-cb15a5f45520/build]   | Java 17.0.9+9 was downloaded
[6cab6b43-14eb-4c56-8dad-cb15a5f45520/build]   | Setting Java 17.0.9+9 as the default
[6cab6b43-14eb-4c56-8dad-cb15a5f45520/build]   | Creating toolchains.xml for JDK version 17 from adopt
[6cab6b43-14eb-4c56-8dad-cb15a5f45520/build]   | Writing to /home/runner/.m2/toolchains.xml
[6cab6b43-14eb-4c56-8dad-cb15a5f45520/build]   | 
[6cab6b43-14eb-4c56-8dad-cb15a5f45520/build]   | Java configuration:
[6cab6b43-14eb-4c56-8dad-cb15a5f45520/build]   |   Distribution: adopt
[6cab6b43-14eb-4c56-8dad-cb15a5f45520/build]   |   Version: 17.0.9+9
[6cab6b43-14eb-4c56-8dad-cb15a5f45520/build]   |   Path: /opt/hostedtoolcache/Java_Adopt_jdk/17.0.9-9/x64
[6cab6b43-14eb-4c56-8dad-cb15a5f45520/build]   | 
[6cab6b43-14eb-4c56-8dad-cb15a5f45520/build]   ‚ùì  ::endgroup::
[6cab6b43-14eb-4c56-8dad-cb15a5f45520/build]   ‚ùì add-matcher /run/act/actions/actions-setup-java@v3.10.0/.github/java.json
[6cab6b43-14eb-4c56-8dad-cb15a5f45520/build]   | Creating settings.xml with server-id: github
[6cab6b43-14eb-4c56-8dad-cb15a5f45520/build]   | Writing to /home/runner/.m2/settings.xml
[6cab6b43-14eb-4c56-8dad-cb15a5f45520/build]   ‚úÖ  Success - Main Set up JDK
[6cab6b43-14eb-4c56-8dad-cb15a5f45520/build]   ‚öô  ::set-env:: JAVA_HOME=/opt/hostedtoolcache/Java_Adopt_jdk/17.0.9-9/x64
[6cab6b43-14eb-4c56-8dad-cb15a5f45520/build]   ‚öô  ::set-env:: JAVA_HOME_17_X64=/opt/hostedtoolcache/Java_Adopt_jdk/17.0.9-9/x64
[6cab6b43-14eb-4c56-8dad-cb15a5f45520/build]   ‚öô  ::set-output:: version=17.0.9+9
[6cab6b43-14eb-4c56-8dad-cb15a5f45520/build]   ‚öô  ::set-output:: distribution=Adopt-Hotspot
[6cab6b43-14eb-4c56-8dad-cb15a5f45520/build]   ‚öô  ::set-output:: path=/opt/hostedtoolcache/Java_Adopt_jdk/17.0.9-9/x64
[6cab6b43-14eb-4c56-8dad-cb15a5f45520/build]   ‚öô  ::add-path:: /opt/hostedtoolcache/Java_Adopt_jdk/17.0.9-9/x64/bin
[6cab6b43-14eb-4c56-8dad-cb15a5f45520/build] unable to get git ref: failed to identify reference (tag/branch) for the checked-out revision 'd7fbf8eaf58c416bf5fd861a005f47dd3d0d2d09'
[6cab6b43-14eb-4c56-8dad-cb15a5f45520/build] unable to get git ref: failed to identify reference (tag/branch) for the checked-out revision 'd7fbf8eaf58c416bf5fd861a005f47dd3d0d2d09'
[6cab6b43-14eb-4c56-8dad-cb15a5f45520/build] unable to get git ref: failed to identify reference (tag/branch) for the checked-out revision 'd7fbf8eaf58c416bf5fd861a005f47dd3d0d2d09'
[6cab6b43-14eb-4c56-8dad-cb15a5f45520/build] unable to get git ref: failed to identify reference (tag/branch) for the checked-out revision 'd7fbf8eaf58c416bf5fd861a005f47dd3d0d2d09'
[6cab6b43-14eb-4c56-8dad-cb15a5f45520/build] unable to get git ref: failed to identify reference (tag/branch) for the checked-out revision 'd7fbf8eaf58c416bf5fd861a005f47dd3d0d2d09'
[6cab6b43-14eb-4c56-8dad-cb15a5f45520/build] ‚≠ê Run Main Build with Maven
[6cab6b43-14eb-4c56-8dad-cb15a5f45520/build] unable to get git ref: failed to identify reference (tag/branch) for the checked-out revision 'd7fbf8eaf58c416bf5fd861a005f47dd3d0d2d09'
[6cab6b43-14eb-4c56-8dad-cb15a5f45520/build] unable to get git ref: failed to identify reference (tag/branch) for the checked-out revision 'd7fbf8eaf58c416bf5fd861a005f47dd3d0d2d09'
[6cab6b43-14eb-4c56-8dad-cb15a5f45520/build] unable to get git ref: failed to identify reference (tag/branch) for the checked-out revision 'd7fbf8eaf58c416bf5fd861a005f47dd3d0d2d09'
[6cab6b43-14eb-4c56-8dad-cb15a5f45520/build] unable to get git ref: failed to identify reference (tag/branch) for the checked-out revision 'd7fbf8eaf58c416bf5fd861a005f47dd3d0d2d09'
[6cab6b43-14eb-4c56-8dad-cb15a5f45520/build]   üê≥  docker exec cmd=[bash --noprofile --norc -e -o pipefail /var/run/act/workflow/2] user= workdir=
[6cab6b43-14eb-4c56-8dad-cb15a5f45520/build]   | [INFO] Scanning for projects...
[6cab6b43-14eb-4c56-8dad-cb15a5f45520/build]   | [INFO] Downloading from central: https://repo.maven.apache.org/maven2/kr/motd/maven/os-maven-plugin/1.7.0/os-maven-plugin-1.7.0.pom
[6cab6b43-14eb-4c56-8dad-cb15a5f45520/build]   | [INFO] Downloaded from central: https://repo.maven.apache.org/maven2/kr/motd/maven/os-maven-plugin/1.7.0/os-maven-plugin-1.7.0.pom (6.1 kB at 14 kB/s)
[6cab6b43-14eb-4c56-8dad-cb15a5f45520/build]   | [INFO] Downloading from central: https://repo.maven.apache.org/maven2/org/sonatype/oss/oss-parent/9/oss-parent-9.pom
[6cab6b43-14eb-4c56-8dad-cb15a5f45520/build]   | [INFO] Downloaded from central: https://repo.maven.apache.org/maven2/org/sonatype/oss/oss-parent/9/oss-parent-9.pom (6.6 kB at 81 kB/s)
[6cab6b43-14eb-4c56-8dad-cb15a5f45520/build]   | [INFO] Downloading from central: https://repo.maven.apache.org/maven2/org/apache/maven/maven-plugin-api/3.5.3/maven-plugin-api-3.5.3.pom
[6cab6b43-14eb-4c56-8dad-cb15a5f45520/build]   | [INFO] Downloaded from central: https://repo.maven.apache.org/maven2/org/apache/maven/maven-plugin-api/3.5.3/maven-plugin-api-3.5.3.pom (2.9 kB at 37 kB/s)
[6cab6b43-14eb-4c56-8dad-cb15a5f45520/build]   | [INFO] Downloading from central: https://repo.maven.apache.org/maven2/org/apache/maven/maven/3.5.3/maven-3.5.3.pom
[6cab6b43-14eb-4c56-8dad-cb15a5f45520/build]   | [INFO] Downloaded from central: https://repo.maven.apache.org/maven2/org/apache/maven/maven/3.5.3/maven-3.5.3.pom (23 kB at 316 kB/s)
[6cab6b43-14eb-4c56-8dad-cb15a5f45520/build]   | [INFO] Downloading from central: https://repo.maven.apache.org/maven2/org/apache/maven/maven-parent/31/maven-parent-31.pom
[6cab6b43-14eb-4c56-8dad-cb15a5f45520/build]   | [INFO] Downloaded from central: https://repo.maven.apache.org/maven2/org/apache/maven/maven-parent/31/maven-parent-31.pom (43 kB at 287 kB/s)
[6cab6b43-14eb-4c56-8dad-cb15a5f45520/build]   | [INFO] Downloading from central: https://repo.maven.apache.org/maven2/org/apache/apache/19/apache-19.pom
[6cab6b43-14eb-4c56-8dad-cb15a5f45520/build]   | [INFO] Downloaded from central: https://repo.maven.apache.org/maven2/org/apache/apache/19/apache-19.pom (15 kB at 150 kB/s)
[6cab6b43-14eb-4c56-8dad-cb15a5f45520/build]   | [INFO] Downloading from central: https://repo.maven.apache.org/maven2/org/apache/maven/maven-model/3.5.3/maven-model-3.5.3.pom
[6cab6b43-14eb-4c56-8dad-cb15a5f45520/build]   | [INFO] Downloaded from central: https://repo.maven.apache.org/maven2/org/apache/maven/maven-model/3.5.3/maven-model-3.5.3.pom (4.0 kB at 32 kB/s)
[6cab6b43-14eb-4c56-8dad-cb15a5f45520/build]   | [INFO] Downloading from central: https://repo.maven.apache.org/maven2/org/codehaus/plexus/plexus-utils/3.1.0/plexus-utils-3.1.0.pom
[6cab6b43-14eb-4c56-8dad-cb15a5f45520/build]   | [INFO] Downloaded from central: https://repo.maven.apache.org/maven2/org/codehaus/plexus/plexus-utils/3.1.0/plexus-utils-3.1.0.pom (4.7 kB at 48 kB/s)
[6cab6b43-14eb-4c56-8dad-cb15a5f45520/build]   | [INFO] Downloading from central: https://repo.maven.apache.org/maven2/org/codehaus/plexus/plexus/4.0/plexus-4.0.pom
[6cab6b43-14eb-4c56-8dad-cb15a5f45520/build]   | [INFO] Downloaded from central: https://repo.maven.apache.org/maven2/org/codehaus/plexus/plexus/4.0/plexus-4.0.pom (22 kB at 215 kB/s)
[6cab6b43-14eb-4c56-8dad-cb15a5f45520/build]   | [INFO] Downloading from central: https://repo.maven.apache.org/maven2/org/sonatype/forge/forge-parent/10/forge-parent-10.pom
[6cab6b43-14eb-4c56-8dad-cb15a5f45520/build]   | [INFO] Downloaded from central: https://repo.maven.apache.org/maven2/org/sonatype/forge/forge-parent/10/forge-parent-10.pom (14 kB at 130 kB/s)
[6cab6b43-14eb-4c56-8dad-cb15a5f45520/build]   | [INFO] Downloading from central: https://repo.maven.apache.org/maven2/org/apache/commons/commons-lang3/3.5/commons-lang3-3.5.pom
[6cab6b43-14eb-4c56-8dad-cb15a5f45520/build]   | [INFO] Downloaded from central: https://repo.maven.apache.org/maven2/org/apache/commons/commons-lang3/3.5/commons-lang3-3.5.pom (23 kB at 262 kB/s)
[6cab6b43-14eb-4c56-8dad-cb15a5f45520/build]   | [INFO] Downloading from central: https://repo.maven.apache.org/maven2/org/apache/commons/commons-parent/41/commons-parent-41.pom
[6cab6b43-14eb-4c56-8dad-cb15a5f45520/build]   | [INFO] Downloaded from central: https://repo.maven.apache.org/maven2/org/apache/commons/commons-parent/41/commons-parent-41.pom (65 kB at 791 kB/s)
[6cab6b43-14eb-4c56-8dad-cb15a5f45520/build]   | [INFO] Downloading from central: https://repo.maven.apache.org/maven2/org/apache/apache/18/apache-18.pom
[6cab6b43-14eb-4c56-8dad-cb15a5f45520/build]   | [INFO] Downloaded from central: https://repo.maven.apache.org/maven2/org/apache/apache/18/apache-18.pom (16 kB at 142 kB/s)
[6cab6b43-14eb-4c56-8dad-cb15a5f45520/build]   | [INFO] Downloading from central: https://repo.maven.apache.org/maven2/org/apache/maven/maven-artifact/3.5.3/maven-artifact-3.5.3.pom
[6cab6b43-14eb-4c56-8dad-cb15a5f45520/build]   | [INFO] Downloaded from central: https://repo.maven.apache.org/maven2/org/apache/maven/maven-artifact/3.5.3/maven-artifact-3.5.3.pom (2.1 kB at 20 kB/s)
[6cab6b43-14eb-4c56-8dad-cb15a5f45520/build]   | [INFO] Downloading from central: https://repo.maven.apache.org/maven2/org/eclipse/sisu/org.eclipse.sisu.plexus/0.3.3/org.eclipse.sisu.plexus-0.3.3.pom
[6cab6b43-14eb-4c56-8dad-cb15a5f45520/build]   | [INFO] Downloaded from central: https://repo.maven.apache.org/maven2/org/eclipse/sisu/org.eclipse.sisu.plexus/0.3.3/org.eclipse.sisu.plexus-0.3.3.pom (4.2 kB at 36 kB/s)
[6cab6b43-14eb-4c56-8dad-cb15a5f45520/build]   | [INFO] Downloading from central: https://repo.maven.apache.org/maven2/org/eclipse/sisu/sisu-plexus/0.3.3/sisu-plexus-0.3.3.pom
[6cab6b43-14eb-4c56-8dad-cb15a5f45520/build]   | [INFO] Downloaded from central: https://repo.maven.apache.org/maven2/org/eclipse/sisu/sisu-plexus/0.3.3/sisu-plexus-0.3.3.pom (14 kB at 181 kB/s)
[6cab6b43-14eb-4c56-8dad-cb15a5f45520/build]   | [INFO] Downloading from central: https://repo.maven.apache.org/maven2/javax/enterprise/cdi-api/1.0/cdi-api-1.0.pom
[6cab6b43-14eb-4c56-8dad-cb15a5f45520/build]   | [INFO] Downloaded from central: https://repo.maven.apache.org/maven2/javax/enterprise/cdi-api/1.0/cdi-api-1.0.pom (1.4 kB at 16 kB/s)
[6cab6b43-14eb-4c56-8dad-cb15a5f45520/build]   | [INFO] Downloading from central: https://repo.maven.apache.org/maven2/org/jboss/weld/weld-api-parent/1.0/weld-api-parent-1.0.pom
[6cab6b43-14eb-4c56-8dad-cb15a5f45520/build]   | [INFO] Downloaded from central: https://repo.maven.apache.org/maven2/org/jboss/weld/weld-api-parent/1.0/weld-api-parent-1.0.pom (2.4 kB at 56 kB/s)
[6cab6b43-14eb-4c56-8dad-cb15a5f45520/build]   | [INFO] Downloading from central: https://repo.maven.apache.org/maven2/org/jboss/weld/weld-api-bom/1.0/weld-api-bom-1.0.pom
[6cab6b43-14eb-4c56-8dad-cb15a5f45520/build]   | [INFO] Downloaded from central: https://repo.maven.apache.org/maven2/org/jboss/weld/weld-api-bom/1.0/weld-api-bom-1.0.pom (7.9 kB at 80 kB/s)
[6cab6b43-14eb-4c56-8dad-cb15a5f45520/build]   | [INFO] Downloading from central: https://repo.maven.apache.org/maven2/org/jboss/weld/weld-parent/6/weld-parent-6.pom
[6cab6b43-14eb-4c56-8dad-cb15a5f45520/build]   | [INFO] Downloaded from central: https://repo.maven.apache.org/maven2/org/jboss/weld/weld-parent/6/weld-parent-6.pom (21 kB at 197 kB/s)
[6cab6b43-14eb-4c56-8dad-cb15a5f45520/build]   | [INFO] Downloading from central: https://repo.maven.apache.org/maven2/javax/annotation/jsr250-api/1.0/jsr250-api-1.0.pom
[6cab6b43-14eb-4c56-8dad-cb15a5f45520/build]   | [INFO] Downloaded from central: https://repo.maven.apache.org/maven2/javax/annotation/jsr250-api/1.0/jsr250-api-1.0.pom (1.0 kB at 11 kB/s)
[6cab6b43-14eb-4c56-8dad-cb15a5f45520/build]   | [INFO] Downloading from central: https://repo.maven.apache.org/maven2/javax/inject/javax.inject/1/javax.inject-1.pom
[6cab6b43-14eb-4c56-8dad-cb15a5f45520/build]   | [INFO] Downloaded from central: https://repo.maven.apache.org/maven2/javax/inject/javax.inject/1/javax.inject-1.pom (612 B at 10 kB/s)
[6cab6b43-14eb-4c56-8dad-cb15a5f45520/build]   | [INFO] Downloading from central: https://repo.maven.apache.org/maven2/org/eclipse/sisu/org.eclipse.sisu.inject/0.3.3/org.eclipse.sisu.inject-0.3.3.pom
[6cab6b43-14eb-4c56-8dad-cb15a5f45520/build]   | [INFO] Downloaded from central: https://repo.maven.apache.org/maven2/org/eclipse/sisu/org.eclipse.sisu.inject/0.3.3/org.eclipse.sisu.inject-0.3.3.pom (2.6 kB at 85 kB/s)
[6cab6b43-14eb-4c56-8dad-cb15a5f45520/build]   | [INFO] Downloading from central: https://repo.maven.apache.org/maven2/org/eclipse/sisu/sisu-inject/0.3.3/sisu-inject-0.3.3.pom
[6cab6b43-14eb-4c56-8dad-cb15a5f45520/build]   | [INFO] Downloaded from central: https://repo.maven.apache.org/maven2/org/eclipse/sisu/sisu-inject/0.3.3/sisu-inject-0.3.3.pom (14 kB at 360 kB/s)
[6cab6b43-14eb-4c56-8dad-cb15a5f45520/build]   | [INFO] Downloading from central: https://repo.maven.apache.org/maven2/org/codehaus/plexus/plexus-component-annotations/1.5.5/plexus-component-annotations-1.5.5.pom
[6cab6b43-14eb-4c56-8dad-cb15a5f45520/build]   | [INFO] Downloaded from central: https://repo.maven.apache.org/maven2/org/codehaus/plexus/plexus-component-annotations/1.5.5/plexus-component-annotations-1.5.5.pom (815 B at 7.0 kB/s)
[6cab6b43-14eb-4c56-8dad-cb15a5f45520/build]   | [INFO] Downloading from central: https://repo.maven.apache.org/maven2/org/codehaus/plexus/plexus-containers/1.5.5/plexus-containers-1.5.5.pom
[6cab6b43-14eb-4c56-8dad-cb15a5f45520/build]   | [INFO] Downloaded from central: https://repo.maven.apache.org/maven2/org/codehaus/plexus/plexus-containers/1.5.5/plexus-containers-1.5.5.pom (4.2 kB at 40 kB/s)
[6cab6b43-14eb-4c56-8dad-cb15a5f45520/build]   | [INFO] Downloading from central: https://repo.maven.apache.org/maven2/org/codehaus/plexus/plexus/2.0.7/plexus-2.0.7.pom
[6cab6b43-14eb-4c56-8dad-cb15a5f45520/build]   | [INFO] Downloaded from central: https://repo.maven.apache.org/maven2/org/codehaus/plexus/plexus/2.0.7/plexus-2.0.7.pom (17 kB at 180 kB/s)
[6cab6b43-14eb-4c56-8dad-cb15a5f45520/build]   | [INFO] Downloading from central: https://repo.maven.apache.org/maven2/org/codehaus/plexus/plexus-classworlds/2.5.2/plexus-classworlds-2.5.2.pom
[6cab6b43-14eb-4c56-8dad-cb15a5f45520/build]   | [INFO] Downloaded from central: https://repo.maven.apache.org/maven2/org/codehaus/plexus/plexus-classworlds/2.5.2/plexus-classworlds-2.5.2.pom (7.3 kB at 60 kB/s)
[6cab6b43-14eb-4c56-8dad-cb15a5f45520/build]   | [INFO] Downloading from central: https://repo.maven.apache.org/maven2/org/codehaus/plexus/plexus/3.3.1/plexus-3.3.1.pom
[6cab6b43-14eb-4c56-8dad-cb15a5f45520/build]   | [INFO] Downloaded from central: https://repo.maven.apache.org/maven2/org/codehaus/plexus/plexus/3.3.1/plexus-3.3.1.pom (20 kB at 249 kB/s)
[6cab6b43-14eb-4c56-8dad-cb15a5f45520/build]   | [INFO] Downloading from central: https://repo.maven.apache.org/maven2/org/sonatype/spice/spice-parent/17/spice-parent-17.pom
[6cab6b43-14eb-4c56-8dad-cb15a5f45520/build]   | [INFO] Downloaded from central: https://repo.maven.apache.org/maven2/org/sonatype/spice/spice-parent/17/spice-parent-17.pom (6.8 kB at 95 kB/s)
[6cab6b43-14eb-4c56-8dad-cb15a5f45520/build]   | [INFO] Downloading from central: https://repo.maven.apache.org/maven2/org/codehaus/plexus/plexus-utils/3.0.17/plexus-utils-3.0.17.pom
[6cab6b43-14eb-4c56-8dad-cb15a5f45520/build]   | [INFO] Downloaded from central: https://repo.maven.apache.org/maven2/org/codehaus/plexus/plexus-utils/3.0.17/plexus-utils-3.0.17.pom (3.4 kB at 27 kB/s)
[6cab6b43-14eb-4c56-8dad-cb15a5f45520/build]   | [INFO] Downloading from central: https://repo.maven.apache.org/maven2/com/google/code/findbugs/jsr305/3.0.2/jsr305-3.0.2.pom
[6cab6b43-14eb-4c56-8dad-cb15a5f45520/build]   | [INFO] Downloaded from central: https://repo.maven.apache.org/maven2/com/google/code/findbugs/jsr305/3.0.2/jsr305-3.0.2.pom (4.3 kB at 41 kB/s)
[6cab6b43-14eb-4c56-8dad-cb15a5f45520/build]   | [INFO] Downloading from central: https://repo.maven.apache.org/maven2/org/sonatype/oss/oss-parent/7/oss-parent-7.pom
[6cab6b43-14eb-4c56-8dad-cb15a5f45520/build]   | [INFO] Downloaded from central: https://repo.maven.apache.org/maven2/org/sonatype/oss/oss-parent/7/oss-parent-7.pom (4.8 kB at 47 kB/s)
[6cab6b43-14eb-4c56-8dad-cb15a5f45520/build]   | [INFO] Downloading from central: https://repo.maven.apache.org/maven2/kr/motd/maven/os-maven-plugin/1.7.0/os-maven-plugin-1.7.0.jar
[6cab6b43-14eb-4c56-8dad-cb15a5f45520/build]   | [INFO] Downloading from central: https://repo.maven.apache.org/maven2/org/apache/maven/maven-plugin-api/3.5.3/maven-plugin-api-3.5.3.jar
[6cab6b43-14eb-4c56-8dad-cb15a5f45520/build]   | [INFO] Downloading from central: https://repo.maven.apache.org/maven2/org/apache/maven/maven-model/3.5.3/maven-model-3.5.3.jar
[6cab6b43-14eb-4c56-8dad-cb15a5f45520/build]   | [INFO] Downloading from central: https://repo.maven.apache.org/maven2/org/apache/commons/commons-lang3/3.5/commons-lang3-3.5.jar
[6cab6b43-14eb-4c56-8dad-cb15a5f45520/build]   | [INFO] Downloading from central: https://repo.maven.apache.org/maven2/org/apache/maven/maven-artifact/3.5.3/maven-artifact-3.5.3.jar
[6cab6b43-14eb-4c56-8dad-cb15a5f45520/build]   | [INFO] Downloaded from central: https://repo.maven.apache.org/maven2/kr/motd/maven/os-maven-plugin/1.7.0/os-maven-plugin-1.7.0.jar (33 kB at 403 kB/s)
[6cab6b43-14eb-4c56-8dad-cb15a5f45520/build]   | [INFO] Downloading from central: https://repo.maven.apache.org/maven2/org/eclipse/sisu/org.eclipse.sisu.plexus/0.3.3/org.eclipse.sisu.plexus-0.3.3.jar
[6cab6b43-14eb-4c56-8dad-cb15a5f45520/build]   | [INFO] Downloaded from central: https://repo.maven.apache.org/maven2/org/apache/maven/maven-model/3.5.3/maven-model-3.5.3.jar (165 kB at 1.5 MB/s)
[6cab6b43-14eb-4c56-8dad-cb15a5f45520/build]   | [INFO] Downloading from central: https://repo.maven.apache.org/maven2/javax/enterprise/cdi-api/1.0/cdi-api-1.0.jar
[6cab6b43-14eb-4c56-8dad-cb15a5f45520/build]   | [INFO] Downloaded from central: https://repo.maven.apache.org/maven2/org/apache/maven/maven-plugin-api/3.5.3/maven-plugin-api-3.5.3.jar (48 kB at 419 kB/s)
[6cab6b43-14eb-4c56-8dad-cb15a5f45520/build]   | [INFO] Downloading from central: https://repo.maven.apache.org/maven2/javax/annotation/jsr250-api/1.0/jsr250-api-1.0.jar
[6cab6b43-14eb-4c56-8dad-cb15a5f45520/build]   | [INFO] Downloaded from central: https://repo.maven.apache.org/maven2/org/apache/maven/maven-artifact/3.5.3/maven-artifact-3.5.3.jar (55 kB at 486 kB/s)
[6cab6b43-14eb-4c56-8dad-cb15a5f45520/build]   | [INFO] Downloading from central: https://repo.maven.apache.org/maven2/javax/inject/javax.inject/1/javax.inject-1.jar
[6cab6b43-14eb-4c56-8dad-cb15a5f45520/build]   | [INFO] Downloaded from central: https://repo.maven.apache.org/maven2/org/apache/commons/commons-lang3/3.5/commons-lang3-3.5.jar (480 kB at 3.2 MB/s)
[6cab6b43-14eb-4c56-8dad-cb15a5f45520/build]   | [INFO] Downloading from central: https://repo.maven.apache.org/maven2/org/eclipse/sisu/org.eclipse.sisu.inject/0.3.3/org.eclipse.sisu.inject-0.3.3.jar
[6cab6b43-14eb-4c56-8dad-cb15a5f45520/build]   | [INFO] Downloaded from central: https://repo.maven.apache.org/maven2/org/eclipse/sisu/org.eclipse.sisu.plexus/0.3.3/org.eclipse.sisu.plexus-0.3.3.jar (205 kB at 964 kB/s)
[6cab6b43-14eb-4c56-8dad-cb15a5f45520/build]   | [INFO] Downloading from central: https://repo.maven.apache.org/maven2/org/codehaus/plexus/plexus-component-annotations/1.5.5/plexus-component-annotations-1.5.5.jar
[6cab6b43-14eb-4c56-8dad-cb15a5f45520/build]   | [INFO] Downloaded from central: https://repo.maven.apache.org/maven2/javax/enterprise/cdi-api/1.0/cdi-api-1.0.jar (45 kB at 198 kB/s)
[6cab6b43-14eb-4c56-8dad-cb15a5f45520/build]   | [INFO] Downloading from central: https://repo.maven.apache.org/maven2/org/codehaus/plexus/plexus-classworlds/2.5.2/plexus-classworlds-2.5.2.jar
[6cab6b43-14eb-4c56-8dad-cb15a5f45520/build]   | [INFO] Downloaded from central: https://repo.maven.apache.org/maven2/javax/inject/javax.inject/1/javax.inject-1.jar (2.5 kB at 11 kB/s)
[6cab6b43-14eb-4c56-8dad-cb15a5f45520/build]   | [INFO] Downloading from central: https://repo.maven.apache.org/maven2/org/codehaus/plexus/plexus-utils/3.1.0/plexus-utils-3.1.0.jar
[6cab6b43-14eb-4c56-8dad-cb15a5f45520/build]   | [INFO] Downloaded from central: https://repo.maven.apache.org/maven2/javax/annotation/jsr250-api/1.0/jsr250-api-1.0.jar (5.8 kB at 25 kB/s)
[6cab6b43-14eb-4c56-8dad-cb15a5f45520/build]   | [INFO] Downloading from central: https://repo.maven.apache.org/maven2/com/google/code/findbugs/jsr305/3.0.2/jsr305-3.0.2.jar
[6cab6b43-14eb-4c56-8dad-cb15a5f45520/build]   | [INFO] Downloaded from central: https://repo.maven.apache.org/maven2/org/eclipse/sisu/org.eclipse.sisu.inject/0.3.3/org.eclipse.sisu.inject-0.3.3.jar (379 kB at 1.3 MB/s)
[6cab6b43-14eb-4c56-8dad-cb15a5f45520/build]   | [INFO] Downloaded from central: https://repo.maven.apache.org/maven2/org/codehaus/plexus/plexus-component-annotations/1.5.5/plexus-component-annotations-1.5.5.jar (4.2 kB at 13 kB/s)
[6cab6b43-14eb-4c56-8dad-cb15a5f45520/build]   | [INFO] Downloaded from central: https://repo.maven.apache.org/maven2/org/codehaus/plexus/plexus-classworlds/2.5.2/plexus-classworlds-2.5.2.jar (53 kB at 153 kB/s)
[6cab6b43-14eb-4c56-8dad-cb15a5f45520/build]   | [INFO] Downloaded from central: https://repo.maven.apache.org/maven2/com/google/code/findbugs/jsr305/3.0.2/jsr305-3.0.2.jar (20 kB at 58 kB/s)
[6cab6b43-14eb-4c56-8dad-cb15a5f45520/build]   | [INFO] Downloaded from central: https://repo.maven.apache.org/maven2/org/codehaus/plexus/plexus-utils/3.1.0/plexus-utils-3.1.0.jar (262 kB at 756 kB/s)
[6cab6b43-14eb-4c56-8dad-cb15a5f45520/build]   | [INFO] Downloading from central: https://repo.maven.apache.org/maven2/org/junit/junit-bom/5.9.1/junit-bom-5.9.1.pom
[6cab6b43-14eb-4c56-8dad-cb15a5f45520/build]   | [INFO] Downloaded from central: https://repo.maven.apache.org/maven2/org/junit/junit-bom/5.9.1/junit-bom-5.9.1.pom (5.6 kB at 102 kB/s)
[6cab6b43-14eb-4c56-8dad-cb15a5f45520/build]   | [INFO] ------------------------------------------------------------------------
[6cab6b43-14eb-4c56-8dad-cb15a5f45520/build]   | [INFO] Detecting the operating system and CPU architecture
[6cab6b43-14eb-4c56-8dad-cb15a5f45520/build]   | [INFO] ------------------------------------------------------------------------
[6cab6b43-14eb-4c56-8dad-cb15a5f45520/build]   | [INFO] os.detected.name: linux
[6cab6b43-14eb-4c56-8dad-cb15a5f45520/build]   | [INFO] os.detected.arch: x86_64
[6cab6b43-14eb-4c56-8dad-cb15a5f45520/build]   | [INFO] os.detected.bitness: 64
[6cab6b43-14eb-4c56-8dad-cb15a5f45520/build]   | [INFO] os.detected.version: 5.15
[6cab6b43-14eb-4c56-8dad-cb15a5f45520/build]   | [INFO] os.detected.version.major: 5
[6cab6b43-14eb-4c56-8dad-cb15a5f45520/build]   | [INFO] os.detected.version.minor: 15
[6cab6b43-14eb-4c56-8dad-cb15a5f45520/build]   | [INFO] os.detected.release: ubuntu
[6cab6b43-14eb-4c56-8dad-cb15a5f45520/build]   | [INFO] os.detected.release.version: 22.04
[6cab6b43-14eb-4c56-8dad-cb15a5f45520/build]   | [INFO] os.detected.release.like.ubuntu: true
[6cab6b43-14eb-4c56-8dad-cb15a5f45520/build]   | [INFO] os.detected.release.like.debian: true
[6cab6b43-14eb-4c56-8dad-cb15a5f45520/build]   | [INFO] os.detected.classifier: linux-x86_64
[6cab6b43-14eb-4c56-8dad-cb15a5f45520/build]   | [INFO] 
[6cab6b43-14eb-4c56-8dad-cb15a5f45520/build]   | [INFO] ---------------------------< it.mulders:mcs >---------------------------
[6cab6b43-14eb-4c56-8dad-cb15a5f45520/build]   | [INFO] Building Maven Central Search 0.3.2-SNAPSHOT
[6cab6b43-14eb-4c56-8dad-cb15a5f45520/build]   | [INFO]   from pom.xml
[6cab6b43-14eb-4c56-8dad-cb15a5f45520/build]   | [INFO] --------------------------------[ jar ]---------------------------------
[6cab6b43-14eb-4c56-8dad-cb15a5f45520/build]   | [INFO] Downloading from central: https://repo.maven.apache.org/maven2/org/apache/maven/plugins/maven-failsafe-plugin/3.0.0-M7/maven-failsafe-plugin-3.0.0-M7.pom
[6cab6b43-14eb-4c56-8dad-cb15a5f45520/build]   | [INFO] Downloaded from central: https://repo.maven.apache.org/maven2/org/apache/maven/plugins/maven-failsafe-plugin/3.0.0-M7/maven-failsafe-plugin-3.0.0-M7.pom (13 kB at 105 kB/s)
[6cab6b43-14eb-4c56-8dad-cb15a5f45520/build]   | [INFO] Downloading from central: https://repo.maven.apache.org/maven2/org/apache/maven/surefire/surefire/3.0.0-M7/surefire-3.0.0-M7.pom
[6cab6b43-14eb-4c56-8dad-cb15a5f45520/build]   | [INFO] Downloaded from central: https://repo.maven.apache.org/maven2/org/apache/maven/surefire/surefire/3.0.0-M7/surefire-3.0.0-M7.pom (22 kB at 197 kB/s)
[6cab6b43-14eb-4c56-8dad-cb15a5f45520/build]   | [INFO] Downloading from central: https://repo.maven.apache.org/maven2/org/apache/maven/maven-parent/36/maven-parent-36.pom
[6cab6b43-14eb-4c56-8dad-cb15a5f45520/build]   | [INFO] Downloaded from central: https://repo.maven.apache.org/maven2/org/apache/maven/maven-parent/36/maven-parent-36.pom (45 kB at 500 kB/s)
[6cab6b43-14eb-4c56-8dad-cb15a5f45520/build]   | [INFO] Downloading from central: https://repo.maven.apache.org/maven2/org/apache/apache/26/apache-26.pom
[6cab6b43-14eb-4c56-8dad-cb15a5f45520/build]   | [INFO] Downloaded from central: https://repo.maven.apache.org/maven2/org/apache/apache/26/apache-26.pom (21 kB at 380 kB/s)
[6cab6b43-14eb-4c56-8dad-cb15a5f45520/build]   | [INFO] Downloading from central: https://repo.maven.apache.org/maven2/org/apache/maven/plugins/maven-failsafe-plugin/3.0.0-M7/maven-failsafe-plugin-3.0.0-M7.jar
[6cab6b43-14eb-4c56-8dad-cb15a5f45520/build]   | [INFO] Downloaded from central: https://repo.maven.apache.org/maven2/org/apache/maven/plugins/maven-failsafe-plugin/3.0.0-M7/maven-failsafe-plugin-3.0.0-M7.jar (54 kB at 500 kB/s)
[6cab6b43-14eb-4c56-8dad-cb15a5f45520/build]   | [INFO] Downloading from central: https://repo.maven.apache.org/maven2/org/apache/maven/plugins/maven-resources-plugin/3.3.0/maven-resources-plugin-3.3.0.pom
[6cab6b43-14eb-4c56-8dad-cb15a5f45520/build]   | [INFO] Downloaded from central: https://repo.maven.apache.org/maven2/org/apache/maven/plugins/maven-resources-plugin/3.3.0/maven-resources-plugin-3.3.0.pom (8.5 kB at 104 kB/s)
[6cab6b43-14eb-4c56-8dad-cb15a5f45520/build]   | [INFO] Downloading from central: https://repo.maven.apache.org/maven2/org/apache/maven/plugins/maven-plugins/36/maven-plugins-36.pom
[6cab6b43-14eb-4c56-8dad-cb15a5f45520/build]   | [INFO] Downloaded from central: https://repo.maven.apache.org/maven2/org/apache/maven/plugins/maven-plugins/36/maven-plugins-36.pom (9.9 kB at 136 kB/s)
[6cab6b43-14eb-4c56-8dad-cb15a5f45520/build]   | [INFO] Downloading from central: https://repo.maven.apache.org/maven2/org/apache/maven/plugins/maven-resources-plugin/3.3.0/maven-resources-plugin-3.3.0.jar
[6cab6b43-14eb-4c56-8dad-cb15a5f45520/build]   | [INFO] Downloaded from central: https://repo.maven.apache.org/maven2/org/apache/maven/plugins/maven-resources-plugin/3.3.0/maven-resources-plugin-3.3.0.jar (32 kB at 357 kB/s)
[6cab6b43-14eb-4c56-8dad-cb15a5f45520/build]   | [INFO] Downloading from central: https://repo.maven.apache.org/maven2/org/apache/maven/plugins/maven-compiler-plugin/3.10.1/maven-compiler-plugin-3.10.1.pom
[6cab6b43-14eb-4c56-8dad-cb15a5f45520/build]   | [INFO] Downloaded from central: https://repo.maven.apache.org/maven2/org/apache/maven/plugins/maven-compiler-plugin/3.10.1/maven-compiler-plugin-3.10.1.pom (13 kB at 175 kB/s)
[6cab6b43-14eb-4c56-8dad-cb15a5f45520/build]   | [INFO] Downloading from central: https://repo.maven.apache.org/maven2/org/apache/maven/plugins/maven-plugins/34/maven-plugins-34.pom
[6cab6b43-14eb-4c56-8dad-cb15a5f45520/build]   | [INFO] Downloaded from central: https://repo.maven.apache.org/maven2/org/apache/maven/plugins/maven-plugins/34/maven-plugins-34.pom (11 kB at 274 kB/s)
[6cab6b43-14eb-4c56-8dad-cb15a5f45520/build]   | [INFO] Downloading from central: https://repo.maven.apache.org/maven2/org/apache/maven/maven-parent/34/maven-parent-34.pom
[6cab6b43-14eb-4c56-8dad-cb15a5f45520/build]   | [INFO] Downloaded from central: https://repo.maven.apache.org/maven2/org/apache/maven/maven-parent/34/maven-parent-34.pom (43 kB at 504 kB/s)
[6cab6b43-14eb-4c56-8dad-cb15a5f45520/build]   | [INFO] Downloading from central: https://repo.maven.apache.org/maven2/org/apache/apache/23/apache-23.pom
[6cab6b43-14eb-4c56-8dad-cb15a5f45520/build]   | [INFO] Downloaded from central: https://repo.maven.apache.org/maven2/org/apache/apache/23/apache-23.pom (18 kB at 246 kB/s)
[6cab6b43-14eb-4c56-8dad-cb15a5f45520/build]   | [INFO] Downloading from central: https://repo.maven.apache.org/maven2/org/apache/maven/plugins/maven-compiler-plugin/3.10.1/maven-compiler-plugin-3.10.1.jar
[6cab6b43-14eb-4c56-8dad-cb15a5f45520/build]   | [INFO] Downloaded from central: https://repo.maven.apache.org/maven2/org/apache/maven/plugins/maven-compiler-plugin/3.10.1/maven-compiler-plugin-3.10.1.jar (62 kB at 1.4 MB/s)
[6cab6b43-14eb-4c56-8dad-cb15a5f45520/build]   | [INFO] Downloading from central: https://repo.maven.apache.org/maven2/org/apache/maven/plugins/maven-surefire-plugin/3.0.0-M7/maven-surefire-plugin-3.0.0-M7.pom
[6cab6b43-14eb-4c56-8dad-cb15a5f45520/build]   | [INFO] Downloaded from central: https://repo.maven.apache.org/maven2/org/apache/maven/plugins/maven-surefire-plugin/3.0.0-M7/maven-surefire-plugin-3.0.0-M7.pom (7.2 kB at 95 kB/s)
[6cab6b43-14eb-4c56-8dad-cb15a5f45520/build]   | [INFO] Downloading from central: https://repo.maven.apache.org/maven2/org/apache/maven/plugins/maven-surefire-plugin/3.0.0-M7/maven-surefire-plugin-3.0.0-M7.jar
[6cab6b43-14eb-4c56-8dad-cb15a5f45520/build]   | [INFO] Downloaded from central: https://repo.maven.apache.org/maven2/org/apache/maven/plugins/maven-surefire-plugin/3.0.0-M7/maven-surefire-plugin-3.0.0-M7.jar (44 kB at 1.0 MB/s)
[6cab6b43-14eb-4c56-8dad-cb15a5f45520/build]   | [INFO] Downloading from central: https://repo.maven.apache.org/maven2/org/apache/maven/plugins/maven-jar-plugin/3.2.2/maven-jar-plugin-3.2.2.pom
[6cab6b43-14eb-4c56-8dad-cb15a5f45520/build]   | [INFO] Downloaded from central: https://repo.maven.apache.org/maven2/org/apache/maven/plugins/maven-jar-plugin/3.2.2/maven-jar-plugin-3.2.2.pom (7.5 kB at 88 kB/s)
[6cab6b43-14eb-4c56-8dad-cb15a5f45520/build]   | [INFO] Downloading from central: https://repo.maven.apache.org/maven2/org/apache/maven/plugins/maven-jar-plugin/3.2.2/maven-jar-plugin-3.2.2.jar
[6cab6b43-14eb-4c56-8dad-cb15a5f45520/build]   | [INFO] Downloaded from central: https://repo.maven.apache.org/maven2/org/apache/maven/plugins/maven-jar-plugin/3.2.2/maven-jar-plugin-3.2.2.jar (29 kB at 303 kB/s)
[6cab6b43-14eb-4c56-8dad-cb15a5f45520/build]   | [INFO] Downloading from central: https://repo.maven.apache.org/maven2/org/apache/maven/plugins/maven-shade-plugin/3.3.0/maven-shade-plugin-3.3.0.pom
[6cab6b43-14eb-4c56-8dad-cb15a5f45520/build]   | [INFO] Downloaded from central: https://repo.maven.apache.org/maven2/org/apache/maven/plugins/maven-shade-plugin/3.3.0/maven-shade-plugin-3.3.0.pom (13 kB at 207 kB/s)
[6cab6b43-14eb-4c56-8dad-cb15a5f45520/build]   | [INFO] Downloading from central: https://repo.maven.apache.org/maven2/org/apache/maven/plugins/maven-shade-plugin/3.3.0/maven-shade-plugin-3.3.0.jar
[6cab6b43-14eb-4c56-8dad-cb15a5f45520/build]   | [INFO] Downloaded from central: https://repo.maven.apache.org/maven2/org/apache/maven/plugins/maven-shade-plugin/3.3.0/maven-shade-plugin-3.3.0.jar (141 kB at 3.1 MB/s)
[6cab6b43-14eb-4c56-8dad-cb15a5f45520/build]   | [INFO] Downloading from central: https://repo.maven.apache.org/maven2/org/apache/maven/plugins/maven-assembly-plugin/3.4.2/maven-assembly-plugin-3.4.2.pom
[6cab6b43-14eb-4c56-8dad-cb15a5f45520/build]   | [INFO] Downloaded from central: https://repo.maven.apache.org/maven2/org/apache/maven/plugins/maven-assembly-plugin/3.4.2/maven-assembly-plugin-3.4.2.pom (15 kB at 184 kB/s)
[6cab6b43-14eb-4c56-8dad-cb15a5f45520/build]   | [INFO] Downloading from central: https://repo.maven.apache.org/maven2/org/apache/maven/plugins/maven-assembly-plugin/3.4.2/maven-assembly-plugin-3.4.2.jar
[6cab6b43-14eb-4c56-8dad-cb15a5f45520/build]   | [INFO] Downloaded from central: https://repo.maven.apache.org/maven2/org/apache/maven/plugins/maven-assembly-plugin/3.4.2/maven-assembly-plugin-3.4.2.jar (255 kB at 2.9 MB/s)
[6cab6b43-14eb-4c56-8dad-cb15a5f45520/build]   | [INFO] Downloading from central: https://repo.maven.apache.org/maven2/com/fasterxml/jackson/jr/jackson-jr-objects/2.14.1/jackson-jr-objects-2.14.1.pom
[6cab6b43-14eb-4c56-8dad-cb15a5f45520/build]   | [INFO] Downloaded from central: https://repo.maven.apache.org/maven2/com/fasterxml/jackson/jr/jackson-jr-objects/2.14.1/jackson-jr-objects-2.14.1.pom (4.7 kB at 73 kB/s)
[6cab6b43-14eb-4c56-8dad-cb15a5f45520/build]   | [INFO] Downloading from central: https://repo.maven.apache.org/maven2/com/fasterxml/jackson/jr/jackson-jr-parent/2.14.1/jackson-jr-parent-2.14.1.pom
[6cab6b43-14eb-4c56-8dad-cb15a5f45520/build]   | [INFO] Downloaded from central: https://repo.maven.apache.org/maven2/com/fasterxml/jackson/jr/jackson-jr-parent/2.14.1/jackson-jr-parent-2.14.1.pom (3.0 kB at 58 kB/s)
[6cab6b43-14eb-4c56-8dad-cb15a5f45520/build]   | [INFO] Downloading from central: https://repo.maven.apache.org/maven2/com/fasterxml/jackson/jackson-base/2.14.1/jackson-base-2.14.1.pom
[6cab6b43-14eb-4c56-8dad-cb15a5f45520/build]   | [INFO] Downloaded from central: https://repo.maven.apache.org/maven2/com/fasterxml/jackson/jackson-base/2.14.1/jackson-base-2.14.1.pom (10 kB at 140 kB/s)
[6cab6b43-14eb-4c56-8dad-cb15a5f45520/build]   | [INFO] Downloading from central: https://repo.maven.apache.org/maven2/com/fasterxml/jackson/jackson-bom/2.14.1/jackson-bom-2.14.1.pom
[6cab6b43-14eb-4c56-8dad-cb15a5f45520/build]   | [INFO] Downloaded from central: https://repo.maven.apache.org/maven2/com/fasterxml/jackson/jackson-bom/2.14.1/jackson-bom-2.14.1.pom (17 kB at 546 kB/s)
[6cab6b43-14eb-4c56-8dad-cb15a5f45520/build]   | [INFO] Downloading from central: https://repo.maven.apache.org/maven2/com/fasterxml/jackson/jackson-parent/2.14/jackson-parent-2.14.pom
[6cab6b43-14eb-4c56-8dad-cb15a5f45520/build]   | [INFO] Downloaded from central: https://repo.maven.apache.org/maven2/com/fasterxml/jackson/jackson-parent/2.14/jackson-parent-2.14.pom (7.7 kB at 86 kB/s)
[6cab6b43-14eb-4c56-8dad-cb15a5f45520/build]   | [INFO] Downloading from central: https://repo.maven.apache.org/maven2/com/fasterxml/oss-parent/48/oss-parent-48.pom
[6cab6b43-14eb-4c56-8dad-cb15a5f45520/build]   | [INFO] Downloaded from central: https://repo.maven.apache.org/maven2/com/fasterxml/oss-parent/48/oss-parent-48.pom (24 kB at 301 kB/s)
[6cab6b43-14eb-4c56-8dad-cb15a5f45520/build]   | [INFO] Downloading from central: https://repo.maven.apache.org/maven2/com/fasterxml/jackson/core/jackson-core/2.14.1/jackson-core-2.14.1.pom
[6cab6b43-14eb-4c56-8dad-cb15a5f45520/build]   | [INFO] Downloaded from central: https://repo.maven.apache.org/maven2/com/fasterxml/jackson/core/jackson-core/2.14.1/jackson-core-2.14.1.pom (7.0 kB at 72 kB/s)
[6cab6b43-14eb-4c56-8dad-cb15a5f45520/build]   | [INFO] Downloading from central: https://repo.maven.apache.org/maven2/info/picocli/picocli/4.6.3/picocli-4.6.3.pom
[6cab6b43-14eb-4c56-8dad-cb15a5f45520/build]   | [INFO] Downloaded from central: https://repo.maven.apache.org/maven2/info/picocli/picocli/4.6.3/picocli-4.6.3.pom (1.4 kB at 17 kB/s)
[6cab6b43-14eb-4c56-8dad-cb15a5f45520/build]   | [INFO] Downloading from central: https://repo.maven.apache.org/maven2/org/junit/jupiter/junit-jupiter-api/5.9.1/junit-jupiter-api-5.9.1.pom
[6cab6b43-14eb-4c56-8dad-cb15a5f45520/build]   | [INFO] Downloaded from central: https://repo.maven.apache.org/maven2/org/junit/jupiter/junit-jupiter-api/5.9.1/junit-jupiter-api-5.9.1.pom (3.2 kB at 42 kB/s)
[6cab6b43-14eb-4c56-8dad-cb15a5f45520/build]   | [INFO] Downloading from central: https://repo.maven.apache.org/maven2/org/opentest4j/opentest4j/1.2.0/opentest4j-1.2.0.pom
[6cab6b43-14eb-4c56-8dad-cb15a5f45520/build]   | [INFO] Downloaded from central: https://repo.maven.apache.org/maven2/org/opentest4j/opentest4j/1.2.0/opentest4j-1.2.0.pom (1.7 kB at 25 kB/s)
[6cab6b43-14eb-4c56-8dad-cb15a5f45520/build]   | [INFO] Downloading from central: https://repo.maven.apache.org/maven2/org/junit/platform/junit-platform-commons/1.9.1/junit-platform-commons-1.9.1.pom
[6cab6b43-14eb-4c56-8dad-cb15a5f45520/build]   | [INFO] Downloaded from central: https://repo.maven.apache.org/maven2/org/junit/platform/junit-platform-commons/1.9.1/junit-platform-commons-1.9.1.pom (2.8 kB at 46 kB/s)
[6cab6b43-14eb-4c56-8dad-cb15a5f45520/build]   | [INFO] Downloading from central: https://repo.maven.apache.org/maven2/org/apiguardian/apiguardian-api/1.1.2/apiguardian-api-1.1.2.pom
[6cab6b43-14eb-4c56-8dad-cb15a5f45520/build]   | [INFO] Downloaded from central: https://repo.maven.apache.org/maven2/org/apiguardian/apiguardian-api/1.1.2/apiguardian-api-1.1.2.pom (1.5 kB at 18 kB/s)
[6cab6b43-14eb-4c56-8dad-cb15a5f45520/build]   | [INFO] Downloading from central: https://repo.maven.apache.org/maven2/org/junit/jupiter/junit-jupiter-params/5.9.1/junit-jupiter-params-5.9.1.pom
[6cab6b43-14eb-4c56-8dad-cb15a5f45520/build]   | [INFO] Downloaded from central: https://repo.maven.apache.org/maven2/org/junit/jupiter/junit-jupiter-params/5.9.1/junit-jupiter-params-5.9.1.pom (3.0 kB at 37 kB/s)
[6cab6b43-14eb-4c56-8dad-cb15a5f45520/build]   | [INFO] Downloading from central: https://repo.maven.apache.org/maven2/org/junit/jupiter/junit-jupiter-engine/5.9.1/junit-jupiter-engine-5.9.1.pom
[6cab6b43-14eb-4c56-8dad-cb15a5f45520/build]   | [INFO] Downloaded from central: https://repo.maven.apache.org/maven2/org/junit/jupiter/junit-jupiter-engine/5.9.1/junit-jupiter-engine-5.9.1.pom (3.2 kB at 58 kB/s)
[6cab6b43-14eb-4c56-8dad-cb15a5f45520/build]   | [INFO] Downloading from central: https://repo.maven.apache.org/maven2/org/junit/platform/junit-platform-engine/1.9.1/junit-platform-engine-1.9.1.pom
[6cab6b43-14eb-4c56-8dad-cb15a5f45520/build]   | [INFO] Downloaded from central: https://repo.maven.apache.org/maven2/org/junit/platform/junit-platform-engine/1.9.1/junit-platform-engine-1.9.1.pom (3.2 kB at 43 kB/s)
[6cab6b43-14eb-4c56-8dad-cb15a5f45520/build]   | [INFO] Downloading from central: https://repo.maven.apache.org/maven2/org/assertj/assertj-core/3.23.1/assertj-core-3.23.1.pom
[6cab6b43-14eb-4c56-8dad-cb15a5f45520/build]   | [INFO] Downloaded from central: https://repo.maven.apache.org/maven2/org/assertj/assertj-core/3.23.1/assertj-core-3.23.1.pom (24 kB at 310 kB/s)
[6cab6b43-14eb-4c56-8dad-cb15a5f45520/build]   | [INFO] Downloading from central: https://repo.maven.apache.org/maven2/org/assertj/assertj-parent-pom/2.2.17/assertj-parent-pom-2.2.17.pom
[6cab6b43-14eb-4c56-8dad-cb15a5f45520/build]   | [INFO] Downloaded from central: https://repo.maven.apache.org/maven2/org/assertj/assertj-parent-pom/2.2.17/assertj-parent-pom-2.2.17.pom (24 kB at 593 kB/s)
[6cab6b43-14eb-4c56-8dad-cb15a5f45520/build]   | [INFO] Downloading from central: https://repo.maven.apache.org/maven2/org/junit/junit-bom/5.8.2/junit-bom-5.8.2.pom
[6cab6b43-14eb-4c56-8dad-cb15a5f45520/build]   | [INFO] Downloaded from central: https://repo.maven.apache.org/maven2/org/junit/junit-bom/5.8.2/junit-bom-5.8.2.pom (5.6 kB at 156 kB/s)
[6cab6b43-14eb-4c56-8dad-cb15a5f45520/build]   | [INFO] Downloading from central: https://repo.maven.apache.org/maven2/org/mockito/mockito-bom/4.5.1/mockito-bom-4.5.1.pom
[6cab6b43-14eb-4c56-8dad-cb15a5f45520/build]   | [INFO] Downloaded from central: https://repo.maven.apache.org/maven2/org/mockito/mockito-bom/4.5.1/mockito-bom-4.5.1.pom (3.0 kB at 33 kB/s)
[6cab6b43-14eb-4c56-8dad-cb15a5f45520/build]   | [INFO] Downloading from central: https://repo.maven.apache.org/maven2/net/bytebuddy/byte-buddy/1.12.10/byte-buddy-1.12.10.pom
[6cab6b43-14eb-4c56-8dad-cb15a5f45520/build]   | [INFO] Downloaded from central: https://repo.maven.apache.org/maven2/net/bytebuddy/byte-buddy/1.12.10/byte-buddy-1.12.10.pom (17 kB at 234 kB/s)
[6cab6b43-14eb-4c56-8dad-cb15a5f45520/build]   | [INFO] Downloading from central: https://repo.maven.apache.org/maven2/net/bytebuddy/byte-buddy-parent/1.12.10/byte-buddy-parent-1.12.10.pom
[6cab6b43-14eb-4c56-8dad-cb15a5f45520/build]   | [INFO] Downloaded from central: https://repo.maven.apache.org/maven2/net/bytebuddy/byte-buddy-parent/1.12.10/byte-buddy-parent-1.12.10.pom (45 kB at 919 kB/s)
[6cab6b43-14eb-4c56-8dad-cb15a5f45520/build]   | [INFO] Downloading from central: https://repo.maven.apache.org/maven2/com/github/tomakehurst/wiremock-jre8/2.35.0/wiremock-jre8-2.35.0.pom
[6cab6b43-14eb-4c56-8dad-cb15a5f45520/build]   | [INFO] Downloaded from central: https://repo.maven.apache.org/maven2/com/github/tomakehurst/wiremock-jre8/2.35.0/wiremock-jre8-2.35.0.pom (7.9 kB at 214 kB/s)
[6cab6b43-14eb-4c56-8dad-cb15a5f45520/build]   | [INFO] Downloading from central: https://repo.maven.apache.org/maven2/org/eclipse/jetty/jetty-bom/9.4.49.v20220914/jetty-bom-9.4.49.v20220914.pom
[6cab6b43-14eb-4c56-8dad-cb15a5f45520/build]   | [INFO] Downloaded from central: https://repo.maven.apache.org/maven2/org/eclipse/jetty/jetty-bom/9.4.49.v20220914/jetty-bom-9.4.49.v20220914.pom (18 kB at 173 kB/s)
[6cab6b43-14eb-4c56-8dad-cb15a5f45520/build]   | [INFO] Downloading from central: https://repo.maven.apache.org/maven2/com/fasterxml/jackson/jackson-bom/2.13.4.20221013/jackson-bom-2.13.4.20221013.pom
[6cab6b43-14eb-4c56-8dad-cb15a5f45520/build]   | [INFO] Downloaded from central: https://repo.maven.apache.org/maven2/com/fasterxml/jackson/jackson-bom/2.13.4.20221013/jackson-bom-2.13.4.20221013.pom (17 kB at 259 kB/s)
[6cab6b43-14eb-4c56-8dad-cb15a5f45520/build]   | [INFO] Downloading from central: https://repo.maven.apache.org/maven2/com/fasterxml/jackson/jackson-parent/2.13/jackson-parent-2.13.pom
[6cab6b43-14eb-4c56-8dad-cb15a5f45520/build]   | [INFO] Downloaded from central: https://repo.maven.apache.org/maven2/com/fasterxml/jackson/jackson-parent/2.13/jackson-parent-2.13.pom (7.4 kB at 82 kB/s)
[6cab6b43-14eb-4c56-8dad-cb15a5f45520/build]   | [INFO] Downloading from central: https://repo.maven.apache.org/maven2/com/fasterxml/oss-parent/43/oss-parent-43.pom
[6cab6b43-14eb-4c56-8dad-cb15a5f45520/build]   | [INFO] Downloaded from central: https://repo.maven.apache.org/maven2/com/fasterxml/oss-parent/43/oss-parent-43.pom (24 kB at 307 kB/s)
[6cab6b43-14eb-4c56-8dad-cb15a5f45520/build]   | [INFO] Downloading from central: https://repo.maven.apache.org/maven2/org/eclipse/jetty/jetty-server/9.4.49.v20220914/jetty-server-9.4.49.v20220914.pom
[6cab6b43-14eb-4c56-8dad-cb15a5f45520/build]   | [INFO] Downloaded from central: https://repo.maven.apache.org/maven2/org/eclipse/jetty/jetty-server/9.4.49.v20220914/jetty-server-9.4.49.v20220914.pom (3.4 kB at 101 kB/s)
[6cab6b43-14eb-4c56-8dad-cb15a5f45520/build]   | [INFO] Downloading from central: https://repo.maven.apache.org/maven2/org/eclipse/jetty/jetty-project/9.4.49.v20220914/jetty-project-9.4.49.v20220914.pom
[6cab6b43-14eb-4c56-8dad-cb15a5f45520/build]   | [INFO] Downloaded from central: https://repo.maven.apache.org/maven2/org/eclipse/jetty/jetty-project/9.4.49.v20220914/jetty-project-9.4.49.v20220914.pom (72 kB at 2.1 MB/s)
[6cab6b43-14eb-4c56-8dad-cb15a5f45520/build]   | [INFO] Downloading from central: https://repo.maven.apache.org/maven2/org/testcontainers/testcontainers-bom/1.16.1/testcontainers-bom-1.16.1.pom
[6cab6b43-14eb-4c56-8dad-cb15a5f45520/build]   | [INFO] Downloaded from central: https://repo.maven.apache.org/maven2/org/testcontainers/testcontainers-bom/1.16.1/testcontainers-bom-1.16.1.pom (7.2 kB at 94 kB/s)
[6cab6b43-14eb-4c56-8dad-cb15a5f45520/build]   | [INFO] Downloading from central: https://repo.maven.apache.org/maven2/org/infinispan/infinispan-bom/11.0.15.Final/infinispan-bom-11.0.15.Final.pom
[6cab6b43-14eb-4c56-8dad-cb15a5f45520/build]   | [INFO] Downloaded from central: https://repo.maven.apache.org/maven2/org/infinispan/infinispan-bom/11.0.15.Final/infinispan-bom-11.0.15.Final.pom (19 kB at 185 kB/s)
[6cab6b43-14eb-4c56-8dad-cb15a5f45520/build]   | [INFO] Downloading from central: https://repo.maven.apache.org/maven2/org/infinispan/infinispan-build-configuration-parent/11.0.15.Final/infinispan-build-configuration-parent-11.0.15.Final.pom
[6cab6b43-14eb-4c56-8dad-cb15a5f45520/build]   | [INFO] Downloaded from central: https://repo.maven.apache.org/maven2/org/infinispan/infinispan-build-configuration-parent/11.0.15.Final/infinispan-build-configuration-parent-11.0.15.Final.pom (13 kB at 137 kB/s)
[6cab6b43-14eb-4c56-8dad-cb15a5f45520/build]   | [INFO] Downloading from central: https://repo.maven.apache.org/maven2/org/jboss/jboss-parent/36/jboss-parent-36.pom
[6cab6b43-14eb-4c56-8dad-cb15a5f45520/build]   | [INFO] Downloaded from central: https://repo.maven.apache.org/maven2/org/jboss/jboss-parent/36/jboss-parent-36.pom (66 kB at 700 kB/s)
[6cab6b43-14eb-4c56-8dad-cb15a5f45520/build]   | [INFO] Downloading from central: https://repo.maven.apache.org/maven2/javax/servlet/javax.servlet-api/3.1.0/javax.servlet-api-3.1.0.pom
[6cab6b43-14eb-4c56-8dad-cb15a5f45520/build]   | [INFO] Downloaded from central: https://repo.maven.apache.org/maven2/javax/servlet/javax.servlet-api/3.1.0/javax.servlet-api-3.1.0.pom (14 kB at 161 kB/s)
[6cab6b43-14eb-4c56-8dad-cb15a5f45520/build]   | [INFO] Downloading from central: https://repo.maven.apache.org/maven2/net/java/jvnet-parent/3/jvnet-parent-3.pom
[6cab6b43-14eb-4c56-8dad-cb15a5f45520/build]   | [INFO] Downloaded from central: https://repo.maven.apache.org/maven2/net/java/jvnet-parent/3/jvnet-parent-3.pom (4.8 kB at 48 kB/s)
[6cab6b43-14eb-4c56-8dad-cb15a5f45520/build]   | [INFO] Downloading from central: https://repo.maven.apache.org/maven2/org/eclipse/jetty/jetty-http/9.4.49.v20220914/jetty-http-9.4.49.v20220914.pom
[6cab6b43-14eb-4c56-8dad-cb15a5f45520/build]   | [INFO] Downloaded from central: https://repo.maven.apache.org/maven2/org/eclipse/jetty/jetty-http/9.4.49.v20220914/jetty-http-9.4.49.v20220914.pom (4.0 kB at 47 kB/s)
[6cab6b43-14eb-4c56-8dad-cb15a5f45520/build]   | [INFO] Downloading from central: https://repo.maven.apache.org/maven2/org/eclipse/jetty/jetty-util/9.4.49.v20220914/jetty-util-9.4.49.v20220914.pom
[6cab6b43-14eb-4c56-8dad-cb15a5f45520/build]   | [INFO] Downloaded from central: https://repo.maven.apache.org/maven2/org/eclipse/jetty/jetty-util/9.4.49.v20220914/jetty-util-9.4.49.v20220914.pom (4.0 kB at 40 kB/s)
[6cab6b43-14eb-4c56-8dad-cb15a5f45520/build]   | [INFO] Downloading from central: https://repo.maven.apache.org/maven2/org/eclipse/jetty/jetty-io/9.4.49.v20220914/jetty-io-9.4.49.v20220914.pom
[6cab6b43-14eb-4c56-8dad-cb15a5f45520/build]   | [INFO] Downloaded from central: https://repo.maven.apache.org/maven2/org/eclipse/jetty/jetty-io/9.4.49.v20220914/jetty-io-9.4.49.v20220914.pom (1.2 kB at 17 kB/s)
[6cab6b43-14eb-4c56-8dad-cb15a5f45520/build]   | [INFO] Downloading from central: https://repo.maven.apache.org/maven2/org/eclipse/jetty/jetty-servlet/9.4.49.v20220914/jetty-servlet-9.4.49.v20220914.pom
[6cab6b43-14eb-4c56-8dad-cb15a5f45520/build]   | [INFO] Downloaded from central: https://repo.maven.apache.org/maven2/org/eclipse/jetty/jetty-servlet/9.4.49.v20220914/jetty-servlet-9.4.49.v20220914.pom (2.3 kB at 28 kB/s)
[6cab6b43-14eb-4c56-8dad-cb15a5f45520/build]   | [INFO] Downloading from central: https://repo.maven.apache.org/maven2/org/eclipse/jetty/jetty-security/9.4.49.v20220914/jetty-security-9.4.49.v20220914.pom
[6cab6b43-14eb-4c56-8dad-cb15a5f45520/build]   | [INFO] Downloaded from central: https://repo.maven.apache.org/maven2/org/eclipse/jetty/jetty-security/9.4.49.v20220914/jetty-security-9.4.49.v20220914.pom (2.1 kB at 26 kB/s)
[6cab6b43-14eb-4c56-8dad-cb15a5f45520/build]   | [INFO] Downloading from central: https://repo.maven.apache.org/maven2/org/eclipse/jetty/jetty-util-ajax/9.4.49.v20220914/jetty-util-ajax-9.4.49.v20220914.pom
[6cab6b43-14eb-4c56-8dad-cb15a5f45520/build]   | [INFO] Downloaded from central: https://repo.maven.apache.org/maven2/org/eclipse/jetty/jetty-util-ajax/9.4.49.v20220914/jetty-util-ajax-9.4.49.v20220914.pom (1.3 kB at 34 kB/s)
[6cab6b43-14eb-4c56-8dad-cb15a5f45520/build]   | [INFO] Downloading from central: https://repo.maven.apache.org/maven2/org/eclipse/jetty/jetty-servlets/9.4.49.v20220914/jetty-servlets-9.4.49.v20220914.pom
[6cab6b43-14eb-4c56-8dad-cb15a5f45520/build]   | [INFO] Downloaded from central: https://repo.maven.apache.org/maven2/org/eclipse/jetty/jetty-servlets/9.4.49.v20220914/jetty-servlets-9.4.49.v20220914.pom (2.6 kB at 35 kB/s)
[6cab6b43-14eb-4c56-8dad-cb15a5f45520/build]   | [INFO] Downloading from central: https://repo.maven.apache.org/maven2/org/eclipse/jetty/jetty-continuation/9.4.49.v20220914/jetty-continuation-9.4.49.v20220914.pom
[6cab6b43-14eb-4c56-8dad-cb15a5f45520/build]   | [INFO] Downloaded from central: https://repo.maven.apache.org/maven2/org/eclipse/jetty/jetty-continuation/9.4.49.v20220914/jetty-continuation-9.4.49.v20220914.pom (952 B at 13 kB/s)
[6cab6b43-14eb-4c56-8dad-cb15a5f45520/build]   | [INFO] Downloading from central: https://repo.maven.apache.org/maven2/org/eclipse/jetty/jetty-webapp/9.4.49.v20220914/jetty-webapp-9.4.49.v20220914.pom
[6cab6b43-14eb-4c56-8dad-cb15a5f45520/build]   | [INFO] Downloaded from central: https://repo.maven.apache.org/maven2/org/eclipse/jetty/jetty-webapp/9.4.49.v20220914/jetty-webapp-9.4.49.v20220914.pom (3.2 kB at 61 kB/s)
[6cab6b43-14eb-4c56-8dad-cb15a5f45520/build]   | [INFO] Downloading from central: https://repo.maven.apache.org/maven2/org/eclipse/jetty/jetty-xml/9.4.49.v20220914/jetty-xml-9.4.49.v20220914.pom
[6cab6b43-14eb-4c56-8dad-cb15a5f45520/build]   | [INFO] Downloaded from central: https://repo.maven.apache.org/maven2/org/eclipse/jetty/jetty-xml/9.4.49.v20220914/jetty-xml-9.4.49.v20220914.pom (1.7 kB at 28 kB/s)
[6cab6b43-14eb-4c56-8dad-cb15a5f45520/build]   | [INFO] Downloading from central: https://repo.maven.apache.org/maven2/org/eclipse/jetty/jetty-proxy/9.4.49.v20220914/jetty-proxy-9.4.49.v20220914.pom
[6cab6b43-14eb-4c56-8dad-cb15a5f45520/build]   | [INFO] Downloaded from central: https://repo.maven.apache.org/maven2/org/eclipse/jetty/jetty-proxy/9.4.49.v20220914/jetty-proxy-9.4.49.v20220914.pom (2.2 kB at 39 kB/s)
[6cab6b43-14eb-4c56-8dad-cb15a5f45520/build]   | [INFO] Downloading from central: https://repo.maven.apache.org/maven2/org/eclipse/jetty/jetty-client/9.4.49.v20220914/jetty-client-9.4.49.v20220914.pom
[6cab6b43-14eb-4c56-8dad-cb15a5f45520/build]   | [INFO] Downloaded from central: https://repo.maven.apache.org/maven2/org/eclipse/jetty/jetty-client/9.4.49.v20220914/jetty-client-9.4.49.v20220914.pom (5.1 kB at 89 kB/s)
[6cab6b43-14eb-4c56-8dad-cb15a5f45520/build]   | [INFO] Downloading from central: https://repo.maven.apache.org/maven2/org/eclipse/jetty/http2/http2-server/9.4.49.v20220914/http2-server-9.4.49.v20220914.pom
[6cab6b43-14eb-4c56-8dad-cb15a5f45520/build]   | [INFO] Downloaded from central: https://repo.maven.apache.org/maven2/org/eclipse/jetty/http2/http2-server/9.4.49.v20220914/http2-server-9.4.49.v20220914.pom (3.7 kB at 55 kB/s)
[6cab6b43-14eb-4c56-8dad-cb15a5f45520/build]   | [INFO] Downloading from central: https://repo.maven.apache.org/maven2/org/eclipse/jetty/http2/http2-parent/9.4.49.v20220914/http2-parent-9.4.49.v20220914.pom
[6cab6b43-14eb-4c56-8dad-cb15a5f45520/build]   | [INFO] Downloaded from central: https://repo.maven.apache.org/maven2/org/eclipse/jetty/http2/http2-parent/9.4.49.v20220914/http2-parent-9.4.49.v20220914.pom (1.1 kB at 15 kB/s)
[6cab6b43-14eb-4c56-8dad-cb15a5f45520/build]   | [INFO] Downloading from central: https://repo.maven.apache.org/maven2/org/eclipse/jetty/http2/http2-common/9.4.49.v20220914/http2-common-9.4.49.v20220914.pom
[6cab6b43-14eb-4c56-8dad-cb15a5f45520/build]   | [INFO] Downloaded from central: https://repo.maven.apache.org/maven2/org/eclipse/jetty/http2/http2-common/9.4.49.v20220914/http2-common-9.4.49.v20220914.pom (1.2 kB at 19 kB/s)
[6cab6b43-14eb-4c56-8dad-cb15a5f45520/build]   | [INFO] Downloading from central: https://repo.maven.apache.org/maven2/org/eclipse/jetty/http2/http2-hpack/9.4.49.v20220914/http2-hpack-9.4.49.v20220914.pom
[6cab6b43-14eb-4c56-8dad-cb15a5f45520/build]   | [INFO] Downloaded from central: https://repo.maven.apache.org/maven2/org/eclipse/jetty/http2/http2-hpack/9.4.49.v20220914/http2-hpack-9.4.49.v20220914.pom (2.4 kB at 45 kB/s)
[6cab6b43-14eb-4c56-8dad-cb15a5f45520/build]   | [INFO] Downloading from central: https://repo.maven.apache.org/maven2/org/eclipse/jetty/jetty-alpn-server/9.4.49.v20220914/jetty-alpn-server-9.4.49.v20220914.pom
[6cab6b43-14eb-4c56-8dad-cb15a5f45520/build]   | [INFO] Downloaded from central: https://repo.maven.apache.org/maven2/org/eclipse/jetty/jetty-alpn-server/9.4.49.v20220914/jetty-alpn-server-9.4.49.v20220914.pom (2.7 kB at 47 kB/s)
[6cab6b43-14eb-4c56-8dad-cb15a5f45520/build]   | [INFO] Downloading from central: https://repo.maven.apache.org/maven2/org/eclipse/jetty/jetty-alpn-parent/9.4.49.v20220914/jetty-alpn-parent-9.4.49.v20220914.pom
[6cab6b43-14eb-4c56-8dad-cb15a5f45520/build]   | [INFO] Downloaded from central: https://repo.maven.apache.org/maven2/org/eclipse/jetty/jetty-alpn-parent/9.4.49.v20220914/jetty-alpn-parent-9.4.49.v20220914.pom (1.1 kB at 15 kB/s)
[6cab6b43-14eb-4c56-8dad-cb15a5f45520/build]   | [INFO] Downloading from central: https://repo.maven.apache.org/maven2/org/eclipse/jetty/jetty-alpn-java-server/9.4.49.v20220914/jetty-alpn-java-server-9.4.49.v20220914.pom
[6cab6b43-14eb-4c56-8dad-cb15a5f45520/build]   | [INFO] Downloaded from central: https://repo.maven.apache.org/maven2/org/eclipse/jetty/jetty-alpn-java-server/9.4.49.v20220914/jetty-alpn-java-server-9.4.49.v20220914.pom (2.3 kB at 21 kB/s)
[6cab6b43-14eb-4c56-8dad-cb15a5f45520/build]   | [INFO] Downloading from central: https://repo.maven.apache.org/maven2/org/eclipse/jetty/jetty-alpn-openjdk8-server/9.4.49.v20220914/jetty-alpn-openjdk8-server-9.4.49.v20220914.pom
[6cab6b43-14eb-4c56-8dad-cb15a5f45520/build]   | [INFO] Downloaded from central: https://repo.maven.apache.org/maven2/org/eclipse/jetty/jetty-alpn-openjdk8-server/9.4.49.v20220914/jetty-alpn-openjdk8-server-9.4.49.v20220914.pom (2.9 kB at 43 kB/s)
[6cab6b43-14eb-4c56-8dad-cb15a5f45520/build]   | [INFO] Downloading from central: https://repo.maven.apache.org/maven2/org/eclipse/jetty/jetty-alpn-java-client/9.4.49.v20220914/jetty-alpn-java-client-9.4.49.v20220914.pom
[6cab6b43-14eb-4c56-8dad-cb15a5f45520/build]   | [INFO] Downloaded from central: https://repo.maven.apache.org/maven2/org/eclipse/jetty/jetty-alpn-java-client/9.4.49.v20220914/jetty-alpn-java-client-9.4.49.v20220914.pom (2.1 kB at 36 kB/s)
[6cab6b43-14eb-4c56-8dad-cb15a5f45520/build]   | [INFO] Downloading from central: https://repo.maven.apache.org/maven2/org/eclipse/jetty/jetty-alpn-client/9.4.49.v20220914/jetty-alpn-client-9.4.49.v20220914.pom
[6cab6b43-14eb-4c56-8dad-cb15a5f45520/build]   | [INFO] Downloaded from central: https://repo.maven.apache.org/maven2/org/eclipse/jetty/jetty-alpn-client/9.4.49.v20220914/jetty-alpn-client-9.4.49.v20220914.pom (2.2 kB at 27 kB/s)
[6cab6b43-14eb-4c56-8dad-cb15a5f45520/build]   | [INFO] Downloading from central: https://repo.maven.apache.org/maven2/org/eclipse/jetty/jetty-alpn-openjdk8-client/9.4.49.v20220914/jetty-alpn-openjdk8-client-9.4.49.v20220914.pom
[6cab6b43-14eb-4c56-8dad-cb15a5f45520/build]   | [INFO] Downloaded from central: https://repo.maven.apache.org/maven2/org/eclipse/jetty/jetty-alpn-openjdk8-client/9.4.49.v20220914/jetty-alpn-openjdk8-client-9.4.49.v20220914.pom (2.7 kB at 42 kB/s)
[6cab6b43-14eb-4c56-8dad-cb15a5f45520/build]   | [INFO] Downloading from central: https://repo.maven.apache.org/maven2/com/google/guava/guava/31.1-jre/guava-31.1-jre.pom
[6cab6b43-14eb-4c56-8dad-cb15a5f45520/build]   | [INFO] Downloaded from central: https://repo.maven.apache.org/maven2/com/google/guava/guava/31.1-jre/guava-31.1-jre.pom (11 kB at 207 kB/s)
[6cab6b43-14eb-4c56-8dad-cb15a5f45520/build]   | [INFO] Downloading from central: https://repo.maven.apache.org/maven2/com/google/guava/guava-parent/31.1-jre/guava-parent-31.1-jre.pom
[6cab6b43-14eb-4c56-8dad-cb15a5f45520/build]   | [INFO] Downloaded from central: https://repo.maven.apache.org/maven2/com/google/guava/guava-parent/31.1-jre/guava-parent-31.1-jre.pom (15 kB at 205 kB/s)
[6cab6b43-14eb-4c56-8dad-cb15a5f45520/build]   | [INFO] Downloading from central: https://repo.maven.apache.org/maven2/com/google/guava/failureaccess/1.0.1/failureaccess-1.0.1.pom
[6cab6b43-14eb-4c56-8dad-cb15a5f45520/build]   | [INFO] Downloaded from central: https://repo.maven.apache.org/maven2/com/google/guava/failureaccess/1.0.1/failureaccess-1.0.1.pom (2.4 kB at 34 kB/s)
[6cab6b43-14eb-4c56-8dad-cb15a5f45520/build]   | [INFO] Downloading from central: https://repo.maven.apache.org/maven2/com/google/guava/guava-parent/26.0-android/guava-parent-26.0-android.pom
[6cab6b43-14eb-4c56-8dad-cb15a5f45520/build]   | [INFO] Downloaded from central: https://repo.maven.apache.org/maven2/com/google/guava/guava-parent/26.0-android/guava-parent-26.0-android.pom (10 kB at 299 kB/s)
[6cab6b43-14eb-4c56-8dad-cb15a5f45520/build]   | [INFO] Downloading from central: https://repo.maven.apache.org/maven2/com/google/guava/listenablefuture/9999.0-empty-to-avoid-conflict-with-guava/listenablefuture-9999.0-empty-to-avoid-conflict-with-guava.pom
[6cab6b43-14eb-4c56-8dad-cb15a5f45520/build]   | [INFO] Downloaded from central: https://repo.maven.apache.org/maven2/com/google/guava/listenablefuture/9999.0-empty-to-avoid-conflict-with-guava/listenablefuture-9999.0-empty-to-avoid-conflict-with-guava.pom (2.3 kB at 37 kB/s)
[6cab6b43-14eb-4c56-8dad-cb15a5f45520/build]   | [INFO] Downloading from central: https://repo.maven.apache.org/maven2/org/checkerframework/checker-qual/3.12.0/checker-qual-3.12.0.pom
[6cab6b43-14eb-4c56-8dad-cb15a5f45520/build]   | [INFO] Downloaded from central: https://repo.maven.apache.org/maven2/org/checkerframework/checker-qual/3.12.0/checker-qual-3.12.0.pom (2.1 kB at 40 kB/s)
[6cab6b43-14eb-4c56-8dad-cb15a5f45520/build]   | [INFO] Downloading from central: https://repo.maven.apache.org/maven2/com/google/errorprone/error_prone_annotations/2.11.0/error_prone_annotations-2.11.0.pom
[6cab6b43-14eb-4c56-8dad-cb15a5f45520/build]   | [INFO] Downloaded from central: https://repo.maven.apache.org/maven2/com/google/errorprone/error_prone_annotations/2.11.0/error_prone_annotations-2.11.0.pom (2.2 kB at 39 kB/s)
[6cab6b43-14eb-4c56-8dad-cb15a5f45520/build]   | [INFO] Downloading from central: https://repo.maven.apache.org/maven2/com/google/errorprone/error_prone_parent/2.11.0/error_prone_parent-2.11.0.pom
[6cab6b43-14eb-4c56-8dad-cb15a5f45520/build]   | [INFO] Downloaded from central: https://repo.maven.apache.org/maven2/com/google/errorprone/error_prone_parent/2.11.0/error_prone_parent-2.11.0.pom (11 kB at 206 kB/s)
[6cab6b43-14eb-4c56-8dad-cb15a5f45520/build]   | [INFO] Downloading from central: https://repo.maven.apache.org/maven2/com/google/j2objc/j2objc-annotations/1.3/j2objc-annotations-1.3.pom
[6cab6b43-14eb-4c56-8dad-cb15a5f45520/build]   | [INFO] Downloaded from central: https://repo.maven.apache.org/maven2/com/google/j2objc/j2objc-annotations/1.3/j2objc-annotations-1.3.pom (2.8 kB at 45 kB/s)
[6cab6b43-14eb-4c56-8dad-cb15a5f45520/build]   | [INFO] Downloading from central: https://repo.maven.apache.org/maven2/com/fasterxml/jackson/core/jackson-core/2.13.4/jackson-core-2.13.4.pom
[6cab6b43-14eb-4c56-8dad-cb15a5f45520/build]   | [INFO] Downloaded from central: https://repo.maven.apache.org/maven2/com/fasterxml/jackson/core/jackson-core/2.13.4/jackson-core-2.13.4.pom (5.5 kB at 113 kB/s)
[6cab6b43-14eb-4c56-8dad-cb15a5f45520/build]   | [INFO] Downloading from central: https://repo.maven.apache.org/maven2/com/fasterxml/jackson/jackson-base/2.13.4/jackson-base-2.13.4.pom
[6cab6b43-14eb-4c56-8dad-cb15a5f45520/build]   | [INFO] Downloaded from central: https://repo.maven.apache.org/maven2/com/fasterxml/jackson/jackson-base/2.13.4/jackson-base-2.13.4.pom (9.9 kB at 247 kB/s)
[6cab6b43-14eb-4c56-8dad-cb15a5f45520/build]   | [INFO] Downloading from central: https://repo.maven.apache.org/maven2/com/fasterxml/jackson/jackson-bom/2.13.4/jackson-bom-2.13.4.pom
[6cab6b43-14eb-4c56-8dad-cb15a5f45520/build]   | [INFO] Downloaded from central: https://repo.maven.apache.org/maven2/com/fasterxml/jackson/jackson-bom/2.13.4/jackson-bom-2.13.4.pom (17 kB at 280 kB/s)
[6cab6b43-14eb-4c56-8dad-cb15a5f45520/build]   | [INFO] Downloading from central: https://repo.maven.apache.org/maven2/com/fasterxml/jackson/core/jackson-annotations/2.13.4/jackson-annotations-2.13.4.pom
[6cab6b43-14eb-4c56-8dad-cb15a5f45520/build]   | [INFO] Downloaded from central: https://repo.maven.apache.org/maven2/com/fasterxml/jackson/core/jackson-annotations/2.13.4/jackson-annotations-2.13.4.pom (6.1 kB at 87 kB/s)
[6cab6b43-14eb-4c56-8dad-cb15a5f45520/build]   | [INFO] Downloading from central: https://repo.maven.apache.org/maven2/com/fasterxml/jackson/core/jackson-databind/2.13.4.2/jackson-databind-2.13.4.2.pom
[6cab6b43-14eb-4c56-8dad-cb15a5f45520/build]   | [INFO] Downloaded from central: https://repo.maven.apache.org/maven2/com/fasterxml/jackson/core/jackson-databind/2.13.4.2/jackson-databind-2.13.4.2.pom (17 kB at 263 kB/s)
[6cab6b43-14eb-4c56-8dad-cb15a5f45520/build]   | [INFO] Downloading from central: https://repo.maven.apache.org/maven2/org/apache/httpcomponents/client5/httpclient5/5.1.3/httpclient5-5.1.3.pom
[6cab6b43-14eb-4c56-8dad-cb15a5f45520/build]   | [INFO] Downloaded from central: https://repo.maven.apache.org/maven2/org/apache/httpcomponents/client5/httpclient5/5.1.3/httpclient5-5.1.3.pom (5.8 kB at 129 kB/s)
[6cab6b43-14eb-4c56-8dad-cb15a5f45520/build]   | [INFO] Downloading from central: https://repo.maven.apache.org/maven2/org/apache/httpcomponents/client5/httpclient5-parent/5.1.3/httpclient5-parent-5.1.3.pom
[6cab6b43-14eb-4c56-8dad-cb15a5f45520/build]   | [INFO] Downloaded from central: https://repo.maven.apache.org/maven2/org/apache/httpcomponents/client5/httpclient5-parent/5.1.3/httpclient5-parent-5.1.3.pom (14 kB at 274 kB/s)
[6cab6b43-14eb-4c56-8dad-cb15a5f45520/build]   | [INFO] Downloading from central: https://repo.maven.apache.org/maven2/org/apache/httpcomponents/httpcomponents-parent/12/httpcomponents-parent-12.pom
[6cab6b43-14eb-4c56-8dad-cb15a5f45520/build]   | [INFO] Downloaded from central: https://repo.maven.apache.org/maven2/org/apache/httpcomponents/httpcomponents-parent/12/httpcomponents-parent-12.pom (32 kB at 742 kB/s)
[6cab6b43-14eb-4c56-8dad-cb15a5f45520/build]   | [INFO] Downloading from central: https://repo.maven.apache.org/maven2/org/apache/httpcomponents/core5/httpcore5/5.1.3/httpcore5-5.1.3.pom
[6cab6b43-14eb-4c56-8dad-cb15a5f45520/build]   | [INFO] Downloaded from central: https://repo.maven.apache.org/maven2/org/apache/httpcomponents/core5/httpcore5/5.1.3/httpcore5-5.1.3.pom (3.8 kB at 115 kB/s)
[6cab6b43-14eb-4c56-8dad-cb15a5f45520/build]   | [INFO] Downloading from central: https://repo.maven.apache.org/maven2/org/apache/httpcomponents/core5/httpcore5-parent/5.1.3/httpcore5-parent-5.1.3.pom
[6cab6b43-14eb-4c56-8dad-cb15a5f45520/build]   | [INFO] Downloaded from central: https://repo.maven.apache.org/maven2/org/apache/httpcomponents/core5/httpcore5-parent/5.1.3/httpcore5-parent-5.1.3.pom (10 kB at 194 kB/s)
[6cab6b43-14eb-4c56-8dad-cb15a5f45520/build]   | [INFO] Downloading from central: https://repo.maven.apache.org/maven2/org/apache/httpcomponents/core5/httpcore5-h2/5.1.3/httpcore5-h2-5.1.3.pom
[6cab6b43-14eb-4c56-8dad-cb15a5f45520/build]   | [INFO] Downloaded from central: https://repo.maven.apache.org/maven2/org/apache/httpcomponents/core5/httpcore5-h2/5.1.3/httpcore5-h2-5.1.3.pom (3.5 kB at 56 kB/s)
[6cab6b43-14eb-4c56-8dad-cb15a5f45520/build]   | [INFO] Downloading from central: https://repo.maven.apache.org/maven2/org/slf4j/slf4j-api/1.7.25/slf4j-api-1.7.25.pom
[6cab6b43-14eb-4c56-8dad-cb15a5f45520/build]   | [INFO] Downloaded from central: https://repo.maven.apache.org/maven2/org/slf4j/slf4j-api/1.7.25/slf4j-api-1.7.25.pom (3.8 kB at 98 kB/s)
[6cab6b43-14eb-4c56-8dad-cb15a5f45520/build]   | [INFO] Downloading from central: https://repo.maven.apache.org/maven2/org/slf4j/slf4j-parent/1.7.25/slf4j-parent-1.7.25.pom
[6cab6b43-14eb-4c56-8dad-cb15a5f45520/build]   | [INFO] Downloaded from central: https://repo.maven.apache.org/maven2/org/slf4j/slf4j-parent/1.7.25/slf4j-parent-1.7.25.pom (14 kB at 643 kB/s)
[6cab6b43-14eb-4c56-8dad-cb15a5f45520/build]   | [INFO] Downloading from central: https://repo.maven.apache.org/maven2/commons-codec/commons-codec/1.15/commons-codec-1.15.pom
[6cab6b43-14eb-4c56-8dad-cb15a5f45520/build]   | [INFO] Downloaded from central: https://repo.maven.apache.org/maven2/commons-codec/commons-codec/1.15/commons-codec-1.15.pom (15 kB at 351 kB/s)
[6cab6b43-14eb-4c56-8dad-cb15a5f45520/build]   | [INFO] Downloading from central: https://repo.maven.apache.org/maven2/org/apache/commons/commons-parent/52/commons-parent-52.pom
[6cab6b43-14eb-4c56-8dad-cb15a5f45520/build]   | [INFO] Downloaded from central: https://repo.maven.apache.org/maven2/org/apache/commons/commons-parent/52/commons-parent-52.pom (79 kB at 1.9 MB/s)
[6cab6b43-14eb-4c56-8dad-cb15a5f45520/build]   | [INFO] Downloading from central: https://repo.maven.apache.org/maven2/org/xmlunit/xmlunit-core/2.9.0/xmlunit-core-2.9.0.pom
[6cab6b43-14eb-4c56-8dad-cb15a5f45520/build]   | [INFO] Downloaded from central: https://repo.maven.apache.org/maven2/org/xmlunit/xmlunit-core/2.9.0/xmlunit-core-2.9.0.pom (2.4 kB at 51 kB/s)
[6cab6b43-14eb-4c56-8dad-cb15a5f45520/build]   | [INFO] Downloading from central: https://repo.maven.apache.org/maven2/org/xmlunit/xmlunit-parent/2.9.0/xmlunit-parent-2.9.0.pom
[6cab6b43-14eb-4c56-8dad-cb15a5f45520/build]   | [INFO] Downloaded from central: https://repo.maven.apache.org/maven2/org/xmlunit/xmlunit-parent/2.9.0/xmlunit-parent-2.9.0.pom (19 kB at 548 kB/s)
[6cab6b43-14eb-4c56-8dad-cb15a5f45520/build]   | [INFO] Downloading from central: https://repo.maven.apache.org/maven2/jakarta/xml/bind/jakarta.xml.bind-api/2.3.3/jakarta.xml.bind-api-2.3.3.pom
[6cab6b43-14eb-4c56-8dad-cb15a5f45520/build]   | [INFO] Downloaded from central: https://repo.maven.apache.org/maven2/jakarta/xml/bind/jakarta.xml.bind-api/2.3.3/jakarta.xml.bind-api-2.3.3.pom (13 kB at 516 kB/s)
[6cab6b43-14eb-4c56-8dad-cb15a5f45520/build]   | [INFO] Downloading from central: https://repo.maven.apache.org/maven2/jakarta/xml/bind/jakarta.xml.bind-api-parent/2.3.3/jakarta.xml.bind-api-parent-2.3.3.pom
[6cab6b43-14eb-4c56-8dad-cb15a5f45520/build]   | [INFO] Downloaded from central: https://repo.maven.apache.org/maven2/jakarta/xml/bind/jakarta.xml.bind-api-parent/2.3.3/jakarta.xml.bind-api-parent-2.3.3.pom (9.0 kB at 428 kB/s)
[6cab6b43-14eb-4c56-8dad-cb15a5f45520/build]   | [INFO] Downloading from central: https://repo.maven.apache.org/maven2/org/eclipse/ee4j/project/1.0.6/project-1.0.6.pom
[6cab6b43-14eb-4c56-8dad-cb15a5f45520/build]   | [INFO] Downloaded from central: https://repo.maven.apache.org/maven2/org/eclipse/ee4j/project/1.0.6/project-1.0.6.pom (13 kB at 580 kB/s)
[6cab6b43-14eb-4c56-8dad-cb15a5f45520/build]   | [INFO] Downloading from central: https://repo.maven.apache.org/maven2/jakarta/activation/jakarta.activation-api/1.2.2/jakarta.activation-api-1.2.2.pom
[6cab6b43-14eb-4c56-8dad-cb15a5f45520/build]   | [INFO] Downloaded from central: https://repo.maven.apache.org/maven2/jakarta/activation/jakarta.activation-api/1.2.2/jakarta.activation-api-1.2.2.pom (5.3 kB at 312 kB/s)
[6cab6b43-14eb-4c56-8dad-cb15a5f45520/build]   | [INFO] Downloading from central: https://repo.maven.apache.org/maven2/com/sun/activation/all/1.2.2/all-1.2.2.pom
[6cab6b43-14eb-4c56-8dad-cb15a5f45520/build]   | [INFO] Downloaded from central: https://repo.maven.apache.org/maven2/com/sun/activation/all/1.2.2/all-1.2.2.pom (15 kB at 659 kB/s)
[6cab6b43-14eb-4c56-8dad-cb15a5f45520/build]   | [INFO] Downloading from central: https://repo.maven.apache.org/maven2/org/xmlunit/xmlunit-legacy/2.9.0/xmlunit-legacy-2.9.0.pom
[6cab6b43-14eb-4c56-8dad-cb15a5f45520/build]   | [INFO] Downloaded from central: https://repo.maven.apache.org/maven2/org/xmlunit/xmlunit-legacy/2.9.0/xmlunit-legacy-2.9.0.pom (3.1 kB at 96 kB/s)
[6cab6b43-14eb-4c56-8dad-cb15a5f45520/build]   | [INFO] Downloading from central: https://repo.maven.apache.org/maven2/org/xmlunit/xmlunit-placeholders/2.9.0/xmlunit-placeholders-2.9.0.pom
[6cab6b43-14eb-4c56-8dad-cb15a5f45520/build]   | [INFO] Downloaded from central: https://repo.maven.apache.org/maven2/org/xmlunit/xmlunit-placeholders/2.9.0/xmlunit-placeholders-2.9.0.pom (1.6 kB at 72 kB/s)
[6cab6b43-14eb-4c56-8dad-cb15a5f45520/build]   | [INFO] Downloading from central: https://repo.maven.apache.org/maven2/net/javacrumbs/json-unit/json-unit-core/2.36.0/json-unit-core-2.36.0.pom
[6cab6b43-14eb-4c56-8dad-cb15a5f45520/build]   | [INFO] Downloaded from central: https://repo.maven.apache.org/maven2/net/javacrumbs/json-unit/json-unit-core/2.36.0/json-unit-core-2.36.0.pom (5.0 kB at 166 kB/s)
[6cab6b43-14eb-4c56-8dad-cb15a5f45520/build]   | [INFO] Downloading from central: https://repo.maven.apache.org/maven2/net/javacrumbs/json-unit/json-unit-parent/2.36.0/json-unit-parent-2.36.0.pom
[6cab6b43-14eb-4c56-8dad-cb15a5f45520/build]   | [INFO] Downloaded from central: https://repo.maven.apache.org/maven2/net/javacrumbs/json-unit/json-unit-parent/2.36.0/json-unit-parent-2.36.0.pom (12 kB at 344 kB/s)
[6cab6b43-14eb-4c56-8dad-cb15a5f45520/build]   | [INFO] Downloading from central: https://repo.maven.apache.org/maven2/org/hamcrest/hamcrest-core/2.2/hamcrest-core-2.2.pom
[6cab6b43-14eb-4c56-8dad-cb15a5f45520/build]   | [INFO] Downloaded from central: https://repo.maven.apache.org/maven2/org/hamcrest/hamcrest-core/2.2/hamcrest-core-2.2.pom (1.4 kB at 40 kB/s)
[6cab6b43-14eb-4c56-8dad-cb15a5f45520/build]   | [INFO] Downloading from central: https://repo.maven.apache.org/maven2/org/hamcrest/hamcrest/2.2/hamcrest-2.2.pom
[6cab6b43-14eb-4c56-8dad-cb15a5f45520/build]   | [INFO] Downloaded from central: https://repo.maven.apache.org/maven2/org/hamcrest/hamcrest/2.2/hamcrest-2.2.pom (1.1 kB at 40 kB/s)
[6cab6b43-14eb-4c56-8dad-cb15a5f45520/build]   | [INFO] Downloading from central: https://repo.maven.apache.org/maven2/com/jayway/jsonpath/json-path/2.7.0/json-path-2.7.0.pom
[6cab6b43-14eb-4c56-8dad-cb15a5f45520/build]   | [INFO] Downloaded from central: https://repo.maven.apache.org/maven2/com/jayway/jsonpath/json-path/2.7.0/json-path-2.7.0.pom (3.1 kB at 154 kB/s)
[6cab6b43-14eb-4c56-8dad-cb15a5f45520/build]   | [INFO] Downloading from central: https://repo.maven.apache.org/maven2/net/minidev/json-smart/2.4.7/json-smart-2.4.7.pom
[6cab6b43-14eb-4c56-8dad-cb15a5f45520/build]   | [INFO] Downloaded from central: https://repo.maven.apache.org/maven2/net/minidev/json-smart/2.4.7/json-smart-2.4.7.pom (8.2 kB at 282 kB/s)
[6cab6b43-14eb-4c56-8dad-cb15a5f45520/build]   | [INFO] Downloading from central: https://repo.maven.apache.org/maven2/net/minidev/accessors-smart/2.4.7/accessors-smart-2.4.7.pom
[6cab6b43-14eb-4c56-8dad-cb15a5f45520/build]   | [INFO] Downloaded from central: https://repo.maven.apache.org/maven2/net/minidev/accessors-smart/2.4.7/accessors-smart-2.4.7.pom (9.9 kB at 431 kB/s)
[6cab6b43-14eb-4c56-8dad-cb15a5f45520/build]   | [INFO] Downloading from central: https://repo.maven.apache.org/maven2/org/slf4j/slf4j-api/1.7.33/slf4j-api-1.7.33.pom
[6cab6b43-14eb-4c56-8dad-cb15a5f45520/build]   | [INFO] Downloaded from central: https://repo.maven.apache.org/maven2/org/slf4j/slf4j-api/1.7.33/slf4j-api-1.7.33.pom (3.8 kB at 160 kB/s)
[6cab6b43-14eb-4c56-8dad-cb15a5f45520/build]   | [INFO] Downloading from central: https://repo.maven.apache.org/maven2/org/slf4j/slf4j-parent/1.7.33/slf4j-parent-1.7.33.pom
[6cab6b43-14eb-4c56-8dad-cb15a5f45520/build]   | [INFO] Downloaded from central: https://repo.maven.apache.org/maven2/org/slf4j/slf4j-parent/1.7.33/slf4j-parent-1.7.33.pom (14 kB at 782 kB/s)
[6cab6b43-14eb-4c56-8dad-cb15a5f45520/build]   | [INFO] Downloading from central: https://repo.maven.apache.org/maven2/org/ow2/asm/asm/9.4/asm-9.4.pom
[6cab6b43-14eb-4c56-8dad-cb15a5f45520/build]   | [INFO] Downloaded from central: https://repo.maven.apache.org/maven2/org/ow2/asm/asm/9.4/asm-9.4.pom (2.4 kB at 158 kB/s)
[6cab6b43-14eb-4c56-8dad-cb15a5f45520/build]   | [INFO] Downloading from central: https://repo.maven.apache.org/maven2/org/ow2/ow2/1.5.1/ow2-1.5.1.pom
[6cab6b43-14eb-4c56-8dad-cb15a5f45520/build]   | [INFO] Downloaded from central: https://repo.maven.apache.org/maven2/org/ow2/ow2/1.5.1/ow2-1.5.1.pom (11 kB at 275 kB/s)
[6cab6b43-14eb-4c56-8dad-cb15a5f45520/build]   | [INFO] Downloading from central: https://repo.maven.apache.org/maven2/net/sf/jopt-simple/jopt-simple/5.0.4/jopt-simple-5.0.4.pom
[6cab6b43-14eb-4c56-8dad-cb15a5f45520/build]   | [INFO] Downloaded from central: https://repo.maven.apache.org/maven2/net/sf/jopt-simple/jopt-simple/5.0.4/jopt-simple-5.0.4.pom (14 kB at 399 kB/s)
[6cab6b43-14eb-4c56-8dad-cb15a5f45520/build]   | [INFO] Downloading from central: https://repo.maven.apache.org/maven2/org/apache/commons/commons-lang3/3.12.0/commons-lang3-3.12.0.pom
[6cab6b43-14eb-4c56-8dad-cb15a5f45520/build]   | [INFO] Downloaded from central: https://repo.maven.apache.org/maven2/org/apache/commons/commons-lang3/3.12.0/commons-lang3-3.12.0.pom (31 kB at 1.3 MB/s)
[6cab6b43-14eb-4c56-8dad-cb15a5f45520/build]   | [INFO] Downloading from central: https://repo.maven.apache.org/maven2/org/junit/junit-bom/5.7.1/junit-bom-5.7.1.pom
[6cab6b43-14eb-4c56-8dad-cb15a5f45520/build]   | [INFO] Downloaded from central: https://repo.maven.apache.org/maven2/org/junit/junit-bom/5.7.1/junit-bom-5.7.1.pom (5.1 kB at 463 kB/s)
[6cab6b43-14eb-4c56-8dad-cb15a5f45520/build]   | [INFO] Downloading from central: https://repo.maven.apache.org/maven2/com/github/jknack/handlebars/4.3.1/handlebars-4.3.1.pom
[6cab6b43-14eb-4c56-8dad-cb15a5f45520/build]   | [INFO] Downloaded from central: https://repo.maven.apache.org/maven2/com/github/jknack/handlebars/4.3.1/handlebars-4.3.1.pom (12 kB at 723 kB/s)
[6cab6b43-14eb-4c56-8dad-cb15a5f45520/build]   | [INFO] Downloading from central: https://repo.maven.apache.org/maven2/com/github/jknack/handlebars.java/4.3.1/handlebars.java-4.3.1.pom
[6cab6b43-14eb-4c56-8dad-cb15a5f45520/build]   | [INFO] Downloaded from central: https://repo.maven.apache.org/maven2/com/github/jknack/handlebars.java/4.3.1/handlebars.java-4.3.1.pom (12 kB at 652 kB/s)
[6cab6b43-14eb-4c56-8dad-cb15a5f45520/build]   | [INFO] Downloading from central: https://repo.maven.apache.org/maven2/org/slf4j/slf4j-api/1.7.32/slf4j-api-1.7.32.pom
[6cab6b43-14eb-4c56-8dad-cb15a5f45520/build]   | [INFO] Downloaded from central: https://repo.maven.apache.org/maven2/org/slf4j/slf4j-api/1.7.32/slf4j-api-1.7.32.pom (3.8 kB at 274 kB/s)
[6cab6b43-14eb-4c56-8dad-cb15a5f45520/build]   | [INFO] Downloading from central: https://repo.maven.apache.org/maven2/org/slf4j/slf4j-parent/1.7.32/slf4j-parent-1.7.32.pom
[6cab6b43-14eb-4c56-8dad-cb15a5f45520/build]   | [INFO] Downloaded from central: https://repo.maven.apache.org/maven2/org/slf4j/slf4j-parent/1.7.32/slf4j-parent-1.7.32.pom (14 kB at 1.2 MB/s)
[6cab6b43-14eb-4c56-8dad-cb15a5f45520/build]   | [INFO] Downloading from central: https://repo.maven.apache.org/maven2/com/github/jknack/handlebars-helpers/4.3.1/handlebars-helpers-4.3.1.pom
[6cab6b43-14eb-4c56-8dad-cb15a5f45520/build]   | [INFO] Downloaded from central: https://repo.maven.apache.org/maven2/com/github/jknack/handlebars-helpers/4.3.1/handlebars-helpers-4.3.1.pom (2.0 kB at 111 kB/s)
[6cab6b43-14eb-4c56-8dad-cb15a5f45520/build]   | [INFO] Downloading from central: https://repo.maven.apache.org/maven2/commons-fileupload/commons-fileupload/1.4/commons-fileupload-1.4.pom
[6cab6b43-14eb-4c56-8dad-cb15a5f45520/build]   | [INFO] Downloaded from central: https://repo.maven.apache.org/maven2/commons-fileupload/commons-fileupload/1.4/commons-fileupload-1.4.pom (16 kB at 710 kB/s)
[6cab6b43-14eb-4c56-8dad-cb15a5f45520/build]   | [INFO] Downloading from central: https://repo.maven.apache.org/maven2/org/apache/commons/commons-parent/47/commons-parent-47.pom
[6cab6b43-14eb-4c56-8dad-cb15a5f45520/build]   | [INFO] Downloaded from central: https://repo.maven.apache.org/maven2/org/apache/commons/commons-parent/47/commons-parent-47.pom (78 kB at 3.1 MB/s)
[6cab6b43-14eb-4c56-8dad-cb15a5f45520/build]   | [INFO] Downloading from central: https://repo.maven.apache.org/maven2/commons-io/commons-io/2.11.0/commons-io-2.11.0.pom
[6cab6b43-14eb-4c56-8dad-cb15a5f45520/build]   | [INFO] Downloaded from central: https://repo.maven.apache.org/maven2/commons-io/commons-io/2.11.0/commons-io-2.11.0.pom (20 kB at 598 kB/s)
[6cab6b43-14eb-4c56-8dad-cb15a5f45520/build]   | [INFO] Downloading from central: https://repo.maven.apache.org/maven2/org/junit/junit-bom/5.7.2/junit-bom-5.7.2.pom
[6cab6b43-14eb-4c56-8dad-cb15a5f45520/build]   | [INFO] Downloaded from central: https://repo.maven.apache.org/maven2/org/junit/junit-bom/5.7.2/junit-bom-5.7.2.pom (5.1 kB at 222 kB/s)
[6cab6b43-14eb-4c56-8dad-cb15a5f45520/build]   | [INFO] Downloading from central: https://repo.maven.apache.org/maven2/org/slf4j/slf4j-api/1.7.36/slf4j-api-1.7.36.pom
[6cab6b43-14eb-4c56-8dad-cb15a5f45520/build]   | [INFO] Downloaded from central: https://repo.maven.apache.org/maven2/org/slf4j/slf4j-api/1.7.36/slf4j-api-1.7.36.pom (2.7 kB at 95 kB/s)
[6cab6b43-14eb-4c56-8dad-cb15a5f45520/build]   | [INFO] Downloading from central: https://repo.maven.apache.org/maven2/org/slf4j/slf4j-parent/1.7.36/slf4j-parent-1.7.36.pom
[6cab6b43-14eb-4c56-8dad-cb15a5f45520/build]   | [INFO] Downloaded from central: https://repo.maven.apache.org/maven2/org/slf4j/slf4j-parent/1.7.36/slf4j-parent-1.7.36.pom (14 kB at 503 kB/s)
[6cab6b43-14eb-4c56-8dad-cb15a5f45520/build]   | [INFO] Downloading from central: https://repo.maven.apache.org/maven2/org/mockito/mockito-inline/4.6.1/mockito-inline-4.6.1.pom
[6cab6b43-14eb-4c56-8dad-cb15a5f45520/build]   | [INFO] Downloaded from central: https://repo.maven.apache.org/maven2/org/mockito/mockito-inline/4.6.1/mockito-inline-4.6.1.pom (2.2 kB at 92 kB/s)
[6cab6b43-14eb-4c56-8dad-cb15a5f45520/build]   | [INFO] Downloading from central: https://repo.maven.apache.org/maven2/org/mockito/mockito-core/4.6.1/mockito-core-4.6.1.pom
[6cab6b43-14eb-4c56-8dad-cb15a5f45520/build]   | [INFO] Downloaded from central: https://repo.maven.apache.org/maven2/org/mockito/mockito-core/4.6.1/mockito-core-4.6.1.pom (2.5 kB at 100 kB/s)
[6cab6b43-14eb-4c56-8dad-cb15a5f45520/build]   | [INFO] Downloading from central: https://repo.maven.apache.org/maven2/net/bytebuddy/byte-buddy-agent/1.12.10/byte-buddy-agent-1.12.10.pom
[6cab6b43-14eb-4c56-8dad-cb15a5f45520/build]   | [INFO] Downloaded from central: https://repo.maven.apache.org/maven2/net/bytebuddy/byte-buddy-agent/1.12.10/byte-buddy-agent-1.12.10.pom (11 kB at 546 kB/s)
[6cab6b43-14eb-4c56-8dad-cb15a5f45520/build]   | [INFO] Downloading from central: https://repo.maven.apache.org/maven2/org/objenesis/objenesis/3.2/objenesis-3.2.pom
[6cab6b43-14eb-4c56-8dad-cb15a5f45520/build]   | [INFO] Downloaded from central: https://repo.maven.apache.org/maven2/org/objenesis/objenesis/3.2/objenesis-3.2.pom (3.0 kB at 91 kB/s)
[6cab6b43-14eb-4c56-8dad-cb15a5f45520/build]   | [INFO] Downloading from central: https://repo.maven.apache.org/maven2/org/objenesis/objenesis-parent/3.2/objenesis-parent-3.2.pom
[6cab6b43-14eb-4c56-8dad-cb15a5f45520/build]   | [INFO] Downloaded from central: https://repo.maven.apache.org/maven2/org/objenesis/objenesis-parent/3.2/objenesis-parent-3.2.pom (18 kB at 493 kB/s)
[6cab6b43-14eb-4c56-8dad-cb15a5f45520/build]   | [INFO] Downloading from central: https://repo.maven.apache.org/maven2/com/fasterxml/jackson/jr/jackson-jr-objects/2.14.1/jackson-jr-objects-2.14.1.jar
[6cab6b43-14eb-4c56-8dad-cb15a5f45520/build]   | [INFO] Downloading from central: https://repo.maven.apache.org/maven2/com/fasterxml/jackson/core/jackson-core/2.14.1/jackson-core-2.14.1.jar
[6cab6b43-14eb-4c56-8dad-cb15a5f45520/build]   | [INFO] Downloading from central: https://repo.maven.apache.org/maven2/info/picocli/picocli/4.6.3/picocli-4.6.3.jar
[6cab6b43-14eb-4c56-8dad-cb15a5f45520/build]   | [INFO] Downloading from central: https://repo.maven.apache.org/maven2/org/junit/jupiter/junit-jupiter-api/5.9.1/junit-jupiter-api-5.9.1.jar
[6cab6b43-14eb-4c56-8dad-cb15a5f45520/build]   | [INFO] Downloading from central: https://repo.maven.apache.org/maven2/org/opentest4j/opentest4j/1.2.0/opentest4j-1.2.0.jar
[6cab6b43-14eb-4c56-8dad-cb15a5f45520/build]   | [INFO] Downloaded from central: https://repo.maven.apache.org/maven2/com/fasterxml/jackson/jr/jackson-jr-objects/2.14.1/jackson-jr-objects-2.14.1.jar (101 kB at 3.7 MB/s)
[6cab6b43-14eb-4c56-8dad-cb15a5f45520/build]   | [INFO] Downloading from central: https://repo.maven.apache.org/maven2/org/junit/platform/junit-platform-commons/1.9.1/junit-platform-commons-1.9.1.jar
[6cab6b43-14eb-4c56-8dad-cb15a5f45520/build]   | [INFO] Downloaded from central: https://repo.maven.apache.org/maven2/org/opentest4j/opentest4j/1.2.0/opentest4j-1.2.0.jar (7.7 kB at 283 kB/s)
[6cab6b43-14eb-4c56-8dad-cb15a5f45520/build]   | [INFO] Downloading from central: https://repo.maven.apache.org/maven2/org/apiguardian/apiguardian-api/1.1.2/apiguardian-api-1.1.2.jar
[6cab6b43-14eb-4c56-8dad-cb15a5f45520/build]   | [INFO] Downloaded from central: https://repo.maven.apache.org/maven2/org/apiguardian/apiguardian-api/1.1.2/apiguardian-api-1.1.2.jar (6.8 kB at 148 kB/s)
[6cab6b43-14eb-4c56-8dad-cb15a5f45520/build]   | [INFO] Downloading from central: https://repo.maven.apache.org/maven2/org/junit/jupiter/junit-jupiter-params/5.9.1/junit-jupiter-params-5.9.1.jar
[6cab6b43-14eb-4c56-8dad-cb15a5f45520/build]   | [INFO] Downloaded from central: https://repo.maven.apache.org/maven2/org/junit/jupiter/junit-jupiter-api/5.9.1/junit-jupiter-api-5.9.1.jar (208 kB at 3.6 MB/s)
[6cab6b43-14eb-4c56-8dad-cb15a5f45520/build]   | [INFO] Downloading from central: https://repo.maven.apache.org/maven2/org/junit/jupiter/junit-jupiter-engine/5.9.1/junit-jupiter-engine-5.9.1.jar
[6cab6b43-14eb-4c56-8dad-cb15a5f45520/build]   | [INFO] Downloaded from central: https://repo.maven.apache.org/maven2/org/junit/platform/junit-platform-commons/1.9.1/junit-platform-commons-1.9.1.jar (103 kB at 1.7 MB/s)
[6cab6b43-14eb-4c56-8dad-cb15a5f45520/build]   | [INFO] Downloading from central: https://repo.maven.apache.org/maven2/org/junit/platform/junit-platform-engine/1.9.1/junit-platform-engine-1.9.1.jar
[6cab6b43-14eb-4c56-8dad-cb15a5f45520/build]   | [INFO] Downloaded from central: https://repo.maven.apache.org/maven2/com/fasterxml/jackson/core/jackson-core/2.14.1/jackson-core-2.14.1.jar (459 kB at 5.5 MB/s)
[6cab6b43-14eb-4c56-8dad-cb15a5f45520/build]   | [INFO] Downloaded from central: https://repo.maven.apache.org/maven2/info/picocli/picocli/4.6.3/picocli-4.6.3.jar (406 kB at 4.9 MB/s)
[6cab6b43-14eb-4c56-8dad-cb15a5f45520/build]   | [INFO] Downloading from central: https://repo.maven.apache.org/maven2/org/assertj/assertj-core/3.23.1/assertj-core-3.23.1.jar
[6cab6b43-14eb-4c56-8dad-cb15a5f45520/build]   | [INFO] Downloading from central: https://repo.maven.apache.org/maven2/net/bytebuddy/byte-buddy/1.12.10/byte-buddy-1.12.10.jar
[6cab6b43-14eb-4c56-8dad-cb15a5f45520/build]   | [INFO] Downloaded from central: https://repo.maven.apache.org/maven2/org/junit/jupiter/junit-jupiter-engine/5.9.1/junit-jupiter-engine-5.9.1.jar (247 kB at 2.5 MB/s)
[6cab6b43-14eb-4c56-8dad-cb15a5f45520/build]   | [INFO] Downloading from central: https://repo.maven.apache.org/maven2/com/github/tomakehurst/wiremock-jre8/2.35.0/wiremock-jre8-2.35.0.jar
[6cab6b43-14eb-4c56-8dad-cb15a5f45520/build]   | [INFO] Downloaded from central: https://repo.maven.apache.org/maven2/org/junit/platform/junit-platform-engine/1.9.1/junit-platform-engine-1.9.1.jar (188 kB at 1.7 MB/s)
[6cab6b43-14eb-4c56-8dad-cb15a5f45520/build]   | [INFO] Downloading from central: https://repo.maven.apache.org/maven2/org/eclipse/jetty/jetty-server/9.4.49.v20220914/jetty-server-9.4.49.v20220914.jar
[6cab6b43-14eb-4c56-8dad-cb15a5f45520/build]   | [INFO] Downloaded from central: https://repo.maven.apache.org/maven2/org/junit/jupiter/junit-jupiter-params/5.9.1/junit-jupiter-params-5.9.1.jar (579 kB at 5.3 MB/s)
[6cab6b43-14eb-4c56-8dad-cb15a5f45520/build]   | [INFO] Downloading from central: https://repo.maven.apache.org/maven2/javax/servlet/javax.servlet-api/3.1.0/javax.servlet-api-3.1.0.jar
[6cab6b43-14eb-4c56-8dad-cb15a5f45520/build]   | [INFO] Downloaded from central: https://repo.maven.apache.org/maven2/org/assertj/assertj-core/3.23.1/assertj-core-3.23.1.jar (1.2 MB at 4.4 MB/s)
[6cab6b43-14eb-4c56-8dad-cb15a5f45520/build]   | [INFO] Downloading from central: https://repo.maven.apache.org/maven2/org/eclipse/jetty/jetty-http/9.4.49.v20220914/jetty-http-9.4.49.v20220914.jar
[6cab6b43-14eb-4c56-8dad-cb15a5f45520/build]   | [INFO] Downloaded from central: https://repo.maven.apache.org/maven2/org/eclipse/jetty/jetty-server/9.4.49.v20220914/jetty-server-9.4.49.v20220914.jar (732 kB at 2.4 MB/s)
[6cab6b43-14eb-4c56-8dad-cb15a5f45520/build]   | [INFO] Downloading from central: https://repo.maven.apache.org/maven2/org/eclipse/jetty/jetty-io/9.4.49.v20220914/jetty-io-9.4.49.v20220914.jar
[6cab6b43-14eb-4c56-8dad-cb15a5f45520/build]   | [INFO] Downloaded from central: https://repo.maven.apache.org/maven2/org/eclipse/jetty/jetty-io/9.4.49.v20220914/jetty-io-9.4.49.v20220914.jar (183 kB at 480 kB/s)
[6cab6b43-14eb-4c56-8dad-cb15a5f45520/build]   | [INFO] Downloading from central: https://repo.maven.apache.org/maven2/org/eclipse/jetty/jetty-servlet/9.4.49.v20220914/jetty-servlet-9.4.49.v20220914.jar
[6cab6b43-14eb-4c56-8dad-cb15a5f45520/build]   | [INFO] Downloaded from central: https://repo.maven.apache.org/maven2/javax/servlet/javax.servlet-api/3.1.0/javax.servlet-api-3.1.0.jar (96 kB at 248 kB/s)
[6cab6b43-14eb-4c56-8dad-cb15a5f45520/build]   | [INFO] Downloading from central: https://repo.maven.apache.org/maven2/org/eclipse/jetty/jetty-security/9.4.49.v20220914/jetty-security-9.4.49.v20220914.jar
[6cab6b43-14eb-4c56-8dad-cb15a5f45520/build]   | [INFO] Downloaded from central: https://repo.maven.apache.org/maven2/org/eclipse/jetty/jetty-http/9.4.49.v20220914/jetty-http-9.4.49.v20220914.jar (235 kB at 585 kB/s)
[6cab6b43-14eb-4c56-8dad-cb15a5f45520/build]   | [INFO] Downloading from central: https://repo.maven.apache.org/maven2/org/eclipse/jetty/jetty-util-ajax/9.4.49.v20220914/jetty-util-ajax-9.4.49.v20220914.jar
[6cab6b43-14eb-4c56-8dad-cb15a5f45520/build]   | [INFO] Downloaded from central: https://repo.maven.apache.org/maven2/org/eclipse/jetty/jetty-servlet/9.4.49.v20220914/jetty-servlet-9.4.49.v20220914.jar (146 kB at 337 kB/s)
[6cab6b43-14eb-4c56-8dad-cb15a5f45520/build]   | [INFO] Downloading from central: https://repo.maven.apache.org/maven2/org/eclipse/jetty/jetty-servlets/9.4.49.v20220914/jetty-servlets-9.4.49.v20220914.jar
[6cab6b43-14eb-4c56-8dad-cb15a5f45520/build]   | [INFO] Downloaded from central: https://repo.maven.apache.org/maven2/org/eclipse/jetty/jetty-security/9.4.49.v20220914/jetty-security-9.4.49.v20220914.jar (119 kB at 268 kB/s)
[6cab6b43-14eb-4c56-8dad-cb15a5f45520/build]   | [INFO] Downloading from central: https://repo.maven.apache.org/maven2/org/eclipse/jetty/jetty-continuation/9.4.49.v20220914/jetty-continuation-9.4.49.v20220914.jar
[6cab6b43-14eb-4c56-8dad-cb15a5f45520/build]   | [INFO] Downloaded from central: https://repo.maven.apache.org/maven2/org/eclipse/jetty/jetty-util-ajax/9.4.49.v20220914/jetty-util-ajax-9.4.49.v20220914.jar (67 kB at 147 kB/s)
[6cab6b43-14eb-4c56-8dad-cb15a5f45520/build]   | [INFO] Downloading from central: https://repo.maven.apache.org/maven2/org/eclipse/jetty/jetty-util/9.4.49.v20220914/jetty-util-9.4.49.v20220914.jar
[6cab6b43-14eb-4c56-8dad-cb15a5f45520/build]   | [INFO] Downloaded from central: https://repo.maven.apache.org/maven2/org/eclipse/jetty/jetty-continuation/9.4.49.v20220914/jetty-continuation-9.4.49.v20220914.jar (25 kB at 54 kB/s)
[6cab6b43-14eb-4c56-8dad-cb15a5f45520/build]   | [INFO] Downloading from central: https://repo.maven.apache.org/maven2/org/eclipse/jetty/jetty-webapp/9.4.49.v20220914/jetty-webapp-9.4.49.v20220914.jar
[6cab6b43-14eb-4c56-8dad-cb15a5f45520/build]   | [INFO] Downloaded from central: https://repo.maven.apache.org/maven2/org/eclipse/jetty/jetty-servlets/9.4.49.v20220914/jetty-servlets-9.4.49.v20220914.jar (108 kB at 221 kB/s)
[6cab6b43-14eb-4c56-8dad-cb15a5f45520/build]   | [INFO] Downloading from central: https://repo.maven.apache.org/maven2/org/eclipse/jetty/jetty-xml/9.4.49.v20220914/jetty-xml-9.4.49.v20220914.jar
[6cab6b43-14eb-4c56-8dad-cb15a5f45520/build]   | [INFO] Downloaded from central: https://repo.maven.apache.org/maven2/org/eclipse/jetty/jetty-xml/9.4.49.v20220914/jetty-xml-9.4.49.v20220914.jar (68 kB at 130 kB/s)
[6cab6b43-14eb-4c56-8dad-cb15a5f45520/build]   | [INFO] Downloading from central: https://repo.maven.apache.org/maven2/org/eclipse/jetty/jetty-proxy/9.4.49.v20220914/jetty-proxy-9.4.49.v20220914.jar
[6cab6b43-14eb-4c56-8dad-cb15a5f45520/build]   | [INFO] Downloaded from central: https://repo.maven.apache.org/maven2/org/eclipse/jetty/jetty-webapp/9.4.49.v20220914/jetty-webapp-9.4.49.v20220914.jar (140 kB at 266 kB/s)
[6cab6b43-14eb-4c56-8dad-cb15a5f45520/build]   | [INFO] Downloading from central: https://repo.maven.apache.org/maven2/org/eclipse/jetty/jetty-client/9.4.49.v20220914/jetty-client-9.4.49.v20220914.jar
[6cab6b43-14eb-4c56-8dad-cb15a5f45520/build]   | [INFO] Downloaded from central: https://repo.maven.apache.org/maven2/net/bytebuddy/byte-buddy/1.12.10/byte-buddy-1.12.10.jar (3.8 MB at 6.9 MB/s)
[6cab6b43-14eb-4c56-8dad-cb15a5f45520/build]   | [INFO] Downloading from central: https://repo.maven.apache.org/maven2/org/eclipse/jetty/http2/http2-server/9.4.49.v20220914/http2-server-9.4.49.v20220914.jar
[6cab6b43-14eb-4c56-8dad-cb15a5f45520/build]   | [INFO] Downloaded from central: https://repo.maven.apache.org/maven2/org/eclipse/jetty/jetty-proxy/9.4.49.v20220914/jetty-proxy-9.4.49.v20220914.jar (97 kB at 173 kB/s)
[6cab6b43-14eb-4c56-8dad-cb15a5f45520/build]   | [INFO] Downloading from central: https://repo.maven.apache.org/maven2/org/eclipse/jetty/http2/http2-common/9.4.49.v20220914/http2-common-9.4.49.v20220914.jar
[6cab6b43-14eb-4c56-8dad-cb15a5f45520/build]   | [INFO] Downloaded from central: https://repo.maven.apache.org/maven2/com/github/tomakehurst/wiremock-jre8/2.35.0/wiremock-jre8-2.35.0.jar (2.0 MB at 3.6 MB/s)
[6cab6b43-14eb-4c56-8dad-cb15a5f45520/build]   | [INFO] Downloading from central: https://repo.maven.apache.org/maven2/org/eclipse/jetty/http2/http2-hpack/9.4.49.v20220914/http2-hpack-9.4.49.v20220914.jar
[6cab6b43-14eb-4c56-8dad-cb15a5f45520/build]   | [INFO] Downloaded from central: https://repo.maven.apache.org/maven2/org/eclipse/jetty/http2/http2-server/9.4.49.v20220914/http2-server-9.4.49.v20220914.jar (61 kB at 105 kB/s)
[6cab6b43-14eb-4c56-8dad-cb15a5f45520/build]   | [INFO] Downloading from central: https://repo.maven.apache.org/maven2/org/eclipse/jetty/jetty-alpn-server/9.4.49.v20220914/jetty-alpn-server-9.4.49.v20220914.jar
[6cab6b43-14eb-4c56-8dad-cb15a5f45520/build]   | [INFO] Downloaded from central: https://repo.maven.apache.org/maven2/org/eclipse/jetty/http2/http2-hpack/9.4.49.v20220914/http2-hpack-9.4.49.v20220914.jar (52 kB at 88 kB/s)
[6cab6b43-14eb-4c56-8dad-cb15a5f45520/build]   | [INFO] Downloading from central: https://repo.maven.apache.org/maven2/org/eclipse/jetty/jetty-alpn-java-server/9.4.49.v20220914/jetty-alpn-java-server-9.4.49.v20220914.jar
[6cab6b43-14eb-4c56-8dad-cb15a5f45520/build]   | [INFO] Downloaded from central: https://repo.maven.apache.org/maven2/org/eclipse/jetty/jetty-alpn-server/9.4.49.v20220914/jetty-alpn-server-9.4.49.v20220914.jar (18 kB at 29 kB/s)
[6cab6b43-14eb-4c56-8dad-cb15a5f45520/build]   | [INFO] Downloading from central: https://repo.maven.apache.org/maven2/org/eclipse/jetty/jetty-alpn-openjdk8-server/9.4.49.v20220914/jetty-alpn-openjdk8-server-9.4.49.v20220914.jar
[6cab6b43-14eb-4c56-8dad-cb15a5f45520/build]   | [INFO] Downloaded from central: https://repo.maven.apache.org/maven2/org/eclipse/jetty/jetty-client/9.4.49.v20220914/jetty-client-9.4.49.v20220914.jar (328 kB at 539 kB/s)
[6cab6b43-14eb-4c56-8dad-cb15a5f45520/build]   | [INFO] Downloading from central: https://repo.maven.apache.org/maven2/org/eclipse/jetty/jetty-alpn-java-client/9.4.49.v20220914/jetty-alpn-java-client-9.4.49.v20220914.jar
[6cab6b43-14eb-4c56-8dad-cb15a5f45520/build]   | [INFO] Downloaded from central: https://repo.maven.apache.org/maven2/org/eclipse/jetty/jetty-util/9.4.49.v20220914/jetty-util-9.4.49.v20220914.jar (583 kB at 958 kB/s)
[6cab6b43-14eb-4c56-8dad-cb15a5f45520/build]   | [INFO] Downloading from central: https://repo.maven.apache.org/maven2/org/eclipse/jetty/jetty-alpn-client/9.4.49.v20220914/jetty-alpn-client-9.4.49.v20220914.jar
[6cab6b43-14eb-4c56-8dad-cb15a5f45520/build]   | [INFO] Downloaded from central: https://repo.maven.apache.org/maven2/org/eclipse/jetty/http2/http2-common/9.4.49.v20220914/http2-common-9.4.49.v20220914.jar (206 kB at 338 kB/s)
[6cab6b43-14eb-4c56-8dad-cb15a5f45520/build]   | [INFO] Downloading from central: https://repo.maven.apache.org/maven2/org/eclipse/jetty/jetty-alpn-openjdk8-client/9.4.49.v20220914/jetty-alpn-openjdk8-client-9.4.49.v20220914.jar
[6cab6b43-14eb-4c56-8dad-cb15a5f45520/build]   | [INFO] Downloaded from central: https://repo.maven.apache.org/maven2/org/eclipse/jetty/jetty-alpn-java-server/9.4.49.v20220914/jetty-alpn-java-server-9.4.49.v20220914.jar (17 kB at 28 kB/s)
[6cab6b43-14eb-4c56-8dad-cb15a5f45520/build]   | [INFO] Downloading from central: https://repo.maven.apache.org/maven2/com/google/guava/guava/31.1-jre/guava-31.1-jre.jar
[6cab6b43-14eb-4c56-8dad-cb15a5f45520/build]   | [INFO] Downloaded from central: https://repo.maven.apache.org/maven2/org/eclipse/jetty/jetty-alpn-java-client/9.4.49.v20220914/jetty-alpn-java-client-9.4.49.v20220914.jar (17 kB at 27 kB/s)
[6cab6b43-14eb-4c56-8dad-cb15a5f45520/build]   | [INFO] Downloading from central: https://repo.maven.apache.org/maven2/com/google/guava/failureaccess/1.0.1/failureaccess-1.0.1.jar
[6cab6b43-14eb-4c56-8dad-cb15a5f45520/build]   | [INFO] Downloaded from central: https://repo.maven.apache.org/maven2/org/eclipse/jetty/jetty-alpn-openjdk8-server/9.4.49.v20220914/jetty-alpn-openjdk8-server-9.4.49.v20220914.jar (19 kB at 31 kB/s)
[6cab6b43-14eb-4c56-8dad-cb15a5f45520/build]   | [INFO] Downloading from central: https://repo.maven.apache.org/maven2/com/google/guava/listenablefuture/9999.0-empty-to-avoid-conflict-with-guava/listenablefuture-9999.0-empty-to-avoid-conflict-with-guava.jar
[6cab6b43-14eb-4c56-8dad-cb15a5f45520/build]   | [INFO] Downloaded from central: https://repo.maven.apache.org/maven2/org/eclipse/jetty/jetty-alpn-client/9.4.49.v20220914/jetty-alpn-client-9.4.49.v20220914.jar (17 kB at 26 kB/s)
[6cab6b43-14eb-4c56-8dad-cb15a5f45520/build]   | [INFO] Downloading from central: https://repo.maven.apache.org/maven2/org/checkerframework/checker-qual/3.12.0/checker-qual-3.12.0.jar
[6cab6b43-14eb-4c56-8dad-cb15a5f45520/build]   | [INFO] Downloaded from central: https://repo.maven.apache.org/maven2/org/eclipse/jetty/jetty-alpn-openjdk8-client/9.4.49.v20220914/jetty-alpn-openjdk8-client-9.4.49.v20220914.jar (20 kB at 31 kB/s)
[6cab6b43-14eb-4c56-8dad-cb15a5f45520/build]   | [INFO] Downloading from central: https://repo.maven.apache.org/maven2/com/google/errorprone/error_prone_annotations/2.11.0/error_prone_annotations-2.11.0.jar
[6cab6b43-14eb-4c56-8dad-cb15a5f45520/build]   | [INFO] Downloaded from central: https://repo.maven.apache.org/maven2/com/google/guava/failureaccess/1.0.1/failureaccess-1.0.1.jar (4.6 kB at 7.1 kB/s)
[6cab6b43-14eb-4c56-8dad-cb15a5f45520/build]   | [INFO] Downloading from central: https://repo.maven.apache.org/maven2/com/google/j2objc/j2objc-annotations/1.3/j2objc-annotations-1.3.jar
[6cab6b43-14eb-4c56-8dad-cb15a5f45520/build]   | [INFO] Downloaded from central: https://repo.maven.apache.org/maven2/com/google/guava/listenablefuture/9999.0-empty-to-avoid-conflict-with-guava/listenablefuture-9999.0-empty-to-avoid-conflict-with-guava.jar (2.2 kB at 3.4 kB/s)
[6cab6b43-14eb-4c56-8dad-cb15a5f45520/build]   | [INFO] Downloading from central: https://repo.maven.apache.org/maven2/com/fasterxml/jackson/core/jackson-annotations/2.13.4/jackson-annotations-2.13.4.jar
[6cab6b43-14eb-4c56-8dad-cb15a5f45520/build]   | [INFO] Downloaded from central: https://repo.maven.apache.org/maven2/com/google/errorprone/error_prone_annotations/2.11.0/error_prone_annotations-2.11.0.jar (16 kB at 25 kB/s)
[6cab6b43-14eb-4c56-8dad-cb15a5f45520/build]   | [INFO] Downloading from central: https://repo.maven.apache.org/maven2/com/fasterxml/jackson/core/jackson-databind/2.13.4.2/jackson-databind-2.13.4.2.jar
[6cab6b43-14eb-4c56-8dad-cb15a5f45520/build]   | [INFO] Downloaded from central: https://repo.maven.apache.org/maven2/com/google/j2objc/j2objc-annotations/1.3/j2objc-annotations-1.3.jar (8.8 kB at 13 kB/s)
[6cab6b43-14eb-4c56-8dad-cb15a5f45520/build]   | [INFO] Downloading from central: https://repo.maven.apache.org/maven2/org/apache/httpcomponents/client5/httpclient5/5.1.3/httpclient5-5.1.3.jar
[6cab6b43-14eb-4c56-8dad-cb15a5f45520/build]   | [INFO] Downloaded from central: https://repo.maven.apache.org/maven2/com/fasterxml/jackson/core/jackson-annotations/2.13.4/jackson-annotations-2.13.4.jar (76 kB at 111 kB/s)
[6cab6b43-14eb-4c56-8dad-cb15a5f45520/build]   | [INFO] Downloading from central: https://repo.maven.apache.org/maven2/org/apache/httpcomponents/core5/httpcore5/5.1.3/httpcore5-5.1.3.jar
[6cab6b43-14eb-4c56-8dad-cb15a5f45520/build]   | [INFO] Downloaded from central: https://repo.maven.apache.org/maven2/org/checkerframework/checker-qual/3.12.0/checker-qual-3.12.0.jar (209 kB at 300 kB/s)
[6cab6b43-14eb-4c56-8dad-cb15a5f45520/build]   | [INFO] Downloading from central: https://repo.maven.apache.org/maven2/org/apache/httpcomponents/core5/httpcore5-h2/5.1.3/httpcore5-h2-5.1.3.jar
[6cab6b43-14eb-4c56-8dad-cb15a5f45520/build]   | [INFO] Downloaded from central: https://repo.maven.apache.org/maven2/org/apache/httpcomponents/core5/httpcore5-h2/5.1.3/httpcore5-h2-5.1.3.jar (232 kB at 270 kB/s)
[6cab6b43-14eb-4c56-8dad-cb15a5f45520/build]   | [INFO] Downloading from central: https://repo.maven.apache.org/maven2/commons-codec/commons-codec/1.15/commons-codec-1.15.jar
[6cab6b43-14eb-4c56-8dad-cb15a5f45520/build]   | [INFO] Downloaded from central: https://repo.maven.apache.org/maven2/commons-codec/commons-codec/1.15/commons-codec-1.15.jar (354 kB at 338 kB/s)
[6cab6b43-14eb-4c56-8dad-cb15a5f45520/build]   | [INFO] Downloading from central: https://repo.maven.apache.org/maven2/org/xmlunit/xmlunit-core/2.9.0/xmlunit-core-2.9.0.jar
[6cab6b43-14eb-4c56-8dad-cb15a5f45520/build]   | [INFO] Downloaded from central: https://repo.maven.apache.org/maven2/org/apache/httpcomponents/client5/httpclient5/5.1.3/httpclient5-5.1.3.jar (798 kB at 749 kB/s)
[6cab6b43-14eb-4c56-8dad-cb15a5f45520/build]   | [INFO] Downloading from central: https://repo.maven.apache.org/maven2/jakarta/xml/bind/jakarta.xml.bind-api/2.3.3/jakarta.xml.bind-api-2.3.3.jar
[6cab6b43-14eb-4c56-8dad-cb15a5f45520/build]   | [INFO] Downloaded from central: https://repo.maven.apache.org/maven2/org/apache/httpcomponents/core5/httpcore5/5.1.3/httpcore5-5.1.3.jar (851 kB at 781 kB/s)
[6cab6b43-14eb-4c56-8dad-cb15a5f45520/build]   | [INFO] Downloading from central: https://repo.maven.apache.org/maven2/jakarta/activation/jakarta.activation-api/1.2.2/jakarta.activation-api-1.2.2.jar
[6cab6b43-14eb-4c56-8dad-cb15a5f45520/build]   | [INFO] Downloaded from central: https://repo.maven.apache.org/maven2/com/fasterxml/jackson/core/jackson-databind/2.13.4.2/jackson-databind-2.13.4.2.jar (1.5 MB at 1.3 MB/s)
[6cab6b43-14eb-4c56-8dad-cb15a5f45520/build]   | [INFO] Downloading from central: https://repo.maven.apache.org/maven2/org/xmlunit/xmlunit-legacy/2.9.0/xmlunit-legacy-2.9.0.jar
[6cab6b43-14eb-4c56-8dad-cb15a5f45520/build]   | [INFO] Downloaded from central: https://repo.maven.apache.org/maven2/org/xmlunit/xmlunit-core/2.9.0/xmlunit-core-2.9.0.jar (174 kB at 149 kB/s)
[6cab6b43-14eb-4c56-8dad-cb15a5f45520/build]   | [INFO] Downloading from central: https://repo.maven.apache.org/maven2/org/xmlunit/xmlunit-placeholders/2.9.0/xmlunit-placeholders-2.9.0.jar
[6cab6b43-14eb-4c56-8dad-cb15a5f45520/build]   | [INFO] Downloaded from central: https://repo.maven.apache.org/maven2/jakarta/xml/bind/jakarta.xml.bind-api/2.3.3/jakarta.xml.bind-api-2.3.3.jar (116 kB at 99 kB/s)
[6cab6b43-14eb-4c56-8dad-cb15a5f45520/build]   | [INFO] Downloading from central: https://repo.maven.apache.org/maven2/net/javacrumbs/json-unit/json-unit-core/2.36.0/json-unit-core-2.36.0.jar
[6cab6b43-14eb-4c56-8dad-cb15a5f45520/build]   | [INFO] Downloaded from central: https://repo.maven.apache.org/maven2/jakarta/activation/jakarta.activation-api/1.2.2/jakarta.activation-api-1.2.2.jar (47 kB at 39 kB/s)
[6cab6b43-14eb-4c56-8dad-cb15a5f45520/build]   | [INFO] Downloading from central: https://repo.maven.apache.org/maven2/org/hamcrest/hamcrest-core/2.2/hamcrest-core-2.2.jar
[6cab6b43-14eb-4c56-8dad-cb15a5f45520/build]   | [INFO] Downloaded from central: https://repo.maven.apache.org/maven2/com/google/guava/guava/31.1-jre/guava-31.1-jre.jar (3.0 MB at 2.4 MB/s)
[6cab6b43-14eb-4c56-8dad-cb15a5f45520/build]   | [INFO] Downloading from central: https://repo.maven.apache.org/maven2/org/hamcrest/hamcrest/2.2/hamcrest-2.2.jar
[6cab6b43-14eb-4c56-8dad-cb15a5f45520/build]   | [INFO] Downloaded from central: https://repo.maven.apache.org/maven2/org/xmlunit/xmlunit-placeholders/2.9.0/xmlunit-placeholders-2.9.0.jar (13 kB at 11 kB/s)
[6cab6b43-14eb-4c56-8dad-cb15a5f45520/build]   | [INFO] Downloading from central: https://repo.maven.apache.org/maven2/com/jayway/jsonpath/json-path/2.7.0/json-path-2.7.0.jar
[6cab6b43-14eb-4c56-8dad-cb15a5f45520/build]   | [INFO] Downloaded from central: https://repo.maven.apache.org/maven2/org/xmlunit/xmlunit-legacy/2.9.0/xmlunit-legacy-2.9.0.jar (128 kB at 102 kB/s)
[6cab6b43-14eb-4c56-8dad-cb15a5f45520/build]   | [INFO] Downloading from central: https://repo.maven.apache.org/maven2/net/minidev/json-smart/2.4.7/json-smart-2.4.7.jar
[6cab6b43-14eb-4c56-8dad-cb15a5f45520/build]   | [INFO] Downloaded from central: https://repo.maven.apache.org/maven2/net/javacrumbs/json-unit/json-unit-core/2.36.0/json-unit-core-2.36.0.jar (137 kB at 108 kB/s)
[6cab6b43-14eb-4c56-8dad-cb15a5f45520/build]   | [INFO] Downloading from central: https://repo.maven.apache.org/maven2/net/minidev/accessors-smart/2.4.7/accessors-smart-2.4.7.jar
[6cab6b43-14eb-4c56-8dad-cb15a5f45520/build]   | [INFO] Downloaded from central: https://repo.maven.apache.org/maven2/org/hamcrest/hamcrest-core/2.2/hamcrest-core-2.2.jar (1.5 kB at 1.2 kB/s)
[6cab6b43-14eb-4c56-8dad-cb15a5f45520/build]   | [INFO] Downloading from central: https://repo.maven.apache.org/maven2/org/ow2/asm/asm/9.4/asm-9.4.jar
[6cab6b43-14eb-4c56-8dad-cb15a5f45520/build]   | [INFO] Downloaded from central: https://repo.maven.apache.org/maven2/org/hamcrest/hamcrest/2.2/hamcrest-2.2.jar (123 kB at 96 kB/s)
[6cab6b43-14eb-4c56-8dad-cb15a5f45520/build]   | [INFO] Downloading from central: https://repo.maven.apache.org/maven2/net/sf/jopt-simple/jopt-simple/5.0.4/jopt-simple-5.0.4.jar
[6cab6b43-14eb-4c56-8dad-cb15a5f45520/build]   | [INFO] Downloaded from central: https://repo.maven.apache.org/maven2/net/minidev/json-smart/2.4.7/json-smart-2.4.7.jar (119 kB at 90 kB/s)
[6cab6b43-14eb-4c56-8dad-cb15a5f45520/build]   | [INFO] Downloading from central: https://repo.maven.apache.org/maven2/org/apache/commons/commons-lang3/3.12.0/commons-lang3-3.12.0.jar
[6cab6b43-14eb-4c56-8dad-cb15a5f45520/build]   | [INFO] Downloaded from central: https://repo.maven.apache.org/maven2/com/jayway/jsonpath/json-path/2.7.0/json-path-2.7.0.jar (271 kB at 202 kB/s)
[6cab6b43-14eb-4c56-8dad-cb15a5f45520/build]   | [INFO] Downloading from central: https://repo.maven.apache.org/maven2/com/github/jknack/handlebars/4.3.1/handlebars-4.3.1.jar
[6cab6b43-14eb-4c56-8dad-cb15a5f45520/build]   | [INFO] Downloaded from central: https://repo.maven.apache.org/maven2/org/ow2/asm/asm/9.4/asm-9.4.jar (122 kB at 91 kB/s)
[6cab6b43-14eb-4c56-8dad-cb15a5f45520/build]   | [INFO] Downloaded from central: https://repo.maven.apache.org/maven2/net/minidev/accessors-smart/2.4.7/accessors-smart-2.4.7.jar (29 kB at 22 kB/s)
[6cab6b43-14eb-4c56-8dad-cb15a5f45520/build]   | [INFO] Downloading from central: https://repo.maven.apache.org/maven2/com/github/jknack/handlebars-helpers/4.3.1/handlebars-helpers-4.3.1.jar
[6cab6b43-14eb-4c56-8dad-cb15a5f45520/build]   | [INFO] Downloading from central: https://repo.maven.apache.org/maven2/commons-fileupload/commons-fileupload/1.4/commons-fileupload-1.4.jar
[6cab6b43-14eb-4c56-8dad-cb15a5f45520/build]   | [INFO] Downloaded from central: https://repo.maven.apache.org/maven2/net/sf/jopt-simple/jopt-simple/5.0.4/jopt-simple-5.0.4.jar (78 kB at 57 kB/s)
[6cab6b43-14eb-4c56-8dad-cb15a5f45520/build]   | [INFO] Downloading from central: https://repo.maven.apache.org/maven2/commons-io/commons-io/2.11.0/commons-io-2.11.0.jar
[6cab6b43-14eb-4c56-8dad-cb15a5f45520/build]   | [INFO] Downloaded from central: https://repo.maven.apache.org/maven2/org/apache/commons/commons-lang3/3.12.0/commons-lang3-3.12.0.jar (587 kB at 418 kB/s)
[6cab6b43-14eb-4c56-8dad-cb15a5f45520/build]   | [INFO] Downloading from central: https://repo.maven.apache.org/maven2/org/slf4j/slf4j-api/1.7.36/slf4j-api-1.7.36.jar
[6cab6b43-14eb-4c56-8dad-cb15a5f45520/build]   | [INFO] Downloaded from central: https://repo.maven.apache.org/maven2/com/github/jknack/handlebars-helpers/4.3.1/handlebars-helpers-4.3.1.jar (12 kB at 8.3 kB/s)
[6cab6b43-14eb-4c56-8dad-cb15a5f45520/build]   | [INFO] Downloading from central: https://repo.maven.apache.org/maven2/org/mockito/mockito-inline/4.6.1/mockito-inline-4.6.1.jar
[6cab6b43-14eb-4c56-8dad-cb15a5f45520/build]   | [INFO] Downloaded from central: https://repo.maven.apache.org/maven2/commons-fileupload/commons-fileupload/1.4/commons-fileupload-1.4.jar (72 kB at 51 kB/s)
[6cab6b43-14eb-4c56-8dad-cb15a5f45520/build]   | [INFO] Downloading from central: https://repo.maven.apache.org/maven2/org/mockito/mockito-core/4.6.1/mockito-core-4.6.1.jar
[6cab6b43-14eb-4c56-8dad-cb15a5f45520/build]   | [INFO] Downloaded from central: https://repo.maven.apache.org/maven2/com/github/jknack/handlebars/4.3.1/handlebars-4.3.1.jar (954 kB at 670 kB/s)
[6cab6b43-14eb-4c56-8dad-cb15a5f45520/build]   | [INFO] Downloading from central: https://repo.maven.apache.org/maven2/net/bytebuddy/byte-buddy-agent/1.12.10/byte-buddy-agent-1.12.10.jar
[6cab6b43-14eb-4c56-8dad-cb15a5f45520/build]   | [INFO] Downloaded from central: https://repo.maven.apache.org/maven2/commons-io/commons-io/2.11.0/commons-io-2.11.0.jar (327 kB at 221 kB/s)
[6cab6b43-14eb-4c56-8dad-cb15a5f45520/build]   | [INFO] Downloading from central: https://repo.maven.apache.org/maven2/org/objenesis/objenesis/3.2/objenesis-3.2.jar
[6cab6b43-14eb-4c56-8dad-cb15a5f45520/build]   | [INFO] Downloaded from central: https://repo.maven.apache.org/maven2/org/mockito/mockito-inline/4.6.1/mockito-inline-4.6.1.jar (1.5 kB at 1.0 kB/s)
[6cab6b43-14eb-4c56-8dad-cb15a5f45520/build]   | [INFO] Downloaded from central: https://repo.maven.apache.org/maven2/org/slf4j/slf4j-api/1.7.36/slf4j-api-1.7.36.jar (41 kB at 27 kB/s)
[6cab6b43-14eb-4c56-8dad-cb15a5f45520/build]   | [INFO] Downloaded from central: https://repo.maven.apache.org/maven2/net/bytebuddy/byte-buddy-agent/1.12.10/byte-buddy-agent-1.12.10.jar (257 kB at 169 kB/s)
[6cab6b43-14eb-4c56-8dad-cb15a5f45520/build]   | [INFO] Downloaded from central: https://repo.maven.apache.org/maven2/org/mockito/mockito-core/4.6.1/mockito-core-4.6.1.jar (663 kB at 432 kB/s)
[6cab6b43-14eb-4c56-8dad-cb15a5f45520/build]   | [INFO] Downloaded from central: https://repo.maven.apache.org/maven2/org/objenesis/objenesis/3.2/objenesis-3.2.jar (49 kB at 32 kB/s)
[6cab6b43-14eb-4c56-8dad-cb15a5f45520/build]   | [INFO] 
[6cab6b43-14eb-4c56-8dad-cb15a5f45520/build]   | [INFO] --- maven-resources-plugin:3.3.0:resources (default-resources) @ mcs ---
[6cab6b43-14eb-4c56-8dad-cb15a5f45520/build]   | [INFO] Downloading from central: https://repo.maven.apache.org/maven2/org/codehaus/plexus/plexus-interpolation/1.26/plexus-interpolation-1.26.pom
[6cab6b43-14eb-4c56-8dad-cb15a5f45520/build]   | [INFO] Downloaded from central: https://repo.maven.apache.org/maven2/org/codehaus/plexus/plexus-interpolation/1.26/plexus-interpolation-1.26.pom (2.7 kB at 40 kB/s)
[6cab6b43-14eb-4c56-8dad-cb15a5f45520/build]   | [INFO] Downloading from central: https://repo.maven.apache.org/maven2/org/codehaus/plexus/plexus/5.1/plexus-5.1.pom
[6cab6b43-14eb-4c56-8dad-cb15a5f45520/build]   | [INFO] Downloaded from central: https://repo.maven.apache.org/maven2/org/codehaus/plexus/plexus/5.1/plexus-5.1.pom (23 kB at 450 kB/s)
[6cab6b43-14eb-4c56-8dad-cb15a5f45520/build]   | [INFO] Downloading from central: https://repo.maven.apache.org/maven2/org/apache/maven/shared/maven-filtering/3.3.0/maven-filtering-3.3.0.pom
[6cab6b43-14eb-4c56-8dad-cb15a5f45520/build]   | [INFO] Downloaded from central: https://repo.maven.apache.org/maven2/org/apache/maven/shared/maven-filtering/3.3.0/maven-filtering-3.3.0.pom (6.9 kB at 90 kB/s)
[6cab6b43-14eb-4c56-8dad-cb15a5f45520/build]   | [INFO] Downloading from central: https://repo.maven.apache.org/maven2/org/apache/maven/shared/maven-shared-components/36/maven-shared-components-36.pom
[6cab6b43-14eb-4c56-8dad-cb15a5f45520/build]   | [INFO] Downloaded from central: https://repo.maven.apache.org/maven2/org/apache/maven/shared/maven-shared-components/36/maven-shared-components-36.pom (4.9 kB at 64 kB/s)
[6cab6b43-14eb-4c56-8dad-cb15a5f45520/build]   | [INFO] Downloading from central: https://repo.maven.apache.org/maven2/org/sonatype/plexus/plexus-build-api/0.0.7/plexus-build-api-0.0.7.pom
[6cab6b43-14eb-4c56-8dad-cb15a5f45520/build]   | [INFO] Downloaded from central: https://repo.maven.apache.org/maven2/org/sonatype/plexus/plexus-build-api/0.0.7/plexus-build-api-0.0.7.pom (3.2 kB at 52 kB/s)
[6cab6b43-14eb-4c56-8dad-cb15a5f45520/build]   | [INFO] Downloading from central: https://repo.maven.apache.org/maven2/org/sonatype/spice/spice-parent/15/spice-parent-15.pom
[6cab6b43-14eb-4c56-8dad-cb15a5f45520/build]   | [INFO] Downloaded from central: https://repo.maven.apache.org/maven2/org/sonatype/spice/spice-parent/15/spice-parent-15.pom (8.4 kB at 174 kB/s)
[6cab6b43-14eb-4c56-8dad-cb15a5f45520/build]   | [INFO] Downloading from central: https://repo.maven.apache.org/maven2/org/sonatype/forge/forge-parent/5/forge-parent-5.pom
[6cab6b43-14eb-4c56-8dad-cb15a5f45520/build]   | [INFO] Downloaded from central: https://repo.maven.apache.org/maven2/org/sonatype/forge/forge-parent/5/forge-parent-5.pom (8.4 kB at 144 kB/s)
[6cab6b43-14eb-4c56-8dad-cb15a5f45520/build]   | [INFO] Downloading from central: https://repo.maven.apache.org/maven2/org/codehaus/plexus/plexus-utils/3.3.0/plexus-utils-3.3.0.pom
[6cab6b43-14eb-4c56-8dad-cb15a5f45520/build]   | [INFO] Downloaded from central: https://repo.maven.apache.org/maven2/org/codehaus/plexus/plexus-utils/3.3.0/plexus-utils-3.3.0.pom (5.2 kB at 133 kB/s)
[6cab6b43-14eb-4c56-8dad-cb15a5f45520/build]   | [INFO] Downloading from central: https://repo.maven.apache.org/maven2/org/codehaus/plexus/plexus-interpolation/1.26/plexus-interpolation-1.26.jar
[6cab6b43-14eb-4c56-8dad-cb15a5f45520/build]   | [INFO] Downloading from central: https://repo.maven.apache.org/maven2/org/apache/maven/shared/maven-filtering/3.3.0/maven-filtering-3.3.0.jar
[6cab6b43-14eb-4c56-8dad-cb15a5f45520/build]   | [INFO] Downloading from central: https://repo.maven.apache.org/maven2/org/sonatype/plexus/plexus-build-api/0.0.7/plexus-build-api-0.0.7.jar
[6cab6b43-14eb-4c56-8dad-cb15a5f45520/build]   | [INFO] Downloading from central: https://repo.maven.apache.org/maven2/org/codehaus/plexus/plexus-utils/3.3.0/plexus-utils-3.3.0.jar
[6cab6b43-14eb-4c56-8dad-cb15a5f45520/build]   | [INFO] Downloaded from central: https://repo.maven.apache.org/maven2/org/codehaus/plexus/plexus-utils/3.3.0/plexus-utils-3.3.0.jar (263 kB at 5.9 MB/s)
[6cab6b43-14eb-4c56-8dad-cb15a5f45520/build]   | [INFO] Downloaded from central: https://repo.maven.apache.org/maven2/org/sonatype/plexus/plexus-build-api/0.0.7/plexus-build-api-0.0.7.jar (8.5 kB at 180 kB/s)
[6cab6b43-14eb-4c56-8dad-cb15a5f45520/build]   | [INFO] Downloaded from central: https://repo.maven.apache.org/maven2/org/apache/maven/shared/maven-filtering/3.3.0/maven-filtering-3.3.0.jar (55 kB at 1.2 MB/s)
[6cab6b43-14eb-4c56-8dad-cb15a5f45520/build]   | [INFO] Downloaded from central: https://repo.maven.apache.org/maven2/org/codehaus/plexus/plexus-interpolation/1.26/plexus-interpolation-1.26.jar (85 kB at 1.7 MB/s)
[6cab6b43-14eb-4c56-8dad-cb15a5f45520/build]   | [INFO] Copying 1 resource
[6cab6b43-14eb-4c56-8dad-cb15a5f45520/build]   | [INFO] 
[6cab6b43-14eb-4c56-8dad-cb15a5f45520/build]   | [INFO] --- maven-compiler-plugin:3.10.1:compile (default-compile) @ mcs ---
[6cab6b43-14eb-4c56-8dad-cb15a5f45520/build]   | [INFO] Downloading from central: https://repo.maven.apache.org/maven2/org/apache/maven/shared/maven-shared-utils/3.3.4/maven-shared-utils-3.3.4.pom
[6cab6b43-14eb-4c56-8dad-cb15a5f45520/build]   | [INFO] Downloaded from central: https://repo.maven.apache.org/maven2/org/apache/maven/shared/maven-shared-utils/3.3.4/maven-shared-utils-3.3.4.pom (5.8 kB at 307 kB/s)
[6cab6b43-14eb-4c56-8dad-cb15a5f45520/build]   | [INFO] Downloading from central: https://repo.maven.apache.org/maven2/org/apache/maven/shared/maven-shared-components/34/maven-shared-components-34.pom
[6cab6b43-14eb-4c56-8dad-cb15a5f45520/build]   | [INFO] Downloaded from central: https://repo.maven.apache.org/maven2/org/apache/maven/shared/maven-shared-components/34/maven-shared-components-34.pom (5.1 kB at 182 kB/s)
[6cab6b43-14eb-4c56-8dad-cb15a5f45520/build]   | [INFO] Downloading from central: https://repo.maven.apache.org/maven2/commons-io/commons-io/2.6/commons-io-2.6.pom
[6cab6b43-14eb-4c56-8dad-cb15a5f45520/build]   | [INFO] Downloaded from central: https://repo.maven.apache.org/maven2/commons-io/commons-io/2.6/commons-io-2.6.pom (14 kB at 891 kB/s)
[6cab6b43-14eb-4c56-8dad-cb15a5f45520/build]   | [INFO] Downloading from central: https://repo.maven.apache.org/maven2/org/apache/commons/commons-parent/42/commons-parent-42.pom
[6cab6b43-14eb-4c56-8dad-cb15a5f45520/build]   | [INFO] Downloaded from central: https://repo.maven.apache.org/maven2/org/apache/commons/commons-parent/42/commons-parent-42.pom (68 kB at 4.9 MB/s)
[6cab6b43-14eb-4c56-8dad-cb15a5f45520/build]   | [INFO] Downloading from central: https://repo.maven.apache.org/maven2/org/apache/maven/shared/maven-shared-incremental/1.1/maven-shared-incremental-1.1.pom
[6cab6b43-14eb-4c56-8dad-cb15a5f45520/build]   | [INFO] Downloaded from central: https://repo.maven.apache.org/maven2/org/apache/maven/shared/maven-shared-incremental/1.1/maven-shared-incremental-1.1.pom (4.7 kB at 677 kB/s)
[6cab6b43-14eb-4c56-8dad-cb15a5f45520/build]   | [INFO] Downloading from central: https://repo.maven.apache.org/maven2/org/apache/maven/shared/maven-shared-components/19/maven-shared-components-19.pom
[6cab6b43-14eb-4c56-8dad-cb15a5f45520/build]   | [INFO] Downloaded from central: https://repo.maven.apache.org/maven2/org/apache/maven/shared/maven-shared-components/19/maven-shared-components-19.pom (6.4 kB at 353 kB/s)
[6cab6b43-14eb-4c56-8dad-cb15a5f45520/build]   | [INFO] Downloading from central: https://repo.maven.apache.org/maven2/org/apache/maven/maven-parent/23/maven-parent-23.pom
[6cab6b43-14eb-4c56-8dad-cb15a5f45520/build]   | [INFO] Downloaded from central: https://repo.maven.apache.org/maven2/org/apache/maven/maven-parent/23/maven-parent-23.pom (33 kB at 2.0 MB/s)
[6cab6b43-14eb-4c56-8dad-cb15a5f45520/build]   | [INFO] Downloading from central: https://repo.maven.apache.org/maven2/org/apache/apache/13/apache-13.pom
[6cab6b43-14eb-4c56-8dad-cb15a5f45520/build]   | [INFO] Downloaded from central: https://repo.maven.apache.org/maven2/org/apache/apache/13/apache-13.pom (14 kB at 1.3 MB/s)
[6cab6b43-14eb-4c56-8dad-cb15a5f45520/build]   | [INFO] Downloading from central: https://repo.maven.apache.org/maven2/org/codehaus/plexus/plexus-component-annotations/2.0.0/plexus-component-annotations-2.0.0.pom
[6cab6b43-14eb-4c56-8dad-cb15a5f45520/build]   | [INFO] Downloaded from central: https://repo.maven.apache.org/maven2/org/codehaus/plexus/plexus-component-annotations/2.0.0/plexus-component-annotations-2.0.0.pom (750 B at 94 kB/s)
[6cab6b43-14eb-4c56-8dad-cb15a5f45520/build]   | [INFO] Downloading from central: https://repo.maven.apache.org/maven2/org/codehaus/plexus/plexus-containers/2.0.0/plexus-containers-2.0.0.pom
[6cab6b43-14eb-4c56-8dad-cb15a5f45520/build]   | [INFO] Downloaded from central: https://repo.maven.apache.org/maven2/org/codehaus/plexus/plexus-containers/2.0.0/plexus-containers-2.0.0.pom (4.8 kB at 801 kB/s)
[6cab6b43-14eb-4c56-8dad-cb15a5f45520/build]   | [INFO] Downloading from central: https://repo.maven.apache.org/maven2/org/codehaus/plexus/plexus-java/1.1.1/plexus-java-1.1.1.pom
[6cab6b43-14eb-4c56-8dad-cb15a5f45520/build]   | [INFO] Downloaded from central: https://repo.maven.apache.org/maven2/org/codehaus/plexus/plexus-java/1.1.1/plexus-java-1.1.1.pom (5.0 kB at 828 kB/s)
[6cab6b43-14eb-4c56-8dad-cb15a5f45520/build]   | [INFO] Downloading from central: https://repo.maven.apache.org/maven2/org/codehaus/plexus/plexus-languages/1.1.1/plexus-languages-1.1.1.pom
[6cab6b43-14eb-4c56-8dad-cb15a5f45520/build]   | [INFO] Downloaded from central: https://repo.maven.apache.org/maven2/org/codehaus/plexus/plexus-languages/1.1.1/plexus-languages-1.1.1.pom (4.6 kB at 577 kB/s)
[6cab6b43-14eb-4c56-8dad-cb15a5f45520/build]   | [INFO] Downloading from central: https://repo.maven.apache.org/maven2/org/codehaus/plexus/plexus/8/plexus-8.pom
[6cab6b43-14eb-4c56-8dad-cb15a5f45520/build]   | [INFO] Downloaded from central: https://repo.maven.apache.org/maven2/org/codehaus/plexus/plexus/8/plexus-8.pom (25 kB at 2.3 MB/s)
[6cab6b43-14eb-4c56-8dad-cb15a5f45520/build]   | [INFO] Downloading from central: https://repo.maven.apache.org/maven2/org/ow2/asm/asm/9.2/asm-9.2.pom
[6cab6b43-14eb-4c56-8dad-cb15a5f45520/build]   | [INFO] Downloaded from central: https://repo.maven.apache.org/maven2/org/ow2/asm/asm/9.2/asm-9.2.pom (2.4 kB at 263 kB/s)
[6cab6b43-14eb-4c56-8dad-cb15a5f45520/build]   | [INFO] Downloading from central: https://repo.maven.apache.org/maven2/org/ow2/ow2/1.5/ow2-1.5.pom
[6cab6b43-14eb-4c56-8dad-cb15a5f45520/build]   | [INFO] Downloaded from central: https://repo.maven.apache.org/maven2/org/ow2/ow2/1.5/ow2-1.5.pom (11 kB at 1.4 MB/s)
[6cab6b43-14eb-4c56-8dad-cb15a5f45520/build]   | [INFO] Downloading from central: https://repo.maven.apache.org/maven2/com/thoughtworks/qdox/qdox/2.0.1/qdox-2.0.1.pom
[6cab6b43-14eb-4c56-8dad-cb15a5f45520/build]   | [INFO] Downloaded from central: https://repo.maven.apache.org/maven2/com/thoughtworks/qdox/qdox/2.0.1/qdox-2.0.1.pom (16 kB at 1.0 MB/s)
[6cab6b43-14eb-4c56-8dad-cb15a5f45520/build]   | [INFO] Downloading from central: https://repo.maven.apache.org/maven2/org/codehaus/plexus/plexus-compiler-api/2.11.1/plexus-compiler-api-2.11.1.pom
[6cab6b43-14eb-4c56-8dad-cb15a5f45520/build]   | [INFO] Downloaded from central: https://repo.maven.apache.org/maven2/org/codehaus/plexus/plexus-compiler-api/2.11.1/plexus-compiler-api-2.11.1.pom (1.1 kB at 66 kB/s)
[6cab6b43-14eb-4c56-8dad-cb15a5f45520/build]   | [INFO] Downloading from central: https://repo.maven.apache.org/maven2/org/codehaus/plexus/plexus-compiler/2.11.1/plexus-compiler-2.11.1.pom
[6cab6b43-14eb-4c56-8dad-cb15a5f45520/build]   | [INFO] Downloaded from central: https://repo.maven.apache.org/maven2/org/codehaus/plexus/plexus-compiler/2.11.1/plexus-compiler-2.11.1.pom (8.1 kB at 507 kB/s)
[6cab6b43-14eb-4c56-8dad-cb15a5f45520/build]   | [INFO] Downloading from central: https://repo.maven.apache.org/maven2/org/codehaus/plexus/plexus-components/6.6/plexus-components-6.6.pom
[6cab6b43-14eb-4c56-8dad-cb15a5f45520/build]   | [INFO] Downloaded from central: https://repo.maven.apache.org/maven2/org/codehaus/plexus/plexus-components/6.6/plexus-components-6.6.pom (2.7 kB at 157 kB/s)
[6cab6b43-14eb-4c56-8dad-cb15a5f45520/build]   | [INFO] Downloading from central: https://repo.maven.apache.org/maven2/org/codehaus/plexus/plexus-utils/3.4.1/plexus-utils-3.4.1.pom
[6cab6b43-14eb-4c56-8dad-cb15a5f45520/build]   | [INFO] Downloaded from central: https://repo.maven.apache.org/maven2/org/codehaus/plexus/plexus-utils/3.4.1/plexus-utils-3.4.1.pom (8.0 kB at 442 kB/s)
[6cab6b43-14eb-4c56-8dad-cb15a5f45520/build]   | [INFO] Downloading from central: https://repo.maven.apache.org/maven2/org/codehaus/plexus/plexus-compiler-manager/2.11.1/plexus-compiler-manager-2.11.1.pom
[6cab6b43-14eb-4c56-8dad-cb15a5f45520/build]   | [INFO] Downloaded from central: https://repo.maven.apache.org/maven2/org/codehaus/plexus/plexus-compiler-manager/2.11.1/plexus-compiler-manager-2.11.1.pom (1.1 kB at 13 kB/s)
[6cab6b43-14eb-4c56-8dad-cb15a5f45520/build]   | [INFO] Downloading from central: https://repo.maven.apache.org/maven2/org/codehaus/plexus/plexus-compiler-javac/2.11.1/plexus-compiler-javac-2.11.1.pom
[6cab6b43-14eb-4c56-8dad-cb15a5f45520/build]   | [INFO] Downloaded from central: https://repo.maven.apache.org/maven2/org/codehaus/plexus/plexus-compiler-javac/2.11.1/plexus-compiler-javac-2.11.1.pom (1.2 kB at 43 kB/s)
[6cab6b43-14eb-4c56-8dad-cb15a5f45520/build]   | [INFO] Downloading from central: https://repo.maven.apache.org/maven2/org/codehaus/plexus/plexus-compilers/2.11.1/plexus-compilers-2.11.1.pom
[6cab6b43-14eb-4c56-8dad-cb15a5f45520/build]   | [INFO] Downloaded from central: https://repo.maven.apache.org/maven2/org/codehaus/plexus/plexus-compilers/2.11.1/plexus-compilers-2.11.1.pom (1.3 kB at 132 kB/s)
[6cab6b43-14eb-4c56-8dad-cb15a5f45520/build]   | [INFO] Downloading from central: https://repo.maven.apache.org/maven2/org/apache/maven/shared/maven-shared-utils/3.3.4/maven-shared-utils-3.3.4.jar
[6cab6b43-14eb-4c56-8dad-cb15a5f45520/build]   | [INFO] Downloading from central: https://repo.maven.apache.org/maven2/commons-io/commons-io/2.6/commons-io-2.6.jar
[6cab6b43-14eb-4c56-8dad-cb15a5f45520/build]   | [INFO] Downloading from central: https://repo.maven.apache.org/maven2/org/apache/maven/shared/maven-shared-incremental/1.1/maven-shared-incremental-1.1.jar
[6cab6b43-14eb-4c56-8dad-cb15a5f45520/build]   | [INFO] Downloading from central: https://repo.maven.apache.org/maven2/org/codehaus/plexus/plexus-component-annotations/2.0.0/plexus-component-annotations-2.0.0.jar
[6cab6b43-14eb-4c56-8dad-cb15a5f45520/build]   | [INFO] Downloading from central: https://repo.maven.apache.org/maven2/org/codehaus/plexus/plexus-java/1.1.1/plexus-java-1.1.1.jar
[6cab6b43-14eb-4c56-8dad-cb15a5f45520/build]   | [INFO] Downloaded from central: https://repo.maven.apache.org/maven2/org/apache/maven/shared/maven-shared-incremental/1.1/maven-shared-incremental-1.1.jar (14 kB at 589 kB/s)
[6cab6b43-14eb-4c56-8dad-cb15a5f45520/build]   | [INFO] Downloading from central: https://repo.maven.apache.org/maven2/org/ow2/asm/asm/9.2/asm-9.2.jar
[6cab6b43-14eb-4c56-8dad-cb15a5f45520/build]   | [INFO] Downloaded from central: https://repo.maven.apache.org/maven2/org/codehaus/plexus/plexus-component-annotations/2.0.0/plexus-component-annotations-2.0.0.jar (4.2 kB at 151 kB/s)
[6cab6b43-14eb-4c56-8dad-cb15a5f45520/build]   | [INFO] Downloading from central: https://repo.maven.apache.org/maven2/com/thoughtworks/qdox/qdox/2.0.1/qdox-2.0.1.jar
[6cab6b43-14eb-4c56-8dad-cb15a5f45520/build]   | [INFO] Downloaded from central: https://repo.maven.apache.org/maven2/org/codehaus/plexus/plexus-java/1.1.1/plexus-java-1.1.1.jar (54 kB at 1.6 MB/s)
[6cab6b43-14eb-4c56-8dad-cb15a5f45520/build]   | [INFO] Downloading from central: https://repo.maven.apache.org/maven2/org/codehaus/plexus/plexus-compiler-api/2.11.1/plexus-compiler-api-2.11.1.jar
[6cab6b43-14eb-4c56-8dad-cb15a5f45520/build]   | [INFO] Downloaded from central: https://repo.maven.apache.org/maven2/org/apache/maven/shared/maven-shared-utils/3.3.4/maven-shared-utils-3.3.4.jar (153 kB at 4.1 MB/s)
[6cab6b43-14eb-4c56-8dad-cb15a5f45520/build]   | [INFO] Downloading from central: https://repo.maven.apache.org/maven2/org/codehaus/plexus/plexus-utils/3.4.1/plexus-utils-3.4.1.jar
[6cab6b43-14eb-4c56-8dad-cb15a5f45520/build]   | [INFO] Downloaded from central: https://repo.maven.apache.org/maven2/commons-io/commons-io/2.6/commons-io-2.6.jar (215 kB at 4.1 MB/s)
[6cab6b43-14eb-4c56-8dad-cb15a5f45520/build]   | [INFO] Downloading from central: https://repo.maven.apache.org/maven2/org/codehaus/plexus/plexus-compiler-manager/2.11.1/plexus-compiler-manager-2.11.1.jar
[6cab6b43-14eb-4c56-8dad-cb15a5f45520/build]   | [INFO] Downloaded from central: https://repo.maven.apache.org/maven2/org/codehaus/plexus/plexus-compiler-api/2.11.1/plexus-compiler-api-2.11.1.jar (27 kB at 481 kB/s)
[6cab6b43-14eb-4c56-8dad-cb15a5f45520/build]   | [INFO] Downloading from central: https://repo.maven.apache.org/maven2/org/codehaus/plexus/plexus-compiler-javac/2.11.1/plexus-compiler-javac-2.11.1.jar
[6cab6b43-14eb-4c56-8dad-cb15a5f45520/build]   | [INFO] Downloaded from central: https://repo.maven.apache.org/maven2/org/codehaus/plexus/plexus-compiler-manager/2.11.1/plexus-compiler-manager-2.11.1.jar (4.7 kB at 62 kB/s)
[6cab6b43-14eb-4c56-8dad-cb15a5f45520/build]   | [INFO] Downloaded from central: https://repo.maven.apache.org/maven2/org/codehaus/plexus/plexus-compiler-javac/2.11.1/plexus-compiler-javac-2.11.1.jar (23 kB at 286 kB/s)
[6cab6b43-14eb-4c56-8dad-cb15a5f45520/build]   | [INFO] Downloaded from central: https://repo.maven.apache.org/maven2/org/ow2/asm/asm/9.2/asm-9.2.jar (122 kB at 1.5 MB/s)
[6cab6b43-14eb-4c56-8dad-cb15a5f45520/build]   | [INFO] Downloaded from central: https://repo.maven.apache.org/maven2/com/thoughtworks/qdox/qdox/2.0.1/qdox-2.0.1.jar (334 kB at 3.5 MB/s)
[6cab6b43-14eb-4c56-8dad-cb15a5f45520/build]   | [INFO] Downloaded from central: https://repo.maven.apache.org/maven2/org/codehaus/plexus/plexus-utils/3.4.1/plexus-utils-3.4.1.jar (264 kB at 2.1 MB/s)
[6cab6b43-14eb-4c56-8dad-cb15a5f45520/build]   | [INFO] Downloading from central: https://repo.maven.apache.org/maven2/info/picocli/picocli-codegen/4.6.3/picocli-codegen-4.6.3.jar
[6cab6b43-14eb-4c56-8dad-cb15a5f45520/build]   | [INFO] Downloaded from central: https://repo.maven.apache.org/maven2/info/picocli/picocli-codegen/4.6.3/picocli-codegen-4.6.3.jar (128 kB at 4.6 MB/s)
[6cab6b43-14eb-4c56-8dad-cb15a5f45520/build]   | [INFO] Downloading from central: https://repo.maven.apache.org/maven2/info/picocli/picocli-codegen/4.6.3/picocli-codegen-4.6.3.pom
[6cab6b43-14eb-4c56-8dad-cb15a5f45520/build]   | [INFO] Downloaded from central: https://repo.maven.apache.org/maven2/info/picocli/picocli-codegen/4.6.3/picocli-codegen-4.6.3.pom (1.5 kB at 90 kB/s)
[6cab6b43-14eb-4c56-8dad-cb15a5f45520/build]   | [INFO] Changes detected - recompiling the module!
[6cab6b43-14eb-4c56-8dad-cb15a5f45520/build]   | [INFO] Compiling 30 source files to /tmp/6f55a885-b123-4700-90a2-ae7e98d48a50/target/classes
[6cab6b43-14eb-4c56-8dad-cb15a5f45520/build]   | [INFO] /tmp/6f55a885-b123-4700-90a2-ae7e98d48a50/src/main/java/it/mulders/mcs/common/Result.java: Some input files use unchecked or unsafe operations.
[6cab6b43-14eb-4c56-8dad-cb15a5f45520/build]   | [INFO] /tmp/6f55a885-b123-4700-90a2-ae7e98d48a50/src/main/java/it/mulders/mcs/common/Result.java: Recompile with -Xlint:unchecked for details.
[6cab6b43-14eb-4c56-8dad-cb15a5f45520/build]   | [INFO] 
[6cab6b43-14eb-4c56-8dad-cb15a5f45520/build]   | [INFO] --- maven-resources-plugin:3.3.0:testResources (default-testResources) @ mcs ---
[6cab6b43-14eb-4c56-8dad-cb15a5f45520/build]   | [INFO] Copying 4 resources
[6cab6b43-14eb-4c56-8dad-cb15a5f45520/build]   | [INFO] 
[6cab6b43-14eb-4c56-8dad-cb15a5f45520/build]   | [INFO] --- maven-compiler-plugin:3.10.1:testCompile (default-testCompile) @ mcs ---
[6cab6b43-14eb-4c56-8dad-cb15a5f45520/build]   | [INFO] Changes detected - recompiling the module!
[6cab6b43-14eb-4c56-8dad-cb15a5f45520/build]   | [INFO] Compiling 17 source files to /tmp/6f55a885-b123-4700-90a2-ae7e98d48a50/target/test-classes
[6cab6b43-14eb-4c56-8dad-cb15a5f45520/build]   | [INFO] 
[6cab6b43-14eb-4c56-8dad-cb15a5f45520/build]   | [INFO] --- maven-surefire-plugin:3.0.0-M7:test (default-test) @ mcs ---
[6cab6b43-14eb-4c56-8dad-cb15a5f45520/build]   | [INFO] Downloading from central: https://repo.maven.apache.org/maven2/org/apache/maven/surefire/maven-surefire-common/3.0.0-M7/maven-surefire-common-3.0.0-M7.pom
[6cab6b43-14eb-4c56-8dad-cb15a5f45520/build]   | [INFO] Downloaded from central: https://repo.maven.apache.org/maven2/org/apache/maven/surefire/maven-surefire-common/3.0.0-M7/maven-surefire-common-3.0.0-M7.pom (6.5 kB at 103 kB/s)
[6cab6b43-14eb-4c56-8dad-cb15a5f45520/build]   | [INFO] Downloading from central: https://repo.maven.apache.org/maven2/org/apache/maven/surefire/surefire-api/3.0.0-M7/surefire-api-3.0.0-M7.pom
[6cab6b43-14eb-4c56-8dad-cb15a5f45520/build]   | [INFO] Downloaded from central: https://repo.maven.apache.org/maven2/org/apache/maven/surefire/surefire-api/3.0.0-M7/surefire-api-3.0.0-M7.pom (3.4 kB at 377 kB/s)
[6cab6b43-14eb-4c56-8dad-cb15a5f45520/build]   | [INFO] Downloading from central: https://repo.maven.apache.org/maven2/org/apache/maven/surefire/surefire-logger-api/3.0.0-M7/surefire-logger-api-3.0.0-M7.pom
[6cab6b43-14eb-4c56-8dad-cb15a5f45520/build]   | [INFO] Downloaded from central: https://repo.maven.apache.org/maven2/org/apache/maven/surefire/surefire-logger-api/3.0.0-M7/surefire-logger-api-3.0.0-M7.pom (3.6 kB at 454 kB/s)
[6cab6b43-14eb-4c56-8dad-cb15a5f45520/build]   | [INFO] Downloading from central: https://repo.maven.apache.org/maven2/org/apache/maven/surefire/surefire-shared-utils/3.0.0-M7/surefire-shared-utils-3.0.0-M7.pom
[6cab6b43-14eb-4c56-8dad-cb15a5f45520/build]   | [INFO] Downloaded from central: https://repo.maven.apache.org/maven2/org/apache/maven/surefire/surefire-shared-utils/3.0.0-M7/surefire-shared-utils-3.0.0-M7.pom (3.9 kB at 555 kB/s)
[6cab6b43-14eb-4c56-8dad-cb15a5f45520/build]   | [INFO] Downloading from central: https://repo.maven.apache.org/maven2/org/apache/maven/surefire/surefire-extensions-api/3.0.0-M7/surefire-extensions-api-3.0.0-M7.pom
[6cab6b43-14eb-4c56-8dad-cb15a5f45520/build]   | [INFO] Downloaded from central: https://repo.maven.apache.org/maven2/org/apache/maven/surefire/surefire-extensions-api/3.0.0-M7/surefire-extensions-api-3.0.0-M7.pom (3.6 kB at 331 kB/s)
[6cab6b43-14eb-4c56-8dad-cb15a5f45520/build]   | [INFO] Downloading from central: https://repo.maven.apache.org/maven2/org/apache/maven/surefire/surefire-booter/3.0.0-M7/surefire-booter-3.0.0-M7.pom
[6cab6b43-14eb-4c56-8dad-cb15a5f45520/build]   | [INFO] Downloaded from central: https://repo.maven.apache.org/maven2/org/apache/maven/surefire/surefire-booter/3.0.0-M7/surefire-booter-3.0.0-M7.pom (4.4 kB at 545 kB/s)
[6cab6b43-14eb-4c56-8dad-cb15a5f45520/build]   | [INFO] Downloading from central: https://repo.maven.apache.org/maven2/org/apache/maven/surefire/surefire-extensions-spi/3.0.0-M7/surefire-extensions-spi-3.0.0-M7.pom
[6cab6b43-14eb-4c56-8dad-cb15a5f45520/build]   | [INFO] Downloaded from central: https://repo.maven.apache.org/maven2/org/apache/maven/surefire/surefire-extensions-spi/3.0.0-M7/surefire-extensions-spi-3.0.0-M7.pom (1.8 kB at 225 kB/s)
[6cab6b43-14eb-4c56-8dad-cb15a5f45520/build]   | [INFO] Downloading from central: https://repo.maven.apache.org/maven2/org/apache/maven/shared/maven-common-artifact-filters/3.1.1/maven-common-artifact-filters-3.1.1.pom
[6cab6b43-14eb-4c56-8dad-cb15a5f45520/build]   | [INFO] Downloaded from central: https://repo.maven.apache.org/maven2/org/apache/maven/shared/maven-common-artifact-filters/3.1.1/maven-common-artifact-filters-3.1.1.pom (5.8 kB at 828 kB/s)
[6cab6b43-14eb-4c56-8dad-cb15a5f45520/build]   | [INFO] Downloading from central: https://repo.maven.apache.org/maven2/org/apache/maven/maven-artifact/3.2.5/maven-artifact-3.2.5.pom
[6cab6b43-14eb-4c56-8dad-cb15a5f45520/build]   | [INFO] Downloaded from central: https://repo.maven.apache.org/maven2/org/apache/maven/maven-artifact/3.2.5/maven-artifact-3.2.5.pom (2.3 kB at 391 kB/s)
[6cab6b43-14eb-4c56-8dad-cb15a5f45520/build]   | [INFO] Downloading from central: https://repo.maven.apache.org/maven2/org/apache/maven/maven/3.2.5/maven-3.2.5.pom
[6cab6b43-14eb-4c56-8dad-cb15a5f45520/build]   | [INFO] Downloaded from central: https://repo.maven.apache.org/maven2/org/apache/maven/maven/3.2.5/maven-3.2.5.pom (22 kB at 3.2 MB/s)
[6cab6b43-14eb-4c56-8dad-cb15a5f45520/build]   | [INFO] Downloading from central: https://repo.maven.apache.org/maven2/org/apache/maven/maven-parent/25/maven-parent-25.pom
[6cab6b43-14eb-4c56-8dad-cb15a5f45520/build]   | [INFO] Downloaded from central: https://repo.maven.apache.org/maven2/org/apache/maven/maven-parent/25/maven-parent-25.pom (37 kB at 4.7 MB/s)
[6cab6b43-14eb-4c56-8dad-cb15a5f45520/build]   | [INFO] Downloading from central: https://repo.maven.apache.org/maven2/org/apache/apache/15/apache-15.pom
[6cab6b43-14eb-4c56-8dad-cb15a5f45520/build]   | [INFO] Downloaded from central: https://repo.maven.apache.org/maven2/org/apache/apache/15/apache-15.pom (15 kB at 896 kB/s)
[6cab6b43-14eb-4c56-8dad-cb15a5f45520/build]   | [INFO] Downloading from central: https://repo.maven.apache.org/maven2/org/apache/maven/maven-core/3.2.5/maven-core-3.2.5.pom
[6cab6b43-14eb-4c56-8dad-cb15a5f45520/build]   | [INFO] Downloaded from central: https://repo.maven.apache.org/maven2/org/apache/maven/maven-core/3.2.5/maven-core-3.2.5.pom (8.1 kB at 806 kB/s)
[6cab6b43-14eb-4c56-8dad-cb15a5f45520/build]   | [INFO] Downloading from central: https://repo.maven.apache.org/maven2/org/apache/maven/maven-settings/3.2.5/maven-settings-3.2.5.pom
[6cab6b43-14eb-4c56-8dad-cb15a5f45520/build]   | [INFO] Downloaded from central: https://repo.maven.apache.org/maven2/org/apache/maven/maven-settings/3.2.5/maven-settings-3.2.5.pom (2.2 kB at 362 kB/s)
[6cab6b43-14eb-4c56-8dad-cb15a5f45520/build]   | [INFO] Downloading from central: https://repo.maven.apache.org/maven2/org/apache/maven/maven-settings-builder/3.2.5/maven-settings-builder-3.2.5.pom
[6cab6b43-14eb-4c56-8dad-cb15a5f45520/build]   | [INFO] Downloaded from central: https://repo.maven.apache.org/maven2/org/apache/maven/maven-settings-builder/3.2.5/maven-settings-builder-3.2.5.pom (2.6 kB at 324 kB/s)
[6cab6b43-14eb-4c56-8dad-cb15a5f45520/build]   | [INFO] Downloading from central: https://repo.maven.apache.org/maven2/org/codehaus/plexus/plexus-interpolation/1.21/plexus-interpolation-1.21.pom
[6cab6b43-14eb-4c56-8dad-cb15a5f45520/build]   | [INFO] Downloaded from central: https://repo.maven.apache.org/maven2/org/codehaus/plexus/plexus-interpolation/1.21/plexus-interpolation-1.21.pom (1.5 kB at 171 kB/s)
[6cab6b43-14eb-4c56-8dad-cb15a5f45520/build]   | [INFO] Downloading from central: https://repo.maven.apache.org/maven2/org/codehaus/plexus/plexus-components/1.3.1/plexus-components-1.3.1.pom
[6cab6b43-14eb-4c56-8dad-cb15a5f45520/build]   | [INFO] Downloaded from central: https://repo.maven.apache.org/maven2/org/codehaus/plexus/plexus-components/1.3.1/plexus-components-1.3.1.pom (3.1 kB at 438 kB/s)
[6cab6b43-14eb-4c56-8dad-cb15a5f45520/build]   | [INFO] Downloading from central: https://repo.maven.apache.org/maven2/org/codehaus/plexus/plexus-component-annotations/2.1.1/plexus-component-annotations-2.1.1.pom
[6cab6b43-14eb-4c56-8dad-cb15a5f45520/build]   | [INFO] Downloaded from central: https://repo.maven.apache.org/maven2/org/codehaus/plexus/plexus-component-annotations/2.1.1/plexus-component-annotations-2.1.1.pom (770 B at 128 kB/s)
[6cab6b43-14eb-4c56-8dad-cb15a5f45520/build]   | [INFO] Downloading from central: https://repo.maven.apache.org/maven2/org/codehaus/plexus/plexus-containers/2.1.1/plexus-containers-2.1.1.pom
[6cab6b43-14eb-4c56-8dad-cb15a5f45520/build]   | [INFO] Downloaded from central: https://repo.maven.apache.org/maven2/org/codehaus/plexus/plexus-containers/2.1.1/plexus-containers-2.1.1.pom (6.0 kB at 862 kB/s)
[6cab6b43-14eb-4c56-8dad-cb15a5f45520/build]   | [INFO] Downloading from central: https://repo.maven.apache.org/maven2/org/codehaus/plexus/plexus/6.5/plexus-6.5.pom
[6cab6b43-14eb-4c56-8dad-cb15a5f45520/build]   | [INFO] Downloaded from central: https://repo.maven.apache.org/maven2/org/codehaus/plexus/plexus/6.5/plexus-6.5.pom (26 kB at 3.7 MB/s)
[6cab6b43-14eb-4c56-8dad-cb15a5f45520/build]   | [INFO] Downloading from central: https://repo.maven.apache.org/maven2/org/sonatype/plexus/plexus-sec-dispatcher/1.3/plexus-sec-dispatcher-1.3.pom
[6cab6b43-14eb-4c56-8dad-cb15a5f45520/build]   | [INFO] Downloaded from central: https://repo.maven.apache.org/maven2/org/sonatype/plexus/plexus-sec-dispatcher/1.3/plexus-sec-dispatcher-1.3.pom (3.0 kB at 329 kB/s)
[6cab6b43-14eb-4c56-8dad-cb15a5f45520/build]   | [INFO] Downloading from central: https://repo.maven.apache.org/maven2/org/sonatype/spice/spice-parent/12/spice-parent-12.pom
[6cab6b43-14eb-4c56-8dad-cb15a5f45520/build]   | [INFO] Downloaded from central: https://repo.maven.apache.org/maven2/org/sonatype/spice/spice-parent/12/spice-parent-12.pom (6.8 kB at 1.1 MB/s)
[6cab6b43-14eb-4c56-8dad-cb15a5f45520/build]   | [INFO] Downloading from central: https://repo.maven.apache.org/maven2/org/sonatype/forge/forge-parent/4/forge-parent-4.pom
[6cab6b43-14eb-4c56-8dad-cb15a5f45520/build]   | [INFO] Downloaded from central: https://repo.maven.apache.org/maven2/org/sonatype/forge/forge-parent/4/forge-parent-4.pom (8.4 kB at 1.2 MB/s)
[6cab6b43-14eb-4c56-8dad-cb15a5f45520/build]   | [INFO] Downloading from central: https://repo.maven.apache.org/maven2/org/sonatype/plexus/plexus-cipher/1.4/plexus-cipher-1.4.pom
[6cab6b43-14eb-4c56-8dad-cb15a5f45520/build]   | [INFO] Downloaded from central: https://repo.maven.apache.org/maven2/org/sonatype/plexus/plexus-cipher/1.4/plexus-cipher-1.4.pom (2.1 kB at 295 kB/s)
[6cab6b43-14eb-4c56-8dad-cb15a5f45520/build]   | [INFO] Downloading from central: https://repo.maven.apache.org/maven2/org/apache/maven/maven-repository-metadata/3.2.5/maven-repository-metadata-3.2.5.pom
[6cab6b43-14eb-4c56-8dad-cb15a5f45520/build]   | [INFO] Downloaded from central: https://repo.maven.apache.org/maven2/org/apache/maven/maven-repository-metadata/3.2.5/maven-repository-metadata-3.2.5.pom (2.2 kB at 372 kB/s)
[6cab6b43-14eb-4c56-8dad-cb15a5f45520/build]   | [INFO] Downloading from central: https://repo.maven.apache.org/maven2/org/apache/maven/maven-plugin-api/3.2.5/maven-plugin-api-3.2.5.pom
[6cab6b43-14eb-4c56-8dad-cb15a5f45520/build]   | [INFO] Downloaded from central: https://repo.maven.apache.org/maven2/org/apache/maven/maven-plugin-api/3.2.5/maven-plugin-api-3.2.5.pom (3.0 kB at 303 kB/s)
[6cab6b43-14eb-4c56-8dad-cb15a5f45520/build]   | [INFO] Downloading from central: https://repo.maven.apache.org/maven2/org/eclipse/sisu/org.eclipse.sisu.plexus/0.3.5/org.eclipse.sisu.plexus-0.3.5.pom
[6cab6b43-14eb-4c56-8dad-cb15a5f45520/build]   | [INFO] Downloaded from central: https://repo.maven.apache.org/maven2/org/eclipse/sisu/org.eclipse.sisu.plexus/0.3.5/org.eclipse.sisu.plexus-0.3.5.pom (4.3 kB at 714 kB/s)
[6cab6b43-14eb-4c56-8dad-cb15a5f45520/build]   | [INFO] Downloading from central: https://repo.maven.apache.org/maven2/org/eclipse/sisu/sisu-plexus/0.3.5/sisu-plexus-0.3.5.pom
[6cab6b43-14eb-4c56-8dad-cb15a5f45520/build]   | [INFO] Downloaded from central: https://repo.maven.apache.org/maven2/org/eclipse/sisu/sisu-plexus/0.3.5/sisu-plexus-0.3.5.pom (14 kB at 2.0 MB/s)
[6cab6b43-14eb-4c56-8dad-cb15a5f45520/build]   | [INFO] Downloading from central: https://repo.maven.apache.org/maven2/javax/annotation/javax.annotation-api/1.2/javax.annotation-api-1.2.pom
[6cab6b43-14eb-4c56-8dad-cb15a5f45520/build]   | [INFO] Downloaded from central: https://repo.maven.apache.org/maven2/javax/annotation/javax.annotation-api/1.2/javax.annotation-api-1.2.pom (13 kB at 1.7 MB/s)
[6cab6b43-14eb-4c56-8dad-cb15a5f45520/build]   | [INFO] Downloading from central: https://repo.maven.apache.org/maven2/javax/enterprise/cdi-api/1.2/cdi-api-1.2.pom
[6cab6b43-14eb-4c56-8dad-cb15a5f45520/build]   | [INFO] Downloaded from central: https://repo.maven.apache.org/maven2/javax/enterprise/cdi-api/1.2/cdi-api-1.2.pom (6.3 kB at 571 kB/s)
[6cab6b43-14eb-4c56-8dad-cb15a5f45520/build]   | [INFO] Downloading from central: https://repo.maven.apache.org/maven2/org/jboss/weld/weld-parent/26/weld-parent-26.pom
[6cab6b43-14eb-4c56-8dad-cb15a5f45520/build]   | [INFO] Downloaded from central: https://repo.maven.apache.org/maven2/org/jboss/weld/weld-parent/26/weld-parent-26.pom (32 kB at 3.2 MB/s)
[6cab6b43-14eb-4c56-8dad-cb15a5f45520/build]   | [INFO] Downloading from central: https://repo.maven.apache.org/maven2/org/eclipse/sisu/org.eclipse.sisu.inject/0.3.5/org.eclipse.sisu.inject-0.3.5.pom
[6cab6b43-14eb-4c56-8dad-cb15a5f45520/build]   | [INFO] Downloaded from central: https://repo.maven.apache.org/maven2/org/eclipse/sisu/org.eclipse.sisu.inject/0.3.5/org.eclipse.sisu.inject-0.3.5.pom (2.6 kB at 375 kB/s)
[6cab6b43-14eb-4c56-8dad-cb15a5f45520/build]   | [INFO] Downloading from central: https://repo.maven.apache.org/maven2/org/eclipse/sisu/sisu-inject/0.3.5/sisu-inject-0.3.5.pom
[6cab6b43-14eb-4c56-8dad-cb15a5f45520/build]   | [INFO] Downloaded from central: https://repo.maven.apache.org/maven2/org/eclipse/sisu/sisu-inject/0.3.5/sisu-inject-0.3.5.pom (14 kB at 900 kB/s)
[6cab6b43-14eb-4c56-8dad-cb15a5f45520/build]   | [INFO] Downloading from central: https://repo.maven.apache.org/maven2/org/apache/maven/maven-model-builder/3.2.5/maven-model-builder-3.2.5.pom
[6cab6b43-14eb-4c56-8dad-cb15a5f45520/build]   | [INFO] Downloaded from central: https://repo.maven.apache.org/maven2/org/apache/maven/maven-model-builder/3.2.5/maven-model-builder-3.2.5.pom (3.0 kB at 428 kB/s)
[6cab6b43-14eb-4c56-8dad-cb15a5f45520/build]   | [INFO] Downloading from central: https://repo.maven.apache.org/maven2/org/apache/maven/maven-aether-provider/3.2.5/maven-aether-provider-3.2.5.pom
[6cab6b43-14eb-4c56-8dad-cb15a5f45520/build]   | [INFO] Downloaded from central: https://repo.maven.apache.org/maven2/org/apache/maven/maven-aether-provider/3.2.5/maven-aether-provider-3.2.5.pom (4.2 kB at 708 kB/s)
[6cab6b43-14eb-4c56-8dad-cb15a5f45520/build]   | [INFO] Downloading from central: https://repo.maven.apache.org/maven2/org/eclipse/aether/aether-api/1.0.0.v20140518/aether-api-1.0.0.v20140518.pom
[6cab6b43-14eb-4c56-8dad-cb15a5f45520/build]   | [INFO] Downloaded from central: https://repo.maven.apache.org/maven2/org/eclipse/aether/aether-api/1.0.0.v20140518/aether-api-1.0.0.v20140518.pom (1.9 kB at 237 kB/s)
[6cab6b43-14eb-4c56-8dad-cb15a5f45520/build]   | [INFO] Downloading from central: https://repo.maven.apache.org/maven2/org/eclipse/aether/aether/1.0.0.v20140518/aether-1.0.0.v20140518.pom
[6cab6b43-14eb-4c56-8dad-cb15a5f45520/build]   | [INFO] Downloaded from central: https://repo.maven.apache.org/maven2/org/eclipse/aether/aether/1.0.0.v20140518/aether-1.0.0.v20140518.pom (30 kB at 3.0 MB/s)
[6cab6b43-14eb-4c56-8dad-cb15a5f45520/build]   | [INFO] Downloading from central: https://repo.maven.apache.org/maven2/org/eclipse/aether/aether-spi/1.0.0.v20140518/aether-spi-1.0.0.v20140518.pom
[6cab6b43-14eb-4c56-8dad-cb15a5f45520/build]   | [INFO] Downloaded from central: https://repo.maven.apache.org/maven2/org/eclipse/aether/aether-spi/1.0.0.v20140518/aether-spi-1.0.0.v20140518.pom (2.1 kB at 342 kB/s)
[6cab6b43-14eb-4c56-8dad-cb15a5f45520/build]   | [INFO] Downloading from central: https://repo.maven.apache.org/maven2/org/eclipse/aether/aether-util/1.0.0.v20140518/aether-util-1.0.0.v20140518.pom
[6cab6b43-14eb-4c56-8dad-cb15a5f45520/build]   | [INFO] Downloaded from central: https://repo.maven.apache.org/maven2/org/eclipse/aether/aether-util/1.0.0.v20140518/aether-util-1.0.0.v20140518.pom (2.2 kB at 199 kB/s)
[6cab6b43-14eb-4c56-8dad-cb15a5f45520/build]   | [INFO] Downloading from central: https://repo.maven.apache.org/maven2/org/eclipse/aether/aether-impl/1.0.0.v20140518/aether-impl-1.0.0.v20140518.pom
[6cab6b43-14eb-4c56-8dad-cb15a5f45520/build]   | [INFO] Downloaded from central: https://repo.maven.apache.org/maven2/org/eclipse/aether/aether-impl/1.0.0.v20140518/aether-impl-1.0.0.v20140518.pom (3.5 kB at 386 kB/s)
[6cab6b43-14eb-4c56-8dad-cb15a5f45520/build]   | [INFO] Downloading from central: https://repo.maven.apache.org/maven2/org/sonatype/sisu/sisu-guice/3.2.3/sisu-guice-3.2.3.pom
[6cab6b43-14eb-4c56-8dad-cb15a5f45520/build]   | [INFO] Downloaded from central: https://repo.maven.apache.org/maven2/org/sonatype/sisu/sisu-guice/3.2.3/sisu-guice-3.2.3.pom (11 kB at 1.1 MB/s)
[6cab6b43-14eb-4c56-8dad-cb15a5f45520/build]   | [INFO] Downloading from central: https://repo.maven.apache.org/maven2/org/sonatype/sisu/inject/guice-parent/3.2.3/guice-parent-3.2.3.pom
[6cab6b43-14eb-4c56-8dad-cb15a5f45520/build]   | [INFO] Downloaded from central: https://repo.maven.apache.org/maven2/org/sonatype/sisu/inject/guice-parent/3.2.3/guice-parent-3.2.3.pom (13 kB at 1.5 MB/s)
[6cab6b43-14eb-4c56-8dad-cb15a5f45520/build]   | [INFO] Downloading from central: https://repo.maven.apache.org/maven2/org/sonatype/forge/forge-parent/38/forge-parent-38.pom
[6cab6b43-14eb-4c56-8dad-cb15a5f45520/build]   | [INFO] Downloaded from central: https://repo.maven.apache.org/maven2/org/sonatype/forge/forge-parent/38/forge-parent-38.pom (19 kB at 1.1 MB/s)
[6cab6b43-14eb-4c56-8dad-cb15a5f45520/build]   | [INFO] Downloading from central: https://repo.maven.apache.org/maven2/aopalliance/aopalliance/1.0/aopalliance-1.0.pom
[6cab6b43-14eb-4c56-8dad-cb15a5f45520/build]   | [INFO] Downloaded from central: https://repo.maven.apache.org/maven2/aopalliance/aopalliance/1.0/aopalliance-1.0.pom (363 B at 33 kB/s)
[6cab6b43-14eb-4c56-8dad-cb15a5f45520/build]   | [INFO] Downloading from central: https://repo.maven.apache.org/maven2/com/google/guava/guava/16.0.1/guava-16.0.1.pom
[6cab6b43-14eb-4c56-8dad-cb15a5f45520/build]   | [INFO] Downloaded from central: https://repo.maven.apache.org/maven2/com/google/guava/guava/16.0.1/guava-16.0.1.pom (6.1 kB at 763 kB/s)
[6cab6b43-14eb-4c56-8dad-cb15a5f45520/build]   | [INFO] Downloading from central: https://repo.maven.apache.org/maven2/com/google/guava/guava-parent/16.0.1/guava-parent-16.0.1.pom
[6cab6b43-14eb-4c56-8dad-cb15a5f45520/build]   | [INFO] Downloaded from central: https://repo.maven.apache.org/maven2/com/google/guava/guava-parent/16.0.1/guava-parent-16.0.1.pom (7.3 kB at 1.2 MB/s)
[6cab6b43-14eb-4c56-8dad-cb15a5f45520/build]   | [INFO] Downloading from central: https://repo.maven.apache.org/maven2/org/apache/maven/surefire/maven-surefire-common/3.0.0-M7/maven-surefire-common-3.0.0-M7.jar
[6cab6b43-14eb-4c56-8dad-cb15a5f45520/build]   | [INFO] Downloading from central: https://repo.maven.apache.org/maven2/org/apache/maven/surefire/surefire-api/3.0.0-M7/surefire-api-3.0.0-M7.jar
[6cab6b43-14eb-4c56-8dad-cb15a5f45520/build]   | [INFO] Downloading from central: https://repo.maven.apache.org/maven2/org/apache/maven/surefire/surefire-logger-api/3.0.0-M7/surefire-logger-api-3.0.0-M7.jar
[6cab6b43-14eb-4c56-8dad-cb15a5f45520/build]   | [INFO] Downloading from central: https://repo.maven.apache.org/maven2/org/apache/maven/surefire/surefire-extensions-api/3.0.0-M7/surefire-extensions-api-3.0.0-M7.jar
[6cab6b43-14eb-4c56-8dad-cb15a5f45520/build]   | [INFO] Downloading from central: https://repo.maven.apache.org/maven2/org/apache/maven/surefire/surefire-booter/3.0.0-M7/surefire-booter-3.0.0-M7.jar
[6cab6b43-14eb-4c56-8dad-cb15a5f45520/build]   | [INFO] Downloaded from central: https://repo.maven.apache.org/maven2/org/apache/maven/surefire/surefire-extensions-api/3.0.0-M7/surefire-extensions-api-3.0.0-M7.jar (25 kB at 2.1 MB/s)
[6cab6b43-14eb-4c56-8dad-cb15a5f45520/build]   | [INFO] Downloading from central: https://repo.maven.apache.org/maven2/org/apache/maven/surefire/surefire-extensions-spi/3.0.0-M7/surefire-extensions-spi-3.0.0-M7.jar
[6cab6b43-14eb-4c56-8dad-cb15a5f45520/build]   | [INFO] Downloaded from central: https://repo.maven.apache.org/maven2/org/apache/maven/surefire/surefire-extensions-spi/3.0.0-M7/surefire-extensions-spi-3.0.0-M7.jar (8.1 kB at 504 kB/s)
[6cab6b43-14eb-4c56-8dad-cb15a5f45520/build]   | [INFO] Downloading from central: https://repo.maven.apache.org/maven2/org/apache/maven/shared/maven-common-artifact-filters/3.1.1/maven-common-artifact-filters-3.1.1.jar
[6cab6b43-14eb-4c56-8dad-cb15a5f45520/build]   | [INFO] Downloaded from central: https://repo.maven.apache.org/maven2/org/apache/maven/surefire/surefire-booter/3.0.0-M7/surefire-booter-3.0.0-M7.jar (117 kB at 5.8 MB/s)
[6cab6b43-14eb-4c56-8dad-cb15a5f45520/build]   | [INFO] Downloading from central: https://repo.maven.apache.org/maven2/org/apache/maven/surefire/surefire-shared-utils/3.0.0-M7/surefire-shared-utils-3.0.0-M7.jar
[6cab6b43-14eb-4c56-8dad-cb15a5f45520/build]   | [INFO] Downloaded from central: https://repo.maven.apache.org/maven2/org/apache/maven/surefire/surefire-logger-api/3.0.0-M7/surefire-logger-api-3.0.0-M7.jar (14 kB at 646 kB/s)
[6cab6b43-14eb-4c56-8dad-cb15a5f45520/build]   | [INFO] Downloaded from central: https://repo.maven.apache.org/maven2/org/apache/maven/surefire/surefire-api/3.0.0-M7/surefire-api-3.0.0-M7.jar (169 kB at 6.0 MB/s)
[6cab6b43-14eb-4c56-8dad-cb15a5f45520/build]   | [INFO] Downloaded from central: https://repo.maven.apache.org/maven2/org/apache/maven/surefire/maven-surefire-common/3.0.0-M7/maven-surefire-common-3.0.0-M7.jar (305 kB at 11 MB/s)
[6cab6b43-14eb-4c56-8dad-cb15a5f45520/build]   | [INFO] Downloaded from central: https://repo.maven.apache.org/maven2/org/apache/maven/shared/maven-common-artifact-filters/3.1.1/maven-common-artifact-filters-3.1.1.jar (61 kB at 2.1 MB/s)
[6cab6b43-14eb-4c56-8dad-cb15a5f45520/build]   | [INFO] Downloaded from central: https://repo.maven.apache.org/maven2/org/apache/maven/surefire/surefire-shared-utils/3.0.0-M7/surefire-shared-utils-3.0.0-M7.jar (2.1 MB at 29 MB/s)
[6cab6b43-14eb-4c56-8dad-cb15a5f45520/build]   | [INFO] Using auto detected provider org.apache.maven.surefire.junitplatform.JUnitPlatformProvider
[6cab6b43-14eb-4c56-8dad-cb15a5f45520/build]   | [INFO] Downloading from central: https://repo.maven.apache.org/maven2/org/apache/maven/surefire/surefire-junit-platform/3.0.0-M7/surefire-junit-platform-3.0.0-M7.jar
[6cab6b43-14eb-4c56-8dad-cb15a5f45520/build]   | [INFO] Downloaded from central: https://repo.maven.apache.org/maven2/org/apache/maven/surefire/surefire-junit-platform/3.0.0-M7/surefire-junit-platform-3.0.0-M7.jar (26 kB at 3.7 MB/s)
[6cab6b43-14eb-4c56-8dad-cb15a5f45520/build]   | [INFO] Downloading from central: https://repo.maven.apache.org/maven2/org/apache/maven/surefire/surefire-junit-platform/3.0.0-M7/surefire-junit-platform-3.0.0-M7.pom
[6cab6b43-14eb-4c56-8dad-cb15a5f45520/build]   | [INFO] Downloaded from central: https://repo.maven.apache.org/maven2/org/apache/maven/surefire/surefire-junit-platform/3.0.0-M7/surefire-junit-platform-3.0.0-M7.pom (5.3 kB at 353 kB/s)
[6cab6b43-14eb-4c56-8dad-cb15a5f45520/build]   | [INFO] Downloading from central: https://repo.maven.apache.org/maven2/org/apache/maven/surefire/surefire-providers/3.0.0-M7/surefire-providers-3.0.0-M7.pom
[6cab6b43-14eb-4c56-8dad-cb15a5f45520/build]   | [INFO] Downloaded from central: https://repo.maven.apache.org/maven2/org/apache/maven/surefire/surefire-providers/3.0.0-M7/surefire-providers-3.0.0-M7.pom (2.5 kB at 317 kB/s)
[6cab6b43-14eb-4c56-8dad-cb15a5f45520/build]   | [INFO] Downloading from central: https://repo.maven.apache.org/maven2/org/apache/maven/surefire/common-java5/3.0.0-M7/common-java5-3.0.0-M7.pom
[6cab6b43-14eb-4c56-8dad-cb15a5f45520/build]   | [INFO] Downloaded from central: https://repo.maven.apache.org/maven2/org/apache/maven/surefire/common-java5/3.0.0-M7/common-java5-3.0.0-M7.pom (2.7 kB at 385 kB/s)
[6cab6b43-14eb-4c56-8dad-cb15a5f45520/build]   | [INFO] Downloading from central: https://repo.maven.apache.org/maven2/org/junit/platform/junit-platform-launcher/1.3.2/junit-platform-launcher-1.3.2.pom
[6cab6b43-14eb-4c56-8dad-cb15a5f45520/build]   | [INFO] Downloaded from central: https://repo.maven.apache.org/maven2/org/junit/platform/junit-platform-launcher/1.3.2/junit-platform-launcher-1.3.2.pom (2.2 kB at 443 kB/s)
[6cab6b43-14eb-4c56-8dad-cb15a5f45520/build]   | [INFO] Downloading from central: https://repo.maven.apache.org/maven2/org/apiguardian/apiguardian-api/1.0.0/apiguardian-api-1.0.0.pom
[6cab6b43-14eb-4c56-8dad-cb15a5f45520/build]   | [INFO] Downloaded from central: https://repo.maven.apache.org/maven2/org/apiguardian/apiguardian-api/1.0.0/apiguardian-api-1.0.0.pom (1.2 kB at 195 kB/s)
[6cab6b43-14eb-4c56-8dad-cb15a5f45520/build]   | [INFO] Downloading from central: https://repo.maven.apache.org/maven2/org/junit/platform/junit-platform-engine/1.3.2/junit-platform-engine-1.3.2.pom
[6cab6b43-14eb-4c56-8dad-cb15a5f45520/build]   | [INFO] Downloaded from central: https://repo.maven.apache.org/maven2/org/junit/platform/junit-platform-engine/1.3.2/junit-platform-engine-1.3.2.pom (2.4 kB at 342 kB/s)
[6cab6b43-14eb-4c56-8dad-cb15a5f45520/build]   | [INFO] Downloading from central: https://repo.maven.apache.org/maven2/org/junit/platform/junit-platform-commons/1.3.2/junit-platform-commons-1.3.2.pom
[6cab6b43-14eb-4c56-8dad-cb15a5f45520/build]   | [INFO] Downloaded from central: https://repo.maven.apache.org/maven2/org/junit/platform/junit-platform-commons/1.3.2/junit-platform-commons-1.3.2.pom (2.0 kB at 337 kB/s)
[6cab6b43-14eb-4c56-8dad-cb15a5f45520/build]   | [INFO] Downloading from central: https://repo.maven.apache.org/maven2/org/opentest4j/opentest4j/1.1.1/opentest4j-1.1.1.pom
[6cab6b43-14eb-4c56-8dad-cb15a5f45520/build]   | [INFO] Downloaded from central: https://repo.maven.apache.org/maven2/org/opentest4j/opentest4j/1.1.1/opentest4j-1.1.1.pom (1.7 kB at 280 kB/s)
[6cab6b43-14eb-4c56-8dad-cb15a5f45520/build]   | [INFO] Downloading from central: https://repo.maven.apache.org/maven2/org/junit/jupiter/junit-jupiter-engine/5.3.2/junit-jupiter-engine-5.3.2.pom
[6cab6b43-14eb-4c56-8dad-cb15a5f45520/build]   | [INFO] Downloaded from central: https://repo.maven.apache.org/maven2/org/junit/jupiter/junit-jupiter-engine/5.3.2/junit-jupiter-engine-5.3.2.pom (2.4 kB at 299 kB/s)
[6cab6b43-14eb-4c56-8dad-cb15a5f45520/build]   | [INFO] Downloading from central: https://repo.maven.apache.org/maven2/org/junit/jupiter/junit-jupiter-api/5.3.2/junit-jupiter-api-5.3.2.pom
[6cab6b43-14eb-4c56-8dad-cb15a5f45520/build]   | [INFO] Downloaded from central: https://repo.maven.apache.org/maven2/org/junit/jupiter/junit-jupiter-api/5.3.2/junit-jupiter-api-5.3.2.pom (2.4 kB at 216 kB/s)
[6cab6b43-14eb-4c56-8dad-cb15a5f45520/build]   | [INFO] Downloading from central: https://repo.maven.apache.org/maven2/org/junit/jupiter/junit-jupiter-params/5.3.2/junit-jupiter-params-5.3.2.pom
[6cab6b43-14eb-4c56-8dad-cb15a5f45520/build]   | [INFO] Downloaded from central: https://repo.maven.apache.org/maven2/org/junit/jupiter/junit-jupiter-params/5.3.2/junit-jupiter-params-5.3.2.pom (2.2 kB at 315 kB/s)
[6cab6b43-14eb-4c56-8dad-cb15a5f45520/build]   | [INFO] Downloading from central: https://repo.maven.apache.org/maven2/org/mockito/mockito-core/2.28.2/mockito-core-2.28.2.pom
[6cab6b43-14eb-4c56-8dad-cb15a5f45520/build]   | [INFO] Downloaded from central: https://repo.maven.apache.org/maven2/org/mockito/mockito-core/2.28.2/mockito-core-2.28.2.pom (20 kB at 1.3 MB/s)
[6cab6b43-14eb-4c56-8dad-cb15a5f45520/build]   | [INFO] Downloading from central: https://repo.maven.apache.org/maven2/net/bytebuddy/byte-buddy/1.9.10/byte-buddy-1.9.10.pom
[6cab6b43-14eb-4c56-8dad-cb15a5f45520/build]   | [INFO] Downloaded from central: https://repo.maven.apache.org/maven2/net/bytebuddy/byte-buddy/1.9.10/byte-buddy-1.9.10.pom (10 kB at 1.3 MB/s)
[6cab6b43-14eb-4c56-8dad-cb15a5f45520/build]   | [INFO] Downloading from central: https://repo.maven.apache.org/maven2/net/bytebuddy/byte-buddy-parent/1.9.10/byte-buddy-parent-1.9.10.pom
[6cab6b43-14eb-4c56-8dad-cb15a5f45520/build]   | [INFO] Downloaded from central: https://repo.maven.apache.org/maven2/net/bytebuddy/byte-buddy-parent/1.9.10/byte-buddy-parent-1.9.10.pom (36 kB at 5.1 MB/s)
[6cab6b43-14eb-4c56-8dad-cb15a5f45520/build]   | [INFO] Downloading from central: https://repo.maven.apache.org/maven2/net/bytebuddy/byte-buddy-agent/1.9.10/byte-buddy-agent-1.9.10.pom
[6cab6b43-14eb-4c56-8dad-cb15a5f45520/build]   | [INFO] Downloaded from central: https://repo.maven.apache.org/maven2/net/bytebuddy/byte-buddy-agent/1.9.10/byte-buddy-agent-1.9.10.pom (6.0 kB at 503 kB/s)
[6cab6b43-14eb-4c56-8dad-cb15a5f45520/build]   | [INFO] Downloading from central: https://repo.maven.apache.org/maven2/org/objenesis/objenesis/2.6/objenesis-2.6.pom
[6cab6b43-14eb-4c56-8dad-cb15a5f45520/build]   | [INFO] Downloaded from central: https://repo.maven.apache.org/maven2/org/objenesis/objenesis/2.6/objenesis-2.6.pom (2.8 kB at 155 kB/s)
[6cab6b43-14eb-4c56-8dad-cb15a5f45520/build]   | [INFO] Downloading from central: https://repo.maven.apache.org/maven2/org/objenesis/objenesis-parent/2.6/objenesis-parent-2.6.pom
[6cab6b43-14eb-4c56-8dad-cb15a5f45520/build]   | [INFO] Downloaded from central: https://repo.maven.apache.org/maven2/org/objenesis/objenesis-parent/2.6/objenesis-parent-2.6.pom (17 kB at 1.4 MB/s)
[6cab6b43-14eb-4c56-8dad-cb15a5f45520/build]   | [INFO] Downloading from central: https://repo.maven.apache.org/maven2/org/powermock/powermock-reflect/2.0.9/powermock-reflect-2.0.9.pom
[6cab6b43-14eb-4c56-8dad-cb15a5f45520/build]   | [INFO] Downloaded from central: https://repo.maven.apache.org/maven2/org/powermock/powermock-reflect/2.0.9/powermock-reflect-2.0.9.pom (7.9 kB at 656 kB/s)
[6cab6b43-14eb-4c56-8dad-cb15a5f45520/build]   | [INFO] Downloading from central: https://repo.maven.apache.org/maven2/net/bytebuddy/byte-buddy/1.10.14/byte-buddy-1.10.14.pom
[6cab6b43-14eb-4c56-8dad-cb15a5f45520/build]   | [INFO] Downloaded from central: https://repo.maven.apache.org/maven2/net/bytebuddy/byte-buddy/1.10.14/byte-buddy-1.10.14.pom (11 kB at 920 kB/s)
[6cab6b43-14eb-4c56-8dad-cb15a5f45520/build]   | [INFO] Downloading from central: https://repo.maven.apache.org/maven2/net/bytebuddy/byte-buddy-parent/1.10.14/byte-buddy-parent-1.10.14.pom
[6cab6b43-14eb-4c56-8dad-cb15a5f45520/build]   | [INFO] Downloaded from central: https://repo.maven.apache.org/maven2/net/bytebuddy/byte-buddy-parent/1.10.14/byte-buddy-parent-1.10.14.pom (41 kB at 2.9 MB/s)
[6cab6b43-14eb-4c56-8dad-cb15a5f45520/build]   | [INFO] Downloading from central: https://repo.maven.apache.org/maven2/net/bytebuddy/byte-buddy-agent/1.10.14/byte-buddy-agent-1.10.14.pom
[6cab6b43-14eb-4c56-8dad-cb15a5f45520/build]   | [INFO] Downloaded from central: https://repo.maven.apache.org/maven2/net/bytebuddy/byte-buddy-agent/1.10.14/byte-buddy-agent-1.10.14.pom (9.6 kB at 736 kB/s)
[6cab6b43-14eb-4c56-8dad-cb15a5f45520/build]   | [INFO] Downloading from central: https://repo.maven.apache.org/maven2/junit/junit/4.13.2/junit-4.13.2.pom
[6cab6b43-14eb-4c56-8dad-cb15a5f45520/build]   | [INFO] Downloaded from central: https://repo.maven.apache.org/maven2/junit/junit/4.13.2/junit-4.13.2.pom (27 kB at 3.0 MB/s)
[6cab6b43-14eb-4c56-8dad-cb15a5f45520/build]   | [INFO] Downloading from central: https://repo.maven.apache.org/maven2/org/hamcrest/hamcrest-library/1.3/hamcrest-library-1.3.pom
[6cab6b43-14eb-4c56-8dad-cb15a5f45520/build]   | [INFO] Downloaded from central: https://repo.maven.apache.org/maven2/org/hamcrest/hamcrest-library/1.3/hamcrest-library-1.3.pom (820 B at 75 kB/s)
[6cab6b43-14eb-4c56-8dad-cb15a5f45520/build]   | [INFO] Downloading from central: https://repo.maven.apache.org/maven2/org/hamcrest/hamcrest-parent/1.3/hamcrest-parent-1.3.pom
[6cab6b43-14eb-4c56-8dad-cb15a5f45520/build]   | [INFO] Downloaded from central: https://repo.maven.apache.org/maven2/org/hamcrest/hamcrest-parent/1.3/hamcrest-parent-1.3.pom (2.0 kB at 282 kB/s)
[6cab6b43-14eb-4c56-8dad-cb15a5f45520/build]   | [INFO] Downloading from central: https://repo.maven.apache.org/maven2/org/hamcrest/hamcrest-core/1.3/hamcrest-core-1.3.pom
[6cab6b43-14eb-4c56-8dad-cb15a5f45520/build]   | [INFO] Downloaded from central: https://repo.maven.apache.org/maven2/org/hamcrest/hamcrest-core/1.3/hamcrest-core-1.3.pom (766 B at 85 kB/s)
[6cab6b43-14eb-4c56-8dad-cb15a5f45520/build]   | [INFO] Downloading from central: https://repo.maven.apache.org/maven2/org/assertj/assertj-core/3.22.0/assertj-core-3.22.0.pom
[6cab6b43-14eb-4c56-8dad-cb15a5f45520/build]   | [INFO] Downloaded from central: https://repo.maven.apache.org/maven2/org/assertj/assertj-core/3.22.0/assertj-core-3.22.0.pom (31 kB at 2.8 MB/s)
[6cab6b43-14eb-4c56-8dad-cb15a5f45520/build]   | [INFO] Downloading from central: https://repo.maven.apache.org/maven2/org/assertj/assertj-parent-pom/2.2.14/assertj-parent-pom-2.2.14.pom
[6cab6b43-14eb-4c56-8dad-cb15a5f45520/build]   | [INFO] Downloaded from central: https://repo.maven.apache.org/maven2/org/assertj/assertj-parent-pom/2.2.14/assertj-parent-pom-2.2.14.pom (25 kB at 4.1 MB/s)
[6cab6b43-14eb-4c56-8dad-cb15a5f45520/build]   | [INFO] Downloading from central: https://repo.maven.apache.org/maven2/org/junit/junit-bom/5.8.0/junit-bom-5.8.0.pom
[6cab6b43-14eb-4c56-8dad-cb15a5f45520/build]   | [INFO] Downloaded from central: https://repo.maven.apache.org/maven2/org/junit/junit-bom/5.8.0/junit-bom-5.8.0.pom (5.6 kB at 704 kB/s)
[6cab6b43-14eb-4c56-8dad-cb15a5f45520/build]   | [INFO] Downloading from central: https://repo.maven.apache.org/maven2/org/apache/maven/surefire/common-java5/3.0.0-M7/common-java5-3.0.0-M7.jar
[6cab6b43-14eb-4c56-8dad-cb15a5f45520/build]   | [INFO] Downloading from central: https://repo.maven.apache.org/maven2/org/junit/platform/junit-platform-launcher/1.3.2/junit-platform-launcher-1.3.2.jar
[6cab6b43-14eb-4c56-8dad-cb15a5f45520/build]   | [INFO] Downloading from central: https://repo.maven.apache.org/maven2/org/apiguardian/apiguardian-api/1.0.0/apiguardian-api-1.0.0.jar
[6cab6b43-14eb-4c56-8dad-cb15a5f45520/build]   | [INFO] Downloading from central: https://repo.maven.apache.org/maven2/org/junit/platform/junit-platform-engine/1.3.2/junit-platform-engine-1.3.2.jar
[6cab6b43-14eb-4c56-8dad-cb15a5f45520/build]   | [INFO] Downloading from central: https://repo.maven.apache.org/maven2/org/junit/platform/junit-platform-commons/1.3.2/junit-platform-commons-1.3.2.jar
[6cab6b43-14eb-4c56-8dad-cb15a5f45520/build]   | [INFO] Downloaded from central: https://repo.maven.apache.org/maven2/org/apiguardian/apiguardian-api/1.0.0/apiguardian-api-1.0.0.jar (2.2 kB at 240 kB/s)
[6cab6b43-14eb-4c56-8dad-cb15a5f45520/build]   | [INFO] Downloading from central: https://repo.maven.apache.org/maven2/org/opentest4j/opentest4j/1.1.1/opentest4j-1.1.1.jar
[6cab6b43-14eb-4c56-8dad-cb15a5f45520/build]   | [INFO] Downloaded from central: https://repo.maven.apache.org/maven2/org/apache/maven/surefire/common-java5/3.0.0-M7/common-java5-3.0.0-M7.jar (17 kB at 912 kB/s)
[6cab6b43-14eb-4c56-8dad-cb15a5f45520/build]   | [INFO] Downloaded from central: https://repo.maven.apache.org/maven2/org/junit/platform/junit-platform-launcher/1.3.2/junit-platform-launcher-1.3.2.jar (95 kB at 5.6 MB/s)
[6cab6b43-14eb-4c56-8dad-cb15a5f45520/build]   | [INFO] Downloaded from central: https://repo.maven.apache.org/maven2/org/junit/platform/junit-platform-commons/1.3.2/junit-platform-commons-1.3.2.jar (78 kB at 4.9 MB/s)
[6cab6b43-14eb-4c56-8dad-cb15a5f45520/build]   | [INFO] Downloaded from central: https://repo.maven.apache.org/maven2/org/opentest4j/opentest4j/1.1.1/opentest4j-1.1.1.jar (7.1 kB at 712 kB/s)
[6cab6b43-14eb-4c56-8dad-cb15a5f45520/build]   | [INFO] Downloaded from central: https://repo.maven.apache.org/maven2/org/junit/platform/junit-platform-engine/1.3.2/junit-platform-engine-1.3.2.jar (138 kB at 5.8 MB/s)
[6cab6b43-14eb-4c56-8dad-cb15a5f45520/build]   | [INFO] Downloading from central: https://repo.maven.apache.org/maven2/org/junit/platform/junit-platform-launcher/1.9.1/junit-platform-launcher-1.9.1.jar
[6cab6b43-14eb-4c56-8dad-cb15a5f45520/build]   | [INFO] Downloaded from central: https://repo.maven.apache.org/maven2/org/junit/platform/junit-platform-launcher/1.9.1/junit-platform-launcher-1.9.1.jar (169 kB at 11 MB/s)
[6cab6b43-14eb-4c56-8dad-cb15a5f45520/build]   | [INFO] Downloading from central: https://repo.maven.apache.org/maven2/org/junit/platform/junit-platform-launcher/1.9.1/junit-platform-launcher-1.9.1.pom
[6cab6b43-14eb-4c56-8dad-cb15a5f45520/build]   | [INFO] Downloaded from central: https://repo.maven.apache.org/maven2/org/junit/platform/junit-platform-launcher/1.9.1/junit-platform-launcher-1.9.1.pom (3.0 kB at 202 kB/s)
[6cab6b43-14eb-4c56-8dad-cb15a5f45520/build]   | [INFO] 
[6cab6b43-14eb-4c56-8dad-cb15a5f45520/build]   | [INFO] -------------------------------------------------------
[6cab6b43-14eb-4c56-8dad-cb15a5f45520/build]   | [INFO]  T E S T S
[6cab6b43-14eb-4c56-8dad-cb15a5f45520/build]   | [INFO] -------------------------------------------------------
[6cab6b43-14eb-4c56-8dad-cb15a5f45520/build]   | [INFO] Running it.mulders.mcs.cli.CommandClassFactoryTest
[6cab6b43-14eb-4c56-8dad-cb15a5f45520/build]   | [INFO] Tests run: 2, Failures: 0, Errors: 0, Skipped: 0, Time elapsed: 0.141 s - in it.mulders.mcs.cli.CommandClassFactoryTest
[6cab6b43-14eb-4c56-8dad-cb15a5f45520/build]   | [INFO] Running it.mulders.mcs.cli.CliTest
[6cab6b43-14eb-4c56-8dad-cb15a5f45520/build]   | [INFO] Running it.mulders.mcs.cli.CliTest$ClassSearchCommandTest
[6cab6b43-14eb-4c56-8dad-cb15a5f45520/build]   | OpenJDK 64-Bit Server VM warning: Sharing is only supported for boot loader classes because bootstrap classpath has been appended
[6cab6b43-14eb-4c56-8dad-cb15a5f45520/build]   | Searching for artifacts containing test...
[6cab6b43-14eb-4c56-8dad-cb15a5f45520/build]   | Searching for artifacts containing test...
[6cab6b43-14eb-4c56-8dad-cb15a5f45520/build]   | [INFO] Tests run: 2, Failures: 0, Errors: 0, Skipped: 0, Time elapsed: 2.319 s - in it.mulders.mcs.cli.CliTest$ClassSearchCommandTest
[6cab6b43-14eb-4c56-8dad-cb15a5f45520/build]   | [INFO] Running it.mulders.mcs.cli.CliTest$SearchCommandTest
[6cab6b43-14eb-4c56-8dad-cb15a5f45520/build]   | Searching for jakarta rs...
[6cab6b43-14eb-4c56-8dad-cb15a5f45520/build]   | Searching for test...
[6cab6b43-14eb-4c56-8dad-cb15a5f45520/build]   | Searching for test...
[6cab6b43-14eb-4c56-8dad-cb15a5f45520/build]   | Searching for test...
[6cab6b43-14eb-4c56-8dad-cb15a5f45520/build]   | [INFO] Tests run: 4, Failures: 0, Errors: 0, Skipped: 0, Time elapsed: 0.465 s - in it.mulders.mcs.cli.CliTest$SearchCommandTest
[6cab6b43-14eb-4c56-8dad-cb15a5f45520/build]   | [INFO] Tests run: 0, Failures: 0, Errors: 0, Skipped: 0, Time elapsed: 2.854 s - in it.mulders.mcs.cli.CliTest
[6cab6b43-14eb-4c56-8dad-cb15a5f45520/build]   | [INFO] Running it.mulders.mcs.cli.ClasspathVersionProviderTest
[6cab6b43-14eb-4c56-8dad-cb15a5f45520/build]   | [INFO] Tests run: 1, Failures: 0, Errors: 0, Skipped: 0, Time elapsed: 0.022 s - in it.mulders.mcs.cli.ClasspathVersionProviderTest
[6cab6b43-14eb-4c56-8dad-cb15a5f45520/build]   | [INFO] Running it.mulders.mcs.common.SearchResponseBodyHandlerTest
[6cab6b43-14eb-4c56-8dad-cb15a5f45520/build]   | [INFO] Tests run: 3, Failures: 0, Errors: 0, Skipped: 0, Time elapsed: 0.267 s - in it.mulders.mcs.common.SearchResponseBodyHandlerTest
[6cab6b43-14eb-4c56-8dad-cb15a5f45520/build]   | [INFO] Running it.mulders.mcs.common.ResultTest
[6cab6b43-14eb-4c56-8dad-cb15a5f45520/build]   | [INFO] Running it.mulders.mcs.common.ResultTest$Failure
[6cab6b43-14eb-4c56-8dad-cb15a5f45520/build]   | [INFO] Tests run: 3, Failures: 0, Errors: 0, Skipped: 0, Time elapsed: 0.018 s - in it.mulders.mcs.common.ResultTest$Failure
[6cab6b43-14eb-4c56-8dad-cb15a5f45520/build]   | [INFO] Running it.mulders.mcs.common.ResultTest$Success
[6cab6b43-14eb-4c56-8dad-cb15a5f45520/build]   | [INFO] Tests run: 4, Failures: 0, Errors: 0, Skipped: 0, Time elapsed: 0.02 s - in it.mulders.mcs.common.ResultTest$Success
[6cab6b43-14eb-4c56-8dad-cb15a5f45520/build]   | [INFO] Tests run: 0, Failures: 0, Errors: 0, Skipped: 0, Time elapsed: 0.052 s - in it.mulders.mcs.common.ResultTest
[6cab6b43-14eb-4c56-8dad-cb15a5f45520/build]   | [INFO] Running it.mulders.mcs.search.CoordinateQueryTest
[6cab6b43-14eb-4c56-8dad-cb15a5f45520/build]   | [INFO] Running it.mulders.mcs.search.CoordinateQueryTest$ToSolrQueryTest
[6cab6b43-14eb-4c56-8dad-cb15a5f45520/build]   | [INFO] Tests run: 5, Failures: 0, Errors: 0, Skipped: 0, Time elapsed: 0.287 s - in it.mulders.mcs.search.CoordinateQueryTest$ToSolrQueryTest
[6cab6b43-14eb-4c56-8dad-cb15a5f45520/build]   | [INFO] Tests run: 0, Failures: 0, Errors: 0, Skipped: 0, Time elapsed: 0.324 s - in it.mulders.mcs.search.CoordinateQueryTest
[6cab6b43-14eb-4c56-8dad-cb15a5f45520/build]   | [INFO] Running it.mulders.mcs.search.ClassnameQueryTest
[6cab6b43-14eb-4c56-8dad-cb15a5f45520/build]   | [INFO] Running it.mulders.mcs.search.ClassnameQueryTest$ToSolrQueryTest
[6cab6b43-14eb-4c56-8dad-cb15a5f45520/build]   | [INFO] Tests run: 4, Failures: 0, Errors: 0, Skipped: 0, Time elapsed: 0.011 s - in it.mulders.mcs.search.ClassnameQueryTest$ToSolrQueryTest
[6cab6b43-14eb-4c56-8dad-cb15a5f45520/build]   | [INFO] Running it.mulders.mcs.search.ClassnameQueryTest$SearchQueryBuilderTest
[6cab6b43-14eb-4c56-8dad-cb15a5f45520/build]   | [INFO] Tests run: 2, Failures: 0, Errors: 0, Skipped: 0, Time elapsed: 0.009 s - in it.mulders.mcs.search.ClassnameQueryTest$SearchQueryBuilderTest
[6cab6b43-14eb-4c56-8dad-cb15a5f45520/build]   | [INFO] Tests run: 0, Failures: 0, Errors: 0, Skipped: 0, Time elapsed: 0.028 s - in it.mulders.mcs.search.ClassnameQueryTest
[6cab6b43-14eb-4c56-8dad-cb15a5f45520/build]   | [INFO] Running it.mulders.mcs.search.WildcardSearchQueryTest
[6cab6b43-14eb-4c56-8dad-cb15a5f45520/build]   | [INFO] Running it.mulders.mcs.search.WildcardSearchQueryTest$ToSolrQueryTest
[6cab6b43-14eb-4c56-8dad-cb15a5f45520/build]   | [INFO] Tests run: 3, Failures: 0, Errors: 0, Skipped: 0, Time elapsed: 0.012 s - in it.mulders.mcs.search.WildcardSearchQueryTest$ToSolrQueryTest
[6cab6b43-14eb-4c56-8dad-cb15a5f45520/build]   | [INFO] Tests run: 0, Failures: 0, Errors: 0, Skipped: 0, Time elapsed: 0.015 s - in it.mulders.mcs.search.WildcardSearchQueryTest
[6cab6b43-14eb-4c56-8dad-cb15a5f45520/build]   | [INFO] Running it.mulders.mcs.search.SearchQueryTest
[6cab6b43-14eb-4c56-8dad-cb15a5f45520/build]   | [INFO] Running it.mulders.mcs.search.SearchQueryTest$CoordinateQueryTest
[6cab6b43-14eb-4c56-8dad-cb15a5f45520/build]   | [INFO] Tests run: 8, Failures: 0, Errors: 0, Skipped: 0, Time elapsed: 0.078 s - in it.mulders.mcs.search.SearchQueryTest$CoordinateQueryTest
[6cab6b43-14eb-4c56-8dad-cb15a5f45520/build]   | [INFO] Tests run: 0, Failures: 0, Errors: 0, Skipped: 0, Time elapsed: 0.093 s - in it.mulders.mcs.search.SearchQueryTest
[6cab6b43-14eb-4c56-8dad-cb15a5f45520/build]   | [INFO] Running it.mulders.mcs.search.printer.TabularOutputPrinterTest
[6cab6b43-14eb-4c56-8dad-cb15a5f45520/build]   | [INFO] Tests run: 6, Failures: 0, Errors: 0, Skipped: 0, Time elapsed: 0.09 s - in it.mulders.mcs.search.printer.TabularOutputPrinterTest
[6cab6b43-14eb-4c56-8dad-cb15a5f45520/build]   | [INFO] Running it.mulders.mcs.search.printer.DelegatingOutputPrinterTest
[6cab6b43-14eb-4c56-8dad-cb15a5f45520/build]   | [INFO] Tests run: 3, Failures: 0, Errors: 0, Skipped: 0, Time elapsed: 0.329 s - in it.mulders.mcs.search.printer.DelegatingOutputPrinterTest
[6cab6b43-14eb-4c56-8dad-cb15a5f45520/build]   | [INFO] Running it.mulders.mcs.search.printer.NoOutputPrinterTest
[6cab6b43-14eb-4c56-8dad-cb15a5f45520/build]   | [INFO] Tests run: 2, Failures: 0, Errors: 0, Skipped: 0, Time elapsed: 0.006 s - in it.mulders.mcs.search.printer.NoOutputPrinterTest
[6cab6b43-14eb-4c56-8dad-cb15a5f45520/build]   | [INFO] Running it.mulders.mcs.search.printer.CoordinatePrinterTest
[6cab6b43-14eb-4c56-8dad-cb15a5f45520/build]   | [INFO] Tests run: 9, Failures: 0, Errors: 0, Skipped: 0, Time elapsed: 0.046 s - in it.mulders.mcs.search.printer.CoordinatePrinterTest
[6cab6b43-14eb-4c56-8dad-cb15a5f45520/build]   | [INFO] Running it.mulders.mcs.search.FormatTypeTest
[6cab6b43-14eb-4c56-8dad-cb15a5f45520/build]   | [INFO] Tests run: 14, Failures: 0, Errors: 0, Skipped: 0, Time elapsed: 0.072 s - in it.mulders.mcs.search.FormatTypeTest
[6cab6b43-14eb-4c56-8dad-cb15a5f45520/build]   | [INFO] Running it.mulders.mcs.search.SearchCommandHandlerTest
[6cab6b43-14eb-4c56-8dad-cb15a5f45520/build]   | [INFO] Running it.mulders.mcs.search.SearchCommandHandlerTest$CoordinateSearchTest
[6cab6b43-14eb-4c56-8dad-cb15a5f45520/build]   | [ERROR] Tests run: 4, Failures: 1, Errors: 0, Skipped: 0, Time elapsed: 0.444 s <<< FAILURE! - in it.mulders.mcs.search.SearchCommandHandlerTest$CoordinateSearchTest
[6cab6b43-14eb-4c56-8dad-cb15a5f45520/build]   | [ERROR] it.mulders.mcs.search.SearchCommandHandlerTest$CoordinateSearchTest.should_propagate_tls_exception_to_runtime_exception  Time elapsed: 0.016 s  <<< FAILURE!
[6cab6b43-14eb-4c56-8dad-cb15a5f45520/build]   | java.lang.AssertionError: 
[6cab6b43-14eb-4c56-8dad-cb15a5f45520/build]   | 
[6cab6b43-14eb-4c56-8dad-cb15a5f45520/build]   | Expecting code to raise a throwable.
[6cab6b43-14eb-4c56-8dad-cb15a5f45520/build]   | 	at it.mulders.mcs.search.SearchCommandHandlerTest$CoordinateSearchTest.should_propagate_tls_exception_to_runtime_exception(SearchCommandHandlerTest.java:94)
[6cab6b43-14eb-4c56-8dad-cb15a5f45520/build]   | 	at java.base/jdk.internal.reflect.NativeMethodAccessorImpl.invoke0(Native Method)
[6cab6b43-14eb-4c56-8dad-cb15a5f45520/build]   | 	at java.base/jdk.internal.reflect.NativeMethodAccessorImpl.invoke(NativeMethodAccessorImpl.java:77)
[6cab6b43-14eb-4c56-8dad-cb15a5f45520/build]   | 	at java.base/jdk.internal.reflect.DelegatingMethodAccessorImpl.invoke(DelegatingMethodAccessorImpl.java:43)
[6cab6b43-14eb-4c56-8dad-cb15a5f45520/build]   | 	at java.base/java.lang.reflect.Method.invoke(Method.java:568)
[6cab6b43-14eb-4c56-8dad-cb15a5f45520/build]   | 	at org.junit.platform.commons.util.ReflectionUtils.invokeMethod(ReflectionUtils.java:727)
[6cab6b43-14eb-4c56-8dad-cb15a5f45520/build]   | 	at org.junit.jupiter.engine.execution.MethodInvocation.proceed(MethodInvocation.java:60)
[6cab6b43-14eb-4c56-8dad-cb15a5f45520/build]   | 	at org.junit.jupiter.engine.execution.InvocationInterceptorChain$ValidatingInvocation.proceed(InvocationInterceptorChain.java:131)
[6cab6b43-14eb-4c56-8dad-cb15a5f45520/build]   | 	at org.junit.jupiter.engine.extension.TimeoutExtension.intercept(TimeoutExtension.java:156)
[6cab6b43-14eb-4c56-8dad-cb15a5f45520/build]   | 	at org.junit.jupiter.engine.extension.TimeoutExtension.interceptTestableMethod(TimeoutExtension.java:147)
[6cab6b43-14eb-4c56-8dad-cb15a5f45520/build]   | 	at org.junit.jupiter.engine.extension.TimeoutExtension.interceptTestMethod(TimeoutExtension.java:86)
[6cab6b43-14eb-4c56-8dad-cb15a5f45520/build]   | 	at org.junit.jupiter.engine.execution.InterceptingExecutableInvoker$ReflectiveInterceptorCall.lambda$ofVoidMethod$0(InterceptingExecutableInvoker.java:103)
[6cab6b43-14eb-4c56-8dad-cb15a5f45520/build]   | 	at org.junit.jupiter.engine.execution.InterceptingExecutableInvoker.lambda$invoke$0(InterceptingExecutableInvoker.java:93)
[6cab6b43-14eb-4c56-8dad-cb15a5f45520/build]   | 	at org.junit.jupiter.engine.execution.InvocationInterceptorChain$InterceptedInvocation.proceed(InvocationInterceptorChain.java:106)
[6cab6b43-14eb-4c56-8dad-cb15a5f45520/build]   | 	at org.junit.jupiter.engine.execution.InvocationInterceptorChain.proceed(InvocationInterceptorChain.java:64)
[6cab6b43-14eb-4c56-8dad-cb15a5f45520/build]   | 	at org.junit.jupiter.engine.execution.InvocationInterceptorChain.chainAndInvoke(InvocationInterceptorChain.java:45)
[6cab6b43-14eb-4c56-8dad-cb15a5f45520/build]   | 	at org.junit.jupiter.engine.execution.InvocationInterceptorChain.invoke(InvocationInterceptorChain.java:37)
[6cab6b43-14eb-4c56-8dad-cb15a5f45520/build]   | 	at org.junit.jupiter.engine.execution.InterceptingExecutableInvoker.invoke(InterceptingExecutableInvoker.java:92)
[6cab6b43-14eb-4c56-8dad-cb15a5f45520/build]   | 	at org.junit.jupiter.engine.execution.InterceptingExecutableInvoker.invoke(InterceptingExecutableInvoker.java:86)
[6cab6b43-14eb-4c56-8dad-cb15a5f45520/build]   | 	at org.junit.jupiter.engine.descriptor.TestMethodTestDescriptor.lambda$invokeTestMethod$7(TestMethodTestDescriptor.java:217)
[6cab6b43-14eb-4c56-8dad-cb15a5f45520/build]   | 	at org.junit.platform.engine.support.hierarchical.ThrowableCollector.execute(ThrowableCollector.java:73)
[6cab6b43-14eb-4c56-8dad-cb15a5f45520/build]   | 	at org.junit.jupiter.engine.descriptor.TestMethodTestDescriptor.invokeTestMethod(TestMethodTestDescriptor.java:213)
[6cab6b43-14eb-4c56-8dad-cb15a5f45520/build]   | 	at org.junit.jupiter.engine.descriptor.TestMethodTestDescriptor.execute(TestMethodTestDescriptor.java:138)
[6cab6b43-14eb-4c56-8dad-cb15a5f45520/build]   | 	at org.junit.jupiter.engine.descriptor.TestMethodTestDescriptor.execute(TestMethodTestDescriptor.java:68)
[6cab6b43-14eb-4c56-8dad-cb15a5f45520/build]   | 	at org.junit.platform.engine.support.hierarchical.NodeTestTask.lambda$executeRecursively$6(NodeTestTask.java:151)
[6cab6b43-14eb-4c56-8dad-cb15a5f45520/build]   | 	at org.junit.platform.engine.support.hierarchical.ThrowableCollector.execute(ThrowableCollector.java:73)
[6cab6b43-14eb-4c56-8dad-cb15a5f45520/build]   | 	at org.junit.platform.engine.support.hierarchical.NodeTestTask.lambda$executeRecursively$8(NodeTestTask.java:141)
[6cab6b43-14eb-4c56-8dad-cb15a5f45520/build]   | 	at org.junit.platform.engine.support.hierarchical.Node.around(Node.java:137)
[6cab6b43-14eb-4c56-8dad-cb15a5f45520/build]   | 	at org.junit.platform.engine.support.hierarchical.NodeTestTask.lambda$executeRecursively$9(NodeTestTask.java:139)
[6cab6b43-14eb-4c56-8dad-cb15a5f45520/build]   | 	at org.junit.platform.engine.support.hierarchical.ThrowableCollector.execute(ThrowableCollector.java:73)
[6cab6b43-14eb-4c56-8dad-cb15a5f45520/build]   | 	at org.junit.platform.engine.support.hierarchical.NodeTestTask.executeRecursively(NodeTestTask.java:138)
[6cab6b43-14eb-4c56-8dad-cb15a5f45520/build]   | 	at org.junit.platform.engine.support.hierarchical.NodeTestTask.execute(NodeTestTask.java:95)
[6cab6b43-14eb-4c56-8dad-cb15a5f45520/build]   | 	at java.base/java.util.ArrayList.forEach(ArrayList.java:1511)
[6cab6b43-14eb-4c56-8dad-cb15a5f45520/build]   | 	at org.junit.platform.engine.support.hierarchical.SameThreadHierarchicalTestExecutorService.invokeAll(SameThreadHierarchicalTestExecutorService.java:41)
[6cab6b43-14eb-4c56-8dad-cb15a5f45520/build]   | 	at org.junit.platform.engine.support.hierarchical.NodeTestTask.lambda$executeRecursively$6(NodeTestTask.java:155)
[6cab6b43-14eb-4c56-8dad-cb15a5f45520/build]   | 	at org.junit.platform.engine.support.hierarchical.ThrowableCollector.execute(ThrowableCollector.java:73)
[6cab6b43-14eb-4c56-8dad-cb15a5f45520/build]   | 	at org.junit.platform.engine.support.hierarchical.NodeTestTask.lambda$executeRecursively$8(NodeTestTask.java:141)
[6cab6b43-14eb-4c56-8dad-cb15a5f45520/build]   | 	at org.junit.platform.engine.support.hierarchical.Node.around(Node.java:137)
[6cab6b43-14eb-4c56-8dad-cb15a5f45520/build]   | 	at org.junit.platform.engine.support.hierarchical.NodeTestTask.lambda$executeRecursively$9(NodeTestTask.java:139)
[6cab6b43-14eb-4c56-8dad-cb15a5f45520/build]   | 	at org.junit.platform.engine.support.hierarchical.ThrowableCollector.execute(ThrowableCollector.java:73)
[6cab6b43-14eb-4c56-8dad-cb15a5f45520/build]   | 	at org.junit.platform.engine.support.hierarchical.NodeTestTask.executeRecursively(NodeTestTask.java:138)
[6cab6b43-14eb-4c56-8dad-cb15a5f45520/build]   | 	at org.junit.platform.engine.support.hierarchical.NodeTestTask.execute(NodeTestTask.java:95)
[6cab6b43-14eb-4c56-8dad-cb15a5f45520/build]   | 	at java.base/java.util.ArrayList.forEach(ArrayList.java:1511)
[6cab6b43-14eb-4c56-8dad-cb15a5f45520/build]   | 	at org.junit.platform.engine.support.hierarchical.SameThreadHierarchicalTestExecutorService.invokeAll(SameThreadHierarchicalTestExecutorService.java:41)
[6cab6b43-14eb-4c56-8dad-cb15a5f45520/build]   | 	at org.junit.platform.engine.support.hierarchical.NodeTestTask.lambda$executeRecursively$6(NodeTestTask.java:155)
[6cab6b43-14eb-4c56-8dad-cb15a5f45520/build]   | 	at org.junit.platform.engine.support.hierarchical.ThrowableCollector.execute(ThrowableCollector.java:73)
[6cab6b43-14eb-4c56-8dad-cb15a5f45520/build]   | 	at org.junit.platform.engine.support.hierarchical.NodeTestTask.lambda$executeRecursively$8(NodeTestTask.java:141)
[6cab6b43-14eb-4c56-8dad-cb15a5f45520/build]   | 	at org.junit.platform.engine.support.hierarchical.Node.around(Node.java:137)
[6cab6b43-14eb-4c56-8dad-cb15a5f45520/build]   | 	at org.junit.platform.engine.support.hierarchical.NodeTestTask.lambda$executeRecursively$9(NodeTestTask.java:139)
[6cab6b43-14eb-4c56-8dad-cb15a5f45520/build]   | 	at org.junit.platform.engine.support.hierarchical.ThrowableCollector.execute(ThrowableCollector.java:73)
[6cab6b43-14eb-4c56-8dad-cb15a5f45520/build]   | 	at org.junit.platform.engine.support.hierarchical.NodeTestTask.executeRecursively(NodeTestTask.java:138)
[6cab6b43-14eb-4c56-8dad-cb15a5f45520/build]   | 	at org.junit.platform.engine.support.hierarchical.NodeTestTask.execute(NodeTestTask.java:95)
[6cab6b43-14eb-4c56-8dad-cb15a5f45520/build]   | 	at java.base/java.util.ArrayList.forEach(ArrayList.java:1511)
[6cab6b43-14eb-4c56-8dad-cb15a5f45520/build]   | 	at org.junit.platform.engine.support.hierarchical.SameThreadHierarchicalTestExecutorService.invokeAll(SameThreadHierarchicalTestExecutorService.java:41)
[6cab6b43-14eb-4c56-8dad-cb15a5f45520/build]   | 	at org.junit.platform.engine.support.hierarchical.NodeTestTask.lambda$executeRecursively$6(NodeTestTask.java:155)
[6cab6b43-14eb-4c56-8dad-cb15a5f45520/build]   | 	at org.junit.platform.engine.support.hierarchical.ThrowableCollector.execute(ThrowableCollector.java:73)
[6cab6b43-14eb-4c56-8dad-cb15a5f45520/build]   | 	at org.junit.platform.engine.support.hierarchical.NodeTestTask.lambda$executeRecursively$8(NodeTestTask.java:141)
[6cab6b43-14eb-4c56-8dad-cb15a5f45520/build]   | 	at org.junit.platform.engine.support.hierarchical.Node.around(Node.java:137)
[6cab6b43-14eb-4c56-8dad-cb15a5f45520/build]   | 	at org.junit.platform.engine.support.hierarchical.NodeTestTask.lambda$executeRecursively$9(NodeTestTask.java:139)
[6cab6b43-14eb-4c56-8dad-cb15a5f45520/build]   | 	at org.junit.platform.engine.support.hierarchical.ThrowableCollector.execute(ThrowableCollector.java:73)
[6cab6b43-14eb-4c56-8dad-cb15a5f45520/build]   | 	at org.junit.platform.engine.support.hierarchical.NodeTestTask.executeRecursively(NodeTestTask.java:138)
[6cab6b43-14eb-4c56-8dad-cb15a5f45520/build]   | 	at org.junit.platform.engine.support.hierarchical.NodeTestTask.execute(NodeTestTask.java:95)
[6cab6b43-14eb-4c56-8dad-cb15a5f45520/build]   | 	at org.junit.platform.engine.support.hierarchical.SameThreadHierarchicalTestExecutorService.submit(SameThreadHierarchicalTestExecutorService.java:35)
[6cab6b43-14eb-4c56-8dad-cb15a5f45520/build]   | 	at org.junit.platform.engine.support.hierarchical.HierarchicalTestExecutor.execute(HierarchicalTestExecutor.java:57)
[6cab6b43-14eb-4c56-8dad-cb15a5f45520/build]   | 	at org.junit.platform.engine.support.hierarchical.HierarchicalTestEngine.execute(HierarchicalTestEngine.java:54)
[6cab6b43-14eb-4c56-8dad-cb15a5f45520/build]   | 	at org.junit.platform.launcher.core.EngineExecutionOrchestrator.execute(EngineExecutionOrchestrator.java:147)
[6cab6b43-14eb-4c56-8dad-cb15a5f45520/build]   | 	at org.junit.platform.launcher.core.EngineExecutionOrchestrator.execute(EngineExecutionOrchestrator.java:127)
[6cab6b43-14eb-4c56-8dad-cb15a5f45520/build]   | 	at org.junit.platform.launcher.core.EngineExecutionOrchestrator.execute(EngineExecutionOrchestrator.java:90)
[6cab6b43-14eb-4c56-8dad-cb15a5f45520/build]   | 	at org.junit.platform.launcher.core.EngineExecutionOrchestrator.lambda$execute$0(EngineExecutionOrchestrator.java:55)
[6cab6b43-14eb-4c56-8dad-cb15a5f45520/build]   | 	at org.junit.platform.launcher.core.EngineExecutionOrchestrator.withInterceptedStreams(EngineExecutionOrchestrator.java:102)
[6cab6b43-14eb-4c56-8dad-cb15a5f45520/build]   | 	at org.junit.platform.launcher.core.EngineExecutionOrchestrator.execute(EngineExecutionOrchestrator.java:54)
[6cab6b43-14eb-4c56-8dad-cb15a5f45520/build]   | 	at org.junit.platform.launcher.core.DefaultLauncher.execute(DefaultLauncher.java:114)
[6cab6b43-14eb-4c56-8dad-cb15a5f45520/build]   | 	at org.junit.platform.launcher.core.DefaultLauncher.execute(DefaultLauncher.java:86)
[6cab6b43-14eb-4c56-8dad-cb15a5f45520/build]   | 	at org.junit.platform.launcher.core.DefaultLauncherSession$DelegatingLauncher.execute(DefaultLauncherSession.java:86)
[6cab6b43-14eb-4c56-8dad-cb15a5f45520/build]   | 	at org.apache.maven.surefire.junitplatform.LazyLauncher.execute(LazyLauncher.java:55)
[6cab6b43-14eb-4c56-8dad-cb15a5f45520/build]   | 	at org.apache.maven.surefire.junitplatform.JUnitPlatformProvider.execute(JUnitPlatformProvider.java:223)
[6cab6b43-14eb-4c56-8dad-cb15a5f45520/build]   | 	at org.apache.maven.surefire.junitplatform.JUnitPlatformProvider.invokeAllTests(JUnitPlatformProvider.java:175)
[6cab6b43-14eb-4c56-8dad-cb15a5f45520/build]   | 	at org.apache.maven.surefire.junitplatform.JUnitPlatformProvider.invoke(JUnitPlatformProvider.java:139)
[6cab6b43-14eb-4c56-8dad-cb15a5f45520/build]   | 	at org.apache.maven.surefire.booter.ForkedBooter.runSuitesInProcess(ForkedBooter.java:456)
[6cab6b43-14eb-4c56-8dad-cb15a5f45520/build]   | 	at org.apache.maven.surefire.booter.ForkedBooter.execute(ForkedBooter.java:169)
[6cab6b43-14eb-4c56-8dad-cb15a5f45520/build]   | 	at org.apache.maven.surefire.booter.ForkedBooter.run(ForkedBooter.java:595)
[6cab6b43-14eb-4c56-8dad-cb15a5f45520/build]   | 	at org.apache.maven.surefire.booter.ForkedBooter.main(ForkedBooter.java:581)
[6cab6b43-14eb-4c56-8dad-cb15a5f45520/build]   | 
[6cab6b43-14eb-4c56-8dad-cb15a5f45520/build]   | [INFO] Running it.mulders.mcs.search.SearchCommandHandlerTest$WildcardSearchTest
[6cab6b43-14eb-4c56-8dad-cb15a5f45520/build]   | [ERROR] Tests run: 2, Failures: 1, Errors: 0, Skipped: 0, Time elapsed: 0.03 s <<< FAILURE! - in it.mulders.mcs.search.SearchCommandHandlerTest$WildcardSearchTest
[6cab6b43-14eb-4c56-8dad-cb15a5f45520/build]   | [ERROR] it.mulders.mcs.search.SearchCommandHandlerTest$WildcardSearchTest.should_propagate_tls_exception_to_runtime_exception  Time elapsed: 0.009 s  <<< FAILURE!
[6cab6b43-14eb-4c56-8dad-cb15a5f45520/build]   | java.lang.AssertionError: 
[6cab6b43-14eb-4c56-8dad-cb15a5f45520/build]   | 
[6cab6b43-14eb-4c56-8dad-cb15a5f45520/build]   | Expecting code to raise a throwable.
[6cab6b43-14eb-4c56-8dad-cb15a5f45520/build]   | 	at it.mulders.mcs.search.SearchCommandHandlerTest$WildcardSearchTest.should_propagate_tls_exception_to_runtime_exception(SearchCommandHandlerTest.java:66)
[6cab6b43-14eb-4c56-8dad-cb15a5f45520/build]   | 	at java.base/jdk.internal.reflect.NativeMethodAccessorImpl.invoke0(Native Method)
[6cab6b43-14eb-4c56-8dad-cb15a5f45520/build]   | 	at java.base/jdk.internal.reflect.NativeMethodAccessorImpl.invoke(NativeMethodAccessorImpl.java:77)
[6cab6b43-14eb-4c56-8dad-cb15a5f45520/build]   | 	at java.base/jdk.internal.reflect.DelegatingMethodAccessorImpl.invoke(DelegatingMethodAccessorImpl.java:43)
[6cab6b43-14eb-4c56-8dad-cb15a5f45520/build]   | 	at java.base/java.lang.reflect.Method.invoke(Method.java:568)
[6cab6b43-14eb-4c56-8dad-cb15a5f45520/build]   | 	at org.junit.platform.commons.util.ReflectionUtils.invokeMethod(ReflectionUtils.java:727)
[6cab6b43-14eb-4c56-8dad-cb15a5f45520/build]   | 	at org.junit.jupiter.engine.execution.MethodInvocation.proceed(MethodInvocation.java:60)
[6cab6b43-14eb-4c56-8dad-cb15a5f45520/build]   | 	at org.junit.jupiter.engine.execution.InvocationInterceptorChain$ValidatingInvocation.proceed(InvocationInterceptorChain.java:131)
[6cab6b43-14eb-4c56-8dad-cb15a5f45520/build]   | 	at org.junit.jupiter.engine.extension.TimeoutExtension.intercept(TimeoutExtension.java:156)
[6cab6b43-14eb-4c56-8dad-cb15a5f45520/build]   | 	at org.junit.jupiter.engine.extension.TimeoutExtension.interceptTestableMethod(TimeoutExtension.java:147)
[6cab6b43-14eb-4c56-8dad-cb15a5f45520/build]   | 	at org.junit.jupiter.engine.extension.TimeoutExtension.interceptTestMethod(TimeoutExtension.java:86)
[6cab6b43-14eb-4c56-8dad-cb15a5f45520/build]   | 	at org.junit.jupiter.engine.execution.InterceptingExecutableInvoker$ReflectiveInterceptorCall.lambda$ofVoidMethod$0(InterceptingExecutableInvoker.java:103)
[6cab6b43-14eb-4c56-8dad-cb15a5f45520/build]   | 	at org.junit.jupiter.engine.execution.InterceptingExecutableInvoker.lambda$invoke$0(InterceptingExecutableInvoker.java:93)
[6cab6b43-14eb-4c56-8dad-cb15a5f45520/build]   | 	at org.junit.jupiter.engine.execution.InvocationInterceptorChain$InterceptedInvocation.proceed(InvocationInterceptorChain.java:106)
[6cab6b43-14eb-4c56-8dad-cb15a5f45520/build]   | 	at org.junit.jupiter.engine.execution.InvocationInterceptorChain.proceed(InvocationInterceptorChain.java:64)
[6cab6b43-14eb-4c56-8dad-cb15a5f45520/build]   | 	at org.junit.jupiter.engine.execution.InvocationInterceptorChain.chainAndInvoke(InvocationInterceptorChain.java:45)
[6cab6b43-14eb-4c56-8dad-cb15a5f45520/build]   | 	at org.junit.jupiter.engine.execution.InvocationInterceptorChain.invoke(InvocationInterceptorChain.java:37)
[6cab6b43-14eb-4c56-8dad-cb15a5f45520/build]   | 	at org.junit.jupiter.engine.execution.InterceptingExecutableInvoker.invoke(InterceptingExecutableInvoker.java:92)
[6cab6b43-14eb-4c56-8dad-cb15a5f45520/build]   | 	at org.junit.jupiter.engine.execution.InterceptingExecutableInvoker.invoke(InterceptingExecutableInvoker.java:86)
[6cab6b43-14eb-4c56-8dad-cb15a5f45520/build]   | 	at org.junit.jupiter.engine.descriptor.TestMethodTestDescriptor.lambda$invokeTestMethod$7(TestMethodTestDescriptor.java:217)
[6cab6b43-14eb-4c56-8dad-cb15a5f45520/build]   | 	at org.junit.platform.engine.support.hierarchical.ThrowableCollector.execute(ThrowableCollector.java:73)
[6cab6b43-14eb-4c56-8dad-cb15a5f45520/build]   | 	at org.junit.jupiter.engine.descriptor.TestMethodTestDescriptor.invokeTestMethod(TestMethodTestDescriptor.java:213)
[6cab6b43-14eb-4c56-8dad-cb15a5f45520/build]   | 	at org.junit.jupiter.engine.descriptor.TestMethodTestDescriptor.execute(TestMethodTestDescriptor.java:138)
[6cab6b43-14eb-4c56-8dad-cb15a5f45520/build]   | 	at org.junit.jupiter.engine.descriptor.TestMethodTestDescriptor.execute(TestMethodTestDescriptor.java:68)
[6cab6b43-14eb-4c56-8dad-cb15a5f45520/build]   | 	at org.junit.platform.engine.support.hierarchical.NodeTestTask.lambda$executeRecursively$6(NodeTestTask.java:151)
[6cab6b43-14eb-4c56-8dad-cb15a5f45520/build]   | 	at org.junit.platform.engine.support.hierarchical.ThrowableCollector.execute(ThrowableCollector.java:73)
[6cab6b43-14eb-4c56-8dad-cb15a5f45520/build]   | 	at org.junit.platform.engine.support.hierarchical.NodeTestTask.lambda$executeRecursively$8(NodeTestTask.java:141)
[6cab6b43-14eb-4c56-8dad-cb15a5f45520/build]   | 	at org.junit.platform.engine.support.hierarchical.Node.around(Node.java:137)
[6cab6b43-14eb-4c56-8dad-cb15a5f45520/build]   | 	at org.junit.platform.engine.support.hierarchical.NodeTestTask.lambda$executeRecursively$9(NodeTestTask.java:139)
[6cab6b43-14eb-4c56-8dad-cb15a5f45520/build]   | 	at org.junit.platform.engine.support.hierarchical.ThrowableCollector.execute(ThrowableCollector.java:73)
[6cab6b43-14eb-4c56-8dad-cb15a5f45520/build]   | 	at org.junit.platform.engine.support.hierarchical.NodeTestTask.executeRecursively(NodeTestTask.java:138)
[6cab6b43-14eb-4c56-8dad-cb15a5f45520/build]   | 	at org.junit.platform.engine.support.hierarchical.NodeTestTask.execute(NodeTestTask.java:95)
[6cab6b43-14eb-4c56-8dad-cb15a5f45520/build]   | 	at java.base/java.util.ArrayList.forEach(ArrayList.java:1511)
[6cab6b43-14eb-4c56-8dad-cb15a5f45520/build]   | 	at org.junit.platform.engine.support.hierarchical.SameThreadHierarchicalTestExecutorService.invokeAll(SameThreadHierarchicalTestExecutorService.java:41)
[6cab6b43-14eb-4c56-8dad-cb15a5f45520/build]   | 	at org.junit.platform.engine.support.hierarchical.NodeTestTask.lambda$executeRecursively$6(NodeTestTask.java:155)
[6cab6b43-14eb-4c56-8dad-cb15a5f45520/build]   | 	at org.junit.platform.engine.support.hierarchical.ThrowableCollector.execute(ThrowableCollector.java:73)
[6cab6b43-14eb-4c56-8dad-cb15a5f45520/build]   | 	at org.junit.platform.engine.support.hierarchical.NodeTestTask.lambda$executeRecursively$8(NodeTestTask.java:141)
[6cab6b43-14eb-4c56-8dad-cb15a5f45520/build]   | 	at org.junit.platform.engine.support.hierarchical.Node.around(Node.java:137)
[6cab6b43-14eb-4c56-8dad-cb15a5f45520/build]   | 	at org.junit.platform.engine.support.hierarchical.NodeTestTask.lambda$executeRecursively$9(NodeTestTask.java:139)
[6cab6b43-14eb-4c56-8dad-cb15a5f45520/build]   | 	at org.junit.platform.engine.support.hierarchical.ThrowableCollector.execute(ThrowableCollector.java:73)
[6cab6b43-14eb-4c56-8dad-cb15a5f45520/build]   | 	at org.junit.platform.engine.support.hierarchical.NodeTestTask.executeRecursively(NodeTestTask.java:138)
[6cab6b43-14eb-4c56-8dad-cb15a5f45520/build]   | 	at org.junit.platform.engine.support.hierarchical.NodeTestTask.execute(NodeTestTask.java:95)
[6cab6b43-14eb-4c56-8dad-cb15a5f45520/build]   | 	at java.base/java.util.ArrayList.forEach(ArrayList.java:1511)
[6cab6b43-14eb-4c56-8dad-cb15a5f45520/build]   | 	at org.junit.platform.engine.support.hierarchical.SameThreadHierarchicalTestExecutorService.invokeAll(SameThreadHierarchicalTestExecutorService.java:41)
[6cab6b43-14eb-4c56-8dad-cb15a5f45520/build]   | 	at org.junit.platform.engine.support.hierarchical.NodeTestTask.lambda$executeRecursively$6(NodeTestTask.java:155)
[6cab6b43-14eb-4c56-8dad-cb15a5f45520/build]   | 	at org.junit.platform.engine.support.hierarchical.ThrowableCollector.execute(ThrowableCollector.java:73)
[6cab6b43-14eb-4c56-8dad-cb15a5f45520/build]   | 	at org.junit.platform.engine.support.hierarchical.NodeTestTask.lambda$executeRecursively$8(NodeTestTask.java:141)
[6cab6b43-14eb-4c56-8dad-cb15a5f45520/build]   | 	at org.junit.platform.engine.support.hierarchical.Node.around(Node.java:137)
[6cab6b43-14eb-4c56-8dad-cb15a5f45520/build]   | 	at org.junit.platform.engine.support.hierarchical.NodeTestTask.lambda$executeRecursively$9(NodeTestTask.java:139)
[6cab6b43-14eb-4c56-8dad-cb15a5f45520/build]   | 	at org.junit.platform.engine.support.hierarchical.ThrowableCollector.execute(ThrowableCollector.java:73)
[6cab6b43-14eb-4c56-8dad-cb15a5f45520/build]   | 	at org.junit.platform.engine.support.hierarchical.NodeTestTask.executeRecursively(NodeTestTask.java:138)
[6cab6b43-14eb-4c56-8dad-cb15a5f45520/build]   | 	at org.junit.platform.engine.support.hierarchical.NodeTestTask.execute(NodeTestTask.java:95)
[6cab6b43-14eb-4c56-8dad-cb15a5f45520/build]   | 	at java.base/java.util.ArrayList.forEach(ArrayList.java:1511)
[6cab6b43-14eb-4c56-8dad-cb15a5f45520/build]   | 	at org.junit.platform.engine.support.hierarchical.SameThreadHierarchicalTestExecutorService.invokeAll(SameThreadHierarchicalTestExecutorService.java:41)
[6cab6b43-14eb-4c56-8dad-cb15a5f45520/build]   | 	at org.junit.platform.engine.support.hierarchical.NodeTestTask.lambda$executeRecursively$6(NodeTestTask.java:155)
[6cab6b43-14eb-4c56-8dad-cb15a5f45520/build]   | 	at org.junit.platform.engine.support.hierarchical.ThrowableCollector.execute(ThrowableCollector.java:73)
[6cab6b43-14eb-4c56-8dad-cb15a5f45520/build]   | 	at org.junit.platform.engine.support.hierarchical.NodeTestTask.lambda$executeRecursively$8(NodeTestTask.java:141)
[6cab6b43-14eb-4c56-8dad-cb15a5f45520/build]   | 	at org.junit.platform.engine.support.hierarchical.Node.around(Node.java:137)
[6cab6b43-14eb-4c56-8dad-cb15a5f45520/build]   | 	at org.junit.platform.engine.support.hierarchical.NodeTestTask.lambda$executeRecursively$9(NodeTestTask.java:139)
[6cab6b43-14eb-4c56-8dad-cb15a5f45520/build]   | 	at org.junit.platform.engine.support.hierarchical.ThrowableCollector.execute(ThrowableCollector.java:73)
[6cab6b43-14eb-4c56-8dad-cb15a5f45520/build]   | 	at org.junit.platform.engine.support.hierarchical.NodeTestTask.executeRecursively(NodeTestTask.java:138)
[6cab6b43-14eb-4c56-8dad-cb15a5f45520/build]   | 	at org.junit.platform.engine.support.hierarchical.NodeTestTask.execute(NodeTestTask.java:95)
[6cab6b43-14eb-4c56-8dad-cb15a5f45520/build]   | 	at org.junit.platform.engine.support.hierarchical.SameThreadHierarchicalTestExecutorService.submit(SameThreadHierarchicalTestExecutorService.java:35)
[6cab6b43-14eb-4c56-8dad-cb15a5f45520/build]   | 	at org.junit.platform.engine.support.hierarchical.HierarchicalTestExecutor.execute(HierarchicalTestExecutor.java:57)
[6cab6b43-14eb-4c56-8dad-cb15a5f45520/build]   | 	at org.junit.platform.engine.support.hierarchical.HierarchicalTestEngine.execute(HierarchicalTestEngine.java:54)
[6cab6b43-14eb-4c56-8dad-cb15a5f45520/build]   | 	at org.junit.platform.launcher.core.EngineExecutionOrchestrator.execute(EngineExecutionOrchestrator.java:147)
[6cab6b43-14eb-4c56-8dad-cb15a5f45520/build]   | 	at org.junit.platform.launcher.core.EngineExecutionOrchestrator.execute(EngineExecutionOrchestrator.java:127)
[6cab6b43-14eb-4c56-8dad-cb15a5f45520/build]   | 	at org.junit.platform.launcher.core.EngineExecutionOrchestrator.execute(EngineExecutionOrchestrator.java:90)
[6cab6b43-14eb-4c56-8dad-cb15a5f45520/build]   | 	at org.junit.platform.launcher.core.EngineExecutionOrchestrator.lambda$execute$0(EngineExecutionOrchestrator.java:55)
[6cab6b43-14eb-4c56-8dad-cb15a5f45520/build]   | 	at org.junit.platform.launcher.core.EngineExecutionOrchestrator.withInterceptedStreams(EngineExecutionOrchestrator.java:102)
[6cab6b43-14eb-4c56-8dad-cb15a5f45520/build]   | 	at org.junit.platform.launcher.core.EngineExecutionOrchestrator.execute(EngineExecutionOrchestrator.java:54)
[6cab6b43-14eb-4c56-8dad-cb15a5f45520/build]   | 	at org.junit.platform.launcher.core.DefaultLauncher.execute(DefaultLauncher.java:114)
[6cab6b43-14eb-4c56-8dad-cb15a5f45520/build]   | 	at org.junit.platform.launcher.core.DefaultLauncher.execute(DefaultLauncher.java:86)
[6cab6b43-14eb-4c56-8dad-cb15a5f45520/build]   | 	at org.junit.platform.launcher.core.DefaultLauncherSession$DelegatingLauncher.execute(DefaultLauncherSession.java:86)
[6cab6b43-14eb-4c56-8dad-cb15a5f45520/build]   | 	at org.apache.maven.surefire.junitplatform.LazyLauncher.execute(LazyLauncher.java:55)
[6cab6b43-14eb-4c56-8dad-cb15a5f45520/build]   | 	at org.apache.maven.surefire.junitplatform.JUnitPlatformProvider.execute(JUnitPlatformProvider.java:223)
[6cab6b43-14eb-4c56-8dad-cb15a5f45520/build]   | 	at org.apache.maven.surefire.junitplatform.JUnitPlatformProvider.invokeAllTests(JUnitPlatformProvider.java:175)
[6cab6b43-14eb-4c56-8dad-cb15a5f45520/build]   | 	at org.apache.maven.surefire.junitplatform.JUnitPlatformProvider.invoke(JUnitPlatformProvider.java:139)
[6cab6b43-14eb-4c56-8dad-cb15a5f45520/build]   | 	at org.apache.maven.surefire.booter.ForkedBooter.runSuitesInProcess(ForkedBooter.java:456)
[6cab6b43-14eb-4c56-8dad-cb15a5f45520/build]   | 	at org.apache.maven.surefire.booter.ForkedBooter.execute(ForkedBooter.java:169)
[6cab6b43-14eb-4c56-8dad-cb15a5f45520/build]   | 	at org.apache.maven.surefire.booter.ForkedBooter.run(ForkedBooter.java:595)
[6cab6b43-14eb-4c56-8dad-cb15a5f45520/build]   | 	at org.apache.maven.surefire.booter.ForkedBooter.main(ForkedBooter.java:581)
[6cab6b43-14eb-4c56-8dad-cb15a5f45520/build]   | 
[6cab6b43-14eb-4c56-8dad-cb15a5f45520/build]   | [INFO] Tests run: 0, Failures: 0, Errors: 0, Skipped: 0, Time elapsed: 0.482 s - in it.mulders.mcs.search.SearchCommandHandlerTest
[6cab6b43-14eb-4c56-8dad-cb15a5f45520/build]   | [INFO] 
[6cab6b43-14eb-4c56-8dad-cb15a5f45520/build]   | [INFO] Results:
[6cab6b43-14eb-4c56-8dad-cb15a5f45520/build]   | [INFO] 
[6cab6b43-14eb-4c56-8dad-cb15a5f45520/build]   | [ERROR] Failures: 
[6cab6b43-14eb-4c56-8dad-cb15a5f45520/build]   | [ERROR]   SearchCommandHandlerTest$CoordinateSearchTest.should_propagate_tls_exception_to_runtime_exception:94 
[6cab6b43-14eb-4c56-8dad-cb15a5f45520/build]   | Expecting code to raise a throwable.
[6cab6b43-14eb-4c56-8dad-cb15a5f45520/build]   | [ERROR]   SearchCommandHandlerTest$WildcardSearchTest.should_propagate_tls_exception_to_runtime_exception:66 
[6cab6b43-14eb-4c56-8dad-cb15a5f45520/build]   | Expecting code to raise a throwable.
[6cab6b43-14eb-4c56-8dad-cb15a5f45520/build]   | [INFO] 
[6cab6b43-14eb-4c56-8dad-cb15a5f45520/build]   | [ERROR] Tests run: 81, Failures: 2, Errors: 0, Skipped: 0
[6cab6b43-14eb-4c56-8dad-cb15a5f45520/build]   | [INFO] 
[6cab6b43-14eb-4c56-8dad-cb15a5f45520/build]   | [INFO] ------------------------------------------------------------------------
[6cab6b43-14eb-4c56-8dad-cb15a5f45520/build]   | [INFO] BUILD FAILURE
[6cab6b43-14eb-4c56-8dad-cb15a5f45520/build]   | [INFO] ------------------------------------------------------------------------
[6cab6b43-14eb-4c56-8dad-cb15a5f45520/build]   | [INFO] Total time:  32.325 s
[6cab6b43-14eb-4c56-8dad-cb15a5f45520/build]   | [INFO] Finished at: 2023-11-27T16:57:24Z
[6cab6b43-14eb-4c56-8dad-cb15a5f45520/build]   | [INFO] ------------------------------------------------------------------------
[6cab6b43-14eb-4c56-8dad-cb15a5f45520/build]   | [ERROR] Failed to execute goal org.apache.maven.plugins:maven-surefire-plugin:3.0.0-M7:test (default-test) on project mcs: There are test failures.
[6cab6b43-14eb-4c56-8dad-cb15a5f45520/build]   | [ERROR] 
[6cab6b43-14eb-4c56-8dad-cb15a5f45520/build]   | [ERROR] Please refer to /tmp/6f55a885-b123-4700-90a2-ae7e98d48a50/target/surefire-reports for the individual test results.
[6cab6b43-14eb-4c56-8dad-cb15a5f45520/build]   | [ERROR] Please refer to dump files (if any exist) [date].dump, [date]-jvmRun[N].dump and [date].dumpstream.
[6cab6b43-14eb-4c56-8dad-cb15a5f45520/build]   | [ERROR] -> [Help 1]
[6cab6b43-14eb-4c56-8dad-cb15a5f45520/build]   | [ERROR] 
[6cab6b43-14eb-4c56-8dad-cb15a5f45520/build]   | [ERROR] To see the full stack trace of the errors, re-run Maven with the -e switch.
[6cab6b43-14eb-4c56-8dad-cb15a5f45520/build]   | [ERROR] Re-run Maven using the -X switch to enable full debug logging.
[6cab6b43-14eb-4c56-8dad-cb15a5f45520/build]   | [ERROR] 
[6cab6b43-14eb-4c56-8dad-cb15a5f45520/build]   | [ERROR] For more information about the errors and possible solutions, please read the following articles:
[6cab6b43-14eb-4c56-8dad-cb15a5f45520/build]   | [ERROR] [Help 1] http://cwiki.apache.org/confluence/display/MAVEN/MojoFailureException
[6cab6b43-14eb-4c56-8dad-cb15a5f45520/build]   ‚ùå  Failure - Main Build with Maven
[6cab6b43-14eb-4c56-8dad-cb15a5f45520/build] exitcode '1': failure
[6cab6b43-14eb-4c56-8dad-cb15a5f45520/build] unable to get git ref: failed to identify reference (tag/branch) for the checked-out revision 'd7fbf8eaf58c416bf5fd861a005f47dd3d0d2d09'
[6cab6b43-14eb-4c56-8dad-cb15a5f45520/build] unable to get git ref: failed to identify reference (tag/branch) for the checked-out revision 'd7fbf8eaf58c416bf5fd861a005f47dd3d0d2d09'
[6cab6b43-14eb-4c56-8dad-cb15a5f45520/build] unable to get git ref: failed to identify reference (tag/branch) for the checked-out revision 'd7fbf8eaf58c416bf5fd861a005f47dd3d0d2d09'
[6cab6b43-14eb-4c56-8dad-cb15a5f45520/build] unable to get git ref: failed to identify reference (tag/branch) for the checked-out revision 'd7fbf8eaf58c416bf5fd861a005f47dd3d0d2d09'
[6cab6b43-14eb-4c56-8dad-cb15a5f45520/build] unable to get git ref: failed to identify reference (tag/branch) for the checked-out revision 'd7fbf8eaf58c416bf5fd861a005f47dd3d0d2d09'
[6cab6b43-14eb-4c56-8dad-cb15a5f45520/build] ‚≠ê Run Post Set up JDK
[6cab6b43-14eb-4c56-8dad-cb15a5f45520/build]   üê≥  docker exec cmd=[node /var/run/act/actions/actions-setup-java@v3.10.0/dist/cleanup/index.js] user= workdir=
[6cab6b43-14eb-4c56-8dad-cb15a5f45520/build]   ‚úÖ  Success - Post Set up JDK
[6cab6b43-14eb-4c56-8dad-cb15a5f45520/build] üèÅ  Job failed
[6cab6b43-14eb-4c56-8dad-cb15a5f45520/build] unable to get git ref: failed to identify reference (tag/branch) for the checked-out revision 'd7fbf8eaf58c416bf5fd861a005f47dd3d0d2d09'
