[df615e9c-71ae-48e3-b379-3ded53e7f9dc/build] üöÄ  Start image=crawlergpt:latest
[df615e9c-71ae-48e3-b379-3ded53e7f9dc/build]   üê≥  docker pull image=crawlergpt:latest platform= username= forcePull=false
[df615e9c-71ae-48e3-b379-3ded53e7f9dc/build]   üê≥  docker create image=crawlergpt:latest platform= entrypoint=["tail" "-f" "/dev/null"] cmd=[]
[df615e9c-71ae-48e3-b379-3ded53e7f9dc/build]   üê≥  docker run image=crawlergpt:latest platform= entrypoint=["tail" "-f" "/dev/null"] cmd=[]
[df615e9c-71ae-48e3-b379-3ded53e7f9dc/build]   üê≥  docker exec cmd=[chown -R 1012:1013 /tmp/3ebb4e18-68d4-4f66-84e9-ef5284b8e205] user=0 workdir=
[df615e9c-71ae-48e3-b379-3ded53e7f9dc/build] unable to get git ref: failed to identify reference (tag/branch) for the checked-out revision '941665a67c26b1bcb1008342951687ca8641a8a3'
[df615e9c-71ae-48e3-b379-3ded53e7f9dc/build] unable to get git ref: failed to identify reference (tag/branch) for the checked-out revision '941665a67c26b1bcb1008342951687ca8641a8a3'
[df615e9c-71ae-48e3-b379-3ded53e7f9dc/build] unable to get git ref: failed to identify reference (tag/branch) for the checked-out revision '941665a67c26b1bcb1008342951687ca8641a8a3'
[df615e9c-71ae-48e3-b379-3ded53e7f9dc/build] unable to get git ref: failed to identify reference (tag/branch) for the checked-out revision '941665a67c26b1bcb1008342951687ca8641a8a3'
[df615e9c-71ae-48e3-b379-3ded53e7f9dc/build] unable to get git ref: failed to identify reference (tag/branch) for the checked-out revision '941665a67c26b1bcb1008342951687ca8641a8a3'
[df615e9c-71ae-48e3-b379-3ded53e7f9dc/build] unable to get git ref: failed to identify reference (tag/branch) for the checked-out revision '941665a67c26b1bcb1008342951687ca8641a8a3'
[df615e9c-71ae-48e3-b379-3ded53e7f9dc/build] unable to get git ref: failed to identify reference (tag/branch) for the checked-out revision '941665a67c26b1bcb1008342951687ca8641a8a3'
[df615e9c-71ae-48e3-b379-3ded53e7f9dc/build] unable to get git ref: failed to identify reference (tag/branch) for the checked-out revision '941665a67c26b1bcb1008342951687ca8641a8a3'
[df615e9c-71ae-48e3-b379-3ded53e7f9dc/build] unable to get git ref: failed to identify reference (tag/branch) for the checked-out revision '941665a67c26b1bcb1008342951687ca8641a8a3'
[df615e9c-71ae-48e3-b379-3ded53e7f9dc/build] ‚≠ê Run Main actions/checkout@v1
[df615e9c-71ae-48e3-b379-3ded53e7f9dc/build] unable to get git ref: failed to identify reference (tag/branch) for the checked-out revision '941665a67c26b1bcb1008342951687ca8641a8a3'
[df615e9c-71ae-48e3-b379-3ded53e7f9dc/build]   ‚úÖ  Success - Main actions/checkout@v1
[df615e9c-71ae-48e3-b379-3ded53e7f9dc/build] unable to get git ref: failed to identify reference (tag/branch) for the checked-out revision '941665a67c26b1bcb1008342951687ca8641a8a3'
[df615e9c-71ae-48e3-b379-3ded53e7f9dc/build] unable to get git ref: failed to identify reference (tag/branch) for the checked-out revision '941665a67c26b1bcb1008342951687ca8641a8a3'
[df615e9c-71ae-48e3-b379-3ded53e7f9dc/build] unable to get git ref: failed to identify reference (tag/branch) for the checked-out revision '941665a67c26b1bcb1008342951687ca8641a8a3'
[df615e9c-71ae-48e3-b379-3ded53e7f9dc/build] unable to get git ref: failed to identify reference (tag/branch) for the checked-out revision '941665a67c26b1bcb1008342951687ca8641a8a3'
[df615e9c-71ae-48e3-b379-3ded53e7f9dc/build] unable to get git ref: failed to identify reference (tag/branch) for the checked-out revision '941665a67c26b1bcb1008342951687ca8641a8a3'
[df615e9c-71ae-48e3-b379-3ded53e7f9dc/build] ‚≠ê Run Main Set up JDK
[df615e9c-71ae-48e3-b379-3ded53e7f9dc/build] unable to get git ref: failed to identify reference (tag/branch) for the checked-out revision '941665a67c26b1bcb1008342951687ca8641a8a3'
[df615e9c-71ae-48e3-b379-3ded53e7f9dc/build] unable to get git ref: failed to identify reference (tag/branch) for the checked-out revision '941665a67c26b1bcb1008342951687ca8641a8a3'
[df615e9c-71ae-48e3-b379-3ded53e7f9dc/build] unable to get git ref: failed to identify reference (tag/branch) for the checked-out revision '941665a67c26b1bcb1008342951687ca8641a8a3'
[df615e9c-71ae-48e3-b379-3ded53e7f9dc/build]   üê≥  docker cp src=/tmp/act-cache/e9243b0a-ea74-4a60-a4ea-17b0f1c7832e/act/actions-setup-java@v1/ dst=/var/run/act/actions/actions-setup-java@v1/
[df615e9c-71ae-48e3-b379-3ded53e7f9dc/build]   üê≥  docker exec cmd=[chown -R 1012:1013 /var/run/act/actions/actions-setup-java@v1/] user=0 workdir=
[df615e9c-71ae-48e3-b379-3ded53e7f9dc/build]   üê≥  docker exec cmd=[node /var/run/act/actions/actions-setup-java@v1/dist/setup/index.js] user= workdir=
[df615e9c-71ae-48e3-b379-3ded53e7f9dc/build]   üí¨  ::debug::isExplicit: 
[df615e9c-71ae-48e3-b379-3ded53e7f9dc/build]   üí¨  ::debug::explicit? false
[df615e9c-71ae-48e3-b379-3ded53e7f9dc/build]   üí¨  ::debug::evaluating 0 versions
[df615e9c-71ae-48e3-b379-3ded53e7f9dc/build]   üí¨  ::debug::match not found
[df615e9c-71ae-48e3-b379-3ded53e7f9dc/build]   üí¨  ::debug::Downloading JDK from Azul
[df615e9c-71ae-48e3-b379-3ded53e7f9dc/build]   üí¨  ::debug::Searching for files with extension: -linux_x64.tar.gz
[df615e9c-71ae-48e3-b379-3ded53e7f9dc/build]   üí¨  ::debug::Downloading https://static.azul.com/zulu/bin/zulu11.64.19-ca-jdk11.0.19-linux_x64.tar.gz
[df615e9c-71ae-48e3-b379-3ded53e7f9dc/build]   üí¨  ::debug::Downloading /tmp/974ea334-6029-4d9f-8a67-bf99bf63aa44
[df615e9c-71ae-48e3-b379-3ded53e7f9dc/build]   üí¨  ::debug::download complete
[df615e9c-71ae-48e3-b379-3ded53e7f9dc/build]   | [command]/usr/bin/tar --version
[df615e9c-71ae-48e3-b379-3ded53e7f9dc/build]   | tar (GNU tar) 1.30
[df615e9c-71ae-48e3-b379-3ded53e7f9dc/build]   | Copyright (C) 2017 Free Software Foundation, Inc.
[df615e9c-71ae-48e3-b379-3ded53e7f9dc/build]   | License GPLv3+: GNU GPL version 3 or later <https://gnu.org/licenses/gpl.html>.
[df615e9c-71ae-48e3-b379-3ded53e7f9dc/build]   | This is free software: you are free to change and redistribute it.
[df615e9c-71ae-48e3-b379-3ded53e7f9dc/build]   | There is NO WARRANTY, to the extent permitted by law.
[df615e9c-71ae-48e3-b379-3ded53e7f9dc/build]   | 
[df615e9c-71ae-48e3-b379-3ded53e7f9dc/build]   | Written by John Gilmore and Jay Fenlason.
[df615e9c-71ae-48e3-b379-3ded53e7f9dc/build]   | [command]/usr/bin/tar xz --warning=no-unknown-keyword -C /tmp/temp_684014330 -f /tmp/974ea334-6029-4d9f-8a67-bf99bf63aa44
[df615e9c-71ae-48e3-b379-3ded53e7f9dc/build]   üí¨  ::debug::jdk extracted to /tmp/temp_684014330/zulu11.64.19-ca-jdk11.0.19-linux_x64
[df615e9c-71ae-48e3-b379-3ded53e7f9dc/build]   üí¨  ::debug::Caching tool jdk 11.0.19 x64
[df615e9c-71ae-48e3-b379-3ded53e7f9dc/build]   üí¨  ::debug::source dir: /tmp/temp_684014330/zulu11.64.19-ca-jdk11.0.19-linux_x64
[df615e9c-71ae-48e3-b379-3ded53e7f9dc/build]   üí¨  ::debug::destination /opt/hostedtoolcache/jdk/11.0.19/x64
[df615e9c-71ae-48e3-b379-3ded53e7f9dc/build]   üí¨  ::debug::finished caching tool
[df615e9c-71ae-48e3-b379-3ded53e7f9dc/build]   ‚ùì add-matcher /run/act/actions/actions-setup-java@v1/.github/java.json
[df615e9c-71ae-48e3-b379-3ded53e7f9dc/build]   | creating settings.xml with server-id: github; environment variables: username=$GITHUB_ACTOR, password=$GITHUB_TOKEN, and gpg-passphrase=null
[df615e9c-71ae-48e3-b379-3ded53e7f9dc/build]   üí¨  ::debug::created directory /home/runneradmin/.m2
[df615e9c-71ae-48e3-b379-3ded53e7f9dc/build]   | writing /home/runneradmin/.m2/settings.xml
[df615e9c-71ae-48e3-b379-3ded53e7f9dc/build]   ‚úÖ  Success - Main Set up JDK
[df615e9c-71ae-48e3-b379-3ded53e7f9dc/build]   ‚öô  ::set-env:: JAVA_HOME_11.0.19_x64=/opt/hostedtoolcache/jdk/11.0.19/x64
[df615e9c-71ae-48e3-b379-3ded53e7f9dc/build]   ‚öô  ::set-env:: JAVA_HOME=/opt/hostedtoolcache/jdk/11.0.19/x64
[df615e9c-71ae-48e3-b379-3ded53e7f9dc/build]   ‚öô  ::set-env:: JAVA_HOME_11_0_19_X64=/opt/hostedtoolcache/jdk/11.0.19/x64
[df615e9c-71ae-48e3-b379-3ded53e7f9dc/build]   ‚öô  ::set-output:: path=/opt/hostedtoolcache/jdk/11.0.19/x64
[df615e9c-71ae-48e3-b379-3ded53e7f9dc/build]   ‚öô  ::set-output:: version=11.0.19
[df615e9c-71ae-48e3-b379-3ded53e7f9dc/build]   ‚öô  ::add-path:: /opt/hostedtoolcache/jdk/11.0.19/x64/bin
[df615e9c-71ae-48e3-b379-3ded53e7f9dc/build] unable to get git ref: failed to identify reference (tag/branch) for the checked-out revision '941665a67c26b1bcb1008342951687ca8641a8a3'
[df615e9c-71ae-48e3-b379-3ded53e7f9dc/build] unable to get git ref: failed to identify reference (tag/branch) for the checked-out revision '941665a67c26b1bcb1008342951687ca8641a8a3'
[df615e9c-71ae-48e3-b379-3ded53e7f9dc/build] unable to get git ref: failed to identify reference (tag/branch) for the checked-out revision '941665a67c26b1bcb1008342951687ca8641a8a3'
[df615e9c-71ae-48e3-b379-3ded53e7f9dc/build] unable to get git ref: failed to identify reference (tag/branch) for the checked-out revision '941665a67c26b1bcb1008342951687ca8641a8a3'
[df615e9c-71ae-48e3-b379-3ded53e7f9dc/build] unable to get git ref: failed to identify reference (tag/branch) for the checked-out revision '941665a67c26b1bcb1008342951687ca8641a8a3'
[df615e9c-71ae-48e3-b379-3ded53e7f9dc/build] ‚≠ê Run Main Build with Maven
[df615e9c-71ae-48e3-b379-3ded53e7f9dc/build] unable to get git ref: failed to identify reference (tag/branch) for the checked-out revision '941665a67c26b1bcb1008342951687ca8641a8a3'
[df615e9c-71ae-48e3-b379-3ded53e7f9dc/build] unable to get git ref: failed to identify reference (tag/branch) for the checked-out revision '941665a67c26b1bcb1008342951687ca8641a8a3'
[df615e9c-71ae-48e3-b379-3ded53e7f9dc/build] unable to get git ref: failed to identify reference (tag/branch) for the checked-out revision '941665a67c26b1bcb1008342951687ca8641a8a3'
[df615e9c-71ae-48e3-b379-3ded53e7f9dc/build] unable to get git ref: failed to identify reference (tag/branch) for the checked-out revision '941665a67c26b1bcb1008342951687ca8641a8a3'
[df615e9c-71ae-48e3-b379-3ded53e7f9dc/build]   üê≥  docker exec cmd=[bash --noprofile --norc -e -o pipefail /var/run/act/workflow/2] user= workdir=
[df615e9c-71ae-48e3-b379-3ded53e7f9dc/build]   | [INFO] Scanning for projects...
[df615e9c-71ae-48e3-b379-3ded53e7f9dc/build]   | [INFO] Downloading from central: https://repo.maven.apache.org/maven2/org/apache/felix/maven-bundle-plugin/5.1.1/maven-bundle-plugin-5.1.1.pom
[df615e9c-71ae-48e3-b379-3ded53e7f9dc/build]   | [INFO] Downloaded from central: https://repo.maven.apache.org/maven2/org/apache/felix/maven-bundle-plugin/5.1.1/maven-bundle-plugin-5.1.1.pom (11 kB at 25 kB/s)
[df615e9c-71ae-48e3-b379-3ded53e7f9dc/build]   | [INFO] Downloading from central: https://repo.maven.apache.org/maven2/org/apache/felix/felix-parent/6/felix-parent-6.pom
[df615e9c-71ae-48e3-b379-3ded53e7f9dc/build]   | [INFO] Downloaded from central: https://repo.maven.apache.org/maven2/org/apache/felix/felix-parent/6/felix-parent-6.pom (22 kB at 437 kB/s)
[df615e9c-71ae-48e3-b379-3ded53e7f9dc/build]   | [INFO] Downloading from central: https://repo.maven.apache.org/maven2/org/apache/apache/21/apache-21.pom
[df615e9c-71ae-48e3-b379-3ded53e7f9dc/build]   | [INFO] Downloaded from central: https://repo.maven.apache.org/maven2/org/apache/apache/21/apache-21.pom (17 kB at 1.1 MB/s)
[df615e9c-71ae-48e3-b379-3ded53e7f9dc/build]   | [INFO] Downloading from central: https://repo.maven.apache.org/maven2/org/osgi/org.osgi.core/6.0.0/org.osgi.core-6.0.0.pom
[df615e9c-71ae-48e3-b379-3ded53e7f9dc/build]   | [INFO] Downloaded from central: https://repo.maven.apache.org/maven2/org/osgi/org.osgi.core/6.0.0/org.osgi.core-6.0.0.pom (1.1 kB at 53 kB/s)
[df615e9c-71ae-48e3-b379-3ded53e7f9dc/build]   | [INFO] Downloading from central: https://repo.maven.apache.org/maven2/biz/aQute/bnd/biz.aQute.bndlib/5.1.1/biz.aQute.bndlib-5.1.1.pom
[df615e9c-71ae-48e3-b379-3ded53e7f9dc/build]   | [INFO] Downloaded from central: https://repo.maven.apache.org/maven2/biz/aQute/bnd/biz.aQute.bndlib/5.1.1/biz.aQute.bndlib-5.1.1.pom (4.1 kB at 188 kB/s)
[df615e9c-71ae-48e3-b379-3ded53e7f9dc/build]   | [INFO] Downloading from central: https://repo.maven.apache.org/maven2/org/slf4j/slf4j-api/1.7.25/slf4j-api-1.7.25.pom
[df615e9c-71ae-48e3-b379-3ded53e7f9dc/build]   | [INFO] Downloaded from central: https://repo.maven.apache.org/maven2/org/slf4j/slf4j-api/1.7.25/slf4j-api-1.7.25.pom (3.8 kB at 274 kB/s)
[df615e9c-71ae-48e3-b379-3ded53e7f9dc/build]   | [INFO] Downloading from central: https://repo.maven.apache.org/maven2/org/slf4j/slf4j-parent/1.7.25/slf4j-parent-1.7.25.pom
[df615e9c-71ae-48e3-b379-3ded53e7f9dc/build]   | [INFO] Downloaded from central: https://repo.maven.apache.org/maven2/org/slf4j/slf4j-parent/1.7.25/slf4j-parent-1.7.25.pom (14 kB at 614 kB/s)
[df615e9c-71ae-48e3-b379-3ded53e7f9dc/build]   | [INFO] Downloading from central: https://repo.maven.apache.org/maven2/org/apache/felix/org.apache.felix.bundlerepository/1.6.6/org.apache.felix.bundlerepository-1.6.6.pom
[df615e9c-71ae-48e3-b379-3ded53e7f9dc/build]   | [INFO] Downloaded from central: https://repo.maven.apache.org/maven2/org/apache/felix/org.apache.felix.bundlerepository/1.6.6/org.apache.felix.bundlerepository-1.6.6.pom (5.9 kB at 235 kB/s)
[df615e9c-71ae-48e3-b379-3ded53e7f9dc/build]   | [INFO] Downloading from central: https://repo.maven.apache.org/maven2/org/apache/felix/felix-parent/2.1/felix-parent-2.1.pom
[df615e9c-71ae-48e3-b379-3ded53e7f9dc/build]   | [INFO] Downloaded from central: https://repo.maven.apache.org/maven2/org/apache/felix/felix-parent/2.1/felix-parent-2.1.pom (9.7 kB at 386 kB/s)
[df615e9c-71ae-48e3-b379-3ded53e7f9dc/build]   | [INFO] Downloading from central: https://repo.maven.apache.org/maven2/org/apache/apache/9/apache-9.pom
[df615e9c-71ae-48e3-b379-3ded53e7f9dc/build]   | [INFO] Downloaded from central: https://repo.maven.apache.org/maven2/org/apache/apache/9/apache-9.pom (15 kB at 1.3 MB/s)
[df615e9c-71ae-48e3-b379-3ded53e7f9dc/build]   | [INFO] Downloading from central: https://repo.maven.apache.org/maven2/org/osgi/org.osgi.core/4.1.0/org.osgi.core-4.1.0.pom
[df615e9c-71ae-48e3-b379-3ded53e7f9dc/build]   | [INFO] Downloaded from central: https://repo.maven.apache.org/maven2/org/osgi/org.osgi.core/4.1.0/org.osgi.core-4.1.0.pom (193 B at 8.4 kB/s)
[df615e9c-71ae-48e3-b379-3ded53e7f9dc/build]   | [INFO] Downloading from central: https://repo.maven.apache.org/maven2/org/easymock/easymock/2.4/easymock-2.4.pom
[df615e9c-71ae-48e3-b379-3ded53e7f9dc/build]   | [INFO] Downloaded from central: https://repo.maven.apache.org/maven2/org/easymock/easymock/2.4/easymock-2.4.pom (5.3 kB at 296 kB/s)
[df615e9c-71ae-48e3-b379-3ded53e7f9dc/build]   | [INFO] Downloading from central: https://repo.maven.apache.org/maven2/org/apache/felix/org.apache.felix.utils/1.6.0/org.apache.felix.utils-1.6.0.pom
[df615e9c-71ae-48e3-b379-3ded53e7f9dc/build]   | [INFO] Downloaded from central: https://repo.maven.apache.org/maven2/org/apache/felix/org.apache.felix.utils/1.6.0/org.apache.felix.utils-1.6.0.pom (3.3 kB at 252 kB/s)
[df615e9c-71ae-48e3-b379-3ded53e7f9dc/build]   | [INFO] Downloading from central: https://repo.maven.apache.org/maven2/org/osgi/org.osgi.compendium/4.2.0/org.osgi.compendium-4.2.0.pom
[df615e9c-71ae-48e3-b379-3ded53e7f9dc/build]   | [INFO] Downloaded from central: https://repo.maven.apache.org/maven2/org/osgi/org.osgi.compendium/4.2.0/org.osgi.compendium-4.2.0.pom (463 B at 8.6 kB/s)
[df615e9c-71ae-48e3-b379-3ded53e7f9dc/build]   | [INFO] Downloading from central: https://repo.maven.apache.org/maven2/org/apache/maven/maven-core/3.3.9/maven-core-3.3.9.pom
[df615e9c-71ae-48e3-b379-3ded53e7f9dc/build]   | [INFO] Downloaded from central: https://repo.maven.apache.org/maven2/org/apache/maven/maven-core/3.3.9/maven-core-3.3.9.pom (8.3 kB at 395 kB/s)
[df615e9c-71ae-48e3-b379-3ded53e7f9dc/build]   | [INFO] Downloading from central: https://repo.maven.apache.org/maven2/org/apache/maven/maven/3.3.9/maven-3.3.9.pom
[df615e9c-71ae-48e3-b379-3ded53e7f9dc/build]   | [INFO] Downloaded from central: https://repo.maven.apache.org/maven2/org/apache/maven/maven/3.3.9/maven-3.3.9.pom (24 kB at 684 kB/s)
[df615e9c-71ae-48e3-b379-3ded53e7f9dc/build]   | [INFO] Downloading from central: https://repo.maven.apache.org/maven2/org/apache/maven/maven-parent/27/maven-parent-27.pom
[df615e9c-71ae-48e3-b379-3ded53e7f9dc/build]   | [INFO] Downloaded from central: https://repo.maven.apache.org/maven2/org/apache/maven/maven-parent/27/maven-parent-27.pom (41 kB at 2.0 MB/s)
[df615e9c-71ae-48e3-b379-3ded53e7f9dc/build]   | [INFO] Downloading from central: https://repo.maven.apache.org/maven2/org/apache/apache/17/apache-17.pom
[df615e9c-71ae-48e3-b379-3ded53e7f9dc/build]   | [INFO] Downloaded from central: https://repo.maven.apache.org/maven2/org/apache/apache/17/apache-17.pom (16 kB at 1.0 MB/s)
[df615e9c-71ae-48e3-b379-3ded53e7f9dc/build]   | [INFO] Downloading from central: https://repo.maven.apache.org/maven2/org/apache/maven/maven-model/3.3.9/maven-model-3.3.9.pom
[df615e9c-71ae-48e3-b379-3ded53e7f9dc/build]   | [INFO] Downloaded from central: https://repo.maven.apache.org/maven2/org/apache/maven/maven-model/3.3.9/maven-model-3.3.9.pom (4.0 kB at 56 kB/s)
[df615e9c-71ae-48e3-b379-3ded53e7f9dc/build]   | [INFO] Downloading from central: https://repo.maven.apache.org/maven2/org/codehaus/plexus/plexus-utils/3.0.22/plexus-utils-3.0.22.pom
[df615e9c-71ae-48e3-b379-3ded53e7f9dc/build]   | [INFO] Downloaded from central: https://repo.maven.apache.org/maven2/org/codehaus/plexus/plexus-utils/3.0.22/plexus-utils-3.0.22.pom (3.8 kB at 225 kB/s)
[df615e9c-71ae-48e3-b379-3ded53e7f9dc/build]   | [INFO] Downloading from central: https://repo.maven.apache.org/maven2/org/codehaus/plexus/plexus/3.3.1/plexus-3.3.1.pom
[df615e9c-71ae-48e3-b379-3ded53e7f9dc/build]   | [INFO] Downloaded from central: https://repo.maven.apache.org/maven2/org/codehaus/plexus/plexus/3.3.1/plexus-3.3.1.pom (20 kB at 601 kB/s)
[df615e9c-71ae-48e3-b379-3ded53e7f9dc/build]   | [INFO] Downloading from central: https://repo.maven.apache.org/maven2/org/sonatype/spice/spice-parent/17/spice-parent-17.pom
[df615e9c-71ae-48e3-b379-3ded53e7f9dc/build]   | [INFO] Downloaded from central: https://repo.maven.apache.org/maven2/org/sonatype/spice/spice-parent/17/spice-parent-17.pom (6.8 kB at 161 kB/s)
[df615e9c-71ae-48e3-b379-3ded53e7f9dc/build]   | [INFO] Downloading from central: https://repo.maven.apache.org/maven2/org/sonatype/forge/forge-parent/10/forge-parent-10.pom
[df615e9c-71ae-48e3-b379-3ded53e7f9dc/build]   | [INFO] Downloaded from central: https://repo.maven.apache.org/maven2/org/sonatype/forge/forge-parent/10/forge-parent-10.pom (14 kB at 904 kB/s)
[df615e9c-71ae-48e3-b379-3ded53e7f9dc/build]   | [INFO] Downloading from central: https://repo.maven.apache.org/maven2/org/apache/commons/commons-lang3/3.4/commons-lang3-3.4.pom
[df615e9c-71ae-48e3-b379-3ded53e7f9dc/build]   | [INFO] Downloaded from central: https://repo.maven.apache.org/maven2/org/apache/commons/commons-lang3/3.4/commons-lang3-3.4.pom (22 kB at 792 kB/s)
[df615e9c-71ae-48e3-b379-3ded53e7f9dc/build]   | [INFO] Downloading from central: https://repo.maven.apache.org/maven2/org/apache/commons/commons-parent/37/commons-parent-37.pom
[df615e9c-71ae-48e3-b379-3ded53e7f9dc/build]   | [INFO] Downloaded from central: https://repo.maven.apache.org/maven2/org/apache/commons/commons-parent/37/commons-parent-37.pom (63 kB at 1.0 MB/s)
[df615e9c-71ae-48e3-b379-3ded53e7f9dc/build]   | [INFO] Downloading from central: https://repo.maven.apache.org/maven2/org/apache/apache/16/apache-16.pom
[df615e9c-71ae-48e3-b379-3ded53e7f9dc/build]   | [INFO] Downloaded from central: https://repo.maven.apache.org/maven2/org/apache/apache/16/apache-16.pom (15 kB at 1.2 MB/s)
[df615e9c-71ae-48e3-b379-3ded53e7f9dc/build]   | [INFO] Downloading from central: https://repo.maven.apache.org/maven2/org/apache/maven/maven-settings/3.3.9/maven-settings-3.3.9.pom
[df615e9c-71ae-48e3-b379-3ded53e7f9dc/build]   | [INFO] Downloaded from central: https://repo.maven.apache.org/maven2/org/apache/maven/maven-settings/3.3.9/maven-settings-3.3.9.pom (1.8 kB at 28 kB/s)
[df615e9c-71ae-48e3-b379-3ded53e7f9dc/build]   | [INFO] Downloading from central: https://repo.maven.apache.org/maven2/org/apache/maven/maven-settings-builder/3.3.9/maven-settings-builder-3.3.9.pom
[df615e9c-71ae-48e3-b379-3ded53e7f9dc/build]   | [INFO] Downloaded from central: https://repo.maven.apache.org/maven2/org/apache/maven/maven-settings-builder/3.3.9/maven-settings-builder-3.3.9.pom (2.6 kB at 201 kB/s)
[df615e9c-71ae-48e3-b379-3ded53e7f9dc/build]   | [INFO] Downloading from central: https://repo.maven.apache.org/maven2/org/apache/maven/maven-builder-support/3.3.9/maven-builder-support-3.3.9.pom
[df615e9c-71ae-48e3-b379-3ded53e7f9dc/build]   | [INFO] Downloaded from central: https://repo.maven.apache.org/maven2/org/apache/maven/maven-builder-support/3.3.9/maven-builder-support-3.3.9.pom (1.7 kB at 53 kB/s)
[df615e9c-71ae-48e3-b379-3ded53e7f9dc/build]   | [INFO] Downloading from central: https://repo.maven.apache.org/maven2/org/codehaus/plexus/plexus-interpolation/1.21/plexus-interpolation-1.21.pom
[df615e9c-71ae-48e3-b379-3ded53e7f9dc/build]   | [INFO] Downloaded from central: https://repo.maven.apache.org/maven2/org/codehaus/plexus/plexus-interpolation/1.21/plexus-interpolation-1.21.pom (1.5 kB at 23 kB/s)
[df615e9c-71ae-48e3-b379-3ded53e7f9dc/build]   | [INFO] Downloading from central: https://repo.maven.apache.org/maven2/org/codehaus/plexus/plexus-components/1.3.1/plexus-components-1.3.1.pom
[df615e9c-71ae-48e3-b379-3ded53e7f9dc/build]   | [INFO] Downloaded from central: https://repo.maven.apache.org/maven2/org/codehaus/plexus/plexus-components/1.3.1/plexus-components-1.3.1.pom (3.1 kB at 96 kB/s)
[df615e9c-71ae-48e3-b379-3ded53e7f9dc/build]   | [INFO] Downloading from central: https://repo.maven.apache.org/maven2/org/codehaus/plexus/plexus-component-annotations/1.6/plexus-component-annotations-1.6.pom
[df615e9c-71ae-48e3-b379-3ded53e7f9dc/build]   | [INFO] Downloaded from central: https://repo.maven.apache.org/maven2/org/codehaus/plexus/plexus-component-annotations/1.6/plexus-component-annotations-1.6.pom (748 B at 7.0 kB/s)
[df615e9c-71ae-48e3-b379-3ded53e7f9dc/build]   | [INFO] Downloading from central: https://repo.maven.apache.org/maven2/org/codehaus/plexus/plexus-containers/1.6/plexus-containers-1.6.pom
[df615e9c-71ae-48e3-b379-3ded53e7f9dc/build]   | [INFO] Downloaded from central: https://repo.maven.apache.org/maven2/org/codehaus/plexus/plexus-containers/1.6/plexus-containers-1.6.pom (3.8 kB at 188 kB/s)
[df615e9c-71ae-48e3-b379-3ded53e7f9dc/build]   | [INFO] Downloading from central: https://repo.maven.apache.org/maven2/org/codehaus/plexus/plexus/3.3.2/plexus-3.3.2.pom
[df615e9c-71ae-48e3-b379-3ded53e7f9dc/build]   | [INFO] Downloaded from central: https://repo.maven.apache.org/maven2/org/codehaus/plexus/plexus/3.3.2/plexus-3.3.2.pom (22 kB at 1.1 MB/s)
[df615e9c-71ae-48e3-b379-3ded53e7f9dc/build]   | [INFO] Downloading from central: https://repo.maven.apache.org/maven2/org/sonatype/plexus/plexus-sec-dispatcher/1.3/plexus-sec-dispatcher-1.3.pom
[df615e9c-71ae-48e3-b379-3ded53e7f9dc/build]   | [INFO] Downloaded from central: https://repo.maven.apache.org/maven2/org/sonatype/plexus/plexus-sec-dispatcher/1.3/plexus-sec-dispatcher-1.3.pom (3.0 kB at 60 kB/s)
[df615e9c-71ae-48e3-b379-3ded53e7f9dc/build]   | [INFO] Downloading from central: https://repo.maven.apache.org/maven2/org/sonatype/spice/spice-parent/12/spice-parent-12.pom
[df615e9c-71ae-48e3-b379-3ded53e7f9dc/build]   | [INFO] Downloaded from central: https://repo.maven.apache.org/maven2/org/sonatype/spice/spice-parent/12/spice-parent-12.pom (6.8 kB at 680 kB/s)
[df615e9c-71ae-48e3-b379-3ded53e7f9dc/build]   | [INFO] Downloading from central: https://repo.maven.apache.org/maven2/org/sonatype/forge/forge-parent/4/forge-parent-4.pom
[df615e9c-71ae-48e3-b379-3ded53e7f9dc/build]   | [INFO] Downloaded from central: https://repo.maven.apache.org/maven2/org/sonatype/forge/forge-parent/4/forge-parent-4.pom (8.4 kB at 933 kB/s)
[df615e9c-71ae-48e3-b379-3ded53e7f9dc/build]   | [INFO] Downloading from central: https://repo.maven.apache.org/maven2/org/codehaus/plexus/plexus-utils/1.5.5/plexus-utils-1.5.5.pom
[df615e9c-71ae-48e3-b379-3ded53e7f9dc/build]   | [INFO] Downloaded from central: https://repo.maven.apache.org/maven2/org/codehaus/plexus/plexus-utils/1.5.5/plexus-utils-1.5.5.pom (5.1 kB at 245 kB/s)
[df615e9c-71ae-48e3-b379-3ded53e7f9dc/build]   | [INFO] Downloading from central: https://repo.maven.apache.org/maven2/org/codehaus/plexus/plexus/1.0.11/plexus-1.0.11.pom
[df615e9c-71ae-48e3-b379-3ded53e7f9dc/build]   | [INFO] Downloaded from central: https://repo.maven.apache.org/maven2/org/codehaus/plexus/plexus/1.0.11/plexus-1.0.11.pom (9.0 kB at 183 kB/s)
[df615e9c-71ae-48e3-b379-3ded53e7f9dc/build]   | [INFO] Downloading from central: https://repo.maven.apache.org/maven2/org/sonatype/plexus/plexus-cipher/1.4/plexus-cipher-1.4.pom
[df615e9c-71ae-48e3-b379-3ded53e7f9dc/build]   | [INFO] Downloaded from central: https://repo.maven.apache.org/maven2/org/sonatype/plexus/plexus-cipher/1.4/plexus-cipher-1.4.pom (2.1 kB at 103 kB/s)
[df615e9c-71ae-48e3-b379-3ded53e7f9dc/build]   | [INFO] Downloading from central: https://repo.maven.apache.org/maven2/org/apache/maven/maven-repository-metadata/3.3.9/maven-repository-metadata-3.3.9.pom
[df615e9c-71ae-48e3-b379-3ded53e7f9dc/build]   | [INFO] Downloaded from central: https://repo.maven.apache.org/maven2/org/apache/maven/maven-repository-metadata/3.3.9/maven-repository-metadata-3.3.9.pom (1.9 kB at 20 kB/s)
[df615e9c-71ae-48e3-b379-3ded53e7f9dc/build]   | [INFO] Downloading from central: https://repo.maven.apache.org/maven2/org/apache/maven/maven-artifact/3.3.9/maven-artifact-3.3.9.pom
[df615e9c-71ae-48e3-b379-3ded53e7f9dc/build]   | [INFO] Downloaded from central: https://repo.maven.apache.org/maven2/org/apache/maven/maven-artifact/3.3.9/maven-artifact-3.3.9.pom (2.1 kB at 61 kB/s)
[df615e9c-71ae-48e3-b379-3ded53e7f9dc/build]   | [INFO] Downloading from central: https://repo.maven.apache.org/maven2/org/apache/maven/maven-plugin-api/3.3.9/maven-plugin-api-3.3.9.pom
[df615e9c-71ae-48e3-b379-3ded53e7f9dc/build]   | [INFO] Downloaded from central: https://repo.maven.apache.org/maven2/org/apache/maven/maven-plugin-api/3.3.9/maven-plugin-api-3.3.9.pom (2.7 kB at 54 kB/s)
[df615e9c-71ae-48e3-b379-3ded53e7f9dc/build]   | [INFO] Downloading from central: https://repo.maven.apache.org/maven2/org/eclipse/sisu/org.eclipse.sisu.plexus/0.3.2/org.eclipse.sisu.plexus-0.3.2.pom
[df615e9c-71ae-48e3-b379-3ded53e7f9dc/build]   | [INFO] Downloaded from central: https://repo.maven.apache.org/maven2/org/eclipse/sisu/org.eclipse.sisu.plexus/0.3.2/org.eclipse.sisu.plexus-0.3.2.pom (4.2 kB at 190 kB/s)
[df615e9c-71ae-48e3-b379-3ded53e7f9dc/build]   | [INFO] Downloading from central: https://repo.maven.apache.org/maven2/org/eclipse/sisu/sisu-plexus/0.3.2/sisu-plexus-0.3.2.pom
[df615e9c-71ae-48e3-b379-3ded53e7f9dc/build]   | [INFO] Downloaded from central: https://repo.maven.apache.org/maven2/org/eclipse/sisu/sisu-plexus/0.3.2/sisu-plexus-0.3.2.pom (14 kB at 508 kB/s)
[df615e9c-71ae-48e3-b379-3ded53e7f9dc/build]   | [INFO] Downloading from central: https://repo.maven.apache.org/maven2/org/sonatype/oss/oss-parent/9/oss-parent-9.pom
[df615e9c-71ae-48e3-b379-3ded53e7f9dc/build]   | [INFO] Downloaded from central: https://repo.maven.apache.org/maven2/org/sonatype/oss/oss-parent/9/oss-parent-9.pom (6.6 kB at 438 kB/s)
[df615e9c-71ae-48e3-b379-3ded53e7f9dc/build]   | [INFO] Downloading from central: https://repo.maven.apache.org/maven2/javax/enterprise/cdi-api/1.0/cdi-api-1.0.pom
[df615e9c-71ae-48e3-b379-3ded53e7f9dc/build]   | [INFO] Downloaded from central: https://repo.maven.apache.org/maven2/javax/enterprise/cdi-api/1.0/cdi-api-1.0.pom (1.4 kB at 24 kB/s)
[df615e9c-71ae-48e3-b379-3ded53e7f9dc/build]   | [INFO] Downloading from central: https://repo.maven.apache.org/maven2/org/jboss/weld/weld-api-parent/1.0/weld-api-parent-1.0.pom
[df615e9c-71ae-48e3-b379-3ded53e7f9dc/build]   | [INFO] Downloaded from central: https://repo.maven.apache.org/maven2/org/jboss/weld/weld-api-parent/1.0/weld-api-parent-1.0.pom (2.4 kB at 147 kB/s)
[df615e9c-71ae-48e3-b379-3ded53e7f9dc/build]   | [INFO] Downloading from central: https://repo.maven.apache.org/maven2/org/jboss/weld/weld-api-bom/1.0/weld-api-bom-1.0.pom
[df615e9c-71ae-48e3-b379-3ded53e7f9dc/build]   | [INFO] Downloaded from central: https://repo.maven.apache.org/maven2/org/jboss/weld/weld-api-bom/1.0/weld-api-bom-1.0.pom (7.9 kB at 240 kB/s)
[df615e9c-71ae-48e3-b379-3ded53e7f9dc/build]   | [INFO] Downloading from central: https://repo.maven.apache.org/maven2/org/jboss/weld/weld-parent/6/weld-parent-6.pom
[df615e9c-71ae-48e3-b379-3ded53e7f9dc/build]   | [INFO] Downloaded from central: https://repo.maven.apache.org/maven2/org/jboss/weld/weld-parent/6/weld-parent-6.pom (21 kB at 828 kB/s)
[df615e9c-71ae-48e3-b379-3ded53e7f9dc/build]   | [INFO] Downloading from central: https://repo.maven.apache.org/maven2/javax/annotation/jsr250-api/1.0/jsr250-api-1.0.pom
[df615e9c-71ae-48e3-b379-3ded53e7f9dc/build]   | [INFO] Downloaded from central: https://repo.maven.apache.org/maven2/javax/annotation/jsr250-api/1.0/jsr250-api-1.0.pom (1.0 kB at 35 kB/s)
[df615e9c-71ae-48e3-b379-3ded53e7f9dc/build]   | [INFO] Downloading from central: https://repo.maven.apache.org/maven2/javax/inject/javax.inject/1/javax.inject-1.pom
[df615e9c-71ae-48e3-b379-3ded53e7f9dc/build]   | [INFO] Downloaded from central: https://repo.maven.apache.org/maven2/javax/inject/javax.inject/1/javax.inject-1.pom (612 B at 19 kB/s)
[df615e9c-71ae-48e3-b379-3ded53e7f9dc/build]   | [INFO] Downloading from central: https://repo.maven.apache.org/maven2/org/eclipse/sisu/org.eclipse.sisu.inject/0.3.2/org.eclipse.sisu.inject-0.3.2.pom
[df615e9c-71ae-48e3-b379-3ded53e7f9dc/build]   | [INFO] Downloaded from central: https://repo.maven.apache.org/maven2/org/eclipse/sisu/org.eclipse.sisu.inject/0.3.2/org.eclipse.sisu.inject-0.3.2.pom (2.6 kB at 85 kB/s)
[df615e9c-71ae-48e3-b379-3ded53e7f9dc/build]   | [INFO] Downloading from central: https://repo.maven.apache.org/maven2/org/eclipse/sisu/sisu-inject/0.3.2/sisu-inject-0.3.2.pom
[df615e9c-71ae-48e3-b379-3ded53e7f9dc/build]   | [INFO] Downloaded from central: https://repo.maven.apache.org/maven2/org/eclipse/sisu/sisu-inject/0.3.2/sisu-inject-0.3.2.pom (14 kB at 800 kB/s)
[df615e9c-71ae-48e3-b379-3ded53e7f9dc/build]   | [INFO] Downloading from central: https://repo.maven.apache.org/maven2/org/codehaus/plexus/plexus-component-annotations/1.5.5/plexus-component-annotations-1.5.5.pom
[df615e9c-71ae-48e3-b379-3ded53e7f9dc/build]   | [INFO] Downloaded from central: https://repo.maven.apache.org/maven2/org/codehaus/plexus/plexus-component-annotations/1.5.5/plexus-component-annotations-1.5.5.pom (815 B at 18 kB/s)
[df615e9c-71ae-48e3-b379-3ded53e7f9dc/build]   | [INFO] Downloading from central: https://repo.maven.apache.org/maven2/org/codehaus/plexus/plexus-containers/1.5.5/plexus-containers-1.5.5.pom
[df615e9c-71ae-48e3-b379-3ded53e7f9dc/build]   | [INFO] Downloaded from central: https://repo.maven.apache.org/maven2/org/codehaus/plexus/plexus-containers/1.5.5/plexus-containers-1.5.5.pom (4.2 kB at 70 kB/s)
[df615e9c-71ae-48e3-b379-3ded53e7f9dc/build]   | [INFO] Downloading from central: https://repo.maven.apache.org/maven2/org/codehaus/plexus/plexus/2.0.7/plexus-2.0.7.pom
[df615e9c-71ae-48e3-b379-3ded53e7f9dc/build]   | [INFO] Downloaded from central: https://repo.maven.apache.org/maven2/org/codehaus/plexus/plexus/2.0.7/plexus-2.0.7.pom (17 kB at 228 kB/s)
[df615e9c-71ae-48e3-b379-3ded53e7f9dc/build]   | [INFO] Downloading from central: https://repo.maven.apache.org/maven2/org/codehaus/plexus/plexus-classworlds/2.5.2/plexus-classworlds-2.5.2.pom
[df615e9c-71ae-48e3-b379-3ded53e7f9dc/build]   | [INFO] Downloaded from central: https://repo.maven.apache.org/maven2/org/codehaus/plexus/plexus-classworlds/2.5.2/plexus-classworlds-2.5.2.pom (7.3 kB at 252 kB/s)
[df615e9c-71ae-48e3-b379-3ded53e7f9dc/build]   | [INFO] Downloading from central: https://repo.maven.apache.org/maven2/org/codehaus/plexus/plexus-utils/3.0.17/plexus-utils-3.0.17.pom
[df615e9c-71ae-48e3-b379-3ded53e7f9dc/build]   | [INFO] Downloaded from central: https://repo.maven.apache.org/maven2/org/codehaus/plexus/plexus-utils/3.0.17/plexus-utils-3.0.17.pom (3.4 kB at 283 kB/s)
[df615e9c-71ae-48e3-b379-3ded53e7f9dc/build]   | [INFO] Downloading from central: https://repo.maven.apache.org/maven2/org/apache/maven/maven-model-builder/3.3.9/maven-model-builder-3.3.9.pom
[df615e9c-71ae-48e3-b379-3ded53e7f9dc/build]   | [INFO] Downloaded from central: https://repo.maven.apache.org/maven2/org/apache/maven/maven-model-builder/3.3.9/maven-model-builder-3.3.9.pom (3.1 kB at 90 kB/s)
[df615e9c-71ae-48e3-b379-3ded53e7f9dc/build]   | [INFO] Downloading from central: https://repo.maven.apache.org/maven2/com/google/guava/guava/18.0/guava-18.0.pom
[df615e9c-71ae-48e3-b379-3ded53e7f9dc/build]   | [INFO] Downloaded from central: https://repo.maven.apache.org/maven2/com/google/guava/guava/18.0/guava-18.0.pom (5.7 kB at 195 kB/s)
[df615e9c-71ae-48e3-b379-3ded53e7f9dc/build]   | [INFO] Downloading from central: https://repo.maven.apache.org/maven2/com/google/guava/guava-parent/18.0/guava-parent-18.0.pom
[df615e9c-71ae-48e3-b379-3ded53e7f9dc/build]   | [INFO] Downloaded from central: https://repo.maven.apache.org/maven2/com/google/guava/guava-parent/18.0/guava-parent-18.0.pom (7.7 kB at 265 kB/s)
[df615e9c-71ae-48e3-b379-3ded53e7f9dc/build]   | [INFO] Downloading from central: https://repo.maven.apache.org/maven2/org/sonatype/oss/oss-parent/7/oss-parent-7.pom
[df615e9c-71ae-48e3-b379-3ded53e7f9dc/build]   | [INFO] Downloaded from central: https://repo.maven.apache.org/maven2/org/sonatype/oss/oss-parent/7/oss-parent-7.pom (4.8 kB at 85 kB/s)
[df615e9c-71ae-48e3-b379-3ded53e7f9dc/build]   | [INFO] Downloading from central: https://repo.maven.apache.org/maven2/org/apache/maven/maven-aether-provider/3.3.9/maven-aether-provider-3.3.9.pom
[df615e9c-71ae-48e3-b379-3ded53e7f9dc/build]   | [INFO] Downloaded from central: https://repo.maven.apache.org/maven2/org/apache/maven/maven-aether-provider/3.3.9/maven-aether-provider-3.3.9.pom (4.0 kB at 31 kB/s)
[df615e9c-71ae-48e3-b379-3ded53e7f9dc/build]   | [INFO] Downloading from central: https://repo.maven.apache.org/maven2/org/eclipse/aether/aether-api/1.0.2.v20150114/aether-api-1.0.2.v20150114.pom
[df615e9c-71ae-48e3-b379-3ded53e7f9dc/build]   | [INFO] Downloaded from central: https://repo.maven.apache.org/maven2/org/eclipse/aether/aether-api/1.0.2.v20150114/aether-api-1.0.2.v20150114.pom (1.8 kB at 167 kB/s)
[df615e9c-71ae-48e3-b379-3ded53e7f9dc/build]   | [INFO] Downloading from central: https://repo.maven.apache.org/maven2/org/eclipse/aether/aether/1.0.2.v20150114/aether-1.0.2.v20150114.pom
[df615e9c-71ae-48e3-b379-3ded53e7f9dc/build]   | [INFO] Downloaded from central: https://repo.maven.apache.org/maven2/org/eclipse/aether/aether/1.0.2.v20150114/aether-1.0.2.v20150114.pom (29 kB at 1.5 MB/s)
[df615e9c-71ae-48e3-b379-3ded53e7f9dc/build]   | [INFO] Downloading from central: https://repo.maven.apache.org/maven2/org/eclipse/aether/aether-spi/1.0.2.v20150114/aether-spi-1.0.2.v20150114.pom
[df615e9c-71ae-48e3-b379-3ded53e7f9dc/build]   | [INFO] Downloaded from central: https://repo.maven.apache.org/maven2/org/eclipse/aether/aether-spi/1.0.2.v20150114/aether-spi-1.0.2.v20150114.pom (2.0 kB at 180 kB/s)
[df615e9c-71ae-48e3-b379-3ded53e7f9dc/build]   | [INFO] Downloading from central: https://repo.maven.apache.org/maven2/org/eclipse/aether/aether-util/1.0.2.v20150114/aether-util-1.0.2.v20150114.pom
[df615e9c-71ae-48e3-b379-3ded53e7f9dc/build]   | [INFO] Downloaded from central: https://repo.maven.apache.org/maven2/org/eclipse/aether/aether-util/1.0.2.v20150114/aether-util-1.0.2.v20150114.pom (2.1 kB at 46 kB/s)
[df615e9c-71ae-48e3-b379-3ded53e7f9dc/build]   | [INFO] Downloading from central: https://repo.maven.apache.org/maven2/org/eclipse/aether/aether-impl/1.0.2.v20150114/aether-impl-1.0.2.v20150114.pom
[df615e9c-71ae-48e3-b379-3ded53e7f9dc/build]   | [INFO] Downloaded from central: https://repo.maven.apache.org/maven2/org/eclipse/aether/aether-impl/1.0.2.v20150114/aether-impl-1.0.2.v20150114.pom (3.4 kB at 129 kB/s)
[df615e9c-71ae-48e3-b379-3ded53e7f9dc/build]   | [INFO] Downloading from central: https://repo.maven.apache.org/maven2/com/google/inject/guice/4.0/guice-4.0.pom
[df615e9c-71ae-48e3-b379-3ded53e7f9dc/build]   | [INFO] Downloaded from central: https://repo.maven.apache.org/maven2/com/google/inject/guice/4.0/guice-4.0.pom (11 kB at 208 kB/s)
[df615e9c-71ae-48e3-b379-3ded53e7f9dc/build]   | [INFO] Downloading from central: https://repo.maven.apache.org/maven2/com/google/inject/guice-parent/4.0/guice-parent-4.0.pom
[df615e9c-71ae-48e3-b379-3ded53e7f9dc/build]   | [INFO] Downloaded from central: https://repo.maven.apache.org/maven2/com/google/inject/guice-parent/4.0/guice-parent-4.0.pom (15 kB at 352 kB/s)
[df615e9c-71ae-48e3-b379-3ded53e7f9dc/build]   | [INFO] Downloading from central: https://repo.maven.apache.org/maven2/com/google/google/5/google-5.pom
[df615e9c-71ae-48e3-b379-3ded53e7f9dc/build]   | [INFO] Downloaded from central: https://repo.maven.apache.org/maven2/com/google/google/5/google-5.pom (2.5 kB at 91 kB/s)
[df615e9c-71ae-48e3-b379-3ded53e7f9dc/build]   | [INFO] Downloading from central: https://repo.maven.apache.org/maven2/aopalliance/aopalliance/1.0/aopalliance-1.0.pom
[df615e9c-71ae-48e3-b379-3ded53e7f9dc/build]   | [INFO] Downloaded from central: https://repo.maven.apache.org/maven2/aopalliance/aopalliance/1.0/aopalliance-1.0.pom (363 B at 16 kB/s)
[df615e9c-71ae-48e3-b379-3ded53e7f9dc/build]   | [INFO] Downloading from central: https://repo.maven.apache.org/maven2/com/google/guava/guava/16.0.1/guava-16.0.1.pom
[df615e9c-71ae-48e3-b379-3ded53e7f9dc/build]   | [INFO] Downloaded from central: https://repo.maven.apache.org/maven2/com/google/guava/guava/16.0.1/guava-16.0.1.pom (6.1 kB at 120 kB/s)
[df615e9c-71ae-48e3-b379-3ded53e7f9dc/build]   | [INFO] Downloading from central: https://repo.maven.apache.org/maven2/com/google/guava/guava-parent/16.0.1/guava-parent-16.0.1.pom
[df615e9c-71ae-48e3-b379-3ded53e7f9dc/build]   | [INFO] Downloaded from central: https://repo.maven.apache.org/maven2/com/google/guava/guava-parent/16.0.1/guava-parent-16.0.1.pom (7.3 kB at 204 kB/s)
[df615e9c-71ae-48e3-b379-3ded53e7f9dc/build]   | [INFO] Downloading from central: https://repo.maven.apache.org/maven2/org/apache/maven/maven-compat/3.3.9/maven-compat-3.3.9.pom
[df615e9c-71ae-48e3-b379-3ded53e7f9dc/build]   | [INFO] Downloaded from central: https://repo.maven.apache.org/maven2/org/apache/maven/maven-compat/3.3.9/maven-compat-3.3.9.pom (3.8 kB at 87 kB/s)
[df615e9c-71ae-48e3-b379-3ded53e7f9dc/build]   | [INFO] Downloading from central: https://repo.maven.apache.org/maven2/org/apache/maven/wagon/wagon-provider-api/2.10/wagon-provider-api-2.10.pom
[df615e9c-71ae-48e3-b379-3ded53e7f9dc/build]   | [INFO] Downloaded from central: https://repo.maven.apache.org/maven2/org/apache/maven/wagon/wagon-provider-api/2.10/wagon-provider-api-2.10.pom (1.7 kB at 47 kB/s)
[df615e9c-71ae-48e3-b379-3ded53e7f9dc/build]   | [INFO] Downloading from central: https://repo.maven.apache.org/maven2/org/apache/maven/wagon/wagon/2.10/wagon-2.10.pom
[df615e9c-71ae-48e3-b379-3ded53e7f9dc/build]   | [INFO] Downloaded from central: https://repo.maven.apache.org/maven2/org/apache/maven/wagon/wagon/2.10/wagon-2.10.pom (21 kB at 1.1 MB/s)
[df615e9c-71ae-48e3-b379-3ded53e7f9dc/build]   | [INFO] Downloading from central: https://repo.maven.apache.org/maven2/org/apache/maven/maven-parent/26/maven-parent-26.pom
[df615e9c-71ae-48e3-b379-3ded53e7f9dc/build]   | [INFO] Downloaded from central: https://repo.maven.apache.org/maven2/org/apache/maven/maven-parent/26/maven-parent-26.pom (40 kB at 1.7 MB/s)
[df615e9c-71ae-48e3-b379-3ded53e7f9dc/build]   | [INFO] Downloading from central: https://repo.maven.apache.org/maven2/org/codehaus/plexus/plexus-utils/3.0.15/plexus-utils-3.0.15.pom
[df615e9c-71ae-48e3-b379-3ded53e7f9dc/build]   | [INFO] Downloaded from central: https://repo.maven.apache.org/maven2/org/codehaus/plexus/plexus-utils/3.0.15/plexus-utils-3.0.15.pom (3.1 kB at 166 kB/s)
[df615e9c-71ae-48e3-b379-3ded53e7f9dc/build]   | [INFO] Downloading from central: https://repo.maven.apache.org/maven2/org/apache/maven/reporting/maven-reporting-api/3.0/maven-reporting-api-3.0.pom
[df615e9c-71ae-48e3-b379-3ded53e7f9dc/build]   | [INFO] Downloaded from central: https://repo.maven.apache.org/maven2/org/apache/maven/reporting/maven-reporting-api/3.0/maven-reporting-api-3.0.pom (2.4 kB at 140 kB/s)
[df615e9c-71ae-48e3-b379-3ded53e7f9dc/build]   | [INFO] Downloading from central: https://repo.maven.apache.org/maven2/org/apache/maven/shared/maven-shared-components/15/maven-shared-components-15.pom
[df615e9c-71ae-48e3-b379-3ded53e7f9dc/build]   | [INFO] Downloaded from central: https://repo.maven.apache.org/maven2/org/apache/maven/shared/maven-shared-components/15/maven-shared-components-15.pom (9.3 kB at 519 kB/s)
[df615e9c-71ae-48e3-b379-3ded53e7f9dc/build]   | [INFO] Downloading from central: https://repo.maven.apache.org/maven2/org/apache/maven/maven-parent/16/maven-parent-16.pom
[df615e9c-71ae-48e3-b379-3ded53e7f9dc/build]   | [INFO] Downloaded from central: https://repo.maven.apache.org/maven2/org/apache/maven/maven-parent/16/maven-parent-16.pom (23 kB at 1.3 MB/s)
[df615e9c-71ae-48e3-b379-3ded53e7f9dc/build]   | [INFO] Downloading from central: https://repo.maven.apache.org/maven2/org/apache/apache/7/apache-7.pom
[df615e9c-71ae-48e3-b379-3ded53e7f9dc/build]   | [INFO] Downloaded from central: https://repo.maven.apache.org/maven2/org/apache/apache/7/apache-7.pom (14 kB at 687 kB/s)
[df615e9c-71ae-48e3-b379-3ded53e7f9dc/build]   | [INFO] Downloading from central: https://repo.maven.apache.org/maven2/org/apache/maven/doxia/doxia-sink-api/1.0/doxia-sink-api-1.0.pom
[df615e9c-71ae-48e3-b379-3ded53e7f9dc/build]   | [INFO] Downloaded from central: https://repo.maven.apache.org/maven2/org/apache/maven/doxia/doxia-sink-api/1.0/doxia-sink-api-1.0.pom (1.4 kB at 92 kB/s)
[df615e9c-71ae-48e3-b379-3ded53e7f9dc/build]   | [INFO] Downloading from central: https://repo.maven.apache.org/maven2/org/apache/maven/doxia/doxia/1.0/doxia-1.0.pom
[df615e9c-71ae-48e3-b379-3ded53e7f9dc/build]   | [INFO] Downloaded from central: https://repo.maven.apache.org/maven2/org/apache/maven/doxia/doxia/1.0/doxia-1.0.pom (9.6 kB at 197 kB/s)
[df615e9c-71ae-48e3-b379-3ded53e7f9dc/build]   | [INFO] Downloading from central: https://repo.maven.apache.org/maven2/org/apache/maven/maven-parent/10/maven-parent-10.pom
[df615e9c-71ae-48e3-b379-3ded53e7f9dc/build]   | [INFO] Downloaded from central: https://repo.maven.apache.org/maven2/org/apache/maven/maven-parent/10/maven-parent-10.pom (32 kB at 772 kB/s)
[df615e9c-71ae-48e3-b379-3ded53e7f9dc/build]   | [INFO] Downloading from central: https://repo.maven.apache.org/maven2/org/apache/apache/4/apache-4.pom
[df615e9c-71ae-48e3-b379-3ded53e7f9dc/build]   | [INFO] Downloaded from central: https://repo.maven.apache.org/maven2/org/apache/apache/4/apache-4.pom (4.5 kB at 79 kB/s)
[df615e9c-71ae-48e3-b379-3ded53e7f9dc/build]   | [INFO] Downloading from central: https://repo.maven.apache.org/maven2/org/apache/maven/maven-archiver/3.5.0/maven-archiver-3.5.0.pom
[df615e9c-71ae-48e3-b379-3ded53e7f9dc/build]   | [INFO] Downloaded from central: https://repo.maven.apache.org/maven2/org/apache/maven/maven-archiver/3.5.0/maven-archiver-3.5.0.pom (4.5 kB at 51 kB/s)
[df615e9c-71ae-48e3-b379-3ded53e7f9dc/build]   | [INFO] Downloading from central: https://repo.maven.apache.org/maven2/org/apache/maven/shared/maven-shared-components/33/maven-shared-components-33.pom
[df615e9c-71ae-48e3-b379-3ded53e7f9dc/build]   | [INFO] Downloaded from central: https://repo.maven.apache.org/maven2/org/apache/maven/shared/maven-shared-components/33/maven-shared-components-33.pom (5.1 kB at 182 kB/s)
[df615e9c-71ae-48e3-b379-3ded53e7f9dc/build]   | [INFO] Downloading from central: https://repo.maven.apache.org/maven2/org/apache/maven/maven-parent/33/maven-parent-33.pom
[df615e9c-71ae-48e3-b379-3ded53e7f9dc/build]   | [INFO] Downloaded from central: https://repo.maven.apache.org/maven2/org/apache/maven/maven-parent/33/maven-parent-33.pom (44 kB at 244 kB/s)
[df615e9c-71ae-48e3-b379-3ded53e7f9dc/build]   | [INFO] Downloading from central: https://repo.maven.apache.org/maven2/org/apache/maven/maven-artifact/3.0/maven-artifact-3.0.pom
[df615e9c-71ae-48e3-b379-3ded53e7f9dc/build]   | [INFO] Downloaded from central: https://repo.maven.apache.org/maven2/org/apache/maven/maven-artifact/3.0/maven-artifact-3.0.pom (1.9 kB at 161 kB/s)
[df615e9c-71ae-48e3-b379-3ded53e7f9dc/build]   | [INFO] Downloading from central: https://repo.maven.apache.org/maven2/org/apache/maven/maven/3.0/maven-3.0.pom
[df615e9c-71ae-48e3-b379-3ded53e7f9dc/build]   | [INFO] Downloaded from central: https://repo.maven.apache.org/maven2/org/apache/maven/maven/3.0/maven-3.0.pom (22 kB at 296 kB/s)
[df615e9c-71ae-48e3-b379-3ded53e7f9dc/build]   | [INFO] Downloading from central: https://repo.maven.apache.org/maven2/org/apache/maven/maven-parent/15/maven-parent-15.pom
[df615e9c-71ae-48e3-b379-3ded53e7f9dc/build]   | [INFO] Downloaded from central: https://repo.maven.apache.org/maven2/org/apache/maven/maven-parent/15/maven-parent-15.pom (24 kB at 558 kB/s)
[df615e9c-71ae-48e3-b379-3ded53e7f9dc/build]   | [INFO] Downloading from central: https://repo.maven.apache.org/maven2/org/apache/apache/6/apache-6.pom
[df615e9c-71ae-48e3-b379-3ded53e7f9dc/build]   | [INFO] Downloaded from central: https://repo.maven.apache.org/maven2/org/apache/apache/6/apache-6.pom (13 kB at 298 kB/s)
[df615e9c-71ae-48e3-b379-3ded53e7f9dc/build]   | [INFO] Downloading from central: https://repo.maven.apache.org/maven2/org/codehaus/plexus/plexus-utils/2.0.4/plexus-utils-2.0.4.pom
[df615e9c-71ae-48e3-b379-3ded53e7f9dc/build]   | [INFO] Downloaded from central: https://repo.maven.apache.org/maven2/org/codehaus/plexus/plexus-utils/2.0.4/plexus-utils-2.0.4.pom (3.3 kB at 104 kB/s)
[df615e9c-71ae-48e3-b379-3ded53e7f9dc/build]   | [INFO] Downloading from central: https://repo.maven.apache.org/maven2/org/codehaus/plexus/plexus/2.0.6/plexus-2.0.6.pom
[df615e9c-71ae-48e3-b379-3ded53e7f9dc/build]   | [INFO] Downloaded from central: https://repo.maven.apache.org/maven2/org/codehaus/plexus/plexus/2.0.6/plexus-2.0.6.pom (17 kB at 342 kB/s)
[df615e9c-71ae-48e3-b379-3ded53e7f9dc/build]   | [INFO] Downloading from central: https://repo.maven.apache.org/maven2/org/apache/maven/maven-model/3.0/maven-model-3.0.pom
[df615e9c-71ae-48e3-b379-3ded53e7f9dc/build]   | [INFO] Downloaded from central: https://repo.maven.apache.org/maven2/org/apache/maven/maven-model/3.0/maven-model-3.0.pom (3.9 kB at 56 kB/s)
[df615e9c-71ae-48e3-b379-3ded53e7f9dc/build]   | [INFO] Downloading from central: https://repo.maven.apache.org/maven2/org/apache/maven/maven-core/3.0/maven-core-3.0.pom
[df615e9c-71ae-48e3-b379-3ded53e7f9dc/build]   | [INFO] Downloaded from central: https://repo.maven.apache.org/maven2/org/apache/maven/maven-core/3.0/maven-core-3.0.pom (6.6 kB at 246 kB/s)
[df615e9c-71ae-48e3-b379-3ded53e7f9dc/build]   | [INFO] Downloading from central: https://repo.maven.apache.org/maven2/org/apache/maven/maven-settings/3.0/maven-settings-3.0.pom
[df615e9c-71ae-48e3-b379-3ded53e7f9dc/build]   | [INFO] Downloaded from central: https://repo.maven.apache.org/maven2/org/apache/maven/maven-settings/3.0/maven-settings-3.0.pom (1.9 kB at 59 kB/s)
[df615e9c-71ae-48e3-b379-3ded53e7f9dc/build]   | [INFO] Downloading from central: https://repo.maven.apache.org/maven2/org/apache/maven/maven-settings-builder/3.0/maven-settings-builder-3.0.pom
[df615e9c-71ae-48e3-b379-3ded53e7f9dc/build]   | [INFO] Downloaded from central: https://repo.maven.apache.org/maven2/org/apache/maven/maven-settings-builder/3.0/maven-settings-builder-3.0.pom (2.2 kB at 148 kB/s)
[df615e9c-71ae-48e3-b379-3ded53e7f9dc/build]   | [INFO] Downloading from central: https://repo.maven.apache.org/maven2/org/codehaus/plexus/plexus-interpolation/1.14/plexus-interpolation-1.14.pom
[df615e9c-71ae-48e3-b379-3ded53e7f9dc/build]   | [INFO] Downloaded from central: https://repo.maven.apache.org/maven2/org/codehaus/plexus/plexus-interpolation/1.14/plexus-interpolation-1.14.pom (910 B at 12 kB/s)
[df615e9c-71ae-48e3-b379-3ded53e7f9dc/build]   | [INFO] Downloading from central: https://repo.maven.apache.org/maven2/org/codehaus/plexus/plexus-components/1.1.18/plexus-components-1.1.18.pom
[df615e9c-71ae-48e3-b379-3ded53e7f9dc/build]   | [INFO] Downloaded from central: https://repo.maven.apache.org/maven2/org/codehaus/plexus/plexus-components/1.1.18/plexus-components-1.1.18.pom (5.4 kB at 141 kB/s)
[df615e9c-71ae-48e3-b379-3ded53e7f9dc/build]   | [INFO] Downloading from central: https://repo.maven.apache.org/maven2/org/apache/maven/maven-repository-metadata/3.0/maven-repository-metadata-3.0.pom
[df615e9c-71ae-48e3-b379-3ded53e7f9dc/build]   | [INFO] Downloaded from central: https://repo.maven.apache.org/maven2/org/apache/maven/maven-repository-metadata/3.0/maven-repository-metadata-3.0.pom (1.9 kB at 96 kB/s)
[df615e9c-71ae-48e3-b379-3ded53e7f9dc/build]   | [INFO] Downloading from central: https://repo.maven.apache.org/maven2/org/apache/maven/maven-plugin-api/3.0/maven-plugin-api-3.0.pom
[df615e9c-71ae-48e3-b379-3ded53e7f9dc/build]   | [INFO] Downloaded from central: https://repo.maven.apache.org/maven2/org/apache/maven/maven-plugin-api/3.0/maven-plugin-api-3.0.pom (2.3 kB at 31 kB/s)
[df615e9c-71ae-48e3-b379-3ded53e7f9dc/build]   | [INFO] Downloading from central: https://repo.maven.apache.org/maven2/org/sonatype/sisu/sisu-inject-plexus/1.4.2/sisu-inject-plexus-1.4.2.pom
[df615e9c-71ae-48e3-b379-3ded53e7f9dc/build]   | [INFO] Downloaded from central: https://repo.maven.apache.org/maven2/org/sonatype/sisu/sisu-inject-plexus/1.4.2/sisu-inject-plexus-1.4.2.pom (5.4 kB at 19 kB/s)
[df615e9c-71ae-48e3-b379-3ded53e7f9dc/build]   | [INFO] Downloading from central: https://repo.maven.apache.org/maven2/org/sonatype/sisu/inject/guice-plexus/1.4.2/guice-plexus-1.4.2.pom
[df615e9c-71ae-48e3-b379-3ded53e7f9dc/build]   | [INFO] Downloaded from central: https://repo.maven.apache.org/maven2/org/sonatype/sisu/inject/guice-plexus/1.4.2/guice-plexus-1.4.2.pom (3.1 kB at 136 kB/s)
[df615e9c-71ae-48e3-b379-3ded53e7f9dc/build]   | [INFO] Downloading from central: https://repo.maven.apache.org/maven2/org/sonatype/sisu/inject/guice-bean/1.4.2/guice-bean-1.4.2.pom
[df615e9c-71ae-48e3-b379-3ded53e7f9dc/build]   | [INFO] Downloaded from central: https://repo.maven.apache.org/maven2/org/sonatype/sisu/inject/guice-bean/1.4.2/guice-bean-1.4.2.pom (2.6 kB at 118 kB/s)
[df615e9c-71ae-48e3-b379-3ded53e7f9dc/build]   | [INFO] Downloading from central: https://repo.maven.apache.org/maven2/org/sonatype/sisu/sisu-inject/1.4.2/sisu-inject-1.4.2.pom
[df615e9c-71ae-48e3-b379-3ded53e7f9dc/build]   | [INFO] Downloaded from central: https://repo.maven.apache.org/maven2/org/sonatype/sisu/sisu-inject/1.4.2/sisu-inject-1.4.2.pom (1.2 kB at 104 kB/s)
[df615e9c-71ae-48e3-b379-3ded53e7f9dc/build]   | [INFO] Downloading from central: https://repo.maven.apache.org/maven2/org/sonatype/sisu/sisu-parent/1.4.2/sisu-parent-1.4.2.pom
[df615e9c-71ae-48e3-b379-3ded53e7f9dc/build]   | [INFO] Downloaded from central: https://repo.maven.apache.org/maven2/org/sonatype/sisu/sisu-parent/1.4.2/sisu-parent-1.4.2.pom (7.8 kB at 181 kB/s)
[df615e9c-71ae-48e3-b379-3ded53e7f9dc/build]   | [INFO] Downloading from central: https://repo.maven.apache.org/maven2/org/sonatype/forge/forge-parent/6/forge-parent-6.pom
[df615e9c-71ae-48e3-b379-3ded53e7f9dc/build]   | [INFO] Downloaded from central: https://repo.maven.apache.org/maven2/org/sonatype/forge/forge-parent/6/forge-parent-6.pom (11 kB at 224 kB/s)
[df615e9c-71ae-48e3-b379-3ded53e7f9dc/build]   | [INFO] Downloading from central: https://repo.maven.apache.org/maven2/org/codehaus/plexus/plexus-component-annotations/1.5.4/plexus-component-annotations-1.5.4.pom
[df615e9c-71ae-48e3-b379-3ded53e7f9dc/build]   | [INFO] Downloaded from central: https://repo.maven.apache.org/maven2/org/codehaus/plexus/plexus-component-annotations/1.5.4/plexus-component-annotations-1.5.4.pom (815 B at 45 kB/s)
[df615e9c-71ae-48e3-b379-3ded53e7f9dc/build]   | [INFO] Downloading from central: https://repo.maven.apache.org/maven2/org/codehaus/plexus/plexus-containers/1.5.4/plexus-containers-1.5.4.pom
[df615e9c-71ae-48e3-b379-3ded53e7f9dc/build]   | [INFO] Downloaded from central: https://repo.maven.apache.org/maven2/org/codehaus/plexus/plexus-containers/1.5.4/plexus-containers-1.5.4.pom (4.2 kB at 170 kB/s)
[df615e9c-71ae-48e3-b379-3ded53e7f9dc/build]   | [INFO] Downloading from central: https://repo.maven.apache.org/maven2/org/codehaus/plexus/plexus/2.0.5/plexus-2.0.5.pom
[df615e9c-71ae-48e3-b379-3ded53e7f9dc/build]   | [INFO] Downloaded from central: https://repo.maven.apache.org/maven2/org/codehaus/plexus/plexus/2.0.5/plexus-2.0.5.pom (17 kB at 234 kB/s)
[df615e9c-71ae-48e3-b379-3ded53e7f9dc/build]   | [INFO] Downloading from central: https://repo.maven.apache.org/maven2/org/codehaus/plexus/plexus-classworlds/2.2.3/plexus-classworlds-2.2.3.pom
[df615e9c-71ae-48e3-b379-3ded53e7f9dc/build]   | [INFO] Downloaded from central: https://repo.maven.apache.org/maven2/org/codehaus/plexus/plexus-classworlds/2.2.3/plexus-classworlds-2.2.3.pom (4.0 kB at 143 kB/s)
[df615e9c-71ae-48e3-b379-3ded53e7f9dc/build]   | [INFO] Downloading from central: https://repo.maven.apache.org/maven2/org/codehaus/plexus/plexus-utils/2.0.5/plexus-utils-2.0.5.pom
[df615e9c-71ae-48e3-b379-3ded53e7f9dc/build]   | [INFO] Downloaded from central: https://repo.maven.apache.org/maven2/org/codehaus/plexus/plexus-utils/2.0.5/plexus-utils-2.0.5.pom (3.3 kB at 68 kB/s)
[df615e9c-71ae-48e3-b379-3ded53e7f9dc/build]   | [INFO] Downloading from central: https://repo.maven.apache.org/maven2/org/sonatype/sisu/sisu-inject-bean/1.4.2/sisu-inject-bean-1.4.2.pom
[df615e9c-71ae-48e3-b379-3ded53e7f9dc/build]   | [INFO] Downloaded from central: https://repo.maven.apache.org/maven2/org/sonatype/sisu/sisu-inject-bean/1.4.2/sisu-inject-bean-1.4.2.pom (5.5 kB at 18 kB/s)
[df615e9c-71ae-48e3-b379-3ded53e7f9dc/build]   | [INFO] Downloading from central: https://repo.maven.apache.org/maven2/org/sonatype/sisu/sisu-guice/2.1.7/sisu-guice-2.1.7.pom
[df615e9c-71ae-48e3-b379-3ded53e7f9dc/build]   | [INFO] Downloaded from central: https://repo.maven.apache.org/maven2/org/sonatype/sisu/sisu-guice/2.1.7/sisu-guice-2.1.7.pom (11 kB at 138 kB/s)
[df615e9c-71ae-48e3-b379-3ded53e7f9dc/build]   | [INFO] Downloading from central: https://repo.maven.apache.org/maven2/org/apache/maven/maven-model-builder/3.0/maven-model-builder-3.0.pom
[df615e9c-71ae-48e3-b379-3ded53e7f9dc/build]   | [INFO] Downloaded from central: https://repo.maven.apache.org/maven2/org/apache/maven/maven-model-builder/3.0/maven-model-builder-3.0.pom (2.2 kB at 90 kB/s)
[df615e9c-71ae-48e3-b379-3ded53e7f9dc/build]   | [INFO] Downloading from central: https://repo.maven.apache.org/maven2/org/apache/maven/maven-aether-provider/3.0/maven-aether-provider-3.0.pom
[df615e9c-71ae-48e3-b379-3ded53e7f9dc/build]   | [INFO] Downloaded from central: https://repo.maven.apache.org/maven2/org/apache/maven/maven-aether-provider/3.0/maven-aether-provider-3.0.pom (2.5 kB at 43 kB/s)
[df615e9c-71ae-48e3-b379-3ded53e7f9dc/build]   | [INFO] Downloading from central: https://repo.maven.apache.org/maven2/org/sonatype/aether/aether-api/1.7/aether-api-1.7.pom
[df615e9c-71ae-48e3-b379-3ded53e7f9dc/build]   | [INFO] Downloaded from central: https://repo.maven.apache.org/maven2/org/sonatype/aether/aether-api/1.7/aether-api-1.7.pom (1.7 kB at 80 kB/s)
[df615e9c-71ae-48e3-b379-3ded53e7f9dc/build]   | [INFO] Downloading from central: https://repo.maven.apache.org/maven2/org/sonatype/aether/aether-parent/1.7/aether-parent-1.7.pom
[df615e9c-71ae-48e3-b379-3ded53e7f9dc/build]   | [INFO] Downloaded from central: https://repo.maven.apache.org/maven2/org/sonatype/aether/aether-parent/1.7/aether-parent-1.7.pom (7.7 kB at 32 kB/s)
[df615e9c-71ae-48e3-b379-3ded53e7f9dc/build]   | [INFO] Downloading from central: https://repo.maven.apache.org/maven2/org/sonatype/aether/aether-util/1.7/aether-util-1.7.pom
[df615e9c-71ae-48e3-b379-3ded53e7f9dc/build]   | [INFO] Downloaded from central: https://repo.maven.apache.org/maven2/org/sonatype/aether/aether-util/1.7/aether-util-1.7.pom (2.1 kB at 172 kB/s)
[df615e9c-71ae-48e3-b379-3ded53e7f9dc/build]   | [INFO] Downloading from central: https://repo.maven.apache.org/maven2/org/sonatype/aether/aether-impl/1.7/aether-impl-1.7.pom
[df615e9c-71ae-48e3-b379-3ded53e7f9dc/build]   | [INFO] Downloaded from central: https://repo.maven.apache.org/maven2/org/sonatype/aether/aether-impl/1.7/aether-impl-1.7.pom (3.7 kB at 205 kB/s)
[df615e9c-71ae-48e3-b379-3ded53e7f9dc/build]   | [INFO] Downloading from central: https://repo.maven.apache.org/maven2/org/sonatype/aether/aether-spi/1.7/aether-spi-1.7.pom
[df615e9c-71ae-48e3-b379-3ded53e7f9dc/build]   | [INFO] Downloaded from central: https://repo.maven.apache.org/maven2/org/sonatype/aether/aether-spi/1.7/aether-spi-1.7.pom (1.7 kB at 174 kB/s)
[df615e9c-71ae-48e3-b379-3ded53e7f9dc/build]   | [INFO] Downloading from central: https://repo.maven.apache.org/maven2/org/apache/maven/shared/maven-shared-utils/3.2.1/maven-shared-utils-3.2.1.pom
[df615e9c-71ae-48e3-b379-3ded53e7f9dc/build]   | [INFO] Downloaded from central: https://repo.maven.apache.org/maven2/org/apache/maven/shared/maven-shared-utils/3.2.1/maven-shared-utils-3.2.1.pom (5.6 kB at 78 kB/s)
[df615e9c-71ae-48e3-b379-3ded53e7f9dc/build]   | [INFO] Downloading from central: https://repo.maven.apache.org/maven2/org/apache/maven/shared/maven-shared-components/30/maven-shared-components-30.pom
[df615e9c-71ae-48e3-b379-3ded53e7f9dc/build]   | [INFO] Downloaded from central: https://repo.maven.apache.org/maven2/org/apache/maven/shared/maven-shared-components/30/maven-shared-components-30.pom (4.6 kB at 353 kB/s)
[df615e9c-71ae-48e3-b379-3ded53e7f9dc/build]   | [INFO] Downloading from central: https://repo.maven.apache.org/maven2/org/apache/maven/maven-parent/30/maven-parent-30.pom
[df615e9c-71ae-48e3-b379-3ded53e7f9dc/build]   | [INFO] Downloaded from central: https://repo.maven.apache.org/maven2/org/apache/maven/maven-parent/30/maven-parent-30.pom (41 kB at 939 kB/s)
[df615e9c-71ae-48e3-b379-3ded53e7f9dc/build]   | [INFO] Downloading from central: https://repo.maven.apache.org/maven2/org/apache/apache/18/apache-18.pom
[df615e9c-71ae-48e3-b379-3ded53e7f9dc/build]   | [INFO] Downloaded from central: https://repo.maven.apache.org/maven2/org/apache/apache/18/apache-18.pom (16 kB at 580 kB/s)
[df615e9c-71ae-48e3-b379-3ded53e7f9dc/build]   | [INFO] Downloading from central: https://repo.maven.apache.org/maven2/commons-io/commons-io/2.5/commons-io-2.5.pom
[df615e9c-71ae-48e3-b379-3ded53e7f9dc/build]   | [INFO] Downloaded from central: https://repo.maven.apache.org/maven2/commons-io/commons-io/2.5/commons-io-2.5.pom (13 kB at 782 kB/s)
[df615e9c-71ae-48e3-b379-3ded53e7f9dc/build]   | [INFO] Downloading from central: https://repo.maven.apache.org/maven2/org/apache/commons/commons-parent/39/commons-parent-39.pom
[df615e9c-71ae-48e3-b379-3ded53e7f9dc/build]   | [INFO] Downloaded from central: https://repo.maven.apache.org/maven2/org/apache/commons/commons-parent/39/commons-parent-39.pom (62 kB at 1.9 MB/s)
[df615e9c-71ae-48e3-b379-3ded53e7f9dc/build]   | [INFO] Downloading from central: https://repo.maven.apache.org/maven2/org/codehaus/plexus/plexus-archiver/4.2.0/plexus-archiver-4.2.0.pom
[df615e9c-71ae-48e3-b379-3ded53e7f9dc/build]   | [INFO] Downloaded from central: https://repo.maven.apache.org/maven2/org/codehaus/plexus/plexus-archiver/4.2.0/plexus-archiver-4.2.0.pom (4.8 kB at 83 kB/s)
[df615e9c-71ae-48e3-b379-3ded53e7f9dc/build]   | [INFO] Downloading from central: https://repo.maven.apache.org/maven2/org/codehaus/plexus/plexus/5.1/plexus-5.1.pom
[df615e9c-71ae-48e3-b379-3ded53e7f9dc/build]   | [INFO] Downloaded from central: https://repo.maven.apache.org/maven2/org/codehaus/plexus/plexus/5.1/plexus-5.1.pom (23 kB at 776 kB/s)
[df615e9c-71ae-48e3-b379-3ded53e7f9dc/build]   | [INFO] Downloading from central: https://repo.maven.apache.org/maven2/org/codehaus/plexus/plexus-utils/3.3.0/plexus-utils-3.3.0.pom
[df615e9c-71ae-48e3-b379-3ded53e7f9dc/build]   | [INFO] Downloaded from central: https://repo.maven.apache.org/maven2/org/codehaus/plexus/plexus-utils/3.3.0/plexus-utils-3.3.0.pom (5.2 kB at 432 kB/s)
[df615e9c-71ae-48e3-b379-3ded53e7f9dc/build]   | [INFO] Downloading from central: https://repo.maven.apache.org/maven2/org/codehaus/plexus/plexus-io/3.2.0/plexus-io-3.2.0.pom
[df615e9c-71ae-48e3-b379-3ded53e7f9dc/build]   | [INFO] Downloaded from central: https://repo.maven.apache.org/maven2/org/codehaus/plexus/plexus-io/3.2.0/plexus-io-3.2.0.pom (4.5 kB at 77 kB/s)
[df615e9c-71ae-48e3-b379-3ded53e7f9dc/build]   | [INFO] Downloading from central: https://repo.maven.apache.org/maven2/commons-io/commons-io/2.6/commons-io-2.6.pom
[df615e9c-71ae-48e3-b379-3ded53e7f9dc/build]   | [INFO] Downloaded from central: https://repo.maven.apache.org/maven2/commons-io/commons-io/2.6/commons-io-2.6.pom (14 kB at 792 kB/s)
[df615e9c-71ae-48e3-b379-3ded53e7f9dc/build]   | [INFO] Downloading from central: https://repo.maven.apache.org/maven2/org/apache/commons/commons-parent/42/commons-parent-42.pom
[df615e9c-71ae-48e3-b379-3ded53e7f9dc/build]   | [INFO] Downloaded from central: https://repo.maven.apache.org/maven2/org/apache/commons/commons-parent/42/commons-parent-42.pom (68 kB at 2.2 MB/s)
[df615e9c-71ae-48e3-b379-3ded53e7f9dc/build]   | [INFO] Downloading from central: https://repo.maven.apache.org/maven2/org/apache/commons/commons-compress/1.19/commons-compress-1.19.pom
[df615e9c-71ae-48e3-b379-3ded53e7f9dc/build]   | [INFO] Downloaded from central: https://repo.maven.apache.org/maven2/org/apache/commons/commons-compress/1.19/commons-compress-1.19.pom (18 kB at 1.2 MB/s)
[df615e9c-71ae-48e3-b379-3ded53e7f9dc/build]   | [INFO] Downloading from central: https://repo.maven.apache.org/maven2/org/apache/commons/commons-parent/48/commons-parent-48.pom
[df615e9c-71ae-48e3-b379-3ded53e7f9dc/build]   | [INFO] Downloaded from central: https://repo.maven.apache.org/maven2/org/apache/commons/commons-parent/48/commons-parent-48.pom (72 kB at 3.6 MB/s)
[df615e9c-71ae-48e3-b379-3ded53e7f9dc/build]   | [INFO] Downloading from central: https://repo.maven.apache.org/maven2/org/iq80/snappy/snappy/0.4/snappy-0.4.pom
[df615e9c-71ae-48e3-b379-3ded53e7f9dc/build]   | [INFO] Downloaded from central: https://repo.maven.apache.org/maven2/org/iq80/snappy/snappy/0.4/snappy-0.4.pom (15 kB at 909 kB/s)
[df615e9c-71ae-48e3-b379-3ded53e7f9dc/build]   | [INFO] Downloading from central: https://repo.maven.apache.org/maven2/org/tukaani/xz/1.8/xz-1.8.pom
[df615e9c-71ae-48e3-b379-3ded53e7f9dc/build]   | [INFO] Downloaded from central: https://repo.maven.apache.org/maven2/org/tukaani/xz/1.8/xz-1.8.pom (1.9 kB at 73 kB/s)
[df615e9c-71ae-48e3-b379-3ded53e7f9dc/build]   | [INFO] Downloading from central: https://repo.maven.apache.org/maven2/org/codehaus/plexus/plexus-interpolation/1.25/plexus-interpolation-1.25.pom
[df615e9c-71ae-48e3-b379-3ded53e7f9dc/build]   | [INFO] Downloaded from central: https://repo.maven.apache.org/maven2/org/codehaus/plexus/plexus-interpolation/1.25/plexus-interpolation-1.25.pom (2.6 kB at 165 kB/s)
[df615e9c-71ae-48e3-b379-3ded53e7f9dc/build]   | [INFO] Downloading from central: https://repo.maven.apache.org/maven2/org/apache/maven/shared/maven-dependency-tree/3.0/maven-dependency-tree-3.0.pom
[df615e9c-71ae-48e3-b379-3ded53e7f9dc/build]   | [INFO] Downloaded from central: https://repo.maven.apache.org/maven2/org/apache/maven/shared/maven-dependency-tree/3.0/maven-dependency-tree-3.0.pom (7.4 kB at 230 kB/s)
[df615e9c-71ae-48e3-b379-3ded53e7f9dc/build]   | [INFO] Downloading from central: https://repo.maven.apache.org/maven2/org/apache/maven/shared/maven-shared-components/21/maven-shared-components-21.pom
[df615e9c-71ae-48e3-b379-3ded53e7f9dc/build]   | [INFO] Downloaded from central: https://repo.maven.apache.org/maven2/org/apache/maven/shared/maven-shared-components/21/maven-shared-components-21.pom (5.1 kB at 284 kB/s)
[df615e9c-71ae-48e3-b379-3ded53e7f9dc/build]   | [INFO] Downloading from central: https://repo.maven.apache.org/maven2/org/apache/maven/maven-parent/25/maven-parent-25.pom
[df615e9c-71ae-48e3-b379-3ded53e7f9dc/build]   | [INFO] Downloaded from central: https://repo.maven.apache.org/maven2/org/apache/maven/maven-parent/25/maven-parent-25.pom (37 kB at 1.1 MB/s)
[df615e9c-71ae-48e3-b379-3ded53e7f9dc/build]   | [INFO] Downloading from central: https://repo.maven.apache.org/maven2/org/apache/apache/15/apache-15.pom
[df615e9c-71ae-48e3-b379-3ded53e7f9dc/build]   | [INFO] Downloaded from central: https://repo.maven.apache.org/maven2/org/apache/apache/15/apache-15.pom (15 kB at 317 kB/s)
[df615e9c-71ae-48e3-b379-3ded53e7f9dc/build]   | [INFO] Downloading from central: https://repo.maven.apache.org/maven2/org/eclipse/aether/aether-util/0.9.0.M2/aether-util-0.9.0.M2.pom
[df615e9c-71ae-48e3-b379-3ded53e7f9dc/build]   | [INFO] Downloaded from central: https://repo.maven.apache.org/maven2/org/eclipse/aether/aether-util/0.9.0.M2/aether-util-0.9.0.M2.pom (2.0 kB at 70 kB/s)
[df615e9c-71ae-48e3-b379-3ded53e7f9dc/build]   | [INFO] Downloading from central: https://repo.maven.apache.org/maven2/org/eclipse/aether/aether/0.9.0.M2/aether-0.9.0.M2.pom
[df615e9c-71ae-48e3-b379-3ded53e7f9dc/build]   | [INFO] Downloaded from central: https://repo.maven.apache.org/maven2/org/eclipse/aether/aether/0.9.0.M2/aether-0.9.0.M2.pom (28 kB at 715 kB/s)
[df615e9c-71ae-48e3-b379-3ded53e7f9dc/build]   | [INFO] Downloading from central: https://repo.maven.apache.org/maven2/org/sonatype/plexus/plexus-build-api/0.0.7/plexus-build-api-0.0.7.pom
[df615e9c-71ae-48e3-b379-3ded53e7f9dc/build]   | [INFO] Downloaded from central: https://repo.maven.apache.org/maven2/org/sonatype/plexus/plexus-build-api/0.0.7/plexus-build-api-0.0.7.pom (3.2 kB at 123 kB/s)
[df615e9c-71ae-48e3-b379-3ded53e7f9dc/build]   | [INFO] Downloading from central: https://repo.maven.apache.org/maven2/org/sonatype/spice/spice-parent/15/spice-parent-15.pom
[df615e9c-71ae-48e3-b379-3ded53e7f9dc/build]   | [INFO] Downloaded from central: https://repo.maven.apache.org/maven2/org/sonatype/spice/spice-parent/15/spice-parent-15.pom (8.4 kB at 398 kB/s)
[df615e9c-71ae-48e3-b379-3ded53e7f9dc/build]   | [INFO] Downloading from central: https://repo.maven.apache.org/maven2/org/sonatype/forge/forge-parent/5/forge-parent-5.pom
[df615e9c-71ae-48e3-b379-3ded53e7f9dc/build]   | [INFO] Downloaded from central: https://repo.maven.apache.org/maven2/org/sonatype/forge/forge-parent/5/forge-parent-5.pom (8.4 kB at 558 kB/s)
[df615e9c-71ae-48e3-b379-3ded53e7f9dc/build]   | [INFO] Downloading from central: https://repo.maven.apache.org/maven2/org/codehaus/plexus/plexus-utils/1.5.8/plexus-utils-1.5.8.pom
[df615e9c-71ae-48e3-b379-3ded53e7f9dc/build]   | [INFO] Downloaded from central: https://repo.maven.apache.org/maven2/org/codehaus/plexus/plexus-utils/1.5.8/plexus-utils-1.5.8.pom (8.1 kB at 366 kB/s)
[df615e9c-71ae-48e3-b379-3ded53e7f9dc/build]   | [INFO] Downloading from central: https://repo.maven.apache.org/maven2/org/codehaus/plexus/plexus/2.0.2/plexus-2.0.2.pom
[df615e9c-71ae-48e3-b379-3ded53e7f9dc/build]   | [INFO] Downloaded from central: https://repo.maven.apache.org/maven2/org/codehaus/plexus/plexus/2.0.2/plexus-2.0.2.pom (12 kB at 484 kB/s)
[df615e9c-71ae-48e3-b379-3ded53e7f9dc/build]   | [INFO] Downloading from central: https://repo.maven.apache.org/maven2/org/apache/maven/doxia/doxia-site-renderer/1.0/doxia-site-renderer-1.0.pom
[df615e9c-71ae-48e3-b379-3ded53e7f9dc/build]   | [INFO] Downloaded from central: https://repo.maven.apache.org/maven2/org/apache/maven/doxia/doxia-site-renderer/1.0/doxia-site-renderer-1.0.pom (4.4 kB at 138 kB/s)
[df615e9c-71ae-48e3-b379-3ded53e7f9dc/build]   | [INFO] Downloading from central: https://repo.maven.apache.org/maven2/org/apache/maven/doxia/doxia-sitetools/1.0/doxia-sitetools-1.0.pom
[df615e9c-71ae-48e3-b379-3ded53e7f9dc/build]   | [INFO] Downloaded from central: https://repo.maven.apache.org/maven2/org/apache/maven/doxia/doxia-sitetools/1.0/doxia-sitetools-1.0.pom (9.6 kB at 355 kB/s)
[df615e9c-71ae-48e3-b379-3ded53e7f9dc/build]   | [INFO] Downloading from central: https://repo.maven.apache.org/maven2/org/apache/maven/maven-parent/11/maven-parent-11.pom
[df615e9c-71ae-48e3-b379-3ded53e7f9dc/build]   | [INFO] Downloaded from central: https://repo.maven.apache.org/maven2/org/apache/maven/maven-parent/11/maven-parent-11.pom (32 kB at 2.5 MB/s)
[df615e9c-71ae-48e3-b379-3ded53e7f9dc/build]   | [INFO] Downloading from central: https://repo.maven.apache.org/maven2/org/apache/apache/5/apache-5.pom
[df615e9c-71ae-48e3-b379-3ded53e7f9dc/build]   | [INFO] Downloaded from central: https://repo.maven.apache.org/maven2/org/apache/apache/5/apache-5.pom (4.1 kB at 341 kB/s)
[df615e9c-71ae-48e3-b379-3ded53e7f9dc/build]   | [INFO] Downloading from central: https://repo.maven.apache.org/maven2/org/apache/maven/doxia/doxia-core/1.0/doxia-core-1.0.pom
[df615e9c-71ae-48e3-b379-3ded53e7f9dc/build]   | [INFO] Downloaded from central: https://repo.maven.apache.org/maven2/org/apache/maven/doxia/doxia-core/1.0/doxia-core-1.0.pom (2.4 kB at 73 kB/s)
[df615e9c-71ae-48e3-b379-3ded53e7f9dc/build]   | [INFO] Downloading from central: https://repo.maven.apache.org/maven2/org/codehaus/plexus/plexus-utils/1.5.7/plexus-utils-1.5.7.pom
[df615e9c-71ae-48e3-b379-3ded53e7f9dc/build]   | [INFO] Downloaded from central: https://repo.maven.apache.org/maven2/org/codehaus/plexus/plexus-utils/1.5.7/plexus-utils-1.5.7.pom (8.1 kB at 351 kB/s)
[df615e9c-71ae-48e3-b379-3ded53e7f9dc/build]   | [INFO] Downloading from central: https://repo.maven.apache.org/maven2/org/codehaus/plexus/plexus-container-default/1.0-alpha-30/plexus-container-default-1.0-alpha-30.pom
[df615e9c-71ae-48e3-b379-3ded53e7f9dc/build]   | [INFO] Downloaded from central: https://repo.maven.apache.org/maven2/org/codehaus/plexus/plexus-container-default/1.0-alpha-30/plexus-container-default-1.0-alpha-30.pom (3.5 kB at 99 kB/s)
[df615e9c-71ae-48e3-b379-3ded53e7f9dc/build]   | [INFO] Downloading from central: https://repo.maven.apache.org/maven2/org/codehaus/plexus/plexus-containers/1.0-alpha-30/plexus-containers-1.0-alpha-30.pom
[df615e9c-71ae-48e3-b379-3ded53e7f9dc/build]   | [INFO] Downloaded from central: https://repo.maven.apache.org/maven2/org/codehaus/plexus/plexus-containers/1.0-alpha-30/plexus-containers-1.0-alpha-30.pom (1.9 kB at 56 kB/s)
[df615e9c-71ae-48e3-b379-3ded53e7f9dc/build]   | [INFO] Downloading from central: https://repo.maven.apache.org/maven2/org/codehaus/plexus/plexus-utils/1.4.5/plexus-utils-1.4.5.pom
[df615e9c-71ae-48e3-b379-3ded53e7f9dc/build]   | [INFO] Downloaded from central: https://repo.maven.apache.org/maven2/org/codehaus/plexus/plexus-utils/1.4.5/plexus-utils-1.4.5.pom (2.3 kB at 35 kB/s)
[df615e9c-71ae-48e3-b379-3ded53e7f9dc/build]   | [INFO] Downloading from central: https://repo.maven.apache.org/maven2/org/codehaus/plexus/plexus-classworlds/1.2-alpha-9/plexus-classworlds-1.2-alpha-9.pom
[df615e9c-71ae-48e3-b379-3ded53e7f9dc/build]   | [INFO] Downloaded from central: https://repo.maven.apache.org/maven2/org/codehaus/plexus/plexus-classworlds/1.2-alpha-9/plexus-classworlds-1.2-alpha-9.pom (3.2 kB at 190 kB/s)
[df615e9c-71ae-48e3-b379-3ded53e7f9dc/build]   | [INFO] Downloading from central: https://repo.maven.apache.org/maven2/org/codehaus/plexus/plexus/1.0.10/plexus-1.0.10.pom
[df615e9c-71ae-48e3-b379-3ded53e7f9dc/build]   | [INFO] Downloaded from central: https://repo.maven.apache.org/maven2/org/codehaus/plexus/plexus/1.0.10/plexus-1.0.10.pom (8.2 kB at 223 kB/s)
[df615e9c-71ae-48e3-b379-3ded53e7f9dc/build]   | [INFO] Downloading from central: https://repo.maven.apache.org/maven2/junit/junit/3.8.1/junit-3.8.1.pom
[df615e9c-71ae-48e3-b379-3ded53e7f9dc/build]   | [INFO] Downloaded from central: https://repo.maven.apache.org/maven2/junit/junit/3.8.1/junit-3.8.1.pom (998 B at 28 kB/s)
[df615e9c-71ae-48e3-b379-3ded53e7f9dc/build]   | [INFO] Downloading from central: https://repo.maven.apache.org/maven2/org/codehaus/plexus/plexus-i18n/1.0-beta-7/plexus-i18n-1.0-beta-7.pom
[df615e9c-71ae-48e3-b379-3ded53e7f9dc/build]   | [INFO] Downloaded from central: https://repo.maven.apache.org/maven2/org/codehaus/plexus/plexus-i18n/1.0-beta-7/plexus-i18n-1.0-beta-7.pom (1.1 kB at 59 kB/s)
[df615e9c-71ae-48e3-b379-3ded53e7f9dc/build]   | [INFO] Downloading from central: https://repo.maven.apache.org/maven2/org/codehaus/plexus/plexus-components/1.1.12/plexus-components-1.1.12.pom
[df615e9c-71ae-48e3-b379-3ded53e7f9dc/build]   | [INFO] Downloaded from central: https://repo.maven.apache.org/maven2/org/codehaus/plexus/plexus-components/1.1.12/plexus-components-1.1.12.pom (3.0 kB at 72 kB/s)
[df615e9c-71ae-48e3-b379-3ded53e7f9dc/build]   | [INFO] Downloading from central: https://repo.maven.apache.org/maven2/org/codehaus/plexus/plexus-utils/1.4.1/plexus-utils-1.4.1.pom
[df615e9c-71ae-48e3-b379-3ded53e7f9dc/build]   | [INFO] Downloaded from central: https://repo.maven.apache.org/maven2/org/codehaus/plexus/plexus-utils/1.4.1/plexus-utils-1.4.1.pom (1.9 kB at 39 kB/s)
[df615e9c-71ae-48e3-b379-3ded53e7f9dc/build]   | [INFO] Downloading from central: https://repo.maven.apache.org/maven2/org/codehaus/plexus/plexus-velocity/1.1.7/plexus-velocity-1.1.7.pom
[df615e9c-71ae-48e3-b379-3ded53e7f9dc/build]   | [INFO] Downloaded from central: https://repo.maven.apache.org/maven2/org/codehaus/plexus/plexus-velocity/1.1.7/plexus-velocity-1.1.7.pom (2.0 kB at 93 kB/s)
[df615e9c-71ae-48e3-b379-3ded53e7f9dc/build]   | [INFO] Downloading from central: https://repo.maven.apache.org/maven2/org/codehaus/plexus/plexus-container-default/1.0-alpha-20/plexus-container-default-1.0-alpha-20.pom
[df615e9c-71ae-48e3-b379-3ded53e7f9dc/build]   | [INFO] Downloaded from central: https://repo.maven.apache.org/maven2/org/codehaus/plexus/plexus-container-default/1.0-alpha-20/plexus-container-default-1.0-alpha-20.pom (3.0 kB at 103 kB/s)
[df615e9c-71ae-48e3-b379-3ded53e7f9dc/build]   | [INFO] Downloading from central: https://repo.maven.apache.org/maven2/org/codehaus/plexus/plexus-containers/1.0-alpha-20/plexus-containers-1.0-alpha-20.pom
[df615e9c-71ae-48e3-b379-3ded53e7f9dc/build]   | [INFO] Downloaded from central: https://repo.maven.apache.org/maven2/org/codehaus/plexus/plexus-containers/1.0-alpha-20/plexus-containers-1.0-alpha-20.pom (1.9 kB at 105 kB/s)
[df615e9c-71ae-48e3-b379-3ded53e7f9dc/build]   | [INFO] Downloading from central: https://repo.maven.apache.org/maven2/org/codehaus/plexus/plexus-utils/1.3/plexus-utils-1.3.pom
[df615e9c-71ae-48e3-b379-3ded53e7f9dc/build]   | [INFO] Downloaded from central: https://repo.maven.apache.org/maven2/org/codehaus/plexus/plexus-utils/1.3/plexus-utils-1.3.pom (1.0 kB at 49 kB/s)
[df615e9c-71ae-48e3-b379-3ded53e7f9dc/build]   | [INFO] Downloading from central: https://repo.maven.apache.org/maven2/org/codehaus/plexus/plexus/1.0.8/plexus-1.0.8.pom
[df615e9c-71ae-48e3-b379-3ded53e7f9dc/build]   | [INFO] Downloaded from central: https://repo.maven.apache.org/maven2/org/codehaus/plexus/plexus/1.0.8/plexus-1.0.8.pom (7.2 kB at 289 kB/s)
[df615e9c-71ae-48e3-b379-3ded53e7f9dc/build]   | [INFO] Downloading from central: https://repo.maven.apache.org/maven2/org/codehaus/plexus/plexus-classworlds/1.2-alpha-7/plexus-classworlds-1.2-alpha-7.pom
[df615e9c-71ae-48e3-b379-3ded53e7f9dc/build]   | [INFO] Downloaded from central: https://repo.maven.apache.org/maven2/org/codehaus/plexus/plexus-classworlds/1.2-alpha-7/plexus-classworlds-1.2-alpha-7.pom (2.4 kB at 140 kB/s)
[df615e9c-71ae-48e3-b379-3ded53e7f9dc/build]   | [INFO] Downloading from central: https://repo.maven.apache.org/maven2/org/codehaus/plexus/plexus/1.0.9/plexus-1.0.9.pom
[df615e9c-71ae-48e3-b379-3ded53e7f9dc/build]   | [INFO] Downloaded from central: https://repo.maven.apache.org/maven2/org/codehaus/plexus/plexus/1.0.9/plexus-1.0.9.pom (7.7 kB at 384 kB/s)
[df615e9c-71ae-48e3-b379-3ded53e7f9dc/build]   | [INFO] Downloading from central: https://repo.maven.apache.org/maven2/org/apache/velocity/velocity/1.5/velocity-1.5.pom
[df615e9c-71ae-48e3-b379-3ded53e7f9dc/build]   | [INFO] Downloaded from central: https://repo.maven.apache.org/maven2/org/apache/velocity/velocity/1.5/velocity-1.5.pom (7.8 kB at 173 kB/s)
[df615e9c-71ae-48e3-b379-3ded53e7f9dc/build]   | [INFO] Downloading from central: https://repo.maven.apache.org/maven2/commons-collections/commons-collections/3.1/commons-collections-3.1.pom
[df615e9c-71ae-48e3-b379-3ded53e7f9dc/build]   | [INFO] Downloaded from central: https://repo.maven.apache.org/maven2/commons-collections/commons-collections/3.1/commons-collections-3.1.pom (6.1 kB at 320 kB/s)
[df615e9c-71ae-48e3-b379-3ded53e7f9dc/build]   | [INFO] Downloading from central: https://repo.maven.apache.org/maven2/commons-lang/commons-lang/2.1/commons-lang-2.1.pom
[df615e9c-71ae-48e3-b379-3ded53e7f9dc/build]   | [INFO] Downloaded from central: https://repo.maven.apache.org/maven2/commons-lang/commons-lang/2.1/commons-lang-2.1.pom (9.9 kB at 662 kB/s)
[df615e9c-71ae-48e3-b379-3ded53e7f9dc/build]   | [INFO] Downloading from central: https://repo.maven.apache.org/maven2/oro/oro/2.0.8/oro-2.0.8.pom
[df615e9c-71ae-48e3-b379-3ded53e7f9dc/build]   | [INFO] Downloaded from central: https://repo.maven.apache.org/maven2/oro/oro/2.0.8/oro-2.0.8.pom (140 B at 12 kB/s)
[df615e9c-71ae-48e3-b379-3ded53e7f9dc/build]   | [INFO] Downloading from central: https://repo.maven.apache.org/maven2/org/apache/maven/doxia/doxia-decoration-model/1.0/doxia-decoration-model-1.0.pom
[df615e9c-71ae-48e3-b379-3ded53e7f9dc/build]   | [INFO] Downloaded from central: https://repo.maven.apache.org/maven2/org/apache/maven/doxia/doxia-decoration-model/1.0/doxia-decoration-model-1.0.pom (3.2 kB at 143 kB/s)
[df615e9c-71ae-48e3-b379-3ded53e7f9dc/build]   | [INFO] Downloading from central: https://repo.maven.apache.org/maven2/commons-collections/commons-collections/3.2/commons-collections-3.2.pom
[df615e9c-71ae-48e3-b379-3ded53e7f9dc/build]   | [INFO] Downloaded from central: https://repo.maven.apache.org/maven2/commons-collections/commons-collections/3.2/commons-collections-3.2.pom (11 kB at 552 kB/s)
[df615e9c-71ae-48e3-b379-3ded53e7f9dc/build]   | [INFO] Downloading from central: https://repo.maven.apache.org/maven2/org/apache/maven/doxia/doxia-module-apt/1.0/doxia-module-apt-1.0.pom
[df615e9c-71ae-48e3-b379-3ded53e7f9dc/build]   | [INFO] Downloaded from central: https://repo.maven.apache.org/maven2/org/apache/maven/doxia/doxia-module-apt/1.0/doxia-module-apt-1.0.pom (2.3 kB at 23 kB/s)
[df615e9c-71ae-48e3-b379-3ded53e7f9dc/build]   | [INFO] Downloading from central: https://repo.maven.apache.org/maven2/org/apache/maven/doxia/doxia-modules/1.0/doxia-modules-1.0.pom
[df615e9c-71ae-48e3-b379-3ded53e7f9dc/build]   | [INFO] Downloaded from central: https://repo.maven.apache.org/maven2/org/apache/maven/doxia/doxia-modules/1.0/doxia-modules-1.0.pom (2.4 kB at 33 kB/s)
[df615e9c-71ae-48e3-b379-3ded53e7f9dc/build]   | [INFO] Downloading from central: https://repo.maven.apache.org/maven2/org/apache/maven/doxia/doxia-module-fml/1.0/doxia-module-fml-1.0.pom
[df615e9c-71ae-48e3-b379-3ded53e7f9dc/build]   | [INFO] Downloaded from central: https://repo.maven.apache.org/maven2/org/apache/maven/doxia/doxia-module-fml/1.0/doxia-module-fml-1.0.pom (2.7 kB at 128 kB/s)
[df615e9c-71ae-48e3-b379-3ded53e7f9dc/build]   | [INFO] Downloading from central: https://repo.maven.apache.org/maven2/org/apache/maven/doxia/doxia-module-xdoc/1.0/doxia-module-xdoc-1.0.pom
[df615e9c-71ae-48e3-b379-3ded53e7f9dc/build]   | [INFO] Downloaded from central: https://repo.maven.apache.org/maven2/org/apache/maven/doxia/doxia-module-xdoc/1.0/doxia-module-xdoc-1.0.pom (2.2 kB at 3.2 kB/s)
[df615e9c-71ae-48e3-b379-3ded53e7f9dc/build]   | [INFO] Downloading from central: https://repo.maven.apache.org/maven2/org/apache/maven/doxia/doxia-module-xhtml/1.0/doxia-module-xhtml-1.0.pom
[df615e9c-71ae-48e3-b379-3ded53e7f9dc/build]   | [INFO] Downloaded from central: https://repo.maven.apache.org/maven2/org/apache/maven/doxia/doxia-module-xhtml/1.0/doxia-module-xhtml-1.0.pom (1.6 kB at 30 kB/s)
[df615e9c-71ae-48e3-b379-3ded53e7f9dc/build]   | [INFO] Downloading from central: https://repo.maven.apache.org/maven2/org/jdom/jdom/1.1/jdom-1.1.pom
[df615e9c-71ae-48e3-b379-3ded53e7f9dc/build]   | [INFO] Downloaded from central: https://repo.maven.apache.org/maven2/org/jdom/jdom/1.1/jdom-1.1.pom (2.2 kB at 104 kB/s)
[df615e9c-71ae-48e3-b379-3ded53e7f9dc/build]   | [INFO] Downloading from central: https://repo.maven.apache.org/maven2/org/apache/felix/maven-bundle-plugin/5.1.1/maven-bundle-plugin-5.1.1.jar
[df615e9c-71ae-48e3-b379-3ded53e7f9dc/build]   | [INFO] Downloading from central: https://repo.maven.apache.org/maven2/org/osgi/org.osgi.core/6.0.0/org.osgi.core-6.0.0.jar
[df615e9c-71ae-48e3-b379-3ded53e7f9dc/build]   | [INFO] Downloading from central: https://repo.maven.apache.org/maven2/biz/aQute/bnd/biz.aQute.bndlib/5.1.1/biz.aQute.bndlib-5.1.1.jar
[df615e9c-71ae-48e3-b379-3ded53e7f9dc/build]   | [INFO] Downloading from central: https://repo.maven.apache.org/maven2/org/slf4j/slf4j-api/1.7.25/slf4j-api-1.7.25.jar
[df615e9c-71ae-48e3-b379-3ded53e7f9dc/build]   | [INFO] Downloading from central: https://repo.maven.apache.org/maven2/org/apache/felix/org.apache.felix.bundlerepository/1.6.6/org.apache.felix.bundlerepository-1.6.6.jar
[df615e9c-71ae-48e3-b379-3ded53e7f9dc/build]   | [INFO] Downloaded from central: https://repo.maven.apache.org/maven2/org/slf4j/slf4j-api/1.7.25/slf4j-api-1.7.25.jar (41 kB at 38 kB/s)
[df615e9c-71ae-48e3-b379-3ded53e7f9dc/build]   | [INFO] Downloading from central: https://repo.maven.apache.org/maven2/org/easymock/easymock/2.4/easymock-2.4.jar
[df615e9c-71ae-48e3-b379-3ded53e7f9dc/build]   | [INFO] Downloaded from central: https://repo.maven.apache.org/maven2/org/easymock/easymock/2.4/easymock-2.4.jar (81 kB at 71 kB/s)
[df615e9c-71ae-48e3-b379-3ded53e7f9dc/build]   | [INFO] Downloading from central: https://repo.maven.apache.org/maven2/org/apache/felix/org.apache.felix.utils/1.6.0/org.apache.felix.utils-1.6.0.jar
[df615e9c-71ae-48e3-b379-3ded53e7f9dc/build]   | [INFO] Downloaded from central: https://repo.maven.apache.org/maven2/org/apache/felix/org.apache.felix.bundlerepository/1.6.6/org.apache.felix.bundlerepository-1.6.6.jar (168 kB at 147 kB/s)
[df615e9c-71ae-48e3-b379-3ded53e7f9dc/build]   | [INFO] Downloading from central: https://repo.maven.apache.org/maven2/org/osgi/org.osgi.compendium/4.2.0/org.osgi.compendium-4.2.0.jar
[df615e9c-71ae-48e3-b379-3ded53e7f9dc/build]   | [INFO] Downloaded from central: https://repo.maven.apache.org/maven2/org/apache/felix/org.apache.felix.utils/1.6.0/org.apache.felix.utils-1.6.0.jar (68 kB at 56 kB/s)
[df615e9c-71ae-48e3-b379-3ded53e7f9dc/build]   | [INFO] Downloading from central: https://repo.maven.apache.org/maven2/org/apache/maven/maven-core/3.3.9/maven-core-3.3.9.jar
[df615e9c-71ae-48e3-b379-3ded53e7f9dc/build]   | [INFO] Downloaded from central: https://repo.maven.apache.org/maven2/org/osgi/org.osgi.core/6.0.0/org.osgi.core-6.0.0.jar (475 kB at 343 kB/s)
[df615e9c-71ae-48e3-b379-3ded53e7f9dc/build]   | [INFO] Downloading from central: https://repo.maven.apache.org/maven2/org/apache/maven/maven-model/3.3.9/maven-model-3.3.9.jar
[df615e9c-71ae-48e3-b379-3ded53e7f9dc/build]   | [INFO] Downloaded from central: https://repo.maven.apache.org/maven2/org/apache/maven/maven-model/3.3.9/maven-model-3.3.9.jar (164 kB at 80 kB/s)
[df615e9c-71ae-48e3-b379-3ded53e7f9dc/build]   | [INFO] Downloading from central: https://repo.maven.apache.org/maven2/org/apache/maven/maven-settings/3.3.9/maven-settings-3.3.9.jar
[df615e9c-71ae-48e3-b379-3ded53e7f9dc/build]   | [INFO] Downloaded from central: https://repo.maven.apache.org/maven2/org/apache/maven/maven-settings/3.3.9/maven-settings-3.3.9.jar (44 kB at 20 kB/s)
[df615e9c-71ae-48e3-b379-3ded53e7f9dc/build]   | [INFO] Downloading from central: https://repo.maven.apache.org/maven2/org/apache/maven/maven-settings-builder/3.3.9/maven-settings-builder-3.3.9.jar
[df615e9c-71ae-48e3-b379-3ded53e7f9dc/build]   | [INFO] Downloaded from central: https://repo.maven.apache.org/maven2/org/apache/maven/maven-settings-builder/3.3.9/maven-settings-builder-3.3.9.jar (43 kB at 19 kB/s)
[df615e9c-71ae-48e3-b379-3ded53e7f9dc/build]   | [INFO] Downloading from central: https://repo.maven.apache.org/maven2/org/apache/maven/maven-builder-support/3.3.9/maven-builder-support-3.3.9.jar
[df615e9c-71ae-48e3-b379-3ded53e7f9dc/build]   | [INFO] Downloaded from central: https://repo.maven.apache.org/maven2/org/apache/maven/maven-builder-support/3.3.9/maven-builder-support-3.3.9.jar (15 kB at 6.3 kB/s)
[df615e9c-71ae-48e3-b379-3ded53e7f9dc/build]   | [INFO] Downloading from central: https://repo.maven.apache.org/maven2/org/apache/maven/maven-repository-metadata/3.3.9/maven-repository-metadata-3.3.9.jar
[df615e9c-71ae-48e3-b379-3ded53e7f9dc/build]   | [INFO] Downloaded from central: https://repo.maven.apache.org/maven2/org/apache/maven/maven-repository-metadata/3.3.9/maven-repository-metadata-3.3.9.jar (27 kB at 11 kB/s)
[df615e9c-71ae-48e3-b379-3ded53e7f9dc/build]   | [INFO] Downloading from central: https://repo.maven.apache.org/maven2/org/apache/maven/maven-artifact/3.3.9/maven-artifact-3.3.9.jar
[df615e9c-71ae-48e3-b379-3ded53e7f9dc/build]   | [INFO] Downloaded from central: https://repo.maven.apache.org/maven2/org/osgi/org.osgi.compendium/4.2.0/org.osgi.compendium-4.2.0.jar (614 kB at 233 kB/s)
[df615e9c-71ae-48e3-b379-3ded53e7f9dc/build]   | [INFO] Downloading from central: https://repo.maven.apache.org/maven2/org/apache/maven/maven-plugin-api/3.3.9/maven-plugin-api-3.3.9.jar
[df615e9c-71ae-48e3-b379-3ded53e7f9dc/build]   | [INFO] Downloaded from central: https://repo.maven.apache.org/maven2/org/apache/maven/maven-artifact/3.3.9/maven-artifact-3.3.9.jar (55 kB at 21 kB/s)
[df615e9c-71ae-48e3-b379-3ded53e7f9dc/build]   | [INFO] Downloading from central: https://repo.maven.apache.org/maven2/org/apache/maven/maven-model-builder/3.3.9/maven-model-builder-3.3.9.jar
[df615e9c-71ae-48e3-b379-3ded53e7f9dc/build]   | [INFO] Downloaded from central: https://repo.maven.apache.org/maven2/org/apache/felix/maven-bundle-plugin/5.1.1/maven-bundle-plugin-5.1.1.jar (213 kB at 80 kB/s)
[df615e9c-71ae-48e3-b379-3ded53e7f9dc/build]   | [INFO] Downloading from central: https://repo.maven.apache.org/maven2/com/google/guava/guava/18.0/guava-18.0.jar
[df615e9c-71ae-48e3-b379-3ded53e7f9dc/build]   | [INFO] Downloaded from central: https://repo.maven.apache.org/maven2/org/apache/maven/maven-plugin-api/3.3.9/maven-plugin-api-3.3.9.jar (47 kB at 16 kB/s)
[df615e9c-71ae-48e3-b379-3ded53e7f9dc/build]   | [INFO] Downloading from central: https://repo.maven.apache.org/maven2/org/apache/maven/maven-aether-provider/3.3.9/maven-aether-provider-3.3.9.jar
[df615e9c-71ae-48e3-b379-3ded53e7f9dc/build]   | [INFO] Downloaded from central: https://repo.maven.apache.org/maven2/org/apache/maven/maven-aether-provider/3.3.9/maven-aether-provider-3.3.9.jar (67 kB at 21 kB/s)
[df615e9c-71ae-48e3-b379-3ded53e7f9dc/build]   | [INFO] Downloading from central: https://repo.maven.apache.org/maven2/org/eclipse/aether/aether-spi/1.0.2.v20150114/aether-spi-1.0.2.v20150114.jar
[df615e9c-71ae-48e3-b379-3ded53e7f9dc/build]   | [INFO] Downloaded from central: https://repo.maven.apache.org/maven2/org/eclipse/aether/aether-spi/1.0.2.v20150114/aether-spi-1.0.2.v20150114.jar (31 kB at 9.7 kB/s)
[df615e9c-71ae-48e3-b379-3ded53e7f9dc/build]   | [INFO] Downloading from central: https://repo.maven.apache.org/maven2/org/eclipse/aether/aether-impl/1.0.2.v20150114/aether-impl-1.0.2.v20150114.jar
[df615e9c-71ae-48e3-b379-3ded53e7f9dc/build]   | [INFO] Downloaded from central: https://repo.maven.apache.org/maven2/org/apache/maven/maven-model-builder/3.3.9/maven-model-builder-3.3.9.jar (177 kB at 53 kB/s)
[df615e9c-71ae-48e3-b379-3ded53e7f9dc/build]   | [INFO] Downloading from central: https://repo.maven.apache.org/maven2/org/eclipse/aether/aether-api/1.0.2.v20150114/aether-api-1.0.2.v20150114.jar
[df615e9c-71ae-48e3-b379-3ded53e7f9dc/build]   | [INFO] Downloaded from central: https://repo.maven.apache.org/maven2/org/apache/maven/maven-core/3.3.9/maven-core-3.3.9.jar (638 kB at 191 kB/s)
[df615e9c-71ae-48e3-b379-3ded53e7f9dc/build]   | [INFO] Downloading from central: https://repo.maven.apache.org/maven2/org/eclipse/aether/aether-util/1.0.2.v20150114/aether-util-1.0.2.v20150114.jar
[df615e9c-71ae-48e3-b379-3ded53e7f9dc/build]   | [INFO] Downloaded from central: https://repo.maven.apache.org/maven2/org/eclipse/aether/aether-impl/1.0.2.v20150114/aether-impl-1.0.2.v20150114.jar (173 kB at 52 kB/s)
[df615e9c-71ae-48e3-b379-3ded53e7f9dc/build]   | [INFO] Downloading from central: https://repo.maven.apache.org/maven2/org/eclipse/sisu/org.eclipse.sisu.plexus/0.3.2/org.eclipse.sisu.plexus-0.3.2.jar
[df615e9c-71ae-48e3-b379-3ded53e7f9dc/build]   | [INFO] Downloaded from central: https://repo.maven.apache.org/maven2/org/eclipse/aether/aether-util/1.0.2.v20150114/aether-util-1.0.2.v20150114.jar (147 kB at 43 kB/s)
[df615e9c-71ae-48e3-b379-3ded53e7f9dc/build]   | [INFO] Downloading from central: https://repo.maven.apache.org/maven2/javax/enterprise/cdi-api/1.0/cdi-api-1.0.jar
[df615e9c-71ae-48e3-b379-3ded53e7f9dc/build]   | [INFO] Downloaded from central: https://repo.maven.apache.org/maven2/org/eclipse/aether/aether-api/1.0.2.v20150114/aether-api-1.0.2.v20150114.jar (136 kB at 40 kB/s)
[df615e9c-71ae-48e3-b379-3ded53e7f9dc/build]   | [INFO] Downloading from central: https://repo.maven.apache.org/maven2/javax/annotation/jsr250-api/1.0/jsr250-api-1.0.jar
[df615e9c-71ae-48e3-b379-3ded53e7f9dc/build]   | [INFO] Downloaded from central: https://repo.maven.apache.org/maven2/javax/annotation/jsr250-api/1.0/jsr250-api-1.0.jar (5.8 kB at 1.7 kB/s)
[df615e9c-71ae-48e3-b379-3ded53e7f9dc/build]   | [INFO] Downloading from central: https://repo.maven.apache.org/maven2/org/eclipse/sisu/org.eclipse.sisu.inject/0.3.2/org.eclipse.sisu.inject-0.3.2.jar
[df615e9c-71ae-48e3-b379-3ded53e7f9dc/build]   | [INFO] Downloaded from central: https://repo.maven.apache.org/maven2/javax/enterprise/cdi-api/1.0/cdi-api-1.0.jar (45 kB at 13 kB/s)
[df615e9c-71ae-48e3-b379-3ded53e7f9dc/build]   | [INFO] Downloading from central: https://repo.maven.apache.org/maven2/com/google/inject/guice/4.0/guice-4.0-no_aop.jar
[df615e9c-71ae-48e3-b379-3ded53e7f9dc/build]   | [INFO] Downloaded from central: https://repo.maven.apache.org/maven2/org/eclipse/sisu/org.eclipse.sisu.plexus/0.3.2/org.eclipse.sisu.plexus-0.3.2.jar (205 kB at 60 kB/s)
[df615e9c-71ae-48e3-b379-3ded53e7f9dc/build]   | [INFO] Downloading from central: https://repo.maven.apache.org/maven2/javax/inject/javax.inject/1/javax.inject-1.jar
[df615e9c-71ae-48e3-b379-3ded53e7f9dc/build]   | [INFO] Downloaded from central: https://repo.maven.apache.org/maven2/javax/inject/javax.inject/1/javax.inject-1.jar (2.5 kB at 718 B/s)
[df615e9c-71ae-48e3-b379-3ded53e7f9dc/build]   | [INFO] Downloading from central: https://repo.maven.apache.org/maven2/aopalliance/aopalliance/1.0/aopalliance-1.0.jar
[df615e9c-71ae-48e3-b379-3ded53e7f9dc/build]   | [INFO] Downloaded from central: https://repo.maven.apache.org/maven2/aopalliance/aopalliance/1.0/aopalliance-1.0.jar (4.5 kB at 1.3 kB/s)
[df615e9c-71ae-48e3-b379-3ded53e7f9dc/build]   | [INFO] Downloading from central: https://repo.maven.apache.org/maven2/org/codehaus/plexus/plexus-interpolation/1.21/plexus-interpolation-1.21.jar
[df615e9c-71ae-48e3-b379-3ded53e7f9dc/build]   | [INFO] Downloaded from central: https://repo.maven.apache.org/maven2/org/codehaus/plexus/plexus-interpolation/1.21/plexus-interpolation-1.21.jar (62 kB at 17 kB/s)
[df615e9c-71ae-48e3-b379-3ded53e7f9dc/build]   | [INFO] Downloading from central: https://repo.maven.apache.org/maven2/org/codehaus/plexus/plexus-classworlds/2.5.2/plexus-classworlds-2.5.2.jar
[df615e9c-71ae-48e3-b379-3ded53e7f9dc/build]   | [INFO] Downloaded from central: https://repo.maven.apache.org/maven2/org/eclipse/sisu/org.eclipse.sisu.inject/0.3.2/org.eclipse.sisu.inject-0.3.2.jar (378 kB at 105 kB/s)
[df615e9c-71ae-48e3-b379-3ded53e7f9dc/build]   | [INFO] Downloading from central: https://repo.maven.apache.org/maven2/org/codehaus/plexus/plexus-component-annotations/1.6/plexus-component-annotations-1.6.jar
[df615e9c-71ae-48e3-b379-3ded53e7f9dc/build]   | [INFO] Downloaded from central: https://repo.maven.apache.org/maven2/org/codehaus/plexus/plexus-component-annotations/1.6/plexus-component-annotations-1.6.jar (4.3 kB at 1.2 kB/s)
[df615e9c-71ae-48e3-b379-3ded53e7f9dc/build]   | [INFO] Downloading from central: https://repo.maven.apache.org/maven2/org/sonatype/plexus/plexus-sec-dispatcher/1.3/plexus-sec-dispatcher-1.3.jar
[df615e9c-71ae-48e3-b379-3ded53e7f9dc/build]   | [INFO] Downloaded from central: https://repo.maven.apache.org/maven2/org/codehaus/plexus/plexus-classworlds/2.5.2/plexus-classworlds-2.5.2.jar (53 kB at 15 kB/s)
[df615e9c-71ae-48e3-b379-3ded53e7f9dc/build]   | [INFO] Downloading from central: https://repo.maven.apache.org/maven2/org/sonatype/plexus/plexus-cipher/1.4/plexus-cipher-1.4.jar
[df615e9c-71ae-48e3-b379-3ded53e7f9dc/build]   | [INFO] Downloaded from central: https://repo.maven.apache.org/maven2/org/sonatype/plexus/plexus-sec-dispatcher/1.3/plexus-sec-dispatcher-1.3.jar (29 kB at 7.8 kB/s)
[df615e9c-71ae-48e3-b379-3ded53e7f9dc/build]   | [INFO] Downloading from central: https://repo.maven.apache.org/maven2/org/apache/commons/commons-lang3/3.4/commons-lang3-3.4.jar
[df615e9c-71ae-48e3-b379-3ded53e7f9dc/build]   | [INFO] Downloaded from central: https://repo.maven.apache.org/maven2/org/sonatype/plexus/plexus-cipher/1.4/plexus-cipher-1.4.jar (13 kB at 3.7 kB/s)
[df615e9c-71ae-48e3-b379-3ded53e7f9dc/build]   | [INFO] Downloading from central: https://repo.maven.apache.org/maven2/org/apache/maven/maven-compat/3.3.9/maven-compat-3.3.9.jar
[df615e9c-71ae-48e3-b379-3ded53e7f9dc/build]   | [INFO] Downloaded from central: https://repo.maven.apache.org/maven2/org/apache/maven/maven-compat/3.3.9/maven-compat-3.3.9.jar (290 kB at 76 kB/s)
[df615e9c-71ae-48e3-b379-3ded53e7f9dc/build]   | [INFO] Downloading from central: https://repo.maven.apache.org/maven2/org/apache/maven/wagon/wagon-provider-api/2.10/wagon-provider-api-2.10.jar
[df615e9c-71ae-48e3-b379-3ded53e7f9dc/build]   | [INFO] Downloaded from central: https://repo.maven.apache.org/maven2/org/apache/commons/commons-lang3/3.4/commons-lang3-3.4.jar (435 kB at 114 kB/s)
[df615e9c-71ae-48e3-b379-3ded53e7f9dc/build]   | [INFO] Downloading from central: https://repo.maven.apache.org/maven2/org/apache/maven/reporting/maven-reporting-api/3.0/maven-reporting-api-3.0.jar
[df615e9c-71ae-48e3-b379-3ded53e7f9dc/build]   | [INFO] Downloaded from central: https://repo.maven.apache.org/maven2/org/apache/maven/reporting/maven-reporting-api/3.0/maven-reporting-api-3.0.jar (11 kB at 2.9 kB/s)
[df615e9c-71ae-48e3-b379-3ded53e7f9dc/build]   | [INFO] Downloading from central: https://repo.maven.apache.org/maven2/org/apache/maven/maven-archiver/3.5.0/maven-archiver-3.5.0.jar
[df615e9c-71ae-48e3-b379-3ded53e7f9dc/build]   | [INFO] Downloaded from central: https://repo.maven.apache.org/maven2/org/apache/maven/wagon/wagon-provider-api/2.10/wagon-provider-api-2.10.jar (54 kB at 14 kB/s)
[df615e9c-71ae-48e3-b379-3ded53e7f9dc/build]   | [INFO] Downloading from central: https://repo.maven.apache.org/maven2/org/apache/maven/shared/maven-shared-utils/3.2.1/maven-shared-utils-3.2.1.jar
[df615e9c-71ae-48e3-b379-3ded53e7f9dc/build]   | [INFO] Downloaded from central: https://repo.maven.apache.org/maven2/com/google/inject/guice/4.0/guice-4.0-no_aop.jar (424 kB at 109 kB/s)
[df615e9c-71ae-48e3-b379-3ded53e7f9dc/build]   | [INFO] Downloading from central: https://repo.maven.apache.org/maven2/commons-io/commons-io/2.5/commons-io-2.5.jar
[df615e9c-71ae-48e3-b379-3ded53e7f9dc/build]   | [INFO] Downloaded from central: https://repo.maven.apache.org/maven2/org/apache/maven/maven-archiver/3.5.0/maven-archiver-3.5.0.jar (26 kB at 6.6 kB/s)
[df615e9c-71ae-48e3-b379-3ded53e7f9dc/build]   | [INFO] Downloading from central: https://repo.maven.apache.org/maven2/org/codehaus/plexus/plexus-archiver/4.2.0/plexus-archiver-4.2.0.jar
[df615e9c-71ae-48e3-b379-3ded53e7f9dc/build]   | [INFO] Downloaded from central: https://repo.maven.apache.org/maven2/org/apache/maven/shared/maven-shared-utils/3.2.1/maven-shared-utils-3.2.1.jar (167 kB at 43 kB/s)
[df615e9c-71ae-48e3-b379-3ded53e7f9dc/build]   | [INFO] Downloading from central: https://repo.maven.apache.org/maven2/org/codehaus/plexus/plexus-io/3.2.0/plexus-io-3.2.0.jar
[df615e9c-71ae-48e3-b379-3ded53e7f9dc/build]   | [INFO] Downloaded from central: https://repo.maven.apache.org/maven2/org/codehaus/plexus/plexus-io/3.2.0/plexus-io-3.2.0.jar (76 kB at 19 kB/s)
[df615e9c-71ae-48e3-b379-3ded53e7f9dc/build]   | [INFO] Downloading from central: https://repo.maven.apache.org/maven2/org/apache/commons/commons-compress/1.19/commons-compress-1.19.jar
[df615e9c-71ae-48e3-b379-3ded53e7f9dc/build]   | [INFO] Downloaded from central: https://repo.maven.apache.org/maven2/commons-io/commons-io/2.5/commons-io-2.5.jar (209 kB at 49 kB/s)
[df615e9c-71ae-48e3-b379-3ded53e7f9dc/build]   | [INFO] Downloading from central: https://repo.maven.apache.org/maven2/org/iq80/snappy/snappy/0.4/snappy-0.4.jar
[df615e9c-71ae-48e3-b379-3ded53e7f9dc/build]   | [INFO] Downloaded from central: https://repo.maven.apache.org/maven2/biz/aQute/bnd/biz.aQute.bndlib/5.1.1/biz.aQute.bndlib-5.1.1.jar (3.7 MB at 851 kB/s)
[df615e9c-71ae-48e3-b379-3ded53e7f9dc/build]   | [INFO] Downloading from central: https://repo.maven.apache.org/maven2/org/tukaani/xz/1.8/xz-1.8.jar
[df615e9c-71ae-48e3-b379-3ded53e7f9dc/build]   | [INFO] Downloaded from central: https://repo.maven.apache.org/maven2/org/iq80/snappy/snappy/0.4/snappy-0.4.jar (58 kB at 13 kB/s)
[df615e9c-71ae-48e3-b379-3ded53e7f9dc/build]   | [INFO] Downloading from central: https://repo.maven.apache.org/maven2/org/apache/maven/shared/maven-dependency-tree/3.0/maven-dependency-tree-3.0.jar
[df615e9c-71ae-48e3-b379-3ded53e7f9dc/build]   | [INFO] Downloaded from central: https://repo.maven.apache.org/maven2/org/apache/maven/shared/maven-dependency-tree/3.0/maven-dependency-tree-3.0.jar (37 kB at 8.4 kB/s)
[df615e9c-71ae-48e3-b379-3ded53e7f9dc/build]   | [INFO] Downloading from central: https://repo.maven.apache.org/maven2/org/codehaus/plexus/plexus-utils/3.3.0/plexus-utils-3.3.0.jar
[df615e9c-71ae-48e3-b379-3ded53e7f9dc/build]   | [INFO] Downloaded from central: https://repo.maven.apache.org/maven2/org/tukaani/xz/1.8/xz-1.8.jar (109 kB at 25 kB/s)
[df615e9c-71ae-48e3-b379-3ded53e7f9dc/build]   | [INFO] Downloading from central: https://repo.maven.apache.org/maven2/org/sonatype/plexus/plexus-build-api/0.0.7/plexus-build-api-0.0.7.jar
[df615e9c-71ae-48e3-b379-3ded53e7f9dc/build]   | [INFO] Downloaded from central: https://repo.maven.apache.org/maven2/org/sonatype/plexus/plexus-build-api/0.0.7/plexus-build-api-0.0.7.jar (8.5 kB at 1.9 kB/s)
[df615e9c-71ae-48e3-b379-3ded53e7f9dc/build]   | [INFO] Downloading from central: https://repo.maven.apache.org/maven2/org/apache/maven/doxia/doxia-sink-api/1.0/doxia-sink-api-1.0.jar
[df615e9c-71ae-48e3-b379-3ded53e7f9dc/build]   | [INFO] Downloaded from central: https://repo.maven.apache.org/maven2/org/codehaus/plexus/plexus-archiver/4.2.0/plexus-archiver-4.2.0.jar (196 kB at 44 kB/s)
[df615e9c-71ae-48e3-b379-3ded53e7f9dc/build]   | [INFO] Downloading from central: https://repo.maven.apache.org/maven2/org/apache/maven/doxia/doxia-site-renderer/1.0/doxia-site-renderer-1.0.jar
[df615e9c-71ae-48e3-b379-3ded53e7f9dc/build]   | [INFO] Downloaded from central: https://repo.maven.apache.org/maven2/org/codehaus/plexus/plexus-utils/3.3.0/plexus-utils-3.3.0.jar (263 kB at 59 kB/s)
[df615e9c-71ae-48e3-b379-3ded53e7f9dc/build]   | [INFO] Downloading from central: https://repo.maven.apache.org/maven2/org/apache/maven/doxia/doxia-core/1.0/doxia-core-1.0.jar
[df615e9c-71ae-48e3-b379-3ded53e7f9dc/build]   | [INFO] Downloaded from central: https://repo.maven.apache.org/maven2/org/apache/maven/doxia/doxia-sink-api/1.0/doxia-sink-api-1.0.jar (10 kB at 2.3 kB/s)
[df615e9c-71ae-48e3-b379-3ded53e7f9dc/build]   | [INFO] Downloading from central: https://repo.maven.apache.org/maven2/org/codehaus/plexus/plexus-i18n/1.0-beta-7/plexus-i18n-1.0-beta-7.jar
[df615e9c-71ae-48e3-b379-3ded53e7f9dc/build]   | [INFO] Downloaded from central: https://repo.maven.apache.org/maven2/org/apache/maven/doxia/doxia-site-renderer/1.0/doxia-site-renderer-1.0.jar (47 kB at 10 kB/s)
[df615e9c-71ae-48e3-b379-3ded53e7f9dc/build]   | [INFO] Downloading from central: https://repo.maven.apache.org/maven2/org/codehaus/plexus/plexus-container-default/1.0-alpha-30/plexus-container-default-1.0-alpha-30.jar
[df615e9c-71ae-48e3-b379-3ded53e7f9dc/build]   | [INFO] Downloaded from central: https://repo.maven.apache.org/maven2/org/codehaus/plexus/plexus-i18n/1.0-beta-7/plexus-i18n-1.0-beta-7.jar (11 kB at 2.3 kB/s)
[df615e9c-71ae-48e3-b379-3ded53e7f9dc/build]   | [INFO] Downloading from central: https://repo.maven.apache.org/maven2/junit/junit/3.8.1/junit-3.8.1.jar
[df615e9c-71ae-48e3-b379-3ded53e7f9dc/build]   | [INFO] Downloaded from central: https://repo.maven.apache.org/maven2/org/apache/maven/doxia/doxia-core/1.0/doxia-core-1.0.jar (55 kB at 12 kB/s)
[df615e9c-71ae-48e3-b379-3ded53e7f9dc/build]   | [INFO] Downloading from central: https://repo.maven.apache.org/maven2/org/codehaus/plexus/plexus-velocity/1.1.7/plexus-velocity-1.1.7.jar
[df615e9c-71ae-48e3-b379-3ded53e7f9dc/build]   | [INFO] Downloaded from central: https://repo.maven.apache.org/maven2/org/codehaus/plexus/plexus-container-default/1.0-alpha-30/plexus-container-default-1.0-alpha-30.jar (237 kB at 52 kB/s)
[df615e9c-71ae-48e3-b379-3ded53e7f9dc/build]   | [INFO] Downloading from central: https://repo.maven.apache.org/maven2/org/apache/velocity/velocity/1.5/velocity-1.5.jar
[df615e9c-71ae-48e3-b379-3ded53e7f9dc/build]   | [INFO] Downloaded from central: https://repo.maven.apache.org/maven2/org/codehaus/plexus/plexus-velocity/1.1.7/plexus-velocity-1.1.7.jar (7.7 kB at 1.7 kB/s)
[df615e9c-71ae-48e3-b379-3ded53e7f9dc/build]   | [INFO] Downloading from central: https://repo.maven.apache.org/maven2/commons-lang/commons-lang/2.1/commons-lang-2.1.jar
[df615e9c-71ae-48e3-b379-3ded53e7f9dc/build]   | [INFO] Downloaded from central: https://repo.maven.apache.org/maven2/junit/junit/3.8.1/junit-3.8.1.jar (121 kB at 27 kB/s)
[df615e9c-71ae-48e3-b379-3ded53e7f9dc/build]   | [INFO] Downloading from central: https://repo.maven.apache.org/maven2/oro/oro/2.0.8/oro-2.0.8.jar
[df615e9c-71ae-48e3-b379-3ded53e7f9dc/build]   | [INFO] Downloaded from central: https://repo.maven.apache.org/maven2/com/google/guava/guava/18.0/guava-18.0.jar (2.3 MB at 491 kB/s)
[df615e9c-71ae-48e3-b379-3ded53e7f9dc/build]   | [INFO] Downloading from central: https://repo.maven.apache.org/maven2/org/apache/maven/doxia/doxia-decoration-model/1.0/doxia-decoration-model-1.0.jar
[df615e9c-71ae-48e3-b379-3ded53e7f9dc/build]   | [INFO] Downloaded from central: https://repo.maven.apache.org/maven2/oro/oro/2.0.8/oro-2.0.8.jar (65 kB at 14 kB/s)
[df615e9c-71ae-48e3-b379-3ded53e7f9dc/build]   | [INFO] Downloading from central: https://repo.maven.apache.org/maven2/commons-collections/commons-collections/3.2/commons-collections-3.2.jar
[df615e9c-71ae-48e3-b379-3ded53e7f9dc/build]   | [INFO] Downloaded from central: https://repo.maven.apache.org/maven2/commons-lang/commons-lang/2.1/commons-lang-2.1.jar (208 kB at 45 kB/s)
[df615e9c-71ae-48e3-b379-3ded53e7f9dc/build]   | [INFO] Downloading from central: https://repo.maven.apache.org/maven2/org/apache/maven/doxia/doxia-module-apt/1.0/doxia-module-apt-1.0.jar
[df615e9c-71ae-48e3-b379-3ded53e7f9dc/build]   | [INFO] Downloaded from central: https://repo.maven.apache.org/maven2/org/apache/maven/doxia/doxia-decoration-model/1.0/doxia-decoration-model-1.0.jar (49 kB at 11 kB/s)
[df615e9c-71ae-48e3-b379-3ded53e7f9dc/build]   | [INFO] Downloading from central: https://repo.maven.apache.org/maven2/org/apache/maven/doxia/doxia-module-fml/1.0/doxia-module-fml-1.0.jar
[df615e9c-71ae-48e3-b379-3ded53e7f9dc/build]   | [INFO] Downloaded from central: https://repo.maven.apache.org/maven2/org/apache/maven/doxia/doxia-module-apt/1.0/doxia-module-apt-1.0.jar (47 kB at 10 kB/s)
[df615e9c-71ae-48e3-b379-3ded53e7f9dc/build]   | [INFO] Downloading from central: https://repo.maven.apache.org/maven2/org/apache/maven/doxia/doxia-module-xdoc/1.0/doxia-module-xdoc-1.0.jar
[df615e9c-71ae-48e3-b379-3ded53e7f9dc/build]   | [INFO] Downloaded from central: https://repo.maven.apache.org/maven2/org/apache/maven/doxia/doxia-module-fml/1.0/doxia-module-fml-1.0.jar (19 kB at 4.0 kB/s)
[df615e9c-71ae-48e3-b379-3ded53e7f9dc/build]   | [INFO] Downloading from central: https://repo.maven.apache.org/maven2/org/apache/maven/doxia/doxia-module-xhtml/1.0/doxia-module-xhtml-1.0.jar
[df615e9c-71ae-48e3-b379-3ded53e7f9dc/build]   | [INFO] Downloaded from central: https://repo.maven.apache.org/maven2/org/apache/maven/doxia/doxia-module-xdoc/1.0/doxia-module-xdoc-1.0.jar (28 kB at 5.9 kB/s)
[df615e9c-71ae-48e3-b379-3ded53e7f9dc/build]   | [INFO] Downloading from central: https://repo.maven.apache.org/maven2/org/jdom/jdom/1.1/jdom-1.1.jar
[df615e9c-71ae-48e3-b379-3ded53e7f9dc/build]   | [INFO] Downloaded from central: https://repo.maven.apache.org/maven2/commons-collections/commons-collections/3.2/commons-collections-3.2.jar (571 kB at 122 kB/s)
[df615e9c-71ae-48e3-b379-3ded53e7f9dc/build]   | [INFO] Downloaded from central: https://repo.maven.apache.org/maven2/org/apache/velocity/velocity/1.5/velocity-1.5.jar (392 kB at 84 kB/s)
[df615e9c-71ae-48e3-b379-3ded53e7f9dc/build]   | [INFO] Downloaded from central: https://repo.maven.apache.org/maven2/org/apache/maven/doxia/doxia-module-xhtml/1.0/doxia-module-xhtml-1.0.jar (22 kB at 4.6 kB/s)
[df615e9c-71ae-48e3-b379-3ded53e7f9dc/build]   | [INFO] Downloaded from central: https://repo.maven.apache.org/maven2/org/jdom/jdom/1.1/jdom-1.1.jar (153 kB at 32 kB/s)
[df615e9c-71ae-48e3-b379-3ded53e7f9dc/build]   | [INFO] Downloaded from central: https://repo.maven.apache.org/maven2/org/apache/commons/commons-compress/1.19/commons-compress-1.19.jar (615 kB at 127 kB/s)
[df615e9c-71ae-48e3-b379-3ded53e7f9dc/build]   | [INFO] 
[df615e9c-71ae-48e3-b379-3ded53e7f9dc/build]   | [INFO] --------------------------< org.dyn4j:dyn4j >---------------------------
[df615e9c-71ae-48e3-b379-3ded53e7f9dc/build]   | [INFO] Building dyn4j 4.1.3
[df615e9c-71ae-48e3-b379-3ded53e7f9dc/build]   | [INFO] -------------------------------[ bundle ]-------------------------------
[df615e9c-71ae-48e3-b379-3ded53e7f9dc/build]   | [INFO] Downloading from central: https://repo.maven.apache.org/maven2/org/apache/maven/plugins/maven-deploy-plugin/maven-metadata.xml
[df615e9c-71ae-48e3-b379-3ded53e7f9dc/build]   | [INFO] Downloaded from central: https://repo.maven.apache.org/maven2/org/apache/maven/plugins/maven-deploy-plugin/maven-metadata.xml (870 B at 18 kB/s)
[df615e9c-71ae-48e3-b379-3ded53e7f9dc/build]   | [INFO] Downloading from central: https://repo.maven.apache.org/maven2/org/apache/maven/plugins/maven-deploy-plugin/3.1.1/maven-deploy-plugin-3.1.1.pom
[df615e9c-71ae-48e3-b379-3ded53e7f9dc/build]   | [INFO] Downloaded from central: https://repo.maven.apache.org/maven2/org/apache/maven/plugins/maven-deploy-plugin/3.1.1/maven-deploy-plugin-3.1.1.pom (8.9 kB at 521 kB/s)
[df615e9c-71ae-48e3-b379-3ded53e7f9dc/build]   | [INFO] Downloading from central: https://repo.maven.apache.org/maven2/org/apache/maven/plugins/maven-plugins/39/maven-plugins-39.pom
[df615e9c-71ae-48e3-b379-3ded53e7f9dc/build]   | [INFO] Downloaded from central: https://repo.maven.apache.org/maven2/org/apache/maven/plugins/maven-plugins/39/maven-plugins-39.pom (8.1 kB at 385 kB/s)
[df615e9c-71ae-48e3-b379-3ded53e7f9dc/build]   | [INFO] Downloading from central: https://repo.maven.apache.org/maven2/org/apache/maven/maven-parent/39/maven-parent-39.pom
[df615e9c-71ae-48e3-b379-3ded53e7f9dc/build]   | [INFO] Downloaded from central: https://repo.maven.apache.org/maven2/org/apache/maven/maven-parent/39/maven-parent-39.pom (48 kB at 1.3 MB/s)
[df615e9c-71ae-48e3-b379-3ded53e7f9dc/build]   | [INFO] Downloading from central: https://repo.maven.apache.org/maven2/org/apache/apache/29/apache-29.pom
[df615e9c-71ae-48e3-b379-3ded53e7f9dc/build]   | [INFO] Downloaded from central: https://repo.maven.apache.org/maven2/org/apache/apache/29/apache-29.pom (21 kB at 942 kB/s)
[df615e9c-71ae-48e3-b379-3ded53e7f9dc/build]   | [INFO] Downloading from central: https://repo.maven.apache.org/maven2/org/apache/maven/plugins/maven-deploy-plugin/3.1.1/maven-deploy-plugin-3.1.1.jar
[df615e9c-71ae-48e3-b379-3ded53e7f9dc/build]   | [INFO] Downloaded from central: https://repo.maven.apache.org/maven2/org/apache/maven/plugins/maven-deploy-plugin/3.1.1/maven-deploy-plugin-3.1.1.jar (39 kB at 2.3 MB/s)
[df615e9c-71ae-48e3-b379-3ded53e7f9dc/build]   | [INFO] Downloading from central: https://repo.maven.apache.org/maven2/org/apache/maven/plugins/maven-compiler-plugin/3.8.1/maven-compiler-plugin-3.8.1.pom
[df615e9c-71ae-48e3-b379-3ded53e7f9dc/build]   | [INFO] Downloaded from central: https://repo.maven.apache.org/maven2/org/apache/maven/plugins/maven-compiler-plugin/3.8.1/maven-compiler-plugin-3.8.1.pom (12 kB at 567 kB/s)
[df615e9c-71ae-48e3-b379-3ded53e7f9dc/build]   | [INFO] Downloading from central: https://repo.maven.apache.org/maven2/org/apache/maven/plugins/maven-plugins/33/maven-plugins-33.pom
[df615e9c-71ae-48e3-b379-3ded53e7f9dc/build]   | [INFO] Downloaded from central: https://repo.maven.apache.org/maven2/org/apache/maven/plugins/maven-plugins/33/maven-plugins-33.pom (11 kB at 668 kB/s)
[df615e9c-71ae-48e3-b379-3ded53e7f9dc/build]   | [INFO] Downloading from central: https://repo.maven.apache.org/maven2/org/apache/maven/plugins/maven-compiler-plugin/3.8.1/maven-compiler-plugin-3.8.1.jar
[df615e9c-71ae-48e3-b379-3ded53e7f9dc/build]   | [INFO] Downloaded from central: https://repo.maven.apache.org/maven2/org/apache/maven/plugins/maven-compiler-plugin/3.8.1/maven-compiler-plugin-3.8.1.jar (62 kB at 2.0 MB/s)
[df615e9c-71ae-48e3-b379-3ded53e7f9dc/build]   | [INFO] Downloading from central: https://repo.maven.apache.org/maven2/org/apache/maven/plugins/maven-clean-plugin/3.1.0/maven-clean-plugin-3.1.0.pom
[df615e9c-71ae-48e3-b379-3ded53e7f9dc/build]   | [INFO] Downloaded from central: https://repo.maven.apache.org/maven2/org/apache/maven/plugins/maven-clean-plugin/3.1.0/maven-clean-plugin-3.1.0.pom (5.2 kB at 398 kB/s)
[df615e9c-71ae-48e3-b379-3ded53e7f9dc/build]   | [INFO] Downloading from central: https://repo.maven.apache.org/maven2/org/apache/maven/plugins/maven-plugins/31/maven-plugins-31.pom
[df615e9c-71ae-48e3-b379-3ded53e7f9dc/build]   | [INFO] Downloaded from central: https://repo.maven.apache.org/maven2/org/apache/maven/plugins/maven-plugins/31/maven-plugins-31.pom (10 kB at 281 kB/s)
[df615e9c-71ae-48e3-b379-3ded53e7f9dc/build]   | [INFO] Downloading from central: https://repo.maven.apache.org/maven2/org/apache/maven/maven-parent/31/maven-parent-31.pom
[df615e9c-71ae-48e3-b379-3ded53e7f9dc/build]   | [INFO] Downloaded from central: https://repo.maven.apache.org/maven2/org/apache/maven/maven-parent/31/maven-parent-31.pom (43 kB at 1.4 MB/s)
[df615e9c-71ae-48e3-b379-3ded53e7f9dc/build]   | [INFO] Downloading from central: https://repo.maven.apache.org/maven2/org/apache/apache/19/apache-19.pom
[df615e9c-71ae-48e3-b379-3ded53e7f9dc/build]   | [INFO] Downloaded from central: https://repo.maven.apache.org/maven2/org/apache/apache/19/apache-19.pom (15 kB at 704 kB/s)
[df615e9c-71ae-48e3-b379-3ded53e7f9dc/build]   | [INFO] Downloading from central: https://repo.maven.apache.org/maven2/org/apache/maven/plugins/maven-clean-plugin/3.1.0/maven-clean-plugin-3.1.0.jar
[df615e9c-71ae-48e3-b379-3ded53e7f9dc/build]   | [INFO] Downloaded from central: https://repo.maven.apache.org/maven2/org/apache/maven/plugins/maven-clean-plugin/3.1.0/maven-clean-plugin-3.1.0.jar (30 kB at 2.3 MB/s)
[df615e9c-71ae-48e3-b379-3ded53e7f9dc/build]   | [INFO] Downloading from central: https://repo.maven.apache.org/maven2/org/apache/maven/plugins/maven-enforcer-plugin/3.0.0-M3/maven-enforcer-plugin-3.0.0-M3.pom
[df615e9c-71ae-48e3-b379-3ded53e7f9dc/build]   | [INFO] Downloaded from central: https://repo.maven.apache.org/maven2/org/apache/maven/plugins/maven-enforcer-plugin/3.0.0-M3/maven-enforcer-plugin-3.0.0-M3.pom (7.3 kB at 667 kB/s)
[df615e9c-71ae-48e3-b379-3ded53e7f9dc/build]   | [INFO] Downloading from central: https://repo.maven.apache.org/maven2/org/apache/maven/enforcer/enforcer/3.0.0-M3/enforcer-3.0.0-M3.pom
[df615e9c-71ae-48e3-b379-3ded53e7f9dc/build]   | [INFO] Downloaded from central: https://repo.maven.apache.org/maven2/org/apache/maven/enforcer/enforcer/3.0.0-M3/enforcer-3.0.0-M3.pom (7.8 kB at 488 kB/s)
[df615e9c-71ae-48e3-b379-3ded53e7f9dc/build]   | [INFO] Downloading from central: https://repo.maven.apache.org/maven2/org/apache/maven/plugins/maven-enforcer-plugin/3.0.0-M3/maven-enforcer-plugin-3.0.0-M3.jar
[df615e9c-71ae-48e3-b379-3ded53e7f9dc/build]   | [INFO] Downloaded from central: https://repo.maven.apache.org/maven2/org/apache/maven/plugins/maven-enforcer-plugin/3.0.0-M3/maven-enforcer-plugin-3.0.0-M3.jar (27 kB at 1.5 MB/s)
[df615e9c-71ae-48e3-b379-3ded53e7f9dc/build]   | [INFO] Downloading from central: https://repo.maven.apache.org/maven2/org/apache/maven/plugins/maven-resources-plugin/3.0.0/maven-resources-plugin-3.0.0.pom
[df615e9c-71ae-48e3-b379-3ded53e7f9dc/build]   | [INFO] Downloaded from central: https://repo.maven.apache.org/maven2/org/apache/maven/plugins/maven-resources-plugin/3.0.0/maven-resources-plugin-3.0.0.pom (7.4 kB at 492 kB/s)
[df615e9c-71ae-48e3-b379-3ded53e7f9dc/build]   | [INFO] Downloading from central: https://repo.maven.apache.org/maven2/org/apache/maven/plugins/maven-plugins/28/maven-plugins-28.pom
[df615e9c-71ae-48e3-b379-3ded53e7f9dc/build]   | [INFO] Downloaded from central: https://repo.maven.apache.org/maven2/org/apache/maven/plugins/maven-plugins/28/maven-plugins-28.pom (12 kB at 859 kB/s)
[df615e9c-71ae-48e3-b379-3ded53e7f9dc/build]   | [INFO] Downloading from central: https://repo.maven.apache.org/maven2/org/apache/maven/plugins/maven-resources-plugin/3.0.0/maven-resources-plugin-3.0.0.jar
[df615e9c-71ae-48e3-b379-3ded53e7f9dc/build]   | [INFO] Downloaded from central: https://repo.maven.apache.org/maven2/org/apache/maven/plugins/maven-resources-plugin/3.0.0/maven-resources-plugin-3.0.0.jar (31 kB at 1.0 MB/s)
[df615e9c-71ae-48e3-b379-3ded53e7f9dc/build]   | [INFO] Downloading from central: https://repo.maven.apache.org/maven2/org/apache/maven/plugins/maven-surefire-plugin/2.22.0/maven-surefire-plugin-2.22.0.pom
[df615e9c-71ae-48e3-b379-3ded53e7f9dc/build]   | [INFO] Downloaded from central: https://repo.maven.apache.org/maven2/org/apache/maven/plugins/maven-surefire-plugin/2.22.0/maven-surefire-plugin-2.22.0.pom (5.0 kB at 388 kB/s)
[df615e9c-71ae-48e3-b379-3ded53e7f9dc/build]   | [INFO] Downloading from central: https://repo.maven.apache.org/maven2/org/apache/maven/surefire/surefire/2.22.0/surefire-2.22.0.pom
[df615e9c-71ae-48e3-b379-3ded53e7f9dc/build]   | [INFO] Downloaded from central: https://repo.maven.apache.org/maven2/org/apache/maven/surefire/surefire/2.22.0/surefire-2.22.0.pom (27 kB at 2.0 MB/s)
[df615e9c-71ae-48e3-b379-3ded53e7f9dc/build]   | [INFO] Downloading from central: https://repo.maven.apache.org/maven2/org/apache/maven/plugins/maven-surefire-plugin/2.22.0/maven-surefire-plugin-2.22.0.jar
[df615e9c-71ae-48e3-b379-3ded53e7f9dc/build]   | [INFO] Downloaded from central: https://repo.maven.apache.org/maven2/org/apache/maven/plugins/maven-surefire-plugin/2.22.0/maven-surefire-plugin-2.22.0.jar (41 kB at 2.7 MB/s)
[df615e9c-71ae-48e3-b379-3ded53e7f9dc/build]   | [INFO] Downloading from central: https://repo.maven.apache.org/maven2/org/apache/maven/plugins/maven-source-plugin/3.2.1/maven-source-plugin-3.2.1.pom
[df615e9c-71ae-48e3-b379-3ded53e7f9dc/build]   | [INFO] Downloaded from central: https://repo.maven.apache.org/maven2/org/apache/maven/plugins/maven-source-plugin/3.2.1/maven-source-plugin-3.2.1.pom (6.9 kB at 198 kB/s)
[df615e9c-71ae-48e3-b379-3ded53e7f9dc/build]   | [INFO] Downloading from central: https://repo.maven.apache.org/maven2/org/apache/maven/plugins/maven-source-plugin/3.2.1/maven-source-plugin-3.2.1.jar
[df615e9c-71ae-48e3-b379-3ded53e7f9dc/build]   | [INFO] Downloaded from central: https://repo.maven.apache.org/maven2/org/apache/maven/plugins/maven-source-plugin/3.2.1/maven-source-plugin-3.2.1.jar (32 kB at 466 kB/s)
[df615e9c-71ae-48e3-b379-3ded53e7f9dc/build]   | [INFO] Downloading from central: https://repo.maven.apache.org/maven2/org/apache/maven/plugins/maven-javadoc-plugin/3.2.0/maven-javadoc-plugin-3.2.0.pom
[df615e9c-71ae-48e3-b379-3ded53e7f9dc/build]   | [INFO] Downloaded from central: https://repo.maven.apache.org/maven2/org/apache/maven/plugins/maven-javadoc-plugin/3.2.0/maven-javadoc-plugin-3.2.0.pom (20 kB at 750 kB/s)
[df615e9c-71ae-48e3-b379-3ded53e7f9dc/build]   | [INFO] Downloading from central: https://repo.maven.apache.org/maven2/org/apache/maven/plugins/maven-plugins/34/maven-plugins-34.pom
[df615e9c-71ae-48e3-b379-3ded53e7f9dc/build]   | [INFO] Downloaded from central: https://repo.maven.apache.org/maven2/org/apache/maven/plugins/maven-plugins/34/maven-plugins-34.pom (11 kB at 172 kB/s)
[df615e9c-71ae-48e3-b379-3ded53e7f9dc/build]   | [INFO] Downloading from central: https://repo.maven.apache.org/maven2/org/apache/maven/maven-parent/34/maven-parent-34.pom
[df615e9c-71ae-48e3-b379-3ded53e7f9dc/build]   | [INFO] Downloaded from central: https://repo.maven.apache.org/maven2/org/apache/maven/maven-parent/34/maven-parent-34.pom (43 kB at 1.4 MB/s)
[df615e9c-71ae-48e3-b379-3ded53e7f9dc/build]   | [INFO] Downloading from central: https://repo.maven.apache.org/maven2/org/apache/apache/23/apache-23.pom
[df615e9c-71ae-48e3-b379-3ded53e7f9dc/build]   | [INFO] Downloaded from central: https://repo.maven.apache.org/maven2/org/apache/apache/23/apache-23.pom (18 kB at 230 kB/s)
[df615e9c-71ae-48e3-b379-3ded53e7f9dc/build]   | [INFO] Downloading from central: https://repo.maven.apache.org/maven2/org/apache/maven/plugins/maven-javadoc-plugin/3.2.0/maven-javadoc-plugin-3.2.0.jar
[df615e9c-71ae-48e3-b379-3ded53e7f9dc/build]   | [INFO] Downloaded from central: https://repo.maven.apache.org/maven2/org/apache/maven/plugins/maven-javadoc-plugin/3.2.0/maven-javadoc-plugin-3.2.0.jar (492 kB at 5.1 MB/s)
[df615e9c-71ae-48e3-b379-3ded53e7f9dc/build]   | [INFO] Downloading from central: https://repo.maven.apache.org/maven2/junit/junit/4.13.1/junit-4.13.1.pom
[df615e9c-71ae-48e3-b379-3ded53e7f9dc/build]   | [INFO] Downloaded from central: https://repo.maven.apache.org/maven2/junit/junit/4.13.1/junit-4.13.1.pom (25 kB at 2.3 MB/s)
[df615e9c-71ae-48e3-b379-3ded53e7f9dc/build]   | [INFO] Downloading from central: https://repo.maven.apache.org/maven2/org/hamcrest/hamcrest-core/1.3/hamcrest-core-1.3.pom
[df615e9c-71ae-48e3-b379-3ded53e7f9dc/build]   | [INFO] Downloaded from central: https://repo.maven.apache.org/maven2/org/hamcrest/hamcrest-core/1.3/hamcrest-core-1.3.pom (766 B at 15 kB/s)
[df615e9c-71ae-48e3-b379-3ded53e7f9dc/build]   | [INFO] Downloading from central: https://repo.maven.apache.org/maven2/org/hamcrest/hamcrest-parent/1.3/hamcrest-parent-1.3.pom
[df615e9c-71ae-48e3-b379-3ded53e7f9dc/build]   | [INFO] Downloaded from central: https://repo.maven.apache.org/maven2/org/hamcrest/hamcrest-parent/1.3/hamcrest-parent-1.3.pom (2.0 kB at 46 kB/s)
[df615e9c-71ae-48e3-b379-3ded53e7f9dc/build]   | [INFO] Downloading from central: https://repo.maven.apache.org/maven2/junit/junit/4.13.1/junit-4.13.1.jar
[df615e9c-71ae-48e3-b379-3ded53e7f9dc/build]   | [INFO] Downloading from central: https://repo.maven.apache.org/maven2/org/hamcrest/hamcrest-core/1.3/hamcrest-core-1.3.jar
[df615e9c-71ae-48e3-b379-3ded53e7f9dc/build]   | [INFO] Downloaded from central: https://repo.maven.apache.org/maven2/org/hamcrest/hamcrest-core/1.3/hamcrest-core-1.3.jar (45 kB at 3.2 MB/s)
[df615e9c-71ae-48e3-b379-3ded53e7f9dc/build]   | [INFO] Downloaded from central: https://repo.maven.apache.org/maven2/junit/junit/4.13.1/junit-4.13.1.jar (383 kB at 11 MB/s)
[df615e9c-71ae-48e3-b379-3ded53e7f9dc/build]   | [INFO] 
[df615e9c-71ae-48e3-b379-3ded53e7f9dc/build]   | [INFO] --- maven-clean-plugin:3.1.0:clean (default-clean) @ dyn4j ---
[df615e9c-71ae-48e3-b379-3ded53e7f9dc/build]   | [INFO] Downloading from central: https://repo.maven.apache.org/maven2/org/codehaus/plexus/plexus-component-annotations/1.7.1/plexus-component-annotations-1.7.1.pom
[df615e9c-71ae-48e3-b379-3ded53e7f9dc/build]   | [INFO] Downloaded from central: https://repo.maven.apache.org/maven2/org/codehaus/plexus/plexus-component-annotations/1.7.1/plexus-component-annotations-1.7.1.pom (770 B at 70 kB/s)
[df615e9c-71ae-48e3-b379-3ded53e7f9dc/build]   | [INFO] Downloading from central: https://repo.maven.apache.org/maven2/org/codehaus/plexus/plexus-containers/1.7.1/plexus-containers-1.7.1.pom
[df615e9c-71ae-48e3-b379-3ded53e7f9dc/build]   | [INFO] Downloaded from central: https://repo.maven.apache.org/maven2/org/codehaus/plexus/plexus-containers/1.7.1/plexus-containers-1.7.1.pom (5.0 kB at 335 kB/s)
[df615e9c-71ae-48e3-b379-3ded53e7f9dc/build]   | [INFO] Downloading from central: https://repo.maven.apache.org/maven2/org/codehaus/plexus/plexus/4.0/plexus-4.0.pom
[df615e9c-71ae-48e3-b379-3ded53e7f9dc/build]   | [INFO] Downloaded from central: https://repo.maven.apache.org/maven2/org/codehaus/plexus/plexus/4.0/plexus-4.0.pom (22 kB at 538 kB/s)
[df615e9c-71ae-48e3-b379-3ded53e7f9dc/build]   | [INFO] Downloading from central: https://repo.maven.apache.org/maven2/org/apache/maven/maven-plugin-api/3.0/maven-plugin-api-3.0.jar
[df615e9c-71ae-48e3-b379-3ded53e7f9dc/build]   | [INFO] Downloading from central: https://repo.maven.apache.org/maven2/org/apache/maven/maven-model/3.0/maven-model-3.0.jar
[df615e9c-71ae-48e3-b379-3ded53e7f9dc/build]   | [INFO] Downloading from central: https://repo.maven.apache.org/maven2/org/codehaus/plexus/plexus-utils/2.0.4/plexus-utils-2.0.4.jar
[df615e9c-71ae-48e3-b379-3ded53e7f9dc/build]   | [INFO] Downloading from central: https://repo.maven.apache.org/maven2/org/apache/maven/maven-artifact/3.0/maven-artifact-3.0.jar
[df615e9c-71ae-48e3-b379-3ded53e7f9dc/build]   | [INFO] Downloading from central: https://repo.maven.apache.org/maven2/org/sonatype/sisu/sisu-inject-plexus/1.4.2/sisu-inject-plexus-1.4.2.jar
[df615e9c-71ae-48e3-b379-3ded53e7f9dc/build]   | [INFO] Downloaded from central: https://repo.maven.apache.org/maven2/org/apache/maven/maven-model/3.0/maven-model-3.0.jar (165 kB at 11 MB/s)
[df615e9c-71ae-48e3-b379-3ded53e7f9dc/build]   | [INFO] Downloaded from central: https://repo.maven.apache.org/maven2/org/apache/maven/maven-plugin-api/3.0/maven-plugin-api-3.0.jar (49 kB at 3.3 MB/s)
[df615e9c-71ae-48e3-b379-3ded53e7f9dc/build]   | [INFO] Downloading from central: https://repo.maven.apache.org/maven2/org/codehaus/plexus/plexus-component-annotations/1.7.1/plexus-component-annotations-1.7.1.jar
[df615e9c-71ae-48e3-b379-3ded53e7f9dc/build]   | [INFO] Downloading from central: https://repo.maven.apache.org/maven2/org/codehaus/plexus/plexus-classworlds/2.2.3/plexus-classworlds-2.2.3.jar
[df615e9c-71ae-48e3-b379-3ded53e7f9dc/build]   | [INFO] Downloaded from central: https://repo.maven.apache.org/maven2/org/apache/maven/maven-artifact/3.0/maven-artifact-3.0.jar (52 kB at 2.0 MB/s)
[df615e9c-71ae-48e3-b379-3ded53e7f9dc/build]   | [INFO] Downloading from central: https://repo.maven.apache.org/maven2/org/sonatype/sisu/sisu-inject-bean/1.4.2/sisu-inject-bean-1.4.2.jar
[df615e9c-71ae-48e3-b379-3ded53e7f9dc/build]   | [INFO] Downloaded from central: https://repo.maven.apache.org/maven2/org/codehaus/plexus/plexus-classworlds/2.2.3/plexus-classworlds-2.2.3.jar (46 kB at 1.5 MB/s)
[df615e9c-71ae-48e3-b379-3ded53e7f9dc/build]   | [INFO] Downloading from central: https://repo.maven.apache.org/maven2/org/sonatype/sisu/sisu-guice/2.1.7/sisu-guice-2.1.7-noaop.jar
[df615e9c-71ae-48e3-b379-3ded53e7f9dc/build]   | [INFO] Downloaded from central: https://repo.maven.apache.org/maven2/org/sonatype/sisu/sisu-inject-plexus/1.4.2/sisu-inject-plexus-1.4.2.jar (202 kB at 4.5 MB/s)
[df615e9c-71ae-48e3-b379-3ded53e7f9dc/build]   | [INFO] Downloaded from central: https://repo.maven.apache.org/maven2/org/codehaus/plexus/plexus-component-annotations/1.7.1/plexus-component-annotations-1.7.1.jar (4.3 kB at 52 kB/s)
[df615e9c-71ae-48e3-b379-3ded53e7f9dc/build]   | [INFO] Downloaded from central: https://repo.maven.apache.org/maven2/org/codehaus/plexus/plexus-utils/2.0.4/plexus-utils-2.0.4.jar (222 kB at 2.6 MB/s)
[df615e9c-71ae-48e3-b379-3ded53e7f9dc/build]   | [INFO] Downloaded from central: https://repo.maven.apache.org/maven2/org/sonatype/sisu/sisu-inject-bean/1.4.2/sisu-inject-bean-1.4.2.jar (153 kB at 1.7 MB/s)
[df615e9c-71ae-48e3-b379-3ded53e7f9dc/build]   | [INFO] Downloaded from central: https://repo.maven.apache.org/maven2/org/sonatype/sisu/sisu-guice/2.1.7/sisu-guice-2.1.7-noaop.jar (472 kB at 4.0 MB/s)
[df615e9c-71ae-48e3-b379-3ded53e7f9dc/build]   | [INFO] Deleting /tmp/3ebb4e18-68d4-4f66-84e9-ef5284b8e205/target
[df615e9c-71ae-48e3-b379-3ded53e7f9dc/build]   | [INFO] 
[df615e9c-71ae-48e3-b379-3ded53e7f9dc/build]   | [INFO] --- maven-enforcer-plugin:3.0.0-M3:enforce (enforce-rules) @ dyn4j ---
[df615e9c-71ae-48e3-b379-3ded53e7f9dc/build]   | [INFO] Downloading from central: https://repo.maven.apache.org/maven2/org/apache/maven/enforcer/enforcer-api/3.0.0-M3/enforcer-api-3.0.0-M3.pom
[df615e9c-71ae-48e3-b379-3ded53e7f9dc/build]   | [INFO] Downloaded from central: https://repo.maven.apache.org/maven2/org/apache/maven/enforcer/enforcer-api/3.0.0-M3/enforcer-api-3.0.0-M3.pom (2.8 kB at 105 kB/s)
[df615e9c-71ae-48e3-b379-3ded53e7f9dc/build]   | [INFO] Downloading from central: https://repo.maven.apache.org/maven2/org/codehaus/plexus/plexus-container-default/1.0-alpha-9/plexus-container-default-1.0-alpha-9.pom
[df615e9c-71ae-48e3-b379-3ded53e7f9dc/build]   | [INFO] Downloaded from central: https://repo.maven.apache.org/maven2/org/codehaus/plexus/plexus-container-default/1.0-alpha-9/plexus-container-default-1.0-alpha-9.pom (1.2 kB at 17 kB/s)
[df615e9c-71ae-48e3-b379-3ded53e7f9dc/build]   | [INFO] Downloading from central: https://repo.maven.apache.org/maven2/org/codehaus/plexus/plexus-containers/1.0.3/plexus-containers-1.0.3.pom
[df615e9c-71ae-48e3-b379-3ded53e7f9dc/build]   | [INFO] Downloaded from central: https://repo.maven.apache.org/maven2/org/codehaus/plexus/plexus-containers/1.0.3/plexus-containers-1.0.3.pom (492 B at 6.4 kB/s)
[df615e9c-71ae-48e3-b379-3ded53e7f9dc/build]   | [INFO] Downloading from central: https://repo.maven.apache.org/maven2/org/codehaus/plexus/plexus/1.0.4/plexus-1.0.4.pom
[df615e9c-71ae-48e3-b379-3ded53e7f9dc/build]   | [INFO] Downloaded from central: https://repo.maven.apache.org/maven2/org/codehaus/plexus/plexus/1.0.4/plexus-1.0.4.pom (5.7 kB at 410 kB/s)
[df615e9c-71ae-48e3-b379-3ded53e7f9dc/build]   | [INFO] Downloading from central: https://repo.maven.apache.org/maven2/junit/junit/4.11/junit-4.11.pom
[df615e9c-71ae-48e3-b379-3ded53e7f9dc/build]   | [INFO] Downloaded from central: https://repo.maven.apache.org/maven2/junit/junit/4.11/junit-4.11.pom (2.3 kB at 62 kB/s)
[df615e9c-71ae-48e3-b379-3ded53e7f9dc/build]   | [INFO] Downloading from central: https://repo.maven.apache.org/maven2/classworlds/classworlds/1.1-alpha-2/classworlds-1.1-alpha-2.pom
[df615e9c-71ae-48e3-b379-3ded53e7f9dc/build]   | [INFO] Downloaded from central: https://repo.maven.apache.org/maven2/classworlds/classworlds/1.1-alpha-2/classworlds-1.1-alpha-2.pom (3.1 kB at 82 kB/s)
[df615e9c-71ae-48e3-b379-3ded53e7f9dc/build]   | [INFO] Downloading from central: https://repo.maven.apache.org/maven2/org/apache/maven/enforcer/enforcer-rules/3.0.0-M3/enforcer-rules-3.0.0-M3.pom
[df615e9c-71ae-48e3-b379-3ded53e7f9dc/build]   | [INFO] Downloaded from central: https://repo.maven.apache.org/maven2/org/apache/maven/enforcer/enforcer-rules/3.0.0-M3/enforcer-rules-3.0.0-M3.pom (4.1 kB at 59 kB/s)
[df615e9c-71ae-48e3-b379-3ded53e7f9dc/build]   | [INFO] Downloading from central: https://repo.maven.apache.org/maven2/org/apache/maven/shared/maven-common-artifact-filters/3.1.0/maven-common-artifact-filters-3.1.0.pom
[df615e9c-71ae-48e3-b379-3ded53e7f9dc/build]   | [INFO] Downloaded from central: https://repo.maven.apache.org/maven2/org/apache/maven/shared/maven-common-artifact-filters/3.1.0/maven-common-artifact-filters-3.1.0.pom (5.3 kB at 48 kB/s)
[df615e9c-71ae-48e3-b379-3ded53e7f9dc/build]   | [INFO] Downloading from central: https://repo.maven.apache.org/maven2/org/apache/maven/shared/maven-shared-utils/3.1.0/maven-shared-utils-3.1.0.pom
[df615e9c-71ae-48e3-b379-3ded53e7f9dc/build]   | [INFO] Downloaded from central: https://repo.maven.apache.org/maven2/org/apache/maven/shared/maven-shared-utils/3.1.0/maven-shared-utils-3.1.0.pom (5.0 kB at 31 kB/s)
[df615e9c-71ae-48e3-b379-3ded53e7f9dc/build]   | [INFO] Downloading from central: https://repo.maven.apache.org/maven2/org/apache/commons/commons-lang3/3.8.1/commons-lang3-3.8.1.pom
[df615e9c-71ae-48e3-b379-3ded53e7f9dc/build]   | [INFO] Downloaded from central: https://repo.maven.apache.org/maven2/org/apache/commons/commons-lang3/3.8.1/commons-lang3-3.8.1.pom (28 kB at 416 kB/s)
[df615e9c-71ae-48e3-b379-3ded53e7f9dc/build]   | [INFO] Downloading from central: https://repo.maven.apache.org/maven2/org/apache/commons/commons-parent/47/commons-parent-47.pom
[df615e9c-71ae-48e3-b379-3ded53e7f9dc/build]   | [INFO] Downloaded from central: https://repo.maven.apache.org/maven2/org/apache/commons/commons-parent/47/commons-parent-47.pom (78 kB at 424 kB/s)
[df615e9c-71ae-48e3-b379-3ded53e7f9dc/build]   | [INFO] Downloading from central: https://repo.maven.apache.org/maven2/commons-codec/commons-codec/1.12/commons-codec-1.12.pom
[df615e9c-71ae-48e3-b379-3ded53e7f9dc/build]   | [INFO] Downloaded from central: https://repo.maven.apache.org/maven2/commons-codec/commons-codec/1.12/commons-codec-1.12.pom (14 kB at 647 kB/s)
[df615e9c-71ae-48e3-b379-3ded53e7f9dc/build]   | [INFO] Downloading from central: https://repo.maven.apache.org/maven2/org/beanshell/bsh/2.0b4/bsh-2.0b4.pom
[df615e9c-71ae-48e3-b379-3ded53e7f9dc/build]   | [INFO] Downloaded from central: https://repo.maven.apache.org/maven2/org/beanshell/bsh/2.0b4/bsh-2.0b4.pom (1.2 kB at 66 kB/s)
[df615e9c-71ae-48e3-b379-3ded53e7f9dc/build]   | [INFO] Downloading from central: https://repo.maven.apache.org/maven2/org/beanshell/beanshell/2.0b4/beanshell-2.0b4.pom
[df615e9c-71ae-48e3-b379-3ded53e7f9dc/build]   | [INFO] Downloaded from central: https://repo.maven.apache.org/maven2/org/beanshell/beanshell/2.0b4/beanshell-2.0b4.pom (1.4 kB at 29 kB/s)
[df615e9c-71ae-48e3-b379-3ded53e7f9dc/build]   | [INFO] Downloading from central: https://repo.maven.apache.org/maven2/org/apache/maven/shared/maven-dependency-tree/2.2/maven-dependency-tree-2.2.pom
[df615e9c-71ae-48e3-b379-3ded53e7f9dc/build]   | [INFO] Downloaded from central: https://repo.maven.apache.org/maven2/org/apache/maven/shared/maven-dependency-tree/2.2/maven-dependency-tree-2.2.pom (7.3 kB at 484 kB/s)
[df615e9c-71ae-48e3-b379-3ded53e7f9dc/build]   | [INFO] Downloading from central: https://repo.maven.apache.org/maven2/org/apache/maven/shared/maven-shared-components/20/maven-shared-components-20.pom
[df615e9c-71ae-48e3-b379-3ded53e7f9dc/build]   | [INFO] Downloaded from central: https://repo.maven.apache.org/maven2/org/apache/maven/shared/maven-shared-components/20/maven-shared-components-20.pom (5.1 kB at 142 kB/s)
[df615e9c-71ae-48e3-b379-3ded53e7f9dc/build]   | [INFO] Downloading from central: https://repo.maven.apache.org/maven2/org/apache/maven/maven-parent/24/maven-parent-24.pom
[df615e9c-71ae-48e3-b379-3ded53e7f9dc/build]   | [INFO] Downloaded from central: https://repo.maven.apache.org/maven2/org/apache/maven/maven-parent/24/maven-parent-24.pom (37 kB at 577 kB/s)
[df615e9c-71ae-48e3-b379-3ded53e7f9dc/build]   | [INFO] Downloading from central: https://repo.maven.apache.org/maven2/org/apache/apache/14/apache-14.pom
[df615e9c-71ae-48e3-b379-3ded53e7f9dc/build]   | [INFO] Downloaded from central: https://repo.maven.apache.org/maven2/org/apache/apache/14/apache-14.pom (15 kB at 587 kB/s)
[df615e9c-71ae-48e3-b379-3ded53e7f9dc/build]   | [INFO] Downloading from central: https://repo.maven.apache.org/maven2/org/apache/maven/resolver/maven-resolver-util/1.4.1/maven-resolver-util-1.4.1.pom
[df615e9c-71ae-48e3-b379-3ded53e7f9dc/build]   | [INFO] Downloaded from central: https://repo.maven.apache.org/maven2/org/apache/maven/resolver/maven-resolver-util/1.4.1/maven-resolver-util-1.4.1.pom (2.8 kB at 216 kB/s)
[df615e9c-71ae-48e3-b379-3ded53e7f9dc/build]   | [INFO] Downloading from central: https://repo.maven.apache.org/maven2/org/apache/maven/resolver/maven-resolver/1.4.1/maven-resolver-1.4.1.pom
[df615e9c-71ae-48e3-b379-3ded53e7f9dc/build]   | [INFO] Downloaded from central: https://repo.maven.apache.org/maven2/org/apache/maven/resolver/maven-resolver/1.4.1/maven-resolver-1.4.1.pom (18 kB at 284 kB/s)
[df615e9c-71ae-48e3-b379-3ded53e7f9dc/build]   | [INFO] Downloading from central: https://repo.maven.apache.org/maven2/org/apache/maven/resolver/maven-resolver-api/1.4.1/maven-resolver-api-1.4.1.pom
[df615e9c-71ae-48e3-b379-3ded53e7f9dc/build]   | [INFO] Downloaded from central: https://repo.maven.apache.org/maven2/org/apache/maven/resolver/maven-resolver-api/1.4.1/maven-resolver-api-1.4.1.pom (2.6 kB at 125 kB/s)
[df615e9c-71ae-48e3-b379-3ded53e7f9dc/build]   | [INFO] Downloading from central: https://repo.maven.apache.org/maven2/org/apache/maven/maven-compat/3.0/maven-compat-3.0.pom
[df615e9c-71ae-48e3-b379-3ded53e7f9dc/build]   | [INFO] Downloaded from central: https://repo.maven.apache.org/maven2/org/apache/maven/maven-compat/3.0/maven-compat-3.0.pom (4.0 kB at 168 kB/s)
[df615e9c-71ae-48e3-b379-3ded53e7f9dc/build]   | [INFO] Downloading from central: https://repo.maven.apache.org/maven2/org/apache/maven/wagon/wagon-provider-api/1.0-beta-6/wagon-provider-api-1.0-beta-6.pom
[df615e9c-71ae-48e3-b379-3ded53e7f9dc/build]   | [INFO] Downloaded from central: https://repo.maven.apache.org/maven2/org/apache/maven/wagon/wagon-provider-api/1.0-beta-6/wagon-provider-api-1.0-beta-6.pom (1.8 kB at 70 kB/s)
[df615e9c-71ae-48e3-b379-3ded53e7f9dc/build]   | [INFO] Downloading from central: https://repo.maven.apache.org/maven2/org/apache/maven/wagon/wagon/1.0-beta-6/wagon-1.0-beta-6.pom
[df615e9c-71ae-48e3-b379-3ded53e7f9dc/build]   | [INFO] Downloaded from central: https://repo.maven.apache.org/maven2/org/apache/maven/wagon/wagon/1.0-beta-6/wagon-1.0-beta-6.pom (12 kB at 516 kB/s)
[df615e9c-71ae-48e3-b379-3ded53e7f9dc/build]   | [INFO] Downloading from central: https://repo.maven.apache.org/maven2/org/apache/maven/maven-core/3.0/maven-core-3.0.jar
[df615e9c-71ae-48e3-b379-3ded53e7f9dc/build]   | [INFO] Downloading from central: https://repo.maven.apache.org/maven2/org/apache/maven/maven-settings-builder/3.0/maven-settings-builder-3.0.jar
[df615e9c-71ae-48e3-b379-3ded53e7f9dc/build]   | [INFO] Downloading from central: https://repo.maven.apache.org/maven2/org/apache/maven/maven-settings/3.0/maven-settings-3.0.jar
[df615e9c-71ae-48e3-b379-3ded53e7f9dc/build]   | [INFO] Downloading from central: https://repo.maven.apache.org/maven2/org/apache/maven/maven-repository-metadata/3.0/maven-repository-metadata-3.0.jar
[df615e9c-71ae-48e3-b379-3ded53e7f9dc/build]   | [INFO] Downloading from central: https://repo.maven.apache.org/maven2/org/apache/maven/maven-model-builder/3.0/maven-model-builder-3.0.jar
[df615e9c-71ae-48e3-b379-3ded53e7f9dc/build]   | [INFO] Downloaded from central: https://repo.maven.apache.org/maven2/org/apache/maven/maven-settings-builder/3.0/maven-settings-builder-3.0.jar (38 kB at 1.6 MB/s)
[df615e9c-71ae-48e3-b379-3ded53e7f9dc/build]   | [INFO] Downloading from central: https://repo.maven.apache.org/maven2/org/apache/maven/maven-aether-provider/3.0/maven-aether-provider-3.0.jar
[df615e9c-71ae-48e3-b379-3ded53e7f9dc/build]   | [INFO] Downloaded from central: https://repo.maven.apache.org/maven2/org/apache/maven/maven-repository-metadata/3.0/maven-repository-metadata-3.0.jar (30 kB at 1.0 MB/s)
[df615e9c-71ae-48e3-b379-3ded53e7f9dc/build]   | [INFO] Downloading from central: https://repo.maven.apache.org/maven2/org/sonatype/aether/aether-impl/1.7/aether-impl-1.7.jar
[df615e9c-71ae-48e3-b379-3ded53e7f9dc/build]   | [INFO] Downloaded from central: https://repo.maven.apache.org/maven2/org/apache/maven/maven-settings/3.0/maven-settings-3.0.jar (47 kB at 1.1 MB/s)
[df615e9c-71ae-48e3-b379-3ded53e7f9dc/build]   | [INFO] Downloading from central: https://repo.maven.apache.org/maven2/org/sonatype/aether/aether-spi/1.7/aether-spi-1.7.jar
[df615e9c-71ae-48e3-b379-3ded53e7f9dc/build]   | [INFO] Downloaded from central: https://repo.maven.apache.org/maven2/org/apache/maven/maven-aether-provider/3.0/maven-aether-provider-3.0.jar (51 kB at 1.3 MB/s)
[df615e9c-71ae-48e3-b379-3ded53e7f9dc/build]   | [INFO] Downloading from central: https://repo.maven.apache.org/maven2/org/sonatype/aether/aether-api/1.7/aether-api-1.7.jar
[df615e9c-71ae-48e3-b379-3ded53e7f9dc/build]   | [INFO] Downloaded from central: https://repo.maven.apache.org/maven2/org/apache/maven/maven-model-builder/3.0/maven-model-builder-3.0.jar (148 kB at 3.8 MB/s)
[df615e9c-71ae-48e3-b379-3ded53e7f9dc/build]   | [INFO] Downloading from central: https://repo.maven.apache.org/maven2/org/sonatype/aether/aether-util/1.7/aether-util-1.7.jar
[df615e9c-71ae-48e3-b379-3ded53e7f9dc/build]   | [INFO] Downloaded from central: https://repo.maven.apache.org/maven2/org/sonatype/aether/aether-impl/1.7/aether-impl-1.7.jar (106 kB at 2.2 MB/s)
[df615e9c-71ae-48e3-b379-3ded53e7f9dc/build]   | [INFO] Downloaded from central: https://repo.maven.apache.org/maven2/org/apache/maven/maven-core/3.0/maven-core-3.0.jar (527 kB at 8.8 MB/s)
[df615e9c-71ae-48e3-b379-3ded53e7f9dc/build]   | [INFO] Downloading from central: https://repo.maven.apache.org/maven2/org/codehaus/plexus/plexus-interpolation/1.14/plexus-interpolation-1.14.jar
[df615e9c-71ae-48e3-b379-3ded53e7f9dc/build]   | [INFO] Downloading from central: https://repo.maven.apache.org/maven2/org/apache/maven/enforcer/enforcer-api/3.0.0-M3/enforcer-api-3.0.0-M3.jar
[df615e9c-71ae-48e3-b379-3ded53e7f9dc/build]   | [INFO] Downloaded from central: https://repo.maven.apache.org/maven2/org/sonatype/aether/aether-spi/1.7/aether-spi-1.7.jar (14 kB at 196 kB/s)
[df615e9c-71ae-48e3-b379-3ded53e7f9dc/build]   | [INFO] Downloading from central: https://repo.maven.apache.org/maven2/org/codehaus/plexus/plexus-container-default/1.0-alpha-9/plexus-container-default-1.0-alpha-9.jar
[df615e9c-71ae-48e3-b379-3ded53e7f9dc/build]   | [INFO] Downloaded from central: https://repo.maven.apache.org/maven2/org/sonatype/aether/aether-util/1.7/aether-util-1.7.jar (108 kB at 1.5 MB/s)
[df615e9c-71ae-48e3-b379-3ded53e7f9dc/build]   | [INFO] Downloading from central: https://repo.maven.apache.org/maven2/junit/junit/4.11/junit-4.11.jar
[df615e9c-71ae-48e3-b379-3ded53e7f9dc/build]   | [INFO] Downloaded from central: https://repo.maven.apache.org/maven2/org/sonatype/aether/aether-api/1.7/aether-api-1.7.jar (74 kB at 989 kB/s)
[df615e9c-71ae-48e3-b379-3ded53e7f9dc/build]   | [INFO] Downloading from central: https://repo.maven.apache.org/maven2/classworlds/classworlds/1.1-alpha-2/classworlds-1.1-alpha-2.jar
[df615e9c-71ae-48e3-b379-3ded53e7f9dc/build]   | [INFO] Downloaded from central: https://repo.maven.apache.org/maven2/org/codehaus/plexus/plexus-interpolation/1.14/plexus-interpolation-1.14.jar (61 kB at 727 kB/s)
[df615e9c-71ae-48e3-b379-3ded53e7f9dc/build]   | [INFO] Downloading from central: https://repo.maven.apache.org/maven2/org/apache/maven/enforcer/enforcer-rules/3.0.0-M3/enforcer-rules-3.0.0-M3.jar
[df615e9c-71ae-48e3-b379-3ded53e7f9dc/build]   | [INFO] Downloaded from central: https://repo.maven.apache.org/maven2/org/apache/maven/enforcer/enforcer-api/3.0.0-M3/enforcer-api-3.0.0-M3.jar (12 kB at 134 kB/s)
[df615e9c-71ae-48e3-b379-3ded53e7f9dc/build]   | [INFO] Downloading from central: https://repo.maven.apache.org/maven2/org/apache/maven/shared/maven-common-artifact-filters/3.1.0/maven-common-artifact-filters-3.1.0.jar
[df615e9c-71ae-48e3-b379-3ded53e7f9dc/build]   | [INFO] Downloaded from central: https://repo.maven.apache.org/maven2/classworlds/classworlds/1.1-alpha-2/classworlds-1.1-alpha-2.jar (38 kB at 368 kB/s)
[df615e9c-71ae-48e3-b379-3ded53e7f9dc/build]   | [INFO] Downloading from central: https://repo.maven.apache.org/maven2/org/apache/maven/shared/maven-shared-utils/3.1.0/maven-shared-utils-3.1.0.jar
[df615e9c-71ae-48e3-b379-3ded53e7f9dc/build]   | [INFO] Downloaded from central: https://repo.maven.apache.org/maven2/junit/junit/4.11/junit-4.11.jar (245 kB at 2.1 MB/s)
[df615e9c-71ae-48e3-b379-3ded53e7f9dc/build]   | [INFO] Downloading from central: https://repo.maven.apache.org/maven2/org/apache/commons/commons-lang3/3.8.1/commons-lang3-3.8.1.jar
[df615e9c-71ae-48e3-b379-3ded53e7f9dc/build]   | [INFO] Downloaded from central: https://repo.maven.apache.org/maven2/org/codehaus/plexus/plexus-container-default/1.0-alpha-9/plexus-container-default-1.0-alpha-9.jar (195 kB at 1.7 MB/s)
[df615e9c-71ae-48e3-b379-3ded53e7f9dc/build]   | [INFO] Downloading from central: https://repo.maven.apache.org/maven2/commons-codec/commons-codec/1.12/commons-codec-1.12.jar
[df615e9c-71ae-48e3-b379-3ded53e7f9dc/build]   | [INFO] Downloaded from central: https://repo.maven.apache.org/maven2/org/apache/maven/shared/maven-common-artifact-filters/3.1.0/maven-common-artifact-filters-3.1.0.jar (61 kB at 515 kB/s)
[df615e9c-71ae-48e3-b379-3ded53e7f9dc/build]   | [INFO] Downloading from central: https://repo.maven.apache.org/maven2/org/beanshell/bsh/2.0b4/bsh-2.0b4.jar
[df615e9c-71ae-48e3-b379-3ded53e7f9dc/build]   | [INFO] Downloaded from central: https://repo.maven.apache.org/maven2/org/apache/maven/shared/maven-shared-utils/3.1.0/maven-shared-utils-3.1.0.jar (164 kB at 1.3 MB/s)
[df615e9c-71ae-48e3-b379-3ded53e7f9dc/build]   | [INFO] Downloading from central: https://repo.maven.apache.org/maven2/org/apache/maven/shared/maven-dependency-tree/2.2/maven-dependency-tree-2.2.jar
[df615e9c-71ae-48e3-b379-3ded53e7f9dc/build]   | [INFO] Downloaded from central: https://repo.maven.apache.org/maven2/org/apache/maven/enforcer/enforcer-rules/3.0.0-M3/enforcer-rules-3.0.0-M3.jar (107 kB at 776 kB/s)
[df615e9c-71ae-48e3-b379-3ded53e7f9dc/build]   | [INFO] Downloading from central: https://repo.maven.apache.org/maven2/org/apache/maven/resolver/maven-resolver-util/1.4.1/maven-resolver-util-1.4.1.jar
[df615e9c-71ae-48e3-b379-3ded53e7f9dc/build]   | [INFO] Downloaded from central: https://repo.maven.apache.org/maven2/org/apache/maven/shared/maven-dependency-tree/2.2/maven-dependency-tree-2.2.jar (64 kB at 413 kB/s)
[df615e9c-71ae-48e3-b379-3ded53e7f9dc/build]   | [INFO] Downloading from central: https://repo.maven.apache.org/maven2/org/apache/maven/resolver/maven-resolver-api/1.4.1/maven-resolver-api-1.4.1.jar
[df615e9c-71ae-48e3-b379-3ded53e7f9dc/build]   | [INFO] Downloaded from central: https://repo.maven.apache.org/maven2/org/beanshell/bsh/2.0b4/bsh-2.0b4.jar (282 kB at 1.8 MB/s)
[df615e9c-71ae-48e3-b379-3ded53e7f9dc/build]   | [INFO] Downloading from central: https://repo.maven.apache.org/maven2/org/apache/maven/maven-compat/3.0/maven-compat-3.0.jar
[df615e9c-71ae-48e3-b379-3ded53e7f9dc/build]   | [INFO] Downloaded from central: https://repo.maven.apache.org/maven2/commons-codec/commons-codec/1.12/commons-codec-1.12.jar (340 kB at 1.9 MB/s)
[df615e9c-71ae-48e3-b379-3ded53e7f9dc/build]   | [INFO] Downloading from central: https://repo.maven.apache.org/maven2/org/apache/maven/wagon/wagon-provider-api/1.0-beta-6/wagon-provider-api-1.0-beta-6.jar
[df615e9c-71ae-48e3-b379-3ded53e7f9dc/build]   | [INFO] Downloaded from central: https://repo.maven.apache.org/maven2/org/apache/commons/commons-lang3/3.8.1/commons-lang3-3.8.1.jar (502 kB at 2.7 MB/s)
[df615e9c-71ae-48e3-b379-3ded53e7f9dc/build]   | [INFO] Downloaded from central: https://repo.maven.apache.org/maven2/org/apache/maven/maven-compat/3.0/maven-compat-3.0.jar (285 kB at 1.5 MB/s)
[df615e9c-71ae-48e3-b379-3ded53e7f9dc/build]   | [INFO] Downloaded from central: https://repo.maven.apache.org/maven2/org/apache/maven/resolver/maven-resolver-util/1.4.1/maven-resolver-util-1.4.1.jar (168 kB at 855 kB/s)
[df615e9c-71ae-48e3-b379-3ded53e7f9dc/build]   | [INFO] Downloaded from central: https://repo.maven.apache.org/maven2/org/apache/maven/resolver/maven-resolver-api/1.4.1/maven-resolver-api-1.4.1.jar (149 kB at 738 kB/s)
[df615e9c-71ae-48e3-b379-3ded53e7f9dc/build]   | [INFO] Downloaded from central: https://repo.maven.apache.org/maven2/org/apache/maven/wagon/wagon-provider-api/1.0-beta-6/wagon-provider-api-1.0-beta-6.jar (53 kB at 262 kB/s)
[df615e9c-71ae-48e3-b379-3ded53e7f9dc/build]   | [INFO] 
[df615e9c-71ae-48e3-b379-3ded53e7f9dc/build]   | [INFO] --- maven-resources-plugin:3.0.0:resources (default-resources) @ dyn4j ---
[df615e9c-71ae-48e3-b379-3ded53e7f9dc/build]   | [INFO] Downloading from central: https://repo.maven.apache.org/maven2/org/codehaus/plexus/plexus-utils/3.0.24/plexus-utils-3.0.24.pom
[df615e9c-71ae-48e3-b379-3ded53e7f9dc/build]   | [INFO] Downloaded from central: https://repo.maven.apache.org/maven2/org/codehaus/plexus/plexus-utils/3.0.24/plexus-utils-3.0.24.pom (4.1 kB at 243 kB/s)
[df615e9c-71ae-48e3-b379-3ded53e7f9dc/build]   | [INFO] Downloading from central: https://repo.maven.apache.org/maven2/org/apache/maven/shared/maven-filtering/3.1.0/maven-filtering-3.1.0.pom
[df615e9c-71ae-48e3-b379-3ded53e7f9dc/build]   | [INFO] Downloaded from central: https://repo.maven.apache.org/maven2/org/apache/maven/shared/maven-filtering/3.1.0/maven-filtering-3.1.0.pom (5.8 kB at 137 kB/s)
[df615e9c-71ae-48e3-b379-3ded53e7f9dc/build]   | [INFO] Downloading from central: https://repo.maven.apache.org/maven2/org/apache/maven/shared/maven-shared-components/22/maven-shared-components-22.pom
[df615e9c-71ae-48e3-b379-3ded53e7f9dc/build]   | [INFO] Downloaded from central: https://repo.maven.apache.org/maven2/org/apache/maven/shared/maven-shared-components/22/maven-shared-components-22.pom (5.1 kB at 100 kB/s)
[df615e9c-71ae-48e3-b379-3ded53e7f9dc/build]   | [INFO] Downloading from central: https://repo.maven.apache.org/maven2/org/apache/maven/shared/maven-shared-utils/3.0.0/maven-shared-utils-3.0.0.pom
[df615e9c-71ae-48e3-b379-3ded53e7f9dc/build]   | [INFO] Downloaded from central: https://repo.maven.apache.org/maven2/org/apache/maven/shared/maven-shared-utils/3.0.0/maven-shared-utils-3.0.0.pom (5.6 kB at 279 kB/s)
[df615e9c-71ae-48e3-b379-3ded53e7f9dc/build]   | [INFO] Downloading from central: https://repo.maven.apache.org/maven2/commons-io/commons-io/2.4/commons-io-2.4.pom
[df615e9c-71ae-48e3-b379-3ded53e7f9dc/build]   | [INFO] Downloaded from central: https://repo.maven.apache.org/maven2/commons-io/commons-io/2.4/commons-io-2.4.pom (10 kB at 565 kB/s)
[df615e9c-71ae-48e3-b379-3ded53e7f9dc/build]   | [INFO] Downloading from central: https://repo.maven.apache.org/maven2/org/apache/commons/commons-parent/25/commons-parent-25.pom
[df615e9c-71ae-48e3-b379-3ded53e7f9dc/build]   | [INFO] Downloaded from central: https://repo.maven.apache.org/maven2/org/apache/commons/commons-parent/25/commons-parent-25.pom (48 kB at 3.7 MB/s)
[df615e9c-71ae-48e3-b379-3ded53e7f9dc/build]   | [INFO] Downloading from central: https://repo.maven.apache.org/maven2/com/google/code/findbugs/jsr305/2.0.1/jsr305-2.0.1.pom
[df615e9c-71ae-48e3-b379-3ded53e7f9dc/build]   | [INFO] Downloaded from central: https://repo.maven.apache.org/maven2/com/google/code/findbugs/jsr305/2.0.1/jsr305-2.0.1.pom (965 B at 14 kB/s)
[df615e9c-71ae-48e3-b379-3ded53e7f9dc/build]   | [INFO] Downloading from central: https://repo.maven.apache.org/maven2/org/codehaus/plexus/plexus-component-annotations/1.5.5/plexus-component-annotations-1.5.5.jar
[df615e9c-71ae-48e3-b379-3ded53e7f9dc/build]   | [INFO] Downloading from central: https://repo.maven.apache.org/maven2/org/codehaus/plexus/plexus-utils/3.0.24/plexus-utils-3.0.24.jar
[df615e9c-71ae-48e3-b379-3ded53e7f9dc/build]   | [INFO] Downloading from central: https://repo.maven.apache.org/maven2/org/apache/maven/shared/maven-filtering/3.1.0/maven-filtering-3.1.0.jar
[df615e9c-71ae-48e3-b379-3ded53e7f9dc/build]   | [INFO] Downloading from central: https://repo.maven.apache.org/maven2/org/apache/maven/shared/maven-shared-utils/3.0.0/maven-shared-utils-3.0.0.jar
[df615e9c-71ae-48e3-b379-3ded53e7f9dc/build]   | [INFO] Downloading from central: https://repo.maven.apache.org/maven2/commons-io/commons-io/2.4/commons-io-2.4.jar
[df615e9c-71ae-48e3-b379-3ded53e7f9dc/build]   | [INFO] Downloaded from central: https://repo.maven.apache.org/maven2/org/codehaus/plexus/plexus-component-annotations/1.5.5/plexus-component-annotations-1.5.5.jar (4.2 kB at 263 kB/s)
[df615e9c-71ae-48e3-b379-3ded53e7f9dc/build]   | [INFO] Downloading from central: https://repo.maven.apache.org/maven2/com/google/code/findbugs/jsr305/2.0.1/jsr305-2.0.1.jar
[df615e9c-71ae-48e3-b379-3ded53e7f9dc/build]   | [INFO] Downloaded from central: https://repo.maven.apache.org/maven2/org/apache/maven/shared/maven-shared-utils/3.0.0/maven-shared-utils-3.0.0.jar (155 kB at 9.1 MB/s)
[df615e9c-71ae-48e3-b379-3ded53e7f9dc/build]   | [INFO] Downloaded from central: https://repo.maven.apache.org/maven2/org/apache/maven/shared/maven-filtering/3.1.0/maven-filtering-3.1.0.jar (51 kB at 2.7 MB/s)
[df615e9c-71ae-48e3-b379-3ded53e7f9dc/build]   | [INFO] Downloaded from central: https://repo.maven.apache.org/maven2/com/google/code/findbugs/jsr305/2.0.1/jsr305-2.0.1.jar (32 kB at 861 kB/s)
[df615e9c-71ae-48e3-b379-3ded53e7f9dc/build]   | [INFO] Downloaded from central: https://repo.maven.apache.org/maven2/org/codehaus/plexus/plexus-utils/3.0.24/plexus-utils-3.0.24.jar (247 kB at 5.8 MB/s)
[df615e9c-71ae-48e3-b379-3ded53e7f9dc/build]   | [INFO] Downloaded from central: https://repo.maven.apache.org/maven2/commons-io/commons-io/2.4/commons-io-2.4.jar (185 kB at 3.4 MB/s)
[df615e9c-71ae-48e3-b379-3ded53e7f9dc/build]   | [INFO] Using 'UTF-8' encoding to copy filtered resources.
[df615e9c-71ae-48e3-b379-3ded53e7f9dc/build]   | [INFO] ignoreDelta true
[df615e9c-71ae-48e3-b379-3ded53e7f9dc/build]   | [INFO] Copying 1 resource
[df615e9c-71ae-48e3-b379-3ded53e7f9dc/build]   | [INFO] Copying file org/dyn4j/resources/messages.properties
[df615e9c-71ae-48e3-b379-3ded53e7f9dc/build]   | [INFO] 
[df615e9c-71ae-48e3-b379-3ded53e7f9dc/build]   | [INFO] --- maven-compiler-plugin:3.8.1:compile (default-compile) @ dyn4j ---
[df615e9c-71ae-48e3-b379-3ded53e7f9dc/build]   | [INFO] Downloading from central: https://repo.maven.apache.org/maven2/org/apache/maven/shared/maven-shared-incremental/1.1/maven-shared-incremental-1.1.pom
[df615e9c-71ae-48e3-b379-3ded53e7f9dc/build]   | [INFO] Downloaded from central: https://repo.maven.apache.org/maven2/org/apache/maven/shared/maven-shared-incremental/1.1/maven-shared-incremental-1.1.pom (4.7 kB at 153 kB/s)
[df615e9c-71ae-48e3-b379-3ded53e7f9dc/build]   | [INFO] Downloading from central: https://repo.maven.apache.org/maven2/org/apache/maven/shared/maven-shared-components/19/maven-shared-components-19.pom
[df615e9c-71ae-48e3-b379-3ded53e7f9dc/build]   | [INFO] Downloaded from central: https://repo.maven.apache.org/maven2/org/apache/maven/shared/maven-shared-components/19/maven-shared-components-19.pom (6.4 kB at 276 kB/s)
[df615e9c-71ae-48e3-b379-3ded53e7f9dc/build]   | [INFO] Downloading from central: https://repo.maven.apache.org/maven2/org/apache/maven/maven-parent/23/maven-parent-23.pom
[df615e9c-71ae-48e3-b379-3ded53e7f9dc/build]   | [INFO] Downloaded from central: https://repo.maven.apache.org/maven2/org/apache/maven/maven-parent/23/maven-parent-23.pom (33 kB at 1.4 MB/s)
[df615e9c-71ae-48e3-b379-3ded53e7f9dc/build]   | [INFO] Downloading from central: https://repo.maven.apache.org/maven2/org/apache/apache/13/apache-13.pom
[df615e9c-71ae-48e3-b379-3ded53e7f9dc/build]   | [INFO] Downloaded from central: https://repo.maven.apache.org/maven2/org/apache/apache/13/apache-13.pom (14 kB at 735 kB/s)
[df615e9c-71ae-48e3-b379-3ded53e7f9dc/build]   | [INFO] Downloading from central: https://repo.maven.apache.org/maven2/org/apache/maven/maven-plugin-api/2.2.1/maven-plugin-api-2.2.1.pom
[df615e9c-71ae-48e3-b379-3ded53e7f9dc/build]   | [INFO] Downloaded from central: https://repo.maven.apache.org/maven2/org/apache/maven/maven-plugin-api/2.2.1/maven-plugin-api-2.2.1.pom (1.5 kB at 73 kB/s)
[df615e9c-71ae-48e3-b379-3ded53e7f9dc/build]   | [INFO] Downloading from central: https://repo.maven.apache.org/maven2/org/apache/maven/maven/2.2.1/maven-2.2.1.pom
[df615e9c-71ae-48e3-b379-3ded53e7f9dc/build]   | [INFO] Downloaded from central: https://repo.maven.apache.org/maven2/org/apache/maven/maven/2.2.1/maven-2.2.1.pom (22 kB at 423 kB/s)
[df615e9c-71ae-48e3-b379-3ded53e7f9dc/build]   | [INFO] Downloading from central: https://repo.maven.apache.org/maven2/org/apache/maven/maven-core/2.2.1/maven-core-2.2.1.pom
[df615e9c-71ae-48e3-b379-3ded53e7f9dc/build]   | [INFO] Downloaded from central: https://repo.maven.apache.org/maven2/org/apache/maven/maven-core/2.2.1/maven-core-2.2.1.pom (12 kB at 969 kB/s)
[df615e9c-71ae-48e3-b379-3ded53e7f9dc/build]   | [INFO] Downloading from central: https://repo.maven.apache.org/maven2/org/apache/maven/maven-settings/2.2.1/maven-settings-2.2.1.pom
[df615e9c-71ae-48e3-b379-3ded53e7f9dc/build]   | [INFO] Downloaded from central: https://repo.maven.apache.org/maven2/org/apache/maven/maven-settings/2.2.1/maven-settings-2.2.1.pom (2.2 kB at 198 kB/s)
[df615e9c-71ae-48e3-b379-3ded53e7f9dc/build]   | [INFO] Downloading from central: https://repo.maven.apache.org/maven2/org/apache/maven/maven-model/2.2.1/maven-model-2.2.1.pom
[df615e9c-71ae-48e3-b379-3ded53e7f9dc/build]   | [INFO] Downloaded from central: https://repo.maven.apache.org/maven2/org/apache/maven/maven-model/2.2.1/maven-model-2.2.1.pom (3.2 kB at 58 kB/s)
[df615e9c-71ae-48e3-b379-3ded53e7f9dc/build]   | [INFO] Downloading from central: https://repo.maven.apache.org/maven2/org/codehaus/plexus/plexus-utils/1.5.15/plexus-utils-1.5.15.pom
[df615e9c-71ae-48e3-b379-3ded53e7f9dc/build]   | [INFO] Downloaded from central: https://repo.maven.apache.org/maven2/org/codehaus/plexus/plexus-utils/1.5.15/plexus-utils-1.5.15.pom (6.8 kB at 342 kB/s)
[df615e9c-71ae-48e3-b379-3ded53e7f9dc/build]   | [INFO] Downloading from central: https://repo.maven.apache.org/maven2/org/codehaus/plexus/plexus-interpolation/1.11/plexus-interpolation-1.11.pom
[df615e9c-71ae-48e3-b379-3ded53e7f9dc/build]   | [INFO] Downloaded from central: https://repo.maven.apache.org/maven2/org/codehaus/plexus/plexus-interpolation/1.11/plexus-interpolation-1.11.pom (889 B at 111 kB/s)
[df615e9c-71ae-48e3-b379-3ded53e7f9dc/build]   | [INFO] Downloading from central: https://repo.maven.apache.org/maven2/org/codehaus/plexus/plexus-components/1.1.14/plexus-components-1.1.14.pom
[df615e9c-71ae-48e3-b379-3ded53e7f9dc/build]   | [INFO] Downloaded from central: https://repo.maven.apache.org/maven2/org/codehaus/plexus/plexus-components/1.1.14/plexus-components-1.1.14.pom (5.8 kB at 234 kB/s)
[df615e9c-71ae-48e3-b379-3ded53e7f9dc/build]   | [INFO] Downloading from central: https://repo.maven.apache.org/maven2/org/apache/maven/maven-plugin-parameter-documenter/2.2.1/maven-plugin-parameter-documenter-2.2.1.pom
[df615e9c-71ae-48e3-b379-3ded53e7f9dc/build]   | [INFO] Downloaded from central: https://repo.maven.apache.org/maven2/org/apache/maven/maven-plugin-parameter-documenter/2.2.1/maven-plugin-parameter-documenter-2.2.1.pom (2.0 kB at 78 kB/s)
[df615e9c-71ae-48e3-b379-3ded53e7f9dc/build]   | [INFO] Downloading from central: https://repo.maven.apache.org/maven2/org/slf4j/slf4j-jdk14/1.5.6/slf4j-jdk14-1.5.6.pom
[df615e9c-71ae-48e3-b379-3ded53e7f9dc/build]   | [INFO] Downloaded from central: https://repo.maven.apache.org/maven2/org/slf4j/slf4j-jdk14/1.5.6/slf4j-jdk14-1.5.6.pom (1.9 kB at 28 kB/s)
[df615e9c-71ae-48e3-b379-3ded53e7f9dc/build]   | [INFO] Downloading from central: https://repo.maven.apache.org/maven2/org/slf4j/slf4j-parent/1.5.6/slf4j-parent-1.5.6.pom
[df615e9c-71ae-48e3-b379-3ded53e7f9dc/build]   | [INFO] Downloaded from central: https://repo.maven.apache.org/maven2/org/slf4j/slf4j-parent/1.5.6/slf4j-parent-1.5.6.pom (7.9 kB at 141 kB/s)
[df615e9c-71ae-48e3-b379-3ded53e7f9dc/build]   | [INFO] Downloading from central: https://repo.maven.apache.org/maven2/org/slf4j/slf4j-api/1.5.6/slf4j-api-1.5.6.pom
[df615e9c-71ae-48e3-b379-3ded53e7f9dc/build]   | [INFO] Downloaded from central: https://repo.maven.apache.org/maven2/org/slf4j/slf4j-api/1.5.6/slf4j-api-1.5.6.pom (3.0 kB at 33 kB/s)
[df615e9c-71ae-48e3-b379-3ded53e7f9dc/build]   | [INFO] Downloading from central: https://repo.maven.apache.org/maven2/org/slf4j/jcl-over-slf4j/1.5.6/jcl-over-slf4j-1.5.6.pom
[df615e9c-71ae-48e3-b379-3ded53e7f9dc/build]   | [INFO] Downloaded from central: https://repo.maven.apache.org/maven2/org/slf4j/jcl-over-slf4j/1.5.6/jcl-over-slf4j-1.5.6.pom (2.2 kB at 114 kB/s)
[df615e9c-71ae-48e3-b379-3ded53e7f9dc/build]   | [INFO] Downloading from central: https://repo.maven.apache.org/maven2/org/apache/maven/maven-profile/2.2.1/maven-profile-2.2.1.pom
[df615e9c-71ae-48e3-b379-3ded53e7f9dc/build]   | [INFO] Downloaded from central: https://repo.maven.apache.org/maven2/org/apache/maven/maven-profile/2.2.1/maven-profile-2.2.1.pom (2.2 kB at 75 kB/s)
[df615e9c-71ae-48e3-b379-3ded53e7f9dc/build]   | [INFO] Downloading from central: https://repo.maven.apache.org/maven2/org/apache/maven/maven-artifact/2.2.1/maven-artifact-2.2.1.pom
[df615e9c-71ae-48e3-b379-3ded53e7f9dc/build]   | [INFO] Downloaded from central: https://repo.maven.apache.org/maven2/org/apache/maven/maven-artifact/2.2.1/maven-artifact-2.2.1.pom (1.6 kB at 32 kB/s)
[df615e9c-71ae-48e3-b379-3ded53e7f9dc/build]   | [INFO] Downloading from central: https://repo.maven.apache.org/maven2/org/apache/maven/maven-repository-metadata/2.2.1/maven-repository-metadata-2.2.1.pom
[df615e9c-71ae-48e3-b379-3ded53e7f9dc/build]   | [INFO] Downloaded from central: https://repo.maven.apache.org/maven2/org/apache/maven/maven-repository-metadata/2.2.1/maven-repository-metadata-2.2.1.pom (1.9 kB at 35 kB/s)
[df615e9c-71ae-48e3-b379-3ded53e7f9dc/build]   | [INFO] Downloading from central: https://repo.maven.apache.org/maven2/org/apache/maven/maven-error-diagnostics/2.2.1/maven-error-diagnostics-2.2.1.pom
[df615e9c-71ae-48e3-b379-3ded53e7f9dc/build]   | [INFO] Downloaded from central: https://repo.maven.apache.org/maven2/org/apache/maven/maven-error-diagnostics/2.2.1/maven-error-diagnostics-2.2.1.pom (1.7 kB at 32 kB/s)
[df615e9c-71ae-48e3-b379-3ded53e7f9dc/build]   | [INFO] Downloading from central: https://repo.maven.apache.org/maven2/org/apache/maven/maven-project/2.2.1/maven-project-2.2.1.pom
[df615e9c-71ae-48e3-b379-3ded53e7f9dc/build]   | [INFO] Downloaded from central: https://repo.maven.apache.org/maven2/org/apache/maven/maven-project/2.2.1/maven-project-2.2.1.pom (2.8 kB at 34 kB/s)
[df615e9c-71ae-48e3-b379-3ded53e7f9dc/build]   | [INFO] Downloading from central: https://repo.maven.apache.org/maven2/org/apache/maven/maven-artifact-manager/2.2.1/maven-artifact-manager-2.2.1.pom
[df615e9c-71ae-48e3-b379-3ded53e7f9dc/build]   | [INFO] Downloaded from central: https://repo.maven.apache.org/maven2/org/apache/maven/maven-artifact-manager/2.2.1/maven-artifact-manager-2.2.1.pom (3.1 kB at 148 kB/s)
[df615e9c-71ae-48e3-b379-3ded53e7f9dc/build]   | [INFO] Downloading from central: https://repo.maven.apache.org/maven2/backport-util-concurrent/backport-util-concurrent/3.1/backport-util-concurrent-3.1.pom
[df615e9c-71ae-48e3-b379-3ded53e7f9dc/build]   | [INFO] Downloaded from central: https://repo.maven.apache.org/maven2/backport-util-concurrent/backport-util-concurrent/3.1/backport-util-concurrent-3.1.pom (880 B at 98 kB/s)
[df615e9c-71ae-48e3-b379-3ded53e7f9dc/build]   | [INFO] Downloading from central: https://repo.maven.apache.org/maven2/org/apache/maven/maven-plugin-registry/2.2.1/maven-plugin-registry-2.2.1.pom
[df615e9c-71ae-48e3-b379-3ded53e7f9dc/build]   | [INFO] Downloaded from central: https://repo.maven.apache.org/maven2/org/apache/maven/maven-plugin-registry/2.2.1/maven-plugin-registry-2.2.1.pom (1.9 kB at 88 kB/s)
[df615e9c-71ae-48e3-b379-3ded53e7f9dc/build]   | [INFO] Downloading from central: https://repo.maven.apache.org/maven2/org/apache/maven/maven-plugin-descriptor/2.2.1/maven-plugin-descriptor-2.2.1.pom
[df615e9c-71ae-48e3-b379-3ded53e7f9dc/build]   | [INFO] Downloaded from central: https://repo.maven.apache.org/maven2/org/apache/maven/maven-plugin-descriptor/2.2.1/maven-plugin-descriptor-2.2.1.pom (2.1 kB at 50 kB/s)
[df615e9c-71ae-48e3-b379-3ded53e7f9dc/build]   | [INFO] Downloading from central: https://repo.maven.apache.org/maven2/org/apache/maven/maven-monitor/2.2.1/maven-monitor-2.2.1.pom
[df615e9c-71ae-48e3-b379-3ded53e7f9dc/build]   | [INFO] Downloaded from central: https://repo.maven.apache.org/maven2/org/apache/maven/maven-monitor/2.2.1/maven-monitor-2.2.1.pom (1.3 kB at 57 kB/s)
[df615e9c-71ae-48e3-b379-3ded53e7f9dc/build]   | [INFO] Downloading from central: https://repo.maven.apache.org/maven2/org/apache/maven/shared/maven-shared-utils/0.1/maven-shared-utils-0.1.pom
[df615e9c-71ae-48e3-b379-3ded53e7f9dc/build]   | [INFO] Downloaded from central: https://repo.maven.apache.org/maven2/org/apache/maven/shared/maven-shared-utils/0.1/maven-shared-utils-0.1.pom (4.0 kB at 405 kB/s)
[df615e9c-71ae-48e3-b379-3ded53e7f9dc/build]   | [INFO] Downloading from central: https://repo.maven.apache.org/maven2/org/apache/maven/shared/maven-shared-components/18/maven-shared-components-18.pom
[df615e9c-71ae-48e3-b379-3ded53e7f9dc/build]   | [INFO] Downloaded from central: https://repo.maven.apache.org/maven2/org/apache/maven/shared/maven-shared-components/18/maven-shared-components-18.pom (4.9 kB at 274 kB/s)
[df615e9c-71ae-48e3-b379-3ded53e7f9dc/build]   | [INFO] Downloading from central: https://repo.maven.apache.org/maven2/org/apache/maven/maven-parent/22/maven-parent-22.pom
[df615e9c-71ae-48e3-b379-3ded53e7f9dc/build]   | [INFO] Downloaded from central: https://repo.maven.apache.org/maven2/org/apache/maven/maven-parent/22/maven-parent-22.pom (30 kB at 513 kB/s)
[df615e9c-71ae-48e3-b379-3ded53e7f9dc/build]   | [INFO] Downloading from central: https://repo.maven.apache.org/maven2/org/apache/apache/11/apache-11.pom
[df615e9c-71ae-48e3-b379-3ded53e7f9dc/build]   | [INFO] Downloaded from central: https://repo.maven.apache.org/maven2/org/apache/apache/11/apache-11.pom (15 kB at 823 kB/s)
[df615e9c-71ae-48e3-b379-3ded53e7f9dc/build]   | [INFO] Downloading from central: https://repo.maven.apache.org/maven2/org/codehaus/plexus/plexus-java/0.9.10/plexus-java-0.9.10.pom
[df615e9c-71ae-48e3-b379-3ded53e7f9dc/build]   | [INFO] Downloaded from central: https://repo.maven.apache.org/maven2/org/codehaus/plexus/plexus-java/0.9.10/plexus-java-0.9.10.pom (5.1 kB at 568 kB/s)
[df615e9c-71ae-48e3-b379-3ded53e7f9dc/build]   | [INFO] Downloading from central: https://repo.maven.apache.org/maven2/org/codehaus/plexus/plexus-languages/0.9.10/plexus-languages-0.9.10.pom
[df615e9c-71ae-48e3-b379-3ded53e7f9dc/build]   | [INFO] Downloaded from central: https://repo.maven.apache.org/maven2/org/codehaus/plexus/plexus-languages/0.9.10/plexus-languages-0.9.10.pom (4.1 kB at 460 kB/s)
[df615e9c-71ae-48e3-b379-3ded53e7f9dc/build]   | [INFO] Downloading from central: https://repo.maven.apache.org/maven2/org/ow2/asm/asm/6.2/asm-6.2.pom
[df615e9c-71ae-48e3-b379-3ded53e7f9dc/build]   | [INFO] Downloaded from central: https://repo.maven.apache.org/maven2/org/ow2/asm/asm/6.2/asm-6.2.pom (2.9 kB at 68 kB/s)
[df615e9c-71ae-48e3-b379-3ded53e7f9dc/build]   | [INFO] Downloading from central: https://repo.maven.apache.org/maven2/org/ow2/ow2/1.5/ow2-1.5.pom
[df615e9c-71ae-48e3-b379-3ded53e7f9dc/build]   | [INFO] Downloaded from central: https://repo.maven.apache.org/maven2/org/ow2/ow2/1.5/ow2-1.5.pom (11 kB at 624 kB/s)
[df615e9c-71ae-48e3-b379-3ded53e7f9dc/build]   | [INFO] Downloading from central: https://repo.maven.apache.org/maven2/com/thoughtworks/qdox/qdox/2.0-M9/qdox-2.0-M9.pom
[df615e9c-71ae-48e3-b379-3ded53e7f9dc/build]   | [INFO] Downloaded from central: https://repo.maven.apache.org/maven2/com/thoughtworks/qdox/qdox/2.0-M9/qdox-2.0-M9.pom (16 kB at 1.2 MB/s)
[df615e9c-71ae-48e3-b379-3ded53e7f9dc/build]   | [INFO] Downloading from central: https://repo.maven.apache.org/maven2/org/codehaus/plexus/plexus-compiler-api/2.8.4/plexus-compiler-api-2.8.4.pom
[df615e9c-71ae-48e3-b379-3ded53e7f9dc/build]   | [INFO] Downloaded from central: https://repo.maven.apache.org/maven2/org/codehaus/plexus/plexus-compiler-api/2.8.4/plexus-compiler-api-2.8.4.pom (867 B at 14 kB/s)
[df615e9c-71ae-48e3-b379-3ded53e7f9dc/build]   | [INFO] Downloading from central: https://repo.maven.apache.org/maven2/org/codehaus/plexus/plexus-compiler/2.8.4/plexus-compiler-2.8.4.pom
[df615e9c-71ae-48e3-b379-3ded53e7f9dc/build]   | [INFO] Downloaded from central: https://repo.maven.apache.org/maven2/org/codehaus/plexus/plexus-compiler/2.8.4/plexus-compiler-2.8.4.pom (6.0 kB at 116 kB/s)
[df615e9c-71ae-48e3-b379-3ded53e7f9dc/build]   | [INFO] Downloading from central: https://repo.maven.apache.org/maven2/org/codehaus/plexus/plexus-components/4.0/plexus-components-4.0.pom
[df615e9c-71ae-48e3-b379-3ded53e7f9dc/build]   | [INFO] Downloaded from central: https://repo.maven.apache.org/maven2/org/codehaus/plexus/plexus-components/4.0/plexus-components-4.0.pom (2.7 kB at 27 kB/s)
[df615e9c-71ae-48e3-b379-3ded53e7f9dc/build]   | [INFO] Downloading from central: https://repo.maven.apache.org/maven2/org/codehaus/plexus/plexus-compiler-manager/2.8.4/plexus-compiler-manager-2.8.4.pom
[df615e9c-71ae-48e3-b379-3ded53e7f9dc/build]   | [INFO] Downloaded from central: https://repo.maven.apache.org/maven2/org/codehaus/plexus/plexus-compiler-manager/2.8.4/plexus-compiler-manager-2.8.4.pom (692 B at 16 kB/s)
[df615e9c-71ae-48e3-b379-3ded53e7f9dc/build]   | [INFO] Downloading from central: https://repo.maven.apache.org/maven2/org/codehaus/plexus/plexus-compiler-javac/2.8.4/plexus-compiler-javac-2.8.4.pom
[df615e9c-71ae-48e3-b379-3ded53e7f9dc/build]   | [INFO] Downloaded from central: https://repo.maven.apache.org/maven2/org/codehaus/plexus/plexus-compiler-javac/2.8.4/plexus-compiler-javac-2.8.4.pom (771 B at 45 kB/s)
[df615e9c-71ae-48e3-b379-3ded53e7f9dc/build]   | [INFO] Downloading from central: https://repo.maven.apache.org/maven2/org/codehaus/plexus/plexus-compilers/2.8.4/plexus-compilers-2.8.4.pom
[df615e9c-71ae-48e3-b379-3ded53e7f9dc/build]   | [INFO] Downloaded from central: https://repo.maven.apache.org/maven2/org/codehaus/plexus/plexus-compilers/2.8.4/plexus-compilers-2.8.4.pom (1.3 kB at 79 kB/s)
[df615e9c-71ae-48e3-b379-3ded53e7f9dc/build]   | [INFO] Downloading from central: https://repo.maven.apache.org/maven2/org/apache/maven/shared/maven-shared-incremental/1.1/maven-shared-incremental-1.1.jar
[df615e9c-71ae-48e3-b379-3ded53e7f9dc/build]   | [INFO] Downloading from central: https://repo.maven.apache.org/maven2/org/codehaus/plexus/plexus-java/0.9.10/plexus-java-0.9.10.jar
[df615e9c-71ae-48e3-b379-3ded53e7f9dc/build]   | [INFO] Downloading from central: https://repo.maven.apache.org/maven2/org/ow2/asm/asm/6.2/asm-6.2.jar
[df615e9c-71ae-48e3-b379-3ded53e7f9dc/build]   | [INFO] Downloading from central: https://repo.maven.apache.org/maven2/com/thoughtworks/qdox/qdox/2.0-M9/qdox-2.0-M9.jar
[df615e9c-71ae-48e3-b379-3ded53e7f9dc/build]   | [INFO] Downloading from central: https://repo.maven.apache.org/maven2/org/codehaus/plexus/plexus-compiler-api/2.8.4/plexus-compiler-api-2.8.4.jar
[df615e9c-71ae-48e3-b379-3ded53e7f9dc/build]   | [INFO] Downloaded from central: https://repo.maven.apache.org/maven2/org/apache/maven/shared/maven-shared-incremental/1.1/maven-shared-incremental-1.1.jar (14 kB at 131 kB/s)
[df615e9c-71ae-48e3-b379-3ded53e7f9dc/build]   | [INFO] Downloading from central: https://repo.maven.apache.org/maven2/org/codehaus/plexus/plexus-compiler-manager/2.8.4/plexus-compiler-manager-2.8.4.jar
[df615e9c-71ae-48e3-b379-3ded53e7f9dc/build]   | [INFO] Downloaded from central: https://repo.maven.apache.org/maven2/org/codehaus/plexus/plexus-java/0.9.10/plexus-java-0.9.10.jar (39 kB at 383 kB/s)
[df615e9c-71ae-48e3-b379-3ded53e7f9dc/build]   | [INFO] Downloading from central: https://repo.maven.apache.org/maven2/org/codehaus/plexus/plexus-compiler-javac/2.8.4/plexus-compiler-javac-2.8.4.jar
[df615e9c-71ae-48e3-b379-3ded53e7f9dc/build]   | [INFO] Downloaded from central: https://repo.maven.apache.org/maven2/org/codehaus/plexus/plexus-compiler-manager/2.8.4/plexus-compiler-manager-2.8.4.jar (4.7 kB at 48 kB/s)
[df615e9c-71ae-48e3-b379-3ded53e7f9dc/build]   | [INFO] Downloaded from central: https://repo.maven.apache.org/maven2/org/ow2/asm/asm/6.2/asm-6.2.jar (111 kB at 469 kB/s)
[df615e9c-71ae-48e3-b379-3ded53e7f9dc/build]   | [INFO] Downloaded from central: https://repo.maven.apache.org/maven2/org/codehaus/plexus/plexus-compiler-api/2.8.4/plexus-compiler-api-2.8.4.jar (27 kB at 80 kB/s)
[df615e9c-71ae-48e3-b379-3ded53e7f9dc/build]   | [INFO] Downloaded from central: https://repo.maven.apache.org/maven2/com/thoughtworks/qdox/qdox/2.0-M9/qdox-2.0-M9.jar (317 kB at 610 kB/s)
[df615e9c-71ae-48e3-b379-3ded53e7f9dc/build]   | [INFO] Downloaded from central: https://repo.maven.apache.org/maven2/org/codehaus/plexus/plexus-compiler-javac/2.8.4/plexus-compiler-javac-2.8.4.jar (21 kB at 36 kB/s)
[df615e9c-71ae-48e3-b379-3ded53e7f9dc/build]   | [INFO] Changes detected - recompiling the module!
[df615e9c-71ae-48e3-b379-3ded53e7f9dc/build]   | [INFO] Compiling 234 source files to /tmp/3ebb4e18-68d4-4f66-84e9-ef5284b8e205/target/classes
[df615e9c-71ae-48e3-b379-3ded53e7f9dc/build]   | [INFO] 
[df615e9c-71ae-48e3-b379-3ded53e7f9dc/build]   | [INFO] --- maven-compiler-plugin:3.8.1:compile (compile-6) @ dyn4j ---
[df615e9c-71ae-48e3-b379-3ded53e7f9dc/build]   | [INFO] Changes detected - recompiling the module!
[df615e9c-71ae-48e3-b379-3ded53e7f9dc/build]   | [INFO] Compiling 233 source files to /tmp/3ebb4e18-68d4-4f66-84e9-ef5284b8e205/target/classes
[df615e9c-71ae-48e3-b379-3ded53e7f9dc/build]   | [INFO] 
[df615e9c-71ae-48e3-b379-3ded53e7f9dc/build]   | [INFO] --- maven-resources-plugin:3.0.0:testResources (default-testResources) @ dyn4j ---
[df615e9c-71ae-48e3-b379-3ded53e7f9dc/build]   | [INFO] Using 'UTF-8' encoding to copy filtered resources.
[df615e9c-71ae-48e3-b379-3ded53e7f9dc/build]   | [INFO] ignoreDelta true
[df615e9c-71ae-48e3-b379-3ded53e7f9dc/build]   | [INFO] Copying 18 resources
[df615e9c-71ae-48e3-b379-3ded53e7f9dc/build]   | [INFO] Copying file org/dyn4j/data/zoom3.dat
[df615e9c-71ae-48e3-b379-3ded53e7f9dc/build]   | [INFO] Copying file org/dyn4j/data/polygon2.dat
[df615e9c-71ae-48e3-b379-3ded53e7f9dc/build]   | [INFO] Copying file org/dyn4j/data/tridol2.dat
[df615e9c-71ae-48e3-b379-3ded53e7f9dc/build]   | [INFO] Copying file org/dyn4j/data/zoom7.dat
[df615e9c-71ae-48e3-b379-3ded53e7f9dc/build]   | [INFO] Copying file org/dyn4j/data/zoom5.dat
[df615e9c-71ae-48e3-b379-3ded53e7f9dc/build]   | [INFO] Copying file org/dyn4j/data/zoom1.dat
[df615e9c-71ae-48e3-b379-3ded53e7f9dc/build]   | [INFO] Copying file org/dyn4j/data/zoom4.dat
[df615e9c-71ae-48e3-b379-3ded53e7f9dc/build]   | [INFO] Copying file org/dyn4j/data/tridol3.dat
[df615e9c-71ae-48e3-b379-3ded53e7f9dc/build]   | [INFO] Copying file org/dyn4j/data/polygon1.dat
[df615e9c-71ae-48e3-b379-3ded53e7f9dc/build]   | [INFO] Copying file org/dyn4j/data/nazca_monkey.dat
[df615e9c-71ae-48e3-b379-3ded53e7f9dc/build]   | [INFO] Copying file org/dyn4j/data/bird.dat
[df615e9c-71ae-48e3-b379-3ded53e7f9dc/build]   | [INFO] Copying file org/dyn4j/data/zoom2.dat
[df615e9c-71ae-48e3-b379-3ded53e7f9dc/build]   | [INFO] Copying file org/dyn4j/data/polygon4.dat
[df615e9c-71ae-48e3-b379-3ded53e7f9dc/build]   | [INFO] Copying file org/dyn4j/data/zoom6.dat
[df615e9c-71ae-48e3-b379-3ded53e7f9dc/build]   | [INFO] Copying file org/dyn4j/data/nazca_heron.dat
[df615e9c-71ae-48e3-b379-3ded53e7f9dc/build]   | [INFO] Copying file org/dyn4j/data/tridol1.dat
[df615e9c-71ae-48e3-b379-3ded53e7f9dc/build]   | [INFO] Copying file org/dyn4j/data/polygon3.dat
[df615e9c-71ae-48e3-b379-3ded53e7f9dc/build]   | [INFO] Copying file org/dyn4j/data/tank.dat
[df615e9c-71ae-48e3-b379-3ded53e7f9dc/build]   | [INFO] 
[df615e9c-71ae-48e3-b379-3ded53e7f9dc/build]   | [INFO] --- maven-compiler-plugin:3.8.1:testCompile (default-testCompile) @ dyn4j ---
[df615e9c-71ae-48e3-b379-3ded53e7f9dc/build]   | [INFO] Changes detected - recompiling the module!
[df615e9c-71ae-48e3-b379-3ded53e7f9dc/build]   | [INFO] Compiling 177 source files to /tmp/3ebb4e18-68d4-4f66-84e9-ef5284b8e205/target/test-classes
[df615e9c-71ae-48e3-b379-3ded53e7f9dc/build]   | [INFO] 
[df615e9c-71ae-48e3-b379-3ded53e7f9dc/build]   | [INFO] --- maven-surefire-plugin:2.22.0:test (default-test) @ dyn4j ---
[df615e9c-71ae-48e3-b379-3ded53e7f9dc/build]   | [INFO] Downloading from central: https://repo.maven.apache.org/maven2/org/apache/maven/surefire/maven-surefire-common/2.22.0/maven-surefire-common-2.22.0.pom
[df615e9c-71ae-48e3-b379-3ded53e7f9dc/build]   | [INFO] Downloaded from central: https://repo.maven.apache.org/maven2/org/apache/maven/surefire/maven-surefire-common/2.22.0/maven-surefire-common-2.22.0.pom (11 kB at 44 kB/s)
[df615e9c-71ae-48e3-b379-3ded53e7f9dc/build]   | [INFO] Downloading from central: https://repo.maven.apache.org/maven2/org/apache/maven/plugin-tools/maven-plugin-annotations/3.5/maven-plugin-annotations-3.5.pom
[df615e9c-71ae-48e3-b379-3ded53e7f9dc/build]   | [INFO] Downloaded from central: https://repo.maven.apache.org/maven2/org/apache/maven/plugin-tools/maven-plugin-annotations/3.5/maven-plugin-annotations-3.5.pom (1.7 kB at 58 kB/s)
[df615e9c-71ae-48e3-b379-3ded53e7f9dc/build]   | [INFO] Downloading from central: https://repo.maven.apache.org/maven2/org/apache/maven/plugin-tools/maven-plugin-tools/3.5/maven-plugin-tools-3.5.pom
[df615e9c-71ae-48e3-b379-3ded53e7f9dc/build]   | [INFO] Downloaded from central: https://repo.maven.apache.org/maven2/org/apache/maven/plugin-tools/maven-plugin-tools/3.5/maven-plugin-tools-3.5.pom (16 kB at 52 kB/s)
[df615e9c-71ae-48e3-b379-3ded53e7f9dc/build]   | [INFO] Downloading from central: https://repo.maven.apache.org/maven2/org/apache/maven/surefire/surefire-api/2.22.0/surefire-api-2.22.0.pom
[df615e9c-71ae-48e3-b379-3ded53e7f9dc/build]   | [INFO] Downloaded from central: https://repo.maven.apache.org/maven2/org/apache/maven/surefire/surefire-api/2.22.0/surefire-api-2.22.0.pom (3.5 kB at 49 kB/s)
[df615e9c-71ae-48e3-b379-3ded53e7f9dc/build]   | [INFO] Downloading from central: https://repo.maven.apache.org/maven2/org/apache/maven/surefire/surefire-logger-api/2.22.0/surefire-logger-api-2.22.0.pom
[df615e9c-71ae-48e3-b379-3ded53e7f9dc/build]   | [INFO] Downloaded from central: https://repo.maven.apache.org/maven2/org/apache/maven/surefire/surefire-logger-api/2.22.0/surefire-logger-api-2.22.0.pom (2.0 kB at 56 kB/s)
[df615e9c-71ae-48e3-b379-3ded53e7f9dc/build]   | [INFO] Downloading from central: https://repo.maven.apache.org/maven2/org/apache/maven/surefire/surefire-booter/2.22.0/surefire-booter-2.22.0.pom
[df615e9c-71ae-48e3-b379-3ded53e7f9dc/build]   | [INFO] Downloaded from central: https://repo.maven.apache.org/maven2/org/apache/maven/surefire/surefire-booter/2.22.0/surefire-booter-2.22.0.pom (7.4 kB at 119 kB/s)
[df615e9c-71ae-48e3-b379-3ded53e7f9dc/build]   | [INFO] Downloading from central: https://repo.maven.apache.org/maven2/org/codehaus/plexus/plexus-container-default/1.0-alpha-9-stable-1/plexus-container-default-1.0-alpha-9-stable-1.pom
[df615e9c-71ae-48e3-b379-3ded53e7f9dc/build]   | [INFO] Downloaded from central: https://repo.maven.apache.org/maven2/org/codehaus/plexus/plexus-container-default/1.0-alpha-9-stable-1/plexus-container-default-1.0-alpha-9-stable-1.pom (3.9 kB at 110 kB/s)
[df615e9c-71ae-48e3-b379-3ded53e7f9dc/build]   | [INFO] Downloading from central: https://repo.maven.apache.org/maven2/junit/junit/4.12/junit-4.12.pom
[df615e9c-71ae-48e3-b379-3ded53e7f9dc/build]   | [INFO] Downloaded from central: https://repo.maven.apache.org/maven2/junit/junit/4.12/junit-4.12.pom (24 kB at 415 kB/s)
[df615e9c-71ae-48e3-b379-3ded53e7f9dc/build]   | [INFO] Downloading from central: https://repo.maven.apache.org/maven2/org/codehaus/plexus/plexus-utils/1.0.4/plexus-utils-1.0.4.pom
[df615e9c-71ae-48e3-b379-3ded53e7f9dc/build]   | [INFO] Downloaded from central: https://repo.maven.apache.org/maven2/org/codehaus/plexus/plexus-utils/1.0.4/plexus-utils-1.0.4.pom (6.9 kB at 180 kB/s)
[df615e9c-71ae-48e3-b379-3ded53e7f9dc/build]   | [INFO] Downloading from central: https://repo.maven.apache.org/maven2/classworlds/classworlds/1.1/classworlds-1.1.pom
[df615e9c-71ae-48e3-b379-3ded53e7f9dc/build]   | [INFO] Downloaded from central: https://repo.maven.apache.org/maven2/classworlds/classworlds/1.1/classworlds-1.1.pom (3.3 kB at 87 kB/s)
[df615e9c-71ae-48e3-b379-3ded53e7f9dc/build]   | [INFO] Downloading from central: https://repo.maven.apache.org/maven2/org/apache/maven/maven-toolchain/2.2.1/maven-toolchain-2.2.1.pom
[df615e9c-71ae-48e3-b379-3ded53e7f9dc/build]   | [INFO] Downloaded from central: https://repo.maven.apache.org/maven2/org/apache/maven/maven-toolchain/2.2.1/maven-toolchain-2.2.1.pom (3.3 kB at 119 kB/s)
[df615e9c-71ae-48e3-b379-3ded53e7f9dc/build]   | [INFO] Downloading from central: https://repo.maven.apache.org/maven2/org/codehaus/plexus/plexus-java/0.9.8/plexus-java-0.9.8.pom
[df615e9c-71ae-48e3-b379-3ded53e7f9dc/build]   | [INFO] Downloaded from central: https://repo.maven.apache.org/maven2/org/codehaus/plexus/plexus-java/0.9.8/plexus-java-0.9.8.pom (2.4 kB at 44 kB/s)
[df615e9c-71ae-48e3-b379-3ded53e7f9dc/build]   | [INFO] Downloading from central: https://repo.maven.apache.org/maven2/org/codehaus/plexus/plexus-languages/0.9.8/plexus-languages-0.9.8.pom
[df615e9c-71ae-48e3-b379-3ded53e7f9dc/build]   | [INFO] Downloaded from central: https://repo.maven.apache.org/maven2/org/codehaus/plexus/plexus-languages/0.9.8/plexus-languages-0.9.8.pom (2.2 kB at 85 kB/s)
[df615e9c-71ae-48e3-b379-3ded53e7f9dc/build]   | [INFO] Downloading from central: https://repo.maven.apache.org/maven2/org/ow2/asm/asm/6.1.1/asm-6.1.1.pom
[df615e9c-71ae-48e3-b379-3ded53e7f9dc/build]   | [INFO] Downloaded from central: https://repo.maven.apache.org/maven2/org/ow2/asm/asm/6.1.1/asm-6.1.1.pom (2.9 kB at 122 kB/s)
[df615e9c-71ae-48e3-b379-3ded53e7f9dc/build]   | [INFO] Downloading from central: https://repo.maven.apache.org/maven2/com/thoughtworks/qdox/qdox/2.0-M7/qdox-2.0-M7.pom
[df615e9c-71ae-48e3-b379-3ded53e7f9dc/build]   | [INFO] Downloaded from central: https://repo.maven.apache.org/maven2/com/thoughtworks/qdox/qdox/2.0-M7/qdox-2.0-M7.pom (16 kB at 344 kB/s)
[df615e9c-71ae-48e3-b379-3ded53e7f9dc/build]   | [INFO] Downloading from central: https://repo.maven.apache.org/maven2/org/apache/maven/surefire/maven-surefire-common/2.22.0/maven-surefire-common-2.22.0.jar
[df615e9c-71ae-48e3-b379-3ded53e7f9dc/build]   | [INFO] Downloading from central: https://repo.maven.apache.org/maven2/org/apache/maven/maven-plugin-api/2.2.1/maven-plugin-api-2.2.1.jar
[df615e9c-71ae-48e3-b379-3ded53e7f9dc/build]   | [INFO] Downloading from central: https://repo.maven.apache.org/maven2/org/apache/maven/plugin-tools/maven-plugin-annotations/3.5/maven-plugin-annotations-3.5.jar
[df615e9c-71ae-48e3-b379-3ded53e7f9dc/build]   | [INFO] Downloading from central: https://repo.maven.apache.org/maven2/org/apache/maven/surefire/surefire-api/2.22.0/surefire-api-2.22.0.jar
[df615e9c-71ae-48e3-b379-3ded53e7f9dc/build]   | [INFO] Downloading from central: https://repo.maven.apache.org/maven2/org/apache/maven/surefire/surefire-logger-api/2.22.0/surefire-logger-api-2.22.0.jar
[df615e9c-71ae-48e3-b379-3ded53e7f9dc/build]   | [INFO] Downloaded from central: https://repo.maven.apache.org/maven2/org/apache/maven/surefire/surefire-logger-api/2.22.0/surefire-logger-api-2.22.0.jar (13 kB at 393 kB/s)
[df615e9c-71ae-48e3-b379-3ded53e7f9dc/build]   | [INFO] Downloading from central: https://repo.maven.apache.org/maven2/org/apache/maven/surefire/surefire-booter/2.22.0/surefire-booter-2.22.0.jar
[df615e9c-71ae-48e3-b379-3ded53e7f9dc/build]   | [INFO] Downloaded from central: https://repo.maven.apache.org/maven2/org/apache/maven/maven-plugin-api/2.2.1/maven-plugin-api-2.2.1.jar (12 kB at 309 kB/s)
[df615e9c-71ae-48e3-b379-3ded53e7f9dc/build]   | [INFO] Downloading from central: https://repo.maven.apache.org/maven2/org/apache/maven/maven-artifact/2.2.1/maven-artifact-2.2.1.jar
[df615e9c-71ae-48e3-b379-3ded53e7f9dc/build]   | [INFO] Downloaded from central: https://repo.maven.apache.org/maven2/org/apache/maven/surefire/surefire-api/2.22.0/surefire-api-2.22.0.jar (186 kB at 3.6 MB/s)
[df615e9c-71ae-48e3-b379-3ded53e7f9dc/build]   | [INFO] Downloading from central: https://repo.maven.apache.org/maven2/org/codehaus/plexus/plexus-utils/1.5.15/plexus-utils-1.5.15.jar
[df615e9c-71ae-48e3-b379-3ded53e7f9dc/build]   | [INFO] Downloaded from central: https://repo.maven.apache.org/maven2/org/apache/maven/plugin-tools/maven-plugin-annotations/3.5/maven-plugin-annotations-3.5.jar (14 kB at 255 kB/s)
[df615e9c-71ae-48e3-b379-3ded53e7f9dc/build]   | [INFO] Downloading from central: https://repo.maven.apache.org/maven2/org/apache/maven/maven-plugin-descriptor/2.2.1/maven-plugin-descriptor-2.2.1.jar
[df615e9c-71ae-48e3-b379-3ded53e7f9dc/build]   | [INFO] Downloaded from central: https://repo.maven.apache.org/maven2/org/apache/maven/maven-plugin-descriptor/2.2.1/maven-plugin-descriptor-2.2.1.jar (39 kB at 524 kB/s)
[df615e9c-71ae-48e3-b379-3ded53e7f9dc/build]   | [INFO] Downloaded from central: https://repo.maven.apache.org/maven2/org/apache/maven/maven-artifact/2.2.1/maven-artifact-2.2.1.jar (80 kB at 1.1 MB/s)
[df615e9c-71ae-48e3-b379-3ded53e7f9dc/build]   | [INFO] Downloading from central: https://repo.maven.apache.org/maven2/org/codehaus/plexus/plexus-container-default/1.0-alpha-9-stable-1/plexus-container-default-1.0-alpha-9-stable-1.jar
[df615e9c-71ae-48e3-b379-3ded53e7f9dc/build]   | [INFO] Downloading from central: https://repo.maven.apache.org/maven2/junit/junit/4.12/junit-4.12.jar
[df615e9c-71ae-48e3-b379-3ded53e7f9dc/build]   | [INFO] Downloaded from central: https://repo.maven.apache.org/maven2/org/apache/maven/surefire/surefire-booter/2.22.0/surefire-booter-2.22.0.jar (273 kB at 3.4 MB/s)
[df615e9c-71ae-48e3-b379-3ded53e7f9dc/build]   | [INFO] Downloading from central: https://repo.maven.apache.org/maven2/org/apache/maven/maven-project/2.2.1/maven-project-2.2.1.jar
[df615e9c-71ae-48e3-b379-3ded53e7f9dc/build]   | [INFO] Downloaded from central: https://repo.maven.apache.org/maven2/org/apache/maven/surefire/maven-surefire-common/2.22.0/maven-surefire-common-2.22.0.jar (524 kB at 5.2 MB/s)
[df615e9c-71ae-48e3-b379-3ded53e7f9dc/build]   | [INFO] Downloading from central: https://repo.maven.apache.org/maven2/org/apache/maven/maven-settings/2.2.1/maven-settings-2.2.1.jar
[df615e9c-71ae-48e3-b379-3ded53e7f9dc/build]   | [INFO] Downloaded from central: https://repo.maven.apache.org/maven2/org/codehaus/plexus/plexus-container-default/1.0-alpha-9-stable-1/plexus-container-default-1.0-alpha-9-stable-1.jar (194 kB at 1.8 MB/s)
[df615e9c-71ae-48e3-b379-3ded53e7f9dc/build]   | [INFO] Downloading from central: https://repo.maven.apache.org/maven2/org/apache/maven/maven-profile/2.2.1/maven-profile-2.2.1.jar
[df615e9c-71ae-48e3-b379-3ded53e7f9dc/build]   | [INFO] Downloaded from central: https://repo.maven.apache.org/maven2/org/apache/maven/maven-project/2.2.1/maven-project-2.2.1.jar (156 kB at 1.4 MB/s)
[df615e9c-71ae-48e3-b379-3ded53e7f9dc/build]   | [INFO] Downloading from central: https://repo.maven.apache.org/maven2/org/apache/maven/maven-artifact-manager/2.2.1/maven-artifact-manager-2.2.1.jar
[df615e9c-71ae-48e3-b379-3ded53e7f9dc/build]   | [INFO] Downloaded from central: https://repo.maven.apache.org/maven2/org/apache/maven/maven-settings/2.2.1/maven-settings-2.2.1.jar (49 kB at 386 kB/s)
[df615e9c-71ae-48e3-b379-3ded53e7f9dc/build]   | [INFO] Downloading from central: https://repo.maven.apache.org/maven2/backport-util-concurrent/backport-util-concurrent/3.1/backport-util-concurrent-3.1.jar
[df615e9c-71ae-48e3-b379-3ded53e7f9dc/build]   | [INFO] Downloaded from central: https://repo.maven.apache.org/maven2/org/apache/maven/maven-profile/2.2.1/maven-profile-2.2.1.jar (35 kB at 268 kB/s)
[df615e9c-71ae-48e3-b379-3ded53e7f9dc/build]   | [INFO] Downloading from central: https://repo.maven.apache.org/maven2/org/apache/maven/maven-plugin-registry/2.2.1/maven-plugin-registry-2.2.1.jar
[df615e9c-71ae-48e3-b379-3ded53e7f9dc/build]   | [INFO] Downloaded from central: https://repo.maven.apache.org/maven2/org/codehaus/plexus/plexus-utils/1.5.15/plexus-utils-1.5.15.jar (228 kB at 1.7 MB/s)
[df615e9c-71ae-48e3-b379-3ded53e7f9dc/build]   | [INFO] Downloading from central: https://repo.maven.apache.org/maven2/org/codehaus/plexus/plexus-interpolation/1.11/plexus-interpolation-1.11.jar
[df615e9c-71ae-48e3-b379-3ded53e7f9dc/build]   | [INFO] Downloaded from central: https://repo.maven.apache.org/maven2/junit/junit/4.12/junit-4.12.jar (315 kB at 2.4 MB/s)
[df615e9c-71ae-48e3-b379-3ded53e7f9dc/build]   | [INFO] Downloading from central: https://repo.maven.apache.org/maven2/org/apache/maven/maven-model/2.2.1/maven-model-2.2.1.jar
[df615e9c-71ae-48e3-b379-3ded53e7f9dc/build]   | [INFO] Downloaded from central: https://repo.maven.apache.org/maven2/org/apache/maven/maven-artifact-manager/2.2.1/maven-artifact-manager-2.2.1.jar (68 kB at 486 kB/s)
[df615e9c-71ae-48e3-b379-3ded53e7f9dc/build]   | [INFO] Downloading from central: https://repo.maven.apache.org/maven2/org/apache/maven/maven-core/2.2.1/maven-core-2.2.1.jar
[df615e9c-71ae-48e3-b379-3ded53e7f9dc/build]   | [INFO] Downloaded from central: https://repo.maven.apache.org/maven2/org/apache/maven/maven-plugin-registry/2.2.1/maven-plugin-registry-2.2.1.jar (30 kB at 192 kB/s)
[df615e9c-71ae-48e3-b379-3ded53e7f9dc/build]   | [INFO] Downloading from central: https://repo.maven.apache.org/maven2/org/apache/maven/maven-plugin-parameter-documenter/2.2.1/maven-plugin-parameter-documenter-2.2.1.jar
[df615e9c-71ae-48e3-b379-3ded53e7f9dc/build]   | [INFO] Downloaded from central: https://repo.maven.apache.org/maven2/org/apache/maven/maven-model/2.2.1/maven-model-2.2.1.jar (88 kB at 515 kB/s)
[df615e9c-71ae-48e3-b379-3ded53e7f9dc/build]   | [INFO] Downloading from central: https://repo.maven.apache.org/maven2/org/slf4j/slf4j-jdk14/1.5.6/slf4j-jdk14-1.5.6.jar
[df615e9c-71ae-48e3-b379-3ded53e7f9dc/build]   | [INFO] Downloaded from central: https://repo.maven.apache.org/maven2/org/apache/maven/maven-core/2.2.1/maven-core-2.2.1.jar (178 kB at 1.0 MB/s)
[df615e9c-71ae-48e3-b379-3ded53e7f9dc/build]   | [INFO] Downloading from central: https://repo.maven.apache.org/maven2/org/slf4j/slf4j-api/1.5.6/slf4j-api-1.5.6.jar
[df615e9c-71ae-48e3-b379-3ded53e7f9dc/build]   | [INFO] Downloaded from central: https://repo.maven.apache.org/maven2/org/codehaus/plexus/plexus-interpolation/1.11/plexus-interpolation-1.11.jar (51 kB at 288 kB/s)
[df615e9c-71ae-48e3-b379-3ded53e7f9dc/build]   | [INFO] Downloaded from central: https://repo.maven.apache.org/maven2/org/apache/maven/maven-plugin-parameter-documenter/2.2.1/maven-plugin-parameter-documenter-2.2.1.jar (22 kB at 125 kB/s)
[df615e9c-71ae-48e3-b379-3ded53e7f9dc/build]   | [INFO] Downloading from central: https://repo.maven.apache.org/maven2/org/apache/maven/maven-repository-metadata/2.2.1/maven-repository-metadata-2.2.1.jar
[df615e9c-71ae-48e3-b379-3ded53e7f9dc/build]   | [INFO] Downloading from central: https://repo.maven.apache.org/maven2/org/slf4j/jcl-over-slf4j/1.5.6/jcl-over-slf4j-1.5.6.jar
[df615e9c-71ae-48e3-b379-3ded53e7f9dc/build]   | [INFO] Downloaded from central: https://repo.maven.apache.org/maven2/org/slf4j/slf4j-jdk14/1.5.6/slf4j-jdk14-1.5.6.jar (8.8 kB at 46 kB/s)
[df615e9c-71ae-48e3-b379-3ded53e7f9dc/build]   | [INFO] Downloading from central: https://repo.maven.apache.org/maven2/org/apache/maven/maven-error-diagnostics/2.2.1/maven-error-diagnostics-2.2.1.jar
[df615e9c-71ae-48e3-b379-3ded53e7f9dc/build]   | [INFO] Downloaded from central: https://repo.maven.apache.org/maven2/org/slf4j/slf4j-api/1.5.6/slf4j-api-1.5.6.jar (22 kB at 116 kB/s)
[df615e9c-71ae-48e3-b379-3ded53e7f9dc/build]   | [INFO] Downloading from central: https://repo.maven.apache.org/maven2/org/apache/maven/maven-monitor/2.2.1/maven-monitor-2.2.1.jar
[df615e9c-71ae-48e3-b379-3ded53e7f9dc/build]   | [INFO] Downloaded from central: https://repo.maven.apache.org/maven2/org/slf4j/jcl-over-slf4j/1.5.6/jcl-over-slf4j-1.5.6.jar (17 kB at 82 kB/s)
[df615e9c-71ae-48e3-b379-3ded53e7f9dc/build]   | [INFO] Downloading from central: https://repo.maven.apache.org/maven2/classworlds/classworlds/1.1/classworlds-1.1.jar
[df615e9c-71ae-48e3-b379-3ded53e7f9dc/build]   | [INFO] Downloaded from central: https://repo.maven.apache.org/maven2/org/apache/maven/maven-repository-metadata/2.2.1/maven-repository-metadata-2.2.1.jar (26 kB at 126 kB/s)
[df615e9c-71ae-48e3-b379-3ded53e7f9dc/build]   | [INFO] Downloading from central: https://repo.maven.apache.org/maven2/org/apache/maven/maven-toolchain/2.2.1/maven-toolchain-2.2.1.jar
[df615e9c-71ae-48e3-b379-3ded53e7f9dc/build]   | [INFO] Downloaded from central: https://repo.maven.apache.org/maven2/backport-util-concurrent/backport-util-concurrent/3.1/backport-util-concurrent-3.1.jar (332 kB at 1.6 MB/s)
[df615e9c-71ae-48e3-b379-3ded53e7f9dc/build]   | [INFO] Downloading from central: https://repo.maven.apache.org/maven2/org/codehaus/plexus/plexus-java/0.9.8/plexus-java-0.9.8.jar
[df615e9c-71ae-48e3-b379-3ded53e7f9dc/build]   | [INFO] Downloaded from central: https://repo.maven.apache.org/maven2/org/apache/maven/maven-error-diagnostics/2.2.1/maven-error-diagnostics-2.2.1.jar (13 kB at 59 kB/s)
[df615e9c-71ae-48e3-b379-3ded53e7f9dc/build]   | [INFO] Downloading from central: https://repo.maven.apache.org/maven2/org/ow2/asm/asm/6.1.1/asm-6.1.1.jar
[df615e9c-71ae-48e3-b379-3ded53e7f9dc/build]   | [INFO] Downloaded from central: https://repo.maven.apache.org/maven2/org/apache/maven/maven-monitor/2.2.1/maven-monitor-2.2.1.jar (10 kB at 48 kB/s)
[df615e9c-71ae-48e3-b379-3ded53e7f9dc/build]   | [INFO] Downloading from central: https://repo.maven.apache.org/maven2/com/thoughtworks/qdox/qdox/2.0-M7/qdox-2.0-M7.jar
[df615e9c-71ae-48e3-b379-3ded53e7f9dc/build]   | [INFO] Downloaded from central: https://repo.maven.apache.org/maven2/classworlds/classworlds/1.1/classworlds-1.1.jar (38 kB at 159 kB/s)
[df615e9c-71ae-48e3-b379-3ded53e7f9dc/build]   | [INFO] Downloaded from central: https://repo.maven.apache.org/maven2/org/codehaus/plexus/plexus-java/0.9.8/plexus-java-0.9.8.jar (35 kB at 142 kB/s)
[df615e9c-71ae-48e3-b379-3ded53e7f9dc/build]   | [INFO] Downloaded from central: https://repo.maven.apache.org/maven2/org/apache/maven/maven-toolchain/2.2.1/maven-toolchain-2.2.1.jar (38 kB at 152 kB/s)
[df615e9c-71ae-48e3-b379-3ded53e7f9dc/build]   | [INFO] Downloaded from central: https://repo.maven.apache.org/maven2/com/thoughtworks/qdox/qdox/2.0-M7/qdox-2.0-M7.jar (315 kB at 1.2 MB/s)
[df615e9c-71ae-48e3-b379-3ded53e7f9dc/build]   | [INFO] Downloaded from central: https://repo.maven.apache.org/maven2/org/ow2/asm/asm/6.1.1/asm-6.1.1.jar (108 kB at 404 kB/s)
[df615e9c-71ae-48e3-b379-3ded53e7f9dc/build]   | [INFO] Downloading from central: https://repo.maven.apache.org/maven2/org/apache/maven/surefire/surefire-junit4/2.22.0/surefire-junit4-2.22.0.pom
[df615e9c-71ae-48e3-b379-3ded53e7f9dc/build]   | [INFO] Downloaded from central: https://repo.maven.apache.org/maven2/org/apache/maven/surefire/surefire-junit4/2.22.0/surefire-junit4-2.22.0.pom (3.1 kB at 220 kB/s)
[df615e9c-71ae-48e3-b379-3ded53e7f9dc/build]   | [INFO] Downloading from central: https://repo.maven.apache.org/maven2/org/apache/maven/surefire/surefire-providers/2.22.0/surefire-providers-2.22.0.pom
[df615e9c-71ae-48e3-b379-3ded53e7f9dc/build]   | [INFO] Downloaded from central: https://repo.maven.apache.org/maven2/org/apache/maven/surefire/surefire-providers/2.22.0/surefire-providers-2.22.0.pom (2.5 kB at 104 kB/s)
[df615e9c-71ae-48e3-b379-3ded53e7f9dc/build]   | [INFO] Downloading from central: https://repo.maven.apache.org/maven2/org/apache/maven/surefire/surefire-junit4/2.22.0/surefire-junit4-2.22.0.jar
[df615e9c-71ae-48e3-b379-3ded53e7f9dc/build]   | [INFO] Downloaded from central: https://repo.maven.apache.org/maven2/org/apache/maven/surefire/surefire-junit4/2.22.0/surefire-junit4-2.22.0.jar (85 kB at 4.7 MB/s)
[df615e9c-71ae-48e3-b379-3ded53e7f9dc/build]   | [INFO] 
[df615e9c-71ae-48e3-b379-3ded53e7f9dc/build]   | [INFO] -------------------------------------------------------
[df615e9c-71ae-48e3-b379-3ded53e7f9dc/build]   | [INFO]  T E S T S
[df615e9c-71ae-48e3-b379-3ded53e7f9dc/build]   | [INFO] -------------------------------------------------------
[df615e9c-71ae-48e3-b379-3ded53e7f9dc/build]   | [INFO] Running org.dyn4j.BinarySearchTreeTest
[df615e9c-71ae-48e3-b379-3ded53e7f9dc/build]   | [INFO] Tests run: 23, Failures: 0, Errors: 0, Skipped: 0, Time elapsed: 0.06 s - in org.dyn4j.BinarySearchTreeTest
[df615e9c-71ae-48e3-b379-3ded53e7f9dc/build]   | [INFO] Running org.dyn4j.EpsilonTest
[df615e9c-71ae-48e3-b379-3ded53e7f9dc/build]   | [INFO] Tests run: 1, Failures: 0, Errors: 0, Skipped: 0, Time elapsed: 0.001 s - in org.dyn4j.EpsilonTest
[df615e9c-71ae-48e3-b379-3ded53e7f9dc/build]   | [INFO] Running org.dyn4j.ReferenceTest
[df615e9c-71ae-48e3-b379-3ded53e7f9dc/build]   | [INFO] Tests run: 4, Failures: 0, Errors: 0, Skipped: 0, Time elapsed: 0.001 s - in org.dyn4j.ReferenceTest
[df615e9c-71ae-48e3-b379-3ded53e7f9dc/build]   | [INFO] Running org.dyn4j.dynamics.TorqueTest
[df615e9c-71ae-48e3-b379-3ded53e7f9dc/build]   | [INFO] Tests run: 6, Failures: 0, Errors: 0, Skipped: 0, Time elapsed: 0.001 s - in org.dyn4j.dynamics.TorqueTest
[df615e9c-71ae-48e3-b379-3ded53e7f9dc/build]   | [INFO] Running org.dyn4j.dynamics.TimeStepTest
[df615e9c-71ae-48e3-b379-3ded53e7f9dc/build]   | [INFO] Tests run: 7, Failures: 0, Errors: 0, Skipped: 0, Time elapsed: 0.001 s - in org.dyn4j.dynamics.TimeStepTest
[df615e9c-71ae-48e3-b379-3ded53e7f9dc/build]   | [INFO] Running org.dyn4j.dynamics.joint.RevoluteJointTest
[df615e9c-71ae-48e3-b379-3ded53e7f9dc/build]   | [INFO] Tests run: 24, Failures: 0, Errors: 0, Skipped: 0, Time elapsed: 0.005 s - in org.dyn4j.dynamics.joint.RevoluteJointTest
[df615e9c-71ae-48e3-b379-3ded53e7f9dc/build]   | [INFO] Running org.dyn4j.dynamics.joint.PulleyJointTest
[df615e9c-71ae-48e3-b379-3ded53e7f9dc/build]   | [INFO] Tests run: 17, Failures: 0, Errors: 0, Skipped: 0, Time elapsed: 0.001 s - in org.dyn4j.dynamics.joint.PulleyJointTest
[df615e9c-71ae-48e3-b379-3ded53e7f9dc/build]   | [INFO] Running org.dyn4j.dynamics.joint.DistanceJointTest
[df615e9c-71ae-48e3-b379-3ded53e7f9dc/build]   | [INFO] Tests run: 16, Failures: 0, Errors: 0, Skipped: 0, Time elapsed: 0 s - in org.dyn4j.dynamics.joint.DistanceJointTest
[df615e9c-71ae-48e3-b379-3ded53e7f9dc/build]   | [INFO] Running org.dyn4j.dynamics.joint.AngleJointTest
[df615e9c-71ae-48e3-b379-3ded53e7f9dc/build]   | [INFO] Tests run: 18, Failures: 0, Errors: 0, Skipped: 0, Time elapsed: 0.001 s - in org.dyn4j.dynamics.joint.AngleJointTest
[df615e9c-71ae-48e3-b379-3ded53e7f9dc/build]   | [INFO] Running org.dyn4j.dynamics.joint.FrictionJointTest
[df615e9c-71ae-48e3-b379-3ded53e7f9dc/build]   | [INFO] Tests run: 9, Failures: 0, Errors: 0, Skipped: 0, Time elapsed: 0.001 s - in org.dyn4j.dynamics.joint.FrictionJointTest
[df615e9c-71ae-48e3-b379-3ded53e7f9dc/build]   | [INFO] Running org.dyn4j.dynamics.joint.PinJointTest
[df615e9c-71ae-48e3-b379-3ded53e7f9dc/build]   | [INFO] Tests run: 20, Failures: 0, Errors: 0, Skipped: 0, Time elapsed: 0 s - in org.dyn4j.dynamics.joint.PinJointTest
[df615e9c-71ae-48e3-b379-3ded53e7f9dc/build]   | [INFO] Running org.dyn4j.dynamics.joint.WeldJointTest
[df615e9c-71ae-48e3-b379-3ded53e7f9dc/build]   | [INFO] Tests run: 12, Failures: 0, Errors: 0, Skipped: 0, Time elapsed: 0.001 s - in org.dyn4j.dynamics.joint.WeldJointTest
[df615e9c-71ae-48e3-b379-3ded53e7f9dc/build]   | [INFO] Running org.dyn4j.dynamics.joint.WheelJointTest
[df615e9c-71ae-48e3-b379-3ded53e7f9dc/build]   | [INFO] Tests run: 21, Failures: 0, Errors: 0, Skipped: 0, Time elapsed: 0 s - in org.dyn4j.dynamics.joint.WheelJointTest
[df615e9c-71ae-48e3-b379-3ded53e7f9dc/build]   | [INFO] Running org.dyn4j.dynamics.joint.PrismaticJointTest
[df615e9c-71ae-48e3-b379-3ded53e7f9dc/build]   | [INFO] Tests run: 26, Failures: 0, Errors: 0, Skipped: 0, Time elapsed: 0 s - in org.dyn4j.dynamics.joint.PrismaticJointTest
[df615e9c-71ae-48e3-b379-3ded53e7f9dc/build]   | [INFO] Running org.dyn4j.dynamics.joint.MotorJointTest
[df615e9c-71ae-48e3-b379-3ded53e7f9dc/build]   | [INFO] Tests run: 13, Failures: 0, Errors: 0, Skipped: 0, Time elapsed: 0.001 s - in org.dyn4j.dynamics.joint.MotorJointTest
[df615e9c-71ae-48e3-b379-3ded53e7f9dc/build]   | [INFO] Running org.dyn4j.dynamics.joint.RopeJointTest
[df615e9c-71ae-48e3-b379-3ded53e7f9dc/build]   | [INFO] Tests run: 20, Failures: 0, Errors: 0, Skipped: 0, Time elapsed: 0 s - in org.dyn4j.dynamics.joint.RopeJointTest
[df615e9c-71ae-48e3-b379-3ded53e7f9dc/build]   | [INFO] Running org.dyn4j.dynamics.SettingsTest
[df615e9c-71ae-48e3-b379-3ded53e7f9dc/build]   | [INFO] Tests run: 40, Failures: 0, Errors: 0, Skipped: 0, Time elapsed: 0 s - in org.dyn4j.dynamics.SettingsTest
[df615e9c-71ae-48e3-b379-3ded53e7f9dc/build]   | [INFO] Running org.dyn4j.dynamics.BodyFixtureTest
[df615e9c-71ae-48e3-b379-3ded53e7f9dc/build]   | [INFO] Tests run: 11, Failures: 0, Errors: 0, Skipped: 0, Time elapsed: 0 s - in org.dyn4j.dynamics.BodyFixtureTest
[df615e9c-71ae-48e3-b379-3ded53e7f9dc/build]   | [INFO] Running org.dyn4j.dynamics.ForceTest
[df615e9c-71ae-48e3-b379-3ded53e7f9dc/build]   | [INFO] Tests run: 8, Failures: 0, Errors: 0, Skipped: 0, Time elapsed: 0 s - in org.dyn4j.dynamics.ForceTest
[df615e9c-71ae-48e3-b379-3ded53e7f9dc/build]   | [INFO] Running org.dyn4j.dynamics.AbstractPhysicsBodyTest
[df615e9c-71ae-48e3-b379-3ded53e7f9dc/build]   | [INFO] Tests run: 49, Failures: 0, Errors: 0, Skipped: 0, Time elapsed: 0 s - in org.dyn4j.dynamics.AbstractPhysicsBodyTest
[df615e9c-71ae-48e3-b379-3ded53e7f9dc/build]   | [INFO] Running org.dyn4j.dynamics.contact.ContactConstraintTest
[df615e9c-71ae-48e3-b379-3ded53e7f9dc/build]   | [INFO] Tests run: 11, Failures: 0, Errors: 0, Skipped: 0, Time elapsed: 0 s - in org.dyn4j.dynamics.contact.ContactConstraintTest
[df615e9c-71ae-48e3-b379-3ded53e7f9dc/build]   | [INFO] Running org.dyn4j.dynamics.contact.SolvableContactTest
[df615e9c-71ae-48e3-b379-3ded53e7f9dc/build]   | [INFO] Tests run: 2, Failures: 0, Errors: 0, Skipped: 0, Time elapsed: 0 s - in org.dyn4j.dynamics.contact.SolvableContactTest
[df615e9c-71ae-48e3-b379-3ded53e7f9dc/build]   | [INFO] Running org.dyn4j.dynamics.contact.ForceCollisionTimeOfImpactSolverTest
[df615e9c-71ae-48e3-b379-3ded53e7f9dc/build]   | [INFO] Tests run: 2, Failures: 0, Errors: 0, Skipped: 0, Time elapsed: 0 s - in org.dyn4j.dynamics.contact.ForceCollisionTimeOfImpactSolverTest
[df615e9c-71ae-48e3-b379-3ded53e7f9dc/build]   | [INFO] Running org.dyn4j.world.CoefficientMixerTest
[df615e9c-71ae-48e3-b379-3ded53e7f9dc/build]   | [INFO] Tests run: 2, Failures: 0, Errors: 0, Skipped: 0, Time elapsed: 0 s - in org.dyn4j.world.CoefficientMixerTest
[df615e9c-71ae-48e3-b379-3ded53e7f9dc/build]   | [INFO] Running org.dyn4j.world.CollisionItemAdapterTest
[df615e9c-71ae-48e3-b379-3ded53e7f9dc/build]   | [INFO] Tests run: 3, Failures: 0, Errors: 0, Skipped: 0, Time elapsed: 0 s - in org.dyn4j.world.CollisionItemAdapterTest
[df615e9c-71ae-48e3-b379-3ded53e7f9dc/build]   | [INFO] Running org.dyn4j.world.AbstractCollisionWorldTest
[df615e9c-71ae-48e3-b379-3ded53e7f9dc/build]   | [INFO] Tests run: 65, Failures: 0, Errors: 0, Skipped: 0, Time elapsed: 0.044 s - in org.dyn4j.world.AbstractCollisionWorldTest
[df615e9c-71ae-48e3-b379-3ded53e7f9dc/build]   | [INFO] Running org.dyn4j.world.listener.ListenerAdaptersTest
[df615e9c-71ae-48e3-b379-3ded53e7f9dc/build]   | [INFO] Tests run: 6, Failures: 0, Errors: 0, Skipped: 0, Time elapsed: 0.014 s - in org.dyn4j.world.listener.ListenerAdaptersTest
[df615e9c-71ae-48e3-b379-3ded53e7f9dc/build]   | [INFO] Running org.dyn4j.world.BroadphaseFilterAdapterTest
[df615e9c-71ae-48e3-b379-3ded53e7f9dc/build]   | [INFO] Tests run: 1, Failures: 0, Errors: 0, Skipped: 0, Time elapsed: 0 s - in org.dyn4j.world.BroadphaseFilterAdapterTest
[df615e9c-71ae-48e3-b379-3ded53e7f9dc/build]   | [INFO] Running org.dyn4j.world.WorldTest
[df615e9c-71ae-48e3-b379-3ded53e7f9dc/build]   | [INFO] Tests run: 1, Failures: 0, Errors: 0, Skipped: 0, Time elapsed: 0 s - in org.dyn4j.world.WorldTest
[df615e9c-71ae-48e3-b379-3ded53e7f9dc/build]   | [INFO] Running org.dyn4j.world.PhysicsBodyBroadphaseFilterTest
[df615e9c-71ae-48e3-b379-3ded53e7f9dc/build]   | [INFO] Tests run: 4, Failures: 0, Errors: 0, Skipped: 0, Time elapsed: 0.008 s - in org.dyn4j.world.PhysicsBodyBroadphaseFilterTest
[df615e9c-71ae-48e3-b379-3ded53e7f9dc/build]   | [INFO] Running org.dyn4j.world.CollisionBodyBroadphaseFilterTest
[df615e9c-71ae-48e3-b379-3ded53e7f9dc/build]   | [INFO] Tests run: 2, Failures: 0, Errors: 0, Skipped: 0, Time elapsed: 0 s - in org.dyn4j.world.CollisionBodyBroadphaseFilterTest
[df615e9c-71ae-48e3-b379-3ded53e7f9dc/build]   | [INFO] Running org.dyn4j.world.IslandTest
[df615e9c-71ae-48e3-b379-3ded53e7f9dc/build]   | [INFO] Tests run: 4, Failures: 0, Errors: 0, Skipped: 0, Time elapsed: 0 s - in org.dyn4j.world.IslandTest
[df615e9c-71ae-48e3-b379-3ded53e7f9dc/build]   | [INFO] Running org.dyn4j.world.ConstraintGraphTest
[df615e9c-71ae-48e3-b379-3ded53e7f9dc/build]   | [INFO] Tests run: 24, Failures: 0, Errors: 0, Skipped: 0, Time elapsed: 0.016 s - in org.dyn4j.world.ConstraintGraphTest
[df615e9c-71ae-48e3-b379-3ded53e7f9dc/build]   | [INFO] Running org.dyn4j.world.DetectFilterTest
[df615e9c-71ae-48e3-b379-3ded53e7f9dc/build]   | [INFO] Tests run: 4, Failures: 0, Errors: 0, Skipped: 0, Time elapsed: 0 s - in org.dyn4j.world.DetectFilterTest
[df615e9c-71ae-48e3-b379-3ded53e7f9dc/build]   | [INFO] Running org.dyn4j.world.AbstractPhysicsWorldTest
[df615e9c-71ae-48e3-b379-3ded53e7f9dc/build]   | [ERROR] Tests run: 60, Failures: 1, Errors: 0, Skipped: 0, Time elapsed: 0.078 s <<< FAILURE! - in org.dyn4j.world.AbstractPhysicsWorldTest
[df615e9c-71ae-48e3-b379-3ded53e7f9dc/build]   | [ERROR] sensorRemovalShouldNotClearAtRestState(org.dyn4j.world.AbstractPhysicsWorldTest)  Time elapsed: 0.008 s  <<< FAILURE!
[df615e9c-71ae-48e3-b379-3ded53e7f9dc/build]   | junit.framework.AssertionFailedError
[df615e9c-71ae-48e3-b379-3ded53e7f9dc/build]   | 	at org.dyn4j@4.1.3/org.dyn4j.world.AbstractPhysicsWorldTest.sensorRemovalShouldNotClearAtRestState(AbstractPhysicsWorldTest.java:2181)
[df615e9c-71ae-48e3-b379-3ded53e7f9dc/build]   | 
[df615e9c-71ae-48e3-b379-3ded53e7f9dc/build]   | [INFO] Running org.dyn4j.world.PhysicsBodySweptAABBProducerTest
[df615e9c-71ae-48e3-b379-3ded53e7f9dc/build]   | [INFO] Tests run: 4, Failures: 0, Errors: 0, Skipped: 0, Time elapsed: 0.001 s - in org.dyn4j.world.PhysicsBodySweptAABBProducerTest
[df615e9c-71ae-48e3-b379-3ded53e7f9dc/build]   | [INFO] Running org.dyn4j.world.result.DetectResultTest
[df615e9c-71ae-48e3-b379-3ded53e7f9dc/build]   | [INFO] Tests run: 4, Failures: 0, Errors: 0, Skipped: 0, Time elapsed: 0 s - in org.dyn4j.world.result.DetectResultTest
[df615e9c-71ae-48e3-b379-3ded53e7f9dc/build]   | [INFO] Running org.dyn4j.BalancedBinarySearchTreeTest
[df615e9c-71ae-48e3-b379-3ded53e7f9dc/build]   | [INFO] Tests run: 18, Failures: 0, Errors: 0, Skipped: 0, Time elapsed: 0 s - in org.dyn4j.BalancedBinarySearchTreeTest
[df615e9c-71ae-48e3-b379-3ded53e7f9dc/build]   | [INFO] Running org.dyn4j.MessagesTest
[df615e9c-71ae-48e3-b379-3ded53e7f9dc/build]   | [INFO] Tests run: 1, Failures: 0, Errors: 0, Skipped: 0, Time elapsed: 0 s - in org.dyn4j.MessagesTest
[df615e9c-71ae-48e3-b379-3ded53e7f9dc/build]   | [INFO] Running org.dyn4j.geometry.RayTest
[df615e9c-71ae-48e3-b379-3ded53e7f9dc/build]   | [INFO] Tests run: 4, Failures: 0, Errors: 0, Skipped: 0, Time elapsed: 0 s - in org.dyn4j.geometry.RayTest
[df615e9c-71ae-48e3-b379-3ded53e7f9dc/build]   | [INFO] Running org.dyn4j.geometry.IntervalTest
[df615e9c-71ae-48e3-b379-3ded53e7f9dc/build]   | [INFO] Tests run: 16, Failures: 0, Errors: 0, Skipped: 0, Time elapsed: 0.002 s - in org.dyn4j.geometry.IntervalTest
[df615e9c-71ae-48e3-b379-3ded53e7f9dc/build]   | [INFO] Running org.dyn4j.geometry.HalfEllipseTest
[df615e9c-71ae-48e3-b379-3ded53e7f9dc/build]   | [INFO] Tests run: 16, Failures: 0, Errors: 0, Skipped: 0, Time elapsed: 0.01 s - in org.dyn4j.geometry.HalfEllipseTest
[df615e9c-71ae-48e3-b379-3ded53e7f9dc/build]   | [INFO] Running org.dyn4j.geometry.CapsuleTest
[df615e9c-71ae-48e3-b379-3ded53e7f9dc/build]   | [INFO] Tests run: 18, Failures: 0, Errors: 0, Skipped: 0, Time elapsed: 0.002 s - in org.dyn4j.geometry.CapsuleTest
[df615e9c-71ae-48e3-b379-3ded53e7f9dc/build]   | [INFO] Running org.dyn4j.geometry.TriangleTest
[df615e9c-71ae-48e3-b379-3ded53e7f9dc/build]   | [INFO] Tests run: 4, Failures: 0, Errors: 0, Skipped: 0, Time elapsed: 0.002 s - in org.dyn4j.geometry.TriangleTest
[df615e9c-71ae-48e3-b379-3ded53e7f9dc/build]   | [INFO] Running org.dyn4j.geometry.SliceTest
[df615e9c-71ae-48e3-b379-3ded53e7f9dc/build]   | [INFO] Tests run: 14, Failures: 0, Errors: 0, Skipped: 0, Time elapsed: 0 s - in org.dyn4j.geometry.SliceTest
[df615e9c-71ae-48e3-b379-3ded53e7f9dc/build]   | [INFO] Running org.dyn4j.geometry.RectangleTest
[df615e9c-71ae-48e3-b379-3ded53e7f9dc/build]   | [INFO] Tests run: 7, Failures: 0, Errors: 0, Skipped: 0, Time elapsed: 0.001 s - in org.dyn4j.geometry.RectangleTest
[df615e9c-71ae-48e3-b379-3ded53e7f9dc/build]   | [INFO] Running org.dyn4j.geometry.AdaptiveDecimalTest
[df615e9c-71ae-48e3-b379-3ded53e7f9dc/build]   | [INFO] Tests run: 17, Failures: 0, Errors: 0, Skipped: 0, Time elapsed: 0.041 s - in org.dyn4j.geometry.AdaptiveDecimalTest
[df615e9c-71ae-48e3-b379-3ded53e7f9dc/build]   | [INFO] Running org.dyn4j.geometry.FeatureTest
[df615e9c-71ae-48e3-b379-3ded53e7f9dc/build]   | [INFO] Tests run: 2, Failures: 0, Errors: 0, Skipped: 0, Time elapsed: 0.001 s - in org.dyn4j.geometry.FeatureTest
[df615e9c-71ae-48e3-b379-3ded53e7f9dc/build]   | [INFO] Running org.dyn4j.geometry.RobustGeometryTest
[df615e9c-71ae-48e3-b379-3ded53e7f9dc/build]   | [INFO] Tests run: 2, Failures: 0, Errors: 0, Skipped: 0, Time elapsed: 0.916 s - in org.dyn4j.geometry.RobustGeometryTest
[df615e9c-71ae-48e3-b379-3ded53e7f9dc/build]   | [INFO] Running org.dyn4j.geometry.MassTest
[df615e9c-71ae-48e3-b379-3ded53e7f9dc/build]   | [INFO] Tests run: 23, Failures: 0, Errors: 0, Skipped: 0, Time elapsed: 0.006 s - in org.dyn4j.geometry.MassTest
[df615e9c-71ae-48e3-b379-3ded53e7f9dc/build]   | [INFO] Running org.dyn4j.geometry.WoundTest
[df615e9c-71ae-48e3-b379-3ded53e7f9dc/build]   | [INFO] Tests run: 4, Failures: 0, Errors: 0, Skipped: 0, Time elapsed: 0.001 s - in org.dyn4j.geometry.WoundTest
[df615e9c-71ae-48e3-b379-3ded53e7f9dc/build]   | [INFO] Running org.dyn4j.geometry.TransformTest
[df615e9c-71ae-48e3-b379-3ded53e7f9dc/build]   | [INFO] Tests run: 11, Failures: 0, Errors: 0, Skipped: 0, Time elapsed: 0.002 s - in org.dyn4j.geometry.TransformTest
[df615e9c-71ae-48e3-b379-3ded53e7f9dc/build]   | [INFO] Running org.dyn4j.geometry.hull.GiftWrapTest
[df615e9c-71ae-48e3-b379-3ded53e7f9dc/build]   | [INFO] Tests run: 17, Failures: 0, Errors: 0, Skipped: 0, Time elapsed: 0.011 s - in org.dyn4j.geometry.hull.GiftWrapTest
[df615e9c-71ae-48e3-b379-3ded53e7f9dc/build]   | [INFO] Running org.dyn4j.geometry.hull.DivideAndConquerTest
[df615e9c-71ae-48e3-b379-3ded53e7f9dc/build]   | [INFO] Tests run: 18, Failures: 0, Errors: 0, Skipped: 0, Time elapsed: 0.011 s - in org.dyn4j.geometry.hull.DivideAndConquerTest
[df615e9c-71ae-48e3-b379-3ded53e7f9dc/build]   | [INFO] Running org.dyn4j.geometry.hull.MonotoneChainTest
[df615e9c-71ae-48e3-b379-3ded53e7f9dc/build]   | [INFO] Tests run: 18, Failures: 0, Errors: 0, Skipped: 0, Time elapsed: 0.001 s - in org.dyn4j.geometry.hull.MonotoneChainTest
[df615e9c-71ae-48e3-b379-3ded53e7f9dc/build]   | [INFO] Running org.dyn4j.geometry.hull.GrahamScanTest
[df615e9c-71ae-48e3-b379-3ded53e7f9dc/build]   | [INFO] Tests run: 18, Failures: 0, Errors: 0, Skipped: 0, Time elapsed: 0.005 s - in org.dyn4j.geometry.hull.GrahamScanTest
[df615e9c-71ae-48e3-b379-3ded53e7f9dc/build]   | [INFO] Running org.dyn4j.geometry.decompose.BayazitTest
[df615e9c-71ae-48e3-b379-3ded53e7f9dc/build]   | [INFO] Tests run: 31, Failures: 0, Errors: 0, Skipped: 0, Time elapsed: 0.19 s - in org.dyn4j.geometry.decompose.BayazitTest
[df615e9c-71ae-48e3-b379-3ded53e7f9dc/build]   | [INFO] Running org.dyn4j.geometry.decompose.EarClippingTest
[df615e9c-71ae-48e3-b379-3ded53e7f9dc/build]   | [INFO] Tests run: 50, Failures: 0, Errors: 0, Skipped: 0, Time elapsed: 0.205 s - in org.dyn4j.geometry.decompose.EarClippingTest
[df615e9c-71ae-48e3-b379-3ded53e7f9dc/build]   | [INFO] Running org.dyn4j.geometry.decompose.SweepLineTest
[df615e9c-71ae-48e3-b379-3ded53e7f9dc/build]   | [INFO] Tests run: 50, Failures: 0, Errors: 0, Skipped: 0, Time elapsed: 0.117 s - in org.dyn4j.geometry.decompose.SweepLineTest
[df615e9c-71ae-48e3-b379-3ded53e7f9dc/build]   | [INFO] Running org.dyn4j.geometry.SegmentTest
[df615e9c-71ae-48e3-b379-3ded53e7f9dc/build]   | [INFO] Tests run: 18, Failures: 0, Errors: 0, Skipped: 0, Time elapsed: 0.004 s - in org.dyn4j.geometry.SegmentTest
[df615e9c-71ae-48e3-b379-3ded53e7f9dc/build]   | [INFO] Running org.dyn4j.geometry.Vector3Test
[df615e9c-71ae-48e3-b379-3ded53e7f9dc/build]   | [INFO] Tests run: 19, Failures: 0, Errors: 0, Skipped: 0, Time elapsed: 0.001 s - in org.dyn4j.geometry.Vector3Test
[df615e9c-71ae-48e3-b379-3ded53e7f9dc/build]   | [INFO] Running org.dyn4j.geometry.Matrix33Test
[df615e9c-71ae-48e3-b379-3ded53e7f9dc/build]   | [INFO] Tests run: 23, Failures: 0, Errors: 0, Skipped: 0, Time elapsed: 0.002 s - in org.dyn4j.geometry.Matrix33Test
[df615e9c-71ae-48e3-b379-3ded53e7f9dc/build]   | [INFO] Running org.dyn4j.geometry.Matrix22Test
[df615e9c-71ae-48e3-b379-3ded53e7f9dc/build]   | [INFO] Tests run: 22, Failures: 0, Errors: 0, Skipped: 0, Time elapsed: 0.003 s - in org.dyn4j.geometry.Matrix22Test
[df615e9c-71ae-48e3-b379-3ded53e7f9dc/build]   | [INFO] Running org.dyn4j.geometry.CircleTest
[df615e9c-71ae-48e3-b379-3ded53e7f9dc/build]   | [INFO] Tests run: 13, Failures: 0, Errors: 0, Skipped: 0, Time elapsed: 0.004 s - in org.dyn4j.geometry.CircleTest
[df615e9c-71ae-48e3-b379-3ded53e7f9dc/build]   | [INFO] Running org.dyn4j.geometry.EllipseTest
[df615e9c-71ae-48e3-b379-3ded53e7f9dc/build]   | [INFO] Tests run: 17, Failures: 0, Errors: 0, Skipped: 0, Time elapsed: 0.004 s - in org.dyn4j.geometry.EllipseTest
[df615e9c-71ae-48e3-b379-3ded53e7f9dc/build]   | [INFO] Running org.dyn4j.geometry.GeometryTest
[df615e9c-71ae-48e3-b379-3ded53e7f9dc/build]   | [INFO] Tests run: 161, Failures: 0, Errors: 0, Skipped: 0, Time elapsed: 0.031 s - in org.dyn4j.geometry.GeometryTest
[df615e9c-71ae-48e3-b379-3ded53e7f9dc/build]   | [INFO] Running org.dyn4j.geometry.AbstractShapeTest
[df615e9c-71ae-48e3-b379-3ded53e7f9dc/build]   | [INFO] Tests run: 2, Failures: 0, Errors: 0, Skipped: 0, Time elapsed: 0.001 s - in org.dyn4j.geometry.AbstractShapeTest
[df615e9c-71ae-48e3-b379-3ded53e7f9dc/build]   | [INFO] Running org.dyn4j.geometry.RotationTest
[df615e9c-71ae-48e3-b379-3ded53e7f9dc/build]   | [INFO] Tests run: 16, Failures: 0, Errors: 0, Skipped: 0, Time elapsed: 0.002 s - in org.dyn4j.geometry.RotationTest
[df615e9c-71ae-48e3-b379-3ded53e7f9dc/build]   | [INFO] Running org.dyn4j.geometry.AABBTest
[df615e9c-71ae-48e3-b379-3ded53e7f9dc/build]   | [INFO] Tests run: 26, Failures: 0, Errors: 0, Skipped: 0, Time elapsed: 0.008 s - in org.dyn4j.geometry.AABBTest
[df615e9c-71ae-48e3-b379-3ded53e7f9dc/build]   | [INFO] Running org.dyn4j.geometry.Vector2Test
[df615e9c-71ae-48e3-b379-3ded53e7f9dc/build]   | [INFO] Tests run: 25, Failures: 0, Errors: 0, Skipped: 0, Time elapsed: 0.001 s - in org.dyn4j.geometry.Vector2Test
[df615e9c-71ae-48e3-b379-3ded53e7f9dc/build]   | [INFO] Running org.dyn4j.geometry.PolygonTest
[df615e9c-71ae-48e3-b379-3ded53e7f9dc/build]   | [INFO] Tests run: 21, Failures: 0, Errors: 0, Skipped: 0, Time elapsed: 0.005 s - in org.dyn4j.geometry.PolygonTest
[df615e9c-71ae-48e3-b379-3ded53e7f9dc/build]   | [INFO] Running org.dyn4j.simulation.FrictionJointSimulationTest
[df615e9c-71ae-48e3-b379-3ded53e7f9dc/build]   | [INFO] Tests run: 2, Failures: 0, Errors: 0, Skipped: 0, Time elapsed: 0.005 s - in org.dyn4j.simulation.FrictionJointSimulationTest
[df615e9c-71ae-48e3-b379-3ded53e7f9dc/build]   | [INFO] Running org.dyn4j.simulation.PinJointSimulationTest
[df615e9c-71ae-48e3-b379-3ded53e7f9dc/build]   | [INFO] Tests run: 1, Failures: 0, Errors: 0, Skipped: 0, Time elapsed: 0.001 s - in org.dyn4j.simulation.PinJointSimulationTest
[df615e9c-71ae-48e3-b379-3ded53e7f9dc/build]   | [INFO] Running org.dyn4j.simulation.TorqueSimulationTest
[df615e9c-71ae-48e3-b379-3ded53e7f9dc/build]   | [INFO] Tests run: 1, Failures: 0, Errors: 0, Skipped: 0, Time elapsed: 0.001 s - in org.dyn4j.simulation.TorqueSimulationTest
[df615e9c-71ae-48e3-b379-3ded53e7f9dc/build]   | [INFO] Running org.dyn4j.simulation.ForceSimulationTest
[df615e9c-71ae-48e3-b379-3ded53e7f9dc/build]   | [INFO] Tests run: 1, Failures: 0, Errors: 0, Skipped: 0, Time elapsed: 0.001 s - in org.dyn4j.simulation.ForceSimulationTest
[df615e9c-71ae-48e3-b379-3ded53e7f9dc/build]   | [INFO] Running org.dyn4j.simulation.DistanceJointSimulationTest
[df615e9c-71ae-48e3-b379-3ded53e7f9dc/build]   | [INFO] Tests run: 1, Failures: 0, Errors: 0, Skipped: 0, Time elapsed: 0.003 s - in org.dyn4j.simulation.DistanceJointSimulationTest
[df615e9c-71ae-48e3-b379-3ded53e7f9dc/build]   | [INFO] Running org.dyn4j.collision.AbstractCollisionBodyTest
[df615e9c-71ae-48e3-b379-3ded53e7f9dc/build]   | [INFO] Tests run: 37, Failures: 0, Errors: 0, Skipped: 0, Time elapsed: 0.013 s - in org.dyn4j.collision.AbstractCollisionBodyTest
[df615e9c-71ae-48e3-b379-3ded53e7f9dc/build]   | [INFO] Running org.dyn4j.collision.AxisAlignedBoundsTest
[df615e9c-71ae-48e3-b379-3ded53e7f9dc/build]   | [INFO] Tests run: 14, Failures: 0, Errors: 0, Skipped: 0, Time elapsed: 0.004 s - in org.dyn4j.collision.AxisAlignedBoundsTest
[df615e9c-71ae-48e3-b379-3ded53e7f9dc/build]   | [INFO] Running org.dyn4j.collision.AbstractCollisionPairCollisionBodyTest
[df615e9c-71ae-48e3-b379-3ded53e7f9dc/build]   | [INFO] Tests run: 3, Failures: 0, Errors: 0, Skipped: 0, Time elapsed: 0.001 s - in org.dyn4j.collision.AbstractCollisionPairCollisionBodyTest
[df615e9c-71ae-48e3-b379-3ded53e7f9dc/build]   | [INFO] Running org.dyn4j.collision.AbstractCollisionItemTest
[df615e9c-71ae-48e3-b379-3ded53e7f9dc/build]   | [INFO] Tests run: 3, Failures: 0, Errors: 0, Skipped: 0, Time elapsed: 0 s - in org.dyn4j.collision.AbstractCollisionItemTest
[df615e9c-71ae-48e3-b379-3ded53e7f9dc/build]   | [INFO] Running org.dyn4j.collision.BasicCollisionPairCollisionBodyTest
[df615e9c-71ae-48e3-b379-3ded53e7f9dc/build]   | [INFO] Tests run: 3, Failures: 0, Errors: 0, Skipped: 0, Time elapsed: 0.001 s - in org.dyn4j.collision.BasicCollisionPairCollisionBodyTest
[df615e9c-71ae-48e3-b379-3ded53e7f9dc/build]   | [INFO] Running org.dyn4j.collision.BasicCollisionPairCollisionItemTest
[df615e9c-71ae-48e3-b379-3ded53e7f9dc/build]   | [INFO] Tests run: 3, Failures: 0, Errors: 0, Skipped: 0, Time elapsed: 0.001 s - in org.dyn4j.collision.BasicCollisionPairCollisionItemTest
[df615e9c-71ae-48e3-b379-3ded53e7f9dc/build]   | [INFO] Running org.dyn4j.collision.broadphase.BroadphaseItemTest
[df615e9c-71ae-48e3-b379-3ded53e7f9dc/build]   | [INFO] Tests run: 3, Failures: 0, Errors: 0, Skipped: 0, Time elapsed: 0.001 s - in org.dyn4j.collision.broadphase.BroadphaseItemTest
[df615e9c-71ae-48e3-b379-3ded53e7f9dc/build]   | [INFO] Running org.dyn4j.collision.broadphase.CollisionBodyBroadphaseTest
[df615e9c-71ae-48e3-b379-3ded53e7f9dc/build]   | [INFO] Tests run: 125, Failures: 0, Errors: 0, Skipped: 0, Time elapsed: 0.251 s - in org.dyn4j.collision.broadphase.CollisionBodyBroadphaseTest
[df615e9c-71ae-48e3-b379-3ded53e7f9dc/build]   | [INFO] Running org.dyn4j.collision.broadphase.NullAABBExpansionMethodTest
[df615e9c-71ae-48e3-b379-3ded53e7f9dc/build]   | [INFO] Tests run: 1, Failures: 0, Errors: 0, Skipped: 0, Time elapsed: 0.002 s - in org.dyn4j.collision.broadphase.NullAABBExpansionMethodTest
[df615e9c-71ae-48e3-b379-3ded53e7f9dc/build]   | [INFO] Running org.dyn4j.collision.broadphase.CollisionItemAABBProducerTest
[df615e9c-71ae-48e3-b379-3ded53e7f9dc/build]   | [INFO] Tests run: 5, Failures: 0, Errors: 0, Skipped: 0, Time elapsed: 0.002 s - in org.dyn4j.collision.broadphase.CollisionItemAABBProducerTest
[df615e9c-71ae-48e3-b379-3ded53e7f9dc/build]   | [INFO] Running org.dyn4j.collision.broadphase.AABBBroadphaseProxyTest
[df615e9c-71ae-48e3-b379-3ded53e7f9dc/build]   | [INFO] Tests run: 2, Failures: 0, Errors: 0, Skipped: 0, Time elapsed: 0.001 s - in org.dyn4j.collision.broadphase.AABBBroadphaseProxyTest
[df615e9c-71ae-48e3-b379-3ded53e7f9dc/build]   | [INFO] Running org.dyn4j.collision.broadphase.CollisionItemBroadphasePairTest
[df615e9c-71ae-48e3-b379-3ded53e7f9dc/build]   | [INFO] Tests run: 4, Failures: 0, Errors: 0, Skipped: 0, Time elapsed: 0.001 s - in org.dyn4j.collision.broadphase.CollisionItemBroadphasePairTest
[df615e9c-71ae-48e3-b379-3ded53e7f9dc/build]   | [INFO] Running org.dyn4j.collision.broadphase.AssortedBroadphaseTest
[df615e9c-71ae-48e3-b379-3ded53e7f9dc/build]   | [INFO] Tests run: 3, Failures: 0, Errors: 0, Skipped: 0, Time elapsed: 0.001 s - in org.dyn4j.collision.broadphase.AssortedBroadphaseTest
[df615e9c-71ae-48e3-b379-3ded53e7f9dc/build]   | [INFO] Running org.dyn4j.collision.broadphase.CollisionBodyAABBProducerTest
[df615e9c-71ae-48e3-b379-3ded53e7f9dc/build]   | [INFO] Tests run: 5, Failures: 0, Errors: 0, Skipped: 0, Time elapsed: 0.002 s - in org.dyn4j.collision.broadphase.CollisionBodyAABBProducerTest
[df615e9c-71ae-48e3-b379-3ded53e7f9dc/build]   | [INFO] Running org.dyn4j.collision.broadphase.CollisionBodyBroadphaseFilterTest
[df615e9c-71ae-48e3-b379-3ded53e7f9dc/build]   | [INFO] Tests run: 1, Failures: 0, Errors: 0, Skipped: 0, Time elapsed: 0.001 s - in org.dyn4j.collision.broadphase.CollisionBodyBroadphaseFilterTest
[df615e9c-71ae-48e3-b379-3ded53e7f9dc/build]   | [INFO] Running org.dyn4j.collision.broadphase.StaticValueAABBExpansionMethodTest
[df615e9c-71ae-48e3-b379-3ded53e7f9dc/build]   | [INFO] Tests run: 1, Failures: 0, Errors: 0, Skipped: 0, Time elapsed: 0.001 s - in org.dyn4j.collision.broadphase.StaticValueAABBExpansionMethodTest
[df615e9c-71ae-48e3-b379-3ded53e7f9dc/build]   | [INFO] Running org.dyn4j.collision.broadphase.AbstractBroadphaseDetectorTest
[df615e9c-71ae-48e3-b379-3ded53e7f9dc/build]   | [INFO] Tests run: 6, Failures: 0, Errors: 0, Skipped: 0, Time elapsed: 0.005 s - in org.dyn4j.collision.broadphase.AbstractBroadphaseDetectorTest
[df615e9c-71ae-48e3-b379-3ded53e7f9dc/build]   | [INFO] Running org.dyn4j.collision.broadphase.CollisionItemBroadphaseFilterTest
[df615e9c-71ae-48e3-b379-3ded53e7f9dc/build]   | [INFO] Tests run: 1, Failures: 0, Errors: 0, Skipped: 0, Time elapsed: 0.001 s - in org.dyn4j.collision.broadphase.CollisionItemBroadphaseFilterTest
[df615e9c-71ae-48e3-b379-3ded53e7f9dc/build]   | [INFO] Running org.dyn4j.collision.broadphase.CollisionItemBroadphaseTest
[df615e9c-71ae-48e3-b379-3ded53e7f9dc/build]   | [INFO] Tests run: 145, Failures: 0, Errors: 0, Skipped: 0, Time elapsed: 0.309 s - in org.dyn4j.collision.broadphase.CollisionItemBroadphaseTest
[df615e9c-71ae-48e3-b379-3ded53e7f9dc/build]   | [INFO] Running org.dyn4j.collision.AbstractCollisionPairCollisionItemTest
[df615e9c-71ae-48e3-b379-3ded53e7f9dc/build]   | [INFO] Tests run: 3, Failures: 0, Errors: 0, Skipped: 0, Time elapsed: 0 s - in org.dyn4j.collision.AbstractCollisionPairCollisionItemTest
[df615e9c-71ae-48e3-b379-3ded53e7f9dc/build]   | [INFO] Running org.dyn4j.collision.DefaultFilterTest
[df615e9c-71ae-48e3-b379-3ded53e7f9dc/build]   | [INFO] Tests run: 2, Failures: 0, Errors: 0, Skipped: 0, Time elapsed: 0.001 s - in org.dyn4j.collision.DefaultFilterTest
[df615e9c-71ae-48e3-b379-3ded53e7f9dc/build]   | [INFO] Running org.dyn4j.collision.shapes.SegmentTriangleTest
[df615e9c-71ae-48e3-b379-3ded53e7f9dc/build]   | [INFO] Tests run: 4, Failures: 0, Errors: 0, Skipped: 0, Time elapsed: 0 s - in org.dyn4j.collision.shapes.SegmentTriangleTest
[df615e9c-71ae-48e3-b379-3ded53e7f9dc/build]   | [INFO] Running org.dyn4j.collision.shapes.PolygonEllipseTest
[df615e9c-71ae-48e3-b379-3ded53e7f9dc/build]   | [INFO] Tests run: 4, Failures: 0, Errors: 0, Skipped: 0, Time elapsed: 0 s - in org.dyn4j.collision.shapes.PolygonEllipseTest
[df615e9c-71ae-48e3-b379-3ded53e7f9dc/build]   | [INFO] Running org.dyn4j.collision.shapes.SegmentSliceTest
[df615e9c-71ae-48e3-b379-3ded53e7f9dc/build]   | [INFO] Tests run: 4, Failures: 0, Errors: 0, Skipped: 0, Time elapsed: 0.003 s - in org.dyn4j.collision.shapes.SegmentSliceTest
[df615e9c-71ae-48e3-b379-3ded53e7f9dc/build]   | [INFO] Running org.dyn4j.collision.shapes.PolygonRectangleTest
[df615e9c-71ae-48e3-b379-3ded53e7f9dc/build]   | [INFO] Tests run: 5, Failures: 0, Errors: 0, Skipped: 0, Time elapsed: 0.009 s - in org.dyn4j.collision.shapes.PolygonRectangleTest
[df615e9c-71ae-48e3-b379-3ded53e7f9dc/build]   | [INFO] Running org.dyn4j.collision.shapes.CircleRectangleTest
[df615e9c-71ae-48e3-b379-3ded53e7f9dc/build]   | [INFO] Tests run: 4, Failures: 0, Errors: 0, Skipped: 0, Time elapsed: 0 s - in org.dyn4j.collision.shapes.CircleRectangleTest
[df615e9c-71ae-48e3-b379-3ded53e7f9dc/build]   | [INFO] Running org.dyn4j.collision.shapes.PolygonTriangleTest
[df615e9c-71ae-48e3-b379-3ded53e7f9dc/build]   | [INFO] Tests run: 4, Failures: 0, Errors: 0, Skipped: 0, Time elapsed: 0 s - in org.dyn4j.collision.shapes.PolygonTriangleTest
[df615e9c-71ae-48e3-b379-3ded53e7f9dc/build]   | [INFO] Running org.dyn4j.collision.shapes.TriangleEllipseTest
[df615e9c-71ae-48e3-b379-3ded53e7f9dc/build]   | [INFO] Tests run: 4, Failures: 0, Errors: 0, Skipped: 0, Time elapsed: 0 s - in org.dyn4j.collision.shapes.TriangleEllipseTest
[df615e9c-71ae-48e3-b379-3ded53e7f9dc/build]   | [INFO] Running org.dyn4j.collision.shapes.CircleSegmentTest
[df615e9c-71ae-48e3-b379-3ded53e7f9dc/build]   | [INFO] Tests run: 4, Failures: 0, Errors: 0, Skipped: 0, Time elapsed: 0 s - in org.dyn4j.collision.shapes.CircleSegmentTest
[df615e9c-71ae-48e3-b379-3ded53e7f9dc/build]   | [INFO] Running org.dyn4j.collision.shapes.RectangleSegmentTest
[df615e9c-71ae-48e3-b379-3ded53e7f9dc/build]   | [INFO] Tests run: 4, Failures: 0, Errors: 0, Skipped: 0, Time elapsed: 0 s - in org.dyn4j.collision.shapes.RectangleSegmentTest
[df615e9c-71ae-48e3-b379-3ded53e7f9dc/build]   | [INFO] Running org.dyn4j.collision.shapes.RectangleSliceTest
[df615e9c-71ae-48e3-b379-3ded53e7f9dc/build]   | [INFO] Tests run: 4, Failures: 0, Errors: 0, Skipped: 0, Time elapsed: 0 s - in org.dyn4j.collision.shapes.RectangleSliceTest
[df615e9c-71ae-48e3-b379-3ded53e7f9dc/build]   | [INFO] Running org.dyn4j.collision.shapes.SegmentEllipseTest
[df615e9c-71ae-48e3-b379-3ded53e7f9dc/build]   | [INFO] Tests run: 4, Failures: 0, Errors: 0, Skipped: 0, Time elapsed: 0 s - in org.dyn4j.collision.shapes.SegmentEllipseTest
[df615e9c-71ae-48e3-b379-3ded53e7f9dc/build]   | [INFO] Running org.dyn4j.collision.shapes.EllipseHalfEllipseTest
[df615e9c-71ae-48e3-b379-3ded53e7f9dc/build]   | [INFO] Tests run: 4, Failures: 0, Errors: 0, Skipped: 0, Time elapsed: 0.001 s - in org.dyn4j.collision.shapes.EllipseHalfEllipseTest
[df615e9c-71ae-48e3-b379-3ded53e7f9dc/build]   | [INFO] Running org.dyn4j.collision.shapes.HalfEllipseSliceTest
[df615e9c-71ae-48e3-b379-3ded53e7f9dc/build]   | [INFO] Tests run: 4, Failures: 0, Errors: 0, Skipped: 0, Time elapsed: 0 s - in org.dyn4j.collision.shapes.HalfEllipseSliceTest
[df615e9c-71ae-48e3-b379-3ded53e7f9dc/build]   | [INFO] Running org.dyn4j.collision.shapes.EllipseSliceTest
[df615e9c-71ae-48e3-b379-3ded53e7f9dc/build]   | [INFO] Tests run: 4, Failures: 0, Errors: 0, Skipped: 0, Time elapsed: 0.003 s - in org.dyn4j.collision.shapes.EllipseSliceTest
[df615e9c-71ae-48e3-b379-3ded53e7f9dc/build]   | [INFO] Running org.dyn4j.collision.shapes.RectangleEllipseTest
[df615e9c-71ae-48e3-b379-3ded53e7f9dc/build]   | [INFO] Tests run: 4, Failures: 0, Errors: 0, Skipped: 0, Time elapsed: 0 s - in org.dyn4j.collision.shapes.RectangleEllipseTest
[df615e9c-71ae-48e3-b379-3ded53e7f9dc/build]   | [INFO] Running org.dyn4j.collision.shapes.CircleCircleTest
[df615e9c-71ae-48e3-b379-3ded53e7f9dc/build]   | [INFO] Tests run: 4, Failures: 0, Errors: 0, Skipped: 0, Time elapsed: 0 s - in org.dyn4j.collision.shapes.CircleCircleTest
[df615e9c-71ae-48e3-b379-3ded53e7f9dc/build]   | [INFO] Running org.dyn4j.collision.shapes.TriangleTriangleTest
[df615e9c-71ae-48e3-b379-3ded53e7f9dc/build]   | [INFO] Tests run: 6, Failures: 0, Errors: 0, Skipped: 0, Time elapsed: 0 s - in org.dyn4j.collision.shapes.TriangleTriangleTest
[df615e9c-71ae-48e3-b379-3ded53e7f9dc/build]   | [INFO] Running org.dyn4j.collision.shapes.PolygonSliceTest
[df615e9c-71ae-48e3-b379-3ded53e7f9dc/build]   | [INFO] Tests run: 4, Failures: 0, Errors: 0, Skipped: 0, Time elapsed: 0 s - in org.dyn4j.collision.shapes.PolygonSliceTest
[df615e9c-71ae-48e3-b379-3ded53e7f9dc/build]   | [INFO] Running org.dyn4j.collision.shapes.RectangleTriangleTest
[df615e9c-71ae-48e3-b379-3ded53e7f9dc/build]   | [INFO] Tests run: 5, Failures: 0, Errors: 0, Skipped: 0, Time elapsed: 0 s - in org.dyn4j.collision.shapes.RectangleTriangleTest
[df615e9c-71ae-48e3-b379-3ded53e7f9dc/build]   | [INFO] Running org.dyn4j.collision.shapes.CircleHalfEllipseTest
[df615e9c-71ae-48e3-b379-3ded53e7f9dc/build]   | [INFO] Tests run: 4, Failures: 0, Errors: 0, Skipped: 0, Time elapsed: 0 s - in org.dyn4j.collision.shapes.CircleHalfEllipseTest
[df615e9c-71ae-48e3-b379-3ded53e7f9dc/build]   | [INFO] Running org.dyn4j.collision.shapes.SliceSliceTest
[df615e9c-71ae-48e3-b379-3ded53e7f9dc/build]   | [INFO] Tests run: 4, Failures: 0, Errors: 0, Skipped: 0, Time elapsed: 0 s - in org.dyn4j.collision.shapes.SliceSliceTest
[df615e9c-71ae-48e3-b379-3ded53e7f9dc/build]   | [INFO] Running org.dyn4j.collision.shapes.TriangleCapsuleTest
[df615e9c-71ae-48e3-b379-3ded53e7f9dc/build]   | [INFO] Tests run: 4, Failures: 0, Errors: 0, Skipped: 0, Time elapsed: 0 s - in org.dyn4j.collision.shapes.TriangleCapsuleTest
[df615e9c-71ae-48e3-b379-3ded53e7f9dc/build]   | [INFO] Running org.dyn4j.collision.shapes.PolygonHalfEllipseTest
[df615e9c-71ae-48e3-b379-3ded53e7f9dc/build]   | [INFO] Tests run: 4, Failures: 0, Errors: 0, Skipped: 0, Time elapsed: 0.004 s - in org.dyn4j.collision.shapes.PolygonHalfEllipseTest
[df615e9c-71ae-48e3-b379-3ded53e7f9dc/build]   | [INFO] Running org.dyn4j.collision.shapes.RectangleHalfEllipseTest
[df615e9c-71ae-48e3-b379-3ded53e7f9dc/build]   | [INFO] Tests run: 4, Failures: 0, Errors: 0, Skipped: 0, Time elapsed: 0 s - in org.dyn4j.collision.shapes.RectangleHalfEllipseTest
[df615e9c-71ae-48e3-b379-3ded53e7f9dc/build]   | [INFO] Running org.dyn4j.collision.shapes.PolygonCapsuleTest
[df615e9c-71ae-48e3-b379-3ded53e7f9dc/build]   | [INFO] Tests run: 4, Failures: 0, Errors: 0, Skipped: 0, Time elapsed: 0 s - in org.dyn4j.collision.shapes.PolygonCapsuleTest
[df615e9c-71ae-48e3-b379-3ded53e7f9dc/build]   | [INFO] Running org.dyn4j.collision.shapes.SegmentCapsuleTest
[df615e9c-71ae-48e3-b379-3ded53e7f9dc/build]   | [INFO] Tests run: 4, Failures: 0, Errors: 0, Skipped: 0, Time elapsed: 0 s - in org.dyn4j.collision.shapes.SegmentCapsuleTest
[df615e9c-71ae-48e3-b379-3ded53e7f9dc/build]   | [INFO] Running org.dyn4j.collision.shapes.PolygonSegmentTest
[df615e9c-71ae-48e3-b379-3ded53e7f9dc/build]   | [INFO] Tests run: 6, Failures: 0, Errors: 0, Skipped: 0, Time elapsed: 0.001 s - in org.dyn4j.collision.shapes.PolygonSegmentTest
[df615e9c-71ae-48e3-b379-3ded53e7f9dc/build]   | [INFO] Running org.dyn4j.collision.shapes.CircleEllipseTest
[df615e9c-71ae-48e3-b379-3ded53e7f9dc/build]   | [INFO] Tests run: 4, Failures: 0, Errors: 0, Skipped: 0, Time elapsed: 0 s - in org.dyn4j.collision.shapes.CircleEllipseTest
[df615e9c-71ae-48e3-b379-3ded53e7f9dc/build]   | [INFO] Running org.dyn4j.collision.shapes.TriangleHalfEllipseTest
[df615e9c-71ae-48e3-b379-3ded53e7f9dc/build]   | [INFO] Tests run: 4, Failures: 0, Errors: 0, Skipped: 0, Time elapsed: 0.001 s - in org.dyn4j.collision.shapes.TriangleHalfEllipseTest
[df615e9c-71ae-48e3-b379-3ded53e7f9dc/build]   | [INFO] Running org.dyn4j.collision.shapes.HalfEllipseHalfEllipseTest
[df615e9c-71ae-48e3-b379-3ded53e7f9dc/build]   | [INFO] Tests run: 4, Failures: 0, Errors: 0, Skipped: 0, Time elapsed: 0.001 s - in org.dyn4j.collision.shapes.HalfEllipseHalfEllipseTest
[df615e9c-71ae-48e3-b379-3ded53e7f9dc/build]   | [INFO] Running org.dyn4j.collision.shapes.CapsuleSliceTest
[df615e9c-71ae-48e3-b379-3ded53e7f9dc/build]   | [INFO] Tests run: 4, Failures: 0, Errors: 0, Skipped: 0, Time elapsed: 0.001 s - in org.dyn4j.collision.shapes.CapsuleSliceTest
[df615e9c-71ae-48e3-b379-3ded53e7f9dc/build]   | [INFO] Running org.dyn4j.collision.shapes.EllipseEllipseTest
[df615e9c-71ae-48e3-b379-3ded53e7f9dc/build]   | [INFO] Tests run: 6, Failures: 0, Errors: 0, Skipped: 0, Time elapsed: 0.002 s - in org.dyn4j.collision.shapes.EllipseEllipseTest
[df615e9c-71ae-48e3-b379-3ded53e7f9dc/build]   | [INFO] Running org.dyn4j.collision.shapes.SegmentHalfEllipseTest
[df615e9c-71ae-48e3-b379-3ded53e7f9dc/build]   | [INFO] Tests run: 4, Failures: 0, Errors: 0, Skipped: 0, Time elapsed: 0 s - in org.dyn4j.collision.shapes.SegmentHalfEllipseTest
[df615e9c-71ae-48e3-b379-3ded53e7f9dc/build]   | [INFO] Running org.dyn4j.collision.shapes.PolygonPolygonTest
[df615e9c-71ae-48e3-b379-3ded53e7f9dc/build]   | [INFO] Tests run: 4, Failures: 0, Errors: 0, Skipped: 0, Time elapsed: 0 s - in org.dyn4j.collision.shapes.PolygonPolygonTest
[df615e9c-71ae-48e3-b379-3ded53e7f9dc/build]   | [INFO] Running org.dyn4j.collision.shapes.CapsuleCapsuleTest
[df615e9c-71ae-48e3-b379-3ded53e7f9dc/build]   | [INFO] Tests run: 4, Failures: 0, Errors: 0, Skipped: 0, Time elapsed: 0.003 s - in org.dyn4j.collision.shapes.CapsuleCapsuleTest
[df615e9c-71ae-48e3-b379-3ded53e7f9dc/build]   | [INFO] Running org.dyn4j.collision.shapes.RectangleRectangleTest
[df615e9c-71ae-48e3-b379-3ded53e7f9dc/build]   | [INFO] Tests run: 4, Failures: 0, Errors: 0, Skipped: 0, Time elapsed: 0 s - in org.dyn4j.collision.shapes.RectangleRectangleTest
[df615e9c-71ae-48e3-b379-3ded53e7f9dc/build]   | [INFO] Running org.dyn4j.collision.shapes.RectangleCapsuleTest
[df615e9c-71ae-48e3-b379-3ded53e7f9dc/build]   | [INFO] Tests run: 4, Failures: 0, Errors: 0, Skipped: 0, Time elapsed: 0.001 s - in org.dyn4j.collision.shapes.RectangleCapsuleTest
[df615e9c-71ae-48e3-b379-3ded53e7f9dc/build]   | [INFO] Running org.dyn4j.collision.shapes.HalfEllipseCapsuleTest
[df615e9c-71ae-48e3-b379-3ded53e7f9dc/build]   | [INFO] Tests run: 4, Failures: 0, Errors: 0, Skipped: 0, Time elapsed: 0.009 s - in org.dyn4j.collision.shapes.HalfEllipseCapsuleTest
[df615e9c-71ae-48e3-b379-3ded53e7f9dc/build]   | [INFO] Running org.dyn4j.collision.shapes.EllipseCapsuleTest
[df615e9c-71ae-48e3-b379-3ded53e7f9dc/build]   | [INFO] Tests run: 4, Failures: 0, Errors: 0, Skipped: 0, Time elapsed: 0 s - in org.dyn4j.collision.shapes.EllipseCapsuleTest
[df615e9c-71ae-48e3-b379-3ded53e7f9dc/build]   | [INFO] Running org.dyn4j.collision.shapes.CirclePolygonTest
[df615e9c-71ae-48e3-b379-3ded53e7f9dc/build]   | [INFO] Tests run: 4, Failures: 0, Errors: 0, Skipped: 0, Time elapsed: 0 s - in org.dyn4j.collision.shapes.CirclePolygonTest
[df615e9c-71ae-48e3-b379-3ded53e7f9dc/build]   | [INFO] Running org.dyn4j.collision.shapes.SegmentSegmentTest
[df615e9c-71ae-48e3-b379-3ded53e7f9dc/build]   | [INFO] Tests run: 3, Failures: 0, Errors: 0, Skipped: 0, Time elapsed: 0 s - in org.dyn4j.collision.shapes.SegmentSegmentTest
[df615e9c-71ae-48e3-b379-3ded53e7f9dc/build]   | [INFO] Running org.dyn4j.collision.shapes.CircleSliceTest
[df615e9c-71ae-48e3-b379-3ded53e7f9dc/build]   | [INFO] Tests run: 4, Failures: 0, Errors: 0, Skipped: 0, Time elapsed: 0 s - in org.dyn4j.collision.shapes.CircleSliceTest
[df615e9c-71ae-48e3-b379-3ded53e7f9dc/build]   | [INFO] Running org.dyn4j.collision.shapes.TriangleSliceTest
[df615e9c-71ae-48e3-b379-3ded53e7f9dc/build]   | [INFO] Tests run: 4, Failures: 0, Errors: 0, Skipped: 0, Time elapsed: 0 s - in org.dyn4j.collision.shapes.TriangleSliceTest
[df615e9c-71ae-48e3-b379-3ded53e7f9dc/build]   | [INFO] Running org.dyn4j.collision.shapes.CircleTriangleTest
[df615e9c-71ae-48e3-b379-3ded53e7f9dc/build]   | [INFO] Tests run: 4, Failures: 0, Errors: 0, Skipped: 0, Time elapsed: 0 s - in org.dyn4j.collision.shapes.CircleTriangleTest
[df615e9c-71ae-48e3-b379-3ded53e7f9dc/build]   | [INFO] Running org.dyn4j.collision.shapes.CircleCapsuleTest
[df615e9c-71ae-48e3-b379-3ded53e7f9dc/build]   | [INFO] Tests run: 4, Failures: 0, Errors: 0, Skipped: 0, Time elapsed: 0 s - in org.dyn4j.collision.shapes.CircleCapsuleTest
[df615e9c-71ae-48e3-b379-3ded53e7f9dc/build]   | [INFO] Running org.dyn4j.collision.FixtureTest
[df615e9c-71ae-48e3-b379-3ded53e7f9dc/build]   | [INFO] Tests run: 8, Failures: 0, Errors: 0, Skipped: 0, Time elapsed: 0 s - in org.dyn4j.collision.FixtureTest
[df615e9c-71ae-48e3-b379-3ded53e7f9dc/build]   | [INFO] Running org.dyn4j.collision.narrowphase.ExpandingSimplexTest
[df615e9c-71ae-48e3-b379-3ded53e7f9dc/build]   | [INFO] Tests run: 3, Failures: 0, Errors: 0, Skipped: 0, Time elapsed: 0 s - in org.dyn4j.collision.narrowphase.ExpandingSimplexTest
[df615e9c-71ae-48e3-b379-3ded53e7f9dc/build]   | [INFO] Running org.dyn4j.collision.narrowphase.GjkTest
[df615e9c-71ae-48e3-b379-3ded53e7f9dc/build]   | [INFO] Tests run: 28, Failures: 0, Errors: 0, Skipped: 0, Time elapsed: 0.006 s - in org.dyn4j.collision.narrowphase.GjkTest
[df615e9c-71ae-48e3-b379-3ded53e7f9dc/build]   | [INFO] Running org.dyn4j.collision.narrowphase.SingleTypedFallbackConditionTest
[df615e9c-71ae-48e3-b379-3ded53e7f9dc/build]   | [INFO] Tests run: 2, Failures: 0, Errors: 0, Skipped: 0, Time elapsed: 0 s - in org.dyn4j.collision.narrowphase.SingleTypedFallbackConditionTest
[df615e9c-71ae-48e3-b379-3ded53e7f9dc/build]   | [INFO] Running org.dyn4j.collision.narrowphase.MinkowskiSumPointTest
[df615e9c-71ae-48e3-b379-3ded53e7f9dc/build]   | [INFO] Tests run: 1, Failures: 0, Errors: 0, Skipped: 0, Time elapsed: 0 s - in org.dyn4j.collision.narrowphase.MinkowskiSumPointTest
[df615e9c-71ae-48e3-b379-3ded53e7f9dc/build]   | [INFO] Running org.dyn4j.collision.narrowphase.RaycastTest
[df615e9c-71ae-48e3-b379-3ded53e7f9dc/build]   | [INFO] Tests run: 5, Failures: 0, Errors: 0, Skipped: 0, Time elapsed: 0 s - in org.dyn4j.collision.narrowphase.RaycastTest
[df615e9c-71ae-48e3-b379-3ded53e7f9dc/build]   | [INFO] Running org.dyn4j.collision.narrowphase.LinkPostProcessorTest
[df615e9c-71ae-48e3-b379-3ded53e7f9dc/build]   | [INFO] Tests run: 2, Failures: 0, Errors: 0, Skipped: 0, Time elapsed: 0 s - in org.dyn4j.collision.narrowphase.LinkPostProcessorTest
[df615e9c-71ae-48e3-b379-3ded53e7f9dc/build]   | [INFO] Running org.dyn4j.collision.narrowphase.PenetrationTest
[df615e9c-71ae-48e3-b379-3ded53e7f9dc/build]   | [INFO] Tests run: 5, Failures: 0, Errors: 0, Skipped: 0, Time elapsed: 0 s - in org.dyn4j.collision.narrowphase.PenetrationTest
[df615e9c-71ae-48e3-b379-3ded53e7f9dc/build]   | [INFO] Running org.dyn4j.collision.narrowphase.AbstractFallbackConditionTest
[df615e9c-71ae-48e3-b379-3ded53e7f9dc/build]   | [INFO] Tests run: 3, Failures: 0, Errors: 0, Skipped: 0, Time elapsed: 0 s - in org.dyn4j.collision.narrowphase.AbstractFallbackConditionTest
[df615e9c-71ae-48e3-b379-3ded53e7f9dc/build]   | [INFO] Running org.dyn4j.collision.narrowphase.ExpandingSimplexEdgeTest
[df615e9c-71ae-48e3-b379-3ded53e7f9dc/build]   | [INFO] Tests run: 3, Failures: 0, Errors: 0, Skipped: 0, Time elapsed: 0 s - in org.dyn4j.collision.narrowphase.ExpandingSimplexEdgeTest
[df615e9c-71ae-48e3-b379-3ded53e7f9dc/build]   | [INFO] Running org.dyn4j.collision.narrowphase.FallbackNarrowphaseDetectorTest
[df615e9c-71ae-48e3-b379-3ded53e7f9dc/build]   | [INFO] Tests run: 12, Failures: 0, Errors: 0, Skipped: 0, Time elapsed: 0.002 s - in org.dyn4j.collision.narrowphase.FallbackNarrowphaseDetectorTest
[df615e9c-71ae-48e3-b379-3ded53e7f9dc/build]   | [INFO] Running org.dyn4j.collision.narrowphase.SeparationTest
[df615e9c-71ae-48e3-b379-3ded53e7f9dc/build]   | [INFO] Tests run: 5, Failures: 0, Errors: 0, Skipped: 0, Time elapsed: 0 s - in org.dyn4j.collision.narrowphase.SeparationTest
[df615e9c-71ae-48e3-b379-3ded53e7f9dc/build]   | [INFO] Running org.dyn4j.collision.narrowphase.EpaTest
[df615e9c-71ae-48e3-b379-3ded53e7f9dc/build]   | [INFO] Tests run: 6, Failures: 0, Errors: 0, Skipped: 0, Time elapsed: 0.002 s - in org.dyn4j.collision.narrowphase.EpaTest
[df615e9c-71ae-48e3-b379-3ded53e7f9dc/build]   | [INFO] Running org.dyn4j.collision.narrowphase.SegmentDetectorTest
[df615e9c-71ae-48e3-b379-3ded53e7f9dc/build]   | [INFO] Tests run: 8, Failures: 0, Errors: 0, Skipped: 0, Time elapsed: 0 s - in org.dyn4j.collision.narrowphase.SegmentDetectorTest
[df615e9c-71ae-48e3-b379-3ded53e7f9dc/build]   | [INFO] Running org.dyn4j.collision.narrowphase.PairwiseTypedFallbackConditionTest
[df615e9c-71ae-48e3-b379-3ded53e7f9dc/build]   | [INFO] Tests run: 2, Failures: 0, Errors: 0, Skipped: 0, Time elapsed: 0 s - in org.dyn4j.collision.narrowphase.PairwiseTypedFallbackConditionTest
[df615e9c-71ae-48e3-b379-3ded53e7f9dc/build]   | [INFO] Running org.dyn4j.collision.narrowphase.MinkowskiSumTest
[df615e9c-71ae-48e3-b379-3ded53e7f9dc/build]   | [INFO] Tests run: 4, Failures: 0, Errors: 0, Skipped: 0, Time elapsed: 0 s - in org.dyn4j.collision.narrowphase.MinkowskiSumTest
[df615e9c-71ae-48e3-b379-3ded53e7f9dc/build]   | [INFO] Running org.dyn4j.collision.continuous.TimeOfImpactTest
[df615e9c-71ae-48e3-b379-3ded53e7f9dc/build]   | [INFO] Tests run: 4, Failures: 0, Errors: 0, Skipped: 0, Time elapsed: 0 s - in org.dyn4j.collision.continuous.TimeOfImpactTest
[df615e9c-71ae-48e3-b379-3ded53e7f9dc/build]   | [INFO] Running org.dyn4j.collision.continuous.ConservativeAdvancementTest
[df615e9c-71ae-48e3-b379-3ded53e7f9dc/build]   | [INFO] Tests run: 24, Failures: 0, Errors: 0, Skipped: 0, Time elapsed: 0 s - in org.dyn4j.collision.continuous.ConservativeAdvancementTest
[df615e9c-71ae-48e3-b379-3ded53e7f9dc/build]   | [INFO] Running org.dyn4j.collision.BasicCollisionItemTest
[df615e9c-71ae-48e3-b379-3ded53e7f9dc/build]   | [INFO] Tests run: 2, Failures: 0, Errors: 0, Skipped: 0, Time elapsed: 0 s - in org.dyn4j.collision.BasicCollisionItemTest
[df615e9c-71ae-48e3-b379-3ded53e7f9dc/build]   | [INFO] Running org.dyn4j.collision.CollisionsTest
[df615e9c-71ae-48e3-b379-3ded53e7f9dc/build]   | [INFO] Tests run: 1, Failures: 0, Errors: 0, Skipped: 0, Time elapsed: 0 s - in org.dyn4j.collision.CollisionsTest
[df615e9c-71ae-48e3-b379-3ded53e7f9dc/build]   | [INFO] Running org.dyn4j.collision.manifold.ManifoldPointTest
[df615e9c-71ae-48e3-b379-3ded53e7f9dc/build]   | [INFO] Tests run: 6, Failures: 0, Errors: 0, Skipped: 0, Time elapsed: 0 s - in org.dyn4j.collision.manifold.ManifoldPointTest
[df615e9c-71ae-48e3-b379-3ded53e7f9dc/build]   | [INFO] Running org.dyn4j.collision.manifold.ManifoldTest
[df615e9c-71ae-48e3-b379-3ded53e7f9dc/build]   | [INFO] Tests run: 7, Failures: 0, Errors: 0, Skipped: 0, Time elapsed: 0 s - in org.dyn4j.collision.manifold.ManifoldTest
[df615e9c-71ae-48e3-b379-3ded53e7f9dc/build]   | [INFO] Running org.dyn4j.collision.manifold.IndexedManifoldPointIdTest
[df615e9c-71ae-48e3-b379-3ded53e7f9dc/build]   | [INFO] Tests run: 4, Failures: 0, Errors: 0, Skipped: 0, Time elapsed: 0 s - in org.dyn4j.collision.manifold.IndexedManifoldPointIdTest
[df615e9c-71ae-48e3-b379-3ded53e7f9dc/build]   | [INFO] Running org.dyn4j.collision.manifold.ClippingManifoldSolverTest
[df615e9c-71ae-48e3-b379-3ded53e7f9dc/build]   | [INFO] Tests run: 5, Failures: 0, Errors: 0, Skipped: 0, Time elapsed: 0 s - in org.dyn4j.collision.manifold.ClippingManifoldSolverTest
[df615e9c-71ae-48e3-b379-3ded53e7f9dc/build]   | [INFO] Running org.dyn4j.collision.manifold.ManifoldPointIdTest
[df615e9c-71ae-48e3-b379-3ded53e7f9dc/build]   | [INFO] Tests run: 1, Failures: 0, Errors: 0, Skipped: 0, Time elapsed: 0 s - in org.dyn4j.collision.manifold.ManifoldPointIdTest
[df615e9c-71ae-48e3-b379-3ded53e7f9dc/build]   | [INFO] Running org.dyn4j.collision.AbstractBoundsTest
[df615e9c-71ae-48e3-b379-3ded53e7f9dc/build]   | [INFO] Tests run: 3, Failures: 0, Errors: 0, Skipped: 0, Time elapsed: 0 s - in org.dyn4j.collision.AbstractBoundsTest
[df615e9c-71ae-48e3-b379-3ded53e7f9dc/build]   | [INFO] Running org.dyn4j.collision.TypeFilterTest
[df615e9c-71ae-48e3-b379-3ded53e7f9dc/build]   | [INFO] Tests run: 1, Failures: 0, Errors: 0, Skipped: 0, Time elapsed: 0 s - in org.dyn4j.collision.TypeFilterTest
[df615e9c-71ae-48e3-b379-3ded53e7f9dc/build]   | [INFO] Running org.dyn4j.collision.CategoryFilterTest
[df615e9c-71ae-48e3-b379-3ded53e7f9dc/build]   | [INFO] Tests run: 4, Failures: 0, Errors: 0, Skipped: 0, Time elapsed: 0 s - in org.dyn4j.collision.CategoryFilterTest
[df615e9c-71ae-48e3-b379-3ded53e7f9dc/build]   | [INFO] Running org.dyn4j.VersionTest
[df615e9c-71ae-48e3-b379-3ded53e7f9dc/build]   | [INFO] Tests run: 3, Failures: 0, Errors: 0, Skipped: 0, Time elapsed: 0.001 s - in org.dyn4j.VersionTest
[df615e9c-71ae-48e3-b379-3ded53e7f9dc/build]   | [INFO] Running org.dyn4j.UnitConversionTest
[df615e9c-71ae-48e3-b379-3ded53e7f9dc/build]   | [INFO] Tests run: 6, Failures: 0, Errors: 0, Skipped: 0, Time elapsed: 0.001 s - in org.dyn4j.UnitConversionTest
[df615e9c-71ae-48e3-b379-3ded53e7f9dc/build]   | [INFO] 
[df615e9c-71ae-48e3-b379-3ded53e7f9dc/build]   | [INFO] Results:
[df615e9c-71ae-48e3-b379-3ded53e7f9dc/build]   | [INFO] 
[df615e9c-71ae-48e3-b379-3ded53e7f9dc/build]   | [ERROR] Failures: 
[df615e9c-71ae-48e3-b379-3ded53e7f9dc/build]   | [ERROR]   AbstractPhysicsWorldTest.sensorRemovalShouldNotClearAtRestState:2181
[df615e9c-71ae-48e3-b379-3ded53e7f9dc/build]   | [INFO] 
[df615e9c-71ae-48e3-b379-3ded53e7f9dc/build]   | [ERROR] Tests run: 1997, Failures: 1, Errors: 0, Skipped: 0
[df615e9c-71ae-48e3-b379-3ded53e7f9dc/build]   | [INFO] 
[df615e9c-71ae-48e3-b379-3ded53e7f9dc/build]   | [INFO] ------------------------------------------------------------------------
[df615e9c-71ae-48e3-b379-3ded53e7f9dc/build]   | [INFO] BUILD FAILURE
[df615e9c-71ae-48e3-b379-3ded53e7f9dc/build]   | [INFO] ------------------------------------------------------------------------
[df615e9c-71ae-48e3-b379-3ded53e7f9dc/build]   | [INFO] Total time:  40.192 s
[df615e9c-71ae-48e3-b379-3ded53e7f9dc/build]   | [INFO] Finished at: 2023-07-12T17:44:35Z
[df615e9c-71ae-48e3-b379-3ded53e7f9dc/build]   | [INFO] ------------------------------------------------------------------------
[df615e9c-71ae-48e3-b379-3ded53e7f9dc/build]   | [ERROR] Failed to execute goal org.apache.maven.plugins:maven-surefire-plugin:2.22.0:test (default-test) on project dyn4j: There are test failures.
[df615e9c-71ae-48e3-b379-3ded53e7f9dc/build]   | [ERROR] 
[df615e9c-71ae-48e3-b379-3ded53e7f9dc/build]   | [ERROR] Please refer to /tmp/3ebb4e18-68d4-4f66-84e9-ef5284b8e205/target/surefire-reports for the individual test results.
[df615e9c-71ae-48e3-b379-3ded53e7f9dc/build]   | [ERROR] Please refer to dump files (if any exist) [date]-jvmRun[N].dump, [date].dumpstream and [date]-jvmRun[N].dumpstream.
[df615e9c-71ae-48e3-b379-3ded53e7f9dc/build]   | [ERROR] -> [Help 1]
[df615e9c-71ae-48e3-b379-3ded53e7f9dc/build]   | [ERROR] 
[df615e9c-71ae-48e3-b379-3ded53e7f9dc/build]   | [ERROR] To see the full stack trace of the errors, re-run Maven with the -e switch.
[df615e9c-71ae-48e3-b379-3ded53e7f9dc/build]   | [ERROR] Re-run Maven using the -X switch to enable full debug logging.
[df615e9c-71ae-48e3-b379-3ded53e7f9dc/build]   | [ERROR] 
[df615e9c-71ae-48e3-b379-3ded53e7f9dc/build]   | [ERROR] For more information about the errors and possible solutions, please read the following articles:
[df615e9c-71ae-48e3-b379-3ded53e7f9dc/build]   | [ERROR] [Help 1] http://cwiki.apache.org/confluence/display/MAVEN/MojoFailureException
[df615e9c-71ae-48e3-b379-3ded53e7f9dc/build]   ‚ùå  Failure - Main Build with Maven
[df615e9c-71ae-48e3-b379-3ded53e7f9dc/build] exitcode '1': failure
[df615e9c-71ae-48e3-b379-3ded53e7f9dc/build] unable to get git ref: failed to identify reference (tag/branch) for the checked-out revision '941665a67c26b1bcb1008342951687ca8641a8a3'
[df615e9c-71ae-48e3-b379-3ded53e7f9dc/build] unable to get git ref: failed to identify reference (tag/branch) for the checked-out revision '941665a67c26b1bcb1008342951687ca8641a8a3'
[df615e9c-71ae-48e3-b379-3ded53e7f9dc/build] unable to get git ref: failed to identify reference (tag/branch) for the checked-out revision '941665a67c26b1bcb1008342951687ca8641a8a3'
[df615e9c-71ae-48e3-b379-3ded53e7f9dc/build] unable to get git ref: failed to identify reference (tag/branch) for the checked-out revision '941665a67c26b1bcb1008342951687ca8641a8a3'
[df615e9c-71ae-48e3-b379-3ded53e7f9dc/build] unable to get git ref: failed to identify reference (tag/branch) for the checked-out revision '941665a67c26b1bcb1008342951687ca8641a8a3'
[df615e9c-71ae-48e3-b379-3ded53e7f9dc/build] ‚≠ê Run Post Set up JDK
[df615e9c-71ae-48e3-b379-3ded53e7f9dc/build]   üê≥  docker exec cmd=[node /var/run/act/actions/actions-setup-java@v1/dist/cleanup/index.js] user= workdir=
[df615e9c-71ae-48e3-b379-3ded53e7f9dc/build]   ‚úÖ  Success - Post Set up JDK
[df615e9c-71ae-48e3-b379-3ded53e7f9dc/build] üèÅ  Job failed
[df615e9c-71ae-48e3-b379-3ded53e7f9dc/build] unable to get git ref: failed to identify reference (tag/branch) for the checked-out revision '941665a67c26b1bcb1008342951687ca8641a8a3'
