[df726b00-aee4-403b-9f7b-f59fa4c31281/build] üöÄ  Start image=crawlergpt:latest
[df726b00-aee4-403b-9f7b-f59fa4c31281/build]   üê≥  docker pull image=crawlergpt:latest platform= username= forcePull=false
[df726b00-aee4-403b-9f7b-f59fa4c31281/build]   üê≥  docker create image=crawlergpt:latest platform= entrypoint=["tail" "-f" "/dev/null"] cmd=[]
[df726b00-aee4-403b-9f7b-f59fa4c31281/build]   üê≥  docker run image=crawlergpt:latest platform= entrypoint=["tail" "-f" "/dev/null"] cmd=[]
[df726b00-aee4-403b-9f7b-f59fa4c31281/build]   üê≥  docker exec cmd=[chown -R 1012:1013 /tmp/55d336c0-1295-4b1e-b12d-682915f77945] user=0 workdir=
[df726b00-aee4-403b-9f7b-f59fa4c31281/build] unable to get git ref: failed to identify reference (tag/branch) for the checked-out revision '85558309a9621eee6480f5c4fb7718c6227df11f'
[df726b00-aee4-403b-9f7b-f59fa4c31281/build] unable to get git ref: failed to identify reference (tag/branch) for the checked-out revision '85558309a9621eee6480f5c4fb7718c6227df11f'
[df726b00-aee4-403b-9f7b-f59fa4c31281/build] unable to get git ref: failed to identify reference (tag/branch) for the checked-out revision '85558309a9621eee6480f5c4fb7718c6227df11f'
[df726b00-aee4-403b-9f7b-f59fa4c31281/build] unable to get git ref: failed to identify reference (tag/branch) for the checked-out revision '85558309a9621eee6480f5c4fb7718c6227df11f'
[df726b00-aee4-403b-9f7b-f59fa4c31281/build] unable to get git ref: failed to identify reference (tag/branch) for the checked-out revision '85558309a9621eee6480f5c4fb7718c6227df11f'
[df726b00-aee4-403b-9f7b-f59fa4c31281/build] üß™  Matrix: map[java:8 os:ubuntu-latest]
[df726b00-aee4-403b-9f7b-f59fa4c31281/build] unable to get git ref: failed to identify reference (tag/branch) for the checked-out revision '85558309a9621eee6480f5c4fb7718c6227df11f'
[df726b00-aee4-403b-9f7b-f59fa4c31281/build] unable to get git ref: failed to identify reference (tag/branch) for the checked-out revision '85558309a9621eee6480f5c4fb7718c6227df11f'
[df726b00-aee4-403b-9f7b-f59fa4c31281/build] unable to get git ref: failed to identify reference (tag/branch) for the checked-out revision '85558309a9621eee6480f5c4fb7718c6227df11f'
[df726b00-aee4-403b-9f7b-f59fa4c31281/build] unable to get git ref: failed to identify reference (tag/branch) for the checked-out revision '85558309a9621eee6480f5c4fb7718c6227df11f'
[df726b00-aee4-403b-9f7b-f59fa4c31281/build] unable to get git ref: failed to identify reference (tag/branch) for the checked-out revision '85558309a9621eee6480f5c4fb7718c6227df11f'
[df726b00-aee4-403b-9f7b-f59fa4c31281/build] unable to get git ref: failed to identify reference (tag/branch) for the checked-out revision '85558309a9621eee6480f5c4fb7718c6227df11f'
[df726b00-aee4-403b-9f7b-f59fa4c31281/build] ‚≠ê Run Main Checkout the repo
[df726b00-aee4-403b-9f7b-f59fa4c31281/build] unable to get git ref: failed to identify reference (tag/branch) for the checked-out revision '85558309a9621eee6480f5c4fb7718c6227df11f'
[df726b00-aee4-403b-9f7b-f59fa4c31281/build]   ‚úÖ  Success - Main Checkout the repo
[df726b00-aee4-403b-9f7b-f59fa4c31281/build] unable to get git ref: failed to identify reference (tag/branch) for the checked-out revision '85558309a9621eee6480f5c4fb7718c6227df11f'
[df726b00-aee4-403b-9f7b-f59fa4c31281/build] unable to get git ref: failed to identify reference (tag/branch) for the checked-out revision '85558309a9621eee6480f5c4fb7718c6227df11f'
[df726b00-aee4-403b-9f7b-f59fa4c31281/build] unable to get git ref: failed to identify reference (tag/branch) for the checked-out revision '85558309a9621eee6480f5c4fb7718c6227df11f'
[df726b00-aee4-403b-9f7b-f59fa4c31281/build] unable to get git ref: failed to identify reference (tag/branch) for the checked-out revision '85558309a9621eee6480f5c4fb7718c6227df11f'
[df726b00-aee4-403b-9f7b-f59fa4c31281/build] unable to get git ref: failed to identify reference (tag/branch) for the checked-out revision '85558309a9621eee6480f5c4fb7718c6227df11f'
[df726b00-aee4-403b-9f7b-f59fa4c31281/build] ‚≠ê Run Main Setup Java
[df726b00-aee4-403b-9f7b-f59fa4c31281/build] unable to get git ref: failed to identify reference (tag/branch) for the checked-out revision '85558309a9621eee6480f5c4fb7718c6227df11f'
[df726b00-aee4-403b-9f7b-f59fa4c31281/build] unable to get git ref: failed to identify reference (tag/branch) for the checked-out revision '85558309a9621eee6480f5c4fb7718c6227df11f'
[df726b00-aee4-403b-9f7b-f59fa4c31281/build] unable to get git ref: failed to identify reference (tag/branch) for the checked-out revision '85558309a9621eee6480f5c4fb7718c6227df11f'
[df726b00-aee4-403b-9f7b-f59fa4c31281/build]   üê≥  docker cp src=/tmp/act-cache/2dce3f7b-1666-4074-bc28-fd2a385023f5/act/actions-setup-java@v1/ dst=/var/run/act/actions/actions-setup-java@v1/
[df726b00-aee4-403b-9f7b-f59fa4c31281/build]   üê≥  docker exec cmd=[chown -R 1012:1013 /var/run/act/actions/actions-setup-java@v1/] user=0 workdir=
[df726b00-aee4-403b-9f7b-f59fa4c31281/build]   üê≥  docker exec cmd=[node /var/run/act/actions/actions-setup-java@v1/dist/setup/index.js] user= workdir=
[df726b00-aee4-403b-9f7b-f59fa4c31281/build]   üí¨  ::debug::isExplicit: 
[df726b00-aee4-403b-9f7b-f59fa4c31281/build]   üí¨  ::debug::explicit? false
[df726b00-aee4-403b-9f7b-f59fa4c31281/build]   üí¨  ::debug::evaluating 0 versions
[df726b00-aee4-403b-9f7b-f59fa4c31281/build]   üí¨  ::debug::match not found
[df726b00-aee4-403b-9f7b-f59fa4c31281/build]   üí¨  ::debug::Downloading JDK from Azul
[df726b00-aee4-403b-9f7b-f59fa4c31281/build]   üí¨  ::debug::Searching for files with extension: -linux_x64.tar.gz
[df726b00-aee4-403b-9f7b-f59fa4c31281/build]   üí¨  ::debug::Downloading https://static.azul.com/zulu/bin/zulu8.70.0.23-ca-jdk8.0.372-linux_x64.tar.gz
[df726b00-aee4-403b-9f7b-f59fa4c31281/build]   üí¨  ::debug::Downloading /tmp/8b305454-a4c0-4a9c-a6d7-0c5623e94fbb
[df726b00-aee4-403b-9f7b-f59fa4c31281/build]   üí¨  ::debug::download complete
[df726b00-aee4-403b-9f7b-f59fa4c31281/build]   | [command]/usr/bin/tar --version
[df726b00-aee4-403b-9f7b-f59fa4c31281/build]   | tar (GNU tar) 1.30
[df726b00-aee4-403b-9f7b-f59fa4c31281/build]   | Copyright (C) 2017 Free Software Foundation, Inc.
[df726b00-aee4-403b-9f7b-f59fa4c31281/build]   | License GPLv3+: GNU GPL version 3 or later <https://gnu.org/licenses/gpl.html>.
[df726b00-aee4-403b-9f7b-f59fa4c31281/build]   | This is free software: you are free to change and redistribute it.
[df726b00-aee4-403b-9f7b-f59fa4c31281/build]   | There is NO WARRANTY, to the extent permitted by law.
[df726b00-aee4-403b-9f7b-f59fa4c31281/build]   | 
[df726b00-aee4-403b-9f7b-f59fa4c31281/build]   | Written by John Gilmore and Jay Fenlason.
[df726b00-aee4-403b-9f7b-f59fa4c31281/build]   | [command]/usr/bin/tar xz --warning=no-unknown-keyword -C /tmp/temp_1992846037 -f /tmp/8b305454-a4c0-4a9c-a6d7-0c5623e94fbb
[df726b00-aee4-403b-9f7b-f59fa4c31281/build]   üí¨  ::debug::jdk extracted to /tmp/temp_1992846037/zulu8.70.0.23-ca-jdk8.0.372-linux_x64
[df726b00-aee4-403b-9f7b-f59fa4c31281/build]   üí¨  ::debug::Caching tool jdk 8.0.372 x64
[df726b00-aee4-403b-9f7b-f59fa4c31281/build]   üí¨  ::debug::source dir: /tmp/temp_1992846037/zulu8.70.0.23-ca-jdk8.0.372-linux_x64
[df726b00-aee4-403b-9f7b-f59fa4c31281/build]   üí¨  ::debug::destination /opt/hostedtoolcache/jdk/8.0.372/x64
[df726b00-aee4-403b-9f7b-f59fa4c31281/build]   üí¨  ::debug::finished caching tool
[df726b00-aee4-403b-9f7b-f59fa4c31281/build]   ‚ùì add-matcher /run/act/actions/actions-setup-java@v1/.github/java.json
[df726b00-aee4-403b-9f7b-f59fa4c31281/build]   | creating settings.xml with server-id: github; environment variables: username=$GITHUB_ACTOR, password=$GITHUB_TOKEN, and gpg-passphrase=null
[df726b00-aee4-403b-9f7b-f59fa4c31281/build]   üí¨  ::debug::created directory /home/runneradmin/.m2
[df726b00-aee4-403b-9f7b-f59fa4c31281/build]   | writing /home/runneradmin/.m2/settings.xml
[df726b00-aee4-403b-9f7b-f59fa4c31281/build]   ‚úÖ  Success - Main Setup Java
[df726b00-aee4-403b-9f7b-f59fa4c31281/build]   ‚öô  ::set-env:: JAVA_HOME_8.0.372_x64=/opt/hostedtoolcache/jdk/8.0.372/x64
[df726b00-aee4-403b-9f7b-f59fa4c31281/build]   ‚öô  ::set-env:: JAVA_HOME=/opt/hostedtoolcache/jdk/8.0.372/x64
[df726b00-aee4-403b-9f7b-f59fa4c31281/build]   ‚öô  ::set-env:: JAVA_HOME_8_0_372_X64=/opt/hostedtoolcache/jdk/8.0.372/x64
[df726b00-aee4-403b-9f7b-f59fa4c31281/build]   ‚öô  ::set-output:: path=/opt/hostedtoolcache/jdk/8.0.372/x64
[df726b00-aee4-403b-9f7b-f59fa4c31281/build]   ‚öô  ::set-output:: version=8.0.372
[df726b00-aee4-403b-9f7b-f59fa4c31281/build]   ‚öô  ::add-path:: /opt/hostedtoolcache/jdk/8.0.372/x64/bin
[df726b00-aee4-403b-9f7b-f59fa4c31281/build] unable to get git ref: failed to identify reference (tag/branch) for the checked-out revision '85558309a9621eee6480f5c4fb7718c6227df11f'
[df726b00-aee4-403b-9f7b-f59fa4c31281/build] unable to get git ref: failed to identify reference (tag/branch) for the checked-out revision '85558309a9621eee6480f5c4fb7718c6227df11f'
[df726b00-aee4-403b-9f7b-f59fa4c31281/build] unable to get git ref: failed to identify reference (tag/branch) for the checked-out revision '85558309a9621eee6480f5c4fb7718c6227df11f'
[df726b00-aee4-403b-9f7b-f59fa4c31281/build] unable to get git ref: failed to identify reference (tag/branch) for the checked-out revision '85558309a9621eee6480f5c4fb7718c6227df11f'
[df726b00-aee4-403b-9f7b-f59fa4c31281/build] unable to get git ref: failed to identify reference (tag/branch) for the checked-out revision '85558309a9621eee6480f5c4fb7718c6227df11f'
[df726b00-aee4-403b-9f7b-f59fa4c31281/build] ‚≠ê Run Main Grant execute permission for gradlew
[df726b00-aee4-403b-9f7b-f59fa4c31281/build] unable to get git ref: failed to identify reference (tag/branch) for the checked-out revision '85558309a9621eee6480f5c4fb7718c6227df11f'
[df726b00-aee4-403b-9f7b-f59fa4c31281/build] unable to get git ref: failed to identify reference (tag/branch) for the checked-out revision '85558309a9621eee6480f5c4fb7718c6227df11f'
[df726b00-aee4-403b-9f7b-f59fa4c31281/build] unable to get git ref: failed to identify reference (tag/branch) for the checked-out revision '85558309a9621eee6480f5c4fb7718c6227df11f'
[df726b00-aee4-403b-9f7b-f59fa4c31281/build] unable to get git ref: failed to identify reference (tag/branch) for the checked-out revision '85558309a9621eee6480f5c4fb7718c6227df11f'
[df726b00-aee4-403b-9f7b-f59fa4c31281/build]   üê≥  docker exec cmd=[bash --noprofile --norc -e -o pipefail /var/run/act/workflow/2] user= workdir=
[df726b00-aee4-403b-9f7b-f59fa4c31281/build]   ‚úÖ  Success - Main Grant execute permission for gradlew
[df726b00-aee4-403b-9f7b-f59fa4c31281/build] unable to get git ref: failed to identify reference (tag/branch) for the checked-out revision '85558309a9621eee6480f5c4fb7718c6227df11f'
[df726b00-aee4-403b-9f7b-f59fa4c31281/build] unable to get git ref: failed to identify reference (tag/branch) for the checked-out revision '85558309a9621eee6480f5c4fb7718c6227df11f'
[df726b00-aee4-403b-9f7b-f59fa4c31281/build] unable to get git ref: failed to identify reference (tag/branch) for the checked-out revision '85558309a9621eee6480f5c4fb7718c6227df11f'
[df726b00-aee4-403b-9f7b-f59fa4c31281/build] unable to get git ref: failed to identify reference (tag/branch) for the checked-out revision '85558309a9621eee6480f5c4fb7718c6227df11f'
[df726b00-aee4-403b-9f7b-f59fa4c31281/build] unable to get git ref: failed to identify reference (tag/branch) for the checked-out revision '85558309a9621eee6480f5c4fb7718c6227df11f'
[df726b00-aee4-403b-9f7b-f59fa4c31281/build] ‚≠ê Run Main Cache Gradle packages
[df726b00-aee4-403b-9f7b-f59fa4c31281/build] unable to get git ref: failed to identify reference (tag/branch) for the checked-out revision '85558309a9621eee6480f5c4fb7718c6227df11f'
[df726b00-aee4-403b-9f7b-f59fa4c31281/build] unable to get git ref: failed to identify reference (tag/branch) for the checked-out revision '85558309a9621eee6480f5c4fb7718c6227df11f'
[df726b00-aee4-403b-9f7b-f59fa4c31281/build] unable to get git ref: failed to identify reference (tag/branch) for the checked-out revision '85558309a9621eee6480f5c4fb7718c6227df11f'
[df726b00-aee4-403b-9f7b-f59fa4c31281/build]   üê≥  docker cp src=/tmp/act-cache/2dce3f7b-1666-4074-bc28-fd2a385023f5/act/actions-cache@v2/ dst=/var/run/act/actions/actions-cache@v2/
[df726b00-aee4-403b-9f7b-f59fa4c31281/build]   üê≥  docker exec cmd=[chown -R 1012:1013 /var/run/act/actions/actions-cache@v2/] user=0 workdir=
[df726b00-aee4-403b-9f7b-f59fa4c31281/build]   üê≥  docker exec cmd=[node /var/run/act/actions/actions-cache@v2/dist/restore/index.js] user= workdir=
[df726b00-aee4-403b-9f7b-f59fa4c31281/build]   üí¨  ::debug::Resolved Keys:
[df726b00-aee4-403b-9f7b-f59fa4c31281/build]   üí¨  ::debug::["Linux-gradle-296eeec0701cb650f7f436087d9ab0daf9ec4ce3b9b9f75cdb24648bac48fba9","Linux-gradle"]
[df726b00-aee4-403b-9f7b-f59fa4c31281/build]   üí¨  ::debug::Checking zstd --version
[df726b00-aee4-403b-9f7b-f59fa4c31281/build]   üí¨  ::debug::*** zstd command line interface 64-bits v1.5.0, by Yann Collet ***
[df726b00-aee4-403b-9f7b-f59fa4c31281/build]   üí¨  ::debug::getCacheEntry - Attempt 1 of 2 failed with error: Cache Service Url not found, unable to restore cache.
[df726b00-aee4-403b-9f7b-f59fa4c31281/build]   üí¨  ::debug::getCacheEntry - Attempt 2 of 2 failed with error: Cache Service Url not found, unable to restore cache.
[df726b00-aee4-403b-9f7b-f59fa4c31281/build]   | [warning]getCacheEntry failed: Cache Service Url not found, unable to restore cache.
[df726b00-aee4-403b-9f7b-f59fa4c31281/build]   ‚úÖ  Success - Main Cache Gradle packages
[df726b00-aee4-403b-9f7b-f59fa4c31281/build]   ‚öô  ::set-output:: cache-hit=false
[df726b00-aee4-403b-9f7b-f59fa4c31281/build] unable to get git ref: failed to identify reference (tag/branch) for the checked-out revision '85558309a9621eee6480f5c4fb7718c6227df11f'
[df726b00-aee4-403b-9f7b-f59fa4c31281/build] unable to get git ref: failed to identify reference (tag/branch) for the checked-out revision '85558309a9621eee6480f5c4fb7718c6227df11f'
[df726b00-aee4-403b-9f7b-f59fa4c31281/build] unable to get git ref: failed to identify reference (tag/branch) for the checked-out revision '85558309a9621eee6480f5c4fb7718c6227df11f'
[df726b00-aee4-403b-9f7b-f59fa4c31281/build] unable to get git ref: failed to identify reference (tag/branch) for the checked-out revision '85558309a9621eee6480f5c4fb7718c6227df11f'
[df726b00-aee4-403b-9f7b-f59fa4c31281/build] unable to get git ref: failed to identify reference (tag/branch) for the checked-out revision '85558309a9621eee6480f5c4fb7718c6227df11f'
[df726b00-aee4-403b-9f7b-f59fa4c31281/build] ‚≠ê Run Main Build with Gradle
[df726b00-aee4-403b-9f7b-f59fa4c31281/build] unable to get git ref: failed to identify reference (tag/branch) for the checked-out revision '85558309a9621eee6480f5c4fb7718c6227df11f'
[df726b00-aee4-403b-9f7b-f59fa4c31281/build] unable to get git ref: failed to identify reference (tag/branch) for the checked-out revision '85558309a9621eee6480f5c4fb7718c6227df11f'
[df726b00-aee4-403b-9f7b-f59fa4c31281/build] unable to get git ref: failed to identify reference (tag/branch) for the checked-out revision '85558309a9621eee6480f5c4fb7718c6227df11f'
[df726b00-aee4-403b-9f7b-f59fa4c31281/build] unable to get git ref: failed to identify reference (tag/branch) for the checked-out revision '85558309a9621eee6480f5c4fb7718c6227df11f'
[df726b00-aee4-403b-9f7b-f59fa4c31281/build]   üê≥  docker exec cmd=[bash --noprofile --norc -e -o pipefail /var/run/act/workflow/4] user= workdir=
[df726b00-aee4-403b-9f7b-f59fa4c31281/build]   | Downloading https://services.gradle.org/distributions/gradle-4.10.2-bin.zip
[df726b00-aee4-403b-9f7b-f59fa4c31281/build]   | ..........................................................................
[df726b00-aee4-403b-9f7b-f59fa4c31281/build]   | 
[df726b00-aee4-403b-9f7b-f59fa4c31281/build]   | Welcome to Gradle 4.10.2!
[df726b00-aee4-403b-9f7b-f59fa4c31281/build]   | 
[df726b00-aee4-403b-9f7b-f59fa4c31281/build]   | Here are the highlights of this release:
[df726b00-aee4-403b-9f7b-f59fa4c31281/build]   |  - Incremental Java compilation by default
[df726b00-aee4-403b-9f7b-f59fa4c31281/build]   |  - Periodic Gradle caches cleanup
[df726b00-aee4-403b-9f7b-f59fa4c31281/build]   |  - Gradle Kotlin DSL 1.0-RC6
[df726b00-aee4-403b-9f7b-f59fa4c31281/build]   |  - Nested included builds
[df726b00-aee4-403b-9f7b-f59fa4c31281/build]   |  - SNAPSHOT plugin versions in the `plugins {}` block
[df726b00-aee4-403b-9f7b-f59fa4c31281/build]   | 
[df726b00-aee4-403b-9f7b-f59fa4c31281/build]   | For more details see https://docs.gradle.org/4.10.2/release-notes.html
[df726b00-aee4-403b-9f7b-f59fa4c31281/build]   | 
[df726b00-aee4-403b-9f7b-f59fa4c31281/build]   | Starting a Gradle Daemon (subsequent builds will be faster)
[df726b00-aee4-403b-9f7b-f59fa4c31281/build]   | > Task :compileJava UP-TO-DATE
[df726b00-aee4-403b-9f7b-f59fa4c31281/build]   | > Task :processResources NO-SOURCE
[df726b00-aee4-403b-9f7b-f59fa4c31281/build]   | > Task :classes UP-TO-DATE
[df726b00-aee4-403b-9f7b-f59fa4c31281/build]   | > Task :jar UP-TO-DATE
[df726b00-aee4-403b-9f7b-f59fa4c31281/build]   | > Task :javadoc UP-TO-DATE
[df726b00-aee4-403b-9f7b-f59fa4c31281/build]   | > Task :javadocJar UP-TO-DATE
[df726b00-aee4-403b-9f7b-f59fa4c31281/build]   | > Task :sourcesJar UP-TO-DATE
[df726b00-aee4-403b-9f7b-f59fa4c31281/build]   | > Task :signArchives SKIPPED
[df726b00-aee4-403b-9f7b-f59fa4c31281/build]   | > Task :assemble UP-TO-DATE
[df726b00-aee4-403b-9f7b-f59fa4c31281/build]   | > Task :compileTestJava
[df726b00-aee4-403b-9f7b-f59fa4c31281/build]   | > Task :processTestResources UP-TO-DATE
[df726b00-aee4-403b-9f7b-f59fa4c31281/build]   | > Task :testClasses
[df726b00-aee4-403b-9f7b-f59fa4c31281/build]   | 
[df726b00-aee4-403b-9f7b-f59fa4c31281/build]   | > Task :test
[df726b00-aee4-403b-9f7b-f59fa4c31281/build]   | 
[df726b00-aee4-403b-9f7b-f59fa4c31281/build]   | com.nexmo.client.applications.UpdateApplicationMethodTest > testMakeRequest FAILED
[df726b00-aee4-403b-9f7b-f59fa4c31281/build]   |     java.lang.NullPointerException
[df726b00-aee4-403b-9f7b-f59fa4c31281/build]   |         at com.nexmo.client.applications.UpdateApplicationMethodTest.testMakeRequest(UpdateApplicationMethodTest.java:79)
[df726b00-aee4-403b-9f7b-f59fa4c31281/build]   | 
[df726b00-aee4-403b-9f7b-f59fa4c31281/build]   | com.nexmo.client.applications.UpdateApplicationMethodTest > testMakeRequestWithOptionalParams FAILED
[df726b00-aee4-403b-9f7b-f59fa4c31281/build]   |     java.lang.IllegalArgumentException: Entity may not be null
[df726b00-aee4-403b-9f7b-f59fa4c31281/build]   |         at org.apache.http.util.Args.notNull(Args.java:54)
[df726b00-aee4-403b-9f7b-f59fa4c31281/build]   |         at org.apache.http.util.EntityUtils.toString(EntityUtils.java:214)
[df726b00-aee4-403b-9f7b-f59fa4c31281/build]   |         at org.apache.http.util.EntityUtils.toString(EntityUtils.java:291)
[df726b00-aee4-403b-9f7b-f59fa4c31281/build]   |         at com.nexmo.client.applications.UpdateApplicationMethodTest.testMakeRequestWithOptionalParams(UpdateApplicationMethodTest.java:64)
[df726b00-aee4-403b-9f7b-f59fa4c31281/build]   | 
[df726b00-aee4-403b-9f7b-f59fa4c31281/build]   | 595 tests completed, 2 failed, 1 skipped
[df726b00-aee4-403b-9f7b-f59fa4c31281/build]   | 
[df726b00-aee4-403b-9f7b-f59fa4c31281/build]   | > Task :test FAILED
[df726b00-aee4-403b-9f7b-f59fa4c31281/build]   | 
[df726b00-aee4-403b-9f7b-f59fa4c31281/build]   | FAILURE: Build failed with an exception.
[df726b00-aee4-403b-9f7b-f59fa4c31281/build]   | 
[df726b00-aee4-403b-9f7b-f59fa4c31281/build]   | * What went wrong:
[df726b00-aee4-403b-9f7b-f59fa4c31281/build]   | Execution failed for task ':test'.
[df726b00-aee4-403b-9f7b-f59fa4c31281/build]   | > There were failing tests. See the report at: file:///tmp/55d336c0-1295-4b1e-b12d-682915f77945/build/reports/tests/test/index.html
[df726b00-aee4-403b-9f7b-f59fa4c31281/build]   | 
[df726b00-aee4-403b-9f7b-f59fa4c31281/build]   | * Try:
[df726b00-aee4-403b-9f7b-f59fa4c31281/build]   | Run with --stacktrace option to get the stack trace. Run with --info or --debug option to get more log output. Run with --scan to get full insights.
[df726b00-aee4-403b-9f7b-f59fa4c31281/build]   | 
[df726b00-aee4-403b-9f7b-f59fa4c31281/build]   | * Get more help at https://help.gradle.org
[df726b00-aee4-403b-9f7b-f59fa4c31281/build]   | 
[df726b00-aee4-403b-9f7b-f59fa4c31281/build]   | Deprecated Gradle features were used in this build, making it incompatible with Gradle 5.0.
[df726b00-aee4-403b-9f7b-f59fa4c31281/build]   | Use '--warning-mode all' to show the individual deprecation warnings.
[df726b00-aee4-403b-9f7b-f59fa4c31281/build]   | See https://docs.gradle.org/4.10.2/userguide/command_line_interface.html#sec:command_line_warnings
[df726b00-aee4-403b-9f7b-f59fa4c31281/build]   | 
[df726b00-aee4-403b-9f7b-f59fa4c31281/build]   | BUILD FAILED in 44s
[df726b00-aee4-403b-9f7b-f59fa4c31281/build]   | 8 actionable tasks: 2 executed, 6 up-to-date
[df726b00-aee4-403b-9f7b-f59fa4c31281/build]   ‚ùå  Failure - Main Build with Gradle
[df726b00-aee4-403b-9f7b-f59fa4c31281/build] exitcode '1': failure
[df726b00-aee4-403b-9f7b-f59fa4c31281/build] unable to get git ref: failed to identify reference (tag/branch) for the checked-out revision '85558309a9621eee6480f5c4fb7718c6227df11f'
[df726b00-aee4-403b-9f7b-f59fa4c31281/build] unable to get git ref: failed to identify reference (tag/branch) for the checked-out revision '85558309a9621eee6480f5c4fb7718c6227df11f'
[df726b00-aee4-403b-9f7b-f59fa4c31281/build] unable to get git ref: failed to identify reference (tag/branch) for the checked-out revision '85558309a9621eee6480f5c4fb7718c6227df11f'
[df726b00-aee4-403b-9f7b-f59fa4c31281/build] unable to get git ref: failed to identify reference (tag/branch) for the checked-out revision '85558309a9621eee6480f5c4fb7718c6227df11f'
[df726b00-aee4-403b-9f7b-f59fa4c31281/build] unable to get git ref: failed to identify reference (tag/branch) for the checked-out revision '85558309a9621eee6480f5c4fb7718c6227df11f'
[df726b00-aee4-403b-9f7b-f59fa4c31281/build] unable to get git ref: failed to identify reference (tag/branch) for the checked-out revision '85558309a9621eee6480f5c4fb7718c6227df11f'
[df726b00-aee4-403b-9f7b-f59fa4c31281/build] unable to get git ref: failed to identify reference (tag/branch) for the checked-out revision '85558309a9621eee6480f5c4fb7718c6227df11f'
[df726b00-aee4-403b-9f7b-f59fa4c31281/build] unable to get git ref: failed to identify reference (tag/branch) for the checked-out revision '85558309a9621eee6480f5c4fb7718c6227df11f'
[df726b00-aee4-403b-9f7b-f59fa4c31281/build] unable to get git ref: failed to identify reference (tag/branch) for the checked-out revision '85558309a9621eee6480f5c4fb7718c6227df11f'
[df726b00-aee4-403b-9f7b-f59fa4c31281/build] unable to get git ref: failed to identify reference (tag/branch) for the checked-out revision '85558309a9621eee6480f5c4fb7718c6227df11f'
[df726b00-aee4-403b-9f7b-f59fa4c31281/build] unable to get git ref: failed to identify reference (tag/branch) for the checked-out revision '85558309a9621eee6480f5c4fb7718c6227df11f'
[df726b00-aee4-403b-9f7b-f59fa4c31281/build] unable to get git ref: failed to identify reference (tag/branch) for the checked-out revision '85558309a9621eee6480f5c4fb7718c6227df11f'
[df726b00-aee4-403b-9f7b-f59fa4c31281/build] unable to get git ref: failed to identify reference (tag/branch) for the checked-out revision '85558309a9621eee6480f5c4fb7718c6227df11f'
[df726b00-aee4-403b-9f7b-f59fa4c31281/build] unable to get git ref: failed to identify reference (tag/branch) for the checked-out revision '85558309a9621eee6480f5c4fb7718c6227df11f'
[df726b00-aee4-403b-9f7b-f59fa4c31281/build] unable to get git ref: failed to identify reference (tag/branch) for the checked-out revision '85558309a9621eee6480f5c4fb7718c6227df11f'
[df726b00-aee4-403b-9f7b-f59fa4c31281/build] ‚≠ê Run Post Setup Java
[df726b00-aee4-403b-9f7b-f59fa4c31281/build]   üê≥  docker exec cmd=[node /var/run/act/actions/actions-setup-java@v1/dist/cleanup/index.js] user= workdir=
[df726b00-aee4-403b-9f7b-f59fa4c31281/build]   ‚úÖ  Success - Post Setup Java
[df726b00-aee4-403b-9f7b-f59fa4c31281/build] üèÅ  Job failed
[df726b00-aee4-403b-9f7b-f59fa4c31281/build] unable to get git ref: failed to identify reference (tag/branch) for the checked-out revision '85558309a9621eee6480f5c4fb7718c6227df11f'
