[46d8853d-4005-44b5-b2c3-a723072d9d5d/test] ğŸš€  Start image=gitbugactions:latest
[46d8853d-4005-44b5-b2c3-a723072d9d5d/test]   ğŸ³  docker pull image=gitbugactions:latest platform= username= forcePull=false
[46d8853d-4005-44b5-b2c3-a723072d9d5d/test]   ğŸ³  docker create image=gitbugactions:latest platform= entrypoint=["tail" "-f" "/dev/null"] cmd=[]
[46d8853d-4005-44b5-b2c3-a723072d9d5d/test]   ğŸ³  docker run image=gitbugactions:latest platform= entrypoint=["tail" "-f" "/dev/null"] cmd=[]
[46d8853d-4005-44b5-b2c3-a723072d9d5d/test]   ğŸ³  docker exec cmd=[chown -R 1012:1013 /tmp/7f8b5523-76a8-40cc-9f21-b6588b304c12] user=0 workdir=
[46d8853d-4005-44b5-b2c3-a723072d9d5d/test] unable to get git ref: failed to identify reference (tag/branch) for the checked-out revision 'd6379e961557ac3d86609c26141d2c0dad376ac3'
[46d8853d-4005-44b5-b2c3-a723072d9d5d/test] unable to get git ref: failed to identify reference (tag/branch) for the checked-out revision 'd6379e961557ac3d86609c26141d2c0dad376ac3'
[46d8853d-4005-44b5-b2c3-a723072d9d5d/test] unable to get git ref: failed to identify reference (tag/branch) for the checked-out revision 'd6379e961557ac3d86609c26141d2c0dad376ac3'
[46d8853d-4005-44b5-b2c3-a723072d9d5d/test] unable to get git ref: failed to identify reference (tag/branch) for the checked-out revision 'd6379e961557ac3d86609c26141d2c0dad376ac3'
[46d8853d-4005-44b5-b2c3-a723072d9d5d/test] unable to get git ref: failed to identify reference (tag/branch) for the checked-out revision 'd6379e961557ac3d86609c26141d2c0dad376ac3'
[46d8853d-4005-44b5-b2c3-a723072d9d5d/test] unable to get git ref: failed to identify reference (tag/branch) for the checked-out revision 'd6379e961557ac3d86609c26141d2c0dad376ac3'
[46d8853d-4005-44b5-b2c3-a723072d9d5d/test] unable to get git ref: failed to identify reference (tag/branch) for the checked-out revision 'd6379e961557ac3d86609c26141d2c0dad376ac3'
[46d8853d-4005-44b5-b2c3-a723072d9d5d/test] unable to get git ref: failed to identify reference (tag/branch) for the checked-out revision 'd6379e961557ac3d86609c26141d2c0dad376ac3'
[46d8853d-4005-44b5-b2c3-a723072d9d5d/test] unable to get git ref: failed to identify reference (tag/branch) for the checked-out revision 'd6379e961557ac3d86609c26141d2c0dad376ac3'
[46d8853d-4005-44b5-b2c3-a723072d9d5d/test] â­ Run Main Checkout code
[46d8853d-4005-44b5-b2c3-a723072d9d5d/test] unable to get git ref: failed to identify reference (tag/branch) for the checked-out revision 'd6379e961557ac3d86609c26141d2c0dad376ac3'
[46d8853d-4005-44b5-b2c3-a723072d9d5d/test] unable to get git ref: failed to identify reference (tag/branch) for the checked-out revision 'd6379e961557ac3d86609c26141d2c0dad376ac3'
[46d8853d-4005-44b5-b2c3-a723072d9d5d/test]   ğŸ³  docker cp src=/tmp/7f8b5523-76a8-40cc-9f21-b6588b304c12/. dst=/tmp/7f8b5523-76a8-40cc-9f21-b6588b304c12
[46d8853d-4005-44b5-b2c3-a723072d9d5d/test]   ğŸ³  docker exec cmd=[chown -R 1012:1013 /tmp/7f8b5523-76a8-40cc-9f21-b6588b304c12] user=0 workdir=
[46d8853d-4005-44b5-b2c3-a723072d9d5d/test]   âœ…  Success - Main Checkout code
[46d8853d-4005-44b5-b2c3-a723072d9d5d/test] unable to get git ref: failed to identify reference (tag/branch) for the checked-out revision 'd6379e961557ac3d86609c26141d2c0dad376ac3'
[46d8853d-4005-44b5-b2c3-a723072d9d5d/test] unable to get git ref: failed to identify reference (tag/branch) for the checked-out revision 'd6379e961557ac3d86609c26141d2c0dad376ac3'
[46d8853d-4005-44b5-b2c3-a723072d9d5d/test] unable to get git ref: failed to identify reference (tag/branch) for the checked-out revision 'd6379e961557ac3d86609c26141d2c0dad376ac3'
[46d8853d-4005-44b5-b2c3-a723072d9d5d/test] unable to get git ref: failed to identify reference (tag/branch) for the checked-out revision 'd6379e961557ac3d86609c26141d2c0dad376ac3'
[46d8853d-4005-44b5-b2c3-a723072d9d5d/test] unable to get git ref: failed to identify reference (tag/branch) for the checked-out revision 'd6379e961557ac3d86609c26141d2c0dad376ac3'
[46d8853d-4005-44b5-b2c3-a723072d9d5d/test] â­ Run Main Set up JDK
[46d8853d-4005-44b5-b2c3-a723072d9d5d/test] unable to get git ref: failed to identify reference (tag/branch) for the checked-out revision 'd6379e961557ac3d86609c26141d2c0dad376ac3'
[46d8853d-4005-44b5-b2c3-a723072d9d5d/test] unable to get git ref: failed to identify reference (tag/branch) for the checked-out revision 'd6379e961557ac3d86609c26141d2c0dad376ac3'
[46d8853d-4005-44b5-b2c3-a723072d9d5d/test] unable to get git ref: failed to identify reference (tag/branch) for the checked-out revision 'd6379e961557ac3d86609c26141d2c0dad376ac3'
[46d8853d-4005-44b5-b2c3-a723072d9d5d/test]   ğŸ³  docker cp src=/tmp/act-cache/62bc70ff-9746-495a-83b5-7d9f352fc8a3/act/actions-setup-java@v2/ dst=/var/run/act/actions/actions-setup-java@v2/
[46d8853d-4005-44b5-b2c3-a723072d9d5d/test]   ğŸ³  docker exec cmd=[chown -R 1012:1013 /var/run/act/actions/actions-setup-java@v2/] user=0 workdir=
[46d8853d-4005-44b5-b2c3-a723072d9d5d/test]   ğŸ³  docker exec cmd=[node /var/run/act/actions/actions-setup-java@v2/dist/setup/index.js] user= workdir=
[46d8853d-4005-44b5-b2c3-a723072d9d5d/test]   | Trying to resolve the latest version from remote
[46d8853d-4005-44b5-b2c3-a723072d9d5d/test]   | Resolved latest version as 11.0.13
[46d8853d-4005-44b5-b2c3-a723072d9d5d/test]   | Trying to download...
[46d8853d-4005-44b5-b2c3-a723072d9d5d/test]   | Downloading Java 11.0.13 (Microsoft) from https://aka.ms/download-jdk/microsoft-jdk-11.0.13.8.1-linux-x64.tar.gz ...
[46d8853d-4005-44b5-b2c3-a723072d9d5d/test]   ğŸ’¬  ::debug::Downloading https://aka.ms/download-jdk/microsoft-jdk-11.0.13.8.1-linux-x64.tar.gz
[46d8853d-4005-44b5-b2c3-a723072d9d5d/test]   ğŸ’¬  ::debug::Destination /tmp/d17317c5-b67f-405f-ac3a-fb8e7b98d202
[46d8853d-4005-44b5-b2c3-a723072d9d5d/test]   ğŸ’¬  ::debug::download complete
[46d8853d-4005-44b5-b2c3-a723072d9d5d/test]   | Extracting Java archive...
[46d8853d-4005-44b5-b2c3-a723072d9d5d/test]   ğŸ’¬  ::debug::Checking tar --version
[46d8853d-4005-44b5-b2c3-a723072d9d5d/test]   ğŸ’¬  ::debug::tar (GNU tar) 1.34%0ACopyright (C) 2021 Free Software Foundation, Inc.%0ALicense GPLv3+: GNU GPL version 3 or later <https://gnu.org/licenses/gpl.html>.%0AThis is free software: you are free to change and redistribute it.%0AThere is NO WARRANTY, to the extent permitted by law.%0A%0AWritten by John Gilmore and Jay Fenlason.
[46d8853d-4005-44b5-b2c3-a723072d9d5d/test]   | [command]/usr/bin/tar xz --warning=no-unknown-keyword -C /tmp/3e784fe7-9ebd-45db-ade1-60b3d55b7b94 -f /tmp/d17317c5-b67f-405f-ac3a-fb8e7b98d202
[46d8853d-4005-44b5-b2c3-a723072d9d5d/test]   ğŸ’¬  ::debug::Caching tool Java_Microsoft_jdk 11.0.13 x64
[46d8853d-4005-44b5-b2c3-a723072d9d5d/test]   ğŸ’¬  ::debug::source dir: /tmp/3e784fe7-9ebd-45db-ade1-60b3d55b7b94/jdk-11.0.13+8
[46d8853d-4005-44b5-b2c3-a723072d9d5d/test]   ğŸ’¬  ::debug::destination /opt/hostedtoolcache/Java_Microsoft_jdk/11.0.13/x64
[46d8853d-4005-44b5-b2c3-a723072d9d5d/test]   ğŸ’¬  ::debug::finished caching tool
[46d8853d-4005-44b5-b2c3-a723072d9d5d/test]   | Java 11.0.13 was downloaded
[46d8853d-4005-44b5-b2c3-a723072d9d5d/test]   | Setting Java 11.0.13 as the default
[46d8853d-4005-44b5-b2c3-a723072d9d5d/test]   | 
[46d8853d-4005-44b5-b2c3-a723072d9d5d/test]   | Java configuration:
[46d8853d-4005-44b5-b2c3-a723072d9d5d/test]   |   Distribution: microsoft
[46d8853d-4005-44b5-b2c3-a723072d9d5d/test]   |   Version: 11.0.13
[46d8853d-4005-44b5-b2c3-a723072d9d5d/test]   |   Path: /opt/hostedtoolcache/Java_Microsoft_jdk/11.0.13/x64
[46d8853d-4005-44b5-b2c3-a723072d9d5d/test]   | 
[46d8853d-4005-44b5-b2c3-a723072d9d5d/test]   â“ add-matcher /run/act/actions/actions-setup-java@v2/.github/java.json
[46d8853d-4005-44b5-b2c3-a723072d9d5d/test]   | Creating settings.xml with server-id: github
[46d8853d-4005-44b5-b2c3-a723072d9d5d/test]   | Writing to /home/runner/.m2/settings.xml
[46d8853d-4005-44b5-b2c3-a723072d9d5d/test]   âœ…  Success - Main Set up JDK
[46d8853d-4005-44b5-b2c3-a723072d9d5d/test]   âš™  ::set-env:: JAVA_HOME=/opt/hostedtoolcache/Java_Microsoft_jdk/11.0.13/x64
[46d8853d-4005-44b5-b2c3-a723072d9d5d/test]   âš™  ::set-output:: distribution=Microsoft
[46d8853d-4005-44b5-b2c3-a723072d9d5d/test]   âš™  ::set-output:: path=/opt/hostedtoolcache/Java_Microsoft_jdk/11.0.13/x64
[46d8853d-4005-44b5-b2c3-a723072d9d5d/test]   âš™  ::set-output:: version=11.0.13
[46d8853d-4005-44b5-b2c3-a723072d9d5d/test]   âš™  ::add-path:: /opt/hostedtoolcache/Java_Microsoft_jdk/11.0.13/x64/bin
[46d8853d-4005-44b5-b2c3-a723072d9d5d/test] unable to get git ref: failed to identify reference (tag/branch) for the checked-out revision 'd6379e961557ac3d86609c26141d2c0dad376ac3'
[46d8853d-4005-44b5-b2c3-a723072d9d5d/test] unable to get git ref: failed to identify reference (tag/branch) for the checked-out revision 'd6379e961557ac3d86609c26141d2c0dad376ac3'
[46d8853d-4005-44b5-b2c3-a723072d9d5d/test] unable to get git ref: failed to identify reference (tag/branch) for the checked-out revision 'd6379e961557ac3d86609c26141d2c0dad376ac3'
[46d8853d-4005-44b5-b2c3-a723072d9d5d/test] unable to get git ref: failed to identify reference (tag/branch) for the checked-out revision 'd6379e961557ac3d86609c26141d2c0dad376ac3'
[46d8853d-4005-44b5-b2c3-a723072d9d5d/test] unable to get git ref: failed to identify reference (tag/branch) for the checked-out revision 'd6379e961557ac3d86609c26141d2c0dad376ac3'
[46d8853d-4005-44b5-b2c3-a723072d9d5d/test] â­ Run Main Test
[46d8853d-4005-44b5-b2c3-a723072d9d5d/test] unable to get git ref: failed to identify reference (tag/branch) for the checked-out revision 'd6379e961557ac3d86609c26141d2c0dad376ac3'
[46d8853d-4005-44b5-b2c3-a723072d9d5d/test] unable to get git ref: failed to identify reference (tag/branch) for the checked-out revision 'd6379e961557ac3d86609c26141d2c0dad376ac3'
[46d8853d-4005-44b5-b2c3-a723072d9d5d/test] unable to get git ref: failed to identify reference (tag/branch) for the checked-out revision 'd6379e961557ac3d86609c26141d2c0dad376ac3'
[46d8853d-4005-44b5-b2c3-a723072d9d5d/test] unable to get git ref: failed to identify reference (tag/branch) for the checked-out revision 'd6379e961557ac3d86609c26141d2c0dad376ac3'
[46d8853d-4005-44b5-b2c3-a723072d9d5d/test]   ğŸ³  docker exec cmd=[bash --noprofile --norc -e -o pipefail /var/run/act/workflow/2] user= workdir=
[46d8853d-4005-44b5-b2c3-a723072d9d5d/test]   | Downloading https://services.gradle.org/distributions/gradle-7.4.1-bin.zip
[46d8853d-4005-44b5-b2c3-a723072d9d5d/test]   | ...........10%...........20%...........30%...........40%...........50%...........60%...........70%...........80%...........90%...........100%
[46d8853d-4005-44b5-b2c3-a723072d9d5d/test]   | 
[46d8853d-4005-44b5-b2c3-a723072d9d5d/test]   | Welcome to Gradle 7.4.1!
[46d8853d-4005-44b5-b2c3-a723072d9d5d/test]   | 
[46d8853d-4005-44b5-b2c3-a723072d9d5d/test]   | Here are the highlights of this release:
[46d8853d-4005-44b5-b2c3-a723072d9d5d/test]   |  - Aggregated test and JaCoCo reports
[46d8853d-4005-44b5-b2c3-a723072d9d5d/test]   |  - Marking additional test source directories as tests in IntelliJ
[46d8853d-4005-44b5-b2c3-a723072d9d5d/test]   |  - Support for Adoptium JDKs in Java toolchains
[46d8853d-4005-44b5-b2c3-a723072d9d5d/test]   | 
[46d8853d-4005-44b5-b2c3-a723072d9d5d/test]   | For more details see https://docs.gradle.org/7.4.1/release-notes.html
[46d8853d-4005-44b5-b2c3-a723072d9d5d/test]   | 
[46d8853d-4005-44b5-b2c3-a723072d9d5d/test]   | Starting a Gradle Daemon (subsequent builds will be faster)
[46d8853d-4005-44b5-b2c3-a723072d9d5d/test]   | > Task :spotlessInternalRegisterDependencies
[46d8853d-4005-44b5-b2c3-a723072d9d5d/test]   | > Task :spotlessJava
[46d8853d-4005-44b5-b2c3-a723072d9d5d/test]   | > Task :spotlessJavaCheck
[46d8853d-4005-44b5-b2c3-a723072d9d5d/test]   | > Task :spotlessCheck
[46d8853d-4005-44b5-b2c3-a723072d9d5d/test]   | > Task :generateEffectiveLombokConfig
[46d8853d-4005-44b5-b2c3-a723072d9d5d/test]   | 
[46d8853d-4005-44b5-b2c3-a723072d9d5d/test]   | > Task :compileJava
[46d8853d-4005-44b5-b2c3-a723072d9d5d/test]   | Note: Some input files use or override a deprecated API.
[46d8853d-4005-44b5-b2c3-a723072d9d5d/test]   | Note: Recompile with -Xlint:deprecation for details.
[46d8853d-4005-44b5-b2c3-a723072d9d5d/test]   | Note: Some input files use unchecked or unsafe operations.
[46d8853d-4005-44b5-b2c3-a723072d9d5d/test]   | Note: Recompile with -Xlint:unchecked for details.
[46d8853d-4005-44b5-b2c3-a723072d9d5d/test]   | 
[46d8853d-4005-44b5-b2c3-a723072d9d5d/test]   | > Task :processResources NO-SOURCE
[46d8853d-4005-44b5-b2c3-a723072d9d5d/test]   | > Task :classes
[46d8853d-4005-44b5-b2c3-a723072d9d5d/test]   | > Task :generateTestEffectiveLombokConfig
[46d8853d-4005-44b5-b2c3-a723072d9d5d/test]   | Note: Some input files use or override a deprecated API.
[46d8853d-4005-44b5-b2c3-a723072d9d5d/test]   | Note: Recompile with -Xlint:deprecation for details.
[46d8853d-4005-44b5-b2c3-a723072d9d5d/test]   | 
[46d8853d-4005-44b5-b2c3-a723072d9d5d/test]   | > Task :compileTestJava
[46d8853d-4005-44b5-b2c3-a723072d9d5d/test]   | 
[46d8853d-4005-44b5-b2c3-a723072d9d5d/test]   | > Task :processTestResources NO-SOURCE
[46d8853d-4005-44b5-b2c3-a723072d9d5d/test]   | > Task :testClasses
[46d8853d-4005-44b5-b2c3-a723072d9d5d/test]   | 
[46d8853d-4005-44b5-b2c3-a723072d9d5d/test]   | > Task :test
[46d8853d-4005-44b5-b2c3-a723072d9d5d/test]   | 
[46d8853d-4005-44b5-b2c3-a723072d9d5d/test]   | org.stellar.sdk.TransactionTest > testIsSorobanTransactionBumpSequenceOperation FAILED
[46d8853d-4005-44b5-b2c3-a723072d9d5d/test]   |     java.lang.AssertionError at TransactionTest.java:448
[46d8853d-4005-44b5-b2c3-a723072d9d5d/test]   | 
[46d8853d-4005-44b5-b2c3-a723072d9d5d/test]   | org.stellar.sdk.TransactionTest > testIsSorobanTransactionBumpFootprintExpirationOperation FAILED
[46d8853d-4005-44b5-b2c3-a723072d9d5d/test]   |     java.lang.AssertionError at TransactionTest.java:357
[46d8853d-4005-44b5-b2c3-a723072d9d5d/test]   | 
[46d8853d-4005-44b5-b2c3-a723072d9d5d/test]   | 640 tests completed, 2 failed, 1 skipped
[46d8853d-4005-44b5-b2c3-a723072d9d5d/test]   | 
[46d8853d-4005-44b5-b2c3-a723072d9d5d/test]   | > Task :test FAILED
[46d8853d-4005-44b5-b2c3-a723072d9d5d/test]   | 
[46d8853d-4005-44b5-b2c3-a723072d9d5d/test]   | FAILURE: Build failed with an exception.
[46d8853d-4005-44b5-b2c3-a723072d9d5d/test]   | 
[46d8853d-4005-44b5-b2c3-a723072d9d5d/test]   | * What went wrong:
[46d8853d-4005-44b5-b2c3-a723072d9d5d/test]   | Execution failed for task ':test'.
[46d8853d-4005-44b5-b2c3-a723072d9d5d/test]   | > There were failing tests. See the report at: file:///tmp/7f8b5523-76a8-40cc-9f21-b6588b304c12/build/reports/tests/test/index.html
[46d8853d-4005-44b5-b2c3-a723072d9d5d/test]   | 
[46d8853d-4005-44b5-b2c3-a723072d9d5d/test]   | * Try:
[46d8853d-4005-44b5-b2c3-a723072d9d5d/test]   | > Run with --stacktrace option to get the stack trace.
[46d8853d-4005-44b5-b2c3-a723072d9d5d/test]   | > Run with --info or --debug option to get more log output.
[46d8853d-4005-44b5-b2c3-a723072d9d5d/test]   | > Run with --scan to get full insights.
[46d8853d-4005-44b5-b2c3-a723072d9d5d/test]   | 
[46d8853d-4005-44b5-b2c3-a723072d9d5d/test]   | * Get more help at https://help.gradle.org
[46d8853d-4005-44b5-b2c3-a723072d9d5d/test]   | 
[46d8853d-4005-44b5-b2c3-a723072d9d5d/test]   | BUILD FAILED in 1m 28s
[46d8853d-4005-44b5-b2c3-a723072d9d5d/test]   | 8 actionable tasks: 8 executed
[46d8853d-4005-44b5-b2c3-a723072d9d5d/test]   âŒ  Failure - Main Test
[46d8853d-4005-44b5-b2c3-a723072d9d5d/test] exitcode '1': failure
[46d8853d-4005-44b5-b2c3-a723072d9d5d/test] unable to get git ref: failed to identify reference (tag/branch) for the checked-out revision 'd6379e961557ac3d86609c26141d2c0dad376ac3'
[46d8853d-4005-44b5-b2c3-a723072d9d5d/test] unable to get git ref: failed to identify reference (tag/branch) for the checked-out revision 'd6379e961557ac3d86609c26141d2c0dad376ac3'
[46d8853d-4005-44b5-b2c3-a723072d9d5d/test] unable to get git ref: failed to identify reference (tag/branch) for the checked-out revision 'd6379e961557ac3d86609c26141d2c0dad376ac3'
[46d8853d-4005-44b5-b2c3-a723072d9d5d/test] unable to get git ref: failed to identify reference (tag/branch) for the checked-out revision 'd6379e961557ac3d86609c26141d2c0dad376ac3'
[46d8853d-4005-44b5-b2c3-a723072d9d5d/test] unable to get git ref: failed to identify reference (tag/branch) for the checked-out revision 'd6379e961557ac3d86609c26141d2c0dad376ac3'
[46d8853d-4005-44b5-b2c3-a723072d9d5d/test] â­ Run Post Set up JDK
[46d8853d-4005-44b5-b2c3-a723072d9d5d/test]   ğŸ³  docker exec cmd=[node /var/run/act/actions/actions-setup-java@v2/dist/cleanup/index.js] user= workdir=
[46d8853d-4005-44b5-b2c3-a723072d9d5d/test]   âœ…  Success - Post Set up JDK
[46d8853d-4005-44b5-b2c3-a723072d9d5d/test] ğŸ  Job failed
[46d8853d-4005-44b5-b2c3-a723072d9d5d/test] unable to get git ref: failed to identify reference (tag/branch) for the checked-out revision 'd6379e961557ac3d86609c26141d2c0dad376ac3'
