[22361d19-eb69-4170-9fe7-60d72d66bb42/build] ğŸš€  Start image=gitbugactions:latest
[22361d19-eb69-4170-9fe7-60d72d66bb42/build]   ğŸ³  docker pull image=gitbugactions:latest platform= username= forcePull=false
[22361d19-eb69-4170-9fe7-60d72d66bb42/build]   ğŸ³  docker create image=gitbugactions:latest platform= entrypoint=["tail" "-f" "/dev/null"] cmd=[]
[22361d19-eb69-4170-9fe7-60d72d66bb42/build]   ğŸ³  docker run image=gitbugactions:latest platform= entrypoint=["tail" "-f" "/dev/null"] cmd=[]
[22361d19-eb69-4170-9fe7-60d72d66bb42/build]   ğŸ³  docker exec cmd=[chown -R 1012:1013 /tmp/120e106a-d04b-47c0-a654-829138060fb6] user=0 workdir=
[22361d19-eb69-4170-9fe7-60d72d66bb42/build] unable to get git ref: failed to identify reference (tag/branch) for the checked-out revision 'b5d5ec43181a428741c312462024d17ff7fbc676'
[22361d19-eb69-4170-9fe7-60d72d66bb42/build] unable to get git ref: failed to identify reference (tag/branch) for the checked-out revision 'b5d5ec43181a428741c312462024d17ff7fbc676'
[22361d19-eb69-4170-9fe7-60d72d66bb42/build] unable to get git ref: failed to identify reference (tag/branch) for the checked-out revision 'b5d5ec43181a428741c312462024d17ff7fbc676'
[22361d19-eb69-4170-9fe7-60d72d66bb42/build] unable to get git ref: failed to identify reference (tag/branch) for the checked-out revision 'b5d5ec43181a428741c312462024d17ff7fbc676'
[22361d19-eb69-4170-9fe7-60d72d66bb42/build] unable to get git ref: failed to identify reference (tag/branch) for the checked-out revision 'b5d5ec43181a428741c312462024d17ff7fbc676'
[22361d19-eb69-4170-9fe7-60d72d66bb42/build] unable to get git ref: failed to identify reference (tag/branch) for the checked-out revision 'b5d5ec43181a428741c312462024d17ff7fbc676'
[22361d19-eb69-4170-9fe7-60d72d66bb42/build] unable to get git ref: failed to identify reference (tag/branch) for the checked-out revision 'b5d5ec43181a428741c312462024d17ff7fbc676'
[22361d19-eb69-4170-9fe7-60d72d66bb42/build] unable to get git ref: failed to identify reference (tag/branch) for the checked-out revision 'b5d5ec43181a428741c312462024d17ff7fbc676'
[22361d19-eb69-4170-9fe7-60d72d66bb42/build] unable to get git ref: failed to identify reference (tag/branch) for the checked-out revision 'b5d5ec43181a428741c312462024d17ff7fbc676'
[22361d19-eb69-4170-9fe7-60d72d66bb42/build] â­ Run Main actions/checkout@v3
[22361d19-eb69-4170-9fe7-60d72d66bb42/build] unable to get git ref: failed to identify reference (tag/branch) for the checked-out revision 'b5d5ec43181a428741c312462024d17ff7fbc676'
[22361d19-eb69-4170-9fe7-60d72d66bb42/build] unable to get git ref: failed to identify reference (tag/branch) for the checked-out revision 'b5d5ec43181a428741c312462024d17ff7fbc676'
[22361d19-eb69-4170-9fe7-60d72d66bb42/build]   ğŸ³  docker cp src=/tmp/120e106a-d04b-47c0-a654-829138060fb6/. dst=/tmp/120e106a-d04b-47c0-a654-829138060fb6
[22361d19-eb69-4170-9fe7-60d72d66bb42/build]   ğŸ³  docker exec cmd=[chown -R 1012:1013 /tmp/120e106a-d04b-47c0-a654-829138060fb6] user=0 workdir=
[22361d19-eb69-4170-9fe7-60d72d66bb42/build]   âœ…  Success - Main actions/checkout@v3
[22361d19-eb69-4170-9fe7-60d72d66bb42/build] unable to get git ref: failed to identify reference (tag/branch) for the checked-out revision 'b5d5ec43181a428741c312462024d17ff7fbc676'
[22361d19-eb69-4170-9fe7-60d72d66bb42/build] unable to get git ref: failed to identify reference (tag/branch) for the checked-out revision 'b5d5ec43181a428741c312462024d17ff7fbc676'
[22361d19-eb69-4170-9fe7-60d72d66bb42/build] unable to get git ref: failed to identify reference (tag/branch) for the checked-out revision 'b5d5ec43181a428741c312462024d17ff7fbc676'
[22361d19-eb69-4170-9fe7-60d72d66bb42/build] unable to get git ref: failed to identify reference (tag/branch) for the checked-out revision 'b5d5ec43181a428741c312462024d17ff7fbc676'
[22361d19-eb69-4170-9fe7-60d72d66bb42/build] unable to get git ref: failed to identify reference (tag/branch) for the checked-out revision 'b5d5ec43181a428741c312462024d17ff7fbc676'
[22361d19-eb69-4170-9fe7-60d72d66bb42/build] â­ Run Main actions/setup-java@v3
[22361d19-eb69-4170-9fe7-60d72d66bb42/build] unable to get git ref: failed to identify reference (tag/branch) for the checked-out revision 'b5d5ec43181a428741c312462024d17ff7fbc676'
[22361d19-eb69-4170-9fe7-60d72d66bb42/build] unable to get git ref: failed to identify reference (tag/branch) for the checked-out revision 'b5d5ec43181a428741c312462024d17ff7fbc676'
[22361d19-eb69-4170-9fe7-60d72d66bb42/build] unable to get git ref: failed to identify reference (tag/branch) for the checked-out revision 'b5d5ec43181a428741c312462024d17ff7fbc676'
[22361d19-eb69-4170-9fe7-60d72d66bb42/build]   ğŸ³  docker cp src=/tmp/act-cache/3c7f50a5-98c4-45df-b392-4b52f8183502/act/actions-setup-java@v3/ dst=/var/run/act/actions/actions-setup-java@v3/
[22361d19-eb69-4170-9fe7-60d72d66bb42/build]   ğŸ³  docker exec cmd=[chown -R 1012:1013 /var/run/act/actions/actions-setup-java@v3/] user=0 workdir=
[22361d19-eb69-4170-9fe7-60d72d66bb42/build]   ğŸ³  docker exec cmd=[node /var/run/act/actions/actions-setup-java@v3/dist/setup/index.js] user= workdir=
[22361d19-eb69-4170-9fe7-60d72d66bb42/build]   â“  ::group::Installed distributions
[22361d19-eb69-4170-9fe7-60d72d66bb42/build]   | Trying to resolve the latest version from remote
[22361d19-eb69-4170-9fe7-60d72d66bb42/build]   ğŸ’¬  ::debug::Gathering available versions from 'https://api.azul.com/zulu/download/community/v1.0/bundles/?os=linux&ext=tar.gz&bundle_type=jdk&javafx=false&arch=x86&hw_bitness=64&release_status=ga'
[22361d19-eb69-4170-9fe7-60d72d66bb42/build]   | Resolved latest version as 11.0.21+9
[22361d19-eb69-4170-9fe7-60d72d66bb42/build]   | Trying to download...
[22361d19-eb69-4170-9fe7-60d72d66bb42/build]   | Downloading Java 11.0.21+9 (Zulu) from https://cdn.azul.com/zulu/bin/zulu11.68.17-ca-jdk11.0.21-linux_x64.tar.gz ...
[22361d19-eb69-4170-9fe7-60d72d66bb42/build]   ğŸ’¬  ::debug::Downloading https://cdn.azul.com/zulu/bin/zulu11.68.17-ca-jdk11.0.21-linux_x64.tar.gz
[22361d19-eb69-4170-9fe7-60d72d66bb42/build]   ğŸ’¬  ::debug::Destination /tmp/6026e828-5de3-4415-ad05-1971a38af980
[22361d19-eb69-4170-9fe7-60d72d66bb42/build]   ğŸ’¬  ::debug::download complete
[22361d19-eb69-4170-9fe7-60d72d66bb42/build]   | Extracting Java archive...
[22361d19-eb69-4170-9fe7-60d72d66bb42/build]   ğŸ’¬  ::debug::Checking tar --version
[22361d19-eb69-4170-9fe7-60d72d66bb42/build]   ğŸ’¬  ::debug::tar (GNU tar) 1.34%0ACopyright (C) 2021 Free Software Foundation, Inc.%0ALicense GPLv3+: GNU GPL version 3 or later <https://gnu.org/licenses/gpl.html>.%0AThis is free software: you are free to change and redistribute it.%0AThere is NO WARRANTY, to the extent permitted by law.%0A%0AWritten by John Gilmore and Jay Fenlason.
[22361d19-eb69-4170-9fe7-60d72d66bb42/build]   | [command]/usr/bin/tar xz --warning=no-unknown-keyword -C /tmp/d78bad8b-7dc8-4d95-ad45-da2c6ab24326 -f /tmp/6026e828-5de3-4415-ad05-1971a38af980
[22361d19-eb69-4170-9fe7-60d72d66bb42/build]   ğŸ’¬  ::debug::Caching tool Java_Zulu_jdk 11.0.21-9 x64
[22361d19-eb69-4170-9fe7-60d72d66bb42/build]   ğŸ’¬  ::debug::source dir: /tmp/d78bad8b-7dc8-4d95-ad45-da2c6ab24326/zulu11.68.17-ca-jdk11.0.21-linux_x64
[22361d19-eb69-4170-9fe7-60d72d66bb42/build]   ğŸ’¬  ::debug::destination /opt/hostedtoolcache/Java_Zulu_jdk/11.0.21-9/x64
[22361d19-eb69-4170-9fe7-60d72d66bb42/build]   ğŸ’¬  ::debug::finished caching tool
[22361d19-eb69-4170-9fe7-60d72d66bb42/build]   | Java 11.0.21+9 was downloaded
[22361d19-eb69-4170-9fe7-60d72d66bb42/build]   | Setting Java 11.0.21+9 as the default
[22361d19-eb69-4170-9fe7-60d72d66bb42/build]   | Creating toolchains.xml for JDK version 11 from zulu
[22361d19-eb69-4170-9fe7-60d72d66bb42/build]   | Writing to /home/runner/.m2/toolchains.xml
[22361d19-eb69-4170-9fe7-60d72d66bb42/build]   | 
[22361d19-eb69-4170-9fe7-60d72d66bb42/build]   | Java configuration:
[22361d19-eb69-4170-9fe7-60d72d66bb42/build]   |   Distribution: zulu
[22361d19-eb69-4170-9fe7-60d72d66bb42/build]   |   Version: 11.0.21+9
[22361d19-eb69-4170-9fe7-60d72d66bb42/build]   |   Path: /opt/hostedtoolcache/Java_Zulu_jdk/11.0.21-9/x64
[22361d19-eb69-4170-9fe7-60d72d66bb42/build]   | 
[22361d19-eb69-4170-9fe7-60d72d66bb42/build]   â“  ::endgroup::
[22361d19-eb69-4170-9fe7-60d72d66bb42/build]   â“ add-matcher /run/act/actions/actions-setup-java@v3/.github/java.json
[22361d19-eb69-4170-9fe7-60d72d66bb42/build]   | Creating settings.xml with server-id: github
[22361d19-eb69-4170-9fe7-60d72d66bb42/build]   | Writing to /home/runner/.m2/settings.xml
[22361d19-eb69-4170-9fe7-60d72d66bb42/build]   âœ…  Success - Main actions/setup-java@v3
[22361d19-eb69-4170-9fe7-60d72d66bb42/build]   âš™  ::set-env:: JAVA_HOME=/opt/hostedtoolcache/Java_Zulu_jdk/11.0.21-9/x64
[22361d19-eb69-4170-9fe7-60d72d66bb42/build]   âš™  ::set-env:: JAVA_HOME_11_X64=/opt/hostedtoolcache/Java_Zulu_jdk/11.0.21-9/x64
[22361d19-eb69-4170-9fe7-60d72d66bb42/build]   âš™  ::set-output:: distribution=Zulu
[22361d19-eb69-4170-9fe7-60d72d66bb42/build]   âš™  ::set-output:: path=/opt/hostedtoolcache/Java_Zulu_jdk/11.0.21-9/x64
[22361d19-eb69-4170-9fe7-60d72d66bb42/build]   âš™  ::set-output:: version=11.0.21+9
[22361d19-eb69-4170-9fe7-60d72d66bb42/build]   âš™  ::add-path:: /opt/hostedtoolcache/Java_Zulu_jdk/11.0.21-9/x64/bin
[22361d19-eb69-4170-9fe7-60d72d66bb42/build] unable to get git ref: failed to identify reference (tag/branch) for the checked-out revision 'b5d5ec43181a428741c312462024d17ff7fbc676'
[22361d19-eb69-4170-9fe7-60d72d66bb42/build] unable to get git ref: failed to identify reference (tag/branch) for the checked-out revision 'b5d5ec43181a428741c312462024d17ff7fbc676'
[22361d19-eb69-4170-9fe7-60d72d66bb42/build] unable to get git ref: failed to identify reference (tag/branch) for the checked-out revision 'b5d5ec43181a428741c312462024d17ff7fbc676'
[22361d19-eb69-4170-9fe7-60d72d66bb42/build] unable to get git ref: failed to identify reference (tag/branch) for the checked-out revision 'b5d5ec43181a428741c312462024d17ff7fbc676'
[22361d19-eb69-4170-9fe7-60d72d66bb42/build] unable to get git ref: failed to identify reference (tag/branch) for the checked-out revision 'b5d5ec43181a428741c312462024d17ff7fbc676'
[22361d19-eb69-4170-9fe7-60d72d66bb42/build] â­ Run Main ./gradlew build --no-daemon --warning-mode=fail
[22361d19-eb69-4170-9fe7-60d72d66bb42/build] unable to get git ref: failed to identify reference (tag/branch) for the checked-out revision 'b5d5ec43181a428741c312462024d17ff7fbc676'
[22361d19-eb69-4170-9fe7-60d72d66bb42/build] unable to get git ref: failed to identify reference (tag/branch) for the checked-out revision 'b5d5ec43181a428741c312462024d17ff7fbc676'
[22361d19-eb69-4170-9fe7-60d72d66bb42/build] unable to get git ref: failed to identify reference (tag/branch) for the checked-out revision 'b5d5ec43181a428741c312462024d17ff7fbc676'
[22361d19-eb69-4170-9fe7-60d72d66bb42/build] unable to get git ref: failed to identify reference (tag/branch) for the checked-out revision 'b5d5ec43181a428741c312462024d17ff7fbc676'
[22361d19-eb69-4170-9fe7-60d72d66bb42/build]   ğŸ³  docker exec cmd=[bash --noprofile --norc -e -o pipefail /var/run/act/workflow/2] user= workdir=
[22361d19-eb69-4170-9fe7-60d72d66bb42/build]   | Downloading https://services.gradle.org/distributions/gradle-7.5.1-bin.zip
[22361d19-eb69-4170-9fe7-60d72d66bb42/build]   | ...........10%............20%...........30%............40%...........50%............60%...........70%............80%...........90%............100%
[22361d19-eb69-4170-9fe7-60d72d66bb42/build]   | 
[22361d19-eb69-4170-9fe7-60d72d66bb42/build]   | Welcome to Gradle 7.5.1!
[22361d19-eb69-4170-9fe7-60d72d66bb42/build]   | 
[22361d19-eb69-4170-9fe7-60d72d66bb42/build]   | Here are the highlights of this release:
[22361d19-eb69-4170-9fe7-60d72d66bb42/build]   |  - Support for Java 18
[22361d19-eb69-4170-9fe7-60d72d66bb42/build]   |  - Support for building with Groovy 4
[22361d19-eb69-4170-9fe7-60d72d66bb42/build]   |  - Much more responsive continuous builds
[22361d19-eb69-4170-9fe7-60d72d66bb42/build]   |  - Improved diagnostics for dependency resolution
[22361d19-eb69-4170-9fe7-60d72d66bb42/build]   | 
[22361d19-eb69-4170-9fe7-60d72d66bb42/build]   | For more details see https://docs.gradle.org/7.5.1/release-notes.html
[22361d19-eb69-4170-9fe7-60d72d66bb42/build]   | 
[22361d19-eb69-4170-9fe7-60d72d66bb42/build]   | To honour the JVM settings for this build a single-use Daemon process will be forked. See https://docs.gradle.org/7.5.1/userguide/gradle_daemon.html#sec:disabling_the_daemon.
[22361d19-eb69-4170-9fe7-60d72d66bb42/build]   | Daemon will be stopped at the end of the build 
[22361d19-eb69-4170-9fe7-60d72d66bb42/build]   | 
[22361d19-eb69-4170-9fe7-60d72d66bb42/build]   | > Configure project :
[22361d19-eb69-4170-9fe7-60d72d66bb42/build]   | Kordamp Enforcer Gradle plugin 0.13.0. Consider becoming a patron at https://www.patreon.com/aalmiray
[22361d19-eb69-4170-9fe7-60d72d66bb42/build]   | 
[22361d19-eb69-4170-9fe7-60d72d66bb42/build]   | > Task :copyDependencies
[22361d19-eb69-4170-9fe7-60d72d66bb42/build]   | > Task :extractIncludeProto
[22361d19-eb69-4170-9fe7-60d72d66bb42/build]   | > Task :extractProto
[22361d19-eb69-4170-9fe7-60d72d66bb42/build]   | > Task :generateProto
[22361d19-eb69-4170-9fe7-60d72d66bb42/build]   | > Task :compileJava
[22361d19-eb69-4170-9fe7-60d72d66bb42/build]   | Note: Some input files use or override a deprecated API.
[22361d19-eb69-4170-9fe7-60d72d66bb42/build]   | Note: Recompile with -Xlint:deprecation for details.
[22361d19-eb69-4170-9fe7-60d72d66bb42/build]   | Note: Some input files use unchecked or unsafe operations.
[22361d19-eb69-4170-9fe7-60d72d66bb42/build]   | Note: Recompile with -Xlint:unchecked for details.
[22361d19-eb69-4170-9fe7-60d72d66bb42/build]   | 
[22361d19-eb69-4170-9fe7-60d72d66bb42/build]   | > Task :processResources
[22361d19-eb69-4170-9fe7-60d72d66bb42/build]   | > Task :classes
[22361d19-eb69-4170-9fe7-60d72d66bb42/build]   | > Task :jar
[22361d19-eb69-4170-9fe7-60d72d66bb42/build]   | > Task :assemble
[22361d19-eb69-4170-9fe7-60d72d66bb42/build]   | > Task :extractIncludeTestProto
[22361d19-eb69-4170-9fe7-60d72d66bb42/build]   | > Task :extractTestProto
[22361d19-eb69-4170-9fe7-60d72d66bb42/build]   | > Task :generateTestProto NO-SOURCE
[22361d19-eb69-4170-9fe7-60d72d66bb42/build]   | 
[22361d19-eb69-4170-9fe7-60d72d66bb42/build]   | > Task :compileTestJava
[22361d19-eb69-4170-9fe7-60d72d66bb42/build]   | Note: Some input files use or override a deprecated API.
[22361d19-eb69-4170-9fe7-60d72d66bb42/build]   | Note: Recompile with -Xlint:deprecation for details.
[22361d19-eb69-4170-9fe7-60d72d66bb42/build]   | 
[22361d19-eb69-4170-9fe7-60d72d66bb42/build]   | > Task :processTestResources NO-SOURCE
[22361d19-eb69-4170-9fe7-60d72d66bb42/build]   | > Task :testClasses
[22361d19-eb69-4170-9fe7-60d72d66bb42/build]   | > Task :checkstyleTest SKIPPED
[22361d19-eb69-4170-9fe7-60d72d66bb42/build]   | > Task :checkstyleMain
[22361d19-eb69-4170-9fe7-60d72d66bb42/build]   | 
[22361d19-eb69-4170-9fe7-60d72d66bb42/build]   | > Task :test FAILED
[22361d19-eb69-4170-9fe7-60d72d66bb42/build]   | 
[22361d19-eb69-4170-9fe7-60d72d66bb42/build]   | Gt06ProtocolDecoderTest > testDecode() FAILED
[22361d19-eb69-4170-9fe7-60d72d66bb42/build]   |     org.opentest4j.AssertionFailedError at Gt06ProtocolDecoderTest.java:20
[22361d19-eb69-4170-9fe7-60d72d66bb42/build]   | 
[22361d19-eb69-4170-9fe7-60d72d66bb42/build]   | 498 tests completed, 1 failed, 24 skipped
[22361d19-eb69-4170-9fe7-60d72d66bb42/build]   | 
[22361d19-eb69-4170-9fe7-60d72d66bb42/build]   | FAILURE: Build failed with an exception.
[22361d19-eb69-4170-9fe7-60d72d66bb42/build]   | 
[22361d19-eb69-4170-9fe7-60d72d66bb42/build]   | * What went wrong:
[22361d19-eb69-4170-9fe7-60d72d66bb42/build]   | Execution failed for task ':test'.
[22361d19-eb69-4170-9fe7-60d72d66bb42/build]   | > There were failing tests. See the report at: file:///tmp/120e106a-d04b-47c0-a654-829138060fb6/build/reports/tests/test/index.html
[22361d19-eb69-4170-9fe7-60d72d66bb42/build]   | 
[22361d19-eb69-4170-9fe7-60d72d66bb42/build]   | * Try:
[22361d19-eb69-4170-9fe7-60d72d66bb42/build]   | > Run with --stacktrace option to get the stack trace.
[22361d19-eb69-4170-9fe7-60d72d66bb42/build]   | > Run with --info or --debug option to get more log output.
[22361d19-eb69-4170-9fe7-60d72d66bb42/build]   | > Run with --scan to get full insights.
[22361d19-eb69-4170-9fe7-60d72d66bb42/build]   | 
[22361d19-eb69-4170-9fe7-60d72d66bb42/build]   | * Get more help at https://help.gradle.org
[22361d19-eb69-4170-9fe7-60d72d66bb42/build]   | 
[22361d19-eb69-4170-9fe7-60d72d66bb42/build]   | BUILD FAILED in 2m 59s
[22361d19-eb69-4170-9fe7-60d72d66bb42/build]   | 12 actionable tasks: 12 executed
[22361d19-eb69-4170-9fe7-60d72d66bb42/build]   âŒ  Failure - Main ./gradlew build --no-daemon --warning-mode=fail
[22361d19-eb69-4170-9fe7-60d72d66bb42/build] exitcode '1': failure
[22361d19-eb69-4170-9fe7-60d72d66bb42/build] unable to get git ref: failed to identify reference (tag/branch) for the checked-out revision 'b5d5ec43181a428741c312462024d17ff7fbc676'
[22361d19-eb69-4170-9fe7-60d72d66bb42/build] unable to get git ref: failed to identify reference (tag/branch) for the checked-out revision 'b5d5ec43181a428741c312462024d17ff7fbc676'
[22361d19-eb69-4170-9fe7-60d72d66bb42/build] unable to get git ref: failed to identify reference (tag/branch) for the checked-out revision 'b5d5ec43181a428741c312462024d17ff7fbc676'
[22361d19-eb69-4170-9fe7-60d72d66bb42/build] unable to get git ref: failed to identify reference (tag/branch) for the checked-out revision 'b5d5ec43181a428741c312462024d17ff7fbc676'
[22361d19-eb69-4170-9fe7-60d72d66bb42/build] unable to get git ref: failed to identify reference (tag/branch) for the checked-out revision 'b5d5ec43181a428741c312462024d17ff7fbc676'
[22361d19-eb69-4170-9fe7-60d72d66bb42/build] â­ Run Post actions/setup-java@v3
[22361d19-eb69-4170-9fe7-60d72d66bb42/build]   ğŸ³  docker exec cmd=[node /var/run/act/actions/actions-setup-java@v3/dist/cleanup/index.js] user= workdir=
[22361d19-eb69-4170-9fe7-60d72d66bb42/build]   âœ…  Success - Post actions/setup-java@v3
[22361d19-eb69-4170-9fe7-60d72d66bb42/build] ğŸ  Job failed
[22361d19-eb69-4170-9fe7-60d72d66bb42/build] unable to get git ref: failed to identify reference (tag/branch) for the checked-out revision 'b5d5ec43181a428741c312462024d17ff7fbc676'
