[c30c4c47-d537-4d77-8af2-ee0930ea60b9/build] ğŸš€  Start image=gitbugactions:latest
[c30c4c47-d537-4d77-8af2-ee0930ea60b9/build]   ğŸ³  docker pull image=gitbugactions:latest platform= username= forcePull=false
[c30c4c47-d537-4d77-8af2-ee0930ea60b9/build]   ğŸ³  docker create image=gitbugactions:latest platform= entrypoint=["tail" "-f" "/dev/null"] cmd=[]
[c30c4c47-d537-4d77-8af2-ee0930ea60b9/build]   ğŸ³  docker run image=gitbugactions:latest platform= entrypoint=["tail" "-f" "/dev/null"] cmd=[]
[c30c4c47-d537-4d77-8af2-ee0930ea60b9/build]   ğŸ³  docker exec cmd=[chown -R 1012:1013 /tmp/6306baed-e46b-43ea-aced-085c36b51062] user=0 workdir=
[c30c4c47-d537-4d77-8af2-ee0930ea60b9/build] unable to get git ref: failed to identify reference (tag/branch) for the checked-out revision '2ed386ecd1fa6b51cf3115fe6fe4626ebfceea31'
[c30c4c47-d537-4d77-8af2-ee0930ea60b9/build] unable to get git ref: failed to identify reference (tag/branch) for the checked-out revision '2ed386ecd1fa6b51cf3115fe6fe4626ebfceea31'
[c30c4c47-d537-4d77-8af2-ee0930ea60b9/build] unable to get git ref: failed to identify reference (tag/branch) for the checked-out revision '2ed386ecd1fa6b51cf3115fe6fe4626ebfceea31'
[c30c4c47-d537-4d77-8af2-ee0930ea60b9/build] unable to get git ref: failed to identify reference (tag/branch) for the checked-out revision '2ed386ecd1fa6b51cf3115fe6fe4626ebfceea31'
[c30c4c47-d537-4d77-8af2-ee0930ea60b9/build] unable to get git ref: failed to identify reference (tag/branch) for the checked-out revision '2ed386ecd1fa6b51cf3115fe6fe4626ebfceea31'
[c30c4c47-d537-4d77-8af2-ee0930ea60b9/build] unable to get git ref: failed to identify reference (tag/branch) for the checked-out revision '2ed386ecd1fa6b51cf3115fe6fe4626ebfceea31'
[c30c4c47-d537-4d77-8af2-ee0930ea60b9/build] unable to get git ref: failed to identify reference (tag/branch) for the checked-out revision '2ed386ecd1fa6b51cf3115fe6fe4626ebfceea31'
[c30c4c47-d537-4d77-8af2-ee0930ea60b9/build] unable to get git ref: failed to identify reference (tag/branch) for the checked-out revision '2ed386ecd1fa6b51cf3115fe6fe4626ebfceea31'
[c30c4c47-d537-4d77-8af2-ee0930ea60b9/build] unable to get git ref: failed to identify reference (tag/branch) for the checked-out revision '2ed386ecd1fa6b51cf3115fe6fe4626ebfceea31'
[c30c4c47-d537-4d77-8af2-ee0930ea60b9/build] â­ Run Main actions/checkout@v3
[c30c4c47-d537-4d77-8af2-ee0930ea60b9/build] unable to get git ref: failed to identify reference (tag/branch) for the checked-out revision '2ed386ecd1fa6b51cf3115fe6fe4626ebfceea31'
[c30c4c47-d537-4d77-8af2-ee0930ea60b9/build] unable to get git ref: failed to identify reference (tag/branch) for the checked-out revision '2ed386ecd1fa6b51cf3115fe6fe4626ebfceea31'
[c30c4c47-d537-4d77-8af2-ee0930ea60b9/build]   ğŸ³  docker cp src=/tmp/6306baed-e46b-43ea-aced-085c36b51062/. dst=/tmp/6306baed-e46b-43ea-aced-085c36b51062
[c30c4c47-d537-4d77-8af2-ee0930ea60b9/build]   ğŸ³  docker exec cmd=[chown -R 1012:1013 /tmp/6306baed-e46b-43ea-aced-085c36b51062] user=0 workdir=
[c30c4c47-d537-4d77-8af2-ee0930ea60b9/build]   âœ…  Success - Main actions/checkout@v3
[c30c4c47-d537-4d77-8af2-ee0930ea60b9/build] unable to get git ref: failed to identify reference (tag/branch) for the checked-out revision '2ed386ecd1fa6b51cf3115fe6fe4626ebfceea31'
[c30c4c47-d537-4d77-8af2-ee0930ea60b9/build] unable to get git ref: failed to identify reference (tag/branch) for the checked-out revision '2ed386ecd1fa6b51cf3115fe6fe4626ebfceea31'
[c30c4c47-d537-4d77-8af2-ee0930ea60b9/build] unable to get git ref: failed to identify reference (tag/branch) for the checked-out revision '2ed386ecd1fa6b51cf3115fe6fe4626ebfceea31'
[c30c4c47-d537-4d77-8af2-ee0930ea60b9/build] unable to get git ref: failed to identify reference (tag/branch) for the checked-out revision '2ed386ecd1fa6b51cf3115fe6fe4626ebfceea31'
[c30c4c47-d537-4d77-8af2-ee0930ea60b9/build] unable to get git ref: failed to identify reference (tag/branch) for the checked-out revision '2ed386ecd1fa6b51cf3115fe6fe4626ebfceea31'
[c30c4c47-d537-4d77-8af2-ee0930ea60b9/build] â­ Run Main actions/setup-java@v3
[c30c4c47-d537-4d77-8af2-ee0930ea60b9/build] unable to get git ref: failed to identify reference (tag/branch) for the checked-out revision '2ed386ecd1fa6b51cf3115fe6fe4626ebfceea31'
[c30c4c47-d537-4d77-8af2-ee0930ea60b9/build] unable to get git ref: failed to identify reference (tag/branch) for the checked-out revision '2ed386ecd1fa6b51cf3115fe6fe4626ebfceea31'
[c30c4c47-d537-4d77-8af2-ee0930ea60b9/build] unable to get git ref: failed to identify reference (tag/branch) for the checked-out revision '2ed386ecd1fa6b51cf3115fe6fe4626ebfceea31'
[c30c4c47-d537-4d77-8af2-ee0930ea60b9/build]   ğŸ³  docker cp src=/tmp/act-cache/c488b012-dd0d-49a9-8316-81b6fa4eba08/act/actions-setup-java@v3/ dst=/var/run/act/actions/actions-setup-java@v3/
[c30c4c47-d537-4d77-8af2-ee0930ea60b9/build]   ğŸ³  docker exec cmd=[chown -R 1012:1013 /var/run/act/actions/actions-setup-java@v3/] user=0 workdir=
[c30c4c47-d537-4d77-8af2-ee0930ea60b9/build]   ğŸ³  docker exec cmd=[node /var/run/act/actions/actions-setup-java@v3/dist/setup/index.js] user= workdir=
[c30c4c47-d537-4d77-8af2-ee0930ea60b9/build]   â“  ::group::Installed distributions
[c30c4c47-d537-4d77-8af2-ee0930ea60b9/build]   | Trying to resolve the latest version from remote
[c30c4c47-d537-4d77-8af2-ee0930ea60b9/build]   ğŸ’¬  ::debug::Gathering available versions from 'https://api.azul.com/zulu/download/community/v1.0/bundles/?os=linux&ext=tar.gz&bundle_type=jdk&javafx=false&arch=x86&hw_bitness=64&release_status=ga'
[c30c4c47-d537-4d77-8af2-ee0930ea60b9/build]   | Resolved latest version as 11.0.21+9
[c30c4c47-d537-4d77-8af2-ee0930ea60b9/build]   | Trying to download...
[c30c4c47-d537-4d77-8af2-ee0930ea60b9/build]   | Downloading Java 11.0.21+9 (Zulu) from https://cdn.azul.com/zulu/bin/zulu11.68.17-ca-jdk11.0.21-linux_x64.tar.gz ...
[c30c4c47-d537-4d77-8af2-ee0930ea60b9/build]   ğŸ’¬  ::debug::Downloading https://cdn.azul.com/zulu/bin/zulu11.68.17-ca-jdk11.0.21-linux_x64.tar.gz
[c30c4c47-d537-4d77-8af2-ee0930ea60b9/build]   ğŸ’¬  ::debug::Destination /tmp/ab44249a-3266-49ef-b1d3-1ecb2e3e358c
[c30c4c47-d537-4d77-8af2-ee0930ea60b9/build]   ğŸ’¬  ::debug::download complete
[c30c4c47-d537-4d77-8af2-ee0930ea60b9/build]   | Extracting Java archive...
[c30c4c47-d537-4d77-8af2-ee0930ea60b9/build]   ğŸ’¬  ::debug::Checking tar --version
[c30c4c47-d537-4d77-8af2-ee0930ea60b9/build]   ğŸ’¬  ::debug::tar (GNU tar) 1.34%0ACopyright (C) 2021 Free Software Foundation, Inc.%0ALicense GPLv3+: GNU GPL version 3 or later <https://gnu.org/licenses/gpl.html>.%0AThis is free software: you are free to change and redistribute it.%0AThere is NO WARRANTY, to the extent permitted by law.%0A%0AWritten by John Gilmore and Jay Fenlason.
[c30c4c47-d537-4d77-8af2-ee0930ea60b9/build]   | [command]/usr/bin/tar xz --warning=no-unknown-keyword -C /tmp/f220200d-a548-4437-bd72-b9d3c1a7e890 -f /tmp/ab44249a-3266-49ef-b1d3-1ecb2e3e358c
[c30c4c47-d537-4d77-8af2-ee0930ea60b9/build]   ğŸ’¬  ::debug::Caching tool Java_Zulu_jdk 11.0.21-9 x64
[c30c4c47-d537-4d77-8af2-ee0930ea60b9/build]   ğŸ’¬  ::debug::source dir: /tmp/f220200d-a548-4437-bd72-b9d3c1a7e890/zulu11.68.17-ca-jdk11.0.21-linux_x64
[c30c4c47-d537-4d77-8af2-ee0930ea60b9/build]   ğŸ’¬  ::debug::destination /opt/hostedtoolcache/Java_Zulu_jdk/11.0.21-9/x64
[c30c4c47-d537-4d77-8af2-ee0930ea60b9/build]   ğŸ’¬  ::debug::finished caching tool
[c30c4c47-d537-4d77-8af2-ee0930ea60b9/build]   | Java 11.0.21+9 was downloaded
[c30c4c47-d537-4d77-8af2-ee0930ea60b9/build]   | Setting Java 11.0.21+9 as the default
[c30c4c47-d537-4d77-8af2-ee0930ea60b9/build]   | Creating toolchains.xml for JDK version 11 from zulu
[c30c4c47-d537-4d77-8af2-ee0930ea60b9/build]   | Writing to /home/runner/.m2/toolchains.xml
[c30c4c47-d537-4d77-8af2-ee0930ea60b9/build]   | 
[c30c4c47-d537-4d77-8af2-ee0930ea60b9/build]   | Java configuration:
[c30c4c47-d537-4d77-8af2-ee0930ea60b9/build]   |   Distribution: zulu
[c30c4c47-d537-4d77-8af2-ee0930ea60b9/build]   |   Version: 11.0.21+9
[c30c4c47-d537-4d77-8af2-ee0930ea60b9/build]   |   Path: /opt/hostedtoolcache/Java_Zulu_jdk/11.0.21-9/x64
[c30c4c47-d537-4d77-8af2-ee0930ea60b9/build]   | 
[c30c4c47-d537-4d77-8af2-ee0930ea60b9/build]   â“  ::endgroup::
[c30c4c47-d537-4d77-8af2-ee0930ea60b9/build]   â“ add-matcher /run/act/actions/actions-setup-java@v3/.github/java.json
[c30c4c47-d537-4d77-8af2-ee0930ea60b9/build]   | Creating settings.xml with server-id: github
[c30c4c47-d537-4d77-8af2-ee0930ea60b9/build]   | Writing to /home/runner/.m2/settings.xml
[c30c4c47-d537-4d77-8af2-ee0930ea60b9/build]   âœ…  Success - Main actions/setup-java@v3
[c30c4c47-d537-4d77-8af2-ee0930ea60b9/build]   âš™  ::set-env:: JAVA_HOME_11_X64=/opt/hostedtoolcache/Java_Zulu_jdk/11.0.21-9/x64
[c30c4c47-d537-4d77-8af2-ee0930ea60b9/build]   âš™  ::set-env:: JAVA_HOME=/opt/hostedtoolcache/Java_Zulu_jdk/11.0.21-9/x64
[c30c4c47-d537-4d77-8af2-ee0930ea60b9/build]   âš™  ::set-output:: distribution=Zulu
[c30c4c47-d537-4d77-8af2-ee0930ea60b9/build]   âš™  ::set-output:: path=/opt/hostedtoolcache/Java_Zulu_jdk/11.0.21-9/x64
[c30c4c47-d537-4d77-8af2-ee0930ea60b9/build]   âš™  ::set-output:: version=11.0.21+9
[c30c4c47-d537-4d77-8af2-ee0930ea60b9/build]   âš™  ::add-path:: /opt/hostedtoolcache/Java_Zulu_jdk/11.0.21-9/x64/bin
[c30c4c47-d537-4d77-8af2-ee0930ea60b9/build] unable to get git ref: failed to identify reference (tag/branch) for the checked-out revision '2ed386ecd1fa6b51cf3115fe6fe4626ebfceea31'
[c30c4c47-d537-4d77-8af2-ee0930ea60b9/build] unable to get git ref: failed to identify reference (tag/branch) for the checked-out revision '2ed386ecd1fa6b51cf3115fe6fe4626ebfceea31'
[c30c4c47-d537-4d77-8af2-ee0930ea60b9/build] unable to get git ref: failed to identify reference (tag/branch) for the checked-out revision '2ed386ecd1fa6b51cf3115fe6fe4626ebfceea31'
[c30c4c47-d537-4d77-8af2-ee0930ea60b9/build] unable to get git ref: failed to identify reference (tag/branch) for the checked-out revision '2ed386ecd1fa6b51cf3115fe6fe4626ebfceea31'
[c30c4c47-d537-4d77-8af2-ee0930ea60b9/build] unable to get git ref: failed to identify reference (tag/branch) for the checked-out revision '2ed386ecd1fa6b51cf3115fe6fe4626ebfceea31'
[c30c4c47-d537-4d77-8af2-ee0930ea60b9/build] â­ Run Main ./gradlew build --no-daemon --warning-mode=fail
[c30c4c47-d537-4d77-8af2-ee0930ea60b9/build] unable to get git ref: failed to identify reference (tag/branch) for the checked-out revision '2ed386ecd1fa6b51cf3115fe6fe4626ebfceea31'
[c30c4c47-d537-4d77-8af2-ee0930ea60b9/build] unable to get git ref: failed to identify reference (tag/branch) for the checked-out revision '2ed386ecd1fa6b51cf3115fe6fe4626ebfceea31'
[c30c4c47-d537-4d77-8af2-ee0930ea60b9/build] unable to get git ref: failed to identify reference (tag/branch) for the checked-out revision '2ed386ecd1fa6b51cf3115fe6fe4626ebfceea31'
[c30c4c47-d537-4d77-8af2-ee0930ea60b9/build] unable to get git ref: failed to identify reference (tag/branch) for the checked-out revision '2ed386ecd1fa6b51cf3115fe6fe4626ebfceea31'
[c30c4c47-d537-4d77-8af2-ee0930ea60b9/build]   ğŸ³  docker exec cmd=[bash --noprofile --norc -e -o pipefail /var/run/act/workflow/2] user= workdir=
[c30c4c47-d537-4d77-8af2-ee0930ea60b9/build]   | Downloading https://services.gradle.org/distributions/gradle-7.5.1-bin.zip
[c30c4c47-d537-4d77-8af2-ee0930ea60b9/build]   | ...........10%............20%...........30%............40%...........50%............60%...........70%............80%...........90%............100%
[c30c4c47-d537-4d77-8af2-ee0930ea60b9/build]   | 
[c30c4c47-d537-4d77-8af2-ee0930ea60b9/build]   | Welcome to Gradle 7.5.1!
[c30c4c47-d537-4d77-8af2-ee0930ea60b9/build]   | 
[c30c4c47-d537-4d77-8af2-ee0930ea60b9/build]   | Here are the highlights of this release:
[c30c4c47-d537-4d77-8af2-ee0930ea60b9/build]   |  - Support for Java 18
[c30c4c47-d537-4d77-8af2-ee0930ea60b9/build]   |  - Support for building with Groovy 4
[c30c4c47-d537-4d77-8af2-ee0930ea60b9/build]   |  - Much more responsive continuous builds
[c30c4c47-d537-4d77-8af2-ee0930ea60b9/build]   |  - Improved diagnostics for dependency resolution
[c30c4c47-d537-4d77-8af2-ee0930ea60b9/build]   | 
[c30c4c47-d537-4d77-8af2-ee0930ea60b9/build]   | For more details see https://docs.gradle.org/7.5.1/release-notes.html
[c30c4c47-d537-4d77-8af2-ee0930ea60b9/build]   | 
[c30c4c47-d537-4d77-8af2-ee0930ea60b9/build]   | To honour the JVM settings for this build a single-use Daemon process will be forked. See https://docs.gradle.org/7.5.1/userguide/gradle_daemon.html#sec:disabling_the_daemon.
[c30c4c47-d537-4d77-8af2-ee0930ea60b9/build]   | Daemon will be stopped at the end of the build 
[c30c4c47-d537-4d77-8af2-ee0930ea60b9/build]   | 
[c30c4c47-d537-4d77-8af2-ee0930ea60b9/build]   | > Configure project :
[c30c4c47-d537-4d77-8af2-ee0930ea60b9/build]   | Kordamp Enforcer Gradle plugin 0.10.0. Consider becoming a patron at https://www.patreon.com/aalmiray
[c30c4c47-d537-4d77-8af2-ee0930ea60b9/build]   | 
[c30c4c47-d537-4d77-8af2-ee0930ea60b9/build]   | > Task :copyDependencies
[c30c4c47-d537-4d77-8af2-ee0930ea60b9/build]   | > Task :extractIncludeProto
[c30c4c47-d537-4d77-8af2-ee0930ea60b9/build]   | > Task :extractProto
[c30c4c47-d537-4d77-8af2-ee0930ea60b9/build]   | > Task :generateProto
[c30c4c47-d537-4d77-8af2-ee0930ea60b9/build]   | > Task :compileJava
[c30c4c47-d537-4d77-8af2-ee0930ea60b9/build]   | Note: Some input files use or override a deprecated API.
[c30c4c47-d537-4d77-8af2-ee0930ea60b9/build]   | Note: Recompile with -Xlint:deprecation for details.
[c30c4c47-d537-4d77-8af2-ee0930ea60b9/build]   | Note: Some input files use unchecked or unsafe operations.
[c30c4c47-d537-4d77-8af2-ee0930ea60b9/build]   | Note: Recompile with -Xlint:unchecked for details.
[c30c4c47-d537-4d77-8af2-ee0930ea60b9/build]   | 
[c30c4c47-d537-4d77-8af2-ee0930ea60b9/build]   | > Task :processResources
[c30c4c47-d537-4d77-8af2-ee0930ea60b9/build]   | > Task :classes
[c30c4c47-d537-4d77-8af2-ee0930ea60b9/build]   | > Task :jar
[c30c4c47-d537-4d77-8af2-ee0930ea60b9/build]   | > Task :assemble
[c30c4c47-d537-4d77-8af2-ee0930ea60b9/build]   | > Task :extractIncludeTestProto
[c30c4c47-d537-4d77-8af2-ee0930ea60b9/build]   | > Task :extractTestProto
[c30c4c47-d537-4d77-8af2-ee0930ea60b9/build]   | > Task :generateTestProto NO-SOURCE
[c30c4c47-d537-4d77-8af2-ee0930ea60b9/build]   | Note: Some input files use or override a deprecated API.
[c30c4c47-d537-4d77-8af2-ee0930ea60b9/build]   | Note: Recompile with -Xlint:deprecation for details.
[c30c4c47-d537-4d77-8af2-ee0930ea60b9/build]   | Note: /tmp/6306baed-e46b-43ea-aced-085c36b51062/src/test/java/org/traccar/helper/ServletHelperTest.java uses unchecked or unsafe operations.
[c30c4c47-d537-4d77-8af2-ee0930ea60b9/build]   | Note: Recompile with -Xlint:unchecked for details.
[c30c4c47-d537-4d77-8af2-ee0930ea60b9/build]   | 
[c30c4c47-d537-4d77-8af2-ee0930ea60b9/build]   | > Task :compileTestJava
[c30c4c47-d537-4d77-8af2-ee0930ea60b9/build]   | 
[c30c4c47-d537-4d77-8af2-ee0930ea60b9/build]   | > Task :processTestResources NO-SOURCE
[c30c4c47-d537-4d77-8af2-ee0930ea60b9/build]   | > Task :testClasses
[c30c4c47-d537-4d77-8af2-ee0930ea60b9/build]   | > Task :checkstyleTest SKIPPED
[c30c4c47-d537-4d77-8af2-ee0930ea60b9/build]   | 
[c30c4c47-d537-4d77-8af2-ee0930ea60b9/build]   | > Task :test
[c30c4c47-d537-4d77-8af2-ee0930ea60b9/build]   | 
[c30c4c47-d537-4d77-8af2-ee0930ea60b9/build]   | org.traccar.protocol.Gt06ProtocolDecoderTest > testDecode FAILED
[c30c4c47-d537-4d77-8af2-ee0930ea60b9/build]   |     java.lang.IndexOutOfBoundsException at Gt06ProtocolDecoderTest.java:20
[c30c4c47-d537-4d77-8af2-ee0930ea60b9/build]   | 
[c30c4c47-d537-4d77-8af2-ee0930ea60b9/build]   | 491 tests completed, 1 failed, 23 skipped
[c30c4c47-d537-4d77-8af2-ee0930ea60b9/build]   | 
[c30c4c47-d537-4d77-8af2-ee0930ea60b9/build]   | > Task :test FAILED
[c30c4c47-d537-4d77-8af2-ee0930ea60b9/build]   | > Task :checkstyleMain
[c30c4c47-d537-4d77-8af2-ee0930ea60b9/build]   | 
[c30c4c47-d537-4d77-8af2-ee0930ea60b9/build]   | FAILURE: Build failed with an exception.
[c30c4c47-d537-4d77-8af2-ee0930ea60b9/build]   | 
[c30c4c47-d537-4d77-8af2-ee0930ea60b9/build]   | * What went wrong:
[c30c4c47-d537-4d77-8af2-ee0930ea60b9/build]   | Execution failed for task ':test'.
[c30c4c47-d537-4d77-8af2-ee0930ea60b9/build]   | > There were failing tests. See the report at: file:///tmp/6306baed-e46b-43ea-aced-085c36b51062/build/reports/tests/test/index.html
[c30c4c47-d537-4d77-8af2-ee0930ea60b9/build]   | 
[c30c4c47-d537-4d77-8af2-ee0930ea60b9/build]   | * Try:
[c30c4c47-d537-4d77-8af2-ee0930ea60b9/build]   | > Run with --stacktrace option to get the stack trace.
[c30c4c47-d537-4d77-8af2-ee0930ea60b9/build]   | > Run with --info or --debug option to get more log output.
[c30c4c47-d537-4d77-8af2-ee0930ea60b9/build]   | > Run with --scan to get full insights.
[c30c4c47-d537-4d77-8af2-ee0930ea60b9/build]   | 
[c30c4c47-d537-4d77-8af2-ee0930ea60b9/build]   | * Get more help at https://help.gradle.org
[c30c4c47-d537-4d77-8af2-ee0930ea60b9/build]   | 
[c30c4c47-d537-4d77-8af2-ee0930ea60b9/build]   | BUILD FAILED in 1m 59s
[c30c4c47-d537-4d77-8af2-ee0930ea60b9/build]   | 12 actionable tasks: 12 executed
[c30c4c47-d537-4d77-8af2-ee0930ea60b9/build]   âŒ  Failure - Main ./gradlew build --no-daemon --warning-mode=fail
[c30c4c47-d537-4d77-8af2-ee0930ea60b9/build] exitcode '1': failure
[c30c4c47-d537-4d77-8af2-ee0930ea60b9/build] unable to get git ref: failed to identify reference (tag/branch) for the checked-out revision '2ed386ecd1fa6b51cf3115fe6fe4626ebfceea31'
[c30c4c47-d537-4d77-8af2-ee0930ea60b9/build] unable to get git ref: failed to identify reference (tag/branch) for the checked-out revision '2ed386ecd1fa6b51cf3115fe6fe4626ebfceea31'
[c30c4c47-d537-4d77-8af2-ee0930ea60b9/build] unable to get git ref: failed to identify reference (tag/branch) for the checked-out revision '2ed386ecd1fa6b51cf3115fe6fe4626ebfceea31'
[c30c4c47-d537-4d77-8af2-ee0930ea60b9/build] unable to get git ref: failed to identify reference (tag/branch) for the checked-out revision '2ed386ecd1fa6b51cf3115fe6fe4626ebfceea31'
[c30c4c47-d537-4d77-8af2-ee0930ea60b9/build] unable to get git ref: failed to identify reference (tag/branch) for the checked-out revision '2ed386ecd1fa6b51cf3115fe6fe4626ebfceea31'
[c30c4c47-d537-4d77-8af2-ee0930ea60b9/build] â­ Run Post actions/setup-java@v3
[c30c4c47-d537-4d77-8af2-ee0930ea60b9/build]   ğŸ³  docker exec cmd=[node /var/run/act/actions/actions-setup-java@v3/dist/cleanup/index.js] user= workdir=
[c30c4c47-d537-4d77-8af2-ee0930ea60b9/build]   âœ…  Success - Post actions/setup-java@v3
[c30c4c47-d537-4d77-8af2-ee0930ea60b9/build] ğŸ  Job failed
[c30c4c47-d537-4d77-8af2-ee0930ea60b9/build] unable to get git ref: failed to identify reference (tag/branch) for the checked-out revision '2ed386ecd1fa6b51cf3115fe6fe4626ebfceea31'
