[f3947f94-0cfe-4c67-857c-517f274fd378/build] ğŸš€  Start image=crawlergpt:latest
[f3947f94-0cfe-4c67-857c-517f274fd378/build]   ğŸ³  docker pull image=crawlergpt:latest platform= username= forcePull=false
[f3947f94-0cfe-4c67-857c-517f274fd378/build]   ğŸ³  docker create image=crawlergpt:latest platform= entrypoint=["tail" "-f" "/dev/null"] cmd=[]
[f3947f94-0cfe-4c67-857c-517f274fd378/build]   ğŸ³  docker run image=crawlergpt:latest platform= entrypoint=["tail" "-f" "/dev/null"] cmd=[]
[f3947f94-0cfe-4c67-857c-517f274fd378/build]   ğŸ³  docker exec cmd=[chown -R 1012:1013 /tmp/2ce070e3-85c1-40d3-bd2e-4dc57fc6b034] user=0 workdir=
[f3947f94-0cfe-4c67-857c-517f274fd378/build] unable to get git ref: failed to identify reference (tag/branch) for the checked-out revision '00fd6cb262740f00aadd48c6df41bf9c27966d26'
[f3947f94-0cfe-4c67-857c-517f274fd378/build] unable to get git ref: failed to identify reference (tag/branch) for the checked-out revision '00fd6cb262740f00aadd48c6df41bf9c27966d26'
[f3947f94-0cfe-4c67-857c-517f274fd378/build] unable to get git ref: failed to identify reference (tag/branch) for the checked-out revision '00fd6cb262740f00aadd48c6df41bf9c27966d26'
[f3947f94-0cfe-4c67-857c-517f274fd378/build] unable to get git ref: failed to identify reference (tag/branch) for the checked-out revision '00fd6cb262740f00aadd48c6df41bf9c27966d26'
[f3947f94-0cfe-4c67-857c-517f274fd378/build] unable to get git ref: failed to identify reference (tag/branch) for the checked-out revision '00fd6cb262740f00aadd48c6df41bf9c27966d26'
[f3947f94-0cfe-4c67-857c-517f274fd378/build] unable to get git ref: failed to identify reference (tag/branch) for the checked-out revision '00fd6cb262740f00aadd48c6df41bf9c27966d26'
[f3947f94-0cfe-4c67-857c-517f274fd378/build] unable to get git ref: failed to identify reference (tag/branch) for the checked-out revision '00fd6cb262740f00aadd48c6df41bf9c27966d26'
[f3947f94-0cfe-4c67-857c-517f274fd378/build] unable to get git ref: failed to identify reference (tag/branch) for the checked-out revision '00fd6cb262740f00aadd48c6df41bf9c27966d26'
[f3947f94-0cfe-4c67-857c-517f274fd378/build] unable to get git ref: failed to identify reference (tag/branch) for the checked-out revision '00fd6cb262740f00aadd48c6df41bf9c27966d26'
[f3947f94-0cfe-4c67-857c-517f274fd378/build] â­ Run Main actions/checkout@v1
[f3947f94-0cfe-4c67-857c-517f274fd378/build] unable to get git ref: failed to identify reference (tag/branch) for the checked-out revision '00fd6cb262740f00aadd48c6df41bf9c27966d26'
[f3947f94-0cfe-4c67-857c-517f274fd378/build]   âœ…  Success - Main actions/checkout@v1
[f3947f94-0cfe-4c67-857c-517f274fd378/build] unable to get git ref: failed to identify reference (tag/branch) for the checked-out revision '00fd6cb262740f00aadd48c6df41bf9c27966d26'
[f3947f94-0cfe-4c67-857c-517f274fd378/build] unable to get git ref: failed to identify reference (tag/branch) for the checked-out revision '00fd6cb262740f00aadd48c6df41bf9c27966d26'
[f3947f94-0cfe-4c67-857c-517f274fd378/build] unable to get git ref: failed to identify reference (tag/branch) for the checked-out revision '00fd6cb262740f00aadd48c6df41bf9c27966d26'
[f3947f94-0cfe-4c67-857c-517f274fd378/build] unable to get git ref: failed to identify reference (tag/branch) for the checked-out revision '00fd6cb262740f00aadd48c6df41bf9c27966d26'
[f3947f94-0cfe-4c67-857c-517f274fd378/build] unable to get git ref: failed to identify reference (tag/branch) for the checked-out revision '00fd6cb262740f00aadd48c6df41bf9c27966d26'
[f3947f94-0cfe-4c67-857c-517f274fd378/build] â­ Run Main Set up JDK 1.8
[f3947f94-0cfe-4c67-857c-517f274fd378/build] unable to get git ref: failed to identify reference (tag/branch) for the checked-out revision '00fd6cb262740f00aadd48c6df41bf9c27966d26'
[f3947f94-0cfe-4c67-857c-517f274fd378/build] unable to get git ref: failed to identify reference (tag/branch) for the checked-out revision '00fd6cb262740f00aadd48c6df41bf9c27966d26'
[f3947f94-0cfe-4c67-857c-517f274fd378/build] unable to get git ref: failed to identify reference (tag/branch) for the checked-out revision '00fd6cb262740f00aadd48c6df41bf9c27966d26'
[f3947f94-0cfe-4c67-857c-517f274fd378/build]   ğŸ³  docker cp src=/tmp/act-cache/a8a265fe-fef4-4fa8-a8cb-4a2265880e6d/act/actions-setup-java@v1/ dst=/var/run/act/actions/actions-setup-java@v1/
[f3947f94-0cfe-4c67-857c-517f274fd378/build]   ğŸ³  docker exec cmd=[chown -R 1012:1013 /var/run/act/actions/actions-setup-java@v1/] user=0 workdir=
[f3947f94-0cfe-4c67-857c-517f274fd378/build]   ğŸ³  docker exec cmd=[node /var/run/act/actions/actions-setup-java@v1/dist/setup/index.js] user= workdir=
[f3947f94-0cfe-4c67-857c-517f274fd378/build]   ğŸ’¬  ::debug::isExplicit: 
[f3947f94-0cfe-4c67-857c-517f274fd378/build]   ğŸ’¬  ::debug::explicit? false
[f3947f94-0cfe-4c67-857c-517f274fd378/build]   ğŸ’¬  ::debug::evaluating 0 versions
[f3947f94-0cfe-4c67-857c-517f274fd378/build]   ğŸ’¬  ::debug::match not found
[f3947f94-0cfe-4c67-857c-517f274fd378/build]   ğŸ’¬  ::debug::Downloading JDK from Azul
[f3947f94-0cfe-4c67-857c-517f274fd378/build]   ğŸ’¬  ::debug::Searching for files with extension: -linux_x64.tar.gz
[f3947f94-0cfe-4c67-857c-517f274fd378/build]   ğŸ’¬  ::debug::Downloading https://static.azul.com/zulu/bin/zulu8.70.0.23-ca-jdk8.0.372-linux_x64.tar.gz
[f3947f94-0cfe-4c67-857c-517f274fd378/build]   ğŸ’¬  ::debug::Downloading /tmp/39365d7e-364f-4e3c-8067-864f76c38d8e
[f3947f94-0cfe-4c67-857c-517f274fd378/build]   ğŸ’¬  ::debug::download complete
[f3947f94-0cfe-4c67-857c-517f274fd378/build]   | [command]/usr/bin/tar --version
[f3947f94-0cfe-4c67-857c-517f274fd378/build]   | tar (GNU tar) 1.30
[f3947f94-0cfe-4c67-857c-517f274fd378/build]   | Copyright (C) 2017 Free Software Foundation, Inc.
[f3947f94-0cfe-4c67-857c-517f274fd378/build]   | License GPLv3+: GNU GPL version 3 or later <https://gnu.org/licenses/gpl.html>.
[f3947f94-0cfe-4c67-857c-517f274fd378/build]   | This is free software: you are free to change and redistribute it.
[f3947f94-0cfe-4c67-857c-517f274fd378/build]   | There is NO WARRANTY, to the extent permitted by law.
[f3947f94-0cfe-4c67-857c-517f274fd378/build]   | 
[f3947f94-0cfe-4c67-857c-517f274fd378/build]   | Written by John Gilmore and Jay Fenlason.
[f3947f94-0cfe-4c67-857c-517f274fd378/build]   | [command]/usr/bin/tar xz --warning=no-unknown-keyword -C /tmp/temp_1064513241 -f /tmp/39365d7e-364f-4e3c-8067-864f76c38d8e
[f3947f94-0cfe-4c67-857c-517f274fd378/build]   ğŸ’¬  ::debug::jdk extracted to /tmp/temp_1064513241/zulu8.70.0.23-ca-jdk8.0.372-linux_x64
[f3947f94-0cfe-4c67-857c-517f274fd378/build]   ğŸ’¬  ::debug::Caching tool jdk 8.0.372 x64
[f3947f94-0cfe-4c67-857c-517f274fd378/build]   ğŸ’¬  ::debug::source dir: /tmp/temp_1064513241/zulu8.70.0.23-ca-jdk8.0.372-linux_x64
[f3947f94-0cfe-4c67-857c-517f274fd378/build]   ğŸ’¬  ::debug::destination /opt/hostedtoolcache/jdk/8.0.372/x64
[f3947f94-0cfe-4c67-857c-517f274fd378/build]   ğŸ’¬  ::debug::finished caching tool
[f3947f94-0cfe-4c67-857c-517f274fd378/build]   â“ add-matcher /run/act/actions/actions-setup-java@v1/.github/java.json
[f3947f94-0cfe-4c67-857c-517f274fd378/build]   | creating settings.xml with server-id: github; environment variables: username=$GITHUB_ACTOR, password=$GITHUB_TOKEN, and gpg-passphrase=null
[f3947f94-0cfe-4c67-857c-517f274fd378/build]   ğŸ’¬  ::debug::created directory /home/runneradmin/.m2
[f3947f94-0cfe-4c67-857c-517f274fd378/build]   | writing /home/runneradmin/.m2/settings.xml
[f3947f94-0cfe-4c67-857c-517f274fd378/build]   âœ…  Success - Main Set up JDK 1.8
[f3947f94-0cfe-4c67-857c-517f274fd378/build]   âš™  ::set-env:: JAVA_HOME_8_0_372_X64=/opt/hostedtoolcache/jdk/8.0.372/x64
[f3947f94-0cfe-4c67-857c-517f274fd378/build]   âš™  ::set-env:: JAVA_HOME_8.0.372_x64=/opt/hostedtoolcache/jdk/8.0.372/x64
[f3947f94-0cfe-4c67-857c-517f274fd378/build]   âš™  ::set-env:: JAVA_HOME=/opt/hostedtoolcache/jdk/8.0.372/x64
[f3947f94-0cfe-4c67-857c-517f274fd378/build]   âš™  ::set-output:: path=/opt/hostedtoolcache/jdk/8.0.372/x64
[f3947f94-0cfe-4c67-857c-517f274fd378/build]   âš™  ::set-output:: version=8.0.372
[f3947f94-0cfe-4c67-857c-517f274fd378/build]   âš™  ::add-path:: /opt/hostedtoolcache/jdk/8.0.372/x64/bin
[f3947f94-0cfe-4c67-857c-517f274fd378/build] unable to get git ref: failed to identify reference (tag/branch) for the checked-out revision '00fd6cb262740f00aadd48c6df41bf9c27966d26'
[f3947f94-0cfe-4c67-857c-517f274fd378/build] unable to get git ref: failed to identify reference (tag/branch) for the checked-out revision '00fd6cb262740f00aadd48c6df41bf9c27966d26'
[f3947f94-0cfe-4c67-857c-517f274fd378/build] unable to get git ref: failed to identify reference (tag/branch) for the checked-out revision '00fd6cb262740f00aadd48c6df41bf9c27966d26'
[f3947f94-0cfe-4c67-857c-517f274fd378/build] unable to get git ref: failed to identify reference (tag/branch) for the checked-out revision '00fd6cb262740f00aadd48c6df41bf9c27966d26'
[f3947f94-0cfe-4c67-857c-517f274fd378/build] unable to get git ref: failed to identify reference (tag/branch) for the checked-out revision '00fd6cb262740f00aadd48c6df41bf9c27966d26'
[f3947f94-0cfe-4c67-857c-517f274fd378/build] â­ Run Main Build with Gradle
[f3947f94-0cfe-4c67-857c-517f274fd378/build] unable to get git ref: failed to identify reference (tag/branch) for the checked-out revision '00fd6cb262740f00aadd48c6df41bf9c27966d26'
[f3947f94-0cfe-4c67-857c-517f274fd378/build] unable to get git ref: failed to identify reference (tag/branch) for the checked-out revision '00fd6cb262740f00aadd48c6df41bf9c27966d26'
[f3947f94-0cfe-4c67-857c-517f274fd378/build] unable to get git ref: failed to identify reference (tag/branch) for the checked-out revision '00fd6cb262740f00aadd48c6df41bf9c27966d26'
[f3947f94-0cfe-4c67-857c-517f274fd378/build] unable to get git ref: failed to identify reference (tag/branch) for the checked-out revision '00fd6cb262740f00aadd48c6df41bf9c27966d26'
[f3947f94-0cfe-4c67-857c-517f274fd378/build]   ğŸ³  docker exec cmd=[bash --noprofile --norc -e -o pipefail /var/run/act/workflow/2] user= workdir=
[f3947f94-0cfe-4c67-857c-517f274fd378/build]   | Downloading https://services.gradle.org/distributions/gradle-5.2.1-all.zip
[f3947f94-0cfe-4c67-857c-517f274fd378/build]   | ..............................................................................................................................
[f3947f94-0cfe-4c67-857c-517f274fd378/build]   | 
[f3947f94-0cfe-4c67-857c-517f274fd378/build]   | Welcome to Gradle 5.2.1!
[f3947f94-0cfe-4c67-857c-517f274fd378/build]   | 
[f3947f94-0cfe-4c67-857c-517f274fd378/build]   | Here are the highlights of this release:
[f3947f94-0cfe-4c67-857c-517f274fd378/build]   |  - Define sets of dependencies that work together with Java Platform plugin
[f3947f94-0cfe-4c67-857c-517f274fd378/build]   |  - New C++ plugins with dependency management built-in
[f3947f94-0cfe-4c67-857c-517f274fd378/build]   |  - New C++ project types for gradle init
[f3947f94-0cfe-4c67-857c-517f274fd378/build]   |  - Service injection into plugins and project extensions
[f3947f94-0cfe-4c67-857c-517f274fd378/build]   | 
[f3947f94-0cfe-4c67-857c-517f274fd378/build]   | For more details see https://docs.gradle.org/5.2.1/release-notes.html
[f3947f94-0cfe-4c67-857c-517f274fd378/build]   | 
[f3947f94-0cfe-4c67-857c-517f274fd378/build]   | Starting a Gradle Daemon (subsequent builds will be faster)
[f3947f94-0cfe-4c67-857c-517f274fd378/build]   | > Task :compileJava
[f3947f94-0cfe-4c67-857c-517f274fd378/build]   | > Task :processResources
[f3947f94-0cfe-4c67-857c-517f274fd378/build]   | > Task :classes
[f3947f94-0cfe-4c67-857c-517f274fd378/build]   | > Task :bootJar
[f3947f94-0cfe-4c67-857c-517f274fd378/build]   | > Task :jar SKIPPED
[f3947f94-0cfe-4c67-857c-517f274fd378/build]   | > Task :assemble
[f3947f94-0cfe-4c67-857c-517f274fd378/build]   | > Task :compileTestJava
[f3947f94-0cfe-4c67-857c-517f274fd378/build]   | > Task :processTestResources
[f3947f94-0cfe-4c67-857c-517f274fd378/build]   | > Task :testClasses
[f3947f94-0cfe-4c67-857c-517f274fd378/build]   | > Task :test
[f3947f94-0cfe-4c67-857c-517f274fd378/build]   | 
[f3947f94-0cfe-4c67-857c-517f274fd378/build]   | com.projecty.projectyweb.message.MessageControllerTests > givenRequestOnDownloadFile_shouldReturnFileToDownload FAILED
[f3947f94-0cfe-4c67-857c-517f274fd378/build]   |     java.lang.AssertionError at MessageControllerTests.java:158
[f3947f94-0cfe-4c67-857c-517f274fd378/build]   | 
[f3947f94-0cfe-4c67-857c-517f274fd378/build]   | com.projecty.projectyweb.message.MessageControllerTests > givenRequestOnSendMessage_shouldReturnOk FAILED
[f3947f94-0cfe-4c67-857c-517f274fd378/build]   |     org.springframework.web.util.NestedServletException at MessageControllerTests.java:110
[f3947f94-0cfe-4c67-857c-517f274fd378/build]   |         Caused by: org.springframework.dao.DataIntegrityViolationException at MessageControllerTests.java:110
[f3947f94-0cfe-4c67-857c-517f274fd378/build]   |             Caused by: org.hibernate.exception.ConstraintViolationException at MessageControllerTests.java:110
[f3947f94-0cfe-4c67-857c-517f274fd378/build]   |                 Caused by: org.h2.jdbc.JdbcSQLIntegrityConstraintViolationException at MessageControllerTests.java:110
[f3947f94-0cfe-4c67-857c-517f274fd378/build]   | 
[f3947f94-0cfe-4c67-857c-517f274fd378/build]   | com.projecty.projectyweb.message.MessageControllerTests > givenRequestOnViewMessage_shouldReturnMessage FAILED
[f3947f94-0cfe-4c67-857c-517f274fd378/build]   |     java.lang.AssertionError at MessageControllerTests.java:120
[f3947f94-0cfe-4c67-857c-517f274fd378/build]   | 
[f3947f94-0cfe-4c67-857c-517f274fd378/build]   | com.projecty.projectyweb.message.MessageControllerTests > givenRequestOnSendMessageToYourself_shouldReturnBadRequest FAILED
[f3947f94-0cfe-4c67-857c-517f274fd378/build]   |     org.springframework.web.util.NestedServletException at MessageControllerTests.java:101
[f3947f94-0cfe-4c67-857c-517f274fd378/build]   |         Caused by: org.springframework.dao.DataIntegrityViolationException at MessageControllerTests.java:101
[f3947f94-0cfe-4c67-857c-517f274fd378/build]   |             Caused by: org.hibernate.exception.ConstraintViolationException at MessageControllerTests.java:101
[f3947f94-0cfe-4c67-857c-517f274fd378/build]   |                 Caused by: org.h2.jdbc.JdbcSQLIntegrityConstraintViolationException at MessageControllerTests.java:101
[f3947f94-0cfe-4c67-857c-517f274fd378/build]   | 2023-07-12 11:47:04.775  INFO 584 --- [       Thread-7] o.s.s.concurrent.ThreadPoolTaskExecutor  : Shutting down ExecutorService 'applicationTaskExecutor'
[f3947f94-0cfe-4c67-857c-517f274fd378/build]   | 2023-07-12 11:47:04.855  INFO 584 --- [       Thread-7] j.LocalContainerEntityManagerFactoryBean : Closing JPA EntityManagerFactory for persistence unit 'default'
[f3947f94-0cfe-4c67-857c-517f274fd378/build]   | 2023-07-12 11:47:04.856  INFO 584 --- [       Thread-7] .SchemaDropperImpl$DelayedDropActionImpl : HHH000477: Starting delayed evictData of schema as part of SessionFactory shut-down'
[f3947f94-0cfe-4c67-857c-517f274fd378/build]   | 2023-07-12 11:47:04.898  INFO 584 --- [      Thread-23] o.s.s.concurrent.ThreadPoolTaskExecutor  : Shutting down ExecutorService 'applicationTaskExecutor'
[f3947f94-0cfe-4c67-857c-517f274fd378/build]   | 2023-07-12 11:47:04.898  INFO 584 --- [      Thread-10] o.s.s.concurrent.ThreadPoolTaskExecutor  : Shutting down ExecutorService 'applicationTaskExecutor'
[f3947f94-0cfe-4c67-857c-517f274fd378/build]   | 2023-07-12 11:47:04.899  INFO 584 --- [      Thread-23] j.LocalContainerEntityManagerFactoryBean : Closing JPA EntityManagerFactory for persistence unit 'default'
[f3947f94-0cfe-4c67-857c-517f274fd378/build]   | 2023-07-12 11:47:04.899  INFO 584 --- [      Thread-23] .SchemaDropperImpl$DelayedDropActionImpl : HHH000477: Starting delayed evictData of schema as part of SessionFactory shut-down'
[f3947f94-0cfe-4c67-857c-517f274fd378/build]   | 2023-07-12 11:47:04.899  INFO 584 --- [      Thread-10] j.LocalContainerEntityManagerFactoryBean : Closing JPA EntityManagerFactory for persistence unit 'default'
[f3947f94-0cfe-4c67-857c-517f274fd378/build]   | 2023-07-12 11:47:04.900  INFO 584 --- [      Thread-10] .SchemaDropperImpl$DelayedDropActionImpl : HHH000477: Starting delayed evictData of schema as part of SessionFactory shut-down'
[f3947f94-0cfe-4c67-857c-517f274fd378/build]   | 2023-07-12 11:47:04.900  INFO 584 --- [      Thread-15] o.s.s.concurrent.ThreadPoolTaskExecutor  : Shutting down ExecutorService 'applicationTaskExecutor'
[f3947f94-0cfe-4c67-857c-517f274fd378/build]   | 2023-07-12 11:47:04.901  INFO 584 --- [      Thread-25] o.s.s.concurrent.ThreadPoolTaskExecutor  : Shutting down ExecutorService 'applicationTaskExecutor'
[f3947f94-0cfe-4c67-857c-517f274fd378/build]   | 2023-07-12 11:47:04.902  INFO 584 --- [      Thread-25] j.LocalContainerEntityManagerFactoryBean : Closing JPA EntityManagerFactory for persistence unit 'default'
[f3947f94-0cfe-4c67-857c-517f274fd378/build]   | 2023-07-12 11:47:04.902  INFO 584 --- [      Thread-25] .SchemaDropperImpl$DelayedDropActionImpl : HHH000477: Starting delayed evictData of schema as part of SessionFactory shut-down'
[f3947f94-0cfe-4c67-857c-517f274fd378/build]   | 2023-07-12 11:47:04.905  INFO 584 --- [      Thread-15] j.LocalContainerEntityManagerFactoryBean : Closing JPA EntityManagerFactory for persistence unit 'default'
[f3947f94-0cfe-4c67-857c-517f274fd378/build]   | 2023-07-12 11:47:04.906  INFO 584 --- [      Thread-15] .SchemaDropperImpl$DelayedDropActionImpl : HHH000477: Starting delayed evictData of schema as part of SessionFactory shut-down'
[f3947f94-0cfe-4c67-857c-517f274fd378/build]   | 2023-07-12 11:47:04.907  INFO 584 --- [      Thread-12] o.s.s.concurrent.ThreadPoolTaskExecutor  : Shutting down ExecutorService 'applicationTaskExecutor'
[f3947f94-0cfe-4c67-857c-517f274fd378/build]   | 2023-07-12 11:47:04.909  INFO 584 --- [      Thread-12] j.LocalContainerEntityManagerFactoryBean : Closing JPA EntityManagerFactory for persistence unit 'default'
[f3947f94-0cfe-4c67-857c-517f274fd378/build]   | 2023-07-12 11:47:04.951  INFO 584 --- [      Thread-12] .SchemaDropperImpl$DelayedDropActionImpl : HHH000477: Starting delayed evictData of schema as part of SessionFactory shut-down'
[f3947f94-0cfe-4c67-857c-517f274fd378/build]   | 2023-07-12 11:47:04.905  INFO 584 --- [      Thread-19] o.s.s.concurrent.ThreadPoolTaskExecutor  : Shutting down ExecutorService 'applicationTaskExecutor'
[f3947f94-0cfe-4c67-857c-517f274fd378/build]   | 2023-07-12 11:47:04.943  WARN 584 --- [      Thread-25] o.h.engine.jdbc.spi.SqlExceptionHelper   : SQL Error: 90121, SQLState: 90121
[f3947f94-0cfe-4c67-857c-517f274fd378/build]   | 2023-07-12 11:47:04.952 ERROR 584 --- [      Thread-25] o.h.engine.jdbc.spi.SqlExceptionHelper   : Database is already closed (to disable automatic closing at VM shutdown, add ";DB_CLOSE_ON_EXIT=FALSE" to the db URL) [90121-199]
[f3947f94-0cfe-4c67-857c-517f274fd378/build]   | 2023-07-12 11:47:04.952  WARN 584 --- [      Thread-25] o.h.engine.jdbc.spi.SqlExceptionHelper   : SQL Error: 90121, SQLState: 90121
[f3947f94-0cfe-4c67-857c-517f274fd378/build]   | 2023-07-12 11:47:04.952 ERROR 584 --- [      Thread-25] o.h.engine.jdbc.spi.SqlExceptionHelper   : Database is already closed (to disable automatic closing at VM shutdown, add ";DB_CLOSE_ON_EXIT=FALSE" to the db URL) [90121-199]
[f3947f94-0cfe-4c67-857c-517f274fd378/build]   | 2023-07-12 11:47:04.952  WARN 584 --- [      Thread-25] o.s.b.f.support.DisposableBeanAdapter    : Invocation of destroy method failed on bean with name 'entityManagerFactory': org.hibernate.exception.JDBCConnectionException: Unable to release JDBC Connection used for DDL execution
[f3947f94-0cfe-4c67-857c-517f274fd378/build]   | 2023-07-12 11:47:04.952  INFO 584 --- [      Thread-19] j.LocalContainerEntityManagerFactoryBean : Closing JPA EntityManagerFactory for persistence unit 'default'
[f3947f94-0cfe-4c67-857c-517f274fd378/build]   | 2023-07-12 11:47:04.953  INFO 584 --- [      Thread-25] com.zaxxer.hikari.HikariDataSource       : HikariPool-7 - Shutdown initiated...
[f3947f94-0cfe-4c67-857c-517f274fd378/build]   | 2023-07-12 11:47:04.953  INFO 584 --- [      Thread-19] .SchemaDropperImpl$DelayedDropActionImpl : HHH000477: Starting delayed evictData of schema as part of SessionFactory shut-down'
[f3947f94-0cfe-4c67-857c-517f274fd378/build]   | 2023-07-12 11:47:05.128  INFO 584 --- [      Thread-25] com.zaxxer.hikari.HikariDataSource       : HikariPool-7 - Shutdown completed.
[f3947f94-0cfe-4c67-857c-517f274fd378/build]   | 2023-07-12 11:47:05.197  INFO 584 --- [      Thread-10] com.zaxxer.hikari.HikariDataSource       : HikariPool-2 - Shutdown initiated...
[f3947f94-0cfe-4c67-857c-517f274fd378/build]   | 2023-07-12 11:47:05.239  INFO 584 --- [      Thread-12] com.zaxxer.hikari.HikariDataSource       : HikariPool-3 - Shutdown initiated...
[f3947f94-0cfe-4c67-857c-517f274fd378/build]   | 2023-07-12 11:47:05.277  INFO 584 --- [      Thread-15] com.zaxxer.hikari.HikariDataSource       : HikariPool-4 - Shutdown initiated...
[f3947f94-0cfe-4c67-857c-517f274fd378/build]   | 2023-07-12 11:47:05.293  INFO 584 --- [      Thread-19] com.zaxxer.hikari.HikariDataSource       : HikariPool-5 - Shutdown initiated...
[f3947f94-0cfe-4c67-857c-517f274fd378/build]   | 2023-07-12 11:47:05.298  INFO 584 --- [       Thread-7] com.zaxxer.hikari.HikariDataSource       : HikariPool-1 - Shutdown initiated...
[f3947f94-0cfe-4c67-857c-517f274fd378/build]   | 2023-07-12 11:47:05.304  INFO 584 --- [       Thread-7] com.zaxxer.hikari.HikariDataSource       : HikariPool-1 - Shutdown completed.
[f3947f94-0cfe-4c67-857c-517f274fd378/build]   | 2023-07-12 11:47:05.313  INFO 584 --- [      Thread-23] com.zaxxer.hikari.HikariDataSource       : HikariPool-6 - Shutdown initiated...
[f3947f94-0cfe-4c67-857c-517f274fd378/build]   | 2023-07-12 11:47:05.318  INFO 584 --- [      Thread-19] com.zaxxer.hikari.HikariDataSource       : HikariPool-5 - Shutdown completed.
[f3947f94-0cfe-4c67-857c-517f274fd378/build]   | 2023-07-12 11:47:05.324  INFO 584 --- [      Thread-23] com.zaxxer.hikari.HikariDataSource       : HikariPool-6 - Shutdown completed.
[f3947f94-0cfe-4c67-857c-517f274fd378/build]   | 2023-07-12 11:47:05.335  INFO 584 --- [      Thread-15] com.zaxxer.hikari.HikariDataSource       : HikariPool-4 - Shutdown completed.
[f3947f94-0cfe-4c67-857c-517f274fd378/build]   | 2023-07-12 11:47:05.337  INFO 584 --- [      Thread-12] com.zaxxer.hikari.HikariDataSource       : HikariPool-3 - Shutdown completed.
[f3947f94-0cfe-4c67-857c-517f274fd378/build]   | 2023-07-12 11:47:05.345  INFO 584 --- [      Thread-10] com.zaxxer.hikari.HikariDataSource       : HikariPool-2 - Shutdown completed.
[f3947f94-0cfe-4c67-857c-517f274fd378/build]   | 
[f3947f94-0cfe-4c67-857c-517f274fd378/build]   | 79 tests completed, 4 failed
[f3947f94-0cfe-4c67-857c-517f274fd378/build]   | 
[f3947f94-0cfe-4c67-857c-517f274fd378/build]   | > Task :test FAILED
[f3947f94-0cfe-4c67-857c-517f274fd378/build]   | 
[f3947f94-0cfe-4c67-857c-517f274fd378/build]   | FAILURE: Build failed with an exception.
[f3947f94-0cfe-4c67-857c-517f274fd378/build]   | 
[f3947f94-0cfe-4c67-857c-517f274fd378/build]   | * What went wrong:
[f3947f94-0cfe-4c67-857c-517f274fd378/build]   | Execution failed for task ':test'.
[f3947f94-0cfe-4c67-857c-517f274fd378/build]   | > There were failing tests. See the report at: file:///tmp/2ce070e3-85c1-40d3-bd2e-4dc57fc6b034/build/reports/tests/test/index.html
[f3947f94-0cfe-4c67-857c-517f274fd378/build]   | 
[f3947f94-0cfe-4c67-857c-517f274fd378/build]   | * Try:
[f3947f94-0cfe-4c67-857c-517f274fd378/build]   | Run with --stacktrace option to get the stack trace. Run with --info or --debug option to get more log output. Run with --scan to get full insights.
[f3947f94-0cfe-4c67-857c-517f274fd378/build]   | 
[f3947f94-0cfe-4c67-857c-517f274fd378/build]   | * Get more help at https://help.gradle.org
[f3947f94-0cfe-4c67-857c-517f274fd378/build]   | 
[f3947f94-0cfe-4c67-857c-517f274fd378/build]   | BUILD FAILED in 2m 28s
[f3947f94-0cfe-4c67-857c-517f274fd378/build]   | 6 actionable tasks: 6 executed
[f3947f94-0cfe-4c67-857c-517f274fd378/build]   âŒ  Failure - Main Build with Gradle
[f3947f94-0cfe-4c67-857c-517f274fd378/build] exitcode '1': failure
[f3947f94-0cfe-4c67-857c-517f274fd378/build] unable to get git ref: failed to identify reference (tag/branch) for the checked-out revision '00fd6cb262740f00aadd48c6df41bf9c27966d26'
[f3947f94-0cfe-4c67-857c-517f274fd378/build] unable to get git ref: failed to identify reference (tag/branch) for the checked-out revision '00fd6cb262740f00aadd48c6df41bf9c27966d26'
[f3947f94-0cfe-4c67-857c-517f274fd378/build] unable to get git ref: failed to identify reference (tag/branch) for the checked-out revision '00fd6cb262740f00aadd48c6df41bf9c27966d26'
[f3947f94-0cfe-4c67-857c-517f274fd378/build] unable to get git ref: failed to identify reference (tag/branch) for the checked-out revision '00fd6cb262740f00aadd48c6df41bf9c27966d26'
[f3947f94-0cfe-4c67-857c-517f274fd378/build] unable to get git ref: failed to identify reference (tag/branch) for the checked-out revision '00fd6cb262740f00aadd48c6df41bf9c27966d26'
[f3947f94-0cfe-4c67-857c-517f274fd378/build] â­ Run Post Set up JDK 1.8
[f3947f94-0cfe-4c67-857c-517f274fd378/build]   ğŸ³  docker exec cmd=[node /var/run/act/actions/actions-setup-java@v1/dist/cleanup/index.js] user= workdir=
[f3947f94-0cfe-4c67-857c-517f274fd378/build]   âœ…  Success - Post Set up JDK 1.8
[f3947f94-0cfe-4c67-857c-517f274fd378/build] ğŸ  Job failed
[f3947f94-0cfe-4c67-857c-517f274fd378/build] unable to get git ref: failed to identify reference (tag/branch) for the checked-out revision '00fd6cb262740f00aadd48c6df41bf9c27966d26'
