[6874423f-970a-4f0f-b456-feb1a983dd70/build] ğŸš€  Start image=crawlergpt:latest
[6874423f-970a-4f0f-b456-feb1a983dd70/build]   ğŸ³  docker pull image=crawlergpt:latest platform= username= forcePull=false
[6874423f-970a-4f0f-b456-feb1a983dd70/build]   ğŸ³  docker create image=crawlergpt:latest platform= entrypoint=["tail" "-f" "/dev/null"] cmd=[]
[6874423f-970a-4f0f-b456-feb1a983dd70/build]   ğŸ³  docker run image=crawlergpt:latest platform= entrypoint=["tail" "-f" "/dev/null"] cmd=[]
[6874423f-970a-4f0f-b456-feb1a983dd70/build]   ğŸ³  docker exec cmd=[chown -R 1012:1013 /tmp/56b62f47-b76d-4bff-a999-dc336de77505] user=0 workdir=
[6874423f-970a-4f0f-b456-feb1a983dd70/build] unable to get git ref: failed to identify reference (tag/branch) for the checked-out revision '36c7ca9c8ffc77ff55e60bd3a496259996dc2587'
[6874423f-970a-4f0f-b456-feb1a983dd70/build] unable to get git ref: failed to identify reference (tag/branch) for the checked-out revision '36c7ca9c8ffc77ff55e60bd3a496259996dc2587'
[6874423f-970a-4f0f-b456-feb1a983dd70/build] unable to get git ref: failed to identify reference (tag/branch) for the checked-out revision '36c7ca9c8ffc77ff55e60bd3a496259996dc2587'
[6874423f-970a-4f0f-b456-feb1a983dd70/build] unable to get git ref: failed to identify reference (tag/branch) for the checked-out revision '36c7ca9c8ffc77ff55e60bd3a496259996dc2587'
[6874423f-970a-4f0f-b456-feb1a983dd70/build] unable to get git ref: failed to identify reference (tag/branch) for the checked-out revision '36c7ca9c8ffc77ff55e60bd3a496259996dc2587'
[6874423f-970a-4f0f-b456-feb1a983dd70/build] unable to get git ref: failed to identify reference (tag/branch) for the checked-out revision '36c7ca9c8ffc77ff55e60bd3a496259996dc2587'
[6874423f-970a-4f0f-b456-feb1a983dd70/build] unable to get git ref: failed to identify reference (tag/branch) for the checked-out revision '36c7ca9c8ffc77ff55e60bd3a496259996dc2587'
[6874423f-970a-4f0f-b456-feb1a983dd70/build] unable to get git ref: failed to identify reference (tag/branch) for the checked-out revision '36c7ca9c8ffc77ff55e60bd3a496259996dc2587'
[6874423f-970a-4f0f-b456-feb1a983dd70/build] unable to get git ref: failed to identify reference (tag/branch) for the checked-out revision '36c7ca9c8ffc77ff55e60bd3a496259996dc2587'
[6874423f-970a-4f0f-b456-feb1a983dd70/build] â­ Run Main actions/checkout@v1
[6874423f-970a-4f0f-b456-feb1a983dd70/build] unable to get git ref: failed to identify reference (tag/branch) for the checked-out revision '36c7ca9c8ffc77ff55e60bd3a496259996dc2587'
[6874423f-970a-4f0f-b456-feb1a983dd70/build]   âœ…  Success - Main actions/checkout@v1
[6874423f-970a-4f0f-b456-feb1a983dd70/build] unable to get git ref: failed to identify reference (tag/branch) for the checked-out revision '36c7ca9c8ffc77ff55e60bd3a496259996dc2587'
[6874423f-970a-4f0f-b456-feb1a983dd70/build] unable to get git ref: failed to identify reference (tag/branch) for the checked-out revision '36c7ca9c8ffc77ff55e60bd3a496259996dc2587'
[6874423f-970a-4f0f-b456-feb1a983dd70/build] unable to get git ref: failed to identify reference (tag/branch) for the checked-out revision '36c7ca9c8ffc77ff55e60bd3a496259996dc2587'
[6874423f-970a-4f0f-b456-feb1a983dd70/build] unable to get git ref: failed to identify reference (tag/branch) for the checked-out revision '36c7ca9c8ffc77ff55e60bd3a496259996dc2587'
[6874423f-970a-4f0f-b456-feb1a983dd70/build] unable to get git ref: failed to identify reference (tag/branch) for the checked-out revision '36c7ca9c8ffc77ff55e60bd3a496259996dc2587'
[6874423f-970a-4f0f-b456-feb1a983dd70/build] â­ Run Main Set up JDK 1.8
[6874423f-970a-4f0f-b456-feb1a983dd70/build] unable to get git ref: failed to identify reference (tag/branch) for the checked-out revision '36c7ca9c8ffc77ff55e60bd3a496259996dc2587'
[6874423f-970a-4f0f-b456-feb1a983dd70/build] unable to get git ref: failed to identify reference (tag/branch) for the checked-out revision '36c7ca9c8ffc77ff55e60bd3a496259996dc2587'
[6874423f-970a-4f0f-b456-feb1a983dd70/build] unable to get git ref: failed to identify reference (tag/branch) for the checked-out revision '36c7ca9c8ffc77ff55e60bd3a496259996dc2587'
[6874423f-970a-4f0f-b456-feb1a983dd70/build]   ğŸ³  docker cp src=/tmp/act-cache/ed96d2c3-2f1e-408f-8466-e572e56c7f3f/act/actions-setup-java@v1/ dst=/var/run/act/actions/actions-setup-java@v1/
[6874423f-970a-4f0f-b456-feb1a983dd70/build]   ğŸ³  docker exec cmd=[chown -R 1012:1013 /var/run/act/actions/actions-setup-java@v1/] user=0 workdir=
[6874423f-970a-4f0f-b456-feb1a983dd70/build]   ğŸ³  docker exec cmd=[node /var/run/act/actions/actions-setup-java@v1/dist/setup/index.js] user= workdir=
[6874423f-970a-4f0f-b456-feb1a983dd70/build]   ğŸ’¬  ::debug::isExplicit: 
[6874423f-970a-4f0f-b456-feb1a983dd70/build]   ğŸ’¬  ::debug::explicit? false
[6874423f-970a-4f0f-b456-feb1a983dd70/build]   ğŸ’¬  ::debug::evaluating 0 versions
[6874423f-970a-4f0f-b456-feb1a983dd70/build]   ğŸ’¬  ::debug::match not found
[6874423f-970a-4f0f-b456-feb1a983dd70/build]   ğŸ’¬  ::debug::Downloading JDK from Azul
[6874423f-970a-4f0f-b456-feb1a983dd70/build]   ğŸ’¬  ::debug::Searching for files with extension: -linux_x64.tar.gz
[6874423f-970a-4f0f-b456-feb1a983dd70/build]   ğŸ’¬  ::debug::Downloading https://static.azul.com/zulu/bin/zulu8.70.0.23-ca-jdk8.0.372-linux_x64.tar.gz
[6874423f-970a-4f0f-b456-feb1a983dd70/build]   ğŸ’¬  ::debug::Downloading /tmp/5284f1b2-c4b0-47bb-86e6-27d50cb53893
[6874423f-970a-4f0f-b456-feb1a983dd70/build]   ğŸ’¬  ::debug::download complete
[6874423f-970a-4f0f-b456-feb1a983dd70/build]   | [command]/usr/bin/tar --version
[6874423f-970a-4f0f-b456-feb1a983dd70/build]   | tar (GNU tar) 1.30
[6874423f-970a-4f0f-b456-feb1a983dd70/build]   | Copyright (C) 2017 Free Software Foundation, Inc.
[6874423f-970a-4f0f-b456-feb1a983dd70/build]   | License GPLv3+: GNU GPL version 3 or later <https://gnu.org/licenses/gpl.html>.
[6874423f-970a-4f0f-b456-feb1a983dd70/build]   | This is free software: you are free to change and redistribute it.
[6874423f-970a-4f0f-b456-feb1a983dd70/build]   | There is NO WARRANTY, to the extent permitted by law.
[6874423f-970a-4f0f-b456-feb1a983dd70/build]   | 
[6874423f-970a-4f0f-b456-feb1a983dd70/build]   | Written by John Gilmore and Jay Fenlason.
[6874423f-970a-4f0f-b456-feb1a983dd70/build]   | [command]/usr/bin/tar xz --warning=no-unknown-keyword -C /tmp/temp_1818136534 -f /tmp/5284f1b2-c4b0-47bb-86e6-27d50cb53893
[6874423f-970a-4f0f-b456-feb1a983dd70/build]   ğŸ’¬  ::debug::jdk extracted to /tmp/temp_1818136534/zulu8.70.0.23-ca-jdk8.0.372-linux_x64
[6874423f-970a-4f0f-b456-feb1a983dd70/build]   ğŸ’¬  ::debug::Caching tool jdk 8.0.372 x64
[6874423f-970a-4f0f-b456-feb1a983dd70/build]   ğŸ’¬  ::debug::source dir: /tmp/temp_1818136534/zulu8.70.0.23-ca-jdk8.0.372-linux_x64
[6874423f-970a-4f0f-b456-feb1a983dd70/build]   ğŸ’¬  ::debug::destination /opt/hostedtoolcache/jdk/8.0.372/x64
[6874423f-970a-4f0f-b456-feb1a983dd70/build]   ğŸ’¬  ::debug::finished caching tool
[6874423f-970a-4f0f-b456-feb1a983dd70/build]   â“ add-matcher /run/act/actions/actions-setup-java@v1/.github/java.json
[6874423f-970a-4f0f-b456-feb1a983dd70/build]   | creating settings.xml with server-id: github; environment variables: username=$GITHUB_ACTOR, password=$GITHUB_TOKEN, and gpg-passphrase=null
[6874423f-970a-4f0f-b456-feb1a983dd70/build]   ğŸ’¬  ::debug::created directory /home/runneradmin/.m2
[6874423f-970a-4f0f-b456-feb1a983dd70/build]   | writing /home/runneradmin/.m2/settings.xml
[6874423f-970a-4f0f-b456-feb1a983dd70/build]   âœ…  Success - Main Set up JDK 1.8
[6874423f-970a-4f0f-b456-feb1a983dd70/build]   âš™  ::set-env:: JAVA_HOME_8.0.372_x64=/opt/hostedtoolcache/jdk/8.0.372/x64
[6874423f-970a-4f0f-b456-feb1a983dd70/build]   âš™  ::set-env:: JAVA_HOME=/opt/hostedtoolcache/jdk/8.0.372/x64
[6874423f-970a-4f0f-b456-feb1a983dd70/build]   âš™  ::set-env:: JAVA_HOME_8_0_372_X64=/opt/hostedtoolcache/jdk/8.0.372/x64
[6874423f-970a-4f0f-b456-feb1a983dd70/build]   âš™  ::set-output:: path=/opt/hostedtoolcache/jdk/8.0.372/x64
[6874423f-970a-4f0f-b456-feb1a983dd70/build]   âš™  ::set-output:: version=8.0.372
[6874423f-970a-4f0f-b456-feb1a983dd70/build]   âš™  ::add-path:: /opt/hostedtoolcache/jdk/8.0.372/x64/bin
[6874423f-970a-4f0f-b456-feb1a983dd70/build] unable to get git ref: failed to identify reference (tag/branch) for the checked-out revision '36c7ca9c8ffc77ff55e60bd3a496259996dc2587'
[6874423f-970a-4f0f-b456-feb1a983dd70/build] unable to get git ref: failed to identify reference (tag/branch) for the checked-out revision '36c7ca9c8ffc77ff55e60bd3a496259996dc2587'
[6874423f-970a-4f0f-b456-feb1a983dd70/build] unable to get git ref: failed to identify reference (tag/branch) for the checked-out revision '36c7ca9c8ffc77ff55e60bd3a496259996dc2587'
[6874423f-970a-4f0f-b456-feb1a983dd70/build] unable to get git ref: failed to identify reference (tag/branch) for the checked-out revision '36c7ca9c8ffc77ff55e60bd3a496259996dc2587'
[6874423f-970a-4f0f-b456-feb1a983dd70/build] unable to get git ref: failed to identify reference (tag/branch) for the checked-out revision '36c7ca9c8ffc77ff55e60bd3a496259996dc2587'
[6874423f-970a-4f0f-b456-feb1a983dd70/build] â­ Run Main Build with Gradle
[6874423f-970a-4f0f-b456-feb1a983dd70/build] unable to get git ref: failed to identify reference (tag/branch) for the checked-out revision '36c7ca9c8ffc77ff55e60bd3a496259996dc2587'
[6874423f-970a-4f0f-b456-feb1a983dd70/build] unable to get git ref: failed to identify reference (tag/branch) for the checked-out revision '36c7ca9c8ffc77ff55e60bd3a496259996dc2587'
[6874423f-970a-4f0f-b456-feb1a983dd70/build] unable to get git ref: failed to identify reference (tag/branch) for the checked-out revision '36c7ca9c8ffc77ff55e60bd3a496259996dc2587'
[6874423f-970a-4f0f-b456-feb1a983dd70/build] unable to get git ref: failed to identify reference (tag/branch) for the checked-out revision '36c7ca9c8ffc77ff55e60bd3a496259996dc2587'
[6874423f-970a-4f0f-b456-feb1a983dd70/build]   ğŸ³  docker exec cmd=[bash --noprofile --norc -e -o pipefail /var/run/act/workflow/2] user= workdir=
[6874423f-970a-4f0f-b456-feb1a983dd70/build]   | Downloading https://services.gradle.org/distributions/gradle-5.2.1-all.zip
[6874423f-970a-4f0f-b456-feb1a983dd70/build]   | ..............................................................................................................................
[6874423f-970a-4f0f-b456-feb1a983dd70/build]   | 
[6874423f-970a-4f0f-b456-feb1a983dd70/build]   | Welcome to Gradle 5.2.1!
[6874423f-970a-4f0f-b456-feb1a983dd70/build]   | 
[6874423f-970a-4f0f-b456-feb1a983dd70/build]   | Here are the highlights of this release:
[6874423f-970a-4f0f-b456-feb1a983dd70/build]   |  - Define sets of dependencies that work together with Java Platform plugin
[6874423f-970a-4f0f-b456-feb1a983dd70/build]   |  - New C++ plugins with dependency management built-in
[6874423f-970a-4f0f-b456-feb1a983dd70/build]   |  - New C++ project types for gradle init
[6874423f-970a-4f0f-b456-feb1a983dd70/build]   |  - Service injection into plugins and project extensions
[6874423f-970a-4f0f-b456-feb1a983dd70/build]   | 
[6874423f-970a-4f0f-b456-feb1a983dd70/build]   | For more details see https://docs.gradle.org/5.2.1/release-notes.html
[6874423f-970a-4f0f-b456-feb1a983dd70/build]   | 
[6874423f-970a-4f0f-b456-feb1a983dd70/build]   | Starting a Gradle Daemon (subsequent builds will be faster)
[6874423f-970a-4f0f-b456-feb1a983dd70/build]   | > Task :compileJava
[6874423f-970a-4f0f-b456-feb1a983dd70/build]   | > Task :processResources
[6874423f-970a-4f0f-b456-feb1a983dd70/build]   | > Task :classes
[6874423f-970a-4f0f-b456-feb1a983dd70/build]   | > Task :bootJar
[6874423f-970a-4f0f-b456-feb1a983dd70/build]   | > Task :jar SKIPPED
[6874423f-970a-4f0f-b456-feb1a983dd70/build]   | > Task :assemble
[6874423f-970a-4f0f-b456-feb1a983dd70/build]   | > Task :compileTestJava
[6874423f-970a-4f0f-b456-feb1a983dd70/build]   | > Task :processTestResources
[6874423f-970a-4f0f-b456-feb1a983dd70/build]   | > Task :testClasses
[6874423f-970a-4f0f-b456-feb1a983dd70/build]   | > Task :test
[6874423f-970a-4f0f-b456-feb1a983dd70/build]   | 
[6874423f-970a-4f0f-b456-feb1a983dd70/build]   | com.projecty.projectyweb.message.MessageControllerTests > givenRequestOnDownloadFile_shouldReturnFileToDownload FAILED
[6874423f-970a-4f0f-b456-feb1a983dd70/build]   |     java.lang.AssertionError at MessageControllerTests.java:176
[6874423f-970a-4f0f-b456-feb1a983dd70/build]   | 
[6874423f-970a-4f0f-b456-feb1a983dd70/build]   | com.projecty.projectyweb.message.MessageControllerTests > givenRequestOnSendMessage_shouldReturnOk FAILED
[6874423f-970a-4f0f-b456-feb1a983dd70/build]   |     org.springframework.web.util.NestedServletException at MessageControllerTests.java:128
[6874423f-970a-4f0f-b456-feb1a983dd70/build]   |         Caused by: org.springframework.dao.DataIntegrityViolationException at MessageControllerTests.java:128
[6874423f-970a-4f0f-b456-feb1a983dd70/build]   |             Caused by: org.hibernate.exception.ConstraintViolationException at MessageControllerTests.java:128
[6874423f-970a-4f0f-b456-feb1a983dd70/build]   |                 Caused by: org.h2.jdbc.JdbcSQLIntegrityConstraintViolationException at MessageControllerTests.java:128
[6874423f-970a-4f0f-b456-feb1a983dd70/build]   | 
[6874423f-970a-4f0f-b456-feb1a983dd70/build]   | com.projecty.projectyweb.message.MessageControllerTests > givenRequestOnViewMessage_shouldReturnMessage FAILED
[6874423f-970a-4f0f-b456-feb1a983dd70/build]   |     java.lang.AssertionError at MessageControllerTests.java:138
[6874423f-970a-4f0f-b456-feb1a983dd70/build]   | 
[6874423f-970a-4f0f-b456-feb1a983dd70/build]   | com.projecty.projectyweb.message.MessageControllerTests > givenRequestOnSendMessageToYourself_shouldReturnBadRequest FAILED
[6874423f-970a-4f0f-b456-feb1a983dd70/build]   |     org.springframework.web.util.NestedServletException at MessageControllerTests.java:119
[6874423f-970a-4f0f-b456-feb1a983dd70/build]   |         Caused by: org.springframework.dao.DataIntegrityViolationException at MessageControllerTests.java:119
[6874423f-970a-4f0f-b456-feb1a983dd70/build]   |             Caused by: org.hibernate.exception.ConstraintViolationException at MessageControllerTests.java:119
[6874423f-970a-4f0f-b456-feb1a983dd70/build]   |                 Caused by: org.h2.jdbc.JdbcSQLIntegrityConstraintViolationException at MessageControllerTests.java:119
[6874423f-970a-4f0f-b456-feb1a983dd70/build]   | 2023-07-12 11:47:03.951  INFO 582 --- [      Thread-19] o.s.s.concurrent.ThreadPoolTaskExecutor  : Shutting down ExecutorService 'applicationTaskExecutor'
[6874423f-970a-4f0f-b456-feb1a983dd70/build]   | 2023-07-12 11:47:03.955  INFO 582 --- [      Thread-19] j.LocalContainerEntityManagerFactoryBean : Closing JPA EntityManagerFactory for persistence unit 'default'
[6874423f-970a-4f0f-b456-feb1a983dd70/build]   | 2023-07-12 11:47:03.962  INFO 582 --- [      Thread-19] .SchemaDropperImpl$DelayedDropActionImpl : HHH000477: Starting delayed evictData of schema as part of SessionFactory shut-down'
[6874423f-970a-4f0f-b456-feb1a983dd70/build]   | 2023-07-12 11:47:03.965  INFO 582 --- [       Thread-7] o.s.s.concurrent.ThreadPoolTaskExecutor  : Shutting down ExecutorService 'applicationTaskExecutor'
[6874423f-970a-4f0f-b456-feb1a983dd70/build]   | 2023-07-12 11:47:03.967  INFO 582 --- [       Thread-7] j.LocalContainerEntityManagerFactoryBean : Closing JPA EntityManagerFactory for persistence unit 'default'
[6874423f-970a-4f0f-b456-feb1a983dd70/build]   | 2023-07-12 11:47:03.968  INFO 582 --- [       Thread-7] .SchemaDropperImpl$DelayedDropActionImpl : HHH000477: Starting delayed evictData of schema as part of SessionFactory shut-down'
[6874423f-970a-4f0f-b456-feb1a983dd70/build]   | 2023-07-12 11:47:04.060  INFO 582 --- [      Thread-12] o.s.s.concurrent.ThreadPoolTaskExecutor  : Shutting down ExecutorService 'applicationTaskExecutor'
[6874423f-970a-4f0f-b456-feb1a983dd70/build]   | 2023-07-12 11:47:04.062  INFO 582 --- [      Thread-12] j.LocalContainerEntityManagerFactoryBean : Closing JPA EntityManagerFactory for persistence unit 'default'
[6874423f-970a-4f0f-b456-feb1a983dd70/build]   | 2023-07-12 11:47:04.062  INFO 582 --- [      Thread-12] .SchemaDropperImpl$DelayedDropActionImpl : HHH000477: Starting delayed evictData of schema as part of SessionFactory shut-down'
[6874423f-970a-4f0f-b456-feb1a983dd70/build]   | 2023-07-12 11:47:04.085  INFO 582 --- [      Thread-10] o.s.s.concurrent.ThreadPoolTaskExecutor  : Shutting down ExecutorService 'applicationTaskExecutor'
[6874423f-970a-4f0f-b456-feb1a983dd70/build]   | 2023-07-12 11:47:04.086  INFO 582 --- [      Thread-10] j.LocalContainerEntityManagerFactoryBean : Closing JPA EntityManagerFactory for persistence unit 'default'
[6874423f-970a-4f0f-b456-feb1a983dd70/build]   | 2023-07-12 11:47:04.086  INFO 582 --- [      Thread-10] .SchemaDropperImpl$DelayedDropActionImpl : HHH000477: Starting delayed evictData of schema as part of SessionFactory shut-down'
[6874423f-970a-4f0f-b456-feb1a983dd70/build]   | 2023-07-12 11:47:04.087  INFO 582 --- [      Thread-23] o.s.s.concurrent.ThreadPoolTaskExecutor  : Shutting down ExecutorService 'applicationTaskExecutor'
[6874423f-970a-4f0f-b456-feb1a983dd70/build]   | 2023-07-12 11:47:04.087  INFO 582 --- [      Thread-23] j.LocalContainerEntityManagerFactoryBean : Closing JPA EntityManagerFactory for persistence unit 'default'
[6874423f-970a-4f0f-b456-feb1a983dd70/build]   | 2023-07-12 11:47:04.087  INFO 582 --- [      Thread-23] .SchemaDropperImpl$DelayedDropActionImpl : HHH000477: Starting delayed evictData of schema as part of SessionFactory shut-down'
[6874423f-970a-4f0f-b456-feb1a983dd70/build]   | 2023-07-12 11:47:04.088  INFO 582 --- [      Thread-25] o.s.s.concurrent.ThreadPoolTaskExecutor  : Shutting down ExecutorService 'applicationTaskExecutor'
[6874423f-970a-4f0f-b456-feb1a983dd70/build]   | 2023-07-12 11:47:04.089  INFO 582 --- [      Thread-25] j.LocalContainerEntityManagerFactoryBean : Closing JPA EntityManagerFactory for persistence unit 'default'
[6874423f-970a-4f0f-b456-feb1a983dd70/build]   | 2023-07-12 11:47:04.089  INFO 582 --- [      Thread-25] .SchemaDropperImpl$DelayedDropActionImpl : HHH000477: Starting delayed evictData of schema as part of SessionFactory shut-down'
[6874423f-970a-4f0f-b456-feb1a983dd70/build]   | 2023-07-12 11:47:04.091  INFO 582 --- [      Thread-15] o.s.s.concurrent.ThreadPoolTaskExecutor  : Shutting down ExecutorService 'applicationTaskExecutor'
[6874423f-970a-4f0f-b456-feb1a983dd70/build]   | 2023-07-12 11:47:04.092  INFO 582 --- [      Thread-15] j.LocalContainerEntityManagerFactoryBean : Closing JPA EntityManagerFactory for persistence unit 'default'
[6874423f-970a-4f0f-b456-feb1a983dd70/build]   | 2023-07-12 11:47:04.092  INFO 582 --- [      Thread-15] .SchemaDropperImpl$DelayedDropActionImpl : HHH000477: Starting delayed evictData of schema as part of SessionFactory shut-down'
[6874423f-970a-4f0f-b456-feb1a983dd70/build]   | 2023-07-12 11:47:04.162  INFO 582 --- [      Thread-19] com.zaxxer.hikari.HikariDataSource       : HikariPool-5 - Shutdown initiated...
[6874423f-970a-4f0f-b456-feb1a983dd70/build]   | 2023-07-12 11:47:04.163  WARN 582 --- [      Thread-25] o.h.engine.jdbc.spi.SqlExceptionHelper   : SQL Error: 90121, SQLState: 90121
[6874423f-970a-4f0f-b456-feb1a983dd70/build]   | 2023-07-12 11:47:04.164 ERROR 582 --- [      Thread-25] o.h.engine.jdbc.spi.SqlExceptionHelper   : Database is already closed (to disable automatic closing at VM shutdown, add ";DB_CLOSE_ON_EXIT=FALSE" to the db URL) [90121-199]
[6874423f-970a-4f0f-b456-feb1a983dd70/build]   | 2023-07-12 11:47:04.164  WARN 582 --- [      Thread-25] o.h.engine.jdbc.spi.SqlExceptionHelper   : SQL Error: 90121, SQLState: 90121
[6874423f-970a-4f0f-b456-feb1a983dd70/build]   | 2023-07-12 11:47:04.164 ERROR 582 --- [      Thread-25] o.h.engine.jdbc.spi.SqlExceptionHelper   : Database is already closed (to disable automatic closing at VM shutdown, add ";DB_CLOSE_ON_EXIT=FALSE" to the db URL) [90121-199]
[6874423f-970a-4f0f-b456-feb1a983dd70/build]   | 2023-07-12 11:47:04.165  WARN 582 --- [      Thread-25] o.s.b.f.support.DisposableBeanAdapter    : Invocation of destroy method failed on bean with name 'entityManagerFactory': org.hibernate.exception.JDBCConnectionException: Unable to release JDBC Connection used for DDL execution
[6874423f-970a-4f0f-b456-feb1a983dd70/build]   | 2023-07-12 11:47:04.165  INFO 582 --- [      Thread-25] com.zaxxer.hikari.HikariDataSource       : HikariPool-7 - Shutdown initiated...
[6874423f-970a-4f0f-b456-feb1a983dd70/build]   | 2023-07-12 11:47:04.233  INFO 582 --- [      Thread-25] com.zaxxer.hikari.HikariDataSource       : HikariPool-7 - Shutdown completed.
[6874423f-970a-4f0f-b456-feb1a983dd70/build]   | 2023-07-12 11:47:04.249  INFO 582 --- [       Thread-7] com.zaxxer.hikari.HikariDataSource       : HikariPool-1 - Shutdown initiated...
[6874423f-970a-4f0f-b456-feb1a983dd70/build]   | 2023-07-12 11:47:04.255  INFO 582 --- [      Thread-23] com.zaxxer.hikari.HikariDataSource       : HikariPool-6 - Shutdown initiated...
[6874423f-970a-4f0f-b456-feb1a983dd70/build]   | 2023-07-12 11:47:04.255  INFO 582 --- [      Thread-12] com.zaxxer.hikari.HikariDataSource       : HikariPool-3 - Shutdown initiated...
[6874423f-970a-4f0f-b456-feb1a983dd70/build]   | 2023-07-12 11:47:04.257  INFO 582 --- [      Thread-10] com.zaxxer.hikari.HikariDataSource       : HikariPool-2 - Shutdown initiated...
[6874423f-970a-4f0f-b456-feb1a983dd70/build]   | 2023-07-12 11:47:04.260  INFO 582 --- [      Thread-19] com.zaxxer.hikari.HikariDataSource       : HikariPool-5 - Shutdown completed.
[6874423f-970a-4f0f-b456-feb1a983dd70/build]   | 2023-07-12 11:47:04.305  INFO 582 --- [      Thread-15] com.zaxxer.hikari.HikariDataSource       : HikariPool-4 - Shutdown initiated...
[6874423f-970a-4f0f-b456-feb1a983dd70/build]   | 2023-07-12 11:47:04.308  INFO 582 --- [       Thread-7] com.zaxxer.hikari.HikariDataSource       : HikariPool-1 - Shutdown completed.
[6874423f-970a-4f0f-b456-feb1a983dd70/build]   | 2023-07-12 11:47:04.312  INFO 582 --- [      Thread-12] com.zaxxer.hikari.HikariDataSource       : HikariPool-3 - Shutdown completed.
[6874423f-970a-4f0f-b456-feb1a983dd70/build]   | 2023-07-12 11:47:04.318  INFO 582 --- [      Thread-23] com.zaxxer.hikari.HikariDataSource       : HikariPool-6 - Shutdown completed.
[6874423f-970a-4f0f-b456-feb1a983dd70/build]   | 2023-07-12 11:47:04.321  INFO 582 --- [      Thread-15] com.zaxxer.hikari.HikariDataSource       : HikariPool-4 - Shutdown completed.
[6874423f-970a-4f0f-b456-feb1a983dd70/build]   | 2023-07-12 11:47:04.324  INFO 582 --- [      Thread-10] com.zaxxer.hikari.HikariDataSource       : HikariPool-2 - Shutdown completed.
[6874423f-970a-4f0f-b456-feb1a983dd70/build]   | 
[6874423f-970a-4f0f-b456-feb1a983dd70/build]   | 79 tests completed, 4 failed
[6874423f-970a-4f0f-b456-feb1a983dd70/build]   | 
[6874423f-970a-4f0f-b456-feb1a983dd70/build]   | > Task :test FAILED
[6874423f-970a-4f0f-b456-feb1a983dd70/build]   | 
[6874423f-970a-4f0f-b456-feb1a983dd70/build]   | FAILURE: Build failed with an exception.
[6874423f-970a-4f0f-b456-feb1a983dd70/build]   | 
[6874423f-970a-4f0f-b456-feb1a983dd70/build]   | * What went wrong:
[6874423f-970a-4f0f-b456-feb1a983dd70/build]   | Execution failed for task ':test'.
[6874423f-970a-4f0f-b456-feb1a983dd70/build]   | > There were failing tests. See the report at: file:///tmp/56b62f47-b76d-4bff-a999-dc336de77505/build/reports/tests/test/index.html
[6874423f-970a-4f0f-b456-feb1a983dd70/build]   | 
[6874423f-970a-4f0f-b456-feb1a983dd70/build]   | * Try:
[6874423f-970a-4f0f-b456-feb1a983dd70/build]   | Run with --stacktrace option to get the stack trace. Run with --info or --debug option to get more log output. Run with --scan to get full insights.
[6874423f-970a-4f0f-b456-feb1a983dd70/build]   | 
[6874423f-970a-4f0f-b456-feb1a983dd70/build]   | * Get more help at https://help.gradle.org
[6874423f-970a-4f0f-b456-feb1a983dd70/build]   | 
[6874423f-970a-4f0f-b456-feb1a983dd70/build]   | BUILD FAILED in 2m 27s
[6874423f-970a-4f0f-b456-feb1a983dd70/build]   | 6 actionable tasks: 6 executed
[6874423f-970a-4f0f-b456-feb1a983dd70/build]   âŒ  Failure - Main Build with Gradle
[6874423f-970a-4f0f-b456-feb1a983dd70/build] exitcode '1': failure
[6874423f-970a-4f0f-b456-feb1a983dd70/build] unable to get git ref: failed to identify reference (tag/branch) for the checked-out revision '36c7ca9c8ffc77ff55e60bd3a496259996dc2587'
[6874423f-970a-4f0f-b456-feb1a983dd70/build] unable to get git ref: failed to identify reference (tag/branch) for the checked-out revision '36c7ca9c8ffc77ff55e60bd3a496259996dc2587'
[6874423f-970a-4f0f-b456-feb1a983dd70/build] unable to get git ref: failed to identify reference (tag/branch) for the checked-out revision '36c7ca9c8ffc77ff55e60bd3a496259996dc2587'
[6874423f-970a-4f0f-b456-feb1a983dd70/build] unable to get git ref: failed to identify reference (tag/branch) for the checked-out revision '36c7ca9c8ffc77ff55e60bd3a496259996dc2587'
[6874423f-970a-4f0f-b456-feb1a983dd70/build] unable to get git ref: failed to identify reference (tag/branch) for the checked-out revision '36c7ca9c8ffc77ff55e60bd3a496259996dc2587'
[6874423f-970a-4f0f-b456-feb1a983dd70/build] â­ Run Post Set up JDK 1.8
[6874423f-970a-4f0f-b456-feb1a983dd70/build]   ğŸ³  docker exec cmd=[node /var/run/act/actions/actions-setup-java@v1/dist/cleanup/index.js] user= workdir=
[6874423f-970a-4f0f-b456-feb1a983dd70/build]   âœ…  Success - Post Set up JDK 1.8
[6874423f-970a-4f0f-b456-feb1a983dd70/build] ğŸ  Job failed
[6874423f-970a-4f0f-b456-feb1a983dd70/build] unable to get git ref: failed to identify reference (tag/branch) for the checked-out revision '36c7ca9c8ffc77ff55e60bd3a496259996dc2587'
