[0ddfa85b-27ae-4af7-9ae7-82454a623262/build] ğŸš€  Start image=crawlergpt:latest
[0ddfa85b-27ae-4af7-9ae7-82454a623262/build]   ğŸ³  docker pull image=crawlergpt:latest platform= username= forcePull=false
[0ddfa85b-27ae-4af7-9ae7-82454a623262/build]   ğŸ³  docker create image=crawlergpt:latest platform= entrypoint=["tail" "-f" "/dev/null"] cmd=[]
[0ddfa85b-27ae-4af7-9ae7-82454a623262/build]   ğŸ³  docker run image=crawlergpt:latest platform= entrypoint=["tail" "-f" "/dev/null"] cmd=[]
[0ddfa85b-27ae-4af7-9ae7-82454a623262/build]   ğŸ³  docker exec cmd=[chown -R 1012:1013 /tmp/ef67d097-b816-440f-8a80-5776bb649967] user=0 workdir=
[0ddfa85b-27ae-4af7-9ae7-82454a623262/build] unable to get git ref: failed to identify reference (tag/branch) for the checked-out revision '77ee46073611aa53961f08711ef63968f0323b0a'
[0ddfa85b-27ae-4af7-9ae7-82454a623262/build] unable to get git ref: failed to identify reference (tag/branch) for the checked-out revision '77ee46073611aa53961f08711ef63968f0323b0a'
[0ddfa85b-27ae-4af7-9ae7-82454a623262/build] unable to get git ref: failed to identify reference (tag/branch) for the checked-out revision '77ee46073611aa53961f08711ef63968f0323b0a'
[0ddfa85b-27ae-4af7-9ae7-82454a623262/build] unable to get git ref: failed to identify reference (tag/branch) for the checked-out revision '77ee46073611aa53961f08711ef63968f0323b0a'
[0ddfa85b-27ae-4af7-9ae7-82454a623262/build] unable to get git ref: failed to identify reference (tag/branch) for the checked-out revision '77ee46073611aa53961f08711ef63968f0323b0a'
[0ddfa85b-27ae-4af7-9ae7-82454a623262/build] ğŸ§ª  Matrix: map[java:8 os:ubuntu-latest]
[0ddfa85b-27ae-4af7-9ae7-82454a623262/build] unable to get git ref: failed to identify reference (tag/branch) for the checked-out revision '77ee46073611aa53961f08711ef63968f0323b0a'
[0ddfa85b-27ae-4af7-9ae7-82454a623262/build] unable to get git ref: failed to identify reference (tag/branch) for the checked-out revision '77ee46073611aa53961f08711ef63968f0323b0a'
[0ddfa85b-27ae-4af7-9ae7-82454a623262/build] unable to get git ref: failed to identify reference (tag/branch) for the checked-out revision '77ee46073611aa53961f08711ef63968f0323b0a'
[0ddfa85b-27ae-4af7-9ae7-82454a623262/build] unable to get git ref: failed to identify reference (tag/branch) for the checked-out revision '77ee46073611aa53961f08711ef63968f0323b0a'
[0ddfa85b-27ae-4af7-9ae7-82454a623262/build] unable to get git ref: failed to identify reference (tag/branch) for the checked-out revision '77ee46073611aa53961f08711ef63968f0323b0a'
[0ddfa85b-27ae-4af7-9ae7-82454a623262/build] unable to get git ref: failed to identify reference (tag/branch) for the checked-out revision '77ee46073611aa53961f08711ef63968f0323b0a'
[0ddfa85b-27ae-4af7-9ae7-82454a623262/build] â­ Run Main Checkout the repo
[0ddfa85b-27ae-4af7-9ae7-82454a623262/build] unable to get git ref: failed to identify reference (tag/branch) for the checked-out revision '77ee46073611aa53961f08711ef63968f0323b0a'
[0ddfa85b-27ae-4af7-9ae7-82454a623262/build]   âœ…  Success - Main Checkout the repo
[0ddfa85b-27ae-4af7-9ae7-82454a623262/build] unable to get git ref: failed to identify reference (tag/branch) for the checked-out revision '77ee46073611aa53961f08711ef63968f0323b0a'
[0ddfa85b-27ae-4af7-9ae7-82454a623262/build] unable to get git ref: failed to identify reference (tag/branch) for the checked-out revision '77ee46073611aa53961f08711ef63968f0323b0a'
[0ddfa85b-27ae-4af7-9ae7-82454a623262/build] unable to get git ref: failed to identify reference (tag/branch) for the checked-out revision '77ee46073611aa53961f08711ef63968f0323b0a'
[0ddfa85b-27ae-4af7-9ae7-82454a623262/build] unable to get git ref: failed to identify reference (tag/branch) for the checked-out revision '77ee46073611aa53961f08711ef63968f0323b0a'
[0ddfa85b-27ae-4af7-9ae7-82454a623262/build] unable to get git ref: failed to identify reference (tag/branch) for the checked-out revision '77ee46073611aa53961f08711ef63968f0323b0a'
[0ddfa85b-27ae-4af7-9ae7-82454a623262/build] â­ Run Main Setup Java
[0ddfa85b-27ae-4af7-9ae7-82454a623262/build] unable to get git ref: failed to identify reference (tag/branch) for the checked-out revision '77ee46073611aa53961f08711ef63968f0323b0a'
[0ddfa85b-27ae-4af7-9ae7-82454a623262/build] unable to get git ref: failed to identify reference (tag/branch) for the checked-out revision '77ee46073611aa53961f08711ef63968f0323b0a'
[0ddfa85b-27ae-4af7-9ae7-82454a623262/build] unable to get git ref: failed to identify reference (tag/branch) for the checked-out revision '77ee46073611aa53961f08711ef63968f0323b0a'
[0ddfa85b-27ae-4af7-9ae7-82454a623262/build]   ğŸ³  docker cp src=/tmp/act-cache/a47a4d84-46e6-4846-81cf-25ee210bbb42/act/actions-setup-java@v1/ dst=/var/run/act/actions/actions-setup-java@v1/
[0ddfa85b-27ae-4af7-9ae7-82454a623262/build]   ğŸ³  docker exec cmd=[chown -R 1012:1013 /var/run/act/actions/actions-setup-java@v1/] user=0 workdir=
[0ddfa85b-27ae-4af7-9ae7-82454a623262/build]   ğŸ³  docker exec cmd=[node /var/run/act/actions/actions-setup-java@v1/dist/setup/index.js] user= workdir=
[0ddfa85b-27ae-4af7-9ae7-82454a623262/build]   ğŸ’¬  ::debug::isExplicit: 
[0ddfa85b-27ae-4af7-9ae7-82454a623262/build]   ğŸ’¬  ::debug::explicit? false
[0ddfa85b-27ae-4af7-9ae7-82454a623262/build]   ğŸ’¬  ::debug::evaluating 0 versions
[0ddfa85b-27ae-4af7-9ae7-82454a623262/build]   ğŸ’¬  ::debug::match not found
[0ddfa85b-27ae-4af7-9ae7-82454a623262/build]   ğŸ’¬  ::debug::Downloading JDK from Azul
[0ddfa85b-27ae-4af7-9ae7-82454a623262/build]   ğŸ’¬  ::debug::Searching for files with extension: -linux_x64.tar.gz
[0ddfa85b-27ae-4af7-9ae7-82454a623262/build]   ğŸ’¬  ::debug::Downloading https://static.azul.com/zulu/bin/zulu8.70.0.23-ca-jdk8.0.372-linux_x64.tar.gz
[0ddfa85b-27ae-4af7-9ae7-82454a623262/build]   ğŸ’¬  ::debug::Downloading /tmp/c2d62ba4-f952-4870-8995-732808c4344c
[0ddfa85b-27ae-4af7-9ae7-82454a623262/build]   ğŸ’¬  ::debug::download complete
[0ddfa85b-27ae-4af7-9ae7-82454a623262/build]   | [command]/usr/bin/tar --version
[0ddfa85b-27ae-4af7-9ae7-82454a623262/build]   | tar (GNU tar) 1.30
[0ddfa85b-27ae-4af7-9ae7-82454a623262/build]   | Copyright (C) 2017 Free Software Foundation, Inc.
[0ddfa85b-27ae-4af7-9ae7-82454a623262/build]   | License GPLv3+: GNU GPL version 3 or later <https://gnu.org/licenses/gpl.html>.
[0ddfa85b-27ae-4af7-9ae7-82454a623262/build]   | This is free software: you are free to change and redistribute it.
[0ddfa85b-27ae-4af7-9ae7-82454a623262/build]   | There is NO WARRANTY, to the extent permitted by law.
[0ddfa85b-27ae-4af7-9ae7-82454a623262/build]   | 
[0ddfa85b-27ae-4af7-9ae7-82454a623262/build]   | Written by John Gilmore and Jay Fenlason.
[0ddfa85b-27ae-4af7-9ae7-82454a623262/build]   | [command]/usr/bin/tar xz --warning=no-unknown-keyword -C /tmp/temp_184123818 -f /tmp/c2d62ba4-f952-4870-8995-732808c4344c
[0ddfa85b-27ae-4af7-9ae7-82454a623262/build]   ğŸ’¬  ::debug::jdk extracted to /tmp/temp_184123818/zulu8.70.0.23-ca-jdk8.0.372-linux_x64
[0ddfa85b-27ae-4af7-9ae7-82454a623262/build]   ğŸ’¬  ::debug::Caching tool jdk 8.0.372 x64
[0ddfa85b-27ae-4af7-9ae7-82454a623262/build]   ğŸ’¬  ::debug::source dir: /tmp/temp_184123818/zulu8.70.0.23-ca-jdk8.0.372-linux_x64
[0ddfa85b-27ae-4af7-9ae7-82454a623262/build]   ğŸ’¬  ::debug::destination /opt/hostedtoolcache/jdk/8.0.372/x64
[0ddfa85b-27ae-4af7-9ae7-82454a623262/build]   ğŸ’¬  ::debug::finished caching tool
[0ddfa85b-27ae-4af7-9ae7-82454a623262/build]   â“ add-matcher /run/act/actions/actions-setup-java@v1/.github/java.json
[0ddfa85b-27ae-4af7-9ae7-82454a623262/build]   | creating settings.xml with server-id: github; environment variables: username=$GITHUB_ACTOR, password=$GITHUB_TOKEN, and gpg-passphrase=null
[0ddfa85b-27ae-4af7-9ae7-82454a623262/build]   ğŸ’¬  ::debug::created directory /home/runneradmin/.m2
[0ddfa85b-27ae-4af7-9ae7-82454a623262/build]   | writing /home/runneradmin/.m2/settings.xml
[0ddfa85b-27ae-4af7-9ae7-82454a623262/build]   âœ…  Success - Main Setup Java
[0ddfa85b-27ae-4af7-9ae7-82454a623262/build]   âš™  ::set-env:: JAVA_HOME_8.0.372_x64=/opt/hostedtoolcache/jdk/8.0.372/x64
[0ddfa85b-27ae-4af7-9ae7-82454a623262/build]   âš™  ::set-env:: JAVA_HOME=/opt/hostedtoolcache/jdk/8.0.372/x64
[0ddfa85b-27ae-4af7-9ae7-82454a623262/build]   âš™  ::set-env:: JAVA_HOME_8_0_372_X64=/opt/hostedtoolcache/jdk/8.0.372/x64
[0ddfa85b-27ae-4af7-9ae7-82454a623262/build]   âš™  ::set-output:: path=/opt/hostedtoolcache/jdk/8.0.372/x64
[0ddfa85b-27ae-4af7-9ae7-82454a623262/build]   âš™  ::set-output:: version=8.0.372
[0ddfa85b-27ae-4af7-9ae7-82454a623262/build]   âš™  ::add-path:: /opt/hostedtoolcache/jdk/8.0.372/x64/bin
[0ddfa85b-27ae-4af7-9ae7-82454a623262/build] unable to get git ref: failed to identify reference (tag/branch) for the checked-out revision '77ee46073611aa53961f08711ef63968f0323b0a'
[0ddfa85b-27ae-4af7-9ae7-82454a623262/build] unable to get git ref: failed to identify reference (tag/branch) for the checked-out revision '77ee46073611aa53961f08711ef63968f0323b0a'
[0ddfa85b-27ae-4af7-9ae7-82454a623262/build] unable to get git ref: failed to identify reference (tag/branch) for the checked-out revision '77ee46073611aa53961f08711ef63968f0323b0a'
[0ddfa85b-27ae-4af7-9ae7-82454a623262/build] unable to get git ref: failed to identify reference (tag/branch) for the checked-out revision '77ee46073611aa53961f08711ef63968f0323b0a'
[0ddfa85b-27ae-4af7-9ae7-82454a623262/build] unable to get git ref: failed to identify reference (tag/branch) for the checked-out revision '77ee46073611aa53961f08711ef63968f0323b0a'
[0ddfa85b-27ae-4af7-9ae7-82454a623262/build] â­ Run Main Grant execute permission for gradlew
[0ddfa85b-27ae-4af7-9ae7-82454a623262/build] unable to get git ref: failed to identify reference (tag/branch) for the checked-out revision '77ee46073611aa53961f08711ef63968f0323b0a'
[0ddfa85b-27ae-4af7-9ae7-82454a623262/build] unable to get git ref: failed to identify reference (tag/branch) for the checked-out revision '77ee46073611aa53961f08711ef63968f0323b0a'
[0ddfa85b-27ae-4af7-9ae7-82454a623262/build] unable to get git ref: failed to identify reference (tag/branch) for the checked-out revision '77ee46073611aa53961f08711ef63968f0323b0a'
[0ddfa85b-27ae-4af7-9ae7-82454a623262/build] unable to get git ref: failed to identify reference (tag/branch) for the checked-out revision '77ee46073611aa53961f08711ef63968f0323b0a'
[0ddfa85b-27ae-4af7-9ae7-82454a623262/build]   ğŸ³  docker exec cmd=[bash --noprofile --norc -e -o pipefail /var/run/act/workflow/2] user= workdir=
[0ddfa85b-27ae-4af7-9ae7-82454a623262/build]   âœ…  Success - Main Grant execute permission for gradlew
[0ddfa85b-27ae-4af7-9ae7-82454a623262/build] unable to get git ref: failed to identify reference (tag/branch) for the checked-out revision '77ee46073611aa53961f08711ef63968f0323b0a'
[0ddfa85b-27ae-4af7-9ae7-82454a623262/build] unable to get git ref: failed to identify reference (tag/branch) for the checked-out revision '77ee46073611aa53961f08711ef63968f0323b0a'
[0ddfa85b-27ae-4af7-9ae7-82454a623262/build] unable to get git ref: failed to identify reference (tag/branch) for the checked-out revision '77ee46073611aa53961f08711ef63968f0323b0a'
[0ddfa85b-27ae-4af7-9ae7-82454a623262/build] unable to get git ref: failed to identify reference (tag/branch) for the checked-out revision '77ee46073611aa53961f08711ef63968f0323b0a'
[0ddfa85b-27ae-4af7-9ae7-82454a623262/build] unable to get git ref: failed to identify reference (tag/branch) for the checked-out revision '77ee46073611aa53961f08711ef63968f0323b0a'
[0ddfa85b-27ae-4af7-9ae7-82454a623262/build] â­ Run Main Cache Gradle packages
[0ddfa85b-27ae-4af7-9ae7-82454a623262/build] unable to get git ref: failed to identify reference (tag/branch) for the checked-out revision '77ee46073611aa53961f08711ef63968f0323b0a'
[0ddfa85b-27ae-4af7-9ae7-82454a623262/build] unable to get git ref: failed to identify reference (tag/branch) for the checked-out revision '77ee46073611aa53961f08711ef63968f0323b0a'
[0ddfa85b-27ae-4af7-9ae7-82454a623262/build] unable to get git ref: failed to identify reference (tag/branch) for the checked-out revision '77ee46073611aa53961f08711ef63968f0323b0a'
[0ddfa85b-27ae-4af7-9ae7-82454a623262/build]   ğŸ³  docker cp src=/tmp/act-cache/a47a4d84-46e6-4846-81cf-25ee210bbb42/act/actions-cache@v2/ dst=/var/run/act/actions/actions-cache@v2/
[0ddfa85b-27ae-4af7-9ae7-82454a623262/build]   ğŸ³  docker exec cmd=[chown -R 1012:1013 /var/run/act/actions/actions-cache@v2/] user=0 workdir=
[0ddfa85b-27ae-4af7-9ae7-82454a623262/build]   ğŸ³  docker exec cmd=[node /var/run/act/actions/actions-cache@v2/dist/restore/index.js] user= workdir=
[0ddfa85b-27ae-4af7-9ae7-82454a623262/build]   ğŸ’¬  ::debug::Resolved Keys:
[0ddfa85b-27ae-4af7-9ae7-82454a623262/build]   ğŸ’¬  ::debug::["Linux-gradle-2e668e9eb682b659b10369428133dc18a26ccd4bda999ab8c84cc2eb86c78e00","Linux-gradle"]
[0ddfa85b-27ae-4af7-9ae7-82454a623262/build]   ğŸ’¬  ::debug::Checking zstd --version
[0ddfa85b-27ae-4af7-9ae7-82454a623262/build]   ğŸ’¬  ::debug::*** zstd command line interface 64-bits v1.5.0, by Yann Collet ***
[0ddfa85b-27ae-4af7-9ae7-82454a623262/build]   ğŸ’¬  ::debug::getCacheEntry - Attempt 1 of 2 failed with error: Cache Service Url not found, unable to restore cache.
[0ddfa85b-27ae-4af7-9ae7-82454a623262/build]   ğŸ’¬  ::debug::getCacheEntry - Attempt 2 of 2 failed with error: Cache Service Url not found, unable to restore cache.
[0ddfa85b-27ae-4af7-9ae7-82454a623262/build]   | [warning]getCacheEntry failed: Cache Service Url not found, unable to restore cache.
[0ddfa85b-27ae-4af7-9ae7-82454a623262/build]   âœ…  Success - Main Cache Gradle packages
[0ddfa85b-27ae-4af7-9ae7-82454a623262/build]   âš™  ::set-output:: cache-hit=false
[0ddfa85b-27ae-4af7-9ae7-82454a623262/build] unable to get git ref: failed to identify reference (tag/branch) for the checked-out revision '77ee46073611aa53961f08711ef63968f0323b0a'
[0ddfa85b-27ae-4af7-9ae7-82454a623262/build] unable to get git ref: failed to identify reference (tag/branch) for the checked-out revision '77ee46073611aa53961f08711ef63968f0323b0a'
[0ddfa85b-27ae-4af7-9ae7-82454a623262/build] unable to get git ref: failed to identify reference (tag/branch) for the checked-out revision '77ee46073611aa53961f08711ef63968f0323b0a'
[0ddfa85b-27ae-4af7-9ae7-82454a623262/build] unable to get git ref: failed to identify reference (tag/branch) for the checked-out revision '77ee46073611aa53961f08711ef63968f0323b0a'
[0ddfa85b-27ae-4af7-9ae7-82454a623262/build] unable to get git ref: failed to identify reference (tag/branch) for the checked-out revision '77ee46073611aa53961f08711ef63968f0323b0a'
[0ddfa85b-27ae-4af7-9ae7-82454a623262/build] â­ Run Main Build with Gradle
[0ddfa85b-27ae-4af7-9ae7-82454a623262/build] unable to get git ref: failed to identify reference (tag/branch) for the checked-out revision '77ee46073611aa53961f08711ef63968f0323b0a'
[0ddfa85b-27ae-4af7-9ae7-82454a623262/build] unable to get git ref: failed to identify reference (tag/branch) for the checked-out revision '77ee46073611aa53961f08711ef63968f0323b0a'
[0ddfa85b-27ae-4af7-9ae7-82454a623262/build] unable to get git ref: failed to identify reference (tag/branch) for the checked-out revision '77ee46073611aa53961f08711ef63968f0323b0a'
[0ddfa85b-27ae-4af7-9ae7-82454a623262/build] unable to get git ref: failed to identify reference (tag/branch) for the checked-out revision '77ee46073611aa53961f08711ef63968f0323b0a'
[0ddfa85b-27ae-4af7-9ae7-82454a623262/build]   ğŸ³  docker exec cmd=[bash --noprofile --norc -e -o pipefail /var/run/act/workflow/4] user= workdir=
[0ddfa85b-27ae-4af7-9ae7-82454a623262/build]   | Downloading https://services.gradle.org/distributions/gradle-4.10.2-bin.zip
[0ddfa85b-27ae-4af7-9ae7-82454a623262/build]   | ..........................................................................
[0ddfa85b-27ae-4af7-9ae7-82454a623262/build]   | 
[0ddfa85b-27ae-4af7-9ae7-82454a623262/build]   | Welcome to Gradle 4.10.2!
[0ddfa85b-27ae-4af7-9ae7-82454a623262/build]   | 
[0ddfa85b-27ae-4af7-9ae7-82454a623262/build]   | Here are the highlights of this release:
[0ddfa85b-27ae-4af7-9ae7-82454a623262/build]   |  - Incremental Java compilation by default
[0ddfa85b-27ae-4af7-9ae7-82454a623262/build]   |  - Periodic Gradle caches cleanup
[0ddfa85b-27ae-4af7-9ae7-82454a623262/build]   |  - Gradle Kotlin DSL 1.0-RC6
[0ddfa85b-27ae-4af7-9ae7-82454a623262/build]   |  - Nested included builds
[0ddfa85b-27ae-4af7-9ae7-82454a623262/build]   |  - SNAPSHOT plugin versions in the `plugins {}` block
[0ddfa85b-27ae-4af7-9ae7-82454a623262/build]   | 
[0ddfa85b-27ae-4af7-9ae7-82454a623262/build]   | For more details see https://docs.gradle.org/4.10.2/release-notes.html
[0ddfa85b-27ae-4af7-9ae7-82454a623262/build]   | 
[0ddfa85b-27ae-4af7-9ae7-82454a623262/build]   | Starting a Gradle Daemon (subsequent builds will be faster)
[0ddfa85b-27ae-4af7-9ae7-82454a623262/build]   | > Task :compileJava UP-TO-DATE
[0ddfa85b-27ae-4af7-9ae7-82454a623262/build]   | > Task :processResources NO-SOURCE
[0ddfa85b-27ae-4af7-9ae7-82454a623262/build]   | > Task :classes UP-TO-DATE
[0ddfa85b-27ae-4af7-9ae7-82454a623262/build]   | > Task :jar UP-TO-DATE
[0ddfa85b-27ae-4af7-9ae7-82454a623262/build]   | > Task :javadoc UP-TO-DATE
[0ddfa85b-27ae-4af7-9ae7-82454a623262/build]   | > Task :javadocJar UP-TO-DATE
[0ddfa85b-27ae-4af7-9ae7-82454a623262/build]   | > Task :sourcesJar UP-TO-DATE
[0ddfa85b-27ae-4af7-9ae7-82454a623262/build]   | > Task :signArchives SKIPPED
[0ddfa85b-27ae-4af7-9ae7-82454a623262/build]   | > Task :assemble UP-TO-DATE
[0ddfa85b-27ae-4af7-9ae7-82454a623262/build]   | > Task :compileTestJava
[0ddfa85b-27ae-4af7-9ae7-82454a623262/build]   | > Task :processTestResources UP-TO-DATE
[0ddfa85b-27ae-4af7-9ae7-82454a623262/build]   | > Task :testClasses
[0ddfa85b-27ae-4af7-9ae7-82454a623262/build]   | > Task :test
[0ddfa85b-27ae-4af7-9ae7-82454a623262/build]   | 
[0ddfa85b-27ae-4af7-9ae7-82454a623262/build]   | com.nexmo.client.voice.ModifyCallMethodTest > testCustomUri FAILED
[0ddfa85b-27ae-4af7-9ae7-82454a623262/build]   |     org.junit.ComparisonFailure: expected:<https://[example].com/v1/calls/ssf618...> but was:<https://[api.nexmo].com/v1/calls/ssf618...>
[0ddfa85b-27ae-4af7-9ae7-82454a623262/build]   |         at org.junit.Assert.assertEquals(Assert.java:115)
[0ddfa85b-27ae-4af7-9ae7-82454a623262/build]   |         at org.junit.Assert.assertEquals(Assert.java:144)
[0ddfa85b-27ae-4af7-9ae7-82454a623262/build]   |         at com.nexmo.client.voice.ModifyCallMethodTest.testCustomUri(ModifyCallMethodTest.java:163)
[0ddfa85b-27ae-4af7-9ae7-82454a623262/build]   | 
[0ddfa85b-27ae-4af7-9ae7-82454a623262/build]   | com.nexmo.client.voice.SendDtmfMethodTest > testCustomUri FAILED
[0ddfa85b-27ae-4af7-9ae7-82454a623262/build]   |     org.junit.ComparisonFailure: expected:<https://[example].com/v1/calls/ssf618...> but was:<https://[api.nexmo].com/v1/calls/ssf618...>
[0ddfa85b-27ae-4af7-9ae7-82454a623262/build]   |         at org.junit.Assert.assertEquals(Assert.java:115)
[0ddfa85b-27ae-4af7-9ae7-82454a623262/build]   |         at org.junit.Assert.assertEquals(Assert.java:144)
[0ddfa85b-27ae-4af7-9ae7-82454a623262/build]   |         at com.nexmo.client.voice.SendDtmfMethodTest.testCustomUri(SendDtmfMethodTest.java:107)
[0ddfa85b-27ae-4af7-9ae7-82454a623262/build]   | 
[0ddfa85b-27ae-4af7-9ae7-82454a623262/build]   | 642 tests completed, 2 failed, 1 skipped
[0ddfa85b-27ae-4af7-9ae7-82454a623262/build]   | 
[0ddfa85b-27ae-4af7-9ae7-82454a623262/build]   | > Task :test FAILED
[0ddfa85b-27ae-4af7-9ae7-82454a623262/build]   | 
[0ddfa85b-27ae-4af7-9ae7-82454a623262/build]   | FAILURE: Build failed with an exception.
[0ddfa85b-27ae-4af7-9ae7-82454a623262/build]   | 
[0ddfa85b-27ae-4af7-9ae7-82454a623262/build]   | * What went wrong:
[0ddfa85b-27ae-4af7-9ae7-82454a623262/build]   | Execution failed for task ':test'.
[0ddfa85b-27ae-4af7-9ae7-82454a623262/build]   | > There were failing tests. See the report at: file:///tmp/ef67d097-b816-440f-8a80-5776bb649967/build/reports/tests/test/index.html
[0ddfa85b-27ae-4af7-9ae7-82454a623262/build]   | 
[0ddfa85b-27ae-4af7-9ae7-82454a623262/build]   | * Try:
[0ddfa85b-27ae-4af7-9ae7-82454a623262/build]   | Run with --stacktrace option to get the stack trace. Run with --info or --debug option to get more log output. Run with --scan to get full insights.
[0ddfa85b-27ae-4af7-9ae7-82454a623262/build]   | 
[0ddfa85b-27ae-4af7-9ae7-82454a623262/build]   | * Get more help at https://help.gradle.org
[0ddfa85b-27ae-4af7-9ae7-82454a623262/build]   | 
[0ddfa85b-27ae-4af7-9ae7-82454a623262/build]   | Deprecated Gradle features were used in this build, making it incompatible with Gradle 5.0.
[0ddfa85b-27ae-4af7-9ae7-82454a623262/build]   | 
[0ddfa85b-27ae-4af7-9ae7-82454a623262/build]   | BUILD FAILED in 1m 24s
[0ddfa85b-27ae-4af7-9ae7-82454a623262/build]   | Use '--warning-mode all' to show the individual deprecation warnings.
[0ddfa85b-27ae-4af7-9ae7-82454a623262/build]   | See https://docs.gradle.org/4.10.2/userguide/command_line_interface.html#sec:command_line_warnings
[0ddfa85b-27ae-4af7-9ae7-82454a623262/build]   | 8 actionable tasks: 2 executed, 6 up-to-date
[0ddfa85b-27ae-4af7-9ae7-82454a623262/build]   âŒ  Failure - Main Build with Gradle
[0ddfa85b-27ae-4af7-9ae7-82454a623262/build] exitcode '1': failure
[0ddfa85b-27ae-4af7-9ae7-82454a623262/build] unable to get git ref: failed to identify reference (tag/branch) for the checked-out revision '77ee46073611aa53961f08711ef63968f0323b0a'
[0ddfa85b-27ae-4af7-9ae7-82454a623262/build] unable to get git ref: failed to identify reference (tag/branch) for the checked-out revision '77ee46073611aa53961f08711ef63968f0323b0a'
[0ddfa85b-27ae-4af7-9ae7-82454a623262/build] unable to get git ref: failed to identify reference (tag/branch) for the checked-out revision '77ee46073611aa53961f08711ef63968f0323b0a'
[0ddfa85b-27ae-4af7-9ae7-82454a623262/build] unable to get git ref: failed to identify reference (tag/branch) for the checked-out revision '77ee46073611aa53961f08711ef63968f0323b0a'
[0ddfa85b-27ae-4af7-9ae7-82454a623262/build] unable to get git ref: failed to identify reference (tag/branch) for the checked-out revision '77ee46073611aa53961f08711ef63968f0323b0a'
[0ddfa85b-27ae-4af7-9ae7-82454a623262/build] unable to get git ref: failed to identify reference (tag/branch) for the checked-out revision '77ee46073611aa53961f08711ef63968f0323b0a'
[0ddfa85b-27ae-4af7-9ae7-82454a623262/build] unable to get git ref: failed to identify reference (tag/branch) for the checked-out revision '77ee46073611aa53961f08711ef63968f0323b0a'
[0ddfa85b-27ae-4af7-9ae7-82454a623262/build] unable to get git ref: failed to identify reference (tag/branch) for the checked-out revision '77ee46073611aa53961f08711ef63968f0323b0a'
[0ddfa85b-27ae-4af7-9ae7-82454a623262/build] unable to get git ref: failed to identify reference (tag/branch) for the checked-out revision '77ee46073611aa53961f08711ef63968f0323b0a'
[0ddfa85b-27ae-4af7-9ae7-82454a623262/build] unable to get git ref: failed to identify reference (tag/branch) for the checked-out revision '77ee46073611aa53961f08711ef63968f0323b0a'
[0ddfa85b-27ae-4af7-9ae7-82454a623262/build] unable to get git ref: failed to identify reference (tag/branch) for the checked-out revision '77ee46073611aa53961f08711ef63968f0323b0a'
[0ddfa85b-27ae-4af7-9ae7-82454a623262/build] unable to get git ref: failed to identify reference (tag/branch) for the checked-out revision '77ee46073611aa53961f08711ef63968f0323b0a'
[0ddfa85b-27ae-4af7-9ae7-82454a623262/build] unable to get git ref: failed to identify reference (tag/branch) for the checked-out revision '77ee46073611aa53961f08711ef63968f0323b0a'
[0ddfa85b-27ae-4af7-9ae7-82454a623262/build] unable to get git ref: failed to identify reference (tag/branch) for the checked-out revision '77ee46073611aa53961f08711ef63968f0323b0a'
[0ddfa85b-27ae-4af7-9ae7-82454a623262/build] unable to get git ref: failed to identify reference (tag/branch) for the checked-out revision '77ee46073611aa53961f08711ef63968f0323b0a'
[0ddfa85b-27ae-4af7-9ae7-82454a623262/build] â­ Run Post Setup Java
[0ddfa85b-27ae-4af7-9ae7-82454a623262/build]   ğŸ³  docker exec cmd=[node /var/run/act/actions/actions-setup-java@v1/dist/cleanup/index.js] user= workdir=
[0ddfa85b-27ae-4af7-9ae7-82454a623262/build]   âœ…  Success - Post Setup Java
[0ddfa85b-27ae-4af7-9ae7-82454a623262/build] ğŸ  Job failed
[0ddfa85b-27ae-4af7-9ae7-82454a623262/build] unable to get git ref: failed to identify reference (tag/branch) for the checked-out revision '77ee46073611aa53961f08711ef63968f0323b0a'
