[afb64125-6808-4697-a905-d1df479faad3/build] ğŸš€  Start image=gitbugactions:latest
[afb64125-6808-4697-a905-d1df479faad3/build]   ğŸ³  docker pull image=gitbugactions:latest platform= username= forcePull=false
[afb64125-6808-4697-a905-d1df479faad3/build]   ğŸ³  docker create image=gitbugactions:latest platform= entrypoint=["tail" "-f" "/dev/null"] cmd=[]
[afb64125-6808-4697-a905-d1df479faad3/build]   ğŸ³  docker run image=gitbugactions:latest platform= entrypoint=["tail" "-f" "/dev/null"] cmd=[]
[afb64125-6808-4697-a905-d1df479faad3/build]   ğŸ³  docker exec cmd=[chown -R 1012:1013 /tmp/14eb9bbf-3ca4-4bec-9113-c021d93b2927] user=0 workdir=
[afb64125-6808-4697-a905-d1df479faad3/build] unable to get git ref: failed to identify reference (tag/branch) for the checked-out revision '3952b3445d96d91f87d6a427ba10a86907cb0fea'
[afb64125-6808-4697-a905-d1df479faad3/build] unable to get git ref: failed to identify reference (tag/branch) for the checked-out revision '3952b3445d96d91f87d6a427ba10a86907cb0fea'
[afb64125-6808-4697-a905-d1df479faad3/build] unable to get git ref: failed to identify reference (tag/branch) for the checked-out revision '3952b3445d96d91f87d6a427ba10a86907cb0fea'
[afb64125-6808-4697-a905-d1df479faad3/build] unable to get git ref: failed to identify reference (tag/branch) for the checked-out revision '3952b3445d96d91f87d6a427ba10a86907cb0fea'
[afb64125-6808-4697-a905-d1df479faad3/build] unable to get git ref: failed to identify reference (tag/branch) for the checked-out revision '3952b3445d96d91f87d6a427ba10a86907cb0fea'
[afb64125-6808-4697-a905-d1df479faad3/build] unable to get git ref: failed to identify reference (tag/branch) for the checked-out revision '3952b3445d96d91f87d6a427ba10a86907cb0fea'
[afb64125-6808-4697-a905-d1df479faad3/build] unable to get git ref: failed to identify reference (tag/branch) for the checked-out revision '3952b3445d96d91f87d6a427ba10a86907cb0fea'
[afb64125-6808-4697-a905-d1df479faad3/build] unable to get git ref: failed to identify reference (tag/branch) for the checked-out revision '3952b3445d96d91f87d6a427ba10a86907cb0fea'
[afb64125-6808-4697-a905-d1df479faad3/build] unable to get git ref: failed to identify reference (tag/branch) for the checked-out revision '3952b3445d96d91f87d6a427ba10a86907cb0fea'
[afb64125-6808-4697-a905-d1df479faad3/build] â­ Run Main actions/checkout@v3
[afb64125-6808-4697-a905-d1df479faad3/build] unable to get git ref: failed to identify reference (tag/branch) for the checked-out revision '3952b3445d96d91f87d6a427ba10a86907cb0fea'
[afb64125-6808-4697-a905-d1df479faad3/build] unable to get git ref: failed to identify reference (tag/branch) for the checked-out revision '3952b3445d96d91f87d6a427ba10a86907cb0fea'
[afb64125-6808-4697-a905-d1df479faad3/build]   ğŸ³  docker cp src=/tmp/14eb9bbf-3ca4-4bec-9113-c021d93b2927/. dst=/tmp/14eb9bbf-3ca4-4bec-9113-c021d93b2927
[afb64125-6808-4697-a905-d1df479faad3/build]   ğŸ³  docker exec cmd=[chown -R 1012:1013 /tmp/14eb9bbf-3ca4-4bec-9113-c021d93b2927] user=0 workdir=
[afb64125-6808-4697-a905-d1df479faad3/build]   âœ…  Success - Main actions/checkout@v3
[afb64125-6808-4697-a905-d1df479faad3/build] unable to get git ref: failed to identify reference (tag/branch) for the checked-out revision '3952b3445d96d91f87d6a427ba10a86907cb0fea'
[afb64125-6808-4697-a905-d1df479faad3/build] unable to get git ref: failed to identify reference (tag/branch) for the checked-out revision '3952b3445d96d91f87d6a427ba10a86907cb0fea'
[afb64125-6808-4697-a905-d1df479faad3/build] unable to get git ref: failed to identify reference (tag/branch) for the checked-out revision '3952b3445d96d91f87d6a427ba10a86907cb0fea'
[afb64125-6808-4697-a905-d1df479faad3/build] unable to get git ref: failed to identify reference (tag/branch) for the checked-out revision '3952b3445d96d91f87d6a427ba10a86907cb0fea'
[afb64125-6808-4697-a905-d1df479faad3/build] unable to get git ref: failed to identify reference (tag/branch) for the checked-out revision '3952b3445d96d91f87d6a427ba10a86907cb0fea'
[afb64125-6808-4697-a905-d1df479faad3/build] â­ Run Main actions/setup-java@v3
[afb64125-6808-4697-a905-d1df479faad3/build] unable to get git ref: failed to identify reference (tag/branch) for the checked-out revision '3952b3445d96d91f87d6a427ba10a86907cb0fea'
[afb64125-6808-4697-a905-d1df479faad3/build] unable to get git ref: failed to identify reference (tag/branch) for the checked-out revision '3952b3445d96d91f87d6a427ba10a86907cb0fea'
[afb64125-6808-4697-a905-d1df479faad3/build] unable to get git ref: failed to identify reference (tag/branch) for the checked-out revision '3952b3445d96d91f87d6a427ba10a86907cb0fea'
[afb64125-6808-4697-a905-d1df479faad3/build]   ğŸ³  docker cp src=/tmp/act-cache/085252b8-0fe4-4e0a-8be5-904102a6c1e0/act/actions-setup-java@v3/ dst=/var/run/act/actions/actions-setup-java@v3/
[afb64125-6808-4697-a905-d1df479faad3/build]   ğŸ³  docker exec cmd=[chown -R 1012:1013 /var/run/act/actions/actions-setup-java@v3/] user=0 workdir=
[afb64125-6808-4697-a905-d1df479faad3/build]   ğŸ³  docker exec cmd=[node /var/run/act/actions/actions-setup-java@v3/dist/setup/index.js] user= workdir=
[afb64125-6808-4697-a905-d1df479faad3/build]   â“  ::group::Installed distributions
[afb64125-6808-4697-a905-d1df479faad3/build]   | Trying to resolve the latest version from remote
[afb64125-6808-4697-a905-d1df479faad3/build]   ğŸ’¬  ::debug::Gathering available versions from 'https://api.azul.com/zulu/download/community/v1.0/bundles/?os=linux&ext=tar.gz&bundle_type=jdk&javafx=false&arch=x86&hw_bitness=64&release_status=ga'
[afb64125-6808-4697-a905-d1df479faad3/build]   | Resolved latest version as 11.0.21+9
[afb64125-6808-4697-a905-d1df479faad3/build]   | Trying to download...
[afb64125-6808-4697-a905-d1df479faad3/build]   | Downloading Java 11.0.21+9 (Zulu) from https://cdn.azul.com/zulu/bin/zulu11.68.17-ca-jdk11.0.21-linux_x64.tar.gz ...
[afb64125-6808-4697-a905-d1df479faad3/build]   ğŸ’¬  ::debug::Downloading https://cdn.azul.com/zulu/bin/zulu11.68.17-ca-jdk11.0.21-linux_x64.tar.gz
[afb64125-6808-4697-a905-d1df479faad3/build]   ğŸ’¬  ::debug::Destination /tmp/23d21fd9-1064-4fc2-a2b8-9f00d83b3a36
[afb64125-6808-4697-a905-d1df479faad3/build]   ğŸ’¬  ::debug::download complete
[afb64125-6808-4697-a905-d1df479faad3/build]   | Extracting Java archive...
[afb64125-6808-4697-a905-d1df479faad3/build]   ğŸ’¬  ::debug::Checking tar --version
[afb64125-6808-4697-a905-d1df479faad3/build]   ğŸ’¬  ::debug::tar (GNU tar) 1.34%0ACopyright (C) 2021 Free Software Foundation, Inc.%0ALicense GPLv3+: GNU GPL version 3 or later <https://gnu.org/licenses/gpl.html>.%0AThis is free software: you are free to change and redistribute it.%0AThere is NO WARRANTY, to the extent permitted by law.%0A%0AWritten by John Gilmore and Jay Fenlason.
[afb64125-6808-4697-a905-d1df479faad3/build]   | [command]/usr/bin/tar xz --warning=no-unknown-keyword -C /tmp/9c995670-9c8f-4438-9cab-6469ef406069 -f /tmp/23d21fd9-1064-4fc2-a2b8-9f00d83b3a36
[afb64125-6808-4697-a905-d1df479faad3/build]   ğŸ’¬  ::debug::Caching tool Java_Zulu_jdk 11.0.21-9 x64
[afb64125-6808-4697-a905-d1df479faad3/build]   ğŸ’¬  ::debug::source dir: /tmp/9c995670-9c8f-4438-9cab-6469ef406069/zulu11.68.17-ca-jdk11.0.21-linux_x64
[afb64125-6808-4697-a905-d1df479faad3/build]   ğŸ’¬  ::debug::destination /opt/hostedtoolcache/Java_Zulu_jdk/11.0.21-9/x64
[afb64125-6808-4697-a905-d1df479faad3/build]   ğŸ’¬  ::debug::finished caching tool
[afb64125-6808-4697-a905-d1df479faad3/build]   | Java 11.0.21+9 was downloaded
[afb64125-6808-4697-a905-d1df479faad3/build]   | Setting Java 11.0.21+9 as the default
[afb64125-6808-4697-a905-d1df479faad3/build]   | Creating toolchains.xml for JDK version 11 from zulu
[afb64125-6808-4697-a905-d1df479faad3/build]   | Writing to /home/runner/.m2/toolchains.xml
[afb64125-6808-4697-a905-d1df479faad3/build]   | 
[afb64125-6808-4697-a905-d1df479faad3/build]   | Java configuration:
[afb64125-6808-4697-a905-d1df479faad3/build]   |   Distribution: zulu
[afb64125-6808-4697-a905-d1df479faad3/build]   |   Version: 11.0.21+9
[afb64125-6808-4697-a905-d1df479faad3/build]   |   Path: /opt/hostedtoolcache/Java_Zulu_jdk/11.0.21-9/x64
[afb64125-6808-4697-a905-d1df479faad3/build]   | 
[afb64125-6808-4697-a905-d1df479faad3/build]   â“  ::endgroup::
[afb64125-6808-4697-a905-d1df479faad3/build]   â“ add-matcher /run/act/actions/actions-setup-java@v3/.github/java.json
[afb64125-6808-4697-a905-d1df479faad3/build]   | Creating settings.xml with server-id: github
[afb64125-6808-4697-a905-d1df479faad3/build]   | Writing to /home/runner/.m2/settings.xml
[afb64125-6808-4697-a905-d1df479faad3/build]   âœ…  Success - Main actions/setup-java@v3
[afb64125-6808-4697-a905-d1df479faad3/build]   âš™  ::set-env:: JAVA_HOME=/opt/hostedtoolcache/Java_Zulu_jdk/11.0.21-9/x64
[afb64125-6808-4697-a905-d1df479faad3/build]   âš™  ::set-env:: JAVA_HOME_11_X64=/opt/hostedtoolcache/Java_Zulu_jdk/11.0.21-9/x64
[afb64125-6808-4697-a905-d1df479faad3/build]   âš™  ::set-output:: distribution=Zulu
[afb64125-6808-4697-a905-d1df479faad3/build]   âš™  ::set-output:: path=/opt/hostedtoolcache/Java_Zulu_jdk/11.0.21-9/x64
[afb64125-6808-4697-a905-d1df479faad3/build]   âš™  ::set-output:: version=11.0.21+9
[afb64125-6808-4697-a905-d1df479faad3/build]   âš™  ::add-path:: /opt/hostedtoolcache/Java_Zulu_jdk/11.0.21-9/x64/bin
[afb64125-6808-4697-a905-d1df479faad3/build] unable to get git ref: failed to identify reference (tag/branch) for the checked-out revision '3952b3445d96d91f87d6a427ba10a86907cb0fea'
[afb64125-6808-4697-a905-d1df479faad3/build] unable to get git ref: failed to identify reference (tag/branch) for the checked-out revision '3952b3445d96d91f87d6a427ba10a86907cb0fea'
[afb64125-6808-4697-a905-d1df479faad3/build] unable to get git ref: failed to identify reference (tag/branch) for the checked-out revision '3952b3445d96d91f87d6a427ba10a86907cb0fea'
[afb64125-6808-4697-a905-d1df479faad3/build] unable to get git ref: failed to identify reference (tag/branch) for the checked-out revision '3952b3445d96d91f87d6a427ba10a86907cb0fea'
[afb64125-6808-4697-a905-d1df479faad3/build] unable to get git ref: failed to identify reference (tag/branch) for the checked-out revision '3952b3445d96d91f87d6a427ba10a86907cb0fea'
[afb64125-6808-4697-a905-d1df479faad3/build] â­ Run Main ./gradlew build --no-daemon --warning-mode=fail
[afb64125-6808-4697-a905-d1df479faad3/build] unable to get git ref: failed to identify reference (tag/branch) for the checked-out revision '3952b3445d96d91f87d6a427ba10a86907cb0fea'
[afb64125-6808-4697-a905-d1df479faad3/build] unable to get git ref: failed to identify reference (tag/branch) for the checked-out revision '3952b3445d96d91f87d6a427ba10a86907cb0fea'
[afb64125-6808-4697-a905-d1df479faad3/build] unable to get git ref: failed to identify reference (tag/branch) for the checked-out revision '3952b3445d96d91f87d6a427ba10a86907cb0fea'
[afb64125-6808-4697-a905-d1df479faad3/build] unable to get git ref: failed to identify reference (tag/branch) for the checked-out revision '3952b3445d96d91f87d6a427ba10a86907cb0fea'
[afb64125-6808-4697-a905-d1df479faad3/build]   ğŸ³  docker exec cmd=[bash --noprofile --norc -e -o pipefail /var/run/act/workflow/2] user= workdir=
[afb64125-6808-4697-a905-d1df479faad3/build]   | Downloading https://services.gradle.org/distributions/gradle-7.5.1-bin.zip
[afb64125-6808-4697-a905-d1df479faad3/build]   | ...........10%............20%...........30%............40%...........50%............60%...........70%............80%...........90%............100%
[afb64125-6808-4697-a905-d1df479faad3/build]   | 
[afb64125-6808-4697-a905-d1df479faad3/build]   | Welcome to Gradle 7.5.1!
[afb64125-6808-4697-a905-d1df479faad3/build]   | 
[afb64125-6808-4697-a905-d1df479faad3/build]   | Here are the highlights of this release:
[afb64125-6808-4697-a905-d1df479faad3/build]   |  - Support for Java 18
[afb64125-6808-4697-a905-d1df479faad3/build]   |  - Support for building with Groovy 4
[afb64125-6808-4697-a905-d1df479faad3/build]   |  - Much more responsive continuous builds
[afb64125-6808-4697-a905-d1df479faad3/build]   |  - Improved diagnostics for dependency resolution
[afb64125-6808-4697-a905-d1df479faad3/build]   | 
[afb64125-6808-4697-a905-d1df479faad3/build]   | For more details see https://docs.gradle.org/7.5.1/release-notes.html
[afb64125-6808-4697-a905-d1df479faad3/build]   | 
[afb64125-6808-4697-a905-d1df479faad3/build]   | To honour the JVM settings for this build a single-use Daemon process will be forked. See https://docs.gradle.org/7.5.1/userguide/gradle_daemon.html#sec:disabling_the_daemon.
[afb64125-6808-4697-a905-d1df479faad3/build]   | Daemon will be stopped at the end of the build 
[afb64125-6808-4697-a905-d1df479faad3/build]   | 
[afb64125-6808-4697-a905-d1df479faad3/build]   | > Configure project :
[afb64125-6808-4697-a905-d1df479faad3/build]   | Kordamp Enforcer Gradle plugin 0.13.0. Consider becoming a patron at https://www.patreon.com/aalmiray
[afb64125-6808-4697-a905-d1df479faad3/build]   | 
[afb64125-6808-4697-a905-d1df479faad3/build]   | > Task :copyDependencies
[afb64125-6808-4697-a905-d1df479faad3/build]   | > Task :extractIncludeProto
[afb64125-6808-4697-a905-d1df479faad3/build]   | > Task :extractProto
[afb64125-6808-4697-a905-d1df479faad3/build]   | > Task :generateProto
[afb64125-6808-4697-a905-d1df479faad3/build]   | > Task :compileJava
[afb64125-6808-4697-a905-d1df479faad3/build]   | Note: Some input files use or override a deprecated API.
[afb64125-6808-4697-a905-d1df479faad3/build]   | Note: Recompile with -Xlint:deprecation for details.
[afb64125-6808-4697-a905-d1df479faad3/build]   | Note: Some input files use unchecked or unsafe operations.
[afb64125-6808-4697-a905-d1df479faad3/build]   | Note: Recompile with -Xlint:unchecked for details.
[afb64125-6808-4697-a905-d1df479faad3/build]   | 
[afb64125-6808-4697-a905-d1df479faad3/build]   | > Task :processResources
[afb64125-6808-4697-a905-d1df479faad3/build]   | > Task :classes
[afb64125-6808-4697-a905-d1df479faad3/build]   | > Task :jar
[afb64125-6808-4697-a905-d1df479faad3/build]   | > Task :assemble
[afb64125-6808-4697-a905-d1df479faad3/build]   | > Task :extractIncludeTestProto
[afb64125-6808-4697-a905-d1df479faad3/build]   | > Task :extractTestProto
[afb64125-6808-4697-a905-d1df479faad3/build]   | > Task :generateTestProto NO-SOURCE
[afb64125-6808-4697-a905-d1df479faad3/build]   | Note: Some input files use or override a deprecated API.
[afb64125-6808-4697-a905-d1df479faad3/build]   | Note: Recompile with -Xlint:deprecation for details.
[afb64125-6808-4697-a905-d1df479faad3/build]   | 
[afb64125-6808-4697-a905-d1df479faad3/build]   | > Task :compileTestJava
[afb64125-6808-4697-a905-d1df479faad3/build]   | 
[afb64125-6808-4697-a905-d1df479faad3/build]   | > Task :processTestResources NO-SOURCE
[afb64125-6808-4697-a905-d1df479faad3/build]   | > Task :testClasses
[afb64125-6808-4697-a905-d1df479faad3/build]   | > Task :checkstyleTest SKIPPED
[afb64125-6808-4697-a905-d1df479faad3/build]   | > Task :checkstyleMain
[afb64125-6808-4697-a905-d1df479faad3/build]   | 
[afb64125-6808-4697-a905-d1df479faad3/build]   | 497 tests completed, 1 failed, 23 skipped
[afb64125-6808-4697-a905-d1df479faad3/build]   | 
[afb64125-6808-4697-a905-d1df479faad3/build]   | > Task :test FAILED
[afb64125-6808-4697-a905-d1df479faad3/build]   | 
[afb64125-6808-4697-a905-d1df479faad3/build]   | Gl200TextProtocolDecoderTest > testDecode() FAILED
[afb64125-6808-4697-a905-d1df479faad3/build]   |     java.lang.NullPointerException at Gl200TextProtocolDecoderTest.java:14
[afb64125-6808-4697-a905-d1df479faad3/build]   | 
[afb64125-6808-4697-a905-d1df479faad3/build]   | FAILURE: Build failed with an exception.
[afb64125-6808-4697-a905-d1df479faad3/build]   | 
[afb64125-6808-4697-a905-d1df479faad3/build]   | * What went wrong:
[afb64125-6808-4697-a905-d1df479faad3/build]   | Execution failed for task ':test'.
[afb64125-6808-4697-a905-d1df479faad3/build]   | > There were failing tests. See the report at: file:///tmp/14eb9bbf-3ca4-4bec-9113-c021d93b2927/build/reports/tests/test/index.html
[afb64125-6808-4697-a905-d1df479faad3/build]   | 
[afb64125-6808-4697-a905-d1df479faad3/build]   | * Try:
[afb64125-6808-4697-a905-d1df479faad3/build]   | > Run with --stacktrace option to get the stack trace.
[afb64125-6808-4697-a905-d1df479faad3/build]   | > Run with --info or --debug option to get more log output.
[afb64125-6808-4697-a905-d1df479faad3/build]   | > Run with --scan to get full insights.
[afb64125-6808-4697-a905-d1df479faad3/build]   | 
[afb64125-6808-4697-a905-d1df479faad3/build]   | * Get more help at https://help.gradle.org
[afb64125-6808-4697-a905-d1df479faad3/build]   | 
[afb64125-6808-4697-a905-d1df479faad3/build]   | BUILD FAILED in 3m 26s
[afb64125-6808-4697-a905-d1df479faad3/build]   | 12 actionable tasks: 12 executed
[afb64125-6808-4697-a905-d1df479faad3/build]   âŒ  Failure - Main ./gradlew build --no-daemon --warning-mode=fail
[afb64125-6808-4697-a905-d1df479faad3/build] exitcode '1': failure
[afb64125-6808-4697-a905-d1df479faad3/build] unable to get git ref: failed to identify reference (tag/branch) for the checked-out revision '3952b3445d96d91f87d6a427ba10a86907cb0fea'
[afb64125-6808-4697-a905-d1df479faad3/build] unable to get git ref: failed to identify reference (tag/branch) for the checked-out revision '3952b3445d96d91f87d6a427ba10a86907cb0fea'
[afb64125-6808-4697-a905-d1df479faad3/build] unable to get git ref: failed to identify reference (tag/branch) for the checked-out revision '3952b3445d96d91f87d6a427ba10a86907cb0fea'
[afb64125-6808-4697-a905-d1df479faad3/build] unable to get git ref: failed to identify reference (tag/branch) for the checked-out revision '3952b3445d96d91f87d6a427ba10a86907cb0fea'
[afb64125-6808-4697-a905-d1df479faad3/build] unable to get git ref: failed to identify reference (tag/branch) for the checked-out revision '3952b3445d96d91f87d6a427ba10a86907cb0fea'
[afb64125-6808-4697-a905-d1df479faad3/build] â­ Run Post actions/setup-java@v3
[afb64125-6808-4697-a905-d1df479faad3/build]   ğŸ³  docker exec cmd=[node /var/run/act/actions/actions-setup-java@v3/dist/cleanup/index.js] user= workdir=
[afb64125-6808-4697-a905-d1df479faad3/build]   âœ…  Success - Post actions/setup-java@v3
[afb64125-6808-4697-a905-d1df479faad3/build] ğŸ  Job failed
[afb64125-6808-4697-a905-d1df479faad3/build] unable to get git ref: failed to identify reference (tag/branch) for the checked-out revision '3952b3445d96d91f87d6a427ba10a86907cb0fea'
