[6dbc94f1-1e6f-4c81-ba83-48e6fe96c168/Run Unit Tests] ğŸš€  Start image=crawlergpt:latest
[6dbc94f1-1e6f-4c81-ba83-48e6fe96c168/Run Unit Tests]   ğŸ³  docker pull image=crawlergpt:latest platform= username= forcePull=false
[6dbc94f1-1e6f-4c81-ba83-48e6fe96c168/Run Unit Tests]   ğŸ³  docker create image=crawlergpt:latest platform= entrypoint=["tail" "-f" "/dev/null"] cmd=[]
[6dbc94f1-1e6f-4c81-ba83-48e6fe96c168/Run Unit Tests]   ğŸ³  docker run image=crawlergpt:latest platform= entrypoint=["tail" "-f" "/dev/null"] cmd=[]
[6dbc94f1-1e6f-4c81-ba83-48e6fe96c168/Run Unit Tests]   ğŸ³  docker exec cmd=[chown -R 1012:1013 /tmp/20685686-637e-47b7-ba90-224d38c6b204] user=0 workdir=
[6dbc94f1-1e6f-4c81-ba83-48e6fe96c168/Run Unit Tests] unable to get git ref: failed to identify reference (tag/branch) for the checked-out revision '28fa94b7f8aadef5561823d35364bb9f3db83b2a'
[6dbc94f1-1e6f-4c81-ba83-48e6fe96c168/Run Unit Tests] unable to get git ref: failed to identify reference (tag/branch) for the checked-out revision '28fa94b7f8aadef5561823d35364bb9f3db83b2a'
[6dbc94f1-1e6f-4c81-ba83-48e6fe96c168/Run Unit Tests] unable to get git ref: failed to identify reference (tag/branch) for the checked-out revision '28fa94b7f8aadef5561823d35364bb9f3db83b2a'
[6dbc94f1-1e6f-4c81-ba83-48e6fe96c168/Run Unit Tests] unable to get git ref: failed to identify reference (tag/branch) for the checked-out revision '28fa94b7f8aadef5561823d35364bb9f3db83b2a'
[6dbc94f1-1e6f-4c81-ba83-48e6fe96c168/Run Unit Tests] unable to get git ref: failed to identify reference (tag/branch) for the checked-out revision '28fa94b7f8aadef5561823d35364bb9f3db83b2a'
[6dbc94f1-1e6f-4c81-ba83-48e6fe96c168/Run Unit Tests] unable to get git ref: failed to identify reference (tag/branch) for the checked-out revision '28fa94b7f8aadef5561823d35364bb9f3db83b2a'
[6dbc94f1-1e6f-4c81-ba83-48e6fe96c168/Run Unit Tests] unable to get git ref: failed to identify reference (tag/branch) for the checked-out revision '28fa94b7f8aadef5561823d35364bb9f3db83b2a'
[6dbc94f1-1e6f-4c81-ba83-48e6fe96c168/Run Unit Tests] unable to get git ref: failed to identify reference (tag/branch) for the checked-out revision '28fa94b7f8aadef5561823d35364bb9f3db83b2a'
[6dbc94f1-1e6f-4c81-ba83-48e6fe96c168/Run Unit Tests] unable to get git ref: failed to identify reference (tag/branch) for the checked-out revision '28fa94b7f8aadef5561823d35364bb9f3db83b2a'
[6dbc94f1-1e6f-4c81-ba83-48e6fe96c168/Run Unit Tests] unable to get git ref: failed to identify reference (tag/branch) for the checked-out revision '28fa94b7f8aadef5561823d35364bb9f3db83b2a'
[6dbc94f1-1e6f-4c81-ba83-48e6fe96c168/Run Unit Tests] â­ Run Main Checkout Code
[6dbc94f1-1e6f-4c81-ba83-48e6fe96c168/Run Unit Tests] unable to get git ref: failed to identify reference (tag/branch) for the checked-out revision '28fa94b7f8aadef5561823d35364bb9f3db83b2a'
[6dbc94f1-1e6f-4c81-ba83-48e6fe96c168/Run Unit Tests]   âœ…  Success - Main Checkout Code
[6dbc94f1-1e6f-4c81-ba83-48e6fe96c168/Run Unit Tests] unable to get git ref: failed to identify reference (tag/branch) for the checked-out revision '28fa94b7f8aadef5561823d35364bb9f3db83b2a'
[6dbc94f1-1e6f-4c81-ba83-48e6fe96c168/Run Unit Tests] unable to get git ref: failed to identify reference (tag/branch) for the checked-out revision '28fa94b7f8aadef5561823d35364bb9f3db83b2a'
[6dbc94f1-1e6f-4c81-ba83-48e6fe96c168/Run Unit Tests] unable to get git ref: failed to identify reference (tag/branch) for the checked-out revision '28fa94b7f8aadef5561823d35364bb9f3db83b2a'
[6dbc94f1-1e6f-4c81-ba83-48e6fe96c168/Run Unit Tests] unable to get git ref: failed to identify reference (tag/branch) for the checked-out revision '28fa94b7f8aadef5561823d35364bb9f3db83b2a'
[6dbc94f1-1e6f-4c81-ba83-48e6fe96c168/Run Unit Tests] unable to get git ref: failed to identify reference (tag/branch) for the checked-out revision '28fa94b7f8aadef5561823d35364bb9f3db83b2a'
[6dbc94f1-1e6f-4c81-ba83-48e6fe96c168/Run Unit Tests] â­ Run Main Set up JDK 1.8
[6dbc94f1-1e6f-4c81-ba83-48e6fe96c168/Run Unit Tests] unable to get git ref: failed to identify reference (tag/branch) for the checked-out revision '28fa94b7f8aadef5561823d35364bb9f3db83b2a'
[6dbc94f1-1e6f-4c81-ba83-48e6fe96c168/Run Unit Tests] unable to get git ref: failed to identify reference (tag/branch) for the checked-out revision '28fa94b7f8aadef5561823d35364bb9f3db83b2a'
[6dbc94f1-1e6f-4c81-ba83-48e6fe96c168/Run Unit Tests] unable to get git ref: failed to identify reference (tag/branch) for the checked-out revision '28fa94b7f8aadef5561823d35364bb9f3db83b2a'
[6dbc94f1-1e6f-4c81-ba83-48e6fe96c168/Run Unit Tests]   ğŸ³  docker cp src=/tmp/act-cache/bdba00d8-ef82-4ce3-a739-41fa915fe3da/act/actions-setup-java@v1/ dst=/var/run/act/actions/actions-setup-java@v1/
[6dbc94f1-1e6f-4c81-ba83-48e6fe96c168/Run Unit Tests]   ğŸ³  docker exec cmd=[chown -R 1012:1013 /var/run/act/actions/actions-setup-java@v1/] user=0 workdir=
[6dbc94f1-1e6f-4c81-ba83-48e6fe96c168/Run Unit Tests]   ğŸ³  docker exec cmd=[node /var/run/act/actions/actions-setup-java@v1/dist/setup/index.js] user= workdir=
[6dbc94f1-1e6f-4c81-ba83-48e6fe96c168/Run Unit Tests]   ğŸ’¬  ::debug::isExplicit: 
[6dbc94f1-1e6f-4c81-ba83-48e6fe96c168/Run Unit Tests]   ğŸ’¬  ::debug::explicit? false
[6dbc94f1-1e6f-4c81-ba83-48e6fe96c168/Run Unit Tests]   ğŸ’¬  ::debug::evaluating 0 versions
[6dbc94f1-1e6f-4c81-ba83-48e6fe96c168/Run Unit Tests]   ğŸ’¬  ::debug::match not found
[6dbc94f1-1e6f-4c81-ba83-48e6fe96c168/Run Unit Tests]   ğŸ’¬  ::debug::Downloading JDK from Azul
[6dbc94f1-1e6f-4c81-ba83-48e6fe96c168/Run Unit Tests]   ğŸ’¬  ::debug::Searching for files with extension: -linux_x64.tar.gz
[6dbc94f1-1e6f-4c81-ba83-48e6fe96c168/Run Unit Tests]   ğŸ’¬  ::debug::Downloading https://static.azul.com/zulu/bin/zulu8.70.0.23-ca-jdk8.0.372-linux_x64.tar.gz
[6dbc94f1-1e6f-4c81-ba83-48e6fe96c168/Run Unit Tests]   ğŸ’¬  ::debug::Downloading /tmp/de118a42-618a-4a77-9097-df0b91931235
[6dbc94f1-1e6f-4c81-ba83-48e6fe96c168/Run Unit Tests]   ğŸ’¬  ::debug::download complete
[6dbc94f1-1e6f-4c81-ba83-48e6fe96c168/Run Unit Tests]   | [command]/usr/bin/tar --version
[6dbc94f1-1e6f-4c81-ba83-48e6fe96c168/Run Unit Tests]   | tar (GNU tar) 1.30
[6dbc94f1-1e6f-4c81-ba83-48e6fe96c168/Run Unit Tests]   | Copyright (C) 2017 Free Software Foundation, Inc.
[6dbc94f1-1e6f-4c81-ba83-48e6fe96c168/Run Unit Tests]   | License GPLv3+: GNU GPL version 3 or later <https://gnu.org/licenses/gpl.html>.
[6dbc94f1-1e6f-4c81-ba83-48e6fe96c168/Run Unit Tests]   | This is free software: you are free to change and redistribute it.
[6dbc94f1-1e6f-4c81-ba83-48e6fe96c168/Run Unit Tests]   | There is NO WARRANTY, to the extent permitted by law.
[6dbc94f1-1e6f-4c81-ba83-48e6fe96c168/Run Unit Tests]   | 
[6dbc94f1-1e6f-4c81-ba83-48e6fe96c168/Run Unit Tests]   | Written by John Gilmore and Jay Fenlason.
[6dbc94f1-1e6f-4c81-ba83-48e6fe96c168/Run Unit Tests]   | [command]/usr/bin/tar xz --warning=no-unknown-keyword -C /tmp/temp_1499189988 -f /tmp/de118a42-618a-4a77-9097-df0b91931235
[6dbc94f1-1e6f-4c81-ba83-48e6fe96c168/Run Unit Tests]   ğŸ’¬  ::debug::jdk extracted to /tmp/temp_1499189988/zulu8.70.0.23-ca-jdk8.0.372-linux_x64
[6dbc94f1-1e6f-4c81-ba83-48e6fe96c168/Run Unit Tests]   ğŸ’¬  ::debug::Caching tool jdk 8.0.372 x64
[6dbc94f1-1e6f-4c81-ba83-48e6fe96c168/Run Unit Tests]   ğŸ’¬  ::debug::source dir: /tmp/temp_1499189988/zulu8.70.0.23-ca-jdk8.0.372-linux_x64
[6dbc94f1-1e6f-4c81-ba83-48e6fe96c168/Run Unit Tests]   ğŸ’¬  ::debug::destination /opt/hostedtoolcache/jdk/8.0.372/x64
[6dbc94f1-1e6f-4c81-ba83-48e6fe96c168/Run Unit Tests]   ğŸ’¬  ::debug::finished caching tool
[6dbc94f1-1e6f-4c81-ba83-48e6fe96c168/Run Unit Tests]   â“ add-matcher /run/act/actions/actions-setup-java@v1/.github/java.json
[6dbc94f1-1e6f-4c81-ba83-48e6fe96c168/Run Unit Tests]   | creating settings.xml with server-id: github; environment variables: username=$GITHUB_ACTOR, password=$GITHUB_TOKEN, and gpg-passphrase=null
[6dbc94f1-1e6f-4c81-ba83-48e6fe96c168/Run Unit Tests]   ğŸ’¬  ::debug::created directory /home/runneradmin/.m2
[6dbc94f1-1e6f-4c81-ba83-48e6fe96c168/Run Unit Tests]   | writing /home/runneradmin/.m2/settings.xml
[6dbc94f1-1e6f-4c81-ba83-48e6fe96c168/Run Unit Tests]   âœ…  Success - Main Set up JDK 1.8
[6dbc94f1-1e6f-4c81-ba83-48e6fe96c168/Run Unit Tests]   âš™  ::set-env:: JAVA_HOME_8.0.372_x64=/opt/hostedtoolcache/jdk/8.0.372/x64
[6dbc94f1-1e6f-4c81-ba83-48e6fe96c168/Run Unit Tests]   âš™  ::set-env:: JAVA_HOME=/opt/hostedtoolcache/jdk/8.0.372/x64
[6dbc94f1-1e6f-4c81-ba83-48e6fe96c168/Run Unit Tests]   âš™  ::set-env:: JAVA_HOME_8_0_372_X64=/opt/hostedtoolcache/jdk/8.0.372/x64
[6dbc94f1-1e6f-4c81-ba83-48e6fe96c168/Run Unit Tests]   âš™  ::set-output:: path=/opt/hostedtoolcache/jdk/8.0.372/x64
[6dbc94f1-1e6f-4c81-ba83-48e6fe96c168/Run Unit Tests]   âš™  ::set-output:: version=8.0.372
[6dbc94f1-1e6f-4c81-ba83-48e6fe96c168/Run Unit Tests]   âš™  ::add-path:: /opt/hostedtoolcache/jdk/8.0.372/x64/bin
[6dbc94f1-1e6f-4c81-ba83-48e6fe96c168/Run Unit Tests] unable to get git ref: failed to identify reference (tag/branch) for the checked-out revision '28fa94b7f8aadef5561823d35364bb9f3db83b2a'
[6dbc94f1-1e6f-4c81-ba83-48e6fe96c168/Run Unit Tests] unable to get git ref: failed to identify reference (tag/branch) for the checked-out revision '28fa94b7f8aadef5561823d35364bb9f3db83b2a'
[6dbc94f1-1e6f-4c81-ba83-48e6fe96c168/Run Unit Tests] unable to get git ref: failed to identify reference (tag/branch) for the checked-out revision '28fa94b7f8aadef5561823d35364bb9f3db83b2a'
[6dbc94f1-1e6f-4c81-ba83-48e6fe96c168/Run Unit Tests] unable to get git ref: failed to identify reference (tag/branch) for the checked-out revision '28fa94b7f8aadef5561823d35364bb9f3db83b2a'
[6dbc94f1-1e6f-4c81-ba83-48e6fe96c168/Run Unit Tests] unable to get git ref: failed to identify reference (tag/branch) for the checked-out revision '28fa94b7f8aadef5561823d35364bb9f3db83b2a'
[6dbc94f1-1e6f-4c81-ba83-48e6fe96c168/Run Unit Tests] â­ Run Main Grant execute permission for gradlew
[6dbc94f1-1e6f-4c81-ba83-48e6fe96c168/Run Unit Tests] unable to get git ref: failed to identify reference (tag/branch) for the checked-out revision '28fa94b7f8aadef5561823d35364bb9f3db83b2a'
[6dbc94f1-1e6f-4c81-ba83-48e6fe96c168/Run Unit Tests] unable to get git ref: failed to identify reference (tag/branch) for the checked-out revision '28fa94b7f8aadef5561823d35364bb9f3db83b2a'
[6dbc94f1-1e6f-4c81-ba83-48e6fe96c168/Run Unit Tests] unable to get git ref: failed to identify reference (tag/branch) for the checked-out revision '28fa94b7f8aadef5561823d35364bb9f3db83b2a'
[6dbc94f1-1e6f-4c81-ba83-48e6fe96c168/Run Unit Tests] unable to get git ref: failed to identify reference (tag/branch) for the checked-out revision '28fa94b7f8aadef5561823d35364bb9f3db83b2a'
[6dbc94f1-1e6f-4c81-ba83-48e6fe96c168/Run Unit Tests]   ğŸ³  docker exec cmd=[bash --noprofile --norc -e -o pipefail /var/run/act/workflow/2] user= workdir=
[6dbc94f1-1e6f-4c81-ba83-48e6fe96c168/Run Unit Tests]   âœ…  Success - Main Grant execute permission for gradlew
[6dbc94f1-1e6f-4c81-ba83-48e6fe96c168/Run Unit Tests] unable to get git ref: failed to identify reference (tag/branch) for the checked-out revision '28fa94b7f8aadef5561823d35364bb9f3db83b2a'
[6dbc94f1-1e6f-4c81-ba83-48e6fe96c168/Run Unit Tests] unable to get git ref: failed to identify reference (tag/branch) for the checked-out revision '28fa94b7f8aadef5561823d35364bb9f3db83b2a'
[6dbc94f1-1e6f-4c81-ba83-48e6fe96c168/Run Unit Tests] unable to get git ref: failed to identify reference (tag/branch) for the checked-out revision '28fa94b7f8aadef5561823d35364bb9f3db83b2a'
[6dbc94f1-1e6f-4c81-ba83-48e6fe96c168/Run Unit Tests] unable to get git ref: failed to identify reference (tag/branch) for the checked-out revision '28fa94b7f8aadef5561823d35364bb9f3db83b2a'
[6dbc94f1-1e6f-4c81-ba83-48e6fe96c168/Run Unit Tests] unable to get git ref: failed to identify reference (tag/branch) for the checked-out revision '28fa94b7f8aadef5561823d35364bb9f3db83b2a'
[6dbc94f1-1e6f-4c81-ba83-48e6fe96c168/Run Unit Tests] â­ Run Main Run Tests with Gradle
[6dbc94f1-1e6f-4c81-ba83-48e6fe96c168/Run Unit Tests] unable to get git ref: failed to identify reference (tag/branch) for the checked-out revision '28fa94b7f8aadef5561823d35364bb9f3db83b2a'
[6dbc94f1-1e6f-4c81-ba83-48e6fe96c168/Run Unit Tests] unable to get git ref: failed to identify reference (tag/branch) for the checked-out revision '28fa94b7f8aadef5561823d35364bb9f3db83b2a'
[6dbc94f1-1e6f-4c81-ba83-48e6fe96c168/Run Unit Tests] unable to get git ref: failed to identify reference (tag/branch) for the checked-out revision '28fa94b7f8aadef5561823d35364bb9f3db83b2a'
[6dbc94f1-1e6f-4c81-ba83-48e6fe96c168/Run Unit Tests] unable to get git ref: failed to identify reference (tag/branch) for the checked-out revision '28fa94b7f8aadef5561823d35364bb9f3db83b2a'
[6dbc94f1-1e6f-4c81-ba83-48e6fe96c168/Run Unit Tests]   ğŸ³  docker exec cmd=[bash --noprofile --norc -e -o pipefail /var/run/act/workflow/3] user= workdir=
[6dbc94f1-1e6f-4c81-ba83-48e6fe96c168/Run Unit Tests]   | Downloading https://services.gradle.org/distributions/gradle-6.7-all.zip
[6dbc94f1-1e6f-4c81-ba83-48e6fe96c168/Run Unit Tests]   | ...........................................................................................................................................
[6dbc94f1-1e6f-4c81-ba83-48e6fe96c168/Run Unit Tests]   | 
[6dbc94f1-1e6f-4c81-ba83-48e6fe96c168/Run Unit Tests]   | Welcome to Gradle 6.7!
[6dbc94f1-1e6f-4c81-ba83-48e6fe96c168/Run Unit Tests]   | 
[6dbc94f1-1e6f-4c81-ba83-48e6fe96c168/Run Unit Tests]   | Here are the highlights of this release:
[6dbc94f1-1e6f-4c81-ba83-48e6fe96c168/Run Unit Tests]   |  - File system watching is ready for production use
[6dbc94f1-1e6f-4c81-ba83-48e6fe96c168/Run Unit Tests]   |  - Declare the version of Java your build requires
[6dbc94f1-1e6f-4c81-ba83-48e6fe96c168/Run Unit Tests]   |  - Java 15 support
[6dbc94f1-1e6f-4c81-ba83-48e6fe96c168/Run Unit Tests]   | 
[6dbc94f1-1e6f-4c81-ba83-48e6fe96c168/Run Unit Tests]   | For more details see https://docs.gradle.org/6.7/release-notes.html
[6dbc94f1-1e6f-4c81-ba83-48e6fe96c168/Run Unit Tests]   | 
[6dbc94f1-1e6f-4c81-ba83-48e6fe96c168/Run Unit Tests]   | Starting a Gradle Daemon (subsequent builds will be faster)
[6dbc94f1-1e6f-4c81-ba83-48e6fe96c168/Run Unit Tests]   | [gradle-intellij-plugin :yii2support] Cannot read builtin registry cache. Run with --debug option to get more log output.
[6dbc94f1-1e6f-4c81-ba83-48e6fe96c168/Run Unit Tests]   | > Task :compileJava UP-TO-DATE
[6dbc94f1-1e6f-4c81-ba83-48e6fe96c168/Run Unit Tests]   | > Task :patchPluginXml UP-TO-DATE
[6dbc94f1-1e6f-4c81-ba83-48e6fe96c168/Run Unit Tests]   | > Task :processResources UP-TO-DATE
[6dbc94f1-1e6f-4c81-ba83-48e6fe96c168/Run Unit Tests]   | > Task :classes UP-TO-DATE
[6dbc94f1-1e6f-4c81-ba83-48e6fe96c168/Run Unit Tests]   | > Task :instrumentCode UP-TO-DATE
[6dbc94f1-1e6f-4c81-ba83-48e6fe96c168/Run Unit Tests]   | > Task :postInstrumentCode
[6dbc94f1-1e6f-4c81-ba83-48e6fe96c168/Run Unit Tests]   | > Task :compileTestJava
[6dbc94f1-1e6f-4c81-ba83-48e6fe96c168/Run Unit Tests]   | > Task :processTestResources NO-SOURCE
[6dbc94f1-1e6f-4c81-ba83-48e6fe96c168/Run Unit Tests]   | > Task :testClasses
[6dbc94f1-1e6f-4c81-ba83-48e6fe96c168/Run Unit Tests]   | > Task :instrumentTestCode
[6dbc94f1-1e6f-4c81-ba83-48e6fe96c168/Run Unit Tests]   | > Task :postInstrumentTestCode
[6dbc94f1-1e6f-4c81-ba83-48e6fe96c168/Run Unit Tests]   | > Task :jar UP-TO-DATE
[6dbc94f1-1e6f-4c81-ba83-48e6fe96c168/Run Unit Tests]   | > Task :prepareTestingSandbox UP-TO-DATE
[6dbc94f1-1e6f-4c81-ba83-48e6fe96c168/Run Unit Tests]   | 
[6dbc94f1-1e6f-4c81-ba83-48e6fe96c168/Run Unit Tests]   | > Task :test
[6dbc94f1-1e6f-4c81-ba83-48e6fe96c168/Run Unit Tests]   | 
[6dbc94f1-1e6f-4c81-ba83-48e6fe96c168/Run Unit Tests]   | com.nvlad.yii2support.url.UrlTests > testUrlTo FAILED
[6dbc94f1-1e6f-4c81-ba83-48e6fe96c168/Run Unit Tests]   |     java.lang.AssertionError at UrlTests.java:47
[6dbc94f1-1e6f-4c81-ba83-48e6fe96c168/Run Unit Tests]   | 
[6dbc94f1-1e6f-4c81-ba83-48e6fe96c168/Run Unit Tests]   | com.nvlad.yii2support.url.UrlTests > testUrlRemember FAILED
[6dbc94f1-1e6f-4c81-ba83-48e6fe96c168/Run Unit Tests]   |     java.lang.AssertionError at UrlTests.java:76
[6dbc94f1-1e6f-4c81-ba83-48e6fe96c168/Run Unit Tests]   | 
[6dbc94f1-1e6f-4c81-ba83-48e6fe96c168/Run Unit Tests]   | 22 tests completed, 2 failed
[6dbc94f1-1e6f-4c81-ba83-48e6fe96c168/Run Unit Tests]   | 
[6dbc94f1-1e6f-4c81-ba83-48e6fe96c168/Run Unit Tests]   | > Task :test FAILED
[6dbc94f1-1e6f-4c81-ba83-48e6fe96c168/Run Unit Tests]   | 
[6dbc94f1-1e6f-4c81-ba83-48e6fe96c168/Run Unit Tests]   | FAILURE: Build failed with an exception.
[6dbc94f1-1e6f-4c81-ba83-48e6fe96c168/Run Unit Tests]   | 
[6dbc94f1-1e6f-4c81-ba83-48e6fe96c168/Run Unit Tests]   | * What went wrong:
[6dbc94f1-1e6f-4c81-ba83-48e6fe96c168/Run Unit Tests]   | Execution failed for task ':test'.
[6dbc94f1-1e6f-4c81-ba83-48e6fe96c168/Run Unit Tests]   | > There were failing tests. See the report at: file:///tmp/20685686-637e-47b7-ba90-224d38c6b204/build/reports/tests/test/index.html
[6dbc94f1-1e6f-4c81-ba83-48e6fe96c168/Run Unit Tests]   | 
[6dbc94f1-1e6f-4c81-ba83-48e6fe96c168/Run Unit Tests]   | * Try:
[6dbc94f1-1e6f-4c81-ba83-48e6fe96c168/Run Unit Tests]   | Run with --stacktrace option to get the stack trace. Run with --info or --debug option to get more log output. Run with --scan to get full insights.
[6dbc94f1-1e6f-4c81-ba83-48e6fe96c168/Run Unit Tests]   | 
[6dbc94f1-1e6f-4c81-ba83-48e6fe96c168/Run Unit Tests]   | * Get more help at https://help.gradle.org
[6dbc94f1-1e6f-4c81-ba83-48e6fe96c168/Run Unit Tests]   | 
[6dbc94f1-1e6f-4c81-ba83-48e6fe96c168/Run Unit Tests]   | BUILD FAILED in 4m 17s
[6dbc94f1-1e6f-4c81-ba83-48e6fe96c168/Run Unit Tests]   | 11 actionable tasks: 5 executed, 6 up-to-date
[6dbc94f1-1e6f-4c81-ba83-48e6fe96c168/Run Unit Tests]   âŒ  Failure - Main Run Tests with Gradle
[6dbc94f1-1e6f-4c81-ba83-48e6fe96c168/Run Unit Tests] exitcode '1': failure
[6dbc94f1-1e6f-4c81-ba83-48e6fe96c168/Run Unit Tests] unable to get git ref: failed to identify reference (tag/branch) for the checked-out revision '28fa94b7f8aadef5561823d35364bb9f3db83b2a'
[6dbc94f1-1e6f-4c81-ba83-48e6fe96c168/Run Unit Tests] unable to get git ref: failed to identify reference (tag/branch) for the checked-out revision '28fa94b7f8aadef5561823d35364bb9f3db83b2a'
[6dbc94f1-1e6f-4c81-ba83-48e6fe96c168/Run Unit Tests] unable to get git ref: failed to identify reference (tag/branch) for the checked-out revision '28fa94b7f8aadef5561823d35364bb9f3db83b2a'
[6dbc94f1-1e6f-4c81-ba83-48e6fe96c168/Run Unit Tests] unable to get git ref: failed to identify reference (tag/branch) for the checked-out revision '28fa94b7f8aadef5561823d35364bb9f3db83b2a'
[6dbc94f1-1e6f-4c81-ba83-48e6fe96c168/Run Unit Tests] unable to get git ref: failed to identify reference (tag/branch) for the checked-out revision '28fa94b7f8aadef5561823d35364bb9f3db83b2a'
[6dbc94f1-1e6f-4c81-ba83-48e6fe96c168/Run Unit Tests] unable to get git ref: failed to identify reference (tag/branch) for the checked-out revision '28fa94b7f8aadef5561823d35364bb9f3db83b2a'
[6dbc94f1-1e6f-4c81-ba83-48e6fe96c168/Run Unit Tests] unable to get git ref: failed to identify reference (tag/branch) for the checked-out revision '28fa94b7f8aadef5561823d35364bb9f3db83b2a'
[6dbc94f1-1e6f-4c81-ba83-48e6fe96c168/Run Unit Tests] unable to get git ref: failed to identify reference (tag/branch) for the checked-out revision '28fa94b7f8aadef5561823d35364bb9f3db83b2a'
[6dbc94f1-1e6f-4c81-ba83-48e6fe96c168/Run Unit Tests] unable to get git ref: failed to identify reference (tag/branch) for the checked-out revision '28fa94b7f8aadef5561823d35364bb9f3db83b2a'
[6dbc94f1-1e6f-4c81-ba83-48e6fe96c168/Run Unit Tests] unable to get git ref: failed to identify reference (tag/branch) for the checked-out revision '28fa94b7f8aadef5561823d35364bb9f3db83b2a'
[6dbc94f1-1e6f-4c81-ba83-48e6fe96c168/Run Unit Tests] â­ Run Post Set up JDK 1.8
[6dbc94f1-1e6f-4c81-ba83-48e6fe96c168/Run Unit Tests]   ğŸ³  docker exec cmd=[node /var/run/act/actions/actions-setup-java@v1/dist/cleanup/index.js] user= workdir=
[6dbc94f1-1e6f-4c81-ba83-48e6fe96c168/Run Unit Tests]   âœ…  Success - Post Set up JDK 1.8
[6dbc94f1-1e6f-4c81-ba83-48e6fe96c168/Run Unit Tests] ğŸ  Job failed
[6dbc94f1-1e6f-4c81-ba83-48e6fe96c168/Run Unit Tests] unable to get git ref: failed to identify reference (tag/branch) for the checked-out revision '28fa94b7f8aadef5561823d35364bb9f3db83b2a'
