[45371da1-9ac9-4592-9688-e3d6d3a9a0ac/build] ğŸš€  Start image=crawlergpt:latest
[45371da1-9ac9-4592-9688-e3d6d3a9a0ac/build]   ğŸ³  docker pull image=crawlergpt:latest platform= username= forcePull=false
[45371da1-9ac9-4592-9688-e3d6d3a9a0ac/build]   ğŸ³  docker create image=crawlergpt:latest platform= entrypoint=["tail" "-f" "/dev/null"] cmd=[]
[45371da1-9ac9-4592-9688-e3d6d3a9a0ac/build]   ğŸ³  docker run image=crawlergpt:latest platform= entrypoint=["tail" "-f" "/dev/null"] cmd=[]
[45371da1-9ac9-4592-9688-e3d6d3a9a0ac/build]   ğŸ³  docker exec cmd=[chown -R 1012:1013 /tmp/9e7cce57-7665-4f9f-af42-b1a0f4ab0fa7] user=0 workdir=
[45371da1-9ac9-4592-9688-e3d6d3a9a0ac/build] unable to get git ref: failed to identify reference (tag/branch) for the checked-out revision 'd187debbb92631d2a41aaeb37e0a8a7f96a5f197'
[45371da1-9ac9-4592-9688-e3d6d3a9a0ac/build] unable to get git ref: failed to identify reference (tag/branch) for the checked-out revision 'd187debbb92631d2a41aaeb37e0a8a7f96a5f197'
[45371da1-9ac9-4592-9688-e3d6d3a9a0ac/build] unable to get git ref: failed to identify reference (tag/branch) for the checked-out revision 'd187debbb92631d2a41aaeb37e0a8a7f96a5f197'
[45371da1-9ac9-4592-9688-e3d6d3a9a0ac/build] unable to get git ref: failed to identify reference (tag/branch) for the checked-out revision 'd187debbb92631d2a41aaeb37e0a8a7f96a5f197'
[45371da1-9ac9-4592-9688-e3d6d3a9a0ac/build] unable to get git ref: failed to identify reference (tag/branch) for the checked-out revision 'd187debbb92631d2a41aaeb37e0a8a7f96a5f197'
[45371da1-9ac9-4592-9688-e3d6d3a9a0ac/build] ğŸ§ª  Matrix: map[java:8 os:ubuntu-latest]
[45371da1-9ac9-4592-9688-e3d6d3a9a0ac/build] unable to get git ref: failed to identify reference (tag/branch) for the checked-out revision 'd187debbb92631d2a41aaeb37e0a8a7f96a5f197'
[45371da1-9ac9-4592-9688-e3d6d3a9a0ac/build] unable to get git ref: failed to identify reference (tag/branch) for the checked-out revision 'd187debbb92631d2a41aaeb37e0a8a7f96a5f197'
[45371da1-9ac9-4592-9688-e3d6d3a9a0ac/build] unable to get git ref: failed to identify reference (tag/branch) for the checked-out revision 'd187debbb92631d2a41aaeb37e0a8a7f96a5f197'
[45371da1-9ac9-4592-9688-e3d6d3a9a0ac/build] unable to get git ref: failed to identify reference (tag/branch) for the checked-out revision 'd187debbb92631d2a41aaeb37e0a8a7f96a5f197'
[45371da1-9ac9-4592-9688-e3d6d3a9a0ac/build] unable to get git ref: failed to identify reference (tag/branch) for the checked-out revision 'd187debbb92631d2a41aaeb37e0a8a7f96a5f197'
[45371da1-9ac9-4592-9688-e3d6d3a9a0ac/build] unable to get git ref: failed to identify reference (tag/branch) for the checked-out revision 'd187debbb92631d2a41aaeb37e0a8a7f96a5f197'
[45371da1-9ac9-4592-9688-e3d6d3a9a0ac/build] â­ Run Main Checkout the repo
[45371da1-9ac9-4592-9688-e3d6d3a9a0ac/build] unable to get git ref: failed to identify reference (tag/branch) for the checked-out revision 'd187debbb92631d2a41aaeb37e0a8a7f96a5f197'
[45371da1-9ac9-4592-9688-e3d6d3a9a0ac/build]   âœ…  Success - Main Checkout the repo
[45371da1-9ac9-4592-9688-e3d6d3a9a0ac/build] unable to get git ref: failed to identify reference (tag/branch) for the checked-out revision 'd187debbb92631d2a41aaeb37e0a8a7f96a5f197'
[45371da1-9ac9-4592-9688-e3d6d3a9a0ac/build] unable to get git ref: failed to identify reference (tag/branch) for the checked-out revision 'd187debbb92631d2a41aaeb37e0a8a7f96a5f197'
[45371da1-9ac9-4592-9688-e3d6d3a9a0ac/build] unable to get git ref: failed to identify reference (tag/branch) for the checked-out revision 'd187debbb92631d2a41aaeb37e0a8a7f96a5f197'
[45371da1-9ac9-4592-9688-e3d6d3a9a0ac/build] unable to get git ref: failed to identify reference (tag/branch) for the checked-out revision 'd187debbb92631d2a41aaeb37e0a8a7f96a5f197'
[45371da1-9ac9-4592-9688-e3d6d3a9a0ac/build] unable to get git ref: failed to identify reference (tag/branch) for the checked-out revision 'd187debbb92631d2a41aaeb37e0a8a7f96a5f197'
[45371da1-9ac9-4592-9688-e3d6d3a9a0ac/build] â­ Run Main Setup Java
[45371da1-9ac9-4592-9688-e3d6d3a9a0ac/build] unable to get git ref: failed to identify reference (tag/branch) for the checked-out revision 'd187debbb92631d2a41aaeb37e0a8a7f96a5f197'
[45371da1-9ac9-4592-9688-e3d6d3a9a0ac/build] unable to get git ref: failed to identify reference (tag/branch) for the checked-out revision 'd187debbb92631d2a41aaeb37e0a8a7f96a5f197'
[45371da1-9ac9-4592-9688-e3d6d3a9a0ac/build] unable to get git ref: failed to identify reference (tag/branch) for the checked-out revision 'd187debbb92631d2a41aaeb37e0a8a7f96a5f197'
[45371da1-9ac9-4592-9688-e3d6d3a9a0ac/build]   ğŸ³  docker cp src=/tmp/act-cache/b00077a4-12e4-43b1-bd52-7b52a35f94ee/act/actions-setup-java@v1/ dst=/var/run/act/actions/actions-setup-java@v1/
[45371da1-9ac9-4592-9688-e3d6d3a9a0ac/build]   ğŸ³  docker exec cmd=[chown -R 1012:1013 /var/run/act/actions/actions-setup-java@v1/] user=0 workdir=
[45371da1-9ac9-4592-9688-e3d6d3a9a0ac/build]   ğŸ³  docker exec cmd=[node /var/run/act/actions/actions-setup-java@v1/dist/setup/index.js] user= workdir=
[45371da1-9ac9-4592-9688-e3d6d3a9a0ac/build]   ğŸ’¬  ::debug::isExplicit: 
[45371da1-9ac9-4592-9688-e3d6d3a9a0ac/build]   ğŸ’¬  ::debug::explicit? false
[45371da1-9ac9-4592-9688-e3d6d3a9a0ac/build]   ğŸ’¬  ::debug::evaluating 0 versions
[45371da1-9ac9-4592-9688-e3d6d3a9a0ac/build]   ğŸ’¬  ::debug::match not found
[45371da1-9ac9-4592-9688-e3d6d3a9a0ac/build]   ğŸ’¬  ::debug::Downloading JDK from Azul
[45371da1-9ac9-4592-9688-e3d6d3a9a0ac/build]   ğŸ’¬  ::debug::Searching for files with extension: -linux_x64.tar.gz
[45371da1-9ac9-4592-9688-e3d6d3a9a0ac/build]   ğŸ’¬  ::debug::Downloading https://static.azul.com/zulu/bin/zulu8.70.0.23-ca-jdk8.0.372-linux_x64.tar.gz
[45371da1-9ac9-4592-9688-e3d6d3a9a0ac/build]   ğŸ’¬  ::debug::Downloading /tmp/ec8e762d-79d0-44ed-827d-8a81eec43fc7
[45371da1-9ac9-4592-9688-e3d6d3a9a0ac/build]   ğŸ’¬  ::debug::download complete
[45371da1-9ac9-4592-9688-e3d6d3a9a0ac/build]   | [command]/usr/bin/tar --version
[45371da1-9ac9-4592-9688-e3d6d3a9a0ac/build]   | tar (GNU tar) 1.30
[45371da1-9ac9-4592-9688-e3d6d3a9a0ac/build]   | Copyright (C) 2017 Free Software Foundation, Inc.
[45371da1-9ac9-4592-9688-e3d6d3a9a0ac/build]   | License GPLv3+: GNU GPL version 3 or later <https://gnu.org/licenses/gpl.html>.
[45371da1-9ac9-4592-9688-e3d6d3a9a0ac/build]   | This is free software: you are free to change and redistribute it.
[45371da1-9ac9-4592-9688-e3d6d3a9a0ac/build]   | There is NO WARRANTY, to the extent permitted by law.
[45371da1-9ac9-4592-9688-e3d6d3a9a0ac/build]   | 
[45371da1-9ac9-4592-9688-e3d6d3a9a0ac/build]   | Written by John Gilmore and Jay Fenlason.
[45371da1-9ac9-4592-9688-e3d6d3a9a0ac/build]   | [command]/usr/bin/tar xz --warning=no-unknown-keyword -C /tmp/temp_1339898781 -f /tmp/ec8e762d-79d0-44ed-827d-8a81eec43fc7
[45371da1-9ac9-4592-9688-e3d6d3a9a0ac/build]   ğŸ’¬  ::debug::jdk extracted to /tmp/temp_1339898781/zulu8.70.0.23-ca-jdk8.0.372-linux_x64
[45371da1-9ac9-4592-9688-e3d6d3a9a0ac/build]   ğŸ’¬  ::debug::Caching tool jdk 8.0.372 x64
[45371da1-9ac9-4592-9688-e3d6d3a9a0ac/build]   ğŸ’¬  ::debug::source dir: /tmp/temp_1339898781/zulu8.70.0.23-ca-jdk8.0.372-linux_x64
[45371da1-9ac9-4592-9688-e3d6d3a9a0ac/build]   ğŸ’¬  ::debug::destination /opt/hostedtoolcache/jdk/8.0.372/x64
[45371da1-9ac9-4592-9688-e3d6d3a9a0ac/build]   ğŸ’¬  ::debug::finished caching tool
[45371da1-9ac9-4592-9688-e3d6d3a9a0ac/build]   â“ add-matcher /run/act/actions/actions-setup-java@v1/.github/java.json
[45371da1-9ac9-4592-9688-e3d6d3a9a0ac/build]   | creating settings.xml with server-id: github; environment variables: username=$GITHUB_ACTOR, password=$GITHUB_TOKEN, and gpg-passphrase=null
[45371da1-9ac9-4592-9688-e3d6d3a9a0ac/build]   ğŸ’¬  ::debug::created directory /home/runneradmin/.m2
[45371da1-9ac9-4592-9688-e3d6d3a9a0ac/build]   | writing /home/runneradmin/.m2/settings.xml
[45371da1-9ac9-4592-9688-e3d6d3a9a0ac/build]   âœ…  Success - Main Setup Java
[45371da1-9ac9-4592-9688-e3d6d3a9a0ac/build]   âš™  ::set-env:: JAVA_HOME_8.0.372_x64=/opt/hostedtoolcache/jdk/8.0.372/x64
[45371da1-9ac9-4592-9688-e3d6d3a9a0ac/build]   âš™  ::set-env:: JAVA_HOME=/opt/hostedtoolcache/jdk/8.0.372/x64
[45371da1-9ac9-4592-9688-e3d6d3a9a0ac/build]   âš™  ::set-env:: JAVA_HOME_8_0_372_X64=/opt/hostedtoolcache/jdk/8.0.372/x64
[45371da1-9ac9-4592-9688-e3d6d3a9a0ac/build]   âš™  ::set-output:: path=/opt/hostedtoolcache/jdk/8.0.372/x64
[45371da1-9ac9-4592-9688-e3d6d3a9a0ac/build]   âš™  ::set-output:: version=8.0.372
[45371da1-9ac9-4592-9688-e3d6d3a9a0ac/build]   âš™  ::add-path:: /opt/hostedtoolcache/jdk/8.0.372/x64/bin
[45371da1-9ac9-4592-9688-e3d6d3a9a0ac/build] unable to get git ref: failed to identify reference (tag/branch) for the checked-out revision 'd187debbb92631d2a41aaeb37e0a8a7f96a5f197'
[45371da1-9ac9-4592-9688-e3d6d3a9a0ac/build] unable to get git ref: failed to identify reference (tag/branch) for the checked-out revision 'd187debbb92631d2a41aaeb37e0a8a7f96a5f197'
[45371da1-9ac9-4592-9688-e3d6d3a9a0ac/build] unable to get git ref: failed to identify reference (tag/branch) for the checked-out revision 'd187debbb92631d2a41aaeb37e0a8a7f96a5f197'
[45371da1-9ac9-4592-9688-e3d6d3a9a0ac/build] unable to get git ref: failed to identify reference (tag/branch) for the checked-out revision 'd187debbb92631d2a41aaeb37e0a8a7f96a5f197'
[45371da1-9ac9-4592-9688-e3d6d3a9a0ac/build] unable to get git ref: failed to identify reference (tag/branch) for the checked-out revision 'd187debbb92631d2a41aaeb37e0a8a7f96a5f197'
[45371da1-9ac9-4592-9688-e3d6d3a9a0ac/build] â­ Run Main Grant execute permission for gradlew
[45371da1-9ac9-4592-9688-e3d6d3a9a0ac/build] unable to get git ref: failed to identify reference (tag/branch) for the checked-out revision 'd187debbb92631d2a41aaeb37e0a8a7f96a5f197'
[45371da1-9ac9-4592-9688-e3d6d3a9a0ac/build] unable to get git ref: failed to identify reference (tag/branch) for the checked-out revision 'd187debbb92631d2a41aaeb37e0a8a7f96a5f197'
[45371da1-9ac9-4592-9688-e3d6d3a9a0ac/build] unable to get git ref: failed to identify reference (tag/branch) for the checked-out revision 'd187debbb92631d2a41aaeb37e0a8a7f96a5f197'
[45371da1-9ac9-4592-9688-e3d6d3a9a0ac/build] unable to get git ref: failed to identify reference (tag/branch) for the checked-out revision 'd187debbb92631d2a41aaeb37e0a8a7f96a5f197'
[45371da1-9ac9-4592-9688-e3d6d3a9a0ac/build]   ğŸ³  docker exec cmd=[bash --noprofile --norc -e -o pipefail /var/run/act/workflow/2] user= workdir=
[45371da1-9ac9-4592-9688-e3d6d3a9a0ac/build]   âœ…  Success - Main Grant execute permission for gradlew
[45371da1-9ac9-4592-9688-e3d6d3a9a0ac/build] unable to get git ref: failed to identify reference (tag/branch) for the checked-out revision 'd187debbb92631d2a41aaeb37e0a8a7f96a5f197'
[45371da1-9ac9-4592-9688-e3d6d3a9a0ac/build] unable to get git ref: failed to identify reference (tag/branch) for the checked-out revision 'd187debbb92631d2a41aaeb37e0a8a7f96a5f197'
[45371da1-9ac9-4592-9688-e3d6d3a9a0ac/build] unable to get git ref: failed to identify reference (tag/branch) for the checked-out revision 'd187debbb92631d2a41aaeb37e0a8a7f96a5f197'
[45371da1-9ac9-4592-9688-e3d6d3a9a0ac/build] unable to get git ref: failed to identify reference (tag/branch) for the checked-out revision 'd187debbb92631d2a41aaeb37e0a8a7f96a5f197'
[45371da1-9ac9-4592-9688-e3d6d3a9a0ac/build] unable to get git ref: failed to identify reference (tag/branch) for the checked-out revision 'd187debbb92631d2a41aaeb37e0a8a7f96a5f197'
[45371da1-9ac9-4592-9688-e3d6d3a9a0ac/build] â­ Run Main Cache Gradle packages
[45371da1-9ac9-4592-9688-e3d6d3a9a0ac/build] unable to get git ref: failed to identify reference (tag/branch) for the checked-out revision 'd187debbb92631d2a41aaeb37e0a8a7f96a5f197'
[45371da1-9ac9-4592-9688-e3d6d3a9a0ac/build] unable to get git ref: failed to identify reference (tag/branch) for the checked-out revision 'd187debbb92631d2a41aaeb37e0a8a7f96a5f197'
[45371da1-9ac9-4592-9688-e3d6d3a9a0ac/build] unable to get git ref: failed to identify reference (tag/branch) for the checked-out revision 'd187debbb92631d2a41aaeb37e0a8a7f96a5f197'
[45371da1-9ac9-4592-9688-e3d6d3a9a0ac/build]   ğŸ³  docker cp src=/tmp/act-cache/b00077a4-12e4-43b1-bd52-7b52a35f94ee/act/actions-cache@v2/ dst=/var/run/act/actions/actions-cache@v2/
[45371da1-9ac9-4592-9688-e3d6d3a9a0ac/build]   ğŸ³  docker exec cmd=[chown -R 1012:1013 /var/run/act/actions/actions-cache@v2/] user=0 workdir=
[45371da1-9ac9-4592-9688-e3d6d3a9a0ac/build]   ğŸ³  docker exec cmd=[node /var/run/act/actions/actions-cache@v2/dist/restore/index.js] user= workdir=
[45371da1-9ac9-4592-9688-e3d6d3a9a0ac/build]   ğŸ’¬  ::debug::Resolved Keys:
[45371da1-9ac9-4592-9688-e3d6d3a9a0ac/build]   ğŸ’¬  ::debug::["Linux-gradle-7292fe12c95b0081eaa8539f97447ca52a58b59f1ff981b8824a31e1f33fa3c3","Linux-gradle"]
[45371da1-9ac9-4592-9688-e3d6d3a9a0ac/build]   ğŸ’¬  ::debug::Checking zstd --version
[45371da1-9ac9-4592-9688-e3d6d3a9a0ac/build]   ğŸ’¬  ::debug::*** zstd command line interface 64-bits v1.5.0, by Yann Collet ***
[45371da1-9ac9-4592-9688-e3d6d3a9a0ac/build]   ğŸ’¬  ::debug::getCacheEntry - Attempt 1 of 2 failed with error: Cache Service Url not found, unable to restore cache.
[45371da1-9ac9-4592-9688-e3d6d3a9a0ac/build]   ğŸ’¬  ::debug::getCacheEntry - Attempt 2 of 2 failed with error: Cache Service Url not found, unable to restore cache.
[45371da1-9ac9-4592-9688-e3d6d3a9a0ac/build]   | [warning]getCacheEntry failed: Cache Service Url not found, unable to restore cache.
[45371da1-9ac9-4592-9688-e3d6d3a9a0ac/build]   âœ…  Success - Main Cache Gradle packages
[45371da1-9ac9-4592-9688-e3d6d3a9a0ac/build]   âš™  ::set-output:: cache-hit=false
[45371da1-9ac9-4592-9688-e3d6d3a9a0ac/build] unable to get git ref: failed to identify reference (tag/branch) for the checked-out revision 'd187debbb92631d2a41aaeb37e0a8a7f96a5f197'
[45371da1-9ac9-4592-9688-e3d6d3a9a0ac/build] unable to get git ref: failed to identify reference (tag/branch) for the checked-out revision 'd187debbb92631d2a41aaeb37e0a8a7f96a5f197'
[45371da1-9ac9-4592-9688-e3d6d3a9a0ac/build] unable to get git ref: failed to identify reference (tag/branch) for the checked-out revision 'd187debbb92631d2a41aaeb37e0a8a7f96a5f197'
[45371da1-9ac9-4592-9688-e3d6d3a9a0ac/build] unable to get git ref: failed to identify reference (tag/branch) for the checked-out revision 'd187debbb92631d2a41aaeb37e0a8a7f96a5f197'
[45371da1-9ac9-4592-9688-e3d6d3a9a0ac/build] unable to get git ref: failed to identify reference (tag/branch) for the checked-out revision 'd187debbb92631d2a41aaeb37e0a8a7f96a5f197'
[45371da1-9ac9-4592-9688-e3d6d3a9a0ac/build] â­ Run Main Build with Gradle
[45371da1-9ac9-4592-9688-e3d6d3a9a0ac/build] unable to get git ref: failed to identify reference (tag/branch) for the checked-out revision 'd187debbb92631d2a41aaeb37e0a8a7f96a5f197'
[45371da1-9ac9-4592-9688-e3d6d3a9a0ac/build] unable to get git ref: failed to identify reference (tag/branch) for the checked-out revision 'd187debbb92631d2a41aaeb37e0a8a7f96a5f197'
[45371da1-9ac9-4592-9688-e3d6d3a9a0ac/build] unable to get git ref: failed to identify reference (tag/branch) for the checked-out revision 'd187debbb92631d2a41aaeb37e0a8a7f96a5f197'
[45371da1-9ac9-4592-9688-e3d6d3a9a0ac/build] unable to get git ref: failed to identify reference (tag/branch) for the checked-out revision 'd187debbb92631d2a41aaeb37e0a8a7f96a5f197'
[45371da1-9ac9-4592-9688-e3d6d3a9a0ac/build]   ğŸ³  docker exec cmd=[bash --noprofile --norc -e -o pipefail /var/run/act/workflow/4] user= workdir=
[45371da1-9ac9-4592-9688-e3d6d3a9a0ac/build]   | Downloading https://services.gradle.org/distributions/gradle-4.10.2-bin.zip
[45371da1-9ac9-4592-9688-e3d6d3a9a0ac/build]   | ..........................................................................
[45371da1-9ac9-4592-9688-e3d6d3a9a0ac/build]   | 
[45371da1-9ac9-4592-9688-e3d6d3a9a0ac/build]   | Welcome to Gradle 4.10.2!
[45371da1-9ac9-4592-9688-e3d6d3a9a0ac/build]   | 
[45371da1-9ac9-4592-9688-e3d6d3a9a0ac/build]   | Here are the highlights of this release:
[45371da1-9ac9-4592-9688-e3d6d3a9a0ac/build]   |  - Incremental Java compilation by default
[45371da1-9ac9-4592-9688-e3d6d3a9a0ac/build]   |  - Periodic Gradle caches cleanup
[45371da1-9ac9-4592-9688-e3d6d3a9a0ac/build]   |  - Gradle Kotlin DSL 1.0-RC6
[45371da1-9ac9-4592-9688-e3d6d3a9a0ac/build]   |  - Nested included builds
[45371da1-9ac9-4592-9688-e3d6d3a9a0ac/build]   |  - SNAPSHOT plugin versions in the `plugins {}` block
[45371da1-9ac9-4592-9688-e3d6d3a9a0ac/build]   | 
[45371da1-9ac9-4592-9688-e3d6d3a9a0ac/build]   | For more details see https://docs.gradle.org/4.10.2/release-notes.html
[45371da1-9ac9-4592-9688-e3d6d3a9a0ac/build]   | 
[45371da1-9ac9-4592-9688-e3d6d3a9a0ac/build]   | Starting a Gradle Daemon (subsequent builds will be faster)
[45371da1-9ac9-4592-9688-e3d6d3a9a0ac/build]   | > Task :compileJava UP-TO-DATE
[45371da1-9ac9-4592-9688-e3d6d3a9a0ac/build]   | > Task :processResources NO-SOURCE
[45371da1-9ac9-4592-9688-e3d6d3a9a0ac/build]   | > Task :classes UP-TO-DATE
[45371da1-9ac9-4592-9688-e3d6d3a9a0ac/build]   | > Task :jar UP-TO-DATE
[45371da1-9ac9-4592-9688-e3d6d3a9a0ac/build]   | > Task :javadoc UP-TO-DATE
[45371da1-9ac9-4592-9688-e3d6d3a9a0ac/build]   | > Task :javadocJar UP-TO-DATE
[45371da1-9ac9-4592-9688-e3d6d3a9a0ac/build]   | > Task :sourcesJar UP-TO-DATE
[45371da1-9ac9-4592-9688-e3d6d3a9a0ac/build]   | > Task :signArchives SKIPPED
[45371da1-9ac9-4592-9688-e3d6d3a9a0ac/build]   | > Task :assemble UP-TO-DATE
[45371da1-9ac9-4592-9688-e3d6d3a9a0ac/build]   | > Task :compileTestJava
[45371da1-9ac9-4592-9688-e3d6d3a9a0ac/build]   | > Task :processTestResources UP-TO-DATE
[45371da1-9ac9-4592-9688-e3d6d3a9a0ac/build]   | > Task :testClasses
[45371da1-9ac9-4592-9688-e3d6d3a9a0ac/build]   | 
[45371da1-9ac9-4592-9688-e3d6d3a9a0ac/build]   | > Task :test
[45371da1-9ac9-4592-9688-e3d6d3a9a0ac/build]   | 
[45371da1-9ac9-4592-9688-e3d6d3a9a0ac/build]   | com.nexmo.client.AbstractMethodTest > testFailedHttpExecute FAILED
[45371da1-9ac9-4592-9688-e3d6d3a9a0ac/build]   |     com.nexmo.client.NexmoResponseParseException: Unable to parse response.
[45371da1-9ac9-4592-9688-e3d6d3a9a0ac/build]   |         at com.nexmo.client.AbstractMethod.execute(AbstractMethod.java:107)
[45371da1-9ac9-4592-9688-e3d6d3a9a0ac/build]   |         at com.nexmo.client.AbstractMethodTest.testFailedHttpExecute(AbstractMethodTest.java:210)
[45371da1-9ac9-4592-9688-e3d6d3a9a0ac/build]   | 
[45371da1-9ac9-4592-9688-e3d6d3a9a0ac/build]   |         Caused by:
[45371da1-9ac9-4592-9688-e3d6d3a9a0ac/build]   |         java.io.IOException: This is a test exception thrown from the HttpClient Execute method
[45371da1-9ac9-4592-9688-e3d6d3a9a0ac/build]   |             at com.nexmo.client.AbstractMethod.execute(AbstractMethod.java:102)
[45371da1-9ac9-4592-9688-e3d6d3a9a0ac/build]   |             ... 1 more
[45371da1-9ac9-4592-9688-e3d6d3a9a0ac/build]   | 
[45371da1-9ac9-4592-9688-e3d6d3a9a0ac/build]   | 638 tests completed, 1 failed, 1 skipped
[45371da1-9ac9-4592-9688-e3d6d3a9a0ac/build]   | 
[45371da1-9ac9-4592-9688-e3d6d3a9a0ac/build]   | > Task :test FAILED
[45371da1-9ac9-4592-9688-e3d6d3a9a0ac/build]   | 
[45371da1-9ac9-4592-9688-e3d6d3a9a0ac/build]   | FAILURE: Build failed with an exception.
[45371da1-9ac9-4592-9688-e3d6d3a9a0ac/build]   | 
[45371da1-9ac9-4592-9688-e3d6d3a9a0ac/build]   | * What went wrong:
[45371da1-9ac9-4592-9688-e3d6d3a9a0ac/build]   | Execution failed for task ':test'.
[45371da1-9ac9-4592-9688-e3d6d3a9a0ac/build]   | > There were failing tests. See the report at: file:///tmp/9e7cce57-7665-4f9f-af42-b1a0f4ab0fa7/build/reports/tests/test/index.html
[45371da1-9ac9-4592-9688-e3d6d3a9a0ac/build]   | 
[45371da1-9ac9-4592-9688-e3d6d3a9a0ac/build]   | * Try:
[45371da1-9ac9-4592-9688-e3d6d3a9a0ac/build]   | Run with --stacktrace option to get the stack trace. Run with --info or --debug option to get more log output. Run with --scan to get full insights.
[45371da1-9ac9-4592-9688-e3d6d3a9a0ac/build]   | 
[45371da1-9ac9-4592-9688-e3d6d3a9a0ac/build]   | * Get more help at https://help.gradle.org
[45371da1-9ac9-4592-9688-e3d6d3a9a0ac/build]   | 
[45371da1-9ac9-4592-9688-e3d6d3a9a0ac/build]   | BUILD FAILED in 1m 19s
[45371da1-9ac9-4592-9688-e3d6d3a9a0ac/build]   | 
[45371da1-9ac9-4592-9688-e3d6d3a9a0ac/build]   | Deprecated Gradle features were used in this build, making it incompatible with Gradle 5.0.
[45371da1-9ac9-4592-9688-e3d6d3a9a0ac/build]   | Use '--warning-mode all' to show the individual deprecation warnings.
[45371da1-9ac9-4592-9688-e3d6d3a9a0ac/build]   | See https://docs.gradle.org/4.10.2/userguide/command_line_interface.html#sec:command_line_warnings
[45371da1-9ac9-4592-9688-e3d6d3a9a0ac/build]   | 8 actionable tasks: 2 executed, 6 up-to-date
[45371da1-9ac9-4592-9688-e3d6d3a9a0ac/build]   âŒ  Failure - Main Build with Gradle
[45371da1-9ac9-4592-9688-e3d6d3a9a0ac/build] exitcode '1': failure
[45371da1-9ac9-4592-9688-e3d6d3a9a0ac/build] unable to get git ref: failed to identify reference (tag/branch) for the checked-out revision 'd187debbb92631d2a41aaeb37e0a8a7f96a5f197'
[45371da1-9ac9-4592-9688-e3d6d3a9a0ac/build] unable to get git ref: failed to identify reference (tag/branch) for the checked-out revision 'd187debbb92631d2a41aaeb37e0a8a7f96a5f197'
[45371da1-9ac9-4592-9688-e3d6d3a9a0ac/build] unable to get git ref: failed to identify reference (tag/branch) for the checked-out revision 'd187debbb92631d2a41aaeb37e0a8a7f96a5f197'
[45371da1-9ac9-4592-9688-e3d6d3a9a0ac/build] unable to get git ref: failed to identify reference (tag/branch) for the checked-out revision 'd187debbb92631d2a41aaeb37e0a8a7f96a5f197'
[45371da1-9ac9-4592-9688-e3d6d3a9a0ac/build] unable to get git ref: failed to identify reference (tag/branch) for the checked-out revision 'd187debbb92631d2a41aaeb37e0a8a7f96a5f197'
[45371da1-9ac9-4592-9688-e3d6d3a9a0ac/build] unable to get git ref: failed to identify reference (tag/branch) for the checked-out revision 'd187debbb92631d2a41aaeb37e0a8a7f96a5f197'
[45371da1-9ac9-4592-9688-e3d6d3a9a0ac/build] unable to get git ref: failed to identify reference (tag/branch) for the checked-out revision 'd187debbb92631d2a41aaeb37e0a8a7f96a5f197'
[45371da1-9ac9-4592-9688-e3d6d3a9a0ac/build] unable to get git ref: failed to identify reference (tag/branch) for the checked-out revision 'd187debbb92631d2a41aaeb37e0a8a7f96a5f197'
[45371da1-9ac9-4592-9688-e3d6d3a9a0ac/build] unable to get git ref: failed to identify reference (tag/branch) for the checked-out revision 'd187debbb92631d2a41aaeb37e0a8a7f96a5f197'
[45371da1-9ac9-4592-9688-e3d6d3a9a0ac/build] unable to get git ref: failed to identify reference (tag/branch) for the checked-out revision 'd187debbb92631d2a41aaeb37e0a8a7f96a5f197'
[45371da1-9ac9-4592-9688-e3d6d3a9a0ac/build] unable to get git ref: failed to identify reference (tag/branch) for the checked-out revision 'd187debbb92631d2a41aaeb37e0a8a7f96a5f197'
[45371da1-9ac9-4592-9688-e3d6d3a9a0ac/build] unable to get git ref: failed to identify reference (tag/branch) for the checked-out revision 'd187debbb92631d2a41aaeb37e0a8a7f96a5f197'
[45371da1-9ac9-4592-9688-e3d6d3a9a0ac/build] unable to get git ref: failed to identify reference (tag/branch) for the checked-out revision 'd187debbb92631d2a41aaeb37e0a8a7f96a5f197'
[45371da1-9ac9-4592-9688-e3d6d3a9a0ac/build] unable to get git ref: failed to identify reference (tag/branch) for the checked-out revision 'd187debbb92631d2a41aaeb37e0a8a7f96a5f197'
[45371da1-9ac9-4592-9688-e3d6d3a9a0ac/build] unable to get git ref: failed to identify reference (tag/branch) for the checked-out revision 'd187debbb92631d2a41aaeb37e0a8a7f96a5f197'
[45371da1-9ac9-4592-9688-e3d6d3a9a0ac/build] â­ Run Post Setup Java
[45371da1-9ac9-4592-9688-e3d6d3a9a0ac/build]   ğŸ³  docker exec cmd=[node /var/run/act/actions/actions-setup-java@v1/dist/cleanup/index.js] user= workdir=
[45371da1-9ac9-4592-9688-e3d6d3a9a0ac/build]   âœ…  Success - Post Setup Java
[45371da1-9ac9-4592-9688-e3d6d3a9a0ac/build] ğŸ  Job failed
[45371da1-9ac9-4592-9688-e3d6d3a9a0ac/build] unable to get git ref: failed to identify reference (tag/branch) for the checked-out revision 'd187debbb92631d2a41aaeb37e0a8a7f96a5f197'
