[46b9719d-6488-45da-b64b-21fe670f23ea/build] ğŸš€  Start image=gitbugactions:latest
[46b9719d-6488-45da-b64b-21fe670f23ea/build]   ğŸ³  docker pull image=gitbugactions:latest platform= username= forcePull=false
[46b9719d-6488-45da-b64b-21fe670f23ea/build]   ğŸ³  docker create image=gitbugactions:latest platform= entrypoint=["tail" "-f" "/dev/null"] cmd=[]
[46b9719d-6488-45da-b64b-21fe670f23ea/build]   ğŸ³  docker run image=gitbugactions:latest platform= entrypoint=["tail" "-f" "/dev/null"] cmd=[]
[46b9719d-6488-45da-b64b-21fe670f23ea/build]   ğŸ³  docker exec cmd=[chown -R 1012:1013 /tmp/9e4d8565-2e29-42a4-a851-edd4c6455efe] user=0 workdir=
[46b9719d-6488-45da-b64b-21fe670f23ea/build] unable to get git ref: failed to identify reference (tag/branch) for the checked-out revision '7f6720a579eeed961903899210f52e0b9902a6bc'
[46b9719d-6488-45da-b64b-21fe670f23ea/build] unable to get git ref: failed to identify reference (tag/branch) for the checked-out revision '7f6720a579eeed961903899210f52e0b9902a6bc'
[46b9719d-6488-45da-b64b-21fe670f23ea/build] unable to get git ref: failed to identify reference (tag/branch) for the checked-out revision '7f6720a579eeed961903899210f52e0b9902a6bc'
[46b9719d-6488-45da-b64b-21fe670f23ea/build] unable to get git ref: failed to identify reference (tag/branch) for the checked-out revision '7f6720a579eeed961903899210f52e0b9902a6bc'
[46b9719d-6488-45da-b64b-21fe670f23ea/build] unable to get git ref: failed to identify reference (tag/branch) for the checked-out revision '7f6720a579eeed961903899210f52e0b9902a6bc'
[46b9719d-6488-45da-b64b-21fe670f23ea/build] unable to get git ref: failed to identify reference (tag/branch) for the checked-out revision '7f6720a579eeed961903899210f52e0b9902a6bc'
[46b9719d-6488-45da-b64b-21fe670f23ea/build] unable to get git ref: failed to identify reference (tag/branch) for the checked-out revision '7f6720a579eeed961903899210f52e0b9902a6bc'
[46b9719d-6488-45da-b64b-21fe670f23ea/build] unable to get git ref: failed to identify reference (tag/branch) for the checked-out revision '7f6720a579eeed961903899210f52e0b9902a6bc'
[46b9719d-6488-45da-b64b-21fe670f23ea/build] unable to get git ref: failed to identify reference (tag/branch) for the checked-out revision '7f6720a579eeed961903899210f52e0b9902a6bc'
[46b9719d-6488-45da-b64b-21fe670f23ea/build] â­ Run Main actions/checkout@v3
[46b9719d-6488-45da-b64b-21fe670f23ea/build] unable to get git ref: failed to identify reference (tag/branch) for the checked-out revision '7f6720a579eeed961903899210f52e0b9902a6bc'
[46b9719d-6488-45da-b64b-21fe670f23ea/build] unable to get git ref: failed to identify reference (tag/branch) for the checked-out revision '7f6720a579eeed961903899210f52e0b9902a6bc'
[46b9719d-6488-45da-b64b-21fe670f23ea/build]   ğŸ³  docker cp src=/tmp/9e4d8565-2e29-42a4-a851-edd4c6455efe/. dst=/tmp/9e4d8565-2e29-42a4-a851-edd4c6455efe
[46b9719d-6488-45da-b64b-21fe670f23ea/build]   ğŸ³  docker exec cmd=[chown -R 1012:1013 /tmp/9e4d8565-2e29-42a4-a851-edd4c6455efe] user=0 workdir=
[46b9719d-6488-45da-b64b-21fe670f23ea/build]   âœ…  Success - Main actions/checkout@v3
[46b9719d-6488-45da-b64b-21fe670f23ea/build] unable to get git ref: failed to identify reference (tag/branch) for the checked-out revision '7f6720a579eeed961903899210f52e0b9902a6bc'
[46b9719d-6488-45da-b64b-21fe670f23ea/build] unable to get git ref: failed to identify reference (tag/branch) for the checked-out revision '7f6720a579eeed961903899210f52e0b9902a6bc'
[46b9719d-6488-45da-b64b-21fe670f23ea/build] unable to get git ref: failed to identify reference (tag/branch) for the checked-out revision '7f6720a579eeed961903899210f52e0b9902a6bc'
[46b9719d-6488-45da-b64b-21fe670f23ea/build] unable to get git ref: failed to identify reference (tag/branch) for the checked-out revision '7f6720a579eeed961903899210f52e0b9902a6bc'
[46b9719d-6488-45da-b64b-21fe670f23ea/build] unable to get git ref: failed to identify reference (tag/branch) for the checked-out revision '7f6720a579eeed961903899210f52e0b9902a6bc'
[46b9719d-6488-45da-b64b-21fe670f23ea/build] â­ Run Main Set up JDK 17
[46b9719d-6488-45da-b64b-21fe670f23ea/build] unable to get git ref: failed to identify reference (tag/branch) for the checked-out revision '7f6720a579eeed961903899210f52e0b9902a6bc'
[46b9719d-6488-45da-b64b-21fe670f23ea/build] unable to get git ref: failed to identify reference (tag/branch) for the checked-out revision '7f6720a579eeed961903899210f52e0b9902a6bc'
[46b9719d-6488-45da-b64b-21fe670f23ea/build] unable to get git ref: failed to identify reference (tag/branch) for the checked-out revision '7f6720a579eeed961903899210f52e0b9902a6bc'
[46b9719d-6488-45da-b64b-21fe670f23ea/build]   ğŸ³  docker cp src=/tmp/act-cache/b762bf82-29e9-47ca-a346-a014c9d3bbef/act/actions-setup-java@v2/ dst=/var/run/act/actions/actions-setup-java@v2/
[46b9719d-6488-45da-b64b-21fe670f23ea/build]   ğŸ³  docker exec cmd=[chown -R 1012:1013 /var/run/act/actions/actions-setup-java@v2/] user=0 workdir=
[46b9719d-6488-45da-b64b-21fe670f23ea/build]   ğŸ³  docker exec cmd=[node /var/run/act/actions/actions-setup-java@v2/dist/setup/index.js] user= workdir=
[46b9719d-6488-45da-b64b-21fe670f23ea/build]   | Trying to resolve the latest version from remote
[46b9719d-6488-45da-b64b-21fe670f23ea/build]   | Resolved latest version as 17.0.9+9
[46b9719d-6488-45da-b64b-21fe670f23ea/build]   | Trying to download...
[46b9719d-6488-45da-b64b-21fe670f23ea/build]   | Downloading Java 17.0.9+9 (Zulu) from https://cdn.azul.com/zulu/bin/zulu17.46.29-ca-crac-jdk17.0.9-linux_x64.tar.gz ...
[46b9719d-6488-45da-b64b-21fe670f23ea/build]   ğŸ’¬  ::debug::Downloading https://cdn.azul.com/zulu/bin/zulu17.46.29-ca-crac-jdk17.0.9-linux_x64.tar.gz
[46b9719d-6488-45da-b64b-21fe670f23ea/build]   ğŸ’¬  ::debug::Destination /tmp/15b6a73c-a8ee-4c3d-856e-5e29234a8d78
[46b9719d-6488-45da-b64b-21fe670f23ea/build]   ğŸ’¬  ::debug::download complete
[46b9719d-6488-45da-b64b-21fe670f23ea/build]   | Extracting Java archive...
[46b9719d-6488-45da-b64b-21fe670f23ea/build]   ğŸ’¬  ::debug::Checking tar --version
[46b9719d-6488-45da-b64b-21fe670f23ea/build]   ğŸ’¬  ::debug::tar (GNU tar) 1.34%0ACopyright (C) 2021 Free Software Foundation, Inc.%0ALicense GPLv3+: GNU GPL version 3 or later <https://gnu.org/licenses/gpl.html>.%0AThis is free software: you are free to change and redistribute it.%0AThere is NO WARRANTY, to the extent permitted by law.%0A%0AWritten by John Gilmore and Jay Fenlason.
[46b9719d-6488-45da-b64b-21fe670f23ea/build]   | [command]/usr/bin/tar xz --warning=no-unknown-keyword -C /tmp/54393a71-d2d9-4ddb-88d3-39706d973199 -f /tmp/15b6a73c-a8ee-4c3d-856e-5e29234a8d78
[46b9719d-6488-45da-b64b-21fe670f23ea/build]   ğŸ’¬  ::debug::Caching tool Java_Zulu_jdk 17.0.9-9 x64
[46b9719d-6488-45da-b64b-21fe670f23ea/build]   ğŸ’¬  ::debug::source dir: /tmp/54393a71-d2d9-4ddb-88d3-39706d973199/zulu17.46.29-ca-crac-jdk17.0.9-linux_x64
[46b9719d-6488-45da-b64b-21fe670f23ea/build]   ğŸ’¬  ::debug::destination /opt/hostedtoolcache/Java_Zulu_jdk/17.0.9-9/x64
[46b9719d-6488-45da-b64b-21fe670f23ea/build]   ğŸ’¬  ::debug::finished caching tool
[46b9719d-6488-45da-b64b-21fe670f23ea/build]   | Java 17.0.9+9 was downloaded
[46b9719d-6488-45da-b64b-21fe670f23ea/build]   | Setting Java 17.0.9+9 as the default
[46b9719d-6488-45da-b64b-21fe670f23ea/build]   | 
[46b9719d-6488-45da-b64b-21fe670f23ea/build]   | Java configuration:
[46b9719d-6488-45da-b64b-21fe670f23ea/build]   |   Distribution: zulu
[46b9719d-6488-45da-b64b-21fe670f23ea/build]   |   Version: 17.0.9+9
[46b9719d-6488-45da-b64b-21fe670f23ea/build]   |   Path: /opt/hostedtoolcache/Java_Zulu_jdk/17.0.9-9/x64
[46b9719d-6488-45da-b64b-21fe670f23ea/build]   | 
[46b9719d-6488-45da-b64b-21fe670f23ea/build]   â“ add-matcher /run/act/actions/actions-setup-java@v2/.github/java.json
[46b9719d-6488-45da-b64b-21fe670f23ea/build]   | Creating settings.xml with server-id: github
[46b9719d-6488-45da-b64b-21fe670f23ea/build]   | Writing to /home/runner/.m2/settings.xml
[46b9719d-6488-45da-b64b-21fe670f23ea/build]   âœ…  Success - Main Set up JDK 17
[46b9719d-6488-45da-b64b-21fe670f23ea/build]   âš™  ::set-env:: JAVA_HOME=/opt/hostedtoolcache/Java_Zulu_jdk/17.0.9-9/x64
[46b9719d-6488-45da-b64b-21fe670f23ea/build]   âš™  ::set-output:: distribution=Zulu
[46b9719d-6488-45da-b64b-21fe670f23ea/build]   âš™  ::set-output:: path=/opt/hostedtoolcache/Java_Zulu_jdk/17.0.9-9/x64
[46b9719d-6488-45da-b64b-21fe670f23ea/build]   âš™  ::set-output:: version=17.0.9+9
[46b9719d-6488-45da-b64b-21fe670f23ea/build]   âš™  ::add-path:: /opt/hostedtoolcache/Java_Zulu_jdk/17.0.9-9/x64/bin
[46b9719d-6488-45da-b64b-21fe670f23ea/build] unable to get git ref: failed to identify reference (tag/branch) for the checked-out revision '7f6720a579eeed961903899210f52e0b9902a6bc'
[46b9719d-6488-45da-b64b-21fe670f23ea/build] unable to get git ref: failed to identify reference (tag/branch) for the checked-out revision '7f6720a579eeed961903899210f52e0b9902a6bc'
[46b9719d-6488-45da-b64b-21fe670f23ea/build] unable to get git ref: failed to identify reference (tag/branch) for the checked-out revision '7f6720a579eeed961903899210f52e0b9902a6bc'
[46b9719d-6488-45da-b64b-21fe670f23ea/build] unable to get git ref: failed to identify reference (tag/branch) for the checked-out revision '7f6720a579eeed961903899210f52e0b9902a6bc'
[46b9719d-6488-45da-b64b-21fe670f23ea/build] unable to get git ref: failed to identify reference (tag/branch) for the checked-out revision '7f6720a579eeed961903899210f52e0b9902a6bc'
[46b9719d-6488-45da-b64b-21fe670f23ea/build] â­ Run Main Grant execute permission for gradlew
[46b9719d-6488-45da-b64b-21fe670f23ea/build] unable to get git ref: failed to identify reference (tag/branch) for the checked-out revision '7f6720a579eeed961903899210f52e0b9902a6bc'
[46b9719d-6488-45da-b64b-21fe670f23ea/build] unable to get git ref: failed to identify reference (tag/branch) for the checked-out revision '7f6720a579eeed961903899210f52e0b9902a6bc'
[46b9719d-6488-45da-b64b-21fe670f23ea/build] unable to get git ref: failed to identify reference (tag/branch) for the checked-out revision '7f6720a579eeed961903899210f52e0b9902a6bc'
[46b9719d-6488-45da-b64b-21fe670f23ea/build] unable to get git ref: failed to identify reference (tag/branch) for the checked-out revision '7f6720a579eeed961903899210f52e0b9902a6bc'
[46b9719d-6488-45da-b64b-21fe670f23ea/build]   ğŸ³  docker exec cmd=[bash --noprofile --norc -e -o pipefail /var/run/act/workflow/2] user= workdir=
[46b9719d-6488-45da-b64b-21fe670f23ea/build]   âœ…  Success - Main Grant execute permission for gradlew
[46b9719d-6488-45da-b64b-21fe670f23ea/build] unable to get git ref: failed to identify reference (tag/branch) for the checked-out revision '7f6720a579eeed961903899210f52e0b9902a6bc'
[46b9719d-6488-45da-b64b-21fe670f23ea/build] unable to get git ref: failed to identify reference (tag/branch) for the checked-out revision '7f6720a579eeed961903899210f52e0b9902a6bc'
[46b9719d-6488-45da-b64b-21fe670f23ea/build] unable to get git ref: failed to identify reference (tag/branch) for the checked-out revision '7f6720a579eeed961903899210f52e0b9902a6bc'
[46b9719d-6488-45da-b64b-21fe670f23ea/build] unable to get git ref: failed to identify reference (tag/branch) for the checked-out revision '7f6720a579eeed961903899210f52e0b9902a6bc'
[46b9719d-6488-45da-b64b-21fe670f23ea/build] unable to get git ref: failed to identify reference (tag/branch) for the checked-out revision '7f6720a579eeed961903899210f52e0b9902a6bc'
[46b9719d-6488-45da-b64b-21fe670f23ea/build] â­ Run Main Build with Gradle
[46b9719d-6488-45da-b64b-21fe670f23ea/build] unable to get git ref: failed to identify reference (tag/branch) for the checked-out revision '7f6720a579eeed961903899210f52e0b9902a6bc'
[46b9719d-6488-45da-b64b-21fe670f23ea/build] unable to get git ref: failed to identify reference (tag/branch) for the checked-out revision '7f6720a579eeed961903899210f52e0b9902a6bc'
[46b9719d-6488-45da-b64b-21fe670f23ea/build] unable to get git ref: failed to identify reference (tag/branch) for the checked-out revision '7f6720a579eeed961903899210f52e0b9902a6bc'
[46b9719d-6488-45da-b64b-21fe670f23ea/build] unable to get git ref: failed to identify reference (tag/branch) for the checked-out revision '7f6720a579eeed961903899210f52e0b9902a6bc'
[46b9719d-6488-45da-b64b-21fe670f23ea/build]   ğŸ³  docker exec cmd=[bash --noprofile --norc -e -o pipefail /var/run/act/workflow/3] user= workdir=
[46b9719d-6488-45da-b64b-21fe670f23ea/build]   | Downloading https://services.gradle.org/distributions/gradle-8.1-bin.zip
[46b9719d-6488-45da-b64b-21fe670f23ea/build]   | ...........10%............20%............30%............40%............50%............60%............70%............80%...........90%............100%
[46b9719d-6488-45da-b64b-21fe670f23ea/build]   | 
[46b9719d-6488-45da-b64b-21fe670f23ea/build]   | Welcome to Gradle 8.1!
[46b9719d-6488-45da-b64b-21fe670f23ea/build]   | 
[46b9719d-6488-45da-b64b-21fe670f23ea/build]   | Here are the highlights of this release:
[46b9719d-6488-45da-b64b-21fe670f23ea/build]   |  - Stable configuration cache
[46b9719d-6488-45da-b64b-21fe670f23ea/build]   |  - Experimental Kotlin DSL assignment syntax
[46b9719d-6488-45da-b64b-21fe670f23ea/build]   |  - Building with Java 20
[46b9719d-6488-45da-b64b-21fe670f23ea/build]   | 
[46b9719d-6488-45da-b64b-21fe670f23ea/build]   | For more details see https://docs.gradle.org/8.1/release-notes.html
[46b9719d-6488-45da-b64b-21fe670f23ea/build]   | 
[46b9719d-6488-45da-b64b-21fe670f23ea/build]   | Starting a Gradle Daemon (subsequent builds will be faster)
[46b9719d-6488-45da-b64b-21fe670f23ea/build]   | 
[46b9719d-6488-45da-b64b-21fe670f23ea/build]   | > Task :initializeIntelliJPlugin
[46b9719d-6488-45da-b64b-21fe670f23ea/build]   | [gradle-intellij-plugin :initializeIntelliJPlugin] Gradle IntelliJ Plugin is outdated: 1.14.2. Update `org.jetbrains.intellij` to: 1.16.0
[46b9719d-6488-45da-b64b-21fe670f23ea/build]   | 
[46b9719d-6488-45da-b64b-21fe670f23ea/build]   | > Task :patchPluginXml
[46b9719d-6488-45da-b64b-21fe670f23ea/build]   | > Task :verifyPluginConfiguration
[46b9719d-6488-45da-b64b-21fe670f23ea/build]   | 
[46b9719d-6488-45da-b64b-21fe670f23ea/build]   | > Task :compileJava
[46b9719d-6488-45da-b64b-21fe670f23ea/build]   | Note: /tmp/9e4d8565-2e29-42a4-a851-edd4c6455efe/src/main/java/com/reason/lang/core/psi/impl/RPsiParameters.java uses or overrides a deprecated API.
[46b9719d-6488-45da-b64b-21fe670f23ea/build]   | Note: Recompile with -Xlint:deprecation for details.
[46b9719d-6488-45da-b64b-21fe670f23ea/build]   | Note: Some input files use unchecked or unsafe operations.
[46b9719d-6488-45da-b64b-21fe670f23ea/build]   | Note: Recompile with -Xlint:unchecked for details.
[46b9719d-6488-45da-b64b-21fe670f23ea/build]   | 
[46b9719d-6488-45da-b64b-21fe670f23ea/build]   | > Task :processResources
[46b9719d-6488-45da-b64b-21fe670f23ea/build]   | > Task :classes
[46b9719d-6488-45da-b64b-21fe670f23ea/build]   | > Task :instrumentCode
[46b9719d-6488-45da-b64b-21fe670f23ea/build]   | > Task :compileTestJava
[46b9719d-6488-45da-b64b-21fe670f23ea/build]   | > Task :processTestResources NO-SOURCE
[46b9719d-6488-45da-b64b-21fe670f23ea/build]   | > Task :testClasses
[46b9719d-6488-45da-b64b-21fe670f23ea/build]   | > Task :instrumentTestCode
[46b9719d-6488-45da-b64b-21fe670f23ea/build]   | > Task :instrumentedJar
[46b9719d-6488-45da-b64b-21fe670f23ea/build]   | > Task :jar
[46b9719d-6488-45da-b64b-21fe670f23ea/build]   | > Task :prepareTestingSandbox
[46b9719d-6488-45da-b64b-21fe670f23ea/build]   | 
[46b9719d-6488-45da-b64b-21fe670f23ea/build]   | > Task :test
[46b9719d-6488-45da-b64b-21fe670f23ea/build]   | LaunchSystemArgumentProvider = [-Didea.config.path=/tmp/9e4d8565-2e29-42a4-a851-edd4c6455efe/build/idea-sandbox/config-test, -Didea.system.path=/tmp/9e4d8565-2e29-42a4-a851-edd4c6455efe/build/idea-sandbox/system-test, -Didea.log.path=/tmp/9e4d8565-2e29-42a4-a851-edd4c6455efe/build/idea-sandbox/system-test/log, -Didea.plugins.path=/tmp/9e4d8565-2e29-42a4-a851-edd4c6455efe/build/idea-sandbox/plugins-test, -Didea.required.plugins.id=reasonml]
[46b9719d-6488-45da-b64b-21fe670f23ea/build]   | 
[46b9719d-6488-45da-b64b-21fe670f23ea/build]   | com.reason.ide.structure.StructureOCLTest > test_GH_429 FAILED
[46b9719d-6488-45da-b64b-21fe670f23ea/build]   |     junit.framework.ComparisonFailure at StructureOCLTest.java:174
[46b9719d-6488-45da-b64b-21fe670f23ea/build]   | 
[46b9719d-6488-45da-b64b-21fe670f23ea/build]   | com.reason.lang.ocaml.ModuleParsingTest > test_rec_signature FAILED
[46b9719d-6488-45da-b64b-21fe670f23ea/build]   |     junit.framework.AssertionFailedError at ModuleParsingTest.java:118
[46b9719d-6488-45da-b64b-21fe670f23ea/build]   | 
[46b9719d-6488-45da-b64b-21fe670f23ea/build]   | 1490 tests completed, 2 failed
[46b9719d-6488-45da-b64b-21fe670f23ea/build]   | 
[46b9719d-6488-45da-b64b-21fe670f23ea/build]   | > Task :test FAILED
[46b9719d-6488-45da-b64b-21fe670f23ea/build]   | > Task :classpathIndexCleanup
[46b9719d-6488-45da-b64b-21fe670f23ea/build]   | 
[46b9719d-6488-45da-b64b-21fe670f23ea/build]   | FAILURE: Build failed with an exception.
[46b9719d-6488-45da-b64b-21fe670f23ea/build]   | 
[46b9719d-6488-45da-b64b-21fe670f23ea/build]   | * What went wrong:
[46b9719d-6488-45da-b64b-21fe670f23ea/build]   | Execution failed for task ':test'.
[46b9719d-6488-45da-b64b-21fe670f23ea/build]   | > There were failing tests. See the report at: file:///tmp/9e4d8565-2e29-42a4-a851-edd4c6455efe/build/reports/tests/test/index.html
[46b9719d-6488-45da-b64b-21fe670f23ea/build]   | 
[46b9719d-6488-45da-b64b-21fe670f23ea/build]   | * Try:
[46b9719d-6488-45da-b64b-21fe670f23ea/build]   | > Run with --stacktrace option to get the stack trace.
[46b9719d-6488-45da-b64b-21fe670f23ea/build]   | > Run with --info or --debug option to get more log output.
[46b9719d-6488-45da-b64b-21fe670f23ea/build]   | > Run with --scan to get full insights.
[46b9719d-6488-45da-b64b-21fe670f23ea/build]   | 
[46b9719d-6488-45da-b64b-21fe670f23ea/build]   | * Get more help at https://help.gradle.org
[46b9719d-6488-45da-b64b-21fe670f23ea/build]   | 
[46b9719d-6488-45da-b64b-21fe670f23ea/build]   | BUILD FAILED in 3m 54s
[46b9719d-6488-45da-b64b-21fe670f23ea/build]   | 13 actionable tasks: 13 executed
[46b9719d-6488-45da-b64b-21fe670f23ea/build]   âŒ  Failure - Main Build with Gradle
[46b9719d-6488-45da-b64b-21fe670f23ea/build] exitcode '1': failure
[46b9719d-6488-45da-b64b-21fe670f23ea/build] unable to get git ref: failed to identify reference (tag/branch) for the checked-out revision '7f6720a579eeed961903899210f52e0b9902a6bc'
[46b9719d-6488-45da-b64b-21fe670f23ea/build] unable to get git ref: failed to identify reference (tag/branch) for the checked-out revision '7f6720a579eeed961903899210f52e0b9902a6bc'
[46b9719d-6488-45da-b64b-21fe670f23ea/build] unable to get git ref: failed to identify reference (tag/branch) for the checked-out revision '7f6720a579eeed961903899210f52e0b9902a6bc'
[46b9719d-6488-45da-b64b-21fe670f23ea/build] unable to get git ref: failed to identify reference (tag/branch) for the checked-out revision '7f6720a579eeed961903899210f52e0b9902a6bc'
[46b9719d-6488-45da-b64b-21fe670f23ea/build] unable to get git ref: failed to identify reference (tag/branch) for the checked-out revision '7f6720a579eeed961903899210f52e0b9902a6bc'
[46b9719d-6488-45da-b64b-21fe670f23ea/build] unable to get git ref: failed to identify reference (tag/branch) for the checked-out revision '7f6720a579eeed961903899210f52e0b9902a6bc'
[46b9719d-6488-45da-b64b-21fe670f23ea/build] unable to get git ref: failed to identify reference (tag/branch) for the checked-out revision '7f6720a579eeed961903899210f52e0b9902a6bc'
[46b9719d-6488-45da-b64b-21fe670f23ea/build] unable to get git ref: failed to identify reference (tag/branch) for the checked-out revision '7f6720a579eeed961903899210f52e0b9902a6bc'
[46b9719d-6488-45da-b64b-21fe670f23ea/build] unable to get git ref: failed to identify reference (tag/branch) for the checked-out revision '7f6720a579eeed961903899210f52e0b9902a6bc'
[46b9719d-6488-45da-b64b-21fe670f23ea/build] unable to get git ref: failed to identify reference (tag/branch) for the checked-out revision '7f6720a579eeed961903899210f52e0b9902a6bc'
[46b9719d-6488-45da-b64b-21fe670f23ea/build] â­ Run Post Set up JDK 17
[46b9719d-6488-45da-b64b-21fe670f23ea/build]   ğŸ³  docker exec cmd=[node /var/run/act/actions/actions-setup-java@v2/dist/cleanup/index.js] user= workdir=
[46b9719d-6488-45da-b64b-21fe670f23ea/build]   âœ…  Success - Post Set up JDK 17
[46b9719d-6488-45da-b64b-21fe670f23ea/build] ğŸ  Job failed
[46b9719d-6488-45da-b64b-21fe670f23ea/build] unable to get git ref: failed to identify reference (tag/branch) for the checked-out revision '7f6720a579eeed961903899210f52e0b9902a6bc'
