[7181fbd5-a44e-4472-b40d-df35918c6317/build] ğŸš€  Start image=gitbugactions:latest
[7181fbd5-a44e-4472-b40d-df35918c6317/build]   ğŸ³  docker pull image=gitbugactions:latest platform= username= forcePull=false
[7181fbd5-a44e-4472-b40d-df35918c6317/build]   ğŸ³  docker create image=gitbugactions:latest platform= entrypoint=["tail" "-f" "/dev/null"] cmd=[]
[7181fbd5-a44e-4472-b40d-df35918c6317/build]   ğŸ³  docker run image=gitbugactions:latest platform= entrypoint=["tail" "-f" "/dev/null"] cmd=[]
[7181fbd5-a44e-4472-b40d-df35918c6317/build]   ğŸ³  docker exec cmd=[chown -R 1012:1013 /tmp/8a61da00-41bf-4855-a299-3a8727955c62] user=0 workdir=
[7181fbd5-a44e-4472-b40d-df35918c6317/build] unable to get git ref: failed to identify reference (tag/branch) for the checked-out revision '03cebd3191a9c27c4b38e585b323d5c8d6868571'
[7181fbd5-a44e-4472-b40d-df35918c6317/build] unable to get git ref: failed to identify reference (tag/branch) for the checked-out revision '03cebd3191a9c27c4b38e585b323d5c8d6868571'
[7181fbd5-a44e-4472-b40d-df35918c6317/build] unable to get git ref: failed to identify reference (tag/branch) for the checked-out revision '03cebd3191a9c27c4b38e585b323d5c8d6868571'
[7181fbd5-a44e-4472-b40d-df35918c6317/build] unable to get git ref: failed to identify reference (tag/branch) for the checked-out revision '03cebd3191a9c27c4b38e585b323d5c8d6868571'
[7181fbd5-a44e-4472-b40d-df35918c6317/build] unable to get git ref: failed to identify reference (tag/branch) for the checked-out revision '03cebd3191a9c27c4b38e585b323d5c8d6868571'
[7181fbd5-a44e-4472-b40d-df35918c6317/build] unable to get git ref: failed to identify reference (tag/branch) for the checked-out revision '03cebd3191a9c27c4b38e585b323d5c8d6868571'
[7181fbd5-a44e-4472-b40d-df35918c6317/build] unable to get git ref: failed to identify reference (tag/branch) for the checked-out revision '03cebd3191a9c27c4b38e585b323d5c8d6868571'
[7181fbd5-a44e-4472-b40d-df35918c6317/build] unable to get git ref: failed to identify reference (tag/branch) for the checked-out revision '03cebd3191a9c27c4b38e585b323d5c8d6868571'
[7181fbd5-a44e-4472-b40d-df35918c6317/build] unable to get git ref: failed to identify reference (tag/branch) for the checked-out revision '03cebd3191a9c27c4b38e585b323d5c8d6868571'
[7181fbd5-a44e-4472-b40d-df35918c6317/build] â­ Run Main actions/checkout@v3
[7181fbd5-a44e-4472-b40d-df35918c6317/build] unable to get git ref: failed to identify reference (tag/branch) for the checked-out revision '03cebd3191a9c27c4b38e585b323d5c8d6868571'
[7181fbd5-a44e-4472-b40d-df35918c6317/build] unable to get git ref: failed to identify reference (tag/branch) for the checked-out revision '03cebd3191a9c27c4b38e585b323d5c8d6868571'
[7181fbd5-a44e-4472-b40d-df35918c6317/build]   ğŸ³  docker cp src=/tmp/8a61da00-41bf-4855-a299-3a8727955c62/. dst=/tmp/8a61da00-41bf-4855-a299-3a8727955c62
[7181fbd5-a44e-4472-b40d-df35918c6317/build]   ğŸ³  docker exec cmd=[chown -R 1012:1013 /tmp/8a61da00-41bf-4855-a299-3a8727955c62] user=0 workdir=
[7181fbd5-a44e-4472-b40d-df35918c6317/build]   âœ…  Success - Main actions/checkout@v3
[7181fbd5-a44e-4472-b40d-df35918c6317/build] unable to get git ref: failed to identify reference (tag/branch) for the checked-out revision '03cebd3191a9c27c4b38e585b323d5c8d6868571'
[7181fbd5-a44e-4472-b40d-df35918c6317/build] unable to get git ref: failed to identify reference (tag/branch) for the checked-out revision '03cebd3191a9c27c4b38e585b323d5c8d6868571'
[7181fbd5-a44e-4472-b40d-df35918c6317/build] unable to get git ref: failed to identify reference (tag/branch) for the checked-out revision '03cebd3191a9c27c4b38e585b323d5c8d6868571'
[7181fbd5-a44e-4472-b40d-df35918c6317/build] unable to get git ref: failed to identify reference (tag/branch) for the checked-out revision '03cebd3191a9c27c4b38e585b323d5c8d6868571'
[7181fbd5-a44e-4472-b40d-df35918c6317/build] unable to get git ref: failed to identify reference (tag/branch) for the checked-out revision '03cebd3191a9c27c4b38e585b323d5c8d6868571'
[7181fbd5-a44e-4472-b40d-df35918c6317/build] â­ Run Main actions/setup-java@v3
[7181fbd5-a44e-4472-b40d-df35918c6317/build] unable to get git ref: failed to identify reference (tag/branch) for the checked-out revision '03cebd3191a9c27c4b38e585b323d5c8d6868571'
[7181fbd5-a44e-4472-b40d-df35918c6317/build] unable to get git ref: failed to identify reference (tag/branch) for the checked-out revision '03cebd3191a9c27c4b38e585b323d5c8d6868571'
[7181fbd5-a44e-4472-b40d-df35918c6317/build] unable to get git ref: failed to identify reference (tag/branch) for the checked-out revision '03cebd3191a9c27c4b38e585b323d5c8d6868571'
[7181fbd5-a44e-4472-b40d-df35918c6317/build]   ğŸ³  docker cp src=/tmp/act-cache/b762bf82-29e9-47ca-a346-a014c9d3bbef/act/actions-setup-java@v3/ dst=/var/run/act/actions/actions-setup-java@v3/
[7181fbd5-a44e-4472-b40d-df35918c6317/build]   ğŸ³  docker exec cmd=[chown -R 1012:1013 /var/run/act/actions/actions-setup-java@v3/] user=0 workdir=
[7181fbd5-a44e-4472-b40d-df35918c6317/build]   ğŸ³  docker exec cmd=[node /var/run/act/actions/actions-setup-java@v3/dist/setup/index.js] user= workdir=
[7181fbd5-a44e-4472-b40d-df35918c6317/build]   â“  ::group::Installed distributions
[7181fbd5-a44e-4472-b40d-df35918c6317/build]   | Trying to resolve the latest version from remote
[7181fbd5-a44e-4472-b40d-df35918c6317/build]   ğŸ’¬  ::debug::Gathering available versions from 'https://api.azul.com/zulu/download/community/v1.0/bundles/?os=linux&ext=tar.gz&bundle_type=jdk&javafx=false&arch=x86&hw_bitness=64&release_status=ga'
[7181fbd5-a44e-4472-b40d-df35918c6317/build]   | Resolved latest version as 11.0.21+9
[7181fbd5-a44e-4472-b40d-df35918c6317/build]   | Trying to download...
[7181fbd5-a44e-4472-b40d-df35918c6317/build]   | Downloading Java 11.0.21+9 (Zulu) from https://cdn.azul.com/zulu/bin/zulu11.68.17-ca-jdk11.0.21-linux_x64.tar.gz ...
[7181fbd5-a44e-4472-b40d-df35918c6317/build]   ğŸ’¬  ::debug::Downloading https://cdn.azul.com/zulu/bin/zulu11.68.17-ca-jdk11.0.21-linux_x64.tar.gz
[7181fbd5-a44e-4472-b40d-df35918c6317/build]   ğŸ’¬  ::debug::Destination /tmp/f6cd5d37-a2d6-4a6b-8941-9ce87de974bb
[7181fbd5-a44e-4472-b40d-df35918c6317/build]   ğŸ’¬  ::debug::download complete
[7181fbd5-a44e-4472-b40d-df35918c6317/build]   | Extracting Java archive...
[7181fbd5-a44e-4472-b40d-df35918c6317/build]   ğŸ’¬  ::debug::Checking tar --version
[7181fbd5-a44e-4472-b40d-df35918c6317/build]   ğŸ’¬  ::debug::tar (GNU tar) 1.34%0ACopyright (C) 2021 Free Software Foundation, Inc.%0ALicense GPLv3+: GNU GPL version 3 or later <https://gnu.org/licenses/gpl.html>.%0AThis is free software: you are free to change and redistribute it.%0AThere is NO WARRANTY, to the extent permitted by law.%0A%0AWritten by John Gilmore and Jay Fenlason.
[7181fbd5-a44e-4472-b40d-df35918c6317/build]   | [command]/usr/bin/tar xz --warning=no-unknown-keyword -C /tmp/44351211-b9af-4ab0-acda-d7b2fe41e89c -f /tmp/f6cd5d37-a2d6-4a6b-8941-9ce87de974bb
[7181fbd5-a44e-4472-b40d-df35918c6317/build]   ğŸ’¬  ::debug::Caching tool Java_Zulu_jdk 11.0.21-9 x64
[7181fbd5-a44e-4472-b40d-df35918c6317/build]   ğŸ’¬  ::debug::source dir: /tmp/44351211-b9af-4ab0-acda-d7b2fe41e89c/zulu11.68.17-ca-jdk11.0.21-linux_x64
[7181fbd5-a44e-4472-b40d-df35918c6317/build]   ğŸ’¬  ::debug::destination /opt/hostedtoolcache/Java_Zulu_jdk/11.0.21-9/x64
[7181fbd5-a44e-4472-b40d-df35918c6317/build]   ğŸ’¬  ::debug::finished caching tool
[7181fbd5-a44e-4472-b40d-df35918c6317/build]   | Java 11.0.21+9 was downloaded
[7181fbd5-a44e-4472-b40d-df35918c6317/build]   | Setting Java 11.0.21+9 as the default
[7181fbd5-a44e-4472-b40d-df35918c6317/build]   | Creating toolchains.xml for JDK version 11 from zulu
[7181fbd5-a44e-4472-b40d-df35918c6317/build]   | Writing to /home/runner/.m2/toolchains.xml
[7181fbd5-a44e-4472-b40d-df35918c6317/build]   | 
[7181fbd5-a44e-4472-b40d-df35918c6317/build]   | Java configuration:
[7181fbd5-a44e-4472-b40d-df35918c6317/build]   |   Distribution: zulu
[7181fbd5-a44e-4472-b40d-df35918c6317/build]   |   Version: 11.0.21+9
[7181fbd5-a44e-4472-b40d-df35918c6317/build]   |   Path: /opt/hostedtoolcache/Java_Zulu_jdk/11.0.21-9/x64
[7181fbd5-a44e-4472-b40d-df35918c6317/build]   | 
[7181fbd5-a44e-4472-b40d-df35918c6317/build]   â“  ::endgroup::
[7181fbd5-a44e-4472-b40d-df35918c6317/build]   â“ add-matcher /run/act/actions/actions-setup-java@v3/.github/java.json
[7181fbd5-a44e-4472-b40d-df35918c6317/build]   | Creating settings.xml with server-id: github
[7181fbd5-a44e-4472-b40d-df35918c6317/build]   | Writing to /home/runner/.m2/settings.xml
[7181fbd5-a44e-4472-b40d-df35918c6317/build]   âœ…  Success - Main actions/setup-java@v3
[7181fbd5-a44e-4472-b40d-df35918c6317/build]   âš™  ::set-env:: JAVA_HOME=/opt/hostedtoolcache/Java_Zulu_jdk/11.0.21-9/x64
[7181fbd5-a44e-4472-b40d-df35918c6317/build]   âš™  ::set-env:: JAVA_HOME_11_X64=/opt/hostedtoolcache/Java_Zulu_jdk/11.0.21-9/x64
[7181fbd5-a44e-4472-b40d-df35918c6317/build]   âš™  ::set-output:: distribution=Zulu
[7181fbd5-a44e-4472-b40d-df35918c6317/build]   âš™  ::set-output:: path=/opt/hostedtoolcache/Java_Zulu_jdk/11.0.21-9/x64
[7181fbd5-a44e-4472-b40d-df35918c6317/build]   âš™  ::set-output:: version=11.0.21+9
[7181fbd5-a44e-4472-b40d-df35918c6317/build]   âš™  ::add-path:: /opt/hostedtoolcache/Java_Zulu_jdk/11.0.21-9/x64/bin
[7181fbd5-a44e-4472-b40d-df35918c6317/build] unable to get git ref: failed to identify reference (tag/branch) for the checked-out revision '03cebd3191a9c27c4b38e585b323d5c8d6868571'
[7181fbd5-a44e-4472-b40d-df35918c6317/build] unable to get git ref: failed to identify reference (tag/branch) for the checked-out revision '03cebd3191a9c27c4b38e585b323d5c8d6868571'
[7181fbd5-a44e-4472-b40d-df35918c6317/build] unable to get git ref: failed to identify reference (tag/branch) for the checked-out revision '03cebd3191a9c27c4b38e585b323d5c8d6868571'
[7181fbd5-a44e-4472-b40d-df35918c6317/build] unable to get git ref: failed to identify reference (tag/branch) for the checked-out revision '03cebd3191a9c27c4b38e585b323d5c8d6868571'
[7181fbd5-a44e-4472-b40d-df35918c6317/build] unable to get git ref: failed to identify reference (tag/branch) for the checked-out revision '03cebd3191a9c27c4b38e585b323d5c8d6868571'
[7181fbd5-a44e-4472-b40d-df35918c6317/build] â­ Run Main ./gradlew build --no-daemon --warning-mode=fail
[7181fbd5-a44e-4472-b40d-df35918c6317/build] unable to get git ref: failed to identify reference (tag/branch) for the checked-out revision '03cebd3191a9c27c4b38e585b323d5c8d6868571'
[7181fbd5-a44e-4472-b40d-df35918c6317/build] unable to get git ref: failed to identify reference (tag/branch) for the checked-out revision '03cebd3191a9c27c4b38e585b323d5c8d6868571'
[7181fbd5-a44e-4472-b40d-df35918c6317/build] unable to get git ref: failed to identify reference (tag/branch) for the checked-out revision '03cebd3191a9c27c4b38e585b323d5c8d6868571'
[7181fbd5-a44e-4472-b40d-df35918c6317/build] unable to get git ref: failed to identify reference (tag/branch) for the checked-out revision '03cebd3191a9c27c4b38e585b323d5c8d6868571'
[7181fbd5-a44e-4472-b40d-df35918c6317/build]   ğŸ³  docker exec cmd=[bash --noprofile --norc -e -o pipefail /var/run/act/workflow/2] user= workdir=
[7181fbd5-a44e-4472-b40d-df35918c6317/build]   | Downloading https://services.gradle.org/distributions/gradle-7.5.1-bin.zip
[7181fbd5-a44e-4472-b40d-df35918c6317/build]   | ...........10%............20%...........30%............40%...........50%............60%...........70%............80%...........90%............100%
[7181fbd5-a44e-4472-b40d-df35918c6317/build]   | 
[7181fbd5-a44e-4472-b40d-df35918c6317/build]   | Welcome to Gradle 7.5.1!
[7181fbd5-a44e-4472-b40d-df35918c6317/build]   | 
[7181fbd5-a44e-4472-b40d-df35918c6317/build]   | Here are the highlights of this release:
[7181fbd5-a44e-4472-b40d-df35918c6317/build]   |  - Support for Java 18
[7181fbd5-a44e-4472-b40d-df35918c6317/build]   |  - Support for building with Groovy 4
[7181fbd5-a44e-4472-b40d-df35918c6317/build]   |  - Much more responsive continuous builds
[7181fbd5-a44e-4472-b40d-df35918c6317/build]   |  - Improved diagnostics for dependency resolution
[7181fbd5-a44e-4472-b40d-df35918c6317/build]   | 
[7181fbd5-a44e-4472-b40d-df35918c6317/build]   | For more details see https://docs.gradle.org/7.5.1/release-notes.html
[7181fbd5-a44e-4472-b40d-df35918c6317/build]   | 
[7181fbd5-a44e-4472-b40d-df35918c6317/build]   | To honour the JVM settings for this build a single-use Daemon process will be forked. See https://docs.gradle.org/7.5.1/userguide/gradle_daemon.html#sec:disabling_the_daemon.
[7181fbd5-a44e-4472-b40d-df35918c6317/build]   | Daemon will be stopped at the end of the build 
[7181fbd5-a44e-4472-b40d-df35918c6317/build]   | 
[7181fbd5-a44e-4472-b40d-df35918c6317/build]   | > Configure project :
[7181fbd5-a44e-4472-b40d-df35918c6317/build]   | Kordamp Enforcer Gradle plugin 0.10.0. Consider becoming a patron at https://www.patreon.com/aalmiray
[7181fbd5-a44e-4472-b40d-df35918c6317/build]   | 
[7181fbd5-a44e-4472-b40d-df35918c6317/build]   | > Task :copyDependencies
[7181fbd5-a44e-4472-b40d-df35918c6317/build]   | > Task :extractIncludeProto
[7181fbd5-a44e-4472-b40d-df35918c6317/build]   | > Task :extractProto
[7181fbd5-a44e-4472-b40d-df35918c6317/build]   | > Task :generateProto
[7181fbd5-a44e-4472-b40d-df35918c6317/build]   | > Task :compileJava
[7181fbd5-a44e-4472-b40d-df35918c6317/build]   | Note: Some input files use or override a deprecated API.
[7181fbd5-a44e-4472-b40d-df35918c6317/build]   | Note: Recompile with -Xlint:deprecation for details.
[7181fbd5-a44e-4472-b40d-df35918c6317/build]   | Note: Some input files use unchecked or unsafe operations.
[7181fbd5-a44e-4472-b40d-df35918c6317/build]   | Note: Recompile with -Xlint:unchecked for details.
[7181fbd5-a44e-4472-b40d-df35918c6317/build]   | 
[7181fbd5-a44e-4472-b40d-df35918c6317/build]   | > Task :processResources
[7181fbd5-a44e-4472-b40d-df35918c6317/build]   | > Task :classes
[7181fbd5-a44e-4472-b40d-df35918c6317/build]   | > Task :jar
[7181fbd5-a44e-4472-b40d-df35918c6317/build]   | > Task :assemble
[7181fbd5-a44e-4472-b40d-df35918c6317/build]   | > Task :extractIncludeTestProto
[7181fbd5-a44e-4472-b40d-df35918c6317/build]   | > Task :extractTestProto
[7181fbd5-a44e-4472-b40d-df35918c6317/build]   | > Task :generateTestProto NO-SOURCE
[7181fbd5-a44e-4472-b40d-df35918c6317/build]   | Note: Some input files use or override a deprecated API.
[7181fbd5-a44e-4472-b40d-df35918c6317/build]   | Note: Recompile with -Xlint:deprecation for details.
[7181fbd5-a44e-4472-b40d-df35918c6317/build]   | 
[7181fbd5-a44e-4472-b40d-df35918c6317/build]   | > Task :compileTestJava
[7181fbd5-a44e-4472-b40d-df35918c6317/build]   | 
[7181fbd5-a44e-4472-b40d-df35918c6317/build]   | > Task :processTestResources NO-SOURCE
[7181fbd5-a44e-4472-b40d-df35918c6317/build]   | > Task :testClasses
[7181fbd5-a44e-4472-b40d-df35918c6317/build]   | > Task :checkstyleTest SKIPPED
[7181fbd5-a44e-4472-b40d-df35918c6317/build]   | 
[7181fbd5-a44e-4472-b40d-df35918c6317/build]   | > Task :test
[7181fbd5-a44e-4472-b40d-df35918c6317/build]   | 
[7181fbd5-a44e-4472-b40d-df35918c6317/build]   | Gt06ProtocolDecoderTest > testDecode() FAILED
[7181fbd5-a44e-4472-b40d-df35918c6317/build]   |     org.opentest4j.AssertionFailedError at Gt06ProtocolDecoderTest.java:20
[7181fbd5-a44e-4472-b40d-df35918c6317/build]   | 
[7181fbd5-a44e-4472-b40d-df35918c6317/build]   | 496 tests completed, 1 failed, 23 skipped
[7181fbd5-a44e-4472-b40d-df35918c6317/build]   | 
[7181fbd5-a44e-4472-b40d-df35918c6317/build]   | > Task :test FAILED
[7181fbd5-a44e-4472-b40d-df35918c6317/build]   | > Task :checkstyleMain
[7181fbd5-a44e-4472-b40d-df35918c6317/build]   | 12 actionable tasks: 12 executed
[7181fbd5-a44e-4472-b40d-df35918c6317/build]   | 
[7181fbd5-a44e-4472-b40d-df35918c6317/build]   | FAILURE: Build failed with an exception.
[7181fbd5-a44e-4472-b40d-df35918c6317/build]   | 
[7181fbd5-a44e-4472-b40d-df35918c6317/build]   | * What went wrong:
[7181fbd5-a44e-4472-b40d-df35918c6317/build]   | Execution failed for task ':test'.
[7181fbd5-a44e-4472-b40d-df35918c6317/build]   | > There were failing tests. See the report at: file:///tmp/8a61da00-41bf-4855-a299-3a8727955c62/build/reports/tests/test/index.html
[7181fbd5-a44e-4472-b40d-df35918c6317/build]   | 
[7181fbd5-a44e-4472-b40d-df35918c6317/build]   | * Try:
[7181fbd5-a44e-4472-b40d-df35918c6317/build]   | > Run with --stacktrace option to get the stack trace.
[7181fbd5-a44e-4472-b40d-df35918c6317/build]   | > Run with --info or --debug option to get more log output.
[7181fbd5-a44e-4472-b40d-df35918c6317/build]   | > Run with --scan to get full insights.
[7181fbd5-a44e-4472-b40d-df35918c6317/build]   | 
[7181fbd5-a44e-4472-b40d-df35918c6317/build]   | * Get more help at https://help.gradle.org
[7181fbd5-a44e-4472-b40d-df35918c6317/build]   | 
[7181fbd5-a44e-4472-b40d-df35918c6317/build]   | BUILD FAILED in 2m 33s
[7181fbd5-a44e-4472-b40d-df35918c6317/build]   âŒ  Failure - Main ./gradlew build --no-daemon --warning-mode=fail
[7181fbd5-a44e-4472-b40d-df35918c6317/build] exitcode '1': failure
[7181fbd5-a44e-4472-b40d-df35918c6317/build] unable to get git ref: failed to identify reference (tag/branch) for the checked-out revision '03cebd3191a9c27c4b38e585b323d5c8d6868571'
[7181fbd5-a44e-4472-b40d-df35918c6317/build] unable to get git ref: failed to identify reference (tag/branch) for the checked-out revision '03cebd3191a9c27c4b38e585b323d5c8d6868571'
[7181fbd5-a44e-4472-b40d-df35918c6317/build] unable to get git ref: failed to identify reference (tag/branch) for the checked-out revision '03cebd3191a9c27c4b38e585b323d5c8d6868571'
[7181fbd5-a44e-4472-b40d-df35918c6317/build] unable to get git ref: failed to identify reference (tag/branch) for the checked-out revision '03cebd3191a9c27c4b38e585b323d5c8d6868571'
[7181fbd5-a44e-4472-b40d-df35918c6317/build] unable to get git ref: failed to identify reference (tag/branch) for the checked-out revision '03cebd3191a9c27c4b38e585b323d5c8d6868571'
[7181fbd5-a44e-4472-b40d-df35918c6317/build] â­ Run Post actions/setup-java@v3
[7181fbd5-a44e-4472-b40d-df35918c6317/build]   ğŸ³  docker exec cmd=[node /var/run/act/actions/actions-setup-java@v3/dist/cleanup/index.js] user= workdir=
[7181fbd5-a44e-4472-b40d-df35918c6317/build]   âœ…  Success - Post actions/setup-java@v3
[7181fbd5-a44e-4472-b40d-df35918c6317/build] ğŸ  Job failed
[7181fbd5-a44e-4472-b40d-df35918c6317/build] unable to get git ref: failed to identify reference (tag/branch) for the checked-out revision '03cebd3191a9c27c4b38e585b323d5c8d6868571'
