[7fc1e19f-b226-404a-97f7-951532f047a5/build] ğŸš€  Start image=gitbugactions:latest
[7fc1e19f-b226-404a-97f7-951532f047a5/build]   ğŸ³  docker pull image=gitbugactions:latest platform= username= forcePull=false
[7fc1e19f-b226-404a-97f7-951532f047a5/build]   ğŸ³  docker create image=gitbugactions:latest platform= entrypoint=["tail" "-f" "/dev/null"] cmd=[]
[7fc1e19f-b226-404a-97f7-951532f047a5/build]   ğŸ³  docker run image=gitbugactions:latest platform= entrypoint=["tail" "-f" "/dev/null"] cmd=[]
[7fc1e19f-b226-404a-97f7-951532f047a5/build]   ğŸ³  docker exec cmd=[chown -R 1012:1013 /tmp/e495a91a-8032-4538-9d83-4fd3adc52c5f] user=0 workdir=
[7fc1e19f-b226-404a-97f7-951532f047a5/build] unable to get git ref: failed to identify reference (tag/branch) for the checked-out revision '2749e520c9ea1ba778c120739e2b67a9fe5e119c'
[7fc1e19f-b226-404a-97f7-951532f047a5/build] unable to get git ref: failed to identify reference (tag/branch) for the checked-out revision '2749e520c9ea1ba778c120739e2b67a9fe5e119c'
[7fc1e19f-b226-404a-97f7-951532f047a5/build] unable to get git ref: failed to identify reference (tag/branch) for the checked-out revision '2749e520c9ea1ba778c120739e2b67a9fe5e119c'
[7fc1e19f-b226-404a-97f7-951532f047a5/build] unable to get git ref: failed to identify reference (tag/branch) for the checked-out revision '2749e520c9ea1ba778c120739e2b67a9fe5e119c'
[7fc1e19f-b226-404a-97f7-951532f047a5/build] unable to get git ref: failed to identify reference (tag/branch) for the checked-out revision '2749e520c9ea1ba778c120739e2b67a9fe5e119c'
[7fc1e19f-b226-404a-97f7-951532f047a5/build] unable to get git ref: failed to identify reference (tag/branch) for the checked-out revision '2749e520c9ea1ba778c120739e2b67a9fe5e119c'
[7fc1e19f-b226-404a-97f7-951532f047a5/build] unable to get git ref: failed to identify reference (tag/branch) for the checked-out revision '2749e520c9ea1ba778c120739e2b67a9fe5e119c'
[7fc1e19f-b226-404a-97f7-951532f047a5/build] unable to get git ref: failed to identify reference (tag/branch) for the checked-out revision '2749e520c9ea1ba778c120739e2b67a9fe5e119c'
[7fc1e19f-b226-404a-97f7-951532f047a5/build] unable to get git ref: failed to identify reference (tag/branch) for the checked-out revision '2749e520c9ea1ba778c120739e2b67a9fe5e119c'
[7fc1e19f-b226-404a-97f7-951532f047a5/build] â­ Run Main actions/checkout@v3
[7fc1e19f-b226-404a-97f7-951532f047a5/build] unable to get git ref: failed to identify reference (tag/branch) for the checked-out revision '2749e520c9ea1ba778c120739e2b67a9fe5e119c'
[7fc1e19f-b226-404a-97f7-951532f047a5/build] unable to get git ref: failed to identify reference (tag/branch) for the checked-out revision '2749e520c9ea1ba778c120739e2b67a9fe5e119c'
[7fc1e19f-b226-404a-97f7-951532f047a5/build]   ğŸ³  docker cp src=/tmp/e495a91a-8032-4538-9d83-4fd3adc52c5f/. dst=/tmp/e495a91a-8032-4538-9d83-4fd3adc52c5f
[7fc1e19f-b226-404a-97f7-951532f047a5/build]   ğŸ³  docker exec cmd=[chown -R 1012:1013 /tmp/e495a91a-8032-4538-9d83-4fd3adc52c5f] user=0 workdir=
[7fc1e19f-b226-404a-97f7-951532f047a5/build]   âœ…  Success - Main actions/checkout@v3
[7fc1e19f-b226-404a-97f7-951532f047a5/build] unable to get git ref: failed to identify reference (tag/branch) for the checked-out revision '2749e520c9ea1ba778c120739e2b67a9fe5e119c'
[7fc1e19f-b226-404a-97f7-951532f047a5/build] unable to get git ref: failed to identify reference (tag/branch) for the checked-out revision '2749e520c9ea1ba778c120739e2b67a9fe5e119c'
[7fc1e19f-b226-404a-97f7-951532f047a5/build] unable to get git ref: failed to identify reference (tag/branch) for the checked-out revision '2749e520c9ea1ba778c120739e2b67a9fe5e119c'
[7fc1e19f-b226-404a-97f7-951532f047a5/build] unable to get git ref: failed to identify reference (tag/branch) for the checked-out revision '2749e520c9ea1ba778c120739e2b67a9fe5e119c'
[7fc1e19f-b226-404a-97f7-951532f047a5/build] unable to get git ref: failed to identify reference (tag/branch) for the checked-out revision '2749e520c9ea1ba778c120739e2b67a9fe5e119c'
[7fc1e19f-b226-404a-97f7-951532f047a5/build] â­ Run Main actions/setup-java@v3
[7fc1e19f-b226-404a-97f7-951532f047a5/build] unable to get git ref: failed to identify reference (tag/branch) for the checked-out revision '2749e520c9ea1ba778c120739e2b67a9fe5e119c'
[7fc1e19f-b226-404a-97f7-951532f047a5/build] unable to get git ref: failed to identify reference (tag/branch) for the checked-out revision '2749e520c9ea1ba778c120739e2b67a9fe5e119c'
[7fc1e19f-b226-404a-97f7-951532f047a5/build] unable to get git ref: failed to identify reference (tag/branch) for the checked-out revision '2749e520c9ea1ba778c120739e2b67a9fe5e119c'
[7fc1e19f-b226-404a-97f7-951532f047a5/build]   ğŸ³  docker cp src=/tmp/act-cache/2c720674-79af-48bf-9c43-1dfcc903cc88/act/actions-setup-java@v3/ dst=/var/run/act/actions/actions-setup-java@v3/
[7fc1e19f-b226-404a-97f7-951532f047a5/build]   ğŸ³  docker exec cmd=[chown -R 1012:1013 /var/run/act/actions/actions-setup-java@v3/] user=0 workdir=
[7fc1e19f-b226-404a-97f7-951532f047a5/build]   ğŸ³  docker exec cmd=[node /var/run/act/actions/actions-setup-java@v3/dist/setup/index.js] user= workdir=
[7fc1e19f-b226-404a-97f7-951532f047a5/build]   â“  ::group::Installed distributions
[7fc1e19f-b226-404a-97f7-951532f047a5/build]   | Trying to resolve the latest version from remote
[7fc1e19f-b226-404a-97f7-951532f047a5/build]   ğŸ’¬  ::debug::Gathering available versions from 'https://api.azul.com/zulu/download/community/v1.0/bundles/?os=linux&ext=tar.gz&bundle_type=jdk&javafx=false&arch=x86&hw_bitness=64&release_status=ga'
[7fc1e19f-b226-404a-97f7-951532f047a5/build]   | Resolved latest version as 11.0.21+9
[7fc1e19f-b226-404a-97f7-951532f047a5/build]   | Trying to download...
[7fc1e19f-b226-404a-97f7-951532f047a5/build]   | Downloading Java 11.0.21+9 (Zulu) from https://cdn.azul.com/zulu/bin/zulu11.68.17-ca-jdk11.0.21-linux_x64.tar.gz ...
[7fc1e19f-b226-404a-97f7-951532f047a5/build]   ğŸ’¬  ::debug::Downloading https://cdn.azul.com/zulu/bin/zulu11.68.17-ca-jdk11.0.21-linux_x64.tar.gz
[7fc1e19f-b226-404a-97f7-951532f047a5/build]   ğŸ’¬  ::debug::Destination /tmp/4e8e3a30-c414-4c41-8a4e-603765e1124d
[7fc1e19f-b226-404a-97f7-951532f047a5/build]   ğŸ’¬  ::debug::download complete
[7fc1e19f-b226-404a-97f7-951532f047a5/build]   | Extracting Java archive...
[7fc1e19f-b226-404a-97f7-951532f047a5/build]   ğŸ’¬  ::debug::Checking tar --version
[7fc1e19f-b226-404a-97f7-951532f047a5/build]   ğŸ’¬  ::debug::tar (GNU tar) 1.34%0ACopyright (C) 2021 Free Software Foundation, Inc.%0ALicense GPLv3+: GNU GPL version 3 or later <https://gnu.org/licenses/gpl.html>.%0AThis is free software: you are free to change and redistribute it.%0AThere is NO WARRANTY, to the extent permitted by law.%0A%0AWritten by John Gilmore and Jay Fenlason.
[7fc1e19f-b226-404a-97f7-951532f047a5/build]   | [command]/usr/bin/tar xz --warning=no-unknown-keyword -C /tmp/0bc6dc6c-89e6-40b8-8f32-526328bc6e42 -f /tmp/4e8e3a30-c414-4c41-8a4e-603765e1124d
[7fc1e19f-b226-404a-97f7-951532f047a5/build]   ğŸ’¬  ::debug::Caching tool Java_Zulu_jdk 11.0.21-9 x64
[7fc1e19f-b226-404a-97f7-951532f047a5/build]   ğŸ’¬  ::debug::source dir: /tmp/0bc6dc6c-89e6-40b8-8f32-526328bc6e42/zulu11.68.17-ca-jdk11.0.21-linux_x64
[7fc1e19f-b226-404a-97f7-951532f047a5/build]   ğŸ’¬  ::debug::destination /opt/hostedtoolcache/Java_Zulu_jdk/11.0.21-9/x64
[7fc1e19f-b226-404a-97f7-951532f047a5/build]   ğŸ’¬  ::debug::finished caching tool
[7fc1e19f-b226-404a-97f7-951532f047a5/build]   | Java 11.0.21+9 was downloaded
[7fc1e19f-b226-404a-97f7-951532f047a5/build]   | Setting Java 11.0.21+9 as the default
[7fc1e19f-b226-404a-97f7-951532f047a5/build]   | Creating toolchains.xml for JDK version 11 from zulu
[7fc1e19f-b226-404a-97f7-951532f047a5/build]   | Writing to /home/runner/.m2/toolchains.xml
[7fc1e19f-b226-404a-97f7-951532f047a5/build]   | 
[7fc1e19f-b226-404a-97f7-951532f047a5/build]   | Java configuration:
[7fc1e19f-b226-404a-97f7-951532f047a5/build]   |   Distribution: zulu
[7fc1e19f-b226-404a-97f7-951532f047a5/build]   |   Version: 11.0.21+9
[7fc1e19f-b226-404a-97f7-951532f047a5/build]   |   Path: /opt/hostedtoolcache/Java_Zulu_jdk/11.0.21-9/x64
[7fc1e19f-b226-404a-97f7-951532f047a5/build]   | 
[7fc1e19f-b226-404a-97f7-951532f047a5/build]   â“  ::endgroup::
[7fc1e19f-b226-404a-97f7-951532f047a5/build]   â“ add-matcher /run/act/actions/actions-setup-java@v3/.github/java.json
[7fc1e19f-b226-404a-97f7-951532f047a5/build]   | Creating settings.xml with server-id: github
[7fc1e19f-b226-404a-97f7-951532f047a5/build]   | Writing to /home/runner/.m2/settings.xml
[7fc1e19f-b226-404a-97f7-951532f047a5/build]   âœ…  Success - Main actions/setup-java@v3
[7fc1e19f-b226-404a-97f7-951532f047a5/build]   âš™  ::set-env:: JAVA_HOME=/opt/hostedtoolcache/Java_Zulu_jdk/11.0.21-9/x64
[7fc1e19f-b226-404a-97f7-951532f047a5/build]   âš™  ::set-env:: JAVA_HOME_11_X64=/opt/hostedtoolcache/Java_Zulu_jdk/11.0.21-9/x64
[7fc1e19f-b226-404a-97f7-951532f047a5/build]   âš™  ::set-output:: distribution=Zulu
[7fc1e19f-b226-404a-97f7-951532f047a5/build]   âš™  ::set-output:: path=/opt/hostedtoolcache/Java_Zulu_jdk/11.0.21-9/x64
[7fc1e19f-b226-404a-97f7-951532f047a5/build]   âš™  ::set-output:: version=11.0.21+9
[7fc1e19f-b226-404a-97f7-951532f047a5/build]   âš™  ::add-path:: /opt/hostedtoolcache/Java_Zulu_jdk/11.0.21-9/x64/bin
[7fc1e19f-b226-404a-97f7-951532f047a5/build] unable to get git ref: failed to identify reference (tag/branch) for the checked-out revision '2749e520c9ea1ba778c120739e2b67a9fe5e119c'
[7fc1e19f-b226-404a-97f7-951532f047a5/build] unable to get git ref: failed to identify reference (tag/branch) for the checked-out revision '2749e520c9ea1ba778c120739e2b67a9fe5e119c'
[7fc1e19f-b226-404a-97f7-951532f047a5/build] unable to get git ref: failed to identify reference (tag/branch) for the checked-out revision '2749e520c9ea1ba778c120739e2b67a9fe5e119c'
[7fc1e19f-b226-404a-97f7-951532f047a5/build] unable to get git ref: failed to identify reference (tag/branch) for the checked-out revision '2749e520c9ea1ba778c120739e2b67a9fe5e119c'
[7fc1e19f-b226-404a-97f7-951532f047a5/build] unable to get git ref: failed to identify reference (tag/branch) for the checked-out revision '2749e520c9ea1ba778c120739e2b67a9fe5e119c'
[7fc1e19f-b226-404a-97f7-951532f047a5/build] â­ Run Main ./gradlew build --no-daemon --warning-mode=fail
[7fc1e19f-b226-404a-97f7-951532f047a5/build] unable to get git ref: failed to identify reference (tag/branch) for the checked-out revision '2749e520c9ea1ba778c120739e2b67a9fe5e119c'
[7fc1e19f-b226-404a-97f7-951532f047a5/build] unable to get git ref: failed to identify reference (tag/branch) for the checked-out revision '2749e520c9ea1ba778c120739e2b67a9fe5e119c'
[7fc1e19f-b226-404a-97f7-951532f047a5/build] unable to get git ref: failed to identify reference (tag/branch) for the checked-out revision '2749e520c9ea1ba778c120739e2b67a9fe5e119c'
[7fc1e19f-b226-404a-97f7-951532f047a5/build] unable to get git ref: failed to identify reference (tag/branch) for the checked-out revision '2749e520c9ea1ba778c120739e2b67a9fe5e119c'
[7fc1e19f-b226-404a-97f7-951532f047a5/build]   ğŸ³  docker exec cmd=[bash --noprofile --norc -e -o pipefail /var/run/act/workflow/2] user= workdir=
[7fc1e19f-b226-404a-97f7-951532f047a5/build]   | Downloading https://services.gradle.org/distributions/gradle-7.5.1-bin.zip
[7fc1e19f-b226-404a-97f7-951532f047a5/build]   | ...........10%............20%...........30%............40%...........50%............60%...........70%............80%...........90%............100%
[7fc1e19f-b226-404a-97f7-951532f047a5/build]   | 
[7fc1e19f-b226-404a-97f7-951532f047a5/build]   | Welcome to Gradle 7.5.1!
[7fc1e19f-b226-404a-97f7-951532f047a5/build]   | 
[7fc1e19f-b226-404a-97f7-951532f047a5/build]   | Here are the highlights of this release:
[7fc1e19f-b226-404a-97f7-951532f047a5/build]   |  - Support for Java 18
[7fc1e19f-b226-404a-97f7-951532f047a5/build]   |  - Support for building with Groovy 4
[7fc1e19f-b226-404a-97f7-951532f047a5/build]   |  - Much more responsive continuous builds
[7fc1e19f-b226-404a-97f7-951532f047a5/build]   |  - Improved diagnostics for dependency resolution
[7fc1e19f-b226-404a-97f7-951532f047a5/build]   | 
[7fc1e19f-b226-404a-97f7-951532f047a5/build]   | For more details see https://docs.gradle.org/7.5.1/release-notes.html
[7fc1e19f-b226-404a-97f7-951532f047a5/build]   | 
[7fc1e19f-b226-404a-97f7-951532f047a5/build]   | To honour the JVM settings for this build a single-use Daemon process will be forked. See https://docs.gradle.org/7.5.1/userguide/gradle_daemon.html#sec:disabling_the_daemon.
[7fc1e19f-b226-404a-97f7-951532f047a5/build]   | Daemon will be stopped at the end of the build 
[7fc1e19f-b226-404a-97f7-951532f047a5/build]   | 
[7fc1e19f-b226-404a-97f7-951532f047a5/build]   | > Configure project :
[7fc1e19f-b226-404a-97f7-951532f047a5/build]   | Kordamp Enforcer Gradle plugin 0.10.0. Consider becoming a patron at https://www.patreon.com/aalmiray
[7fc1e19f-b226-404a-97f7-951532f047a5/build]   | 
[7fc1e19f-b226-404a-97f7-951532f047a5/build]   | > Task :copyDependencies
[7fc1e19f-b226-404a-97f7-951532f047a5/build]   | > Task :extractIncludeProto
[7fc1e19f-b226-404a-97f7-951532f047a5/build]   | > Task :extractProto
[7fc1e19f-b226-404a-97f7-951532f047a5/build]   | > Task :generateProto
[7fc1e19f-b226-404a-97f7-951532f047a5/build]   | > Task :compileJava
[7fc1e19f-b226-404a-97f7-951532f047a5/build]   | Note: Some input files use or override a deprecated API.
[7fc1e19f-b226-404a-97f7-951532f047a5/build]   | Note: Recompile with -Xlint:deprecation for details.
[7fc1e19f-b226-404a-97f7-951532f047a5/build]   | Note: Some input files use unchecked or unsafe operations.
[7fc1e19f-b226-404a-97f7-951532f047a5/build]   | Note: Recompile with -Xlint:unchecked for details.
[7fc1e19f-b226-404a-97f7-951532f047a5/build]   | 
[7fc1e19f-b226-404a-97f7-951532f047a5/build]   | > Task :processResources
[7fc1e19f-b226-404a-97f7-951532f047a5/build]   | > Task :classes
[7fc1e19f-b226-404a-97f7-951532f047a5/build]   | > Task :jar
[7fc1e19f-b226-404a-97f7-951532f047a5/build]   | > Task :assemble
[7fc1e19f-b226-404a-97f7-951532f047a5/build]   | > Task :extractIncludeTestProto
[7fc1e19f-b226-404a-97f7-951532f047a5/build]   | > Task :extractTestProto
[7fc1e19f-b226-404a-97f7-951532f047a5/build]   | > Task :generateTestProto NO-SOURCE
[7fc1e19f-b226-404a-97f7-951532f047a5/build]   | 
[7fc1e19f-b226-404a-97f7-951532f047a5/build]   | > Task :compileTestJava
[7fc1e19f-b226-404a-97f7-951532f047a5/build]   | Note: Some input files use or override a deprecated API.
[7fc1e19f-b226-404a-97f7-951532f047a5/build]   | Note: Recompile with -Xlint:deprecation for details.
[7fc1e19f-b226-404a-97f7-951532f047a5/build]   | 
[7fc1e19f-b226-404a-97f7-951532f047a5/build]   | > Task :processTestResources NO-SOURCE
[7fc1e19f-b226-404a-97f7-951532f047a5/build]   | > Task :testClasses
[7fc1e19f-b226-404a-97f7-951532f047a5/build]   | > Task :checkstyleTest SKIPPED
[7fc1e19f-b226-404a-97f7-951532f047a5/build]   | > Task :checkstyleMain
[7fc1e19f-b226-404a-97f7-951532f047a5/build]   | 
[7fc1e19f-b226-404a-97f7-951532f047a5/build]   | > Task :test FAILED
[7fc1e19f-b226-404a-97f7-951532f047a5/build]   | 
[7fc1e19f-b226-404a-97f7-951532f047a5/build]   | Minifinder2ProtocolDecoderTest > testDecode() FAILED
[7fc1e19f-b226-404a-97f7-951532f047a5/build]   | 
[7fc1e19f-b226-404a-97f7-951532f047a5/build]   | 493 tests completed, 1 failed, 23 skipped
[7fc1e19f-b226-404a-97f7-951532f047a5/build]   |     org.opentest4j.AssertionFailedError at Minifinder2ProtocolDecoderTest.java:13
[7fc1e19f-b226-404a-97f7-951532f047a5/build]   | 
[7fc1e19f-b226-404a-97f7-951532f047a5/build]   | FAILURE: Build failed with an exception.
[7fc1e19f-b226-404a-97f7-951532f047a5/build]   | 
[7fc1e19f-b226-404a-97f7-951532f047a5/build]   | * What went wrong:
[7fc1e19f-b226-404a-97f7-951532f047a5/build]   | Execution failed for task ':test'.
[7fc1e19f-b226-404a-97f7-951532f047a5/build]   | > There were failing tests. See the report at: file:///tmp/e495a91a-8032-4538-9d83-4fd3adc52c5f/build/reports/tests/test/index.html
[7fc1e19f-b226-404a-97f7-951532f047a5/build]   | 
[7fc1e19f-b226-404a-97f7-951532f047a5/build]   | * Try:
[7fc1e19f-b226-404a-97f7-951532f047a5/build]   | > Run with --stacktrace option to get the stack trace.
[7fc1e19f-b226-404a-97f7-951532f047a5/build]   | > Run with --info or --debug option to get more log output.
[7fc1e19f-b226-404a-97f7-951532f047a5/build]   | > Run with --scan to get full insights.
[7fc1e19f-b226-404a-97f7-951532f047a5/build]   | 
[7fc1e19f-b226-404a-97f7-951532f047a5/build]   | * Get more help at https://help.gradle.org
[7fc1e19f-b226-404a-97f7-951532f047a5/build]   | 
[7fc1e19f-b226-404a-97f7-951532f047a5/build]   | BUILD FAILED in 2m 42s
[7fc1e19f-b226-404a-97f7-951532f047a5/build]   | 12 actionable tasks: 12 executed
[7fc1e19f-b226-404a-97f7-951532f047a5/build]   âŒ  Failure - Main ./gradlew build --no-daemon --warning-mode=fail
[7fc1e19f-b226-404a-97f7-951532f047a5/build] exitcode '1': failure
[7fc1e19f-b226-404a-97f7-951532f047a5/build] unable to get git ref: failed to identify reference (tag/branch) for the checked-out revision '2749e520c9ea1ba778c120739e2b67a9fe5e119c'
[7fc1e19f-b226-404a-97f7-951532f047a5/build] unable to get git ref: failed to identify reference (tag/branch) for the checked-out revision '2749e520c9ea1ba778c120739e2b67a9fe5e119c'
[7fc1e19f-b226-404a-97f7-951532f047a5/build] unable to get git ref: failed to identify reference (tag/branch) for the checked-out revision '2749e520c9ea1ba778c120739e2b67a9fe5e119c'
[7fc1e19f-b226-404a-97f7-951532f047a5/build] unable to get git ref: failed to identify reference (tag/branch) for the checked-out revision '2749e520c9ea1ba778c120739e2b67a9fe5e119c'
[7fc1e19f-b226-404a-97f7-951532f047a5/build] unable to get git ref: failed to identify reference (tag/branch) for the checked-out revision '2749e520c9ea1ba778c120739e2b67a9fe5e119c'
[7fc1e19f-b226-404a-97f7-951532f047a5/build] â­ Run Post actions/setup-java@v3
[7fc1e19f-b226-404a-97f7-951532f047a5/build]   ğŸ³  docker exec cmd=[node /var/run/act/actions/actions-setup-java@v3/dist/cleanup/index.js] user= workdir=
[7fc1e19f-b226-404a-97f7-951532f047a5/build]   âœ…  Success - Post actions/setup-java@v3
[7fc1e19f-b226-404a-97f7-951532f047a5/build] ğŸ  Job failed
[7fc1e19f-b226-404a-97f7-951532f047a5/build] unable to get git ref: failed to identify reference (tag/branch) for the checked-out revision '2749e520c9ea1ba778c120739e2b67a9fe5e119c'
