[13d049d5-a494-4c67-9a80-df1579db8632/build] ğŸš€  Start image=gitbugactions:latest
[13d049d5-a494-4c67-9a80-df1579db8632/build]   ğŸ³  docker pull image=gitbugactions:latest platform= username= forcePull=false
[13d049d5-a494-4c67-9a80-df1579db8632/build]   ğŸ³  docker create image=gitbugactions:latest platform= entrypoint=["tail" "-f" "/dev/null"] cmd=[]
[13d049d5-a494-4c67-9a80-df1579db8632/build]   ğŸ³  docker run image=gitbugactions:latest platform= entrypoint=["tail" "-f" "/dev/null"] cmd=[]
[13d049d5-a494-4c67-9a80-df1579db8632/build]   ğŸ³  docker exec cmd=[chown -R 1012:1013 /tmp/b59f9f7e-c095-4ff9-84ca-c0366f938dac] user=0 workdir=
[13d049d5-a494-4c67-9a80-df1579db8632/build] unable to get git ref: failed to identify reference (tag/branch) for the checked-out revision 'ab801e856521356ff7a33250e1abdb8857ef84b3'
[13d049d5-a494-4c67-9a80-df1579db8632/build] unable to get git ref: failed to identify reference (tag/branch) for the checked-out revision 'ab801e856521356ff7a33250e1abdb8857ef84b3'
[13d049d5-a494-4c67-9a80-df1579db8632/build] unable to get git ref: failed to identify reference (tag/branch) for the checked-out revision 'ab801e856521356ff7a33250e1abdb8857ef84b3'
[13d049d5-a494-4c67-9a80-df1579db8632/build] unable to get git ref: failed to identify reference (tag/branch) for the checked-out revision 'ab801e856521356ff7a33250e1abdb8857ef84b3'
[13d049d5-a494-4c67-9a80-df1579db8632/build] unable to get git ref: failed to identify reference (tag/branch) for the checked-out revision 'ab801e856521356ff7a33250e1abdb8857ef84b3'
[13d049d5-a494-4c67-9a80-df1579db8632/build] unable to get git ref: failed to identify reference (tag/branch) for the checked-out revision 'ab801e856521356ff7a33250e1abdb8857ef84b3'
[13d049d5-a494-4c67-9a80-df1579db8632/build] unable to get git ref: failed to identify reference (tag/branch) for the checked-out revision 'ab801e856521356ff7a33250e1abdb8857ef84b3'
[13d049d5-a494-4c67-9a80-df1579db8632/build] unable to get git ref: failed to identify reference (tag/branch) for the checked-out revision 'ab801e856521356ff7a33250e1abdb8857ef84b3'
[13d049d5-a494-4c67-9a80-df1579db8632/build] unable to get git ref: failed to identify reference (tag/branch) for the checked-out revision 'ab801e856521356ff7a33250e1abdb8857ef84b3'
[13d049d5-a494-4c67-9a80-df1579db8632/build] â­ Run Main actions/checkout@v3
[13d049d5-a494-4c67-9a80-df1579db8632/build] unable to get git ref: failed to identify reference (tag/branch) for the checked-out revision 'ab801e856521356ff7a33250e1abdb8857ef84b3'
[13d049d5-a494-4c67-9a80-df1579db8632/build] unable to get git ref: failed to identify reference (tag/branch) for the checked-out revision 'ab801e856521356ff7a33250e1abdb8857ef84b3'
[13d049d5-a494-4c67-9a80-df1579db8632/build]   ğŸ³  docker cp src=/tmp/b59f9f7e-c095-4ff9-84ca-c0366f938dac/. dst=/tmp/b59f9f7e-c095-4ff9-84ca-c0366f938dac
[13d049d5-a494-4c67-9a80-df1579db8632/build]   ğŸ³  docker exec cmd=[chown -R 1012:1013 /tmp/b59f9f7e-c095-4ff9-84ca-c0366f938dac] user=0 workdir=
[13d049d5-a494-4c67-9a80-df1579db8632/build]   âœ…  Success - Main actions/checkout@v3
[13d049d5-a494-4c67-9a80-df1579db8632/build] unable to get git ref: failed to identify reference (tag/branch) for the checked-out revision 'ab801e856521356ff7a33250e1abdb8857ef84b3'
[13d049d5-a494-4c67-9a80-df1579db8632/build] unable to get git ref: failed to identify reference (tag/branch) for the checked-out revision 'ab801e856521356ff7a33250e1abdb8857ef84b3'
[13d049d5-a494-4c67-9a80-df1579db8632/build] unable to get git ref: failed to identify reference (tag/branch) for the checked-out revision 'ab801e856521356ff7a33250e1abdb8857ef84b3'
[13d049d5-a494-4c67-9a80-df1579db8632/build] unable to get git ref: failed to identify reference (tag/branch) for the checked-out revision 'ab801e856521356ff7a33250e1abdb8857ef84b3'
[13d049d5-a494-4c67-9a80-df1579db8632/build] unable to get git ref: failed to identify reference (tag/branch) for the checked-out revision 'ab801e856521356ff7a33250e1abdb8857ef84b3'
[13d049d5-a494-4c67-9a80-df1579db8632/build] â­ Run Main actions/setup-java@v3
[13d049d5-a494-4c67-9a80-df1579db8632/build] unable to get git ref: failed to identify reference (tag/branch) for the checked-out revision 'ab801e856521356ff7a33250e1abdb8857ef84b3'
[13d049d5-a494-4c67-9a80-df1579db8632/build] unable to get git ref: failed to identify reference (tag/branch) for the checked-out revision 'ab801e856521356ff7a33250e1abdb8857ef84b3'
[13d049d5-a494-4c67-9a80-df1579db8632/build] unable to get git ref: failed to identify reference (tag/branch) for the checked-out revision 'ab801e856521356ff7a33250e1abdb8857ef84b3'
[13d049d5-a494-4c67-9a80-df1579db8632/build]   ğŸ³  docker cp src=/tmp/act-cache/022295c0-a99b-4b1b-b3e8-55a33b7d5b01/act/actions-setup-java@v3/ dst=/var/run/act/actions/actions-setup-java@v3/
[13d049d5-a494-4c67-9a80-df1579db8632/build]   ğŸ³  docker exec cmd=[chown -R 1012:1013 /var/run/act/actions/actions-setup-java@v3/] user=0 workdir=
[13d049d5-a494-4c67-9a80-df1579db8632/build]   ğŸ³  docker exec cmd=[node /var/run/act/actions/actions-setup-java@v3/dist/setup/index.js] user= workdir=
[13d049d5-a494-4c67-9a80-df1579db8632/build]   â“  ::group::Installed distributions
[13d049d5-a494-4c67-9a80-df1579db8632/build]   | Trying to resolve the latest version from remote
[13d049d5-a494-4c67-9a80-df1579db8632/build]   ğŸ’¬  ::debug::Gathering available versions from 'https://api.azul.com/zulu/download/community/v1.0/bundles/?os=linux&ext=tar.gz&bundle_type=jdk&javafx=false&arch=x86&hw_bitness=64&release_status=ga'
[13d049d5-a494-4c67-9a80-df1579db8632/build]   | Resolved latest version as 11.0.21+9
[13d049d5-a494-4c67-9a80-df1579db8632/build]   | Trying to download...
[13d049d5-a494-4c67-9a80-df1579db8632/build]   | Downloading Java 11.0.21+9 (Zulu) from https://cdn.azul.com/zulu/bin/zulu11.68.17-ca-jdk11.0.21-linux_x64.tar.gz ...
[13d049d5-a494-4c67-9a80-df1579db8632/build]   ğŸ’¬  ::debug::Downloading https://cdn.azul.com/zulu/bin/zulu11.68.17-ca-jdk11.0.21-linux_x64.tar.gz
[13d049d5-a494-4c67-9a80-df1579db8632/build]   ğŸ’¬  ::debug::Destination /tmp/d410b2c4-5aa0-4f68-917e-40f7e432ff1a
[13d049d5-a494-4c67-9a80-df1579db8632/build]   ğŸ’¬  ::debug::download complete
[13d049d5-a494-4c67-9a80-df1579db8632/build]   | Extracting Java archive...
[13d049d5-a494-4c67-9a80-df1579db8632/build]   ğŸ’¬  ::debug::Checking tar --version
[13d049d5-a494-4c67-9a80-df1579db8632/build]   ğŸ’¬  ::debug::tar (GNU tar) 1.34%0ACopyright (C) 2021 Free Software Foundation, Inc.%0ALicense GPLv3+: GNU GPL version 3 or later <https://gnu.org/licenses/gpl.html>.%0AThis is free software: you are free to change and redistribute it.%0AThere is NO WARRANTY, to the extent permitted by law.%0A%0AWritten by John Gilmore and Jay Fenlason.
[13d049d5-a494-4c67-9a80-df1579db8632/build]   | [command]/usr/bin/tar xz --warning=no-unknown-keyword -C /tmp/885de855-a7d4-4cd1-b753-865b1b77ca7c -f /tmp/d410b2c4-5aa0-4f68-917e-40f7e432ff1a
[13d049d5-a494-4c67-9a80-df1579db8632/build]   ğŸ’¬  ::debug::Caching tool Java_Zulu_jdk 11.0.21-9 x64
[13d049d5-a494-4c67-9a80-df1579db8632/build]   ğŸ’¬  ::debug::source dir: /tmp/885de855-a7d4-4cd1-b753-865b1b77ca7c/zulu11.68.17-ca-jdk11.0.21-linux_x64
[13d049d5-a494-4c67-9a80-df1579db8632/build]   ğŸ’¬  ::debug::destination /opt/hostedtoolcache/Java_Zulu_jdk/11.0.21-9/x64
[13d049d5-a494-4c67-9a80-df1579db8632/build]   ğŸ’¬  ::debug::finished caching tool
[13d049d5-a494-4c67-9a80-df1579db8632/build]   | Java 11.0.21+9 was downloaded
[13d049d5-a494-4c67-9a80-df1579db8632/build]   | Setting Java 11.0.21+9 as the default
[13d049d5-a494-4c67-9a80-df1579db8632/build]   | Creating toolchains.xml for JDK version 11 from zulu
[13d049d5-a494-4c67-9a80-df1579db8632/build]   | Writing to /home/runner/.m2/toolchains.xml
[13d049d5-a494-4c67-9a80-df1579db8632/build]   | 
[13d049d5-a494-4c67-9a80-df1579db8632/build]   | Java configuration:
[13d049d5-a494-4c67-9a80-df1579db8632/build]   |   Distribution: zulu
[13d049d5-a494-4c67-9a80-df1579db8632/build]   |   Version: 11.0.21+9
[13d049d5-a494-4c67-9a80-df1579db8632/build]   |   Path: /opt/hostedtoolcache/Java_Zulu_jdk/11.0.21-9/x64
[13d049d5-a494-4c67-9a80-df1579db8632/build]   | 
[13d049d5-a494-4c67-9a80-df1579db8632/build]   â“  ::endgroup::
[13d049d5-a494-4c67-9a80-df1579db8632/build]   â“ add-matcher /run/act/actions/actions-setup-java@v3/.github/java.json
[13d049d5-a494-4c67-9a80-df1579db8632/build]   | Creating settings.xml with server-id: github
[13d049d5-a494-4c67-9a80-df1579db8632/build]   | Writing to /home/runner/.m2/settings.xml
[13d049d5-a494-4c67-9a80-df1579db8632/build]   âœ…  Success - Main actions/setup-java@v3
[13d049d5-a494-4c67-9a80-df1579db8632/build]   âš™  ::set-env:: JAVA_HOME=/opt/hostedtoolcache/Java_Zulu_jdk/11.0.21-9/x64
[13d049d5-a494-4c67-9a80-df1579db8632/build]   âš™  ::set-env:: JAVA_HOME_11_X64=/opt/hostedtoolcache/Java_Zulu_jdk/11.0.21-9/x64
[13d049d5-a494-4c67-9a80-df1579db8632/build]   âš™  ::set-output:: distribution=Zulu
[13d049d5-a494-4c67-9a80-df1579db8632/build]   âš™  ::set-output:: path=/opt/hostedtoolcache/Java_Zulu_jdk/11.0.21-9/x64
[13d049d5-a494-4c67-9a80-df1579db8632/build]   âš™  ::set-output:: version=11.0.21+9
[13d049d5-a494-4c67-9a80-df1579db8632/build]   âš™  ::add-path:: /opt/hostedtoolcache/Java_Zulu_jdk/11.0.21-9/x64/bin
[13d049d5-a494-4c67-9a80-df1579db8632/build] unable to get git ref: failed to identify reference (tag/branch) for the checked-out revision 'ab801e856521356ff7a33250e1abdb8857ef84b3'
[13d049d5-a494-4c67-9a80-df1579db8632/build] unable to get git ref: failed to identify reference (tag/branch) for the checked-out revision 'ab801e856521356ff7a33250e1abdb8857ef84b3'
[13d049d5-a494-4c67-9a80-df1579db8632/build] unable to get git ref: failed to identify reference (tag/branch) for the checked-out revision 'ab801e856521356ff7a33250e1abdb8857ef84b3'
[13d049d5-a494-4c67-9a80-df1579db8632/build] unable to get git ref: failed to identify reference (tag/branch) for the checked-out revision 'ab801e856521356ff7a33250e1abdb8857ef84b3'
[13d049d5-a494-4c67-9a80-df1579db8632/build] unable to get git ref: failed to identify reference (tag/branch) for the checked-out revision 'ab801e856521356ff7a33250e1abdb8857ef84b3'
[13d049d5-a494-4c67-9a80-df1579db8632/build] â­ Run Main ./gradlew build --no-daemon --warning-mode=fail
[13d049d5-a494-4c67-9a80-df1579db8632/build] unable to get git ref: failed to identify reference (tag/branch) for the checked-out revision 'ab801e856521356ff7a33250e1abdb8857ef84b3'
[13d049d5-a494-4c67-9a80-df1579db8632/build] unable to get git ref: failed to identify reference (tag/branch) for the checked-out revision 'ab801e856521356ff7a33250e1abdb8857ef84b3'
[13d049d5-a494-4c67-9a80-df1579db8632/build] unable to get git ref: failed to identify reference (tag/branch) for the checked-out revision 'ab801e856521356ff7a33250e1abdb8857ef84b3'
[13d049d5-a494-4c67-9a80-df1579db8632/build] unable to get git ref: failed to identify reference (tag/branch) for the checked-out revision 'ab801e856521356ff7a33250e1abdb8857ef84b3'
[13d049d5-a494-4c67-9a80-df1579db8632/build]   ğŸ³  docker exec cmd=[bash --noprofile --norc -e -o pipefail /var/run/act/workflow/2] user= workdir=
[13d049d5-a494-4c67-9a80-df1579db8632/build]   | Downloading https://services.gradle.org/distributions/gradle-7.5.1-bin.zip
[13d049d5-a494-4c67-9a80-df1579db8632/build]   | ...........10%............20%...........30%............40%...........50%............60%...........70%............80%...........90%............100%
[13d049d5-a494-4c67-9a80-df1579db8632/build]   | 
[13d049d5-a494-4c67-9a80-df1579db8632/build]   | Welcome to Gradle 7.5.1!
[13d049d5-a494-4c67-9a80-df1579db8632/build]   | 
[13d049d5-a494-4c67-9a80-df1579db8632/build]   | Here are the highlights of this release:
[13d049d5-a494-4c67-9a80-df1579db8632/build]   |  - Support for Java 18
[13d049d5-a494-4c67-9a80-df1579db8632/build]   |  - Support for building with Groovy 4
[13d049d5-a494-4c67-9a80-df1579db8632/build]   |  - Much more responsive continuous builds
[13d049d5-a494-4c67-9a80-df1579db8632/build]   |  - Improved diagnostics for dependency resolution
[13d049d5-a494-4c67-9a80-df1579db8632/build]   | 
[13d049d5-a494-4c67-9a80-df1579db8632/build]   | For more details see https://docs.gradle.org/7.5.1/release-notes.html
[13d049d5-a494-4c67-9a80-df1579db8632/build]   | 
[13d049d5-a494-4c67-9a80-df1579db8632/build]   | To honour the JVM settings for this build a single-use Daemon process will be forked. See https://docs.gradle.org/7.5.1/userguide/gradle_daemon.html#sec:disabling_the_daemon.
[13d049d5-a494-4c67-9a80-df1579db8632/build]   | Daemon will be stopped at the end of the build 
[13d049d5-a494-4c67-9a80-df1579db8632/build]   | 
[13d049d5-a494-4c67-9a80-df1579db8632/build]   | > Configure project :
[13d049d5-a494-4c67-9a80-df1579db8632/build]   | Kordamp Enforcer Gradle plugin 0.10.0. Consider becoming a patron at https://www.patreon.com/aalmiray
[13d049d5-a494-4c67-9a80-df1579db8632/build]   | 
[13d049d5-a494-4c67-9a80-df1579db8632/build]   | > Task :copyDependencies
[13d049d5-a494-4c67-9a80-df1579db8632/build]   | > Task :extractIncludeProto
[13d049d5-a494-4c67-9a80-df1579db8632/build]   | > Task :extractProto
[13d049d5-a494-4c67-9a80-df1579db8632/build]   | > Task :generateProto
[13d049d5-a494-4c67-9a80-df1579db8632/build]   | > Task :compileJava
[13d049d5-a494-4c67-9a80-df1579db8632/build]   | Note: Some input files use or override a deprecated API.
[13d049d5-a494-4c67-9a80-df1579db8632/build]   | Note: Recompile with -Xlint:deprecation for details.
[13d049d5-a494-4c67-9a80-df1579db8632/build]   | Note: Some input files use unchecked or unsafe operations.
[13d049d5-a494-4c67-9a80-df1579db8632/build]   | Note: Recompile with -Xlint:unchecked for details.
[13d049d5-a494-4c67-9a80-df1579db8632/build]   | 
[13d049d5-a494-4c67-9a80-df1579db8632/build]   | > Task :processResources
[13d049d5-a494-4c67-9a80-df1579db8632/build]   | > Task :classes
[13d049d5-a494-4c67-9a80-df1579db8632/build]   | > Task :jar
[13d049d5-a494-4c67-9a80-df1579db8632/build]   | > Task :assemble
[13d049d5-a494-4c67-9a80-df1579db8632/build]   | > Task :extractIncludeTestProto
[13d049d5-a494-4c67-9a80-df1579db8632/build]   | > Task :extractTestProto
[13d049d5-a494-4c67-9a80-df1579db8632/build]   | > Task :generateTestProto NO-SOURCE
[13d049d5-a494-4c67-9a80-df1579db8632/build]   | 
[13d049d5-a494-4c67-9a80-df1579db8632/build]   | > Task :compileTestJava
[13d049d5-a494-4c67-9a80-df1579db8632/build]   | Note: Some input files use or override a deprecated API.
[13d049d5-a494-4c67-9a80-df1579db8632/build]   | Note: Recompile with -Xlint:deprecation for details.
[13d049d5-a494-4c67-9a80-df1579db8632/build]   | 
[13d049d5-a494-4c67-9a80-df1579db8632/build]   | > Task :processTestResources NO-SOURCE
[13d049d5-a494-4c67-9a80-df1579db8632/build]   | > Task :testClasses
[13d049d5-a494-4c67-9a80-df1579db8632/build]   | > Task :checkstyleTest SKIPPED
[13d049d5-a494-4c67-9a80-df1579db8632/build]   | > Task :checkstyleMain
[13d049d5-a494-4c67-9a80-df1579db8632/build]   | 
[13d049d5-a494-4c67-9a80-df1579db8632/build]   | > Task :test FAILED
[13d049d5-a494-4c67-9a80-df1579db8632/build]   | 
[13d049d5-a494-4c67-9a80-df1579db8632/build]   | Tk103ProtocolDecoderTest > testDecode() FAILED
[13d049d5-a494-4c67-9a80-df1579db8632/build]   |     org.opentest4j.AssertionFailedError at Tk103ProtocolDecoderTest.java:14
[13d049d5-a494-4c67-9a80-df1579db8632/build]   | 
[13d049d5-a494-4c67-9a80-df1579db8632/build]   | 496 tests completed, 1 failed, 23 skipped
[13d049d5-a494-4c67-9a80-df1579db8632/build]   | 
[13d049d5-a494-4c67-9a80-df1579db8632/build]   | FAILURE: Build failed with an exception.
[13d049d5-a494-4c67-9a80-df1579db8632/build]   | 
[13d049d5-a494-4c67-9a80-df1579db8632/build]   | * What went wrong:
[13d049d5-a494-4c67-9a80-df1579db8632/build]   | Execution failed for task ':test'.
[13d049d5-a494-4c67-9a80-df1579db8632/build]   | 12 actionable tasks: 12 executed
[13d049d5-a494-4c67-9a80-df1579db8632/build]   | > There were failing tests. See the report at: file:///tmp/b59f9f7e-c095-4ff9-84ca-c0366f938dac/build/reports/tests/test/index.html
[13d049d5-a494-4c67-9a80-df1579db8632/build]   | 
[13d049d5-a494-4c67-9a80-df1579db8632/build]   | * Try:
[13d049d5-a494-4c67-9a80-df1579db8632/build]   | > Run with --stacktrace option to get the stack trace.
[13d049d5-a494-4c67-9a80-df1579db8632/build]   | > Run with --info or --debug option to get more log output.
[13d049d5-a494-4c67-9a80-df1579db8632/build]   | > Run with --scan to get full insights.
[13d049d5-a494-4c67-9a80-df1579db8632/build]   | 
[13d049d5-a494-4c67-9a80-df1579db8632/build]   | * Get more help at https://help.gradle.org
[13d049d5-a494-4c67-9a80-df1579db8632/build]   | 
[13d049d5-a494-4c67-9a80-df1579db8632/build]   | BUILD FAILED in 3m 17s
[13d049d5-a494-4c67-9a80-df1579db8632/build]   âŒ  Failure - Main ./gradlew build --no-daemon --warning-mode=fail
[13d049d5-a494-4c67-9a80-df1579db8632/build] exitcode '1': failure
[13d049d5-a494-4c67-9a80-df1579db8632/build] unable to get git ref: failed to identify reference (tag/branch) for the checked-out revision 'ab801e856521356ff7a33250e1abdb8857ef84b3'
[13d049d5-a494-4c67-9a80-df1579db8632/build] unable to get git ref: failed to identify reference (tag/branch) for the checked-out revision 'ab801e856521356ff7a33250e1abdb8857ef84b3'
[13d049d5-a494-4c67-9a80-df1579db8632/build] unable to get git ref: failed to identify reference (tag/branch) for the checked-out revision 'ab801e856521356ff7a33250e1abdb8857ef84b3'
[13d049d5-a494-4c67-9a80-df1579db8632/build] unable to get git ref: failed to identify reference (tag/branch) for the checked-out revision 'ab801e856521356ff7a33250e1abdb8857ef84b3'
[13d049d5-a494-4c67-9a80-df1579db8632/build] unable to get git ref: failed to identify reference (tag/branch) for the checked-out revision 'ab801e856521356ff7a33250e1abdb8857ef84b3'
[13d049d5-a494-4c67-9a80-df1579db8632/build] â­ Run Post actions/setup-java@v3
[13d049d5-a494-4c67-9a80-df1579db8632/build]   ğŸ³  docker exec cmd=[node /var/run/act/actions/actions-setup-java@v3/dist/cleanup/index.js] user= workdir=
[13d049d5-a494-4c67-9a80-df1579db8632/build]   âœ…  Success - Post actions/setup-java@v3
[13d049d5-a494-4c67-9a80-df1579db8632/build] ğŸ  Job failed
[13d049d5-a494-4c67-9a80-df1579db8632/build] unable to get git ref: failed to identify reference (tag/branch) for the checked-out revision 'ab801e856521356ff7a33250e1abdb8857ef84b3'
