[acc233a0-25aa-4031-94e0-f1e324f37a1d/Verification] ðŸš€  Start image=gitbugactions:latest
[acc233a0-25aa-4031-94e0-f1e324f37a1d/Verification]   ðŸ³  docker pull image=gitbugactions:latest platform= username= forcePull=false
[acc233a0-25aa-4031-94e0-f1e324f37a1d/Verification]   ðŸ³  docker create image=gitbugactions:latest platform= entrypoint=["tail" "-f" "/dev/null"] cmd=[]
[acc233a0-25aa-4031-94e0-f1e324f37a1d/Verification]   ðŸ³  docker run image=gitbugactions:latest platform= entrypoint=["tail" "-f" "/dev/null"] cmd=[]
[acc233a0-25aa-4031-94e0-f1e324f37a1d/Verification]   ðŸ³  docker exec cmd=[chown -R 1012:1013 /tmp/1106faf3-81f4-4bf6-950e-090ce4c6508b] user=0 workdir=
[acc233a0-25aa-4031-94e0-f1e324f37a1d/Verification] unable to get git ref: failed to identify reference (tag/branch) for the checked-out revision 'ffb66dd7b41dd42ffef3b5f1c2a9b388b737f6e6'
[acc233a0-25aa-4031-94e0-f1e324f37a1d/Verification] unable to get git ref: failed to identify reference (tag/branch) for the checked-out revision 'ffb66dd7b41dd42ffef3b5f1c2a9b388b737f6e6'
[acc233a0-25aa-4031-94e0-f1e324f37a1d/Verification] unable to get git ref: failed to identify reference (tag/branch) for the checked-out revision 'ffb66dd7b41dd42ffef3b5f1c2a9b388b737f6e6'
[acc233a0-25aa-4031-94e0-f1e324f37a1d/Verification] unable to get git ref: failed to identify reference (tag/branch) for the checked-out revision 'ffb66dd7b41dd42ffef3b5f1c2a9b388b737f6e6'
[acc233a0-25aa-4031-94e0-f1e324f37a1d/Verification] unable to get git ref: failed to identify reference (tag/branch) for the checked-out revision 'ffb66dd7b41dd42ffef3b5f1c2a9b388b737f6e6'
[acc233a0-25aa-4031-94e0-f1e324f37a1d/Verification] unable to get git ref: failed to identify reference (tag/branch) for the checked-out revision 'ffb66dd7b41dd42ffef3b5f1c2a9b388b737f6e6'
[acc233a0-25aa-4031-94e0-f1e324f37a1d/Verification] unable to get git ref: failed to identify reference (tag/branch) for the checked-out revision 'ffb66dd7b41dd42ffef3b5f1c2a9b388b737f6e6'
[acc233a0-25aa-4031-94e0-f1e324f37a1d/Verification] unable to get git ref: failed to identify reference (tag/branch) for the checked-out revision 'ffb66dd7b41dd42ffef3b5f1c2a9b388b737f6e6'
[acc233a0-25aa-4031-94e0-f1e324f37a1d/Verification] unable to get git ref: failed to identify reference (tag/branch) for the checked-out revision 'ffb66dd7b41dd42ffef3b5f1c2a9b388b737f6e6'
[acc233a0-25aa-4031-94e0-f1e324f37a1d/Verification] unable to get git ref: failed to identify reference (tag/branch) for the checked-out revision 'ffb66dd7b41dd42ffef3b5f1c2a9b388b737f6e6'
[acc233a0-25aa-4031-94e0-f1e324f37a1d/Verification] â­ Run Main Checkout
[acc233a0-25aa-4031-94e0-f1e324f37a1d/Verification] unable to get git ref: failed to identify reference (tag/branch) for the checked-out revision 'ffb66dd7b41dd42ffef3b5f1c2a9b388b737f6e6'
[acc233a0-25aa-4031-94e0-f1e324f37a1d/Verification] unable to get git ref: failed to identify reference (tag/branch) for the checked-out revision 'ffb66dd7b41dd42ffef3b5f1c2a9b388b737f6e6'
[acc233a0-25aa-4031-94e0-f1e324f37a1d/Verification]   ðŸ³  docker cp src=/tmp/1106faf3-81f4-4bf6-950e-090ce4c6508b/. dst=/tmp/1106faf3-81f4-4bf6-950e-090ce4c6508b
[acc233a0-25aa-4031-94e0-f1e324f37a1d/Verification]   ðŸ³  docker exec cmd=[chown -R 1012:1013 /tmp/1106faf3-81f4-4bf6-950e-090ce4c6508b] user=0 workdir=
[acc233a0-25aa-4031-94e0-f1e324f37a1d/Verification]   âœ…  Success - Main Checkout
[acc233a0-25aa-4031-94e0-f1e324f37a1d/Verification] unable to get git ref: failed to identify reference (tag/branch) for the checked-out revision 'ffb66dd7b41dd42ffef3b5f1c2a9b388b737f6e6'
[acc233a0-25aa-4031-94e0-f1e324f37a1d/Verification] unable to get git ref: failed to identify reference (tag/branch) for the checked-out revision 'ffb66dd7b41dd42ffef3b5f1c2a9b388b737f6e6'
[acc233a0-25aa-4031-94e0-f1e324f37a1d/Verification] unable to get git ref: failed to identify reference (tag/branch) for the checked-out revision 'ffb66dd7b41dd42ffef3b5f1c2a9b388b737f6e6'
[acc233a0-25aa-4031-94e0-f1e324f37a1d/Verification] unable to get git ref: failed to identify reference (tag/branch) for the checked-out revision 'ffb66dd7b41dd42ffef3b5f1c2a9b388b737f6e6'
[acc233a0-25aa-4031-94e0-f1e324f37a1d/Verification] unable to get git ref: failed to identify reference (tag/branch) for the checked-out revision 'ffb66dd7b41dd42ffef3b5f1c2a9b388b737f6e6'
[acc233a0-25aa-4031-94e0-f1e324f37a1d/Verification] â­ Run Main Set up JDK 8
[acc233a0-25aa-4031-94e0-f1e324f37a1d/Verification] unable to get git ref: failed to identify reference (tag/branch) for the checked-out revision 'ffb66dd7b41dd42ffef3b5f1c2a9b388b737f6e6'
[acc233a0-25aa-4031-94e0-f1e324f37a1d/Verification] unable to get git ref: failed to identify reference (tag/branch) for the checked-out revision 'ffb66dd7b41dd42ffef3b5f1c2a9b388b737f6e6'
[acc233a0-25aa-4031-94e0-f1e324f37a1d/Verification] unable to get git ref: failed to identify reference (tag/branch) for the checked-out revision 'ffb66dd7b41dd42ffef3b5f1c2a9b388b737f6e6'
[acc233a0-25aa-4031-94e0-f1e324f37a1d/Verification]   ðŸ³  docker cp src=/tmp/act-cache/3c7f50a5-98c4-45df-b392-4b52f8183502/act/actions-setup-java@v3/ dst=/var/run/act/actions/actions-setup-java@v3/
[acc233a0-25aa-4031-94e0-f1e324f37a1d/Verification]   ðŸ³  docker exec cmd=[chown -R 1012:1013 /var/run/act/actions/actions-setup-java@v3/] user=0 workdir=
[acc233a0-25aa-4031-94e0-f1e324f37a1d/Verification]   ðŸ³  docker exec cmd=[node /var/run/act/actions/actions-setup-java@v3/dist/setup/index.js] user= workdir=
[acc233a0-25aa-4031-94e0-f1e324f37a1d/Verification]   â“  ::group::Installed distributions
[acc233a0-25aa-4031-94e0-f1e324f37a1d/Verification]   ðŸ’¬  ::debug::isExplicit: 11.0.20-1
[acc233a0-25aa-4031-94e0-f1e324f37a1d/Verification]   ðŸ’¬  ::debug::explicit? true
[acc233a0-25aa-4031-94e0-f1e324f37a1d/Verification]   ðŸ’¬  ::debug::isExplicit: 17.0.8-1
[acc233a0-25aa-4031-94e0-f1e324f37a1d/Verification]   ðŸ’¬  ::debug::explicit? true
[acc233a0-25aa-4031-94e0-f1e324f37a1d/Verification]   ðŸ’¬  ::debug::isExplicit: 21.0.0-35
[acc233a0-25aa-4031-94e0-f1e324f37a1d/Verification]   ðŸ’¬  ::debug::explicit? true
[acc233a0-25aa-4031-94e0-f1e324f37a1d/Verification]   ðŸ’¬  ::debug::isExplicit: 8.0.382-5
[acc233a0-25aa-4031-94e0-f1e324f37a1d/Verification]   ðŸ’¬  ::debug::explicit? true
[acc233a0-25aa-4031-94e0-f1e324f37a1d/Verification]   | Resolved Java 8.0.382+5 from tool-cache
[acc233a0-25aa-4031-94e0-f1e324f37a1d/Verification]   | Setting Java 8.0.382+5 as the default
[acc233a0-25aa-4031-94e0-f1e324f37a1d/Verification]   | Creating toolchains.xml for JDK version 8 from temurin
[acc233a0-25aa-4031-94e0-f1e324f37a1d/Verification]   | Writing to /home/runner/.m2/toolchains.xml
[acc233a0-25aa-4031-94e0-f1e324f37a1d/Verification]   | 
[acc233a0-25aa-4031-94e0-f1e324f37a1d/Verification]   | Java configuration:
[acc233a0-25aa-4031-94e0-f1e324f37a1d/Verification]   |   Distribution: temurin
[acc233a0-25aa-4031-94e0-f1e324f37a1d/Verification]   |   Version: 8.0.382+5
[acc233a0-25aa-4031-94e0-f1e324f37a1d/Verification]   |   Path: /opt/hostedtoolcache/Java_Temurin-Hotspot_jdk/8.0.382-5/x64
[acc233a0-25aa-4031-94e0-f1e324f37a1d/Verification]   | 
[acc233a0-25aa-4031-94e0-f1e324f37a1d/Verification]   â“  ::endgroup::
[acc233a0-25aa-4031-94e0-f1e324f37a1d/Verification]   â“ add-matcher /run/act/actions/actions-setup-java@v3/.github/java.json
[acc233a0-25aa-4031-94e0-f1e324f37a1d/Verification]   | Creating settings.xml with server-id: github
[acc233a0-25aa-4031-94e0-f1e324f37a1d/Verification]   | Writing to /home/runner/.m2/settings.xml
[acc233a0-25aa-4031-94e0-f1e324f37a1d/Verification]   âœ…  Success - Main Set up JDK 8
[acc233a0-25aa-4031-94e0-f1e324f37a1d/Verification]   âš™  ::set-env:: JAVA_HOME=/opt/hostedtoolcache/Java_Temurin-Hotspot_jdk/8.0.382-5/x64
[acc233a0-25aa-4031-94e0-f1e324f37a1d/Verification]   âš™  ::set-env:: JAVA_HOME_8_X64=/opt/hostedtoolcache/Java_Temurin-Hotspot_jdk/8.0.382-5/x64
[acc233a0-25aa-4031-94e0-f1e324f37a1d/Verification]   âš™  ::set-output:: distribution=Temurin-Hotspot
[acc233a0-25aa-4031-94e0-f1e324f37a1d/Verification]   âš™  ::set-output:: path=/opt/hostedtoolcache/Java_Temurin-Hotspot_jdk/8.0.382-5/x64
[acc233a0-25aa-4031-94e0-f1e324f37a1d/Verification]   âš™  ::set-output:: version=8.0.382+5
[acc233a0-25aa-4031-94e0-f1e324f37a1d/Verification]   âš™  ::add-path:: /opt/hostedtoolcache/Java_Temurin-Hotspot_jdk/8.0.382-5/x64/bin
[acc233a0-25aa-4031-94e0-f1e324f37a1d/Verification] unable to get git ref: failed to identify reference (tag/branch) for the checked-out revision 'ffb66dd7b41dd42ffef3b5f1c2a9b388b737f6e6'
[acc233a0-25aa-4031-94e0-f1e324f37a1d/Verification] unable to get git ref: failed to identify reference (tag/branch) for the checked-out revision 'ffb66dd7b41dd42ffef3b5f1c2a9b388b737f6e6'
[acc233a0-25aa-4031-94e0-f1e324f37a1d/Verification] unable to get git ref: failed to identify reference (tag/branch) for the checked-out revision 'ffb66dd7b41dd42ffef3b5f1c2a9b388b737f6e6'
[acc233a0-25aa-4031-94e0-f1e324f37a1d/Verification] unable to get git ref: failed to identify reference (tag/branch) for the checked-out revision 'ffb66dd7b41dd42ffef3b5f1c2a9b388b737f6e6'
[acc233a0-25aa-4031-94e0-f1e324f37a1d/Verification] unable to get git ref: failed to identify reference (tag/branch) for the checked-out revision 'ffb66dd7b41dd42ffef3b5f1c2a9b388b737f6e6'
[acc233a0-25aa-4031-94e0-f1e324f37a1d/Verification] â­ Run Main Set up Gradle
[acc233a0-25aa-4031-94e0-f1e324f37a1d/Verification] unable to get git ref: failed to identify reference (tag/branch) for the checked-out revision 'ffb66dd7b41dd42ffef3b5f1c2a9b388b737f6e6'
[acc233a0-25aa-4031-94e0-f1e324f37a1d/Verification] unable to get git ref: failed to identify reference (tag/branch) for the checked-out revision 'ffb66dd7b41dd42ffef3b5f1c2a9b388b737f6e6'
[acc233a0-25aa-4031-94e0-f1e324f37a1d/Verification] unable to get git ref: failed to identify reference (tag/branch) for the checked-out revision 'ffb66dd7b41dd42ffef3b5f1c2a9b388b737f6e6'
[acc233a0-25aa-4031-94e0-f1e324f37a1d/Verification]   ðŸ³  docker cp src=/tmp/act-cache/3c7f50a5-98c4-45df-b392-4b52f8183502/act/gradle-gradle-build-action@v2/ dst=/var/run/act/actions/gradle-gradle-build-action@v2/
[acc233a0-25aa-4031-94e0-f1e324f37a1d/Verification]   ðŸ³  docker exec cmd=[chown -R 1012:1013 /var/run/act/actions/gradle-gradle-build-action@v2/] user=0 workdir=
[acc233a0-25aa-4031-94e0-f1e324f37a1d/Verification]   ðŸ³  docker exec cmd=[node /var/run/act/actions/gradle-gradle-build-action@v2/dist/main/index.js] user= workdir=
[acc233a0-25aa-4031-94e0-f1e324f37a1d/Verification]   ðŸ’¬  ::debug::Determined user.home from java -version output: '/home/runner'
[acc233a0-25aa-4031-94e0-f1e324f37a1d/Verification]   | Cache is disabled: will not restore state from previous builds.
[acc233a0-25aa-4031-94e0-f1e324f37a1d/Verification]   âœ…  Success - Main Set up Gradle
[acc233a0-25aa-4031-94e0-f1e324f37a1d/Verification]   âš™  ::set-env:: GRADLE_BUILD_ACTION_SETUP_COMPLETED=true
[acc233a0-25aa-4031-94e0-f1e324f37a1d/Verification]   âš™  ::set-env:: GRADLE_BUILD_ACTION_CACHE_RESTORED=true
[acc233a0-25aa-4031-94e0-f1e324f37a1d/Verification] unable to get git ref: failed to identify reference (tag/branch) for the checked-out revision 'ffb66dd7b41dd42ffef3b5f1c2a9b388b737f6e6'
[acc233a0-25aa-4031-94e0-f1e324f37a1d/Verification] unable to get git ref: failed to identify reference (tag/branch) for the checked-out revision 'ffb66dd7b41dd42ffef3b5f1c2a9b388b737f6e6'
[acc233a0-25aa-4031-94e0-f1e324f37a1d/Verification] unable to get git ref: failed to identify reference (tag/branch) for the checked-out revision 'ffb66dd7b41dd42ffef3b5f1c2a9b388b737f6e6'
[acc233a0-25aa-4031-94e0-f1e324f37a1d/Verification] unable to get git ref: failed to identify reference (tag/branch) for the checked-out revision 'ffb66dd7b41dd42ffef3b5f1c2a9b388b737f6e6'
[acc233a0-25aa-4031-94e0-f1e324f37a1d/Verification] unable to get git ref: failed to identify reference (tag/branch) for the checked-out revision 'ffb66dd7b41dd42ffef3b5f1c2a9b388b737f6e6'
[acc233a0-25aa-4031-94e0-f1e324f37a1d/Verification] â­ Run Main Build with Gradle
[acc233a0-25aa-4031-94e0-f1e324f37a1d/Verification] unable to get git ref: failed to identify reference (tag/branch) for the checked-out revision 'ffb66dd7b41dd42ffef3b5f1c2a9b388b737f6e6'
[acc233a0-25aa-4031-94e0-f1e324f37a1d/Verification] unable to get git ref: failed to identify reference (tag/branch) for the checked-out revision 'ffb66dd7b41dd42ffef3b5f1c2a9b388b737f6e6'
[acc233a0-25aa-4031-94e0-f1e324f37a1d/Verification] unable to get git ref: failed to identify reference (tag/branch) for the checked-out revision 'ffb66dd7b41dd42ffef3b5f1c2a9b388b737f6e6'
[acc233a0-25aa-4031-94e0-f1e324f37a1d/Verification] unable to get git ref: failed to identify reference (tag/branch) for the checked-out revision 'ffb66dd7b41dd42ffef3b5f1c2a9b388b737f6e6'
[acc233a0-25aa-4031-94e0-f1e324f37a1d/Verification]   ðŸ³  docker exec cmd=[bash --noprofile --norc -e -o pipefail /var/run/act/workflow/3] user= workdir=
[acc233a0-25aa-4031-94e0-f1e324f37a1d/Verification]   | Downloading https://services.gradle.org/distributions/gradle-8.2-bin.zip
[acc233a0-25aa-4031-94e0-f1e324f37a1d/Verification]   | ............10%............20%............30%.............40%............50%............60%............70%.............80%............90%............100%
[acc233a0-25aa-4031-94e0-f1e324f37a1d/Verification]   | Initialized native services in: /home/runner/.gradle/native
[acc233a0-25aa-4031-94e0-f1e324f37a1d/Verification]   | Initialized jansi services in: /home/runner/.gradle/native
[acc233a0-25aa-4031-94e0-f1e324f37a1d/Verification]   | 
[acc233a0-25aa-4031-94e0-f1e324f37a1d/Verification]   | Welcome to Gradle 8.2!
[acc233a0-25aa-4031-94e0-f1e324f37a1d/Verification]   | 
[acc233a0-25aa-4031-94e0-f1e324f37a1d/Verification]   | Here are the highlights of this release:
[acc233a0-25aa-4031-94e0-f1e324f37a1d/Verification]   |  - Kotlin DSL: new reference documentation, assignment syntax by default
[acc233a0-25aa-4031-94e0-f1e324f37a1d/Verification]   |  - Kotlin DSL is now the default with Gradle init
[acc233a0-25aa-4031-94e0-f1e324f37a1d/Verification]   |  - Improved suggestions to resolve errors in console output
[acc233a0-25aa-4031-94e0-f1e324f37a1d/Verification]   | 
[acc233a0-25aa-4031-94e0-f1e324f37a1d/Verification]   | For more details see https://docs.gradle.org/8.2/release-notes.html
[acc233a0-25aa-4031-94e0-f1e324f37a1d/Verification]   | 
[acc233a0-25aa-4031-94e0-f1e324f37a1d/Verification]   | Received JVM installation metadata from '/usr/lib/jvm/temurin-8-jdk-amd64': {JAVA_HOME=/usr/lib/jvm/temurin-8-jdk-amd64/jre, JAVA_VERSION=1.8.0_382, JAVA_VENDOR=Temurin, RUNTIME_NAME=OpenJDK Runtime Environment, RUNTIME_VERSION=1.8.0_382-b05, VM_NAME=OpenJDK 64-Bit Server VM, VM_VERSION=25.382-b05, VM_VENDOR=Temurin, OS_ARCH=amd64}
[acc233a0-25aa-4031-94e0-f1e324f37a1d/Verification]   | Removing 0 daemon stop events from registry
[acc233a0-25aa-4031-94e0-f1e324f37a1d/Verification]   | Starting a Gradle Daemon (subsequent builds will be faster)
[acc233a0-25aa-4031-94e0-f1e324f37a1d/Verification]   | Starting process 'Gradle build daemon'. Working directory: /home/runner/.gradle/daemon/8.2 Command: /usr/lib/jvm/temurin-8-jdk-amd64/bin/java -Dfile.encoding=UTF-8 -Duser.country=US -Duser.language=en -Duser.variant -cp /home/runner/.gradle/wrapper/dists/gradle-8.2-bin/bbg7u40eoinfdyxsxr3z4i7ta/gradle-8.2/lib/gradle-launcher-8.2.jar -javaagent:/home/runner/.gradle/wrapper/dists/gradle-8.2-bin/bbg7u40eoinfdyxsxr3z4i7ta/gradle-8.2/lib/agents/gradle-instrumentation-agent-8.2.jar org.gradle.launcher.daemon.bootstrap.GradleDaemon 8.2
[acc233a0-25aa-4031-94e0-f1e324f37a1d/Verification]   | Successfully started process 'Gradle build daemon'
[acc233a0-25aa-4031-94e0-f1e324f37a1d/Verification]   | An attempt to start the daemon took 2.123 secs.
[acc233a0-25aa-4031-94e0-f1e324f37a1d/Verification]   | The client will now receive all logging from the daemon (pid: 321). The daemon log file: /home/runner/.gradle/daemon/8.2/daemon-321.out.log
[acc233a0-25aa-4031-94e0-f1e324f37a1d/Verification]   | Starting build in new daemon [memory: 1.5 GiB]
[acc233a0-25aa-4031-94e0-f1e324f37a1d/Verification]   | Closing daemon's stdin at end of input.
[acc233a0-25aa-4031-94e0-f1e324f37a1d/Verification]   | The daemon will no longer process any standard input.
[acc233a0-25aa-4031-94e0-f1e324f37a1d/Verification]   | Using 128 worker leases.
[acc233a0-25aa-4031-94e0-f1e324f37a1d/Verification]   | Received JVM installation metadata from '/usr/lib/jvm/temurin-8-jdk-amd64': {JAVA_HOME=/usr/lib/jvm/temurin-8-jdk-amd64/jre, JAVA_VERSION=1.8.0_382, JAVA_VENDOR=Temurin, RUNTIME_NAME=OpenJDK Runtime Environment, RUNTIME_VERSION=1.8.0_382-b05, VM_NAME=OpenJDK 64-Bit Server VM, VM_VERSION=25.382-b05, VM_VENDOR=Temurin, OS_ARCH=amd64}
[acc233a0-25aa-4031-94e0-f1e324f37a1d/Verification]   | Calculating task graph as no configuration cache is available for tasks: build
[acc233a0-25aa-4031-94e0-f1e324f37a1d/Verification]   | Watching the file system is configured to be enabled
[acc233a0-25aa-4031-94e0-f1e324f37a1d/Verification]   | Now considering [/tmp/1106faf3-81f4-4bf6-950e-090ce4c6508b] as hierarchies to watch
[acc233a0-25aa-4031-94e0-f1e324f37a1d/Verification]   | Now considering [/tmp/1106faf3-81f4-4bf6-950e-090ce4c6508b/buildSrc, /tmp/1106faf3-81f4-4bf6-950e-090ce4c6508b] as hierarchies to watch
[acc233a0-25aa-4031-94e0-f1e324f37a1d/Verification]   | File system watching is active
[acc233a0-25aa-4031-94e0-f1e324f37a1d/Verification]   | Watching 1 directories to track changes
[acc233a0-25aa-4031-94e0-f1e324f37a1d/Verification]   | Watching 1 directories to track changes
[acc233a0-25aa-4031-94e0-f1e324f37a1d/Verification]   | Watching 2 directories to track changes
[acc233a0-25aa-4031-94e0-f1e324f37a1d/Verification]   | Watching 3 directories to track changes
[acc233a0-25aa-4031-94e0-f1e324f37a1d/Verification]   | Watching 3 directories to track changes
[acc233a0-25aa-4031-94e0-f1e324f37a1d/Verification]   | Watching 4 directories to track changes
[acc233a0-25aa-4031-94e0-f1e324f37a1d/Verification]   | Compiling initialization script '/home/runner/.gradle/init.d/gradle-build-action.build-result-capture.init.gradle' using SubsetScriptTransformer.
[acc233a0-25aa-4031-94e0-f1e324f37a1d/Verification]   | Compiling initialization script '/home/runner/.gradle/init.d/gradle-build-action.build-result-capture.init.gradle' using BuildScriptTransformer.
[acc233a0-25aa-4031-94e0-f1e324f37a1d/Verification]   | Compiling initialization script '/home/runner/.gradle/init.d/gradle-build-action.github-dependency-graph.init.gradle' using SubsetScriptTransformer.
[acc233a0-25aa-4031-94e0-f1e324f37a1d/Verification]   | Compiling initialization script '/home/runner/.gradle/init.d/gradle-build-action.github-dependency-graph.init.gradle' using BuildScriptTransformer.
[acc233a0-25aa-4031-94e0-f1e324f37a1d/Verification]   | Compiling initialization script '/home/runner/.gradle/init.d/gradle-build-action.inject-gradle-enterprise.init.gradle' using SubsetScriptTransformer.
[acc233a0-25aa-4031-94e0-f1e324f37a1d/Verification]   | Compiling initialization script '/home/runner/.gradle/init.d/gradle-build-action.inject-gradle-enterprise.init.gradle' using BuildScriptTransformer.
[acc233a0-25aa-4031-94e0-f1e324f37a1d/Verification]   | Starting Build
[acc233a0-25aa-4031-94e0-f1e324f37a1d/Verification]   | Compiling settings file '/tmp/1106faf3-81f4-4bf6-950e-090ce4c6508b/settings.gradle' using SubsetScriptTransformer.
[acc233a0-25aa-4031-94e0-f1e324f37a1d/Verification]   | The configuration detachedConfiguration1 is both resolvable and consumable. This is considered a legacy configuration and it will eventually only be possible to be one of these.
[acc233a0-25aa-4031-94e0-f1e324f37a1d/Verification]   | The configuration detachedConfiguration1 is both consumable and declarable. This combination is incorrect, only one of these flags should be set.
[acc233a0-25aa-4031-94e0-f1e324f37a1d/Verification]   | The configuration detachedConfiguration1 is both resolvable and consumable. This is considered a legacy configuration and it will eventually only be possible to be one of these.
[acc233a0-25aa-4031-94e0-f1e324f37a1d/Verification]   | The configuration detachedConfiguration1 is both consumable and declarable. This combination is incorrect, only one of these flags should be set.
[acc233a0-25aa-4031-94e0-f1e324f37a1d/Verification]   | Downloading https://plugins.gradle.org/m2/com/gradle/enterprise/com.gradle.enterprise.gradle.plugin/3.13.4/com.gradle.enterprise.gradle.plugin-3.13.4.pom to /home/runner/.gradle/.tmp/gradle_download9007197897319498842bin
[acc233a0-25aa-4031-94e0-f1e324f37a1d/Verification]   | The configuration detachedConfiguration2 is both resolvable and consumable. This is considered a legacy configuration and it will eventually only be possible to be one of these.
[acc233a0-25aa-4031-94e0-f1e324f37a1d/Verification]   | The configuration detachedConfiguration2 is both consumable and declarable. This combination is incorrect, only one of these flags should be set.
[acc233a0-25aa-4031-94e0-f1e324f37a1d/Verification]   | The configuration detachedConfiguration2 is both resolvable and consumable. This is considered a legacy configuration and it will eventually only be possible to be one of these.
[acc233a0-25aa-4031-94e0-f1e324f37a1d/Verification]   | The configuration detachedConfiguration2 is both consumable and declarable. This combination is incorrect, only one of these flags should be set.
[acc233a0-25aa-4031-94e0-f1e324f37a1d/Verification]   | Downloading https://plugins.gradle.org/m2/com/gradle/common-custom-user-data-gradle-plugin/com.gradle.common-custom-user-data-gradle-plugin.gradle.plugin/1.11/com.gradle.common-custom-user-data-gradle-plugin.gradle.plugin-1.11.pom to /home/runner/.gradle/.tmp/gradle_download5370436396527830477bin
[acc233a0-25aa-4031-94e0-f1e324f37a1d/Verification]   | The configuration detachedConfiguration3 is both resolvable and consumable. This is considered a legacy configuration and it will eventually only be possible to be one of these.
[acc233a0-25aa-4031-94e0-f1e324f37a1d/Verification]   | The configuration detachedConfiguration3 is both consumable and declarable. This combination is incorrect, only one of these flags should be set.
[acc233a0-25aa-4031-94e0-f1e324f37a1d/Verification]   | The configuration detachedConfiguration3 is both resolvable and consumable. This is considered a legacy configuration and it will eventually only be possible to be one of these.
[acc233a0-25aa-4031-94e0-f1e324f37a1d/Verification]   | The configuration detachedConfiguration3 is both consumable and declarable. This combination is incorrect, only one of these flags should be set.
[acc233a0-25aa-4031-94e0-f1e324f37a1d/Verification]   | Downloading https://plugins.gradle.org/m2/org/gradle/toolchains/foojay-resolver-convention/org.gradle.toolchains.foojay-resolver-convention.gradle.plugin/0.5.0/org.gradle.toolchains.foojay-resolver-convention.gradle.plugin-0.5.0.pom to /home/runner/.gradle/.tmp/gradle_download6991459101466853243bin
[acc233a0-25aa-4031-94e0-f1e324f37a1d/Verification]   | The configuration classpath is both resolvable and consumable. This is considered a legacy configuration and it will eventually only be possible to be one of these.
[acc233a0-25aa-4031-94e0-f1e324f37a1d/Verification]   | The configuration classpath is both consumable and declarable. This combination is incorrect, only one of these flags should be set.
[acc233a0-25aa-4031-94e0-f1e324f37a1d/Verification]   | The configuration classpath is both resolvable and consumable. This is considered a legacy configuration and it will eventually only be possible to be one of these.
[acc233a0-25aa-4031-94e0-f1e324f37a1d/Verification]   | The configuration classpath is both consumable and declarable. This combination is incorrect, only one of these flags should be set.
[acc233a0-25aa-4031-94e0-f1e324f37a1d/Verification]   | Downloading https://plugins.gradle.org/m2/com/gradle/gradle-enterprise-gradle-plugin/3.13.4/gradle-enterprise-gradle-plugin-3.13.4.pom to /home/runner/.gradle/.tmp/gradle_download9014399365759986378bin
[acc233a0-25aa-4031-94e0-f1e324f37a1d/Verification]   | Downloading https://plugins.gradle.org/m2/com/gradle/gradle-enterprise-gradle-plugin/3.13.4/gradle-enterprise-gradle-plugin-3.13.4.module to /home/runner/.gradle/.tmp/gradle_download7908638375458955283bin
[acc233a0-25aa-4031-94e0-f1e324f37a1d/Verification]   | Downloading https://plugins.gradle.org/m2/com/gradle/common-custom-user-data-gradle-plugin/1.11/common-custom-user-data-gradle-plugin-1.11.pom to /home/runner/.gradle/.tmp/gradle_download7071267716381055713bin
[acc233a0-25aa-4031-94e0-f1e324f37a1d/Verification]   | Downloading https://plugins.gradle.org/m2/com/gradle/common-custom-user-data-gradle-plugin/1.11/common-custom-user-data-gradle-plugin-1.11.module to /home/runner/.gradle/.tmp/gradle_download8446341152647724342bin
[acc233a0-25aa-4031-94e0-f1e324f37a1d/Verification]   | Downloading https://plugins.gradle.org/m2/org/gradle/toolchains/foojay-resolver/0.5.0/foojay-resolver-0.5.0.pom to /home/runner/.gradle/.tmp/gradle_download597686240621287503bin
[acc233a0-25aa-4031-94e0-f1e324f37a1d/Verification]   | Downloading https://plugins.gradle.org/m2/org/gradle/toolchains/foojay-resolver/0.5.0/foojay-resolver-0.5.0.module to /home/runner/.gradle/.tmp/gradle_download3354588377505450500bin
[acc233a0-25aa-4031-94e0-f1e324f37a1d/Verification]   | Downloading https://plugins.gradle.org/m2/com/google/code/gson/gson/2.9.1/gson-2.9.1.pom to /home/runner/.gradle/.tmp/gradle_download403698284208947914bin
[acc233a0-25aa-4031-94e0-f1e324f37a1d/Verification]   | Downloading https://plugins.gradle.org/m2/com/google/code/gson/gson-parent/2.9.1/gson-parent-2.9.1.pom to /home/runner/.gradle/.tmp/gradle_download7571356306892060850bin
[acc233a0-25aa-4031-94e0-f1e324f37a1d/Verification]   | Downloading https://plugins.gradle.org/m2/org/sonatype/oss/oss-parent/9/oss-parent-9.pom to /home/runner/.gradle/.tmp/gradle_download2311956154138782939bin
[acc233a0-25aa-4031-94e0-f1e324f37a1d/Verification]   | Resource missing. [HTTP HEAD: https://plugins.gradle.org/m2/com/gradle/enterprise/com.gradle.enterprise.gradle.plugin/3.13.4/com.gradle.enterprise.gradle.plugin-3.13.4.jar]
[acc233a0-25aa-4031-94e0-f1e324f37a1d/Verification]   | Resource missing. [HTTP HEAD: https://plugins.gradle.org/m2/com/gradle/common-custom-user-data-gradle-plugin/com.gradle.common-custom-user-data-gradle-plugin.gradle.plugin/1.11/com.gradle.common-custom-user-data-gradle-plugin.gradle.plugin-1.11.jar]
[acc233a0-25aa-4031-94e0-f1e324f37a1d/Verification]   | Resource missing. [HTTP HEAD: https://plugins.gradle.org/m2/org/gradle/toolchains/foojay-resolver-convention/org.gradle.toolchains.foojay-resolver-convention.gradle.plugin/0.5.0/org.gradle.toolchains.foojay-resolver-convention.gradle.plugin-0.5.0.jar]
[acc233a0-25aa-4031-94e0-f1e324f37a1d/Verification]   | Downloading https://plugins.gradle.org/m2/com/google/code/gson/gson/2.9.1/gson-2.9.1.jar to /home/runner/.gradle/.tmp/gradle_download8319998205366800399bin
[acc233a0-25aa-4031-94e0-f1e324f37a1d/Verification]   | Downloading https://plugins.gradle.org/m2/com/gradle/common-custom-user-data-gradle-plugin/1.11/common-custom-user-data-gradle-plugin-1.11.jar to /home/runner/.gradle/.tmp/gradle_download2541927604633991849bin
[acc233a0-25aa-4031-94e0-f1e324f37a1d/Verification]   | Downloading https://plugins.gradle.org/m2/org/gradle/toolchains/foojay-resolver/0.5.0/foojay-resolver-0.5.0.jar to /home/runner/.gradle/.tmp/gradle_download4929735977349963961bin
[acc233a0-25aa-4031-94e0-f1e324f37a1d/Verification]   | Downloading https://plugins.gradle.org/m2/com/gradle/gradle-enterprise-gradle-plugin/3.13.4/gradle-enterprise-gradle-plugin-3.13.4.jar to /home/runner/.gradle/.tmp/gradle_download1200595646051241947bin
[acc233a0-25aa-4031-94e0-f1e324f37a1d/Verification]   | Compiling settings file '/tmp/1106faf3-81f4-4bf6-950e-090ce4c6508b/settings.gradle' using BuildScriptTransformer.
[acc233a0-25aa-4031-94e0-f1e324f37a1d/Verification]   | Settings evaluated using settings file '/tmp/1106faf3-81f4-4bf6-950e-090ce4c6508b/settings.gradle'.
[acc233a0-25aa-4031-94e0-f1e324f37a1d/Verification]   | Compiling script '/home/runner/.gradle/init.d/gradle-build-action.build-result-capture-service.plugin.groovy' using SubsetScriptTransformer.
[acc233a0-25aa-4031-94e0-f1e324f37a1d/Verification]   | Compiling script '/home/runner/.gradle/init.d/gradle-build-action.build-result-capture-service.plugin.groovy' using BuildScriptTransformer.
[acc233a0-25aa-4031-94e0-f1e324f37a1d/Verification]   | Using local directory build cache for the root build (location = /home/runner/.gradle/caches/build-cache-1, removeUnusedEntriesAfter = 7 days).
[acc233a0-25aa-4031-94e0-f1e324f37a1d/Verification]   | Using remote Gradle Enterprise build cache for the root build (Allow insecure protocol = false, Allow untrusted server = false, Build cache server = https://ge.solutions-team.gradle.com, Cache path = cache, Gradle Enterprise server = https://ge.solutions-team.gradle.com, Use ExpectContinue = false, Use access key = false, Use username/password = false).
[acc233a0-25aa-4031-94e0-f1e324f37a1d/Verification]   | Watching 4 directories to track changes
[acc233a0-25aa-4031-94e0-f1e324f37a1d/Verification]   | Watching 4 directories to track changes
[acc233a0-25aa-4031-94e0-f1e324f37a1d/Verification]   | Projects loaded. Root project using build file '/tmp/1106faf3-81f4-4bf6-950e-090ce4c6508b/build.gradle'.
[acc233a0-25aa-4031-94e0-f1e324f37a1d/Verification]   | Included projects: [root project 'common-custom-user-data-gradle-plugin']
[acc233a0-25aa-4031-94e0-f1e324f37a1d/Verification]   | Watching 5 directories to track changes
[acc233a0-25aa-4031-94e0-f1e324f37a1d/Verification]   | Watching 5 directories to track changes
[acc233a0-25aa-4031-94e0-f1e324f37a1d/Verification]   | Compiling initialization script '/home/runner/.gradle/init.d/gradle-build-action.build-result-capture.init.gradle' using SubsetScriptTransformer.
[acc233a0-25aa-4031-94e0-f1e324f37a1d/Verification]   | Compiling initialization script '/home/runner/.gradle/init.d/gradle-build-action.build-result-capture.init.gradle' using BuildScriptTransformer.
[acc233a0-25aa-4031-94e0-f1e324f37a1d/Verification]   | Compiling initialization script '/home/runner/.gradle/init.d/gradle-build-action.github-dependency-graph.init.gradle' using SubsetScriptTransformer.
[acc233a0-25aa-4031-94e0-f1e324f37a1d/Verification]   | Compiling initialization script '/home/runner/.gradle/init.d/gradle-build-action.github-dependency-graph.init.gradle' using BuildScriptTransformer.
[acc233a0-25aa-4031-94e0-f1e324f37a1d/Verification]   | Compiling initialization script '/home/runner/.gradle/init.d/gradle-build-action.inject-gradle-enterprise.init.gradle' using SubsetScriptTransformer.
[acc233a0-25aa-4031-94e0-f1e324f37a1d/Verification]   | Compiling initialization script '/home/runner/.gradle/init.d/gradle-build-action.inject-gradle-enterprise.init.gradle' using BuildScriptTransformer.
[acc233a0-25aa-4031-94e0-f1e324f37a1d/Verification]   | Compiling settings file '/tmp/1106faf3-81f4-4bf6-950e-090ce4c6508b/buildSrc/settings.gradle' using SubsetScriptTransformer.
[acc233a0-25aa-4031-94e0-f1e324f37a1d/Verification]   | Compiling settings file '/tmp/1106faf3-81f4-4bf6-950e-090ce4c6508b/buildSrc/settings.gradle' using BuildScriptTransformer.
[acc233a0-25aa-4031-94e0-f1e324f37a1d/Verification]   | Watching 5 directories to track changes
[acc233a0-25aa-4031-94e0-f1e324f37a1d/Verification]   | Watching 5 directories to track changes
[acc233a0-25aa-4031-94e0-f1e324f37a1d/Verification]   | 
[acc233a0-25aa-4031-94e0-f1e324f37a1d/Verification]   | > Configure project :buildSrc
[acc233a0-25aa-4031-94e0-f1e324f37a1d/Verification]   | Evaluating project ':buildSrc' using build file '/tmp/1106faf3-81f4-4bf6-950e-090ce4c6508b/buildSrc/build.gradle'.
[acc233a0-25aa-4031-94e0-f1e324f37a1d/Verification]   | Compiling build file '/tmp/1106faf3-81f4-4bf6-950e-090ce4c6508b/buildSrc/build.gradle' using SubsetScriptTransformer.
[acc233a0-25aa-4031-94e0-f1e324f37a1d/Verification]   | Compiling build file '/tmp/1106faf3-81f4-4bf6-950e-090ce4c6508b/buildSrc/build.gradle' using BuildScriptTransformer.
[acc233a0-25aa-4031-94e0-f1e324f37a1d/Verification]   | Starting process 'command '/usr/lib/jvm/temurin-11-jdk-amd64/bin/java''. Working directory: /home/runner/.gradle/.tmp/tmp-jvm4395648040526465594probe Command: /usr/lib/jvm/temurin-11-jdk-amd64/bin/java -cp . JavaProbe
[acc233a0-25aa-4031-94e0-f1e324f37a1d/Verification]   | Successfully started process 'command '/usr/lib/jvm/temurin-11-jdk-amd64/bin/java''
[acc233a0-25aa-4031-94e0-f1e324f37a1d/Verification]   | Received JVM installation metadata from '/usr/lib/jvm/temurin-11-jdk-amd64': {JAVA_HOME=/usr/lib/jvm/temurin-11-jdk-amd64, JAVA_VERSION=11.0.20.1, JAVA_VENDOR=Eclipse Adoptium, RUNTIME_NAME=OpenJDK Runtime Environment, RUNTIME_VERSION=11.0.20.1+1, VM_NAME=OpenJDK 64-Bit Server VM, VM_VERSION=11.0.20.1+1, VM_VENDOR=Eclipse Adoptium, OS_ARCH=amd64}
[acc233a0-25aa-4031-94e0-f1e324f37a1d/Verification]   | Starting process 'command '/usr/lib/jvm/temurin-17-jdk-amd64/bin/java''. Working directory: /home/runner/.gradle/.tmp/tmp-jvm3954147007170886649probe Command: /usr/lib/jvm/temurin-17-jdk-amd64/bin/java -cp . JavaProbe
[acc233a0-25aa-4031-94e0-f1e324f37a1d/Verification]   | Successfully started process 'command '/usr/lib/jvm/temurin-17-jdk-amd64/bin/java''
[acc233a0-25aa-4031-94e0-f1e324f37a1d/Verification]   | Received JVM installation metadata from '/usr/lib/jvm/temurin-17-jdk-amd64': {JAVA_HOME=/usr/lib/jvm/temurin-17-jdk-amd64, JAVA_VERSION=17.0.8.1, JAVA_VENDOR=Eclipse Adoptium, RUNTIME_NAME=OpenJDK Runtime Environment, RUNTIME_VERSION=17.0.8.1+1, VM_NAME=OpenJDK 64-Bit Server VM, VM_VERSION=17.0.8.1+1, VM_VENDOR=Eclipse Adoptium, OS_ARCH=amd64}
[acc233a0-25aa-4031-94e0-f1e324f37a1d/Verification]   | Starting process 'command '/usr/lib/jvm/temurin-21-jdk-amd64/bin/java''. Working directory: /home/runner/.gradle/.tmp/tmp-jvm6712940219581498106probe Command: /usr/lib/jvm/temurin-21-jdk-amd64/bin/java -cp . JavaProbe
[acc233a0-25aa-4031-94e0-f1e324f37a1d/Verification]   | Successfully started process 'command '/usr/lib/jvm/temurin-21-jdk-amd64/bin/java''
[acc233a0-25aa-4031-94e0-f1e324f37a1d/Verification]   | Received JVM installation metadata from '/usr/lib/jvm/temurin-21-jdk-amd64': {JAVA_HOME=/usr/lib/jvm/temurin-21-jdk-amd64, JAVA_VERSION=21, JAVA_VENDOR=Eclipse Adoptium, RUNTIME_NAME=OpenJDK Runtime Environment, RUNTIME_VERSION=21+35-LTS, VM_NAME=OpenJDK 64-Bit Server VM, VM_VERSION=21+35-LTS, VM_VENDOR=Eclipse Adoptium, OS_ARCH=amd64}
[acc233a0-25aa-4031-94e0-f1e324f37a1d/Verification]   | The configuration :buildSrc:mainSourceElements is both consumable and declarable. This combination is incorrect, only one of these flags should be set.
[acc233a0-25aa-4031-94e0-f1e324f37a1d/Verification]   | Resolve mutations for :buildSrc:compileJava (Thread[Execution worker Thread 2,5,main]) started.
[acc233a0-25aa-4031-94e0-f1e324f37a1d/Verification]   | :buildSrc:compileJava (Thread[Execution worker Thread 64,5,main]) started.
[acc233a0-25aa-4031-94e0-f1e324f37a1d/Verification]   | 
[acc233a0-25aa-4031-94e0-f1e324f37a1d/Verification]   | > Task :buildSrc:compileJava NO-SOURCE
[acc233a0-25aa-4031-94e0-f1e324f37a1d/Verification]   | Watching 6 directories to track changes
[acc233a0-25aa-4031-94e0-f1e324f37a1d/Verification]   | Skipping task ':buildSrc:compileJava' as it has no source files and no previous output files.
[acc233a0-25aa-4031-94e0-f1e324f37a1d/Verification]   | Resolve mutations for :buildSrc:compileGroovy (Thread[Execution worker Thread 2,5,main]) started.
[acc233a0-25aa-4031-94e0-f1e324f37a1d/Verification]   | :buildSrc:compileGroovy (Thread[Execution worker Thread 2,5,main]) started.
[acc233a0-25aa-4031-94e0-f1e324f37a1d/Verification]   | 
[acc233a0-25aa-4031-94e0-f1e324f37a1d/Verification]   | > Task :buildSrc:compileGroovy
[acc233a0-25aa-4031-94e0-f1e324f37a1d/Verification]   | Watching 7 directories to track changes
[acc233a0-25aa-4031-94e0-f1e324f37a1d/Verification]   | Generating /home/runner/.gradle/caches/8.2/generated-gradle-jars/gradle-api-8.2.jar
[acc233a0-25aa-4031-94e0-f1e324f37a1d/Verification]   | Watching 7 directories to track changes
[acc233a0-25aa-4031-94e0-f1e324f37a1d/Verification]   | Watching 7 directories to track changes
[acc233a0-25aa-4031-94e0-f1e324f37a1d/Verification]   | Watching 7 directories to track changes
[acc233a0-25aa-4031-94e0-f1e324f37a1d/Verification]   | Watching 7 directories to track changes
[acc233a0-25aa-4031-94e0-f1e324f37a1d/Verification]   | Build cache key for task ':buildSrc:compileGroovy' is 468d1a5461386b70d530b35c87c93aec
[acc233a0-25aa-4031-94e0-f1e324f37a1d/Verification]   | Task ':buildSrc:compileGroovy' is not up-to-date because:
[acc233a0-25aa-4031-94e0-f1e324f37a1d/Verification]   |   No history is available.
[acc233a0-25aa-4031-94e0-f1e324f37a1d/Verification]   | The input changes require a full rebuild for incremental task ':buildSrc:compileGroovy'.
[acc233a0-25aa-4031-94e0-f1e324f37a1d/Verification]   | Watching 7 directories to track changes
[acc233a0-25aa-4031-94e0-f1e324f37a1d/Verification]   | Watching 7 directories to track changes
[acc233a0-25aa-4031-94e0-f1e324f37a1d/Verification]   | Watching 7 directories to track changes
[acc233a0-25aa-4031-94e0-f1e324f37a1d/Verification]   | 
[acc233a0-25aa-4031-94e0-f1e324f37a1d/Verification]   | Watching 7 directories to track changes
[acc233a0-25aa-4031-94e0-f1e324f37a1d/Verification]   | This JVM does not support getting OS memory, so no OS memory status updates will be broadcast
[acc233a0-25aa-4031-94e0-f1e324f37a1d/Verification]   | 
[acc233a0-25aa-4031-94e0-f1e324f37a1d/Verification]   | > Task :buildSrc:compileGroovy
[acc233a0-25aa-4031-94e0-f1e324f37a1d/Verification]   | Starting process 'Gradle Worker Daemon 1'. Working directory: /home/runner/.gradle/workers Command: /usr/lib/jvm/temurin-8-jdk-amd64/bin/java -Djava.security.manager=worker.org.gradle.process.internal.worker.child.BootstrapSecurityManager -Xmx512m -Dfile.encoding=UTF-8 -Duser.country=US -Duser.language=en -Duser.variant -cp /home/runner/.gradle/caches/8.2/workerMain/gradle-worker.jar worker.org.gradle.process.internal.worker.GradleWorkerMain 'Gradle Worker Daemon 1'
[acc233a0-25aa-4031-94e0-f1e324f37a1d/Verification]   | Successfully started process 'Gradle Worker Daemon 1'
[acc233a0-25aa-4031-94e0-f1e324f37a1d/Verification]   | Started Gradle worker daemon (0.922 secs) with fork options DaemonForkOptions{executable=/usr/lib/jvm/temurin-8-jdk-amd64/bin/java, minHeapSize=null, maxHeapSize=null, jvmArgs=[], keepAliveMode=SESSION}.
[acc233a0-25aa-4031-94e0-f1e324f37a1d/Verification]   | Created user preferences directory.
[acc233a0-25aa-4031-94e0-f1e324f37a1d/Verification]   | Watching 8 directories to track changes
[acc233a0-25aa-4031-94e0-f1e324f37a1d/Verification]   | Watching 9 directories to track changes
[acc233a0-25aa-4031-94e0-f1e324f37a1d/Verification]   | Watching 10 directories to track changes
[acc233a0-25aa-4031-94e0-f1e324f37a1d/Verification]   | Could not store entry 468d1a5461386b70d530b35c87c93aec in remote build cache: Storing entry at 'https://ge.solutions-team.gradle.com/cache/468d1a5461386b70d530b35c87c93aec' response status 403: Forbidden
[acc233a0-25aa-4031-94e0-f1e324f37a1d/Verification]   | Stored cache entry for task ':buildSrc:compileGroovy' with cache key 468d1a5461386b70d530b35c87c93aec
[acc233a0-25aa-4031-94e0-f1e324f37a1d/Verification]   | Resolve mutations for :buildSrc:processResources (Thread[Execution worker Thread 2,5,main]) started.
[acc233a0-25aa-4031-94e0-f1e324f37a1d/Verification]   | :buildSrc:processResources (Thread[Execution worker Thread 64,5,main]) started.
[acc233a0-25aa-4031-94e0-f1e324f37a1d/Verification]   | 
[acc233a0-25aa-4031-94e0-f1e324f37a1d/Verification]   | > Task :buildSrc:processResources NO-SOURCE
[acc233a0-25aa-4031-94e0-f1e324f37a1d/Verification]   | Watching 10 directories to track changes
[acc233a0-25aa-4031-94e0-f1e324f37a1d/Verification]   | Skipping task ':buildSrc:processResources' as it has no source files and no previous output files.
[acc233a0-25aa-4031-94e0-f1e324f37a1d/Verification]   | Resolve mutations for :buildSrc:classes (Thread[Execution worker Thread 83,5,main]) started.
[acc233a0-25aa-4031-94e0-f1e324f37a1d/Verification]   | :buildSrc:classes (Thread[Execution worker Thread 83,5,main]) started.
[acc233a0-25aa-4031-94e0-f1e324f37a1d/Verification]   | 
[acc233a0-25aa-4031-94e0-f1e324f37a1d/Verification]   | > Task :buildSrc:classes
[acc233a0-25aa-4031-94e0-f1e324f37a1d/Verification]   | Skipping task ':buildSrc:classes' as it has no actions.
[acc233a0-25aa-4031-94e0-f1e324f37a1d/Verification]   | Resolve mutations for :buildSrc:jar (Thread[Execution worker Thread 83,5,main]) started.
[acc233a0-25aa-4031-94e0-f1e324f37a1d/Verification]   | :buildSrc:jar (Thread[Execution worker Thread 83,5,main]) started.
[acc233a0-25aa-4031-94e0-f1e324f37a1d/Verification]   | 
[acc233a0-25aa-4031-94e0-f1e324f37a1d/Verification]   | > Task :buildSrc:jar
[acc233a0-25aa-4031-94e0-f1e324f37a1d/Verification]   | Watching 11 directories to track changes
[acc233a0-25aa-4031-94e0-f1e324f37a1d/Verification]   | Watching 12 directories to track changes
[acc233a0-25aa-4031-94e0-f1e324f37a1d/Verification]   | Watching 13 directories to track changes
[acc233a0-25aa-4031-94e0-f1e324f37a1d/Verification]   | Watching 13 directories to track changes
[acc233a0-25aa-4031-94e0-f1e324f37a1d/Verification]   | Caching disabled for task ':buildSrc:jar' because:
[acc233a0-25aa-4031-94e0-f1e324f37a1d/Verification]   |   Not worth caching
[acc233a0-25aa-4031-94e0-f1e324f37a1d/Verification]   | Task ':buildSrc:jar' is not up-to-date because:
[acc233a0-25aa-4031-94e0-f1e324f37a1d/Verification]   |   No history is available.
[acc233a0-25aa-4031-94e0-f1e324f37a1d/Verification]   | Watching 13 directories to track changes
[acc233a0-25aa-4031-94e0-f1e324f37a1d/Verification]   | file or directory '/tmp/1106faf3-81f4-4bf6-950e-090ce4c6508b/buildSrc/build/classes/java/main', not found
[acc233a0-25aa-4031-94e0-f1e324f37a1d/Verification]   | file or directory '/tmp/1106faf3-81f4-4bf6-950e-090ce4c6508b/buildSrc/build/resources/main', not found
[acc233a0-25aa-4031-94e0-f1e324f37a1d/Verification]   | Watching 14 directories to track changes
[acc233a0-25aa-4031-94e0-f1e324f37a1d/Verification]   | 
[acc233a0-25aa-4031-94e0-f1e324f37a1d/Verification]   | > Configure project :
[acc233a0-25aa-4031-94e0-f1e324f37a1d/Verification]   | Evaluating root project 'common-custom-user-data-gradle-plugin' using build file '/tmp/1106faf3-81f4-4bf6-950e-090ce4c6508b/build.gradle'.
[acc233a0-25aa-4031-94e0-f1e324f37a1d/Verification]   | Compiling build file '/tmp/1106faf3-81f4-4bf6-950e-090ce4c6508b/build.gradle' using SubsetScriptTransformer.
[acc233a0-25aa-4031-94e0-f1e324f37a1d/Verification]   | The configuration detachedConfiguration1 is both resolvable and consumable. This is considered a legacy configuration and it will eventually only be possible to be one of these.
[acc233a0-25aa-4031-94e0-f1e324f37a1d/Verification]   | The configuration detachedConfiguration1 is both consumable and declarable. This combination is incorrect, only one of these flags should be set.
[acc233a0-25aa-4031-94e0-f1e324f37a1d/Verification]   | The configuration detachedConfiguration1 is both resolvable and consumable. This is considered a legacy configuration and it will eventually only be possible to be one of these.
[acc233a0-25aa-4031-94e0-f1e324f37a1d/Verification]   | The configuration detachedConfiguration1 is both consumable and declarable. This combination is incorrect, only one of these flags should be set.
[acc233a0-25aa-4031-94e0-f1e324f37a1d/Verification]   | Downloading https://plugins.gradle.org/m2/com/gradle/plugin-publish/com.gradle.plugin-publish.gradle.plugin/1.2.0/com.gradle.plugin-publish.gradle.plugin-1.2.0.pom to /home/runner/.gradle/.tmp/gradle_download9186142195012382761bin
[acc233a0-25aa-4031-94e0-f1e324f37a1d/Verification]   | The configuration detachedConfiguration2 is both resolvable and consumable. This is considered a legacy configuration and it will eventually only be possible to be one of these.
[acc233a0-25aa-4031-94e0-f1e324f37a1d/Verification]   | The configuration detachedConfiguration2 is both consumable and declarable. This combination is incorrect, only one of these flags should be set.
[acc233a0-25aa-4031-94e0-f1e324f37a1d/Verification]   | The configuration detachedConfiguration2 is both resolvable and consumable. This is considered a legacy configuration and it will eventually only be possible to be one of these.
[acc233a0-25aa-4031-94e0-f1e324f37a1d/Verification]   | The configuration detachedConfiguration2 is both consumable and declarable. This combination is incorrect, only one of these flags should be set.
[acc233a0-25aa-4031-94e0-f1e324f37a1d/Verification]   | Downloading https://plugins.gradle.org/m2/com/github/breadmoirai/github-release/com.github.breadmoirai.github-release.gradle.plugin/2.4.1/com.github.breadmoirai.github-release.gradle.plugin-2.4.1.pom to /home/runner/.gradle/.tmp/gradle_download754420390930720057bin
[acc233a0-25aa-4031-94e0-f1e324f37a1d/Verification]   | The configuration detachedConfiguration3 is both resolvable and consumable. This is considered a legacy configuration and it will eventually only be possible to be one of these.
[acc233a0-25aa-4031-94e0-f1e324f37a1d/Verification]   | The configuration detachedConfiguration3 is both consumable and declarable. This combination is incorrect, only one of these flags should be set.
[acc233a0-25aa-4031-94e0-f1e324f37a1d/Verification]   | The configuration detachedConfiguration3 is both resolvable and consumable. This is considered a legacy configuration and it will eventually only be possible to be one of these.
[acc233a0-25aa-4031-94e0-f1e324f37a1d/Verification]   | The configuration detachedConfiguration3 is both consumable and declarable. This combination is incorrect, only one of these flags should be set.
[acc233a0-25aa-4031-94e0-f1e324f37a1d/Verification]   | Downloading https://plugins.gradle.org/m2/org/gradle/wrapper-upgrade/org.gradle.wrapper-upgrade.gradle.plugin/0.11.2/org.gradle.wrapper-upgrade.gradle.plugin-0.11.2.pom to /home/runner/.gradle/.tmp/gradle_download3956969809316774627bin
[acc233a0-25aa-4031-94e0-f1e324f37a1d/Verification]   | The configuration :classpath is both resolvable and consumable. This is considered a legacy configuration and it will eventually only be possible to be one of these.
[acc233a0-25aa-4031-94e0-f1e324f37a1d/Verification]   | The configuration :classpath is both consumable and declarable. This combination is incorrect, only one of these flags should be set.
[acc233a0-25aa-4031-94e0-f1e324f37a1d/Verification]   | The configuration :classpath is both resolvable and consumable. This is considered a legacy configuration and it will eventually only be possible to be one of these.
[acc233a0-25aa-4031-94e0-f1e324f37a1d/Verification]   | The configuration :classpath is both consumable and declarable. This combination is incorrect, only one of these flags should be set.
[acc233a0-25aa-4031-94e0-f1e324f37a1d/Verification]   | Downloading https://plugins.gradle.org/m2/com/gradle/publish/plugin-publish-plugin/1.2.0/plugin-publish-plugin-1.2.0.pom to /home/runner/.gradle/.tmp/gradle_download4989255883509867613bin
[acc233a0-25aa-4031-94e0-f1e324f37a1d/Verification]   | Downloading https://plugins.gradle.org/m2/com/gradle/publish/plugin-publish-plugin/1.2.0/plugin-publish-plugin-1.2.0.module to /home/runner/.gradle/.tmp/gradle_download1798603172701687945bin
[acc233a0-25aa-4031-94e0-f1e324f37a1d/Verification]   | Downloading https://plugins.gradle.org/m2/com/github/breadmoirai/github-release/2.4.1/github-release-2.4.1.pom to /home/runner/.gradle/.tmp/gradle_download7238562048508182763bin
[acc233a0-25aa-4031-94e0-f1e324f37a1d/Verification]   | Downloading https://plugins.gradle.org/m2/com/github/breadmoirai/github-release/2.4.1/github-release-2.4.1.module to /home/runner/.gradle/.tmp/gradle_download1509950652000823887bin
[acc233a0-25aa-4031-94e0-f1e324f37a1d/Verification]   | Downloading https://plugins.gradle.org/m2/org/gradle/wrapper-upgrade-gradle-plugin/0.11.2/wrapper-upgrade-gradle-plugin-0.11.2.pom to /home/runner/.gradle/.tmp/gradle_download2823033955506358254bin
[acc233a0-25aa-4031-94e0-f1e324f37a1d/Verification]   | Downloading https://plugins.gradle.org/m2/org/gradle/wrapper-upgrade-gradle-plugin/0.11.2/wrapper-upgrade-gradle-plugin-0.11.2.module to /home/runner/.gradle/.tmp/gradle_download5064627558465308879bin
[acc233a0-25aa-4031-94e0-f1e324f37a1d/Verification]   | Downloading https://plugins.gradle.org/m2/org/apache/maven/maven-model/3.6.3/maven-model-3.6.3.pom to /home/runner/.gradle/.tmp/gradle_download2093281006416272084bin
[acc233a0-25aa-4031-94e0-f1e324f37a1d/Verification]   | Downloading https://plugins.gradle.org/m2/org/apache/maven/maven/3.6.3/maven-3.6.3.pom to /home/runner/.gradle/.tmp/gradle_download3801216821350075404bin
[acc233a0-25aa-4031-94e0-f1e324f37a1d/Verification]   | Downloading https://plugins.gradle.org/m2/org/apache/maven/maven-parent/33/maven-parent-33.pom to /home/runner/.gradle/.tmp/gradle_download4398354369325026343bin
[acc233a0-25aa-4031-94e0-f1e324f37a1d/Verification]   | Downloading https://plugins.gradle.org/m2/org/apache/apache/21/apache-21.pom to /home/runner/.gradle/.tmp/gradle_download6434803668167194950bin
[acc233a0-25aa-4031-94e0-f1e324f37a1d/Verification]   | Downloading https://plugins.gradle.org/m2/com/fasterxml/jackson/core/jackson-core/2.15.2/jackson-core-2.15.2.pom to /home/runner/.gradle/.tmp/gradle_download9195520233621290923bin
[acc233a0-25aa-4031-94e0-f1e324f37a1d/Verification]   | Downloading https://plugins.gradle.org/m2/com/fasterxml/jackson/dataformat/jackson-dataformat-xml/2.15.2/jackson-dataformat-xml-2.15.2.pom to /home/runner/.gradle/.tmp/gradle_download6960603590184923058bin
[acc233a0-25aa-4031-94e0-f1e324f37a1d/Verification]   | Downloading https://plugins.gradle.org/m2/com/fasterxml/jackson/jackson-base/2.15.2/jackson-base-2.15.2.pom to /home/runner/.gradle/.tmp/gradle_download8171241878515636224bin
[acc233a0-25aa-4031-94e0-f1e324f37a1d/Verification]   | Downloading https://plugins.gradle.org/m2/org/kohsuke/github-api/1.315/github-api-1.315.pom to /home/runner/.gradle/.tmp/gradle_download2284371008339910205bin
[acc233a0-25aa-4031-94e0-f1e324f37a1d/Verification]   | Downloading https://plugins.gradle.org/m2/com/fasterxml/jackson/jackson-bom/2.15.2/jackson-bom-2.15.2.pom to /home/runner/.gradle/.tmp/gradle_download7307002557883873958bin
[acc233a0-25aa-4031-94e0-f1e324f37a1d/Verification]   | Downloading https://plugins.gradle.org/m2/com/fasterxml/jackson/jackson-parent/2.15/jackson-parent-2.15.pom to /home/runner/.gradle/.tmp/gradle_download6505670257149148111bin
[acc233a0-25aa-4031-94e0-f1e324f37a1d/Verification]   | Downloading https://plugins.gradle.org/m2/com/fasterxml/oss-parent/50/oss-parent-50.pom to /home/runner/.gradle/.tmp/gradle_download5668637573584287114bin
[acc233a0-25aa-4031-94e0-f1e324f37a1d/Verification]   | Downloading https://plugins.gradle.org/m2/org/junit/junit-bom/5.9.2/junit-bom-5.9.2.pom to /home/runner/.gradle/.tmp/gradle_download6226563822669526616bin
[acc233a0-25aa-4031-94e0-f1e324f37a1d/Verification]   | Downloading https://plugins.gradle.org/m2/com/fasterxml/jackson/dataformat/jackson-dataformat-xml/2.15.2/jackson-dataformat-xml-2.15.2.module to /home/runner/.gradle/.tmp/gradle_download7597035600682502614bin
[acc233a0-25aa-4031-94e0-f1e324f37a1d/Verification]   | Downloading https://plugins.gradle.org/m2/org/junit/junit-bom/5.9.2/junit-bom-5.9.2.module to /home/runner/.gradle/.tmp/gradle_download6721331915028435187bin
[acc233a0-25aa-4031-94e0-f1e324f37a1d/Verification]   | Downloading https://plugins.gradle.org/m2/com/fasterxml/jackson/core/jackson-core/2.15.2/jackson-core-2.15.2.module to /home/runner/.gradle/.tmp/gradle_download4979221461647403828bin
[acc233a0-25aa-4031-94e0-f1e324f37a1d/Verification]   | Downloading https://plugins.gradle.org/m2/org/apache/commons/commons-lang3/3.9/commons-lang3-3.9.pom to /home/runner/.gradle/.tmp/gradle_download1247565166268519073bin
[acc233a0-25aa-4031-94e0-f1e324f37a1d/Verification]   | Downloading https://plugins.gradle.org/m2/commons-io/commons-io/2.8.0/commons-io-2.8.0.pom to /home/runner/.gradle/.tmp/gradle_download7587580619796178069bin
[acc233a0-25aa-4031-94e0-f1e324f37a1d/Verification]   | Downloading https://plugins.gradle.org/m2/com/fasterxml/jackson/core/jackson-databind/2.14.0/jackson-databind-2.14.0.pom to /home/runner/.gradle/.tmp/gradle_download7069366719949612404bin
[acc233a0-25aa-4031-94e0-f1e324f37a1d/Verification]   | Downloading https://plugins.gradle.org/m2/org/apache/commons/commons-parent/52/commons-parent-52.pom to /home/runner/.gradle/.tmp/gradle_download2869199800183423159bin
[acc233a0-25aa-4031-94e0-f1e324f37a1d/Verification]   | Downloading https://plugins.gradle.org/m2/org/apache/commons/commons-parent/48/commons-parent-48.pom to /home/runner/.gradle/.tmp/gradle_download5952660679986807129bin
[acc233a0-25aa-4031-94e0-f1e324f37a1d/Verification]   | Downloading https://plugins.gradle.org/m2/com/fasterxml/jackson/jackson-base/2.14.0/jackson-base-2.14.0.pom to /home/runner/.gradle/.tmp/gradle_download8404361046880150417bin
[acc233a0-25aa-4031-94e0-f1e324f37a1d/Verification]   | Downloading https://plugins.gradle.org/m2/org/apache/apache/23/apache-23.pom to /home/runner/.gradle/.tmp/gradle_download2335747198559680909bin
[acc233a0-25aa-4031-94e0-f1e324f37a1d/Verification]   | Downloading https://plugins.gradle.org/m2/com/fasterxml/jackson/jackson-bom/2.14.0/jackson-bom-2.14.0.pom to /home/runner/.gradle/.tmp/gradle_download2833724222712945547bin
[acc233a0-25aa-4031-94e0-f1e324f37a1d/Verification]   | Downloading https://plugins.gradle.org/m2/com/fasterxml/jackson/jackson-parent/2.14/jackson-parent-2.14.pom to /home/runner/.gradle/.tmp/gradle_download1013585928712788723bin
[acc233a0-25aa-4031-94e0-f1e324f37a1d/Verification]   | Downloading https://plugins.gradle.org/m2/com/fasterxml/oss-parent/48/oss-parent-48.pom to /home/runner/.gradle/.tmp/gradle_download3380330647562656497bin
[acc233a0-25aa-4031-94e0-f1e324f37a1d/Verification]   | Downloading https://plugins.gradle.org/m2/com/fasterxml/jackson/core/jackson-databind/2.14.0/jackson-databind-2.14.0.module to /home/runner/.gradle/.tmp/gradle_download3660758662068689744bin
[acc233a0-25aa-4031-94e0-f1e324f37a1d/Verification]   | Downloading https://plugins.gradle.org/m2/com/fasterxml/jackson/core/jackson-databind/2.15.2/jackson-databind-2.15.2.pom to /home/runner/.gradle/.tmp/gradle_download6961679858182477112bin
[acc233a0-25aa-4031-94e0-f1e324f37a1d/Verification]   | Downloading https://plugins.gradle.org/m2/com/fasterxml/jackson/core/jackson-databind/2.15.2/jackson-databind-2.15.2.module to /home/runner/.gradle/.tmp/gradle_download2705025683837581289bin
[acc233a0-25aa-4031-94e0-f1e324f37a1d/Verification]   | Downloading https://plugins.gradle.org/m2/com/fasterxml/woodstox/woodstox-core/6.5.1/woodstox-core-6.5.1.pom to /home/runner/.gradle/.tmp/gradle_download3915785585083507034bin
[acc233a0-25aa-4031-94e0-f1e324f37a1d/Verification]   | Downloading https://plugins.gradle.org/m2/com/fasterxml/jackson/core/jackson-annotations/2.15.2/jackson-annotations-2.15.2.pom to /home/runner/.gradle/.tmp/gradle_download1256451074677800288bin
[acc233a0-25aa-4031-94e0-f1e324f37a1d/Verification]   | Downloading https://plugins.gradle.org/m2/org/codehaus/woodstox/stax2-api/4.2.1/stax2-api-4.2.1.pom to /home/runner/.gradle/.tmp/gradle_download6930427741438819077bin
[acc233a0-25aa-4031-94e0-f1e324f37a1d/Verification]   | Downloading https://plugins.gradle.org/m2/com/fasterxml/oss-parent/38/oss-parent-38.pom to /home/runner/.gradle/.tmp/gradle_download2034356998435777216bin
[acc233a0-25aa-4031-94e0-f1e324f37a1d/Verification]   | Downloading https://plugins.gradle.org/m2/com/fasterxml/jackson/core/jackson-annotations/2.15.2/jackson-annotations-2.15.2.module to /home/runner/.gradle/.tmp/gradle_download6259090537281440747bin
[acc233a0-25aa-4031-94e0-f1e324f37a1d/Verification]   | Resource missing. [HTTP HEAD: https://plugins.gradle.org/m2/com/gradle/plugin-publish/com.gradle.plugin-publish.gradle.plugin/1.2.0/com.gradle.plugin-publish.gradle.plugin-1.2.0.jar]
[acc233a0-25aa-4031-94e0-f1e324f37a1d/Verification]   | Resource missing. [HTTP HEAD: https://plugins.gradle.org/m2/com/github/breadmoirai/github-release/com.github.breadmoirai.github-release.gradle.plugin/2.4.1/com.github.breadmoirai.github-release.gradle.plugin-2.4.1.jar]
[acc233a0-25aa-4031-94e0-f1e324f37a1d/Verification]   | Resource missing. [HTTP HEAD: https://plugins.gradle.org/m2/org/gradle/wrapper-upgrade/org.gradle.wrapper-upgrade.gradle.plugin/0.11.2/org.gradle.wrapper-upgrade.gradle.plugin-0.11.2.jar]
[acc233a0-25aa-4031-94e0-f1e324f37a1d/Verification]   | Downloading https://plugins.gradle.org/m2/com/fasterxml/jackson/core/jackson-databind/2.15.2/jackson-databind-2.15.2.jar to /home/runner/.gradle/.tmp/gradle_download2970570452472130910bin
[acc233a0-25aa-4031-94e0-f1e324f37a1d/Verification]   | Downloading https://plugins.gradle.org/m2/com/github/breadmoirai/github-release/2.4.1/github-release-2.4.1.jar to /home/runner/.gradle/.tmp/gradle_download3048241365740268218bin
[acc233a0-25aa-4031-94e0-f1e324f37a1d/Verification]   | Downloading https://plugins.gradle.org/m2/com/fasterxml/woodstox/woodstox-core/6.5.1/woodstox-core-6.5.1.jar to /home/runner/.gradle/.tmp/gradle_download1570329283491102750bin
[acc233a0-25aa-4031-94e0-f1e324f37a1d/Verification]   | Downloading https://plugins.gradle.org/m2/org/kohsuke/github-api/1.315/github-api-1.315.jar to /home/runner/.gradle/.tmp/gradle_download3975743275629148034bin
[acc233a0-25aa-4031-94e0-f1e324f37a1d/Verification]   | Downloading https://plugins.gradle.org/m2/com/gradle/publish/plugin-publish-plugin/1.2.0/plugin-publish-plugin-1.2.0.jar to /home/runner/.gradle/.tmp/gradle_download7488383174764938386bin
[acc233a0-25aa-4031-94e0-f1e324f37a1d/Verification]   | Downloading https://plugins.gradle.org/m2/com/fasterxml/jackson/core/jackson-core/2.15.2/jackson-core-2.15.2.jar to /home/runner/.gradle/.tmp/gradle_download9170497164049012215bin
[acc233a0-25aa-4031-94e0-f1e324f37a1d/Verification]   | Downloading https://plugins.gradle.org/m2/org/gradle/wrapper-upgrade-gradle-plugin/0.11.2/wrapper-upgrade-gradle-plugin-0.11.2.jar to /home/runner/.gradle/.tmp/gradle_download3974734879004951641bin
[acc233a0-25aa-4031-94e0-f1e324f37a1d/Verification]   | Downloading https://plugins.gradle.org/m2/org/codehaus/woodstox/stax2-api/4.2.1/stax2-api-4.2.1.jar to /home/runner/.gradle/.tmp/gradle_download6789175882943561992bin
[acc233a0-25aa-4031-94e0-f1e324f37a1d/Verification]   | Downloading https://plugins.gradle.org/m2/org/apache/maven/maven-model/3.6.3/maven-model-3.6.3.jar to /home/runner/.gradle/.tmp/gradle_download1971110579733935083bin
[acc233a0-25aa-4031-94e0-f1e324f37a1d/Verification]   | Downloading https://plugins.gradle.org/m2/com/fasterxml/jackson/dataformat/jackson-dataformat-xml/2.15.2/jackson-dataformat-xml-2.15.2.jar to /home/runner/.gradle/.tmp/gradle_download8150340652231265144bin
[acc233a0-25aa-4031-94e0-f1e324f37a1d/Verification]   | Downloading https://plugins.gradle.org/m2/com/fasterxml/jackson/core/jackson-annotations/2.15.2/jackson-annotations-2.15.2.jar to /home/runner/.gradle/.tmp/gradle_download3621713898045850901bin
[acc233a0-25aa-4031-94e0-f1e324f37a1d/Verification]   | Downloading https://plugins.gradle.org/m2/org/apache/commons/commons-lang3/3.9/commons-lang3-3.9.jar to /home/runner/.gradle/.tmp/gradle_download5435567207728174696bin
[acc233a0-25aa-4031-94e0-f1e324f37a1d/Verification]   | Downloading https://plugins.gradle.org/m2/commons-io/commons-io/2.8.0/commons-io-2.8.0.jar to /home/runner/.gradle/.tmp/gradle_download3159635116701442718bin
[acc233a0-25aa-4031-94e0-f1e324f37a1d/Verification]   | Compiling build file '/tmp/1106faf3-81f4-4bf6-950e-090ce4c6508b/build.gradle' using BuildScriptTransformer.
[acc233a0-25aa-4031-94e0-f1e324f37a1d/Verification]   | Watching 15 directories to track changes
[acc233a0-25aa-4031-94e0-f1e324f37a1d/Verification]   | Watching 15 directories to track changes
[acc233a0-25aa-4031-94e0-f1e324f37a1d/Verification]   | Signing plugin detected. Will automatically sign the published artifacts.
[acc233a0-25aa-4031-94e0-f1e324f37a1d/Verification]   | All projects evaluated.
[acc233a0-25aa-4031-94e0-f1e324f37a1d/Verification]   | Task name matched 'build'
[acc233a0-25aa-4031-94e0-f1e324f37a1d/Verification]   | Selected primary task 'build' from project :
[acc233a0-25aa-4031-94e0-f1e324f37a1d/Verification]   | The configuration :javadocElements is both consumable and declarable. This combination is incorrect, only one of these flags should be set.
[acc233a0-25aa-4031-94e0-f1e324f37a1d/Verification]   | The configuration :mainSourceElements is both consumable and declarable. This combination is incorrect, only one of these flags should be set.
[acc233a0-25aa-4031-94e0-f1e324f37a1d/Verification]   | The configuration :signatures is both resolvable and consumable. This is considered a legacy configuration and it will eventually only be possible to be one of these.
[acc233a0-25aa-4031-94e0-f1e324f37a1d/Verification]   | The configuration :signatures is both consumable and declarable. This combination is incorrect, only one of these flags should be set.
[acc233a0-25aa-4031-94e0-f1e324f37a1d/Verification]   | The configuration :sourcesElements is both consumable and declarable. This combination is incorrect, only one of these flags should be set.
[acc233a0-25aa-4031-94e0-f1e324f37a1d/Verification]   | Tasks to be executed: [task ':compileJava', task ':pluginDescriptors', task ':processResources', task ':classes', task ':jar', task ':javadoc', task ':javadocJar', task ':sourcesJar', task ':assemble', task ':compileTestJava', task ':pluginUnderTestMetadata', task ':processTestResources', task ':testClasses', task ':test', task ':validatePlugins', task ':check', task ':build']
[acc233a0-25aa-4031-94e0-f1e324f37a1d/Verification]   | Tasks that were excluded: []
[acc233a0-25aa-4031-94e0-f1e324f37a1d/Verification]   | Downloading https://plugins.gradle.org/m2/org/junit/junit-bom/5.9.3/junit-bom-5.9.3.pom to /home/runner/.gradle/.tmp/gradle_download319899258025419288bin
[acc233a0-25aa-4031-94e0-f1e324f37a1d/Verification]   | Downloading https://plugins.gradle.org/m2/org/junit/junit-bom/5.9.3/junit-bom-5.9.3.module to /home/runner/.gradle/.tmp/gradle_download7381039918513102455bin
[acc233a0-25aa-4031-94e0-f1e324f37a1d/Verification]   | Downloading https://plugins.gradle.org/m2/org/junit/jupiter/junit-jupiter/5.9.3/junit-jupiter-5.9.3.pom to /home/runner/.gradle/.tmp/gradle_download2159801408817982412bin
[acc233a0-25aa-4031-94e0-f1e324f37a1d/Verification]   | Downloading https://plugins.gradle.org/m2/org/junit/jupiter/junit-jupiter/5.9.3/junit-jupiter-5.9.3.module to /home/runner/.gradle/.tmp/gradle_download1280328146059719446bin
[acc233a0-25aa-4031-94e0-f1e324f37a1d/Verification]   | Downloading https://plugins.gradle.org/m2/org/junit/jupiter/junit-jupiter-api/5.9.3/junit-jupiter-api-5.9.3.pom to /home/runner/.gradle/.tmp/gradle_download3985244511177783478bin
[acc233a0-25aa-4031-94e0-f1e324f37a1d/Verification]   | Downloading https://plugins.gradle.org/m2/org/junit/jupiter/junit-jupiter-params/5.9.3/junit-jupiter-params-5.9.3.pom to /home/runner/.gradle/.tmp/gradle_download5966071343166271444bin
[acc233a0-25aa-4031-94e0-f1e324f37a1d/Verification]   | Downloading https://plugins.gradle.org/m2/org/junit/jupiter/junit-jupiter-api/5.9.3/junit-jupiter-api-5.9.3.module to /home/runner/.gradle/.tmp/gradle_download4157780456700558296bin
[acc233a0-25aa-4031-94e0-f1e324f37a1d/Verification]   | Downloading https://plugins.gradle.org/m2/org/junit/jupiter/junit-jupiter-params/5.9.3/junit-jupiter-params-5.9.3.module to /home/runner/.gradle/.tmp/gradle_download2991451582559062520bin
[acc233a0-25aa-4031-94e0-f1e324f37a1d/Verification]   | Downloading https://plugins.gradle.org/m2/org/apiguardian/apiguardian-api/1.1.2/apiguardian-api-1.1.2.pom to /home/runner/.gradle/.tmp/gradle_download6096574608917432993bin
[acc233a0-25aa-4031-94e0-f1e324f37a1d/Verification]   | Downloading https://plugins.gradle.org/m2/org/opentest4j/opentest4j/1.2.0/opentest4j-1.2.0.pom to /home/runner/.gradle/.tmp/gradle_download7538559504061062572bin
[acc233a0-25aa-4031-94e0-f1e324f37a1d/Verification]   | Downloading https://plugins.gradle.org/m2/org/apiguardian/apiguardian-api/1.1.2/apiguardian-api-1.1.2.module to /home/runner/.gradle/.tmp/gradle_download8902866084237468070bin
[acc233a0-25aa-4031-94e0-f1e324f37a1d/Verification]   | Downloading https://plugins.gradle.org/m2/org/junit/platform/junit-platform-commons/1.9.3/junit-platform-commons-1.9.3.pom to /home/runner/.gradle/.tmp/gradle_download4566150415656073305bin
[acc233a0-25aa-4031-94e0-f1e324f37a1d/Verification]   | Downloading https://plugins.gradle.org/m2/org/junit/platform/junit-platform-commons/1.9.3/junit-platform-commons-1.9.3.module to /home/runner/.gradle/.tmp/gradle_download5927852754124720724bin
[acc233a0-25aa-4031-94e0-f1e324f37a1d/Verification]   | Downloading https://plugins.gradle.org/m2/org/junit/jupiter/junit-jupiter/5.9.3/junit-jupiter-5.9.3.jar to /home/runner/.gradle/.tmp/gradle_download6863281670578394913bin
[acc233a0-25aa-4031-94e0-f1e324f37a1d/Verification]   | Downloading https://plugins.gradle.org/m2/org/junit/jupiter/junit-jupiter-params/5.9.3/junit-jupiter-params-5.9.3.jar to /home/runner/.gradle/.tmp/gradle_download3412786706703421970bin
[acc233a0-25aa-4031-94e0-f1e324f37a1d/Verification]   | Downloading https://plugins.gradle.org/m2/org/junit/jupiter/junit-jupiter-api/5.9.3/junit-jupiter-api-5.9.3.jar to /home/runner/.gradle/.tmp/gradle_download8919613171699706167bin
[acc233a0-25aa-4031-94e0-f1e324f37a1d/Verification]   | Downloading https://plugins.gradle.org/m2/org/junit/platform/junit-platform-commons/1.9.3/junit-platform-commons-1.9.3.jar to /home/runner/.gradle/.tmp/gradle_download4366224324946753623bin
[acc233a0-25aa-4031-94e0-f1e324f37a1d/Verification]   | Downloading https://plugins.gradle.org/m2/org/apiguardian/apiguardian-api/1.1.2/apiguardian-api-1.1.2.jar to /home/runner/.gradle/.tmp/gradle_download1714248092034961997bin
[acc233a0-25aa-4031-94e0-f1e324f37a1d/Verification]   | Downloading https://plugins.gradle.org/m2/org/opentest4j/opentest4j/1.2.0/opentest4j-1.2.0.jar to /home/runner/.gradle/.tmp/gradle_download793700189224448333bin
[acc233a0-25aa-4031-94e0-f1e324f37a1d/Verification]   | Generating /home/runner/.gradle/caches/8.2/generated-gradle-jars/gradle-test-kit-8.2.jar
[acc233a0-25aa-4031-94e0-f1e324f37a1d/Verification]   | Downloading https://plugins.gradle.org/m2/org/junit/jupiter/junit-jupiter-engine/5.9.3/junit-jupiter-engine-5.9.3.pom to /home/runner/.gradle/.tmp/gradle_download4784032435982904897bin
[acc233a0-25aa-4031-94e0-f1e324f37a1d/Verification]   | Downloading https://plugins.gradle.org/m2/org/junit/jupiter/junit-jupiter-engine/5.9.3/junit-jupiter-engine-5.9.3.module to /home/runner/.gradle/.tmp/gradle_download778844971922422665bin
[acc233a0-25aa-4031-94e0-f1e324f37a1d/Verification]   | Downloading https://plugins.gradle.org/m2/org/junit/platform/junit-platform-engine/1.9.3/junit-platform-engine-1.9.3.pom to /home/runner/.gradle/.tmp/gradle_download2962427260694307270bin
[acc233a0-25aa-4031-94e0-f1e324f37a1d/Verification]   | Downloading https://plugins.gradle.org/m2/org/junit/platform/junit-platform-engine/1.9.3/junit-platform-engine-1.9.3.module to /home/runner/.gradle/.tmp/gradle_download7113210093587914867bin
[acc233a0-25aa-4031-94e0-f1e324f37a1d/Verification]   | Downloading https://plugins.gradle.org/m2/org/junit/platform/junit-platform-engine/1.9.3/junit-platform-engine-1.9.3.jar to /home/runner/.gradle/.tmp/gradle_download8077587488295270858bin
[acc233a0-25aa-4031-94e0-f1e324f37a1d/Verification]   | Downloading https://plugins.gradle.org/m2/org/junit/jupiter/junit-jupiter-engine/5.9.3/junit-jupiter-engine-5.9.3.jar to /home/runner/.gradle/.tmp/gradle_download7286465632044913603bin
[acc233a0-25aa-4031-94e0-f1e324f37a1d/Verification]   | Ignoring listeners of task graph ready event, as this build (:) has already executed work.
[acc233a0-25aa-4031-94e0-f1e324f37a1d/Verification]   | Resolve mutations for :compileJava (Thread[Execution worker Thread 88,5,main]) started.
[acc233a0-25aa-4031-94e0-f1e324f37a1d/Verification]   | Resolve mutations for :pluginDescriptors (Thread[Execution worker Thread 43,5,main]) started.
[acc233a0-25aa-4031-94e0-f1e324f37a1d/Verification]   | Resolve mutations for :sourcesJar (Thread[Execution worker Thread 45,5,main]) started.
[acc233a0-25aa-4031-94e0-f1e324f37a1d/Verification]   | Resolve mutations for :processTestResources (Thread[Execution worker Thread 44,5,main]) started.
[acc233a0-25aa-4031-94e0-f1e324f37a1d/Verification]   | :processTestResources (Thread[Execution worker Thread 44,5,main]) started.
[acc233a0-25aa-4031-94e0-f1e324f37a1d/Verification]   | :sourcesJar (Thread[Execution worker Thread 45,5,main]) started.
[acc233a0-25aa-4031-94e0-f1e324f37a1d/Verification]   | :pluginDescriptors (Thread[Execution worker Thread 43,5,main]) started.
[acc233a0-25aa-4031-94e0-f1e324f37a1d/Verification]   | :compileJava (Thread[Execution worker Thread 88,5,main]) started.
[acc233a0-25aa-4031-94e0-f1e324f37a1d/Verification]   | 
[acc233a0-25aa-4031-94e0-f1e324f37a1d/Verification]   | > Task :processTestResources NO-SOURCE
[acc233a0-25aa-4031-94e0-f1e324f37a1d/Verification]   | Watching 16 directories to track changes
[acc233a0-25aa-4031-94e0-f1e324f37a1d/Verification]   | Skipping task ':processTestResources' as it has no source files and no previous output files.
[acc233a0-25aa-4031-94e0-f1e324f37a1d/Verification]   | 
[acc233a0-25aa-4031-94e0-f1e324f37a1d/Verification]   | > Task :pluginDescriptors
[acc233a0-25aa-4031-94e0-f1e324f37a1d/Verification]   | Watching 15 directories to track changes
[acc233a0-25aa-4031-94e0-f1e324f37a1d/Verification]   | Caching disabled for task ':pluginDescriptors' because:
[acc233a0-25aa-4031-94e0-f1e324f37a1d/Verification]   |   Not worth caching
[acc233a0-25aa-4031-94e0-f1e324f37a1d/Verification]   | Task ':pluginDescriptors' is not up-to-date because:
[acc233a0-25aa-4031-94e0-f1e324f37a1d/Verification]   |   No history is available.
[acc233a0-25aa-4031-94e0-f1e324f37a1d/Verification]   | Watching 15 directories to track changes
[acc233a0-25aa-4031-94e0-f1e324f37a1d/Verification]   | Watching 17 directories to track changes
[acc233a0-25aa-4031-94e0-f1e324f37a1d/Verification]   | Resolve mutations for :processResources (Thread[Execution worker Thread 43,5,main]) started.
[acc233a0-25aa-4031-94e0-f1e324f37a1d/Verification]   | :processResources (Thread[Execution worker Thread 43,5,main]) started.
[acc233a0-25aa-4031-94e0-f1e324f37a1d/Verification]   | 
[acc233a0-25aa-4031-94e0-f1e324f37a1d/Verification]   | > Task :processResources
[acc233a0-25aa-4031-94e0-f1e324f37a1d/Verification]   | Watching 19 directories to track changes
[acc233a0-25aa-4031-94e0-f1e324f37a1d/Verification]   | Caching disabled for task ':processResources' because:
[acc233a0-25aa-4031-94e0-f1e324f37a1d/Verification]   |   Not worth caching
[acc233a0-25aa-4031-94e0-f1e324f37a1d/Verification]   | Task ':processResources' is not up-to-date because:
[acc233a0-25aa-4031-94e0-f1e324f37a1d/Verification]   |   No history is available.
[acc233a0-25aa-4031-94e0-f1e324f37a1d/Verification]   | Watching 18 directories to track changes
[acc233a0-25aa-4031-94e0-f1e324f37a1d/Verification]   | file or directory '/tmp/1106faf3-81f4-4bf6-950e-090ce4c6508b/src/main/resources', not found
[acc233a0-25aa-4031-94e0-f1e324f37a1d/Verification]   | Watching 26 directories to track changes
[acc233a0-25aa-4031-94e0-f1e324f37a1d/Verification]   | 
[acc233a0-25aa-4031-94e0-f1e324f37a1d/Verification]   | > Task :sourcesJar
[acc233a0-25aa-4031-94e0-f1e324f37a1d/Verification]   | Watching 18 directories to track changes
[acc233a0-25aa-4031-94e0-f1e324f37a1d/Verification]   | Watching 21 directories to track changes
[acc233a0-25aa-4031-94e0-f1e324f37a1d/Verification]   | Watching 22 directories to track changes
[acc233a0-25aa-4031-94e0-f1e324f37a1d/Verification]   | Watching 23 directories to track changes
[acc233a0-25aa-4031-94e0-f1e324f37a1d/Verification]   | Caching disabled for task ':sourcesJar' because:
[acc233a0-25aa-4031-94e0-f1e324f37a1d/Verification]   |   Not worth caching
[acc233a0-25aa-4031-94e0-f1e324f37a1d/Verification]   | Task ':sourcesJar' is not up-to-date because:
[acc233a0-25aa-4031-94e0-f1e324f37a1d/Verification]   |   No history is available.
[acc233a0-25aa-4031-94e0-f1e324f37a1d/Verification]   | Watching 27 directories to track changes
[acc233a0-25aa-4031-94e0-f1e324f37a1d/Verification]   | file or directory '/tmp/1106faf3-81f4-4bf6-950e-090ce4c6508b/src/main/resources', not found
[acc233a0-25aa-4031-94e0-f1e324f37a1d/Verification]   | Watching 28 directories to track changes
[acc233a0-25aa-4031-94e0-f1e324f37a1d/Verification]   | 
[acc233a0-25aa-4031-94e0-f1e324f37a1d/Verification]   | > Task :compileJava
[acc233a0-25aa-4031-94e0-f1e324f37a1d/Verification]   | Watching 26 directories to track changes
[acc233a0-25aa-4031-94e0-f1e324f37a1d/Verification]   | Watching 26 directories to track changes
[acc233a0-25aa-4031-94e0-f1e324f37a1d/Verification]   | Watching 26 directories to track changes
[acc233a0-25aa-4031-94e0-f1e324f37a1d/Verification]   | Watching 27 directories to track changes
[acc233a0-25aa-4031-94e0-f1e324f37a1d/Verification]   | Build cache key for task ':compileJava' is 0dea1003e6c26b74333b015a8fb92df4
[acc233a0-25aa-4031-94e0-f1e324f37a1d/Verification]   | Task ':compileJava' is not up-to-date because:
[acc233a0-25aa-4031-94e0-f1e324f37a1d/Verification]   |   No history is available.
[acc233a0-25aa-4031-94e0-f1e324f37a1d/Verification]   | The input changes require a full rebuild for incremental task ':compileJava'.
[acc233a0-25aa-4031-94e0-f1e324f37a1d/Verification]   | Watching 28 directories to track changes
[acc233a0-25aa-4031-94e0-f1e324f37a1d/Verification]   | Watching 28 directories to track changes
[acc233a0-25aa-4031-94e0-f1e324f37a1d/Verification]   | Watching 27 directories to track changes
[acc233a0-25aa-4031-94e0-f1e324f37a1d/Verification]   | Watching 26 directories to track changes
[acc233a0-25aa-4031-94e0-f1e324f37a1d/Verification]   | Full recompilation is required because no incremental change information is available. This is usually caused by clean builds or changing compiler arguments.
[acc233a0-25aa-4031-94e0-f1e324f37a1d/Verification]   | Compiling with toolchain '/usr/lib/jvm/temurin-8-jdk-amd64'.
[acc233a0-25aa-4031-94e0-f1e324f37a1d/Verification]   | Compiling with JDK Java compiler API.
[acc233a0-25aa-4031-94e0-f1e324f37a1d/Verification]   | Class dependency analysis for incremental compilation took 0.07 secs.
[acc233a0-25aa-4031-94e0-f1e324f37a1d/Verification]   | Created classpath snapshot for incremental compilation in 14.097 secs.
[acc233a0-25aa-4031-94e0-f1e324f37a1d/Verification]   | Watching 29 directories to track changes
[acc233a0-25aa-4031-94e0-f1e324f37a1d/Verification]   | Watching 30 directories to track changes
[acc233a0-25aa-4031-94e0-f1e324f37a1d/Verification]   | Watching 31 directories to track changes
[acc233a0-25aa-4031-94e0-f1e324f37a1d/Verification]   | Watching 32 directories to track changes
[acc233a0-25aa-4031-94e0-f1e324f37a1d/Verification]   | Stored cache entry for task ':compileJava' with cache key 0dea1003e6c26b74333b015a8fb92df4
[acc233a0-25aa-4031-94e0-f1e324f37a1d/Verification]   | Resolve mutations for :classes (Thread[Execution worker Thread 88,5,main]) started.
[acc233a0-25aa-4031-94e0-f1e324f37a1d/Verification]   | Resolve mutations for :validatePlugins (Thread[Execution worker Thread 70,5,main]) started.
[acc233a0-25aa-4031-94e0-f1e324f37a1d/Verification]   | :classes (Thread[Execution worker Thread 88,5,main]) started.
[acc233a0-25aa-4031-94e0-f1e324f37a1d/Verification]   | 
[acc233a0-25aa-4031-94e0-f1e324f37a1d/Verification]   | > Task :classes
[acc233a0-25aa-4031-94e0-f1e324f37a1d/Verification]   | Skipping task ':classes' as it has no actions.
[acc233a0-25aa-4031-94e0-f1e324f37a1d/Verification]   | Resolve mutations for :jar (Thread[Execution worker Thread 88,5,main]) started.
[acc233a0-25aa-4031-94e0-f1e324f37a1d/Verification]   | Resolve mutations for :javadoc (Thread[Execution worker Thread 103,5,main]) started.
[acc233a0-25aa-4031-94e0-f1e324f37a1d/Verification]   | :jar (Thread[Execution worker Thread 88,5,main]) started.
[acc233a0-25aa-4031-94e0-f1e324f37a1d/Verification]   | :javadoc (Thread[Execution worker Thread 103,5,main]) started.
[acc233a0-25aa-4031-94e0-f1e324f37a1d/Verification]   | Resolve mutations for :compileTestJava (Thread[Execution worker Thread 38,5,main]) started.
[acc233a0-25aa-4031-94e0-f1e324f37a1d/Verification]   | :validatePlugins (Thread[Execution worker Thread 37,5,main]) started.
[acc233a0-25aa-4031-94e0-f1e324f37a1d/Verification]   | :compileTestJava (Thread[Execution worker Thread 38,5,main]) started.
[acc233a0-25aa-4031-94e0-f1e324f37a1d/Verification]   | Resolve mutations for :pluginUnderTestMetadata (Thread[Execution worker Thread 39,5,main]) started.
[acc233a0-25aa-4031-94e0-f1e324f37a1d/Verification]   | :pluginUnderTestMetadata (Thread[Execution worker Thread 39,5,main]) started.
[acc233a0-25aa-4031-94e0-f1e324f37a1d/Verification]   | 
[acc233a0-25aa-4031-94e0-f1e324f37a1d/Verification]   | > Task :jar
[acc233a0-25aa-4031-94e0-f1e324f37a1d/Verification]   | Watching 33 directories to track changes
[acc233a0-25aa-4031-94e0-f1e324f37a1d/Verification]   | Watching 33 directories to track changes
[acc233a0-25aa-4031-94e0-f1e324f37a1d/Verification]   | Caching disabled for task ':jar' because:
[acc233a0-25aa-4031-94e0-f1e324f37a1d/Verification]   |   Not worth caching
[acc233a0-25aa-4031-94e0-f1e324f37a1d/Verification]   | Task ':jar' is not up-to-date because:
[acc233a0-25aa-4031-94e0-f1e324f37a1d/Verification]   |   No history is available.
[acc233a0-25aa-4031-94e0-f1e324f37a1d/Verification]   | Watching 37 directories to track changes
[acc233a0-25aa-4031-94e0-f1e324f37a1d/Verification]   | :jar: No valid plugin descriptors were found in META-INF/gradle-plugins
[acc233a0-25aa-4031-94e0-f1e324f37a1d/Verification]   | Watching 41 directories to track changes
[acc233a0-25aa-4031-94e0-f1e324f37a1d/Verification]   | 
[acc233a0-25aa-4031-94e0-f1e324f37a1d/Verification]   | > Task :pluginUnderTestMetadata
[acc233a0-25aa-4031-94e0-f1e324f37a1d/Verification]   | Watching 41 directories to track changes
[acc233a0-25aa-4031-94e0-f1e324f37a1d/Verification]   | Caching disabled for task ':pluginUnderTestMetadata' because:
[acc233a0-25aa-4031-94e0-f1e324f37a1d/Verification]   |   Not worth caching
[acc233a0-25aa-4031-94e0-f1e324f37a1d/Verification]   | Task ':pluginUnderTestMetadata' is not up-to-date because:
[acc233a0-25aa-4031-94e0-f1e324f37a1d/Verification]   |   No history is available.
[acc233a0-25aa-4031-94e0-f1e324f37a1d/Verification]   | Watching 41 directories to track changes
[acc233a0-25aa-4031-94e0-f1e324f37a1d/Verification]   | Watching 42 directories to track changes
[acc233a0-25aa-4031-94e0-f1e324f37a1d/Verification]   | 
[acc233a0-25aa-4031-94e0-f1e324f37a1d/Verification]   | > Task :compileTestJava
[acc233a0-25aa-4031-94e0-f1e324f37a1d/Verification]   | Watching 37 directories to track changes
[acc233a0-25aa-4031-94e0-f1e324f37a1d/Verification]   | Watching 38 directories to track changes
[acc233a0-25aa-4031-94e0-f1e324f37a1d/Verification]   | Watching 39 directories to track changes
[acc233a0-25aa-4031-94e0-f1e324f37a1d/Verification]   | Watching 40 directories to track changes
[acc233a0-25aa-4031-94e0-f1e324f37a1d/Verification]   | Watching 41 directories to track changes
[acc233a0-25aa-4031-94e0-f1e324f37a1d/Verification]   | Build cache key for task ':compileTestJava' is 22d8756729af04d6d8a610803e5e4a49
[acc233a0-25aa-4031-94e0-f1e324f37a1d/Verification]   | Task ':compileTestJava' is not up-to-date because:
[acc233a0-25aa-4031-94e0-f1e324f37a1d/Verification]   |   No history is available.
[acc233a0-25aa-4031-94e0-f1e324f37a1d/Verification]   | The input changes require a full rebuild for incremental task ':compileTestJava'.
[acc233a0-25aa-4031-94e0-f1e324f37a1d/Verification]   | Watching 41 directories to track changes
[acc233a0-25aa-4031-94e0-f1e324f37a1d/Verification]   | Watching 40 directories to track changes
[acc233a0-25aa-4031-94e0-f1e324f37a1d/Verification]   | Watching 39 directories to track changes
[acc233a0-25aa-4031-94e0-f1e324f37a1d/Verification]   | Watching 38 directories to track changes
[acc233a0-25aa-4031-94e0-f1e324f37a1d/Verification]   | Full recompilation is required because no incremental change information is available. This is usually caused by clean builds or changing compiler arguments.
[acc233a0-25aa-4031-94e0-f1e324f37a1d/Verification]   | Compiling with toolchain '/usr/lib/jvm/temurin-8-jdk-amd64'.
[acc233a0-25aa-4031-94e0-f1e324f37a1d/Verification]   | Compiling with JDK Java compiler API.
[acc233a0-25aa-4031-94e0-f1e324f37a1d/Verification]   | Class dependency analysis for incremental compilation took 0.002 secs.
[acc233a0-25aa-4031-94e0-f1e324f37a1d/Verification]   | Created classpath snapshot for incremental compilation in 0.358 secs.
[acc233a0-25aa-4031-94e0-f1e324f37a1d/Verification]   | Watching 41 directories to track changes
[acc233a0-25aa-4031-94e0-f1e324f37a1d/Verification]   | Watching 42 directories to track changes
[acc233a0-25aa-4031-94e0-f1e324f37a1d/Verification]   | Watching 43 directories to track changes
[acc233a0-25aa-4031-94e0-f1e324f37a1d/Verification]   | Watching 44 directories to track changes
[acc233a0-25aa-4031-94e0-f1e324f37a1d/Verification]   | Stored cache entry for task ':compileTestJava' with cache key 22d8756729af04d6d8a610803e5e4a49
[acc233a0-25aa-4031-94e0-f1e324f37a1d/Verification]   | Resolve mutations for :testClasses (Thread[Execution worker Thread 81,5,main]) started.
[acc233a0-25aa-4031-94e0-f1e324f37a1d/Verification]   | :testClasses (Thread[Execution worker Thread 81,5,main]) started.
[acc233a0-25aa-4031-94e0-f1e324f37a1d/Verification]   | 
[acc233a0-25aa-4031-94e0-f1e324f37a1d/Verification]   | > Task :testClasses
[acc233a0-25aa-4031-94e0-f1e324f37a1d/Verification]   | Skipping task ':testClasses' as it has no actions.
[acc233a0-25aa-4031-94e0-f1e324f37a1d/Verification]   | Resolve mutations for :test (Thread[Execution worker Thread 81,5,main]) started.
[acc233a0-25aa-4031-94e0-f1e324f37a1d/Verification]   | :test (Thread[Execution worker Thread 81,5,main]) started.
[acc233a0-25aa-4031-94e0-f1e324f37a1d/Verification]   | 
[acc233a0-25aa-4031-94e0-f1e324f37a1d/Verification]   | > Task :javadoc
[acc233a0-25aa-4031-94e0-f1e324f37a1d/Verification]   | Watching 41 directories to track changes
[acc233a0-25aa-4031-94e0-f1e324f37a1d/Verification]   | 
[acc233a0-25aa-4031-94e0-f1e324f37a1d/Verification]   | Watching 44 directories to track changes
[acc233a0-25aa-4031-94e0-f1e324f37a1d/Verification]   | 
[acc233a0-25aa-4031-94e0-f1e324f37a1d/Verification]   | > Task :validatePlugins
[acc233a0-25aa-4031-94e0-f1e324f37a1d/Verification]   | Watching 34 directories to track changes
[acc233a0-25aa-4031-94e0-f1e324f37a1d/Verification]   | Build cache key for task ':validatePlugins' is 6b0fc262a0605541b371066e63f7b2ea
[acc233a0-25aa-4031-94e0-f1e324f37a1d/Verification]   | Task ':validatePlugins' is not up-to-date because:
[acc233a0-25aa-4031-94e0-f1e324f37a1d/Verification]   |   No history is available.
[acc233a0-25aa-4031-94e0-f1e324f37a1d/Verification]   | Watching 44 directories to track changes
[acc233a0-25aa-4031-94e0-f1e324f37a1d/Verification]   | 
[acc233a0-25aa-4031-94e0-f1e324f37a1d/Verification]   | Starting process 'Gradle Worker Daemon 2'. Working directory: /home/runner/.gradle/workers Command: /usr/lib/jvm/temurin-8-jdk-amd64/bin/java -Djava.security.manager=worker.org.gradle.process.internal.worker.child.BootstrapSecurityManager -Xmx512m -Dfile.encoding=UTF-8 -Duser.country=US -Duser.language=en -Duser.variant -cp /home/runner/.gradle/caches/8.2/workerMain/gradle-worker.jar worker.org.gradle.process.internal.worker.GradleWorkerMain 'Gradle Worker Daemon 2'
[acc233a0-25aa-4031-94e0-f1e324f37a1d/Verification]   | Successfully started process 'Gradle Worker Daemon 2'
[acc233a0-25aa-4031-94e0-f1e324f37a1d/Verification]   | 
[acc233a0-25aa-4031-94e0-f1e324f37a1d/Verification]   | > Task :test
[acc233a0-25aa-4031-94e0-f1e324f37a1d/Verification]   | Watching 44 directories to track changes
[acc233a0-25aa-4031-94e0-f1e324f37a1d/Verification]   | Watching 44 directories to track changes
[acc233a0-25aa-4031-94e0-f1e324f37a1d/Verification]   | 
[acc233a0-25aa-4031-94e0-f1e324f37a1d/Verification]   | Started Gradle worker daemon (1.191 secs) with fork options DaemonForkOptions{executable=/usr/lib/jvm/temurin-8-jdk-amd64/bin/java, minHeapSize=null, maxHeapSize=null, jvmArgs=[], keepAliveMode=SESSION}.
[acc233a0-25aa-4031-94e0-f1e324f37a1d/Verification]   | 
[acc233a0-25aa-4031-94e0-f1e324f37a1d/Verification]   | > Task :javadoc
[acc233a0-25aa-4031-94e0-f1e324f37a1d/Verification]   | Build cache key for task ':javadoc' is e41a5678c41a8846520debbecaf0f779
[acc233a0-25aa-4031-94e0-f1e324f37a1d/Verification]   | Task ':javadoc' is not up-to-date because:
[acc233a0-25aa-4031-94e0-f1e324f37a1d/Verification]   |   No history is available.
[acc233a0-25aa-4031-94e0-f1e324f37a1d/Verification]   | Watching 44 directories to track changes
[acc233a0-25aa-4031-94e0-f1e324f37a1d/Verification]   | Starting process 'command '/usr/lib/jvm/temurin-8-jdk-amd64/bin/javadoc''. Working directory: /tmp/1106faf3-81f4-4bf6-950e-090ce4c6508b Command: /usr/lib/jvm/temurin-8-jdk-amd64/bin/javadoc @/tmp/1106faf3-81f4-4bf6-950e-090ce4c6508b/build/tmp/javadoc/javadoc.options
[acc233a0-25aa-4031-94e0-f1e324f37a1d/Verification]   | Successfully started process 'command '/usr/lib/jvm/temurin-8-jdk-amd64/bin/javadoc''
[acc233a0-25aa-4031-94e0-f1e324f37a1d/Verification]   | 
[acc233a0-25aa-4031-94e0-f1e324f37a1d/Verification]   | This JVM does not support getting OS memory, so no OS memory status updates will be broadcast
[acc233a0-25aa-4031-94e0-f1e324f37a1d/Verification]   | 
[acc233a0-25aa-4031-94e0-f1e324f37a1d/Verification]   | > Task :validatePlugins
[acc233a0-25aa-4031-94e0-f1e324f37a1d/Verification]   | Plugin validation finished without warnings.
[acc233a0-25aa-4031-94e0-f1e324f37a1d/Verification]   | Watching 45 directories to track changes
[acc233a0-25aa-4031-94e0-f1e324f37a1d/Verification]   | Stored cache entry for task ':validatePlugins' with cache key 6b0fc262a0605541b371066e63f7b2ea
[acc233a0-25aa-4031-94e0-f1e324f37a1d/Verification]   | 
[acc233a0-25aa-4031-94e0-f1e324f37a1d/Verification]   | > Task :javadoc
[acc233a0-25aa-4031-94e0-f1e324f37a1d/Verification]   | Watching 48 directories to track changes
[acc233a0-25aa-4031-94e0-f1e324f37a1d/Verification]   | Stored cache entry for task ':javadoc' with cache key e41a5678c41a8846520debbecaf0f779
[acc233a0-25aa-4031-94e0-f1e324f37a1d/Verification]   | Resolve mutations for :javadocJar (Thread[Execution worker Thread 70,5,main]) started.
[acc233a0-25aa-4031-94e0-f1e324f37a1d/Verification]   | :javadocJar (Thread[Execution worker Thread 71,5,main]) started.
[acc233a0-25aa-4031-94e0-f1e324f37a1d/Verification]   | 
[acc233a0-25aa-4031-94e0-f1e324f37a1d/Verification]   | > Task :javadocJar
[acc233a0-25aa-4031-94e0-f1e324f37a1d/Verification]   | Watching 49 directories to track changes
[acc233a0-25aa-4031-94e0-f1e324f37a1d/Verification]   | Watching 49 directories to track changes
[acc233a0-25aa-4031-94e0-f1e324f37a1d/Verification]   | Caching disabled for task ':javadocJar' because:
[acc233a0-25aa-4031-94e0-f1e324f37a1d/Verification]   |   Not worth caching
[acc233a0-25aa-4031-94e0-f1e324f37a1d/Verification]   | Task ':javadocJar' is not up-to-date because:
[acc233a0-25aa-4031-94e0-f1e324f37a1d/Verification]   |   No history is available.
[acc233a0-25aa-4031-94e0-f1e324f37a1d/Verification]   | Watching 49 directories to track changes
[acc233a0-25aa-4031-94e0-f1e324f37a1d/Verification]   | Watching 49 directories to track changes
[acc233a0-25aa-4031-94e0-f1e324f37a1d/Verification]   | Resolve mutations for :assemble (Thread[Execution worker Thread 71,5,main]) started.
[acc233a0-25aa-4031-94e0-f1e324f37a1d/Verification]   | :assemble (Thread[Execution worker Thread 71,5,main]) started.
[acc233a0-25aa-4031-94e0-f1e324f37a1d/Verification]   | 
[acc233a0-25aa-4031-94e0-f1e324f37a1d/Verification]   | > Task :assemble
[acc233a0-25aa-4031-94e0-f1e324f37a1d/Verification]   | Skipping task ':assemble' as it has no actions.
[acc233a0-25aa-4031-94e0-f1e324f37a1d/Verification]   | 
[acc233a0-25aa-4031-94e0-f1e324f37a1d/Verification]   | > Task :test
[acc233a0-25aa-4031-94e0-f1e324f37a1d/Verification]   | Watching 50 directories to track changes
[acc233a0-25aa-4031-94e0-f1e324f37a1d/Verification]   | Build cache key for task ':test' is 29ea2bd172afb0cf155338a94f563c5c
[acc233a0-25aa-4031-94e0-f1e324f37a1d/Verification]   | Task ':test' is not up-to-date because:
[acc233a0-25aa-4031-94e0-f1e324f37a1d/Verification]   |   No history is available.
[acc233a0-25aa-4031-94e0-f1e324f37a1d/Verification]   | Watching 49 directories to track changes
[acc233a0-25aa-4031-94e0-f1e324f37a1d/Verification]   | Starting process 'Gradle Test Executor 3'. Working directory: /tmp/1106faf3-81f4-4bf6-950e-090ce4c6508b Command: /usr/lib/jvm/temurin-8-jdk-amd64/bin/java -Djava.security.manager=worker.org.gradle.process.internal.worker.child.BootstrapSecurityManager -Dorg.gradle.internal.worker.tmpdir=/tmp/1106faf3-81f4-4bf6-950e-090ce4c6508b/build/tmp/test/work -Dorg.gradle.native=false -Xmx512m -Dfile.encoding=UTF-8 -Duser.country=US -Duser.language=en -Duser.variant -ea -cp /home/runner/.gradle/caches/8.2/workerMain/gradle-worker.jar worker.org.gradle.process.internal.worker.GradleWorkerMain 'Gradle Test Executor 3'
[acc233a0-25aa-4031-94e0-f1e324f37a1d/Verification]   | Successfully started process 'Gradle Test Executor 3'
[acc233a0-25aa-4031-94e0-f1e324f37a1d/Verification]   | 
[acc233a0-25aa-4031-94e0-f1e324f37a1d/Verification]   | Gradle Test Executor 3 started executing tests.
[acc233a0-25aa-4031-94e0-f1e324f37a1d/Verification]   | Gradle Test Executor 3 finished executing tests.
[acc233a0-25aa-4031-94e0-f1e324f37a1d/Verification]   | 
[acc233a0-25aa-4031-94e0-f1e324f37a1d/Verification]   | > Task :test FAILED
[acc233a0-25aa-4031-94e0-f1e324f37a1d/Verification]   | 
[acc233a0-25aa-4031-94e0-f1e324f37a1d/Verification]   | UtilsTest > testToWebRepoUri(String, String) > [2] github, https://user:secret@%s.com/acme-inc/my-project FAILED
[acc233a0-25aa-4031-94e0-f1e324f37a1d/Verification]   |     org.opentest4j.AssertionFailedError: expected: <Optional[https://github.com/acme-inc/my-project]> but was: <Optional.empty>
[acc233a0-25aa-4031-94e0-f1e324f37a1d/Verification]   |         at org.junit.jupiter.api.AssertionFailureBuilder.build(AssertionFailureBuilder.java:151)
[acc233a0-25aa-4031-94e0-f1e324f37a1d/Verification]   |         at org.junit.jupiter.api.AssertionFailureBuilder.buildAndThrow(AssertionFailureBuilder.java:132)
[acc233a0-25aa-4031-94e0-f1e324f37a1d/Verification]   |         at org.junit.jupiter.api.AssertEquals.failNotEqual(AssertEquals.java:197)
[acc233a0-25aa-4031-94e0-f1e324f37a1d/Verification]   |         at org.junit.jupiter.api.AssertEquals.assertEquals(AssertEquals.java:182)
[acc233a0-25aa-4031-94e0-f1e324f37a1d/Verification]   |         at org.junit.jupiter.api.AssertEquals.assertEquals(AssertEquals.java:177)
[acc233a0-25aa-4031-94e0-f1e324f37a1d/Verification]   |         at org.junit.jupiter.api.Assertions.assertEquals(Assertions.java:1142)
[acc233a0-25aa-4031-94e0-f1e324f37a1d/Verification]   |         at com.gradle.UtilsTest.testToWebRepoUri(UtilsTest.java:24)
[acc233a0-25aa-4031-94e0-f1e324f37a1d/Verification]   | 
[acc233a0-25aa-4031-94e0-f1e324f37a1d/Verification]   | UtilsTest > testToWebRepoUri(String, String) > [9] gitlab, https://user:secret@%s.com/acme-inc/my-project FAILED
[acc233a0-25aa-4031-94e0-f1e324f37a1d/Verification]   |     org.opentest4j.AssertionFailedError: expected: <Optional[https://gitlab.com/acme-inc/my-project]> but was: <Optional.empty>
[acc233a0-25aa-4031-94e0-f1e324f37a1d/Verification]   |         at org.junit.jupiter.api.AssertionFailureBuilder.build(AssertionFailureBuilder.java:151)
[acc233a0-25aa-4031-94e0-f1e324f37a1d/Verification]   |         at org.junit.jupiter.api.AssertionFailureBuilder.buildAndThrow(AssertionFailureBuilder.java:132)
[acc233a0-25aa-4031-94e0-f1e324f37a1d/Verification]   |         at org.junit.jupiter.api.AssertEquals.failNotEqual(AssertEquals.java:197)
[acc233a0-25aa-4031-94e0-f1e324f37a1d/Verification]   |         at org.junit.jupiter.api.AssertEquals.assertEquals(AssertEquals.java:182)
[acc233a0-25aa-4031-94e0-f1e324f37a1d/Verification]   |         at org.junit.jupiter.api.AssertEquals.assertEquals(AssertEquals.java:177)
[acc233a0-25aa-4031-94e0-f1e324f37a1d/Verification]   |         at org.junit.jupiter.api.Assertions.assertEquals(Assertions.java:1142)
[acc233a0-25aa-4031-94e0-f1e324f37a1d/Verification]   |         at com.gradle.UtilsTest.testToWebRepoUri(UtilsTest.java:24)
[acc233a0-25aa-4031-94e0-f1e324f37a1d/Verification]   | 
[acc233a0-25aa-4031-94e0-f1e324f37a1d/Verification]   | 18 tests completed, 2 failed
[acc233a0-25aa-4031-94e0-f1e324f37a1d/Verification]   | Finished generating test XML results (0.036 secs) into: /tmp/1106faf3-81f4-4bf6-950e-090ce4c6508b/build/test-results/test
[acc233a0-25aa-4031-94e0-f1e324f37a1d/Verification]   | Generating HTML test report...
[acc233a0-25aa-4031-94e0-f1e324f37a1d/Verification]   | Finished generating test html results (0.023 secs) into: /tmp/1106faf3-81f4-4bf6-950e-090ce4c6508b/build/reports/tests/test
[acc233a0-25aa-4031-94e0-f1e324f37a1d/Verification]   | Watching 50 directories to track changes
[acc233a0-25aa-4031-94e0-f1e324f37a1d/Verification]   | Watching 55 directories to track changes
[acc233a0-25aa-4031-94e0-f1e324f37a1d/Verification]   | Watching 56 directories to track changes
[acc233a0-25aa-4031-94e0-f1e324f37a1d/Verification]   | 
[acc233a0-25aa-4031-94e0-f1e324f37a1d/Verification]   | 0 problems were found storing the configuration cache.
[acc233a0-25aa-4031-94e0-f1e324f37a1d/Verification]   | 
[acc233a0-25aa-4031-94e0-f1e324f37a1d/Verification]   | See the complete report at file:///tmp/1106faf3-81f4-4bf6-950e-090ce4c6508b/build/reports/configuration-cache/4o3ii5x0c8g5d5c0r9wdpt8xc/3m9ii768pvy56ajosl9em1d5f/configuration-cache-report.html
[acc233a0-25aa-4031-94e0-f1e324f37a1d/Verification]   | 
[acc233a0-25aa-4031-94e0-f1e324f37a1d/Verification]   | FAILURE: Build failed with an exception.
[acc233a0-25aa-4031-94e0-f1e324f37a1d/Verification]   | 
[acc233a0-25aa-4031-94e0-f1e324f37a1d/Verification]   | * What went wrong:
[acc233a0-25aa-4031-94e0-f1e324f37a1d/Verification]   | Execution failed for task ':test'.
[acc233a0-25aa-4031-94e0-f1e324f37a1d/Verification]   | > 
[acc233a0-25aa-4031-94e0-f1e324f37a1d/Verification]   | Deprecated Gradle features were used in this build, making it incompatible with Gradle 9.0.
[acc233a0-25aa-4031-94e0-f1e324f37a1d/Verification]   | 
[acc233a0-25aa-4031-94e0-f1e324f37a1d/Verification]   | You can use '--warning-mode all' to show the individual deprecation warnings and determine if they come from your own scripts or plugins.
[acc233a0-25aa-4031-94e0-f1e324f37a1d/Verification]   | 
[acc233a0-25aa-4031-94e0-f1e324f37a1d/Verification]   | For more on this, please refer to https://docs.gradle.org/8.2/userguide/command_line_interface.html#sec:command_line_warnings in the Gradle documentation.
[acc233a0-25aa-4031-94e0-f1e324f37a1d/Verification]   | 13 actionable tasks: 13 executed
[acc233a0-25aa-4031-94e0-f1e324f37a1d/Verification]   | There were failing tests. See the report at: file:///tmp/1106faf3-81f4-4bf6-950e-090ce4c6508b/build/reports/tests/test/index.html
[acc233a0-25aa-4031-94e0-f1e324f37a1d/Verification]   | 
[acc233a0-25aa-4031-94e0-f1e324f37a1d/Verification]   | BUILD FAILED in 2m 2s
[acc233a0-25aa-4031-94e0-f1e324f37a1d/Verification]   | Configuration cache entry stored.
[acc233a0-25aa-4031-94e0-f1e324f37a1d/Verification]   | The remote build cache was disabled during the build due to errors.
[acc233a0-25aa-4031-94e0-f1e324f37a1d/Verification]   | Stopped 2 worker daemon(s).
[acc233a0-25aa-4031-94e0-f1e324f37a1d/Verification]   âŒ  Failure - Main Build with Gradle
[acc233a0-25aa-4031-94e0-f1e324f37a1d/Verification] exitcode '1': failure
[acc233a0-25aa-4031-94e0-f1e324f37a1d/Verification] unable to get git ref: failed to identify reference (tag/branch) for the checked-out revision 'ffb66dd7b41dd42ffef3b5f1c2a9b388b737f6e6'
[acc233a0-25aa-4031-94e0-f1e324f37a1d/Verification] unable to get git ref: failed to identify reference (tag/branch) for the checked-out revision 'ffb66dd7b41dd42ffef3b5f1c2a9b388b737f6e6'
[acc233a0-25aa-4031-94e0-f1e324f37a1d/Verification] unable to get git ref: failed to identify reference (tag/branch) for the checked-out revision 'ffb66dd7b41dd42ffef3b5f1c2a9b388b737f6e6'
[acc233a0-25aa-4031-94e0-f1e324f37a1d/Verification] unable to get git ref: failed to identify reference (tag/branch) for the checked-out revision 'ffb66dd7b41dd42ffef3b5f1c2a9b388b737f6e6'
[acc233a0-25aa-4031-94e0-f1e324f37a1d/Verification] unable to get git ref: failed to identify reference (tag/branch) for the checked-out revision 'ffb66dd7b41dd42ffef3b5f1c2a9b388b737f6e6'
[acc233a0-25aa-4031-94e0-f1e324f37a1d/Verification] â­ Run Post Set up Gradle
[acc233a0-25aa-4031-94e0-f1e324f37a1d/Verification]   ðŸ³  docker exec cmd=[node /var/run/act/actions/gradle-gradle-build-action@v2/dist/post/index.js] user= workdir=
[acc233a0-25aa-4031-94e0-f1e324f37a1d/Verification]   | In final post-action step, saving state and writing summary
[acc233a0-25aa-4031-94e0-f1e324f37a1d/Verification]   | Cache is disabled: will not save state for later builds.
[acc233a0-25aa-4031-94e0-f1e324f37a1d/Verification]   | Writing job summary
[acc233a0-25aa-4031-94e0-f1e324f37a1d/Verification]   âœ…  Success - Post Set up Gradle
[acc233a0-25aa-4031-94e0-f1e324f37a1d/Verification] unable to get git ref: failed to identify reference (tag/branch) for the checked-out revision 'ffb66dd7b41dd42ffef3b5f1c2a9b388b737f6e6'
[acc233a0-25aa-4031-94e0-f1e324f37a1d/Verification] unable to get git ref: failed to identify reference (tag/branch) for the checked-out revision 'ffb66dd7b41dd42ffef3b5f1c2a9b388b737f6e6'
[acc233a0-25aa-4031-94e0-f1e324f37a1d/Verification] unable to get git ref: failed to identify reference (tag/branch) for the checked-out revision 'ffb66dd7b41dd42ffef3b5f1c2a9b388b737f6e6'
[acc233a0-25aa-4031-94e0-f1e324f37a1d/Verification] unable to get git ref: failed to identify reference (tag/branch) for the checked-out revision 'ffb66dd7b41dd42ffef3b5f1c2a9b388b737f6e6'
[acc233a0-25aa-4031-94e0-f1e324f37a1d/Verification] unable to get git ref: failed to identify reference (tag/branch) for the checked-out revision 'ffb66dd7b41dd42ffef3b5f1c2a9b388b737f6e6'
[acc233a0-25aa-4031-94e0-f1e324f37a1d/Verification] â­ Run Post Set up JDK 8
[acc233a0-25aa-4031-94e0-f1e324f37a1d/Verification]   ðŸ³  docker exec cmd=[node /var/run/act/actions/actions-setup-java@v3/dist/cleanup/index.js] user= workdir=
[acc233a0-25aa-4031-94e0-f1e324f37a1d/Verification]   âœ…  Success - Post Set up JDK 8
[acc233a0-25aa-4031-94e0-f1e324f37a1d/Verification] ðŸ  Job failed
[acc233a0-25aa-4031-94e0-f1e324f37a1d/Verification] unable to get git ref: failed to identify reference (tag/branch) for the checked-out revision 'ffb66dd7b41dd42ffef3b5f1c2a9b388b737f6e6'
