[269614b0-a8e7-4b66-a636-19067b9d8939/build] ğŸš€  Start image=gitbugactions:latest
[269614b0-a8e7-4b66-a636-19067b9d8939/build]   ğŸ³  docker pull image=gitbugactions:latest platform= username= forcePull=false
[269614b0-a8e7-4b66-a636-19067b9d8939/build]   ğŸ³  docker create image=gitbugactions:latest platform= entrypoint=["tail" "-f" "/dev/null"] cmd=[]
[269614b0-a8e7-4b66-a636-19067b9d8939/build]   ğŸ³  docker run image=gitbugactions:latest platform= entrypoint=["tail" "-f" "/dev/null"] cmd=[]
[269614b0-a8e7-4b66-a636-19067b9d8939/build]   ğŸ³  docker exec cmd=[chown -R 1012:1013 /tmp/4624ebf4-86e9-4856-bbb1-4ecda0cc051e] user=0 workdir=
[269614b0-a8e7-4b66-a636-19067b9d8939/build] unable to get git ref: failed to identify reference (tag/branch) for the checked-out revision '2088a59da55e581391f9a768003b68baca467007'
[269614b0-a8e7-4b66-a636-19067b9d8939/build] unable to get git ref: failed to identify reference (tag/branch) for the checked-out revision '2088a59da55e581391f9a768003b68baca467007'
[269614b0-a8e7-4b66-a636-19067b9d8939/build] unable to get git ref: failed to identify reference (tag/branch) for the checked-out revision '2088a59da55e581391f9a768003b68baca467007'
[269614b0-a8e7-4b66-a636-19067b9d8939/build] unable to get git ref: failed to identify reference (tag/branch) for the checked-out revision '2088a59da55e581391f9a768003b68baca467007'
[269614b0-a8e7-4b66-a636-19067b9d8939/build] unable to get git ref: failed to identify reference (tag/branch) for the checked-out revision '2088a59da55e581391f9a768003b68baca467007'
[269614b0-a8e7-4b66-a636-19067b9d8939/build] unable to get git ref: failed to identify reference (tag/branch) for the checked-out revision '2088a59da55e581391f9a768003b68baca467007'
[269614b0-a8e7-4b66-a636-19067b9d8939/build] unable to get git ref: failed to identify reference (tag/branch) for the checked-out revision '2088a59da55e581391f9a768003b68baca467007'
[269614b0-a8e7-4b66-a636-19067b9d8939/build] unable to get git ref: failed to identify reference (tag/branch) for the checked-out revision '2088a59da55e581391f9a768003b68baca467007'
[269614b0-a8e7-4b66-a636-19067b9d8939/build] unable to get git ref: failed to identify reference (tag/branch) for the checked-out revision '2088a59da55e581391f9a768003b68baca467007'
[269614b0-a8e7-4b66-a636-19067b9d8939/build] â­ Run Main actions/checkout@v3
[269614b0-a8e7-4b66-a636-19067b9d8939/build] unable to get git ref: failed to identify reference (tag/branch) for the checked-out revision '2088a59da55e581391f9a768003b68baca467007'
[269614b0-a8e7-4b66-a636-19067b9d8939/build] unable to get git ref: failed to identify reference (tag/branch) for the checked-out revision '2088a59da55e581391f9a768003b68baca467007'
[269614b0-a8e7-4b66-a636-19067b9d8939/build]   ğŸ³  docker cp src=/tmp/4624ebf4-86e9-4856-bbb1-4ecda0cc051e/. dst=/tmp/4624ebf4-86e9-4856-bbb1-4ecda0cc051e
[269614b0-a8e7-4b66-a636-19067b9d8939/build]   ğŸ³  docker exec cmd=[chown -R 1012:1013 /tmp/4624ebf4-86e9-4856-bbb1-4ecda0cc051e] user=0 workdir=
[269614b0-a8e7-4b66-a636-19067b9d8939/build]   âœ…  Success - Main actions/checkout@v3
[269614b0-a8e7-4b66-a636-19067b9d8939/build] unable to get git ref: failed to identify reference (tag/branch) for the checked-out revision '2088a59da55e581391f9a768003b68baca467007'
[269614b0-a8e7-4b66-a636-19067b9d8939/build] unable to get git ref: failed to identify reference (tag/branch) for the checked-out revision '2088a59da55e581391f9a768003b68baca467007'
[269614b0-a8e7-4b66-a636-19067b9d8939/build] unable to get git ref: failed to identify reference (tag/branch) for the checked-out revision '2088a59da55e581391f9a768003b68baca467007'
[269614b0-a8e7-4b66-a636-19067b9d8939/build] unable to get git ref: failed to identify reference (tag/branch) for the checked-out revision '2088a59da55e581391f9a768003b68baca467007'
[269614b0-a8e7-4b66-a636-19067b9d8939/build] unable to get git ref: failed to identify reference (tag/branch) for the checked-out revision '2088a59da55e581391f9a768003b68baca467007'
[269614b0-a8e7-4b66-a636-19067b9d8939/build] â­ Run Main actions/setup-java@v3
[269614b0-a8e7-4b66-a636-19067b9d8939/build] unable to get git ref: failed to identify reference (tag/branch) for the checked-out revision '2088a59da55e581391f9a768003b68baca467007'
[269614b0-a8e7-4b66-a636-19067b9d8939/build] unable to get git ref: failed to identify reference (tag/branch) for the checked-out revision '2088a59da55e581391f9a768003b68baca467007'
[269614b0-a8e7-4b66-a636-19067b9d8939/build] unable to get git ref: failed to identify reference (tag/branch) for the checked-out revision '2088a59da55e581391f9a768003b68baca467007'
[269614b0-a8e7-4b66-a636-19067b9d8939/build]   ğŸ³  docker cp src=/tmp/act-cache/ff7a736e-1fc4-4817-9147-d664e175e633/act/actions-setup-java@v3/ dst=/var/run/act/actions/actions-setup-java@v3/
[269614b0-a8e7-4b66-a636-19067b9d8939/build]   ğŸ³  docker exec cmd=[chown -R 1012:1013 /var/run/act/actions/actions-setup-java@v3/] user=0 workdir=
[269614b0-a8e7-4b66-a636-19067b9d8939/build]   ğŸ³  docker exec cmd=[node /var/run/act/actions/actions-setup-java@v3/dist/setup/index.js] user= workdir=
[269614b0-a8e7-4b66-a636-19067b9d8939/build]   â“  ::group::Installed distributions
[269614b0-a8e7-4b66-a636-19067b9d8939/build]   | Trying to resolve the latest version from remote
[269614b0-a8e7-4b66-a636-19067b9d8939/build]   ğŸ’¬  ::debug::Gathering available versions from 'https://api.azul.com/zulu/download/community/v1.0/bundles/?os=linux&ext=tar.gz&bundle_type=jdk&javafx=false&arch=x86&hw_bitness=64&release_status=ga'
[269614b0-a8e7-4b66-a636-19067b9d8939/build]   | Resolved latest version as 11.0.21+9
[269614b0-a8e7-4b66-a636-19067b9d8939/build]   | Trying to download...
[269614b0-a8e7-4b66-a636-19067b9d8939/build]   | Downloading Java 11.0.21+9 (Zulu) from https://cdn.azul.com/zulu/bin/zulu11.68.17-ca-jdk11.0.21-linux_x64.tar.gz ...
[269614b0-a8e7-4b66-a636-19067b9d8939/build]   ğŸ’¬  ::debug::Downloading https://cdn.azul.com/zulu/bin/zulu11.68.17-ca-jdk11.0.21-linux_x64.tar.gz
[269614b0-a8e7-4b66-a636-19067b9d8939/build]   ğŸ’¬  ::debug::Destination /tmp/2d957107-e410-4db1-878f-db68e38411b0
[269614b0-a8e7-4b66-a636-19067b9d8939/build]   ğŸ’¬  ::debug::download complete
[269614b0-a8e7-4b66-a636-19067b9d8939/build]   | Extracting Java archive...
[269614b0-a8e7-4b66-a636-19067b9d8939/build]   ğŸ’¬  ::debug::Checking tar --version
[269614b0-a8e7-4b66-a636-19067b9d8939/build]   ğŸ’¬  ::debug::tar (GNU tar) 1.34%0ACopyright (C) 2021 Free Software Foundation, Inc.%0ALicense GPLv3+: GNU GPL version 3 or later <https://gnu.org/licenses/gpl.html>.%0AThis is free software: you are free to change and redistribute it.%0AThere is NO WARRANTY, to the extent permitted by law.%0A%0AWritten by John Gilmore and Jay Fenlason.
[269614b0-a8e7-4b66-a636-19067b9d8939/build]   | [command]/usr/bin/tar xz --warning=no-unknown-keyword -C /tmp/90ce67b4-779d-4323-b981-fdba033bae69 -f /tmp/2d957107-e410-4db1-878f-db68e38411b0
[269614b0-a8e7-4b66-a636-19067b9d8939/build]   ğŸ’¬  ::debug::Caching tool Java_Zulu_jdk 11.0.21-9 x64
[269614b0-a8e7-4b66-a636-19067b9d8939/build]   ğŸ’¬  ::debug::source dir: /tmp/90ce67b4-779d-4323-b981-fdba033bae69/zulu11.68.17-ca-jdk11.0.21-linux_x64
[269614b0-a8e7-4b66-a636-19067b9d8939/build]   ğŸ’¬  ::debug::destination /opt/hostedtoolcache/Java_Zulu_jdk/11.0.21-9/x64
[269614b0-a8e7-4b66-a636-19067b9d8939/build]   ğŸ’¬  ::debug::finished caching tool
[269614b0-a8e7-4b66-a636-19067b9d8939/build]   | Java 11.0.21+9 was downloaded
[269614b0-a8e7-4b66-a636-19067b9d8939/build]   | Setting Java 11.0.21+9 as the default
[269614b0-a8e7-4b66-a636-19067b9d8939/build]   | Creating toolchains.xml for JDK version 11 from zulu
[269614b0-a8e7-4b66-a636-19067b9d8939/build]   | Writing to /home/runner/.m2/toolchains.xml
[269614b0-a8e7-4b66-a636-19067b9d8939/build]   | 
[269614b0-a8e7-4b66-a636-19067b9d8939/build]   | Java configuration:
[269614b0-a8e7-4b66-a636-19067b9d8939/build]   |   Distribution: zulu
[269614b0-a8e7-4b66-a636-19067b9d8939/build]   |   Version: 11.0.21+9
[269614b0-a8e7-4b66-a636-19067b9d8939/build]   |   Path: /opt/hostedtoolcache/Java_Zulu_jdk/11.0.21-9/x64
[269614b0-a8e7-4b66-a636-19067b9d8939/build]   | 
[269614b0-a8e7-4b66-a636-19067b9d8939/build]   â“  ::endgroup::
[269614b0-a8e7-4b66-a636-19067b9d8939/build]   â“ add-matcher /run/act/actions/actions-setup-java@v3/.github/java.json
[269614b0-a8e7-4b66-a636-19067b9d8939/build]   | Creating settings.xml with server-id: github
[269614b0-a8e7-4b66-a636-19067b9d8939/build]   | Writing to /home/runner/.m2/settings.xml
[269614b0-a8e7-4b66-a636-19067b9d8939/build]   âœ…  Success - Main actions/setup-java@v3
[269614b0-a8e7-4b66-a636-19067b9d8939/build]   âš™  ::set-env:: JAVA_HOME=/opt/hostedtoolcache/Java_Zulu_jdk/11.0.21-9/x64
[269614b0-a8e7-4b66-a636-19067b9d8939/build]   âš™  ::set-env:: JAVA_HOME_11_X64=/opt/hostedtoolcache/Java_Zulu_jdk/11.0.21-9/x64
[269614b0-a8e7-4b66-a636-19067b9d8939/build]   âš™  ::set-output:: version=11.0.21+9
[269614b0-a8e7-4b66-a636-19067b9d8939/build]   âš™  ::set-output:: distribution=Zulu
[269614b0-a8e7-4b66-a636-19067b9d8939/build]   âš™  ::set-output:: path=/opt/hostedtoolcache/Java_Zulu_jdk/11.0.21-9/x64
[269614b0-a8e7-4b66-a636-19067b9d8939/build]   âš™  ::add-path:: /opt/hostedtoolcache/Java_Zulu_jdk/11.0.21-9/x64/bin
[269614b0-a8e7-4b66-a636-19067b9d8939/build] unable to get git ref: failed to identify reference (tag/branch) for the checked-out revision '2088a59da55e581391f9a768003b68baca467007'
[269614b0-a8e7-4b66-a636-19067b9d8939/build] unable to get git ref: failed to identify reference (tag/branch) for the checked-out revision '2088a59da55e581391f9a768003b68baca467007'
[269614b0-a8e7-4b66-a636-19067b9d8939/build] unable to get git ref: failed to identify reference (tag/branch) for the checked-out revision '2088a59da55e581391f9a768003b68baca467007'
[269614b0-a8e7-4b66-a636-19067b9d8939/build] unable to get git ref: failed to identify reference (tag/branch) for the checked-out revision '2088a59da55e581391f9a768003b68baca467007'
[269614b0-a8e7-4b66-a636-19067b9d8939/build] unable to get git ref: failed to identify reference (tag/branch) for the checked-out revision '2088a59da55e581391f9a768003b68baca467007'
[269614b0-a8e7-4b66-a636-19067b9d8939/build] â­ Run Main ./gradlew build --no-daemon --warning-mode=fail
[269614b0-a8e7-4b66-a636-19067b9d8939/build] unable to get git ref: failed to identify reference (tag/branch) for the checked-out revision '2088a59da55e581391f9a768003b68baca467007'
[269614b0-a8e7-4b66-a636-19067b9d8939/build] unable to get git ref: failed to identify reference (tag/branch) for the checked-out revision '2088a59da55e581391f9a768003b68baca467007'
[269614b0-a8e7-4b66-a636-19067b9d8939/build] unable to get git ref: failed to identify reference (tag/branch) for the checked-out revision '2088a59da55e581391f9a768003b68baca467007'
[269614b0-a8e7-4b66-a636-19067b9d8939/build] unable to get git ref: failed to identify reference (tag/branch) for the checked-out revision '2088a59da55e581391f9a768003b68baca467007'
[269614b0-a8e7-4b66-a636-19067b9d8939/build]   ğŸ³  docker exec cmd=[bash --noprofile --norc -e -o pipefail /var/run/act/workflow/2] user= workdir=
[269614b0-a8e7-4b66-a636-19067b9d8939/build]   | Downloading https://services.gradle.org/distributions/gradle-7.5.1-bin.zip
[269614b0-a8e7-4b66-a636-19067b9d8939/build]   | ...........10%............20%...........30%............40%...........50%............60%...........70%............80%...........90%............100%
[269614b0-a8e7-4b66-a636-19067b9d8939/build]   | 
[269614b0-a8e7-4b66-a636-19067b9d8939/build]   | Welcome to Gradle 7.5.1!
[269614b0-a8e7-4b66-a636-19067b9d8939/build]   | 
[269614b0-a8e7-4b66-a636-19067b9d8939/build]   | Here are the highlights of this release:
[269614b0-a8e7-4b66-a636-19067b9d8939/build]   |  - Support for Java 18
[269614b0-a8e7-4b66-a636-19067b9d8939/build]   |  - Support for building with Groovy 4
[269614b0-a8e7-4b66-a636-19067b9d8939/build]   |  - Much more responsive continuous builds
[269614b0-a8e7-4b66-a636-19067b9d8939/build]   |  - Improved diagnostics for dependency resolution
[269614b0-a8e7-4b66-a636-19067b9d8939/build]   | 
[269614b0-a8e7-4b66-a636-19067b9d8939/build]   | For more details see https://docs.gradle.org/7.5.1/release-notes.html
[269614b0-a8e7-4b66-a636-19067b9d8939/build]   | 
[269614b0-a8e7-4b66-a636-19067b9d8939/build]   | To honour the JVM settings for this build a single-use Daemon process will be forked. See https://docs.gradle.org/7.5.1/userguide/gradle_daemon.html#sec:disabling_the_daemon.
[269614b0-a8e7-4b66-a636-19067b9d8939/build]   | Daemon will be stopped at the end of the build 
[269614b0-a8e7-4b66-a636-19067b9d8939/build]   | 
[269614b0-a8e7-4b66-a636-19067b9d8939/build]   | > Configure project :
[269614b0-a8e7-4b66-a636-19067b9d8939/build]   | Kordamp Enforcer Gradle plugin 0.13.0. Consider becoming a patron at https://www.patreon.com/aalmiray
[269614b0-a8e7-4b66-a636-19067b9d8939/build]   | 
[269614b0-a8e7-4b66-a636-19067b9d8939/build]   | > Task :copyDependencies
[269614b0-a8e7-4b66-a636-19067b9d8939/build]   | > Task :extractIncludeProto
[269614b0-a8e7-4b66-a636-19067b9d8939/build]   | > Task :extractProto
[269614b0-a8e7-4b66-a636-19067b9d8939/build]   | > Task :generateProto
[269614b0-a8e7-4b66-a636-19067b9d8939/build]   | > Task :compileJava
[269614b0-a8e7-4b66-a636-19067b9d8939/build]   | Note: Some input files use or override a deprecated API.
[269614b0-a8e7-4b66-a636-19067b9d8939/build]   | Note: Recompile with -Xlint:deprecation for details.
[269614b0-a8e7-4b66-a636-19067b9d8939/build]   | Note: Some input files use unchecked or unsafe operations.
[269614b0-a8e7-4b66-a636-19067b9d8939/build]   | Note: Recompile with -Xlint:unchecked for details.
[269614b0-a8e7-4b66-a636-19067b9d8939/build]   | 
[269614b0-a8e7-4b66-a636-19067b9d8939/build]   | > Task :processResources
[269614b0-a8e7-4b66-a636-19067b9d8939/build]   | > Task :classes
[269614b0-a8e7-4b66-a636-19067b9d8939/build]   | > Task :jar
[269614b0-a8e7-4b66-a636-19067b9d8939/build]   | > Task :assemble
[269614b0-a8e7-4b66-a636-19067b9d8939/build]   | > Task :extractIncludeTestProto
[269614b0-a8e7-4b66-a636-19067b9d8939/build]   | > Task :extractTestProto
[269614b0-a8e7-4b66-a636-19067b9d8939/build]   | > Task :generateTestProto NO-SOURCE
[269614b0-a8e7-4b66-a636-19067b9d8939/build]   | 
[269614b0-a8e7-4b66-a636-19067b9d8939/build]   | > Task :compileTestJava
[269614b0-a8e7-4b66-a636-19067b9d8939/build]   | Note: Some input files use or override a deprecated API.
[269614b0-a8e7-4b66-a636-19067b9d8939/build]   | Note: Recompile with -Xlint:deprecation for details.
[269614b0-a8e7-4b66-a636-19067b9d8939/build]   | 
[269614b0-a8e7-4b66-a636-19067b9d8939/build]   | > Task :processTestResources NO-SOURCE
[269614b0-a8e7-4b66-a636-19067b9d8939/build]   | > Task :testClasses
[269614b0-a8e7-4b66-a636-19067b9d8939/build]   | > Task :checkstyleTest SKIPPED
[269614b0-a8e7-4b66-a636-19067b9d8939/build]   | > Task :checkstyleMain
[269614b0-a8e7-4b66-a636-19067b9d8939/build]   | 
[269614b0-a8e7-4b66-a636-19067b9d8939/build]   | > Task :test FAILED
[269614b0-a8e7-4b66-a636-19067b9d8939/build]   | 
[269614b0-a8e7-4b66-a636-19067b9d8939/build]   | Minifinder2ProtocolDecoderTest > testDecode() FAILED
[269614b0-a8e7-4b66-a636-19067b9d8939/build]   |     org.opentest4j.AssertionFailedError at Minifinder2ProtocolDecoderTest.java:27
[269614b0-a8e7-4b66-a636-19067b9d8939/build]   | 
[269614b0-a8e7-4b66-a636-19067b9d8939/build]   | 497 tests completed, 1 failed, 23 skipped
[269614b0-a8e7-4b66-a636-19067b9d8939/build]   | 
[269614b0-a8e7-4b66-a636-19067b9d8939/build]   | FAILURE: Build failed with an exception.
[269614b0-a8e7-4b66-a636-19067b9d8939/build]   | 
[269614b0-a8e7-4b66-a636-19067b9d8939/build]   | * What went wrong:
[269614b0-a8e7-4b66-a636-19067b9d8939/build]   | Execution failed for task ':test'.
[269614b0-a8e7-4b66-a636-19067b9d8939/build]   | > There were failing tests. See the report at: file:///tmp/4624ebf4-86e9-4856-bbb1-4ecda0cc051e/build/reports/tests/test/index.html
[269614b0-a8e7-4b66-a636-19067b9d8939/build]   | 
[269614b0-a8e7-4b66-a636-19067b9d8939/build]   | * Try:
[269614b0-a8e7-4b66-a636-19067b9d8939/build]   | > Run with --stacktrace option to get the stack trace.
[269614b0-a8e7-4b66-a636-19067b9d8939/build]   | > Run with --info or --debug option to get more log output.
[269614b0-a8e7-4b66-a636-19067b9d8939/build]   | > Run with --scan to get full insights.
[269614b0-a8e7-4b66-a636-19067b9d8939/build]   | 
[269614b0-a8e7-4b66-a636-19067b9d8939/build]   | * Get more help at https://help.gradle.org
[269614b0-a8e7-4b66-a636-19067b9d8939/build]   | 
[269614b0-a8e7-4b66-a636-19067b9d8939/build]   | BUILD FAILED in 3m 37s
[269614b0-a8e7-4b66-a636-19067b9d8939/build]   | 12 actionable tasks: 12 executed
[269614b0-a8e7-4b66-a636-19067b9d8939/build]   âŒ  Failure - Main ./gradlew build --no-daemon --warning-mode=fail
[269614b0-a8e7-4b66-a636-19067b9d8939/build] exitcode '1': failure
[269614b0-a8e7-4b66-a636-19067b9d8939/build] unable to get git ref: failed to identify reference (tag/branch) for the checked-out revision '2088a59da55e581391f9a768003b68baca467007'
[269614b0-a8e7-4b66-a636-19067b9d8939/build] unable to get git ref: failed to identify reference (tag/branch) for the checked-out revision '2088a59da55e581391f9a768003b68baca467007'
[269614b0-a8e7-4b66-a636-19067b9d8939/build] unable to get git ref: failed to identify reference (tag/branch) for the checked-out revision '2088a59da55e581391f9a768003b68baca467007'
[269614b0-a8e7-4b66-a636-19067b9d8939/build] unable to get git ref: failed to identify reference (tag/branch) for the checked-out revision '2088a59da55e581391f9a768003b68baca467007'
[269614b0-a8e7-4b66-a636-19067b9d8939/build] unable to get git ref: failed to identify reference (tag/branch) for the checked-out revision '2088a59da55e581391f9a768003b68baca467007'
[269614b0-a8e7-4b66-a636-19067b9d8939/build] â­ Run Post actions/setup-java@v3
[269614b0-a8e7-4b66-a636-19067b9d8939/build]   ğŸ³  docker exec cmd=[node /var/run/act/actions/actions-setup-java@v3/dist/cleanup/index.js] user= workdir=
[269614b0-a8e7-4b66-a636-19067b9d8939/build]   âœ…  Success - Post actions/setup-java@v3
[269614b0-a8e7-4b66-a636-19067b9d8939/build] ğŸ  Job failed
[269614b0-a8e7-4b66-a636-19067b9d8939/build] unable to get git ref: failed to identify reference (tag/branch) for the checked-out revision '2088a59da55e581391f9a768003b68baca467007'
