[7c843e0f-b941-4e75-8a20-027cc3cbac4f/build-linux] üöÄ  Start image=gitbugactions:latest
[7c843e0f-b941-4e75-8a20-027cc3cbac4f/build-linux]   üê≥  docker pull image=gitbugactions:latest platform= username= forcePull=false
[7c843e0f-b941-4e75-8a20-027cc3cbac4f/build-linux]   üê≥  docker create image=gitbugactions:latest platform= entrypoint=["tail" "-f" "/dev/null"] cmd=[]
[7c843e0f-b941-4e75-8a20-027cc3cbac4f/build-linux]   üê≥  docker run image=gitbugactions:latest platform= entrypoint=["tail" "-f" "/dev/null"] cmd=[]
[7c843e0f-b941-4e75-8a20-027cc3cbac4f/build-linux]   üê≥  docker exec cmd=[chown -R 1012:1013 /tmp/a562528d-f2c2-461b-834c-543d1aa9636d] user=0 workdir=
[7c843e0f-b941-4e75-8a20-027cc3cbac4f/build-linux] unable to get git ref: failed to identify reference (tag/branch) for the checked-out revision '24b7a6aecc4e431640a2b82a562199008a8bb896'
[7c843e0f-b941-4e75-8a20-027cc3cbac4f/build-linux] unable to get git ref: failed to identify reference (tag/branch) for the checked-out revision '24b7a6aecc4e431640a2b82a562199008a8bb896'
[7c843e0f-b941-4e75-8a20-027cc3cbac4f/build-linux] unable to get git ref: failed to identify reference (tag/branch) for the checked-out revision '24b7a6aecc4e431640a2b82a562199008a8bb896'
[7c843e0f-b941-4e75-8a20-027cc3cbac4f/build-linux] unable to get git ref: failed to identify reference (tag/branch) for the checked-out revision '24b7a6aecc4e431640a2b82a562199008a8bb896'
[7c843e0f-b941-4e75-8a20-027cc3cbac4f/build-linux] unable to get git ref: failed to identify reference (tag/branch) for the checked-out revision '24b7a6aecc4e431640a2b82a562199008a8bb896'
[7c843e0f-b941-4e75-8a20-027cc3cbac4f/build-linux] unable to get git ref: failed to identify reference (tag/branch) for the checked-out revision '24b7a6aecc4e431640a2b82a562199008a8bb896'
[7c843e0f-b941-4e75-8a20-027cc3cbac4f/build-linux] unable to get git ref: failed to identify reference (tag/branch) for the checked-out revision '24b7a6aecc4e431640a2b82a562199008a8bb896'
[7c843e0f-b941-4e75-8a20-027cc3cbac4f/build-linux] unable to get git ref: failed to identify reference (tag/branch) for the checked-out revision '24b7a6aecc4e431640a2b82a562199008a8bb896'
[7c843e0f-b941-4e75-8a20-027cc3cbac4f/build-linux] unable to get git ref: failed to identify reference (tag/branch) for the checked-out revision '24b7a6aecc4e431640a2b82a562199008a8bb896'
[7c843e0f-b941-4e75-8a20-027cc3cbac4f/build-linux] ‚≠ê Run Main actions/checkout@v3
[7c843e0f-b941-4e75-8a20-027cc3cbac4f/build-linux] unable to get git ref: failed to identify reference (tag/branch) for the checked-out revision '24b7a6aecc4e431640a2b82a562199008a8bb896'
[7c843e0f-b941-4e75-8a20-027cc3cbac4f/build-linux] unable to get git ref: failed to identify reference (tag/branch) for the checked-out revision '24b7a6aecc4e431640a2b82a562199008a8bb896'
[7c843e0f-b941-4e75-8a20-027cc3cbac4f/build-linux]   üê≥  docker cp src=/tmp/a562528d-f2c2-461b-834c-543d1aa9636d/. dst=/tmp/a562528d-f2c2-461b-834c-543d1aa9636d
[7c843e0f-b941-4e75-8a20-027cc3cbac4f/build-linux]   üê≥  docker exec cmd=[chown -R 1012:1013 /tmp/a562528d-f2c2-461b-834c-543d1aa9636d] user=0 workdir=
[7c843e0f-b941-4e75-8a20-027cc3cbac4f/build-linux]   ‚úÖ  Success - Main actions/checkout@v3
[7c843e0f-b941-4e75-8a20-027cc3cbac4f/build-linux] unable to get git ref: failed to identify reference (tag/branch) for the checked-out revision '24b7a6aecc4e431640a2b82a562199008a8bb896'
[7c843e0f-b941-4e75-8a20-027cc3cbac4f/build-linux] unable to get git ref: failed to identify reference (tag/branch) for the checked-out revision '24b7a6aecc4e431640a2b82a562199008a8bb896'
[7c843e0f-b941-4e75-8a20-027cc3cbac4f/build-linux] unable to get git ref: failed to identify reference (tag/branch) for the checked-out revision '24b7a6aecc4e431640a2b82a562199008a8bb896'
[7c843e0f-b941-4e75-8a20-027cc3cbac4f/build-linux] unable to get git ref: failed to identify reference (tag/branch) for the checked-out revision '24b7a6aecc4e431640a2b82a562199008a8bb896'
[7c843e0f-b941-4e75-8a20-027cc3cbac4f/build-linux] unable to get git ref: failed to identify reference (tag/branch) for the checked-out revision '24b7a6aecc4e431640a2b82a562199008a8bb896'
[7c843e0f-b941-4e75-8a20-027cc3cbac4f/build-linux] ‚≠ê Run Main Set up JDK 11
[7c843e0f-b941-4e75-8a20-027cc3cbac4f/build-linux] unable to get git ref: failed to identify reference (tag/branch) for the checked-out revision '24b7a6aecc4e431640a2b82a562199008a8bb896'
[7c843e0f-b941-4e75-8a20-027cc3cbac4f/build-linux] unable to get git ref: failed to identify reference (tag/branch) for the checked-out revision '24b7a6aecc4e431640a2b82a562199008a8bb896'
[7c843e0f-b941-4e75-8a20-027cc3cbac4f/build-linux] unable to get git ref: failed to identify reference (tag/branch) for the checked-out revision '24b7a6aecc4e431640a2b82a562199008a8bb896'
[7c843e0f-b941-4e75-8a20-027cc3cbac4f/build-linux]   üê≥  docker cp src=/tmp/act-cache/250f79b4-5b59-4472-b60c-d3be4ebede96/act/actions-setup-java@v3/ dst=/var/run/act/actions/actions-setup-java@v3/
[7c843e0f-b941-4e75-8a20-027cc3cbac4f/build-linux]   üê≥  docker exec cmd=[chown -R 1012:1013 /var/run/act/actions/actions-setup-java@v3/] user=0 workdir=
[7c843e0f-b941-4e75-8a20-027cc3cbac4f/build-linux]   üê≥  docker exec cmd=[node /var/run/act/actions/actions-setup-java@v3/dist/setup/index.js] user= workdir=
[7c843e0f-b941-4e75-8a20-027cc3cbac4f/build-linux]   ‚ùì  ::group::Installed distributions
[7c843e0f-b941-4e75-8a20-027cc3cbac4f/build-linux]   üí¨  ::debug::isExplicit: 11.0.20-1
[7c843e0f-b941-4e75-8a20-027cc3cbac4f/build-linux]   üí¨  ::debug::explicit? true
[7c843e0f-b941-4e75-8a20-027cc3cbac4f/build-linux]   üí¨  ::debug::isExplicit: 17.0.8-1
[7c843e0f-b941-4e75-8a20-027cc3cbac4f/build-linux]   üí¨  ::debug::explicit? true
[7c843e0f-b941-4e75-8a20-027cc3cbac4f/build-linux]   üí¨  ::debug::isExplicit: 21.0.0-35
[7c843e0f-b941-4e75-8a20-027cc3cbac4f/build-linux]   üí¨  ::debug::explicit? true
[7c843e0f-b941-4e75-8a20-027cc3cbac4f/build-linux]   üí¨  ::debug::isExplicit: 8.0.382-5
[7c843e0f-b941-4e75-8a20-027cc3cbac4f/build-linux]   üí¨  ::debug::explicit? true
[7c843e0f-b941-4e75-8a20-027cc3cbac4f/build-linux]   | Resolved Java 11.0.20+1 from tool-cache
[7c843e0f-b941-4e75-8a20-027cc3cbac4f/build-linux]   | Setting Java 11.0.20+1 as the default
[7c843e0f-b941-4e75-8a20-027cc3cbac4f/build-linux]   | Creating toolchains.xml for JDK version 11 from temurin
[7c843e0f-b941-4e75-8a20-027cc3cbac4f/build-linux]   | Writing to /home/runner/.m2/toolchains.xml
[7c843e0f-b941-4e75-8a20-027cc3cbac4f/build-linux]   | 
[7c843e0f-b941-4e75-8a20-027cc3cbac4f/build-linux]   | Java configuration:
[7c843e0f-b941-4e75-8a20-027cc3cbac4f/build-linux]   |   Distribution: temurin
[7c843e0f-b941-4e75-8a20-027cc3cbac4f/build-linux]   |   Version: 11.0.20+1
[7c843e0f-b941-4e75-8a20-027cc3cbac4f/build-linux]   |   Path: /opt/hostedtoolcache/Java_Temurin-Hotspot_jdk/11.0.20-1/x64
[7c843e0f-b941-4e75-8a20-027cc3cbac4f/build-linux]   | 
[7c843e0f-b941-4e75-8a20-027cc3cbac4f/build-linux]   ‚ùì  ::endgroup::
[7c843e0f-b941-4e75-8a20-027cc3cbac4f/build-linux]   ‚ùì add-matcher /run/act/actions/actions-setup-java@v3/.github/java.json
[7c843e0f-b941-4e75-8a20-027cc3cbac4f/build-linux]   | Creating settings.xml with server-id: github
[7c843e0f-b941-4e75-8a20-027cc3cbac4f/build-linux]   | Writing to /home/runner/.m2/settings.xml
[7c843e0f-b941-4e75-8a20-027cc3cbac4f/build-linux]   ‚úÖ  Success - Main Set up JDK 11
[7c843e0f-b941-4e75-8a20-027cc3cbac4f/build-linux]   ‚öô  ::set-env:: JAVA_HOME_11_X64=/opt/hostedtoolcache/Java_Temurin-Hotspot_jdk/11.0.20-1/x64
[7c843e0f-b941-4e75-8a20-027cc3cbac4f/build-linux]   ‚öô  ::set-env:: JAVA_HOME=/opt/hostedtoolcache/Java_Temurin-Hotspot_jdk/11.0.20-1/x64
[7c843e0f-b941-4e75-8a20-027cc3cbac4f/build-linux]   ‚öô  ::set-output:: path=/opt/hostedtoolcache/Java_Temurin-Hotspot_jdk/11.0.20-1/x64
[7c843e0f-b941-4e75-8a20-027cc3cbac4f/build-linux]   ‚öô  ::set-output:: version=11.0.20+1
[7c843e0f-b941-4e75-8a20-027cc3cbac4f/build-linux]   ‚öô  ::set-output:: distribution=Temurin-Hotspot
[7c843e0f-b941-4e75-8a20-027cc3cbac4f/build-linux]   ‚öô  ::add-path:: /opt/hostedtoolcache/Java_Temurin-Hotspot_jdk/11.0.20-1/x64/bin
[7c843e0f-b941-4e75-8a20-027cc3cbac4f/build-linux] unable to get git ref: failed to identify reference (tag/branch) for the checked-out revision '24b7a6aecc4e431640a2b82a562199008a8bb896'
[7c843e0f-b941-4e75-8a20-027cc3cbac4f/build-linux] unable to get git ref: failed to identify reference (tag/branch) for the checked-out revision '24b7a6aecc4e431640a2b82a562199008a8bb896'
[7c843e0f-b941-4e75-8a20-027cc3cbac4f/build-linux] unable to get git ref: failed to identify reference (tag/branch) for the checked-out revision '24b7a6aecc4e431640a2b82a562199008a8bb896'
[7c843e0f-b941-4e75-8a20-027cc3cbac4f/build-linux] unable to get git ref: failed to identify reference (tag/branch) for the checked-out revision '24b7a6aecc4e431640a2b82a562199008a8bb896'
[7c843e0f-b941-4e75-8a20-027cc3cbac4f/build-linux] unable to get git ref: failed to identify reference (tag/branch) for the checked-out revision '24b7a6aecc4e431640a2b82a562199008a8bb896'
[7c843e0f-b941-4e75-8a20-027cc3cbac4f/build-linux] ‚≠ê Run Main Build with Gradle
[7c843e0f-b941-4e75-8a20-027cc3cbac4f/build-linux] unable to get git ref: failed to identify reference (tag/branch) for the checked-out revision '24b7a6aecc4e431640a2b82a562199008a8bb896'
[7c843e0f-b941-4e75-8a20-027cc3cbac4f/build-linux] unable to get git ref: failed to identify reference (tag/branch) for the checked-out revision '24b7a6aecc4e431640a2b82a562199008a8bb896'
[7c843e0f-b941-4e75-8a20-027cc3cbac4f/build-linux] unable to get git ref: failed to identify reference (tag/branch) for the checked-out revision '24b7a6aecc4e431640a2b82a562199008a8bb896'
[7c843e0f-b941-4e75-8a20-027cc3cbac4f/build-linux] unable to get git ref: failed to identify reference (tag/branch) for the checked-out revision '24b7a6aecc4e431640a2b82a562199008a8bb896'
[7c843e0f-b941-4e75-8a20-027cc3cbac4f/build-linux]   üê≥  docker exec cmd=[bash --noprofile --norc -e -o pipefail /var/run/act/workflow/2] user= workdir=
[7c843e0f-b941-4e75-8a20-027cc3cbac4f/build-linux]   | Downloading https://services.gradle.org/distributions/gradle-4.8.1-bin.zip
[7c843e0f-b941-4e75-8a20-027cc3cbac4f/build-linux]   | ........................................................................
[7c843e0f-b941-4e75-8a20-027cc3cbac4f/build-linux]   | 
[7c843e0f-b941-4e75-8a20-027cc3cbac4f/build-linux]   | Welcome to Gradle 4.8.1!
[7c843e0f-b941-4e75-8a20-027cc3cbac4f/build-linux]   | 
[7c843e0f-b941-4e75-8a20-027cc3cbac4f/build-linux]   | Here are the highlights of this release:
[7c843e0f-b941-4e75-8a20-027cc3cbac4f/build-linux]   |  - Dependency locking
[7c843e0f-b941-4e75-8a20-027cc3cbac4f/build-linux]   |  - Maven Publish and Ivy Publish plugins improved and marked stable
[7c843e0f-b941-4e75-8a20-027cc3cbac4f/build-linux]   |  - Incremental annotation processing enhancements
[7c843e0f-b941-4e75-8a20-027cc3cbac4f/build-linux]   |  - APIs to configure tasks at creation time
[7c843e0f-b941-4e75-8a20-027cc3cbac4f/build-linux]   | 
[7c843e0f-b941-4e75-8a20-027cc3cbac4f/build-linux]   | For more details see https://docs.gradle.org/4.8.1/release-notes.html
[7c843e0f-b941-4e75-8a20-027cc3cbac4f/build-linux]   | 
[7c843e0f-b941-4e75-8a20-027cc3cbac4f/build-linux]   | Starting a Gradle Daemon (subsequent builds will be faster)
[7c843e0f-b941-4e75-8a20-027cc3cbac4f/build-linux]   | Download https://repo.maven.apache.org/maven2/org/apache/commons/commons-collections4/4.0/commons-collections4-4.0.pom
[7c843e0f-b941-4e75-8a20-027cc3cbac4f/build-linux]   | Download https://repo.maven.apache.org/maven2/com/google/code/gson/gson/2.8.0/gson-2.8.0.pom
[7c843e0f-b941-4e75-8a20-027cc3cbac4f/build-linux]   | Download https://repo.maven.apache.org/maven2/junit/junit/4.13/junit-4.13.pom
[7c843e0f-b941-4e75-8a20-027cc3cbac4f/build-linux]   | Download https://repo.maven.apache.org/maven2/org/projectlombok/lombok/1.18.12/lombok-1.18.12.pom
[7c843e0f-b941-4e75-8a20-027cc3cbac4f/build-linux]   | Download https://repo.maven.apache.org/maven2/com/google/code/gson/gson-parent/2.8.0/gson-parent-2.8.0.pom
[7c843e0f-b941-4e75-8a20-027cc3cbac4f/build-linux]   | Download https://repo.maven.apache.org/maven2/org/apache/commons/commons-parent/32/commons-parent-32.pom
[7c843e0f-b941-4e75-8a20-027cc3cbac4f/build-linux]   | Download https://repo.maven.apache.org/maven2/org/sonatype/oss/oss-parent/7/oss-parent-7.pom
[7c843e0f-b941-4e75-8a20-027cc3cbac4f/build-linux]   | Download https://repo.maven.apache.org/maven2/org/apache/apache/13/apache-13.pom
[7c843e0f-b941-4e75-8a20-027cc3cbac4f/build-linux]   | Download https://repo.maven.apache.org/maven2/org/hamcrest/hamcrest-core/1.3/hamcrest-core-1.3.pom
[7c843e0f-b941-4e75-8a20-027cc3cbac4f/build-linux]   | Download https://repo.maven.apache.org/maven2/org/hamcrest/hamcrest-parent/1.3/hamcrest-parent-1.3.pom
[7c843e0f-b941-4e75-8a20-027cc3cbac4f/build-linux]   | Download https://repo.maven.apache.org/maven2/junit/junit/4.13/junit-4.13.jar
[7c843e0f-b941-4e75-8a20-027cc3cbac4f/build-linux]   | Download https://repo.maven.apache.org/maven2/org/apache/commons/commons-collections4/4.0/commons-collections4-4.0.jar
[7c843e0f-b941-4e75-8a20-027cc3cbac4f/build-linux]   | Download https://repo.maven.apache.org/maven2/com/google/code/gson/gson/2.8.0/gson-2.8.0.jar
[7c843e0f-b941-4e75-8a20-027cc3cbac4f/build-linux]   | Download https://repo.maven.apache.org/maven2/org/projectlombok/lombok/1.18.12/lombok-1.18.12.jar
[7c843e0f-b941-4e75-8a20-027cc3cbac4f/build-linux]   | Download https://repo.maven.apache.org/maven2/org/hamcrest/hamcrest-core/1.3/hamcrest-core-1.3.jar
[7c843e0f-b941-4e75-8a20-027cc3cbac4f/build-linux]   | 
[7c843e0f-b941-4e75-8a20-027cc3cbac4f/build-linux]   | > Task :compileJava
[7c843e0f-b941-4e75-8a20-027cc3cbac4f/build-linux]   | Note: Some input files use unchecked or unsafe operations.
[7c843e0f-b941-4e75-8a20-027cc3cbac4f/build-linux]   | Note: Recompile with -Xlint:unchecked for details.
[7c843e0f-b941-4e75-8a20-027cc3cbac4f/build-linux]   | 
[7c843e0f-b941-4e75-8a20-027cc3cbac4f/build-linux]   | > Task :processResources NO-SOURCE
[7c843e0f-b941-4e75-8a20-027cc3cbac4f/build-linux]   | > Task :classes
[7c843e0f-b941-4e75-8a20-027cc3cbac4f/build-linux]   | > Task :jar
[7c843e0f-b941-4e75-8a20-027cc3cbac4f/build-linux]   | > Task :assemble
[7c843e0f-b941-4e75-8a20-027cc3cbac4f/build-linux]   | Download https://repo.maven.apache.org/maven2/org/assertj/assertj-core/3.11.1/assertj-core-3.11.1.pom
[7c843e0f-b941-4e75-8a20-027cc3cbac4f/build-linux]   | Download https://repo.maven.apache.org/maven2/org/assertj/assertj-parent-pom/2.2.1/assertj-parent-pom-2.2.1.pom
[7c843e0f-b941-4e75-8a20-027cc3cbac4f/build-linux]   | Download https://repo.maven.apache.org/maven2/org/junit/junit-bom/5.2.0/junit-bom-5.2.0.pom
[7c843e0f-b941-4e75-8a20-027cc3cbac4f/build-linux]   | Download https://repo.maven.apache.org/maven2/org/assertj/assertj-core/3.11.1/assertj-core-3.11.1.jar
[7c843e0f-b941-4e75-8a20-027cc3cbac4f/build-linux]   | 
[7c843e0f-b941-4e75-8a20-027cc3cbac4f/build-linux]   | > Task :compileTestJava
[7c843e0f-b941-4e75-8a20-027cc3cbac4f/build-linux]   | Note: Some input files use or override a deprecated API.
[7c843e0f-b941-4e75-8a20-027cc3cbac4f/build-linux]   | Note: Recompile with -Xlint:deprecation for details.
[7c843e0f-b941-4e75-8a20-027cc3cbac4f/build-linux]   | Note: Some input files use unchecked or unsafe operations.
[7c843e0f-b941-4e75-8a20-027cc3cbac4f/build-linux]   | Note: Recompile with -Xlint:unchecked for details.
[7c843e0f-b941-4e75-8a20-027cc3cbac4f/build-linux]   | 
[7c843e0f-b941-4e75-8a20-027cc3cbac4f/build-linux]   | > Task :processTestResources
[7c843e0f-b941-4e75-8a20-027cc3cbac4f/build-linux]   | > Task :testClasses
[7c843e0f-b941-4e75-8a20-027cc3cbac4f/build-linux]   | Download https://repo.maven.apache.org/maven2/com/puppycrawl/tools/checkstyle/6.19/checkstyle-6.19.pom
[7c843e0f-b941-4e75-8a20-027cc3cbac4f/build-linux]   | Download https://repo.maven.apache.org/maven2/org/sonatype/oss/oss-parent/9/oss-parent-9.pom
[7c843e0f-b941-4e75-8a20-027cc3cbac4f/build-linux]   | Download https://repo.maven.apache.org/maven2/antlr/antlr/2.7.7/antlr-2.7.7.pom
[7c843e0f-b941-4e75-8a20-027cc3cbac4f/build-linux]   | Download https://repo.maven.apache.org/maven2/commons-collections/commons-collections/3.2.2/commons-collections-3.2.2.pom
[7c843e0f-b941-4e75-8a20-027cc3cbac4f/build-linux]   | Download https://repo.maven.apache.org/maven2/org/antlr/antlr4-runtime/4.5.3/antlr4-runtime-4.5.3.pom
[7c843e0f-b941-4e75-8a20-027cc3cbac4f/build-linux]   | Download https://repo.maven.apache.org/maven2/commons-cli/commons-cli/1.3.1/commons-cli-1.3.1.pom
[7c843e0f-b941-4e75-8a20-027cc3cbac4f/build-linux]   | Download https://repo.maven.apache.org/maven2/com/google/guava/guava/19.0/guava-19.0.pom
[7c843e0f-b941-4e75-8a20-027cc3cbac4f/build-linux]   | Download https://repo.maven.apache.org/maven2/commons-beanutils/commons-beanutils/1.9.2/commons-beanutils-1.9.2.pom
[7c843e0f-b941-4e75-8a20-027cc3cbac4f/build-linux]   | Download https://repo.maven.apache.org/maven2/org/antlr/antlr4-master/4.5.3/antlr4-master-4.5.3.pom
[7c843e0f-b941-4e75-8a20-027cc3cbac4f/build-linux]   | Download https://repo.maven.apache.org/maven2/org/apache/commons/commons-parent/39/commons-parent-39.pom
[7c843e0f-b941-4e75-8a20-027cc3cbac4f/build-linux]   | Download https://repo.maven.apache.org/maven2/com/google/guava/guava-parent/19.0/guava-parent-19.0.pom
[7c843e0f-b941-4e75-8a20-027cc3cbac4f/build-linux]   | Download https://repo.maven.apache.org/maven2/org/apache/commons/commons-parent/33/commons-parent-33.pom
[7c843e0f-b941-4e75-8a20-027cc3cbac4f/build-linux]   | Download https://repo.maven.apache.org/maven2/org/apache/commons/commons-parent/37/commons-parent-37.pom
[7c843e0f-b941-4e75-8a20-027cc3cbac4f/build-linux]   | Download https://repo.maven.apache.org/maven2/org/apache/apache/16/apache-16.pom
[7c843e0f-b941-4e75-8a20-027cc3cbac4f/build-linux]   | Download https://repo.maven.apache.org/maven2/org/antlr/antlr4-runtime/4.5.3/antlr4-runtime-4.5.3.jar
[7c843e0f-b941-4e75-8a20-027cc3cbac4f/build-linux]   | Download https://repo.maven.apache.org/maven2/com/puppycrawl/tools/checkstyle/6.19/checkstyle-6.19.jar
[7c843e0f-b941-4e75-8a20-027cc3cbac4f/build-linux]   | Download https://repo.maven.apache.org/maven2/commons-cli/commons-cli/1.3.1/commons-cli-1.3.1.jar
[7c843e0f-b941-4e75-8a20-027cc3cbac4f/build-linux]   | Download https://repo.maven.apache.org/maven2/commons-beanutils/commons-beanutils/1.9.2/commons-beanutils-1.9.2.jar
[7c843e0f-b941-4e75-8a20-027cc3cbac4f/build-linux]   | Download https://repo.maven.apache.org/maven2/antlr/antlr/2.7.7/antlr-2.7.7.jar
[7c843e0f-b941-4e75-8a20-027cc3cbac4f/build-linux]   | Download https://repo.maven.apache.org/maven2/com/google/guava/guava/19.0/guava-19.0.jar
[7c843e0f-b941-4e75-8a20-027cc3cbac4f/build-linux]   | Download https://repo.maven.apache.org/maven2/commons-collections/commons-collections/3.2.2/commons-collections-3.2.2.jar
[7c843e0f-b941-4e75-8a20-027cc3cbac4f/build-linux]   | > Task :checkstyleTest
[7c843e0f-b941-4e75-8a20-027cc3cbac4f/build-linux]   | > Task :test
[7c843e0f-b941-4e75-8a20-027cc3cbac4f/build-linux]   | 
[7c843e0f-b941-4e75-8a20-027cc3cbac4f/build-linux]   | com.fishercoder._235Test > test3 FAILED
[7c843e0f-b941-4e75-8a20-027cc3cbac4f/build-linux]   |     java.lang.AssertionError at _235Test.java:64
[7c843e0f-b941-4e75-8a20-027cc3cbac4f/build-linux]   | 
[7c843e0f-b941-4e75-8a20-027cc3cbac4f/build-linux]   | 2721 tests completed, 1 failed, 20 skipped
[7c843e0f-b941-4e75-8a20-027cc3cbac4f/build-linux]   | 
[7c843e0f-b941-4e75-8a20-027cc3cbac4f/build-linux]   | > Task :test FAILED
[7c843e0f-b941-4e75-8a20-027cc3cbac4f/build-linux]   | 
[7c843e0f-b941-4e75-8a20-027cc3cbac4f/build-linux]   | FAILURE: Build failed with an exception.
[7c843e0f-b941-4e75-8a20-027cc3cbac4f/build-linux]   | 
[7c843e0f-b941-4e75-8a20-027cc3cbac4f/build-linux]   | * What went wrong:
[7c843e0f-b941-4e75-8a20-027cc3cbac4f/build-linux]   | Execution failed for task ':test'.
[7c843e0f-b941-4e75-8a20-027cc3cbac4f/build-linux]   | > There were failing tests. See the report at: file:///tmp/a562528d-f2c2-461b-834c-543d1aa9636d/build/reports/tests/test/index.html
[7c843e0f-b941-4e75-8a20-027cc3cbac4f/build-linux]   | 
[7c843e0f-b941-4e75-8a20-027cc3cbac4f/build-linux]   | * Try:
[7c843e0f-b941-4e75-8a20-027cc3cbac4f/build-linux]   | Run with --stacktrace option to get the stack trace. Run with --info or --debug option to get more log output. Run with --scan to get full insights.
[7c843e0f-b941-4e75-8a20-027cc3cbac4f/build-linux]   | 
[7c843e0f-b941-4e75-8a20-027cc3cbac4f/build-linux]   | * Get more help at https://help.gradle.org
[7c843e0f-b941-4e75-8a20-027cc3cbac4f/build-linux]   | 
[7c843e0f-b941-4e75-8a20-027cc3cbac4f/build-linux]   | BUILD FAILED in 2m 14s
[7c843e0f-b941-4e75-8a20-027cc3cbac4f/build-linux]   | 6 actionable tasks: 6 executed
[7c843e0f-b941-4e75-8a20-027cc3cbac4f/build-linux]   ‚ùå  Failure - Main Build with Gradle
[7c843e0f-b941-4e75-8a20-027cc3cbac4f/build-linux] exitcode '1': failure
[7c843e0f-b941-4e75-8a20-027cc3cbac4f/build-linux] unable to get git ref: failed to identify reference (tag/branch) for the checked-out revision '24b7a6aecc4e431640a2b82a562199008a8bb896'
[7c843e0f-b941-4e75-8a20-027cc3cbac4f/build-linux] unable to get git ref: failed to identify reference (tag/branch) for the checked-out revision '24b7a6aecc4e431640a2b82a562199008a8bb896'
[7c843e0f-b941-4e75-8a20-027cc3cbac4f/build-linux] unable to get git ref: failed to identify reference (tag/branch) for the checked-out revision '24b7a6aecc4e431640a2b82a562199008a8bb896'
[7c843e0f-b941-4e75-8a20-027cc3cbac4f/build-linux] unable to get git ref: failed to identify reference (tag/branch) for the checked-out revision '24b7a6aecc4e431640a2b82a562199008a8bb896'
[7c843e0f-b941-4e75-8a20-027cc3cbac4f/build-linux] unable to get git ref: failed to identify reference (tag/branch) for the checked-out revision '24b7a6aecc4e431640a2b82a562199008a8bb896'
[7c843e0f-b941-4e75-8a20-027cc3cbac4f/build-linux] ‚≠ê Run Post Set up JDK 11
[7c843e0f-b941-4e75-8a20-027cc3cbac4f/build-linux]   üê≥  docker exec cmd=[node /var/run/act/actions/actions-setup-java@v3/dist/cleanup/index.js] user= workdir=
[7c843e0f-b941-4e75-8a20-027cc3cbac4f/build-linux]   ‚úÖ  Success - Post Set up JDK 11
[7c843e0f-b941-4e75-8a20-027cc3cbac4f/build-linux] failed to remove container: Error response from daemon: Could not kill running container b9b4fa0742e7a456d99758da1a21576c23568ad460d60e46a36afd91d10a7729, cannot remove - tried to kill container, but did not receive an exit event
[7c843e0f-b941-4e75-8a20-027cc3cbac4f/build-linux] üèÅ  Job failed
[7c843e0f-b941-4e75-8a20-027cc3cbac4f/build-linux] unable to get git ref: failed to identify reference (tag/branch) for the checked-out revision '24b7a6aecc4e431640a2b82a562199008a8bb896'
