[4e1a83b8-030d-4df0-b9ef-636978e556c8/build] üöÄ  Start image=crawlergpt:latest
[4e1a83b8-030d-4df0-b9ef-636978e556c8/build]   üê≥  docker pull image=crawlergpt:latest platform= username= forcePull=false
[4e1a83b8-030d-4df0-b9ef-636978e556c8/build]   üê≥  docker create image=crawlergpt:latest platform= entrypoint=["tail" "-f" "/dev/null"] cmd=[]
[4e1a83b8-030d-4df0-b9ef-636978e556c8/build]   üê≥  docker run image=crawlergpt:latest platform= entrypoint=["tail" "-f" "/dev/null"] cmd=[]
[4e1a83b8-030d-4df0-b9ef-636978e556c8/build]   üê≥  docker exec cmd=[chown -R 1012:1013 /tmp/299caf2d-6b8d-46fb-ab6b-55de8de31788] user=0 workdir=
[4e1a83b8-030d-4df0-b9ef-636978e556c8/build] unable to get git ref: failed to identify reference (tag/branch) for the checked-out revision '03811f7febc54b03154bb6ddf13636109f8a74a4'
[4e1a83b8-030d-4df0-b9ef-636978e556c8/build] unable to get git ref: failed to identify reference (tag/branch) for the checked-out revision '03811f7febc54b03154bb6ddf13636109f8a74a4'
[4e1a83b8-030d-4df0-b9ef-636978e556c8/build] unable to get git ref: failed to identify reference (tag/branch) for the checked-out revision '03811f7febc54b03154bb6ddf13636109f8a74a4'
[4e1a83b8-030d-4df0-b9ef-636978e556c8/build] üß™  Matrix: map[os:ubuntu]
[4e1a83b8-030d-4df0-b9ef-636978e556c8/build] unable to get git ref: failed to identify reference (tag/branch) for the checked-out revision '03811f7febc54b03154bb6ddf13636109f8a74a4'
[4e1a83b8-030d-4df0-b9ef-636978e556c8/build] unable to get git ref: failed to identify reference (tag/branch) for the checked-out revision '03811f7febc54b03154bb6ddf13636109f8a74a4'
[4e1a83b8-030d-4df0-b9ef-636978e556c8/build] unable to get git ref: failed to identify reference (tag/branch) for the checked-out revision '03811f7febc54b03154bb6ddf13636109f8a74a4'
[4e1a83b8-030d-4df0-b9ef-636978e556c8/build] unable to get git ref: failed to identify reference (tag/branch) for the checked-out revision '03811f7febc54b03154bb6ddf13636109f8a74a4'
[4e1a83b8-030d-4df0-b9ef-636978e556c8/build] unable to get git ref: failed to identify reference (tag/branch) for the checked-out revision '03811f7febc54b03154bb6ddf13636109f8a74a4'
[4e1a83b8-030d-4df0-b9ef-636978e556c8/build] unable to get git ref: failed to identify reference (tag/branch) for the checked-out revision '03811f7febc54b03154bb6ddf13636109f8a74a4'
[4e1a83b8-030d-4df0-b9ef-636978e556c8/build] ‚≠ê Run Main actions/checkout@v3
[4e1a83b8-030d-4df0-b9ef-636978e556c8/build] unable to get git ref: failed to identify reference (tag/branch) for the checked-out revision '03811f7febc54b03154bb6ddf13636109f8a74a4'
[4e1a83b8-030d-4df0-b9ef-636978e556c8/build]   ‚úÖ  Success - Main actions/checkout@v3
[4e1a83b8-030d-4df0-b9ef-636978e556c8/build] unable to get git ref: failed to identify reference (tag/branch) for the checked-out revision '03811f7febc54b03154bb6ddf13636109f8a74a4'
[4e1a83b8-030d-4df0-b9ef-636978e556c8/build] unable to get git ref: failed to identify reference (tag/branch) for the checked-out revision '03811f7febc54b03154bb6ddf13636109f8a74a4'
[4e1a83b8-030d-4df0-b9ef-636978e556c8/build] unable to get git ref: failed to identify reference (tag/branch) for the checked-out revision '03811f7febc54b03154bb6ddf13636109f8a74a4'
[4e1a83b8-030d-4df0-b9ef-636978e556c8/build] unable to get git ref: failed to identify reference (tag/branch) for the checked-out revision '03811f7febc54b03154bb6ddf13636109f8a74a4'
[4e1a83b8-030d-4df0-b9ef-636978e556c8/build] unable to get git ref: failed to identify reference (tag/branch) for the checked-out revision '03811f7febc54b03154bb6ddf13636109f8a74a4'
[4e1a83b8-030d-4df0-b9ef-636978e556c8/build] ‚≠ê Run Main Set up JDK 8
[4e1a83b8-030d-4df0-b9ef-636978e556c8/build] unable to get git ref: failed to identify reference (tag/branch) for the checked-out revision '03811f7febc54b03154bb6ddf13636109f8a74a4'
[4e1a83b8-030d-4df0-b9ef-636978e556c8/build] unable to get git ref: failed to identify reference (tag/branch) for the checked-out revision '03811f7febc54b03154bb6ddf13636109f8a74a4'
[4e1a83b8-030d-4df0-b9ef-636978e556c8/build] unable to get git ref: failed to identify reference (tag/branch) for the checked-out revision '03811f7febc54b03154bb6ddf13636109f8a74a4'
[4e1a83b8-030d-4df0-b9ef-636978e556c8/build]   üê≥  docker cp src=/tmp/act-cache/ac2b90e7-1fd9-4808-8a76-f6cb0d4606b0/act/actions-setup-java@v3/ dst=/var/run/act/actions/actions-setup-java@v3/
[4e1a83b8-030d-4df0-b9ef-636978e556c8/build]   üê≥  docker exec cmd=[chown -R 1012:1013 /var/run/act/actions/actions-setup-java@v3/] user=0 workdir=
[4e1a83b8-030d-4df0-b9ef-636978e556c8/build]   üê≥  docker exec cmd=[node /var/run/act/actions/actions-setup-java@v3/dist/setup/index.js] user= workdir=
[4e1a83b8-030d-4df0-b9ef-636978e556c8/build]   ‚ùì  ::group::Installed distributions
[4e1a83b8-030d-4df0-b9ef-636978e556c8/build]   | Trying to resolve the latest version from remote
[4e1a83b8-030d-4df0-b9ef-636978e556c8/build]   | Resolved latest version as 8.0.372+7
[4e1a83b8-030d-4df0-b9ef-636978e556c8/build]   | Trying to download...
[4e1a83b8-030d-4df0-b9ef-636978e556c8/build]   | Downloading Java 8.0.372+7 (Temurin-Hotspot) from https://github.com/adoptium/temurin8-binaries/releases/download/jdk8u372-b07/OpenJDK8U-jdk_x64_linux_hotspot_8u372b07.tar.gz ...
[4e1a83b8-030d-4df0-b9ef-636978e556c8/build]   üí¨  ::debug::Downloading https://github.com/adoptium/temurin8-binaries/releases/download/jdk8u372-b07/OpenJDK8U-jdk_x64_linux_hotspot_8u372b07.tar.gz
[4e1a83b8-030d-4df0-b9ef-636978e556c8/build]   üí¨  ::debug::Destination /tmp/21e3f120-b484-4da7-9e46-d42ad44bee27
[4e1a83b8-030d-4df0-b9ef-636978e556c8/build]   | getaddrinfo EAI_AGAIN github.com
[4e1a83b8-030d-4df0-b9ef-636978e556c8/build]   | Waiting 11 seconds before trying again
[4e1a83b8-030d-4df0-b9ef-636978e556c8/build]   üí¨  ::debug::download complete
[4e1a83b8-030d-4df0-b9ef-636978e556c8/build]   | Extracting Java archive...
[4e1a83b8-030d-4df0-b9ef-636978e556c8/build]   üí¨  ::debug::Checking tar --version
[4e1a83b8-030d-4df0-b9ef-636978e556c8/build]   üí¨  ::debug::tar (GNU tar) 1.30%0ACopyright (C) 2017 Free Software Foundation, Inc.%0ALicense GPLv3+: GNU GPL version 3 or later <https://gnu.org/licenses/gpl.html>.%0AThis is free software: you are free to change and redistribute it.%0AThere is NO WARRANTY, to the extent permitted by law.%0A%0AWritten by John Gilmore and Jay Fenlason.
[4e1a83b8-030d-4df0-b9ef-636978e556c8/build]   | [command]/usr/bin/tar xz --warning=no-unknown-keyword -C /tmp/cbe8d7a2-b9eb-47c3-8f88-87e20176d115 -f /tmp/21e3f120-b484-4da7-9e46-d42ad44bee27
[4e1a83b8-030d-4df0-b9ef-636978e556c8/build]   üí¨  ::debug::Caching tool Java_Temurin-Hotspot_jdk 8.0.372-7 x64
[4e1a83b8-030d-4df0-b9ef-636978e556c8/build]   üí¨  ::debug::source dir: /tmp/cbe8d7a2-b9eb-47c3-8f88-87e20176d115/jdk8u372-b07
[4e1a83b8-030d-4df0-b9ef-636978e556c8/build]   üí¨  ::debug::destination /opt/hostedtoolcache/Java_Temurin-Hotspot_jdk/8.0.372-7/x64
[4e1a83b8-030d-4df0-b9ef-636978e556c8/build]   üí¨  ::debug::finished caching tool
[4e1a83b8-030d-4df0-b9ef-636978e556c8/build]   | Java 8.0.372+7 was downloaded
[4e1a83b8-030d-4df0-b9ef-636978e556c8/build]   | Setting Java 8.0.372+7 as the default
[4e1a83b8-030d-4df0-b9ef-636978e556c8/build]   | Creating toolchains.xml for JDK version 8 from temurin
[4e1a83b8-030d-4df0-b9ef-636978e556c8/build]   | Writing to /home/runneradmin/.m2/toolchains.xml
[4e1a83b8-030d-4df0-b9ef-636978e556c8/build]   | 
[4e1a83b8-030d-4df0-b9ef-636978e556c8/build]   | Java configuration:
[4e1a83b8-030d-4df0-b9ef-636978e556c8/build]   |   Distribution: temurin
[4e1a83b8-030d-4df0-b9ef-636978e556c8/build]   |   Version: 8.0.372+7
[4e1a83b8-030d-4df0-b9ef-636978e556c8/build]   |   Path: /opt/hostedtoolcache/Java_Temurin-Hotspot_jdk/8.0.372-7/x64
[4e1a83b8-030d-4df0-b9ef-636978e556c8/build]   | 
[4e1a83b8-030d-4df0-b9ef-636978e556c8/build]   ‚ùì  ::endgroup::
[4e1a83b8-030d-4df0-b9ef-636978e556c8/build]   ‚ùì add-matcher /run/act/actions/actions-setup-java@v3/.github/java.json
[4e1a83b8-030d-4df0-b9ef-636978e556c8/build]   | Creating settings.xml with server-id: github
[4e1a83b8-030d-4df0-b9ef-636978e556c8/build]   | Writing to /home/runneradmin/.m2/settings.xml
[4e1a83b8-030d-4df0-b9ef-636978e556c8/build]   üöß  ::warning::The runner was not able to contact the cache service. Caching will be skipped
[4e1a83b8-030d-4df0-b9ef-636978e556c8/build]   ‚úÖ  Success - Main Set up JDK 8
[4e1a83b8-030d-4df0-b9ef-636978e556c8/build]   ‚öô  ::set-env:: JAVA_HOME=/opt/hostedtoolcache/Java_Temurin-Hotspot_jdk/8.0.372-7/x64
[4e1a83b8-030d-4df0-b9ef-636978e556c8/build]   ‚öô  ::set-env:: JAVA_HOME_8_X64=/opt/hostedtoolcache/Java_Temurin-Hotspot_jdk/8.0.372-7/x64
[4e1a83b8-030d-4df0-b9ef-636978e556c8/build]   ‚öô  ::set-output:: distribution=Temurin-Hotspot
[4e1a83b8-030d-4df0-b9ef-636978e556c8/build]   ‚öô  ::set-output:: path=/opt/hostedtoolcache/Java_Temurin-Hotspot_jdk/8.0.372-7/x64
[4e1a83b8-030d-4df0-b9ef-636978e556c8/build]   ‚öô  ::set-output:: version=8.0.372+7
[4e1a83b8-030d-4df0-b9ef-636978e556c8/build]   ‚öô  ::add-path:: /opt/hostedtoolcache/Java_Temurin-Hotspot_jdk/8.0.372-7/x64/bin
[4e1a83b8-030d-4df0-b9ef-636978e556c8/build] unable to get git ref: failed to identify reference (tag/branch) for the checked-out revision '03811f7febc54b03154bb6ddf13636109f8a74a4'
[4e1a83b8-030d-4df0-b9ef-636978e556c8/build] unable to get git ref: failed to identify reference (tag/branch) for the checked-out revision '03811f7febc54b03154bb6ddf13636109f8a74a4'
[4e1a83b8-030d-4df0-b9ef-636978e556c8/build] unable to get git ref: failed to identify reference (tag/branch) for the checked-out revision '03811f7febc54b03154bb6ddf13636109f8a74a4'
[4e1a83b8-030d-4df0-b9ef-636978e556c8/build] unable to get git ref: failed to identify reference (tag/branch) for the checked-out revision '03811f7febc54b03154bb6ddf13636109f8a74a4'
[4e1a83b8-030d-4df0-b9ef-636978e556c8/build] unable to get git ref: failed to identify reference (tag/branch) for the checked-out revision '03811f7febc54b03154bb6ddf13636109f8a74a4'
[4e1a83b8-030d-4df0-b9ef-636978e556c8/build] ‚≠ê Run Main mvn --batch-mode --update-snapshots package
[4e1a83b8-030d-4df0-b9ef-636978e556c8/build] unable to get git ref: failed to identify reference (tag/branch) for the checked-out revision '03811f7febc54b03154bb6ddf13636109f8a74a4'
[4e1a83b8-030d-4df0-b9ef-636978e556c8/build] unable to get git ref: failed to identify reference (tag/branch) for the checked-out revision '03811f7febc54b03154bb6ddf13636109f8a74a4'
[4e1a83b8-030d-4df0-b9ef-636978e556c8/build] unable to get git ref: failed to identify reference (tag/branch) for the checked-out revision '03811f7febc54b03154bb6ddf13636109f8a74a4'
[4e1a83b8-030d-4df0-b9ef-636978e556c8/build] unable to get git ref: failed to identify reference (tag/branch) for the checked-out revision '03811f7febc54b03154bb6ddf13636109f8a74a4'
[4e1a83b8-030d-4df0-b9ef-636978e556c8/build]   üê≥  docker exec cmd=[bash --noprofile --norc -e -o pipefail /var/run/act/workflow/2] user= workdir=
[4e1a83b8-030d-4df0-b9ef-636978e556c8/build]   | [INFO] Scanning for projects...
[4e1a83b8-030d-4df0-b9ef-636978e556c8/build]   | [INFO] 
[4e1a83b8-030d-4df0-b9ef-636978e556c8/build]   | [INFO] -------------------------< org.vanilladb:core >-------------------------
[4e1a83b8-030d-4df0-b9ef-636978e556c8/build]   | [INFO] Building vanillacore 0.2.1
[4e1a83b8-030d-4df0-b9ef-636978e556c8/build]   | [INFO] --------------------------------[ jar ]---------------------------------
[4e1a83b8-030d-4df0-b9ef-636978e556c8/build]   | [INFO] Downloading from central: https://repo.maven.apache.org/maven2/org/apache/maven/plugins/maven-resources-plugin/3.0.1/maven-resources-plugin-3.0.1.pom
[4e1a83b8-030d-4df0-b9ef-636978e556c8/build]   | [INFO] Downloaded from central: https://repo.maven.apache.org/maven2/org/apache/maven/plugins/maven-resources-plugin/3.0.1/maven-resources-plugin-3.0.1.pom (7.2 kB at 2.9 kB/s)
[4e1a83b8-030d-4df0-b9ef-636978e556c8/build]   | [INFO] Downloading from central: https://repo.maven.apache.org/maven2/org/apache/maven/plugins/maven-plugins/30/maven-plugins-30.pom
[4e1a83b8-030d-4df0-b9ef-636978e556c8/build]   | [INFO] Downloaded from central: https://repo.maven.apache.org/maven2/org/apache/maven/plugins/maven-plugins/30/maven-plugins-30.pom (10 kB at 109 kB/s)
[4e1a83b8-030d-4df0-b9ef-636978e556c8/build]   | [INFO] Downloading from central: https://repo.maven.apache.org/maven2/org/apache/maven/maven-parent/30/maven-parent-30.pom
[4e1a83b8-030d-4df0-b9ef-636978e556c8/build]   | [INFO] Downloaded from central: https://repo.maven.apache.org/maven2/org/apache/maven/maven-parent/30/maven-parent-30.pom (41 kB at 163 kB/s)
[4e1a83b8-030d-4df0-b9ef-636978e556c8/build]   | [INFO] Downloading from central: https://repo.maven.apache.org/maven2/org/apache/apache/18/apache-18.pom
[4e1a83b8-030d-4df0-b9ef-636978e556c8/build]   | [INFO] Downloaded from central: https://repo.maven.apache.org/maven2/org/apache/apache/18/apache-18.pom (16 kB at 28 kB/s)
[4e1a83b8-030d-4df0-b9ef-636978e556c8/build]   | [INFO] Downloading from central: https://repo.maven.apache.org/maven2/org/apache/maven/plugins/maven-resources-plugin/3.0.1/maven-resources-plugin-3.0.1.jar
[4e1a83b8-030d-4df0-b9ef-636978e556c8/build]   | [INFO] Downloaded from central: https://repo.maven.apache.org/maven2/org/apache/maven/plugins/maven-resources-plugin/3.0.1/maven-resources-plugin-3.0.1.jar (31 kB at 47 kB/s)
[4e1a83b8-030d-4df0-b9ef-636978e556c8/build]   | [INFO] Downloading from central: https://repo.maven.apache.org/maven2/org/apache/maven/plugins/maven-compiler-plugin/3.5.1/maven-compiler-plugin-3.5.1.pom
[4e1a83b8-030d-4df0-b9ef-636978e556c8/build]   | [INFO] Downloaded from central: https://repo.maven.apache.org/maven2/org/apache/maven/plugins/maven-compiler-plugin/3.5.1/maven-compiler-plugin-3.5.1.pom (10 kB at 282 kB/s)
[4e1a83b8-030d-4df0-b9ef-636978e556c8/build]   | [INFO] Downloading from central: https://repo.maven.apache.org/maven2/org/apache/maven/plugins/maven-plugins/28/maven-plugins-28.pom
[4e1a83b8-030d-4df0-b9ef-636978e556c8/build]   | [INFO] Downloaded from central: https://repo.maven.apache.org/maven2/org/apache/maven/plugins/maven-plugins/28/maven-plugins-28.pom (12 kB at 174 kB/s)
[4e1a83b8-030d-4df0-b9ef-636978e556c8/build]   | [INFO] Downloading from central: https://repo.maven.apache.org/maven2/org/apache/maven/maven-parent/27/maven-parent-27.pom
[4e1a83b8-030d-4df0-b9ef-636978e556c8/build]   | [INFO] Downloaded from central: https://repo.maven.apache.org/maven2/org/apache/maven/maven-parent/27/maven-parent-27.pom (41 kB at 109 kB/s)
[4e1a83b8-030d-4df0-b9ef-636978e556c8/build]   | [INFO] Downloading from central: https://repo.maven.apache.org/maven2/org/apache/apache/17/apache-17.pom
[4e1a83b8-030d-4df0-b9ef-636978e556c8/build]   | [INFO] Downloaded from central: https://repo.maven.apache.org/maven2/org/apache/apache/17/apache-17.pom (16 kB at 88 kB/s)
[4e1a83b8-030d-4df0-b9ef-636978e556c8/build]   | [INFO] Downloading from central: https://repo.maven.apache.org/maven2/org/apache/maven/plugins/maven-compiler-plugin/3.5.1/maven-compiler-plugin-3.5.1.jar
[4e1a83b8-030d-4df0-b9ef-636978e556c8/build]   | [INFO] Downloaded from central: https://repo.maven.apache.org/maven2/org/apache/maven/plugins/maven-compiler-plugin/3.5.1/maven-compiler-plugin-3.5.1.jar (50 kB at 132 kB/s)
[4e1a83b8-030d-4df0-b9ef-636978e556c8/build]   | [INFO] Downloading from central: https://repo.maven.apache.org/maven2/org/apache/maven/plugins/maven-surefire-plugin/2.19.1/maven-surefire-plugin-2.19.1.pom
[4e1a83b8-030d-4df0-b9ef-636978e556c8/build]   | [INFO] Downloaded from central: https://repo.maven.apache.org/maven2/org/apache/maven/plugins/maven-surefire-plugin/2.19.1/maven-surefire-plugin-2.19.1.pom (5.6 kB at 64 kB/s)
[4e1a83b8-030d-4df0-b9ef-636978e556c8/build]   | [INFO] Downloading from central: https://repo.maven.apache.org/maven2/org/apache/maven/surefire/surefire/2.19.1/surefire-2.19.1.pom
[4e1a83b8-030d-4df0-b9ef-636978e556c8/build]   | [INFO] Downloaded from central: https://repo.maven.apache.org/maven2/org/apache/maven/surefire/surefire/2.19.1/surefire-2.19.1.pom (18 kB at 33 kB/s)
[4e1a83b8-030d-4df0-b9ef-636978e556c8/build]   | [INFO] Downloading from central: https://repo.maven.apache.org/maven2/org/apache/maven/maven-parent/26/maven-parent-26.pom
[4e1a83b8-030d-4df0-b9ef-636978e556c8/build]   | [INFO] Downloaded from central: https://repo.maven.apache.org/maven2/org/apache/maven/maven-parent/26/maven-parent-26.pom (40 kB at 63 kB/s)
[4e1a83b8-030d-4df0-b9ef-636978e556c8/build]   | [INFO] Downloading from central: https://repo.maven.apache.org/maven2/org/apache/apache/16/apache-16.pom
[4e1a83b8-030d-4df0-b9ef-636978e556c8/build]   | [INFO] Downloaded from central: https://repo.maven.apache.org/maven2/org/apache/apache/16/apache-16.pom (15 kB at 177 kB/s)
[4e1a83b8-030d-4df0-b9ef-636978e556c8/build]   | [INFO] Downloading from central: https://repo.maven.apache.org/maven2/org/apache/maven/plugins/maven-surefire-plugin/2.19.1/maven-surefire-plugin-2.19.1.jar
[4e1a83b8-030d-4df0-b9ef-636978e556c8/build]   | [INFO] Downloaded from central: https://repo.maven.apache.org/maven2/org/apache/maven/plugins/maven-surefire-plugin/2.19.1/maven-surefire-plugin-2.19.1.jar (38 kB at 63 kB/s)
[4e1a83b8-030d-4df0-b9ef-636978e556c8/build]   | [INFO] Downloading from central: https://repo.maven.apache.org/maven2/org/apache/maven/plugins/maven-jar-plugin/2.4/maven-jar-plugin-2.4.pom
[4e1a83b8-030d-4df0-b9ef-636978e556c8/build]   | [INFO] Downloaded from central: https://repo.maven.apache.org/maven2/org/apache/maven/plugins/maven-jar-plugin/2.4/maven-jar-plugin-2.4.pom (5.8 kB at 139 kB/s)
[4e1a83b8-030d-4df0-b9ef-636978e556c8/build]   | [INFO] Downloading from central: https://repo.maven.apache.org/maven2/org/apache/maven/plugins/maven-plugins/22/maven-plugins-22.pom
[4e1a83b8-030d-4df0-b9ef-636978e556c8/build]   | [INFO] Downloaded from central: https://repo.maven.apache.org/maven2/org/apache/maven/plugins/maven-plugins/22/maven-plugins-22.pom (13 kB at 163 kB/s)
[4e1a83b8-030d-4df0-b9ef-636978e556c8/build]   | [INFO] Downloading from central: https://repo.maven.apache.org/maven2/org/apache/maven/maven-parent/21/maven-parent-21.pom
[4e1a83b8-030d-4df0-b9ef-636978e556c8/build]   | [INFO] Downloaded from central: https://repo.maven.apache.org/maven2/org/apache/maven/maven-parent/21/maven-parent-21.pom (26 kB at 126 kB/s)
[4e1a83b8-030d-4df0-b9ef-636978e556c8/build]   | [INFO] Downloading from central: https://repo.maven.apache.org/maven2/org/apache/apache/10/apache-10.pom
[4e1a83b8-030d-4df0-b9ef-636978e556c8/build]   | [INFO] Downloaded from central: https://repo.maven.apache.org/maven2/org/apache/apache/10/apache-10.pom (15 kB at 195 kB/s)
[4e1a83b8-030d-4df0-b9ef-636978e556c8/build]   | [INFO] Downloading from central: https://repo.maven.apache.org/maven2/org/apache/maven/plugins/maven-jar-plugin/2.4/maven-jar-plugin-2.4.jar
[4e1a83b8-030d-4df0-b9ef-636978e556c8/build]   | [INFO] Downloaded from central: https://repo.maven.apache.org/maven2/org/apache/maven/plugins/maven-jar-plugin/2.4/maven-jar-plugin-2.4.jar (34 kB at 243 kB/s)
[4e1a83b8-030d-4df0-b9ef-636978e556c8/build]   | [INFO] Downloading from central: https://repo.maven.apache.org/maven2/junit/junit/4.9/junit-4.9.pom
[4e1a83b8-030d-4df0-b9ef-636978e556c8/build]   | [INFO] Downloaded from central: https://repo.maven.apache.org/maven2/junit/junit/4.9/junit-4.9.pom (2.3 kB at 28 kB/s)
[4e1a83b8-030d-4df0-b9ef-636978e556c8/build]   | [INFO] Downloading from central: https://repo.maven.apache.org/maven2/org/hamcrest/hamcrest-core/1.1/hamcrest-core-1.1.pom
[4e1a83b8-030d-4df0-b9ef-636978e556c8/build]   | [INFO] Downloaded from central: https://repo.maven.apache.org/maven2/org/hamcrest/hamcrest-core/1.1/hamcrest-core-1.1.pom (481 B at 1.6 kB/s)
[4e1a83b8-030d-4df0-b9ef-636978e556c8/build]   | [INFO] Downloading from central: https://repo.maven.apache.org/maven2/org/hamcrest/hamcrest-parent/1.1/hamcrest-parent-1.1.pom
[4e1a83b8-030d-4df0-b9ef-636978e556c8/build]   | [INFO] Downloaded from central: https://repo.maven.apache.org/maven2/org/hamcrest/hamcrest-parent/1.1/hamcrest-parent-1.1.pom (5.9 kB at 7.6 kB/s)
[4e1a83b8-030d-4df0-b9ef-636978e556c8/build]   | [INFO] Downloading from central: https://repo.maven.apache.org/maven2/net/smacke/jaydio/0.1/jaydio-0.1.pom
[4e1a83b8-030d-4df0-b9ef-636978e556c8/build]   | [INFO] Downloaded from central: https://repo.maven.apache.org/maven2/net/smacke/jaydio/0.1/jaydio-0.1.pom (5.0 kB at 14 kB/s)
[4e1a83b8-030d-4df0-b9ef-636978e556c8/build]   | [INFO] Downloading from central: https://repo.maven.apache.org/maven2/org/sonatype/oss/oss-parent/7/oss-parent-7.pom
[4e1a83b8-030d-4df0-b9ef-636978e556c8/build]   | [INFO] Downloaded from central: https://repo.maven.apache.org/maven2/org/sonatype/oss/oss-parent/7/oss-parent-7.pom (4.8 kB at 103 kB/s)
[4e1a83b8-030d-4df0-b9ef-636978e556c8/build]   | [INFO] Downloading from central: https://repo.maven.apache.org/maven2/net/java/dev/jna/jna/4.0.0/jna-4.0.0.pom
[4e1a83b8-030d-4df0-b9ef-636978e556c8/build]   | [INFO] Downloaded from central: https://repo.maven.apache.org/maven2/net/java/dev/jna/jna/4.0.0/jna-4.0.0.pom (1.3 kB at 18 kB/s)
[4e1a83b8-030d-4df0-b9ef-636978e556c8/build]   | [INFO] Downloading from central: https://repo.maven.apache.org/maven2/log4j/log4j/1.2.17/log4j-1.2.17.pom
[4e1a83b8-030d-4df0-b9ef-636978e556c8/build]   | [INFO] Downloaded from central: https://repo.maven.apache.org/maven2/log4j/log4j/1.2.17/log4j-1.2.17.pom (22 kB at 54 kB/s)
[4e1a83b8-030d-4df0-b9ef-636978e556c8/build]   | [INFO] Downloading from central: https://repo.maven.apache.org/maven2/junit/junit/4.9/junit-4.9.jar
[4e1a83b8-030d-4df0-b9ef-636978e556c8/build]   | [INFO] Downloading from central: https://repo.maven.apache.org/maven2/org/hamcrest/hamcrest-core/1.1/hamcrest-core-1.1.jar
[4e1a83b8-030d-4df0-b9ef-636978e556c8/build]   | [INFO] Downloading from central: https://repo.maven.apache.org/maven2/net/smacke/jaydio/0.1/jaydio-0.1.jar
[4e1a83b8-030d-4df0-b9ef-636978e556c8/build]   | [INFO] Downloading from central: https://repo.maven.apache.org/maven2/net/java/dev/jna/jna/4.0.0/jna-4.0.0.jar
[4e1a83b8-030d-4df0-b9ef-636978e556c8/build]   | [INFO] Downloading from central: https://repo.maven.apache.org/maven2/log4j/log4j/1.2.17/log4j-1.2.17.jar
[4e1a83b8-030d-4df0-b9ef-636978e556c8/build]   | [INFO] Downloaded from central: https://repo.maven.apache.org/maven2/net/smacke/jaydio/0.1/jaydio-0.1.jar (28 kB at 67 kB/s)
[4e1a83b8-030d-4df0-b9ef-636978e556c8/build]   | [INFO] Downloaded from central: https://repo.maven.apache.org/maven2/org/hamcrest/hamcrest-core/1.1/hamcrest-core-1.1.jar (77 kB at 126 kB/s)
[4e1a83b8-030d-4df0-b9ef-636978e556c8/build]   | [INFO] Downloaded from central: https://repo.maven.apache.org/maven2/junit/junit/4.9/junit-4.9.jar (249 kB at 73 kB/s)
[4e1a83b8-030d-4df0-b9ef-636978e556c8/build]   | [INFO] Downloaded from central: https://repo.maven.apache.org/maven2/log4j/log4j/1.2.17/log4j-1.2.17.jar (490 kB at 78 kB/s)
[4e1a83b8-030d-4df0-b9ef-636978e556c8/build]   | [INFO] Downloaded from central: https://repo.maven.apache.org/maven2/net/java/dev/jna/jna/4.0.0/jna-4.0.0.jar (915 kB at 57 kB/s)
[4e1a83b8-030d-4df0-b9ef-636978e556c8/build]   | [INFO] 
[4e1a83b8-030d-4df0-b9ef-636978e556c8/build]   | [INFO] --- maven-resources-plugin:3.0.1:copy-resources (copy-resources) @ core ---
[4e1a83b8-030d-4df0-b9ef-636978e556c8/build]   | [INFO] Downloading from central: https://repo.maven.apache.org/maven2/org/apache/maven/maven-plugin-api/3.0/maven-plugin-api-3.0.pom
[4e1a83b8-030d-4df0-b9ef-636978e556c8/build]   | [INFO] Downloaded from central: https://repo.maven.apache.org/maven2/org/apache/maven/maven-plugin-api/3.0/maven-plugin-api-3.0.pom (2.3 kB at 104 kB/s)
[4e1a83b8-030d-4df0-b9ef-636978e556c8/build]   | [INFO] Downloading from central: https://repo.maven.apache.org/maven2/org/apache/maven/maven/3.0/maven-3.0.pom
[4e1a83b8-030d-4df0-b9ef-636978e556c8/build]   | [INFO] Downloaded from central: https://repo.maven.apache.org/maven2/org/apache/maven/maven/3.0/maven-3.0.pom (22 kB at 210 kB/s)
[4e1a83b8-030d-4df0-b9ef-636978e556c8/build]   | [INFO] Downloading from central: https://repo.maven.apache.org/maven2/org/apache/maven/maven-parent/15/maven-parent-15.pom
[4e1a83b8-030d-4df0-b9ef-636978e556c8/build]   | [INFO] Downloaded from central: https://repo.maven.apache.org/maven2/org/apache/maven/maven-parent/15/maven-parent-15.pom (24 kB at 117 kB/s)
[4e1a83b8-030d-4df0-b9ef-636978e556c8/build]   | [INFO] Downloading from central: https://repo.maven.apache.org/maven2/org/apache/apache/6/apache-6.pom
[4e1a83b8-030d-4df0-b9ef-636978e556c8/build]   | [INFO] Downloaded from central: https://repo.maven.apache.org/maven2/org/apache/apache/6/apache-6.pom (13 kB at 45 kB/s)
[4e1a83b8-030d-4df0-b9ef-636978e556c8/build]   | [INFO] Downloading from central: https://repo.maven.apache.org/maven2/org/apache/maven/maven-model/3.0/maven-model-3.0.pom
[4e1a83b8-030d-4df0-b9ef-636978e556c8/build]   | [INFO] Downloaded from central: https://repo.maven.apache.org/maven2/org/apache/maven/maven-model/3.0/maven-model-3.0.pom (3.9 kB at 39 kB/s)
[4e1a83b8-030d-4df0-b9ef-636978e556c8/build]   | [INFO] Downloading from central: https://repo.maven.apache.org/maven2/org/codehaus/plexus/plexus-utils/2.0.4/plexus-utils-2.0.4.pom
[4e1a83b8-030d-4df0-b9ef-636978e556c8/build]   | [INFO] Downloaded from central: https://repo.maven.apache.org/maven2/org/codehaus/plexus/plexus-utils/2.0.4/plexus-utils-2.0.4.pom (3.3 kB at 95 kB/s)
[4e1a83b8-030d-4df0-b9ef-636978e556c8/build]   | [INFO] Downloading from central: https://repo.maven.apache.org/maven2/org/codehaus/plexus/plexus/2.0.6/plexus-2.0.6.pom
[4e1a83b8-030d-4df0-b9ef-636978e556c8/build]   | [INFO] Downloaded from central: https://repo.maven.apache.org/maven2/org/codehaus/plexus/plexus/2.0.6/plexus-2.0.6.pom (17 kB at 20 kB/s)
[4e1a83b8-030d-4df0-b9ef-636978e556c8/build]   | [INFO] Downloading from central: https://repo.maven.apache.org/maven2/org/apache/maven/maven-artifact/3.0/maven-artifact-3.0.pom
[4e1a83b8-030d-4df0-b9ef-636978e556c8/build]   | [INFO] Downloaded from central: https://repo.maven.apache.org/maven2/org/apache/maven/maven-artifact/3.0/maven-artifact-3.0.pom (1.9 kB at 35 kB/s)
[4e1a83b8-030d-4df0-b9ef-636978e556c8/build]   | [INFO] Downloading from central: https://repo.maven.apache.org/maven2/org/sonatype/sisu/sisu-inject-plexus/1.4.2/sisu-inject-plexus-1.4.2.pom
[4e1a83b8-030d-4df0-b9ef-636978e556c8/build]   | [INFO] Downloaded from central: https://repo.maven.apache.org/maven2/org/sonatype/sisu/sisu-inject-plexus/1.4.2/sisu-inject-plexus-1.4.2.pom (5.4 kB at 10 kB/s)
[4e1a83b8-030d-4df0-b9ef-636978e556c8/build]   | [INFO] Downloading from central: https://repo.maven.apache.org/maven2/org/sonatype/sisu/inject/guice-plexus/1.4.2/guice-plexus-1.4.2.pom
[4e1a83b8-030d-4df0-b9ef-636978e556c8/build]   | [INFO] Downloaded from central: https://repo.maven.apache.org/maven2/org/sonatype/sisu/inject/guice-plexus/1.4.2/guice-plexus-1.4.2.pom (3.1 kB at 116 kB/s)
[4e1a83b8-030d-4df0-b9ef-636978e556c8/build]   | [INFO] Downloading from central: https://repo.maven.apache.org/maven2/org/sonatype/sisu/inject/guice-bean/1.4.2/guice-bean-1.4.2.pom
[4e1a83b8-030d-4df0-b9ef-636978e556c8/build]   | [INFO] Downloaded from central: https://repo.maven.apache.org/maven2/org/sonatype/sisu/inject/guice-bean/1.4.2/guice-bean-1.4.2.pom (2.6 kB at 97 kB/s)
[4e1a83b8-030d-4df0-b9ef-636978e556c8/build]   | [INFO] Downloading from central: https://repo.maven.apache.org/maven2/org/sonatype/sisu/sisu-inject/1.4.2/sisu-inject-1.4.2.pom
[4e1a83b8-030d-4df0-b9ef-636978e556c8/build]   | [INFO] Downloaded from central: https://repo.maven.apache.org/maven2/org/sonatype/sisu/sisu-inject/1.4.2/sisu-inject-1.4.2.pom (1.2 kB at 24 kB/s)
[4e1a83b8-030d-4df0-b9ef-636978e556c8/build]   | [INFO] Downloading from central: https://repo.maven.apache.org/maven2/org/sonatype/sisu/sisu-parent/1.4.2/sisu-parent-1.4.2.pom
[4e1a83b8-030d-4df0-b9ef-636978e556c8/build]   | [INFO] Downloaded from central: https://repo.maven.apache.org/maven2/org/sonatype/sisu/sisu-parent/1.4.2/sisu-parent-1.4.2.pom (7.8 kB at 27 kB/s)
[4e1a83b8-030d-4df0-b9ef-636978e556c8/build]   | [INFO] Downloading from central: https://repo.maven.apache.org/maven2/org/sonatype/forge/forge-parent/6/forge-parent-6.pom
[4e1a83b8-030d-4df0-b9ef-636978e556c8/build]   | [INFO] Downloaded from central: https://repo.maven.apache.org/maven2/org/sonatype/forge/forge-parent/6/forge-parent-6.pom (11 kB at 81 kB/s)
[4e1a83b8-030d-4df0-b9ef-636978e556c8/build]   | [INFO] Downloading from central: https://repo.maven.apache.org/maven2/org/codehaus/plexus/plexus-component-annotations/1.6/plexus-component-annotations-1.6.pom
[4e1a83b8-030d-4df0-b9ef-636978e556c8/build]   | [INFO] Downloaded from central: https://repo.maven.apache.org/maven2/org/codehaus/plexus/plexus-component-annotations/1.6/plexus-component-annotations-1.6.pom (748 B at 42 kB/s)
[4e1a83b8-030d-4df0-b9ef-636978e556c8/build]   | [INFO] Downloading from central: https://repo.maven.apache.org/maven2/org/codehaus/plexus/plexus-containers/1.6/plexus-containers-1.6.pom
[4e1a83b8-030d-4df0-b9ef-636978e556c8/build]   | [INFO] Downloaded from central: https://repo.maven.apache.org/maven2/org/codehaus/plexus/plexus-containers/1.6/plexus-containers-1.6.pom (3.8 kB at 52 kB/s)
[4e1a83b8-030d-4df0-b9ef-636978e556c8/build]   | [INFO] Downloading from central: https://repo.maven.apache.org/maven2/org/codehaus/plexus/plexus/3.3.2/plexus-3.3.2.pom
[4e1a83b8-030d-4df0-b9ef-636978e556c8/build]   | [INFO] Downloaded from central: https://repo.maven.apache.org/maven2/org/codehaus/plexus/plexus/3.3.2/plexus-3.3.2.pom (22 kB at 20 kB/s)
[4e1a83b8-030d-4df0-b9ef-636978e556c8/build]   | [INFO] Downloading from central: https://repo.maven.apache.org/maven2/org/sonatype/spice/spice-parent/17/spice-parent-17.pom
[4e1a83b8-030d-4df0-b9ef-636978e556c8/build]   | [INFO] Downloaded from central: https://repo.maven.apache.org/maven2/org/sonatype/spice/spice-parent/17/spice-parent-17.pom (6.8 kB at 91 kB/s)
[4e1a83b8-030d-4df0-b9ef-636978e556c8/build]   | [INFO] Downloading from central: https://repo.maven.apache.org/maven2/org/sonatype/forge/forge-parent/10/forge-parent-10.pom
[4e1a83b8-030d-4df0-b9ef-636978e556c8/build]   | [INFO] Downloaded from central: https://repo.maven.apache.org/maven2/org/sonatype/forge/forge-parent/10/forge-parent-10.pom (14 kB at 30 kB/s)
[4e1a83b8-030d-4df0-b9ef-636978e556c8/build]   | [INFO] Downloading from central: https://repo.maven.apache.org/maven2/org/codehaus/plexus/plexus-classworlds/2.2.3/plexus-classworlds-2.2.3.pom
[4e1a83b8-030d-4df0-b9ef-636978e556c8/build]   | [INFO] Downloaded from central: https://repo.maven.apache.org/maven2/org/codehaus/plexus/plexus-classworlds/2.2.3/plexus-classworlds-2.2.3.pom (4.0 kB at 14 kB/s)
[4e1a83b8-030d-4df0-b9ef-636978e556c8/build]   | [INFO] Downloading from central: https://repo.maven.apache.org/maven2/org/codehaus/plexus/plexus-utils/2.0.5/plexus-utils-2.0.5.pom
[4e1a83b8-030d-4df0-b9ef-636978e556c8/build]   | [INFO] Downloaded from central: https://repo.maven.apache.org/maven2/org/codehaus/plexus/plexus-utils/2.0.5/plexus-utils-2.0.5.pom (3.3 kB at 12 kB/s)
[4e1a83b8-030d-4df0-b9ef-636978e556c8/build]   | [INFO] Downloading from central: https://repo.maven.apache.org/maven2/org/sonatype/sisu/sisu-inject-bean/1.4.2/sisu-inject-bean-1.4.2.pom
[4e1a83b8-030d-4df0-b9ef-636978e556c8/build]   | [INFO] Downloaded from central: https://repo.maven.apache.org/maven2/org/sonatype/sisu/sisu-inject-bean/1.4.2/sisu-inject-bean-1.4.2.pom (5.5 kB at 152 kB/s)
[4e1a83b8-030d-4df0-b9ef-636978e556c8/build]   | [INFO] Downloading from central: https://repo.maven.apache.org/maven2/org/sonatype/sisu/sisu-guice/2.1.7/sisu-guice-2.1.7.pom
[4e1a83b8-030d-4df0-b9ef-636978e556c8/build]   | [INFO] Downloaded from central: https://repo.maven.apache.org/maven2/org/sonatype/sisu/sisu-guice/2.1.7/sisu-guice-2.1.7.pom (11 kB at 11 kB/s)
[4e1a83b8-030d-4df0-b9ef-636978e556c8/build]   | [INFO] Downloading from central: https://repo.maven.apache.org/maven2/org/apache/maven/maven-core/3.0/maven-core-3.0.pom
[4e1a83b8-030d-4df0-b9ef-636978e556c8/build]   | [INFO] Downloaded from central: https://repo.maven.apache.org/maven2/org/apache/maven/maven-core/3.0/maven-core-3.0.pom (6.6 kB at 85 kB/s)
[4e1a83b8-030d-4df0-b9ef-636978e556c8/build]   | [INFO] Downloading from central: https://repo.maven.apache.org/maven2/org/apache/maven/maven-settings/3.0/maven-settings-3.0.pom
[4e1a83b8-030d-4df0-b9ef-636978e556c8/build]   | [INFO] Downloaded from central: https://repo.maven.apache.org/maven2/org/apache/maven/maven-settings/3.0/maven-settings-3.0.pom (1.9 kB at 55 kB/s)
[4e1a83b8-030d-4df0-b9ef-636978e556c8/build]   | [INFO] Downloading from central: https://repo.maven.apache.org/maven2/org/apache/maven/maven-settings-builder/3.0/maven-settings-builder-3.0.pom
[4e1a83b8-030d-4df0-b9ef-636978e556c8/build]   | [INFO] Downloaded from central: https://repo.maven.apache.org/maven2/org/apache/maven/maven-settings-builder/3.0/maven-settings-builder-3.0.pom (2.2 kB at 97 kB/s)
[4e1a83b8-030d-4df0-b9ef-636978e556c8/build]   | [INFO] Downloading from central: https://repo.maven.apache.org/maven2/org/codehaus/plexus/plexus-interpolation/1.14/plexus-interpolation-1.14.pom
[4e1a83b8-030d-4df0-b9ef-636978e556c8/build]   | [INFO] Downloaded from central: https://repo.maven.apache.org/maven2/org/codehaus/plexus/plexus-interpolation/1.14/plexus-interpolation-1.14.pom (910 B at 14 kB/s)
[4e1a83b8-030d-4df0-b9ef-636978e556c8/build]   | [INFO] Downloading from central: https://repo.maven.apache.org/maven2/org/codehaus/plexus/plexus-components/1.1.18/plexus-components-1.1.18.pom
[4e1a83b8-030d-4df0-b9ef-636978e556c8/build]   | [INFO] Downloaded from central: https://repo.maven.apache.org/maven2/org/codehaus/plexus/plexus-components/1.1.18/plexus-components-1.1.18.pom (5.4 kB at 114 kB/s)
[4e1a83b8-030d-4df0-b9ef-636978e556c8/build]   | [INFO] Downloading from central: https://repo.maven.apache.org/maven2/org/codehaus/plexus/plexus/2.0.7/plexus-2.0.7.pom
[4e1a83b8-030d-4df0-b9ef-636978e556c8/build]   | [INFO] Downloaded from central: https://repo.maven.apache.org/maven2/org/codehaus/plexus/plexus/2.0.7/plexus-2.0.7.pom (17 kB at 99 kB/s)
[4e1a83b8-030d-4df0-b9ef-636978e556c8/build]   | [INFO] Downloading from central: https://repo.maven.apache.org/maven2/org/sonatype/plexus/plexus-sec-dispatcher/1.3/plexus-sec-dispatcher-1.3.pom
[4e1a83b8-030d-4df0-b9ef-636978e556c8/build]   | [INFO] Downloaded from central: https://repo.maven.apache.org/maven2/org/sonatype/plexus/plexus-sec-dispatcher/1.3/plexus-sec-dispatcher-1.3.pom (3.0 kB at 87 kB/s)
[4e1a83b8-030d-4df0-b9ef-636978e556c8/build]   | [INFO] Downloading from central: https://repo.maven.apache.org/maven2/org/sonatype/spice/spice-parent/12/spice-parent-12.pom
[4e1a83b8-030d-4df0-b9ef-636978e556c8/build]   | [INFO] Downloaded from central: https://repo.maven.apache.org/maven2/org/sonatype/spice/spice-parent/12/spice-parent-12.pom (6.8 kB at 22 kB/s)
[4e1a83b8-030d-4df0-b9ef-636978e556c8/build]   | [INFO] Downloading from central: https://repo.maven.apache.org/maven2/org/sonatype/forge/forge-parent/4/forge-parent-4.pom
[4e1a83b8-030d-4df0-b9ef-636978e556c8/build]   | [INFO] Downloaded from central: https://repo.maven.apache.org/maven2/org/sonatype/forge/forge-parent/4/forge-parent-4.pom (8.4 kB at 94 kB/s)
[4e1a83b8-030d-4df0-b9ef-636978e556c8/build]   | [INFO] Downloading from central: https://repo.maven.apache.org/maven2/org/codehaus/plexus/plexus-utils/1.5.5/plexus-utils-1.5.5.pom
[4e1a83b8-030d-4df0-b9ef-636978e556c8/build]   | [INFO] Downloaded from central: https://repo.maven.apache.org/maven2/org/codehaus/plexus/plexus-utils/1.5.5/plexus-utils-1.5.5.pom (5.1 kB at 61 kB/s)
[4e1a83b8-030d-4df0-b9ef-636978e556c8/build]   | [INFO] Downloading from central: https://repo.maven.apache.org/maven2/org/codehaus/plexus/plexus/1.0.11/plexus-1.0.11.pom
[4e1a83b8-030d-4df0-b9ef-636978e556c8/build]   | [INFO] Downloaded from central: https://repo.maven.apache.org/maven2/org/codehaus/plexus/plexus/1.0.11/plexus-1.0.11.pom (9.0 kB at 30 kB/s)
[4e1a83b8-030d-4df0-b9ef-636978e556c8/build]   | [INFO] Downloading from central: https://repo.maven.apache.org/maven2/org/sonatype/plexus/plexus-cipher/1.4/plexus-cipher-1.4.pom
[4e1a83b8-030d-4df0-b9ef-636978e556c8/build]   | [INFO] Downloaded from central: https://repo.maven.apache.org/maven2/org/sonatype/plexus/plexus-cipher/1.4/plexus-cipher-1.4.pom (2.1 kB at 63 kB/s)
[4e1a83b8-030d-4df0-b9ef-636978e556c8/build]   | [INFO] Downloading from central: https://repo.maven.apache.org/maven2/org/apache/maven/maven-repository-metadata/3.0/maven-repository-metadata-3.0.pom
[4e1a83b8-030d-4df0-b9ef-636978e556c8/build]   | [INFO] Downloaded from central: https://repo.maven.apache.org/maven2/org/apache/maven/maven-repository-metadata/3.0/maven-repository-metadata-3.0.pom (1.9 kB at 581 B/s)
[4e1a83b8-030d-4df0-b9ef-636978e556c8/build]   | [INFO] Downloading from central: https://repo.maven.apache.org/maven2/org/apache/maven/maven-model-builder/3.0/maven-model-builder-3.0.pom
[4e1a83b8-030d-4df0-b9ef-636978e556c8/build]   | [INFO] Downloaded from central: https://repo.maven.apache.org/maven2/org/apache/maven/maven-model-builder/3.0/maven-model-builder-3.0.pom (2.2 kB at 62 kB/s)
[4e1a83b8-030d-4df0-b9ef-636978e556c8/build]   | [INFO] Downloading from central: https://repo.maven.apache.org/maven2/org/apache/maven/maven-aether-provider/3.0/maven-aether-provider-3.0.pom
[4e1a83b8-030d-4df0-b9ef-636978e556c8/build]   | [INFO] Downloaded from central: https://repo.maven.apache.org/maven2/org/apache/maven/maven-aether-provider/3.0/maven-aether-provider-3.0.pom (2.5 kB at 9.5 kB/s)
[4e1a83b8-030d-4df0-b9ef-636978e556c8/build]   | [INFO] Downloading from central: https://repo.maven.apache.org/maven2/org/sonatype/aether/aether-api/1.7/aether-api-1.7.pom
[4e1a83b8-030d-4df0-b9ef-636978e556c8/build]   | [INFO] Downloaded from central: https://repo.maven.apache.org/maven2/org/sonatype/aether/aether-api/1.7/aether-api-1.7.pom (1.7 kB at 5.8 kB/s)
[4e1a83b8-030d-4df0-b9ef-636978e556c8/build]   | [INFO] Downloading from central: https://repo.maven.apache.org/maven2/org/sonatype/aether/aether-parent/1.7/aether-parent-1.7.pom
[4e1a83b8-030d-4df0-b9ef-636978e556c8/build]   | [INFO] Downloaded from central: https://repo.maven.apache.org/maven2/org/sonatype/aether/aether-parent/1.7/aether-parent-1.7.pom (7.7 kB at 15 kB/s)
[4e1a83b8-030d-4df0-b9ef-636978e556c8/build]   | [INFO] Downloading from central: https://repo.maven.apache.org/maven2/org/sonatype/aether/aether-util/1.7/aether-util-1.7.pom
[4e1a83b8-030d-4df0-b9ef-636978e556c8/build]   | [INFO] Downloaded from central: https://repo.maven.apache.org/maven2/org/sonatype/aether/aether-util/1.7/aether-util-1.7.pom (2.1 kB at 71 kB/s)
[4e1a83b8-030d-4df0-b9ef-636978e556c8/build]   | [INFO] Downloading from central: https://repo.maven.apache.org/maven2/org/sonatype/aether/aether-impl/1.7/aether-impl-1.7.pom
[4e1a83b8-030d-4df0-b9ef-636978e556c8/build]   | [INFO] Downloaded from central: https://repo.maven.apache.org/maven2/org/sonatype/aether/aether-impl/1.7/aether-impl-1.7.pom (3.7 kB at 41 kB/s)
[4e1a83b8-030d-4df0-b9ef-636978e556c8/build]   | [INFO] Downloading from central: https://repo.maven.apache.org/maven2/org/sonatype/aether/aether-spi/1.7/aether-spi-1.7.pom
[4e1a83b8-030d-4df0-b9ef-636978e556c8/build]   | [INFO] Downloaded from central: https://repo.maven.apache.org/maven2/org/sonatype/aether/aether-spi/1.7/aether-spi-1.7.pom (1.7 kB at 67 kB/s)
[4e1a83b8-030d-4df0-b9ef-636978e556c8/build]   | [INFO] Downloading from central: https://repo.maven.apache.org/maven2/org/codehaus/plexus/plexus-utils/3.0.24/plexus-utils-3.0.24.pom
[4e1a83b8-030d-4df0-b9ef-636978e556c8/build]   | [INFO] Downloaded from central: https://repo.maven.apache.org/maven2/org/codehaus/plexus/plexus-utils/3.0.24/plexus-utils-3.0.24.pom (4.1 kB at 109 kB/s)
[4e1a83b8-030d-4df0-b9ef-636978e556c8/build]   | [INFO] Downloading from central: https://repo.maven.apache.org/maven2/org/codehaus/plexus/plexus/4.0/plexus-4.0.pom
[4e1a83b8-030d-4df0-b9ef-636978e556c8/build]   | [INFO] Downloaded from central: https://repo.maven.apache.org/maven2/org/codehaus/plexus/plexus/4.0/plexus-4.0.pom (22 kB at 124 kB/s)
[4e1a83b8-030d-4df0-b9ef-636978e556c8/build]   | [INFO] Downloading from central: https://repo.maven.apache.org/maven2/org/apache/maven/shared/maven-filtering/3.1.1/maven-filtering-3.1.1.pom
[4e1a83b8-030d-4df0-b9ef-636978e556c8/build]   | [INFO] Downloaded from central: https://repo.maven.apache.org/maven2/org/apache/maven/shared/maven-filtering/3.1.1/maven-filtering-3.1.1.pom (5.7 kB at 68 kB/s)
[4e1a83b8-030d-4df0-b9ef-636978e556c8/build]   | [INFO] Downloading from central: https://repo.maven.apache.org/maven2/org/apache/maven/shared/maven-shared-components/30/maven-shared-components-30.pom
[4e1a83b8-030d-4df0-b9ef-636978e556c8/build]   | [INFO] Downloaded from central: https://repo.maven.apache.org/maven2/org/apache/maven/shared/maven-shared-components/30/maven-shared-components-30.pom (4.6 kB at 153 kB/s)
[4e1a83b8-030d-4df0-b9ef-636978e556c8/build]   | [INFO] Downloading from central: https://repo.maven.apache.org/maven2/org/apache/maven/shared/maven-shared-utils/3.0.0/maven-shared-utils-3.0.0.pom
[4e1a83b8-030d-4df0-b9ef-636978e556c8/build]   | [INFO] Downloaded from central: https://repo.maven.apache.org/maven2/org/apache/maven/shared/maven-shared-utils/3.0.0/maven-shared-utils-3.0.0.pom (5.6 kB at 45 kB/s)
[4e1a83b8-030d-4df0-b9ef-636978e556c8/build]   | [INFO] Downloading from central: https://repo.maven.apache.org/maven2/org/apache/maven/shared/maven-shared-components/21/maven-shared-components-21.pom
[4e1a83b8-030d-4df0-b9ef-636978e556c8/build]   | [INFO] Downloaded from central: https://repo.maven.apache.org/maven2/org/apache/maven/shared/maven-shared-components/21/maven-shared-components-21.pom (5.1 kB at 7.1 kB/s)
[4e1a83b8-030d-4df0-b9ef-636978e556c8/build]   | [INFO] Downloading from central: https://repo.maven.apache.org/maven2/org/apache/maven/maven-parent/25/maven-parent-25.pom
[4e1a83b8-030d-4df0-b9ef-636978e556c8/build]   | [INFO] Downloaded from central: https://repo.maven.apache.org/maven2/org/apache/maven/maven-parent/25/maven-parent-25.pom (37 kB at 20 kB/s)
[4e1a83b8-030d-4df0-b9ef-636978e556c8/build]   | [INFO] Downloading from central: https://repo.maven.apache.org/maven2/org/apache/apache/15/apache-15.pom
[4e1a83b8-030d-4df0-b9ef-636978e556c8/build]   | [INFO] Downloaded from central: https://repo.maven.apache.org/maven2/org/apache/apache/15/apache-15.pom (15 kB at 49 kB/s)
[4e1a83b8-030d-4df0-b9ef-636978e556c8/build]   | [INFO] Downloading from central: https://repo.maven.apache.org/maven2/commons-io/commons-io/2.4/commons-io-2.4.pom
[4e1a83b8-030d-4df0-b9ef-636978e556c8/build]   | [INFO] Downloaded from central: https://repo.maven.apache.org/maven2/commons-io/commons-io/2.4/commons-io-2.4.pom (10 kB at 20 kB/s)
[4e1a83b8-030d-4df0-b9ef-636978e556c8/build]   | [INFO] Downloading from central: https://repo.maven.apache.org/maven2/org/apache/commons/commons-parent/25/commons-parent-25.pom
[4e1a83b8-030d-4df0-b9ef-636978e556c8/build]   | [INFO] Downloaded from central: https://repo.maven.apache.org/maven2/org/apache/commons/commons-parent/25/commons-parent-25.pom (48 kB at 24 kB/s)
[4e1a83b8-030d-4df0-b9ef-636978e556c8/build]   | [INFO] Downloading from central: https://repo.maven.apache.org/maven2/org/apache/apache/9/apache-9.pom
[4e1a83b8-030d-4df0-b9ef-636978e556c8/build]   | [INFO] Downloaded from central: https://repo.maven.apache.org/maven2/org/apache/apache/9/apache-9.pom (15 kB at 44 kB/s)
[4e1a83b8-030d-4df0-b9ef-636978e556c8/build]   | [INFO] Downloading from central: https://repo.maven.apache.org/maven2/com/google/code/findbugs/jsr305/2.0.1/jsr305-2.0.1.pom
[4e1a83b8-030d-4df0-b9ef-636978e556c8/build]   | [INFO] Downloaded from central: https://repo.maven.apache.org/maven2/com/google/code/findbugs/jsr305/2.0.1/jsr305-2.0.1.pom (965 B at 11 kB/s)
[4e1a83b8-030d-4df0-b9ef-636978e556c8/build]   | [INFO] Downloading from central: https://repo.maven.apache.org/maven2/org/codehaus/plexus/plexus-interpolation/1.22/plexus-interpolation-1.22.pom
[4e1a83b8-030d-4df0-b9ef-636978e556c8/build]   | [INFO] Downloaded from central: https://repo.maven.apache.org/maven2/org/codehaus/plexus/plexus-interpolation/1.22/plexus-interpolation-1.22.pom (1.5 kB at 5.5 kB/s)
[4e1a83b8-030d-4df0-b9ef-636978e556c8/build]   | [INFO] Downloading from central: https://repo.maven.apache.org/maven2/org/codehaus/plexus/plexus-components/1.3.1/plexus-components-1.3.1.pom
[4e1a83b8-030d-4df0-b9ef-636978e556c8/build]   | [INFO] Downloaded from central: https://repo.maven.apache.org/maven2/org/codehaus/plexus/plexus-components/1.3.1/plexus-components-1.3.1.pom (3.1 kB at 90 kB/s)
[4e1a83b8-030d-4df0-b9ef-636978e556c8/build]   | [INFO] Downloading from central: https://repo.maven.apache.org/maven2/org/codehaus/plexus/plexus/3.3.1/plexus-3.3.1.pom
[4e1a83b8-030d-4df0-b9ef-636978e556c8/build]   | [INFO] Downloaded from central: https://repo.maven.apache.org/maven2/org/codehaus/plexus/plexus/3.3.1/plexus-3.3.1.pom (20 kB at 70 kB/s)
[4e1a83b8-030d-4df0-b9ef-636978e556c8/build]   | [INFO] Downloading from central: https://repo.maven.apache.org/maven2/org/sonatype/plexus/plexus-build-api/0.0.7/plexus-build-api-0.0.7.pom
[4e1a83b8-030d-4df0-b9ef-636978e556c8/build]   | [INFO] Downloaded from central: https://repo.maven.apache.org/maven2/org/sonatype/plexus/plexus-build-api/0.0.7/plexus-build-api-0.0.7.pom (3.2 kB at 76 kB/s)
[4e1a83b8-030d-4df0-b9ef-636978e556c8/build]   | [INFO] Downloading from central: https://repo.maven.apache.org/maven2/org/sonatype/spice/spice-parent/15/spice-parent-15.pom
[4e1a83b8-030d-4df0-b9ef-636978e556c8/build]   | [INFO] Downloaded from central: https://repo.maven.apache.org/maven2/org/sonatype/spice/spice-parent/15/spice-parent-15.pom (8.4 kB at 54 kB/s)
[4e1a83b8-030d-4df0-b9ef-636978e556c8/build]   | [INFO] Downloading from central: https://repo.maven.apache.org/maven2/org/sonatype/forge/forge-parent/5/forge-parent-5.pom
[4e1a83b8-030d-4df0-b9ef-636978e556c8/build]   | [INFO] Downloaded from central: https://repo.maven.apache.org/maven2/org/sonatype/forge/forge-parent/5/forge-parent-5.pom (8.4 kB at 127 kB/s)
[4e1a83b8-030d-4df0-b9ef-636978e556c8/build]   | [INFO] Downloading from central: https://repo.maven.apache.org/maven2/org/codehaus/plexus/plexus-utils/1.5.8/plexus-utils-1.5.8.pom
[4e1a83b8-030d-4df0-b9ef-636978e556c8/build]   | [INFO] Downloaded from central: https://repo.maven.apache.org/maven2/org/codehaus/plexus/plexus-utils/1.5.8/plexus-utils-1.5.8.pom (8.1 kB at 110 kB/s)
[4e1a83b8-030d-4df0-b9ef-636978e556c8/build]   | [INFO] Downloading from central: https://repo.maven.apache.org/maven2/org/codehaus/plexus/plexus/2.0.2/plexus-2.0.2.pom
[4e1a83b8-030d-4df0-b9ef-636978e556c8/build]   | [INFO] Downloaded from central: https://repo.maven.apache.org/maven2/org/codehaus/plexus/plexus/2.0.2/plexus-2.0.2.pom (12 kB at 99 kB/s)
[4e1a83b8-030d-4df0-b9ef-636978e556c8/build]   | [INFO] Downloading from central: https://repo.maven.apache.org/maven2/org/apache/maven/maven-plugin-api/3.0/maven-plugin-api-3.0.jar
[4e1a83b8-030d-4df0-b9ef-636978e556c8/build]   | [INFO] Downloading from central: https://repo.maven.apache.org/maven2/org/sonatype/sisu/sisu-inject-plexus/1.4.2/sisu-inject-plexus-1.4.2.jar
[4e1a83b8-030d-4df0-b9ef-636978e556c8/build]   | [INFO] Downloading from central: https://repo.maven.apache.org/maven2/org/sonatype/sisu/sisu-inject-bean/1.4.2/sisu-inject-bean-1.4.2.jar
[4e1a83b8-030d-4df0-b9ef-636978e556c8/build]   | [INFO] Downloading from central: https://repo.maven.apache.org/maven2/org/sonatype/sisu/sisu-guice/2.1.7/sisu-guice-2.1.7-noaop.jar
[4e1a83b8-030d-4df0-b9ef-636978e556c8/build]   | [INFO] Downloading from central: https://repo.maven.apache.org/maven2/org/apache/maven/maven-core/3.0/maven-core-3.0.jar
[4e1a83b8-030d-4df0-b9ef-636978e556c8/build]   | [INFO] Downloaded from central: https://repo.maven.apache.org/maven2/org/apache/maven/maven-plugin-api/3.0/maven-plugin-api-3.0.jar (49 kB at 90 kB/s)
[4e1a83b8-030d-4df0-b9ef-636978e556c8/build]   | [INFO] Downloading from central: https://repo.maven.apache.org/maven2/org/apache/maven/maven-settings-builder/3.0/maven-settings-builder-3.0.jar
[4e1a83b8-030d-4df0-b9ef-636978e556c8/build]   | [INFO] Downloaded from central: https://repo.maven.apache.org/maven2/org/apache/maven/maven-settings-builder/3.0/maven-settings-builder-3.0.jar (38 kB at 55 kB/s)
[4e1a83b8-030d-4df0-b9ef-636978e556c8/build]   | [INFO] Downloading from central: https://repo.maven.apache.org/maven2/org/apache/maven/maven-repository-metadata/3.0/maven-repository-metadata-3.0.jar
[4e1a83b8-030d-4df0-b9ef-636978e556c8/build]   | [INFO] Downloaded from central: https://repo.maven.apache.org/maven2/org/apache/maven/maven-repository-metadata/3.0/maven-repository-metadata-3.0.jar (30 kB at 34 kB/s)
[4e1a83b8-030d-4df0-b9ef-636978e556c8/build]   | [INFO] Downloading from central: https://repo.maven.apache.org/maven2/org/apache/maven/maven-model-builder/3.0/maven-model-builder-3.0.jar
[4e1a83b8-030d-4df0-b9ef-636978e556c8/build]   | [INFO] Downloaded from central: https://repo.maven.apache.org/maven2/org/sonatype/sisu/sisu-inject-bean/1.4.2/sisu-inject-bean-1.4.2.jar (153 kB at 91 kB/s)
[4e1a83b8-030d-4df0-b9ef-636978e556c8/build]   | [INFO] Downloading from central: https://repo.maven.apache.org/maven2/org/apache/maven/maven-aether-provider/3.0/maven-aether-provider-3.0.jar
[4e1a83b8-030d-4df0-b9ef-636978e556c8/build]   | [INFO] Downloaded from central: https://repo.maven.apache.org/maven2/org/sonatype/sisu/sisu-inject-plexus/1.4.2/sisu-inject-plexus-1.4.2.jar (202 kB at 77 kB/s)
[4e1a83b8-030d-4df0-b9ef-636978e556c8/build]   | [INFO] Downloading from central: https://repo.maven.apache.org/maven2/org/sonatype/aether/aether-impl/1.7/aether-impl-1.7.jar
[4e1a83b8-030d-4df0-b9ef-636978e556c8/build]   | [INFO] Downloaded from central: https://repo.maven.apache.org/maven2/org/apache/maven/maven-model-builder/3.0/maven-model-builder-3.0.jar (148 kB at 49 kB/s)
[4e1a83b8-030d-4df0-b9ef-636978e556c8/build]   | [INFO] Downloading from central: https://repo.maven.apache.org/maven2/org/sonatype/aether/aether-spi/1.7/aether-spi-1.7.jar
[4e1a83b8-030d-4df0-b9ef-636978e556c8/build]   | [INFO] Downloaded from central: https://repo.maven.apache.org/maven2/org/apache/maven/maven-aether-provider/3.0/maven-aether-provider-3.0.jar (51 kB at 16 kB/s)
[4e1a83b8-030d-4df0-b9ef-636978e556c8/build]   | [INFO] Downloading from central: https://repo.maven.apache.org/maven2/org/sonatype/aether/aether-api/1.7/aether-api-1.7.jar
[4e1a83b8-030d-4df0-b9ef-636978e556c8/build]   | [INFO] Downloaded from central: https://repo.maven.apache.org/maven2/org/sonatype/aether/aether-impl/1.7/aether-impl-1.7.jar (106 kB at 32 kB/s)
[4e1a83b8-030d-4df0-b9ef-636978e556c8/build]   | [INFO] Downloading from central: https://repo.maven.apache.org/maven2/org/sonatype/aether/aether-util/1.7/aether-util-1.7.jar
[4e1a83b8-030d-4df0-b9ef-636978e556c8/build]   | [INFO] Downloaded from central: https://repo.maven.apache.org/maven2/org/sonatype/aether/aether-spi/1.7/aether-spi-1.7.jar (14 kB at 3.6 kB/s)
[4e1a83b8-030d-4df0-b9ef-636978e556c8/build]   | [INFO] Downloading from central: https://repo.maven.apache.org/maven2/org/codehaus/plexus/plexus-classworlds/2.2.3/plexus-classworlds-2.2.3.jar
[4e1a83b8-030d-4df0-b9ef-636978e556c8/build]   | [INFO] Downloaded from central: https://repo.maven.apache.org/maven2/org/codehaus/plexus/plexus-classworlds/2.2.3/plexus-classworlds-2.2.3.jar (46 kB at 11 kB/s)
[4e1a83b8-030d-4df0-b9ef-636978e556c8/build]   | [INFO] Downloading from central: https://repo.maven.apache.org/maven2/org/codehaus/plexus/plexus-component-annotations/1.6/plexus-component-annotations-1.6.jar
[4e1a83b8-030d-4df0-b9ef-636978e556c8/build]   | [INFO] Downloaded from central: https://repo.maven.apache.org/maven2/org/codehaus/plexus/plexus-component-annotations/1.6/plexus-component-annotations-1.6.jar (4.3 kB at 1.0 kB/s)
[4e1a83b8-030d-4df0-b9ef-636978e556c8/build]   | [INFO] Downloading from central: https://repo.maven.apache.org/maven2/org/sonatype/plexus/plexus-sec-dispatcher/1.3/plexus-sec-dispatcher-1.3.jar
[4e1a83b8-030d-4df0-b9ef-636978e556c8/build]   | [INFO] Downloaded from central: https://repo.maven.apache.org/maven2/org/sonatype/aether/aether-api/1.7/aether-api-1.7.jar (74 kB at 17 kB/s)
[4e1a83b8-030d-4df0-b9ef-636978e556c8/build]   | [INFO] Downloading from central: https://repo.maven.apache.org/maven2/org/sonatype/plexus/plexus-cipher/1.4/plexus-cipher-1.4.jar
[4e1a83b8-030d-4df0-b9ef-636978e556c8/build]   | [INFO] Downloaded from central: https://repo.maven.apache.org/maven2/org/sonatype/plexus/plexus-cipher/1.4/plexus-cipher-1.4.jar (13 kB at 3.1 kB/s)
[4e1a83b8-030d-4df0-b9ef-636978e556c8/build]   | [INFO] Downloading from central: https://repo.maven.apache.org/maven2/org/apache/maven/maven-artifact/3.0/maven-artifact-3.0.jar
[4e1a83b8-030d-4df0-b9ef-636978e556c8/build]   | [INFO] Downloaded from central: https://repo.maven.apache.org/maven2/org/sonatype/plexus/plexus-sec-dispatcher/1.3/plexus-sec-dispatcher-1.3.jar (29 kB at 6.4 kB/s)
[4e1a83b8-030d-4df0-b9ef-636978e556c8/build]   | [INFO] Downloading from central: https://repo.maven.apache.org/maven2/org/apache/maven/maven-settings/3.0/maven-settings-3.0.jar
[4e1a83b8-030d-4df0-b9ef-636978e556c8/build]   | [INFO] Downloaded from central: https://repo.maven.apache.org/maven2/org/sonatype/aether/aether-util/1.7/aether-util-1.7.jar (108 kB at 23 kB/s)
[4e1a83b8-030d-4df0-b9ef-636978e556c8/build]   | [INFO] Downloading from central: https://repo.maven.apache.org/maven2/org/apache/maven/maven-model/3.0/maven-model-3.0.jar
[4e1a83b8-030d-4df0-b9ef-636978e556c8/build]   | [INFO] Downloaded from central: https://repo.maven.apache.org/maven2/org/apache/maven/maven-artifact/3.0/maven-artifact-3.0.jar (52 kB at 10 kB/s)
[4e1a83b8-030d-4df0-b9ef-636978e556c8/build]   | [INFO] Downloaded from central: https://repo.maven.apache.org/maven2/org/apache/maven/maven-settings/3.0/maven-settings-3.0.jar (47 kB at 9.2 kB/s)
[4e1a83b8-030d-4df0-b9ef-636978e556c8/build]   | [INFO] Downloading from central: https://repo.maven.apache.org/maven2/org/codehaus/plexus/plexus-utils/3.0.24/plexus-utils-3.0.24.jar
[4e1a83b8-030d-4df0-b9ef-636978e556c8/build]   | [INFO] Downloading from central: https://repo.maven.apache.org/maven2/org/apache/maven/shared/maven-filtering/3.1.1/maven-filtering-3.1.1.jar
[4e1a83b8-030d-4df0-b9ef-636978e556c8/build]   | [INFO] Downloaded from central: https://repo.maven.apache.org/maven2/org/apache/maven/shared/maven-filtering/3.1.1/maven-filtering-3.1.1.jar (51 kB at 9.9 kB/s)
[4e1a83b8-030d-4df0-b9ef-636978e556c8/build]   | [INFO] Downloading from central: https://repo.maven.apache.org/maven2/org/apache/maven/shared/maven-shared-utils/3.0.0/maven-shared-utils-3.0.0.jar
[4e1a83b8-030d-4df0-b9ef-636978e556c8/build]   | [INFO] Downloaded from central: https://repo.maven.apache.org/maven2/org/apache/maven/maven-core/3.0/maven-core-3.0.jar (527 kB at 93 kB/s)
[4e1a83b8-030d-4df0-b9ef-636978e556c8/build]   | [INFO] Downloading from central: https://repo.maven.apache.org/maven2/commons-io/commons-io/2.4/commons-io-2.4.jar
[4e1a83b8-030d-4df0-b9ef-636978e556c8/build]   | [INFO] Downloaded from central: https://repo.maven.apache.org/maven2/org/sonatype/sisu/sisu-guice/2.1.7/sisu-guice-2.1.7-noaop.jar (472 kB at 75 kB/s)
[4e1a83b8-030d-4df0-b9ef-636978e556c8/build]   | [INFO] Downloading from central: https://repo.maven.apache.org/maven2/com/google/code/findbugs/jsr305/2.0.1/jsr305-2.0.1.jar
[4e1a83b8-030d-4df0-b9ef-636978e556c8/build]   | [INFO] Downloaded from central: https://repo.maven.apache.org/maven2/org/apache/maven/shared/maven-shared-utils/3.0.0/maven-shared-utils-3.0.0.jar (155 kB at 24 kB/s)
[4e1a83b8-030d-4df0-b9ef-636978e556c8/build]   | [INFO] Downloading from central: https://repo.maven.apache.org/maven2/org/sonatype/plexus/plexus-build-api/0.0.7/plexus-build-api-0.0.7.jar
[4e1a83b8-030d-4df0-b9ef-636978e556c8/build]   | [INFO] Downloaded from central: https://repo.maven.apache.org/maven2/org/codehaus/plexus/plexus-utils/3.0.24/plexus-utils-3.0.24.jar (247 kB at 38 kB/s)
[4e1a83b8-030d-4df0-b9ef-636978e556c8/build]   | [INFO] Downloading from central: https://repo.maven.apache.org/maven2/org/codehaus/plexus/plexus-interpolation/1.22/plexus-interpolation-1.22.jar
[4e1a83b8-030d-4df0-b9ef-636978e556c8/build]   | [INFO] Downloaded from central: https://repo.maven.apache.org/maven2/org/sonatype/plexus/plexus-build-api/0.0.7/plexus-build-api-0.0.7.jar (8.5 kB at 1.2 kB/s)
[4e1a83b8-030d-4df0-b9ef-636978e556c8/build]   | [INFO] Downloaded from central: https://repo.maven.apache.org/maven2/org/apache/maven/maven-model/3.0/maven-model-3.0.jar (165 kB at 24 kB/s)
[4e1a83b8-030d-4df0-b9ef-636978e556c8/build]   | [INFO] Downloaded from central: https://repo.maven.apache.org/maven2/com/google/code/findbugs/jsr305/2.0.1/jsr305-2.0.1.jar (32 kB at 4.2 kB/s)
[4e1a83b8-030d-4df0-b9ef-636978e556c8/build]   | [INFO] Downloaded from central: https://repo.maven.apache.org/maven2/org/codehaus/plexus/plexus-interpolation/1.22/plexus-interpolation-1.22.jar (77 kB at 9.9 kB/s)
[4e1a83b8-030d-4df0-b9ef-636978e556c8/build]   | [INFO] Downloaded from central: https://repo.maven.apache.org/maven2/commons-io/commons-io/2.4/commons-io-2.4.jar (185 kB at 18 kB/s)
[4e1a83b8-030d-4df0-b9ef-636978e556c8/build]   | [INFO] Using 'UTF-8' encoding to copy filtered resources.
[4e1a83b8-030d-4df0-b9ef-636978e556c8/build]   | [INFO] Copying 2 resources
[4e1a83b8-030d-4df0-b9ef-636978e556c8/build]   | [INFO] 
[4e1a83b8-030d-4df0-b9ef-636978e556c8/build]   | [INFO] --- maven-resources-plugin:3.0.1:resources (default-resources) @ core ---
[4e1a83b8-030d-4df0-b9ef-636978e556c8/build]   | [INFO] Using 'UTF-8' encoding to copy filtered resources.
[4e1a83b8-030d-4df0-b9ef-636978e556c8/build]   | [INFO] Copying 2 resources
[4e1a83b8-030d-4df0-b9ef-636978e556c8/build]   | [INFO] 
[4e1a83b8-030d-4df0-b9ef-636978e556c8/build]   | [INFO] --- maven-compiler-plugin:3.5.1:compile (default-compile) @ core ---
[4e1a83b8-030d-4df0-b9ef-636978e556c8/build]   | [INFO] Downloading from central: https://repo.maven.apache.org/maven2/org/codehaus/plexus/plexus-component-annotations/1.5.5/plexus-component-annotations-1.5.5.pom
[4e1a83b8-030d-4df0-b9ef-636978e556c8/build]   | [INFO] Downloaded from central: https://repo.maven.apache.org/maven2/org/codehaus/plexus/plexus-component-annotations/1.5.5/plexus-component-annotations-1.5.5.pom (815 B at 45 kB/s)
[4e1a83b8-030d-4df0-b9ef-636978e556c8/build]   | [INFO] Downloading from central: https://repo.maven.apache.org/maven2/org/codehaus/plexus/plexus-containers/1.5.5/plexus-containers-1.5.5.pom
[4e1a83b8-030d-4df0-b9ef-636978e556c8/build]   | [INFO] Downloaded from central: https://repo.maven.apache.org/maven2/org/codehaus/plexus/plexus-containers/1.5.5/plexus-containers-1.5.5.pom (4.2 kB at 87 kB/s)
[4e1a83b8-030d-4df0-b9ef-636978e556c8/build]   | [INFO] Downloading from central: https://repo.maven.apache.org/maven2/org/apache/maven/maven-toolchain/2.2.1/maven-toolchain-2.2.1.pom
[4e1a83b8-030d-4df0-b9ef-636978e556c8/build]   | [INFO] Downloaded from central: https://repo.maven.apache.org/maven2/org/apache/maven/maven-toolchain/2.2.1/maven-toolchain-2.2.1.pom (3.3 kB at 134 kB/s)
[4e1a83b8-030d-4df0-b9ef-636978e556c8/build]   | [INFO] Downloading from central: https://repo.maven.apache.org/maven2/org/apache/maven/maven/2.2.1/maven-2.2.1.pom
[4e1a83b8-030d-4df0-b9ef-636978e556c8/build]   | [INFO] Downloaded from central: https://repo.maven.apache.org/maven2/org/apache/maven/maven/2.2.1/maven-2.2.1.pom (22 kB at 174 kB/s)
[4e1a83b8-030d-4df0-b9ef-636978e556c8/build]   | [INFO] Downloading from central: https://repo.maven.apache.org/maven2/org/apache/maven/maven-parent/11/maven-parent-11.pom
[4e1a83b8-030d-4df0-b9ef-636978e556c8/build]   | [INFO] Downloaded from central: https://repo.maven.apache.org/maven2/org/apache/maven/maven-parent/11/maven-parent-11.pom (32 kB at 324 kB/s)
[4e1a83b8-030d-4df0-b9ef-636978e556c8/build]   | [INFO] Downloading from central: https://repo.maven.apache.org/maven2/org/apache/apache/5/apache-5.pom
[4e1a83b8-030d-4df0-b9ef-636978e556c8/build]   | [INFO] Downloaded from central: https://repo.maven.apache.org/maven2/org/apache/apache/5/apache-5.pom (4.1 kB at 59 kB/s)
[4e1a83b8-030d-4df0-b9ef-636978e556c8/build]   | [INFO] Downloading from central: https://repo.maven.apache.org/maven2/org/apache/maven/maven-core/2.2.1/maven-core-2.2.1.pom
[4e1a83b8-030d-4df0-b9ef-636978e556c8/build]   | [INFO] Downloaded from central: https://repo.maven.apache.org/maven2/org/apache/maven/maven-core/2.2.1/maven-core-2.2.1.pom (12 kB at 30 kB/s)
[4e1a83b8-030d-4df0-b9ef-636978e556c8/build]   | [INFO] Downloading from central: https://repo.maven.apache.org/maven2/org/apache/maven/maven-settings/2.2.1/maven-settings-2.2.1.pom
[4e1a83b8-030d-4df0-b9ef-636978e556c8/build]   | [INFO] Downloaded from central: https://repo.maven.apache.org/maven2/org/apache/maven/maven-settings/2.2.1/maven-settings-2.2.1.pom (2.2 kB at 2.9 kB/s)
[4e1a83b8-030d-4df0-b9ef-636978e556c8/build]   | [INFO] Downloading from central: https://repo.maven.apache.org/maven2/org/apache/maven/maven-model/2.2.1/maven-model-2.2.1.pom
[4e1a83b8-030d-4df0-b9ef-636978e556c8/build]   | [INFO] Downloaded from central: https://repo.maven.apache.org/maven2/org/apache/maven/maven-model/2.2.1/maven-model-2.2.1.pom (3.2 kB at 77 kB/s)
[4e1a83b8-030d-4df0-b9ef-636978e556c8/build]   | [INFO] Downloading from central: https://repo.maven.apache.org/maven2/org/codehaus/plexus/plexus-utils/1.5.15/plexus-utils-1.5.15.pom
[4e1a83b8-030d-4df0-b9ef-636978e556c8/build]   | [INFO] Downloaded from central: https://repo.maven.apache.org/maven2/org/codehaus/plexus/plexus-utils/1.5.15/plexus-utils-1.5.15.pom (6.8 kB at 12 kB/s)
[4e1a83b8-030d-4df0-b9ef-636978e556c8/build]   | [INFO] Downloading from central: https://repo.maven.apache.org/maven2/org/codehaus/plexus/plexus-interpolation/1.11/plexus-interpolation-1.11.pom
[4e1a83b8-030d-4df0-b9ef-636978e556c8/build]   | [INFO] Downloaded from central: https://repo.maven.apache.org/maven2/org/codehaus/plexus/plexus-interpolation/1.11/plexus-interpolation-1.11.pom (889 B at 32 kB/s)
[4e1a83b8-030d-4df0-b9ef-636978e556c8/build]   | [INFO] Downloading from central: https://repo.maven.apache.org/maven2/org/codehaus/plexus/plexus-components/1.1.14/plexus-components-1.1.14.pom
[4e1a83b8-030d-4df0-b9ef-636978e556c8/build]   | [INFO] Downloaded from central: https://repo.maven.apache.org/maven2/org/codehaus/plexus/plexus-components/1.1.14/plexus-components-1.1.14.pom (5.8 kB at 20 kB/s)
[4e1a83b8-030d-4df0-b9ef-636978e556c8/build]   | [INFO] Downloading from central: https://repo.maven.apache.org/maven2/org/codehaus/plexus/plexus-container-default/1.0-alpha-9-stable-1/plexus-container-default-1.0-alpha-9-stable-1.pom
[4e1a83b8-030d-4df0-b9ef-636978e556c8/build]   | [INFO] Downloaded from central: https://repo.maven.apache.org/maven2/org/codehaus/plexus/plexus-container-default/1.0-alpha-9-stable-1/plexus-container-default-1.0-alpha-9-stable-1.pom (3.9 kB at 63 kB/s)
[4e1a83b8-030d-4df0-b9ef-636978e556c8/build]   | [INFO] Downloading from central: https://repo.maven.apache.org/maven2/org/codehaus/plexus/plexus-containers/1.0.3/plexus-containers-1.0.3.pom
[4e1a83b8-030d-4df0-b9ef-636978e556c8/build]   | [INFO] Downloaded from central: https://repo.maven.apache.org/maven2/org/codehaus/plexus/plexus-containers/1.0.3/plexus-containers-1.0.3.pom (492 B at 1.9 kB/s)
[4e1a83b8-030d-4df0-b9ef-636978e556c8/build]   | [INFO] Downloading from central: https://repo.maven.apache.org/maven2/org/codehaus/plexus/plexus/1.0.4/plexus-1.0.4.pom
[4e1a83b8-030d-4df0-b9ef-636978e556c8/build]   | [INFO] Downloaded from central: https://repo.maven.apache.org/maven2/org/codehaus/plexus/plexus/1.0.4/plexus-1.0.4.pom (5.7 kB at 22 kB/s)
[4e1a83b8-030d-4df0-b9ef-636978e556c8/build]   | [INFO] Downloading from central: https://repo.maven.apache.org/maven2/junit/junit/3.8.1/junit-3.8.1.pom
[4e1a83b8-030d-4df0-b9ef-636978e556c8/build]   | [INFO] Downloaded from central: https://repo.maven.apache.org/maven2/junit/junit/3.8.1/junit-3.8.1.pom (998 B at 50 kB/s)
[4e1a83b8-030d-4df0-b9ef-636978e556c8/build]   | [INFO] Downloading from central: https://repo.maven.apache.org/maven2/org/codehaus/plexus/plexus-utils/1.0.4/plexus-utils-1.0.4.pom
[4e1a83b8-030d-4df0-b9ef-636978e556c8/build]   | [INFO] Downloaded from central: https://repo.maven.apache.org/maven2/org/codehaus/plexus/plexus-utils/1.0.4/plexus-utils-1.0.4.pom (6.9 kB at 254 kB/s)
[4e1a83b8-030d-4df0-b9ef-636978e556c8/build]   | [INFO] Downloading from central: https://repo.maven.apache.org/maven2/classworlds/classworlds/1.1-alpha-2/classworlds-1.1-alpha-2.pom
[4e1a83b8-030d-4df0-b9ef-636978e556c8/build]   | [INFO] Downloaded from central: https://repo.maven.apache.org/maven2/classworlds/classworlds/1.1-alpha-2/classworlds-1.1-alpha-2.pom (3.1 kB at 92 kB/s)
[4e1a83b8-030d-4df0-b9ef-636978e556c8/build]   | [INFO] Downloading from central: https://repo.maven.apache.org/maven2/org/apache/maven/maven-plugin-parameter-documenter/2.2.1/maven-plugin-parameter-documenter-2.2.1.pom
[4e1a83b8-030d-4df0-b9ef-636978e556c8/build]   | [INFO] Downloaded from central: https://repo.maven.apache.org/maven2/org/apache/maven/maven-plugin-parameter-documenter/2.2.1/maven-plugin-parameter-documenter-2.2.1.pom (2.0 kB at 130 kB/s)
[4e1a83b8-030d-4df0-b9ef-636978e556c8/build]   | [INFO] Downloading from central: https://repo.maven.apache.org/maven2/org/slf4j/slf4j-jdk14/1.5.6/slf4j-jdk14-1.5.6.pom
[4e1a83b8-030d-4df0-b9ef-636978e556c8/build]   | [INFO] Downloaded from central: https://repo.maven.apache.org/maven2/org/slf4j/slf4j-jdk14/1.5.6/slf4j-jdk14-1.5.6.pom (1.9 kB at 17 kB/s)
[4e1a83b8-030d-4df0-b9ef-636978e556c8/build]   | [INFO] Downloading from central: https://repo.maven.apache.org/maven2/org/slf4j/slf4j-parent/1.5.6/slf4j-parent-1.5.6.pom
[4e1a83b8-030d-4df0-b9ef-636978e556c8/build]   | [INFO] Downloaded from central: https://repo.maven.apache.org/maven2/org/slf4j/slf4j-parent/1.5.6/slf4j-parent-1.5.6.pom (7.9 kB at 115 kB/s)
[4e1a83b8-030d-4df0-b9ef-636978e556c8/build]   | [INFO] Downloading from central: https://repo.maven.apache.org/maven2/org/slf4j/slf4j-api/1.5.6/slf4j-api-1.5.6.pom
[4e1a83b8-030d-4df0-b9ef-636978e556c8/build]   | [INFO] Downloaded from central: https://repo.maven.apache.org/maven2/org/slf4j/slf4j-api/1.5.6/slf4j-api-1.5.6.pom (3.0 kB at 52 kB/s)
[4e1a83b8-030d-4df0-b9ef-636978e556c8/build]   | [INFO] Downloading from central: https://repo.maven.apache.org/maven2/org/slf4j/jcl-over-slf4j/1.5.6/jcl-over-slf4j-1.5.6.pom
[4e1a83b8-030d-4df0-b9ef-636978e556c8/build]   | [INFO] Downloaded from central: https://repo.maven.apache.org/maven2/org/slf4j/jcl-over-slf4j/1.5.6/jcl-over-slf4j-1.5.6.pom (2.2 kB at 22 kB/s)
[4e1a83b8-030d-4df0-b9ef-636978e556c8/build]   | [INFO] Downloading from central: https://repo.maven.apache.org/maven2/org/apache/maven/reporting/maven-reporting-api/2.2.1/maven-reporting-api-2.2.1.pom
[4e1a83b8-030d-4df0-b9ef-636978e556c8/build]   | [INFO] Downloaded from central: https://repo.maven.apache.org/maven2/org/apache/maven/reporting/maven-reporting-api/2.2.1/maven-reporting-api-2.2.1.pom (1.9 kB at 36 kB/s)
[4e1a83b8-030d-4df0-b9ef-636978e556c8/build]   | [INFO] Downloading from central: https://repo.maven.apache.org/maven2/org/apache/maven/reporting/maven-reporting/2.2.1/maven-reporting-2.2.1.pom
[4e1a83b8-030d-4df0-b9ef-636978e556c8/build]   | [INFO] Downloaded from central: https://repo.maven.apache.org/maven2/org/apache/maven/reporting/maven-reporting/2.2.1/maven-reporting-2.2.1.pom (1.4 kB at 5.0 kB/s)
[4e1a83b8-030d-4df0-b9ef-636978e556c8/build]   | [INFO] Downloading from central: https://repo.maven.apache.org/maven2/org/apache/maven/doxia/doxia-sink-api/1.1/doxia-sink-api-1.1.pom
[4e1a83b8-030d-4df0-b9ef-636978e556c8/build]   | [INFO] Downloaded from central: https://repo.maven.apache.org/maven2/org/apache/maven/doxia/doxia-sink-api/1.1/doxia-sink-api-1.1.pom (2.0 kB at 27 kB/s)
[4e1a83b8-030d-4df0-b9ef-636978e556c8/build]   | [INFO] Downloading from central: https://repo.maven.apache.org/maven2/org/apache/maven/doxia/doxia/1.1/doxia-1.1.pom
[4e1a83b8-030d-4df0-b9ef-636978e556c8/build]   | [INFO] Downloaded from central: https://repo.maven.apache.org/maven2/org/apache/maven/doxia/doxia/1.1/doxia-1.1.pom (15 kB at 323 kB/s)
[4e1a83b8-030d-4df0-b9ef-636978e556c8/build]   | [INFO] Downloading from central: https://repo.maven.apache.org/maven2/org/apache/maven/doxia/doxia-logging-api/1.1/doxia-logging-api-1.1.pom
[4e1a83b8-030d-4df0-b9ef-636978e556c8/build]   | [INFO] Downloaded from central: https://repo.maven.apache.org/maven2/org/apache/maven/doxia/doxia-logging-api/1.1/doxia-logging-api-1.1.pom (1.6 kB at 79 kB/s)
[4e1a83b8-030d-4df0-b9ef-636978e556c8/build]   | [INFO] Downloading from central: https://repo.maven.apache.org/maven2/org/codehaus/plexus/plexus-container-default/1.0-alpha-30/plexus-container-default-1.0-alpha-30.pom
[4e1a83b8-030d-4df0-b9ef-636978e556c8/build]   | [INFO] Downloaded from central: https://repo.maven.apache.org/maven2/org/codehaus/plexus/plexus-container-default/1.0-alpha-30/plexus-container-default-1.0-alpha-30.pom (3.5 kB at 151 kB/s)
[4e1a83b8-030d-4df0-b9ef-636978e556c8/build]   | [INFO] Downloading from central: https://repo.maven.apache.org/maven2/org/codehaus/plexus/plexus-containers/1.0-alpha-30/plexus-containers-1.0-alpha-30.pom
[4e1a83b8-030d-4df0-b9ef-636978e556c8/build]   | [INFO] Downloaded from central: https://repo.maven.apache.org/maven2/org/codehaus/plexus/plexus-containers/1.0-alpha-30/plexus-containers-1.0-alpha-30.pom (1.9 kB at 105 kB/s)
[4e1a83b8-030d-4df0-b9ef-636978e556c8/build]   | [INFO] Downloading from central: https://repo.maven.apache.org/maven2/org/codehaus/plexus/plexus-utils/1.4.5/plexus-utils-1.4.5.pom
[4e1a83b8-030d-4df0-b9ef-636978e556c8/build]   | [INFO] Downloaded from central: https://repo.maven.apache.org/maven2/org/codehaus/plexus/plexus-utils/1.4.5/plexus-utils-1.4.5.pom (2.3 kB at 84 kB/s)
[4e1a83b8-030d-4df0-b9ef-636978e556c8/build]   | [INFO] Downloading from central: https://repo.maven.apache.org/maven2/org/codehaus/plexus/plexus-classworlds/1.2-alpha-9/plexus-classworlds-1.2-alpha-9.pom
[4e1a83b8-030d-4df0-b9ef-636978e556c8/build]   | [INFO] Downloaded from central: https://repo.maven.apache.org/maven2/org/codehaus/plexus/plexus-classworlds/1.2-alpha-9/plexus-classworlds-1.2-alpha-9.pom (3.2 kB at 115 kB/s)
[4e1a83b8-030d-4df0-b9ef-636978e556c8/build]   | [INFO] Downloading from central: https://repo.maven.apache.org/maven2/org/codehaus/plexus/plexus/1.0.10/plexus-1.0.10.pom
[4e1a83b8-030d-4df0-b9ef-636978e556c8/build]   | [INFO] Downloaded from central: https://repo.maven.apache.org/maven2/org/codehaus/plexus/plexus/1.0.10/plexus-1.0.10.pom (8.2 kB at 179 kB/s)
[4e1a83b8-030d-4df0-b9ef-636978e556c8/build]   | [INFO] Downloading from central: https://repo.maven.apache.org/maven2/org/apache/maven/maven-profile/2.2.1/maven-profile-2.2.1.pom
[4e1a83b8-030d-4df0-b9ef-636978e556c8/build]   | [INFO] Downloaded from central: https://repo.maven.apache.org/maven2/org/apache/maven/maven-profile/2.2.1/maven-profile-2.2.1.pom (2.2 kB at 26 kB/s)
[4e1a83b8-030d-4df0-b9ef-636978e556c8/build]   | [INFO] Downloading from central: https://repo.maven.apache.org/maven2/org/apache/maven/maven-artifact/2.2.1/maven-artifact-2.2.1.pom
[4e1a83b8-030d-4df0-b9ef-636978e556c8/build]   | [INFO] Downloaded from central: https://repo.maven.apache.org/maven2/org/apache/maven/maven-artifact/2.2.1/maven-artifact-2.2.1.pom (1.6 kB at 66 kB/s)
[4e1a83b8-030d-4df0-b9ef-636978e556c8/build]   | [INFO] Downloading from central: https://repo.maven.apache.org/maven2/org/apache/maven/maven-repository-metadata/2.2.1/maven-repository-metadata-2.2.1.pom
[4e1a83b8-030d-4df0-b9ef-636978e556c8/build]   | [INFO] Downloaded from central: https://repo.maven.apache.org/maven2/org/apache/maven/maven-repository-metadata/2.2.1/maven-repository-metadata-2.2.1.pom (1.9 kB at 72 kB/s)
[4e1a83b8-030d-4df0-b9ef-636978e556c8/build]   | [INFO] Downloading from central: https://repo.maven.apache.org/maven2/org/apache/maven/maven-error-diagnostics/2.2.1/maven-error-diagnostics-2.2.1.pom
[4e1a83b8-030d-4df0-b9ef-636978e556c8/build]   | [INFO] Downloaded from central: https://repo.maven.apache.org/maven2/org/apache/maven/maven-error-diagnostics/2.2.1/maven-error-diagnostics-2.2.1.pom (1.7 kB at 19 kB/s)
[4e1a83b8-030d-4df0-b9ef-636978e556c8/build]   | [INFO] Downloading from central: https://repo.maven.apache.org/maven2/org/apache/maven/maven-project/2.2.1/maven-project-2.2.1.pom
[4e1a83b8-030d-4df0-b9ef-636978e556c8/build]   | [INFO] Downloaded from central: https://repo.maven.apache.org/maven2/org/apache/maven/maven-project/2.2.1/maven-project-2.2.1.pom (2.8 kB at 40 kB/s)
[4e1a83b8-030d-4df0-b9ef-636978e556c8/build]   | [INFO] Downloading from central: https://repo.maven.apache.org/maven2/org/apache/maven/maven-artifact-manager/2.2.1/maven-artifact-manager-2.2.1.pom
[4e1a83b8-030d-4df0-b9ef-636978e556c8/build]   | [INFO] Downloaded from central: https://repo.maven.apache.org/maven2/org/apache/maven/maven-artifact-manager/2.2.1/maven-artifact-manager-2.2.1.pom (3.1 kB at 44 kB/s)
[4e1a83b8-030d-4df0-b9ef-636978e556c8/build]   | [INFO] Downloading from central: https://repo.maven.apache.org/maven2/backport-util-concurrent/backport-util-concurrent/3.1/backport-util-concurrent-3.1.pom
[4e1a83b8-030d-4df0-b9ef-636978e556c8/build]   | [INFO] Downloaded from central: https://repo.maven.apache.org/maven2/backport-util-concurrent/backport-util-concurrent/3.1/backport-util-concurrent-3.1.pom (880 B at 11 kB/s)
[4e1a83b8-030d-4df0-b9ef-636978e556c8/build]   | [INFO] Downloading from central: https://repo.maven.apache.org/maven2/org/apache/maven/maven-plugin-registry/2.2.1/maven-plugin-registry-2.2.1.pom
[4e1a83b8-030d-4df0-b9ef-636978e556c8/build]   | [INFO] Downloaded from central: https://repo.maven.apache.org/maven2/org/apache/maven/maven-plugin-registry/2.2.1/maven-plugin-registry-2.2.1.pom (1.9 kB at 52 kB/s)
[4e1a83b8-030d-4df0-b9ef-636978e556c8/build]   | [INFO] Downloading from central: https://repo.maven.apache.org/maven2/commons-cli/commons-cli/1.2/commons-cli-1.2.pom
[4e1a83b8-030d-4df0-b9ef-636978e556c8/build]   | [INFO] Downloaded from central: https://repo.maven.apache.org/maven2/commons-cli/commons-cli/1.2/commons-cli-1.2.pom (8.0 kB at 53 kB/s)
[4e1a83b8-030d-4df0-b9ef-636978e556c8/build]   | [INFO] Downloading from central: https://repo.maven.apache.org/maven2/org/apache/commons/commons-parent/11/commons-parent-11.pom
[4e1a83b8-030d-4df0-b9ef-636978e556c8/build]   | [INFO] Downloaded from central: https://repo.maven.apache.org/maven2/org/apache/commons/commons-parent/11/commons-parent-11.pom (25 kB at 128 kB/s)
[4e1a83b8-030d-4df0-b9ef-636978e556c8/build]   | [INFO] Downloading from central: https://repo.maven.apache.org/maven2/org/apache/apache/4/apache-4.pom
[4e1a83b8-030d-4df0-b9ef-636978e556c8/build]   | [INFO] Downloaded from central: https://repo.maven.apache.org/maven2/org/apache/apache/4/apache-4.pom (4.5 kB at 6.4 kB/s)
[4e1a83b8-030d-4df0-b9ef-636978e556c8/build]   | [INFO] Downloading from central: https://repo.maven.apache.org/maven2/org/apache/maven/maven-plugin-api/2.2.1/maven-plugin-api-2.2.1.pom
[4e1a83b8-030d-4df0-b9ef-636978e556c8/build]   | [INFO] Downloaded from central: https://repo.maven.apache.org/maven2/org/apache/maven/maven-plugin-api/2.2.1/maven-plugin-api-2.2.1.pom (1.5 kB at 54 kB/s)
[4e1a83b8-030d-4df0-b9ef-636978e556c8/build]   | [INFO] Downloading from central: https://repo.maven.apache.org/maven2/org/apache/maven/maven-plugin-descriptor/2.2.1/maven-plugin-descriptor-2.2.1.pom
[4e1a83b8-030d-4df0-b9ef-636978e556c8/build]   | [INFO] Downloaded from central: https://repo.maven.apache.org/maven2/org/apache/maven/maven-plugin-descriptor/2.2.1/maven-plugin-descriptor-2.2.1.pom (2.1 kB at 83 kB/s)
[4e1a83b8-030d-4df0-b9ef-636978e556c8/build]   | [INFO] Downloading from central: https://repo.maven.apache.org/maven2/org/codehaus/plexus/plexus-interactivity-api/1.0-alpha-4/plexus-interactivity-api-1.0-alpha-4.pom
[4e1a83b8-030d-4df0-b9ef-636978e556c8/build]   | [INFO] Downloaded from central: https://repo.maven.apache.org/maven2/org/codehaus/plexus/plexus-interactivity-api/1.0-alpha-4/plexus-interactivity-api-1.0-alpha-4.pom (7.1 kB at 165 kB/s)
[4e1a83b8-030d-4df0-b9ef-636978e556c8/build]   | [INFO] Downloading from central: https://repo.maven.apache.org/maven2/org/apache/maven/maven-monitor/2.2.1/maven-monitor-2.2.1.pom
[4e1a83b8-030d-4df0-b9ef-636978e556c8/build]   | [INFO] Downloaded from central: https://repo.maven.apache.org/maven2/org/apache/maven/maven-monitor/2.2.1/maven-monitor-2.2.1.pom (1.3 kB at 4.5 kB/s)
[4e1a83b8-030d-4df0-b9ef-636978e556c8/build]   | [INFO] Downloading from central: https://repo.maven.apache.org/maven2/classworlds/classworlds/1.1/classworlds-1.1.pom
[4e1a83b8-030d-4df0-b9ef-636978e556c8/build]   | [INFO] Downloaded from central: https://repo.maven.apache.org/maven2/classworlds/classworlds/1.1/classworlds-1.1.pom (3.3 kB at 107 kB/s)
[4e1a83b8-030d-4df0-b9ef-636978e556c8/build]   | [INFO] Downloading from central: https://repo.maven.apache.org/maven2/org/apache/maven/shared/maven-shared-incremental/1.1/maven-shared-incremental-1.1.pom
[4e1a83b8-030d-4df0-b9ef-636978e556c8/build]   | [INFO] Downloaded from central: https://repo.maven.apache.org/maven2/org/apache/maven/shared/maven-shared-incremental/1.1/maven-shared-incremental-1.1.pom (4.7 kB at 182 kB/s)
[4e1a83b8-030d-4df0-b9ef-636978e556c8/build]   | [INFO] Downloading from central: https://repo.maven.apache.org/maven2/org/apache/maven/shared/maven-shared-components/19/maven-shared-components-19.pom
[4e1a83b8-030d-4df0-b9ef-636978e556c8/build]   | [INFO] Downloaded from central: https://repo.maven.apache.org/maven2/org/apache/maven/shared/maven-shared-components/19/maven-shared-components-19.pom (6.4 kB at 276 kB/s)
[4e1a83b8-030d-4df0-b9ef-636978e556c8/build]   | [INFO] Downloading from central: https://repo.maven.apache.org/maven2/org/apache/maven/maven-parent/23/maven-parent-23.pom
[4e1a83b8-030d-4df0-b9ef-636978e556c8/build]   | [INFO] Downloaded from central: https://repo.maven.apache.org/maven2/org/apache/maven/maven-parent/23/maven-parent-23.pom (33 kB at 110 kB/s)
[4e1a83b8-030d-4df0-b9ef-636978e556c8/build]   | [INFO] Downloading from central: https://repo.maven.apache.org/maven2/org/apache/apache/13/apache-13.pom
[4e1a83b8-030d-4df0-b9ef-636978e556c8/build]   | [INFO] Downloaded from central: https://repo.maven.apache.org/maven2/org/apache/apache/13/apache-13.pom (14 kB at 131 kB/s)
[4e1a83b8-030d-4df0-b9ef-636978e556c8/build]   | [INFO] Downloading from central: https://repo.maven.apache.org/maven2/org/apache/maven/shared/maven-shared-utils/0.1/maven-shared-utils-0.1.pom
[4e1a83b8-030d-4df0-b9ef-636978e556c8/build]   | [INFO] Downloaded from central: https://repo.maven.apache.org/maven2/org/apache/maven/shared/maven-shared-utils/0.1/maven-shared-utils-0.1.pom (4.0 kB at 59 kB/s)
[4e1a83b8-030d-4df0-b9ef-636978e556c8/build]   | [INFO] Downloading from central: https://repo.maven.apache.org/maven2/org/apache/maven/shared/maven-shared-components/18/maven-shared-components-18.pom
[4e1a83b8-030d-4df0-b9ef-636978e556c8/build]   | [INFO] Downloaded from central: https://repo.maven.apache.org/maven2/org/apache/maven/shared/maven-shared-components/18/maven-shared-components-18.pom (4.9 kB at 19 kB/s)
[4e1a83b8-030d-4df0-b9ef-636978e556c8/build]   | [INFO] Downloading from central: https://repo.maven.apache.org/maven2/org/apache/maven/maven-parent/22/maven-parent-22.pom
[4e1a83b8-030d-4df0-b9ef-636978e556c8/build]   | [INFO] Downloaded from central: https://repo.maven.apache.org/maven2/org/apache/maven/maven-parent/22/maven-parent-22.pom (30 kB at 98 kB/s)
[4e1a83b8-030d-4df0-b9ef-636978e556c8/build]   | [INFO] Downloading from central: https://repo.maven.apache.org/maven2/org/apache/apache/11/apache-11.pom
[4e1a83b8-030d-4df0-b9ef-636978e556c8/build]   | [INFO] Downloaded from central: https://repo.maven.apache.org/maven2/org/apache/apache/11/apache-11.pom (15 kB at 228 kB/s)
[4e1a83b8-030d-4df0-b9ef-636978e556c8/build]   | [INFO] Downloading from central: https://repo.maven.apache.org/maven2/org/codehaus/plexus/plexus-compiler-api/2.7/plexus-compiler-api-2.7.pom
[4e1a83b8-030d-4df0-b9ef-636978e556c8/build]   | [INFO] Downloaded from central: https://repo.maven.apache.org/maven2/org/codehaus/plexus/plexus-compiler-api/2.7/plexus-compiler-api-2.7.pom (891 B at 36 kB/s)
[4e1a83b8-030d-4df0-b9ef-636978e556c8/build]   | [INFO] Downloading from central: https://repo.maven.apache.org/maven2/org/codehaus/plexus/plexus-compiler/2.7/plexus-compiler-2.7.pom
[4e1a83b8-030d-4df0-b9ef-636978e556c8/build]   | [INFO] Downloaded from central: https://repo.maven.apache.org/maven2/org/codehaus/plexus/plexus-compiler/2.7/plexus-compiler-2.7.pom (4.9 kB at 3.1 kB/s)
[4e1a83b8-030d-4df0-b9ef-636978e556c8/build]   | [INFO] Downloading from central: https://repo.maven.apache.org/maven2/org/codehaus/plexus/plexus-components/4.0/plexus-components-4.0.pom
[4e1a83b8-030d-4df0-b9ef-636978e556c8/build]   | [INFO] Downloaded from central: https://repo.maven.apache.org/maven2/org/codehaus/plexus/plexus-components/4.0/plexus-components-4.0.pom (2.7 kB at 106 kB/s)
[4e1a83b8-030d-4df0-b9ef-636978e556c8/build]   | [INFO] Downloading from central: https://repo.maven.apache.org/maven2/org/codehaus/plexus/plexus-utils/3.0.22/plexus-utils-3.0.22.pom
[4e1a83b8-030d-4df0-b9ef-636978e556c8/build]   | [INFO] Downloaded from central: https://repo.maven.apache.org/maven2/org/codehaus/plexus/plexus-utils/3.0.22/plexus-utils-3.0.22.pom (3.8 kB at 12 kB/s)
[4e1a83b8-030d-4df0-b9ef-636978e556c8/build]   | [INFO] Downloading from central: https://repo.maven.apache.org/maven2/org/codehaus/plexus/plexus-compiler-manager/2.7/plexus-compiler-manager-2.7.pom
[4e1a83b8-030d-4df0-b9ef-636978e556c8/build]   | [INFO] Downloaded from central: https://repo.maven.apache.org/maven2/org/codehaus/plexus/plexus-compiler-manager/2.7/plexus-compiler-manager-2.7.pom (711 B at 27 kB/s)
[4e1a83b8-030d-4df0-b9ef-636978e556c8/build]   | [INFO] Downloading from central: https://repo.maven.apache.org/maven2/org/codehaus/plexus/plexus-compiler-javac/2.7/plexus-compiler-javac-2.7.pom
[4e1a83b8-030d-4df0-b9ef-636978e556c8/build]   | [INFO] Downloaded from central: https://repo.maven.apache.org/maven2/org/codehaus/plexus/plexus-compiler-javac/2.7/plexus-compiler-javac-2.7.pom (792 B at 33 kB/s)
[4e1a83b8-030d-4df0-b9ef-636978e556c8/build]   | [INFO] Downloading from central: https://repo.maven.apache.org/maven2/org/codehaus/plexus/plexus-compilers/2.7/plexus-compilers-2.7.pom
[4e1a83b8-030d-4df0-b9ef-636978e556c8/build]   | [INFO] Downloaded from central: https://repo.maven.apache.org/maven2/org/codehaus/plexus/plexus-compilers/2.7/plexus-compilers-2.7.pom (1.4 kB at 45 kB/s)
[4e1a83b8-030d-4df0-b9ef-636978e556c8/build]   | [INFO] Downloading from central: https://repo.maven.apache.org/maven2/org/codehaus/plexus/plexus-utils/2.0.4/plexus-utils-2.0.4.jar
[4e1a83b8-030d-4df0-b9ef-636978e556c8/build]   | [INFO] Downloading from central: https://repo.maven.apache.org/maven2/org/codehaus/plexus/plexus-interpolation/1.14/plexus-interpolation-1.14.jar
[4e1a83b8-030d-4df0-b9ef-636978e556c8/build]   | [INFO] Downloading from central: https://repo.maven.apache.org/maven2/org/codehaus/plexus/plexus-component-annotations/1.5.5/plexus-component-annotations-1.5.5.jar
[4e1a83b8-030d-4df0-b9ef-636978e556c8/build]   | [INFO] Downloading from central: https://repo.maven.apache.org/maven2/org/apache/maven/maven-toolchain/2.2.1/maven-toolchain-2.2.1.jar
[4e1a83b8-030d-4df0-b9ef-636978e556c8/build]   | [INFO] Downloading from central: https://repo.maven.apache.org/maven2/org/apache/maven/shared/maven-shared-incremental/1.1/maven-shared-incremental-1.1.jar
[4e1a83b8-030d-4df0-b9ef-636978e556c8/build]   | [INFO] Downloaded from central: https://repo.maven.apache.org/maven2/org/codehaus/plexus/plexus-component-annotations/1.5.5/plexus-component-annotations-1.5.5.jar (4.2 kB at 120 kB/s)
[4e1a83b8-030d-4df0-b9ef-636978e556c8/build]   | [INFO] Downloading from central: https://repo.maven.apache.org/maven2/org/codehaus/plexus/plexus-compiler-api/2.7/plexus-compiler-api-2.7.jar
[4e1a83b8-030d-4df0-b9ef-636978e556c8/build]   | [INFO] Downloaded from central: https://repo.maven.apache.org/maven2/org/apache/maven/shared/maven-shared-incremental/1.1/maven-shared-incremental-1.1.jar (14 kB at 129 kB/s)
[4e1a83b8-030d-4df0-b9ef-636978e556c8/build]   | [INFO] Downloading from central: https://repo.maven.apache.org/maven2/org/codehaus/plexus/plexus-compiler-manager/2.7/plexus-compiler-manager-2.7.jar
[4e1a83b8-030d-4df0-b9ef-636978e556c8/build]   | [INFO] Downloaded from central: https://repo.maven.apache.org/maven2/org/codehaus/plexus/plexus-interpolation/1.14/plexus-interpolation-1.14.jar (61 kB at 540 kB/s)
[4e1a83b8-030d-4df0-b9ef-636978e556c8/build]   | [INFO] Downloading from central: https://repo.maven.apache.org/maven2/org/codehaus/plexus/plexus-compiler-javac/2.7/plexus-compiler-javac-2.7.jar
[4e1a83b8-030d-4df0-b9ef-636978e556c8/build]   | [INFO] Downloaded from central: https://repo.maven.apache.org/maven2/org/codehaus/plexus/plexus-compiler-manager/2.7/plexus-compiler-manager-2.7.jar (4.7 kB at 29 kB/s)
[4e1a83b8-030d-4df0-b9ef-636978e556c8/build]   | [INFO] Downloaded from central: https://repo.maven.apache.org/maven2/org/apache/maven/maven-toolchain/2.2.1/maven-toolchain-2.2.1.jar (38 kB at 145 kB/s)
[4e1a83b8-030d-4df0-b9ef-636978e556c8/build]   | [INFO] Downloaded from central: https://repo.maven.apache.org/maven2/org/codehaus/plexus/plexus-compiler-javac/2.7/plexus-compiler-javac-2.7.jar (19 kB at 53 kB/s)
[4e1a83b8-030d-4df0-b9ef-636978e556c8/build]   | [INFO] Downloaded from central: https://repo.maven.apache.org/maven2/org/codehaus/plexus/plexus-compiler-api/2.7/plexus-compiler-api-2.7.jar (26 kB at 68 kB/s)
[4e1a83b8-030d-4df0-b9ef-636978e556c8/build]   | [INFO] Downloaded from central: https://repo.maven.apache.org/maven2/org/codehaus/plexus/plexus-utils/2.0.4/plexus-utils-2.0.4.jar (222 kB at 146 kB/s)
[4e1a83b8-030d-4df0-b9ef-636978e556c8/build]   | [INFO] Changes detected - recompiling the module!
[4e1a83b8-030d-4df0-b9ef-636978e556c8/build]   | [INFO] Compiling 212 source files to /tmp/299caf2d-6b8d-46fb-ab6b-55de8de31788/target/classes
[4e1a83b8-030d-4df0-b9ef-636978e556c8/build]   | [INFO] /tmp/299caf2d-6b8d-46fb-ab6b-55de8de31788/src/main/java/org/vanilladb/core/remote/jdbc/ResultSetAdapter.java: /tmp/299caf2d-6b8d-46fb-ab6b-55de8de31788/src/main/java/org/vanilladb/core/remote/jdbc/ResultSetAdapter.java uses or overrides a deprecated API.
[4e1a83b8-030d-4df0-b9ef-636978e556c8/build]   | [INFO] /tmp/299caf2d-6b8d-46fb-ab6b-55de8de31788/src/main/java/org/vanilladb/core/remote/jdbc/ResultSetAdapter.java: Recompile with -Xlint:deprecation for details.
[4e1a83b8-030d-4df0-b9ef-636978e556c8/build]   | [INFO] 
[4e1a83b8-030d-4df0-b9ef-636978e556c8/build]   | [INFO] --- maven-resources-plugin:3.0.1:testResources (default-testResources) @ core ---
[4e1a83b8-030d-4df0-b9ef-636978e556c8/build]   | [INFO] Using 'UTF-8' encoding to copy filtered resources.
[4e1a83b8-030d-4df0-b9ef-636978e556c8/build]   | [INFO] Copying 2 resources
[4e1a83b8-030d-4df0-b9ef-636978e556c8/build]   | [INFO] 
[4e1a83b8-030d-4df0-b9ef-636978e556c8/build]   | [INFO] --- maven-compiler-plugin:3.5.1:testCompile (default-testCompile) @ core ---
[4e1a83b8-030d-4df0-b9ef-636978e556c8/build]   | [INFO] Changes detected - recompiling the module!
[4e1a83b8-030d-4df0-b9ef-636978e556c8/build]   | [INFO] Compiling 25 source files to /tmp/299caf2d-6b8d-46fb-ab6b-55de8de31788/target/test-classes
[4e1a83b8-030d-4df0-b9ef-636978e556c8/build]   | [INFO] 
[4e1a83b8-030d-4df0-b9ef-636978e556c8/build]   | [INFO] --- maven-surefire-plugin:2.19.1:test (default-test) @ core ---
[4e1a83b8-030d-4df0-b9ef-636978e556c8/build]   | [INFO] Downloading from central: https://repo.maven.apache.org/maven2/org/apache/maven/surefire/maven-surefire-common/2.19.1/maven-surefire-common-2.19.1.pom
[4e1a83b8-030d-4df0-b9ef-636978e556c8/build]   | [INFO] Downloaded from central: https://repo.maven.apache.org/maven2/org/apache/maven/surefire/maven-surefire-common/2.19.1/maven-surefire-common-2.19.1.pom (7.3 kB at 210 kB/s)
[4e1a83b8-030d-4df0-b9ef-636978e556c8/build]   | [INFO] Downloading from central: https://repo.maven.apache.org/maven2/org/apache/maven/plugin-tools/maven-plugin-annotations/3.3/maven-plugin-annotations-3.3.pom
[4e1a83b8-030d-4df0-b9ef-636978e556c8/build]   | [INFO] Downloaded from central: https://repo.maven.apache.org/maven2/org/apache/maven/plugin-tools/maven-plugin-annotations/3.3/maven-plugin-annotations-3.3.pom (1.6 kB at 74 kB/s)
[4e1a83b8-030d-4df0-b9ef-636978e556c8/build]   | [INFO] Downloading from central: https://repo.maven.apache.org/maven2/org/apache/maven/plugin-tools/maven-plugin-tools/3.3/maven-plugin-tools-3.3.pom
[4e1a83b8-030d-4df0-b9ef-636978e556c8/build]   | [INFO] Downloaded from central: https://repo.maven.apache.org/maven2/org/apache/maven/plugin-tools/maven-plugin-tools/3.3/maven-plugin-tools-3.3.pom (13 kB at 342 kB/s)
[4e1a83b8-030d-4df0-b9ef-636978e556c8/build]   | [INFO] Downloading from central: https://repo.maven.apache.org/maven2/org/apache/maven/maven-parent/24/maven-parent-24.pom
[4e1a83b8-030d-4df0-b9ef-636978e556c8/build]   | [INFO] Downloaded from central: https://repo.maven.apache.org/maven2/org/apache/maven/maven-parent/24/maven-parent-24.pom (37 kB at 1.1 MB/s)
[4e1a83b8-030d-4df0-b9ef-636978e556c8/build]   | [INFO] Downloading from central: https://repo.maven.apache.org/maven2/org/apache/apache/14/apache-14.pom
[4e1a83b8-030d-4df0-b9ef-636978e556c8/build]   | [INFO] Downloaded from central: https://repo.maven.apache.org/maven2/org/apache/apache/14/apache-14.pom (15 kB at 668 kB/s)
[4e1a83b8-030d-4df0-b9ef-636978e556c8/build]   | [INFO] Downloading from central: https://repo.maven.apache.org/maven2/org/apache/maven/surefire/surefire-api/2.19.1/surefire-api-2.19.1.pom
[4e1a83b8-030d-4df0-b9ef-636978e556c8/build]   | [INFO] Downloaded from central: https://repo.maven.apache.org/maven2/org/apache/maven/surefire/surefire-api/2.19.1/surefire-api-2.19.1.pom (3.5 kB at 90 kB/s)
[4e1a83b8-030d-4df0-b9ef-636978e556c8/build]   | [INFO] Downloading from central: https://repo.maven.apache.org/maven2/org/apache/maven/surefire/surefire-booter/2.19.1/surefire-booter-2.19.1.pom
[4e1a83b8-030d-4df0-b9ef-636978e556c8/build]   | [INFO] Downloaded from central: https://repo.maven.apache.org/maven2/org/apache/maven/surefire/surefire-booter/2.19.1/surefire-booter-2.19.1.pom (3.2 kB at 94 kB/s)
[4e1a83b8-030d-4df0-b9ef-636978e556c8/build]   | [INFO] Downloading from central: https://repo.maven.apache.org/maven2/junit/junit/4.12/junit-4.12.pom
[4e1a83b8-030d-4df0-b9ef-636978e556c8/build]   | [INFO] Downloaded from central: https://repo.maven.apache.org/maven2/junit/junit/4.12/junit-4.12.pom (24 kB at 493 kB/s)
[4e1a83b8-030d-4df0-b9ef-636978e556c8/build]   | [INFO] Downloading from central: https://repo.maven.apache.org/maven2/org/hamcrest/hamcrest-core/1.3/hamcrest-core-1.3.pom
[4e1a83b8-030d-4df0-b9ef-636978e556c8/build]   | [INFO] Downloaded from central: https://repo.maven.apache.org/maven2/org/hamcrest/hamcrest-core/1.3/hamcrest-core-1.3.pom (766 B at 38 kB/s)
[4e1a83b8-030d-4df0-b9ef-636978e556c8/build]   | [INFO] Downloading from central: https://repo.maven.apache.org/maven2/org/hamcrest/hamcrest-parent/1.3/hamcrest-parent-1.3.pom
[4e1a83b8-030d-4df0-b9ef-636978e556c8/build]   | [INFO] Downloaded from central: https://repo.maven.apache.org/maven2/org/hamcrest/hamcrest-parent/1.3/hamcrest-parent-1.3.pom (2.0 kB at 94 kB/s)
[4e1a83b8-030d-4df0-b9ef-636978e556c8/build]   | [INFO] Downloading from central: https://repo.maven.apache.org/maven2/org/apache/maven/reporting/maven-reporting-api/3.0/maven-reporting-api-3.0.pom
[4e1a83b8-030d-4df0-b9ef-636978e556c8/build]   | [INFO] Downloaded from central: https://repo.maven.apache.org/maven2/org/apache/maven/reporting/maven-reporting-api/3.0/maven-reporting-api-3.0.pom (2.4 kB at 170 kB/s)
[4e1a83b8-030d-4df0-b9ef-636978e556c8/build]   | [INFO] Downloading from central: https://repo.maven.apache.org/maven2/org/apache/maven/shared/maven-shared-components/15/maven-shared-components-15.pom
[4e1a83b8-030d-4df0-b9ef-636978e556c8/build]   | [INFO] Downloaded from central: https://repo.maven.apache.org/maven2/org/apache/maven/shared/maven-shared-components/15/maven-shared-components-15.pom (9.3 kB at 389 kB/s)
[4e1a83b8-030d-4df0-b9ef-636978e556c8/build]   | [INFO] Downloading from central: https://repo.maven.apache.org/maven2/org/apache/maven/maven-parent/16/maven-parent-16.pom
[4e1a83b8-030d-4df0-b9ef-636978e556c8/build]   | [INFO] Downloaded from central: https://repo.maven.apache.org/maven2/org/apache/maven/maven-parent/16/maven-parent-16.pom (23 kB at 582 kB/s)
[4e1a83b8-030d-4df0-b9ef-636978e556c8/build]   | [INFO] Downloading from central: https://repo.maven.apache.org/maven2/org/apache/apache/7/apache-7.pom
[4e1a83b8-030d-4df0-b9ef-636978e556c8/build]   | [INFO] Downloaded from central: https://repo.maven.apache.org/maven2/org/apache/apache/7/apache-7.pom (14 kB at 627 kB/s)
[4e1a83b8-030d-4df0-b9ef-636978e556c8/build]   | [INFO] Downloading from central: https://repo.maven.apache.org/maven2/org/apache/commons/commons-lang3/3.1/commons-lang3-3.1.pom
[4e1a83b8-030d-4df0-b9ef-636978e556c8/build]   | [INFO] Downloaded from central: https://repo.maven.apache.org/maven2/org/apache/commons/commons-lang3/3.1/commons-lang3-3.1.pom (17 kB at 428 kB/s)
[4e1a83b8-030d-4df0-b9ef-636978e556c8/build]   | [INFO] Downloading from central: https://repo.maven.apache.org/maven2/org/apache/commons/commons-parent/22/commons-parent-22.pom
[4e1a83b8-030d-4df0-b9ef-636978e556c8/build]   | [INFO] Downloaded from central: https://repo.maven.apache.org/maven2/org/apache/commons/commons-parent/22/commons-parent-22.pom (42 kB at 1.0 MB/s)
[4e1a83b8-030d-4df0-b9ef-636978e556c8/build]   | [INFO] Downloading from central: https://repo.maven.apache.org/maven2/org/apache/maven/maven-plugin-api/2.2.1/maven-plugin-api-2.2.1.jar
[4e1a83b8-030d-4df0-b9ef-636978e556c8/build]   | [INFO] Downloading from central: https://repo.maven.apache.org/maven2/org/apache/maven/surefire/maven-surefire-common/2.19.1/maven-surefire-common-2.19.1.jar
[4e1a83b8-030d-4df0-b9ef-636978e556c8/build]   | [INFO] Downloading from central: https://repo.maven.apache.org/maven2/org/apache/maven/surefire/surefire-booter/2.19.1/surefire-booter-2.19.1.jar
[4e1a83b8-030d-4df0-b9ef-636978e556c8/build]   | [INFO] Downloading from central: https://repo.maven.apache.org/maven2/org/apache/maven/maven-artifact/2.2.1/maven-artifact-2.2.1.jar
[4e1a83b8-030d-4df0-b9ef-636978e556c8/build]   | [INFO] Downloading from central: https://repo.maven.apache.org/maven2/org/codehaus/plexus/plexus-utils/1.5.15/plexus-utils-1.5.15.jar
[4e1a83b8-030d-4df0-b9ef-636978e556c8/build]   | [INFO] Downloaded from central: https://repo.maven.apache.org/maven2/org/apache/maven/maven-plugin-api/2.2.1/maven-plugin-api-2.2.1.jar (12 kB at 412 kB/s)
[4e1a83b8-030d-4df0-b9ef-636978e556c8/build]   | [INFO] Downloading from central: https://repo.maven.apache.org/maven2/org/apache/maven/maven-plugin-descriptor/2.2.1/maven-plugin-descriptor-2.2.1.jar
[4e1a83b8-030d-4df0-b9ef-636978e556c8/build]   | [INFO] Downloaded from central: https://repo.maven.apache.org/maven2/org/apache/maven/maven-plugin-descriptor/2.2.1/maven-plugin-descriptor-2.2.1.jar (39 kB at 666 kB/s)
[4e1a83b8-030d-4df0-b9ef-636978e556c8/build]   | [INFO] Downloading from central: https://repo.maven.apache.org/maven2/org/codehaus/plexus/plexus-container-default/1.0-alpha-9-stable-1/plexus-container-default-1.0-alpha-9-stable-1.jar
[4e1a83b8-030d-4df0-b9ef-636978e556c8/build]   | [INFO] Downloaded from central: https://repo.maven.apache.org/maven2/org/apache/maven/maven-artifact/2.2.1/maven-artifact-2.2.1.jar (80 kB at 992 kB/s)
[4e1a83b8-030d-4df0-b9ef-636978e556c8/build]   | [INFO] Downloading from central: https://repo.maven.apache.org/maven2/junit/junit/4.12/junit-4.12.jar
[4e1a83b8-030d-4df0-b9ef-636978e556c8/build]   | [INFO] Downloaded from central: https://repo.maven.apache.org/maven2/org/apache/maven/surefire/surefire-booter/2.19.1/surefire-booter-2.19.1.jar (46 kB at 410 kB/s)
[4e1a83b8-030d-4df0-b9ef-636978e556c8/build]   | [INFO] Downloading from central: https://repo.maven.apache.org/maven2/org/hamcrest/hamcrest-core/1.3/hamcrest-core-1.3.jar
[4e1a83b8-030d-4df0-b9ef-636978e556c8/build]   | [INFO] Downloaded from central: https://repo.maven.apache.org/maven2/org/hamcrest/hamcrest-core/1.3/hamcrest-core-1.3.jar (45 kB at 336 kB/s)
[4e1a83b8-030d-4df0-b9ef-636978e556c8/build]   | [INFO] Downloading from central: https://repo.maven.apache.org/maven2/org/apache/maven/maven-project/2.2.1/maven-project-2.2.1.jar
[4e1a83b8-030d-4df0-b9ef-636978e556c8/build]   | [INFO] Downloaded from central: https://repo.maven.apache.org/maven2/org/codehaus/plexus/plexus-container-default/1.0-alpha-9-stable-1/plexus-container-default-1.0-alpha-9-stable-1.jar (194 kB at 1.1 MB/s)
[4e1a83b8-030d-4df0-b9ef-636978e556c8/build]   | [INFO] Downloading from central: https://repo.maven.apache.org/maven2/org/apache/maven/maven-settings/2.2.1/maven-settings-2.2.1.jar
[4e1a83b8-030d-4df0-b9ef-636978e556c8/build]   | [INFO] Downloaded from central: https://repo.maven.apache.org/maven2/org/apache/maven/maven-settings/2.2.1/maven-settings-2.2.1.jar (49 kB at 227 kB/s)
[4e1a83b8-030d-4df0-b9ef-636978e556c8/build]   | [INFO] Downloading from central: https://repo.maven.apache.org/maven2/org/apache/maven/maven-profile/2.2.1/maven-profile-2.2.1.jar
[4e1a83b8-030d-4df0-b9ef-636978e556c8/build]   | [INFO] Downloaded from central: https://repo.maven.apache.org/maven2/org/apache/maven/maven-project/2.2.1/maven-project-2.2.1.jar (156 kB at 662 kB/s)
[4e1a83b8-030d-4df0-b9ef-636978e556c8/build]   | [INFO] Downloading from central: https://repo.maven.apache.org/maven2/org/apache/maven/maven-artifact-manager/2.2.1/maven-artifact-manager-2.2.1.jar
[4e1a83b8-030d-4df0-b9ef-636978e556c8/build]   | [INFO] Downloaded from central: https://repo.maven.apache.org/maven2/junit/junit/4.12/junit-4.12.jar (315 kB at 1.3 MB/s)
[4e1a83b8-030d-4df0-b9ef-636978e556c8/build]   | [INFO] Downloading from central: https://repo.maven.apache.org/maven2/backport-util-concurrent/backport-util-concurrent/3.1/backport-util-concurrent-3.1.jar
[4e1a83b8-030d-4df0-b9ef-636978e556c8/build]   | [INFO] Downloaded from central: https://repo.maven.apache.org/maven2/org/apache/maven/maven-profile/2.2.1/maven-profile-2.2.1.jar (35 kB at 136 kB/s)
[4e1a83b8-030d-4df0-b9ef-636978e556c8/build]   | [INFO] Downloading from central: https://repo.maven.apache.org/maven2/org/apache/maven/maven-plugin-registry/2.2.1/maven-plugin-registry-2.2.1.jar
[4e1a83b8-030d-4df0-b9ef-636978e556c8/build]   | [INFO] Downloaded from central: https://repo.maven.apache.org/maven2/org/apache/maven/surefire/maven-surefire-common/2.19.1/maven-surefire-common-2.19.1.jar (293 kB at 1.0 MB/s)
[4e1a83b8-030d-4df0-b9ef-636978e556c8/build]   | [INFO] Downloading from central: https://repo.maven.apache.org/maven2/org/codehaus/plexus/plexus-interpolation/1.11/plexus-interpolation-1.11.jar
[4e1a83b8-030d-4df0-b9ef-636978e556c8/build]   | [INFO] Downloaded from central: https://repo.maven.apache.org/maven2/org/apache/maven/maven-plugin-registry/2.2.1/maven-plugin-registry-2.2.1.jar (30 kB at 99 kB/s)
[4e1a83b8-030d-4df0-b9ef-636978e556c8/build]   | [INFO] Downloading from central: https://repo.maven.apache.org/maven2/org/apache/maven/maven-model/2.2.1/maven-model-2.2.1.jar
[4e1a83b8-030d-4df0-b9ef-636978e556c8/build]   | [INFO] Downloaded from central: https://repo.maven.apache.org/maven2/org/apache/maven/maven-artifact-manager/2.2.1/maven-artifact-manager-2.2.1.jar (68 kB at 222 kB/s)
[4e1a83b8-030d-4df0-b9ef-636978e556c8/build]   | [INFO] Downloading from central: https://repo.maven.apache.org/maven2/org/apache/maven/maven-core/2.2.1/maven-core-2.2.1.jar
[4e1a83b8-030d-4df0-b9ef-636978e556c8/build]   | [INFO] Downloaded from central: https://repo.maven.apache.org/maven2/org/codehaus/plexus/plexus-interpolation/1.11/plexus-interpolation-1.11.jar (51 kB at 158 kB/s)
[4e1a83b8-030d-4df0-b9ef-636978e556c8/build]   | [INFO] Downloading from central: https://repo.maven.apache.org/maven2/org/apache/maven/maven-plugin-parameter-documenter/2.2.1/maven-plugin-parameter-documenter-2.2.1.jar
[4e1a83b8-030d-4df0-b9ef-636978e556c8/build]   | [INFO] Downloaded from central: https://repo.maven.apache.org/maven2/org/apache/maven/maven-model/2.2.1/maven-model-2.2.1.jar (88 kB at 255 kB/s)
[4e1a83b8-030d-4df0-b9ef-636978e556c8/build]   | [INFO] Downloading from central: https://repo.maven.apache.org/maven2/org/slf4j/slf4j-jdk14/1.5.6/slf4j-jdk14-1.5.6.jar
[4e1a83b8-030d-4df0-b9ef-636978e556c8/build]   | [INFO] Downloaded from central: https://repo.maven.apache.org/maven2/backport-util-concurrent/backport-util-concurrent/3.1/backport-util-concurrent-3.1.jar (332 kB at 953 kB/s)
[4e1a83b8-030d-4df0-b9ef-636978e556c8/build]   | [INFO] Downloading from central: https://repo.maven.apache.org/maven2/org/slf4j/slf4j-api/1.5.6/slf4j-api-1.5.6.jar
[4e1a83b8-030d-4df0-b9ef-636978e556c8/build]   | [INFO] Downloaded from central: https://repo.maven.apache.org/maven2/org/apache/maven/maven-core/2.2.1/maven-core-2.2.1.jar (178 kB at 503 kB/s)
[4e1a83b8-030d-4df0-b9ef-636978e556c8/build]   | [INFO] Downloading from central: https://repo.maven.apache.org/maven2/org/slf4j/jcl-over-slf4j/1.5.6/jcl-over-slf4j-1.5.6.jar
[4e1a83b8-030d-4df0-b9ef-636978e556c8/build]   | [INFO] Downloaded from central: https://repo.maven.apache.org/maven2/org/apache/maven/maven-plugin-parameter-documenter/2.2.1/maven-plugin-parameter-documenter-2.2.1.jar (22 kB at 62 kB/s)
[4e1a83b8-030d-4df0-b9ef-636978e556c8/build]   | [INFO] Downloading from central: https://repo.maven.apache.org/maven2/org/apache/maven/reporting/maven-reporting-api/3.0/maven-reporting-api-3.0.jar
[4e1a83b8-030d-4df0-b9ef-636978e556c8/build]   | [INFO] Downloaded from central: https://repo.maven.apache.org/maven2/org/slf4j/slf4j-jdk14/1.5.6/slf4j-jdk14-1.5.6.jar (8.8 kB at 24 kB/s)
[4e1a83b8-030d-4df0-b9ef-636978e556c8/build]   | [INFO] Downloading from central: https://repo.maven.apache.org/maven2/org/apache/maven/maven-repository-metadata/2.2.1/maven-repository-metadata-2.2.1.jar
[4e1a83b8-030d-4df0-b9ef-636978e556c8/build]   | [INFO] Downloaded from central: https://repo.maven.apache.org/maven2/org/slf4j/jcl-over-slf4j/1.5.6/jcl-over-slf4j-1.5.6.jar (17 kB at 45 kB/s)
[4e1a83b8-030d-4df0-b9ef-636978e556c8/build]   | [INFO] Downloading from central: https://repo.maven.apache.org/maven2/org/apache/maven/maven-error-diagnostics/2.2.1/maven-error-diagnostics-2.2.1.jar
[4e1a83b8-030d-4df0-b9ef-636978e556c8/build]   | [INFO] Downloaded from central: https://repo.maven.apache.org/maven2/org/slf4j/slf4j-api/1.5.6/slf4j-api-1.5.6.jar (22 kB at 59 kB/s)
[4e1a83b8-030d-4df0-b9ef-636978e556c8/build]   | [INFO] Downloading from central: https://repo.maven.apache.org/maven2/org/apache/maven/maven-monitor/2.2.1/maven-monitor-2.2.1.jar
[4e1a83b8-030d-4df0-b9ef-636978e556c8/build]   | [INFO] Downloaded from central: https://repo.maven.apache.org/maven2/org/apache/maven/reporting/maven-reporting-api/3.0/maven-reporting-api-3.0.jar (11 kB at 29 kB/s)
[4e1a83b8-030d-4df0-b9ef-636978e556c8/build]   | [INFO] Downloading from central: https://repo.maven.apache.org/maven2/classworlds/classworlds/1.1/classworlds-1.1.jar
[4e1a83b8-030d-4df0-b9ef-636978e556c8/build]   | [INFO] Downloaded from central: https://repo.maven.apache.org/maven2/org/apache/maven/maven-repository-metadata/2.2.1/maven-repository-metadata-2.2.1.jar (26 kB at 66 kB/s)
[4e1a83b8-030d-4df0-b9ef-636978e556c8/build]   | [INFO] Downloading from central: https://repo.maven.apache.org/maven2/org/apache/commons/commons-lang3/3.1/commons-lang3-3.1.jar
[4e1a83b8-030d-4df0-b9ef-636978e556c8/build]   | [INFO] Downloaded from central: https://repo.maven.apache.org/maven2/org/apache/maven/maven-error-diagnostics/2.2.1/maven-error-diagnostics-2.2.1.jar (13 kB at 33 kB/s)
[4e1a83b8-030d-4df0-b9ef-636978e556c8/build]   | [INFO] Downloading from central: https://repo.maven.apache.org/maven2/org/apache/maven/surefire/surefire-api/2.19.1/surefire-api-2.19.1.jar
[4e1a83b8-030d-4df0-b9ef-636978e556c8/build]   | [INFO] Downloaded from central: https://repo.maven.apache.org/maven2/org/apache/maven/maven-monitor/2.2.1/maven-monitor-2.2.1.jar (10 kB at 26 kB/s)
[4e1a83b8-030d-4df0-b9ef-636978e556c8/build]   | [INFO] Downloading from central: https://repo.maven.apache.org/maven2/org/apache/maven/plugin-tools/maven-plugin-annotations/3.3/maven-plugin-annotations-3.3.jar
[4e1a83b8-030d-4df0-b9ef-636978e556c8/build]   | [INFO] Downloaded from central: https://repo.maven.apache.org/maven2/classworlds/classworlds/1.1/classworlds-1.1.jar (38 kB at 93 kB/s)
[4e1a83b8-030d-4df0-b9ef-636978e556c8/build]   | [INFO] Downloaded from central: https://repo.maven.apache.org/maven2/org/apache/maven/plugin-tools/maven-plugin-annotations/3.3/maven-plugin-annotations-3.3.jar (14 kB at 33 kB/s)
[4e1a83b8-030d-4df0-b9ef-636978e556c8/build]   | [INFO] Downloaded from central: https://repo.maven.apache.org/maven2/org/codehaus/plexus/plexus-utils/1.5.15/plexus-utils-1.5.15.jar (228 kB at 516 kB/s)
[4e1a83b8-030d-4df0-b9ef-636978e556c8/build]   | [INFO] Downloaded from central: https://repo.maven.apache.org/maven2/org/apache/maven/surefire/surefire-api/2.19.1/surefire-api-2.19.1.jar (196 kB at 417 kB/s)
[4e1a83b8-030d-4df0-b9ef-636978e556c8/build]   | [INFO] Downloaded from central: https://repo.maven.apache.org/maven2/org/apache/commons/commons-lang3/3.1/commons-lang3-3.1.jar (316 kB at 642 kB/s)
[4e1a83b8-030d-4df0-b9ef-636978e556c8/build]   | [INFO] Downloading from central: https://repo.maven.apache.org/maven2/org/apache/maven/surefire/surefire-junit4/2.19.1/surefire-junit4-2.19.1.pom
[4e1a83b8-030d-4df0-b9ef-636978e556c8/build]   | [INFO] Downloaded from central: https://repo.maven.apache.org/maven2/org/apache/maven/surefire/surefire-junit4/2.19.1/surefire-junit4-2.19.1.pom (3.3 kB at 50 kB/s)
[4e1a83b8-030d-4df0-b9ef-636978e556c8/build]   | [INFO] Downloading from central: https://repo.maven.apache.org/maven2/org/apache/maven/surefire/surefire-providers/2.19.1/surefire-providers-2.19.1.pom
[4e1a83b8-030d-4df0-b9ef-636978e556c8/build]   | [INFO] Downloaded from central: https://repo.maven.apache.org/maven2/org/apache/maven/surefire/surefire-providers/2.19.1/surefire-providers-2.19.1.pom (2.6 kB at 103 kB/s)
[4e1a83b8-030d-4df0-b9ef-636978e556c8/build]   | [INFO] Downloading from central: https://repo.maven.apache.org/maven2/org/apache/maven/surefire/surefire-junit4/2.19.1/surefire-junit4-2.19.1.jar
[4e1a83b8-030d-4df0-b9ef-636978e556c8/build]   | [INFO] Downloaded from central: https://repo.maven.apache.org/maven2/org/apache/maven/surefire/surefire-junit4/2.19.1/surefire-junit4-2.19.1.jar (75 kB at 1.5 MB/s)
[4e1a83b8-030d-4df0-b9ef-636978e556c8/build]   | 
[4e1a83b8-030d-4df0-b9ef-636978e556c8/build]   | -------------------------------------------------------
[4e1a83b8-030d-4df0-b9ef-636978e556c8/build]   |  T E S T S
[4e1a83b8-030d-4df0-b9ef-636978e556c8/build]   | -------------------------------------------------------
[4e1a83b8-030d-4df0-b9ef-636978e556c8/build]   | Running org.vanilladb.core.StorageEngineTestSuite
[4e1a83b8-030d-4df0-b9ef-636978e556c8/build]   | Jul 12, 2023 12:50:50 AM org.vanilladb.core.util.PropertiesLoader getPropertyAsString
[4e1a83b8-030d-4df0-b9ef-636978e556c8/build]   | WARNING: can't find property: org.vanilladb.core.storage.file.FileMgr.DB_FILES_DIR, using default value: /home/runneradmin
[4e1a83b8-030d-4df0-b9ef-636978e556c8/build]   | Jul 12, 2023 12:50:50 AM org.vanilladb.core.util.PropertiesLoader getPropertyAsString
[4e1a83b8-030d-4df0-b9ef-636978e556c8/build]   | WARNING: can't find property: org.vanilladb.core.storage.file.FileMgr.LOG_FILES_DIR, using default value: /home/runneradmin
[4e1a83b8-030d-4df0-b9ef-636978e556c8/build]   | Jul 12, 2023 12:50:50 AM org.vanilladb.core.util.PropertiesLoader getPropertyAsString
[4e1a83b8-030d-4df0-b9ef-636978e556c8/build]   | WARNING: can't find property: org.vanilladb.core.storage.file.FileMgr.DB_FILES_DIR, using default value: /home/runneradmin
[4e1a83b8-030d-4df0-b9ef-636978e556c8/build]   | Jul 12, 2023 12:50:50 AM org.vanilladb.core.util.PropertiesLoader getPropertyAsString
[4e1a83b8-030d-4df0-b9ef-636978e556c8/build]   | WARNING: can't find property: org.vanilladb.core.storage.file.FileMgr.LOG_FILES_DIR, using default value: /home/runneradmin
[4e1a83b8-030d-4df0-b9ef-636978e556c8/build]   | Jul 12, 2023 12:50:50 AM org.vanilladb.core.storage.file.FileMgr <init>
[4e1a83b8-030d-4df0-b9ef-636978e556c8/build]   | INFO: block size 4096
[4e1a83b8-030d-4df0-b9ef-636978e556c8/build]   | Jul 12, 2023 12:50:51 AM org.vanilladb.core.server.VanillaDb init
[4e1a83b8-030d-4df0-b9ef-636978e556c8/build]   | INFO: creating new database
[4e1a83b8-030d-4df0-b9ef-636978e556c8/build]   | Jul 12, 2023 12:50:52 AM org.vanilladb.core.storage.file.FileTest init
[4e1a83b8-030d-4df0-b9ef-636978e556c8/build]   | INFO: BEGIN FILE TEST
[4e1a83b8-030d-4df0-b9ef-636978e556c8/build]   | Jul 12, 2023 12:50:52 AM org.vanilladb.core.storage.file.FileTest finish
[4e1a83b8-030d-4df0-b9ef-636978e556c8/build]   | INFO: FINISH FILE TEST
[4e1a83b8-030d-4df0-b9ef-636978e556c8/build]   | Jul 12, 2023 12:50:52 AM org.vanilladb.core.storage.file.PageConcurrencyTest init
[4e1a83b8-030d-4df0-b9ef-636978e556c8/build]   | INFO: BEGIN PAGE CONCURRENCY TEST
[4e1a83b8-030d-4df0-b9ef-636978e556c8/build]   | Jul 12, 2023 12:50:52 AM org.vanilladb.core.storage.file.PageConcurrencyTest finish
[4e1a83b8-030d-4df0-b9ef-636978e556c8/build]   | INFO: FINISH PAGE CONCURRENCY TEST
[4e1a83b8-030d-4df0-b9ef-636978e556c8/build]   | Jul 12, 2023 12:50:52 AM org.vanilladb.core.util.PropertiesLoader getPropertyAsString
[4e1a83b8-030d-4df0-b9ef-636978e556c8/build]   | WARNING: can't find property: org.vanilladb.core.storage.file.FileMgr.DB_FILES_DIR, using default value: /home/runneradmin
[4e1a83b8-030d-4df0-b9ef-636978e556c8/build]   | Jul 12, 2023 12:50:52 AM org.vanilladb.core.util.PropertiesLoader getPropertyAsString
[4e1a83b8-030d-4df0-b9ef-636978e556c8/build]   | WARNING: can't find property: org.vanilladb.core.storage.file.FileMgr.LOG_FILES_DIR, using default value: /home/runneradmin
[4e1a83b8-030d-4df0-b9ef-636978e556c8/build]   | Jul 12, 2023 12:50:52 AM org.vanilladb.core.storage.file.FileMgr <init>
[4e1a83b8-030d-4df0-b9ef-636978e556c8/build]   | INFO: block size 4096
[4e1a83b8-030d-4df0-b9ef-636978e556c8/build]   | Jul 12, 2023 12:50:52 AM org.vanilladb.core.server.VanillaDb init
[4e1a83b8-030d-4df0-b9ef-636978e556c8/build]   | INFO: creating new database
[4e1a83b8-030d-4df0-b9ef-636978e556c8/build]   | Jul 12, 2023 12:50:52 AM org.vanilladb.core.storage.buffer.BufferTest init
[4e1a83b8-030d-4df0-b9ef-636978e556c8/build]   | INFO: BEGIN BUFFER TEST
[4e1a83b8-030d-4df0-b9ef-636978e556c8/build]   | Jul 12, 2023 12:50:52 AM org.vanilladb.core.storage.buffer.BufferTest finish
[4e1a83b8-030d-4df0-b9ef-636978e556c8/build]   | INFO: FINISH BUFFER TEST
[4e1a83b8-030d-4df0-b9ef-636978e556c8/build]   | Jul 12, 2023 12:50:52 AM org.vanilladb.core.util.PropertiesLoader getPropertyAsString
[4e1a83b8-030d-4df0-b9ef-636978e556c8/build]   | WARNING: can't find property: org.vanilladb.core.storage.file.FileMgr.DB_FILES_DIR, using default value: /home/runneradmin
[4e1a83b8-030d-4df0-b9ef-636978e556c8/build]   | Jul 12, 2023 12:50:52 AM org.vanilladb.core.util.PropertiesLoader getPropertyAsString
[4e1a83b8-030d-4df0-b9ef-636978e556c8/build]   | WARNING: can't find property: org.vanilladb.core.storage.file.FileMgr.LOG_FILES_DIR, using default value: /home/runneradmin
[4e1a83b8-030d-4df0-b9ef-636978e556c8/build]   | Jul 12, 2023 12:50:52 AM org.vanilladb.core.storage.file.FileMgr <init>
[4e1a83b8-030d-4df0-b9ef-636978e556c8/build]   | INFO: block size 4096
[4e1a83b8-030d-4df0-b9ef-636978e556c8/build]   | Jul 12, 2023 12:50:53 AM org.vanilladb.core.server.VanillaDb init
[4e1a83b8-030d-4df0-b9ef-636978e556c8/build]   | INFO: creating new database
[4e1a83b8-030d-4df0-b9ef-636978e556c8/build]   | Jul 12, 2023 12:50:53 AM org.vanilladb.core.storage.buffer.BufferConcurrencyTest init
[4e1a83b8-030d-4df0-b9ef-636978e556c8/build]   | INFO: BEGIN BUFFER CONCURRENCY TEST
[4e1a83b8-030d-4df0-b9ef-636978e556c8/build]   | Jul 12, 2023 12:50:53 AM org.vanilladb.core.storage.buffer.BufferConcurrencyTest finish
[4e1a83b8-030d-4df0-b9ef-636978e556c8/build]   | INFO: FINISH BUFFER CONCURRENCY TEST
[4e1a83b8-030d-4df0-b9ef-636978e556c8/build]   | Jul 12, 2023 12:50:53 AM org.vanilladb.core.util.PropertiesLoader getPropertyAsString
[4e1a83b8-030d-4df0-b9ef-636978e556c8/build]   | WARNING: can't find property: org.vanilladb.core.storage.file.FileMgr.DB_FILES_DIR, using default value: /home/runneradmin
[4e1a83b8-030d-4df0-b9ef-636978e556c8/build]   | Jul 12, 2023 12:50:53 AM org.vanilladb.core.util.PropertiesLoader getPropertyAsString
[4e1a83b8-030d-4df0-b9ef-636978e556c8/build]   | WARNING: can't find property: org.vanilladb.core.storage.file.FileMgr.LOG_FILES_DIR, using default value: /home/runneradmin
[4e1a83b8-030d-4df0-b9ef-636978e556c8/build]   | Jul 12, 2023 12:50:53 AM org.vanilladb.core.storage.file.FileMgr <init>
[4e1a83b8-030d-4df0-b9ef-636978e556c8/build]   | INFO: block size 4096
[4e1a83b8-030d-4df0-b9ef-636978e556c8/build]   | Jul 12, 2023 12:50:53 AM org.vanilladb.core.server.VanillaDb init
[4e1a83b8-030d-4df0-b9ef-636978e556c8/build]   | INFO: creating new database
[4e1a83b8-030d-4df0-b9ef-636978e556c8/build]   | Jul 12, 2023 12:50:54 AM org.vanilladb.core.storage.buffer.BufferMgrConcurrencyTest init
[4e1a83b8-030d-4df0-b9ef-636978e556c8/build]   | INFO: BEGIN BUFFER MGR CONCURRENCY TEST
[4e1a83b8-030d-4df0-b9ef-636978e556c8/build]   | Jul 12, 2023 12:50:56 AM org.vanilladb.core.storage.buffer.BufferMgr repin
[4e1a83b8-030d-4df0-b9ef-636978e556c8/build]   | WARNING: Tx.2 is re-pinning all buffers
[4e1a83b8-030d-4df0-b9ef-636978e556c8/build]   | Jul 12, 2023 12:50:57 AM org.vanilladb.core.storage.buffer.BufferMgrConcurrencyTest finish
[4e1a83b8-030d-4df0-b9ef-636978e556c8/build]   | INFO: FINISH BUFFER MGR CONCURRENCY TEST
[4e1a83b8-030d-4df0-b9ef-636978e556c8/build]   | Jul 12, 2023 12:50:57 AM org.vanilladb.core.util.PropertiesLoader getPropertyAsString
[4e1a83b8-030d-4df0-b9ef-636978e556c8/build]   | WARNING: can't find property: org.vanilladb.core.storage.file.FileMgr.DB_FILES_DIR, using default value: /home/runneradmin
[4e1a83b8-030d-4df0-b9ef-636978e556c8/build]   | Jul 12, 2023 12:50:57 AM org.vanilladb.core.util.PropertiesLoader getPropertyAsString
[4e1a83b8-030d-4df0-b9ef-636978e556c8/build]   | WARNING: can't find property: org.vanilladb.core.storage.file.FileMgr.LOG_FILES_DIR, using default value: /home/runneradmin
[4e1a83b8-030d-4df0-b9ef-636978e556c8/build]   | Jul 12, 2023 12:50:57 AM org.vanilladb.core.storage.file.FileMgr <init>
[4e1a83b8-030d-4df0-b9ef-636978e556c8/build]   | INFO: block size 4096
[4e1a83b8-030d-4df0-b9ef-636978e556c8/build]   | Jul 12, 2023 12:50:57 AM org.vanilladb.core.server.VanillaDb init
[4e1a83b8-030d-4df0-b9ef-636978e556c8/build]   | INFO: creating new database
[4e1a83b8-030d-4df0-b9ef-636978e556c8/build]   | Jul 12, 2023 12:50:57 AM org.vanilladb.core.storage.buffer.BufferPoolConcurrencyTest init
[4e1a83b8-030d-4df0-b9ef-636978e556c8/build]   | INFO: BEGIN BUFFER POOL CONCURRENCY TEST
[4e1a83b8-030d-4df0-b9ef-636978e556c8/build]   | Jul 12, 2023 12:51:08 AM org.vanilladb.core.storage.buffer.BufferPoolConcurrencyTest finish
[4e1a83b8-030d-4df0-b9ef-636978e556c8/build]   | INFO: FINISH BUFFER POOL CONCURRENCY TEST
[4e1a83b8-030d-4df0-b9ef-636978e556c8/build]   | Jul 12, 2023 12:51:08 AM org.vanilladb.core.util.PropertiesLoader getPropertyAsString
[4e1a83b8-030d-4df0-b9ef-636978e556c8/build]   | WARNING: can't find property: org.vanilladb.core.storage.file.FileMgr.DB_FILES_DIR, using default value: /home/runneradmin
[4e1a83b8-030d-4df0-b9ef-636978e556c8/build]   | Jul 12, 2023 12:51:08 AM org.vanilladb.core.util.PropertiesLoader getPropertyAsString
[4e1a83b8-030d-4df0-b9ef-636978e556c8/build]   | WARNING: can't find property: org.vanilladb.core.storage.file.FileMgr.LOG_FILES_DIR, using default value: /home/runneradmin
[4e1a83b8-030d-4df0-b9ef-636978e556c8/build]   | Jul 12, 2023 12:51:08 AM org.vanilladb.core.storage.file.FileMgr <init>
[4e1a83b8-030d-4df0-b9ef-636978e556c8/build]   | INFO: block size 4096
[4e1a83b8-030d-4df0-b9ef-636978e556c8/build]   | Jul 12, 2023 12:51:10 AM org.vanilladb.core.server.VanillaDb init
[4e1a83b8-030d-4df0-b9ef-636978e556c8/build]   | INFO: creating new database
[4e1a83b8-030d-4df0-b9ef-636978e556c8/build]   | Jul 12, 2023 12:51:10 AM org.vanilladb.core.storage.buffer.LastLSNTest init
[4e1a83b8-030d-4df0-b9ef-636978e556c8/build]   | INFO: BEGIN LAST LSN TEST
[4e1a83b8-030d-4df0-b9ef-636978e556c8/build]   | Jul 12, 2023 12:51:10 AM org.vanilladb.core.storage.buffer.LastLSNTest finish
[4e1a83b8-030d-4df0-b9ef-636978e556c8/build]   | INFO: FINISH LAST LSN TEST
[4e1a83b8-030d-4df0-b9ef-636978e556c8/build]   | Jul 12, 2023 12:51:10 AM org.vanilladb.core.util.PropertiesLoader getPropertyAsString
[4e1a83b8-030d-4df0-b9ef-636978e556c8/build]   | WARNING: can't find property: org.vanilladb.core.storage.file.FileMgr.DB_FILES_DIR, using default value: /home/runneradmin
[4e1a83b8-030d-4df0-b9ef-636978e556c8/build]   | Jul 12, 2023 12:51:10 AM org.vanilladb.core.util.PropertiesLoader getPropertyAsString
[4e1a83b8-030d-4df0-b9ef-636978e556c8/build]   | WARNING: can't find property: org.vanilladb.core.storage.file.FileMgr.LOG_FILES_DIR, using default value: /home/runneradmin
[4e1a83b8-030d-4df0-b9ef-636978e556c8/build]   | Jul 12, 2023 12:51:10 AM org.vanilladb.core.storage.file.FileMgr <init>
[4e1a83b8-030d-4df0-b9ef-636978e556c8/build]   | INFO: block size 4096
[4e1a83b8-030d-4df0-b9ef-636978e556c8/build]   | Jul 12, 2023 12:51:11 AM org.vanilladb.core.server.VanillaDb init
[4e1a83b8-030d-4df0-b9ef-636978e556c8/build]   | INFO: creating new database
[4e1a83b8-030d-4df0-b9ef-636978e556c8/build]   | Jul 12, 2023 12:51:11 AM org.vanilladb.core.storage.record.RecordTest init
[4e1a83b8-030d-4df0-b9ef-636978e556c8/build]   | INFO: BEGIN RECORD TEST
[4e1a83b8-030d-4df0-b9ef-636978e556c8/build]   | Jul 12, 2023 12:51:13 AM org.vanilladb.core.storage.record.RecordTest finish
[4e1a83b8-030d-4df0-b9ef-636978e556c8/build]   | INFO: FINISH RECORD TEST
[4e1a83b8-030d-4df0-b9ef-636978e556c8/build]   | Jul 12, 2023 12:51:13 AM org.vanilladb.core.util.PropertiesLoader getPropertyAsString
[4e1a83b8-030d-4df0-b9ef-636978e556c8/build]   | WARNING: can't find property: org.vanilladb.core.storage.file.FileMgr.DB_FILES_DIR, using default value: /home/runneradmin
[4e1a83b8-030d-4df0-b9ef-636978e556c8/build]   | Jul 12, 2023 12:51:13 AM org.vanilladb.core.util.PropertiesLoader getPropertyAsString
[4e1a83b8-030d-4df0-b9ef-636978e556c8/build]   | WARNING: can't find property: org.vanilladb.core.storage.file.FileMgr.LOG_FILES_DIR, using default value: /home/runneradmin
[4e1a83b8-030d-4df0-b9ef-636978e556c8/build]   | Jul 12, 2023 12:51:13 AM org.vanilladb.core.storage.file.FileMgr <init>
[4e1a83b8-030d-4df0-b9ef-636978e556c8/build]   | INFO: block size 4096
[4e1a83b8-030d-4df0-b9ef-636978e556c8/build]   | Jul 12, 2023 12:51:14 AM org.vanilladb.core.server.VanillaDb init
[4e1a83b8-030d-4df0-b9ef-636978e556c8/build]   | INFO: creating new database
[4e1a83b8-030d-4df0-b9ef-636978e556c8/build]   | Jul 12, 2023 12:51:14 AM org.vanilladb.core.storage.metadata.CatalogTest init
[4e1a83b8-030d-4df0-b9ef-636978e556c8/build]   | INFO: BEGIN CATALOG TEST
[4e1a83b8-030d-4df0-b9ef-636978e556c8/build]   | Jul 12, 2023 12:51:15 AM org.vanilladb.core.storage.metadata.CatalogTest finish
[4e1a83b8-030d-4df0-b9ef-636978e556c8/build]   | INFO: FINISH CATALOG TEST
[4e1a83b8-030d-4df0-b9ef-636978e556c8/build]   | Jul 12, 2023 12:51:15 AM org.vanilladb.core.storage.metadata.statistics.HistogramTest init
[4e1a83b8-030d-4df0-b9ef-636978e556c8/build]   | INFO: BEGIN HISTOGRAM TEST
[4e1a83b8-030d-4df0-b9ef-636978e556c8/build]   | Jul 12, 2023 12:51:15 AM org.vanilladb.core.storage.metadata.statistics.HistogramTest finish
[4e1a83b8-030d-4df0-b9ef-636978e556c8/build]   | INFO: FINISH HISTOGRAM TEST
[4e1a83b8-030d-4df0-b9ef-636978e556c8/build]   | Jul 12, 2023 12:51:15 AM org.vanilladb.core.util.PropertiesLoader getPropertyAsString
[4e1a83b8-030d-4df0-b9ef-636978e556c8/build]   | WARNING: can't find property: org.vanilladb.core.storage.file.FileMgr.DB_FILES_DIR, using default value: /home/runneradmin
[4e1a83b8-030d-4df0-b9ef-636978e556c8/build]   | Jul 12, 2023 12:51:15 AM org.vanilladb.core.util.PropertiesLoader getPropertyAsString
[4e1a83b8-030d-4df0-b9ef-636978e556c8/build]   | WARNING: can't find property: org.vanilladb.core.storage.file.FileMgr.LOG_FILES_DIR, using default value: /home/runneradmin
[4e1a83b8-030d-4df0-b9ef-636978e556c8/build]   | Jul 12, 2023 12:51:15 AM org.vanilladb.core.storage.file.FileMgr <init>
[4e1a83b8-030d-4df0-b9ef-636978e556c8/build]   | INFO: block size 4096
[4e1a83b8-030d-4df0-b9ef-636978e556c8/build]   | Jul 12, 2023 12:51:15 AM org.vanilladb.core.server.VanillaDb init
[4e1a83b8-030d-4df0-b9ef-636978e556c8/build]   | INFO: creating new database
[4e1a83b8-030d-4df0-b9ef-636978e556c8/build]   | Jul 12, 2023 12:51:15 AM org.vanilladb.core.storage.index.btree.BTreeIndexTest init
[4e1a83b8-030d-4df0-b9ef-636978e556c8/build]   | INFO: BEGIN BTREE INDEX TEST
[4e1a83b8-030d-4df0-b9ef-636978e556c8/build]   | Jul 12, 2023 12:51:48 AM org.vanilladb.core.storage.index.btree.BTreeIndexTest finish
[4e1a83b8-030d-4df0-b9ef-636978e556c8/build]   | INFO: FINISH BTREE INDEX TEST
[4e1a83b8-030d-4df0-b9ef-636978e556c8/build]   | Jul 12, 2023 12:51:48 AM org.vanilladb.core.util.PropertiesLoader getPropertyAsString
[4e1a83b8-030d-4df0-b9ef-636978e556c8/build]   | WARNING: can't find property: org.vanilladb.core.storage.file.FileMgr.DB_FILES_DIR, using default value: /home/runneradmin
[4e1a83b8-030d-4df0-b9ef-636978e556c8/build]   | Jul 12, 2023 12:51:48 AM org.vanilladb.core.util.PropertiesLoader getPropertyAsString
[4e1a83b8-030d-4df0-b9ef-636978e556c8/build]   | WARNING: can't find property: org.vanilladb.core.storage.file.FileMgr.LOG_FILES_DIR, using default value: /home/runneradmin
[4e1a83b8-030d-4df0-b9ef-636978e556c8/build]   | Jul 12, 2023 12:51:48 AM org.vanilladb.core.storage.file.FileMgr <init>
[4e1a83b8-030d-4df0-b9ef-636978e556c8/build]   | INFO: block size 4096
[4e1a83b8-030d-4df0-b9ef-636978e556c8/build]   | Jul 12, 2023 12:51:49 AM org.vanilladb.core.server.VanillaDb init
[4e1a83b8-030d-4df0-b9ef-636978e556c8/build]   | INFO: creating new database
[4e1a83b8-030d-4df0-b9ef-636978e556c8/build]   | Jul 12, 2023 12:51:49 AM org.vanilladb.core.storage.index.btree.BTreeLeafTest init
[4e1a83b8-030d-4df0-b9ef-636978e556c8/build]   | INFO: BEGIN BTREE LEAF TEST
[4e1a83b8-030d-4df0-b9ef-636978e556c8/build]   | Jul 12, 2023 12:51:49 AM org.vanilladb.core.storage.index.btree.BTreeLeafTest finish
[4e1a83b8-030d-4df0-b9ef-636978e556c8/build]   | INFO: FINISH BTREE LEAF TEST
[4e1a83b8-030d-4df0-b9ef-636978e556c8/build]   | Jul 12, 2023 12:51:49 AM org.vanilladb.core.util.PropertiesLoader getPropertyAsString
[4e1a83b8-030d-4df0-b9ef-636978e556c8/build]   | WARNING: can't find property: org.vanilladb.core.storage.file.FileMgr.DB_FILES_DIR, using default value: /home/runneradmin
[4e1a83b8-030d-4df0-b9ef-636978e556c8/build]   | Jul 12, 2023 12:51:49 AM org.vanilladb.core.util.PropertiesLoader getPropertyAsString
[4e1a83b8-030d-4df0-b9ef-636978e556c8/build]   | WARNING: can't find property: org.vanilladb.core.storage.file.FileMgr.LOG_FILES_DIR, using default value: /home/runneradmin
[4e1a83b8-030d-4df0-b9ef-636978e556c8/build]   | Jul 12, 2023 12:51:49 AM org.vanilladb.core.storage.file.FileMgr <init>
[4e1a83b8-030d-4df0-b9ef-636978e556c8/build]   | INFO: block size 4096
[4e1a83b8-030d-4df0-b9ef-636978e556c8/build]   | Jul 12, 2023 12:51:49 AM org.vanilladb.core.server.VanillaDb init
[4e1a83b8-030d-4df0-b9ef-636978e556c8/build]   | INFO: creating new database
[4e1a83b8-030d-4df0-b9ef-636978e556c8/build]   | Jul 12, 2023 12:51:49 AM org.vanilladb.core.storage.index.btree.BTreePageTest init
[4e1a83b8-030d-4df0-b9ef-636978e556c8/build]   | INFO: BEGIN BTREE PAGE TEST
[4e1a83b8-030d-4df0-b9ef-636978e556c8/build]   | Jul 12, 2023 12:51:49 AM org.vanilladb.core.storage.index.btree.BTreePageTest finish
[4e1a83b8-030d-4df0-b9ef-636978e556c8/build]   | INFO: FINISH BTREE PAGE TEST
[4e1a83b8-030d-4df0-b9ef-636978e556c8/build]   | Jul 12, 2023 12:51:49 AM org.vanilladb.core.util.PropertiesLoader getPropertyAsString
[4e1a83b8-030d-4df0-b9ef-636978e556c8/build]   | WARNING: can't find property: org.vanilladb.core.storage.file.FileMgr.DB_FILES_DIR, using default value: /home/runneradmin
[4e1a83b8-030d-4df0-b9ef-636978e556c8/build]   | Jul 12, 2023 12:51:49 AM org.vanilladb.core.util.PropertiesLoader getPropertyAsString
[4e1a83b8-030d-4df0-b9ef-636978e556c8/build]   | WARNING: can't find property: org.vanilladb.core.storage.file.FileMgr.LOG_FILES_DIR, using default value: /home/runneradmin
[4e1a83b8-030d-4df0-b9ef-636978e556c8/build]   | Jul 12, 2023 12:51:49 AM org.vanilladb.core.storage.file.FileMgr <init>
[4e1a83b8-030d-4df0-b9ef-636978e556c8/build]   | INFO: block size 4096
[4e1a83b8-030d-4df0-b9ef-636978e556c8/build]   | Jul 12, 2023 12:51:49 AM org.vanilladb.core.server.VanillaDb init
[4e1a83b8-030d-4df0-b9ef-636978e556c8/build]   | INFO: creating new database
[4e1a83b8-030d-4df0-b9ef-636978e556c8/build]   | Jul 12, 2023 12:51:49 AM org.vanilladb.core.storage.index.hash.HashIndexTest init
[4e1a83b8-030d-4df0-b9ef-636978e556c8/build]   | INFO: BEGIN HASH INDEX TEST
[4e1a83b8-030d-4df0-b9ef-636978e556c8/build]   | Jul 12, 2023 12:51:50 AM org.vanilladb.core.storage.index.hash.HashIndexTest finish
[4e1a83b8-030d-4df0-b9ef-636978e556c8/build]   | INFO: FINISH HASH INDEX TEST
[4e1a83b8-030d-4df0-b9ef-636978e556c8/build]   | Jul 12, 2023 12:51:50 AM org.vanilladb.core.util.PropertiesLoader getPropertyAsString
[4e1a83b8-030d-4df0-b9ef-636978e556c8/build]   | WARNING: can't find property: org.vanilladb.core.storage.file.FileMgr.DB_FILES_DIR, using default value: /home/runneradmin
[4e1a83b8-030d-4df0-b9ef-636978e556c8/build]   | Jul 12, 2023 12:51:50 AM org.vanilladb.core.util.PropertiesLoader getPropertyAsString
[4e1a83b8-030d-4df0-b9ef-636978e556c8/build]   | WARNING: can't find property: org.vanilladb.core.storage.file.FileMgr.LOG_FILES_DIR, using default value: /home/runneradmin
[4e1a83b8-030d-4df0-b9ef-636978e556c8/build]   | Jul 12, 2023 12:51:50 AM org.vanilladb.core.storage.file.FileMgr <init>
[4e1a83b8-030d-4df0-b9ef-636978e556c8/build]   | INFO: block size 4096
[4e1a83b8-030d-4df0-b9ef-636978e556c8/build]   | Jul 12, 2023 12:51:51 AM org.vanilladb.core.server.VanillaDb init
[4e1a83b8-030d-4df0-b9ef-636978e556c8/build]   | INFO: creating new database
[4e1a83b8-030d-4df0-b9ef-636978e556c8/build]   | Jul 12, 2023 12:51:51 AM org.vanilladb.core.storage.tx.TxTest init
[4e1a83b8-030d-4df0-b9ef-636978e556c8/build]   | INFO: BEGIN TX TEST
[4e1a83b8-030d-4df0-b9ef-636978e556c8/build]   | Jul 12, 2023 12:51:53 AM org.vanilladb.core.storage.tx.TxTest finish
[4e1a83b8-030d-4df0-b9ef-636978e556c8/build]   | INFO: FINISH TX TEST
[4e1a83b8-030d-4df0-b9ef-636978e556c8/build]   | Jul 12, 2023 12:51:53 AM org.vanilladb.core.util.PropertiesLoader getPropertyAsString
[4e1a83b8-030d-4df0-b9ef-636978e556c8/build]   | WARNING: can't find property: org.vanilladb.core.storage.file.FileMgr.DB_FILES_DIR, using default value: /home/runneradmin
[4e1a83b8-030d-4df0-b9ef-636978e556c8/build]   | Jul 12, 2023 12:51:53 AM org.vanilladb.core.util.PropertiesLoader getPropertyAsString
[4e1a83b8-030d-4df0-b9ef-636978e556c8/build]   | WARNING: can't find property: org.vanilladb.core.storage.file.FileMgr.LOG_FILES_DIR, using default value: /home/runneradmin
[4e1a83b8-030d-4df0-b9ef-636978e556c8/build]   | Jul 12, 2023 12:51:53 AM org.vanilladb.core.storage.file.FileMgr <init>
[4e1a83b8-030d-4df0-b9ef-636978e556c8/build]   | INFO: block size 4096
[4e1a83b8-030d-4df0-b9ef-636978e556c8/build]   | Jul 12, 2023 12:51:54 AM org.vanilladb.core.server.VanillaDb init
[4e1a83b8-030d-4df0-b9ef-636978e556c8/build]   | INFO: creating new database
[4e1a83b8-030d-4df0-b9ef-636978e556c8/build]   | Jul 12, 2023 12:51:54 AM org.vanilladb.core.server.ServerInit loadTestbed
[4e1a83b8-030d-4df0-b9ef-636978e556c8/build]   | INFO: loading data
[4e1a83b8-030d-4df0-b9ef-636978e556c8/build]   | Jul 12, 2023 12:52:07 AM org.vanilladb.core.storage.tx.concurrency.ConcurrencyTest init
[4e1a83b8-030d-4df0-b9ef-636978e556c8/build]   | INFO: BEGIN CONCURRENCY TEST
[4e1a83b8-030d-4df0-b9ef-636978e556c8/build]   | Jul 12, 2023 12:52:13 AM org.vanilladb.core.storage.tx.concurrency.ConcurrencyTest finish
[4e1a83b8-030d-4df0-b9ef-636978e556c8/build]   | INFO: FINISH CONCURRENCY TEST
[4e1a83b8-030d-4df0-b9ef-636978e556c8/build]   | Jul 12, 2023 12:52:13 AM org.vanilladb.core.util.PropertiesLoader getPropertyAsString
[4e1a83b8-030d-4df0-b9ef-636978e556c8/build]   | WARNING: can't find property: org.vanilladb.core.storage.file.FileMgr.DB_FILES_DIR, using default value: /home/runneradmin
[4e1a83b8-030d-4df0-b9ef-636978e556c8/build]   | Jul 12, 2023 12:52:13 AM org.vanilladb.core.util.PropertiesLoader getPropertyAsString
[4e1a83b8-030d-4df0-b9ef-636978e556c8/build]   | WARNING: can't find property: org.vanilladb.core.storage.file.FileMgr.LOG_FILES_DIR, using default value: /home/runneradmin
[4e1a83b8-030d-4df0-b9ef-636978e556c8/build]   | Jul 12, 2023 12:52:13 AM org.vanilladb.core.storage.file.FileMgr <init>
[4e1a83b8-030d-4df0-b9ef-636978e556c8/build]   | INFO: block size 4096
[4e1a83b8-030d-4df0-b9ef-636978e556c8/build]   | Jul 12, 2023 12:52:13 AM org.vanilladb.core.server.VanillaDb init
[4e1a83b8-030d-4df0-b9ef-636978e556c8/build]   | INFO: creating new database
[4e1a83b8-030d-4df0-b9ef-636978e556c8/build]   | Jul 12, 2023 12:52:13 AM org.vanilladb.core.storage.tx.concurrency.LockTableTest init
[4e1a83b8-030d-4df0-b9ef-636978e556c8/build]   | INFO: BEGIN LOCK TABLE TEST
[4e1a83b8-030d-4df0-b9ef-636978e556c8/build]   | Jul 12, 2023 12:52:21 AM org.vanilladb.core.storage.tx.concurrency.LockTableTest finish
[4e1a83b8-030d-4df0-b9ef-636978e556c8/build]   | INFO: FINISH LOCK TABLE TEST
[4e1a83b8-030d-4df0-b9ef-636978e556c8/build]   | Jul 12, 2023 12:52:21 AM org.vanilladb.core.util.PropertiesLoader getPropertyAsString
[4e1a83b8-030d-4df0-b9ef-636978e556c8/build]   | WARNING: can't find property: org.vanilladb.core.storage.file.FileMgr.DB_FILES_DIR, using default value: /home/runneradmin
[4e1a83b8-030d-4df0-b9ef-636978e556c8/build]   | Jul 12, 2023 12:52:21 AM org.vanilladb.core.util.PropertiesLoader getPropertyAsString
[4e1a83b8-030d-4df0-b9ef-636978e556c8/build]   | WARNING: can't find property: org.vanilladb.core.storage.file.FileMgr.LOG_FILES_DIR, using default value: /home/runneradmin
[4e1a83b8-030d-4df0-b9ef-636978e556c8/build]   | Jul 12, 2023 12:52:21 AM org.vanilladb.core.storage.file.FileMgr <init>
[4e1a83b8-030d-4df0-b9ef-636978e556c8/build]   | INFO: block size 4096
[4e1a83b8-030d-4df0-b9ef-636978e556c8/build]   | Jul 12, 2023 12:52:22 AM org.vanilladb.core.server.VanillaDb init
[4e1a83b8-030d-4df0-b9ef-636978e556c8/build]   | INFO: creating new database
[4e1a83b8-030d-4df0-b9ef-636978e556c8/build]   | Jul 12, 2023 12:52:22 AM org.vanilladb.core.storage.tx.recovery.RecoveryBasicTest init
[4e1a83b8-030d-4df0-b9ef-636978e556c8/build]   | INFO: BEGIN RECOVERY TEST
[4e1a83b8-030d-4df0-b9ef-636978e556c8/build]   | Jul 12, 2023 12:52:24 AM org.vanilladb.core.storage.tx.recovery.RecoveryBasicTest finish
[4e1a83b8-030d-4df0-b9ef-636978e556c8/build]   | INFO: FINISH RECOVERY TEST
[4e1a83b8-030d-4df0-b9ef-636978e556c8/build]   | Tests run: 65, Failures: 1, Errors: 0, Skipped: 0, Time elapsed: 93.338 sec <<< FAILURE! - in org.vanilladb.core.StorageEngineTestSuite
[4e1a83b8-030d-4df0-b9ef-636978e556c8/build]   | testConcurrentRepinning(org.vanilladb.core.storage.buffer.BufferMgrConcurrencyTest)  Time elapsed: 2.946 sec  <<< FAILURE!
[4e1a83b8-030d-4df0-b9ef-636978e556c8/build]   | org.junit.ComparisonFailure: 
[4e1a83b8-030d-4df0-b9ef-636978e556c8/build]   | *****TxTest: bad tx history expected:<...x A: pin 9 start
[4e1a83b8-030d-4df0-b9ef-636978e556c8/build]   | Tx [A: pin 9 end
[4e1a83b8-030d-4df0-b9ef-636978e556c8/build]   | Tx B: pin 10 start]
[4e1a83b8-030d-4df0-b9ef-636978e556c8/build]   | Tx B: pin 10 end
[4e1a83b8-030d-4df0-b9ef-636978e556c8/build]   | Tx...> but was:<...x A: pin 9 start
[4e1a83b8-030d-4df0-b9ef-636978e556c8/build]   | Tx [B: pin 10 start
[4e1a83b8-030d-4df0-b9ef-636978e556c8/build]   | Tx A: pin 9 end]
[4e1a83b8-030d-4df0-b9ef-636978e556c8/build]   | Tx B: pin 10 end
[4e1a83b8-030d-4df0-b9ef-636978e556c8/build]   | Tx...>
[4e1a83b8-030d-4df0-b9ef-636978e556c8/build]   | 	at org.vanilladb.core.storage.buffer.BufferMgrConcurrencyTest.testConcurrentRepinning(BufferMgrConcurrencyTest.java:101)
[4e1a83b8-030d-4df0-b9ef-636978e556c8/build]   | 
[4e1a83b8-030d-4df0-b9ef-636978e556c8/build]   | 
[4e1a83b8-030d-4df0-b9ef-636978e556c8/build]   | Results :
[4e1a83b8-030d-4df0-b9ef-636978e556c8/build]   | 
[4e1a83b8-030d-4df0-b9ef-636978e556c8/build]   | Failed tests: 
[4e1a83b8-030d-4df0-b9ef-636978e556c8/build]   |   BufferMgrConcurrencyTest.testConcurrentRepinning:101 *****TxTest: bad tx history expected:<...x A: pin 9 start
[4e1a83b8-030d-4df0-b9ef-636978e556c8/build]   | Tx [A: pin 9 end
[4e1a83b8-030d-4df0-b9ef-636978e556c8/build]   | Tx B: pin 10 start]
[4e1a83b8-030d-4df0-b9ef-636978e556c8/build]   | Tx B: pin 10 end
[4e1a83b8-030d-4df0-b9ef-636978e556c8/build]   | Tx...> but was:<...x A: pin 9 start
[4e1a83b8-030d-4df0-b9ef-636978e556c8/build]   | Tx [B: pin 10 start
[4e1a83b8-030d-4df0-b9ef-636978e556c8/build]   | Tx A: pin 9 end]
[4e1a83b8-030d-4df0-b9ef-636978e556c8/build]   | Tx B: pin 10 end
[4e1a83b8-030d-4df0-b9ef-636978e556c8/build]   | Tx...>
[4e1a83b8-030d-4df0-b9ef-636978e556c8/build]   | 
[4e1a83b8-030d-4df0-b9ef-636978e556c8/build]   | Tests run: 65, Failures: 1, Errors: 0, Skipped: 0
[4e1a83b8-030d-4df0-b9ef-636978e556c8/build]   | 
[4e1a83b8-030d-4df0-b9ef-636978e556c8/build]   | [INFO] ------------------------------------------------------------------------
[4e1a83b8-030d-4df0-b9ef-636978e556c8/build]   | [INFO] BUILD FAILURE
[4e1a83b8-030d-4df0-b9ef-636978e556c8/build]   | [INFO] ------------------------------------------------------------------------
[4e1a83b8-030d-4df0-b9ef-636978e556c8/build]   | [INFO] Total time:  02:46 min
[4e1a83b8-030d-4df0-b9ef-636978e556c8/build]   | [INFO] Finished at: 2023-07-12T00:52:24Z
[4e1a83b8-030d-4df0-b9ef-636978e556c8/build]   | [INFO] ------------------------------------------------------------------------
[4e1a83b8-030d-4df0-b9ef-636978e556c8/build]   | [ERROR] Failed to execute goal org.apache.maven.plugins:maven-surefire-plugin:2.19.1:test (default-test) on project core: There are test failures.
[4e1a83b8-030d-4df0-b9ef-636978e556c8/build]   | [ERROR] 
[4e1a83b8-030d-4df0-b9ef-636978e556c8/build]   | [ERROR] Please refer to /tmp/299caf2d-6b8d-46fb-ab6b-55de8de31788/target/surefire-reports for the individual test results.
[4e1a83b8-030d-4df0-b9ef-636978e556c8/build]   | [ERROR] -> [Help 1]
[4e1a83b8-030d-4df0-b9ef-636978e556c8/build]   | [ERROR] 
[4e1a83b8-030d-4df0-b9ef-636978e556c8/build]   | [ERROR] To see the full stack trace of the errors, re-run Maven with the -e switch.
[4e1a83b8-030d-4df0-b9ef-636978e556c8/build]   | [ERROR] Re-run Maven using the -X switch to enable full debug logging.
[4e1a83b8-030d-4df0-b9ef-636978e556c8/build]   | [ERROR] 
[4e1a83b8-030d-4df0-b9ef-636978e556c8/build]   | [ERROR] For more information about the errors and possible solutions, please read the following articles:
[4e1a83b8-030d-4df0-b9ef-636978e556c8/build]   | [ERROR] [Help 1] http://cwiki.apache.org/confluence/display/MAVEN/MojoFailureException
[4e1a83b8-030d-4df0-b9ef-636978e556c8/build]   ‚ùå  Failure - Main mvn --batch-mode --update-snapshots package
[4e1a83b8-030d-4df0-b9ef-636978e556c8/build] exitcode '1': failure
[4e1a83b8-030d-4df0-b9ef-636978e556c8/build] unable to get git ref: failed to identify reference (tag/branch) for the checked-out revision '03811f7febc54b03154bb6ddf13636109f8a74a4'
[4e1a83b8-030d-4df0-b9ef-636978e556c8/build] unable to get git ref: failed to identify reference (tag/branch) for the checked-out revision '03811f7febc54b03154bb6ddf13636109f8a74a4'
[4e1a83b8-030d-4df0-b9ef-636978e556c8/build] unable to get git ref: failed to identify reference (tag/branch) for the checked-out revision '03811f7febc54b03154bb6ddf13636109f8a74a4'
[4e1a83b8-030d-4df0-b9ef-636978e556c8/build] unable to get git ref: failed to identify reference (tag/branch) for the checked-out revision '03811f7febc54b03154bb6ddf13636109f8a74a4'
[4e1a83b8-030d-4df0-b9ef-636978e556c8/build] unable to get git ref: failed to identify reference (tag/branch) for the checked-out revision '03811f7febc54b03154bb6ddf13636109f8a74a4'
[4e1a83b8-030d-4df0-b9ef-636978e556c8/build] ‚≠ê Run Post Set up JDK 8
[4e1a83b8-030d-4df0-b9ef-636978e556c8/build]   üê≥  docker exec cmd=[node /var/run/act/actions/actions-setup-java@v3/dist/cleanup/index.js] user= workdir=
[4e1a83b8-030d-4df0-b9ef-636978e556c8/build]   üöß  ::warning::Error retrieving key from state.
[4e1a83b8-030d-4df0-b9ef-636978e556c8/build]   ‚úÖ  Success - Post Set up JDK 8
[4e1a83b8-030d-4df0-b9ef-636978e556c8/build] üèÅ  Job failed
[4e1a83b8-030d-4df0-b9ef-636978e556c8/build] unable to get git ref: failed to identify reference (tag/branch) for the checked-out revision '03811f7febc54b03154bb6ddf13636109f8a74a4'
