[94152e69-c62b-4fcd-bcef-7e1a893b1276/build] ğŸš€  Start image=crawlergpt:latest
[94152e69-c62b-4fcd-bcef-7e1a893b1276/build]   ğŸ³  docker pull image=crawlergpt:latest platform= username= forcePull=false
[94152e69-c62b-4fcd-bcef-7e1a893b1276/build]   ğŸ³  docker create image=crawlergpt:latest platform= entrypoint=["tail" "-f" "/dev/null"] cmd=[]
[94152e69-c62b-4fcd-bcef-7e1a893b1276/build]   ğŸ³  docker run image=crawlergpt:latest platform= entrypoint=["tail" "-f" "/dev/null"] cmd=[]
[94152e69-c62b-4fcd-bcef-7e1a893b1276/build]   ğŸ³  docker exec cmd=[chown -R 1012:1013 /tmp/ab77044c-23f0-44d2-a66d-191be28e9bc2] user=0 workdir=
[94152e69-c62b-4fcd-bcef-7e1a893b1276/build] unable to get git ref: failed to identify reference (tag/branch) for the checked-out revision '11febaf99835a3de3ac3bf1fa4a2c38da4798841'
[94152e69-c62b-4fcd-bcef-7e1a893b1276/build] unable to get git ref: failed to identify reference (tag/branch) for the checked-out revision '11febaf99835a3de3ac3bf1fa4a2c38da4798841'
[94152e69-c62b-4fcd-bcef-7e1a893b1276/build] unable to get git ref: failed to identify reference (tag/branch) for the checked-out revision '11febaf99835a3de3ac3bf1fa4a2c38da4798841'
[94152e69-c62b-4fcd-bcef-7e1a893b1276/build] unable to get git ref: failed to identify reference (tag/branch) for the checked-out revision '11febaf99835a3de3ac3bf1fa4a2c38da4798841'
[94152e69-c62b-4fcd-bcef-7e1a893b1276/build] ğŸ§ª  Matrix: map[java:8]
[94152e69-c62b-4fcd-bcef-7e1a893b1276/build] unable to get git ref: failed to identify reference (tag/branch) for the checked-out revision '11febaf99835a3de3ac3bf1fa4a2c38da4798841'
[94152e69-c62b-4fcd-bcef-7e1a893b1276/build] unable to get git ref: failed to identify reference (tag/branch) for the checked-out revision '11febaf99835a3de3ac3bf1fa4a2c38da4798841'
[94152e69-c62b-4fcd-bcef-7e1a893b1276/build] unable to get git ref: failed to identify reference (tag/branch) for the checked-out revision '11febaf99835a3de3ac3bf1fa4a2c38da4798841'
[94152e69-c62b-4fcd-bcef-7e1a893b1276/build] unable to get git ref: failed to identify reference (tag/branch) for the checked-out revision '11febaf99835a3de3ac3bf1fa4a2c38da4798841'
[94152e69-c62b-4fcd-bcef-7e1a893b1276/build] unable to get git ref: failed to identify reference (tag/branch) for the checked-out revision '11febaf99835a3de3ac3bf1fa4a2c38da4798841'
[94152e69-c62b-4fcd-bcef-7e1a893b1276/build] unable to get git ref: failed to identify reference (tag/branch) for the checked-out revision '11febaf99835a3de3ac3bf1fa4a2c38da4798841'
[94152e69-c62b-4fcd-bcef-7e1a893b1276/build] â­ Run Main actions/checkout@v2
[94152e69-c62b-4fcd-bcef-7e1a893b1276/build] unable to get git ref: failed to identify reference (tag/branch) for the checked-out revision '11febaf99835a3de3ac3bf1fa4a2c38da4798841'
[94152e69-c62b-4fcd-bcef-7e1a893b1276/build]   âœ…  Success - Main actions/checkout@v2
[94152e69-c62b-4fcd-bcef-7e1a893b1276/build] unable to get git ref: failed to identify reference (tag/branch) for the checked-out revision '11febaf99835a3de3ac3bf1fa4a2c38da4798841'
[94152e69-c62b-4fcd-bcef-7e1a893b1276/build] unable to get git ref: failed to identify reference (tag/branch) for the checked-out revision '11febaf99835a3de3ac3bf1fa4a2c38da4798841'
[94152e69-c62b-4fcd-bcef-7e1a893b1276/build] unable to get git ref: failed to identify reference (tag/branch) for the checked-out revision '11febaf99835a3de3ac3bf1fa4a2c38da4798841'
[94152e69-c62b-4fcd-bcef-7e1a893b1276/build] unable to get git ref: failed to identify reference (tag/branch) for the checked-out revision '11febaf99835a3de3ac3bf1fa4a2c38da4798841'
[94152e69-c62b-4fcd-bcef-7e1a893b1276/build] unable to get git ref: failed to identify reference (tag/branch) for the checked-out revision '11febaf99835a3de3ac3bf1fa4a2c38da4798841'
[94152e69-c62b-4fcd-bcef-7e1a893b1276/build] â­ Run Main actions/setup-java@v1
[94152e69-c62b-4fcd-bcef-7e1a893b1276/build] unable to get git ref: failed to identify reference (tag/branch) for the checked-out revision '11febaf99835a3de3ac3bf1fa4a2c38da4798841'
[94152e69-c62b-4fcd-bcef-7e1a893b1276/build] unable to get git ref: failed to identify reference (tag/branch) for the checked-out revision '11febaf99835a3de3ac3bf1fa4a2c38da4798841'
[94152e69-c62b-4fcd-bcef-7e1a893b1276/build] unable to get git ref: failed to identify reference (tag/branch) for the checked-out revision '11febaf99835a3de3ac3bf1fa4a2c38da4798841'
[94152e69-c62b-4fcd-bcef-7e1a893b1276/build]   ğŸ³  docker cp src=/tmp/act-cache/ee381562-40f3-4c7d-8bc8-99e7a6a163e9/act/actions-setup-java@v1/ dst=/var/run/act/actions/actions-setup-java@v1/
[94152e69-c62b-4fcd-bcef-7e1a893b1276/build]   ğŸ³  docker exec cmd=[chown -R 1012:1013 /var/run/act/actions/actions-setup-java@v1/] user=0 workdir=
[94152e69-c62b-4fcd-bcef-7e1a893b1276/build]   ğŸ³  docker exec cmd=[node /var/run/act/actions/actions-setup-java@v1/dist/setup/index.js] user= workdir=
[94152e69-c62b-4fcd-bcef-7e1a893b1276/build]   ğŸ’¬  ::debug::isExplicit: 
[94152e69-c62b-4fcd-bcef-7e1a893b1276/build]   ğŸ’¬  ::debug::explicit? false
[94152e69-c62b-4fcd-bcef-7e1a893b1276/build]   ğŸ’¬  ::debug::evaluating 0 versions
[94152e69-c62b-4fcd-bcef-7e1a893b1276/build]   ğŸ’¬  ::debug::match not found
[94152e69-c62b-4fcd-bcef-7e1a893b1276/build]   ğŸ’¬  ::debug::Downloading JDK from Azul
[94152e69-c62b-4fcd-bcef-7e1a893b1276/build]   ğŸ’¬  ::debug::Searching for files with extension: -linux_x64.tar.gz
[94152e69-c62b-4fcd-bcef-7e1a893b1276/build]   ğŸ’¬  ::debug::Downloading https://static.azul.com/zulu/bin/zulu8.70.0.23-ca-jdk8.0.372-linux_x64.tar.gz
[94152e69-c62b-4fcd-bcef-7e1a893b1276/build]   ğŸ’¬  ::debug::Downloading /tmp/081a5c38-8175-4bdf-9080-a46f6d674cdc
[94152e69-c62b-4fcd-bcef-7e1a893b1276/build]   ğŸ’¬  ::debug::download complete
[94152e69-c62b-4fcd-bcef-7e1a893b1276/build]   | [command]/usr/bin/tar --version
[94152e69-c62b-4fcd-bcef-7e1a893b1276/build]   | tar (GNU tar) 1.30
[94152e69-c62b-4fcd-bcef-7e1a893b1276/build]   | Copyright (C) 2017 Free Software Foundation, Inc.
[94152e69-c62b-4fcd-bcef-7e1a893b1276/build]   | License GPLv3+: GNU GPL version 3 or later <https://gnu.org/licenses/gpl.html>.
[94152e69-c62b-4fcd-bcef-7e1a893b1276/build]   | This is free software: you are free to change and redistribute it.
[94152e69-c62b-4fcd-bcef-7e1a893b1276/build]   | There is NO WARRANTY, to the extent permitted by law.
[94152e69-c62b-4fcd-bcef-7e1a893b1276/build]   | 
[94152e69-c62b-4fcd-bcef-7e1a893b1276/build]   | Written by John Gilmore and Jay Fenlason.
[94152e69-c62b-4fcd-bcef-7e1a893b1276/build]   | [command]/usr/bin/tar xz --warning=no-unknown-keyword -C /tmp/temp_384470283 -f /tmp/081a5c38-8175-4bdf-9080-a46f6d674cdc
[94152e69-c62b-4fcd-bcef-7e1a893b1276/build]   ğŸ’¬  ::debug::jdk extracted to /tmp/temp_384470283/zulu8.70.0.23-ca-jdk8.0.372-linux_x64
[94152e69-c62b-4fcd-bcef-7e1a893b1276/build]   ğŸ’¬  ::debug::Caching tool jdk 8.0.372 x64
[94152e69-c62b-4fcd-bcef-7e1a893b1276/build]   ğŸ’¬  ::debug::source dir: /tmp/temp_384470283/zulu8.70.0.23-ca-jdk8.0.372-linux_x64
[94152e69-c62b-4fcd-bcef-7e1a893b1276/build]   ğŸ’¬  ::debug::destination /opt/hostedtoolcache/jdk/8.0.372/x64
[94152e69-c62b-4fcd-bcef-7e1a893b1276/build]   ğŸ’¬  ::debug::finished caching tool
[94152e69-c62b-4fcd-bcef-7e1a893b1276/build]   â“ add-matcher /run/act/actions/actions-setup-java@v1/.github/java.json
[94152e69-c62b-4fcd-bcef-7e1a893b1276/build]   | creating settings.xml with server-id: github; environment variables: username=$GITHUB_ACTOR, password=$GITHUB_TOKEN, and gpg-passphrase=null
[94152e69-c62b-4fcd-bcef-7e1a893b1276/build]   ğŸ’¬  ::debug::created directory /home/runneradmin/.m2
[94152e69-c62b-4fcd-bcef-7e1a893b1276/build]   | writing /home/runneradmin/.m2/settings.xml
[94152e69-c62b-4fcd-bcef-7e1a893b1276/build]   âœ…  Success - Main actions/setup-java@v1
[94152e69-c62b-4fcd-bcef-7e1a893b1276/build]   âš™  ::set-env:: JAVA_HOME_8.0.372_x64=/opt/hostedtoolcache/jdk/8.0.372/x64
[94152e69-c62b-4fcd-bcef-7e1a893b1276/build]   âš™  ::set-env:: JAVA_HOME=/opt/hostedtoolcache/jdk/8.0.372/x64
[94152e69-c62b-4fcd-bcef-7e1a893b1276/build]   âš™  ::set-env:: JAVA_HOME_8_0_372_X64=/opt/hostedtoolcache/jdk/8.0.372/x64
[94152e69-c62b-4fcd-bcef-7e1a893b1276/build]   âš™  ::set-output:: path=/opt/hostedtoolcache/jdk/8.0.372/x64
[94152e69-c62b-4fcd-bcef-7e1a893b1276/build]   âš™  ::set-output:: version=8.0.372
[94152e69-c62b-4fcd-bcef-7e1a893b1276/build]   âš™  ::add-path:: /opt/hostedtoolcache/jdk/8.0.372/x64/bin
[94152e69-c62b-4fcd-bcef-7e1a893b1276/build] unable to get git ref: failed to identify reference (tag/branch) for the checked-out revision '11febaf99835a3de3ac3bf1fa4a2c38da4798841'
[94152e69-c62b-4fcd-bcef-7e1a893b1276/build] unable to get git ref: failed to identify reference (tag/branch) for the checked-out revision '11febaf99835a3de3ac3bf1fa4a2c38da4798841'
[94152e69-c62b-4fcd-bcef-7e1a893b1276/build] unable to get git ref: failed to identify reference (tag/branch) for the checked-out revision '11febaf99835a3de3ac3bf1fa4a2c38da4798841'
[94152e69-c62b-4fcd-bcef-7e1a893b1276/build] unable to get git ref: failed to identify reference (tag/branch) for the checked-out revision '11febaf99835a3de3ac3bf1fa4a2c38da4798841'
[94152e69-c62b-4fcd-bcef-7e1a893b1276/build] unable to get git ref: failed to identify reference (tag/branch) for the checked-out revision '11febaf99835a3de3ac3bf1fa4a2c38da4798841'
[94152e69-c62b-4fcd-bcef-7e1a893b1276/build] â­ Run Main actions/cache@v2
[94152e69-c62b-4fcd-bcef-7e1a893b1276/build] unable to get git ref: failed to identify reference (tag/branch) for the checked-out revision '11febaf99835a3de3ac3bf1fa4a2c38da4798841'
[94152e69-c62b-4fcd-bcef-7e1a893b1276/build] unable to get git ref: failed to identify reference (tag/branch) for the checked-out revision '11febaf99835a3de3ac3bf1fa4a2c38da4798841'
[94152e69-c62b-4fcd-bcef-7e1a893b1276/build] unable to get git ref: failed to identify reference (tag/branch) for the checked-out revision '11febaf99835a3de3ac3bf1fa4a2c38da4798841'
[94152e69-c62b-4fcd-bcef-7e1a893b1276/build]   ğŸ³  docker cp src=/tmp/act-cache/ee381562-40f3-4c7d-8bc8-99e7a6a163e9/act/actions-cache@v2/ dst=/var/run/act/actions/actions-cache@v2/
[94152e69-c62b-4fcd-bcef-7e1a893b1276/build]   ğŸ³  docker exec cmd=[chown -R 1012:1013 /var/run/act/actions/actions-cache@v2/] user=0 workdir=
[94152e69-c62b-4fcd-bcef-7e1a893b1276/build]   ğŸ³  docker exec cmd=[node /var/run/act/actions/actions-cache@v2/dist/restore/index.js] user= workdir=
[94152e69-c62b-4fcd-bcef-7e1a893b1276/build]   ğŸ’¬  ::debug::Resolved Keys:
[94152e69-c62b-4fcd-bcef-7e1a893b1276/build]   ğŸ’¬  ::debug::["Linux-gradle-8-6962d07fd350fa32008d5cd0617cdf5fededb8a1f16535ff7c63e8840b08195a","Linux-gradle-8-","Linux-gradle-"]
[94152e69-c62b-4fcd-bcef-7e1a893b1276/build]   ğŸ’¬  ::debug::Checking zstd --version
[94152e69-c62b-4fcd-bcef-7e1a893b1276/build]   ğŸ’¬  ::debug::*** zstd command line interface 64-bits v1.5.0, by Yann Collet ***
[94152e69-c62b-4fcd-bcef-7e1a893b1276/build]   ğŸ’¬  ::debug::getCacheEntry - Attempt 1 of 2 failed with error: Cache Service Url not found, unable to restore cache.
[94152e69-c62b-4fcd-bcef-7e1a893b1276/build]   ğŸ’¬  ::debug::getCacheEntry - Attempt 2 of 2 failed with error: Cache Service Url not found, unable to restore cache.
[94152e69-c62b-4fcd-bcef-7e1a893b1276/build]   | [warning]getCacheEntry failed: Cache Service Url not found, unable to restore cache.
[94152e69-c62b-4fcd-bcef-7e1a893b1276/build]   âœ…  Success - Main actions/cache@v2
[94152e69-c62b-4fcd-bcef-7e1a893b1276/build]   âš™  ::set-output:: cache-hit=false
[94152e69-c62b-4fcd-bcef-7e1a893b1276/build] unable to get git ref: failed to identify reference (tag/branch) for the checked-out revision '11febaf99835a3de3ac3bf1fa4a2c38da4798841'
[94152e69-c62b-4fcd-bcef-7e1a893b1276/build] unable to get git ref: failed to identify reference (tag/branch) for the checked-out revision '11febaf99835a3de3ac3bf1fa4a2c38da4798841'
[94152e69-c62b-4fcd-bcef-7e1a893b1276/build] unable to get git ref: failed to identify reference (tag/branch) for the checked-out revision '11febaf99835a3de3ac3bf1fa4a2c38da4798841'
[94152e69-c62b-4fcd-bcef-7e1a893b1276/build] unable to get git ref: failed to identify reference (tag/branch) for the checked-out revision '11febaf99835a3de3ac3bf1fa4a2c38da4798841'
[94152e69-c62b-4fcd-bcef-7e1a893b1276/build] unable to get git ref: failed to identify reference (tag/branch) for the checked-out revision '11febaf99835a3de3ac3bf1fa4a2c38da4798841'
[94152e69-c62b-4fcd-bcef-7e1a893b1276/build] â­ Run Main ./gradlew assemble
[94152e69-c62b-4fcd-bcef-7e1a893b1276/build] unable to get git ref: failed to identify reference (tag/branch) for the checked-out revision '11febaf99835a3de3ac3bf1fa4a2c38da4798841'
[94152e69-c62b-4fcd-bcef-7e1a893b1276/build] unable to get git ref: failed to identify reference (tag/branch) for the checked-out revision '11febaf99835a3de3ac3bf1fa4a2c38da4798841'
[94152e69-c62b-4fcd-bcef-7e1a893b1276/build] unable to get git ref: failed to identify reference (tag/branch) for the checked-out revision '11febaf99835a3de3ac3bf1fa4a2c38da4798841'
[94152e69-c62b-4fcd-bcef-7e1a893b1276/build] unable to get git ref: failed to identify reference (tag/branch) for the checked-out revision '11febaf99835a3de3ac3bf1fa4a2c38da4798841'
[94152e69-c62b-4fcd-bcef-7e1a893b1276/build]   ğŸ³  docker exec cmd=[bash --noprofile --norc -e -o pipefail /var/run/act/workflow/3] user= workdir=
[94152e69-c62b-4fcd-bcef-7e1a893b1276/build]   | Downloading https://services.gradle.org/distributions/gradle-4.1-bin.zip
[94152e69-c62b-4fcd-bcef-7e1a893b1276/build]   | ................................................................
[94152e69-c62b-4fcd-bcef-7e1a893b1276/build]   | Unzipping /home/runneradmin/.gradle/wrapper/dists/gradle-4.1-bin/c3kp51zwwt108wc78u68yt7vs/gradle-4.1-bin.zip to /home/runneradmin/.gradle/wrapper/dists/gradle-4.1-bin/c3kp51zwwt108wc78u68yt7vs
[94152e69-c62b-4fcd-bcef-7e1a893b1276/build]   | Set executable permissions for: /home/runneradmin/.gradle/wrapper/dists/gradle-4.1-bin/c3kp51zwwt108wc78u68yt7vs/gradle-4.1/bin/gradle
[94152e69-c62b-4fcd-bcef-7e1a893b1276/build]   | Starting a Gradle Daemon (subsequent builds will be faster)
[94152e69-c62b-4fcd-bcef-7e1a893b1276/build]   | Download https://plugins.gradle.org/m2/com/diffplug/spotless/spotless-plugin-gradle/3.5.2/spotless-plugin-gradle-3.5.2.pom
[94152e69-c62b-4fcd-bcef-7e1a893b1276/build]   | Download https://plugins.gradle.org/m2/com/diffplug/spotless/spotless-lib-extra/1.5.1/spotless-lib-extra-1.5.1.pom
[94152e69-c62b-4fcd-bcef-7e1a893b1276/build]   | Download https://plugins.gradle.org/m2/com/diffplug/durian/durian-core/1.2.0/durian-core-1.2.0.pom
[94152e69-c62b-4fcd-bcef-7e1a893b1276/build]   | Download https://plugins.gradle.org/m2/com/diffplug/durian/durian-io/1.2.0/durian-io-1.2.0.pom
[94152e69-c62b-4fcd-bcef-7e1a893b1276/build]   | Download https://plugins.gradle.org/m2/com/diffplug/spotless/spotless-lib/1.5.1/spotless-lib-1.5.1.pom
[94152e69-c62b-4fcd-bcef-7e1a893b1276/build]   | Download https://plugins.gradle.org/m2/org/codehaus/groovy/groovy-xml/2.4.7/groovy-xml-2.4.7.pom
[94152e69-c62b-4fcd-bcef-7e1a893b1276/build]   | Download https://plugins.gradle.org/m2/com/googlecode/concurrent-trees/concurrent-trees/2.6.0/concurrent-trees-2.6.0.pom
[94152e69-c62b-4fcd-bcef-7e1a893b1276/build]   | Download https://plugins.gradle.org/m2/com/diffplug/durian/durian-collect/1.2.0/durian-collect-1.2.0.pom
[94152e69-c62b-4fcd-bcef-7e1a893b1276/build]   | Download https://plugins.gradle.org/m2/org/sonatype/oss/oss-parent/7/oss-parent-7.pom
[94152e69-c62b-4fcd-bcef-7e1a893b1276/build]   | Download https://plugins.gradle.org/m2/org/eclipse/jgit/org.eclipse.jgit/4.5.0.201609210915-r/org.eclipse.jgit-4.5.0.201609210915-r.pom
[94152e69-c62b-4fcd-bcef-7e1a893b1276/build]   | Download https://plugins.gradle.org/m2/org/eclipse/jgit/org.eclipse.jgit-parent/4.5.0.201609210915-r/org.eclipse.jgit-parent-4.5.0.201609210915-r.pom
[94152e69-c62b-4fcd-bcef-7e1a893b1276/build]   | Download https://plugins.gradle.org/m2/com/jcraft/jsch/0.1.53/jsch-0.1.53.pom
[94152e69-c62b-4fcd-bcef-7e1a893b1276/build]   | Download https://plugins.gradle.org/m2/org/slf4j/slf4j-api/1.7.2/slf4j-api-1.7.2.pom
[94152e69-c62b-4fcd-bcef-7e1a893b1276/build]   | Download https://plugins.gradle.org/m2/com/googlecode/javaewah/JavaEWAH/0.7.9/JavaEWAH-0.7.9.pom
[94152e69-c62b-4fcd-bcef-7e1a893b1276/build]   | Download https://plugins.gradle.org/m2/org/sonatype/oss/oss-parent/6/oss-parent-6.pom
[94152e69-c62b-4fcd-bcef-7e1a893b1276/build]   | Download https://plugins.gradle.org/m2/org/slf4j/slf4j-parent/1.7.2/slf4j-parent-1.7.2.pom
[94152e69-c62b-4fcd-bcef-7e1a893b1276/build]   | Download https://plugins.gradle.org/m2/org/sonatype/oss/oss-parent/5/oss-parent-5.pom
[94152e69-c62b-4fcd-bcef-7e1a893b1276/build]   | Download https://plugins.gradle.org/m2/org/apache/httpcomponents/httpclient/4.3.6/httpclient-4.3.6.pom
[94152e69-c62b-4fcd-bcef-7e1a893b1276/build]   | Download https://plugins.gradle.org/m2/org/apache/httpcomponents/httpcomponents-client/4.3.6/httpcomponents-client-4.3.6.pom
[94152e69-c62b-4fcd-bcef-7e1a893b1276/build]   | Download https://plugins.gradle.org/m2/org/apache/httpcomponents/project/7/project-7.pom
[94152e69-c62b-4fcd-bcef-7e1a893b1276/build]   | Download https://plugins.gradle.org/m2/org/apache/apache/13/apache-13.pom
[94152e69-c62b-4fcd-bcef-7e1a893b1276/build]   | Download https://plugins.gradle.org/m2/org/codehaus/groovy/groovy/2.4.7/groovy-2.4.7.pom
[94152e69-c62b-4fcd-bcef-7e1a893b1276/build]   | Download https://plugins.gradle.org/m2/commons-codec/commons-codec/1.6/commons-codec-1.6.pom
[94152e69-c62b-4fcd-bcef-7e1a893b1276/build]   | Download https://plugins.gradle.org/m2/org/apache/commons/commons-parent/22/commons-parent-22.pom
[94152e69-c62b-4fcd-bcef-7e1a893b1276/build]   | Download https://plugins.gradle.org/m2/org/apache/apache/9/apache-9.pom
[94152e69-c62b-4fcd-bcef-7e1a893b1276/build]   | Download https://plugins.gradle.org/m2/commons-logging/commons-logging/1.1.3/commons-logging-1.1.3.pom
[94152e69-c62b-4fcd-bcef-7e1a893b1276/build]   | Download https://plugins.gradle.org/m2/org/apache/httpcomponents/httpcore/4.3.3/httpcore-4.3.3.pom
[94152e69-c62b-4fcd-bcef-7e1a893b1276/build]   | Download https://plugins.gradle.org/m2/org/apache/commons/commons-parent/28/commons-parent-28.pom
[94152e69-c62b-4fcd-bcef-7e1a893b1276/build]   | Download https://plugins.gradle.org/m2/org/apache/httpcomponents/httpcomponents-core/4.3.3/httpcomponents-core-4.3.3.pom
[94152e69-c62b-4fcd-bcef-7e1a893b1276/build]   | Download https://plugins.gradle.org/m2/com/diffplug/spotless/spotless-lib/1.5.1/spotless-lib-1.5.1.jar
[94152e69-c62b-4fcd-bcef-7e1a893b1276/build]   | Download https://plugins.gradle.org/m2/com/diffplug/durian/durian-core/1.2.0/durian-core-1.2.0.jar
[94152e69-c62b-4fcd-bcef-7e1a893b1276/build]   | Download https://plugins.gradle.org/m2/com/jcraft/jsch/0.1.53/jsch-0.1.53.jar
[94152e69-c62b-4fcd-bcef-7e1a893b1276/build]   | Download https://plugins.gradle.org/m2/org/codehaus/groovy/groovy/2.4.7/groovy-2.4.7.jar
[94152e69-c62b-4fcd-bcef-7e1a893b1276/build]   | Download https://plugins.gradle.org/m2/com/diffplug/spotless/spotless-plugin-gradle/3.5.2/spotless-plugin-gradle-3.5.2.jar
[94152e69-c62b-4fcd-bcef-7e1a893b1276/build]   | Download https://plugins.gradle.org/m2/org/apache/httpcomponents/httpclient/4.3.6/httpclient-4.3.6.jar
[94152e69-c62b-4fcd-bcef-7e1a893b1276/build]   | Download https://plugins.gradle.org/m2/org/codehaus/groovy/groovy-xml/2.4.7/groovy-xml-2.4.7.jar
[94152e69-c62b-4fcd-bcef-7e1a893b1276/build]   | Download https://plugins.gradle.org/m2/org/eclipse/jgit/org.eclipse.jgit/4.5.0.201609210915-r/org.eclipse.jgit-4.5.0.201609210915-r.jar
[94152e69-c62b-4fcd-bcef-7e1a893b1276/build]   | Download https://plugins.gradle.org/m2/com/googlecode/concurrent-trees/concurrent-trees/2.6.0/concurrent-trees-2.6.0.jar
[94152e69-c62b-4fcd-bcef-7e1a893b1276/build]   | Download https://plugins.gradle.org/m2/org/slf4j/slf4j-api/1.7.2/slf4j-api-1.7.2.jar
[94152e69-c62b-4fcd-bcef-7e1a893b1276/build]   | Download https://plugins.gradle.org/m2/commons-logging/commons-logging/1.1.3/commons-logging-1.1.3.jar
[94152e69-c62b-4fcd-bcef-7e1a893b1276/build]   | Download https://plugins.gradle.org/m2/org/apache/httpcomponents/httpcore/4.3.3/httpcore-4.3.3.jar
[94152e69-c62b-4fcd-bcef-7e1a893b1276/build]   | Download https://plugins.gradle.org/m2/com/googlecode/javaewah/JavaEWAH/0.7.9/JavaEWAH-0.7.9.jar
[94152e69-c62b-4fcd-bcef-7e1a893b1276/build]   | Download https://plugins.gradle.org/m2/com/diffplug/spotless/spotless-lib-extra/1.5.1/spotless-lib-extra-1.5.1.jar
[94152e69-c62b-4fcd-bcef-7e1a893b1276/build]   | Download https://plugins.gradle.org/m2/com/diffplug/durian/durian-io/1.2.0/durian-io-1.2.0.jar
[94152e69-c62b-4fcd-bcef-7e1a893b1276/build]   | Download https://plugins.gradle.org/m2/com/diffplug/durian/durian-collect/1.2.0/durian-collect-1.2.0.jar
[94152e69-c62b-4fcd-bcef-7e1a893b1276/build]   | Download https://plugins.gradle.org/m2/commons-codec/commons-codec/1.6/commons-codec-1.6.jar
[94152e69-c62b-4fcd-bcef-7e1a893b1276/build]   | :compileJava
[94152e69-c62b-4fcd-bcef-7e1a893b1276/build]   | Download https://repo1.maven.org/maven2/com/opera/operadriver/1.5/operadriver-1.5.pom
[94152e69-c62b-4fcd-bcef-7e1a893b1276/build]   | Download https://repo1.maven.org/maven2/com/google/code/gson/gson/2.2.2/gson-2.2.2.pom
[94152e69-c62b-4fcd-bcef-7e1a893b1276/build]   | Download https://repo1.maven.org/maven2/net/htmlparser/jericho/jericho-html/3.1/jericho-html-3.1.pom
[94152e69-c62b-4fcd-bcef-7e1a893b1276/build]   | Download https://repo1.maven.org/maven2/org/seleniumhq/selenium/selenium-server/3.5.3/selenium-server-3.5.3.pom
[94152e69-c62b-4fcd-bcef-7e1a893b1276/build]   | Download https://repo1.maven.org/maven2/com/codeborne/phantomjsdriver/1.4.3/phantomjsdriver-1.4.3.pom
[94152e69-c62b-4fcd-bcef-7e1a893b1276/build]   | Download https://repo1.maven.org/maven2/commons-httpclient/commons-httpclient/3.1/commons-httpclient-3.1.pom
[94152e69-c62b-4fcd-bcef-7e1a893b1276/build]   | Download https://repo1.maven.org/maven2/commons-logging/commons-logging/1.0.4/commons-logging-1.0.4.pom
[94152e69-c62b-4fcd-bcef-7e1a893b1276/build]   | Download https://repo1.maven.org/maven2/commons-codec/commons-codec/1.2/commons-codec-1.2.pom
[94152e69-c62b-4fcd-bcef-7e1a893b1276/build]   | Download https://repo1.maven.org/maven2/commons-jxpath/commons-jxpath/1.3/commons-jxpath-1.3.pom
[94152e69-c62b-4fcd-bcef-7e1a893b1276/build]   | Download https://repo1.maven.org/maven2/com/google/guava/guava/14.0/guava-14.0.pom
[94152e69-c62b-4fcd-bcef-7e1a893b1276/build]   | Download https://repo1.maven.org/maven2/org/apache/commons/commons-exec/1.1/commons-exec-1.1.pom
[94152e69-c62b-4fcd-bcef-7e1a893b1276/build]   | Download https://repo1.maven.org/maven2/org/ini4j/ini4j/0.5.2/ini4j-0.5.2.pom
[94152e69-c62b-4fcd-bcef-7e1a893b1276/build]   | Download https://repo1.maven.org/maven2/com/google/protobuf/protobuf-java/2.4.1/protobuf-java-2.4.1.pom
[94152e69-c62b-4fcd-bcef-7e1a893b1276/build]   | Download https://repo1.maven.org/maven2/com/opera/operalaunchers/1.1/operalaunchers-1.1.pom
[94152e69-c62b-4fcd-bcef-7e1a893b1276/build]   | Download https://repo1.maven.org/maven2/org/seleniumhq/selenium/selenium-java/2.35.0/selenium-java-2.35.0.pom
[94152e69-c62b-4fcd-bcef-7e1a893b1276/build]   | Download https://repo1.maven.org/maven2/org/apache/commons/commons-parent/11/commons-parent-11.pom
[94152e69-c62b-4fcd-bcef-7e1a893b1276/build]   | Download https://repo1.maven.org/maven2/org/apache/commons/commons-parent/17/commons-parent-17.pom
[94152e69-c62b-4fcd-bcef-7e1a893b1276/build]   | Download https://repo1.maven.org/maven2/com/google/google/1/google-1.pom
[94152e69-c62b-4fcd-bcef-7e1a893b1276/build]   | Download https://repo1.maven.org/maven2/com/google/guava/guava-parent/14.0/guava-parent-14.0.pom
[94152e69-c62b-4fcd-bcef-7e1a893b1276/build]   | Download https://repo1.maven.org/maven2/org/apache/apache/7/apache-7.pom
[94152e69-c62b-4fcd-bcef-7e1a893b1276/build]   | Download https://repo1.maven.org/maven2/org/apache/apache/4/apache-4.pom
[94152e69-c62b-4fcd-bcef-7e1a893b1276/build]   | Download https://repo1.maven.org/maven2/org/seleniumhq/selenium/selenium-parent/2.35.0/selenium-parent-2.35.0.pom
[94152e69-c62b-4fcd-bcef-7e1a893b1276/build]   | Download https://repo1.maven.org/maven2/org/seleniumhq/selenium/selenium-remote-driver/3.4.0/selenium-remote-driver-3.4.0.pom
[94152e69-c62b-4fcd-bcef-7e1a893b1276/build]   | Download https://repo1.maven.org/maven2/org/seleniumhq/selenium/selenium-api/3.4.0/selenium-api-3.4.0.pom
[94152e69-c62b-4fcd-bcef-7e1a893b1276/build]   | Download https://repo1.maven.org/maven2/org/seleniumhq/selenium/selenium-edge-driver/3.5.3/selenium-edge-driver-3.5.3.pom
[94152e69-c62b-4fcd-bcef-7e1a893b1276/build]   | Download https://repo1.maven.org/maven2/org/seleniumhq/selenium/selenium-firefox-driver/3.5.3/selenium-firefox-driver-3.5.3.pom
[94152e69-c62b-4fcd-bcef-7e1a893b1276/build]   | Download https://repo1.maven.org/maven2/org/seleniumhq/selenium/selenium-support/3.5.3/selenium-support-3.5.3.pom
[94152e69-c62b-4fcd-bcef-7e1a893b1276/build]   | Download https://repo1.maven.org/maven2/org/apache/commons/commons-lang3/3.5/commons-lang3-3.5.pom
[94152e69-c62b-4fcd-bcef-7e1a893b1276/build]   | Download https://repo1.maven.org/maven2/cglib/cglib-nodep/3.2.4/cglib-nodep-3.2.4.pom
[94152e69-c62b-4fcd-bcef-7e1a893b1276/build]   | Download https://repo1.maven.org/maven2/org/seleniumhq/selenium/selenium-chrome-driver/3.5.3/selenium-chrome-driver-3.5.3.pom
[94152e69-c62b-4fcd-bcef-7e1a893b1276/build]   | Download https://repo1.maven.org/maven2/org/w3c/css/sac/1.3/sac-1.3.pom
[94152e69-c62b-4fcd-bcef-7e1a893b1276/build]   | Download https://repo1.maven.org/maven2/org/apache/httpcomponents/httpcore/4.4.6/httpcore-4.4.6.pom
[94152e69-c62b-4fcd-bcef-7e1a893b1276/build]   | Download https://repo1.maven.org/maven2/org/seleniumhq/selenium/selenium-safari-driver/3.5.3/selenium-safari-driver-3.5.3.pom
[94152e69-c62b-4fcd-bcef-7e1a893b1276/build]   | Download https://repo1.maven.org/maven2/org/apache/httpcomponents/httpclient/4.5.3/httpclient-4.5.3.pom
[94152e69-c62b-4fcd-bcef-7e1a893b1276/build]   | Download https://repo1.maven.org/maven2/net/jcip/jcip-annotations/1.0/jcip-annotations-1.0.pom
[94152e69-c62b-4fcd-bcef-7e1a893b1276/build]   | Download https://repo1.maven.org/maven2/net/sourceforge/htmlunit/htmlunit/2.27/htmlunit-2.27.pom
[94152e69-c62b-4fcd-bcef-7e1a893b1276/build]   | Download https://repo1.maven.org/maven2/org/eclipse/jetty/jetty-client/9.4.5.v20170502/jetty-client-9.4.5.v20170502.pom
[94152e69-c62b-4fcd-bcef-7e1a893b1276/build]   | Download https://repo1.maven.org/maven2/org/seleniumhq/selenium/selenium-opera-driver/3.5.3/selenium-opera-driver-3.5.3.pom
[94152e69-c62b-4fcd-bcef-7e1a893b1276/build]   | Download https://repo1.maven.org/maven2/org/seleniumhq/selenium/selenium-ie-driver/3.5.3/selenium-ie-driver-3.5.3.pom
[94152e69-c62b-4fcd-bcef-7e1a893b1276/build]   | Download https://repo1.maven.org/maven2/org/eclipse/jetty/jetty-io/9.4.5.v20170502/jetty-io-9.4.5.v20170502.pom
[94152e69-c62b-4fcd-bcef-7e1a893b1276/build]   | Download https://repo1.maven.org/maven2/net/sourceforge/htmlunit/neko-htmlunit/2.27/neko-htmlunit-2.27.pom
[94152e69-c62b-4fcd-bcef-7e1a893b1276/build]   | Download https://repo1.maven.org/maven2/net/sourceforge/cssparser/cssparser/0.9.23/cssparser-0.9.23.pom
[94152e69-c62b-4fcd-bcef-7e1a893b1276/build]   | Download https://repo1.maven.org/maven2/org/eclipse/jetty/jetty-http/9.4.5.v20170502/jetty-http-9.4.5.v20170502.pom
[94152e69-c62b-4fcd-bcef-7e1a893b1276/build]   | Download https://repo1.maven.org/maven2/junit/junit/4.12/junit-4.12.pom
[94152e69-c62b-4fcd-bcef-7e1a893b1276/build]   | Download https://repo1.maven.org/maven2/org/apache/commons/commons-parent/41/commons-parent-41.pom
[94152e69-c62b-4fcd-bcef-7e1a893b1276/build]   | Download https://repo1.maven.org/maven2/xalan/serializer/2.7.2/serializer-2.7.2.pom
[94152e69-c62b-4fcd-bcef-7e1a893b1276/build]   | Download https://repo1.maven.org/maven2/org/eclipse/jetty/jetty-util/9.4.5.v20170502/jetty-util-9.4.5.v20170502.pom
[94152e69-c62b-4fcd-bcef-7e1a893b1276/build]   | Download https://repo1.maven.org/maven2/org/eclipse/jetty/websocket/websocket-common/9.4.5.v20170502/websocket-common-9.4.5.v20170502.pom
[94152e69-c62b-4fcd-bcef-7e1a893b1276/build]   | Download https://repo1.maven.org/maven2/org/seleniumhq/selenium/htmlunit-driver/2.27/htmlunit-driver-2.27.pom
[94152e69-c62b-4fcd-bcef-7e1a893b1276/build]   | Download https://repo1.maven.org/maven2/org/seleniumhq/selenium/jetty-repacked/9.4.5.v20170502/jetty-repacked-9.4.5.v20170502.pom
[94152e69-c62b-4fcd-bcef-7e1a893b1276/build]   | Download https://repo1.maven.org/maven2/net/java/dev/jna/jna-platform/4.1.0/jna-platform-4.1.0.pom
[94152e69-c62b-4fcd-bcef-7e1a893b1276/build]   | Download https://repo1.maven.org/maven2/javax/servlet/javax.servlet-api/3.1.0/javax.servlet-api-3.1.0.pom
[94152e69-c62b-4fcd-bcef-7e1a893b1276/build]   | Download https://repo1.maven.org/maven2/xalan/xalan/2.7.2/xalan-2.7.2.pom
[94152e69-c62b-4fcd-bcef-7e1a893b1276/build]   | Download https://repo1.maven.org/maven2/org/hamcrest/hamcrest-core/1.3/hamcrest-core-1.3.pom
[94152e69-c62b-4fcd-bcef-7e1a893b1276/build]   | Download https://repo1.maven.org/maven2/net/java/dev/jna/jna/4.1.0/jna-4.1.0.pom
[94152e69-c62b-4fcd-bcef-7e1a893b1276/build]   | Download https://repo1.maven.org/maven2/net/sourceforge/htmlunit/htmlunit-core-js/2.27/htmlunit-core-js-2.27.pom
[94152e69-c62b-4fcd-bcef-7e1a893b1276/build]   | Download https://repo1.maven.org/maven2/org/eclipse/jetty/websocket/websocket-client/9.4.5.v20170502/websocket-client-9.4.5.v20170502.pom
[94152e69-c62b-4fcd-bcef-7e1a893b1276/build]   | Download https://repo1.maven.org/maven2/xerces/xercesImpl/2.11.0/xercesImpl-2.11.0.pom
[94152e69-c62b-4fcd-bcef-7e1a893b1276/build]   | Download https://repo1.maven.org/maven2/commons-io/commons-io/2.5/commons-io-2.5.pom
[94152e69-c62b-4fcd-bcef-7e1a893b1276/build]   | Download https://repo1.maven.org/maven2/org/apache/httpcomponents/httpmime/4.5.3/httpmime-4.5.3.pom
[94152e69-c62b-4fcd-bcef-7e1a893b1276/build]   | Download https://repo1.maven.org/maven2/org/yaml/snakeyaml/1.15/snakeyaml-1.15.pom
[94152e69-c62b-4fcd-bcef-7e1a893b1276/build]   | Download https://repo1.maven.org/maven2/com/beust/jcommander/1.48/jcommander-1.48.pom
[94152e69-c62b-4fcd-bcef-7e1a893b1276/build]   | Download https://repo1.maven.org/maven2/org/eclipse/jetty/websocket/websocket-api/9.4.5.v20170502/websocket-api-9.4.5.v20170502.pom
[94152e69-c62b-4fcd-bcef-7e1a893b1276/build]   | Download https://repo1.maven.org/maven2/org/eclipse/jetty/jetty-project/9.4.5.v20170502/jetty-project-9.4.5.v20170502.pom
[94152e69-c62b-4fcd-bcef-7e1a893b1276/build]   | Download https://repo1.maven.org/maven2/xml-apis/xml-apis/1.4.01/xml-apis-1.4.01.pom
[94152e69-c62b-4fcd-bcef-7e1a893b1276/build]   | Download https://repo1.maven.org/maven2/org/apache/httpcomponents/httpcomponents-client/4.5.3/httpcomponents-client-4.5.3.pom
[94152e69-c62b-4fcd-bcef-7e1a893b1276/build]   | Download https://repo1.maven.org/maven2/org/eclipse/jetty/websocket/websocket-parent/9.4.5.v20170502/websocket-parent-9.4.5.v20170502.pom
[94152e69-c62b-4fcd-bcef-7e1a893b1276/build]   | Download https://repo1.maven.org/maven2/org/hamcrest/hamcrest-parent/1.3/hamcrest-parent-1.3.pom
[94152e69-c62b-4fcd-bcef-7e1a893b1276/build]   | Download https://repo1.maven.org/maven2/cglib/cglib-parent/3.2.4/cglib-parent-3.2.4.pom
[94152e69-c62b-4fcd-bcef-7e1a893b1276/build]   | Download https://repo1.maven.org/maven2/net/java/jvnet-parent/3/jvnet-parent-3.pom
[94152e69-c62b-4fcd-bcef-7e1a893b1276/build]   | Download https://repo1.maven.org/maven2/org/sonatype/oss/oss-parent/3/oss-parent-3.pom
[94152e69-c62b-4fcd-bcef-7e1a893b1276/build]   | Download https://repo1.maven.org/maven2/org/apache/httpcomponents/httpcomponents-core/4.4.6/httpcomponents-core-4.4.6.pom
[94152e69-c62b-4fcd-bcef-7e1a893b1276/build]   | Download https://repo1.maven.org/maven2/org/apache/apache/18/apache-18.pom
[94152e69-c62b-4fcd-bcef-7e1a893b1276/build]   | Download https://repo1.maven.org/maven2/org/apache/commons/commons-parent/39/commons-parent-39.pom
[94152e69-c62b-4fcd-bcef-7e1a893b1276/build]   | Download https://repo1.maven.org/maven2/org/apache/apache/16/apache-16.pom
[94152e69-c62b-4fcd-bcef-7e1a893b1276/build]   | Download https://repo1.maven.org/maven2/org/seleniumhq/selenium/selenium-java/3.5.3/selenium-java-3.5.3.pom
[94152e69-c62b-4fcd-bcef-7e1a893b1276/build]   | Download https://repo1.maven.org/maven2/org/seleniumhq/selenium/selenium-api/3.5.3/selenium-api-3.5.3.pom
[94152e69-c62b-4fcd-bcef-7e1a893b1276/build]   | Download https://repo1.maven.org/maven2/org/seleniumhq/selenium/selenium-remote-driver/3.5.3/selenium-remote-driver-3.5.3.pom
[94152e69-c62b-4fcd-bcef-7e1a893b1276/build]   | Download https://repo1.maven.org/maven2/org/apache/commons/commons-exec/1.3/commons-exec-1.3.pom
[94152e69-c62b-4fcd-bcef-7e1a893b1276/build]   | Download https://repo1.maven.org/maven2/org/apache/commons/commons-parent/35/commons-parent-35.pom
[94152e69-c62b-4fcd-bcef-7e1a893b1276/build]   | Download https://repo1.maven.org/maven2/org/apache/apache/15/apache-15.pom
[94152e69-c62b-4fcd-bcef-7e1a893b1276/build]   | Download https://repo1.maven.org/maven2/commons-codec/commons-codec/1.10/commons-codec-1.10.pom
[94152e69-c62b-4fcd-bcef-7e1a893b1276/build]   | Download https://repo1.maven.org/maven2/commons-logging/commons-logging/1.2/commons-logging-1.2.pom
[94152e69-c62b-4fcd-bcef-7e1a893b1276/build]   | Download https://repo1.maven.org/maven2/org/apache/commons/commons-parent/34/commons-parent-34.pom
[94152e69-c62b-4fcd-bcef-7e1a893b1276/build]   | Download https://repo1.maven.org/maven2/com/google/code/gson/gson/2.8.0/gson-2.8.0.pom
[94152e69-c62b-4fcd-bcef-7e1a893b1276/build]   | Download https://repo1.maven.org/maven2/com/google/code/gson/gson-parent/2.8.0/gson-parent-2.8.0.pom
[94152e69-c62b-4fcd-bcef-7e1a893b1276/build]   | Download https://repo1.maven.org/maven2/com/google/guava/guava/23.0/guava-23.0.pom
[94152e69-c62b-4fcd-bcef-7e1a893b1276/build]   | Download https://repo1.maven.org/maven2/com/google/guava/guava-parent/23.0/guava-parent-23.0.pom
[94152e69-c62b-4fcd-bcef-7e1a893b1276/build]   | Download https://repo1.maven.org/maven2/org/codehaus/mojo/animal-sniffer-annotations/1.14/animal-sniffer-annotations-1.14.pom
[94152e69-c62b-4fcd-bcef-7e1a893b1276/build]   | Download https://repo1.maven.org/maven2/com/google/errorprone/error_prone_annotations/2.0.18/error_prone_annotations-2.0.18.pom
[94152e69-c62b-4fcd-bcef-7e1a893b1276/build]   | Download https://repo1.maven.org/maven2/com/google/j2objc/j2objc-annotations/1.1/j2objc-annotations-1.1.pom
[94152e69-c62b-4fcd-bcef-7e1a893b1276/build]   | Download https://repo1.maven.org/maven2/com/google/code/findbugs/jsr305/1.3.9/jsr305-1.3.9.pom
[94152e69-c62b-4fcd-bcef-7e1a893b1276/build]   | Download https://repo1.maven.org/maven2/com/google/errorprone/error_prone_parent/2.0.18/error_prone_parent-2.0.18.pom
[94152e69-c62b-4fcd-bcef-7e1a893b1276/build]   | Download https://repo1.maven.org/maven2/org/codehaus/mojo/animal-sniffer-parent/1.14/animal-sniffer-parent-1.14.pom
[94152e69-c62b-4fcd-bcef-7e1a893b1276/build]   | Download https://repo1.maven.org/maven2/org/codehaus/mojo/mojo-parent/34/mojo-parent-34.pom
[94152e69-c62b-4fcd-bcef-7e1a893b1276/build]   | Download https://repo1.maven.org/maven2/org/codehaus/codehaus-parent/4/codehaus-parent-4.pom
[94152e69-c62b-4fcd-bcef-7e1a893b1276/build]   | Download https://repo1.maven.org/maven2/org/seleniumhq/selenium/selenium-edge-driver/3.5.3/selenium-edge-driver-3.5.3.jar
[94152e69-c62b-4fcd-bcef-7e1a893b1276/build]   | Download https://repo1.maven.org/maven2/commons-httpclient/commons-httpclient/3.1/commons-httpclient-3.1.jar
[94152e69-c62b-4fcd-bcef-7e1a893b1276/build]   | Download https://repo1.maven.org/maven2/org/seleniumhq/selenium/selenium-opera-driver/3.5.3/selenium-opera-driver-3.5.3.jar
[94152e69-c62b-4fcd-bcef-7e1a893b1276/build]   | Download https://repo1.maven.org/maven2/com/codeborne/phantomjsdriver/1.4.3/phantomjsdriver-1.4.3.jar
[94152e69-c62b-4fcd-bcef-7e1a893b1276/build]   | Download https://repo1.maven.org/maven2/org/seleniumhq/selenium/selenium-safari-driver/3.5.3/selenium-safari-driver-3.5.3.jar
[94152e69-c62b-4fcd-bcef-7e1a893b1276/build]   | Download https://repo1.maven.org/maven2/org/seleniumhq/selenium/selenium-java/3.5.3/selenium-java-3.5.3.jar
[94152e69-c62b-4fcd-bcef-7e1a893b1276/build]   | Download https://repo1.maven.org/maven2/org/seleniumhq/selenium/selenium-ie-driver/3.5.3/selenium-ie-driver-3.5.3.jar
[94152e69-c62b-4fcd-bcef-7e1a893b1276/build]   | Download https://repo1.maven.org/maven2/org/seleniumhq/selenium/selenium-chrome-driver/3.5.3/selenium-chrome-driver-3.5.3.jar
[94152e69-c62b-4fcd-bcef-7e1a893b1276/build]   | Download https://repo1.maven.org/maven2/com/opera/operadriver/1.5/operadriver-1.5.jar
[94152e69-c62b-4fcd-bcef-7e1a893b1276/build]   | Download https://repo1.maven.org/maven2/org/seleniumhq/selenium/selenium-server/3.5.3/selenium-server-3.5.3.jar
[94152e69-c62b-4fcd-bcef-7e1a893b1276/build]   | Download https://repo1.maven.org/maven2/org/seleniumhq/selenium/selenium-support/3.5.3/selenium-support-3.5.3.jar
[94152e69-c62b-4fcd-bcef-7e1a893b1276/build]   | Download https://repo1.maven.org/maven2/org/seleniumhq/selenium/selenium-firefox-driver/3.5.3/selenium-firefox-driver-3.5.3.jar
[94152e69-c62b-4fcd-bcef-7e1a893b1276/build]   | Download https://repo1.maven.org/maven2/org/seleniumhq/selenium/htmlunit-driver/2.27/htmlunit-driver-2.27.jar
[94152e69-c62b-4fcd-bcef-7e1a893b1276/build]   | Download https://repo1.maven.org/maven2/org/seleniumhq/selenium/selenium-remote-driver/3.5.3/selenium-remote-driver-3.5.3.jar
[94152e69-c62b-4fcd-bcef-7e1a893b1276/build]   | Download https://repo1.maven.org/maven2/org/apache/commons/commons-exec/1.3/commons-exec-1.3.jar
[94152e69-c62b-4fcd-bcef-7e1a893b1276/build]   | Download https://repo1.maven.org/maven2/org/hamcrest/hamcrest-core/1.3/hamcrest-core-1.3.jar
[94152e69-c62b-4fcd-bcef-7e1a893b1276/build]   | Download https://repo1.maven.org/maven2/com/opera/operalaunchers/1.1/operalaunchers-1.1.jar
[94152e69-c62b-4fcd-bcef-7e1a893b1276/build]   | Download https://repo1.maven.org/maven2/com/google/code/gson/gson/2.8.0/gson-2.8.0.jar
[94152e69-c62b-4fcd-bcef-7e1a893b1276/build]   | Download https://repo1.maven.org/maven2/commons-logging/commons-logging/1.2/commons-logging-1.2.jar
[94152e69-c62b-4fcd-bcef-7e1a893b1276/build]   | Download https://repo1.maven.org/maven2/net/java/dev/jna/jna-platform/4.1.0/jna-platform-4.1.0.jar
[94152e69-c62b-4fcd-bcef-7e1a893b1276/build]   | Download https://repo1.maven.org/maven2/net/sourceforge/htmlunit/htmlunit/2.27/htmlunit-2.27.jar
[94152e69-c62b-4fcd-bcef-7e1a893b1276/build]   | Download https://repo1.maven.org/maven2/com/google/protobuf/protobuf-java/2.4.1/protobuf-java-2.4.1.jar
[94152e69-c62b-4fcd-bcef-7e1a893b1276/build]   | Download https://repo1.maven.org/maven2/xml-apis/xml-apis/1.4.01/xml-apis-1.4.01.jar
[94152e69-c62b-4fcd-bcef-7e1a893b1276/build]   | Download https://repo1.maven.org/maven2/commons-codec/commons-codec/1.10/commons-codec-1.10.jar
[94152e69-c62b-4fcd-bcef-7e1a893b1276/build]   | Download https://repo1.maven.org/maven2/org/apache/httpcomponents/httpmime/4.5.3/httpmime-4.5.3.jar
[94152e69-c62b-4fcd-bcef-7e1a893b1276/build]   | Download https://repo1.maven.org/maven2/com/google/guava/guava/23.0/guava-23.0.jar
[94152e69-c62b-4fcd-bcef-7e1a893b1276/build]   | Download https://repo1.maven.org/maven2/xalan/serializer/2.7.2/serializer-2.7.2.jar
[94152e69-c62b-4fcd-bcef-7e1a893b1276/build]   | Download https://repo1.maven.org/maven2/com/google/j2objc/j2objc-annotations/1.1/j2objc-annotations-1.1.jar
[94152e69-c62b-4fcd-bcef-7e1a893b1276/build]   | Download https://repo1.maven.org/maven2/net/jcip/jcip-annotations/1.0/jcip-annotations-1.0.jar
[94152e69-c62b-4fcd-bcef-7e1a893b1276/build]   | Download https://repo1.maven.org/maven2/com/beust/jcommander/1.48/jcommander-1.48.jar
[94152e69-c62b-4fcd-bcef-7e1a893b1276/build]   | Download https://repo1.maven.org/maven2/javax/servlet/javax.servlet-api/3.1.0/javax.servlet-api-3.1.0.jar
[94152e69-c62b-4fcd-bcef-7e1a893b1276/build]   | Download https://repo1.maven.org/maven2/net/htmlparser/jericho/jericho-html/3.1/jericho-html-3.1.jar
[94152e69-c62b-4fcd-bcef-7e1a893b1276/build]   | Download https://repo1.maven.org/maven2/org/w3c/css/sac/1.3/sac-1.3.jar
[94152e69-c62b-4fcd-bcef-7e1a893b1276/build]   | Download https://repo1.maven.org/maven2/org/eclipse/jetty/jetty-util/9.4.5.v20170502/jetty-util-9.4.5.v20170502.jar
[94152e69-c62b-4fcd-bcef-7e1a893b1276/build]   | Download https://repo1.maven.org/maven2/org/apache/httpcomponents/httpcore/4.4.6/httpcore-4.4.6.jar
[94152e69-c62b-4fcd-bcef-7e1a893b1276/build]   | Download https://repo1.maven.org/maven2/org/eclipse/jetty/jetty-http/9.4.5.v20170502/jetty-http-9.4.5.v20170502.jar
[94152e69-c62b-4fcd-bcef-7e1a893b1276/build]   | Download https://repo1.maven.org/maven2/org/apache/commons/commons-lang3/3.5/commons-lang3-3.5.jar
[94152e69-c62b-4fcd-bcef-7e1a893b1276/build]   | Download https://repo1.maven.org/maven2/org/ini4j/ini4j/0.5.2/ini4j-0.5.2.jar
[94152e69-c62b-4fcd-bcef-7e1a893b1276/build]   | Download https://repo1.maven.org/maven2/org/eclipse/jetty/websocket/websocket-client/9.4.5.v20170502/websocket-client-9.4.5.v20170502.jar
[94152e69-c62b-4fcd-bcef-7e1a893b1276/build]   | Download https://repo1.maven.org/maven2/net/sourceforge/cssparser/cssparser/0.9.23/cssparser-0.9.23.jar
[94152e69-c62b-4fcd-bcef-7e1a893b1276/build]   | Download https://repo1.maven.org/maven2/net/java/dev/jna/jna/4.1.0/jna-4.1.0.jar
[94152e69-c62b-4fcd-bcef-7e1a893b1276/build]   | Download https://repo1.maven.org/maven2/org/eclipse/jetty/websocket/websocket-common/9.4.5.v20170502/websocket-common-9.4.5.v20170502.jar
[94152e69-c62b-4fcd-bcef-7e1a893b1276/build]   | Download https://repo1.maven.org/maven2/net/sourceforge/htmlunit/neko-htmlunit/2.27/neko-htmlunit-2.27.jar
[94152e69-c62b-4fcd-bcef-7e1a893b1276/build]   | Download https://repo1.maven.org/maven2/cglib/cglib-nodep/3.2.4/cglib-nodep-3.2.4.jar
[94152e69-c62b-4fcd-bcef-7e1a893b1276/build]   | Download https://repo1.maven.org/maven2/org/apache/httpcomponents/httpclient/4.5.3/httpclient-4.5.3.jar
[94152e69-c62b-4fcd-bcef-7e1a893b1276/build]   | Download https://repo1.maven.org/maven2/xerces/xercesImpl/2.11.0/xercesImpl-2.11.0.jar
[94152e69-c62b-4fcd-bcef-7e1a893b1276/build]   | Download https://repo1.maven.org/maven2/org/codehaus/mojo/animal-sniffer-annotations/1.14/animal-sniffer-annotations-1.14.jar
[94152e69-c62b-4fcd-bcef-7e1a893b1276/build]   | Download https://repo1.maven.org/maven2/com/google/code/findbugs/jsr305/1.3.9/jsr305-1.3.9.jar
[94152e69-c62b-4fcd-bcef-7e1a893b1276/build]   | Download https://repo1.maven.org/maven2/org/seleniumhq/selenium/jetty-repacked/9.4.5.v20170502/jetty-repacked-9.4.5.v20170502.jar
[94152e69-c62b-4fcd-bcef-7e1a893b1276/build]   | Download https://repo1.maven.org/maven2/net/sourceforge/htmlunit/htmlunit-core-js/2.27/htmlunit-core-js-2.27.jar
[94152e69-c62b-4fcd-bcef-7e1a893b1276/build]   | Download https://repo1.maven.org/maven2/org/eclipse/jetty/jetty-client/9.4.5.v20170502/jetty-client-9.4.5.v20170502.jar
[94152e69-c62b-4fcd-bcef-7e1a893b1276/build]   | Download https://repo1.maven.org/maven2/org/seleniumhq/selenium/selenium-api/3.5.3/selenium-api-3.5.3.jar
[94152e69-c62b-4fcd-bcef-7e1a893b1276/build]   | Download https://repo1.maven.org/maven2/commons-io/commons-io/2.5/commons-io-2.5.jar
[94152e69-c62b-4fcd-bcef-7e1a893b1276/build]   | Download https://repo1.maven.org/maven2/org/eclipse/jetty/websocket/websocket-api/9.4.5.v20170502/websocket-api-9.4.5.v20170502.jar
[94152e69-c62b-4fcd-bcef-7e1a893b1276/build]   | Download https://repo1.maven.org/maven2/commons-jxpath/commons-jxpath/1.3/commons-jxpath-1.3.jar
[94152e69-c62b-4fcd-bcef-7e1a893b1276/build]   | Download https://repo1.maven.org/maven2/org/eclipse/jetty/jetty-io/9.4.5.v20170502/jetty-io-9.4.5.v20170502.jar
[94152e69-c62b-4fcd-bcef-7e1a893b1276/build]   | Download https://repo1.maven.org/maven2/xalan/xalan/2.7.2/xalan-2.7.2.jar
[94152e69-c62b-4fcd-bcef-7e1a893b1276/build]   | Download https://repo1.maven.org/maven2/org/yaml/snakeyaml/1.15/snakeyaml-1.15.jar
[94152e69-c62b-4fcd-bcef-7e1a893b1276/build]   | Download https://repo1.maven.org/maven2/junit/junit/4.12/junit-4.12.jar
[94152e69-c62b-4fcd-bcef-7e1a893b1276/build]   | Download https://repo1.maven.org/maven2/com/google/errorprone/error_prone_annotations/2.0.18/error_prone_annotations-2.0.18.jar
[94152e69-c62b-4fcd-bcef-7e1a893b1276/build]   | :processResources
[94152e69-c62b-4fcd-bcef-7e1a893b1276/build]   | :classes
[94152e69-c62b-4fcd-bcef-7e1a893b1276/build]   | :jar
[94152e69-c62b-4fcd-bcef-7e1a893b1276/build]   | :startScripts
[94152e69-c62b-4fcd-bcef-7e1a893b1276/build]   | :distTar
[94152e69-c62b-4fcd-bcef-7e1a893b1276/build]   | :distZip
[94152e69-c62b-4fcd-bcef-7e1a893b1276/build]   | :javadoc
[94152e69-c62b-4fcd-bcef-7e1a893b1276/build]   | :javadocJar
[94152e69-c62b-4fcd-bcef-7e1a893b1276/build]   | :sourcesJar
[94152e69-c62b-4fcd-bcef-7e1a893b1276/build]   | :assemble
[94152e69-c62b-4fcd-bcef-7e1a893b1276/build]   | 
[94152e69-c62b-4fcd-bcef-7e1a893b1276/build]   | BUILD SUCCESSFUL in 49s
[94152e69-c62b-4fcd-bcef-7e1a893b1276/build]   | 9 actionable tasks: 9 executed
[94152e69-c62b-4fcd-bcef-7e1a893b1276/build]   âœ…  Success - Main ./gradlew assemble
[94152e69-c62b-4fcd-bcef-7e1a893b1276/build] unable to get git ref: failed to identify reference (tag/branch) for the checked-out revision '11febaf99835a3de3ac3bf1fa4a2c38da4798841'
[94152e69-c62b-4fcd-bcef-7e1a893b1276/build] unable to get git ref: failed to identify reference (tag/branch) for the checked-out revision '11febaf99835a3de3ac3bf1fa4a2c38da4798841'
[94152e69-c62b-4fcd-bcef-7e1a893b1276/build] unable to get git ref: failed to identify reference (tag/branch) for the checked-out revision '11febaf99835a3de3ac3bf1fa4a2c38da4798841'
[94152e69-c62b-4fcd-bcef-7e1a893b1276/build] unable to get git ref: failed to identify reference (tag/branch) for the checked-out revision '11febaf99835a3de3ac3bf1fa4a2c38da4798841'
[94152e69-c62b-4fcd-bcef-7e1a893b1276/build] unable to get git ref: failed to identify reference (tag/branch) for the checked-out revision '11febaf99835a3de3ac3bf1fa4a2c38da4798841'
[94152e69-c62b-4fcd-bcef-7e1a893b1276/build] â­ Run Main ./gradlew check
[94152e69-c62b-4fcd-bcef-7e1a893b1276/build] unable to get git ref: failed to identify reference (tag/branch) for the checked-out revision '11febaf99835a3de3ac3bf1fa4a2c38da4798841'
[94152e69-c62b-4fcd-bcef-7e1a893b1276/build] unable to get git ref: failed to identify reference (tag/branch) for the checked-out revision '11febaf99835a3de3ac3bf1fa4a2c38da4798841'
[94152e69-c62b-4fcd-bcef-7e1a893b1276/build] unable to get git ref: failed to identify reference (tag/branch) for the checked-out revision '11febaf99835a3de3ac3bf1fa4a2c38da4798841'
[94152e69-c62b-4fcd-bcef-7e1a893b1276/build] unable to get git ref: failed to identify reference (tag/branch) for the checked-out revision '11febaf99835a3de3ac3bf1fa4a2c38da4798841'
[94152e69-c62b-4fcd-bcef-7e1a893b1276/build]   ğŸ³  docker exec cmd=[bash --noprofile --norc -e -o pipefail /var/run/act/workflow/4] user= workdir=
[94152e69-c62b-4fcd-bcef-7e1a893b1276/build]   | :spotlessJava
[94152e69-c62b-4fcd-bcef-7e1a893b1276/build]   | :spotlessJavaCheck
[94152e69-c62b-4fcd-bcef-7e1a893b1276/build]   | :spotlessCheck
[94152e69-c62b-4fcd-bcef-7e1a893b1276/build]   | :compileJava UP-TO-DATE
[94152e69-c62b-4fcd-bcef-7e1a893b1276/build]   | :processResources UP-TO-DATE
[94152e69-c62b-4fcd-bcef-7e1a893b1276/build]   | :classes UP-TO-DATE
[94152e69-c62b-4fcd-bcef-7e1a893b1276/build]   | :compileTestJava
[94152e69-c62b-4fcd-bcef-7e1a893b1276/build]   | Download https://repo1.maven.org/maven2/junit/junit/4.11/junit-4.11.pom
[94152e69-c62b-4fcd-bcef-7e1a893b1276/build]   | :processTestResources
[94152e69-c62b-4fcd-bcef-7e1a893b1276/build]   | :testClasses
[94152e69-c62b-4fcd-bcef-7e1a893b1276/build]   | :test
[94152e69-c62b-4fcd-bcef-7e1a893b1276/build]   | Download https://repo1.maven.org/maven2/org/jacoco/org.jacoco.agent/0.7.8/org.jacoco.agent-0.7.8.pom
[94152e69-c62b-4fcd-bcef-7e1a893b1276/build]   | Download https://repo1.maven.org/maven2/org/jacoco/org.jacoco.build/0.7.8/org.jacoco.build-0.7.8.pom
[94152e69-c62b-4fcd-bcef-7e1a893b1276/build]   | Download https://repo1.maven.org/maven2/org/jacoco/org.jacoco.agent/0.7.8/org.jacoco.agent-0.7.8.jar
[94152e69-c62b-4fcd-bcef-7e1a893b1276/build]   | 
[94152e69-c62b-4fcd-bcef-7e1a893b1276/build]   | org.mozilla.zest.test.v1.ZestClientLaunchUnitTest > testHtmlUnitLaunch FAILED
[94152e69-c62b-4fcd-bcef-7e1a893b1276/build]   |     java.net.BindException at ZestClientLaunchUnitTest.java:37
[94152e69-c62b-4fcd-bcef-7e1a893b1276/build]   |     java.lang.NullPointerException at ZestClientLaunchUnitTest.java:53
[94152e69-c62b-4fcd-bcef-7e1a893b1276/build]   | 
[94152e69-c62b-4fcd-bcef-7e1a893b1276/build]   | org.mozilla.zest.test.v1.ZestClientLaunchUnitTest > testInvalidName FAILED
[94152e69-c62b-4fcd-bcef-7e1a893b1276/build]   |     java.net.BindException at ZestClientLaunchUnitTest.java:37
[94152e69-c62b-4fcd-bcef-7e1a893b1276/build]   |     java.lang.NullPointerException at ZestClientLaunchUnitTest.java:53
[94152e69-c62b-4fcd-bcef-7e1a893b1276/build]   | 
[94152e69-c62b-4fcd-bcef-7e1a893b1276/build]   | org.mozilla.zest.test.v1.ZestClientLaunchUnitTest > testSerialization FAILED
[94152e69-c62b-4fcd-bcef-7e1a893b1276/build]   |     java.net.BindException at ZestClientLaunchUnitTest.java:37
[94152e69-c62b-4fcd-bcef-7e1a893b1276/build]   |     java.lang.NullPointerException at ZestClientLaunchUnitTest.java:53
[94152e69-c62b-4fcd-bcef-7e1a893b1276/build]   | 
[94152e69-c62b-4fcd-bcef-7e1a893b1276/build]   | org.mozilla.zest.test.v1.ZestClientLaunchUnitTest > testHtmlUnitByClassLaunch FAILED
[94152e69-c62b-4fcd-bcef-7e1a893b1276/build]   |     java.net.BindException at ZestClientLaunchUnitTest.java:37
[94152e69-c62b-4fcd-bcef-7e1a893b1276/build]   |     java.lang.NullPointerException at ZestClientLaunchUnitTest.java:53
[94152e69-c62b-4fcd-bcef-7e1a893b1276/build]   | 
[94152e69-c62b-4fcd-bcef-7e1a893b1276/build]   | org.mozilla.zest.test.v1.ZestClientLaunchUnitTest > shouldUseArgsPassedInConstructorWithCapabilities FAILED
[94152e69-c62b-4fcd-bcef-7e1a893b1276/build]   |     java.net.BindException at ZestClientLaunchUnitTest.java:37
[94152e69-c62b-4fcd-bcef-7e1a893b1276/build]   |     java.lang.NullPointerException at ZestClientLaunchUnitTest.java:53
[94152e69-c62b-4fcd-bcef-7e1a893b1276/build]   | 
[94152e69-c62b-4fcd-bcef-7e1a893b1276/build]   | org.mozilla.zest.test.v1.ZestClientLaunchUnitTest > shouldUseArgsPassedInConstructor FAILED
[94152e69-c62b-4fcd-bcef-7e1a893b1276/build]   |     java.net.BindException at ZestClientLaunchUnitTest.java:37
[94152e69-c62b-4fcd-bcef-7e1a893b1276/build]   |     java.lang.NullPointerException at ZestClientLaunchUnitTest.java:53
[94152e69-c62b-4fcd-bcef-7e1a893b1276/build]   | 
[94152e69-c62b-4fcd-bcef-7e1a893b1276/build]   | org.mozilla.zest.test.v1.ZestLoopClientElementUnitTest > testSerialization FAILED
[94152e69-c62b-4fcd-bcef-7e1a893b1276/build]   |     java.net.BindException at ZestLoopClientElementUnitTest.java:50
[94152e69-c62b-4fcd-bcef-7e1a893b1276/build]   |     java.lang.NullPointerException at ZestLoopClientElementUnitTest.java:65
[94152e69-c62b-4fcd-bcef-7e1a893b1276/build]   | 
[94152e69-c62b-4fcd-bcef-7e1a893b1276/build]   | org.mozilla.zest.test.v1.ZestLoopClientElementUnitTest > testClientXpathLoopReturningName FAILED
[94152e69-c62b-4fcd-bcef-7e1a893b1276/build]   |     java.net.BindException at ZestLoopClientElementUnitTest.java:50
[94152e69-c62b-4fcd-bcef-7e1a893b1276/build]   |     java.lang.NullPointerException at ZestLoopClientElementUnitTest.java:65
[94152e69-c62b-4fcd-bcef-7e1a893b1276/build]   | 
[94152e69-c62b-4fcd-bcef-7e1a893b1276/build]   | org.mozilla.zest.test.v1.ZestLoopClientElementUnitTest > testClientXpathLoopReturningText FAILED
[94152e69-c62b-4fcd-bcef-7e1a893b1276/build]   |     java.net.BindException at ZestLoopClientElementUnitTest.java:50
[94152e69-c62b-4fcd-bcef-7e1a893b1276/build]   |     java.lang.NullPointerException at ZestLoopClientElementUnitTest.java:65
[94152e69-c62b-4fcd-bcef-7e1a893b1276/build]   | 
[94152e69-c62b-4fcd-bcef-7e1a893b1276/build]   | org.mozilla.zest.test.v1.ZestLoopClientElementUnitTest > testClientXpathLoopReturningType FAILED
[94152e69-c62b-4fcd-bcef-7e1a893b1276/build]   |     java.net.BindException at ZestLoopClientElementUnitTest.java:50
[94152e69-c62b-4fcd-bcef-7e1a893b1276/build]   |     java.lang.NullPointerException at ZestLoopClientElementUnitTest.java:65
[94152e69-c62b-4fcd-bcef-7e1a893b1276/build]   | 
[94152e69-c62b-4fcd-bcef-7e1a893b1276/build]   | 246 tests completed, 10 failed
[94152e69-c62b-4fcd-bcef-7e1a893b1276/build]   | :test FAILED
[94152e69-c62b-4fcd-bcef-7e1a893b1276/build]   | 
[94152e69-c62b-4fcd-bcef-7e1a893b1276/build]   | FAILURE: Build failed with an exception.
[94152e69-c62b-4fcd-bcef-7e1a893b1276/build]   | 
[94152e69-c62b-4fcd-bcef-7e1a893b1276/build]   | * What went wrong:
[94152e69-c62b-4fcd-bcef-7e1a893b1276/build]   | Execution failed for task ':test'.
[94152e69-c62b-4fcd-bcef-7e1a893b1276/build]   | > There were failing tests. See the report at: file:///tmp/ab77044c-23f0-44d2-a66d-191be28e9bc2/build/reports/tests/test/index.html
[94152e69-c62b-4fcd-bcef-7e1a893b1276/build]   | 
[94152e69-c62b-4fcd-bcef-7e1a893b1276/build]   | * Try:
[94152e69-c62b-4fcd-bcef-7e1a893b1276/build]   | Run with --stacktrace option to get the stack trace. Run with --info or --debug option to get more log output.
[94152e69-c62b-4fcd-bcef-7e1a893b1276/build]   | 
[94152e69-c62b-4fcd-bcef-7e1a893b1276/build]   | * Get more help at https://help.gradle.org
[94152e69-c62b-4fcd-bcef-7e1a893b1276/build]   | 
[94152e69-c62b-4fcd-bcef-7e1a893b1276/build]   | BUILD FAILED in 6s
[94152e69-c62b-4fcd-bcef-7e1a893b1276/build]   | 6 actionable tasks: 4 executed, 2 up-to-date
[94152e69-c62b-4fcd-bcef-7e1a893b1276/build]   âŒ  Failure - Main ./gradlew check
[94152e69-c62b-4fcd-bcef-7e1a893b1276/build] exitcode '1': failure
[94152e69-c62b-4fcd-bcef-7e1a893b1276/build] unable to get git ref: failed to identify reference (tag/branch) for the checked-out revision '11febaf99835a3de3ac3bf1fa4a2c38da4798841'
[94152e69-c62b-4fcd-bcef-7e1a893b1276/build] unable to get git ref: failed to identify reference (tag/branch) for the checked-out revision '11febaf99835a3de3ac3bf1fa4a2c38da4798841'
[94152e69-c62b-4fcd-bcef-7e1a893b1276/build] unable to get git ref: failed to identify reference (tag/branch) for the checked-out revision '11febaf99835a3de3ac3bf1fa4a2c38da4798841'
[94152e69-c62b-4fcd-bcef-7e1a893b1276/build] unable to get git ref: failed to identify reference (tag/branch) for the checked-out revision '11febaf99835a3de3ac3bf1fa4a2c38da4798841'
[94152e69-c62b-4fcd-bcef-7e1a893b1276/build] unable to get git ref: failed to identify reference (tag/branch) for the checked-out revision '11febaf99835a3de3ac3bf1fa4a2c38da4798841'
[94152e69-c62b-4fcd-bcef-7e1a893b1276/build] unable to get git ref: failed to identify reference (tag/branch) for the checked-out revision '11febaf99835a3de3ac3bf1fa4a2c38da4798841'
[94152e69-c62b-4fcd-bcef-7e1a893b1276/build] unable to get git ref: failed to identify reference (tag/branch) for the checked-out revision '11febaf99835a3de3ac3bf1fa4a2c38da4798841'
[94152e69-c62b-4fcd-bcef-7e1a893b1276/build] unable to get git ref: failed to identify reference (tag/branch) for the checked-out revision '11febaf99835a3de3ac3bf1fa4a2c38da4798841'
[94152e69-c62b-4fcd-bcef-7e1a893b1276/build] unable to get git ref: failed to identify reference (tag/branch) for the checked-out revision '11febaf99835a3de3ac3bf1fa4a2c38da4798841'
[94152e69-c62b-4fcd-bcef-7e1a893b1276/build] unable to get git ref: failed to identify reference (tag/branch) for the checked-out revision '11febaf99835a3de3ac3bf1fa4a2c38da4798841'
[94152e69-c62b-4fcd-bcef-7e1a893b1276/build] â­ Run Post actions/setup-java@v1
[94152e69-c62b-4fcd-bcef-7e1a893b1276/build]   ğŸ³  docker exec cmd=[node /var/run/act/actions/actions-setup-java@v1/dist/cleanup/index.js] user= workdir=
[94152e69-c62b-4fcd-bcef-7e1a893b1276/build]   âœ…  Success - Post actions/setup-java@v1
[94152e69-c62b-4fcd-bcef-7e1a893b1276/build] ğŸ  Job failed
[94152e69-c62b-4fcd-bcef-7e1a893b1276/build] unable to get git ref: failed to identify reference (tag/branch) for the checked-out revision '11febaf99835a3de3ac3bf1fa4a2c38da4798841'
