[3dbe165b-4f69-4e11-a8fa-572f5544906f/build] ğŸš€  Start image=gitbugactions:latest
[3dbe165b-4f69-4e11-a8fa-572f5544906f/build]   ğŸ³  docker pull image=gitbugactions:latest platform= username= forcePull=false
[3dbe165b-4f69-4e11-a8fa-572f5544906f/build]   ğŸ³  docker create image=gitbugactions:latest platform= entrypoint=["tail" "-f" "/dev/null"] cmd=[]
[3dbe165b-4f69-4e11-a8fa-572f5544906f/build]   ğŸ³  docker run image=gitbugactions:latest platform= entrypoint=["tail" "-f" "/dev/null"] cmd=[]
[3dbe165b-4f69-4e11-a8fa-572f5544906f/build]   ğŸ³  docker exec cmd=[chown -R 1012:1013 /tmp/4cf19643-7f3c-44c2-9da1-bca98e7c2696] user=0 workdir=
[3dbe165b-4f69-4e11-a8fa-572f5544906f/build] unable to get git ref: failed to identify reference (tag/branch) for the checked-out revision '6f59f756a7d3e86924e762919dbbe13940a6511f'
[3dbe165b-4f69-4e11-a8fa-572f5544906f/build] unable to get git ref: failed to identify reference (tag/branch) for the checked-out revision '6f59f756a7d3e86924e762919dbbe13940a6511f'
[3dbe165b-4f69-4e11-a8fa-572f5544906f/build] unable to get git ref: failed to identify reference (tag/branch) for the checked-out revision '6f59f756a7d3e86924e762919dbbe13940a6511f'
[3dbe165b-4f69-4e11-a8fa-572f5544906f/build] unable to get git ref: failed to identify reference (tag/branch) for the checked-out revision '6f59f756a7d3e86924e762919dbbe13940a6511f'
[3dbe165b-4f69-4e11-a8fa-572f5544906f/build] unable to get git ref: failed to identify reference (tag/branch) for the checked-out revision '6f59f756a7d3e86924e762919dbbe13940a6511f'
[3dbe165b-4f69-4e11-a8fa-572f5544906f/build] unable to get git ref: failed to identify reference (tag/branch) for the checked-out revision '6f59f756a7d3e86924e762919dbbe13940a6511f'
[3dbe165b-4f69-4e11-a8fa-572f5544906f/build] unable to get git ref: failed to identify reference (tag/branch) for the checked-out revision '6f59f756a7d3e86924e762919dbbe13940a6511f'
[3dbe165b-4f69-4e11-a8fa-572f5544906f/build] unable to get git ref: failed to identify reference (tag/branch) for the checked-out revision '6f59f756a7d3e86924e762919dbbe13940a6511f'
[3dbe165b-4f69-4e11-a8fa-572f5544906f/build] unable to get git ref: failed to identify reference (tag/branch) for the checked-out revision '6f59f756a7d3e86924e762919dbbe13940a6511f'
[3dbe165b-4f69-4e11-a8fa-572f5544906f/build] â­ Run Main actions/checkout@v3
[3dbe165b-4f69-4e11-a8fa-572f5544906f/build] unable to get git ref: failed to identify reference (tag/branch) for the checked-out revision '6f59f756a7d3e86924e762919dbbe13940a6511f'
[3dbe165b-4f69-4e11-a8fa-572f5544906f/build] unable to get git ref: failed to identify reference (tag/branch) for the checked-out revision '6f59f756a7d3e86924e762919dbbe13940a6511f'
[3dbe165b-4f69-4e11-a8fa-572f5544906f/build]   ğŸ³  docker cp src=/tmp/4cf19643-7f3c-44c2-9da1-bca98e7c2696/. dst=/tmp/4cf19643-7f3c-44c2-9da1-bca98e7c2696
[3dbe165b-4f69-4e11-a8fa-572f5544906f/build]   ğŸ³  docker exec cmd=[chown -R 1012:1013 /tmp/4cf19643-7f3c-44c2-9da1-bca98e7c2696] user=0 workdir=
[3dbe165b-4f69-4e11-a8fa-572f5544906f/build]   âœ…  Success - Main actions/checkout@v3
[3dbe165b-4f69-4e11-a8fa-572f5544906f/build] unable to get git ref: failed to identify reference (tag/branch) for the checked-out revision '6f59f756a7d3e86924e762919dbbe13940a6511f'
[3dbe165b-4f69-4e11-a8fa-572f5544906f/build] unable to get git ref: failed to identify reference (tag/branch) for the checked-out revision '6f59f756a7d3e86924e762919dbbe13940a6511f'
[3dbe165b-4f69-4e11-a8fa-572f5544906f/build] unable to get git ref: failed to identify reference (tag/branch) for the checked-out revision '6f59f756a7d3e86924e762919dbbe13940a6511f'
[3dbe165b-4f69-4e11-a8fa-572f5544906f/build] unable to get git ref: failed to identify reference (tag/branch) for the checked-out revision '6f59f756a7d3e86924e762919dbbe13940a6511f'
[3dbe165b-4f69-4e11-a8fa-572f5544906f/build] unable to get git ref: failed to identify reference (tag/branch) for the checked-out revision '6f59f756a7d3e86924e762919dbbe13940a6511f'
[3dbe165b-4f69-4e11-a8fa-572f5544906f/build] â­ Run Main actions/setup-java@v3
[3dbe165b-4f69-4e11-a8fa-572f5544906f/build] unable to get git ref: failed to identify reference (tag/branch) for the checked-out revision '6f59f756a7d3e86924e762919dbbe13940a6511f'
[3dbe165b-4f69-4e11-a8fa-572f5544906f/build] unable to get git ref: failed to identify reference (tag/branch) for the checked-out revision '6f59f756a7d3e86924e762919dbbe13940a6511f'
[3dbe165b-4f69-4e11-a8fa-572f5544906f/build] unable to get git ref: failed to identify reference (tag/branch) for the checked-out revision '6f59f756a7d3e86924e762919dbbe13940a6511f'
[3dbe165b-4f69-4e11-a8fa-572f5544906f/build]   ğŸ³  docker cp src=/tmp/act-cache/fbf6d1dd-6b80-4626-9633-dac92bd57da5/act/actions-setup-java@v3/ dst=/var/run/act/actions/actions-setup-java@v3/
[3dbe165b-4f69-4e11-a8fa-572f5544906f/build]   ğŸ³  docker exec cmd=[chown -R 1012:1013 /var/run/act/actions/actions-setup-java@v3/] user=0 workdir=
[3dbe165b-4f69-4e11-a8fa-572f5544906f/build]   ğŸ³  docker exec cmd=[node /var/run/act/actions/actions-setup-java@v3/dist/setup/index.js] user= workdir=
[3dbe165b-4f69-4e11-a8fa-572f5544906f/build]   â“  ::group::Installed distributions
[3dbe165b-4f69-4e11-a8fa-572f5544906f/build]   | Trying to resolve the latest version from remote
[3dbe165b-4f69-4e11-a8fa-572f5544906f/build]   ğŸ’¬  ::debug::Gathering available versions from 'https://api.azul.com/zulu/download/community/v1.0/bundles/?os=linux&ext=tar.gz&bundle_type=jdk&javafx=false&arch=x86&hw_bitness=64&release_status=ga'
[3dbe165b-4f69-4e11-a8fa-572f5544906f/build]   | Resolved latest version as 11.0.21+9
[3dbe165b-4f69-4e11-a8fa-572f5544906f/build]   | Trying to download...
[3dbe165b-4f69-4e11-a8fa-572f5544906f/build]   | Downloading Java 11.0.21+9 (Zulu) from https://cdn.azul.com/zulu/bin/zulu11.68.17-ca-jdk11.0.21-linux_x64.tar.gz ...
[3dbe165b-4f69-4e11-a8fa-572f5544906f/build]   ğŸ’¬  ::debug::Downloading https://cdn.azul.com/zulu/bin/zulu11.68.17-ca-jdk11.0.21-linux_x64.tar.gz
[3dbe165b-4f69-4e11-a8fa-572f5544906f/build]   ğŸ’¬  ::debug::Destination /tmp/ac580cf3-0318-4b67-b710-ed9326bb0bdc
[3dbe165b-4f69-4e11-a8fa-572f5544906f/build]   ğŸ’¬  ::debug::download complete
[3dbe165b-4f69-4e11-a8fa-572f5544906f/build]   | Extracting Java archive...
[3dbe165b-4f69-4e11-a8fa-572f5544906f/build]   ğŸ’¬  ::debug::Checking tar --version
[3dbe165b-4f69-4e11-a8fa-572f5544906f/build]   ğŸ’¬  ::debug::tar (GNU tar) 1.34%0ACopyright (C) 2021 Free Software Foundation, Inc.%0ALicense GPLv3+: GNU GPL version 3 or later <https://gnu.org/licenses/gpl.html>.%0AThis is free software: you are free to change and redistribute it.%0AThere is NO WARRANTY, to the extent permitted by law.%0A%0AWritten by John Gilmore and Jay Fenlason.
[3dbe165b-4f69-4e11-a8fa-572f5544906f/build]   | [command]/usr/bin/tar xz --warning=no-unknown-keyword -C /tmp/e235503b-9e00-46f5-b69c-d5826491a8d2 -f /tmp/ac580cf3-0318-4b67-b710-ed9326bb0bdc
[3dbe165b-4f69-4e11-a8fa-572f5544906f/build]   ğŸ’¬  ::debug::Caching tool Java_Zulu_jdk 11.0.21-9 x64
[3dbe165b-4f69-4e11-a8fa-572f5544906f/build]   ğŸ’¬  ::debug::source dir: /tmp/e235503b-9e00-46f5-b69c-d5826491a8d2/zulu11.68.17-ca-jdk11.0.21-linux_x64
[3dbe165b-4f69-4e11-a8fa-572f5544906f/build]   ğŸ’¬  ::debug::destination /opt/hostedtoolcache/Java_Zulu_jdk/11.0.21-9/x64
[3dbe165b-4f69-4e11-a8fa-572f5544906f/build]   ğŸ’¬  ::debug::finished caching tool
[3dbe165b-4f69-4e11-a8fa-572f5544906f/build]   | Java 11.0.21+9 was downloaded
[3dbe165b-4f69-4e11-a8fa-572f5544906f/build]   | Setting Java 11.0.21+9 as the default
[3dbe165b-4f69-4e11-a8fa-572f5544906f/build]   | Creating toolchains.xml for JDK version 11 from zulu
[3dbe165b-4f69-4e11-a8fa-572f5544906f/build]   | Writing to /home/runner/.m2/toolchains.xml
[3dbe165b-4f69-4e11-a8fa-572f5544906f/build]   | 
[3dbe165b-4f69-4e11-a8fa-572f5544906f/build]   | Java configuration:
[3dbe165b-4f69-4e11-a8fa-572f5544906f/build]   |   Distribution: zulu
[3dbe165b-4f69-4e11-a8fa-572f5544906f/build]   |   Version: 11.0.21+9
[3dbe165b-4f69-4e11-a8fa-572f5544906f/build]   |   Path: /opt/hostedtoolcache/Java_Zulu_jdk/11.0.21-9/x64
[3dbe165b-4f69-4e11-a8fa-572f5544906f/build]   | 
[3dbe165b-4f69-4e11-a8fa-572f5544906f/build]   â“  ::endgroup::
[3dbe165b-4f69-4e11-a8fa-572f5544906f/build]   â“ add-matcher /run/act/actions/actions-setup-java@v3/.github/java.json
[3dbe165b-4f69-4e11-a8fa-572f5544906f/build]   | Creating settings.xml with server-id: github
[3dbe165b-4f69-4e11-a8fa-572f5544906f/build]   | Writing to /home/runner/.m2/settings.xml
[3dbe165b-4f69-4e11-a8fa-572f5544906f/build]   âœ…  Success - Main actions/setup-java@v3
[3dbe165b-4f69-4e11-a8fa-572f5544906f/build]   âš™  ::set-env:: JAVA_HOME=/opt/hostedtoolcache/Java_Zulu_jdk/11.0.21-9/x64
[3dbe165b-4f69-4e11-a8fa-572f5544906f/build]   âš™  ::set-env:: JAVA_HOME_11_X64=/opt/hostedtoolcache/Java_Zulu_jdk/11.0.21-9/x64
[3dbe165b-4f69-4e11-a8fa-572f5544906f/build]   âš™  ::set-output:: version=11.0.21+9
[3dbe165b-4f69-4e11-a8fa-572f5544906f/build]   âš™  ::set-output:: distribution=Zulu
[3dbe165b-4f69-4e11-a8fa-572f5544906f/build]   âš™  ::set-output:: path=/opt/hostedtoolcache/Java_Zulu_jdk/11.0.21-9/x64
[3dbe165b-4f69-4e11-a8fa-572f5544906f/build]   âš™  ::add-path:: /opt/hostedtoolcache/Java_Zulu_jdk/11.0.21-9/x64/bin
[3dbe165b-4f69-4e11-a8fa-572f5544906f/build] unable to get git ref: failed to identify reference (tag/branch) for the checked-out revision '6f59f756a7d3e86924e762919dbbe13940a6511f'
[3dbe165b-4f69-4e11-a8fa-572f5544906f/build] unable to get git ref: failed to identify reference (tag/branch) for the checked-out revision '6f59f756a7d3e86924e762919dbbe13940a6511f'
[3dbe165b-4f69-4e11-a8fa-572f5544906f/build] unable to get git ref: failed to identify reference (tag/branch) for the checked-out revision '6f59f756a7d3e86924e762919dbbe13940a6511f'
[3dbe165b-4f69-4e11-a8fa-572f5544906f/build] unable to get git ref: failed to identify reference (tag/branch) for the checked-out revision '6f59f756a7d3e86924e762919dbbe13940a6511f'
[3dbe165b-4f69-4e11-a8fa-572f5544906f/build] unable to get git ref: failed to identify reference (tag/branch) for the checked-out revision '6f59f756a7d3e86924e762919dbbe13940a6511f'
[3dbe165b-4f69-4e11-a8fa-572f5544906f/build] â­ Run Main ./gradlew build --no-daemon --warning-mode=fail
[3dbe165b-4f69-4e11-a8fa-572f5544906f/build] unable to get git ref: failed to identify reference (tag/branch) for the checked-out revision '6f59f756a7d3e86924e762919dbbe13940a6511f'
[3dbe165b-4f69-4e11-a8fa-572f5544906f/build] unable to get git ref: failed to identify reference (tag/branch) for the checked-out revision '6f59f756a7d3e86924e762919dbbe13940a6511f'
[3dbe165b-4f69-4e11-a8fa-572f5544906f/build] unable to get git ref: failed to identify reference (tag/branch) for the checked-out revision '6f59f756a7d3e86924e762919dbbe13940a6511f'
[3dbe165b-4f69-4e11-a8fa-572f5544906f/build] unable to get git ref: failed to identify reference (tag/branch) for the checked-out revision '6f59f756a7d3e86924e762919dbbe13940a6511f'
[3dbe165b-4f69-4e11-a8fa-572f5544906f/build]   ğŸ³  docker exec cmd=[bash --noprofile --norc -e -o pipefail /var/run/act/workflow/2] user= workdir=
[3dbe165b-4f69-4e11-a8fa-572f5544906f/build]   | Downloading https://services.gradle.org/distributions/gradle-7.5.1-bin.zip
[3dbe165b-4f69-4e11-a8fa-572f5544906f/build]   | ...........10%............20%...........30%............40%...........50%............60%...........70%............80%...........90%............100%
[3dbe165b-4f69-4e11-a8fa-572f5544906f/build]   | 
[3dbe165b-4f69-4e11-a8fa-572f5544906f/build]   | Welcome to Gradle 7.5.1!
[3dbe165b-4f69-4e11-a8fa-572f5544906f/build]   | 
[3dbe165b-4f69-4e11-a8fa-572f5544906f/build]   | Here are the highlights of this release:
[3dbe165b-4f69-4e11-a8fa-572f5544906f/build]   |  - Support for Java 18
[3dbe165b-4f69-4e11-a8fa-572f5544906f/build]   |  - Support for building with Groovy 4
[3dbe165b-4f69-4e11-a8fa-572f5544906f/build]   |  - Much more responsive continuous builds
[3dbe165b-4f69-4e11-a8fa-572f5544906f/build]   |  - Improved diagnostics for dependency resolution
[3dbe165b-4f69-4e11-a8fa-572f5544906f/build]   | 
[3dbe165b-4f69-4e11-a8fa-572f5544906f/build]   | For more details see https://docs.gradle.org/7.5.1/release-notes.html
[3dbe165b-4f69-4e11-a8fa-572f5544906f/build]   | 
[3dbe165b-4f69-4e11-a8fa-572f5544906f/build]   | To honour the JVM settings for this build a single-use Daemon process will be forked. See https://docs.gradle.org/7.5.1/userguide/gradle_daemon.html#sec:disabling_the_daemon.
[3dbe165b-4f69-4e11-a8fa-572f5544906f/build]   | Daemon will be stopped at the end of the build 
[3dbe165b-4f69-4e11-a8fa-572f5544906f/build]   | 
[3dbe165b-4f69-4e11-a8fa-572f5544906f/build]   | > Configure project :
[3dbe165b-4f69-4e11-a8fa-572f5544906f/build]   | Kordamp Enforcer Gradle plugin 0.13.0. Consider becoming a patron at https://www.patreon.com/aalmiray
[3dbe165b-4f69-4e11-a8fa-572f5544906f/build]   | 
[3dbe165b-4f69-4e11-a8fa-572f5544906f/build]   | > Task :copyDependencies
[3dbe165b-4f69-4e11-a8fa-572f5544906f/build]   | > Task :extractIncludeProto
[3dbe165b-4f69-4e11-a8fa-572f5544906f/build]   | > Task :extractProto
[3dbe165b-4f69-4e11-a8fa-572f5544906f/build]   | > Task :generateProto
[3dbe165b-4f69-4e11-a8fa-572f5544906f/build]   | > Task :compileJava
[3dbe165b-4f69-4e11-a8fa-572f5544906f/build]   | Note: Some input files use or override a deprecated API.
[3dbe165b-4f69-4e11-a8fa-572f5544906f/build]   | Note: Recompile with -Xlint:deprecation for details.
[3dbe165b-4f69-4e11-a8fa-572f5544906f/build]   | Note: Some input files use unchecked or unsafe operations.
[3dbe165b-4f69-4e11-a8fa-572f5544906f/build]   | Note: Recompile with -Xlint:unchecked for details.
[3dbe165b-4f69-4e11-a8fa-572f5544906f/build]   | 
[3dbe165b-4f69-4e11-a8fa-572f5544906f/build]   | > Task :processResources
[3dbe165b-4f69-4e11-a8fa-572f5544906f/build]   | > Task :classes
[3dbe165b-4f69-4e11-a8fa-572f5544906f/build]   | > Task :jar
[3dbe165b-4f69-4e11-a8fa-572f5544906f/build]   | > Task :assemble
[3dbe165b-4f69-4e11-a8fa-572f5544906f/build]   | > Task :extractIncludeTestProto
[3dbe165b-4f69-4e11-a8fa-572f5544906f/build]   | > Task :extractTestProto
[3dbe165b-4f69-4e11-a8fa-572f5544906f/build]   | > Task :generateTestProto NO-SOURCE
[3dbe165b-4f69-4e11-a8fa-572f5544906f/build]   | 
[3dbe165b-4f69-4e11-a8fa-572f5544906f/build]   | > Task :compileTestJava
[3dbe165b-4f69-4e11-a8fa-572f5544906f/build]   | Note: Some input files use or override a deprecated API.
[3dbe165b-4f69-4e11-a8fa-572f5544906f/build]   | Note: Recompile with -Xlint:deprecation for details.
[3dbe165b-4f69-4e11-a8fa-572f5544906f/build]   | 
[3dbe165b-4f69-4e11-a8fa-572f5544906f/build]   | > Task :processTestResources NO-SOURCE
[3dbe165b-4f69-4e11-a8fa-572f5544906f/build]   | > Task :testClasses
[3dbe165b-4f69-4e11-a8fa-572f5544906f/build]   | > Task :checkstyleTest SKIPPED
[3dbe165b-4f69-4e11-a8fa-572f5544906f/build]   | > Task :checkstyleMain
[3dbe165b-4f69-4e11-a8fa-572f5544906f/build]   | 
[3dbe165b-4f69-4e11-a8fa-572f5544906f/build]   | > Task :test FAILED
[3dbe165b-4f69-4e11-a8fa-572f5544906f/build]   | 
[3dbe165b-4f69-4e11-a8fa-572f5544906f/build]   | HuabaoProtocolDecoderTest > testDecode() FAILED
[3dbe165b-4f69-4e11-a8fa-572f5544906f/build]   |     org.opentest4j.AssertionFailedError at HuabaoProtocolDecoderTest.java:14
[3dbe165b-4f69-4e11-a8fa-572f5544906f/build]   | 
[3dbe165b-4f69-4e11-a8fa-572f5544906f/build]   | 502 tests completed, 1 failed, 23 skipped
[3dbe165b-4f69-4e11-a8fa-572f5544906f/build]   | 
[3dbe165b-4f69-4e11-a8fa-572f5544906f/build]   | FAILURE: Build failed with an exception.
[3dbe165b-4f69-4e11-a8fa-572f5544906f/build]   | 
[3dbe165b-4f69-4e11-a8fa-572f5544906f/build]   | * What went wrong:
[3dbe165b-4f69-4e11-a8fa-572f5544906f/build]   | Execution failed for task ':test'.
[3dbe165b-4f69-4e11-a8fa-572f5544906f/build]   | > There were failing tests. See the report at: file:///tmp/4cf19643-7f3c-44c2-9da1-bca98e7c2696/build/reports/tests/test/index.html
[3dbe165b-4f69-4e11-a8fa-572f5544906f/build]   | 
[3dbe165b-4f69-4e11-a8fa-572f5544906f/build]   | * Try:
[3dbe165b-4f69-4e11-a8fa-572f5544906f/build]   | > Run with --stacktrace option to get the stack trace.
[3dbe165b-4f69-4e11-a8fa-572f5544906f/build]   | > Run with --info or --debug option to get more log output.
[3dbe165b-4f69-4e11-a8fa-572f5544906f/build]   | > Run with --scan to get full insights.
[3dbe165b-4f69-4e11-a8fa-572f5544906f/build]   | 
[3dbe165b-4f69-4e11-a8fa-572f5544906f/build]   | * Get more help at https://help.gradle.org
[3dbe165b-4f69-4e11-a8fa-572f5544906f/build]   | 
[3dbe165b-4f69-4e11-a8fa-572f5544906f/build]   | BUILD FAILED in 3m 7s
[3dbe165b-4f69-4e11-a8fa-572f5544906f/build]   | 12 actionable tasks: 12 executed
[3dbe165b-4f69-4e11-a8fa-572f5544906f/build]   âŒ  Failure - Main ./gradlew build --no-daemon --warning-mode=fail
[3dbe165b-4f69-4e11-a8fa-572f5544906f/build] exitcode '1': failure
[3dbe165b-4f69-4e11-a8fa-572f5544906f/build] unable to get git ref: failed to identify reference (tag/branch) for the checked-out revision '6f59f756a7d3e86924e762919dbbe13940a6511f'
[3dbe165b-4f69-4e11-a8fa-572f5544906f/build] unable to get git ref: failed to identify reference (tag/branch) for the checked-out revision '6f59f756a7d3e86924e762919dbbe13940a6511f'
[3dbe165b-4f69-4e11-a8fa-572f5544906f/build] unable to get git ref: failed to identify reference (tag/branch) for the checked-out revision '6f59f756a7d3e86924e762919dbbe13940a6511f'
[3dbe165b-4f69-4e11-a8fa-572f5544906f/build] unable to get git ref: failed to identify reference (tag/branch) for the checked-out revision '6f59f756a7d3e86924e762919dbbe13940a6511f'
[3dbe165b-4f69-4e11-a8fa-572f5544906f/build] unable to get git ref: failed to identify reference (tag/branch) for the checked-out revision '6f59f756a7d3e86924e762919dbbe13940a6511f'
[3dbe165b-4f69-4e11-a8fa-572f5544906f/build] â­ Run Post actions/setup-java@v3
[3dbe165b-4f69-4e11-a8fa-572f5544906f/build]   ğŸ³  docker exec cmd=[node /var/run/act/actions/actions-setup-java@v3/dist/cleanup/index.js] user= workdir=
[3dbe165b-4f69-4e11-a8fa-572f5544906f/build]   âœ…  Success - Post actions/setup-java@v3
[3dbe165b-4f69-4e11-a8fa-572f5544906f/build] ğŸ  Job failed
[3dbe165b-4f69-4e11-a8fa-572f5544906f/build] unable to get git ref: failed to identify reference (tag/branch) for the checked-out revision '6f59f756a7d3e86924e762919dbbe13940a6511f'
