[9f579916-c8e3-478b-a0af-79738a99823c/build] ğŸš€  Start image=gitbugactions:latest
[9f579916-c8e3-478b-a0af-79738a99823c/build]   ğŸ³  docker pull image=gitbugactions:latest platform= username= forcePull=false
[9f579916-c8e3-478b-a0af-79738a99823c/build]   ğŸ³  docker create image=gitbugactions:latest platform= entrypoint=["tail" "-f" "/dev/null"] cmd=[]
[9f579916-c8e3-478b-a0af-79738a99823c/build]   ğŸ³  docker run image=gitbugactions:latest platform= entrypoint=["tail" "-f" "/dev/null"] cmd=[]
[9f579916-c8e3-478b-a0af-79738a99823c/build]   ğŸ³  docker exec cmd=[chown -R 1012:1013 /tmp/7c200d70-7281-4ca8-974b-e72684f8a9f8] user=0 workdir=
[9f579916-c8e3-478b-a0af-79738a99823c/build] unable to get git ref: failed to identify reference (tag/branch) for the checked-out revision '9a427527da45e599a1082f1f2836d195ea26acb5'
[9f579916-c8e3-478b-a0af-79738a99823c/build] unable to get git ref: failed to identify reference (tag/branch) for the checked-out revision '9a427527da45e599a1082f1f2836d195ea26acb5'
[9f579916-c8e3-478b-a0af-79738a99823c/build] unable to get git ref: failed to identify reference (tag/branch) for the checked-out revision '9a427527da45e599a1082f1f2836d195ea26acb5'
[9f579916-c8e3-478b-a0af-79738a99823c/build] unable to get git ref: failed to identify reference (tag/branch) for the checked-out revision '9a427527da45e599a1082f1f2836d195ea26acb5'
[9f579916-c8e3-478b-a0af-79738a99823c/build] unable to get git ref: failed to identify reference (tag/branch) for the checked-out revision '9a427527da45e599a1082f1f2836d195ea26acb5'
[9f579916-c8e3-478b-a0af-79738a99823c/build] unable to get git ref: failed to identify reference (tag/branch) for the checked-out revision '9a427527da45e599a1082f1f2836d195ea26acb5'
[9f579916-c8e3-478b-a0af-79738a99823c/build] unable to get git ref: failed to identify reference (tag/branch) for the checked-out revision '9a427527da45e599a1082f1f2836d195ea26acb5'
[9f579916-c8e3-478b-a0af-79738a99823c/build] unable to get git ref: failed to identify reference (tag/branch) for the checked-out revision '9a427527da45e599a1082f1f2836d195ea26acb5'
[9f579916-c8e3-478b-a0af-79738a99823c/build] unable to get git ref: failed to identify reference (tag/branch) for the checked-out revision '9a427527da45e599a1082f1f2836d195ea26acb5'
[9f579916-c8e3-478b-a0af-79738a99823c/build] â­ Run Main actions/checkout@v3
[9f579916-c8e3-478b-a0af-79738a99823c/build] unable to get git ref: failed to identify reference (tag/branch) for the checked-out revision '9a427527da45e599a1082f1f2836d195ea26acb5'
[9f579916-c8e3-478b-a0af-79738a99823c/build] unable to get git ref: failed to identify reference (tag/branch) for the checked-out revision '9a427527da45e599a1082f1f2836d195ea26acb5'
[9f579916-c8e3-478b-a0af-79738a99823c/build]   ğŸ³  docker cp src=/tmp/7c200d70-7281-4ca8-974b-e72684f8a9f8/. dst=/tmp/7c200d70-7281-4ca8-974b-e72684f8a9f8
[9f579916-c8e3-478b-a0af-79738a99823c/build]   ğŸ³  docker exec cmd=[chown -R 1012:1013 /tmp/7c200d70-7281-4ca8-974b-e72684f8a9f8] user=0 workdir=
[9f579916-c8e3-478b-a0af-79738a99823c/build]   âœ…  Success - Main actions/checkout@v3
[9f579916-c8e3-478b-a0af-79738a99823c/build] unable to get git ref: failed to identify reference (tag/branch) for the checked-out revision '9a427527da45e599a1082f1f2836d195ea26acb5'
[9f579916-c8e3-478b-a0af-79738a99823c/build] unable to get git ref: failed to identify reference (tag/branch) for the checked-out revision '9a427527da45e599a1082f1f2836d195ea26acb5'
[9f579916-c8e3-478b-a0af-79738a99823c/build] unable to get git ref: failed to identify reference (tag/branch) for the checked-out revision '9a427527da45e599a1082f1f2836d195ea26acb5'
[9f579916-c8e3-478b-a0af-79738a99823c/build] unable to get git ref: failed to identify reference (tag/branch) for the checked-out revision '9a427527da45e599a1082f1f2836d195ea26acb5'
[9f579916-c8e3-478b-a0af-79738a99823c/build] unable to get git ref: failed to identify reference (tag/branch) for the checked-out revision '9a427527da45e599a1082f1f2836d195ea26acb5'
[9f579916-c8e3-478b-a0af-79738a99823c/build] â­ Run Main actions/setup-java@v3
[9f579916-c8e3-478b-a0af-79738a99823c/build] unable to get git ref: failed to identify reference (tag/branch) for the checked-out revision '9a427527da45e599a1082f1f2836d195ea26acb5'
[9f579916-c8e3-478b-a0af-79738a99823c/build] unable to get git ref: failed to identify reference (tag/branch) for the checked-out revision '9a427527da45e599a1082f1f2836d195ea26acb5'
[9f579916-c8e3-478b-a0af-79738a99823c/build] unable to get git ref: failed to identify reference (tag/branch) for the checked-out revision '9a427527da45e599a1082f1f2836d195ea26acb5'
[9f579916-c8e3-478b-a0af-79738a99823c/build]   ğŸ³  docker cp src=/tmp/act-cache/e4b04cf7-4a55-49de-a912-145f3d16b8ca/act/actions-setup-java@v3/ dst=/var/run/act/actions/actions-setup-java@v3/
[9f579916-c8e3-478b-a0af-79738a99823c/build]   ğŸ³  docker exec cmd=[chown -R 1012:1013 /var/run/act/actions/actions-setup-java@v3/] user=0 workdir=
[9f579916-c8e3-478b-a0af-79738a99823c/build]   ğŸ³  docker exec cmd=[node /var/run/act/actions/actions-setup-java@v3/dist/setup/index.js] user= workdir=
[9f579916-c8e3-478b-a0af-79738a99823c/build]   â“  ::group::Installed distributions
[9f579916-c8e3-478b-a0af-79738a99823c/build]   | Trying to resolve the latest version from remote
[9f579916-c8e3-478b-a0af-79738a99823c/build]   ğŸ’¬  ::debug::Gathering available versions from 'https://api.azul.com/zulu/download/community/v1.0/bundles/?os=linux&ext=tar.gz&bundle_type=jdk&javafx=false&arch=x86&hw_bitness=64&release_status=ga'
[9f579916-c8e3-478b-a0af-79738a99823c/build]   | Resolved latest version as 11.0.21+9
[9f579916-c8e3-478b-a0af-79738a99823c/build]   | Trying to download...
[9f579916-c8e3-478b-a0af-79738a99823c/build]   | Downloading Java 11.0.21+9 (Zulu) from https://cdn.azul.com/zulu/bin/zulu11.68.17-ca-jdk11.0.21-linux_x64.tar.gz ...
[9f579916-c8e3-478b-a0af-79738a99823c/build]   ğŸ’¬  ::debug::Downloading https://cdn.azul.com/zulu/bin/zulu11.68.17-ca-jdk11.0.21-linux_x64.tar.gz
[9f579916-c8e3-478b-a0af-79738a99823c/build]   ğŸ’¬  ::debug::Destination /tmp/dcb3860e-c66e-4cf8-9c14-05080b9a30d9
[9f579916-c8e3-478b-a0af-79738a99823c/build]   ğŸ’¬  ::debug::download complete
[9f579916-c8e3-478b-a0af-79738a99823c/build]   | Extracting Java archive...
[9f579916-c8e3-478b-a0af-79738a99823c/build]   ğŸ’¬  ::debug::Checking tar --version
[9f579916-c8e3-478b-a0af-79738a99823c/build]   ğŸ’¬  ::debug::tar (GNU tar) 1.34%0ACopyright (C) 2021 Free Software Foundation, Inc.%0ALicense GPLv3+: GNU GPL version 3 or later <https://gnu.org/licenses/gpl.html>.%0AThis is free software: you are free to change and redistribute it.%0AThere is NO WARRANTY, to the extent permitted by law.%0A%0AWritten by John Gilmore and Jay Fenlason.
[9f579916-c8e3-478b-a0af-79738a99823c/build]   | [command]/usr/bin/tar xz --warning=no-unknown-keyword -C /tmp/2d10c794-4a19-4a0a-85ab-4c1ba2173ddb -f /tmp/dcb3860e-c66e-4cf8-9c14-05080b9a30d9
[9f579916-c8e3-478b-a0af-79738a99823c/build]   ğŸ’¬  ::debug::Caching tool Java_Zulu_jdk 11.0.21-9 x64
[9f579916-c8e3-478b-a0af-79738a99823c/build]   ğŸ’¬  ::debug::source dir: /tmp/2d10c794-4a19-4a0a-85ab-4c1ba2173ddb/zulu11.68.17-ca-jdk11.0.21-linux_x64
[9f579916-c8e3-478b-a0af-79738a99823c/build]   ğŸ’¬  ::debug::destination /opt/hostedtoolcache/Java_Zulu_jdk/11.0.21-9/x64
[9f579916-c8e3-478b-a0af-79738a99823c/build]   ğŸ’¬  ::debug::finished caching tool
[9f579916-c8e3-478b-a0af-79738a99823c/build]   | Java 11.0.21+9 was downloaded
[9f579916-c8e3-478b-a0af-79738a99823c/build]   | Setting Java 11.0.21+9 as the default
[9f579916-c8e3-478b-a0af-79738a99823c/build]   | Creating toolchains.xml for JDK version 11 from zulu
[9f579916-c8e3-478b-a0af-79738a99823c/build]   | Writing to /home/runner/.m2/toolchains.xml
[9f579916-c8e3-478b-a0af-79738a99823c/build]   | 
[9f579916-c8e3-478b-a0af-79738a99823c/build]   | Java configuration:
[9f579916-c8e3-478b-a0af-79738a99823c/build]   |   Distribution: zulu
[9f579916-c8e3-478b-a0af-79738a99823c/build]   |   Version: 11.0.21+9
[9f579916-c8e3-478b-a0af-79738a99823c/build]   |   Path: /opt/hostedtoolcache/Java_Zulu_jdk/11.0.21-9/x64
[9f579916-c8e3-478b-a0af-79738a99823c/build]   | 
[9f579916-c8e3-478b-a0af-79738a99823c/build]   â“  ::endgroup::
[9f579916-c8e3-478b-a0af-79738a99823c/build]   â“ add-matcher /run/act/actions/actions-setup-java@v3/.github/java.json
[9f579916-c8e3-478b-a0af-79738a99823c/build]   | Creating settings.xml with server-id: github
[9f579916-c8e3-478b-a0af-79738a99823c/build]   | Writing to /home/runner/.m2/settings.xml
[9f579916-c8e3-478b-a0af-79738a99823c/build]   âœ…  Success - Main actions/setup-java@v3
[9f579916-c8e3-478b-a0af-79738a99823c/build]   âš™  ::set-env:: JAVA_HOME=/opt/hostedtoolcache/Java_Zulu_jdk/11.0.21-9/x64
[9f579916-c8e3-478b-a0af-79738a99823c/build]   âš™  ::set-env:: JAVA_HOME_11_X64=/opt/hostedtoolcache/Java_Zulu_jdk/11.0.21-9/x64
[9f579916-c8e3-478b-a0af-79738a99823c/build]   âš™  ::set-output:: distribution=Zulu
[9f579916-c8e3-478b-a0af-79738a99823c/build]   âš™  ::set-output:: path=/opt/hostedtoolcache/Java_Zulu_jdk/11.0.21-9/x64
[9f579916-c8e3-478b-a0af-79738a99823c/build]   âš™  ::set-output:: version=11.0.21+9
[9f579916-c8e3-478b-a0af-79738a99823c/build]   âš™  ::add-path:: /opt/hostedtoolcache/Java_Zulu_jdk/11.0.21-9/x64/bin
[9f579916-c8e3-478b-a0af-79738a99823c/build] unable to get git ref: failed to identify reference (tag/branch) for the checked-out revision '9a427527da45e599a1082f1f2836d195ea26acb5'
[9f579916-c8e3-478b-a0af-79738a99823c/build] unable to get git ref: failed to identify reference (tag/branch) for the checked-out revision '9a427527da45e599a1082f1f2836d195ea26acb5'
[9f579916-c8e3-478b-a0af-79738a99823c/build] unable to get git ref: failed to identify reference (tag/branch) for the checked-out revision '9a427527da45e599a1082f1f2836d195ea26acb5'
[9f579916-c8e3-478b-a0af-79738a99823c/build] unable to get git ref: failed to identify reference (tag/branch) for the checked-out revision '9a427527da45e599a1082f1f2836d195ea26acb5'
[9f579916-c8e3-478b-a0af-79738a99823c/build] unable to get git ref: failed to identify reference (tag/branch) for the checked-out revision '9a427527da45e599a1082f1f2836d195ea26acb5'
[9f579916-c8e3-478b-a0af-79738a99823c/build] â­ Run Main ./gradlew build --no-daemon --warning-mode=fail
[9f579916-c8e3-478b-a0af-79738a99823c/build] unable to get git ref: failed to identify reference (tag/branch) for the checked-out revision '9a427527da45e599a1082f1f2836d195ea26acb5'
[9f579916-c8e3-478b-a0af-79738a99823c/build] unable to get git ref: failed to identify reference (tag/branch) for the checked-out revision '9a427527da45e599a1082f1f2836d195ea26acb5'
[9f579916-c8e3-478b-a0af-79738a99823c/build] unable to get git ref: failed to identify reference (tag/branch) for the checked-out revision '9a427527da45e599a1082f1f2836d195ea26acb5'
[9f579916-c8e3-478b-a0af-79738a99823c/build] unable to get git ref: failed to identify reference (tag/branch) for the checked-out revision '9a427527da45e599a1082f1f2836d195ea26acb5'
[9f579916-c8e3-478b-a0af-79738a99823c/build]   ğŸ³  docker exec cmd=[bash --noprofile --norc -e -o pipefail /var/run/act/workflow/2] user= workdir=
[9f579916-c8e3-478b-a0af-79738a99823c/build]   | Downloading https://services.gradle.org/distributions/gradle-7.5.1-bin.zip
[9f579916-c8e3-478b-a0af-79738a99823c/build]   | ...........10%............20%...........30%............40%...........50%............60%...........70%............80%...........90%............100%
[9f579916-c8e3-478b-a0af-79738a99823c/build]   | 
[9f579916-c8e3-478b-a0af-79738a99823c/build]   | Welcome to Gradle 7.5.1!
[9f579916-c8e3-478b-a0af-79738a99823c/build]   | 
[9f579916-c8e3-478b-a0af-79738a99823c/build]   | Here are the highlights of this release:
[9f579916-c8e3-478b-a0af-79738a99823c/build]   |  - Support for Java 18
[9f579916-c8e3-478b-a0af-79738a99823c/build]   |  - Support for building with Groovy 4
[9f579916-c8e3-478b-a0af-79738a99823c/build]   |  - Much more responsive continuous builds
[9f579916-c8e3-478b-a0af-79738a99823c/build]   |  - Improved diagnostics for dependency resolution
[9f579916-c8e3-478b-a0af-79738a99823c/build]   | 
[9f579916-c8e3-478b-a0af-79738a99823c/build]   | For more details see https://docs.gradle.org/7.5.1/release-notes.html
[9f579916-c8e3-478b-a0af-79738a99823c/build]   | 
[9f579916-c8e3-478b-a0af-79738a99823c/build]   | To honour the JVM settings for this build a single-use Daemon process will be forked. See https://docs.gradle.org/7.5.1/userguide/gradle_daemon.html#sec:disabling_the_daemon.
[9f579916-c8e3-478b-a0af-79738a99823c/build]   | Daemon will be stopped at the end of the build 
[9f579916-c8e3-478b-a0af-79738a99823c/build]   | 
[9f579916-c8e3-478b-a0af-79738a99823c/build]   | > Configure project :
[9f579916-c8e3-478b-a0af-79738a99823c/build]   | Kordamp Enforcer Gradle plugin 0.10.0. Consider becoming a patron at https://www.patreon.com/aalmiray
[9f579916-c8e3-478b-a0af-79738a99823c/build]   | 
[9f579916-c8e3-478b-a0af-79738a99823c/build]   | > Task :copyDependencies
[9f579916-c8e3-478b-a0af-79738a99823c/build]   | > Task :extractIncludeProto
[9f579916-c8e3-478b-a0af-79738a99823c/build]   | > Task :extractProto
[9f579916-c8e3-478b-a0af-79738a99823c/build]   | > Task :generateProto
[9f579916-c8e3-478b-a0af-79738a99823c/build]   | 
[9f579916-c8e3-478b-a0af-79738a99823c/build]   | > Task :compileJava
[9f579916-c8e3-478b-a0af-79738a99823c/build]   | Note: Some input files use or override a deprecated API.
[9f579916-c8e3-478b-a0af-79738a99823c/build]   | Note: Recompile with -Xlint:deprecation for details.
[9f579916-c8e3-478b-a0af-79738a99823c/build]   | Note: Some input files use unchecked or unsafe operations.
[9f579916-c8e3-478b-a0af-79738a99823c/build]   | Note: Recompile with -Xlint:unchecked for details.
[9f579916-c8e3-478b-a0af-79738a99823c/build]   | 
[9f579916-c8e3-478b-a0af-79738a99823c/build]   | > Task :processResources
[9f579916-c8e3-478b-a0af-79738a99823c/build]   | > Task :classes
[9f579916-c8e3-478b-a0af-79738a99823c/build]   | > Task :jar
[9f579916-c8e3-478b-a0af-79738a99823c/build]   | > Task :assemble
[9f579916-c8e3-478b-a0af-79738a99823c/build]   | > Task :extractIncludeTestProto
[9f579916-c8e3-478b-a0af-79738a99823c/build]   | > Task :extractTestProto
[9f579916-c8e3-478b-a0af-79738a99823c/build]   | > Task :generateTestProto NO-SOURCE
[9f579916-c8e3-478b-a0af-79738a99823c/build]   | Note: Some input files use or override a deprecated API.
[9f579916-c8e3-478b-a0af-79738a99823c/build]   | Note: Recompile with -Xlint:deprecation for details.
[9f579916-c8e3-478b-a0af-79738a99823c/build]   | 
[9f579916-c8e3-478b-a0af-79738a99823c/build]   | > Task :compileTestJava
[9f579916-c8e3-478b-a0af-79738a99823c/build]   | 
[9f579916-c8e3-478b-a0af-79738a99823c/build]   | > Task :processTestResources NO-SOURCE
[9f579916-c8e3-478b-a0af-79738a99823c/build]   | > Task :testClasses
[9f579916-c8e3-478b-a0af-79738a99823c/build]   | > Task :checkstyleTest SKIPPED
[9f579916-c8e3-478b-a0af-79738a99823c/build]   | 
[9f579916-c8e3-478b-a0af-79738a99823c/build]   | > Task :test
[9f579916-c8e3-478b-a0af-79738a99823c/build]   | 
[9f579916-c8e3-478b-a0af-79738a99823c/build]   | Minifinder2ProtocolEncoderTest > testEncodeNano() FAILED
[9f579916-c8e3-478b-a0af-79738a99823c/build]   |     org.opentest4j.AssertionFailedError at Minifinder2ProtocolEncoderTest.java:25
[9f579916-c8e3-478b-a0af-79738a99823c/build]   | 
[9f579916-c8e3-478b-a0af-79738a99823c/build]   | 496 tests completed, 1 failed, 23 skipped
[9f579916-c8e3-478b-a0af-79738a99823c/build]   | 
[9f579916-c8e3-478b-a0af-79738a99823c/build]   | > Task :test FAILED
[9f579916-c8e3-478b-a0af-79738a99823c/build]   | > Task :checkstyleMain
[9f579916-c8e3-478b-a0af-79738a99823c/build]   | 12 actionable tasks: 12 executed
[9f579916-c8e3-478b-a0af-79738a99823c/build]   | 
[9f579916-c8e3-478b-a0af-79738a99823c/build]   | FAILURE: Build failed with an exception.
[9f579916-c8e3-478b-a0af-79738a99823c/build]   | 
[9f579916-c8e3-478b-a0af-79738a99823c/build]   | * What went wrong:
[9f579916-c8e3-478b-a0af-79738a99823c/build]   | Execution failed for task ':test'.
[9f579916-c8e3-478b-a0af-79738a99823c/build]   | > There were failing tests. See the report at: file:///tmp/7c200d70-7281-4ca8-974b-e72684f8a9f8/build/reports/tests/test/index.html
[9f579916-c8e3-478b-a0af-79738a99823c/build]   | 
[9f579916-c8e3-478b-a0af-79738a99823c/build]   | * Try:
[9f579916-c8e3-478b-a0af-79738a99823c/build]   | > Run with --stacktrace option to get the stack trace.
[9f579916-c8e3-478b-a0af-79738a99823c/build]   | > Run with --info or --debug option to get more log output.
[9f579916-c8e3-478b-a0af-79738a99823c/build]   | > Run with --scan to get full insights.
[9f579916-c8e3-478b-a0af-79738a99823c/build]   | 
[9f579916-c8e3-478b-a0af-79738a99823c/build]   | * Get more help at https://help.gradle.org
[9f579916-c8e3-478b-a0af-79738a99823c/build]   | 
[9f579916-c8e3-478b-a0af-79738a99823c/build]   | BUILD FAILED in 2m 38s
[9f579916-c8e3-478b-a0af-79738a99823c/build]   âŒ  Failure - Main ./gradlew build --no-daemon --warning-mode=fail
[9f579916-c8e3-478b-a0af-79738a99823c/build] exitcode '1': failure
[9f579916-c8e3-478b-a0af-79738a99823c/build] unable to get git ref: failed to identify reference (tag/branch) for the checked-out revision '9a427527da45e599a1082f1f2836d195ea26acb5'
[9f579916-c8e3-478b-a0af-79738a99823c/build] unable to get git ref: failed to identify reference (tag/branch) for the checked-out revision '9a427527da45e599a1082f1f2836d195ea26acb5'
[9f579916-c8e3-478b-a0af-79738a99823c/build] unable to get git ref: failed to identify reference (tag/branch) for the checked-out revision '9a427527da45e599a1082f1f2836d195ea26acb5'
[9f579916-c8e3-478b-a0af-79738a99823c/build] unable to get git ref: failed to identify reference (tag/branch) for the checked-out revision '9a427527da45e599a1082f1f2836d195ea26acb5'
[9f579916-c8e3-478b-a0af-79738a99823c/build] unable to get git ref: failed to identify reference (tag/branch) for the checked-out revision '9a427527da45e599a1082f1f2836d195ea26acb5'
[9f579916-c8e3-478b-a0af-79738a99823c/build] â­ Run Post actions/setup-java@v3
[9f579916-c8e3-478b-a0af-79738a99823c/build]   ğŸ³  docker exec cmd=[node /var/run/act/actions/actions-setup-java@v3/dist/cleanup/index.js] user= workdir=
[9f579916-c8e3-478b-a0af-79738a99823c/build]   âœ…  Success - Post actions/setup-java@v3
[9f579916-c8e3-478b-a0af-79738a99823c/build] ğŸ  Job failed
[9f579916-c8e3-478b-a0af-79738a99823c/build] unable to get git ref: failed to identify reference (tag/branch) for the checked-out revision '9a427527da45e599a1082f1f2836d195ea26acb5'
