[a9e5468e-679d-468f-bf9b-2c309f1dd99c/build] ğŸš€  Start image=gitbugactions:latest
[a9e5468e-679d-468f-bf9b-2c309f1dd99c/build]   ğŸ³  docker pull image=gitbugactions:latest platform= username= forcePull=false
[a9e5468e-679d-468f-bf9b-2c309f1dd99c/build]   ğŸ³  docker create image=gitbugactions:latest platform= entrypoint=["tail" "-f" "/dev/null"] cmd=[]
[a9e5468e-679d-468f-bf9b-2c309f1dd99c/build]   ğŸ³  docker run image=gitbugactions:latest platform= entrypoint=["tail" "-f" "/dev/null"] cmd=[]
[a9e5468e-679d-468f-bf9b-2c309f1dd99c/build]   ğŸ³  docker exec cmd=[chown -R 1012:1013 /tmp/17fa3e45-4e75-43b7-a39a-5ef4afa82db9] user=0 workdir=
[a9e5468e-679d-468f-bf9b-2c309f1dd99c/build] unable to get git ref: failed to identify reference (tag/branch) for the checked-out revision '33af2928a581eba6a1ba580b5da051612c7b7860'
[a9e5468e-679d-468f-bf9b-2c309f1dd99c/build] unable to get git ref: failed to identify reference (tag/branch) for the checked-out revision '33af2928a581eba6a1ba580b5da051612c7b7860'
[a9e5468e-679d-468f-bf9b-2c309f1dd99c/build] unable to get git ref: failed to identify reference (tag/branch) for the checked-out revision '33af2928a581eba6a1ba580b5da051612c7b7860'
[a9e5468e-679d-468f-bf9b-2c309f1dd99c/build] unable to get git ref: failed to identify reference (tag/branch) for the checked-out revision '33af2928a581eba6a1ba580b5da051612c7b7860'
[a9e5468e-679d-468f-bf9b-2c309f1dd99c/build] unable to get git ref: failed to identify reference (tag/branch) for the checked-out revision '33af2928a581eba6a1ba580b5da051612c7b7860'
[a9e5468e-679d-468f-bf9b-2c309f1dd99c/build] unable to get git ref: failed to identify reference (tag/branch) for the checked-out revision '33af2928a581eba6a1ba580b5da051612c7b7860'
[a9e5468e-679d-468f-bf9b-2c309f1dd99c/build] unable to get git ref: failed to identify reference (tag/branch) for the checked-out revision '33af2928a581eba6a1ba580b5da051612c7b7860'
[a9e5468e-679d-468f-bf9b-2c309f1dd99c/build] unable to get git ref: failed to identify reference (tag/branch) for the checked-out revision '33af2928a581eba6a1ba580b5da051612c7b7860'
[a9e5468e-679d-468f-bf9b-2c309f1dd99c/build] unable to get git ref: failed to identify reference (tag/branch) for the checked-out revision '33af2928a581eba6a1ba580b5da051612c7b7860'
[a9e5468e-679d-468f-bf9b-2c309f1dd99c/build] â­ Run Main actions/checkout@v3
[a9e5468e-679d-468f-bf9b-2c309f1dd99c/build] unable to get git ref: failed to identify reference (tag/branch) for the checked-out revision '33af2928a581eba6a1ba580b5da051612c7b7860'
[a9e5468e-679d-468f-bf9b-2c309f1dd99c/build] unable to get git ref: failed to identify reference (tag/branch) for the checked-out revision '33af2928a581eba6a1ba580b5da051612c7b7860'
[a9e5468e-679d-468f-bf9b-2c309f1dd99c/build]   ğŸ³  docker cp src=/tmp/17fa3e45-4e75-43b7-a39a-5ef4afa82db9/. dst=/tmp/17fa3e45-4e75-43b7-a39a-5ef4afa82db9
[a9e5468e-679d-468f-bf9b-2c309f1dd99c/build]   ğŸ³  docker exec cmd=[chown -R 1012:1013 /tmp/17fa3e45-4e75-43b7-a39a-5ef4afa82db9] user=0 workdir=
[a9e5468e-679d-468f-bf9b-2c309f1dd99c/build]   âœ…  Success - Main actions/checkout@v3
[a9e5468e-679d-468f-bf9b-2c309f1dd99c/build] unable to get git ref: failed to identify reference (tag/branch) for the checked-out revision '33af2928a581eba6a1ba580b5da051612c7b7860'
[a9e5468e-679d-468f-bf9b-2c309f1dd99c/build] unable to get git ref: failed to identify reference (tag/branch) for the checked-out revision '33af2928a581eba6a1ba580b5da051612c7b7860'
[a9e5468e-679d-468f-bf9b-2c309f1dd99c/build] unable to get git ref: failed to identify reference (tag/branch) for the checked-out revision '33af2928a581eba6a1ba580b5da051612c7b7860'
[a9e5468e-679d-468f-bf9b-2c309f1dd99c/build] unable to get git ref: failed to identify reference (tag/branch) for the checked-out revision '33af2928a581eba6a1ba580b5da051612c7b7860'
[a9e5468e-679d-468f-bf9b-2c309f1dd99c/build] unable to get git ref: failed to identify reference (tag/branch) for the checked-out revision '33af2928a581eba6a1ba580b5da051612c7b7860'
[a9e5468e-679d-468f-bf9b-2c309f1dd99c/build] â­ Run Main actions/setup-java@v3
[a9e5468e-679d-468f-bf9b-2c309f1dd99c/build] unable to get git ref: failed to identify reference (tag/branch) for the checked-out revision '33af2928a581eba6a1ba580b5da051612c7b7860'
[a9e5468e-679d-468f-bf9b-2c309f1dd99c/build] unable to get git ref: failed to identify reference (tag/branch) for the checked-out revision '33af2928a581eba6a1ba580b5da051612c7b7860'
[a9e5468e-679d-468f-bf9b-2c309f1dd99c/build] unable to get git ref: failed to identify reference (tag/branch) for the checked-out revision '33af2928a581eba6a1ba580b5da051612c7b7860'
[a9e5468e-679d-468f-bf9b-2c309f1dd99c/build]   ğŸ³  docker cp src=/tmp/act-cache/3c7f50a5-98c4-45df-b392-4b52f8183502/act/actions-setup-java@v3/ dst=/var/run/act/actions/actions-setup-java@v3/
[a9e5468e-679d-468f-bf9b-2c309f1dd99c/build]   ğŸ³  docker exec cmd=[chown -R 1012:1013 /var/run/act/actions/actions-setup-java@v3/] user=0 workdir=
[a9e5468e-679d-468f-bf9b-2c309f1dd99c/build]   ğŸ³  docker exec cmd=[node /var/run/act/actions/actions-setup-java@v3/dist/setup/index.js] user= workdir=
[a9e5468e-679d-468f-bf9b-2c309f1dd99c/build]   â“  ::group::Installed distributions
[a9e5468e-679d-468f-bf9b-2c309f1dd99c/build]   | Trying to resolve the latest version from remote
[a9e5468e-679d-468f-bf9b-2c309f1dd99c/build]   ğŸ’¬  ::debug::Gathering available versions from 'https://api.azul.com/zulu/download/community/v1.0/bundles/?os=linux&ext=tar.gz&bundle_type=jdk&javafx=false&arch=x86&hw_bitness=64&release_status=ga'
[a9e5468e-679d-468f-bf9b-2c309f1dd99c/build]   | Resolved latest version as 11.0.21+9
[a9e5468e-679d-468f-bf9b-2c309f1dd99c/build]   | Trying to download...
[a9e5468e-679d-468f-bf9b-2c309f1dd99c/build]   | Downloading Java 11.0.21+9 (Zulu) from https://cdn.azul.com/zulu/bin/zulu11.68.17-ca-jdk11.0.21-linux_x64.tar.gz ...
[a9e5468e-679d-468f-bf9b-2c309f1dd99c/build]   ğŸ’¬  ::debug::Downloading https://cdn.azul.com/zulu/bin/zulu11.68.17-ca-jdk11.0.21-linux_x64.tar.gz
[a9e5468e-679d-468f-bf9b-2c309f1dd99c/build]   ğŸ’¬  ::debug::Destination /tmp/2757e335-a0de-4849-9f0b-1db563e89a04
[a9e5468e-679d-468f-bf9b-2c309f1dd99c/build]   ğŸ’¬  ::debug::download complete
[a9e5468e-679d-468f-bf9b-2c309f1dd99c/build]   | Extracting Java archive...
[a9e5468e-679d-468f-bf9b-2c309f1dd99c/build]   ğŸ’¬  ::debug::Checking tar --version
[a9e5468e-679d-468f-bf9b-2c309f1dd99c/build]   ğŸ’¬  ::debug::tar (GNU tar) 1.34%0ACopyright (C) 2021 Free Software Foundation, Inc.%0ALicense GPLv3+: GNU GPL version 3 or later <https://gnu.org/licenses/gpl.html>.%0AThis is free software: you are free to change and redistribute it.%0AThere is NO WARRANTY, to the extent permitted by law.%0A%0AWritten by John Gilmore and Jay Fenlason.
[a9e5468e-679d-468f-bf9b-2c309f1dd99c/build]   | [command]/usr/bin/tar xz --warning=no-unknown-keyword -C /tmp/ade585bf-4e0a-4607-a806-b601a2415574 -f /tmp/2757e335-a0de-4849-9f0b-1db563e89a04
[a9e5468e-679d-468f-bf9b-2c309f1dd99c/build]   ğŸ’¬  ::debug::Caching tool Java_Zulu_jdk 11.0.21-9 x64
[a9e5468e-679d-468f-bf9b-2c309f1dd99c/build]   ğŸ’¬  ::debug::source dir: /tmp/ade585bf-4e0a-4607-a806-b601a2415574/zulu11.68.17-ca-jdk11.0.21-linux_x64
[a9e5468e-679d-468f-bf9b-2c309f1dd99c/build]   ğŸ’¬  ::debug::destination /opt/hostedtoolcache/Java_Zulu_jdk/11.0.21-9/x64
[a9e5468e-679d-468f-bf9b-2c309f1dd99c/build]   ğŸ’¬  ::debug::finished caching tool
[a9e5468e-679d-468f-bf9b-2c309f1dd99c/build]   | Java 11.0.21+9 was downloaded
[a9e5468e-679d-468f-bf9b-2c309f1dd99c/build]   | Setting Java 11.0.21+9 as the default
[a9e5468e-679d-468f-bf9b-2c309f1dd99c/build]   | Creating toolchains.xml for JDK version 11 from zulu
[a9e5468e-679d-468f-bf9b-2c309f1dd99c/build]   | Writing to /home/runner/.m2/toolchains.xml
[a9e5468e-679d-468f-bf9b-2c309f1dd99c/build]   | 
[a9e5468e-679d-468f-bf9b-2c309f1dd99c/build]   | Java configuration:
[a9e5468e-679d-468f-bf9b-2c309f1dd99c/build]   |   Distribution: zulu
[a9e5468e-679d-468f-bf9b-2c309f1dd99c/build]   |   Version: 11.0.21+9
[a9e5468e-679d-468f-bf9b-2c309f1dd99c/build]   |   Path: /opt/hostedtoolcache/Java_Zulu_jdk/11.0.21-9/x64
[a9e5468e-679d-468f-bf9b-2c309f1dd99c/build]   | 
[a9e5468e-679d-468f-bf9b-2c309f1dd99c/build]   â“  ::endgroup::
[a9e5468e-679d-468f-bf9b-2c309f1dd99c/build]   â“ add-matcher /run/act/actions/actions-setup-java@v3/.github/java.json
[a9e5468e-679d-468f-bf9b-2c309f1dd99c/build]   | Creating settings.xml with server-id: github
[a9e5468e-679d-468f-bf9b-2c309f1dd99c/build]   | Writing to /home/runner/.m2/settings.xml
[a9e5468e-679d-468f-bf9b-2c309f1dd99c/build]   âœ…  Success - Main actions/setup-java@v3
[a9e5468e-679d-468f-bf9b-2c309f1dd99c/build]   âš™  ::set-env:: JAVA_HOME=/opt/hostedtoolcache/Java_Zulu_jdk/11.0.21-9/x64
[a9e5468e-679d-468f-bf9b-2c309f1dd99c/build]   âš™  ::set-env:: JAVA_HOME_11_X64=/opt/hostedtoolcache/Java_Zulu_jdk/11.0.21-9/x64
[a9e5468e-679d-468f-bf9b-2c309f1dd99c/build]   âš™  ::set-output:: distribution=Zulu
[a9e5468e-679d-468f-bf9b-2c309f1dd99c/build]   âš™  ::set-output:: path=/opt/hostedtoolcache/Java_Zulu_jdk/11.0.21-9/x64
[a9e5468e-679d-468f-bf9b-2c309f1dd99c/build]   âš™  ::set-output:: version=11.0.21+9
[a9e5468e-679d-468f-bf9b-2c309f1dd99c/build]   âš™  ::add-path:: /opt/hostedtoolcache/Java_Zulu_jdk/11.0.21-9/x64/bin
[a9e5468e-679d-468f-bf9b-2c309f1dd99c/build] unable to get git ref: failed to identify reference (tag/branch) for the checked-out revision '33af2928a581eba6a1ba580b5da051612c7b7860'
[a9e5468e-679d-468f-bf9b-2c309f1dd99c/build] unable to get git ref: failed to identify reference (tag/branch) for the checked-out revision '33af2928a581eba6a1ba580b5da051612c7b7860'
[a9e5468e-679d-468f-bf9b-2c309f1dd99c/build] unable to get git ref: failed to identify reference (tag/branch) for the checked-out revision '33af2928a581eba6a1ba580b5da051612c7b7860'
[a9e5468e-679d-468f-bf9b-2c309f1dd99c/build] unable to get git ref: failed to identify reference (tag/branch) for the checked-out revision '33af2928a581eba6a1ba580b5da051612c7b7860'
[a9e5468e-679d-468f-bf9b-2c309f1dd99c/build] unable to get git ref: failed to identify reference (tag/branch) for the checked-out revision '33af2928a581eba6a1ba580b5da051612c7b7860'
[a9e5468e-679d-468f-bf9b-2c309f1dd99c/build] â­ Run Main ./gradlew build --no-daemon --warning-mode=fail
[a9e5468e-679d-468f-bf9b-2c309f1dd99c/build] unable to get git ref: failed to identify reference (tag/branch) for the checked-out revision '33af2928a581eba6a1ba580b5da051612c7b7860'
[a9e5468e-679d-468f-bf9b-2c309f1dd99c/build] unable to get git ref: failed to identify reference (tag/branch) for the checked-out revision '33af2928a581eba6a1ba580b5da051612c7b7860'
[a9e5468e-679d-468f-bf9b-2c309f1dd99c/build] unable to get git ref: failed to identify reference (tag/branch) for the checked-out revision '33af2928a581eba6a1ba580b5da051612c7b7860'
[a9e5468e-679d-468f-bf9b-2c309f1dd99c/build] unable to get git ref: failed to identify reference (tag/branch) for the checked-out revision '33af2928a581eba6a1ba580b5da051612c7b7860'
[a9e5468e-679d-468f-bf9b-2c309f1dd99c/build]   ğŸ³  docker exec cmd=[bash --noprofile --norc -e -o pipefail /var/run/act/workflow/2] user= workdir=
[a9e5468e-679d-468f-bf9b-2c309f1dd99c/build]   | Downloading https://services.gradle.org/distributions/gradle-7.5.1-bin.zip
[a9e5468e-679d-468f-bf9b-2c309f1dd99c/build]   | ...........10%............20%...........30%............40%...........50%............60%...........70%............80%...........90%............100%
[a9e5468e-679d-468f-bf9b-2c309f1dd99c/build]   | 
[a9e5468e-679d-468f-bf9b-2c309f1dd99c/build]   | Welcome to Gradle 7.5.1!
[a9e5468e-679d-468f-bf9b-2c309f1dd99c/build]   | 
[a9e5468e-679d-468f-bf9b-2c309f1dd99c/build]   | Here are the highlights of this release:
[a9e5468e-679d-468f-bf9b-2c309f1dd99c/build]   |  - Support for Java 18
[a9e5468e-679d-468f-bf9b-2c309f1dd99c/build]   |  - Support for building with Groovy 4
[a9e5468e-679d-468f-bf9b-2c309f1dd99c/build]   |  - Much more responsive continuous builds
[a9e5468e-679d-468f-bf9b-2c309f1dd99c/build]   |  - Improved diagnostics for dependency resolution
[a9e5468e-679d-468f-bf9b-2c309f1dd99c/build]   | 
[a9e5468e-679d-468f-bf9b-2c309f1dd99c/build]   | For more details see https://docs.gradle.org/7.5.1/release-notes.html
[a9e5468e-679d-468f-bf9b-2c309f1dd99c/build]   | 
[a9e5468e-679d-468f-bf9b-2c309f1dd99c/build]   | To honour the JVM settings for this build a single-use Daemon process will be forked. See https://docs.gradle.org/7.5.1/userguide/gradle_daemon.html#sec:disabling_the_daemon.
[a9e5468e-679d-468f-bf9b-2c309f1dd99c/build]   | Daemon will be stopped at the end of the build 
[a9e5468e-679d-468f-bf9b-2c309f1dd99c/build]   | 
[a9e5468e-679d-468f-bf9b-2c309f1dd99c/build]   | > Configure project :
[a9e5468e-679d-468f-bf9b-2c309f1dd99c/build]   | Kordamp Enforcer Gradle plugin 0.10.0. Consider becoming a patron at https://www.patreon.com/aalmiray
[a9e5468e-679d-468f-bf9b-2c309f1dd99c/build]   | 
[a9e5468e-679d-468f-bf9b-2c309f1dd99c/build]   | > Task :copyDependencies
[a9e5468e-679d-468f-bf9b-2c309f1dd99c/build]   | > Task :extractIncludeProto
[a9e5468e-679d-468f-bf9b-2c309f1dd99c/build]   | > Task :extractProto
[a9e5468e-679d-468f-bf9b-2c309f1dd99c/build]   | > Task :generateProto
[a9e5468e-679d-468f-bf9b-2c309f1dd99c/build]   | > Task :compileJava
[a9e5468e-679d-468f-bf9b-2c309f1dd99c/build]   | Note: Some input files use or override a deprecated API.
[a9e5468e-679d-468f-bf9b-2c309f1dd99c/build]   | Note: Recompile with -Xlint:deprecation for details.
[a9e5468e-679d-468f-bf9b-2c309f1dd99c/build]   | Note: Some input files use unchecked or unsafe operations.
[a9e5468e-679d-468f-bf9b-2c309f1dd99c/build]   | Note: Recompile with -Xlint:unchecked for details.
[a9e5468e-679d-468f-bf9b-2c309f1dd99c/build]   | 
[a9e5468e-679d-468f-bf9b-2c309f1dd99c/build]   | > Task :processResources
[a9e5468e-679d-468f-bf9b-2c309f1dd99c/build]   | > Task :classes
[a9e5468e-679d-468f-bf9b-2c309f1dd99c/build]   | > Task :jar
[a9e5468e-679d-468f-bf9b-2c309f1dd99c/build]   | > Task :assemble
[a9e5468e-679d-468f-bf9b-2c309f1dd99c/build]   | > Task :extractIncludeTestProto
[a9e5468e-679d-468f-bf9b-2c309f1dd99c/build]   | > Task :extractTestProto
[a9e5468e-679d-468f-bf9b-2c309f1dd99c/build]   | > Task :generateTestProto NO-SOURCE
[a9e5468e-679d-468f-bf9b-2c309f1dd99c/build]   | 
[a9e5468e-679d-468f-bf9b-2c309f1dd99c/build]   | > Task :compileTestJava
[a9e5468e-679d-468f-bf9b-2c309f1dd99c/build]   | Note: Some input files use or override a deprecated API.
[a9e5468e-679d-468f-bf9b-2c309f1dd99c/build]   | Note: Recompile with -Xlint:deprecation for details.
[a9e5468e-679d-468f-bf9b-2c309f1dd99c/build]   | 
[a9e5468e-679d-468f-bf9b-2c309f1dd99c/build]   | > Task :processTestResources NO-SOURCE
[a9e5468e-679d-468f-bf9b-2c309f1dd99c/build]   | > Task :testClasses
[a9e5468e-679d-468f-bf9b-2c309f1dd99c/build]   | > Task :checkstyleTest SKIPPED
[a9e5468e-679d-468f-bf9b-2c309f1dd99c/build]   | 
[a9e5468e-679d-468f-bf9b-2c309f1dd99c/build]   | > Task :test
[a9e5468e-679d-468f-bf9b-2c309f1dd99c/build]   | 
[a9e5468e-679d-468f-bf9b-2c309f1dd99c/build]   | org.traccar.protocol.TramigoProtocolDecoderTest > testDecode FAILED
[a9e5468e-679d-468f-bf9b-2c309f1dd99c/build]   |     java.lang.IllegalArgumentException at TramigoProtocolDecoderTest.java:13
[a9e5468e-679d-468f-bf9b-2c309f1dd99c/build]   | 
[a9e5468e-679d-468f-bf9b-2c309f1dd99c/build]   | 493 tests completed, 1 failed, 23 skipped
[a9e5468e-679d-468f-bf9b-2c309f1dd99c/build]   | 
[a9e5468e-679d-468f-bf9b-2c309f1dd99c/build]   | > Task :test FAILED
[a9e5468e-679d-468f-bf9b-2c309f1dd99c/build]   | > Task :checkstyleMain
[a9e5468e-679d-468f-bf9b-2c309f1dd99c/build]   | 12 actionable tasks: 12 executed
[a9e5468e-679d-468f-bf9b-2c309f1dd99c/build]   | 
[a9e5468e-679d-468f-bf9b-2c309f1dd99c/build]   | FAILURE: Build failed with an exception.
[a9e5468e-679d-468f-bf9b-2c309f1dd99c/build]   | 
[a9e5468e-679d-468f-bf9b-2c309f1dd99c/build]   | * What went wrong:
[a9e5468e-679d-468f-bf9b-2c309f1dd99c/build]   | Execution failed for task ':test'.
[a9e5468e-679d-468f-bf9b-2c309f1dd99c/build]   | > There were failing tests. See the report at: file:///tmp/17fa3e45-4e75-43b7-a39a-5ef4afa82db9/build/reports/tests/test/index.html
[a9e5468e-679d-468f-bf9b-2c309f1dd99c/build]   | 
[a9e5468e-679d-468f-bf9b-2c309f1dd99c/build]   | * Try:
[a9e5468e-679d-468f-bf9b-2c309f1dd99c/build]   | > Run with --stacktrace option to get the stack trace.
[a9e5468e-679d-468f-bf9b-2c309f1dd99c/build]   | > Run with --info or --debug option to get more log output.
[a9e5468e-679d-468f-bf9b-2c309f1dd99c/build]   | > Run with --scan to get full insights.
[a9e5468e-679d-468f-bf9b-2c309f1dd99c/build]   | 
[a9e5468e-679d-468f-bf9b-2c309f1dd99c/build]   | * Get more help at https://help.gradle.org
[a9e5468e-679d-468f-bf9b-2c309f1dd99c/build]   | 
[a9e5468e-679d-468f-bf9b-2c309f1dd99c/build]   | BUILD FAILED in 2m 33s
[a9e5468e-679d-468f-bf9b-2c309f1dd99c/build]   âŒ  Failure - Main ./gradlew build --no-daemon --warning-mode=fail
[a9e5468e-679d-468f-bf9b-2c309f1dd99c/build] exitcode '1': failure
[a9e5468e-679d-468f-bf9b-2c309f1dd99c/build] unable to get git ref: failed to identify reference (tag/branch) for the checked-out revision '33af2928a581eba6a1ba580b5da051612c7b7860'
[a9e5468e-679d-468f-bf9b-2c309f1dd99c/build] unable to get git ref: failed to identify reference (tag/branch) for the checked-out revision '33af2928a581eba6a1ba580b5da051612c7b7860'
[a9e5468e-679d-468f-bf9b-2c309f1dd99c/build] unable to get git ref: failed to identify reference (tag/branch) for the checked-out revision '33af2928a581eba6a1ba580b5da051612c7b7860'
[a9e5468e-679d-468f-bf9b-2c309f1dd99c/build] unable to get git ref: failed to identify reference (tag/branch) for the checked-out revision '33af2928a581eba6a1ba580b5da051612c7b7860'
[a9e5468e-679d-468f-bf9b-2c309f1dd99c/build] unable to get git ref: failed to identify reference (tag/branch) for the checked-out revision '33af2928a581eba6a1ba580b5da051612c7b7860'
[a9e5468e-679d-468f-bf9b-2c309f1dd99c/build] â­ Run Post actions/setup-java@v3
[a9e5468e-679d-468f-bf9b-2c309f1dd99c/build]   ğŸ³  docker exec cmd=[node /var/run/act/actions/actions-setup-java@v3/dist/cleanup/index.js] user= workdir=
[a9e5468e-679d-468f-bf9b-2c309f1dd99c/build]   âœ…  Success - Post actions/setup-java@v3
[a9e5468e-679d-468f-bf9b-2c309f1dd99c/build] ğŸ  Job failed
[a9e5468e-679d-468f-bf9b-2c309f1dd99c/build] unable to get git ref: failed to identify reference (tag/branch) for the checked-out revision '33af2928a581eba6a1ba580b5da051612c7b7860'
