[317c270b-679f-43c1-a91e-b8938bd7b109/build] ğŸš€  Start image=gitbugactions:latest
[317c270b-679f-43c1-a91e-b8938bd7b109/build]   ğŸ³  docker pull image=gitbugactions:latest platform= username= forcePull=false
[317c270b-679f-43c1-a91e-b8938bd7b109/build]   ğŸ³  docker create image=gitbugactions:latest platform= entrypoint=["tail" "-f" "/dev/null"] cmd=[]
[317c270b-679f-43c1-a91e-b8938bd7b109/build]   ğŸ³  docker run image=gitbugactions:latest platform= entrypoint=["tail" "-f" "/dev/null"] cmd=[]
[317c270b-679f-43c1-a91e-b8938bd7b109/build]   ğŸ³  docker exec cmd=[chown -R 1012:1013 /tmp/8b0f6dfb-fcd5-41ad-859b-ed469092d624] user=0 workdir=
[317c270b-679f-43c1-a91e-b8938bd7b109/build] unable to get git ref: failed to identify reference (tag/branch) for the checked-out revision '957a68d4a378c0f9d5000bc00599427fd78e663d'
[317c270b-679f-43c1-a91e-b8938bd7b109/build] unable to get git ref: failed to identify reference (tag/branch) for the checked-out revision '957a68d4a378c0f9d5000bc00599427fd78e663d'
[317c270b-679f-43c1-a91e-b8938bd7b109/build] unable to get git ref: failed to identify reference (tag/branch) for the checked-out revision '957a68d4a378c0f9d5000bc00599427fd78e663d'
[317c270b-679f-43c1-a91e-b8938bd7b109/build] unable to get git ref: failed to identify reference (tag/branch) for the checked-out revision '957a68d4a378c0f9d5000bc00599427fd78e663d'
[317c270b-679f-43c1-a91e-b8938bd7b109/build] unable to get git ref: failed to identify reference (tag/branch) for the checked-out revision '957a68d4a378c0f9d5000bc00599427fd78e663d'
[317c270b-679f-43c1-a91e-b8938bd7b109/build] unable to get git ref: failed to identify reference (tag/branch) for the checked-out revision '957a68d4a378c0f9d5000bc00599427fd78e663d'
[317c270b-679f-43c1-a91e-b8938bd7b109/build] unable to get git ref: failed to identify reference (tag/branch) for the checked-out revision '957a68d4a378c0f9d5000bc00599427fd78e663d'
[317c270b-679f-43c1-a91e-b8938bd7b109/build] unable to get git ref: failed to identify reference (tag/branch) for the checked-out revision '957a68d4a378c0f9d5000bc00599427fd78e663d'
[317c270b-679f-43c1-a91e-b8938bd7b109/build] unable to get git ref: failed to identify reference (tag/branch) for the checked-out revision '957a68d4a378c0f9d5000bc00599427fd78e663d'
[317c270b-679f-43c1-a91e-b8938bd7b109/build] â­ Run Main actions/checkout@v3
[317c270b-679f-43c1-a91e-b8938bd7b109/build] unable to get git ref: failed to identify reference (tag/branch) for the checked-out revision '957a68d4a378c0f9d5000bc00599427fd78e663d'
[317c270b-679f-43c1-a91e-b8938bd7b109/build] unable to get git ref: failed to identify reference (tag/branch) for the checked-out revision '957a68d4a378c0f9d5000bc00599427fd78e663d'
[317c270b-679f-43c1-a91e-b8938bd7b109/build]   ğŸ³  docker cp src=/tmp/8b0f6dfb-fcd5-41ad-859b-ed469092d624/. dst=/tmp/8b0f6dfb-fcd5-41ad-859b-ed469092d624
[317c270b-679f-43c1-a91e-b8938bd7b109/build]   ğŸ³  docker exec cmd=[chown -R 1012:1013 /tmp/8b0f6dfb-fcd5-41ad-859b-ed469092d624] user=0 workdir=
[317c270b-679f-43c1-a91e-b8938bd7b109/build]   âœ…  Success - Main actions/checkout@v3
[317c270b-679f-43c1-a91e-b8938bd7b109/build] unable to get git ref: failed to identify reference (tag/branch) for the checked-out revision '957a68d4a378c0f9d5000bc00599427fd78e663d'
[317c270b-679f-43c1-a91e-b8938bd7b109/build] unable to get git ref: failed to identify reference (tag/branch) for the checked-out revision '957a68d4a378c0f9d5000bc00599427fd78e663d'
[317c270b-679f-43c1-a91e-b8938bd7b109/build] unable to get git ref: failed to identify reference (tag/branch) for the checked-out revision '957a68d4a378c0f9d5000bc00599427fd78e663d'
[317c270b-679f-43c1-a91e-b8938bd7b109/build] unable to get git ref: failed to identify reference (tag/branch) for the checked-out revision '957a68d4a378c0f9d5000bc00599427fd78e663d'
[317c270b-679f-43c1-a91e-b8938bd7b109/build] unable to get git ref: failed to identify reference (tag/branch) for the checked-out revision '957a68d4a378c0f9d5000bc00599427fd78e663d'
[317c270b-679f-43c1-a91e-b8938bd7b109/build] â­ Run Main actions/setup-java@v3
[317c270b-679f-43c1-a91e-b8938bd7b109/build] unable to get git ref: failed to identify reference (tag/branch) for the checked-out revision '957a68d4a378c0f9d5000bc00599427fd78e663d'
[317c270b-679f-43c1-a91e-b8938bd7b109/build] unable to get git ref: failed to identify reference (tag/branch) for the checked-out revision '957a68d4a378c0f9d5000bc00599427fd78e663d'
[317c270b-679f-43c1-a91e-b8938bd7b109/build] unable to get git ref: failed to identify reference (tag/branch) for the checked-out revision '957a68d4a378c0f9d5000bc00599427fd78e663d'
[317c270b-679f-43c1-a91e-b8938bd7b109/build]   ğŸ³  docker cp src=/tmp/act-cache/e218b415-6768-4e48-a918-898a5c2e2a77/act/actions-setup-java@v3/ dst=/var/run/act/actions/actions-setup-java@v3/
[317c270b-679f-43c1-a91e-b8938bd7b109/build]   ğŸ³  docker exec cmd=[chown -R 1012:1013 /var/run/act/actions/actions-setup-java@v3/] user=0 workdir=
[317c270b-679f-43c1-a91e-b8938bd7b109/build]   ğŸ³  docker exec cmd=[node /var/run/act/actions/actions-setup-java@v3/dist/setup/index.js] user= workdir=
[317c270b-679f-43c1-a91e-b8938bd7b109/build]   â“  ::group::Installed distributions
[317c270b-679f-43c1-a91e-b8938bd7b109/build]   | Trying to resolve the latest version from remote
[317c270b-679f-43c1-a91e-b8938bd7b109/build]   ğŸ’¬  ::debug::Gathering available versions from 'https://api.azul.com/zulu/download/community/v1.0/bundles/?os=linux&ext=tar.gz&bundle_type=jdk&javafx=false&arch=x86&hw_bitness=64&release_status=ga'
[317c270b-679f-43c1-a91e-b8938bd7b109/build]   | Resolved latest version as 11.0.21+9
[317c270b-679f-43c1-a91e-b8938bd7b109/build]   | Trying to download...
[317c270b-679f-43c1-a91e-b8938bd7b109/build]   | Downloading Java 11.0.21+9 (Zulu) from https://cdn.azul.com/zulu/bin/zulu11.68.17-ca-jdk11.0.21-linux_x64.tar.gz ...
[317c270b-679f-43c1-a91e-b8938bd7b109/build]   ğŸ’¬  ::debug::Downloading https://cdn.azul.com/zulu/bin/zulu11.68.17-ca-jdk11.0.21-linux_x64.tar.gz
[317c270b-679f-43c1-a91e-b8938bd7b109/build]   ğŸ’¬  ::debug::Destination /tmp/f395c1d0-b6b3-4901-b4d4-2c34bb248e0f
[317c270b-679f-43c1-a91e-b8938bd7b109/build]   ğŸ’¬  ::debug::download complete
[317c270b-679f-43c1-a91e-b8938bd7b109/build]   | Extracting Java archive...
[317c270b-679f-43c1-a91e-b8938bd7b109/build]   ğŸ’¬  ::debug::Checking tar --version
[317c270b-679f-43c1-a91e-b8938bd7b109/build]   ğŸ’¬  ::debug::tar (GNU tar) 1.34%0ACopyright (C) 2021 Free Software Foundation, Inc.%0ALicense GPLv3+: GNU GPL version 3 or later <https://gnu.org/licenses/gpl.html>.%0AThis is free software: you are free to change and redistribute it.%0AThere is NO WARRANTY, to the extent permitted by law.%0A%0AWritten by John Gilmore and Jay Fenlason.
[317c270b-679f-43c1-a91e-b8938bd7b109/build]   | [command]/usr/bin/tar xz --warning=no-unknown-keyword -C /tmp/974c68d6-7dcb-4b12-88fc-ac3d1e8e2f8e -f /tmp/f395c1d0-b6b3-4901-b4d4-2c34bb248e0f
[317c270b-679f-43c1-a91e-b8938bd7b109/build]   ğŸ’¬  ::debug::Caching tool Java_Zulu_jdk 11.0.21-9 x64
[317c270b-679f-43c1-a91e-b8938bd7b109/build]   ğŸ’¬  ::debug::source dir: /tmp/974c68d6-7dcb-4b12-88fc-ac3d1e8e2f8e/zulu11.68.17-ca-jdk11.0.21-linux_x64
[317c270b-679f-43c1-a91e-b8938bd7b109/build]   ğŸ’¬  ::debug::destination /opt/hostedtoolcache/Java_Zulu_jdk/11.0.21-9/x64
[317c270b-679f-43c1-a91e-b8938bd7b109/build]   ğŸ’¬  ::debug::finished caching tool
[317c270b-679f-43c1-a91e-b8938bd7b109/build]   | Java 11.0.21+9 was downloaded
[317c270b-679f-43c1-a91e-b8938bd7b109/build]   | Setting Java 11.0.21+9 as the default
[317c270b-679f-43c1-a91e-b8938bd7b109/build]   | Creating toolchains.xml for JDK version 11 from zulu
[317c270b-679f-43c1-a91e-b8938bd7b109/build]   | Writing to /home/runner/.m2/toolchains.xml
[317c270b-679f-43c1-a91e-b8938bd7b109/build]   | 
[317c270b-679f-43c1-a91e-b8938bd7b109/build]   | Java configuration:
[317c270b-679f-43c1-a91e-b8938bd7b109/build]   |   Distribution: zulu
[317c270b-679f-43c1-a91e-b8938bd7b109/build]   |   Version: 11.0.21+9
[317c270b-679f-43c1-a91e-b8938bd7b109/build]   |   Path: /opt/hostedtoolcache/Java_Zulu_jdk/11.0.21-9/x64
[317c270b-679f-43c1-a91e-b8938bd7b109/build]   | 
[317c270b-679f-43c1-a91e-b8938bd7b109/build]   â“  ::endgroup::
[317c270b-679f-43c1-a91e-b8938bd7b109/build]   â“ add-matcher /run/act/actions/actions-setup-java@v3/.github/java.json
[317c270b-679f-43c1-a91e-b8938bd7b109/build]   | Creating settings.xml with server-id: github
[317c270b-679f-43c1-a91e-b8938bd7b109/build]   | Writing to /home/runner/.m2/settings.xml
[317c270b-679f-43c1-a91e-b8938bd7b109/build]   âœ…  Success - Main actions/setup-java@v3
[317c270b-679f-43c1-a91e-b8938bd7b109/build]   âš™  ::set-env:: JAVA_HOME=/opt/hostedtoolcache/Java_Zulu_jdk/11.0.21-9/x64
[317c270b-679f-43c1-a91e-b8938bd7b109/build]   âš™  ::set-env:: JAVA_HOME_11_X64=/opt/hostedtoolcache/Java_Zulu_jdk/11.0.21-9/x64
[317c270b-679f-43c1-a91e-b8938bd7b109/build]   âš™  ::set-output:: distribution=Zulu
[317c270b-679f-43c1-a91e-b8938bd7b109/build]   âš™  ::set-output:: path=/opt/hostedtoolcache/Java_Zulu_jdk/11.0.21-9/x64
[317c270b-679f-43c1-a91e-b8938bd7b109/build]   âš™  ::set-output:: version=11.0.21+9
[317c270b-679f-43c1-a91e-b8938bd7b109/build]   âš™  ::add-path:: /opt/hostedtoolcache/Java_Zulu_jdk/11.0.21-9/x64/bin
[317c270b-679f-43c1-a91e-b8938bd7b109/build] unable to get git ref: failed to identify reference (tag/branch) for the checked-out revision '957a68d4a378c0f9d5000bc00599427fd78e663d'
[317c270b-679f-43c1-a91e-b8938bd7b109/build] unable to get git ref: failed to identify reference (tag/branch) for the checked-out revision '957a68d4a378c0f9d5000bc00599427fd78e663d'
[317c270b-679f-43c1-a91e-b8938bd7b109/build] unable to get git ref: failed to identify reference (tag/branch) for the checked-out revision '957a68d4a378c0f9d5000bc00599427fd78e663d'
[317c270b-679f-43c1-a91e-b8938bd7b109/build] unable to get git ref: failed to identify reference (tag/branch) for the checked-out revision '957a68d4a378c0f9d5000bc00599427fd78e663d'
[317c270b-679f-43c1-a91e-b8938bd7b109/build] unable to get git ref: failed to identify reference (tag/branch) for the checked-out revision '957a68d4a378c0f9d5000bc00599427fd78e663d'
[317c270b-679f-43c1-a91e-b8938bd7b109/build] â­ Run Main ./gradlew build --no-daemon --warning-mode=fail
[317c270b-679f-43c1-a91e-b8938bd7b109/build] unable to get git ref: failed to identify reference (tag/branch) for the checked-out revision '957a68d4a378c0f9d5000bc00599427fd78e663d'
[317c270b-679f-43c1-a91e-b8938bd7b109/build] unable to get git ref: failed to identify reference (tag/branch) for the checked-out revision '957a68d4a378c0f9d5000bc00599427fd78e663d'
[317c270b-679f-43c1-a91e-b8938bd7b109/build] unable to get git ref: failed to identify reference (tag/branch) for the checked-out revision '957a68d4a378c0f9d5000bc00599427fd78e663d'
[317c270b-679f-43c1-a91e-b8938bd7b109/build] unable to get git ref: failed to identify reference (tag/branch) for the checked-out revision '957a68d4a378c0f9d5000bc00599427fd78e663d'
[317c270b-679f-43c1-a91e-b8938bd7b109/build]   ğŸ³  docker exec cmd=[bash --noprofile --norc -e -o pipefail /var/run/act/workflow/2] user= workdir=
[317c270b-679f-43c1-a91e-b8938bd7b109/build]   | Downloading https://services.gradle.org/distributions/gradle-7.5.1-bin.zip
[317c270b-679f-43c1-a91e-b8938bd7b109/build]   | ...........10%............20%...........30%............40%...........50%............60%...........70%............80%...........90%............100%
[317c270b-679f-43c1-a91e-b8938bd7b109/build]   | 
[317c270b-679f-43c1-a91e-b8938bd7b109/build]   | Welcome to Gradle 7.5.1!
[317c270b-679f-43c1-a91e-b8938bd7b109/build]   | 
[317c270b-679f-43c1-a91e-b8938bd7b109/build]   | Here are the highlights of this release:
[317c270b-679f-43c1-a91e-b8938bd7b109/build]   |  - Support for Java 18
[317c270b-679f-43c1-a91e-b8938bd7b109/build]   |  - Support for building with Groovy 4
[317c270b-679f-43c1-a91e-b8938bd7b109/build]   |  - Much more responsive continuous builds
[317c270b-679f-43c1-a91e-b8938bd7b109/build]   |  - Improved diagnostics for dependency resolution
[317c270b-679f-43c1-a91e-b8938bd7b109/build]   | 
[317c270b-679f-43c1-a91e-b8938bd7b109/build]   | For more details see https://docs.gradle.org/7.5.1/release-notes.html
[317c270b-679f-43c1-a91e-b8938bd7b109/build]   | 
[317c270b-679f-43c1-a91e-b8938bd7b109/build]   | To honour the JVM settings for this build a single-use Daemon process will be forked. See https://docs.gradle.org/7.5.1/userguide/gradle_daemon.html#sec:disabling_the_daemon.
[317c270b-679f-43c1-a91e-b8938bd7b109/build]   | Daemon will be stopped at the end of the build 
[317c270b-679f-43c1-a91e-b8938bd7b109/build]   | 
[317c270b-679f-43c1-a91e-b8938bd7b109/build]   | > Configure project :
[317c270b-679f-43c1-a91e-b8938bd7b109/build]   | Kordamp Enforcer Gradle plugin 0.13.0. Consider becoming a patron at https://www.patreon.com/aalmiray
[317c270b-679f-43c1-a91e-b8938bd7b109/build]   | 
[317c270b-679f-43c1-a91e-b8938bd7b109/build]   | > Task :copyDependencies
[317c270b-679f-43c1-a91e-b8938bd7b109/build]   | > Task :extractIncludeProto
[317c270b-679f-43c1-a91e-b8938bd7b109/build]   | > Task :extractProto
[317c270b-679f-43c1-a91e-b8938bd7b109/build]   | > Task :generateProto
[317c270b-679f-43c1-a91e-b8938bd7b109/build]   | > Task :compileJava
[317c270b-679f-43c1-a91e-b8938bd7b109/build]   | Note: Some input files use or override a deprecated API.
[317c270b-679f-43c1-a91e-b8938bd7b109/build]   | Note: Recompile with -Xlint:deprecation for details.
[317c270b-679f-43c1-a91e-b8938bd7b109/build]   | Note: Some input files use unchecked or unsafe operations.
[317c270b-679f-43c1-a91e-b8938bd7b109/build]   | Note: Recompile with -Xlint:unchecked for details.
[317c270b-679f-43c1-a91e-b8938bd7b109/build]   | 
[317c270b-679f-43c1-a91e-b8938bd7b109/build]   | > Task :processResources
[317c270b-679f-43c1-a91e-b8938bd7b109/build]   | > Task :classes
[317c270b-679f-43c1-a91e-b8938bd7b109/build]   | > Task :jar
[317c270b-679f-43c1-a91e-b8938bd7b109/build]   | > Task :assemble
[317c270b-679f-43c1-a91e-b8938bd7b109/build]   | > Task :extractIncludeTestProto
[317c270b-679f-43c1-a91e-b8938bd7b109/build]   | > Task :extractTestProto
[317c270b-679f-43c1-a91e-b8938bd7b109/build]   | > Task :generateTestProto NO-SOURCE
[317c270b-679f-43c1-a91e-b8938bd7b109/build]   | 
[317c270b-679f-43c1-a91e-b8938bd7b109/build]   | > Task :compileTestJava
[317c270b-679f-43c1-a91e-b8938bd7b109/build]   | Note: Some input files use or override a deprecated API.
[317c270b-679f-43c1-a91e-b8938bd7b109/build]   | Note: Recompile with -Xlint:deprecation for details.
[317c270b-679f-43c1-a91e-b8938bd7b109/build]   | 
[317c270b-679f-43c1-a91e-b8938bd7b109/build]   | > Task :processTestResources NO-SOURCE
[317c270b-679f-43c1-a91e-b8938bd7b109/build]   | > Task :testClasses
[317c270b-679f-43c1-a91e-b8938bd7b109/build]   | > Task :checkstyleTest SKIPPED
[317c270b-679f-43c1-a91e-b8938bd7b109/build]   | > Task :checkstyleMain
[317c270b-679f-43c1-a91e-b8938bd7b109/build]   | 
[317c270b-679f-43c1-a91e-b8938bd7b109/build]   | > Task :test FAILED
[317c270b-679f-43c1-a91e-b8938bd7b109/build]   | 
[317c270b-679f-43c1-a91e-b8938bd7b109/build]   | Gl200TextProtocolDecoderTest > testDecode() FAILED
[317c270b-679f-43c1-a91e-b8938bd7b109/build]   |     org.opentest4j.AssertionFailedError at Gl200TextProtocolDecoderTest.java:14
[317c270b-679f-43c1-a91e-b8938bd7b109/build]   | 
[317c270b-679f-43c1-a91e-b8938bd7b109/build]   | 497 tests completed, 1 failed, 23 skipped
[317c270b-679f-43c1-a91e-b8938bd7b109/build]   | 12 actionable tasks: 12 executed
[317c270b-679f-43c1-a91e-b8938bd7b109/build]   | 
[317c270b-679f-43c1-a91e-b8938bd7b109/build]   | FAILURE: Build failed with an exception.
[317c270b-679f-43c1-a91e-b8938bd7b109/build]   | 
[317c270b-679f-43c1-a91e-b8938bd7b109/build]   | * What went wrong:
[317c270b-679f-43c1-a91e-b8938bd7b109/build]   | Execution failed for task ':test'.
[317c270b-679f-43c1-a91e-b8938bd7b109/build]   | > There were failing tests. See the report at: file:///tmp/8b0f6dfb-fcd5-41ad-859b-ed469092d624/build/reports/tests/test/index.html
[317c270b-679f-43c1-a91e-b8938bd7b109/build]   | 
[317c270b-679f-43c1-a91e-b8938bd7b109/build]   | * Try:
[317c270b-679f-43c1-a91e-b8938bd7b109/build]   | > Run with --stacktrace option to get the stack trace.
[317c270b-679f-43c1-a91e-b8938bd7b109/build]   | > Run with --info or --debug option to get more log output.
[317c270b-679f-43c1-a91e-b8938bd7b109/build]   | > Run with --scan to get full insights.
[317c270b-679f-43c1-a91e-b8938bd7b109/build]   | 
[317c270b-679f-43c1-a91e-b8938bd7b109/build]   | * Get more help at https://help.gradle.org
[317c270b-679f-43c1-a91e-b8938bd7b109/build]   | 
[317c270b-679f-43c1-a91e-b8938bd7b109/build]   | BUILD FAILED in 3m 5s
[317c270b-679f-43c1-a91e-b8938bd7b109/build]   âŒ  Failure - Main ./gradlew build --no-daemon --warning-mode=fail
[317c270b-679f-43c1-a91e-b8938bd7b109/build] exitcode '1': failure
[317c270b-679f-43c1-a91e-b8938bd7b109/build] unable to get git ref: failed to identify reference (tag/branch) for the checked-out revision '957a68d4a378c0f9d5000bc00599427fd78e663d'
[317c270b-679f-43c1-a91e-b8938bd7b109/build] unable to get git ref: failed to identify reference (tag/branch) for the checked-out revision '957a68d4a378c0f9d5000bc00599427fd78e663d'
[317c270b-679f-43c1-a91e-b8938bd7b109/build] unable to get git ref: failed to identify reference (tag/branch) for the checked-out revision '957a68d4a378c0f9d5000bc00599427fd78e663d'
[317c270b-679f-43c1-a91e-b8938bd7b109/build] unable to get git ref: failed to identify reference (tag/branch) for the checked-out revision '957a68d4a378c0f9d5000bc00599427fd78e663d'
[317c270b-679f-43c1-a91e-b8938bd7b109/build] unable to get git ref: failed to identify reference (tag/branch) for the checked-out revision '957a68d4a378c0f9d5000bc00599427fd78e663d'
[317c270b-679f-43c1-a91e-b8938bd7b109/build] â­ Run Post actions/setup-java@v3
[317c270b-679f-43c1-a91e-b8938bd7b109/build]   ğŸ³  docker exec cmd=[node /var/run/act/actions/actions-setup-java@v3/dist/cleanup/index.js] user= workdir=
[317c270b-679f-43c1-a91e-b8938bd7b109/build]   âœ…  Success - Post actions/setup-java@v3
[317c270b-679f-43c1-a91e-b8938bd7b109/build] ğŸ  Job failed
[317c270b-679f-43c1-a91e-b8938bd7b109/build] unable to get git ref: failed to identify reference (tag/branch) for the checked-out revision '957a68d4a378c0f9d5000bc00599427fd78e663d'
