[34f0efad-0bbe-4fef-adec-d29f1e79d663/build] ğŸš€  Start image=gitbugactions:latest
[34f0efad-0bbe-4fef-adec-d29f1e79d663/build]   ğŸ³  docker pull image=gitbugactions:latest platform= username= forcePull=false
[34f0efad-0bbe-4fef-adec-d29f1e79d663/build]   ğŸ³  docker create image=gitbugactions:latest platform= entrypoint=["tail" "-f" "/dev/null"] cmd=[]
[34f0efad-0bbe-4fef-adec-d29f1e79d663/build]   ğŸ³  docker run image=gitbugactions:latest platform= entrypoint=["tail" "-f" "/dev/null"] cmd=[]
[34f0efad-0bbe-4fef-adec-d29f1e79d663/build]   ğŸ³  docker exec cmd=[chown -R 1012:1013 /tmp/abbbe7d1-24ef-4158-861d-939f7b7367e4] user=0 workdir=
[34f0efad-0bbe-4fef-adec-d29f1e79d663/build] unable to get git ref: failed to identify reference (tag/branch) for the checked-out revision '2bb447924b834693f4d97585f1e5e9e822b62fe3'
[34f0efad-0bbe-4fef-adec-d29f1e79d663/build] unable to get git ref: failed to identify reference (tag/branch) for the checked-out revision '2bb447924b834693f4d97585f1e5e9e822b62fe3'
[34f0efad-0bbe-4fef-adec-d29f1e79d663/build] unable to get git ref: failed to identify reference (tag/branch) for the checked-out revision '2bb447924b834693f4d97585f1e5e9e822b62fe3'
[34f0efad-0bbe-4fef-adec-d29f1e79d663/build] unable to get git ref: failed to identify reference (tag/branch) for the checked-out revision '2bb447924b834693f4d97585f1e5e9e822b62fe3'
[34f0efad-0bbe-4fef-adec-d29f1e79d663/build] unable to get git ref: failed to identify reference (tag/branch) for the checked-out revision '2bb447924b834693f4d97585f1e5e9e822b62fe3'
[34f0efad-0bbe-4fef-adec-d29f1e79d663/build] unable to get git ref: failed to identify reference (tag/branch) for the checked-out revision '2bb447924b834693f4d97585f1e5e9e822b62fe3'
[34f0efad-0bbe-4fef-adec-d29f1e79d663/build] unable to get git ref: failed to identify reference (tag/branch) for the checked-out revision '2bb447924b834693f4d97585f1e5e9e822b62fe3'
[34f0efad-0bbe-4fef-adec-d29f1e79d663/build] unable to get git ref: failed to identify reference (tag/branch) for the checked-out revision '2bb447924b834693f4d97585f1e5e9e822b62fe3'
[34f0efad-0bbe-4fef-adec-d29f1e79d663/build] unable to get git ref: failed to identify reference (tag/branch) for the checked-out revision '2bb447924b834693f4d97585f1e5e9e822b62fe3'
[34f0efad-0bbe-4fef-adec-d29f1e79d663/build] â­ Run Main actions/checkout@v3
[34f0efad-0bbe-4fef-adec-d29f1e79d663/build] unable to get git ref: failed to identify reference (tag/branch) for the checked-out revision '2bb447924b834693f4d97585f1e5e9e822b62fe3'
[34f0efad-0bbe-4fef-adec-d29f1e79d663/build] unable to get git ref: failed to identify reference (tag/branch) for the checked-out revision '2bb447924b834693f4d97585f1e5e9e822b62fe3'
[34f0efad-0bbe-4fef-adec-d29f1e79d663/build]   ğŸ³  docker cp src=/tmp/abbbe7d1-24ef-4158-861d-939f7b7367e4/. dst=/tmp/abbbe7d1-24ef-4158-861d-939f7b7367e4
[34f0efad-0bbe-4fef-adec-d29f1e79d663/build]   ğŸ³  docker exec cmd=[chown -R 1012:1013 /tmp/abbbe7d1-24ef-4158-861d-939f7b7367e4] user=0 workdir=
[34f0efad-0bbe-4fef-adec-d29f1e79d663/build]   âœ…  Success - Main actions/checkout@v3
[34f0efad-0bbe-4fef-adec-d29f1e79d663/build] unable to get git ref: failed to identify reference (tag/branch) for the checked-out revision '2bb447924b834693f4d97585f1e5e9e822b62fe3'
[34f0efad-0bbe-4fef-adec-d29f1e79d663/build] unable to get git ref: failed to identify reference (tag/branch) for the checked-out revision '2bb447924b834693f4d97585f1e5e9e822b62fe3'
[34f0efad-0bbe-4fef-adec-d29f1e79d663/build] unable to get git ref: failed to identify reference (tag/branch) for the checked-out revision '2bb447924b834693f4d97585f1e5e9e822b62fe3'
[34f0efad-0bbe-4fef-adec-d29f1e79d663/build] unable to get git ref: failed to identify reference (tag/branch) for the checked-out revision '2bb447924b834693f4d97585f1e5e9e822b62fe3'
[34f0efad-0bbe-4fef-adec-d29f1e79d663/build] unable to get git ref: failed to identify reference (tag/branch) for the checked-out revision '2bb447924b834693f4d97585f1e5e9e822b62fe3'
[34f0efad-0bbe-4fef-adec-d29f1e79d663/build] â­ Run Main actions/setup-java@v3
[34f0efad-0bbe-4fef-adec-d29f1e79d663/build] unable to get git ref: failed to identify reference (tag/branch) for the checked-out revision '2bb447924b834693f4d97585f1e5e9e822b62fe3'
[34f0efad-0bbe-4fef-adec-d29f1e79d663/build] unable to get git ref: failed to identify reference (tag/branch) for the checked-out revision '2bb447924b834693f4d97585f1e5e9e822b62fe3'
[34f0efad-0bbe-4fef-adec-d29f1e79d663/build] unable to get git ref: failed to identify reference (tag/branch) for the checked-out revision '2bb447924b834693f4d97585f1e5e9e822b62fe3'
[34f0efad-0bbe-4fef-adec-d29f1e79d663/build]   ğŸ³  docker cp src=/tmp/act-cache/250f79b4-5b59-4472-b60c-d3be4ebede96/act/actions-setup-java@v3/ dst=/var/run/act/actions/actions-setup-java@v3/
[34f0efad-0bbe-4fef-adec-d29f1e79d663/build]   ğŸ³  docker exec cmd=[chown -R 1012:1013 /var/run/act/actions/actions-setup-java@v3/] user=0 workdir=
[34f0efad-0bbe-4fef-adec-d29f1e79d663/build]   ğŸ³  docker exec cmd=[node /var/run/act/actions/actions-setup-java@v3/dist/setup/index.js] user= workdir=
[34f0efad-0bbe-4fef-adec-d29f1e79d663/build]   â“  ::group::Installed distributions
[34f0efad-0bbe-4fef-adec-d29f1e79d663/build]   | Trying to resolve the latest version from remote
[34f0efad-0bbe-4fef-adec-d29f1e79d663/build]   ğŸ’¬  ::debug::Gathering available versions from 'https://api.azul.com/zulu/download/community/v1.0/bundles/?os=linux&ext=tar.gz&bundle_type=jdk&javafx=false&arch=x86&hw_bitness=64&release_status=ga'
[34f0efad-0bbe-4fef-adec-d29f1e79d663/build]   | Resolved latest version as 11.0.21+9
[34f0efad-0bbe-4fef-adec-d29f1e79d663/build]   | Trying to download...
[34f0efad-0bbe-4fef-adec-d29f1e79d663/build]   | Downloading Java 11.0.21+9 (Zulu) from https://cdn.azul.com/zulu/bin/zulu11.68.17-ca-jdk11.0.21-linux_x64.tar.gz ...
[34f0efad-0bbe-4fef-adec-d29f1e79d663/build]   ğŸ’¬  ::debug::Downloading https://cdn.azul.com/zulu/bin/zulu11.68.17-ca-jdk11.0.21-linux_x64.tar.gz
[34f0efad-0bbe-4fef-adec-d29f1e79d663/build]   ğŸ’¬  ::debug::Destination /tmp/42799de5-4adf-4a46-b2d6-456480536fb7
[34f0efad-0bbe-4fef-adec-d29f1e79d663/build]   ğŸ’¬  ::debug::download complete
[34f0efad-0bbe-4fef-adec-d29f1e79d663/build]   | Extracting Java archive...
[34f0efad-0bbe-4fef-adec-d29f1e79d663/build]   ğŸ’¬  ::debug::Checking tar --version
[34f0efad-0bbe-4fef-adec-d29f1e79d663/build]   ğŸ’¬  ::debug::tar (GNU tar) 1.34%0ACopyright (C) 2021 Free Software Foundation, Inc.%0ALicense GPLv3+: GNU GPL version 3 or later <https://gnu.org/licenses/gpl.html>.%0AThis is free software: you are free to change and redistribute it.%0AThere is NO WARRANTY, to the extent permitted by law.%0A%0AWritten by John Gilmore and Jay Fenlason.
[34f0efad-0bbe-4fef-adec-d29f1e79d663/build]   | [command]/usr/bin/tar xz --warning=no-unknown-keyword -C /tmp/d371dffb-6bef-49f4-bd87-852e927a6ea7 -f /tmp/42799de5-4adf-4a46-b2d6-456480536fb7
[34f0efad-0bbe-4fef-adec-d29f1e79d663/build]   ğŸ’¬  ::debug::Caching tool Java_Zulu_jdk 11.0.21-9 x64
[34f0efad-0bbe-4fef-adec-d29f1e79d663/build]   ğŸ’¬  ::debug::source dir: /tmp/d371dffb-6bef-49f4-bd87-852e927a6ea7/zulu11.68.17-ca-jdk11.0.21-linux_x64
[34f0efad-0bbe-4fef-adec-d29f1e79d663/build]   ğŸ’¬  ::debug::destination /opt/hostedtoolcache/Java_Zulu_jdk/11.0.21-9/x64
[34f0efad-0bbe-4fef-adec-d29f1e79d663/build]   ğŸ’¬  ::debug::finished caching tool
[34f0efad-0bbe-4fef-adec-d29f1e79d663/build]   | Java 11.0.21+9 was downloaded
[34f0efad-0bbe-4fef-adec-d29f1e79d663/build]   | Setting Java 11.0.21+9 as the default
[34f0efad-0bbe-4fef-adec-d29f1e79d663/build]   | Creating toolchains.xml for JDK version 11 from zulu
[34f0efad-0bbe-4fef-adec-d29f1e79d663/build]   | Writing to /home/runner/.m2/toolchains.xml
[34f0efad-0bbe-4fef-adec-d29f1e79d663/build]   | 
[34f0efad-0bbe-4fef-adec-d29f1e79d663/build]   | Java configuration:
[34f0efad-0bbe-4fef-adec-d29f1e79d663/build]   |   Distribution: zulu
[34f0efad-0bbe-4fef-adec-d29f1e79d663/build]   |   Version: 11.0.21+9
[34f0efad-0bbe-4fef-adec-d29f1e79d663/build]   |   Path: /opt/hostedtoolcache/Java_Zulu_jdk/11.0.21-9/x64
[34f0efad-0bbe-4fef-adec-d29f1e79d663/build]   | 
[34f0efad-0bbe-4fef-adec-d29f1e79d663/build]   â“  ::endgroup::
[34f0efad-0bbe-4fef-adec-d29f1e79d663/build]   â“ add-matcher /run/act/actions/actions-setup-java@v3/.github/java.json
[34f0efad-0bbe-4fef-adec-d29f1e79d663/build]   | Creating settings.xml with server-id: github
[34f0efad-0bbe-4fef-adec-d29f1e79d663/build]   | Writing to /home/runner/.m2/settings.xml
[34f0efad-0bbe-4fef-adec-d29f1e79d663/build]   âœ…  Success - Main actions/setup-java@v3
[34f0efad-0bbe-4fef-adec-d29f1e79d663/build]   âš™  ::set-env:: JAVA_HOME=/opt/hostedtoolcache/Java_Zulu_jdk/11.0.21-9/x64
[34f0efad-0bbe-4fef-adec-d29f1e79d663/build]   âš™  ::set-env:: JAVA_HOME_11_X64=/opt/hostedtoolcache/Java_Zulu_jdk/11.0.21-9/x64
[34f0efad-0bbe-4fef-adec-d29f1e79d663/build]   âš™  ::set-output:: distribution=Zulu
[34f0efad-0bbe-4fef-adec-d29f1e79d663/build]   âš™  ::set-output:: path=/opt/hostedtoolcache/Java_Zulu_jdk/11.0.21-9/x64
[34f0efad-0bbe-4fef-adec-d29f1e79d663/build]   âš™  ::set-output:: version=11.0.21+9
[34f0efad-0bbe-4fef-adec-d29f1e79d663/build]   âš™  ::add-path:: /opt/hostedtoolcache/Java_Zulu_jdk/11.0.21-9/x64/bin
[34f0efad-0bbe-4fef-adec-d29f1e79d663/build] unable to get git ref: failed to identify reference (tag/branch) for the checked-out revision '2bb447924b834693f4d97585f1e5e9e822b62fe3'
[34f0efad-0bbe-4fef-adec-d29f1e79d663/build] unable to get git ref: failed to identify reference (tag/branch) for the checked-out revision '2bb447924b834693f4d97585f1e5e9e822b62fe3'
[34f0efad-0bbe-4fef-adec-d29f1e79d663/build] unable to get git ref: failed to identify reference (tag/branch) for the checked-out revision '2bb447924b834693f4d97585f1e5e9e822b62fe3'
[34f0efad-0bbe-4fef-adec-d29f1e79d663/build] unable to get git ref: failed to identify reference (tag/branch) for the checked-out revision '2bb447924b834693f4d97585f1e5e9e822b62fe3'
[34f0efad-0bbe-4fef-adec-d29f1e79d663/build] unable to get git ref: failed to identify reference (tag/branch) for the checked-out revision '2bb447924b834693f4d97585f1e5e9e822b62fe3'
[34f0efad-0bbe-4fef-adec-d29f1e79d663/build] â­ Run Main ./gradlew build --no-daemon --warning-mode=fail
[34f0efad-0bbe-4fef-adec-d29f1e79d663/build] unable to get git ref: failed to identify reference (tag/branch) for the checked-out revision '2bb447924b834693f4d97585f1e5e9e822b62fe3'
[34f0efad-0bbe-4fef-adec-d29f1e79d663/build] unable to get git ref: failed to identify reference (tag/branch) for the checked-out revision '2bb447924b834693f4d97585f1e5e9e822b62fe3'
[34f0efad-0bbe-4fef-adec-d29f1e79d663/build] unable to get git ref: failed to identify reference (tag/branch) for the checked-out revision '2bb447924b834693f4d97585f1e5e9e822b62fe3'
[34f0efad-0bbe-4fef-adec-d29f1e79d663/build] unable to get git ref: failed to identify reference (tag/branch) for the checked-out revision '2bb447924b834693f4d97585f1e5e9e822b62fe3'
[34f0efad-0bbe-4fef-adec-d29f1e79d663/build]   ğŸ³  docker exec cmd=[bash --noprofile --norc -e -o pipefail /var/run/act/workflow/2] user= workdir=
[34f0efad-0bbe-4fef-adec-d29f1e79d663/build]   | Downloading https://services.gradle.org/distributions/gradle-7.5.1-bin.zip
[34f0efad-0bbe-4fef-adec-d29f1e79d663/build]   | ...........10%............20%...........30%............40%...........50%............60%...........70%............80%...........90%............100%
[34f0efad-0bbe-4fef-adec-d29f1e79d663/build]   | 
[34f0efad-0bbe-4fef-adec-d29f1e79d663/build]   | Welcome to Gradle 7.5.1!
[34f0efad-0bbe-4fef-adec-d29f1e79d663/build]   | 
[34f0efad-0bbe-4fef-adec-d29f1e79d663/build]   | Here are the highlights of this release:
[34f0efad-0bbe-4fef-adec-d29f1e79d663/build]   |  - Support for Java 18
[34f0efad-0bbe-4fef-adec-d29f1e79d663/build]   |  - Support for building with Groovy 4
[34f0efad-0bbe-4fef-adec-d29f1e79d663/build]   |  - Much more responsive continuous builds
[34f0efad-0bbe-4fef-adec-d29f1e79d663/build]   |  - Improved diagnostics for dependency resolution
[34f0efad-0bbe-4fef-adec-d29f1e79d663/build]   | 
[34f0efad-0bbe-4fef-adec-d29f1e79d663/build]   | For more details see https://docs.gradle.org/7.5.1/release-notes.html
[34f0efad-0bbe-4fef-adec-d29f1e79d663/build]   | 
[34f0efad-0bbe-4fef-adec-d29f1e79d663/build]   | To honour the JVM settings for this build a single-use Daemon process will be forked. See https://docs.gradle.org/7.5.1/userguide/gradle_daemon.html#sec:disabling_the_daemon.
[34f0efad-0bbe-4fef-adec-d29f1e79d663/build]   | Daemon will be stopped at the end of the build 
[34f0efad-0bbe-4fef-adec-d29f1e79d663/build]   | 
[34f0efad-0bbe-4fef-adec-d29f1e79d663/build]   | > Configure project :
[34f0efad-0bbe-4fef-adec-d29f1e79d663/build]   | Kordamp Enforcer Gradle plugin 0.10.0. Consider becoming a patron at https://www.patreon.com/aalmiray
[34f0efad-0bbe-4fef-adec-d29f1e79d663/build]   | 
[34f0efad-0bbe-4fef-adec-d29f1e79d663/build]   | > Task :copyDependencies
[34f0efad-0bbe-4fef-adec-d29f1e79d663/build]   | > Task :extractIncludeProto
[34f0efad-0bbe-4fef-adec-d29f1e79d663/build]   | > Task :extractProto
[34f0efad-0bbe-4fef-adec-d29f1e79d663/build]   | > Task :generateProto
[34f0efad-0bbe-4fef-adec-d29f1e79d663/build]   | > Task :compileJava
[34f0efad-0bbe-4fef-adec-d29f1e79d663/build]   | Note: Some input files use or override a deprecated API.
[34f0efad-0bbe-4fef-adec-d29f1e79d663/build]   | Note: Recompile with -Xlint:deprecation for details.
[34f0efad-0bbe-4fef-adec-d29f1e79d663/build]   | Note: Some input files use unchecked or unsafe operations.
[34f0efad-0bbe-4fef-adec-d29f1e79d663/build]   | Note: Recompile with -Xlint:unchecked for details.
[34f0efad-0bbe-4fef-adec-d29f1e79d663/build]   | 
[34f0efad-0bbe-4fef-adec-d29f1e79d663/build]   | > Task :processResources
[34f0efad-0bbe-4fef-adec-d29f1e79d663/build]   | > Task :classes
[34f0efad-0bbe-4fef-adec-d29f1e79d663/build]   | > Task :jar
[34f0efad-0bbe-4fef-adec-d29f1e79d663/build]   | > Task :assemble
[34f0efad-0bbe-4fef-adec-d29f1e79d663/build]   | > Task :extractIncludeTestProto
[34f0efad-0bbe-4fef-adec-d29f1e79d663/build]   | > Task :extractTestProto
[34f0efad-0bbe-4fef-adec-d29f1e79d663/build]   | > Task :generateTestProto NO-SOURCE
[34f0efad-0bbe-4fef-adec-d29f1e79d663/build]   | 
[34f0efad-0bbe-4fef-adec-d29f1e79d663/build]   | > Task :compileTestJava
[34f0efad-0bbe-4fef-adec-d29f1e79d663/build]   | Note: Some input files use or override a deprecated API.
[34f0efad-0bbe-4fef-adec-d29f1e79d663/build]   | Note: Recompile with -Xlint:deprecation for details.
[34f0efad-0bbe-4fef-adec-d29f1e79d663/build]   | 
[34f0efad-0bbe-4fef-adec-d29f1e79d663/build]   | > Task :processTestResources NO-SOURCE
[34f0efad-0bbe-4fef-adec-d29f1e79d663/build]   | > Task :testClasses
[34f0efad-0bbe-4fef-adec-d29f1e79d663/build]   | > Task :checkstyleTest SKIPPED
[34f0efad-0bbe-4fef-adec-d29f1e79d663/build]   | 
[34f0efad-0bbe-4fef-adec-d29f1e79d663/build]   | > Task :test
[34f0efad-0bbe-4fef-adec-d29f1e79d663/build]   | 
[34f0efad-0bbe-4fef-adec-d29f1e79d663/build]   | TzoneProtocolDecoderTest > testDecode() FAILED
[34f0efad-0bbe-4fef-adec-d29f1e79d663/build]   |     org.opentest4j.AssertionFailedError at TzoneProtocolDecoderTest.java:13
[34f0efad-0bbe-4fef-adec-d29f1e79d663/build]   | 
[34f0efad-0bbe-4fef-adec-d29f1e79d663/build]   | 494 tests completed, 1 failed, 23 skipped
[34f0efad-0bbe-4fef-adec-d29f1e79d663/build]   | 
[34f0efad-0bbe-4fef-adec-d29f1e79d663/build]   | > Task :test FAILED
[34f0efad-0bbe-4fef-adec-d29f1e79d663/build]   | > Task :checkstyleMain
[34f0efad-0bbe-4fef-adec-d29f1e79d663/build]   | 12 actionable tasks: 12 executed
[34f0efad-0bbe-4fef-adec-d29f1e79d663/build]   | 
[34f0efad-0bbe-4fef-adec-d29f1e79d663/build]   | FAILURE: Build failed with an exception.
[34f0efad-0bbe-4fef-adec-d29f1e79d663/build]   | 
[34f0efad-0bbe-4fef-adec-d29f1e79d663/build]   | * What went wrong:
[34f0efad-0bbe-4fef-adec-d29f1e79d663/build]   | Execution failed for task ':test'.
[34f0efad-0bbe-4fef-adec-d29f1e79d663/build]   | > There were failing tests. See the report at: file:///tmp/abbbe7d1-24ef-4158-861d-939f7b7367e4/build/reports/tests/test/index.html
[34f0efad-0bbe-4fef-adec-d29f1e79d663/build]   | 
[34f0efad-0bbe-4fef-adec-d29f1e79d663/build]   | * Try:
[34f0efad-0bbe-4fef-adec-d29f1e79d663/build]   | > Run with --stacktrace option to get the stack trace.
[34f0efad-0bbe-4fef-adec-d29f1e79d663/build]   | > Run with --info or --debug option to get more log output.
[34f0efad-0bbe-4fef-adec-d29f1e79d663/build]   | > Run with --scan to get full insights.
[34f0efad-0bbe-4fef-adec-d29f1e79d663/build]   | 
[34f0efad-0bbe-4fef-adec-d29f1e79d663/build]   | * Get more help at https://help.gradle.org
[34f0efad-0bbe-4fef-adec-d29f1e79d663/build]   | 
[34f0efad-0bbe-4fef-adec-d29f1e79d663/build]   | BUILD FAILED in 2m 23s
[34f0efad-0bbe-4fef-adec-d29f1e79d663/build]   âŒ  Failure - Main ./gradlew build --no-daemon --warning-mode=fail
[34f0efad-0bbe-4fef-adec-d29f1e79d663/build] exitcode '1': failure
[34f0efad-0bbe-4fef-adec-d29f1e79d663/build] unable to get git ref: failed to identify reference (tag/branch) for the checked-out revision '2bb447924b834693f4d97585f1e5e9e822b62fe3'
[34f0efad-0bbe-4fef-adec-d29f1e79d663/build] unable to get git ref: failed to identify reference (tag/branch) for the checked-out revision '2bb447924b834693f4d97585f1e5e9e822b62fe3'
[34f0efad-0bbe-4fef-adec-d29f1e79d663/build] unable to get git ref: failed to identify reference (tag/branch) for the checked-out revision '2bb447924b834693f4d97585f1e5e9e822b62fe3'
[34f0efad-0bbe-4fef-adec-d29f1e79d663/build] unable to get git ref: failed to identify reference (tag/branch) for the checked-out revision '2bb447924b834693f4d97585f1e5e9e822b62fe3'
[34f0efad-0bbe-4fef-adec-d29f1e79d663/build] unable to get git ref: failed to identify reference (tag/branch) for the checked-out revision '2bb447924b834693f4d97585f1e5e9e822b62fe3'
[34f0efad-0bbe-4fef-adec-d29f1e79d663/build] â­ Run Post actions/setup-java@v3
[34f0efad-0bbe-4fef-adec-d29f1e79d663/build]   ğŸ³  docker exec cmd=[node /var/run/act/actions/actions-setup-java@v3/dist/cleanup/index.js] user= workdir=
[34f0efad-0bbe-4fef-adec-d29f1e79d663/build]   âœ…  Success - Post actions/setup-java@v3
[34f0efad-0bbe-4fef-adec-d29f1e79d663/build] ğŸ  Job failed
[34f0efad-0bbe-4fef-adec-d29f1e79d663/build] unable to get git ref: failed to identify reference (tag/branch) for the checked-out revision '2bb447924b834693f4d97585f1e5e9e822b62fe3'
