[851d1643-5a12-4cb2-949c-4e76dc0c948c/build] ğŸš€  Start image=crawlergpt:latest
[851d1643-5a12-4cb2-949c-4e76dc0c948c/build]   ğŸ³  docker pull image=crawlergpt:latest platform= username= forcePull=false
[851d1643-5a12-4cb2-949c-4e76dc0c948c/build]   ğŸ³  docker create image=crawlergpt:latest platform= entrypoint=["tail" "-f" "/dev/null"] cmd=[]
[851d1643-5a12-4cb2-949c-4e76dc0c948c/build]   ğŸ³  docker run image=crawlergpt:latest platform= entrypoint=["tail" "-f" "/dev/null"] cmd=[]
[851d1643-5a12-4cb2-949c-4e76dc0c948c/build]   ğŸ³  docker exec cmd=[chown -R 1012:1013 /tmp/ccc0810e-9fed-41c2-81ab-91dc34202f4c] user=0 workdir=
[851d1643-5a12-4cb2-949c-4e76dc0c948c/build] unable to get git ref: failed to identify reference (tag/branch) for the checked-out revision 'c2babae1df549c6a795b63d08511d7baae000837'
[851d1643-5a12-4cb2-949c-4e76dc0c948c/build] unable to get git ref: failed to identify reference (tag/branch) for the checked-out revision 'c2babae1df549c6a795b63d08511d7baae000837'
[851d1643-5a12-4cb2-949c-4e76dc0c948c/build] unable to get git ref: failed to identify reference (tag/branch) for the checked-out revision 'c2babae1df549c6a795b63d08511d7baae000837'
[851d1643-5a12-4cb2-949c-4e76dc0c948c/build] unable to get git ref: failed to identify reference (tag/branch) for the checked-out revision 'c2babae1df549c6a795b63d08511d7baae000837'
[851d1643-5a12-4cb2-949c-4e76dc0c948c/build] unable to get git ref: failed to identify reference (tag/branch) for the checked-out revision 'c2babae1df549c6a795b63d08511d7baae000837'
[851d1643-5a12-4cb2-949c-4e76dc0c948c/build] unable to get git ref: failed to identify reference (tag/branch) for the checked-out revision 'c2babae1df549c6a795b63d08511d7baae000837'
[851d1643-5a12-4cb2-949c-4e76dc0c948c/build] unable to get git ref: failed to identify reference (tag/branch) for the checked-out revision 'c2babae1df549c6a795b63d08511d7baae000837'
[851d1643-5a12-4cb2-949c-4e76dc0c948c/build] unable to get git ref: failed to identify reference (tag/branch) for the checked-out revision 'c2babae1df549c6a795b63d08511d7baae000837'
[851d1643-5a12-4cb2-949c-4e76dc0c948c/build] unable to get git ref: failed to identify reference (tag/branch) for the checked-out revision 'c2babae1df549c6a795b63d08511d7baae000837'
[851d1643-5a12-4cb2-949c-4e76dc0c948c/build] â­ Run Main actions/checkout@v2
[851d1643-5a12-4cb2-949c-4e76dc0c948c/build] unable to get git ref: failed to identify reference (tag/branch) for the checked-out revision 'c2babae1df549c6a795b63d08511d7baae000837'
[851d1643-5a12-4cb2-949c-4e76dc0c948c/build]   âœ…  Success - Main actions/checkout@v2
[851d1643-5a12-4cb2-949c-4e76dc0c948c/build] unable to get git ref: failed to identify reference (tag/branch) for the checked-out revision 'c2babae1df549c6a795b63d08511d7baae000837'
[851d1643-5a12-4cb2-949c-4e76dc0c948c/build] unable to get git ref: failed to identify reference (tag/branch) for the checked-out revision 'c2babae1df549c6a795b63d08511d7baae000837'
[851d1643-5a12-4cb2-949c-4e76dc0c948c/build] unable to get git ref: failed to identify reference (tag/branch) for the checked-out revision 'c2babae1df549c6a795b63d08511d7baae000837'
[851d1643-5a12-4cb2-949c-4e76dc0c948c/build] unable to get git ref: failed to identify reference (tag/branch) for the checked-out revision 'c2babae1df549c6a795b63d08511d7baae000837'
[851d1643-5a12-4cb2-949c-4e76dc0c948c/build] unable to get git ref: failed to identify reference (tag/branch) for the checked-out revision 'c2babae1df549c6a795b63d08511d7baae000837'
[851d1643-5a12-4cb2-949c-4e76dc0c948c/build] â­ Run Main Set up JDK 1.8
[851d1643-5a12-4cb2-949c-4e76dc0c948c/build] unable to get git ref: failed to identify reference (tag/branch) for the checked-out revision 'c2babae1df549c6a795b63d08511d7baae000837'
[851d1643-5a12-4cb2-949c-4e76dc0c948c/build] unable to get git ref: failed to identify reference (tag/branch) for the checked-out revision 'c2babae1df549c6a795b63d08511d7baae000837'
[851d1643-5a12-4cb2-949c-4e76dc0c948c/build] unable to get git ref: failed to identify reference (tag/branch) for the checked-out revision 'c2babae1df549c6a795b63d08511d7baae000837'
[851d1643-5a12-4cb2-949c-4e76dc0c948c/build]   ğŸ³  docker cp src=/tmp/act-cache/b23a3d76-3b65-4a67-b1bb-f4c97eeae260/act/actions-setup-java@v1/ dst=/var/run/act/actions/actions-setup-java@v1/
[851d1643-5a12-4cb2-949c-4e76dc0c948c/build]   ğŸ³  docker exec cmd=[chown -R 1012:1013 /var/run/act/actions/actions-setup-java@v1/] user=0 workdir=
[851d1643-5a12-4cb2-949c-4e76dc0c948c/build]   ğŸ³  docker exec cmd=[node /var/run/act/actions/actions-setup-java@v1/dist/setup/index.js] user= workdir=
[851d1643-5a12-4cb2-949c-4e76dc0c948c/build]   ğŸ’¬  ::debug::isExplicit: 
[851d1643-5a12-4cb2-949c-4e76dc0c948c/build]   ğŸ’¬  ::debug::explicit? false
[851d1643-5a12-4cb2-949c-4e76dc0c948c/build]   ğŸ’¬  ::debug::evaluating 0 versions
[851d1643-5a12-4cb2-949c-4e76dc0c948c/build]   ğŸ’¬  ::debug::match not found
[851d1643-5a12-4cb2-949c-4e76dc0c948c/build]   ğŸ’¬  ::debug::Downloading JDK from Azul
[851d1643-5a12-4cb2-949c-4e76dc0c948c/build]   ğŸ’¬  ::debug::Searching for files with extension: -linux_x64.tar.gz
[851d1643-5a12-4cb2-949c-4e76dc0c948c/build]   ğŸ’¬  ::debug::Downloading https://static.azul.com/zulu/bin/zulu8.70.0.23-ca-jdk8.0.372-linux_x64.tar.gz
[851d1643-5a12-4cb2-949c-4e76dc0c948c/build]   ğŸ’¬  ::debug::Downloading /tmp/7a0fee13-8923-40b7-bc1c-0887a6586e46
[851d1643-5a12-4cb2-949c-4e76dc0c948c/build]   ğŸ’¬  ::debug::download complete
[851d1643-5a12-4cb2-949c-4e76dc0c948c/build]   | [command]/usr/bin/tar --version
[851d1643-5a12-4cb2-949c-4e76dc0c948c/build]   | tar (GNU tar) 1.30
[851d1643-5a12-4cb2-949c-4e76dc0c948c/build]   | Copyright (C) 2017 Free Software Foundation, Inc.
[851d1643-5a12-4cb2-949c-4e76dc0c948c/build]   | License GPLv3+: GNU GPL version 3 or later <https://gnu.org/licenses/gpl.html>.
[851d1643-5a12-4cb2-949c-4e76dc0c948c/build]   | This is free software: you are free to change and redistribute it.
[851d1643-5a12-4cb2-949c-4e76dc0c948c/build]   | There is NO WARRANTY, to the extent permitted by law.
[851d1643-5a12-4cb2-949c-4e76dc0c948c/build]   | 
[851d1643-5a12-4cb2-949c-4e76dc0c948c/build]   | Written by John Gilmore and Jay Fenlason.
[851d1643-5a12-4cb2-949c-4e76dc0c948c/build]   | [command]/usr/bin/tar xz --warning=no-unknown-keyword -C /tmp/temp_691813362 -f /tmp/7a0fee13-8923-40b7-bc1c-0887a6586e46
[851d1643-5a12-4cb2-949c-4e76dc0c948c/build]   ğŸ’¬  ::debug::jdk extracted to /tmp/temp_691813362/zulu8.70.0.23-ca-jdk8.0.372-linux_x64
[851d1643-5a12-4cb2-949c-4e76dc0c948c/build]   ğŸ’¬  ::debug::Caching tool jdk 8.0.372 x64
[851d1643-5a12-4cb2-949c-4e76dc0c948c/build]   ğŸ’¬  ::debug::source dir: /tmp/temp_691813362/zulu8.70.0.23-ca-jdk8.0.372-linux_x64
[851d1643-5a12-4cb2-949c-4e76dc0c948c/build]   ğŸ’¬  ::debug::destination /opt/hostedtoolcache/jdk/8.0.372/x64
[851d1643-5a12-4cb2-949c-4e76dc0c948c/build]   ğŸ’¬  ::debug::finished caching tool
[851d1643-5a12-4cb2-949c-4e76dc0c948c/build]   â“ add-matcher /run/act/actions/actions-setup-java@v1/.github/java.json
[851d1643-5a12-4cb2-949c-4e76dc0c948c/build]   | creating settings.xml with server-id: github; environment variables: username=$GITHUB_ACTOR, password=$GITHUB_TOKEN, and gpg-passphrase=null
[851d1643-5a12-4cb2-949c-4e76dc0c948c/build]   ğŸ’¬  ::debug::created directory /home/runneradmin/.m2
[851d1643-5a12-4cb2-949c-4e76dc0c948c/build]   | writing /home/runneradmin/.m2/settings.xml
[851d1643-5a12-4cb2-949c-4e76dc0c948c/build]   âœ…  Success - Main Set up JDK 1.8
[851d1643-5a12-4cb2-949c-4e76dc0c948c/build]   âš™  ::set-env:: JAVA_HOME=/opt/hostedtoolcache/jdk/8.0.372/x64
[851d1643-5a12-4cb2-949c-4e76dc0c948c/build]   âš™  ::set-env:: JAVA_HOME_8_0_372_X64=/opt/hostedtoolcache/jdk/8.0.372/x64
[851d1643-5a12-4cb2-949c-4e76dc0c948c/build]   âš™  ::set-env:: JAVA_HOME_8.0.372_x64=/opt/hostedtoolcache/jdk/8.0.372/x64
[851d1643-5a12-4cb2-949c-4e76dc0c948c/build]   âš™  ::set-output:: path=/opt/hostedtoolcache/jdk/8.0.372/x64
[851d1643-5a12-4cb2-949c-4e76dc0c948c/build]   âš™  ::set-output:: version=8.0.372
[851d1643-5a12-4cb2-949c-4e76dc0c948c/build]   âš™  ::add-path:: /opt/hostedtoolcache/jdk/8.0.372/x64/bin
[851d1643-5a12-4cb2-949c-4e76dc0c948c/build] unable to get git ref: failed to identify reference (tag/branch) for the checked-out revision 'c2babae1df549c6a795b63d08511d7baae000837'
[851d1643-5a12-4cb2-949c-4e76dc0c948c/build] unable to get git ref: failed to identify reference (tag/branch) for the checked-out revision 'c2babae1df549c6a795b63d08511d7baae000837'
[851d1643-5a12-4cb2-949c-4e76dc0c948c/build] unable to get git ref: failed to identify reference (tag/branch) for the checked-out revision 'c2babae1df549c6a795b63d08511d7baae000837'
[851d1643-5a12-4cb2-949c-4e76dc0c948c/build] unable to get git ref: failed to identify reference (tag/branch) for the checked-out revision 'c2babae1df549c6a795b63d08511d7baae000837'
[851d1643-5a12-4cb2-949c-4e76dc0c948c/build] unable to get git ref: failed to identify reference (tag/branch) for the checked-out revision 'c2babae1df549c6a795b63d08511d7baae000837'
[851d1643-5a12-4cb2-949c-4e76dc0c948c/build] â­ Run Main Build with Gradle
[851d1643-5a12-4cb2-949c-4e76dc0c948c/build] unable to get git ref: failed to identify reference (tag/branch) for the checked-out revision 'c2babae1df549c6a795b63d08511d7baae000837'
[851d1643-5a12-4cb2-949c-4e76dc0c948c/build] unable to get git ref: failed to identify reference (tag/branch) for the checked-out revision 'c2babae1df549c6a795b63d08511d7baae000837'
[851d1643-5a12-4cb2-949c-4e76dc0c948c/build] unable to get git ref: failed to identify reference (tag/branch) for the checked-out revision 'c2babae1df549c6a795b63d08511d7baae000837'
[851d1643-5a12-4cb2-949c-4e76dc0c948c/build] unable to get git ref: failed to identify reference (tag/branch) for the checked-out revision 'c2babae1df549c6a795b63d08511d7baae000837'
[851d1643-5a12-4cb2-949c-4e76dc0c948c/build]   ğŸ³  docker exec cmd=[bash --noprofile --norc -e -o pipefail /var/run/act/workflow/2] user= workdir=
[851d1643-5a12-4cb2-949c-4e76dc0c948c/build]   | Downloading https://services.gradle.org/distributions/gradle-5.2.1-bin.zip
[851d1643-5a12-4cb2-949c-4e76dc0c948c/build]   | ...................................................................................
[851d1643-5a12-4cb2-949c-4e76dc0c948c/build]   | 
[851d1643-5a12-4cb2-949c-4e76dc0c948c/build]   | Welcome to Gradle 5.2.1!
[851d1643-5a12-4cb2-949c-4e76dc0c948c/build]   | 
[851d1643-5a12-4cb2-949c-4e76dc0c948c/build]   | Here are the highlights of this release:
[851d1643-5a12-4cb2-949c-4e76dc0c948c/build]   |  - Define sets of dependencies that work together with Java Platform plugin
[851d1643-5a12-4cb2-949c-4e76dc0c948c/build]   |  - New C++ plugins with dependency management built-in
[851d1643-5a12-4cb2-949c-4e76dc0c948c/build]   |  - New C++ project types for gradle init
[851d1643-5a12-4cb2-949c-4e76dc0c948c/build]   |  - Service injection into plugins and project extensions
[851d1643-5a12-4cb2-949c-4e76dc0c948c/build]   | 
[851d1643-5a12-4cb2-949c-4e76dc0c948c/build]   | For more details see https://docs.gradle.org/5.2.1/release-notes.html
[851d1643-5a12-4cb2-949c-4e76dc0c948c/build]   | 
[851d1643-5a12-4cb2-949c-4e76dc0c948c/build]   | Starting a Gradle Daemon (subsequent builds will be faster)
[851d1643-5a12-4cb2-949c-4e76dc0c948c/build]   | > Task :compileJava UP-TO-DATE
[851d1643-5a12-4cb2-949c-4e76dc0c948c/build]   | > Task :processResources NO-SOURCE
[851d1643-5a12-4cb2-949c-4e76dc0c948c/build]   | > Task :classes UP-TO-DATE
[851d1643-5a12-4cb2-949c-4e76dc0c948c/build]   | > Task :jar UP-TO-DATE
[851d1643-5a12-4cb2-949c-4e76dc0c948c/build]   | > Task :javadoc UP-TO-DATE
[851d1643-5a12-4cb2-949c-4e76dc0c948c/build]   | > Task :javadocJar UP-TO-DATE
[851d1643-5a12-4cb2-949c-4e76dc0c948c/build]   | > Task :sourcesJar UP-TO-DATE
[851d1643-5a12-4cb2-949c-4e76dc0c948c/build]   | > Task :assemble UP-TO-DATE
[851d1643-5a12-4cb2-949c-4e76dc0c948c/build]   | > Task :checkstyleMain UP-TO-DATE
[851d1643-5a12-4cb2-949c-4e76dc0c948c/build]   | 
[851d1643-5a12-4cb2-949c-4e76dc0c948c/build]   | > Task :compileTestJava
[851d1643-5a12-4cb2-949c-4e76dc0c948c/build]   | warning: [options] bootstrap class path not set in conjunction with -source 1.7
[851d1643-5a12-4cb2-949c-4e76dc0c948c/build]   | 1 warning
[851d1643-5a12-4cb2-949c-4e76dc0c948c/build]   | 
[851d1643-5a12-4cb2-949c-4e76dc0c948c/build]   | > Task :processTestResources UP-TO-DATE
[851d1643-5a12-4cb2-949c-4e76dc0c948c/build]   | > Task :testClasses
[851d1643-5a12-4cb2-949c-4e76dc0c948c/build]   | > Task :checkstyleTest
[851d1643-5a12-4cb2-949c-4e76dc0c948c/build]   | > Task :spotbugsMain UP-TO-DATE
[851d1643-5a12-4cb2-949c-4e76dc0c948c/build]   | 
[851d1643-5a12-4cb2-949c-4e76dc0c948c/build]   | > Task :test FAILED
[851d1643-5a12-4cb2-949c-4e76dc0c948c/build]   | 
[851d1643-5a12-4cb2-949c-4e76dc0c948c/build]   | de.siegmar.logbackgelf.GelfEncoderTest > multipleMarker FAILED
[851d1643-5a12-4cb2-949c-4e76dc0c948c/build]   |     org.junit.ComparisonFailure at GelfEncoderTest.java:417
[851d1643-5a12-4cb2-949c-4e76dc0c948c/build]   | 
[851d1643-5a12-4cb2-949c-4e76dc0c948c/build]   | 40 tests completed, 1 failed
[851d1643-5a12-4cb2-949c-4e76dc0c948c/build]   | 
[851d1643-5a12-4cb2-949c-4e76dc0c948c/build]   | > Task :spotbugsTest
[851d1643-5a12-4cb2-949c-4e76dc0c948c/build]   | 
[851d1643-5a12-4cb2-949c-4e76dc0c948c/build]   | FAILURE: Build failed with an exception.
[851d1643-5a12-4cb2-949c-4e76dc0c948c/build]   | 
[851d1643-5a12-4cb2-949c-4e76dc0c948c/build]   | * What went wrong:
[851d1643-5a12-4cb2-949c-4e76dc0c948c/build]   | Execution failed for task ':test'.
[851d1643-5a12-4cb2-949c-4e76dc0c948c/build]   | > There were failing tests. See the report at: file:///tmp/ccc0810e-9fed-41c2-81ab-91dc34202f4c/build/reports/tests/test/index.html
[851d1643-5a12-4cb2-949c-4e76dc0c948c/build]   | 
[851d1643-5a12-4cb2-949c-4e76dc0c948c/build]   | * Try:
[851d1643-5a12-4cb2-949c-4e76dc0c948c/build]   | Run with --stacktrace option to get the stack trace. Run with --info or --debug option to get more log output. Run with --scan to get full insights.
[851d1643-5a12-4cb2-949c-4e76dc0c948c/build]   | 
[851d1643-5a12-4cb2-949c-4e76dc0c948c/build]   | * Get more help at https://help.gradle.org
[851d1643-5a12-4cb2-949c-4e76dc0c948c/build]   | 
[851d1643-5a12-4cb2-949c-4e76dc0c948c/build]   | BUILD FAILED in 28s
[851d1643-5a12-4cb2-949c-4e76dc0c948c/build]   | 12 actionable tasks: 4 executed, 8 up-to-date
[851d1643-5a12-4cb2-949c-4e76dc0c948c/build]   âŒ  Failure - Main Build with Gradle
[851d1643-5a12-4cb2-949c-4e76dc0c948c/build] exitcode '1': failure
[851d1643-5a12-4cb2-949c-4e76dc0c948c/build] unable to get git ref: failed to identify reference (tag/branch) for the checked-out revision 'c2babae1df549c6a795b63d08511d7baae000837'
[851d1643-5a12-4cb2-949c-4e76dc0c948c/build] unable to get git ref: failed to identify reference (tag/branch) for the checked-out revision 'c2babae1df549c6a795b63d08511d7baae000837'
[851d1643-5a12-4cb2-949c-4e76dc0c948c/build] unable to get git ref: failed to identify reference (tag/branch) for the checked-out revision 'c2babae1df549c6a795b63d08511d7baae000837'
[851d1643-5a12-4cb2-949c-4e76dc0c948c/build] unable to get git ref: failed to identify reference (tag/branch) for the checked-out revision 'c2babae1df549c6a795b63d08511d7baae000837'
[851d1643-5a12-4cb2-949c-4e76dc0c948c/build] unable to get git ref: failed to identify reference (tag/branch) for the checked-out revision 'c2babae1df549c6a795b63d08511d7baae000837'
[851d1643-5a12-4cb2-949c-4e76dc0c948c/build] â­ Run Post Set up JDK 1.8
[851d1643-5a12-4cb2-949c-4e76dc0c948c/build]   ğŸ³  docker exec cmd=[node /var/run/act/actions/actions-setup-java@v1/dist/cleanup/index.js] user= workdir=
[851d1643-5a12-4cb2-949c-4e76dc0c948c/build]   âœ…  Success - Post Set up JDK 1.8
[851d1643-5a12-4cb2-949c-4e76dc0c948c/build] ğŸ  Job failed
[851d1643-5a12-4cb2-949c-4e76dc0c948c/build] unable to get git ref: failed to identify reference (tag/branch) for the checked-out revision 'c2babae1df549c6a795b63d08511d7baae000837'
