[ee3327a4-76ba-4cd0-a9dc-7f5d63792942/build] üöÄ  Start image=crawlergpt:latest
[ee3327a4-76ba-4cd0-a9dc-7f5d63792942/build]   üê≥  docker pull image=crawlergpt:latest platform= username= forcePull=false
[ee3327a4-76ba-4cd0-a9dc-7f5d63792942/build]   üê≥  docker create image=crawlergpt:latest platform= entrypoint=["tail" "-f" "/dev/null"] cmd=[]
[ee3327a4-76ba-4cd0-a9dc-7f5d63792942/build]   üê≥  docker run image=crawlergpt:latest platform= entrypoint=["tail" "-f" "/dev/null"] cmd=[]
[ee3327a4-76ba-4cd0-a9dc-7f5d63792942/build]   üê≥  docker exec cmd=[chown -R 1012:1013 /tmp/e07a257c-9567-4a9a-bf69-26fa2b515f95] user=0 workdir=
[ee3327a4-76ba-4cd0-a9dc-7f5d63792942/build] unable to get git ref: failed to identify reference (tag/branch) for the checked-out revision '313509a2002fb55f2d38ab501b25bdb30e657498'
[ee3327a4-76ba-4cd0-a9dc-7f5d63792942/build] unable to get git ref: failed to identify reference (tag/branch) for the checked-out revision '313509a2002fb55f2d38ab501b25bdb30e657498'
[ee3327a4-76ba-4cd0-a9dc-7f5d63792942/build] unable to get git ref: failed to identify reference (tag/branch) for the checked-out revision '313509a2002fb55f2d38ab501b25bdb30e657498'
[ee3327a4-76ba-4cd0-a9dc-7f5d63792942/build] unable to get git ref: failed to identify reference (tag/branch) for the checked-out revision '313509a2002fb55f2d38ab501b25bdb30e657498'
[ee3327a4-76ba-4cd0-a9dc-7f5d63792942/build] unable to get git ref: failed to identify reference (tag/branch) for the checked-out revision '313509a2002fb55f2d38ab501b25bdb30e657498'
[ee3327a4-76ba-4cd0-a9dc-7f5d63792942/build] unable to get git ref: failed to identify reference (tag/branch) for the checked-out revision '313509a2002fb55f2d38ab501b25bdb30e657498'
[ee3327a4-76ba-4cd0-a9dc-7f5d63792942/build] unable to get git ref: failed to identify reference (tag/branch) for the checked-out revision '313509a2002fb55f2d38ab501b25bdb30e657498'
[ee3327a4-76ba-4cd0-a9dc-7f5d63792942/build] unable to get git ref: failed to identify reference (tag/branch) for the checked-out revision '313509a2002fb55f2d38ab501b25bdb30e657498'
[ee3327a4-76ba-4cd0-a9dc-7f5d63792942/build] unable to get git ref: failed to identify reference (tag/branch) for the checked-out revision '313509a2002fb55f2d38ab501b25bdb30e657498'
[ee3327a4-76ba-4cd0-a9dc-7f5d63792942/build] ‚≠ê Run Main actions/checkout@v1
[ee3327a4-76ba-4cd0-a9dc-7f5d63792942/build] unable to get git ref: failed to identify reference (tag/branch) for the checked-out revision '313509a2002fb55f2d38ab501b25bdb30e657498'
[ee3327a4-76ba-4cd0-a9dc-7f5d63792942/build]   ‚úÖ  Success - Main actions/checkout@v1
[ee3327a4-76ba-4cd0-a9dc-7f5d63792942/build] unable to get git ref: failed to identify reference (tag/branch) for the checked-out revision '313509a2002fb55f2d38ab501b25bdb30e657498'
[ee3327a4-76ba-4cd0-a9dc-7f5d63792942/build] unable to get git ref: failed to identify reference (tag/branch) for the checked-out revision '313509a2002fb55f2d38ab501b25bdb30e657498'
[ee3327a4-76ba-4cd0-a9dc-7f5d63792942/build] unable to get git ref: failed to identify reference (tag/branch) for the checked-out revision '313509a2002fb55f2d38ab501b25bdb30e657498'
[ee3327a4-76ba-4cd0-a9dc-7f5d63792942/build] unable to get git ref: failed to identify reference (tag/branch) for the checked-out revision '313509a2002fb55f2d38ab501b25bdb30e657498'
[ee3327a4-76ba-4cd0-a9dc-7f5d63792942/build] unable to get git ref: failed to identify reference (tag/branch) for the checked-out revision '313509a2002fb55f2d38ab501b25bdb30e657498'
[ee3327a4-76ba-4cd0-a9dc-7f5d63792942/build] ‚≠ê Run Main Set up JDK 1.11
[ee3327a4-76ba-4cd0-a9dc-7f5d63792942/build] unable to get git ref: failed to identify reference (tag/branch) for the checked-out revision '313509a2002fb55f2d38ab501b25bdb30e657498'
[ee3327a4-76ba-4cd0-a9dc-7f5d63792942/build] unable to get git ref: failed to identify reference (tag/branch) for the checked-out revision '313509a2002fb55f2d38ab501b25bdb30e657498'
[ee3327a4-76ba-4cd0-a9dc-7f5d63792942/build] unable to get git ref: failed to identify reference (tag/branch) for the checked-out revision '313509a2002fb55f2d38ab501b25bdb30e657498'
[ee3327a4-76ba-4cd0-a9dc-7f5d63792942/build]   üê≥  docker cp src=/tmp/act-cache/88d7b837-ce33-40b6-a1fc-0ae762f22a18/act/actions-setup-java@v1/ dst=/var/run/act/actions/actions-setup-java@v1/
[ee3327a4-76ba-4cd0-a9dc-7f5d63792942/build]   üê≥  docker exec cmd=[chown -R 1012:1013 /var/run/act/actions/actions-setup-java@v1/] user=0 workdir=
[ee3327a4-76ba-4cd0-a9dc-7f5d63792942/build]   üê≥  docker exec cmd=[node /var/run/act/actions/actions-setup-java@v1/dist/setup/index.js] user= workdir=
[ee3327a4-76ba-4cd0-a9dc-7f5d63792942/build]   üí¨  ::debug::isExplicit: 
[ee3327a4-76ba-4cd0-a9dc-7f5d63792942/build]   üí¨  ::debug::explicit? false
[ee3327a4-76ba-4cd0-a9dc-7f5d63792942/build]   üí¨  ::debug::evaluating 0 versions
[ee3327a4-76ba-4cd0-a9dc-7f5d63792942/build]   üí¨  ::debug::match not found
[ee3327a4-76ba-4cd0-a9dc-7f5d63792942/build]   üí¨  ::debug::Downloading JDK from Azul
[ee3327a4-76ba-4cd0-a9dc-7f5d63792942/build]   üí¨  ::debug::Searching for files with extension: -linux_x64.tar.gz
[ee3327a4-76ba-4cd0-a9dc-7f5d63792942/build]   üí¨  ::debug::Downloading https://static.azul.com/zulu/bin/zulu11.64.19-ca-jdk11.0.19-linux_x64.tar.gz
[ee3327a4-76ba-4cd0-a9dc-7f5d63792942/build]   üí¨  ::debug::Downloading /tmp/f8f6349b-7b76-4b99-8295-e08ad73a2207
[ee3327a4-76ba-4cd0-a9dc-7f5d63792942/build]   üí¨  ::debug::download complete
[ee3327a4-76ba-4cd0-a9dc-7f5d63792942/build]   | [command]/usr/bin/tar --version
[ee3327a4-76ba-4cd0-a9dc-7f5d63792942/build]   | tar (GNU tar) 1.30
[ee3327a4-76ba-4cd0-a9dc-7f5d63792942/build]   | Copyright (C) 2017 Free Software Foundation, Inc.
[ee3327a4-76ba-4cd0-a9dc-7f5d63792942/build]   | License GPLv3+: GNU GPL version 3 or later <https://gnu.org/licenses/gpl.html>.
[ee3327a4-76ba-4cd0-a9dc-7f5d63792942/build]   | This is free software: you are free to change and redistribute it.
[ee3327a4-76ba-4cd0-a9dc-7f5d63792942/build]   | There is NO WARRANTY, to the extent permitted by law.
[ee3327a4-76ba-4cd0-a9dc-7f5d63792942/build]   | 
[ee3327a4-76ba-4cd0-a9dc-7f5d63792942/build]   | Written by John Gilmore and Jay Fenlason.
[ee3327a4-76ba-4cd0-a9dc-7f5d63792942/build]   | [command]/usr/bin/tar xz --warning=no-unknown-keyword -C /tmp/temp_145491365 -f /tmp/f8f6349b-7b76-4b99-8295-e08ad73a2207
[ee3327a4-76ba-4cd0-a9dc-7f5d63792942/build]   üí¨  ::debug::jdk extracted to /tmp/temp_145491365/zulu11.64.19-ca-jdk11.0.19-linux_x64
[ee3327a4-76ba-4cd0-a9dc-7f5d63792942/build]   üí¨  ::debug::Caching tool jdk 11.0.19 x64
[ee3327a4-76ba-4cd0-a9dc-7f5d63792942/build]   üí¨  ::debug::source dir: /tmp/temp_145491365/zulu11.64.19-ca-jdk11.0.19-linux_x64
[ee3327a4-76ba-4cd0-a9dc-7f5d63792942/build]   üí¨  ::debug::destination /opt/hostedtoolcache/jdk/11.0.19/x64
[ee3327a4-76ba-4cd0-a9dc-7f5d63792942/build]   üí¨  ::debug::finished caching tool
[ee3327a4-76ba-4cd0-a9dc-7f5d63792942/build]   ‚ùì add-matcher /run/act/actions/actions-setup-java@v1/.github/java.json
[ee3327a4-76ba-4cd0-a9dc-7f5d63792942/build]   | creating settings.xml with server-id: github; environment variables: username=$GITHUB_ACTOR, password=$GITHUB_TOKEN, and gpg-passphrase=null
[ee3327a4-76ba-4cd0-a9dc-7f5d63792942/build]   üí¨  ::debug::created directory /home/runneradmin/.m2
[ee3327a4-76ba-4cd0-a9dc-7f5d63792942/build]   | writing /home/runneradmin/.m2/settings.xml
[ee3327a4-76ba-4cd0-a9dc-7f5d63792942/build]   ‚úÖ  Success - Main Set up JDK 1.11
[ee3327a4-76ba-4cd0-a9dc-7f5d63792942/build]   ‚öô  ::set-env:: JAVA_HOME_11_0_19_X64=/opt/hostedtoolcache/jdk/11.0.19/x64
[ee3327a4-76ba-4cd0-a9dc-7f5d63792942/build]   ‚öô  ::set-env:: JAVA_HOME_11.0.19_x64=/opt/hostedtoolcache/jdk/11.0.19/x64
[ee3327a4-76ba-4cd0-a9dc-7f5d63792942/build]   ‚öô  ::set-env:: JAVA_HOME=/opt/hostedtoolcache/jdk/11.0.19/x64
[ee3327a4-76ba-4cd0-a9dc-7f5d63792942/build]   ‚öô  ::set-output:: path=/opt/hostedtoolcache/jdk/11.0.19/x64
[ee3327a4-76ba-4cd0-a9dc-7f5d63792942/build]   ‚öô  ::set-output:: version=11.0.19
[ee3327a4-76ba-4cd0-a9dc-7f5d63792942/build]   ‚öô  ::add-path:: /opt/hostedtoolcache/jdk/11.0.19/x64/bin
[ee3327a4-76ba-4cd0-a9dc-7f5d63792942/build] unable to get git ref: failed to identify reference (tag/branch) for the checked-out revision '313509a2002fb55f2d38ab501b25bdb30e657498'
[ee3327a4-76ba-4cd0-a9dc-7f5d63792942/build] unable to get git ref: failed to identify reference (tag/branch) for the checked-out revision '313509a2002fb55f2d38ab501b25bdb30e657498'
[ee3327a4-76ba-4cd0-a9dc-7f5d63792942/build] unable to get git ref: failed to identify reference (tag/branch) for the checked-out revision '313509a2002fb55f2d38ab501b25bdb30e657498'
[ee3327a4-76ba-4cd0-a9dc-7f5d63792942/build] unable to get git ref: failed to identify reference (tag/branch) for the checked-out revision '313509a2002fb55f2d38ab501b25bdb30e657498'
[ee3327a4-76ba-4cd0-a9dc-7f5d63792942/build] unable to get git ref: failed to identify reference (tag/branch) for the checked-out revision '313509a2002fb55f2d38ab501b25bdb30e657498'
[ee3327a4-76ba-4cd0-a9dc-7f5d63792942/build] ‚≠ê Run Main Build with Maven
[ee3327a4-76ba-4cd0-a9dc-7f5d63792942/build] unable to get git ref: failed to identify reference (tag/branch) for the checked-out revision '313509a2002fb55f2d38ab501b25bdb30e657498'
[ee3327a4-76ba-4cd0-a9dc-7f5d63792942/build] unable to get git ref: failed to identify reference (tag/branch) for the checked-out revision '313509a2002fb55f2d38ab501b25bdb30e657498'
[ee3327a4-76ba-4cd0-a9dc-7f5d63792942/build] unable to get git ref: failed to identify reference (tag/branch) for the checked-out revision '313509a2002fb55f2d38ab501b25bdb30e657498'
[ee3327a4-76ba-4cd0-a9dc-7f5d63792942/build] unable to get git ref: failed to identify reference (tag/branch) for the checked-out revision '313509a2002fb55f2d38ab501b25bdb30e657498'
[ee3327a4-76ba-4cd0-a9dc-7f5d63792942/build]   üê≥  docker exec cmd=[bash --noprofile --norc -e -o pipefail /var/run/act/workflow/2] user= workdir=
[ee3327a4-76ba-4cd0-a9dc-7f5d63792942/build]   | [INFO] Scanning for projects...
[ee3327a4-76ba-4cd0-a9dc-7f5d63792942/build]   | [INFO] 
[ee3327a4-76ba-4cd0-a9dc-7f5d63792942/build]   | [INFO] -------------------< com.searchcode.app:searchcode >--------------------
[ee3327a4-76ba-4cd0-a9dc-7f5d63792942/build]   | [INFO] Building searchcode 1.3.13
[ee3327a4-76ba-4cd0-a9dc-7f5d63792942/build]   | [INFO] --------------------------------[ jar ]---------------------------------
[ee3327a4-76ba-4cd0-a9dc-7f5d63792942/build]   | [INFO] Downloading from central: https://repo.maven.apache.org/maven2/io/github/zlika/reproducible-build-maven-plugin/0.4/reproducible-build-maven-plugin-0.4.pom
[ee3327a4-76ba-4cd0-a9dc-7f5d63792942/build]   | [INFO] Downloaded from central: https://repo.maven.apache.org/maven2/io/github/zlika/reproducible-build-maven-plugin/0.4/reproducible-build-maven-plugin-0.4.pom (17 kB at 27 kB/s)
[ee3327a4-76ba-4cd0-a9dc-7f5d63792942/build]   | [INFO] Downloading from central: https://repo.maven.apache.org/maven2/io/github/zlika/reproducible-build-maven-plugin/0.4/reproducible-build-maven-plugin-0.4.jar
[ee3327a4-76ba-4cd0-a9dc-7f5d63792942/build]   | [INFO] Downloaded from central: https://repo.maven.apache.org/maven2/io/github/zlika/reproducible-build-maven-plugin/0.4/reproducible-build-maven-plugin-0.4.jar (32 kB at 405 kB/s)
[ee3327a4-76ba-4cd0-a9dc-7f5d63792942/build]   | [INFO] Downloading from central: https://repo.maven.apache.org/maven2/org/apache/maven/plugins/maven-resources-plugin/2.6/maven-resources-plugin-2.6.pom
[ee3327a4-76ba-4cd0-a9dc-7f5d63792942/build]   | [INFO] Downloaded from central: https://repo.maven.apache.org/maven2/org/apache/maven/plugins/maven-resources-plugin/2.6/maven-resources-plugin-2.6.pom (8.1 kB at 232 kB/s)
[ee3327a4-76ba-4cd0-a9dc-7f5d63792942/build]   | [INFO] Downloading from central: https://repo.maven.apache.org/maven2/org/apache/maven/plugins/maven-plugins/23/maven-plugins-23.pom
[ee3327a4-76ba-4cd0-a9dc-7f5d63792942/build]   | [INFO] Downloaded from central: https://repo.maven.apache.org/maven2/org/apache/maven/plugins/maven-plugins/23/maven-plugins-23.pom (9.2 kB at 224 kB/s)
[ee3327a4-76ba-4cd0-a9dc-7f5d63792942/build]   | [INFO] Downloading from central: https://repo.maven.apache.org/maven2/org/apache/maven/maven-parent/22/maven-parent-22.pom
[ee3327a4-76ba-4cd0-a9dc-7f5d63792942/build]   | [INFO] Downloaded from central: https://repo.maven.apache.org/maven2/org/apache/maven/maven-parent/22/maven-parent-22.pom (30 kB at 19 kB/s)
[ee3327a4-76ba-4cd0-a9dc-7f5d63792942/build]   | [INFO] Downloading from central: https://repo.maven.apache.org/maven2/org/apache/apache/11/apache-11.pom
[ee3327a4-76ba-4cd0-a9dc-7f5d63792942/build]   | [INFO] Downloaded from central: https://repo.maven.apache.org/maven2/org/apache/apache/11/apache-11.pom (15 kB at 161 kB/s)
[ee3327a4-76ba-4cd0-a9dc-7f5d63792942/build]   | [INFO] Downloading from central: https://repo.maven.apache.org/maven2/org/apache/maven/plugins/maven-resources-plugin/2.6/maven-resources-plugin-2.6.jar
[ee3327a4-76ba-4cd0-a9dc-7f5d63792942/build]   | [INFO] Downloaded from central: https://repo.maven.apache.org/maven2/org/apache/maven/plugins/maven-resources-plugin/2.6/maven-resources-plugin-2.6.jar (30 kB at 92 kB/s)
[ee3327a4-76ba-4cd0-a9dc-7f5d63792942/build]   | [INFO] Downloading from central: https://repo.maven.apache.org/maven2/org/apache/maven/plugins/maven-compiler-plugin/3.6.1/maven-compiler-plugin-3.6.1.pom
[ee3327a4-76ba-4cd0-a9dc-7f5d63792942/build]   | [INFO] Downloaded from central: https://repo.maven.apache.org/maven2/org/apache/maven/plugins/maven-compiler-plugin/3.6.1/maven-compiler-plugin-3.6.1.pom (11 kB at 117 kB/s)
[ee3327a4-76ba-4cd0-a9dc-7f5d63792942/build]   | [INFO] Downloading from central: https://repo.maven.apache.org/maven2/org/apache/maven/plugins/maven-plugins/30/maven-plugins-30.pom
[ee3327a4-76ba-4cd0-a9dc-7f5d63792942/build]   | [INFO] Downloaded from central: https://repo.maven.apache.org/maven2/org/apache/maven/plugins/maven-plugins/30/maven-plugins-30.pom (10 kB at 105 kB/s)
[ee3327a4-76ba-4cd0-a9dc-7f5d63792942/build]   | [INFO] Downloading from central: https://repo.maven.apache.org/maven2/org/apache/maven/maven-parent/30/maven-parent-30.pom
[ee3327a4-76ba-4cd0-a9dc-7f5d63792942/build]   | [INFO] Downloaded from central: https://repo.maven.apache.org/maven2/org/apache/maven/maven-parent/30/maven-parent-30.pom (41 kB at 222 kB/s)
[ee3327a4-76ba-4cd0-a9dc-7f5d63792942/build]   | [INFO] Downloading from central: https://repo.maven.apache.org/maven2/org/apache/apache/18/apache-18.pom
[ee3327a4-76ba-4cd0-a9dc-7f5d63792942/build]   | [INFO] Downloaded from central: https://repo.maven.apache.org/maven2/org/apache/apache/18/apache-18.pom (16 kB at 320 kB/s)
[ee3327a4-76ba-4cd0-a9dc-7f5d63792942/build]   | [INFO] Downloading from central: https://repo.maven.apache.org/maven2/org/apache/maven/plugins/maven-compiler-plugin/3.6.1/maven-compiler-plugin-3.6.1.jar
[ee3327a4-76ba-4cd0-a9dc-7f5d63792942/build]   | [INFO] Downloaded from central: https://repo.maven.apache.org/maven2/org/apache/maven/plugins/maven-compiler-plugin/3.6.1/maven-compiler-plugin-3.6.1.jar (59 kB at 164 kB/s)
[ee3327a4-76ba-4cd0-a9dc-7f5d63792942/build]   | [INFO] Downloading from central: https://repo.maven.apache.org/maven2/org/apache/maven/plugins/maven-surefire-plugin/2.19.1/maven-surefire-plugin-2.19.1.pom
[ee3327a4-76ba-4cd0-a9dc-7f5d63792942/build]   | [INFO] Downloaded from central: https://repo.maven.apache.org/maven2/org/apache/maven/plugins/maven-surefire-plugin/2.19.1/maven-surefire-plugin-2.19.1.pom (5.6 kB at 78 kB/s)
[ee3327a4-76ba-4cd0-a9dc-7f5d63792942/build]   | [INFO] Downloading from central: https://repo.maven.apache.org/maven2/org/apache/maven/surefire/surefire/2.19.1/surefire-2.19.1.pom
[ee3327a4-76ba-4cd0-a9dc-7f5d63792942/build]   | [INFO] Downloaded from central: https://repo.maven.apache.org/maven2/org/apache/maven/surefire/surefire/2.19.1/surefire-2.19.1.pom (18 kB at 11 kB/s)
[ee3327a4-76ba-4cd0-a9dc-7f5d63792942/build]   | [INFO] Downloading from central: https://repo.maven.apache.org/maven2/org/apache/maven/maven-parent/26/maven-parent-26.pom
[ee3327a4-76ba-4cd0-a9dc-7f5d63792942/build]   | [INFO] Downloaded from central: https://repo.maven.apache.org/maven2/org/apache/maven/maven-parent/26/maven-parent-26.pom (40 kB at 227 kB/s)
[ee3327a4-76ba-4cd0-a9dc-7f5d63792942/build]   | [INFO] Downloading from central: https://repo.maven.apache.org/maven2/org/apache/apache/16/apache-16.pom
[ee3327a4-76ba-4cd0-a9dc-7f5d63792942/build]   | [INFO] Downloaded from central: https://repo.maven.apache.org/maven2/org/apache/apache/16/apache-16.pom (15 kB at 241 kB/s)
[ee3327a4-76ba-4cd0-a9dc-7f5d63792942/build]   | [INFO] Downloading from central: https://repo.maven.apache.org/maven2/org/apache/maven/plugins/maven-surefire-plugin/2.19.1/maven-surefire-plugin-2.19.1.jar
[ee3327a4-76ba-4cd0-a9dc-7f5d63792942/build]   | [INFO] Downloaded from central: https://repo.maven.apache.org/maven2/org/apache/maven/plugins/maven-surefire-plugin/2.19.1/maven-surefire-plugin-2.19.1.jar (38 kB at 89 kB/s)
[ee3327a4-76ba-4cd0-a9dc-7f5d63792942/build]   | [INFO] Downloading from central: https://repo.maven.apache.org/maven2/org/apache/maven/plugins/maven-jar-plugin/2.4/maven-jar-plugin-2.4.pom
[ee3327a4-76ba-4cd0-a9dc-7f5d63792942/build]   | [INFO] Downloaded from central: https://repo.maven.apache.org/maven2/org/apache/maven/plugins/maven-jar-plugin/2.4/maven-jar-plugin-2.4.pom (5.8 kB at 119 kB/s)
[ee3327a4-76ba-4cd0-a9dc-7f5d63792942/build]   | [INFO] Downloading from central: https://repo.maven.apache.org/maven2/org/apache/maven/plugins/maven-plugins/22/maven-plugins-22.pom
[ee3327a4-76ba-4cd0-a9dc-7f5d63792942/build]   | [INFO] Downloaded from central: https://repo.maven.apache.org/maven2/org/apache/maven/plugins/maven-plugins/22/maven-plugins-22.pom (13 kB at 114 kB/s)
[ee3327a4-76ba-4cd0-a9dc-7f5d63792942/build]   | [INFO] Downloading from central: https://repo.maven.apache.org/maven2/org/apache/maven/maven-parent/21/maven-parent-21.pom
[ee3327a4-76ba-4cd0-a9dc-7f5d63792942/build]   | [INFO] Downloaded from central: https://repo.maven.apache.org/maven2/org/apache/maven/maven-parent/21/maven-parent-21.pom (26 kB at 198 kB/s)
[ee3327a4-76ba-4cd0-a9dc-7f5d63792942/build]   | [INFO] Downloading from central: https://repo.maven.apache.org/maven2/org/apache/apache/10/apache-10.pom
[ee3327a4-76ba-4cd0-a9dc-7f5d63792942/build]   | [INFO] Downloaded from central: https://repo.maven.apache.org/maven2/org/apache/apache/10/apache-10.pom (15 kB at 52 kB/s)
[ee3327a4-76ba-4cd0-a9dc-7f5d63792942/build]   | [INFO] Downloading from central: https://repo.maven.apache.org/maven2/org/apache/maven/plugins/maven-jar-plugin/2.4/maven-jar-plugin-2.4.jar
[ee3327a4-76ba-4cd0-a9dc-7f5d63792942/build]   | [INFO] Downloaded from central: https://repo.maven.apache.org/maven2/org/apache/maven/plugins/maven-jar-plugin/2.4/maven-jar-plugin-2.4.jar (34 kB at 324 kB/s)
[ee3327a4-76ba-4cd0-a9dc-7f5d63792942/build]   | [INFO] Downloading from central: https://repo.maven.apache.org/maven2/org/apache/maven/plugins/maven-dependency-plugin/2.5.1/maven-dependency-plugin-2.5.1.pom
[ee3327a4-76ba-4cd0-a9dc-7f5d63792942/build]   | [INFO] Downloaded from central: https://repo.maven.apache.org/maven2/org/apache/maven/plugins/maven-dependency-plugin/2.5.1/maven-dependency-plugin-2.5.1.pom (11 kB at 36 kB/s)
[ee3327a4-76ba-4cd0-a9dc-7f5d63792942/build]   | [INFO] Downloading from central: https://repo.maven.apache.org/maven2/org/apache/maven/plugins/maven-dependency-plugin/2.5.1/maven-dependency-plugin-2.5.1.jar
[ee3327a4-76ba-4cd0-a9dc-7f5d63792942/build]   | [INFO] Downloaded from central: https://repo.maven.apache.org/maven2/org/apache/maven/plugins/maven-dependency-plugin/2.5.1/maven-dependency-plugin-2.5.1.jar (138 kB at 141 kB/s)
[ee3327a4-76ba-4cd0-a9dc-7f5d63792942/build]   | [INFO] Downloading from central: https://repo.maven.apache.org/maven2/com/sparkjava/spark-core/2.5.5/spark-core-2.5.5.pom
[ee3327a4-76ba-4cd0-a9dc-7f5d63792942/build]   | [INFO] Downloaded from central: https://repo.maven.apache.org/maven2/com/sparkjava/spark-core/2.5.5/spark-core-2.5.5.pom (7.9 kB at 162 kB/s)
[ee3327a4-76ba-4cd0-a9dc-7f5d63792942/build]   | [INFO] Downloading from central: https://repo.maven.apache.org/maven2/org/sonatype/oss/oss-parent/7/oss-parent-7.pom
[ee3327a4-76ba-4cd0-a9dc-7f5d63792942/build]   | [INFO] Downloaded from central: https://repo.maven.apache.org/maven2/org/sonatype/oss/oss-parent/7/oss-parent-7.pom (4.8 kB at 89 kB/s)
[ee3327a4-76ba-4cd0-a9dc-7f5d63792942/build]   | [INFO] Downloading from central: https://repo.maven.apache.org/maven2/org/slf4j/slf4j-api/1.7.13/slf4j-api-1.7.13.pom
[ee3327a4-76ba-4cd0-a9dc-7f5d63792942/build]   | [INFO] Downloaded from central: https://repo.maven.apache.org/maven2/org/slf4j/slf4j-api/1.7.13/slf4j-api-1.7.13.pom (2.8 kB at 3.4 kB/s)
[ee3327a4-76ba-4cd0-a9dc-7f5d63792942/build]   | [INFO] Downloading from central: https://repo.maven.apache.org/maven2/org/slf4j/slf4j-parent/1.7.13/slf4j-parent-1.7.13.pom
[ee3327a4-76ba-4cd0-a9dc-7f5d63792942/build]   | [INFO] Downloaded from central: https://repo.maven.apache.org/maven2/org/slf4j/slf4j-parent/1.7.13/slf4j-parent-1.7.13.pom (13 kB at 43 kB/s)
[ee3327a4-76ba-4cd0-a9dc-7f5d63792942/build]   | [INFO] Downloading from central: https://repo.maven.apache.org/maven2/org/eclipse/jetty/jetty-server/9.3.6.v20151106/jetty-server-9.3.6.v20151106.pom
[ee3327a4-76ba-4cd0-a9dc-7f5d63792942/build]   | [INFO] Downloaded from central: https://repo.maven.apache.org/maven2/org/eclipse/jetty/jetty-server/9.3.6.v20151106/jetty-server-9.3.6.v20151106.pom (2.6 kB at 10 kB/s)
[ee3327a4-76ba-4cd0-a9dc-7f5d63792942/build]   | [INFO] Downloading from central: https://repo.maven.apache.org/maven2/org/eclipse/jetty/jetty-project/9.3.6.v20151106/jetty-project-9.3.6.v20151106.pom
[ee3327a4-76ba-4cd0-a9dc-7f5d63792942/build]   | [INFO] Downloaded from central: https://repo.maven.apache.org/maven2/org/eclipse/jetty/jetty-project/9.3.6.v20151106/jetty-project-9.3.6.v20151106.pom (34 kB at 83 kB/s)
[ee3327a4-76ba-4cd0-a9dc-7f5d63792942/build]   | [INFO] Downloading from central: https://repo.maven.apache.org/maven2/org/eclipse/jetty/jetty-parent/25/jetty-parent-25.pom
[ee3327a4-76ba-4cd0-a9dc-7f5d63792942/build]   | [INFO] Downloaded from central: https://repo.maven.apache.org/maven2/org/eclipse/jetty/jetty-parent/25/jetty-parent-25.pom (22 kB at 28 kB/s)
[ee3327a4-76ba-4cd0-a9dc-7f5d63792942/build]   | [INFO] Downloading from central: https://repo.maven.apache.org/maven2/javax/servlet/javax.servlet-api/3.1.0/javax.servlet-api-3.1.0.pom
[ee3327a4-76ba-4cd0-a9dc-7f5d63792942/build]   | [INFO] Downloaded from central: https://repo.maven.apache.org/maven2/javax/servlet/javax.servlet-api/3.1.0/javax.servlet-api-3.1.0.pom (14 kB at 205 kB/s)
[ee3327a4-76ba-4cd0-a9dc-7f5d63792942/build]   | [INFO] Downloading from central: https://repo.maven.apache.org/maven2/net/java/jvnet-parent/3/jvnet-parent-3.pom
[ee3327a4-76ba-4cd0-a9dc-7f5d63792942/build]   | [INFO] Downloaded from central: https://repo.maven.apache.org/maven2/net/java/jvnet-parent/3/jvnet-parent-3.pom (4.8 kB at 6.7 kB/s)
[ee3327a4-76ba-4cd0-a9dc-7f5d63792942/build]   | [INFO] Downloading from central: https://repo.maven.apache.org/maven2/org/eclipse/jetty/jetty-http/9.3.6.v20151106/jetty-http-9.3.6.v20151106.pom
[ee3327a4-76ba-4cd0-a9dc-7f5d63792942/build]   | [INFO] Downloaded from central: https://repo.maven.apache.org/maven2/org/eclipse/jetty/jetty-http/9.3.6.v20151106/jetty-http-9.3.6.v20151106.pom (1.6 kB at 29 kB/s)
[ee3327a4-76ba-4cd0-a9dc-7f5d63792942/build]   | [INFO] Downloading from central: https://repo.maven.apache.org/maven2/org/eclipse/jetty/jetty-util/9.3.6.v20151106/jetty-util-9.3.6.v20151106.pom
[ee3327a4-76ba-4cd0-a9dc-7f5d63792942/build]   | [INFO] Downloaded from central: https://repo.maven.apache.org/maven2/org/eclipse/jetty/jetty-util/9.3.6.v20151106/jetty-util-9.3.6.v20151106.pom (2.1 kB at 35 kB/s)
[ee3327a4-76ba-4cd0-a9dc-7f5d63792942/build]   | [INFO] Downloading from central: https://repo.maven.apache.org/maven2/org/eclipse/jetty/jetty-io/9.3.6.v20151106/jetty-io-9.3.6.v20151106.pom
[ee3327a4-76ba-4cd0-a9dc-7f5d63792942/build]   | [INFO] Downloaded from central: https://repo.maven.apache.org/maven2/org/eclipse/jetty/jetty-io/9.3.6.v20151106/jetty-io-9.3.6.v20151106.pom (1.4 kB at 15 kB/s)
[ee3327a4-76ba-4cd0-a9dc-7f5d63792942/build]   | [INFO] Downloading from central: https://repo.maven.apache.org/maven2/org/eclipse/jetty/jetty-webapp/9.3.6.v20151106/jetty-webapp-9.3.6.v20151106.pom
[ee3327a4-76ba-4cd0-a9dc-7f5d63792942/build]   | [INFO] Downloaded from central: https://repo.maven.apache.org/maven2/org/eclipse/jetty/jetty-webapp/9.3.6.v20151106/jetty-webapp-9.3.6.v20151106.pom (2.4 kB at 35 kB/s)
[ee3327a4-76ba-4cd0-a9dc-7f5d63792942/build]   | [INFO] Downloading from central: https://repo.maven.apache.org/maven2/org/eclipse/jetty/jetty-xml/9.3.6.v20151106/jetty-xml-9.3.6.v20151106.pom
[ee3327a4-76ba-4cd0-a9dc-7f5d63792942/build]   | [INFO] Downloaded from central: https://repo.maven.apache.org/maven2/org/eclipse/jetty/jetty-xml/9.3.6.v20151106/jetty-xml-9.3.6.v20151106.pom (1.3 kB at 14 kB/s)
[ee3327a4-76ba-4cd0-a9dc-7f5d63792942/build]   | [INFO] Downloading from central: https://repo.maven.apache.org/maven2/org/eclipse/jetty/jetty-servlet/9.3.6.v20151106/jetty-servlet-9.3.6.v20151106.pom
[ee3327a4-76ba-4cd0-a9dc-7f5d63792942/build]   | [INFO] Downloaded from central: https://repo.maven.apache.org/maven2/org/eclipse/jetty/jetty-servlet/9.3.6.v20151106/jetty-servlet-9.3.6.v20151106.pom (1.9 kB at 24 kB/s)
[ee3327a4-76ba-4cd0-a9dc-7f5d63792942/build]   | [INFO] Downloading from central: https://repo.maven.apache.org/maven2/org/eclipse/jetty/jetty-security/9.3.6.v20151106/jetty-security-9.3.6.v20151106.pom
[ee3327a4-76ba-4cd0-a9dc-7f5d63792942/build]   | [INFO] Downloaded from central: https://repo.maven.apache.org/maven2/org/eclipse/jetty/jetty-security/9.3.6.v20151106/jetty-security-9.3.6.v20151106.pom (2.0 kB at 54 kB/s)
[ee3327a4-76ba-4cd0-a9dc-7f5d63792942/build]   | [INFO] Downloading from central: https://repo.maven.apache.org/maven2/org/eclipse/jetty/websocket/websocket-server/9.3.6.v20151106/websocket-server-9.3.6.v20151106.pom
[ee3327a4-76ba-4cd0-a9dc-7f5d63792942/build]   | [INFO] Downloaded from central: https://repo.maven.apache.org/maven2/org/eclipse/jetty/websocket/websocket-server/9.3.6.v20151106/websocket-server-9.3.6.v20151106.pom (3.6 kB at 56 kB/s)
[ee3327a4-76ba-4cd0-a9dc-7f5d63792942/build]   | [INFO] Downloading from central: https://repo.maven.apache.org/maven2/org/eclipse/jetty/websocket/websocket-parent/9.3.6.v20151106/websocket-parent-9.3.6.v20151106.pom
[ee3327a4-76ba-4cd0-a9dc-7f5d63792942/build]   | [INFO] Downloaded from central: https://repo.maven.apache.org/maven2/org/eclipse/jetty/websocket/websocket-parent/9.3.6.v20151106/websocket-parent-9.3.6.v20151106.pom (2.1 kB at 29 kB/s)
[ee3327a4-76ba-4cd0-a9dc-7f5d63792942/build]   | [INFO] Downloading from central: https://repo.maven.apache.org/maven2/org/eclipse/jetty/websocket/websocket-common/9.3.6.v20151106/websocket-common-9.3.6.v20151106.pom
[ee3327a4-76ba-4cd0-a9dc-7f5d63792942/build]   | [INFO] Downloaded from central: https://repo.maven.apache.org/maven2/org/eclipse/jetty/websocket/websocket-common/9.3.6.v20151106/websocket-common-9.3.6.v20151106.pom (2.6 kB at 126 kB/s)
[ee3327a4-76ba-4cd0-a9dc-7f5d63792942/build]   | [INFO] Downloading from central: https://repo.maven.apache.org/maven2/org/eclipse/jetty/websocket/websocket-api/9.3.6.v20151106/websocket-api-9.3.6.v20151106.pom
[ee3327a4-76ba-4cd0-a9dc-7f5d63792942/build]   | [INFO] Downloaded from central: https://repo.maven.apache.org/maven2/org/eclipse/jetty/websocket/websocket-api/9.3.6.v20151106/websocket-api-9.3.6.v20151106.pom (2.2 kB at 20 kB/s)
[ee3327a4-76ba-4cd0-a9dc-7f5d63792942/build]   | [INFO] Downloading from central: https://repo.maven.apache.org/maven2/org/eclipse/jetty/websocket/websocket-client/9.3.6.v20151106/websocket-client-9.3.6.v20151106.pom
[ee3327a4-76ba-4cd0-a9dc-7f5d63792942/build]   | [INFO] Downloaded from central: https://repo.maven.apache.org/maven2/org/eclipse/jetty/websocket/websocket-client/9.3.6.v20151106/websocket-client-9.3.6.v20151106.pom (5.1 kB at 38 kB/s)
[ee3327a4-76ba-4cd0-a9dc-7f5d63792942/build]   | [INFO] Downloading from central: https://repo.maven.apache.org/maven2/org/eclipse/jetty/websocket/websocket-servlet/9.3.6.v20151106/websocket-servlet-9.3.6.v20151106.pom
[ee3327a4-76ba-4cd0-a9dc-7f5d63792942/build]   | [INFO] Downloaded from central: https://repo.maven.apache.org/maven2/org/eclipse/jetty/websocket/websocket-servlet/9.3.6.v20151106/websocket-servlet-9.3.6.v20151106.pom (2.4 kB at 9.2 kB/s)
[ee3327a4-76ba-4cd0-a9dc-7f5d63792942/build]   | [INFO] Downloading from central: https://repo.maven.apache.org/maven2/org/slf4j/slf4j-simple/1.7.21/slf4j-simple-1.7.21.pom
[ee3327a4-76ba-4cd0-a9dc-7f5d63792942/build]   | [INFO] Downloaded from central: https://repo.maven.apache.org/maven2/org/slf4j/slf4j-simple/1.7.21/slf4j-simple-1.7.21.pom (1.0 kB at 18 kB/s)
[ee3327a4-76ba-4cd0-a9dc-7f5d63792942/build]   | [INFO] Downloading from central: https://repo.maven.apache.org/maven2/org/slf4j/slf4j-parent/1.7.21/slf4j-parent-1.7.21.pom
[ee3327a4-76ba-4cd0-a9dc-7f5d63792942/build]   | [INFO] Downloaded from central: https://repo.maven.apache.org/maven2/org/slf4j/slf4j-parent/1.7.21/slf4j-parent-1.7.21.pom (14 kB at 18 kB/s)
[ee3327a4-76ba-4cd0-a9dc-7f5d63792942/build]   | [INFO] Downloading from central: https://repo.maven.apache.org/maven2/org/slf4j/slf4j-api/1.7.21/slf4j-api-1.7.21.pom
[ee3327a4-76ba-4cd0-a9dc-7f5d63792942/build]   | [INFO] Downloaded from central: https://repo.maven.apache.org/maven2/org/slf4j/slf4j-api/1.7.21/slf4j-api-1.7.21.pom (2.8 kB at 20 kB/s)
[ee3327a4-76ba-4cd0-a9dc-7f5d63792942/build]   | [INFO] Downloading from central: https://repo.maven.apache.org/maven2/com/sparkjava/spark-template-freemarker/2.0.0/spark-template-freemarker-2.0.0.pom
[ee3327a4-76ba-4cd0-a9dc-7f5d63792942/build]   | [INFO] Downloaded from central: https://repo.maven.apache.org/maven2/com/sparkjava/spark-template-freemarker/2.0.0/spark-template-freemarker-2.0.0.pom (3.6 kB at 86 kB/s)
[ee3327a4-76ba-4cd0-a9dc-7f5d63792942/build]   | [INFO] Downloading from central: https://repo.maven.apache.org/maven2/org/slf4j/slf4j-api/1.7.2/slf4j-api-1.7.2.pom
[ee3327a4-76ba-4cd0-a9dc-7f5d63792942/build]   | [INFO] Downloaded from central: https://repo.maven.apache.org/maven2/org/slf4j/slf4j-api/1.7.2/slf4j-api-1.7.2.pom (2.7 kB at 67 kB/s)
[ee3327a4-76ba-4cd0-a9dc-7f5d63792942/build]   | [INFO] Downloading from central: https://repo.maven.apache.org/maven2/org/slf4j/slf4j-parent/1.7.2/slf4j-parent-1.7.2.pom
[ee3327a4-76ba-4cd0-a9dc-7f5d63792942/build]   | [INFO] Downloaded from central: https://repo.maven.apache.org/maven2/org/slf4j/slf4j-parent/1.7.2/slf4j-parent-1.7.2.pom (12 kB at 204 kB/s)
[ee3327a4-76ba-4cd0-a9dc-7f5d63792942/build]   | [INFO] Downloading from central: https://repo.maven.apache.org/maven2/com/sparkjava/spark-core/2.0.0/spark-core-2.0.0.pom
[ee3327a4-76ba-4cd0-a9dc-7f5d63792942/build]   | [INFO] Downloaded from central: https://repo.maven.apache.org/maven2/com/sparkjava/spark-core/2.0.0/spark-core-2.0.0.pom (4.8 kB at 94 kB/s)
[ee3327a4-76ba-4cd0-a9dc-7f5d63792942/build]   | [INFO] Downloading from central: https://repo.maven.apache.org/maven2/org/eclipse/jetty/jetty-server/9.0.2.v20130417/jetty-server-9.0.2.v20130417.pom
[ee3327a4-76ba-4cd0-a9dc-7f5d63792942/build]   | [INFO] Downloaded from central: https://repo.maven.apache.org/maven2/org/eclipse/jetty/jetty-server/9.0.2.v20130417/jetty-server-9.0.2.v20130417.pom (4.0 kB at 34 kB/s)
[ee3327a4-76ba-4cd0-a9dc-7f5d63792942/build]   | [INFO] Downloading from central: https://repo.maven.apache.org/maven2/org/eclipse/jetty/jetty-project/9.0.2.v20130417/jetty-project-9.0.2.v20130417.pom
[ee3327a4-76ba-4cd0-a9dc-7f5d63792942/build]   | [INFO] Downloaded from central: https://repo.maven.apache.org/maven2/org/eclipse/jetty/jetty-project/9.0.2.v20130417/jetty-project-9.0.2.v20130417.pom (26 kB at 336 kB/s)
[ee3327a4-76ba-4cd0-a9dc-7f5d63792942/build]   | [INFO] Downloading from central: https://repo.maven.apache.org/maven2/org/eclipse/jetty/jetty-parent/20/jetty-parent-20.pom
[ee3327a4-76ba-4cd0-a9dc-7f5d63792942/build]   | [INFO] Downloaded from central: https://repo.maven.apache.org/maven2/org/eclipse/jetty/jetty-parent/20/jetty-parent-20.pom (21 kB at 200 kB/s)
[ee3327a4-76ba-4cd0-a9dc-7f5d63792942/build]   | [INFO] Downloading from central: https://repo.maven.apache.org/maven2/org/eclipse/jetty/orbit/javax.servlet/3.0.0.v201112011016/javax.servlet-3.0.0.v201112011016.pom
[ee3327a4-76ba-4cd0-a9dc-7f5d63792942/build]   | [INFO] Downloaded from central: https://repo.maven.apache.org/maven2/org/eclipse/jetty/orbit/javax.servlet/3.0.0.v201112011016/javax.servlet-3.0.0.v201112011016.pom (732 B at 18 kB/s)
[ee3327a4-76ba-4cd0-a9dc-7f5d63792942/build]   | [INFO] Downloading from central: https://repo.maven.apache.org/maven2/org/eclipse/jetty/orbit/jetty-orbit/1/jetty-orbit-1.pom
[ee3327a4-76ba-4cd0-a9dc-7f5d63792942/build]   | [INFO] Downloaded from central: https://repo.maven.apache.org/maven2/org/eclipse/jetty/orbit/jetty-orbit/1/jetty-orbit-1.pom (2.2 kB at 7.9 kB/s)
[ee3327a4-76ba-4cd0-a9dc-7f5d63792942/build]   | [INFO] Downloading from central: https://repo.maven.apache.org/maven2/org/eclipse/jetty/jetty-parent/18/jetty-parent-18.pom
[ee3327a4-76ba-4cd0-a9dc-7f5d63792942/build]   | [INFO] Downloaded from central: https://repo.maven.apache.org/maven2/org/eclipse/jetty/jetty-parent/18/jetty-parent-18.pom (16 kB at 187 kB/s)
[ee3327a4-76ba-4cd0-a9dc-7f5d63792942/build]   | [INFO] Downloading from central: https://repo.maven.apache.org/maven2/org/eclipse/jetty/jetty-http/9.0.2.v20130417/jetty-http-9.0.2.v20130417.pom
[ee3327a4-76ba-4cd0-a9dc-7f5d63792942/build]   | [INFO] Downloaded from central: https://repo.maven.apache.org/maven2/org/eclipse/jetty/jetty-http/9.0.2.v20130417/jetty-http-9.0.2.v20130417.pom (2.5 kB at 9.0 kB/s)
[ee3327a4-76ba-4cd0-a9dc-7f5d63792942/build]   | [INFO] Downloading from central: https://repo.maven.apache.org/maven2/org/eclipse/jetty/jetty-util/9.0.2.v20130417/jetty-util-9.0.2.v20130417.pom
[ee3327a4-76ba-4cd0-a9dc-7f5d63792942/build]   | [INFO] Downloaded from central: https://repo.maven.apache.org/maven2/org/eclipse/jetty/jetty-util/9.0.2.v20130417/jetty-util-9.0.2.v20130417.pom (3.4 kB at 66 kB/s)
[ee3327a4-76ba-4cd0-a9dc-7f5d63792942/build]   | [INFO] Downloading from central: https://repo.maven.apache.org/maven2/org/eclipse/jetty/jetty-io/9.0.2.v20130417/jetty-io-9.0.2.v20130417.pom
[ee3327a4-76ba-4cd0-a9dc-7f5d63792942/build]   | [INFO] Downloaded from central: https://repo.maven.apache.org/maven2/org/eclipse/jetty/jetty-io/9.0.2.v20130417/jetty-io-9.0.2.v20130417.pom (2.2 kB at 1.6 kB/s)
[ee3327a4-76ba-4cd0-a9dc-7f5d63792942/build]   | [INFO] Downloading from central: https://repo.maven.apache.org/maven2/org/eclipse/jetty/jetty-webapp/9.0.2.v20130417/jetty-webapp-9.0.2.v20130417.pom
[ee3327a4-76ba-4cd0-a9dc-7f5d63792942/build]   | [INFO] Downloaded from central: https://repo.maven.apache.org/maven2/org/eclipse/jetty/jetty-webapp/9.0.2.v20130417/jetty-webapp-9.0.2.v20130417.pom (3.5 kB at 73 kB/s)
[ee3327a4-76ba-4cd0-a9dc-7f5d63792942/build]   | [INFO] Downloading from central: https://repo.maven.apache.org/maven2/org/eclipse/jetty/jetty-xml/9.0.2.v20130417/jetty-xml-9.0.2.v20130417.pom
[ee3327a4-76ba-4cd0-a9dc-7f5d63792942/build]   | [INFO] Downloaded from central: https://repo.maven.apache.org/maven2/org/eclipse/jetty/jetty-xml/9.0.2.v20130417/jetty-xml-9.0.2.v20130417.pom (2.0 kB at 60 kB/s)
[ee3327a4-76ba-4cd0-a9dc-7f5d63792942/build]   | [INFO] Downloading from central: https://repo.maven.apache.org/maven2/org/eclipse/jetty/jetty-servlet/9.0.2.v20130417/jetty-servlet-9.0.2.v20130417.pom
[ee3327a4-76ba-4cd0-a9dc-7f5d63792942/build]   | [INFO] Downloaded from central: https://repo.maven.apache.org/maven2/org/eclipse/jetty/jetty-servlet/9.0.2.v20130417/jetty-servlet-9.0.2.v20130417.pom (2.7 kB at 48 kB/s)
[ee3327a4-76ba-4cd0-a9dc-7f5d63792942/build]   | [INFO] Downloading from central: https://repo.maven.apache.org/maven2/org/eclipse/jetty/jetty-security/9.0.2.v20130417/jetty-security-9.0.2.v20130417.pom
[ee3327a4-76ba-4cd0-a9dc-7f5d63792942/build]   | [INFO] Downloaded from central: https://repo.maven.apache.org/maven2/org/eclipse/jetty/jetty-security/9.0.2.v20130417/jetty-security-9.0.2.v20130417.pom (2.7 kB at 76 kB/s)
[ee3327a4-76ba-4cd0-a9dc-7f5d63792942/build]   | [INFO] Downloading from central: https://repo.maven.apache.org/maven2/org/freemarker/freemarker/2.3.19/freemarker-2.3.19.pom
[ee3327a4-76ba-4cd0-a9dc-7f5d63792942/build]   | [INFO] Downloaded from central: https://repo.maven.apache.org/maven2/org/freemarker/freemarker/2.3.19/freemarker-2.3.19.pom (1.2 kB at 18 kB/s)
[ee3327a4-76ba-4cd0-a9dc-7f5d63792942/build]   | [INFO] Downloading from central: https://repo.maven.apache.org/maven2/org/freemarker/freemarker/2.3.23/freemarker-2.3.23.pom
[ee3327a4-76ba-4cd0-a9dc-7f5d63792942/build]   | [INFO] Downloaded from central: https://repo.maven.apache.org/maven2/org/freemarker/freemarker/2.3.23/freemarker-2.3.23.pom (1.5 kB at 4.9 kB/s)
[ee3327a4-76ba-4cd0-a9dc-7f5d63792942/build]   | [INFO] Downloading from central: https://repo.maven.apache.org/maven2/org/sonatype/oss/oss-parent/9/oss-parent-9.pom
[ee3327a4-76ba-4cd0-a9dc-7f5d63792942/build]   | [INFO] Downloaded from central: https://repo.maven.apache.org/maven2/org/sonatype/oss/oss-parent/9/oss-parent-9.pom (6.6 kB at 9.0 kB/s)
[ee3327a4-76ba-4cd0-a9dc-7f5d63792942/build]   | [INFO] Downloading from central: https://repo.maven.apache.org/maven2/org/xerial/sqlite-jdbc/3.8.6/sqlite-jdbc-3.8.6.pom
[ee3327a4-76ba-4cd0-a9dc-7f5d63792942/build]   | [INFO] Downloaded from central: https://repo.maven.apache.org/maven2/org/xerial/sqlite-jdbc/3.8.6/sqlite-jdbc-3.8.6.pom (4.2 kB at 73 kB/s)
[ee3327a4-76ba-4cd0-a9dc-7f5d63792942/build]   | [INFO] Downloading from central: https://repo.maven.apache.org/maven2/org/apache/commons/commons-dbcp2/2.1.1/commons-dbcp2-2.1.1.pom
[ee3327a4-76ba-4cd0-a9dc-7f5d63792942/build]   | [INFO] Downloaded from central: https://repo.maven.apache.org/maven2/org/apache/commons/commons-dbcp2/2.1.1/commons-dbcp2-2.1.1.pom (14 kB at 343 kB/s)
[ee3327a4-76ba-4cd0-a9dc-7f5d63792942/build]   | [INFO] Downloading from central: https://repo.maven.apache.org/maven2/org/apache/commons/commons-parent/34/commons-parent-34.pom
[ee3327a4-76ba-4cd0-a9dc-7f5d63792942/build]   | [INFO] Downloaded from central: https://repo.maven.apache.org/maven2/org/apache/commons/commons-parent/34/commons-parent-34.pom (56 kB at 76 kB/s)
[ee3327a4-76ba-4cd0-a9dc-7f5d63792942/build]   | [INFO] Downloading from central: https://repo.maven.apache.org/maven2/org/apache/apache/13/apache-13.pom
[ee3327a4-76ba-4cd0-a9dc-7f5d63792942/build]   | [INFO] Downloaded from central: https://repo.maven.apache.org/maven2/org/apache/apache/13/apache-13.pom (14 kB at 318 kB/s)
[ee3327a4-76ba-4cd0-a9dc-7f5d63792942/build]   | [INFO] Downloading from central: https://repo.maven.apache.org/maven2/org/apache/commons/commons-pool2/2.4.2/commons-pool2-2.4.2.pom
[ee3327a4-76ba-4cd0-a9dc-7f5d63792942/build]   | [INFO] Downloaded from central: https://repo.maven.apache.org/maven2/org/apache/commons/commons-pool2/2.4.2/commons-pool2-2.4.2.pom (11 kB at 554 kB/s)
[ee3327a4-76ba-4cd0-a9dc-7f5d63792942/build]   | [INFO] Downloading from central: https://repo.maven.apache.org/maven2/commons-logging/commons-logging/1.2/commons-logging-1.2.pom
[ee3327a4-76ba-4cd0-a9dc-7f5d63792942/build]   | [INFO] Downloaded from central: https://repo.maven.apache.org/maven2/commons-logging/commons-logging/1.2/commons-logging-1.2.pom (19 kB at 1.6 MB/s)
[ee3327a4-76ba-4cd0-a9dc-7f5d63792942/build]   | [INFO] Downloading from central: https://repo.maven.apache.org/maven2/de/svenkubiak/jBCrypt/0.4/jBCrypt-0.4.pom
[ee3327a4-76ba-4cd0-a9dc-7f5d63792942/build]   | [INFO] Downloaded from central: https://repo.maven.apache.org/maven2/de/svenkubiak/jBCrypt/0.4/jBCrypt-0.4.pom (3.9 kB at 323 kB/s)
[ee3327a4-76ba-4cd0-a9dc-7f5d63792942/build]   | [INFO] Downloading from central: https://repo.maven.apache.org/maven2/commons-codec/commons-codec/1.10/commons-codec-1.10.pom
[ee3327a4-76ba-4cd0-a9dc-7f5d63792942/build]   | [INFO] Downloaded from central: https://repo.maven.apache.org/maven2/commons-codec/commons-codec/1.10/commons-codec-1.10.pom (12 kB at 290 kB/s)
[ee3327a4-76ba-4cd0-a9dc-7f5d63792942/build]   | [INFO] Downloading from central: https://repo.maven.apache.org/maven2/org/apache/commons/commons-parent/35/commons-parent-35.pom
[ee3327a4-76ba-4cd0-a9dc-7f5d63792942/build]   | [INFO] Downloaded from central: https://repo.maven.apache.org/maven2/org/apache/commons/commons-parent/35/commons-parent-35.pom (58 kB at 656 kB/s)
[ee3327a4-76ba-4cd0-a9dc-7f5d63792942/build]   | [INFO] Downloading from central: https://repo.maven.apache.org/maven2/org/apache/apache/15/apache-15.pom
[ee3327a4-76ba-4cd0-a9dc-7f5d63792942/build]   | [INFO] Downloaded from central: https://repo.maven.apache.org/maven2/org/apache/apache/15/apache-15.pom (15 kB at 193 kB/s)
[ee3327a4-76ba-4cd0-a9dc-7f5d63792942/build]   | [INFO] Downloading from central: https://repo.maven.apache.org/maven2/com/google/code/gson/gson/2.8.0/gson-2.8.0.pom
[ee3327a4-76ba-4cd0-a9dc-7f5d63792942/build]   | [INFO] Downloaded from central: https://repo.maven.apache.org/maven2/com/google/code/gson/gson/2.8.0/gson-2.8.0.pom (1.4 kB at 30 kB/s)
[ee3327a4-76ba-4cd0-a9dc-7f5d63792942/build]   | [INFO] Downloading from central: https://repo.maven.apache.org/maven2/com/google/code/gson/gson-parent/2.8.0/gson-parent-2.8.0.pom
[ee3327a4-76ba-4cd0-a9dc-7f5d63792942/build]   | [INFO] Downloaded from central: https://repo.maven.apache.org/maven2/com/google/code/gson/gson-parent/2.8.0/gson-parent-2.8.0.pom (3.5 kB at 37 kB/s)
[ee3327a4-76ba-4cd0-a9dc-7f5d63792942/build]   | [INFO] Downloading from central: https://repo.maven.apache.org/maven2/com/google/guava/guava/18.0/guava-18.0.pom
[ee3327a4-76ba-4cd0-a9dc-7f5d63792942/build]   | [INFO] Downloaded from central: https://repo.maven.apache.org/maven2/com/google/guava/guava/18.0/guava-18.0.pom (5.7 kB at 83 kB/s)
[ee3327a4-76ba-4cd0-a9dc-7f5d63792942/build]   | [INFO] Downloading from central: https://repo.maven.apache.org/maven2/com/google/guava/guava-parent/18.0/guava-parent-18.0.pom
[ee3327a4-76ba-4cd0-a9dc-7f5d63792942/build]   | [INFO] Downloaded from central: https://repo.maven.apache.org/maven2/com/google/guava/guava-parent/18.0/guava-parent-18.0.pom (7.7 kB at 334 kB/s)
[ee3327a4-76ba-4cd0-a9dc-7f5d63792942/build]   | [INFO] Downloading from central: https://repo.maven.apache.org/maven2/org/quartz-scheduler/quartz/2.2.2/quartz-2.2.2.pom
[ee3327a4-76ba-4cd0-a9dc-7f5d63792942/build]   | [INFO] Downloaded from central: https://repo.maven.apache.org/maven2/org/quartz-scheduler/quartz/2.2.2/quartz-2.2.2.pom (9.6 kB at 309 kB/s)
[ee3327a4-76ba-4cd0-a9dc-7f5d63792942/build]   | [INFO] Downloading from central: https://repo.maven.apache.org/maven2/org/quartz-scheduler/quartz-parent/2.2.2/quartz-parent-2.2.2.pom
[ee3327a4-76ba-4cd0-a9dc-7f5d63792942/build]   | [INFO] Downloaded from central: https://repo.maven.apache.org/maven2/org/quartz-scheduler/quartz-parent/2.2.2/quartz-parent-2.2.2.pom (14 kB at 223 kB/s)
[ee3327a4-76ba-4cd0-a9dc-7f5d63792942/build]   | [INFO] Downloading from central: https://repo.maven.apache.org/maven2/c3p0/c3p0/0.9.1.1/c3p0-0.9.1.1.pom
[ee3327a4-76ba-4cd0-a9dc-7f5d63792942/build]   | [INFO] Downloaded from central: https://repo.maven.apache.org/maven2/c3p0/c3p0/0.9.1.1/c3p0-0.9.1.1.pom (856 B at 17 kB/s)
[ee3327a4-76ba-4cd0-a9dc-7f5d63792942/build]   | [INFO] Downloading from central: https://repo.maven.apache.org/maven2/org/slf4j/slf4j-api/1.7.7/slf4j-api-1.7.7.pom
[ee3327a4-76ba-4cd0-a9dc-7f5d63792942/build]   | [INFO] Downloaded from central: https://repo.maven.apache.org/maven2/org/slf4j/slf4j-api/1.7.7/slf4j-api-1.7.7.pom (2.7 kB at 128 kB/s)
[ee3327a4-76ba-4cd0-a9dc-7f5d63792942/build]   | [INFO] Downloading from central: https://repo.maven.apache.org/maven2/org/slf4j/slf4j-parent/1.7.7/slf4j-parent-1.7.7.pom
[ee3327a4-76ba-4cd0-a9dc-7f5d63792942/build]   | [INFO] Downloaded from central: https://repo.maven.apache.org/maven2/org/slf4j/slf4j-parent/1.7.7/slf4j-parent-1.7.7.pom (12 kB at 397 kB/s)
[ee3327a4-76ba-4cd0-a9dc-7f5d63792942/build]   | [INFO] Downloading from central: https://repo.maven.apache.org/maven2/org/quartz-scheduler/quartz-jobs/2.2.3/quartz-jobs-2.2.3.pom
[ee3327a4-76ba-4cd0-a9dc-7f5d63792942/build]   | [INFO] Downloaded from central: https://repo.maven.apache.org/maven2/org/quartz-scheduler/quartz-jobs/2.2.3/quartz-jobs-2.2.3.pom (3.6 kB at 69 kB/s)
[ee3327a4-76ba-4cd0-a9dc-7f5d63792942/build]   | [INFO] Downloading from central: https://repo.maven.apache.org/maven2/org/quartz-scheduler/quartz-parent/2.2.3/quartz-parent-2.2.3.pom
[ee3327a4-76ba-4cd0-a9dc-7f5d63792942/build]   | [INFO] Downloaded from central: https://repo.maven.apache.org/maven2/org/quartz-scheduler/quartz-parent/2.2.3/quartz-parent-2.2.3.pom (14 kB at 319 kB/s)
[ee3327a4-76ba-4cd0-a9dc-7f5d63792942/build]   | [INFO] Downloading from central: https://repo.maven.apache.org/maven2/org/eclipse/jgit/org.eclipse.jgit/4.5.0.201609210915-r/org.eclipse.jgit-4.5.0.201609210915-r.pom
[ee3327a4-76ba-4cd0-a9dc-7f5d63792942/build]   | [INFO] Downloaded from central: https://repo.maven.apache.org/maven2/org/eclipse/jgit/org.eclipse.jgit/4.5.0.201609210915-r/org.eclipse.jgit-4.5.0.201609210915-r.pom (9.5 kB at 238 kB/s)
[ee3327a4-76ba-4cd0-a9dc-7f5d63792942/build]   | [INFO] Downloading from central: https://repo.maven.apache.org/maven2/org/eclipse/jgit/org.eclipse.jgit-parent/4.5.0.201609210915-r/org.eclipse.jgit-parent-4.5.0.201609210915-r.pom
[ee3327a4-76ba-4cd0-a9dc-7f5d63792942/build]   | [INFO] Downloaded from central: https://repo.maven.apache.org/maven2/org/eclipse/jgit/org.eclipse.jgit-parent/4.5.0.201609210915-r/org.eclipse.jgit-parent-4.5.0.201609210915-r.pom (27 kB at 200 kB/s)
[ee3327a4-76ba-4cd0-a9dc-7f5d63792942/build]   | [INFO] Downloading from central: https://repo.maven.apache.org/maven2/com/jcraft/jsch/0.1.53/jsch-0.1.53.pom
[ee3327a4-76ba-4cd0-a9dc-7f5d63792942/build]   | [INFO] Downloaded from central: https://repo.maven.apache.org/maven2/com/jcraft/jsch/0.1.53/jsch-0.1.53.pom (3.2 kB at 61 kB/s)
[ee3327a4-76ba-4cd0-a9dc-7f5d63792942/build]   | [INFO] Downloading from central: https://repo.maven.apache.org/maven2/org/sonatype/oss/oss-parent/6/oss-parent-6.pom
[ee3327a4-76ba-4cd0-a9dc-7f5d63792942/build]   | [INFO] Downloaded from central: https://repo.maven.apache.org/maven2/org/sonatype/oss/oss-parent/6/oss-parent-6.pom (4.8 kB at 60 kB/s)
[ee3327a4-76ba-4cd0-a9dc-7f5d63792942/build]   | [INFO] Downloading from central: https://repo.maven.apache.org/maven2/com/googlecode/javaewah/JavaEWAH/0.7.9/JavaEWAH-0.7.9.pom
[ee3327a4-76ba-4cd0-a9dc-7f5d63792942/build]   | [INFO] Downloaded from central: https://repo.maven.apache.org/maven2/com/googlecode/javaewah/JavaEWAH/0.7.9/JavaEWAH-0.7.9.pom (4.3 kB at 71 kB/s)
[ee3327a4-76ba-4cd0-a9dc-7f5d63792942/build]   | [INFO] Downloading from central: https://repo.maven.apache.org/maven2/org/sonatype/oss/oss-parent/5/oss-parent-5.pom
[ee3327a4-76ba-4cd0-a9dc-7f5d63792942/build]   | [INFO] Downloaded from central: https://repo.maven.apache.org/maven2/org/sonatype/oss/oss-parent/5/oss-parent-5.pom (4.1 kB at 204 kB/s)
[ee3327a4-76ba-4cd0-a9dc-7f5d63792942/build]   | [INFO] Downloading from central: https://repo.maven.apache.org/maven2/org/apache/httpcomponents/httpclient/4.3.6/httpclient-4.3.6.pom
[ee3327a4-76ba-4cd0-a9dc-7f5d63792942/build]   | [INFO] Downloaded from central: https://repo.maven.apache.org/maven2/org/apache/httpcomponents/httpclient/4.3.6/httpclient-4.3.6.pom (5.2 kB at 130 kB/s)
[ee3327a4-76ba-4cd0-a9dc-7f5d63792942/build]   | [INFO] Downloading from central: https://repo.maven.apache.org/maven2/org/apache/httpcomponents/httpcomponents-client/4.3.6/httpcomponents-client-4.3.6.pom
[ee3327a4-76ba-4cd0-a9dc-7f5d63792942/build]   | [INFO] Downloaded from central: https://repo.maven.apache.org/maven2/org/apache/httpcomponents/httpcomponents-client/4.3.6/httpcomponents-client-4.3.6.pom (16 kB at 332 kB/s)
[ee3327a4-76ba-4cd0-a9dc-7f5d63792942/build]   | [INFO] Downloading from central: https://repo.maven.apache.org/maven2/org/apache/httpcomponents/project/7/project-7.pom
[ee3327a4-76ba-4cd0-a9dc-7f5d63792942/build]   | [INFO] Downloaded from central: https://repo.maven.apache.org/maven2/org/apache/httpcomponents/project/7/project-7.pom (27 kB at 545 kB/s)
[ee3327a4-76ba-4cd0-a9dc-7f5d63792942/build]   | [INFO] Downloading from central: https://repo.maven.apache.org/maven2/org/apache/httpcomponents/httpcore/4.3.3/httpcore-4.3.3.pom
[ee3327a4-76ba-4cd0-a9dc-7f5d63792942/build]   | [INFO] Downloaded from central: https://repo.maven.apache.org/maven2/org/apache/httpcomponents/httpcore/4.3.3/httpcore-4.3.3.pom (4.6 kB at 58 kB/s)
[ee3327a4-76ba-4cd0-a9dc-7f5d63792942/build]   | [INFO] Downloading from central: https://repo.maven.apache.org/maven2/org/apache/httpcomponents/httpcomponents-core/4.3.3/httpcomponents-core-4.3.3.pom
[ee3327a4-76ba-4cd0-a9dc-7f5d63792942/build]   | [INFO] Downloaded from central: https://repo.maven.apache.org/maven2/org/apache/httpcomponents/httpcomponents-core/4.3.3/httpcomponents-core-4.3.3.pom (13 kB at 550 kB/s)
[ee3327a4-76ba-4cd0-a9dc-7f5d63792942/build]   | [INFO] Downloading from central: https://repo.maven.apache.org/maven2/commons-logging/commons-logging/1.1.3/commons-logging-1.1.3.pom
[ee3327a4-76ba-4cd0-a9dc-7f5d63792942/build]   | [INFO] Downloaded from central: https://repo.maven.apache.org/maven2/commons-logging/commons-logging/1.1.3/commons-logging-1.1.3.pom (18 kB at 471 kB/s)
[ee3327a4-76ba-4cd0-a9dc-7f5d63792942/build]   | [INFO] Downloading from central: https://repo.maven.apache.org/maven2/org/apache/commons/commons-parent/28/commons-parent-28.pom
[ee3327a4-76ba-4cd0-a9dc-7f5d63792942/build]   | [INFO] Downloaded from central: https://repo.maven.apache.org/maven2/org/apache/commons/commons-parent/28/commons-parent-28.pom (50 kB at 1.7 MB/s)
[ee3327a4-76ba-4cd0-a9dc-7f5d63792942/build]   | [INFO] Downloading from central: https://repo.maven.apache.org/maven2/commons-codec/commons-codec/1.6/commons-codec-1.6.pom
[ee3327a4-76ba-4cd0-a9dc-7f5d63792942/build]   | [INFO] Downloaded from central: https://repo.maven.apache.org/maven2/commons-codec/commons-codec/1.6/commons-codec-1.6.pom (11 kB at 172 kB/s)
[ee3327a4-76ba-4cd0-a9dc-7f5d63792942/build]   | [INFO] Downloading from central: https://repo.maven.apache.org/maven2/org/apache/commons/commons-parent/22/commons-parent-22.pom
[ee3327a4-76ba-4cd0-a9dc-7f5d63792942/build]   | [INFO] Downloaded from central: https://repo.maven.apache.org/maven2/org/apache/commons/commons-parent/22/commons-parent-22.pom (42 kB at 911 kB/s)
[ee3327a4-76ba-4cd0-a9dc-7f5d63792942/build]   | [INFO] Downloading from central: https://repo.maven.apache.org/maven2/org/apache/apache/9/apache-9.pom
[ee3327a4-76ba-4cd0-a9dc-7f5d63792942/build]   | [INFO] Downloaded from central: https://repo.maven.apache.org/maven2/org/apache/apache/9/apache-9.pom (15 kB at 286 kB/s)
[ee3327a4-76ba-4cd0-a9dc-7f5d63792942/build]   | [INFO] Downloading from central: https://repo.maven.apache.org/maven2/org/apache/commons/commons-lang3/3.4/commons-lang3-3.4.pom
[ee3327a4-76ba-4cd0-a9dc-7f5d63792942/build]   | [INFO] Downloaded from central: https://repo.maven.apache.org/maven2/org/apache/commons/commons-lang3/3.4/commons-lang3-3.4.pom (22 kB at 419 kB/s)
[ee3327a4-76ba-4cd0-a9dc-7f5d63792942/build]   | [INFO] Downloading from central: https://repo.maven.apache.org/maven2/org/apache/commons/commons-parent/37/commons-parent-37.pom
[ee3327a4-76ba-4cd0-a9dc-7f5d63792942/build]   | [INFO] Downloaded from central: https://repo.maven.apache.org/maven2/org/apache/commons/commons-parent/37/commons-parent-37.pom (63 kB at 970 kB/s)
[ee3327a4-76ba-4cd0-a9dc-7f5d63792942/build]   | [INFO] Downloading from central: https://repo.maven.apache.org/maven2/commons-io/commons-io/2.4/commons-io-2.4.pom
[ee3327a4-76ba-4cd0-a9dc-7f5d63792942/build]   | [INFO] Downloaded from central: https://repo.maven.apache.org/maven2/commons-io/commons-io/2.4/commons-io-2.4.pom (10 kB at 152 kB/s)
[ee3327a4-76ba-4cd0-a9dc-7f5d63792942/build]   | [INFO] Downloading from central: https://repo.maven.apache.org/maven2/org/apache/commons/commons-parent/25/commons-parent-25.pom
[ee3327a4-76ba-4cd0-a9dc-7f5d63792942/build]   | [INFO] Downloaded from central: https://repo.maven.apache.org/maven2/org/apache/commons/commons-parent/25/commons-parent-25.pom (48 kB at 469 kB/s)
[ee3327a4-76ba-4cd0-a9dc-7f5d63792942/build]   | [INFO] Downloading from central: https://repo.maven.apache.org/maven2/org/codehaus/guessencoding/guessencoding/1.4/guessencoding-1.4.pom
[ee3327a4-76ba-4cd0-a9dc-7f5d63792942/build]   | [WARNING] Checksum validation failed, expected 2a35d2f0b039929d278708b76f6f83289518220a but is 1b3e66af42c209f7e49b48bcf36999aff5b4de95 from central for https://repo.maven.apache.org/maven2/org/codehaus/guessencoding/guessencoding/1.4/guessencoding-1.4.pom
[ee3327a4-76ba-4cd0-a9dc-7f5d63792942/build]   | [WARNING] Could not validate integrity of download from https://repo.maven.apache.org/maven2/org/codehaus/guessencoding/guessencoding/1.4/guessencoding-1.4.pom
[ee3327a4-76ba-4cd0-a9dc-7f5d63792942/build]   | org.eclipse.aether.transfer.ChecksumFailureException: Checksum validation failed, expected 2a35d2f0b039929d278708b76f6f83289518220a but is 1b3e66af42c209f7e49b48bcf36999aff5b4de95
[ee3327a4-76ba-4cd0-a9dc-7f5d63792942/build]   |     at org.eclipse.aether.connector.basic.ChecksumValidator.validateExternalChecksums (ChecksumValidator.java:174)
[ee3327a4-76ba-4cd0-a9dc-7f5d63792942/build]   |     at org.eclipse.aether.connector.basic.ChecksumValidator.validate (ChecksumValidator.java:103)
[ee3327a4-76ba-4cd0-a9dc-7f5d63792942/build]   |     at org.eclipse.aether.connector.basic.BasicRepositoryConnector$GetTaskRunner.runTask (BasicRepositoryConnector.java:460)
[ee3327a4-76ba-4cd0-a9dc-7f5d63792942/build]   |     at org.eclipse.aether.connector.basic.BasicRepositoryConnector$TaskRunner.run (BasicRepositoryConnector.java:364)
[ee3327a4-76ba-4cd0-a9dc-7f5d63792942/build]   |     at org.eclipse.aether.util.concurrency.RunnableErrorForwarder$1.run (RunnableErrorForwarder.java:75)
[ee3327a4-76ba-4cd0-a9dc-7f5d63792942/build]   |     at org.eclipse.aether.connector.basic.BasicRepositoryConnector$DirectExecutor.execute (BasicRepositoryConnector.java:628)
[ee3327a4-76ba-4cd0-a9dc-7f5d63792942/build]   |     at org.eclipse.aether.connector.basic.BasicRepositoryConnector.get (BasicRepositoryConnector.java:262)
[ee3327a4-76ba-4cd0-a9dc-7f5d63792942/build]   |     at org.eclipse.aether.internal.impl.DefaultArtifactResolver.performDownloads (DefaultArtifactResolver.java:514)
[ee3327a4-76ba-4cd0-a9dc-7f5d63792942/build]   |     at org.eclipse.aether.internal.impl.DefaultArtifactResolver.resolve (DefaultArtifactResolver.java:402)
[ee3327a4-76ba-4cd0-a9dc-7f5d63792942/build]   |     at org.eclipse.aether.internal.impl.DefaultArtifactResolver.resolveArtifacts (DefaultArtifactResolver.java:229)
[ee3327a4-76ba-4cd0-a9dc-7f5d63792942/build]   |     at org.eclipse.aether.internal.impl.DefaultArtifactResolver.resolveArtifact (DefaultArtifactResolver.java:207)
[ee3327a4-76ba-4cd0-a9dc-7f5d63792942/build]   |     at org.apache.maven.repository.internal.DefaultArtifactDescriptorReader.loadPom (DefaultArtifactDescriptorReader.java:240)
[ee3327a4-76ba-4cd0-a9dc-7f5d63792942/build]   |     at org.apache.maven.repository.internal.DefaultArtifactDescriptorReader.readArtifactDescriptor (DefaultArtifactDescriptorReader.java:171)
[ee3327a4-76ba-4cd0-a9dc-7f5d63792942/build]   |     at org.eclipse.aether.internal.impl.collect.DefaultDependencyCollector.resolveCachedArtifactDescriptor (DefaultDependencyCollector.java:538)
[ee3327a4-76ba-4cd0-a9dc-7f5d63792942/build]   |     at org.eclipse.aether.internal.impl.collect.DefaultDependencyCollector.getArtifactDescriptorResult (DefaultDependencyCollector.java:523)
[ee3327a4-76ba-4cd0-a9dc-7f5d63792942/build]   |     at org.eclipse.aether.internal.impl.collect.DefaultDependencyCollector.processDependency (DefaultDependencyCollector.java:410)
[ee3327a4-76ba-4cd0-a9dc-7f5d63792942/build]   |     at org.eclipse.aether.internal.impl.collect.DefaultDependencyCollector.processDependency (DefaultDependencyCollector.java:362)
[ee3327a4-76ba-4cd0-a9dc-7f5d63792942/build]   |     at org.eclipse.aether.internal.impl.collect.DefaultDependencyCollector.process (DefaultDependencyCollector.java:349)
[ee3327a4-76ba-4cd0-a9dc-7f5d63792942/build]   |     at org.eclipse.aether.internal.impl.collect.DefaultDependencyCollector.collectDependencies (DefaultDependencyCollector.java:254)
[ee3327a4-76ba-4cd0-a9dc-7f5d63792942/build]   |     at org.eclipse.aether.internal.impl.DefaultRepositorySystem.collectDependencies (DefaultRepositorySystem.java:284)
[ee3327a4-76ba-4cd0-a9dc-7f5d63792942/build]   |     at org.apache.maven.project.DefaultProjectDependenciesResolver.resolve (DefaultProjectDependenciesResolver.java:170)
[ee3327a4-76ba-4cd0-a9dc-7f5d63792942/build]   |     at org.apache.maven.lifecycle.internal.LifecycleDependencyResolver.getDependencies (LifecycleDependencyResolver.java:243)
[ee3327a4-76ba-4cd0-a9dc-7f5d63792942/build]   |     at org.apache.maven.lifecycle.internal.LifecycleDependencyResolver.resolveProjectDependencies (LifecycleDependencyResolver.java:147)
[ee3327a4-76ba-4cd0-a9dc-7f5d63792942/build]   |     at org.apache.maven.lifecycle.internal.MojoExecutor.ensureDependenciesAreResolved (MojoExecutor.java:248)
[ee3327a4-76ba-4cd0-a9dc-7f5d63792942/build]   |     at org.apache.maven.lifecycle.internal.MojoExecutor.execute (MojoExecutor.java:202)
[ee3327a4-76ba-4cd0-a9dc-7f5d63792942/build]   |     at org.apache.maven.lifecycle.internal.MojoExecutor.execute (MojoExecutor.java:156)
[ee3327a4-76ba-4cd0-a9dc-7f5d63792942/build]   |     at org.apache.maven.lifecycle.internal.MojoExecutor.execute (MojoExecutor.java:148)
[ee3327a4-76ba-4cd0-a9dc-7f5d63792942/build]   |     at org.apache.maven.lifecycle.internal.LifecycleModuleBuilder.buildProject (LifecycleModuleBuilder.java:117)
[ee3327a4-76ba-4cd0-a9dc-7f5d63792942/build]   |     at org.apache.maven.lifecycle.internal.LifecycleModuleBuilder.buildProject (LifecycleModuleBuilder.java:81)
[ee3327a4-76ba-4cd0-a9dc-7f5d63792942/build]   |     at org.apache.maven.lifecycle.internal.builder.singlethreaded.SingleThreadedBuilder.build (SingleThreadedBuilder.java:56)
[ee3327a4-76ba-4cd0-a9dc-7f5d63792942/build]   |     at org.apache.maven.lifecycle.internal.LifecycleStarter.execute (LifecycleStarter.java:128)
[ee3327a4-76ba-4cd0-a9dc-7f5d63792942/build]   |     at org.apache.maven.DefaultMaven.doExecute (DefaultMaven.java:305)
[ee3327a4-76ba-4cd0-a9dc-7f5d63792942/build]   |     at org.apache.maven.DefaultMaven.doExecute (DefaultMaven.java:192)
[ee3327a4-76ba-4cd0-a9dc-7f5d63792942/build]   |     at org.apache.maven.DefaultMaven.execute (DefaultMaven.java:105)
[ee3327a4-76ba-4cd0-a9dc-7f5d63792942/build]   |     at org.apache.maven.cli.MavenCli.execute (MavenCli.java:972)
[ee3327a4-76ba-4cd0-a9dc-7f5d63792942/build]   |     at org.apache.maven.cli.MavenCli.doMain (MavenCli.java:293)
[ee3327a4-76ba-4cd0-a9dc-7f5d63792942/build]   |     at org.apache.maven.cli.MavenCli.main (MavenCli.java:196)
[ee3327a4-76ba-4cd0-a9dc-7f5d63792942/build]   |     at jdk.internal.reflect.NativeMethodAccessorImpl.invoke0 (Native Method)
[ee3327a4-76ba-4cd0-a9dc-7f5d63792942/build]   |     at jdk.internal.reflect.NativeMethodAccessorImpl.invoke (NativeMethodAccessorImpl.java:62)
[ee3327a4-76ba-4cd0-a9dc-7f5d63792942/build]   |     at jdk.internal.reflect.DelegatingMethodAccessorImpl.invoke (DelegatingMethodAccessorImpl.java:43)
[ee3327a4-76ba-4cd0-a9dc-7f5d63792942/build]   |     at java.lang.reflect.Method.invoke (Method.java:566)
[ee3327a4-76ba-4cd0-a9dc-7f5d63792942/build]   |     at org.codehaus.plexus.classworlds.launcher.Launcher.launchEnhanced (Launcher.java:282)
[ee3327a4-76ba-4cd0-a9dc-7f5d63792942/build]   |     at org.codehaus.plexus.classworlds.launcher.Launcher.launch (Launcher.java:225)
[ee3327a4-76ba-4cd0-a9dc-7f5d63792942/build]   |     at org.codehaus.plexus.classworlds.launcher.Launcher.mainWithExitCode (Launcher.java:406)
[ee3327a4-76ba-4cd0-a9dc-7f5d63792942/build]   |     at org.codehaus.plexus.classworlds.launcher.Launcher.main (Launcher.java:347)
[ee3327a4-76ba-4cd0-a9dc-7f5d63792942/build]   | [WARNING] Checksum validation failed, expected 2a35d2f0b039929d278708b76f6f83289518220a but is 1b3e66af42c209f7e49b48bcf36999aff5b4de95 from central for https://repo.maven.apache.org/maven2/org/codehaus/guessencoding/guessencoding/1.4/guessencoding-1.4.pom
[ee3327a4-76ba-4cd0-a9dc-7f5d63792942/build]   | [INFO] Downloaded from central: https://repo.maven.apache.org/maven2/org/codehaus/guessencoding/guessencoding/1.4/guessencoding-1.4.pom (2.6 kB at 29 kB/s)
[ee3327a4-76ba-4cd0-a9dc-7f5d63792942/build]   | [INFO] Downloading from central: https://repo.maven.apache.org/maven2/net/jodah/expiringmap/0.5.2/expiringmap-0.5.2.pom
[ee3327a4-76ba-4cd0-a9dc-7f5d63792942/build]   | [INFO] Downloaded from central: https://repo.maven.apache.org/maven2/net/jodah/expiringmap/0.5.2/expiringmap-0.5.2.pom (4.0 kB at 174 kB/s)
[ee3327a4-76ba-4cd0-a9dc-7f5d63792942/build]   | [INFO] Downloading from central: https://repo.maven.apache.org/maven2/net/sf/opencsv/opencsv/2.3/opencsv-2.3.pom
[ee3327a4-76ba-4cd0-a9dc-7f5d63792942/build]   | [INFO] Downloaded from central: https://repo.maven.apache.org/maven2/net/sf/opencsv/opencsv/2.3/opencsv-2.3.pom (5.4 kB at 143 kB/s)
[ee3327a4-76ba-4cd0-a9dc-7f5d63792942/build]   | [INFO] Downloading from central: https://repo.maven.apache.org/maven2/org/apache/lucene/lucene-core/5.5.0/lucene-core-5.5.0.pom
[ee3327a4-76ba-4cd0-a9dc-7f5d63792942/build]   | [INFO] Downloaded from central: https://repo.maven.apache.org/maven2/org/apache/lucene/lucene-core/5.5.0/lucene-core-5.5.0.pom (3.1 kB at 154 kB/s)
[ee3327a4-76ba-4cd0-a9dc-7f5d63792942/build]   | [INFO] Downloading from central: https://repo.maven.apache.org/maven2/org/apache/lucene/lucene-parent/5.5.0/lucene-parent-5.5.0.pom
[ee3327a4-76ba-4cd0-a9dc-7f5d63792942/build]   | [INFO] Downloaded from central: https://repo.maven.apache.org/maven2/org/apache/lucene/lucene-parent/5.5.0/lucene-parent-5.5.0.pom (4.8 kB at 121 kB/s)
[ee3327a4-76ba-4cd0-a9dc-7f5d63792942/build]   | [INFO] Downloading from central: https://repo.maven.apache.org/maven2/org/apache/lucene/lucene-solr-grandparent/5.5.0/lucene-solr-grandparent-5.5.0.pom
[ee3327a4-76ba-4cd0-a9dc-7f5d63792942/build]   | [INFO] Downloaded from central: https://repo.maven.apache.org/maven2/org/apache/lucene/lucene-solr-grandparent/5.5.0/lucene-solr-grandparent-5.5.0.pom (396 kB at 6.1 MB/s)
[ee3327a4-76ba-4cd0-a9dc-7f5d63792942/build]   | [INFO] Downloading from central: https://repo.maven.apache.org/maven2/org/apache/lucene/lucene-analyzers-common/5.5.0/lucene-analyzers-common-5.5.0.pom
[ee3327a4-76ba-4cd0-a9dc-7f5d63792942/build]   | [INFO] Downloaded from central: https://repo.maven.apache.org/maven2/org/apache/lucene/lucene-analyzers-common/5.5.0/lucene-analyzers-common-5.5.0.pom (3.0 kB at 11 kB/s)
[ee3327a4-76ba-4cd0-a9dc-7f5d63792942/build]   | [INFO] Downloading from central: https://repo.maven.apache.org/maven2/org/apache/lucene/lucene-queryparser/5.5.0/lucene-queryparser-5.5.0.pom
[ee3327a4-76ba-4cd0-a9dc-7f5d63792942/build]   | [INFO] Downloaded from central: https://repo.maven.apache.org/maven2/org/apache/lucene/lucene-queryparser/5.5.0/lucene-queryparser-5.5.0.pom (3.5 kB at 122 kB/s)
[ee3327a4-76ba-4cd0-a9dc-7f5d63792942/build]   | [INFO] Downloading from central: https://repo.maven.apache.org/maven2/org/apache/lucene/lucene-queries/5.5.0/lucene-queries-5.5.0.pom
[ee3327a4-76ba-4cd0-a9dc-7f5d63792942/build]   | [INFO] Downloaded from central: https://repo.maven.apache.org/maven2/org/apache/lucene/lucene-queries/5.5.0/lucene-queries-5.5.0.pom (2.8 kB at 108 kB/s)
[ee3327a4-76ba-4cd0-a9dc-7f5d63792942/build]   | [INFO] Downloading from central: https://repo.maven.apache.org/maven2/org/apache/lucene/lucene-sandbox/5.5.0/lucene-sandbox-5.5.0.pom
[ee3327a4-76ba-4cd0-a9dc-7f5d63792942/build]   | [INFO] Downloaded from central: https://repo.maven.apache.org/maven2/org/apache/lucene/lucene-sandbox/5.5.0/lucene-sandbox-5.5.0.pom (3.4 kB at 189 kB/s)
[ee3327a4-76ba-4cd0-a9dc-7f5d63792942/build]   | [INFO] Downloading from central: https://repo.maven.apache.org/maven2/org/apache/lucene/lucene-facet/5.5.0/lucene-facet-5.5.0.pom
[ee3327a4-76ba-4cd0-a9dc-7f5d63792942/build]   | [INFO] Downloaded from central: https://repo.maven.apache.org/maven2/org/apache/lucene/lucene-facet/5.5.0/lucene-facet-5.5.0.pom (3.1 kB at 182 kB/s)
[ee3327a4-76ba-4cd0-a9dc-7f5d63792942/build]   | [INFO] Downloading from central: https://repo.maven.apache.org/maven2/junit/junit/4.12/junit-4.12.pom
[ee3327a4-76ba-4cd0-a9dc-7f5d63792942/build]   | [INFO] Downloaded from central: https://repo.maven.apache.org/maven2/junit/junit/4.12/junit-4.12.pom (24 kB at 1.2 MB/s)
[ee3327a4-76ba-4cd0-a9dc-7f5d63792942/build]   | [INFO] Downloading from central: https://repo.maven.apache.org/maven2/org/hamcrest/hamcrest-core/1.3/hamcrest-core-1.3.pom
[ee3327a4-76ba-4cd0-a9dc-7f5d63792942/build]   | [INFO] Downloaded from central: https://repo.maven.apache.org/maven2/org/hamcrest/hamcrest-core/1.3/hamcrest-core-1.3.pom (766 B at 18 kB/s)
[ee3327a4-76ba-4cd0-a9dc-7f5d63792942/build]   | [INFO] Downloading from central: https://repo.maven.apache.org/maven2/org/hamcrest/hamcrest-parent/1.3/hamcrest-parent-1.3.pom
[ee3327a4-76ba-4cd0-a9dc-7f5d63792942/build]   | [INFO] Downloaded from central: https://repo.maven.apache.org/maven2/org/hamcrest/hamcrest-parent/1.3/hamcrest-parent-1.3.pom (2.0 kB at 86 kB/s)
[ee3327a4-76ba-4cd0-a9dc-7f5d63792942/build]   | [INFO] Downloading from central: https://repo.maven.apache.org/maven2/org/mockito/mockito-all/1.9.5/mockito-all-1.9.5.pom
[ee3327a4-76ba-4cd0-a9dc-7f5d63792942/build]   | [INFO] Downloaded from central: https://repo.maven.apache.org/maven2/org/mockito/mockito-all/1.9.5/mockito-all-1.9.5.pom (1.0 kB at 52 kB/s)
[ee3327a4-76ba-4cd0-a9dc-7f5d63792942/build]   | [INFO] Downloading from central: https://repo.maven.apache.org/maven2/org/assertj/assertj-core/3.5.2/assertj-core-3.5.2.pom
[ee3327a4-76ba-4cd0-a9dc-7f5d63792942/build]   | [INFO] Downloaded from central: https://repo.maven.apache.org/maven2/org/assertj/assertj-core/3.5.2/assertj-core-3.5.2.pom (9.5 kB at 396 kB/s)
[ee3327a4-76ba-4cd0-a9dc-7f5d63792942/build]   | [INFO] Downloading from central: https://repo.maven.apache.org/maven2/org/assertj/assertj-parent-pom/2.1.4/assertj-parent-pom-2.1.4.pom
[ee3327a4-76ba-4cd0-a9dc-7f5d63792942/build]   | [INFO] Downloaded from central: https://repo.maven.apache.org/maven2/org/assertj/assertj-parent-pom/2.1.4/assertj-parent-pom-2.1.4.pom (15 kB at 581 kB/s)
[ee3327a4-76ba-4cd0-a9dc-7f5d63792942/build]   | [INFO] Downloading from central: https://repo.maven.apache.org/maven2/com/sparkjava/spark-core/2.5.5/spark-core-2.5.5.jar
[ee3327a4-76ba-4cd0-a9dc-7f5d63792942/build]   | [INFO] Downloading from central: https://repo.maven.apache.org/maven2/org/eclipse/jetty/jetty-http/9.3.6.v20151106/jetty-http-9.3.6.v20151106.jar
[ee3327a4-76ba-4cd0-a9dc-7f5d63792942/build]   | [INFO] Downloading from central: https://repo.maven.apache.org/maven2/javax/servlet/javax.servlet-api/3.1.0/javax.servlet-api-3.1.0.jar
[ee3327a4-76ba-4cd0-a9dc-7f5d63792942/build]   | [INFO] Downloading from central: https://repo.maven.apache.org/maven2/org/eclipse/jetty/jetty-server/9.3.6.v20151106/jetty-server-9.3.6.v20151106.jar
[ee3327a4-76ba-4cd0-a9dc-7f5d63792942/build]   | [INFO] Downloading from central: https://repo.maven.apache.org/maven2/org/slf4j/slf4j-api/1.7.13/slf4j-api-1.7.13.jar
[ee3327a4-76ba-4cd0-a9dc-7f5d63792942/build]   | [INFO] Downloaded from central: https://repo.maven.apache.org/maven2/org/eclipse/jetty/jetty-http/9.3.6.v20151106/jetty-http-9.3.6.v20151106.jar (117 kB at 1.6 MB/s)
[ee3327a4-76ba-4cd0-a9dc-7f5d63792942/build]   | [INFO] Downloading from central: https://repo.maven.apache.org/maven2/org/eclipse/jetty/jetty-util/9.3.6.v20151106/jetty-util-9.3.6.v20151106.jar
[ee3327a4-76ba-4cd0-a9dc-7f5d63792942/build]   | [INFO] Downloaded from central: https://repo.maven.apache.org/maven2/org/slf4j/slf4j-api/1.7.13/slf4j-api-1.7.13.jar (33 kB at 273 kB/s)
[ee3327a4-76ba-4cd0-a9dc-7f5d63792942/build]   | [INFO] Downloading from central: https://repo.maven.apache.org/maven2/org/eclipse/jetty/jetty-io/9.3.6.v20151106/jetty-io-9.3.6.v20151106.jar
[ee3327a4-76ba-4cd0-a9dc-7f5d63792942/build]   | [INFO] Downloaded from central: https://repo.maven.apache.org/maven2/javax/servlet/javax.servlet-api/3.1.0/javax.servlet-api-3.1.0.jar (96 kB at 647 kB/s)
[ee3327a4-76ba-4cd0-a9dc-7f5d63792942/build]   | [INFO] Downloading from central: https://repo.maven.apache.org/maven2/org/eclipse/jetty/jetty-webapp/9.3.6.v20151106/jetty-webapp-9.3.6.v20151106.jar
[ee3327a4-76ba-4cd0-a9dc-7f5d63792942/build]   | [INFO] Downloaded from central: https://repo.maven.apache.org/maven2/com/sparkjava/spark-core/2.5.5/spark-core-2.5.5.jar (148 kB at 880 kB/s)
[ee3327a4-76ba-4cd0-a9dc-7f5d63792942/build]   | [INFO] Downloading from central: https://repo.maven.apache.org/maven2/org/eclipse/jetty/jetty-xml/9.3.6.v20151106/jetty-xml-9.3.6.v20151106.jar
[ee3327a4-76ba-4cd0-a9dc-7f5d63792942/build]   | [INFO] Downloaded from central: https://repo.maven.apache.org/maven2/org/eclipse/jetty/jetty-util/9.3.6.v20151106/jetty-util-9.3.6.v20151106.jar (414 kB at 2.3 MB/s)
[ee3327a4-76ba-4cd0-a9dc-7f5d63792942/build]   | [INFO] Downloading from central: https://repo.maven.apache.org/maven2/org/eclipse/jetty/jetty-servlet/9.3.6.v20151106/jetty-servlet-9.3.6.v20151106.jar
[ee3327a4-76ba-4cd0-a9dc-7f5d63792942/build]   | [INFO] Downloaded from central: https://repo.maven.apache.org/maven2/org/eclipse/jetty/jetty-server/9.3.6.v20151106/jetty-server-9.3.6.v20151106.jar (482 kB at 2.7 MB/s)
[ee3327a4-76ba-4cd0-a9dc-7f5d63792942/build]   | [INFO] Downloading from central: https://repo.maven.apache.org/maven2/org/eclipse/jetty/jetty-security/9.3.6.v20151106/jetty-security-9.3.6.v20151106.jar
[ee3327a4-76ba-4cd0-a9dc-7f5d63792942/build]   | [INFO] Downloaded from central: https://repo.maven.apache.org/maven2/org/eclipse/jetty/jetty-webapp/9.3.6.v20151106/jetty-webapp-9.3.6.v20151106.jar (111 kB at 607 kB/s)
[ee3327a4-76ba-4cd0-a9dc-7f5d63792942/build]   | [INFO] Downloading from central: https://repo.maven.apache.org/maven2/org/eclipse/jetty/websocket/websocket-server/9.3.6.v20151106/websocket-server-9.3.6.v20151106.jar
[ee3327a4-76ba-4cd0-a9dc-7f5d63792942/build]   | [INFO] Downloaded from central: https://repo.maven.apache.org/maven2/org/eclipse/jetty/jetty-io/9.3.6.v20151106/jetty-io-9.3.6.v20151106.jar (105 kB at 505 kB/s)
[ee3327a4-76ba-4cd0-a9dc-7f5d63792942/build]   | [INFO] Downloading from central: https://repo.maven.apache.org/maven2/org/eclipse/jetty/websocket/websocket-common/9.3.6.v20151106/websocket-common-9.3.6.v20151106.jar
[ee3327a4-76ba-4cd0-a9dc-7f5d63792942/build]   | [INFO] Downloaded from central: https://repo.maven.apache.org/maven2/org/eclipse/jetty/jetty-security/9.3.6.v20151106/jetty-security-9.3.6.v20151106.jar (91 kB at 424 kB/s)
[ee3327a4-76ba-4cd0-a9dc-7f5d63792942/build]   | [INFO] Downloading from central: https://repo.maven.apache.org/maven2/org/eclipse/jetty/websocket/websocket-client/9.3.6.v20151106/websocket-client-9.3.6.v20151106.jar
[ee3327a4-76ba-4cd0-a9dc-7f5d63792942/build]   | [INFO] Downloaded from central: https://repo.maven.apache.org/maven2/org/eclipse/jetty/jetty-xml/9.3.6.v20151106/jetty-xml-9.3.6.v20151106.jar (50 kB at 227 kB/s)
[ee3327a4-76ba-4cd0-a9dc-7f5d63792942/build]   | [INFO] Downloading from central: https://repo.maven.apache.org/maven2/org/eclipse/jetty/websocket/websocket-servlet/9.3.6.v20151106/websocket-servlet-9.3.6.v20151106.jar
[ee3327a4-76ba-4cd0-a9dc-7f5d63792942/build]   | [INFO] Downloaded from central: https://repo.maven.apache.org/maven2/org/eclipse/jetty/websocket/websocket-server/9.3.6.v20151106/websocket-server-9.3.6.v20151106.jar (38 kB at 125 kB/s)
[ee3327a4-76ba-4cd0-a9dc-7f5d63792942/build]   | [INFO] Downloading from central: https://repo.maven.apache.org/maven2/org/eclipse/jetty/websocket/websocket-api/9.3.6.v20151106/websocket-api-9.3.6.v20151106.jar
[ee3327a4-76ba-4cd0-a9dc-7f5d63792942/build]   | [INFO] Downloaded from central: https://repo.maven.apache.org/maven2/org/eclipse/jetty/websocket/websocket-servlet/9.3.6.v20151106/websocket-servlet-9.3.6.v20151106.jar (18 kB at 55 kB/s)
[ee3327a4-76ba-4cd0-a9dc-7f5d63792942/build]   | [INFO] Downloading from central: https://repo.maven.apache.org/maven2/org/slf4j/slf4j-simple/1.7.21/slf4j-simple-1.7.21.jar
[ee3327a4-76ba-4cd0-a9dc-7f5d63792942/build]   | [INFO] Downloaded from central: https://repo.maven.apache.org/maven2/org/eclipse/jetty/websocket/websocket-client/9.3.6.v20151106/websocket-client-9.3.6.v20151106.jar (36 kB at 103 kB/s)
[ee3327a4-76ba-4cd0-a9dc-7f5d63792942/build]   | [INFO] Downloading from central: https://repo.maven.apache.org/maven2/com/sparkjava/spark-template-freemarker/2.0.0/spark-template-freemarker-2.0.0.jar
[ee3327a4-76ba-4cd0-a9dc-7f5d63792942/build]   | [INFO] Downloaded from central: https://repo.maven.apache.org/maven2/org/eclipse/jetty/websocket/websocket-common/9.3.6.v20151106/websocket-common-9.3.6.v20151106.jar (188 kB at 530 kB/s)
[ee3327a4-76ba-4cd0-a9dc-7f5d63792942/build]   | [INFO] Downloading from central: https://repo.maven.apache.org/maven2/org/freemarker/freemarker/2.3.23/freemarker-2.3.23.jar
[ee3327a4-76ba-4cd0-a9dc-7f5d63792942/build]   | [INFO] Downloaded from central: https://repo.maven.apache.org/maven2/org/eclipse/jetty/jetty-servlet/9.3.6.v20151106/jetty-servlet-9.3.6.v20151106.jar (113 kB at 317 kB/s)
[ee3327a4-76ba-4cd0-a9dc-7f5d63792942/build]   | [INFO] Downloading from central: https://repo.maven.apache.org/maven2/org/xerial/sqlite-jdbc/3.8.6/sqlite-jdbc-3.8.6.jar
[ee3327a4-76ba-4cd0-a9dc-7f5d63792942/build]   | [INFO] Downloaded from central: https://repo.maven.apache.org/maven2/org/eclipse/jetty/websocket/websocket-api/9.3.6.v20151106/websocket-api-9.3.6.v20151106.jar (45 kB at 119 kB/s)
[ee3327a4-76ba-4cd0-a9dc-7f5d63792942/build]   | [INFO] Downloading from central: https://repo.maven.apache.org/maven2/org/apache/commons/commons-dbcp2/2.1.1/commons-dbcp2-2.1.1.jar
[ee3327a4-76ba-4cd0-a9dc-7f5d63792942/build]   | [INFO] Downloaded from central: https://repo.maven.apache.org/maven2/org/slf4j/slf4j-simple/1.7.21/slf4j-simple-1.7.21.jar (11 kB at 28 kB/s)
[ee3327a4-76ba-4cd0-a9dc-7f5d63792942/build]   | [INFO] Downloading from central: https://repo.maven.apache.org/maven2/org/apache/commons/commons-pool2/2.4.2/commons-pool2-2.4.2.jar
[ee3327a4-76ba-4cd0-a9dc-7f5d63792942/build]   | [INFO] Downloaded from central: https://repo.maven.apache.org/maven2/com/sparkjava/spark-template-freemarker/2.0.0/spark-template-freemarker-2.0.0.jar (3.7 kB at 9.6 kB/s)
[ee3327a4-76ba-4cd0-a9dc-7f5d63792942/build]   | [INFO] Downloading from central: https://repo.maven.apache.org/maven2/commons-logging/commons-logging/1.2/commons-logging-1.2.jar
[ee3327a4-76ba-4cd0-a9dc-7f5d63792942/build]   | [INFO] Downloaded from central: https://repo.maven.apache.org/maven2/commons-logging/commons-logging/1.2/commons-logging-1.2.jar (62 kB at 141 kB/s)
[ee3327a4-76ba-4cd0-a9dc-7f5d63792942/build]   | [INFO] Downloading from central: https://repo.maven.apache.org/maven2/de/svenkubiak/jBCrypt/0.4/jBCrypt-0.4.jar
[ee3327a4-76ba-4cd0-a9dc-7f5d63792942/build]   | [INFO] Downloaded from central: https://repo.maven.apache.org/maven2/org/apache/commons/commons-dbcp2/2.1.1/commons-dbcp2-2.1.1.jar (174 kB at 386 kB/s)
[ee3327a4-76ba-4cd0-a9dc-7f5d63792942/build]   | [INFO] Downloading from central: https://repo.maven.apache.org/maven2/commons-codec/commons-codec/1.10/commons-codec-1.10.jar
[ee3327a4-76ba-4cd0-a9dc-7f5d63792942/build]   | [INFO] Downloaded from central: https://repo.maven.apache.org/maven2/org/apache/commons/commons-pool2/2.4.2/commons-pool2-2.4.2.jar (112 kB at 248 kB/s)
[ee3327a4-76ba-4cd0-a9dc-7f5d63792942/build]   | [INFO] Downloading from central: https://repo.maven.apache.org/maven2/com/google/code/gson/gson/2.8.0/gson-2.8.0.jar
[ee3327a4-76ba-4cd0-a9dc-7f5d63792942/build]   | [INFO] Downloaded from central: https://repo.maven.apache.org/maven2/de/svenkubiak/jBCrypt/0.4/jBCrypt-0.4.jar (17 kB at 36 kB/s)
[ee3327a4-76ba-4cd0-a9dc-7f5d63792942/build]   | [INFO] Downloading from central: https://repo.maven.apache.org/maven2/com/google/guava/guava/18.0/guava-18.0.jar
[ee3327a4-76ba-4cd0-a9dc-7f5d63792942/build]   | [INFO] Downloaded from central: https://repo.maven.apache.org/maven2/com/google/code/gson/gson/2.8.0/gson-2.8.0.jar (232 kB at 453 kB/s)
[ee3327a4-76ba-4cd0-a9dc-7f5d63792942/build]   | [INFO] Downloading from central: https://repo.maven.apache.org/maven2/org/quartz-scheduler/quartz/2.2.2/quartz-2.2.2.jar
[ee3327a4-76ba-4cd0-a9dc-7f5d63792942/build]   | [INFO] Downloaded from central: https://repo.maven.apache.org/maven2/commons-codec/commons-codec/1.10/commons-codec-1.10.jar (284 kB at 524 kB/s)
[ee3327a4-76ba-4cd0-a9dc-7f5d63792942/build]   | [INFO] Downloading from central: https://repo.maven.apache.org/maven2/c3p0/c3p0/0.9.1.1/c3p0-0.9.1.1.jar
[ee3327a4-76ba-4cd0-a9dc-7f5d63792942/build]   | [INFO] Downloaded from central: https://repo.maven.apache.org/maven2/org/quartz-scheduler/quartz/2.2.2/quartz-2.2.2.jar (660 kB at 1.0 MB/s)
[ee3327a4-76ba-4cd0-a9dc-7f5d63792942/build]   | [INFO] Downloading from central: https://repo.maven.apache.org/maven2/org/quartz-scheduler/quartz-jobs/2.2.3/quartz-jobs-2.2.3.jar
[ee3327a4-76ba-4cd0-a9dc-7f5d63792942/build]   | [INFO] Downloaded from central: https://repo.maven.apache.org/maven2/c3p0/c3p0/0.9.1.1/c3p0-0.9.1.1.jar (608 kB at 845 kB/s)
[ee3327a4-76ba-4cd0-a9dc-7f5d63792942/build]   | [INFO] Downloading from central: https://repo.maven.apache.org/maven2/org/eclipse/jgit/org.eclipse.jgit/4.5.0.201609210915-r/org.eclipse.jgit-4.5.0.201609210915-r.jar
[ee3327a4-76ba-4cd0-a9dc-7f5d63792942/build]   | [INFO] Downloaded from central: https://repo.maven.apache.org/maven2/org/quartz-scheduler/quartz-jobs/2.2.3/quartz-jobs-2.2.3.jar (34 kB at 47 kB/s)
[ee3327a4-76ba-4cd0-a9dc-7f5d63792942/build]   | [INFO] Downloading from central: https://repo.maven.apache.org/maven2/com/jcraft/jsch/0.1.53/jsch-0.1.53.jar
[ee3327a4-76ba-4cd0-a9dc-7f5d63792942/build]   | [INFO] Downloaded from central: https://repo.maven.apache.org/maven2/org/freemarker/freemarker/2.3.23/freemarker-2.3.23.jar (1.4 MB at 1.9 MB/s)
[ee3327a4-76ba-4cd0-a9dc-7f5d63792942/build]   | [INFO] Downloading from central: https://repo.maven.apache.org/maven2/com/googlecode/javaewah/JavaEWAH/0.7.9/JavaEWAH-0.7.9.jar
[ee3327a4-76ba-4cd0-a9dc-7f5d63792942/build]   | [INFO] Downloaded from central: https://repo.maven.apache.org/maven2/com/googlecode/javaewah/JavaEWAH/0.7.9/JavaEWAH-0.7.9.jar (125 kB at 154 kB/s)
[ee3327a4-76ba-4cd0-a9dc-7f5d63792942/build]   | [INFO] Downloading from central: https://repo.maven.apache.org/maven2/org/apache/httpcomponents/httpclient/4.3.6/httpclient-4.3.6.jar
[ee3327a4-76ba-4cd0-a9dc-7f5d63792942/build]   | [INFO] Downloaded from central: https://repo.maven.apache.org/maven2/com/jcraft/jsch/0.1.53/jsch-0.1.53.jar (280 kB at 344 kB/s)
[ee3327a4-76ba-4cd0-a9dc-7f5d63792942/build]   | [INFO] Downloading from central: https://repo.maven.apache.org/maven2/org/apache/httpcomponents/httpcore/4.3.3/httpcore-4.3.3.jar
[ee3327a4-76ba-4cd0-a9dc-7f5d63792942/build]   | [INFO] Downloaded from central: https://repo.maven.apache.org/maven2/org/apache/httpcomponents/httpcore/4.3.3/httpcore-4.3.3.jar (283 kB at 291 kB/s)
[ee3327a4-76ba-4cd0-a9dc-7f5d63792942/build]   | [INFO] Downloading from central: https://repo.maven.apache.org/maven2/org/apache/commons/commons-lang3/3.4/commons-lang3-3.4.jar
[ee3327a4-76ba-4cd0-a9dc-7f5d63792942/build]   | [INFO] Downloaded from central: https://repo.maven.apache.org/maven2/org/apache/httpcomponents/httpclient/4.3.6/httpclient-4.3.6.jar (592 kB at 600 kB/s)
[ee3327a4-76ba-4cd0-a9dc-7f5d63792942/build]   | [INFO] Downloading from central: https://repo.maven.apache.org/maven2/commons-io/commons-io/2.4/commons-io-2.4.jar
[ee3327a4-76ba-4cd0-a9dc-7f5d63792942/build]   | [INFO] Downloaded from central: https://repo.maven.apache.org/maven2/commons-io/commons-io/2.4/commons-io-2.4.jar (185 kB at 173 kB/s)
[ee3327a4-76ba-4cd0-a9dc-7f5d63792942/build]   | [INFO] Downloading from central: https://repo.maven.apache.org/maven2/org/codehaus/guessencoding/guessencoding/1.4/guessencoding-1.4.jar
[ee3327a4-76ba-4cd0-a9dc-7f5d63792942/build]   | [INFO] Downloaded from central: https://repo.maven.apache.org/maven2/org/apache/commons/commons-lang3/3.4/commons-lang3-3.4.jar (435 kB at 390 kB/s)
[ee3327a4-76ba-4cd0-a9dc-7f5d63792942/build]   | [INFO] Downloading from central: https://repo.maven.apache.org/maven2/net/jodah/expiringmap/0.5.2/expiringmap-0.5.2.jar
[ee3327a4-76ba-4cd0-a9dc-7f5d63792942/build]   | [WARNING] Checksum validation failed, expected 28fae7da30e019a9b07bf6e0ea21eb44577eae51 but is 1b71c4cac8b243df1895612f3371ebbfce967d38 from central for https://repo.maven.apache.org/maven2/org/codehaus/guessencoding/guessencoding/1.4/guessencoding-1.4.jar
[ee3327a4-76ba-4cd0-a9dc-7f5d63792942/build]   | [INFO] Downloaded from central: https://repo.maven.apache.org/maven2/com/google/guava/guava/18.0/guava-18.0.jar (2.3 MB at 2.0 MB/s)
[ee3327a4-76ba-4cd0-a9dc-7f5d63792942/build]   | [INFO] Downloading from central: https://repo.maven.apache.org/maven2/net/sf/opencsv/opencsv/2.3/opencsv-2.3.jar
[ee3327a4-76ba-4cd0-a9dc-7f5d63792942/build]   | [WARNING] Could not validate integrity of download from https://repo.maven.apache.org/maven2/org/codehaus/guessencoding/guessencoding/1.4/guessencoding-1.4.jar
[ee3327a4-76ba-4cd0-a9dc-7f5d63792942/build]   | org.eclipse.aether.transfer.ChecksumFailureException: Checksum validation failed, expected 28fae7da30e019a9b07bf6e0ea21eb44577eae51 but is 1b71c4cac8b243df1895612f3371ebbfce967d38
[ee3327a4-76ba-4cd0-a9dc-7f5d63792942/build]   |     at org.eclipse.aether.connector.basic.ChecksumValidator.validateExternalChecksums (ChecksumValidator.java:174)
[ee3327a4-76ba-4cd0-a9dc-7f5d63792942/build]   |     at org.eclipse.aether.connector.basic.ChecksumValidator.validate (ChecksumValidator.java:103)
[ee3327a4-76ba-4cd0-a9dc-7f5d63792942/build]   |     at org.eclipse.aether.connector.basic.BasicRepositoryConnector$GetTaskRunner.runTask (BasicRepositoryConnector.java:460)
[ee3327a4-76ba-4cd0-a9dc-7f5d63792942/build]   |     at org.eclipse.aether.connector.basic.BasicRepositoryConnector$TaskRunner.run (BasicRepositoryConnector.java:364)
[ee3327a4-76ba-4cd0-a9dc-7f5d63792942/build]   |     at org.eclipse.aether.util.concurrency.RunnableErrorForwarder$1.run (RunnableErrorForwarder.java:75)
[ee3327a4-76ba-4cd0-a9dc-7f5d63792942/build]   |     at java.util.concurrent.ThreadPoolExecutor.runWorker (ThreadPoolExecutor.java:1128)
[ee3327a4-76ba-4cd0-a9dc-7f5d63792942/build]   |     at java.util.concurrent.ThreadPoolExecutor$Worker.run (ThreadPoolExecutor.java:628)
[ee3327a4-76ba-4cd0-a9dc-7f5d63792942/build]   |     at java.lang.Thread.run (Thread.java:829)
[ee3327a4-76ba-4cd0-a9dc-7f5d63792942/build]   | [WARNING] Checksum validation failed, expected 28fae7da30e019a9b07bf6e0ea21eb44577eae51 but is 1b71c4cac8b243df1895612f3371ebbfce967d38 from central for https://repo.maven.apache.org/maven2/org/codehaus/guessencoding/guessencoding/1.4/guessencoding-1.4.jar
[ee3327a4-76ba-4cd0-a9dc-7f5d63792942/build]   | [INFO] Downloaded from central: https://repo.maven.apache.org/maven2/org/codehaus/guessencoding/guessencoding/1.4/guessencoding-1.4.jar (7.0 kB at 6.0 kB/s)
[ee3327a4-76ba-4cd0-a9dc-7f5d63792942/build]   | [INFO] Downloading from central: https://repo.maven.apache.org/maven2/org/apache/lucene/lucene-core/5.5.0/lucene-core-5.5.0.jar
[ee3327a4-76ba-4cd0-a9dc-7f5d63792942/build]   | [INFO] Downloaded from central: https://repo.maven.apache.org/maven2/net/sf/opencsv/opencsv/2.3/opencsv-2.3.jar (20 kB at 17 kB/s)
[ee3327a4-76ba-4cd0-a9dc-7f5d63792942/build]   | [INFO] Downloading from central: https://repo.maven.apache.org/maven2/org/apache/lucene/lucene-analyzers-common/5.5.0/lucene-analyzers-common-5.5.0.jar
[ee3327a4-76ba-4cd0-a9dc-7f5d63792942/build]   | [INFO] Downloaded from central: https://repo.maven.apache.org/maven2/org/eclipse/jgit/org.eclipse.jgit/4.5.0.201609210915-r/org.eclipse.jgit-4.5.0.201609210915-r.jar (2.4 MB at 2.0 MB/s)
[ee3327a4-76ba-4cd0-a9dc-7f5d63792942/build]   | [INFO] Downloading from central: https://repo.maven.apache.org/maven2/org/apache/lucene/lucene-queryparser/5.5.0/lucene-queryparser-5.5.0.jar
[ee3327a4-76ba-4cd0-a9dc-7f5d63792942/build]   | [INFO] Downloaded from central: https://repo.maven.apache.org/maven2/net/jodah/expiringmap/0.5.2/expiringmap-0.5.2.jar (38 kB at 31 kB/s)
[ee3327a4-76ba-4cd0-a9dc-7f5d63792942/build]   | [INFO] Downloading from central: https://repo.maven.apache.org/maven2/org/apache/lucene/lucene-queries/5.5.0/lucene-queries-5.5.0.jar
[ee3327a4-76ba-4cd0-a9dc-7f5d63792942/build]   | [INFO] Downloaded from central: https://repo.maven.apache.org/maven2/org/apache/lucene/lucene-queryparser/5.5.0/lucene-queryparser-5.5.0.jar (403 kB at 310 kB/s)
[ee3327a4-76ba-4cd0-a9dc-7f5d63792942/build]   | [INFO] Downloading from central: https://repo.maven.apache.org/maven2/org/apache/lucene/lucene-sandbox/5.5.0/lucene-sandbox-5.5.0.jar
[ee3327a4-76ba-4cd0-a9dc-7f5d63792942/build]   | [INFO] Downloaded from central: https://repo.maven.apache.org/maven2/org/apache/lucene/lucene-queries/5.5.0/lucene-queries-5.5.0.jar (252 kB at 193 kB/s)
[ee3327a4-76ba-4cd0-a9dc-7f5d63792942/build]   | [INFO] Downloading from central: https://repo.maven.apache.org/maven2/org/apache/lucene/lucene-facet/5.5.0/lucene-facet-5.5.0.jar
[ee3327a4-76ba-4cd0-a9dc-7f5d63792942/build]   | [INFO] Downloaded from central: https://repo.maven.apache.org/maven2/org/apache/lucene/lucene-sandbox/5.5.0/lucene-sandbox-5.5.0.jar (232 kB at 166 kB/s)
[ee3327a4-76ba-4cd0-a9dc-7f5d63792942/build]   | [INFO] Downloading from central: https://repo.maven.apache.org/maven2/junit/junit/4.12/junit-4.12.jar
[ee3327a4-76ba-4cd0-a9dc-7f5d63792942/build]   | [INFO] Downloaded from central: https://repo.maven.apache.org/maven2/org/apache/lucene/lucene-facet/5.5.0/lucene-facet-5.5.0.jar (177 kB at 127 kB/s)
[ee3327a4-76ba-4cd0-a9dc-7f5d63792942/build]   | [INFO] Downloading from central: https://repo.maven.apache.org/maven2/org/hamcrest/hamcrest-core/1.3/hamcrest-core-1.3.jar
[ee3327a4-76ba-4cd0-a9dc-7f5d63792942/build]   | [INFO] Downloaded from central: https://repo.maven.apache.org/maven2/org/hamcrest/hamcrest-core/1.3/hamcrest-core-1.3.jar (45 kB at 31 kB/s)
[ee3327a4-76ba-4cd0-a9dc-7f5d63792942/build]   | [INFO] Downloading from central: https://repo.maven.apache.org/maven2/org/mockito/mockito-all/1.9.5/mockito-all-1.9.5.jar
[ee3327a4-76ba-4cd0-a9dc-7f5d63792942/build]   | [INFO] Downloaded from central: https://repo.maven.apache.org/maven2/junit/junit/4.12/junit-4.12.jar (315 kB at 212 kB/s)
[ee3327a4-76ba-4cd0-a9dc-7f5d63792942/build]   | [INFO] Downloading from central: https://repo.maven.apache.org/maven2/org/assertj/assertj-core/3.5.2/assertj-core-3.5.2.jar
[ee3327a4-76ba-4cd0-a9dc-7f5d63792942/build]   | [INFO] Downloaded from central: https://repo.maven.apache.org/maven2/org/assertj/assertj-core/3.5.2/assertj-core-3.5.2.jar (1.1 MB at 615 kB/s)
[ee3327a4-76ba-4cd0-a9dc-7f5d63792942/build]   | [INFO] Downloaded from central: https://repo.maven.apache.org/maven2/org/mockito/mockito-all/1.9.5/mockito-all-1.9.5.jar (1.6 MB at 890 kB/s)
[ee3327a4-76ba-4cd0-a9dc-7f5d63792942/build]   | [INFO] Downloaded from central: https://repo.maven.apache.org/maven2/org/apache/lucene/lucene-analyzers-common/5.5.0/lucene-analyzers-common-5.5.0.jar (1.6 MB at 781 kB/s)
[ee3327a4-76ba-4cd0-a9dc-7f5d63792942/build]   | [INFO] Downloaded from central: https://repo.maven.apache.org/maven2/org/apache/lucene/lucene-core/5.5.0/lucene-core-5.5.0.jar (2.4 MB at 919 kB/s)
[ee3327a4-76ba-4cd0-a9dc-7f5d63792942/build]   | [INFO] Downloaded from central: https://repo.maven.apache.org/maven2/org/xerial/sqlite-jdbc/3.8.6/sqlite-jdbc-3.8.6.jar (3.9 MB at 1.5 MB/s)
[ee3327a4-76ba-4cd0-a9dc-7f5d63792942/build]   | [INFO] 
[ee3327a4-76ba-4cd0-a9dc-7f5d63792942/build]   | [INFO] --- maven-resources-plugin:2.6:resources (default-resources) @ searchcode ---
[ee3327a4-76ba-4cd0-a9dc-7f5d63792942/build]   | [INFO] Downloading from central: https://repo.maven.apache.org/maven2/org/apache/maven/maven-plugin-api/2.0.6/maven-plugin-api-2.0.6.pom
[ee3327a4-76ba-4cd0-a9dc-7f5d63792942/build]   | [INFO] Downloaded from central: https://repo.maven.apache.org/maven2/org/apache/maven/maven-plugin-api/2.0.6/maven-plugin-api-2.0.6.pom (1.5 kB at 27 kB/s)
[ee3327a4-76ba-4cd0-a9dc-7f5d63792942/build]   | [INFO] Downloading from central: https://repo.maven.apache.org/maven2/org/apache/maven/maven/2.0.6/maven-2.0.6.pom
[ee3327a4-76ba-4cd0-a9dc-7f5d63792942/build]   | [INFO] Downloaded from central: https://repo.maven.apache.org/maven2/org/apache/maven/maven/2.0.6/maven-2.0.6.pom (9.0 kB at 348 kB/s)
[ee3327a4-76ba-4cd0-a9dc-7f5d63792942/build]   | [INFO] Downloading from central: https://repo.maven.apache.org/maven2/org/apache/maven/maven-parent/5/maven-parent-5.pom
[ee3327a4-76ba-4cd0-a9dc-7f5d63792942/build]   | [INFO] Downloaded from central: https://repo.maven.apache.org/maven2/org/apache/maven/maven-parent/5/maven-parent-5.pom (15 kB at 952 kB/s)
[ee3327a4-76ba-4cd0-a9dc-7f5d63792942/build]   | [INFO] Downloading from central: https://repo.maven.apache.org/maven2/org/apache/apache/3/apache-3.pom
[ee3327a4-76ba-4cd0-a9dc-7f5d63792942/build]   | [INFO] Downloaded from central: https://repo.maven.apache.org/maven2/org/apache/apache/3/apache-3.pom (3.4 kB at 172 kB/s)
[ee3327a4-76ba-4cd0-a9dc-7f5d63792942/build]   | [INFO] Downloading from central: https://repo.maven.apache.org/maven2/org/apache/maven/maven-project/2.0.6/maven-project-2.0.6.pom
[ee3327a4-76ba-4cd0-a9dc-7f5d63792942/build]   | [INFO] Downloaded from central: https://repo.maven.apache.org/maven2/org/apache/maven/maven-project/2.0.6/maven-project-2.0.6.pom (2.6 kB at 44 kB/s)
[ee3327a4-76ba-4cd0-a9dc-7f5d63792942/build]   | [INFO] Downloading from central: https://repo.maven.apache.org/maven2/org/apache/maven/maven-settings/2.0.6/maven-settings-2.0.6.pom
[ee3327a4-76ba-4cd0-a9dc-7f5d63792942/build]   | [INFO] Downloaded from central: https://repo.maven.apache.org/maven2/org/apache/maven/maven-settings/2.0.6/maven-settings-2.0.6.pom (2.0 kB at 74 kB/s)
[ee3327a4-76ba-4cd0-a9dc-7f5d63792942/build]   | [INFO] Downloading from central: https://repo.maven.apache.org/maven2/org/apache/maven/maven-model/2.0.6/maven-model-2.0.6.pom
[ee3327a4-76ba-4cd0-a9dc-7f5d63792942/build]   | [INFO] Downloaded from central: https://repo.maven.apache.org/maven2/org/apache/maven/maven-model/2.0.6/maven-model-2.0.6.pom (3.0 kB at 132 kB/s)
[ee3327a4-76ba-4cd0-a9dc-7f5d63792942/build]   | [INFO] Downloading from central: https://repo.maven.apache.org/maven2/org/codehaus/plexus/plexus-utils/1.4.1/plexus-utils-1.4.1.pom
[ee3327a4-76ba-4cd0-a9dc-7f5d63792942/build]   | [INFO] Downloaded from central: https://repo.maven.apache.org/maven2/org/codehaus/plexus/plexus-utils/1.4.1/plexus-utils-1.4.1.pom (1.9 kB at 68 kB/s)
[ee3327a4-76ba-4cd0-a9dc-7f5d63792942/build]   | [INFO] Downloading from central: https://repo.maven.apache.org/maven2/org/codehaus/plexus/plexus/1.0.11/plexus-1.0.11.pom
[ee3327a4-76ba-4cd0-a9dc-7f5d63792942/build]   | [INFO] Downloaded from central: https://repo.maven.apache.org/maven2/org/codehaus/plexus/plexus/1.0.11/plexus-1.0.11.pom (9.0 kB at 472 kB/s)
[ee3327a4-76ba-4cd0-a9dc-7f5d63792942/build]   | [INFO] Downloading from central: https://repo.maven.apache.org/maven2/org/codehaus/plexus/plexus-container-default/1.0-alpha-9-stable-1/plexus-container-default-1.0-alpha-9-stable-1.pom
[ee3327a4-76ba-4cd0-a9dc-7f5d63792942/build]   | [INFO] Downloaded from central: https://repo.maven.apache.org/maven2/org/codehaus/plexus/plexus-container-default/1.0-alpha-9-stable-1/plexus-container-default-1.0-alpha-9-stable-1.pom (3.9 kB at 34 kB/s)
[ee3327a4-76ba-4cd0-a9dc-7f5d63792942/build]   | [INFO] Downloading from central: https://repo.maven.apache.org/maven2/org/codehaus/plexus/plexus-containers/1.0.3/plexus-containers-1.0.3.pom
[ee3327a4-76ba-4cd0-a9dc-7f5d63792942/build]   | [INFO] Downloaded from central: https://repo.maven.apache.org/maven2/org/codehaus/plexus/plexus-containers/1.0.3/plexus-containers-1.0.3.pom (492 B at 22 kB/s)
[ee3327a4-76ba-4cd0-a9dc-7f5d63792942/build]   | [INFO] Downloading from central: https://repo.maven.apache.org/maven2/org/codehaus/plexus/plexus/1.0.4/plexus-1.0.4.pom
[ee3327a4-76ba-4cd0-a9dc-7f5d63792942/build]   | [INFO] Downloaded from central: https://repo.maven.apache.org/maven2/org/codehaus/plexus/plexus/1.0.4/plexus-1.0.4.pom (5.7 kB at 273 kB/s)
[ee3327a4-76ba-4cd0-a9dc-7f5d63792942/build]   | [INFO] Downloading from central: https://repo.maven.apache.org/maven2/junit/junit/3.8.1/junit-3.8.1.pom
[ee3327a4-76ba-4cd0-a9dc-7f5d63792942/build]   | [INFO] Downloaded from central: https://repo.maven.apache.org/maven2/junit/junit/3.8.1/junit-3.8.1.pom (998 B at 34 kB/s)
[ee3327a4-76ba-4cd0-a9dc-7f5d63792942/build]   | [INFO] Downloading from central: https://repo.maven.apache.org/maven2/org/codehaus/plexus/plexus-utils/1.0.4/plexus-utils-1.0.4.pom
[ee3327a4-76ba-4cd0-a9dc-7f5d63792942/build]   | [INFO] Downloaded from central: https://repo.maven.apache.org/maven2/org/codehaus/plexus/plexus-utils/1.0.4/plexus-utils-1.0.4.pom (6.9 kB at 254 kB/s)
[ee3327a4-76ba-4cd0-a9dc-7f5d63792942/build]   | [INFO] Downloading from central: https://repo.maven.apache.org/maven2/classworlds/classworlds/1.1-alpha-2/classworlds-1.1-alpha-2.pom
[ee3327a4-76ba-4cd0-a9dc-7f5d63792942/build]   | [INFO] Downloaded from central: https://repo.maven.apache.org/maven2/classworlds/classworlds/1.1-alpha-2/classworlds-1.1-alpha-2.pom (3.1 kB at 80 kB/s)
[ee3327a4-76ba-4cd0-a9dc-7f5d63792942/build]   | [INFO] Downloading from central: https://repo.maven.apache.org/maven2/org/apache/maven/maven-profile/2.0.6/maven-profile-2.0.6.pom
[ee3327a4-76ba-4cd0-a9dc-7f5d63792942/build]   | [INFO] Downloaded from central: https://repo.maven.apache.org/maven2/org/apache/maven/maven-profile/2.0.6/maven-profile-2.0.6.pom (2.0 kB at 79 kB/s)
[ee3327a4-76ba-4cd0-a9dc-7f5d63792942/build]   | [INFO] Downloading from central: https://repo.maven.apache.org/maven2/org/apache/maven/maven-artifact-manager/2.0.6/maven-artifact-manager-2.0.6.pom
[ee3327a4-76ba-4cd0-a9dc-7f5d63792942/build]   | [INFO] Downloaded from central: https://repo.maven.apache.org/maven2/org/apache/maven/maven-artifact-manager/2.0.6/maven-artifact-manager-2.0.6.pom (2.6 kB at 49 kB/s)
[ee3327a4-76ba-4cd0-a9dc-7f5d63792942/build]   | [INFO] Downloading from central: https://repo.maven.apache.org/maven2/org/apache/maven/maven-repository-metadata/2.0.6/maven-repository-metadata-2.0.6.pom
[ee3327a4-76ba-4cd0-a9dc-7f5d63792942/build]   | [INFO] Downloaded from central: https://repo.maven.apache.org/maven2/org/apache/maven/maven-repository-metadata/2.0.6/maven-repository-metadata-2.0.6.pom (1.9 kB at 39 kB/s)
[ee3327a4-76ba-4cd0-a9dc-7f5d63792942/build]   | [INFO] Downloading from central: https://repo.maven.apache.org/maven2/org/apache/maven/maven-artifact/2.0.6/maven-artifact-2.0.6.pom
[ee3327a4-76ba-4cd0-a9dc-7f5d63792942/build]   | [INFO] Downloaded from central: https://repo.maven.apache.org/maven2/org/apache/maven/maven-artifact/2.0.6/maven-artifact-2.0.6.pom (1.6 kB at 54 kB/s)
[ee3327a4-76ba-4cd0-a9dc-7f5d63792942/build]   | [INFO] Downloading from central: https://repo.maven.apache.org/maven2/org/apache/maven/maven-plugin-registry/2.0.6/maven-plugin-registry-2.0.6.pom
[ee3327a4-76ba-4cd0-a9dc-7f5d63792942/build]   | [INFO] Downloaded from central: https://repo.maven.apache.org/maven2/org/apache/maven/maven-plugin-registry/2.0.6/maven-plugin-registry-2.0.6.pom (1.9 kB at 27 kB/s)
[ee3327a4-76ba-4cd0-a9dc-7f5d63792942/build]   | [INFO] Downloading from central: https://repo.maven.apache.org/maven2/org/apache/maven/maven-core/2.0.6/maven-core-2.0.6.pom
[ee3327a4-76ba-4cd0-a9dc-7f5d63792942/build]   | [INFO] Downloaded from central: https://repo.maven.apache.org/maven2/org/apache/maven/maven-core/2.0.6/maven-core-2.0.6.pom (6.7 kB at 108 kB/s)
[ee3327a4-76ba-4cd0-a9dc-7f5d63792942/build]   | [INFO] Downloading from central: https://repo.maven.apache.org/maven2/org/apache/maven/maven-plugin-parameter-documenter/2.0.6/maven-plugin-parameter-documenter-2.0.6.pom
[ee3327a4-76ba-4cd0-a9dc-7f5d63792942/build]   | [INFO] Downloaded from central: https://repo.maven.apache.org/maven2/org/apache/maven/maven-plugin-parameter-documenter/2.0.6/maven-plugin-parameter-documenter-2.0.6.pom (1.9 kB at 74 kB/s)
[ee3327a4-76ba-4cd0-a9dc-7f5d63792942/build]   | [INFO] Downloading from central: https://repo.maven.apache.org/maven2/org/apache/maven/reporting/maven-reporting-api/2.0.6/maven-reporting-api-2.0.6.pom
[ee3327a4-76ba-4cd0-a9dc-7f5d63792942/build]   | [INFO] Downloaded from central: https://repo.maven.apache.org/maven2/org/apache/maven/reporting/maven-reporting-api/2.0.6/maven-reporting-api-2.0.6.pom (1.8 kB at 88 kB/s)
[ee3327a4-76ba-4cd0-a9dc-7f5d63792942/build]   | [INFO] Downloading from central: https://repo.maven.apache.org/maven2/org/apache/maven/reporting/maven-reporting/2.0.6/maven-reporting-2.0.6.pom
[ee3327a4-76ba-4cd0-a9dc-7f5d63792942/build]   | [INFO] Downloaded from central: https://repo.maven.apache.org/maven2/org/apache/maven/reporting/maven-reporting/2.0.6/maven-reporting-2.0.6.pom (1.4 kB at 41 kB/s)
[ee3327a4-76ba-4cd0-a9dc-7f5d63792942/build]   | [INFO] Downloading from central: https://repo.maven.apache.org/maven2/org/apache/maven/doxia/doxia-sink-api/1.0-alpha-7/doxia-sink-api-1.0-alpha-7.pom
[ee3327a4-76ba-4cd0-a9dc-7f5d63792942/build]   | [INFO] Downloaded from central: https://repo.maven.apache.org/maven2/org/apache/maven/doxia/doxia-sink-api/1.0-alpha-7/doxia-sink-api-1.0-alpha-7.pom (424 B at 4.4 kB/s)
[ee3327a4-76ba-4cd0-a9dc-7f5d63792942/build]   | [INFO] Downloading from central: https://repo.maven.apache.org/maven2/org/apache/maven/doxia/doxia/1.0-alpha-7/doxia-1.0-alpha-7.pom
[ee3327a4-76ba-4cd0-a9dc-7f5d63792942/build]   | [INFO] Downloaded from central: https://repo.maven.apache.org/maven2/org/apache/maven/doxia/doxia/1.0-alpha-7/doxia-1.0-alpha-7.pom (3.9 kB at 245 kB/s)
[ee3327a4-76ba-4cd0-a9dc-7f5d63792942/build]   | [INFO] Downloading from central: https://repo.maven.apache.org/maven2/org/apache/maven/maven-error-diagnostics/2.0.6/maven-error-diagnostics-2.0.6.pom
[ee3327a4-76ba-4cd0-a9dc-7f5d63792942/build]   | [INFO] Downloaded from central: https://repo.maven.apache.org/maven2/org/apache/maven/maven-error-diagnostics/2.0.6/maven-error-diagnostics-2.0.6.pom (1.7 kB at 85 kB/s)
[ee3327a4-76ba-4cd0-a9dc-7f5d63792942/build]   | [INFO] Downloading from central: https://repo.maven.apache.org/maven2/commons-cli/commons-cli/1.0/commons-cli-1.0.pom
[ee3327a4-76ba-4cd0-a9dc-7f5d63792942/build]   | [INFO] Downloaded from central: https://repo.maven.apache.org/maven2/commons-cli/commons-cli/1.0/commons-cli-1.0.pom (2.1 kB at 32 kB/s)
[ee3327a4-76ba-4cd0-a9dc-7f5d63792942/build]   | [INFO] Downloading from central: https://repo.maven.apache.org/maven2/org/apache/maven/maven-plugin-descriptor/2.0.6/maven-plugin-descriptor-2.0.6.pom
[ee3327a4-76ba-4cd0-a9dc-7f5d63792942/build]   | [INFO] Downloaded from central: https://repo.maven.apache.org/maven2/org/apache/maven/maven-plugin-descriptor/2.0.6/maven-plugin-descriptor-2.0.6.pom (2.0 kB at 65 kB/s)
[ee3327a4-76ba-4cd0-a9dc-7f5d63792942/build]   | [INFO] Downloading from central: https://repo.maven.apache.org/maven2/org/codehaus/plexus/plexus-interactivity-api/1.0-alpha-4/plexus-interactivity-api-1.0-alpha-4.pom
[ee3327a4-76ba-4cd0-a9dc-7f5d63792942/build]   | [INFO] Downloaded from central: https://repo.maven.apache.org/maven2/org/codehaus/plexus/plexus-interactivity-api/1.0-alpha-4/plexus-interactivity-api-1.0-alpha-4.pom (7.1 kB at 355 kB/s)
[ee3327a4-76ba-4cd0-a9dc-7f5d63792942/build]   | [INFO] Downloading from central: https://repo.maven.apache.org/maven2/org/apache/maven/maven-monitor/2.0.6/maven-monitor-2.0.6.pom
[ee3327a4-76ba-4cd0-a9dc-7f5d63792942/build]   | [INFO] Downloaded from central: https://repo.maven.apache.org/maven2/org/apache/maven/maven-monitor/2.0.6/maven-monitor-2.0.6.pom (1.3 kB at 74 kB/s)
[ee3327a4-76ba-4cd0-a9dc-7f5d63792942/build]   | [INFO] Downloading from central: https://repo.maven.apache.org/maven2/classworlds/classworlds/1.1/classworlds-1.1.pom
[ee3327a4-76ba-4cd0-a9dc-7f5d63792942/build]   | [INFO] Downloaded from central: https://repo.maven.apache.org/maven2/classworlds/classworlds/1.1/classworlds-1.1.pom (3.3 kB at 66 kB/s)
[ee3327a4-76ba-4cd0-a9dc-7f5d63792942/build]   | [INFO] Downloading from central: https://repo.maven.apache.org/maven2/org/codehaus/plexus/plexus-utils/2.0.5/plexus-utils-2.0.5.pom
[ee3327a4-76ba-4cd0-a9dc-7f5d63792942/build]   | [INFO] Downloaded from central: https://repo.maven.apache.org/maven2/org/codehaus/plexus/plexus-utils/2.0.5/plexus-utils-2.0.5.pom (3.3 kB at 167 kB/s)
[ee3327a4-76ba-4cd0-a9dc-7f5d63792942/build]   | [INFO] Downloading from central: https://repo.maven.apache.org/maven2/org/codehaus/plexus/plexus/2.0.6/plexus-2.0.6.pom
[ee3327a4-76ba-4cd0-a9dc-7f5d63792942/build]   | [INFO] Downloaded from central: https://repo.maven.apache.org/maven2/org/codehaus/plexus/plexus/2.0.6/plexus-2.0.6.pom (17 kB at 762 kB/s)
[ee3327a4-76ba-4cd0-a9dc-7f5d63792942/build]   | [INFO] Downloading from central: https://repo.maven.apache.org/maven2/org/apache/maven/shared/maven-filtering/1.1/maven-filtering-1.1.pom
[ee3327a4-76ba-4cd0-a9dc-7f5d63792942/build]   | [INFO] Downloaded from central: https://repo.maven.apache.org/maven2/org/apache/maven/shared/maven-filtering/1.1/maven-filtering-1.1.pom (5.8 kB at 482 kB/s)
[ee3327a4-76ba-4cd0-a9dc-7f5d63792942/build]   | [INFO] Downloading from central: https://repo.maven.apache.org/maven2/org/apache/maven/shared/maven-shared-components/17/maven-shared-components-17.pom
[ee3327a4-76ba-4cd0-a9dc-7f5d63792942/build]   | [INFO] Downloaded from central: https://repo.maven.apache.org/maven2/org/apache/maven/shared/maven-shared-components/17/maven-shared-components-17.pom (8.7 kB at 178 kB/s)
[ee3327a4-76ba-4cd0-a9dc-7f5d63792942/build]   | [INFO] Downloading from central: https://repo.maven.apache.org/maven2/org/codehaus/plexus/plexus-utils/1.5.15/plexus-utils-1.5.15.pom
[ee3327a4-76ba-4cd0-a9dc-7f5d63792942/build]   | [INFO] Downloaded from central: https://repo.maven.apache.org/maven2/org/codehaus/plexus/plexus-utils/1.5.15/plexus-utils-1.5.15.pom (6.8 kB at 236 kB/s)
[ee3327a4-76ba-4cd0-a9dc-7f5d63792942/build]   | [INFO] Downloading from central: https://repo.maven.apache.org/maven2/org/codehaus/plexus/plexus/2.0.2/plexus-2.0.2.pom
[ee3327a4-76ba-4cd0-a9dc-7f5d63792942/build]   | [INFO] Downloaded from central: https://repo.maven.apache.org/maven2/org/codehaus/plexus/plexus/2.0.2/plexus-2.0.2.pom (12 kB at 207 kB/s)
[ee3327a4-76ba-4cd0-a9dc-7f5d63792942/build]   | [INFO] Downloading from central: https://repo.maven.apache.org/maven2/org/codehaus/plexus/plexus-interpolation/1.12/plexus-interpolation-1.12.pom
[ee3327a4-76ba-4cd0-a9dc-7f5d63792942/build]   | [INFO] Downloaded from central: https://repo.maven.apache.org/maven2/org/codehaus/plexus/plexus-interpolation/1.12/plexus-interpolation-1.12.pom (889 B at 30 kB/s)
[ee3327a4-76ba-4cd0-a9dc-7f5d63792942/build]   | [INFO] Downloading from central: https://repo.maven.apache.org/maven2/org/codehaus/plexus/plexus-components/1.1.14/plexus-components-1.1.14.pom
[ee3327a4-76ba-4cd0-a9dc-7f5d63792942/build]   | [INFO] Downloaded from central: https://repo.maven.apache.org/maven2/org/codehaus/plexus/plexus-components/1.1.14/plexus-components-1.1.14.pom (5.8 kB at 254 kB/s)
[ee3327a4-76ba-4cd0-a9dc-7f5d63792942/build]   | [INFO] Downloading from central: https://repo.maven.apache.org/maven2/org/sonatype/plexus/plexus-build-api/0.0.4/plexus-build-api-0.0.4.pom
[ee3327a4-76ba-4cd0-a9dc-7f5d63792942/build]   | [INFO] Downloaded from central: https://repo.maven.apache.org/maven2/org/sonatype/plexus/plexus-build-api/0.0.4/plexus-build-api-0.0.4.pom (2.9 kB at 41 kB/s)
[ee3327a4-76ba-4cd0-a9dc-7f5d63792942/build]   | [INFO] Downloading from central: https://repo.maven.apache.org/maven2/org/sonatype/spice/spice-parent/10/spice-parent-10.pom
[ee3327a4-76ba-4cd0-a9dc-7f5d63792942/build]   | [INFO] Downloaded from central: https://repo.maven.apache.org/maven2/org/sonatype/spice/spice-parent/10/spice-parent-10.pom (3.0 kB at 56 kB/s)
[ee3327a4-76ba-4cd0-a9dc-7f5d63792942/build]   | [INFO] Downloading from central: https://repo.maven.apache.org/maven2/org/sonatype/forge/forge-parent/3/forge-parent-3.pom
[ee3327a4-76ba-4cd0-a9dc-7f5d63792942/build]   | [INFO] Downloaded from central: https://repo.maven.apache.org/maven2/org/sonatype/forge/forge-parent/3/forge-parent-3.pom (5.0 kB at 174 kB/s)
[ee3327a4-76ba-4cd0-a9dc-7f5d63792942/build]   | [INFO] Downloading from central: https://repo.maven.apache.org/maven2/org/codehaus/plexus/plexus-utils/1.5.8/plexus-utils-1.5.8.pom
[ee3327a4-76ba-4cd0-a9dc-7f5d63792942/build]   | [INFO] Downloaded from central: https://repo.maven.apache.org/maven2/org/codehaus/plexus/plexus-utils/1.5.8/plexus-utils-1.5.8.pom (8.1 kB at 323 kB/s)
[ee3327a4-76ba-4cd0-a9dc-7f5d63792942/build]   | [INFO] Downloading from central: https://repo.maven.apache.org/maven2/org/codehaus/plexus/plexus-interpolation/1.13/plexus-interpolation-1.13.pom
[ee3327a4-76ba-4cd0-a9dc-7f5d63792942/build]   | [INFO] Downloaded from central: https://repo.maven.apache.org/maven2/org/codehaus/plexus/plexus-interpolation/1.13/plexus-interpolation-1.13.pom (890 B at 30 kB/s)
[ee3327a4-76ba-4cd0-a9dc-7f5d63792942/build]   | [INFO] Downloading from central: https://repo.maven.apache.org/maven2/org/codehaus/plexus/plexus-components/1.1.15/plexus-components-1.1.15.pom
[ee3327a4-76ba-4cd0-a9dc-7f5d63792942/build]   | [INFO] Downloaded from central: https://repo.maven.apache.org/maven2/org/codehaus/plexus/plexus-components/1.1.15/plexus-components-1.1.15.pom (2.8 kB at 150 kB/s)
[ee3327a4-76ba-4cd0-a9dc-7f5d63792942/build]   | [INFO] Downloading from central: https://repo.maven.apache.org/maven2/org/codehaus/plexus/plexus/2.0.3/plexus-2.0.3.pom
[ee3327a4-76ba-4cd0-a9dc-7f5d63792942/build]   | [INFO] Downloaded from central: https://repo.maven.apache.org/maven2/org/codehaus/plexus/plexus/2.0.3/plexus-2.0.3.pom (15 kB at 552 kB/s)
[ee3327a4-76ba-4cd0-a9dc-7f5d63792942/build]   | [INFO] Downloading from central: https://repo.maven.apache.org/maven2/org/apache/maven/maven-plugin-api/2.0.6/maven-plugin-api-2.0.6.jar
[ee3327a4-76ba-4cd0-a9dc-7f5d63792942/build]   | [INFO] Downloading from central: https://repo.maven.apache.org/maven2/org/apache/maven/maven-project/2.0.6/maven-project-2.0.6.jar
[ee3327a4-76ba-4cd0-a9dc-7f5d63792942/build]   | [INFO] Downloading from central: https://repo.maven.apache.org/maven2/org/apache/maven/maven-profile/2.0.6/maven-profile-2.0.6.jar
[ee3327a4-76ba-4cd0-a9dc-7f5d63792942/build]   | [INFO] Downloading from central: https://repo.maven.apache.org/maven2/org/apache/maven/maven-artifact-manager/2.0.6/maven-artifact-manager-2.0.6.jar
[ee3327a4-76ba-4cd0-a9dc-7f5d63792942/build]   | [INFO] Downloading from central: https://repo.maven.apache.org/maven2/org/apache/maven/maven-plugin-registry/2.0.6/maven-plugin-registry-2.0.6.jar
[ee3327a4-76ba-4cd0-a9dc-7f5d63792942/build]   | [INFO] Downloaded from central: https://repo.maven.apache.org/maven2/org/apache/maven/maven-plugin-registry/2.0.6/maven-plugin-registry-2.0.6.jar (29 kB at 1.3 MB/s)
[ee3327a4-76ba-4cd0-a9dc-7f5d63792942/build]   | [INFO] Downloading from central: https://repo.maven.apache.org/maven2/org/apache/maven/maven-core/2.0.6/maven-core-2.0.6.jar
[ee3327a4-76ba-4cd0-a9dc-7f5d63792942/build]   | [INFO] Downloaded from central: https://repo.maven.apache.org/maven2/org/apache/maven/maven-profile/2.0.6/maven-profile-2.0.6.jar (35 kB at 1.3 MB/s)
[ee3327a4-76ba-4cd0-a9dc-7f5d63792942/build]   | [INFO] Downloading from central: https://repo.maven.apache.org/maven2/org/apache/maven/maven-plugin-parameter-documenter/2.0.6/maven-plugin-parameter-documenter-2.0.6.jar
[ee3327a4-76ba-4cd0-a9dc-7f5d63792942/build]   | [INFO] Downloaded from central: https://repo.maven.apache.org/maven2/org/apache/maven/maven-artifact-manager/2.0.6/maven-artifact-manager-2.0.6.jar (57 kB at 1.9 MB/s)
[ee3327a4-76ba-4cd0-a9dc-7f5d63792942/build]   | [INFO] Downloading from central: https://repo.maven.apache.org/maven2/org/apache/maven/reporting/maven-reporting-api/2.0.6/maven-reporting-api-2.0.6.jar
[ee3327a4-76ba-4cd0-a9dc-7f5d63792942/build]   | [INFO] Downloaded from central: https://repo.maven.apache.org/maven2/org/apache/maven/maven-plugin-api/2.0.6/maven-plugin-api-2.0.6.jar (13 kB at 127 kB/s)
[ee3327a4-76ba-4cd0-a9dc-7f5d63792942/build]   | [INFO] Downloading from central: https://repo.maven.apache.org/maven2/org/apache/maven/doxia/doxia-sink-api/1.0-alpha-7/doxia-sink-api-1.0-alpha-7.jar
[ee3327a4-76ba-4cd0-a9dc-7f5d63792942/build]   | [INFO] Downloaded from central: https://repo.maven.apache.org/maven2/org/apache/maven/maven-plugin-parameter-documenter/2.0.6/maven-plugin-parameter-documenter-2.0.6.jar (21 kB at 198 kB/s)
[ee3327a4-76ba-4cd0-a9dc-7f5d63792942/build]   | [INFO] Downloading from central: https://repo.maven.apache.org/maven2/org/apache/maven/maven-repository-metadata/2.0.6/maven-repository-metadata-2.0.6.jar
[ee3327a4-76ba-4cd0-a9dc-7f5d63792942/build]   | [INFO] Downloaded from central: https://repo.maven.apache.org/maven2/org/apache/maven/maven-core/2.0.6/maven-core-2.0.6.jar (152 kB at 1.4 MB/s)
[ee3327a4-76ba-4cd0-a9dc-7f5d63792942/build]   | [INFO] Downloading from central: https://repo.maven.apache.org/maven2/org/apache/maven/maven-error-diagnostics/2.0.6/maven-error-diagnostics-2.0.6.jar
[ee3327a4-76ba-4cd0-a9dc-7f5d63792942/build]   | [INFO] Downloaded from central: https://repo.maven.apache.org/maven2/org/apache/maven/maven-project/2.0.6/maven-project-2.0.6.jar (116 kB at 1.0 MB/s)
[ee3327a4-76ba-4cd0-a9dc-7f5d63792942/build]   | [INFO] Downloading from central: https://repo.maven.apache.org/maven2/commons-cli/commons-cli/1.0/commons-cli-1.0.jar
[ee3327a4-76ba-4cd0-a9dc-7f5d63792942/build]   | [INFO] Downloaded from central: https://repo.maven.apache.org/maven2/org/apache/maven/doxia/doxia-sink-api/1.0-alpha-7/doxia-sink-api-1.0-alpha-7.jar (5.9 kB at 47 kB/s)
[ee3327a4-76ba-4cd0-a9dc-7f5d63792942/build]   | [INFO] Downloading from central: https://repo.maven.apache.org/maven2/org/apache/maven/maven-plugin-descriptor/2.0.6/maven-plugin-descriptor-2.0.6.jar
[ee3327a4-76ba-4cd0-a9dc-7f5d63792942/build]   | [INFO] Downloaded from central: https://repo.maven.apache.org/maven2/org/apache/maven/reporting/maven-reporting-api/2.0.6/maven-reporting-api-2.0.6.jar (9.9 kB at 76 kB/s)
[ee3327a4-76ba-4cd0-a9dc-7f5d63792942/build]   | [INFO] Downloading from central: https://repo.maven.apache.org/maven2/org/codehaus/plexus/plexus-interactivity-api/1.0-alpha-4/plexus-interactivity-api-1.0-alpha-4.jar
[ee3327a4-76ba-4cd0-a9dc-7f5d63792942/build]   | [INFO] Downloaded from central: https://repo.maven.apache.org/maven2/org/apache/maven/maven-repository-metadata/2.0.6/maven-repository-metadata-2.0.6.jar (24 kB at 180 kB/s)
[ee3327a4-76ba-4cd0-a9dc-7f5d63792942/build]   | [INFO] Downloading from central: https://repo.maven.apache.org/maven2/classworlds/classworlds/1.1/classworlds-1.1.jar
[ee3327a4-76ba-4cd0-a9dc-7f5d63792942/build]   | [INFO] Downloaded from central: https://repo.maven.apache.org/maven2/org/apache/maven/maven-error-diagnostics/2.0.6/maven-error-diagnostics-2.0.6.jar (14 kB at 99 kB/s)
[ee3327a4-76ba-4cd0-a9dc-7f5d63792942/build]   | [INFO] Downloading from central: https://repo.maven.apache.org/maven2/org/apache/maven/maven-artifact/2.0.6/maven-artifact-2.0.6.jar
[ee3327a4-76ba-4cd0-a9dc-7f5d63792942/build]   | [INFO] Downloaded from central: https://repo.maven.apache.org/maven2/commons-cli/commons-cli/1.0/commons-cli-1.0.jar (30 kB at 206 kB/s)
[ee3327a4-76ba-4cd0-a9dc-7f5d63792942/build]   | [INFO] Downloading from central: https://repo.maven.apache.org/maven2/org/apache/maven/maven-settings/2.0.6/maven-settings-2.0.6.jar
[ee3327a4-76ba-4cd0-a9dc-7f5d63792942/build]   | [INFO] Downloaded from central: https://repo.maven.apache.org/maven2/org/apache/maven/maven-plugin-descriptor/2.0.6/maven-plugin-descriptor-2.0.6.jar (37 kB at 233 kB/s)
[ee3327a4-76ba-4cd0-a9dc-7f5d63792942/build]   | [INFO] Downloading from central: https://repo.maven.apache.org/maven2/org/apache/maven/maven-model/2.0.6/maven-model-2.0.6.jar
[ee3327a4-76ba-4cd0-a9dc-7f5d63792942/build]   | [INFO] Downloaded from central: https://repo.maven.apache.org/maven2/org/codehaus/plexus/plexus-interactivity-api/1.0-alpha-4/plexus-interactivity-api-1.0-alpha-4.jar (13 kB at 78 kB/s)
[ee3327a4-76ba-4cd0-a9dc-7f5d63792942/build]   | [INFO] Downloading from central: https://repo.maven.apache.org/maven2/org/apache/maven/maven-monitor/2.0.6/maven-monitor-2.0.6.jar
[ee3327a4-76ba-4cd0-a9dc-7f5d63792942/build]   | [INFO] Downloaded from central: https://repo.maven.apache.org/maven2/org/apache/maven/maven-artifact/2.0.6/maven-artifact-2.0.6.jar (87 kB at 448 kB/s)
[ee3327a4-76ba-4cd0-a9dc-7f5d63792942/build]   | [INFO] Downloading from central: https://repo.maven.apache.org/maven2/org/codehaus/plexus/plexus-container-default/1.0-alpha-9-stable-1/plexus-container-default-1.0-alpha-9-stable-1.jar
[ee3327a4-76ba-4cd0-a9dc-7f5d63792942/build]   | [INFO] Downloaded from central: https://repo.maven.apache.org/maven2/org/apache/maven/maven-settings/2.0.6/maven-settings-2.0.6.jar (49 kB at 251 kB/s)
[ee3327a4-76ba-4cd0-a9dc-7f5d63792942/build]   | [INFO] Downloaded from central: https://repo.maven.apache.org/maven2/classworlds/classworlds/1.1/classworlds-1.1.jar (38 kB at 193 kB/s)
[ee3327a4-76ba-4cd0-a9dc-7f5d63792942/build]   | [INFO] Downloading from central: https://repo.maven.apache.org/maven2/junit/junit/3.8.1/junit-3.8.1.jar
[ee3327a4-76ba-4cd0-a9dc-7f5d63792942/build]   | [INFO] Downloading from central: https://repo.maven.apache.org/maven2/org/codehaus/plexus/plexus-utils/2.0.5/plexus-utils-2.0.5.jar
[ee3327a4-76ba-4cd0-a9dc-7f5d63792942/build]   | [INFO] Downloaded from central: https://repo.maven.apache.org/maven2/org/apache/maven/maven-monitor/2.0.6/maven-monitor-2.0.6.jar (10 kB at 50 kB/s)
[ee3327a4-76ba-4cd0-a9dc-7f5d63792942/build]   | [INFO] Downloading from central: https://repo.maven.apache.org/maven2/org/apache/maven/shared/maven-filtering/1.1/maven-filtering-1.1.jar
[ee3327a4-76ba-4cd0-a9dc-7f5d63792942/build]   | [INFO] Downloaded from central: https://repo.maven.apache.org/maven2/org/apache/maven/maven-model/2.0.6/maven-model-2.0.6.jar (86 kB at 421 kB/s)
[ee3327a4-76ba-4cd0-a9dc-7f5d63792942/build]   | [INFO] Downloading from central: https://repo.maven.apache.org/maven2/org/sonatype/plexus/plexus-build-api/0.0.4/plexus-build-api-0.0.4.jar
[ee3327a4-76ba-4cd0-a9dc-7f5d63792942/build]   | [INFO] Downloaded from central: https://repo.maven.apache.org/maven2/org/sonatype/plexus/plexus-build-api/0.0.4/plexus-build-api-0.0.4.jar (6.8 kB at 30 kB/s)
[ee3327a4-76ba-4cd0-a9dc-7f5d63792942/build]   | [INFO] Downloaded from central: https://repo.maven.apache.org/maven2/org/apache/maven/shared/maven-filtering/1.1/maven-filtering-1.1.jar (43 kB at 191 kB/s)
[ee3327a4-76ba-4cd0-a9dc-7f5d63792942/build]   | [INFO] Downloading from central: https://repo.maven.apache.org/maven2/org/codehaus/plexus/plexus-interpolation/1.13/plexus-interpolation-1.13.jar
[ee3327a4-76ba-4cd0-a9dc-7f5d63792942/build]   | [INFO] Downloaded from central: https://repo.maven.apache.org/maven2/junit/junit/3.8.1/junit-3.8.1.jar (121 kB at 498 kB/s)
[ee3327a4-76ba-4cd0-a9dc-7f5d63792942/build]   | [INFO] Downloaded from central: https://repo.maven.apache.org/maven2/org/codehaus/plexus/plexus-container-default/1.0-alpha-9-stable-1/plexus-container-default-1.0-alpha-9-stable-1.jar (194 kB at 793 kB/s)
[ee3327a4-76ba-4cd0-a9dc-7f5d63792942/build]   | [INFO] Downloaded from central: https://repo.maven.apache.org/maven2/org/codehaus/plexus/plexus-utils/2.0.5/plexus-utils-2.0.5.jar (223 kB at 886 kB/s)
[ee3327a4-76ba-4cd0-a9dc-7f5d63792942/build]   | [INFO] Downloaded from central: https://repo.maven.apache.org/maven2/org/codehaus/plexus/plexus-interpolation/1.13/plexus-interpolation-1.13.jar (61 kB at 242 kB/s)
[ee3327a4-76ba-4cd0-a9dc-7f5d63792942/build]   | [INFO] Using 'UTF-8' encoding to copy filtered resources.
[ee3327a4-76ba-4cd0-a9dc-7f5d63792942/build]   | [INFO] Copying 205 resources
[ee3327a4-76ba-4cd0-a9dc-7f5d63792942/build]   | [INFO] 
[ee3327a4-76ba-4cd0-a9dc-7f5d63792942/build]   | [INFO] --- maven-compiler-plugin:3.6.1:compile (default-compile) @ searchcode ---
[ee3327a4-76ba-4cd0-a9dc-7f5d63792942/build]   | [INFO] Downloading from central: https://repo.maven.apache.org/maven2/org/apache/maven/maven-plugin-api/3.0/maven-plugin-api-3.0.pom
[ee3327a4-76ba-4cd0-a9dc-7f5d63792942/build]   | [INFO] Downloaded from central: https://repo.maven.apache.org/maven2/org/apache/maven/maven-plugin-api/3.0/maven-plugin-api-3.0.pom (2.3 kB at 48 kB/s)
[ee3327a4-76ba-4cd0-a9dc-7f5d63792942/build]   | [INFO] Downloading from central: https://repo.maven.apache.org/maven2/org/apache/maven/maven/3.0/maven-3.0.pom
[ee3327a4-76ba-4cd0-a9dc-7f5d63792942/build]   | [INFO] Downloaded from central: https://repo.maven.apache.org/maven2/org/apache/maven/maven/3.0/maven-3.0.pom (22 kB at 782 kB/s)
[ee3327a4-76ba-4cd0-a9dc-7f5d63792942/build]   | [INFO] Downloading from central: https://repo.maven.apache.org/maven2/org/apache/maven/maven-parent/15/maven-parent-15.pom
[ee3327a4-76ba-4cd0-a9dc-7f5d63792942/build]   | [INFO] Downloaded from central: https://repo.maven.apache.org/maven2/org/apache/maven/maven-parent/15/maven-parent-15.pom (24 kB at 727 kB/s)
[ee3327a4-76ba-4cd0-a9dc-7f5d63792942/build]   | [INFO] Downloading from central: https://repo.maven.apache.org/maven2/org/apache/apache/6/apache-6.pom
[ee3327a4-76ba-4cd0-a9dc-7f5d63792942/build]   | [INFO] Downloaded from central: https://repo.maven.apache.org/maven2/org/apache/apache/6/apache-6.pom (13 kB at 210 kB/s)
[ee3327a4-76ba-4cd0-a9dc-7f5d63792942/build]   | [INFO] Downloading from central: https://repo.maven.apache.org/maven2/org/apache/maven/maven-model/3.0/maven-model-3.0.pom
[ee3327a4-76ba-4cd0-a9dc-7f5d63792942/build]   | [INFO] Downloaded from central: https://repo.maven.apache.org/maven2/org/apache/maven/maven-model/3.0/maven-model-3.0.pom (3.9 kB at 68 kB/s)
[ee3327a4-76ba-4cd0-a9dc-7f5d63792942/build]   | [INFO] Downloading from central: https://repo.maven.apache.org/maven2/org/codehaus/plexus/plexus-utils/2.0.4/plexus-utils-2.0.4.pom
[ee3327a4-76ba-4cd0-a9dc-7f5d63792942/build]   | [INFO] Downloaded from central: https://repo.maven.apache.org/maven2/org/codehaus/plexus/plexus-utils/2.0.4/plexus-utils-2.0.4.pom (3.3 kB at 90 kB/s)
[ee3327a4-76ba-4cd0-a9dc-7f5d63792942/build]   | [INFO] Downloading from central: https://repo.maven.apache.org/maven2/org/apache/maven/maven-artifact/3.0/maven-artifact-3.0.pom
[ee3327a4-76ba-4cd0-a9dc-7f5d63792942/build]   | [INFO] Downloaded from central: https://repo.maven.apache.org/maven2/org/apache/maven/maven-artifact/3.0/maven-artifact-3.0.pom (1.9 kB at 77 kB/s)
[ee3327a4-76ba-4cd0-a9dc-7f5d63792942/build]   | [INFO] Downloading from central: https://repo.maven.apache.org/maven2/org/sonatype/sisu/sisu-inject-plexus/1.4.2/sisu-inject-plexus-1.4.2.pom
[ee3327a4-76ba-4cd0-a9dc-7f5d63792942/build]   | [INFO] Downloaded from central: https://repo.maven.apache.org/maven2/org/sonatype/sisu/sisu-inject-plexus/1.4.2/sisu-inject-plexus-1.4.2.pom (5.4 kB at 112 kB/s)
[ee3327a4-76ba-4cd0-a9dc-7f5d63792942/build]   | [INFO] Downloading from central: https://repo.maven.apache.org/maven2/org/sonatype/sisu/inject/guice-plexus/1.4.2/guice-plexus-1.4.2.pom
[ee3327a4-76ba-4cd0-a9dc-7f5d63792942/build]   | [INFO] Downloaded from central: https://repo.maven.apache.org/maven2/org/sonatype/sisu/inject/guice-plexus/1.4.2/guice-plexus-1.4.2.pom (3.1 kB at 125 kB/s)
[ee3327a4-76ba-4cd0-a9dc-7f5d63792942/build]   | [INFO] Downloading from central: https://repo.maven.apache.org/maven2/org/sonatype/sisu/inject/guice-bean/1.4.2/guice-bean-1.4.2.pom
[ee3327a4-76ba-4cd0-a9dc-7f5d63792942/build]   | [INFO] Downloaded from central: https://repo.maven.apache.org/maven2/org/sonatype/sisu/inject/guice-bean/1.4.2/guice-bean-1.4.2.pom (2.6 kB at 61 kB/s)
[ee3327a4-76ba-4cd0-a9dc-7f5d63792942/build]   | [INFO] Downloading from central: https://repo.maven.apache.org/maven2/org/sonatype/sisu/sisu-inject/1.4.2/sisu-inject-1.4.2.pom
[ee3327a4-76ba-4cd0-a9dc-7f5d63792942/build]   | [INFO] Downloaded from central: https://repo.maven.apache.org/maven2/org/sonatype/sisu/sisu-inject/1.4.2/sisu-inject-1.4.2.pom (1.2 kB at 12 kB/s)
[ee3327a4-76ba-4cd0-a9dc-7f5d63792942/build]   | [INFO] Downloading from central: https://repo.maven.apache.org/maven2/org/sonatype/sisu/sisu-parent/1.4.2/sisu-parent-1.4.2.pom
[ee3327a4-76ba-4cd0-a9dc-7f5d63792942/build]   | [INFO] Downloaded from central: https://repo.maven.apache.org/maven2/org/sonatype/sisu/sisu-parent/1.4.2/sisu-parent-1.4.2.pom (7.8 kB at 354 kB/s)
[ee3327a4-76ba-4cd0-a9dc-7f5d63792942/build]   | [INFO] Downloading from central: https://repo.maven.apache.org/maven2/org/sonatype/forge/forge-parent/6/forge-parent-6.pom
[ee3327a4-76ba-4cd0-a9dc-7f5d63792942/build]   | [INFO] Downloaded from central: https://repo.maven.apache.org/maven2/org/sonatype/forge/forge-parent/6/forge-parent-6.pom (11 kB at 538 kB/s)
[ee3327a4-76ba-4cd0-a9dc-7f5d63792942/build]   | [INFO] Downloading from central: https://repo.maven.apache.org/maven2/org/codehaus/plexus/plexus-component-annotations/1.6/plexus-component-annotations-1.6.pom
[ee3327a4-76ba-4cd0-a9dc-7f5d63792942/build]   | [INFO] Downloaded from central: https://repo.maven.apache.org/maven2/org/codehaus/plexus/plexus-component-annotations/1.6/plexus-component-annotations-1.6.pom (748 B at 9.8 kB/s)
[ee3327a4-76ba-4cd0-a9dc-7f5d63792942/build]   | [INFO] Downloading from central: https://repo.maven.apache.org/maven2/org/codehaus/plexus/plexus-containers/1.6/plexus-containers-1.6.pom
[ee3327a4-76ba-4cd0-a9dc-7f5d63792942/build]   | [INFO] Downloaded from central: https://repo.maven.apache.org/maven2/org/codehaus/plexus/plexus-containers/1.6/plexus-containers-1.6.pom (3.8 kB at 251 kB/s)
[ee3327a4-76ba-4cd0-a9dc-7f5d63792942/build]   | [INFO] Downloading from central: https://repo.maven.apache.org/maven2/org/codehaus/plexus/plexus/3.3.2/plexus-3.3.2.pom
[ee3327a4-76ba-4cd0-a9dc-7f5d63792942/build]   | [INFO] Downloaded from central: https://repo.maven.apache.org/maven2/org/codehaus/plexus/plexus/3.3.2/plexus-3.3.2.pom (22 kB at 1.7 MB/s)
[ee3327a4-76ba-4cd0-a9dc-7f5d63792942/build]   | [INFO] Downloading from central: https://repo.maven.apache.org/maven2/org/sonatype/spice/spice-parent/17/spice-parent-17.pom
[ee3327a4-76ba-4cd0-a9dc-7f5d63792942/build]   | [INFO] Downloaded from central: https://repo.maven.apache.org/maven2/org/sonatype/spice/spice-parent/17/spice-parent-17.pom (6.8 kB at 157 kB/s)
[ee3327a4-76ba-4cd0-a9dc-7f5d63792942/build]   | [INFO] Downloading from central: https://repo.maven.apache.org/maven2/org/sonatype/forge/forge-parent/10/forge-parent-10.pom
[ee3327a4-76ba-4cd0-a9dc-7f5d63792942/build]   | [INFO] Downloaded from central: https://repo.maven.apache.org/maven2/org/sonatype/forge/forge-parent/10/forge-parent-10.pom (14 kB at 714 kB/s)
[ee3327a4-76ba-4cd0-a9dc-7f5d63792942/build]   | [INFO] Downloading from central: https://repo.maven.apache.org/maven2/org/codehaus/plexus/plexus-classworlds/2.2.3/plexus-classworlds-2.2.3.pom
[ee3327a4-76ba-4cd0-a9dc-7f5d63792942/build]   | [INFO] Downloaded from central: https://repo.maven.apache.org/maven2/org/codehaus/plexus/plexus-classworlds/2.2.3/plexus-classworlds-2.2.3.pom (4.0 kB at 250 kB/s)
[ee3327a4-76ba-4cd0-a9dc-7f5d63792942/build]   | [INFO] Downloading from central: https://repo.maven.apache.org/maven2/org/sonatype/sisu/sisu-inject-bean/1.4.2/sisu-inject-bean-1.4.2.pom
[ee3327a4-76ba-4cd0-a9dc-7f5d63792942/build]   | [INFO] Downloaded from central: https://repo.maven.apache.org/maven2/org/sonatype/sisu/sisu-inject-bean/1.4.2/sisu-inject-bean-1.4.2.pom (5.5 kB at 390 kB/s)
[ee3327a4-76ba-4cd0-a9dc-7f5d63792942/build]   | [INFO] Downloading from central: https://repo.maven.apache.org/maven2/org/sonatype/sisu/sisu-guice/2.1.7/sisu-guice-2.1.7.pom
[ee3327a4-76ba-4cd0-a9dc-7f5d63792942/build]   | [INFO] Downloaded from central: https://repo.maven.apache.org/maven2/org/sonatype/sisu/sisu-guice/2.1.7/sisu-guice-2.1.7.pom (11 kB at 235 kB/s)
[ee3327a4-76ba-4cd0-a9dc-7f5d63792942/build]   | [INFO] Downloading from central: https://repo.maven.apache.org/maven2/org/apache/maven/maven-core/3.0/maven-core-3.0.pom
[ee3327a4-76ba-4cd0-a9dc-7f5d63792942/build]   | [INFO] Downloaded from central: https://repo.maven.apache.org/maven2/org/apache/maven/maven-core/3.0/maven-core-3.0.pom (6.6 kB at 127 kB/s)
[ee3327a4-76ba-4cd0-a9dc-7f5d63792942/build]   | [INFO] Downloading from central: https://repo.maven.apache.org/maven2/org/apache/maven/maven-settings/3.0/maven-settings-3.0.pom
[ee3327a4-76ba-4cd0-a9dc-7f5d63792942/build]   | [INFO] Downloaded from central: https://repo.maven.apache.org/maven2/org/apache/maven/maven-settings/3.0/maven-settings-3.0.pom (1.9 kB at 48 kB/s)
[ee3327a4-76ba-4cd0-a9dc-7f5d63792942/build]   | [INFO] Downloading from central: https://repo.maven.apache.org/maven2/org/apache/maven/maven-settings-builder/3.0/maven-settings-builder-3.0.pom
[ee3327a4-76ba-4cd0-a9dc-7f5d63792942/build]   | [INFO] Downloaded from central: https://repo.maven.apache.org/maven2/org/apache/maven/maven-settings-builder/3.0/maven-settings-builder-3.0.pom (2.2 kB at 139 kB/s)
[ee3327a4-76ba-4cd0-a9dc-7f5d63792942/build]   | [INFO] Downloading from central: https://repo.maven.apache.org/maven2/org/codehaus/plexus/plexus-interpolation/1.14/plexus-interpolation-1.14.pom
[ee3327a4-76ba-4cd0-a9dc-7f5d63792942/build]   | [INFO] Downloaded from central: https://repo.maven.apache.org/maven2/org/codehaus/plexus/plexus-interpolation/1.14/plexus-interpolation-1.14.pom (910 B at 16 kB/s)
[ee3327a4-76ba-4cd0-a9dc-7f5d63792942/build]   | [INFO] Downloading from central: https://repo.maven.apache.org/maven2/org/codehaus/plexus/plexus-components/1.1.18/plexus-components-1.1.18.pom
[ee3327a4-76ba-4cd0-a9dc-7f5d63792942/build]   | [INFO] Downloaded from central: https://repo.maven.apache.org/maven2/org/codehaus/plexus/plexus-components/1.1.18/plexus-components-1.1.18.pom (5.4 kB at 50 kB/s)
[ee3327a4-76ba-4cd0-a9dc-7f5d63792942/build]   | [INFO] Downloading from central: https://repo.maven.apache.org/maven2/org/codehaus/plexus/plexus/2.0.7/plexus-2.0.7.pom
[ee3327a4-76ba-4cd0-a9dc-7f5d63792942/build]   | [INFO] Downloaded from central: https://repo.maven.apache.org/maven2/org/codehaus/plexus/plexus/2.0.7/plexus-2.0.7.pom (17 kB at 558 kB/s)
[ee3327a4-76ba-4cd0-a9dc-7f5d63792942/build]   | [INFO] Downloading from central: https://repo.maven.apache.org/maven2/org/sonatype/plexus/plexus-sec-dispatcher/1.3/plexus-sec-dispatcher-1.3.pom
[ee3327a4-76ba-4cd0-a9dc-7f5d63792942/build]   | [INFO] Downloaded from central: https://repo.maven.apache.org/maven2/org/sonatype/plexus/plexus-sec-dispatcher/1.3/plexus-sec-dispatcher-1.3.pom (3.0 kB at 67 kB/s)
[ee3327a4-76ba-4cd0-a9dc-7f5d63792942/build]   | [INFO] Downloading from central: https://repo.maven.apache.org/maven2/org/sonatype/spice/spice-parent/12/spice-parent-12.pom
[ee3327a4-76ba-4cd0-a9dc-7f5d63792942/build]   | [INFO] Downloaded from central: https://repo.maven.apache.org/maven2/org/sonatype/spice/spice-parent/12/spice-parent-12.pom (6.8 kB at 309 kB/s)
[ee3327a4-76ba-4cd0-a9dc-7f5d63792942/build]   | [INFO] Downloading from central: https://repo.maven.apache.org/maven2/org/sonatype/forge/forge-parent/4/forge-parent-4.pom
[ee3327a4-76ba-4cd0-a9dc-7f5d63792942/build]   | [INFO] Downloaded from central: https://repo.maven.apache.org/maven2/org/sonatype/forge/forge-parent/4/forge-parent-4.pom (8.4 kB at 646 kB/s)
[ee3327a4-76ba-4cd0-a9dc-7f5d63792942/build]   | [INFO] Downloading from central: https://repo.maven.apache.org/maven2/org/codehaus/plexus/plexus-utils/1.5.5/plexus-utils-1.5.5.pom
[ee3327a4-76ba-4cd0-a9dc-7f5d63792942/build]   | [INFO] Downloaded from central: https://repo.maven.apache.org/maven2/org/codehaus/plexus/plexus-utils/1.5.5/plexus-utils-1.5.5.pom (5.1 kB at 151 kB/s)
[ee3327a4-76ba-4cd0-a9dc-7f5d63792942/build]   | [INFO] Downloading from central: https://repo.maven.apache.org/maven2/org/sonatype/plexus/plexus-cipher/1.4/plexus-cipher-1.4.pom
[ee3327a4-76ba-4cd0-a9dc-7f5d63792942/build]   | [INFO] Downloaded from central: https://repo.maven.apache.org/maven2/org/sonatype/plexus/plexus-cipher/1.4/plexus-cipher-1.4.pom (2.1 kB at 98 kB/s)
[ee3327a4-76ba-4cd0-a9dc-7f5d63792942/build]   | [INFO] Downloading from central: https://repo.maven.apache.org/maven2/org/apache/maven/maven-repository-metadata/3.0/maven-repository-metadata-3.0.pom
[ee3327a4-76ba-4cd0-a9dc-7f5d63792942/build]   | [INFO] Downloaded from central: https://repo.maven.apache.org/maven2/org/apache/maven/maven-repository-metadata/3.0/maven-repository-metadata-3.0.pom (1.9 kB at 29 kB/s)
[ee3327a4-76ba-4cd0-a9dc-7f5d63792942/build]   | [INFO] Downloading from central: https://repo.maven.apache.org/maven2/org/apache/maven/maven-model-builder/3.0/maven-model-builder-3.0.pom
[ee3327a4-76ba-4cd0-a9dc-7f5d63792942/build]   | [INFO] Downloaded from central: https://repo.maven.apache.org/maven2/org/apache/maven/maven-model-builder/3.0/maven-model-builder-3.0.pom (2.2 kB at 61 kB/s)
[ee3327a4-76ba-4cd0-a9dc-7f5d63792942/build]   | [INFO] Downloading from central: https://repo.maven.apache.org/maven2/org/apache/maven/maven-aether-provider/3.0/maven-aether-provider-3.0.pom
[ee3327a4-76ba-4cd0-a9dc-7f5d63792942/build]   | [INFO] Downloaded from central: https://repo.maven.apache.org/maven2/org/apache/maven/maven-aether-provider/3.0/maven-aether-provider-3.0.pom (2.5 kB at 206 kB/s)
[ee3327a4-76ba-4cd0-a9dc-7f5d63792942/build]   | [INFO] Downloading from central: https://repo.maven.apache.org/maven2/org/sonatype/aether/aether-api/1.7/aether-api-1.7.pom
[ee3327a4-76ba-4cd0-a9dc-7f5d63792942/build]   | [INFO] Downloaded from central: https://repo.maven.apache.org/maven2/org/sonatype/aether/aether-api/1.7/aether-api-1.7.pom (1.7 kB at 73 kB/s)
[ee3327a4-76ba-4cd0-a9dc-7f5d63792942/build]   | [INFO] Downloading from central: https://repo.maven.apache.org/maven2/org/sonatype/aether/aether-parent/1.7/aether-parent-1.7.pom
[ee3327a4-76ba-4cd0-a9dc-7f5d63792942/build]   | [INFO] Downloaded from central: https://repo.maven.apache.org/maven2/org/sonatype/aether/aether-parent/1.7/aether-parent-1.7.pom (7.7 kB at 552 kB/s)
[ee3327a4-76ba-4cd0-a9dc-7f5d63792942/build]   | [INFO] Downloading from central: https://repo.maven.apache.org/maven2/org/sonatype/aether/aether-util/1.7/aether-util-1.7.pom
[ee3327a4-76ba-4cd0-a9dc-7f5d63792942/build]   | [INFO] Downloaded from central: https://repo.maven.apache.org/maven2/org/sonatype/aether/aether-util/1.7/aether-util-1.7.pom (2.1 kB at 76 kB/s)
[ee3327a4-76ba-4cd0-a9dc-7f5d63792942/build]   | [INFO] Downloading from central: https://repo.maven.apache.org/maven2/org/sonatype/aether/aether-impl/1.7/aether-impl-1.7.pom
[ee3327a4-76ba-4cd0-a9dc-7f5d63792942/build]   | [INFO] Downloaded from central: https://repo.maven.apache.org/maven2/org/sonatype/aether/aether-impl/1.7/aether-impl-1.7.pom (3.7 kB at 264 kB/s)
[ee3327a4-76ba-4cd0-a9dc-7f5d63792942/build]   | [INFO] Downloading from central: https://repo.maven.apache.org/maven2/org/sonatype/aether/aether-spi/1.7/aether-spi-1.7.pom
[ee3327a4-76ba-4cd0-a9dc-7f5d63792942/build]   | [INFO] Downloaded from central: https://repo.maven.apache.org/maven2/org/sonatype/aether/aether-spi/1.7/aether-spi-1.7.pom (1.7 kB at 62 kB/s)
[ee3327a4-76ba-4cd0-a9dc-7f5d63792942/build]   | [INFO] Downloading from central: https://repo.maven.apache.org/maven2/org/apache/maven/shared/maven-shared-utils/3.1.0/maven-shared-utils-3.1.0.pom
[ee3327a4-76ba-4cd0-a9dc-7f5d63792942/build]   | [INFO] Downloaded from central: https://repo.maven.apache.org/maven2/org/apache/maven/shared/maven-shared-utils/3.1.0/maven-shared-utils-3.1.0.pom (5.0 kB at 207 kB/s)
[ee3327a4-76ba-4cd0-a9dc-7f5d63792942/build]   | [INFO] Downloading from central: https://repo.maven.apache.org/maven2/org/apache/maven/shared/maven-shared-components/30/maven-shared-components-30.pom
[ee3327a4-76ba-4cd0-a9dc-7f5d63792942/build]   | [INFO] Downloaded from central: https://repo.maven.apache.org/maven2/org/apache/maven/shared/maven-shared-components/30/maven-shared-components-30.pom (4.6 kB at 66 kB/s)
[ee3327a4-76ba-4cd0-a9dc-7f5d63792942/build]   | [INFO] Downloading from central: https://repo.maven.apache.org/maven2/commons-io/commons-io/2.5/commons-io-2.5.pom
[ee3327a4-76ba-4cd0-a9dc-7f5d63792942/build]   | [INFO] Downloaded from central: https://repo.maven.apache.org/maven2/commons-io/commons-io/2.5/commons-io-2.5.pom (13 kB at 222 kB/s)
[ee3327a4-76ba-4cd0-a9dc-7f5d63792942/build]   | [INFO] Downloading from central: https://repo.maven.apache.org/maven2/org/apache/commons/commons-parent/39/commons-parent-39.pom
[ee3327a4-76ba-4cd0-a9dc-7f5d63792942/build]   | [INFO] Downloaded from central: https://repo.maven.apache.org/maven2/org/apache/commons/commons-parent/39/commons-parent-39.pom (62 kB at 795 kB/s)
[ee3327a4-76ba-4cd0-a9dc-7f5d63792942/build]   | [INFO] Downloading from central: https://repo.maven.apache.org/maven2/org/apache/maven/shared/maven-shared-incremental/1.1/maven-shared-incremental-1.1.pom
[ee3327a4-76ba-4cd0-a9dc-7f5d63792942/build]   | [INFO] Downloaded from central: https://repo.maven.apache.org/maven2/org/apache/maven/shared/maven-shared-incremental/1.1/maven-shared-incremental-1.1.pom (4.7 kB at 56 kB/s)
[ee3327a4-76ba-4cd0-a9dc-7f5d63792942/build]   | [INFO] Downloading from central: https://repo.maven.apache.org/maven2/org/apache/maven/shared/maven-shared-components/19/maven-shared-components-19.pom
[ee3327a4-76ba-4cd0-a9dc-7f5d63792942/build]   | [INFO] Downloaded from central: https://repo.maven.apache.org/maven2/org/apache/maven/shared/maven-shared-components/19/maven-shared-components-19.pom (6.4 kB at 177 kB/s)
[ee3327a4-76ba-4cd0-a9dc-7f5d63792942/build]   | [INFO] Downloading from central: https://repo.maven.apache.org/maven2/org/apache/maven/maven-parent/23/maven-parent-23.pom
[ee3327a4-76ba-4cd0-a9dc-7f5d63792942/build]   | [INFO] Downloaded from central: https://repo.maven.apache.org/maven2/org/apache/maven/maven-parent/23/maven-parent-23.pom (33 kB at 1.6 MB/s)
[ee3327a4-76ba-4cd0-a9dc-7f5d63792942/build]   | [INFO] Downloading from central: https://repo.maven.apache.org/maven2/org/apache/maven/maven-plugin-api/2.2.1/maven-plugin-api-2.2.1.pom
[ee3327a4-76ba-4cd0-a9dc-7f5d63792942/build]   | [INFO] Downloaded from central: https://repo.maven.apache.org/maven2/org/apache/maven/maven-plugin-api/2.2.1/maven-plugin-api-2.2.1.pom (1.5 kB at 50 kB/s)
[ee3327a4-76ba-4cd0-a9dc-7f5d63792942/build]   | [INFO] Downloading from central: https://repo.maven.apache.org/maven2/org/apache/maven/maven/2.2.1/maven-2.2.1.pom
[ee3327a4-76ba-4cd0-a9dc-7f5d63792942/build]   | [INFO] Downloaded from central: https://repo.maven.apache.org/maven2/org/apache/maven/maven/2.2.1/maven-2.2.1.pom (22 kB at 1.4 MB/s)
[ee3327a4-76ba-4cd0-a9dc-7f5d63792942/build]   | [INFO] Downloading from central: https://repo.maven.apache.org/maven2/org/apache/maven/maven-parent/11/maven-parent-11.pom
[ee3327a4-76ba-4cd0-a9dc-7f5d63792942/build]   | [INFO] Downloaded from central: https://repo.maven.apache.org/maven2/org/apache/maven/maven-parent/11/maven-parent-11.pom (32 kB at 381 kB/s)
[ee3327a4-76ba-4cd0-a9dc-7f5d63792942/build]   | [INFO] Downloading from central: https://repo.maven.apache.org/maven2/org/apache/apache/5/apache-5.pom
[ee3327a4-76ba-4cd0-a9dc-7f5d63792942/build]   | [INFO] Downloaded from central: https://repo.maven.apache.org/maven2/org/apache/apache/5/apache-5.pom (4.1 kB at 80 kB/s)
[ee3327a4-76ba-4cd0-a9dc-7f5d63792942/build]   | [INFO] Downloading from central: https://repo.maven.apache.org/maven2/org/apache/maven/maven-core/2.2.1/maven-core-2.2.1.pom
[ee3327a4-76ba-4cd0-a9dc-7f5d63792942/build]   | [INFO] Downloaded from central: https://repo.maven.apache.org/maven2/org/apache/maven/maven-core/2.2.1/maven-core-2.2.1.pom (12 kB at 375 kB/s)
[ee3327a4-76ba-4cd0-a9dc-7f5d63792942/build]   | [INFO] Downloading from central: https://repo.maven.apache.org/maven2/org/apache/maven/maven-settings/2.2.1/maven-settings-2.2.1.pom
[ee3327a4-76ba-4cd0-a9dc-7f5d63792942/build]   | [INFO] Downloaded from central: https://repo.maven.apache.org/maven2/org/apache/maven/maven-settings/2.2.1/maven-settings-2.2.1.pom (2.2 kB at 23 kB/s)
[ee3327a4-76ba-4cd0-a9dc-7f5d63792942/build]   | [INFO] Downloading from central: https://repo.maven.apache.org/maven2/org/apache/maven/maven-model/2.2.1/maven-model-2.2.1.pom
[ee3327a4-76ba-4cd0-a9dc-7f5d63792942/build]   | [INFO] Downloaded from central: https://repo.maven.apache.org/maven2/org/apache/maven/maven-model/2.2.1/maven-model-2.2.1.pom (3.2 kB at 74 kB/s)
[ee3327a4-76ba-4cd0-a9dc-7f5d63792942/build]   | [INFO] Downloading from central: https://repo.maven.apache.org/maven2/org/codehaus/plexus/plexus-interpolation/1.11/plexus-interpolation-1.11.pom
[ee3327a4-76ba-4cd0-a9dc-7f5d63792942/build]   | [INFO] Downloaded from central: https://repo.maven.apache.org/maven2/org/codehaus/plexus/plexus-interpolation/1.11/plexus-interpolation-1.11.pom (889 B at 8.3 kB/s)
[ee3327a4-76ba-4cd0-a9dc-7f5d63792942/build]   | [INFO] Downloading from central: https://repo.maven.apache.org/maven2/org/apache/maven/maven-plugin-parameter-documenter/2.2.1/maven-plugin-parameter-documenter-2.2.1.pom
[ee3327a4-76ba-4cd0-a9dc-7f5d63792942/build]   | [INFO] Downloaded from central: https://repo.maven.apache.org/maven2/org/apache/maven/maven-plugin-parameter-documenter/2.2.1/maven-plugin-parameter-documenter-2.2.1.pom (2.0 kB at 65 kB/s)
[ee3327a4-76ba-4cd0-a9dc-7f5d63792942/build]   | [INFO] Downloading from central: https://repo.maven.apache.org/maven2/org/slf4j/slf4j-jdk14/1.5.6/slf4j-jdk14-1.5.6.pom
[ee3327a4-76ba-4cd0-a9dc-7f5d63792942/build]   | [INFO] Downloaded from central: https://repo.maven.apache.org/maven2/org/slf4j/slf4j-jdk14/1.5.6/slf4j-jdk14-1.5.6.pom (1.9 kB at 90 kB/s)
[ee3327a4-76ba-4cd0-a9dc-7f5d63792942/build]   | [INFO] Downloading from central: https://repo.maven.apache.org/maven2/org/slf4j/slf4j-parent/1.5.6/slf4j-parent-1.5.6.pom
[ee3327a4-76ba-4cd0-a9dc-7f5d63792942/build]   | [INFO] Downloaded from central: https://repo.maven.apache.org/maven2/org/slf4j/slf4j-parent/1.5.6/slf4j-parent-1.5.6.pom (7.9 kB at 149 kB/s)
[ee3327a4-76ba-4cd0-a9dc-7f5d63792942/build]   | [INFO] Downloading from central: https://repo.maven.apache.org/maven2/org/slf4j/slf4j-api/1.5.6/slf4j-api-1.5.6.pom
[ee3327a4-76ba-4cd0-a9dc-7f5d63792942/build]   | [INFO] Downloaded from central: https://repo.maven.apache.org/maven2/org/slf4j/slf4j-api/1.5.6/slf4j-api-1.5.6.pom (3.0 kB at 93 kB/s)
[ee3327a4-76ba-4cd0-a9dc-7f5d63792942/build]   | [INFO] Downloading from central: https://repo.maven.apache.org/maven2/org/slf4j/jcl-over-slf4j/1.5.6/jcl-over-slf4j-1.5.6.pom
[ee3327a4-76ba-4cd0-a9dc-7f5d63792942/build]   | [INFO] Downloaded from central: https://repo.maven.apache.org/maven2/org/slf4j/jcl-over-slf4j/1.5.6/jcl-over-slf4j-1.5.6.pom (2.2 kB at 53 kB/s)
[ee3327a4-76ba-4cd0-a9dc-7f5d63792942/build]   | [INFO] Downloading from central: https://repo.maven.apache.org/maven2/org/apache/maven/maven-profile/2.2.1/maven-profile-2.2.1.pom
[ee3327a4-76ba-4cd0-a9dc-7f5d63792942/build]   | [INFO] Downloaded from central: https://repo.maven.apache.org/maven2/org/apache/maven/maven-profile/2.2.1/maven-profile-2.2.1.pom (2.2 kB at 70 kB/s)
[ee3327a4-76ba-4cd0-a9dc-7f5d63792942/build]   | [INFO] Downloading from central: https://repo.maven.apache.org/maven2/org/apache/maven/maven-artifact/2.2.1/maven-artifact-2.2.1.pom
[ee3327a4-76ba-4cd0-a9dc-7f5d63792942/build]   | [INFO] Downloaded from central: https://repo.maven.apache.org/maven2/org/apache/maven/maven-artifact/2.2.1/maven-artifact-2.2.1.pom (1.6 kB at 122 kB/s)
[ee3327a4-76ba-4cd0-a9dc-7f5d63792942/build]   | [INFO] Downloading from central: https://repo.maven.apache.org/maven2/org/apache/maven/maven-repository-metadata/2.2.1/maven-repository-metadata-2.2.1.pom
[ee3327a4-76ba-4cd0-a9dc-7f5d63792942/build]   | [INFO] Downloaded from central: https://repo.maven.apache.org/maven2/org/apache/maven/maven-repository-metadata/2.2.1/maven-repository-metadata-2.2.1.pom (1.9 kB at 23 kB/s)
[ee3327a4-76ba-4cd0-a9dc-7f5d63792942/build]   | [INFO] Downloading from central: https://repo.maven.apache.org/maven2/org/apache/maven/maven-error-diagnostics/2.2.1/maven-error-diagnostics-2.2.1.pom
[ee3327a4-76ba-4cd0-a9dc-7f5d63792942/build]   | [INFO] Downloaded from central: https://repo.maven.apache.org/maven2/org/apache/maven/maven-error-diagnostics/2.2.1/maven-error-diagnostics-2.2.1.pom (1.7 kB at 25 kB/s)
[ee3327a4-76ba-4cd0-a9dc-7f5d63792942/build]   | [INFO] Downloading from central: https://repo.maven.apache.org/maven2/org/apache/maven/maven-project/2.2.1/maven-project-2.2.1.pom
[ee3327a4-76ba-4cd0-a9dc-7f5d63792942/build]   | [INFO] Downloaded from central: https://repo.maven.apache.org/maven2/org/apache/maven/maven-project/2.2.1/maven-project-2.2.1.pom (2.8 kB at 75 kB/s)
[ee3327a4-76ba-4cd0-a9dc-7f5d63792942/build]   | [INFO] Downloading from central: https://repo.maven.apache.org/maven2/org/apache/maven/maven-artifact-manager/2.2.1/maven-artifact-manager-2.2.1.pom
[ee3327a4-76ba-4cd0-a9dc-7f5d63792942/build]   | [INFO] Downloaded from central: https://repo.maven.apache.org/maven2/org/apache/maven/maven-artifact-manager/2.2.1/maven-artifact-manager-2.2.1.pom (3.1 kB at 31 kB/s)
[ee3327a4-76ba-4cd0-a9dc-7f5d63792942/build]   | [INFO] Downloading from central: https://repo.maven.apache.org/maven2/backport-util-concurrent/backport-util-concurrent/3.1/backport-util-concurrent-3.1.pom
[ee3327a4-76ba-4cd0-a9dc-7f5d63792942/build]   | [INFO] Downloaded from central: https://repo.maven.apache.org/maven2/backport-util-concurrent/backport-util-concurrent/3.1/backport-util-concurrent-3.1.pom (880 B at 59 kB/s)
[ee3327a4-76ba-4cd0-a9dc-7f5d63792942/build]   | [INFO] Downloading from central: https://repo.maven.apache.org/maven2/org/apache/maven/maven-plugin-registry/2.2.1/maven-plugin-registry-2.2.1.pom
[ee3327a4-76ba-4cd0-a9dc-7f5d63792942/build]   | [INFO] Downloaded from central: https://repo.maven.apache.org/maven2/org/apache/maven/maven-plugin-registry/2.2.1/maven-plugin-registry-2.2.1.pom (1.9 kB at 96 kB/s)
[ee3327a4-76ba-4cd0-a9dc-7f5d63792942/build]   | [INFO] Downloading from central: https://repo.maven.apache.org/maven2/org/apache/maven/maven-plugin-descriptor/2.2.1/maven-plugin-descriptor-2.2.1.pom
[ee3327a4-76ba-4cd0-a9dc-7f5d63792942/build]   | [INFO] Downloaded from central: https://repo.maven.apache.org/maven2/org/apache/maven/maven-plugin-descriptor/2.2.1/maven-plugin-descriptor-2.2.1.pom (2.1 kB at 103 kB/s)
[ee3327a4-76ba-4cd0-a9dc-7f5d63792942/build]   | [INFO] Downloading from central: https://repo.maven.apache.org/maven2/org/apache/maven/maven-monitor/2.2.1/maven-monitor-2.2.1.pom
[ee3327a4-76ba-4cd0-a9dc-7f5d63792942/build]   | [INFO] Downloaded from central: https://repo.maven.apache.org/maven2/org/apache/maven/maven-monitor/2.2.1/maven-monitor-2.2.1.pom (1.3 kB at 22 kB/s)
[ee3327a4-76ba-4cd0-a9dc-7f5d63792942/build]   | [INFO] Downloading from central: https://repo.maven.apache.org/maven2/org/apache/maven/shared/maven-shared-utils/0.1/maven-shared-utils-0.1.pom
[ee3327a4-76ba-4cd0-a9dc-7f5d63792942/build]   | [INFO] Downloaded from central: https://repo.maven.apache.org/maven2/org/apache/maven/shared/maven-shared-utils/0.1/maven-shared-utils-0.1.pom (4.0 kB at 225 kB/s)
[ee3327a4-76ba-4cd0-a9dc-7f5d63792942/build]   | [INFO] Downloading from central: https://repo.maven.apache.org/maven2/org/apache/maven/shared/maven-shared-components/18/maven-shared-components-18.pom
[ee3327a4-76ba-4cd0-a9dc-7f5d63792942/build]   | [INFO] Downloaded from central: https://repo.maven.apache.org/maven2/org/apache/maven/shared/maven-shared-components/18/maven-shared-components-18.pom (4.9 kB at 290 kB/s)
[ee3327a4-76ba-4cd0-a9dc-7f5d63792942/build]   | [INFO] Downloading from central: https://repo.maven.apache.org/maven2/com/google/code/findbugs/jsr305/2.0.1/jsr305-2.0.1.pom
[ee3327a4-76ba-4cd0-a9dc-7f5d63792942/build]   | [INFO] Downloaded from central: https://repo.maven.apache.org/maven2/com/google/code/findbugs/jsr305/2.0.1/jsr305-2.0.1.pom (965 B at 60 kB/s)
[ee3327a4-76ba-4cd0-a9dc-7f5d63792942/build]   | [INFO] Downloading from central: https://repo.maven.apache.org/maven2/org/ow2/asm/asm/6.0_ALPHA/asm-6.0_ALPHA.pom
[ee3327a4-76ba-4cd0-a9dc-7f5d63792942/build]   | [INFO] Downloaded from central: https://repo.maven.apache.org/maven2/org/ow2/asm/asm/6.0_ALPHA/asm-6.0_ALPHA.pom (1.9 kB at 88 kB/s)
[ee3327a4-76ba-4cd0-a9dc-7f5d63792942/build]   | [INFO] Downloading from central: https://repo.maven.apache.org/maven2/org/ow2/asm/asm-parent/6.0_ALPHA/asm-parent-6.0_ALPHA.pom
[ee3327a4-76ba-4cd0-a9dc-7f5d63792942/build]   | [INFO] Downloaded from central: https://repo.maven.apache.org/maven2/org/ow2/asm/asm-parent/6.0_ALPHA/asm-parent-6.0_ALPHA.pom (5.5 kB at 275 kB/s)
[ee3327a4-76ba-4cd0-a9dc-7f5d63792942/build]   | [INFO] Downloading from central: https://repo.maven.apache.org/maven2/org/ow2/ow2/1.3/ow2-1.3.pom
[ee3327a4-76ba-4cd0-a9dc-7f5d63792942/build]   | [INFO] Downloaded from central: https://repo.maven.apache.org/maven2/org/ow2/ow2/1.3/ow2-1.3.pom (9.5 kB at 226 kB/s)
[ee3327a4-76ba-4cd0-a9dc-7f5d63792942/build]   | [INFO] Downloading from central: https://repo.maven.apache.org/maven2/com/thoughtworks/qdox/qdox/2.0-M5/qdox-2.0-M5.pom
[ee3327a4-76ba-4cd0-a9dc-7f5d63792942/build]   | [INFO] Downloaded from central: https://repo.maven.apache.org/maven2/com/thoughtworks/qdox/qdox/2.0-M5/qdox-2.0-M5.pom (16 kB at 974 kB/s)
[ee3327a4-76ba-4cd0-a9dc-7f5d63792942/build]   | [INFO] Downloading from central: https://repo.maven.apache.org/maven2/org/codehaus/plexus/plexus-compiler-api/2.8.1/plexus-compiler-api-2.8.1.pom
[ee3327a4-76ba-4cd0-a9dc-7f5d63792942/build]   | [INFO] Downloaded from central: https://repo.maven.apache.org/maven2/org/codehaus/plexus/plexus-compiler-api/2.8.1/plexus-compiler-api-2.8.1.pom (893 B at 19 kB/s)
[ee3327a4-76ba-4cd0-a9dc-7f5d63792942/build]   | [INFO] Downloading from central: https://repo.maven.apache.org/maven2/org/codehaus/plexus/plexus-compiler/2.8.1/plexus-compiler-2.8.1.pom
[ee3327a4-76ba-4cd0-a9dc-7f5d63792942/build]   | [INFO] Downloaded from central: https://repo.maven.apache.org/maven2/org/codehaus/plexus/plexus-compiler/2.8.1/plexus-compiler-2.8.1.pom (5.0 kB at 143 kB/s)
[ee3327a4-76ba-4cd0-a9dc-7f5d63792942/build]   | [INFO] Downloading from central: https://repo.maven.apache.org/maven2/org/codehaus/plexus/plexus-components/4.0/plexus-components-4.0.pom
[ee3327a4-76ba-4cd0-a9dc-7f5d63792942/build]   | [INFO] Downloaded from central: https://repo.maven.apache.org/maven2/org/codehaus/plexus/plexus-components/4.0/plexus-components-4.0.pom (2.7 kB at 33 kB/s)
[ee3327a4-76ba-4cd0-a9dc-7f5d63792942/build]   | [INFO] Downloading from central: https://repo.maven.apache.org/maven2/org/codehaus/plexus/plexus/4.0/plexus-4.0.pom
[ee3327a4-76ba-4cd0-a9dc-7f5d63792942/build]   | [INFO] Downloaded from central: https://repo.maven.apache.org/maven2/org/codehaus/plexus/plexus/4.0/plexus-4.0.pom (22 kB at 827 kB/s)
[ee3327a4-76ba-4cd0-a9dc-7f5d63792942/build]   | [INFO] Downloading from central: https://repo.maven.apache.org/maven2/org/codehaus/plexus/plexus-utils/3.0.22/plexus-utils-3.0.22.pom
[ee3327a4-76ba-4cd0-a9dc-7f5d63792942/build]   | [INFO] Downloaded from central: https://repo.maven.apache.org/maven2/org/codehaus/plexus/plexus-utils/3.0.22/plexus-utils-3.0.22.pom (3.8 kB at 101 kB/s)
[ee3327a4-76ba-4cd0-a9dc-7f5d63792942/build]   | [INFO] Downloading from central: https://repo.maven.apache.org/maven2/org/codehaus/plexus/plexus/3.3.1/plexus-3.3.1.pom
[ee3327a4-76ba-4cd0-a9dc-7f5d63792942/build]   | [INFO] Downloaded from central: https://repo.maven.apache.org/maven2/org/codehaus/plexus/plexus/3.3.1/plexus-3.3.1.pom (20 kB at 335 kB/s)
[ee3327a4-76ba-4cd0-a9dc-7f5d63792942/build]   | [INFO] Downloading from central: https://repo.maven.apache.org/maven2/org/codehaus/plexus/plexus-compiler-manager/2.8.1/plexus-compiler-manager-2.8.1.pom
[ee3327a4-76ba-4cd0-a9dc-7f5d63792942/build]   | [INFO] Downloaded from central: https://repo.maven.apache.org/maven2/org/codehaus/plexus/plexus-compiler-manager/2.8.1/plexus-compiler-manager-2.8.1.pom (713 B at 16 kB/s)
[ee3327a4-76ba-4cd0-a9dc-7f5d63792942/build]   | [INFO] Downloading from central: https://repo.maven.apache.org/maven2/org/codehaus/plexus/plexus-compiler-javac/2.8.1/plexus-compiler-javac-2.8.1.pom
[ee3327a4-76ba-4cd0-a9dc-7f5d63792942/build]   | [INFO] Downloaded from central: https://repo.maven.apache.org/maven2/org/codehaus/plexus/plexus-compiler-javac/2.8.1/plexus-compiler-javac-2.8.1.pom (794 B at 27 kB/s)
[ee3327a4-76ba-4cd0-a9dc-7f5d63792942/build]   | [INFO] Downloading from central: https://repo.maven.apache.org/maven2/org/codehaus/plexus/plexus-compilers/2.8.1/plexus-compilers-2.8.1.pom
[ee3327a4-76ba-4cd0-a9dc-7f5d63792942/build]   | [INFO] Downloaded from central: https://repo.maven.apache.org/maven2/org/codehaus/plexus/plexus-compilers/2.8.1/plexus-compilers-2.8.1.pom (1.4 kB at 138 kB/s)
[ee3327a4-76ba-4cd0-a9dc-7f5d63792942/build]   | [INFO] Downloading from central: https://repo.maven.apache.org/maven2/org/apache/maven/maven-plugin-api/3.0/maven-plugin-api-3.0.jar
[ee3327a4-76ba-4cd0-a9dc-7f5d63792942/build]   | [INFO] Downloading from central: https://repo.maven.apache.org/maven2/org/apache/maven/maven-model/3.0/maven-model-3.0.jar
[ee3327a4-76ba-4cd0-a9dc-7f5d63792942/build]   | [INFO] Downloading from central: https://repo.maven.apache.org/maven2/org/sonatype/sisu/sisu-inject-plexus/1.4.2/sisu-inject-plexus-1.4.2.jar
[ee3327a4-76ba-4cd0-a9dc-7f5d63792942/build]   | [INFO] Downloading from central: https://repo.maven.apache.org/maven2/org/sonatype/sisu/sisu-inject-bean/1.4.2/sisu-inject-bean-1.4.2.jar
[ee3327a4-76ba-4cd0-a9dc-7f5d63792942/build]   | [INFO] Downloading from central: https://repo.maven.apache.org/maven2/org/sonatype/sisu/sisu-guice/2.1.7/sisu-guice-2.1.7-noaop.jar
[ee3327a4-76ba-4cd0-a9dc-7f5d63792942/build]   | [INFO] Downloaded from central: https://repo.maven.apache.org/maven2/org/apache/maven/maven-model/3.0/maven-model-3.0.jar (165 kB at 12 MB/s)
[ee3327a4-76ba-4cd0-a9dc-7f5d63792942/build]   | [INFO] Downloading from central: https://repo.maven.apache.org/maven2/org/apache/maven/maven-artifact/3.0/maven-artifact-3.0.jar
[ee3327a4-76ba-4cd0-a9dc-7f5d63792942/build]   | [INFO] Downloaded from central: https://repo.maven.apache.org/maven2/org/apache/maven/maven-plugin-api/3.0/maven-plugin-api-3.0.jar (49 kB at 1.9 MB/s)
[ee3327a4-76ba-4cd0-a9dc-7f5d63792942/build]   | [INFO] Downloading from central: https://repo.maven.apache.org/maven2/org/codehaus/plexus/plexus-utils/2.0.4/plexus-utils-2.0.4.jar
[ee3327a4-76ba-4cd0-a9dc-7f5d63792942/build]   | [INFO] Downloaded from central: https://repo.maven.apache.org/maven2/org/apache/maven/maven-artifact/3.0/maven-artifact-3.0.jar (52 kB at 1.8 MB/s)
[ee3327a4-76ba-4cd0-a9dc-7f5d63792942/build]   | [INFO] Downloading from central: https://repo.maven.apache.org/maven2/org/apache/maven/maven-core/3.0/maven-core-3.0.jar
[ee3327a4-76ba-4cd0-a9dc-7f5d63792942/build]   | [INFO] Downloaded from central: https://repo.maven.apache.org/maven2/org/sonatype/sisu/sisu-inject-plexus/1.4.2/sisu-inject-plexus-1.4.2.jar (202 kB at 4.2 MB/s)
[ee3327a4-76ba-4cd0-a9dc-7f5d63792942/build]   | [INFO] Downloading from central: https://repo.maven.apache.org/maven2/org/apache/maven/maven-settings/3.0/maven-settings-3.0.jar
[ee3327a4-76ba-4cd0-a9dc-7f5d63792942/build]   | [INFO] Downloaded from central: https://repo.maven.apache.org/maven2/org/sonatype/sisu/sisu-guice/2.1.7/sisu-guice-2.1.7-noaop.jar (472 kB at 6.4 MB/s)
[ee3327a4-76ba-4cd0-a9dc-7f5d63792942/build]   | [INFO] Downloading from central: https://repo.maven.apache.org/maven2/org/apache/maven/maven-settings-builder/3.0/maven-settings-builder-3.0.jar
[ee3327a4-76ba-4cd0-a9dc-7f5d63792942/build]   | [INFO] Downloaded from central: https://repo.maven.apache.org/maven2/org/codehaus/plexus/plexus-utils/2.0.4/plexus-utils-2.0.4.jar (222 kB at 2.7 MB/s)
[ee3327a4-76ba-4cd0-a9dc-7f5d63792942/build]   | [INFO] Downloading from central: https://repo.maven.apache.org/maven2/org/apache/maven/maven-repository-metadata/3.0/maven-repository-metadata-3.0.jar
[ee3327a4-76ba-4cd0-a9dc-7f5d63792942/build]   | [INFO] Downloaded from central: https://repo.maven.apache.org/maven2/org/sonatype/sisu/sisu-inject-bean/1.4.2/sisu-inject-bean-1.4.2.jar (153 kB at 1.7 MB/s)
[ee3327a4-76ba-4cd0-a9dc-7f5d63792942/build]   | [INFO] Downloading from central: https://repo.maven.apache.org/maven2/org/apache/maven/maven-model-builder/3.0/maven-model-builder-3.0.jar
[ee3327a4-76ba-4cd0-a9dc-7f5d63792942/build]   | [INFO] Downloaded from central: https://repo.maven.apache.org/maven2/org/apache/maven/maven-settings/3.0/maven-settings-3.0.jar (47 kB at 530 kB/s)
[ee3327a4-76ba-4cd0-a9dc-7f5d63792942/build]   | [INFO] Downloading from central: https://repo.maven.apache.org/maven2/org/apache/maven/maven-aether-provider/3.0/maven-aether-provider-3.0.jar
[ee3327a4-76ba-4cd0-a9dc-7f5d63792942/build]   | [INFO] Downloaded from central: https://repo.maven.apache.org/maven2/org/apache/maven/maven-settings-builder/3.0/maven-settings-builder-3.0.jar (38 kB at 406 kB/s)
[ee3327a4-76ba-4cd0-a9dc-7f5d63792942/build]   | [INFO] Downloading from central: https://repo.maven.apache.org/maven2/org/sonatype/aether/aether-impl/1.7/aether-impl-1.7.jar
[ee3327a4-76ba-4cd0-a9dc-7f5d63792942/build]   | [INFO] Downloaded from central: https://repo.maven.apache.org/maven2/org/apache/maven/maven-repository-metadata/3.0/maven-repository-metadata-3.0.jar (30 kB at 251 kB/s)
[ee3327a4-76ba-4cd0-a9dc-7f5d63792942/build]   | [INFO] Downloading from central: https://repo.maven.apache.org/maven2/org/sonatype/aether/aether-spi/1.7/aether-spi-1.7.jar
[ee3327a4-76ba-4cd0-a9dc-7f5d63792942/build]   | [INFO] Downloaded from central: https://repo.maven.apache.org/maven2/org/apache/maven/maven-aether-provider/3.0/maven-aether-provider-3.0.jar (51 kB at 427 kB/s)
[ee3327a4-76ba-4cd0-a9dc-7f5d63792942/build]   | [INFO] Downloading from central: https://repo.maven.apache.org/maven2/org/sonatype/aether/aether-api/1.7/aether-api-1.7.jar
[ee3327a4-76ba-4cd0-a9dc-7f5d63792942/build]   | [INFO] Downloaded from central: https://repo.maven.apache.org/maven2/org/apache/maven/maven-core/3.0/maven-core-3.0.jar (527 kB at 4.4 MB/s)
[ee3327a4-76ba-4cd0-a9dc-7f5d63792942/build]   | [INFO] Downloading from central: https://repo.maven.apache.org/maven2/org/sonatype/aether/aether-util/1.7/aether-util-1.7.jar
[ee3327a4-76ba-4cd0-a9dc-7f5d63792942/build]   | [INFO] Downloaded from central: https://repo.maven.apache.org/maven2/org/sonatype/aether/aether-impl/1.7/aether-impl-1.7.jar (106 kB at 837 kB/s)
[ee3327a4-76ba-4cd0-a9dc-7f5d63792942/build]   | [INFO] Downloading from central: https://repo.maven.apache.org/maven2/org/codehaus/plexus/plexus-interpolation/1.14/plexus-interpolation-1.14.jar
[ee3327a4-76ba-4cd0-a9dc-7f5d63792942/build]   | [INFO] Downloaded from central: https://repo.maven.apache.org/maven2/org/apache/maven/maven-model-builder/3.0/maven-model-builder-3.0.jar (148 kB at 1.2 MB/s)
[ee3327a4-76ba-4cd0-a9dc-7f5d63792942/build]   | [INFO] Downloading from central: https://repo.maven.apache.org/maven2/org/codehaus/plexus/plexus-classworlds/2.2.3/plexus-classworlds-2.2.3.jar
[ee3327a4-76ba-4cd0-a9dc-7f5d63792942/build]   | [INFO] Downloaded from central: https://repo.maven.apache.org/maven2/org/codehaus/plexus/plexus-interpolation/1.14/plexus-interpolation-1.14.jar (61 kB at 379 kB/s)
[ee3327a4-76ba-4cd0-a9dc-7f5d63792942/build]   | [INFO] Downloading from central: https://repo.maven.apache.org/maven2/org/codehaus/plexus/plexus-component-annotations/1.6/plexus-component-annotations-1.6.jar
[ee3327a4-76ba-4cd0-a9dc-7f5d63792942/build]   | [INFO] Downloaded from central: https://repo.maven.apache.org/maven2/org/sonatype/aether/aether-util/1.7/aether-util-1.7.jar (108 kB at 670 kB/s)
[ee3327a4-76ba-4cd0-a9dc-7f5d63792942/build]   | [INFO] Downloading from central: https://repo.maven.apache.org/maven2/org/sonatype/plexus/plexus-sec-dispatcher/1.3/plexus-sec-dispatcher-1.3.jar
[ee3327a4-76ba-4cd0-a9dc-7f5d63792942/build]   | [INFO] Downloaded from central: https://repo.maven.apache.org/maven2/org/sonatype/aether/aether-api/1.7/aether-api-1.7.jar (74 kB at 458 kB/s)
[ee3327a4-76ba-4cd0-a9dc-7f5d63792942/build]   | [INFO] Downloaded from central: https://repo.maven.apache.org/maven2/org/sonatype/aether/aether-spi/1.7/aether-spi-1.7.jar (14 kB at 84 kB/s)
[ee3327a4-76ba-4cd0-a9dc-7f5d63792942/build]   | [INFO] Downloaded from central: https://repo.maven.apache.org/maven2/org/codehaus/plexus/plexus-classworlds/2.2.3/plexus-classworlds-2.2.3.jar (46 kB at 285 kB/s)
[ee3327a4-76ba-4cd0-a9dc-7f5d63792942/build]   | [INFO] Downloading from central: https://repo.maven.apache.org/maven2/org/apache/maven/shared/maven-shared-utils/3.1.0/maven-shared-utils-3.1.0.jar
[ee3327a4-76ba-4cd0-a9dc-7f5d63792942/build]   | [INFO] Downloading from central: https://repo.maven.apache.org/maven2/org/sonatype/plexus/plexus-cipher/1.4/plexus-cipher-1.4.jar
[ee3327a4-76ba-4cd0-a9dc-7f5d63792942/build]   | [INFO] Downloading from central: https://repo.maven.apache.org/maven2/commons-io/commons-io/2.5/commons-io-2.5.jar
[ee3327a4-76ba-4cd0-a9dc-7f5d63792942/build]   | [INFO] Downloaded from central: https://repo.maven.apache.org/maven2/org/sonatype/plexus/plexus-sec-dispatcher/1.3/plexus-sec-dispatcher-1.3.jar (29 kB at 163 kB/s)
[ee3327a4-76ba-4cd0-a9dc-7f5d63792942/build]   | [INFO] Downloading from central: https://repo.maven.apache.org/maven2/org/apache/maven/shared/maven-shared-incremental/1.1/maven-shared-incremental-1.1.jar
[ee3327a4-76ba-4cd0-a9dc-7f5d63792942/build]   | [INFO] Downloaded from central: https://repo.maven.apache.org/maven2/org/codehaus/plexus/plexus-component-annotations/1.6/plexus-component-annotations-1.6.jar (4.3 kB at 24 kB/s)
[ee3327a4-76ba-4cd0-a9dc-7f5d63792942/build]   | [INFO] Downloading from central: https://repo.maven.apache.org/maven2/org/ow2/asm/asm/6.0_ALPHA/asm-6.0_ALPHA.jar
[ee3327a4-76ba-4cd0-a9dc-7f5d63792942/build]   | [INFO] Downloaded from central: https://repo.maven.apache.org/maven2/org/sonatype/plexus/plexus-cipher/1.4/plexus-cipher-1.4.jar (13 kB at 65 kB/s)
[ee3327a4-76ba-4cd0-a9dc-7f5d63792942/build]   | [INFO] Downloading from central: https://repo.maven.apache.org/maven2/com/thoughtworks/qdox/qdox/2.0-M5/qdox-2.0-M5.jar
[ee3327a4-76ba-4cd0-a9dc-7f5d63792942/build]   | [INFO] Downloaded from central: https://repo.maven.apache.org/maven2/commons-io/commons-io/2.5/commons-io-2.5.jar (209 kB at 870 kB/s)
[ee3327a4-76ba-4cd0-a9dc-7f5d63792942/build]   | [INFO] Downloaded from central: https://repo.maven.apache.org/maven2/org/apache/maven/shared/maven-shared-utils/3.1.0/maven-shared-utils-3.1.0.jar (164 kB at 682 kB/s)
[ee3327a4-76ba-4cd0-a9dc-7f5d63792942/build]   | [INFO] Downloading from central: https://repo.maven.apache.org/maven2/org/codehaus/plexus/plexus-compiler-api/2.8.1/plexus-compiler-api-2.8.1.jar
[ee3327a4-76ba-4cd0-a9dc-7f5d63792942/build]   | [INFO] Downloading from central: https://repo.maven.apache.org/maven2/org/codehaus/plexus/plexus-compiler-manager/2.8.1/plexus-compiler-manager-2.8.1.jar
[ee3327a4-76ba-4cd0-a9dc-7f5d63792942/build]   | [INFO] Downloaded from central: https://repo.maven.apache.org/maven2/org/ow2/asm/asm/6.0_ALPHA/asm-6.0_ALPHA.jar (56 kB at 233 kB/s)
[ee3327a4-76ba-4cd0-a9dc-7f5d63792942/build]   | [INFO] Downloading from central: https://repo.maven.apache.org/maven2/org/codehaus/plexus/plexus-compiler-javac/2.8.1/plexus-compiler-javac-2.8.1.jar
[ee3327a4-76ba-4cd0-a9dc-7f5d63792942/build]   | [INFO] Downloaded from central: https://repo.maven.apache.org/maven2/org/apache/maven/shared/maven-shared-incremental/1.1/maven-shared-incremental-1.1.jar (14 kB at 56 kB/s)
[ee3327a4-76ba-4cd0-a9dc-7f5d63792942/build]   | [INFO] Downloaded from central: https://repo.maven.apache.org/maven2/com/thoughtworks/qdox/qdox/2.0-M5/qdox-2.0-M5.jar (313 kB at 1.1 MB/s)
[ee3327a4-76ba-4cd0-a9dc-7f5d63792942/build]   | [INFO] Downloaded from central: https://repo.maven.apache.org/maven2/org/codehaus/plexus/plexus-compiler-manager/2.8.1/plexus-compiler-manager-2.8.1.jar (4.7 kB at 13 kB/s)
[ee3327a4-76ba-4cd0-a9dc-7f5d63792942/build]   | [INFO] Downloaded from central: https://repo.maven.apache.org/maven2/org/codehaus/plexus/plexus-compiler-api/2.8.1/plexus-compiler-api-2.8.1.jar (26 kB at 70 kB/s)
[ee3327a4-76ba-4cd0-a9dc-7f5d63792942/build]   | [INFO] Downloaded from central: https://repo.maven.apache.org/maven2/org/codehaus/plexus/plexus-compiler-javac/2.8.1/plexus-compiler-javac-2.8.1.jar (20 kB at 53 kB/s)
[ee3327a4-76ba-4cd0-a9dc-7f5d63792942/build]   | [INFO] Changes detected - recompiling the module!
[ee3327a4-76ba-4cd0-a9dc-7f5d63792942/build]   | [INFO] Compiling 86 source files to /tmp/e07a257c-9567-4a9a-bf69-26fa2b515f95/target/classes
[ee3327a4-76ba-4cd0-a9dc-7f5d63792942/build]   | [INFO] /tmp/e07a257c-9567-4a9a-bf69-26fa2b515f95/src/main/java/com/searchcode/app/service/route/ApiRouteService.java: Some input files use or override a deprecated API.
[ee3327a4-76ba-4cd0-a9dc-7f5d63792942/build]   | [INFO] /tmp/e07a257c-9567-4a9a-bf69-26fa2b515f95/src/main/java/com/searchcode/app/service/route/ApiRouteService.java: Recompile with -Xlint:deprecation for details.
[ee3327a4-76ba-4cd0-a9dc-7f5d63792942/build]   | [INFO] /tmp/e07a257c-9567-4a9a-bf69-26fa2b515f95/src/main/java/com/searchcode/app/util/LoggerWrapper.java: Some input files use unchecked or unsafe operations.
[ee3327a4-76ba-4cd0-a9dc-7f5d63792942/build]   | [INFO] /tmp/e07a257c-9567-4a9a-bf69-26fa2b515f95/src/main/java/com/searchcode/app/util/LoggerWrapper.java: Recompile with -Xlint:unchecked for details.
[ee3327a4-76ba-4cd0-a9dc-7f5d63792942/build]   | [INFO] 
[ee3327a4-76ba-4cd0-a9dc-7f5d63792942/build]   | [INFO] --- maven-resources-plugin:2.6:testResources (default-testResources) @ searchcode ---
[ee3327a4-76ba-4cd0-a9dc-7f5d63792942/build]   | [INFO] Using 'UTF-8' encoding to copy filtered resources.
[ee3327a4-76ba-4cd0-a9dc-7f5d63792942/build]   | [INFO] skip non existing resourceDirectory /tmp/e07a257c-9567-4a9a-bf69-26fa2b515f95/src/test/resources
[ee3327a4-76ba-4cd0-a9dc-7f5d63792942/build]   | [INFO] 
[ee3327a4-76ba-4cd0-a9dc-7f5d63792942/build]   | [INFO] --- maven-compiler-plugin:3.6.1:testCompile (default-testCompile) @ searchcode ---
[ee3327a4-76ba-4cd0-a9dc-7f5d63792942/build]   | [INFO] Changes detected - recompiling the module!
[ee3327a4-76ba-4cd0-a9dc-7f5d63792942/build]   | [INFO] Compiling 36 source files to /tmp/e07a257c-9567-4a9a-bf69-26fa2b515f95/target/test-classes
[ee3327a4-76ba-4cd0-a9dc-7f5d63792942/build]   | [INFO] /tmp/e07a257c-9567-4a9a-bf69-26fa2b515f95/src/test/java/com/searchcode/app/service/CodeRouteServiceTest.java: /tmp/e07a257c-9567-4a9a-bf69-26fa2b515f95/src/test/java/com/searchcode/app/service/CodeRouteServiceTest.java uses unchecked or unsafe operations.
[ee3327a4-76ba-4cd0-a9dc-7f5d63792942/build]   | [INFO] /tmp/e07a257c-9567-4a9a-bf69-26fa2b515f95/src/test/java/com/searchcode/app/service/CodeRouteServiceTest.java: Recompile with -Xlint:unchecked for details.
[ee3327a4-76ba-4cd0-a9dc-7f5d63792942/build]   | [INFO] 
[ee3327a4-76ba-4cd0-a9dc-7f5d63792942/build]   | [INFO] --- maven-surefire-plugin:2.19.1:test (default-test) @ searchcode ---
[ee3327a4-76ba-4cd0-a9dc-7f5d63792942/build]   | [INFO] Downloading from central: https://repo.maven.apache.org/maven2/org/apache/maven/surefire/maven-surefire-common/2.19.1/maven-surefire-common-2.19.1.pom
[ee3327a4-76ba-4cd0-a9dc-7f5d63792942/build]   | [INFO] Downloaded from central: https://repo.maven.apache.org/maven2/org/apache/maven/surefire/maven-surefire-common/2.19.1/maven-surefire-common-2.19.1.pom (7.3 kB at 349 kB/s)
[ee3327a4-76ba-4cd0-a9dc-7f5d63792942/build]   | [INFO] Downloading from central: https://repo.maven.apache.org/maven2/org/apache/maven/plugin-tools/maven-plugin-annotations/3.3/maven-plugin-annotations-3.3.pom
[ee3327a4-76ba-4cd0-a9dc-7f5d63792942/build]   | [INFO] Downloaded from central: https://repo.maven.apache.org/maven2/org/apache/maven/plugin-tools/maven-plugin-annotations/3.3/maven-plugin-annotations-3.3.pom (1.6 kB at 136 kB/s)
[ee3327a4-76ba-4cd0-a9dc-7f5d63792942/build]   | [INFO] Downloading from central: https://repo.maven.apache.org/maven2/org/apache/maven/plugin-tools/maven-plugin-tools/3.3/maven-plugin-tools-3.3.pom
[ee3327a4-76ba-4cd0-a9dc-7f5d63792942/build]   | [INFO] Downloaded from central: https://repo.maven.apache.org/maven2/org/apache/maven/plugin-tools/maven-plugin-tools/3.3/maven-plugin-tools-3.3.pom (13 kB at 1.1 MB/s)
[ee3327a4-76ba-4cd0-a9dc-7f5d63792942/build]   | [INFO] Downloading from central: https://repo.maven.apache.org/maven2/org/apache/maven/maven-parent/24/maven-parent-24.pom
[ee3327a4-76ba-4cd0-a9dc-7f5d63792942/build]   | [INFO] Downloaded from central: https://repo.maven.apache.org/maven2/org/apache/maven/maven-parent/24/maven-parent-24.pom (37 kB at 2.2 MB/s)
[ee3327a4-76ba-4cd0-a9dc-7f5d63792942/build]   | [INFO] Downloading from central: https://repo.maven.apache.org/maven2/org/apache/apache/14/apache-14.pom
[ee3327a4-76ba-4cd0-a9dc-7f5d63792942/build]   | [INFO] Downloaded from central: https://repo.maven.apache.org/maven2/org/apache/apache/14/apache-14.pom (15 kB at 734 kB/s)
[ee3327a4-76ba-4cd0-a9dc-7f5d63792942/build]   | [INFO] Downloading from central: https://repo.maven.apache.org/maven2/org/apache/maven/surefire/surefire-api/2.19.1/surefire-api-2.19.1.pom
[ee3327a4-76ba-4cd0-a9dc-7f5d63792942/build]   | [INFO] Downloaded from central: https://repo.maven.apache.org/maven2/org/apache/maven/surefire/surefire-api/2.19.1/surefire-api-2.19.1.pom (3.5 kB at 319 kB/s)
[ee3327a4-76ba-4cd0-a9dc-7f5d63792942/build]   | [INFO] Downloading from central: https://repo.maven.apache.org/maven2/org/apache/maven/surefire/surefire-booter/2.19.1/surefire-booter-2.19.1.pom
[ee3327a4-76ba-4cd0-a9dc-7f5d63792942/build]   | [INFO] Downloaded from central: https://repo.maven.apache.org/maven2/org/apache/maven/surefire/surefire-booter/2.19.1/surefire-booter-2.19.1.pom (3.2 kB at 152 kB/s)
[ee3327a4-76ba-4cd0-a9dc-7f5d63792942/build]   | [INFO] Downloading from central: https://repo.maven.apache.org/maven2/org/apache/maven/reporting/maven-reporting-api/3.0/maven-reporting-api-3.0.pom
[ee3327a4-76ba-4cd0-a9dc-7f5d63792942/build]   | [INFO] Downloaded from central: https://repo.maven.apache.org/maven2/org/apache/maven/reporting/maven-reporting-api/3.0/maven-reporting-api-3.0.pom (2.4 kB at 264 kB/s)
[ee3327a4-76ba-4cd0-a9dc-7f5d63792942/build]   | [INFO] Downloading from central: https://repo.maven.apache.org/maven2/org/apache/maven/shared/maven-shared-components/15/maven-shared-components-15.pom
[ee3327a4-76ba-4cd0-a9dc-7f5d63792942/build]   | [INFO] Downloaded from central: https://repo.maven.apache.org/maven2/org/apache/maven/shared/maven-shared-components/15/maven-shared-components-15.pom (9.3 kB at 1.3 MB/s)
[ee3327a4-76ba-4cd0-a9dc-7f5d63792942/build]   | [INFO] Downloading from central: https://repo.maven.apache.org/maven2/org/apache/maven/maven-parent/16/maven-parent-16.pom
[ee3327a4-76ba-4cd0-a9dc-7f5d63792942/build]   | [INFO] Downloaded from central: https://repo.maven.apache.org/maven2/org/apache/maven/maven-parent/16/maven-parent-16.pom (23 kB at 1.5 MB/s)
[ee3327a4-76ba-4cd0-a9dc-7f5d63792942/build]   | [INFO] Downloading from central: https://repo.maven.apache.org/maven2/org/apache/apache/7/apache-7.pom
[ee3327a4-76ba-4cd0-a9dc-7f5d63792942/build]   | [INFO] Downloaded from central: https://repo.maven.apache.org/maven2/org/apache/apache/7/apache-7.pom (14 kB at 1.8 MB/s)
[ee3327a4-76ba-4cd0-a9dc-7f5d63792942/build]   | [INFO] Downloading from central: https://repo.maven.apache.org/maven2/org/apache/maven/maven-toolchain/2.2.1/maven-toolchain-2.2.1.pom
[ee3327a4-76ba-4cd0-a9dc-7f5d63792942/build]   | [INFO] Downloaded from central: https://repo.maven.apache.org/maven2/org/apache/maven/maven-toolchain/2.2.1/maven-toolchain-2.2.1.pom (3.3 kB at 111 kB/s)
[ee3327a4-76ba-4cd0-a9dc-7f5d63792942/build]   | [INFO] Downloading from central: https://repo.maven.apache.org/maven2/org/apache/commons/commons-lang3/3.1/commons-lang3-3.1.pom
[ee3327a4-76ba-4cd0-a9dc-7f5d63792942/build]   | [INFO] Downloaded from central: https://repo.maven.apache.org/maven2/org/apache/commons/commons-lang3/3.1/commons-lang3-3.1.pom (17 kB at 1.0 MB/s)
[ee3327a4-76ba-4cd0-a9dc-7f5d63792942/build]   | [INFO] Downloading from central: https://repo.maven.apache.org/maven2/org/apache/maven/maven-plugin-api/2.2.1/maven-plugin-api-2.2.1.jar
[ee3327a4-76ba-4cd0-a9dc-7f5d63792942/build]   | [INFO] Downloading from central: https://repo.maven.apache.org/maven2/org/apache/maven/surefire/maven-surefire-common/2.19.1/maven-surefire-common-2.19.1.jar
[ee3327a4-76ba-4cd0-a9dc-7f5d63792942/build]   | [INFO] Downloading from central: https://repo.maven.apache.org/maven2/org/apache/maven/surefire/surefire-booter/2.19.1/surefire-booter-2.19.1.jar
[ee3327a4-76ba-4cd0-a9dc-7f5d63792942/build]   | [INFO] Downloading from central: https://repo.maven.apache.org/maven2/org/apache/maven/maven-artifact/2.2.1/maven-artifact-2.2.1.jar
[ee3327a4-76ba-4cd0-a9dc-7f5d63792942/build]   | [INFO] Downloading from central: https://repo.maven.apache.org/maven2/org/codehaus/plexus/plexus-utils/1.5.15/plexus-utils-1.5.15.jar
[ee3327a4-76ba-4cd0-a9dc-7f5d63792942/build]   | [INFO] Downloaded from central: https://repo.maven.apache.org/maven2/org/apache/maven/maven-plugin-api/2.2.1/maven-plugin-api-2.2.1.jar (12 kB at 1.0 MB/s)
[ee3327a4-76ba-4cd0-a9dc-7f5d63792942/build]   | [INFO] Downloading from central: https://repo.maven.apache.org/maven2/org/apache/maven/maven-plugin-descriptor/2.2.1/maven-plugin-descriptor-2.2.1.jar
[ee3327a4-76ba-4cd0-a9dc-7f5d63792942/build]   | [INFO] Downloaded from central: https://repo.maven.apache.org/maven2/org/apache/maven/surefire/surefire-booter/2.19.1/surefire-booter-2.19.1.jar (46 kB at 1.8 MB/s)
[ee3327a4-76ba-4cd0-a9dc-7f5d63792942/build]   | [INFO] Downloading from central: https://repo.maven.apache.org/maven2/org/apache/maven/maven-project/2.2.1/maven-project-2.2.1.jar
[ee3327a4-76ba-4cd0-a9dc-7f5d63792942/build]   | [INFO] Downloaded from central: https://repo.maven.apache.org/maven2/org/apache/maven/maven-plugin-descriptor/2.2.1/maven-plugin-descriptor-2.2.1.jar (39 kB at 1.4 MB/s)
[ee3327a4-76ba-4cd0-a9dc-7f5d63792942/build]   | [INFO] Downloading from central: https://repo.maven.apache.org/maven2/org/apache/maven/maven-settings/2.2.1/maven-settings-2.2.1.jar
[ee3327a4-76ba-4cd0-a9dc-7f5d63792942/build]   | [INFO] Downloaded from central: https://repo.maven.apache.org/maven2/org/apache/maven/maven-artifact/2.2.1/maven-artifact-2.2.1.jar (80 kB at 2.5 MB/s)
[ee3327a4-76ba-4cd0-a9dc-7f5d63792942/build]   | [INFO] Downloading from central: https://repo.maven.apache.org/maven2/org/apache/maven/maven-profile/2.2.1/maven-profile-2.2.1.jar
[ee3327a4-76ba-4cd0-a9dc-7f5d63792942/build]   | [INFO] Downloaded from central: https://repo.maven.apache.org/maven2/org/codehaus/plexus/plexus-utils/1.5.15/plexus-utils-1.5.15.jar (228 kB at 5.7 MB/s)
[ee3327a4-76ba-4cd0-a9dc-7f5d63792942/build]   | [INFO] Downloading from central: https://repo.maven.apache.org/maven2/org/apache/maven/maven-artifact-manager/2.2.1/maven-artifact-manager-2.2.1.jar
[ee3327a4-76ba-4cd0-a9dc-7f5d63792942/build]   | [INFO] Downloaded from central: https://repo.maven.apache.org/maven2/org/apache/maven/maven-profile/2.2.1/maven-profile-2.2.1.jar (35 kB at 862 kB/s)
[ee3327a4-76ba-4cd0-a9dc-7f5d63792942/build]   | [INFO] Downloading from central: https://repo.maven.apache.org/maven2/backport-util-concurrent/backport-util-concurrent/3.1/backport-util-concurrent-3.1.jar
[ee3327a4-76ba-4cd0-a9dc-7f5d63792942/build]   | [INFO] Downloaded from central: https://repo.maven.apache.org/maven2/org/apache/maven/maven-artifact-manager/2.2.1/maven-artifact-manager-2.2.1.jar (68 kB at 1.3 MB/s)
[ee3327a4-76ba-4cd0-a9dc-7f5d63792942/build]   | [INFO] Downloaded from central: https://repo.maven.apache.org/maven2/org/apache/maven/maven-settings/2.2.1/maven-settings-2.2.1.jar (49 kB at 908 kB/s)
[ee3327a4-76ba-4cd0-a9dc-7f5d63792942/build]   | [INFO] Downloading from central: https://repo.maven.apache.org/maven2/org/apache/maven/maven-plugin-registry/2.2.1/maven-plugin-registry-2.2.1.jar
[ee3327a4-76ba-4cd0-a9dc-7f5d63792942/build]   | [INFO] Downloading from central: https://repo.maven.apache.org/maven2/org/codehaus/plexus/plexus-interpolation/1.11/plexus-interpolation-1.11.jar
[ee3327a4-76ba-4cd0-a9dc-7f5d63792942/build]   | [INFO] Downloaded from central: https://repo.maven.apache.org/maven2/org/apache/maven/maven-project/2.2.1/maven-project-2.2.1.jar (156 kB at 2.7 MB/s)
[ee3327a4-76ba-4cd0-a9dc-7f5d63792942/build]   | [INFO] Downloaded from central: https://repo.maven.apache.org/maven2/org/apache/maven/surefire/maven-surefire-common/2.19.1/maven-surefire-common-2.19.1.jar (293 kB at 5.0 MB/s)
[ee3327a4-76ba-4cd0-a9dc-7f5d63792942/build]   | [INFO] Downloading from central: https://repo.maven.apache.org/maven2/org/apache/maven/maven-model/2.2.1/maven-model-2.2.1.jar
[ee3327a4-76ba-4cd0-a9dc-7f5d63792942/build]   | [INFO] Downloading from central: https://repo.maven.apache.org/maven2/org/apache/maven/maven-core/2.2.1/maven-core-2.2.1.jar
[ee3327a4-76ba-4cd0-a9dc-7f5d63792942/build]   | [INFO] Downloaded from central: https://repo.maven.apache.org/maven2/backport-util-concurrent/backport-util-concurrent/3.1/backport-util-concurrent-3.1.jar (332 kB at 5.7 MB/s)
[ee3327a4-76ba-4cd0-a9dc-7f5d63792942/build]   | [INFO] Downloading from central: https://repo.maven.apache.org/maven2/org/apache/maven/maven-plugin-parameter-documenter/2.2.1/maven-plugin-parameter-documenter-2.2.1.jar
[ee3327a4-76ba-4cd0-a9dc-7f5d63792942/build]   | [INFO] Downloaded from central: https://repo.maven.apache.org/maven2/org/codehaus/plexus/plexus-interpolation/1.11/plexus-interpolation-1.11.jar (51 kB at 822 kB/s)
[ee3327a4-76ba-4cd0-a9dc-7f5d63792942/build]   | [INFO] Downloading from central: https://repo.maven.apache.org/maven2/org/slf4j/slf4j-jdk14/1.5.6/slf4j-jdk14-1.5.6.jar
[ee3327a4-76ba-4cd0-a9dc-7f5d63792942/build]   | [INFO] Downloaded from central: https://repo.maven.apache.org/maven2/org/apache/maven/maven-plugin-registry/2.2.1/maven-plugin-registry-2.2.1.jar (30 kB at 457 kB/s)
[ee3327a4-76ba-4cd0-a9dc-7f5d63792942/build]   | [INFO] Downloading from central: https://repo.maven.apache.org/maven2/org/slf4j/slf4j-api/1.5.6/slf4j-api-1.5.6.jar
[ee3327a4-76ba-4cd0-a9dc-7f5d63792942/build]   | [INFO] Downloaded from central: https://repo.maven.apache.org/maven2/org/apache/maven/maven-plugin-parameter-documenter/2.2.1/maven-plugin-parameter-documenter-2.2.1.jar (22 kB at 322 kB/s)
[ee3327a4-76ba-4cd0-a9dc-7f5d63792942/build]   | [INFO] Downloading from central: https://repo.maven.apache.org/maven2/org/slf4j/jcl-over-slf4j/1.5.6/jcl-over-slf4j-1.5.6.jar
[ee3327a4-76ba-4cd0-a9dc-7f5d63792942/build]   | [INFO] Downloaded from central: https://repo.maven.apache.org/maven2/org/slf4j/slf4j-api/1.5.6/slf4j-api-1.5.6.jar (22 kB at 310 kB/s)
[ee3327a4-76ba-4cd0-a9dc-7f5d63792942/build]   | [INFO] Downloaded from central: https://repo.maven.apache.org/maven2/org/slf4j/slf4j-jdk14/1.5.6/slf4j-jdk14-1.5.6.jar (8.8 kB at 122 kB/s)
[ee3327a4-76ba-4cd0-a9dc-7f5d63792942/build]   | [INFO] Downloading from central: https://repo.maven.apache.org/maven2/org/apache/maven/reporting/maven-reporting-api/3.0/maven-reporting-api-3.0.jar
[ee3327a4-76ba-4cd0-a9dc-7f5d63792942/build]   | [INFO] Downloading from central: https://repo.maven.apache.org/maven2/org/apache/maven/maven-repository-metadata/2.2.1/maven-repository-metadata-2.2.1.jar
[ee3327a4-76ba-4cd0-a9dc-7f5d63792942/build]   | [INFO] Downloaded from central: https://repo.maven.apache.org/maven2/org/apache/maven/maven-core/2.2.1/maven-core-2.2.1.jar (178 kB at 2.4 MB/s)
[ee3327a4-76ba-4cd0-a9dc-7f5d63792942/build]   | [INFO] Downloading from central: https://repo.maven.apache.org/maven2/org/apache/maven/maven-error-diagnostics/2.2.1/maven-error-diagnostics-2.2.1.jar
[ee3327a4-76ba-4cd0-a9dc-7f5d63792942/build]   | [INFO] Downloaded from central: https://repo.maven.apache.org/maven2/org/apache/maven/maven-model/2.2.1/maven-model-2.2.1.jar (88 kB at 1.2 MB/s)
[ee3327a4-76ba-4cd0-a9dc-7f5d63792942/build]   | [INFO] Downloading from central: https://repo.maven.apache.org/maven2/org/apache/maven/maven-monitor/2.2.1/maven-monitor-2.2.1.jar
[ee3327a4-76ba-4cd0-a9dc-7f5d63792942/build]   | [INFO] Downloaded from central: https://repo.maven.apache.org/maven2/org/slf4j/jcl-over-slf4j/1.5.6/jcl-over-slf4j-1.5.6.jar (17 kB at 212 kB/s)
[ee3327a4-76ba-4cd0-a9dc-7f5d63792942/build]   | [INFO] Downloading from central: https://repo.maven.apache.org/maven2/org/apache/commons/commons-lang3/3.1/commons-lang3-3.1.jar
[ee3327a4-76ba-4cd0-a9dc-7f5d63792942/build]   | [INFO] Downloaded from central: https://repo.maven.apache.org/maven2/org/apache/maven/maven-error-diagnostics/2.2.1/maven-error-diagnostics-2.2.1.jar (13 kB at 163 kB/s)
[ee3327a4-76ba-4cd0-a9dc-7f5d63792942/build]   | [INFO] Downloaded from central: https://repo.maven.apache.org/maven2/org/apache/maven/maven-repository-metadata/2.2.1/maven-repository-metadata-2.2.1.jar (26 kB at 321 kB/s)
[ee3327a4-76ba-4cd0-a9dc-7f5d63792942/build]   | [INFO] Downloading from central: https://repo.maven.apache.org/maven2/org/apache/maven/surefire/surefire-api/2.19.1/surefire-api-2.19.1.jar
[ee3327a4-76ba-4cd0-a9dc-7f5d63792942/build]   | [INFO] Downloading from central: https://repo.maven.apache.org/maven2/org/apache/maven/maven-toolchain/2.2.1/maven-toolchain-2.2.1.jar
[ee3327a4-76ba-4cd0-a9dc-7f5d63792942/build]   | [INFO] Downloaded from central: https://repo.maven.apache.org/maven2/org/apache/maven/reporting/maven-reporting-api/3.0/maven-reporting-api-3.0.jar (11 kB at 133 kB/s)
[ee3327a4-76ba-4cd0-a9dc-7f5d63792942/build]   | [INFO] Downloading from central: https://repo.maven.apache.org/maven2/org/apache/maven/plugin-tools/maven-plugin-annotations/3.3/maven-plugin-annotations-3.3.jar
[ee3327a4-76ba-4cd0-a9dc-7f5d63792942/build]   | [INFO] Downloaded from central: https://repo.maven.apache.org/maven2/org/apache/maven/maven-toolchain/2.2.1/maven-toolchain-2.2.1.jar (38 kB at 432 kB/s)
[ee3327a4-76ba-4cd0-a9dc-7f5d63792942/build]   | [INFO] Downloaded from central: https://repo.maven.apache.org/maven2/org/apache/maven/plugin-tools/maven-plugin-annotations/3.3/maven-plugin-annotations-3.3.jar (14 kB at 105 kB/s)
[ee3327a4-76ba-4cd0-a9dc-7f5d63792942/build]   | [INFO] Downloaded from central: https://repo.maven.apache.org/maven2/org/apache/maven/maven-monitor/2.2.1/maven-monitor-2.2.1.jar (10 kB at 77 kB/s)
[ee3327a4-76ba-4cd0-a9dc-7f5d63792942/build]   | [INFO] Downloaded from central: https://repo.maven.apache.org/maven2/org/apache/maven/surefire/surefire-api/2.19.1/surefire-api-2.19.1.jar (196 kB at 1.2 MB/s)
[ee3327a4-76ba-4cd0-a9dc-7f5d63792942/build]   | [INFO] Downloaded from central: https://repo.maven.apache.org/maven2/org/apache/commons/commons-lang3/3.1/commons-lang3-3.1.jar (316 kB at 1.3 MB/s)
[ee3327a4-76ba-4cd0-a9dc-7f5d63792942/build]   | [INFO] Downloading from central: https://repo.maven.apache.org/maven2/org/apache/maven/surefire/surefire-junit4/2.19.1/surefire-junit4-2.19.1.pom
[ee3327a4-76ba-4cd0-a9dc-7f5d63792942/build]   | [INFO] Downloaded from central: https://repo.maven.apache.org/maven2/org/apache/maven/surefire/surefire-junit4/2.19.1/surefire-junit4-2.19.1.pom (3.3 kB at 56 kB/s)
[ee3327a4-76ba-4cd0-a9dc-7f5d63792942/build]   | [INFO] Downloading from central: https://repo.maven.apache.org/maven2/org/apache/maven/surefire/surefire-providers/2.19.1/surefire-providers-2.19.1.pom
[ee3327a4-76ba-4cd0-a9dc-7f5d63792942/build]   | [INFO] Downloaded from central: https://repo.maven.apache.org/maven2/org/apache/maven/surefire/surefire-providers/2.19.1/surefire-providers-2.19.1.pom (2.6 kB at 214 kB/s)
[ee3327a4-76ba-4cd0-a9dc-7f5d63792942/build]   | [INFO] Downloading from central: https://repo.maven.apache.org/maven2/org/apache/maven/surefire/surefire-junit4/2.19.1/surefire-junit4-2.19.1.jar
[ee3327a4-76ba-4cd0-a9dc-7f5d63792942/build]   | [INFO] Downloaded from central: https://repo.maven.apache.org/maven2/org/apache/maven/surefire/surefire-junit4/2.19.1/surefire-junit4-2.19.1.jar (75 kB at 1.5 MB/s)
[ee3327a4-76ba-4cd0-a9dc-7f5d63792942/build]   | 
[ee3327a4-76ba-4cd0-a9dc-7f5d63792942/build]   | -------------------------------------------------------
[ee3327a4-76ba-4cd0-a9dc-7f5d63792942/build]   |  T E S T S
[ee3327a4-76ba-4cd0-a9dc-7f5d63792942/build]   | -------------------------------------------------------
[ee3327a4-76ba-4cd0-a9dc-7f5d63792942/build]   | Running com.searchcode.app.dto.CodeIndexDocumentTest
[ee3327a4-76ba-4cd0-a9dc-7f5d63792942/build]   | Tests run: 3, Failures: 0, Errors: 0, Skipped: 0, Time elapsed: 0.146 sec - in com.searchcode.app.dto.CodeIndexDocumentTest
[ee3327a4-76ba-4cd0-a9dc-7f5d63792942/build]   | Running com.searchcode.app.dto.RepoResultTest
[ee3327a4-76ba-4cd0-a9dc-7f5d63792942/build]   | WARNING: An illegal reflective access operation has occurred
[ee3327a4-76ba-4cd0-a9dc-7f5d63792942/build]   | WARNING: Illegal reflective access by com.google.gson.internal.bind.ReflectiveTypeAdapterFactory (file:/home/runneradmin/.m2/repository/com/google/code/gson/gson/2.8.0/gson-2.8.0.jar) to field java.time.Instant.seconds
[ee3327a4-76ba-4cd0-a9dc-7f5d63792942/build]   | WARNING: Please consider reporting this to the maintainers of com.google.gson.internal.bind.ReflectiveTypeAdapterFactory
[ee3327a4-76ba-4cd0-a9dc-7f5d63792942/build]   | WARNING: Use --illegal-access=warn to enable warnings of further illegal reflective access operations
[ee3327a4-76ba-4cd0-a9dc-7f5d63792942/build]   | WARNING: All illegal access operations will be denied in a future release
[ee3327a4-76ba-4cd0-a9dc-7f5d63792942/build]   | Tests run: 7, Failures: 0, Errors: 0, Skipped: 0, Time elapsed: 0.092 sec - in com.searchcode.app.dto.RepoResultTest
[ee3327a4-76ba-4cd0-a9dc-7f5d63792942/build]   | Running com.searchcode.app.dao.ApiTest
[ee3327a4-76ba-4cd0-a9dc-7f5d63792942/build]   | Jul 12, 2023 4:09:19 AM com.searchcode.app.util.LoggerWrapper severe
[ee3327a4-76ba-4cd0-a9dc-7f5d63792942/build]   | SEVERE: Unable to load 'searchcode.properties' file. Will resort to defaults for all values.
[ee3327a4-76ba-4cd0-a9dc-7f5d63792942/build]   | Tests run: 5, Failures: 0, Errors: 0, Skipped: 0, Time elapsed: 0.354 sec - in com.searchcode.app.dao.ApiTest
[ee3327a4-76ba-4cd0-a9dc-7f5d63792942/build]   | Running com.searchcode.app.dao.DataTest
[ee3327a4-76ba-4cd0-a9dc-7f5d63792942/build]   | Tests run: 9, Failures: 0, Errors: 0, Skipped: 0, Time elapsed: 0.082 sec - in com.searchcode.app.dao.DataTest
[ee3327a4-76ba-4cd0-a9dc-7f5d63792942/build]   | Running com.searchcode.app.dao.RepoTest
[ee3327a4-76ba-4cd0-a9dc-7f5d63792942/build]   | Tests run: 11, Failures: 0, Errors: 0, Skipped: 0, Time elapsed: 0.42 sec - in com.searchcode.app.dao.RepoTest
[ee3327a4-76ba-4cd0-a9dc-7f5d63792942/build]   | Running com.searchcode.app.AppTest
[ee3327a4-76ba-4cd0-a9dc-7f5d63792942/build]   | Tests run: 2, Failures: 0, Errors: 0, Skipped: 0, Time elapsed: 0.198 sec - in com.searchcode.app.AppTest
[ee3327a4-76ba-4cd0-a9dc-7f5d63792942/build]   | Running com.searchcode.app.jobs.IndexFileRepoJobTest
[ee3327a4-76ba-4cd0-a9dc-7f5d63792942/build]   | Tests run: 2, Failures: 0, Errors: 0, Skipped: 0, Time elapsed: 0.235 sec - in com.searchcode.app.jobs.IndexFileRepoJobTest
[ee3327a4-76ba-4cd0-a9dc-7f5d63792942/build]   | Running com.searchcode.app.jobs.IndexGitHistoryJobTest
[ee3327a4-76ba-4cd0-a9dc-7f5d63792942/build]   | Tests run: 1, Failures: 0, Errors: 0, Skipped: 0, Time elapsed: 0.159 sec - in com.searchcode.app.jobs.IndexGitHistoryJobTest
[ee3327a4-76ba-4cd0-a9dc-7f5d63792942/build]   | Running com.searchcode.app.jobs.IndexDocumentsJobTest
[ee3327a4-76ba-4cd0-a9dc-7f5d63792942/build]   | Tests run: 1, Failures: 0, Errors: 0, Skipped: 0, Time elapsed: 0.168 sec - in com.searchcode.app.jobs.IndexDocumentsJobTest
[ee3327a4-76ba-4cd0-a9dc-7f5d63792942/build]   | Running com.searchcode.app.jobs.IndexBaseAndGitRepoJobTest
[ee3327a4-76ba-4cd0-a9dc-7f5d63792942/build]   | Jul 12, 2023 4:09:20 AM com.searchcode.app.util.LoggerWrapper severe
[ee3327a4-76ba-4cd0-a9dc-7f5d63792942/build]   | SEVERE:  caught a class java.sql.SQLException
[ee3327a4-76ba-4cd0-a9dc-7f5d63792942/build]   |  with message: [SQLITE_ERROR] SQL error or missing database (no such table: repo)
[ee3327a4-76ba-4cd0-a9dc-7f5d63792942/build]   | Tests run: 14, Failures: 0, Errors: 0, Skipped: 0, Time elapsed: 0.052 sec - in com.searchcode.app.jobs.IndexBaseAndGitRepoJobTest
[ee3327a4-76ba-4cd0-a9dc-7f5d63792942/build]   | Running com.searchcode.app.jobs.IndexSvnRepoJobTest
[ee3327a4-76ba-4cd0-a9dc-7f5d63792942/build]   | Tests run: 4, Failures: 0, Errors: 0, Skipped: 0, Time elapsed: 0.343 sec - in com.searchcode.app.jobs.IndexSvnRepoJobTest
[ee3327a4-76ba-4cd0-a9dc-7f5d63792942/build]   | Running com.searchcode.app.jobs.IndexBaseRepoJobTest
[ee3327a4-76ba-4cd0-a9dc-7f5d63792942/build]   | Tests run: 4, Failures: 0, Errors: 0, Skipped: 0, Time elapsed: 0.267 sec - in com.searchcode.app.jobs.IndexBaseRepoJobTest
[ee3327a4-76ba-4cd0-a9dc-7f5d63792942/build]   | Running com.searchcode.app.util.OWASPFileClassifierResultTest
[ee3327a4-76ba-4cd0-a9dc-7f5d63792942/build]   | Tests run: 11, Failures: 0, Errors: 0, Skipped: 0, Time elapsed: 0.054 sec - in com.searchcode.app.util.OWASPFileClassifierResultTest
[ee3327a4-76ba-4cd0-a9dc-7f5d63792942/build]   | Running com.searchcode.app.util.RepositorySourceTest
[ee3327a4-76ba-4cd0-a9dc-7f5d63792942/build]   | Tests run: 4, Failures: 0, Errors: 0, Skipped: 0, Time elapsed: 0.001 sec - in com.searchcode.app.util.RepositorySourceTest
[ee3327a4-76ba-4cd0-a9dc-7f5d63792942/build]   | Running com.searchcode.app.util.AESEncryptorTest
[ee3327a4-76ba-4cd0-a9dc-7f5d63792942/build]   | Tests run: 3, Failures: 0, Errors: 0, Skipped: 0, Time elapsed: 0.059 sec - in com.searchcode.app.util.AESEncryptorTest
[ee3327a4-76ba-4cd0-a9dc-7f5d63792942/build]   | Running com.searchcode.app.util.UniqueRepoQueueTest
[ee3327a4-76ba-4cd0-a9dc-7f5d63792942/build]   | Tests run: 7, Failures: 0, Errors: 0, Skipped: 0, Time elapsed: 0 sec - in com.searchcode.app.util.UniqueRepoQueueTest
[ee3327a4-76ba-4cd0-a9dc-7f5d63792942/build]   | Running com.searchcode.app.util.FileClassifierResultTest
[ee3327a4-76ba-4cd0-a9dc-7f5d63792942/build]   | Tests run: 14, Failures: 0, Errors: 0, Skipped: 0, Time elapsed: 0.128 sec - in com.searchcode.app.util.FileClassifierResultTest
[ee3327a4-76ba-4cd0-a9dc-7f5d63792942/build]   | Running com.searchcode.app.util.HelpersTest
[ee3327a4-76ba-4cd0-a9dc-7f5d63792942/build]   | Tests run: 14, Failures: 0, Errors: 0, Skipped: 0, Time elapsed: 2.143 sec - in com.searchcode.app.util.HelpersTest
[ee3327a4-76ba-4cd0-a9dc-7f5d63792942/build]   | Running com.searchcode.app.util.SpellingCorrectorTest
[ee3327a4-76ba-4cd0-a9dc-7f5d63792942/build]   | Tests run: 13, Failures: 0, Errors: 0, Skipped: 0, Time elapsed: 1.777 sec - in com.searchcode.app.util.SpellingCorrectorTest
[ee3327a4-76ba-4cd0-a9dc-7f5d63792942/build]   | Running com.searchcode.app.util.SearchcodeLibTest
[ee3327a4-76ba-4cd0-a9dc-7f5d63792942/build]   | Tests run: 55, Failures: 0, Errors: 0, Skipped: 0, Time elapsed: 1.328 sec - in com.searchcode.app.util.SearchcodeLibTest
[ee3327a4-76ba-4cd0-a9dc-7f5d63792942/build]   | Running com.searchcode.app.util.Cocomo2Test
[ee3327a4-76ba-4cd0-a9dc-7f5d63792942/build]   | Tests run: 3, Failures: 0, Errors: 0, Skipped: 0, Time elapsed: 0 sec - in com.searchcode.app.util.Cocomo2Test
[ee3327a4-76ba-4cd0-a9dc-7f5d63792942/build]   | Running com.searchcode.app.util.LoggerWrapperTest
[ee3327a4-76ba-4cd0-a9dc-7f5d63792942/build]   | Jul 12, 2023 4:09:26 AM com.searchcode.app.util.LoggerWrapper severe
[ee3327a4-76ba-4cd0-a9dc-7f5d63792942/build]   | SEVERE: ignore this severe message one
[ee3327a4-76ba-4cd0-a9dc-7f5d63792942/build]   | Jul 12, 2023 4:09:26 AM com.searchcode.app.util.LoggerWrapper severe
[ee3327a4-76ba-4cd0-a9dc-7f5d63792942/build]   | SEVERE: ignore this severe message two
[ee3327a4-76ba-4cd0-a9dc-7f5d63792942/build]   | Jul 12, 2023 4:09:27 AM com.searchcode.app.util.LoggerWrapper severe
[ee3327a4-76ba-4cd0-a9dc-7f5d63792942/build]   | SEVERE: ignore this severe message
[ee3327a4-76ba-4cd0-a9dc-7f5d63792942/build]   | Jul 12, 2023 4:09:27 AM com.searchcode.app.util.LoggerWrapper severe
[ee3327a4-76ba-4cd0-a9dc-7f5d63792942/build]   | SEVERE: ignore this severe message
[ee3327a4-76ba-4cd0-a9dc-7f5d63792942/build]   | Tests run: 15, Failures: 0, Errors: 0, Skipped: 0, Time elapsed: 0.49 sec - in com.searchcode.app.util.LoggerWrapperTest
[ee3327a4-76ba-4cd0-a9dc-7f5d63792942/build]   | Running com.searchcode.app.service.JobServiceTest
[ee3327a4-76ba-4cd0-a9dc-7f5d63792942/build]   | Tests run: 1, Failures: 0, Errors: 0, Skipped: 0, Time elapsed: 0 sec - in com.searchcode.app.service.JobServiceTest
[ee3327a4-76ba-4cd0-a9dc-7f5d63792942/build]   | Running com.searchcode.app.service.route.CommonRouteServiceTest
[ee3327a4-76ba-4cd0-a9dc-7f5d63792942/build]   | Tests run: 1, Failures: 0, Errors: 0, Skipped: 0, Time elapsed: 0.022 sec - in com.searchcode.app.service.route.CommonRouteServiceTest
[ee3327a4-76ba-4cd0-a9dc-7f5d63792942/build]   | Running com.searchcode.app.service.ApiRouteServiceTest
[ee3327a4-76ba-4cd0-a9dc-7f5d63792942/build]   | Tests run: 39, Failures: 0, Errors: 0, Skipped: 0, Time elapsed: 0.072 sec - in com.searchcode.app.service.ApiRouteServiceTest
[ee3327a4-76ba-4cd0-a9dc-7f5d63792942/build]   | Running com.searchcode.app.service.StatsServiceTest
[ee3327a4-76ba-4cd0-a9dc-7f5d63792942/build]   | Tests run: 3, Failures: 0, Errors: 0, Skipped: 0, Time elapsed: 0 sec - in com.searchcode.app.service.StatsServiceTest
[ee3327a4-76ba-4cd0-a9dc-7f5d63792942/build]   | Running com.searchcode.app.service.AdminRouteServiceTest
[ee3327a4-76ba-4cd0-a9dc-7f5d63792942/build]   | Jul 12, 2023 4:09:27 AM com.searchcode.app.util.LoggerWrapper severe
[ee3327a4-76ba-4cd0-a9dc-7f5d63792942/build]   | SEVERE: ignore this severe message
[ee3327a4-76ba-4cd0-a9dc-7f5d63792942/build]   | Jul 12, 2023 4:09:27 AM com.searchcode.app.util.LoggerWrapper severe
[ee3327a4-76ba-4cd0-a9dc-7f5d63792942/build]   | SEVERE:  caught a class java.sql.SQLException
[ee3327a4-76ba-4cd0-a9dc-7f5d63792942/build]   |  with message: [SQLITE_ERROR] SQL error or missing database (no such table: repo)
[ee3327a4-76ba-4cd0-a9dc-7f5d63792942/build]   | Tests run: 8, Failures: 0, Errors: 0, Skipped: 0, Time elapsed: 0.042 sec - in com.searchcode.app.service.AdminRouteServiceTest
[ee3327a4-76ba-4cd0-a9dc-7f5d63792942/build]   | Running com.searchcode.app.service.CodeMatcherTest
[ee3327a4-76ba-4cd0-a9dc-7f5d63792942/build]   | Tests run: 32, Failures: 0, Errors: 0, Skipped: 0, Time elapsed: 2.821 sec - in com.searchcode.app.service.CodeMatcherTest
[ee3327a4-76ba-4cd0-a9dc-7f5d63792942/build]   | Running com.searchcode.app.service.ApiServiceTest
[ee3327a4-76ba-4cd0-a9dc-7f5d63792942/build]   | Tests run: 11, Failures: 0, Errors: 0, Skipped: 0, Time elapsed: 0.008 sec - in com.searchcode.app.service.ApiServiceTest
[ee3327a4-76ba-4cd0-a9dc-7f5d63792942/build]   | Running com.searchcode.app.service.IndexServiceTest
[ee3327a4-76ba-4cd0-a9dc-7f5d63792942/build]   | Jul 12, 2023 4:09:33 AM com.searchcode.app.util.LoggerWrapper severe
[ee3327a4-76ba-4cd0-a9dc-7f5d63792942/build]   | SEVERE:  caught a class java.sql.SQLException
[ee3327a4-76ba-4cd0-a9dc-7f5d63792942/build]   |  with message: [SQLITE_ERROR] SQL error or missing database (no such table: repo)
[ee3327a4-76ba-4cd0-a9dc-7f5d63792942/build]   | Jul 12, 2023 4:09:34 AM com.searchcode.app.util.LoggerWrapper severe
[ee3327a4-76ba-4cd0-a9dc-7f5d63792942/build]   | SEVERE:  caught a class java.sql.SQLException
[ee3327a4-76ba-4cd0-a9dc-7f5d63792942/build]   |  with message: [SQLITE_ERROR] SQL error or missing database (no such table: repo)
[ee3327a4-76ba-4cd0-a9dc-7f5d63792942/build]   | Jul 12, 2023 4:09:34 AM com.searchcode.app.util.LoggerWrapper severe
[ee3327a4-76ba-4cd0-a9dc-7f5d63792942/build]   | SEVERE:  caught a class java.sql.SQLException
[ee3327a4-76ba-4cd0-a9dc-7f5d63792942/build]   |  with message: [SQLITE_ERROR] SQL error or missing database (no such table: repo)
[ee3327a4-76ba-4cd0-a9dc-7f5d63792942/build]   | Jul 12, 2023 4:09:34 AM com.searchcode.app.util.LoggerWrapper severe
[ee3327a4-76ba-4cd0-a9dc-7f5d63792942/build]   | SEVERE:  caught a class java.sql.SQLException
[ee3327a4-76ba-4cd0-a9dc-7f5d63792942/build]   |  with message: [SQLITE_ERROR] SQL error or missing database (no such table: repo)
[ee3327a4-76ba-4cd0-a9dc-7f5d63792942/build]   | Jul 12, 2023 4:09:35 AM com.searchcode.app.util.LoggerWrapper severe
[ee3327a4-76ba-4cd0-a9dc-7f5d63792942/build]   | SEVERE:  caught a class java.sql.SQLException
[ee3327a4-76ba-4cd0-a9dc-7f5d63792942/build]   |  with message: [SQLITE_ERROR] SQL error or missing database (no such table: repo)
[ee3327a4-76ba-4cd0-a9dc-7f5d63792942/build]   | Jul 12, 2023 4:09:35 AM com.searchcode.app.util.LoggerWrapper severe
[ee3327a4-76ba-4cd0-a9dc-7f5d63792942/build]   | SEVERE:  caught a class java.sql.SQLException
[ee3327a4-76ba-4cd0-a9dc-7f5d63792942/build]   |  with message: [SQLITE_ERROR] SQL error or missing database (no such table: repo)
[ee3327a4-76ba-4cd0-a9dc-7f5d63792942/build]   | Tests run: 30, Failures: 1, Errors: 0, Skipped: 0, Time elapsed: 8.359 sec <<< FAILURE! - in com.searchcode.app.service.IndexServiceTest
[ee3327a4-76ba-4cd0-a9dc-7f5d63792942/build]   | testBuildDocument(com.searchcode.app.service.IndexServiceTest)  Time elapsed: 0.012 sec  <<< FAILURE!
[ee3327a4-76ba-4cd0-a9dc-7f5d63792942/build]   | org.junit.ComparisonFailure: expected:<" [filename filename filename filename filename filename emanelif  file name file filename filelocationfilename filelocation   contents contents contents contents contents contents]  "> but was:<" [ filename filename filename filename filename filename emanelif  file name file filename filelocationfilename filelocation   contents contents contents contents contents contents     filename filename filename filename filename filename emanelif  file name file filename filelocationfilename filelocation   contents contents contents contents contents contents     filename filename filename filename filename filename emanelif  file name file filename filelocationfilename filelocation   contents contents contents contents contents contents     filename filename filename filename filename filename emanelif  file name file filename filelocationfilename filelocation   contents contents contents contents contents contents     filename filename filename filename filename filename emanelif  file name file filename filelocationfilename filelocation   contents contents contents contents contents contents     filename filename filename filename filename filename emanelif  file name file filename filelocationfilename filelocation   contents contents contents contents contents contents ]  ">
[ee3327a4-76ba-4cd0-a9dc-7f5d63792942/build]   | 	at com.searchcode.app.service.IndexServiceTest.testBuildDocument(IndexServiceTest.java:161)
[ee3327a4-76ba-4cd0-a9dc-7f5d63792942/build]   | 
[ee3327a4-76ba-4cd0-a9dc-7f5d63792942/build]   | Running com.searchcode.app.service.TimeCodeSearcherTest
[ee3327a4-76ba-4cd0-a9dc-7f5d63792942/build]   | Tests run: 1, Failures: 0, Errors: 0, Skipped: 0, Time elapsed: 0 sec - in com.searchcode.app.service.TimeCodeSearcherTest
[ee3327a4-76ba-4cd0-a9dc-7f5d63792942/build]   | Running com.searchcode.app.service.DataServiceTest
[ee3327a4-76ba-4cd0-a9dc-7f5d63792942/build]   | Tests run: 2, Failures: 0, Errors: 0, Skipped: 0, Time elapsed: 0 sec - in com.searchcode.app.service.DataServiceTest
[ee3327a4-76ba-4cd0-a9dc-7f5d63792942/build]   | Running com.searchcode.app.service.ValidatorServiceTest
[ee3327a4-76ba-4cd0-a9dc-7f5d63792942/build]   | Jul 12, 2023 4:09:38 AM com.searchcode.app.util.LoggerWrapper severe
[ee3327a4-76ba-4cd0-a9dc-7f5d63792942/build]   | SEVERE:  caught a class java.sql.SQLException
[ee3327a4-76ba-4cd0-a9dc-7f5d63792942/build]   |  with message: [SQLITE_ERROR] SQL error or missing database (no such table: repo)
[ee3327a4-76ba-4cd0-a9dc-7f5d63792942/build]   | Jul 12, 2023 4:09:38 AM com.searchcode.app.util.LoggerWrapper severe
[ee3327a4-76ba-4cd0-a9dc-7f5d63792942/build]   | SEVERE:  caught a class java.sql.SQLException
[ee3327a4-76ba-4cd0-a9dc-7f5d63792942/build]   |  with message: [SQLITE_ERROR] SQL error or missing database (no such table: repo)
[ee3327a4-76ba-4cd0-a9dc-7f5d63792942/build]   | Jul 12, 2023 4:09:38 AM com.searchcode.app.util.LoggerWrapper severe
[ee3327a4-76ba-4cd0-a9dc-7f5d63792942/build]   | SEVERE:  caught a class java.sql.SQLException
[ee3327a4-76ba-4cd0-a9dc-7f5d63792942/build]   |  with message: [SQLITE_ERROR] SQL error or missing database (no such table: repo)
[ee3327a4-76ba-4cd0-a9dc-7f5d63792942/build]   | Jul 12, 2023 4:09:38 AM com.searchcode.app.util.LoggerWrapper severe
[ee3327a4-76ba-4cd0-a9dc-7f5d63792942/build]   | SEVERE:  caught a class java.sql.SQLException
[ee3327a4-76ba-4cd0-a9dc-7f5d63792942/build]   |  with message: [SQLITE_ERROR] SQL error or missing database (no such table: repo)
[ee3327a4-76ba-4cd0-a9dc-7f5d63792942/build]   | Jul 12, 2023 4:09:38 AM com.searchcode.app.util.LoggerWrapper severe
[ee3327a4-76ba-4cd0-a9dc-7f5d63792942/build]   | SEVERE:  caught a class java.sql.SQLException
[ee3327a4-76ba-4cd0-a9dc-7f5d63792942/build]   |  with message: [SQLITE_ERROR] SQL error or missing database (no such table: repo)
[ee3327a4-76ba-4cd0-a9dc-7f5d63792942/build]   | Tests run: 6, Failures: 0, Errors: 0, Skipped: 0, Time elapsed: 0 sec - in com.searchcode.app.service.ValidatorServiceTest
[ee3327a4-76ba-4cd0-a9dc-7f5d63792942/build]   | Running com.searchcode.app.service.CodeRouteServiceTest
[ee3327a4-76ba-4cd0-a9dc-7f5d63792942/build]   | Jul 12, 2023 4:09:38 AM com.searchcode.app.util.LoggerWrapper severe
[ee3327a4-76ba-4cd0-a9dc-7f5d63792942/build]   | SEVERE:  caught a class java.sql.SQLException
[ee3327a4-76ba-4cd0-a9dc-7f5d63792942/build]   |  with message: [SQLITE_ERROR] SQL error or missing database (no such table: repo)
[ee3327a4-76ba-4cd0-a9dc-7f5d63792942/build]   | Jul 12, 2023 4:09:38 AM com.searchcode.app.util.LoggerWrapper severe
[ee3327a4-76ba-4cd0-a9dc-7f5d63792942/build]   | SEVERE:  caught a class java.sql.SQLException
[ee3327a4-76ba-4cd0-a9dc-7f5d63792942/build]   |  with message: [SQLITE_ERROR] SQL error or missing database (no such table: repo)
[ee3327a4-76ba-4cd0-a9dc-7f5d63792942/build]   | Jul 12, 2023 4:09:38 AM com.searchcode.app.util.LoggerWrapper severe
[ee3327a4-76ba-4cd0-a9dc-7f5d63792942/build]   | SEVERE:  caught a class java.sql.SQLException
[ee3327a4-76ba-4cd0-a9dc-7f5d63792942/build]   |  with message: [SQLITE_ERROR] SQL error or missing database (no such table: repo)
[ee3327a4-76ba-4cd0-a9dc-7f5d63792942/build]   | Jul 12, 2023 4:09:38 AM com.searchcode.app.util.LoggerWrapper severe
[ee3327a4-76ba-4cd0-a9dc-7f5d63792942/build]   | SEVERE:  caught a class java.sql.SQLException
[ee3327a4-76ba-4cd0-a9dc-7f5d63792942/build]   |  with message: [SQLITE_ERROR] SQL error or missing database (no such table: repo)
[ee3327a4-76ba-4cd0-a9dc-7f5d63792942/build]   | Jul 12, 2023 4:09:38 AM com.searchcode.app.util.LoggerWrapper severe
[ee3327a4-76ba-4cd0-a9dc-7f5d63792942/build]   | SEVERE:  caught a class java.sql.SQLException
[ee3327a4-76ba-4cd0-a9dc-7f5d63792942/build]   |  with message: [SQLITE_ERROR] SQL error or missing database (no such table: repo)
[ee3327a4-76ba-4cd0-a9dc-7f5d63792942/build]   | Tests run: 8, Failures: 0, Errors: 0, Skipped: 0, Time elapsed: 0.03 sec - in com.searchcode.app.service.CodeRouteServiceTest
[ee3327a4-76ba-4cd0-a9dc-7f5d63792942/build]   | 
[ee3327a4-76ba-4cd0-a9dc-7f5d63792942/build]   | Results :
[ee3327a4-76ba-4cd0-a9dc-7f5d63792942/build]   | 
[ee3327a4-76ba-4cd0-a9dc-7f5d63792942/build]   | Failed tests: 
[ee3327a4-76ba-4cd0-a9dc-7f5d63792942/build]   |   IndexServiceTest.testBuildDocument:161 expected:<" [filename filename filename filename filename filename emanelif  file name file filename filelocationfilename filelocation   contents contents contents contents contents contents]  "> but was:<" [ filename filename filename filename filename filename emanelif  file name file filename filelocationfilename filelocation   contents contents contents contents contents contents     filename filename filename filename filename filename emanelif  file name file filename filelocationfilename filelocation   contents contents contents contents contents contents     filename filename filename filename filename filename emanelif  file name file filename filelocationfilename filelocation   contents contents contents contents contents contents     filename filename filename filename filename filename emanelif  file name file filename filelocationfilename filelocation   contents contents contents contents contents contents     filename filename filename filename filename filename emanelif  file name file filename filelocationfilename filelocation   contents contents contents contents contents contents     filename filename filename filename filename filename emanelif  file name file filename filelocationfilename filelocation   contents contents contents contents contents contents ]  ">
[ee3327a4-76ba-4cd0-a9dc-7f5d63792942/build]   | 
[ee3327a4-76ba-4cd0-a9dc-7f5d63792942/build]   | Tests run: 344, Failures: 1, Errors: 0, Skipped: 0
[ee3327a4-76ba-4cd0-a9dc-7f5d63792942/build]   | 
[ee3327a4-76ba-4cd0-a9dc-7f5d63792942/build]   | [INFO] ------------------------------------------------------------------------
[ee3327a4-76ba-4cd0-a9dc-7f5d63792942/build]   | [INFO] BUILD FAILURE
[ee3327a4-76ba-4cd0-a9dc-7f5d63792942/build]   | [INFO] ------------------------------------------------------------------------
[ee3327a4-76ba-4cd0-a9dc-7f5d63792942/build]   | [INFO] Total time:  01:01 min
[ee3327a4-76ba-4cd0-a9dc-7f5d63792942/build]   | [INFO] Finished at: 2023-07-12T04:09:39Z
[ee3327a4-76ba-4cd0-a9dc-7f5d63792942/build]   | [INFO] ------------------------------------------------------------------------
[ee3327a4-76ba-4cd0-a9dc-7f5d63792942/build]   | [ERROR] Failed to execute goal org.apache.maven.plugins:maven-surefire-plugin:2.19.1:test (default-test) on project searchcode: There are test failures.
[ee3327a4-76ba-4cd0-a9dc-7f5d63792942/build]   | [ERROR] 
[ee3327a4-76ba-4cd0-a9dc-7f5d63792942/build]   | [ERROR] Please refer to /tmp/e07a257c-9567-4a9a-bf69-26fa2b515f95/target/surefire-reports for the individual test results.
[ee3327a4-76ba-4cd0-a9dc-7f5d63792942/build]   | [ERROR] -> [Help 1]
[ee3327a4-76ba-4cd0-a9dc-7f5d63792942/build]   | [ERROR] 
[ee3327a4-76ba-4cd0-a9dc-7f5d63792942/build]   | [ERROR] To see the full stack trace of the errors, re-run Maven with the -e switch.
[ee3327a4-76ba-4cd0-a9dc-7f5d63792942/build]   | [ERROR] Re-run Maven using the -X switch to enable full debug logging.
[ee3327a4-76ba-4cd0-a9dc-7f5d63792942/build]   | [ERROR] 
[ee3327a4-76ba-4cd0-a9dc-7f5d63792942/build]   | [ERROR] For more information about the errors and possible solutions, please read the following articles:
[ee3327a4-76ba-4cd0-a9dc-7f5d63792942/build]   | [ERROR] [Help 1] http://cwiki.apache.org/confluence/display/MAVEN/MojoFailureException
[ee3327a4-76ba-4cd0-a9dc-7f5d63792942/build]   ‚ùå  Failure - Main Build with Maven
[ee3327a4-76ba-4cd0-a9dc-7f5d63792942/build] exitcode '1': failure
[ee3327a4-76ba-4cd0-a9dc-7f5d63792942/build] unable to get git ref: failed to identify reference (tag/branch) for the checked-out revision '313509a2002fb55f2d38ab501b25bdb30e657498'
[ee3327a4-76ba-4cd0-a9dc-7f5d63792942/build] unable to get git ref: failed to identify reference (tag/branch) for the checked-out revision '313509a2002fb55f2d38ab501b25bdb30e657498'
[ee3327a4-76ba-4cd0-a9dc-7f5d63792942/build] unable to get git ref: failed to identify reference (tag/branch) for the checked-out revision '313509a2002fb55f2d38ab501b25bdb30e657498'
[ee3327a4-76ba-4cd0-a9dc-7f5d63792942/build] unable to get git ref: failed to identify reference (tag/branch) for the checked-out revision '313509a2002fb55f2d38ab501b25bdb30e657498'
[ee3327a4-76ba-4cd0-a9dc-7f5d63792942/build] unable to get git ref: failed to identify reference (tag/branch) for the checked-out revision '313509a2002fb55f2d38ab501b25bdb30e657498'
[ee3327a4-76ba-4cd0-a9dc-7f5d63792942/build] ‚≠ê Run Post Set up JDK 1.11
[ee3327a4-76ba-4cd0-a9dc-7f5d63792942/build]   üê≥  docker exec cmd=[node /var/run/act/actions/actions-setup-java@v1/dist/cleanup/index.js] user= workdir=
[ee3327a4-76ba-4cd0-a9dc-7f5d63792942/build]   ‚úÖ  Success - Post Set up JDK 1.11
[ee3327a4-76ba-4cd0-a9dc-7f5d63792942/build] üèÅ  Job failed
[ee3327a4-76ba-4cd0-a9dc-7f5d63792942/build] unable to get git ref: failed to identify reference (tag/branch) for the checked-out revision '313509a2002fb55f2d38ab501b25bdb30e657498'
