[561807ac-3f58-4a4b-8c0c-17b156c9164d/Build] üöÄ  Start image=crawlergpt:latest
[561807ac-3f58-4a4b-8c0c-17b156c9164d/Build]   üê≥  docker pull image=crawlergpt:latest platform= username= forcePull=false
[561807ac-3f58-4a4b-8c0c-17b156c9164d/Build]   üê≥  docker create image=crawlergpt:latest platform= entrypoint=["tail" "-f" "/dev/null"] cmd=[]
[561807ac-3f58-4a4b-8c0c-17b156c9164d/Build]   üê≥  docker run image=crawlergpt:latest platform= entrypoint=["tail" "-f" "/dev/null"] cmd=[]
[561807ac-3f58-4a4b-8c0c-17b156c9164d/Build]   üê≥  docker exec cmd=[chown -R 1012:1013 /tmp/781b3bf2-9b1c-45ab-a2b7-2730b1638bcc] user=0 workdir=
[561807ac-3f58-4a4b-8c0c-17b156c9164d/Build] unable to get git ref: failed to identify reference (tag/branch) for the checked-out revision '3ad45d57fcb77b52227a9c766557e595a9ece3a3'
[561807ac-3f58-4a4b-8c0c-17b156c9164d/Build] unable to get git ref: failed to identify reference (tag/branch) for the checked-out revision '3ad45d57fcb77b52227a9c766557e595a9ece3a3'
[561807ac-3f58-4a4b-8c0c-17b156c9164d/Build] unable to get git ref: failed to identify reference (tag/branch) for the checked-out revision '3ad45d57fcb77b52227a9c766557e595a9ece3a3'
[561807ac-3f58-4a4b-8c0c-17b156c9164d/Build] unable to get git ref: failed to identify reference (tag/branch) for the checked-out revision '3ad45d57fcb77b52227a9c766557e595a9ece3a3'
[561807ac-3f58-4a4b-8c0c-17b156c9164d/Build] unable to get git ref: failed to identify reference (tag/branch) for the checked-out revision '3ad45d57fcb77b52227a9c766557e595a9ece3a3'
[561807ac-3f58-4a4b-8c0c-17b156c9164d/Build] üß™  Matrix: map[java-version:11]
[561807ac-3f58-4a4b-8c0c-17b156c9164d/Build] unable to get git ref: failed to identify reference (tag/branch) for the checked-out revision '3ad45d57fcb77b52227a9c766557e595a9ece3a3'
[561807ac-3f58-4a4b-8c0c-17b156c9164d/Build] unable to get git ref: failed to identify reference (tag/branch) for the checked-out revision '3ad45d57fcb77b52227a9c766557e595a9ece3a3'
[561807ac-3f58-4a4b-8c0c-17b156c9164d/Build] unable to get git ref: failed to identify reference (tag/branch) for the checked-out revision '3ad45d57fcb77b52227a9c766557e595a9ece3a3'
[561807ac-3f58-4a4b-8c0c-17b156c9164d/Build] unable to get git ref: failed to identify reference (tag/branch) for the checked-out revision '3ad45d57fcb77b52227a9c766557e595a9ece3a3'
[561807ac-3f58-4a4b-8c0c-17b156c9164d/Build] unable to get git ref: failed to identify reference (tag/branch) for the checked-out revision '3ad45d57fcb77b52227a9c766557e595a9ece3a3'
[561807ac-3f58-4a4b-8c0c-17b156c9164d/Build] unable to get git ref: failed to identify reference (tag/branch) for the checked-out revision '3ad45d57fcb77b52227a9c766557e595a9ece3a3'
[561807ac-3f58-4a4b-8c0c-17b156c9164d/Build] ‚≠ê Run Main actions/checkout@v3
[561807ac-3f58-4a4b-8c0c-17b156c9164d/Build] unable to get git ref: failed to identify reference (tag/branch) for the checked-out revision '3ad45d57fcb77b52227a9c766557e595a9ece3a3'
[561807ac-3f58-4a4b-8c0c-17b156c9164d/Build]   ‚úÖ  Success - Main actions/checkout@v3
[561807ac-3f58-4a4b-8c0c-17b156c9164d/Build] unable to get git ref: failed to identify reference (tag/branch) for the checked-out revision '3ad45d57fcb77b52227a9c766557e595a9ece3a3'
[561807ac-3f58-4a4b-8c0c-17b156c9164d/Build] unable to get git ref: failed to identify reference (tag/branch) for the checked-out revision '3ad45d57fcb77b52227a9c766557e595a9ece3a3'
[561807ac-3f58-4a4b-8c0c-17b156c9164d/Build] unable to get git ref: failed to identify reference (tag/branch) for the checked-out revision '3ad45d57fcb77b52227a9c766557e595a9ece3a3'
[561807ac-3f58-4a4b-8c0c-17b156c9164d/Build] unable to get git ref: failed to identify reference (tag/branch) for the checked-out revision '3ad45d57fcb77b52227a9c766557e595a9ece3a3'
[561807ac-3f58-4a4b-8c0c-17b156c9164d/Build] unable to get git ref: failed to identify reference (tag/branch) for the checked-out revision '3ad45d57fcb77b52227a9c766557e595a9ece3a3'
[561807ac-3f58-4a4b-8c0c-17b156c9164d/Build] ‚≠ê Run Main Set up JDK 11
[561807ac-3f58-4a4b-8c0c-17b156c9164d/Build] unable to get git ref: failed to identify reference (tag/branch) for the checked-out revision '3ad45d57fcb77b52227a9c766557e595a9ece3a3'
[561807ac-3f58-4a4b-8c0c-17b156c9164d/Build] unable to get git ref: failed to identify reference (tag/branch) for the checked-out revision '3ad45d57fcb77b52227a9c766557e595a9ece3a3'
[561807ac-3f58-4a4b-8c0c-17b156c9164d/Build] unable to get git ref: failed to identify reference (tag/branch) for the checked-out revision '3ad45d57fcb77b52227a9c766557e595a9ece3a3'
[561807ac-3f58-4a4b-8c0c-17b156c9164d/Build]   üê≥  docker cp src=/tmp/act-cache/ca9b5e00-c605-42e5-a837-828a3a15b9a5/act/actions-setup-java@v3/ dst=/var/run/act/actions/actions-setup-java@v3/
[561807ac-3f58-4a4b-8c0c-17b156c9164d/Build]   üê≥  docker exec cmd=[chown -R 1012:1013 /var/run/act/actions/actions-setup-java@v3/] user=0 workdir=
[561807ac-3f58-4a4b-8c0c-17b156c9164d/Build]   üê≥  docker exec cmd=[node /var/run/act/actions/actions-setup-java@v3/dist/setup/index.js] user= workdir=
[561807ac-3f58-4a4b-8c0c-17b156c9164d/Build]   ‚ùì  ::group::Installed distributions
[561807ac-3f58-4a4b-8c0c-17b156c9164d/Build]   | Trying to resolve the latest version from remote
[561807ac-3f58-4a4b-8c0c-17b156c9164d/Build]   | Resolved latest version as 11.0.19+7
[561807ac-3f58-4a4b-8c0c-17b156c9164d/Build]   | Trying to download...
[561807ac-3f58-4a4b-8c0c-17b156c9164d/Build]   | Downloading Java 11.0.19+7 (Temurin-Hotspot) from https://github.com/adoptium/temurin11-binaries/releases/download/jdk-11.0.19%2B7/OpenJDK11U-jdk_x64_linux_hotspot_11.0.19_7.tar.gz ...
[561807ac-3f58-4a4b-8c0c-17b156c9164d/Build]   üí¨  ::debug::Downloading https://github.com/adoptium/temurin11-binaries/releases/download/jdk-11.0.19%252B7/OpenJDK11U-jdk_x64_linux_hotspot_11.0.19_7.tar.gz
[561807ac-3f58-4a4b-8c0c-17b156c9164d/Build]   üí¨  ::debug::Destination /tmp/1f3032a3-7b56-464f-855b-f9e6d9102e37
[561807ac-3f58-4a4b-8c0c-17b156c9164d/Build]   üí¨  ::debug::download complete
[561807ac-3f58-4a4b-8c0c-17b156c9164d/Build]   | Extracting Java archive...
[561807ac-3f58-4a4b-8c0c-17b156c9164d/Build]   üí¨  ::debug::Checking tar --version
[561807ac-3f58-4a4b-8c0c-17b156c9164d/Build]   üí¨  ::debug::tar (GNU tar) 1.30%0ACopyright (C) 2017 Free Software Foundation, Inc.%0ALicense GPLv3+: GNU GPL version 3 or later <https://gnu.org/licenses/gpl.html>.%0AThis is free software: you are free to change and redistribute it.%0AThere is NO WARRANTY, to the extent permitted by law.%0A%0AWritten by John Gilmore and Jay Fenlason.
[561807ac-3f58-4a4b-8c0c-17b156c9164d/Build]   | [command]/usr/bin/tar xz --warning=no-unknown-keyword -C /tmp/b8b6435d-1111-418f-8ddc-121d34086bfb -f /tmp/1f3032a3-7b56-464f-855b-f9e6d9102e37
[561807ac-3f58-4a4b-8c0c-17b156c9164d/Build]   üí¨  ::debug::Caching tool Java_Temurin-Hotspot_jdk 11.0.19-7 x64
[561807ac-3f58-4a4b-8c0c-17b156c9164d/Build]   üí¨  ::debug::source dir: /tmp/b8b6435d-1111-418f-8ddc-121d34086bfb/jdk-11.0.19+7
[561807ac-3f58-4a4b-8c0c-17b156c9164d/Build]   üí¨  ::debug::destination /opt/hostedtoolcache/Java_Temurin-Hotspot_jdk/11.0.19-7/x64
[561807ac-3f58-4a4b-8c0c-17b156c9164d/Build]   üí¨  ::debug::finished caching tool
[561807ac-3f58-4a4b-8c0c-17b156c9164d/Build]   | Java 11.0.19+7 was downloaded
[561807ac-3f58-4a4b-8c0c-17b156c9164d/Build]   | Setting Java 11.0.19+7 as the default
[561807ac-3f58-4a4b-8c0c-17b156c9164d/Build]   | Creating toolchains.xml for JDK version 11 from temurin
[561807ac-3f58-4a4b-8c0c-17b156c9164d/Build]   | Writing to /home/runneradmin/.m2/toolchains.xml
[561807ac-3f58-4a4b-8c0c-17b156c9164d/Build]   | 
[561807ac-3f58-4a4b-8c0c-17b156c9164d/Build]   | Java configuration:
[561807ac-3f58-4a4b-8c0c-17b156c9164d/Build]   |   Distribution: temurin
[561807ac-3f58-4a4b-8c0c-17b156c9164d/Build]   |   Version: 11.0.19+7
[561807ac-3f58-4a4b-8c0c-17b156c9164d/Build]   |   Path: /opt/hostedtoolcache/Java_Temurin-Hotspot_jdk/11.0.19-7/x64
[561807ac-3f58-4a4b-8c0c-17b156c9164d/Build]   | 
[561807ac-3f58-4a4b-8c0c-17b156c9164d/Build]   ‚ùì  ::endgroup::
[561807ac-3f58-4a4b-8c0c-17b156c9164d/Build]   ‚ùì add-matcher /run/act/actions/actions-setup-java@v3/.github/java.json
[561807ac-3f58-4a4b-8c0c-17b156c9164d/Build]   | Creating settings.xml with server-id: github
[561807ac-3f58-4a4b-8c0c-17b156c9164d/Build]   | Writing to /home/runneradmin/.m2/settings.xml
[561807ac-3f58-4a4b-8c0c-17b156c9164d/Build]   üöß  ::warning::The runner was not able to contact the cache service. Caching will be skipped
[561807ac-3f58-4a4b-8c0c-17b156c9164d/Build]   ‚úÖ  Success - Main Set up JDK 11
[561807ac-3f58-4a4b-8c0c-17b156c9164d/Build]   ‚öô  ::set-env:: JAVA_HOME_11_X64=/opt/hostedtoolcache/Java_Temurin-Hotspot_jdk/11.0.19-7/x64
[561807ac-3f58-4a4b-8c0c-17b156c9164d/Build]   ‚öô  ::set-env:: JAVA_HOME=/opt/hostedtoolcache/Java_Temurin-Hotspot_jdk/11.0.19-7/x64
[561807ac-3f58-4a4b-8c0c-17b156c9164d/Build]   ‚öô  ::set-output:: distribution=Temurin-Hotspot
[561807ac-3f58-4a4b-8c0c-17b156c9164d/Build]   ‚öô  ::set-output:: path=/opt/hostedtoolcache/Java_Temurin-Hotspot_jdk/11.0.19-7/x64
[561807ac-3f58-4a4b-8c0c-17b156c9164d/Build]   ‚öô  ::set-output:: version=11.0.19+7
[561807ac-3f58-4a4b-8c0c-17b156c9164d/Build]   ‚öô  ::add-path:: /opt/hostedtoolcache/Java_Temurin-Hotspot_jdk/11.0.19-7/x64/bin
[561807ac-3f58-4a4b-8c0c-17b156c9164d/Build] unable to get git ref: failed to identify reference (tag/branch) for the checked-out revision '3ad45d57fcb77b52227a9c766557e595a9ece3a3'
[561807ac-3f58-4a4b-8c0c-17b156c9164d/Build] unable to get git ref: failed to identify reference (tag/branch) for the checked-out revision '3ad45d57fcb77b52227a9c766557e595a9ece3a3'
[561807ac-3f58-4a4b-8c0c-17b156c9164d/Build] unable to get git ref: failed to identify reference (tag/branch) for the checked-out revision '3ad45d57fcb77b52227a9c766557e595a9ece3a3'
[561807ac-3f58-4a4b-8c0c-17b156c9164d/Build] unable to get git ref: failed to identify reference (tag/branch) for the checked-out revision '3ad45d57fcb77b52227a9c766557e595a9ece3a3'
[561807ac-3f58-4a4b-8c0c-17b156c9164d/Build] unable to get git ref: failed to identify reference (tag/branch) for the checked-out revision '3ad45d57fcb77b52227a9c766557e595a9ece3a3'
[561807ac-3f58-4a4b-8c0c-17b156c9164d/Build] ‚≠ê Run Main Cache SonarCloud packages
[561807ac-3f58-4a4b-8c0c-17b156c9164d/Build] unable to get git ref: failed to identify reference (tag/branch) for the checked-out revision '3ad45d57fcb77b52227a9c766557e595a9ece3a3'
[561807ac-3f58-4a4b-8c0c-17b156c9164d/Build] unable to get git ref: failed to identify reference (tag/branch) for the checked-out revision '3ad45d57fcb77b52227a9c766557e595a9ece3a3'
[561807ac-3f58-4a4b-8c0c-17b156c9164d/Build] unable to get git ref: failed to identify reference (tag/branch) for the checked-out revision '3ad45d57fcb77b52227a9c766557e595a9ece3a3'
[561807ac-3f58-4a4b-8c0c-17b156c9164d/Build]   üê≥  docker cp src=/tmp/act-cache/ca9b5e00-c605-42e5-a837-828a3a15b9a5/act/actions-cache@v3/ dst=/var/run/act/actions/actions-cache@v3/
[561807ac-3f58-4a4b-8c0c-17b156c9164d/Build]   üê≥  docker exec cmd=[chown -R 1012:1013 /var/run/act/actions/actions-cache@v3/] user=0 workdir=
[561807ac-3f58-4a4b-8c0c-17b156c9164d/Build]   üê≥  docker exec cmd=[node /var/run/act/actions/actions-cache@v3/dist/restore/index.js] user= workdir=
[561807ac-3f58-4a4b-8c0c-17b156c9164d/Build]   | [warning]An internal error has occurred in cache backend. Please check https://www.githubstatus.com/ for any ongoing issue in actions.
[561807ac-3f58-4a4b-8c0c-17b156c9164d/Build]   ‚úÖ  Success - Main Cache SonarCloud packages
[561807ac-3f58-4a4b-8c0c-17b156c9164d/Build]   ‚öô  ::set-output:: cache-hit=false
[561807ac-3f58-4a4b-8c0c-17b156c9164d/Build] unable to get git ref: failed to identify reference (tag/branch) for the checked-out revision '3ad45d57fcb77b52227a9c766557e595a9ece3a3'
[561807ac-3f58-4a4b-8c0c-17b156c9164d/Build] unable to get git ref: failed to identify reference (tag/branch) for the checked-out revision '3ad45d57fcb77b52227a9c766557e595a9ece3a3'
[561807ac-3f58-4a4b-8c0c-17b156c9164d/Build] unable to get git ref: failed to identify reference (tag/branch) for the checked-out revision '3ad45d57fcb77b52227a9c766557e595a9ece3a3'
[561807ac-3f58-4a4b-8c0c-17b156c9164d/Build] unable to get git ref: failed to identify reference (tag/branch) for the checked-out revision '3ad45d57fcb77b52227a9c766557e595a9ece3a3'
[561807ac-3f58-4a4b-8c0c-17b156c9164d/Build] unable to get git ref: failed to identify reference (tag/branch) for the checked-out revision '3ad45d57fcb77b52227a9c766557e595a9ece3a3'
[561807ac-3f58-4a4b-8c0c-17b156c9164d/Build] ‚≠ê Run Main Build and check
[561807ac-3f58-4a4b-8c0c-17b156c9164d/Build] unable to get git ref: failed to identify reference (tag/branch) for the checked-out revision '3ad45d57fcb77b52227a9c766557e595a9ece3a3'
[561807ac-3f58-4a4b-8c0c-17b156c9164d/Build] unable to get git ref: failed to identify reference (tag/branch) for the checked-out revision '3ad45d57fcb77b52227a9c766557e595a9ece3a3'
[561807ac-3f58-4a4b-8c0c-17b156c9164d/Build] unable to get git ref: failed to identify reference (tag/branch) for the checked-out revision '3ad45d57fcb77b52227a9c766557e595a9ece3a3'
[561807ac-3f58-4a4b-8c0c-17b156c9164d/Build] unable to get git ref: failed to identify reference (tag/branch) for the checked-out revision '3ad45d57fcb77b52227a9c766557e595a9ece3a3'
[561807ac-3f58-4a4b-8c0c-17b156c9164d/Build]   üê≥  docker exec cmd=[bash --noprofile --norc -e -o pipefail /var/run/act/workflow/3] user= workdir=
[561807ac-3f58-4a4b-8c0c-17b156c9164d/Build]   | Downloading https://services.gradle.org/distributions/gradle-7.4.2-bin.zip
[561807ac-3f58-4a4b-8c0c-17b156c9164d/Build]   | ...........10%...........20%...........30%...........40%...........50%...........60%...........70%...........80%...........90%...........100%
[561807ac-3f58-4a4b-8c0c-17b156c9164d/Build]   | Initialized native services in: /home/runneradmin/.gradle/native
[561807ac-3f58-4a4b-8c0c-17b156c9164d/Build]   | Initialized jansi services in: /home/runneradmin/.gradle/native
[561807ac-3f58-4a4b-8c0c-17b156c9164d/Build]   | 
[561807ac-3f58-4a4b-8c0c-17b156c9164d/Build]   | Welcome to Gradle 7.4.2!
[561807ac-3f58-4a4b-8c0c-17b156c9164d/Build]   | 
[561807ac-3f58-4a4b-8c0c-17b156c9164d/Build]   | Here are the highlights of this release:
[561807ac-3f58-4a4b-8c0c-17b156c9164d/Build]   |  - Aggregated test and JaCoCo reports
[561807ac-3f58-4a4b-8c0c-17b156c9164d/Build]   |  - Marking additional test source directories as tests in IntelliJ
[561807ac-3f58-4a4b-8c0c-17b156c9164d/Build]   |  - Support for Adoptium JDKs in Java toolchains
[561807ac-3f58-4a4b-8c0c-17b156c9164d/Build]   | 
[561807ac-3f58-4a4b-8c0c-17b156c9164d/Build]   | For more details see https://docs.gradle.org/7.4.2/release-notes.html
[561807ac-3f58-4a4b-8c0c-17b156c9164d/Build]   | 
[561807ac-3f58-4a4b-8c0c-17b156c9164d/Build]   | To honour the JVM settings for this build a single-use Daemon process will be forked. See https://docs.gradle.org/7.4.2/userguide/gradle_daemon.html#sec:disabling_the_daemon.
[561807ac-3f58-4a4b-8c0c-17b156c9164d/Build]   | Starting process 'Gradle build daemon'. Working directory: /home/runneradmin/.gradle/daemon/7.4.2 Command: /opt/hostedtoolcache/Java_Temurin-Hotspot_jdk/11.0.19-7/x64/bin/java --add-exports jdk.compiler/com.sun.tools.javac.api=ALL-UNNAMED --add-exports jdk.compiler/com.sun.tools.javac.file=ALL-UNNAMED --add-exports jdk.compiler/com.sun.tools.javac.parser=ALL-UNNAMED --add-exports jdk.compiler/com.sun.tools.javac.tree=ALL-UNNAMED --add-exports jdk.compiler/com.sun.tools.javac.util=ALL-UNNAMED --add-opens java.base/java.util=ALL-UNNAMED --add-opens java.base/java.lang=ALL-UNNAMED --add-opens java.base/java.lang.invoke=ALL-UNNAMED --add-opens java.base/java.util=ALL-UNNAMED --add-opens java.prefs/java.util.prefs=ALL-UNNAMED --add-opens java.prefs/java.util.prefs=ALL-UNNAMED --add-opens java.base/java.nio.charset=ALL-UNNAMED --add-opens java.base/java.net=ALL-UNNAMED --add-opens java.base/java.util.concurrent.atomic=ALL-UNNAMED -Dfile.encoding=UTF-8 -Duser.country -Duser.language=en -Duser.variant -cp /home/runneradmin/.gradle/wrapper/dists/gradle-7.4.2-bin/48ivgl02cpt2ed3fh9dbalvx8/gradle-7.4.2/lib/gradle-launcher-7.4.2.jar org.gradle.launcher.daemon.bootstrap.GradleDaemon 7.4.2
[561807ac-3f58-4a4b-8c0c-17b156c9164d/Build]   | Successfully started process 'Gradle build daemon'
[561807ac-3f58-4a4b-8c0c-17b156c9164d/Build]   | An attempt to start the daemon took 1.538 secs.
[561807ac-3f58-4a4b-8c0c-17b156c9164d/Build]   | The client will now receive all logging from the daemon (pid: 149). The daemon log file: /home/runneradmin/.gradle/daemon/7.4.2/daemon-149.out.log
[561807ac-3f58-4a4b-8c0c-17b156c9164d/Build]   | Closing daemon's stdin at end of input.
[561807ac-3f58-4a4b-8c0c-17b156c9164d/Build]   | The daemon will no longer process any standard input.
[561807ac-3f58-4a4b-8c0c-17b156c9164d/Build]   | Daemon will be stopped at the end of the build 
[561807ac-3f58-4a4b-8c0c-17b156c9164d/Build]   | Using 128 worker leases.
[561807ac-3f58-4a4b-8c0c-17b156c9164d/Build]   | Watching the file system is configured to be enabled if available
[561807ac-3f58-4a4b-8c0c-17b156c9164d/Build]   | Not watching /tmp/781b3bf2-9b1c-45ab-a2b7-2730b1638bcc since the file system is not supported
[561807ac-3f58-4a4b-8c0c-17b156c9164d/Build]   | File system watching is active
[561807ac-3f58-4a4b-8c0c-17b156c9164d/Build]   | Starting Build
[561807ac-3f58-4a4b-8c0c-17b156c9164d/Build]   | Compiling settings file '/tmp/781b3bf2-9b1c-45ab-a2b7-2730b1638bcc/settings.gradle' using SubsetScriptTransformer.
[561807ac-3f58-4a4b-8c0c-17b156c9164d/Build]   | Compiling settings file '/tmp/781b3bf2-9b1c-45ab-a2b7-2730b1638bcc/settings.gradle' using BuildScriptTransformer.
[561807ac-3f58-4a4b-8c0c-17b156c9164d/Build]   | Settings evaluated using settings file '/tmp/781b3bf2-9b1c-45ab-a2b7-2730b1638bcc/settings.gradle'.
[561807ac-3f58-4a4b-8c0c-17b156c9164d/Build]   | Using local directory build cache for the root build (location = /home/runneradmin/.gradle/caches/build-cache-1, removeUnusedEntriesAfter = 7 days).
[561807ac-3f58-4a4b-8c0c-17b156c9164d/Build]   | Projects loaded. Root project using build file '/tmp/781b3bf2-9b1c-45ab-a2b7-2730b1638bcc/build.gradle'.
[561807ac-3f58-4a4b-8c0c-17b156c9164d/Build]   | Included projects: [root project 'sudachi']
[561807ac-3f58-4a4b-8c0c-17b156c9164d/Build]   | 
[561807ac-3f58-4a4b-8c0c-17b156c9164d/Build]   | > Configure project :
[561807ac-3f58-4a4b-8c0c-17b156c9164d/Build]   | Evaluating root project 'sudachi' using build file '/tmp/781b3bf2-9b1c-45ab-a2b7-2730b1638bcc/build.gradle'.
[561807ac-3f58-4a4b-8c0c-17b156c9164d/Build]   | Compiling build file '/tmp/781b3bf2-9b1c-45ab-a2b7-2730b1638bcc/build.gradle' using SubsetScriptTransformer.
[561807ac-3f58-4a4b-8c0c-17b156c9164d/Build]   | Downloading https://plugins.gradle.org/m2/org/jetbrains/kotlin/jvm/org.jetbrains.kotlin.jvm.gradle.plugin/1.6.21/org.jetbrains.kotlin.jvm.gradle.plugin-1.6.21.pom to /home/runneradmin/.gradle/.tmp/gradle_download8296866655048587812bin
[561807ac-3f58-4a4b-8c0c-17b156c9164d/Build]   | Resource missing. [HTTP HEAD: https://plugins.gradle.org/m2/org/jetbrains/kotlin/jvm/org.jetbrains.kotlin.jvm.gradle.plugin/1.6.21/org.jetbrains.kotlin.jvm.gradle.plugin-1.6.21.jar]
[561807ac-3f58-4a4b-8c0c-17b156c9164d/Build]   | Downloading https://plugins.gradle.org/m2/org/sonarqube/org.sonarqube.gradle.plugin/3.3/org.sonarqube.gradle.plugin-3.3.pom to /home/runneradmin/.gradle/.tmp/gradle_download9214330126282876361bin
[561807ac-3f58-4a4b-8c0c-17b156c9164d/Build]   | Resource missing. [HTTP HEAD: https://plugins.gradle.org/m2/org/sonarqube/org.sonarqube.gradle.plugin/3.3/org.sonarqube.gradle.plugin-3.3.jar]
[561807ac-3f58-4a4b-8c0c-17b156c9164d/Build]   | Downloading https://plugins.gradle.org/m2/com/diffplug/spotless/com.diffplug.spotless.gradle.plugin/6.6.1/com.diffplug.spotless.gradle.plugin-6.6.1.pom to /home/runneradmin/.gradle/.tmp/gradle_download16719617158041660577bin
[561807ac-3f58-4a4b-8c0c-17b156c9164d/Build]   | Resource missing. [HTTP HEAD: https://plugins.gradle.org/m2/com/diffplug/spotless/com.diffplug.spotless.gradle.plugin/6.6.1/com.diffplug.spotless.gradle.plugin-6.6.1.jar]
[561807ac-3f58-4a4b-8c0c-17b156c9164d/Build]   | Downloading https://plugins.gradle.org/m2/me/champeau/jmh/me.champeau.jmh.gradle.plugin/0.6.6/me.champeau.jmh.gradle.plugin-0.6.6.pom to /home/runneradmin/.gradle/.tmp/gradle_download6264717396598931735bin
[561807ac-3f58-4a4b-8c0c-17b156c9164d/Build]   | Resource missing. [HTTP HEAD: https://plugins.gradle.org/m2/me/champeau/jmh/me.champeau.jmh.gradle.plugin/0.6.6/me.champeau.jmh.gradle.plugin-0.6.6.jar]
[561807ac-3f58-4a4b-8c0c-17b156c9164d/Build]   | Downloading https://plugins.gradle.org/m2/io/github/gradle-nexus/publish-plugin/io.github.gradle-nexus.publish-plugin.gradle.plugin/1.1.0/io.github.gradle-nexus.publish-plugin.gradle.plugin-1.1.0.pom to /home/runneradmin/.gradle/.tmp/gradle_download10328413343941056121bin
[561807ac-3f58-4a4b-8c0c-17b156c9164d/Build]   | Resource missing. [HTTP HEAD: https://plugins.gradle.org/m2/io/github/gradle-nexus/publish-plugin/io.github.gradle-nexus.publish-plugin.gradle.plugin/1.1.0/io.github.gradle-nexus.publish-plugin.gradle.plugin-1.1.0.jar]
[561807ac-3f58-4a4b-8c0c-17b156c9164d/Build]   | Downloading https://plugins.gradle.org/m2/org/jetbrains/kotlin/kotlin-gradle-plugin/1.6.21/kotlin-gradle-plugin-1.6.21.pom to /home/runneradmin/.gradle/.tmp/gradle_download18046182982287987342bin
[561807ac-3f58-4a4b-8c0c-17b156c9164d/Build]   | Downloading https://plugins.gradle.org/m2/org/sonarsource/scanner/gradle/sonarqube-gradle-plugin/3.3/sonarqube-gradle-plugin-3.3.pom to /home/runneradmin/.gradle/.tmp/gradle_download14485618433737953287bin
[561807ac-3f58-4a4b-8c0c-17b156c9164d/Build]   | Downloading https://plugins.gradle.org/m2/com/diffplug/spotless/spotless-plugin-gradle/6.6.1/spotless-plugin-gradle-6.6.1.pom to /home/runneradmin/.gradle/.tmp/gradle_download5998423513771428570bin
[561807ac-3f58-4a4b-8c0c-17b156c9164d/Build]   | Downloading https://plugins.gradle.org/m2/me/champeau/jmh/jmh-gradle-plugin/0.6.6/jmh-gradle-plugin-0.6.6.pom to /home/runneradmin/.gradle/.tmp/gradle_download4957036732869366274bin
[561807ac-3f58-4a4b-8c0c-17b156c9164d/Build]   | Resource missing. [HTTP GET: https://jcenter.bintray.com/me/champeau/jmh/jmh-gradle-plugin/0.6.6/jmh-gradle-plugin-0.6.6.module]
[561807ac-3f58-4a4b-8c0c-17b156c9164d/Build]   | Downloading https://plugins.gradle.org/m2/io/github/gradle-nexus/publish-plugin/1.1.0/publish-plugin-1.1.0.pom to /home/runneradmin/.gradle/.tmp/gradle_download8863089679242920588bin
[561807ac-3f58-4a4b-8c0c-17b156c9164d/Build]   | Downloading https://plugins.gradle.org/m2/io/github/gradle-nexus/publish-plugin/1.1.0/publish-plugin-1.1.0.module to /home/runneradmin/.gradle/.tmp/gradle_download11942206557392721040bin
[561807ac-3f58-4a4b-8c0c-17b156c9164d/Build]   | Downloading https://plugins.gradle.org/m2/org/jetbrains/kotlin/kotlin-gradle-plugin-model/1.6.21/kotlin-gradle-plugin-model-1.6.21.pom to /home/runneradmin/.gradle/.tmp/gradle_download6565200658902358177bin
[561807ac-3f58-4a4b-8c0c-17b156c9164d/Build]   | Downloading https://plugins.gradle.org/m2/org/jetbrains/kotlin/kotlin-compiler-embeddable/1.6.21/kotlin-compiler-embeddable-1.6.21.pom to /home/runneradmin/.gradle/.tmp/gradle_download15295729657487369076bin
[561807ac-3f58-4a4b-8c0c-17b156c9164d/Build]   | Downloading https://plugins.gradle.org/m2/org/jetbrains/kotlin/kotlin-klib-commonizer-api/1.6.21/kotlin-klib-commonizer-api-1.6.21.pom to /home/runneradmin/.gradle/.tmp/gradle_download11692170582885144762bin
[561807ac-3f58-4a4b-8c0c-17b156c9164d/Build]   | Downloading https://plugins.gradle.org/m2/org/jetbrains/kotlin/kotlin-scripting-compiler-impl-embeddable/1.6.21/kotlin-scripting-compiler-impl-embeddable-1.6.21.pom to /home/runneradmin/.gradle/.tmp/gradle_download3807972976262257427bin
[561807ac-3f58-4a4b-8c0c-17b156c9164d/Build]   | Downloading https://plugins.gradle.org/m2/com/google/code/gson/gson/2.8.9/gson-2.8.9.pom to /home/runneradmin/.gradle/.tmp/gradle_download5058930046312667241bin
[561807ac-3f58-4a4b-8c0c-17b156c9164d/Build]   | Downloading https://plugins.gradle.org/m2/org/jetbrains/kotlin/kotlin-project-model/1.6.21/kotlin-project-model-1.6.21.pom to /home/runneradmin/.gradle/.tmp/gradle_download16740446975670682089bin
[561807ac-3f58-4a4b-8c0c-17b156c9164d/Build]   | Downloading https://plugins.gradle.org/m2/org/jetbrains/kotlin/kotlin-compiler-runner/1.6.21/kotlin-compiler-runner-1.6.21.pom to /home/runneradmin/.gradle/.tmp/gradle_download801466650963462168bin
[561807ac-3f58-4a4b-8c0c-17b156c9164d/Build]   | Downloading https://plugins.gradle.org/m2/org/jetbrains/kotlin/kotlin-annotation-processing-gradle/1.6.21/kotlin-annotation-processing-gradle-1.6.21.pom to /home/runneradmin/.gradle/.tmp/gradle_download9996970129544836565bin
[561807ac-3f58-4a4b-8c0c-17b156c9164d/Build]   | Downloading https://plugins.gradle.org/m2/com/google/guava/guava/29.0-jre/guava-29.0-jre.pom to /home/runneradmin/.gradle/.tmp/gradle_download4123500128888933095bin
[561807ac-3f58-4a4b-8c0c-17b156c9164d/Build]   | Downloading https://plugins.gradle.org/m2/org/jetbrains/kotlin/kotlin-android-extensions/1.6.21/kotlin-android-extensions-1.6.21.pom to /home/runneradmin/.gradle/.tmp/gradle_download4825402362809232616bin
[561807ac-3f58-4a4b-8c0c-17b156c9164d/Build]   | Downloading https://plugins.gradle.org/m2/com/google/code/gson/gson-parent/2.8.9/gson-parent-2.8.9.pom to /home/runneradmin/.gradle/.tmp/gradle_download15184613268096726662bin
[561807ac-3f58-4a4b-8c0c-17b156c9164d/Build]   | Downloading https://plugins.gradle.org/m2/com/google/guava/guava-parent/29.0-jre/guava-parent-29.0-jre.pom to /home/runneradmin/.gradle/.tmp/gradle_download629864634387855951bin
[561807ac-3f58-4a4b-8c0c-17b156c9164d/Build]   | Downloading https://plugins.gradle.org/m2/de/undercouch/gradle-download-task/4.1.1/gradle-download-task-4.1.1.pom to /home/runneradmin/.gradle/.tmp/gradle_download6531832406783665232bin
[561807ac-3f58-4a4b-8c0c-17b156c9164d/Build]   | Downloading https://plugins.gradle.org/m2/org/sonatype/oss/oss-parent/7/oss-parent-7.pom to /home/runneradmin/.gradle/.tmp/gradle_download2821570362037803453bin
[561807ac-3f58-4a4b-8c0c-17b156c9164d/Build]   | Downloading https://plugins.gradle.org/m2/org/jetbrains/kotlin/kotlin-scripting-compiler-embeddable/1.6.21/kotlin-scripting-compiler-embeddable-1.6.21.pom to /home/runneradmin/.gradle/.tmp/gradle_download6658409281202184231bin
[561807ac-3f58-4a4b-8c0c-17b156c9164d/Build]   | Downloading https://plugins.gradle.org/m2/org/jetbrains/kotlin/kotlin-util-klib/1.6.21/kotlin-util-klib-1.6.21.pom to /home/runneradmin/.gradle/.tmp/gradle_download4787201095149465094bin
[561807ac-3f58-4a4b-8c0c-17b156c9164d/Build]   | Downloading https://plugins.gradle.org/m2/org/jetbrains/kotlin/kotlin-gradle-plugin-api/1.6.21/kotlin-gradle-plugin-api-1.6.21.pom to /home/runneradmin/.gradle/.tmp/gradle_download2925749929710510986bin
[561807ac-3f58-4a4b-8c0c-17b156c9164d/Build]   | Downloading https://plugins.gradle.org/m2/org/jetbrains/kotlin/kotlin-tooling-metadata/1.6.21/kotlin-tooling-metadata-1.6.21.pom to /home/runneradmin/.gradle/.tmp/gradle_download10041471109044861914bin
[561807ac-3f58-4a4b-8c0c-17b156c9164d/Build]   | Downloading https://plugins.gradle.org/m2/com/github/gundy/semver4j/0.16.4/semver4j-0.16.4.pom to /home/runneradmin/.gradle/.tmp/gradle_download10432503041869011160bin
[561807ac-3f58-4a4b-8c0c-17b156c9164d/Build]   | Downloading https://plugins.gradle.org/m2/org/sonarsource/scanner/api/sonar-scanner-api/2.16.1.361/sonar-scanner-api-2.16.1.361.pom to /home/runneradmin/.gradle/.tmp/gradle_download899849059666737177bin
[561807ac-3f58-4a4b-8c0c-17b156c9164d/Build]   | Downloading https://plugins.gradle.org/m2/org/sonarsource/scanner/api/sonar-scanner-api-parent/2.16.1.361/sonar-scanner-api-parent-2.16.1.361.pom to /home/runneradmin/.gradle/.tmp/gradle_download12893452707657977667bin
[561807ac-3f58-4a4b-8c0c-17b156c9164d/Build]   | Downloading https://plugins.gradle.org/m2/org/sonarsource/parent/parent/59.0.29/parent-59.0.29.pom to /home/runneradmin/.gradle/.tmp/gradle_download5643125766357590366bin
[561807ac-3f58-4a4b-8c0c-17b156c9164d/Build]   | Downloading https://plugins.gradle.org/m2/org/eclipse/jgit/org.eclipse.jgit/5.13.0.202109080827-r/org.eclipse.jgit-5.13.0.202109080827-r.pom to /home/runneradmin/.gradle/.tmp/gradle_download8371009848337788254bin
[561807ac-3f58-4a4b-8c0c-17b156c9164d/Build]   | Downloading https://plugins.gradle.org/m2/com/diffplug/durian/durian-collect/1.2.0/durian-collect-1.2.0.pom to /home/runneradmin/.gradle/.tmp/gradle_download5028168277305103018bin
[561807ac-3f58-4a4b-8c0c-17b156c9164d/Build]   | Downloading https://plugins.gradle.org/m2/com/diffplug/spotless/spotless-lib-extra/2.25.3/spotless-lib-extra-2.25.3.pom to /home/runneradmin/.gradle/.tmp/gradle_download12419978847233765504bin
[561807ac-3f58-4a4b-8c0c-17b156c9164d/Build]   | Downloading https://plugins.gradle.org/m2/com/diffplug/durian/durian-core/1.2.0/durian-core-1.2.0.pom to /home/runneradmin/.gradle/.tmp/gradle_download5693834862790568182bin
[561807ac-3f58-4a4b-8c0c-17b156c9164d/Build]   | Downloading https://plugins.gradle.org/m2/org/eclipse/jgit/org.eclipse.jgit-parent/5.13.0.202109080827-r/org.eclipse.jgit-parent-5.13.0.202109080827-r.pom to /home/runneradmin/.gradle/.tmp/gradle_download17387975755213653964bin
[561807ac-3f58-4a4b-8c0c-17b156c9164d/Build]   | Downloading https://plugins.gradle.org/m2/com/diffplug/spotless/spotless-lib/2.25.3/spotless-lib-2.25.3.pom to /home/runneradmin/.gradle/.tmp/gradle_download10698921583760781329bin
[561807ac-3f58-4a4b-8c0c-17b156c9164d/Build]   | Downloading https://plugins.gradle.org/m2/com/diffplug/durian/durian-io/1.2.0/durian-io-1.2.0.pom to /home/runneradmin/.gradle/.tmp/gradle_download15930484629819192248bin
[561807ac-3f58-4a4b-8c0c-17b156c9164d/Build]   | Downloading https://plugins.gradle.org/m2/com/diffplug/spotless/spotless-lib-extra/2.25.3/spotless-lib-extra-2.25.3.module to /home/runneradmin/.gradle/.tmp/gradle_download12380431914785304348bin
[561807ac-3f58-4a4b-8c0c-17b156c9164d/Build]   | Downloading https://plugins.gradle.org/m2/com/diffplug/spotless/spotless-lib/2.25.3/spotless-lib-2.25.3.module to /home/runneradmin/.gradle/.tmp/gradle_download12507503857987158055bin
[561807ac-3f58-4a4b-8c0c-17b156c9164d/Build]   | Downloading https://plugins.gradle.org/m2/org/openjdk/jmh/jmh-core/1.29/jmh-core-1.29.pom to /home/runneradmin/.gradle/.tmp/gradle_download15858316024725414503bin
[561807ac-3f58-4a4b-8c0c-17b156c9164d/Build]   | Downloading https://plugins.gradle.org/m2/org/openjdk/jmh/jmh-parent/1.29/jmh-parent-1.29.pom to /home/runneradmin/.gradle/.tmp/gradle_download11954829309795021016bin
[561807ac-3f58-4a4b-8c0c-17b156c9164d/Build]   | Downloading https://plugins.gradle.org/m2/org/jetbrains/kotlin/kotlin-native-utils/1.6.21/kotlin-native-utils-1.6.21.pom to /home/runneradmin/.gradle/.tmp/gradle_download4865286135505837098bin
[561807ac-3f58-4a4b-8c0c-17b156c9164d/Build]   | Downloading https://plugins.gradle.org/m2/org/jetbrains/kotlin/kotlin-util-io/1.6.21/kotlin-util-io-1.6.21.pom to /home/runneradmin/.gradle/.tmp/gradle_download238883208162324346bin
[561807ac-3f58-4a4b-8c0c-17b156c9164d/Build]   | Downloading https://plugins.gradle.org/m2/com/google/j2objc/j2objc-annotations/1.3/j2objc-annotations-1.3.pom to /home/runneradmin/.gradle/.tmp/gradle_download16967950141720663767bin
[561807ac-3f58-4a4b-8c0c-17b156c9164d/Build]   | Downloading https://plugins.gradle.org/m2/com/google/guava/listenablefuture/9999.0-empty-to-avoid-conflict-with-guava/listenablefuture-9999.0-empty-to-avoid-conflict-with-guava.pom to /home/runneradmin/.gradle/.tmp/gradle_download5964455536389449444bin
[561807ac-3f58-4a4b-8c0c-17b156c9164d/Build]   | Downloading https://plugins.gradle.org/m2/com/google/errorprone/error_prone_annotations/2.3.4/error_prone_annotations-2.3.4.pom to /home/runneradmin/.gradle/.tmp/gradle_download9827532942490678612bin
[561807ac-3f58-4a4b-8c0c-17b156c9164d/Build]   | Downloading https://plugins.gradle.org/m2/com/google/guava/failureaccess/1.0.1/failureaccess-1.0.1.pom to /home/runneradmin/.gradle/.tmp/gradle_download5585428015342899665bin
[561807ac-3f58-4a4b-8c0c-17b156c9164d/Build]   | Downloading https://plugins.gradle.org/m2/com/google/code/findbugs/jsr305/3.0.2/jsr305-3.0.2.pom to /home/runneradmin/.gradle/.tmp/gradle_download16823644268086725397bin
[561807ac-3f58-4a4b-8c0c-17b156c9164d/Build]   | Downloading https://plugins.gradle.org/m2/org/checkerframework/checker-qual/2.11.1/checker-qual-2.11.1.pom to /home/runneradmin/.gradle/.tmp/gradle_download2590103110871990896bin
[561807ac-3f58-4a4b-8c0c-17b156c9164d/Build]   | Downloading https://plugins.gradle.org/m2/com/google/errorprone/error_prone_parent/2.3.4/error_prone_parent-2.3.4.pom to /home/runneradmin/.gradle/.tmp/gradle_download5247769119483915435bin
[561807ac-3f58-4a4b-8c0c-17b156c9164d/Build]   | Downloading https://plugins.gradle.org/m2/com/google/guava/guava-parent/26.0-android/guava-parent-26.0-android.pom to /home/runneradmin/.gradle/.tmp/gradle_download11584711453218620006bin
[561807ac-3f58-4a4b-8c0c-17b156c9164d/Build]   | Downloading https://plugins.gradle.org/m2/org/sonatype/oss/oss-parent/9/oss-parent-9.pom to /home/runneradmin/.gradle/.tmp/gradle_download5042995409647430386bin
[561807ac-3f58-4a4b-8c0c-17b156c9164d/Build]   | Downloading https://plugins.gradle.org/m2/org/jetbrains/kotlin/kotlin-daemon-embeddable/1.6.21/kotlin-daemon-embeddable-1.6.21.pom to /home/runneradmin/.gradle/.tmp/gradle_download1394893475020446738bin
[561807ac-3f58-4a4b-8c0c-17b156c9164d/Build]   | Downloading https://plugins.gradle.org/m2/org/jetbrains/intellij/deps/trove4j/1.0.20200330/trove4j-1.0.20200330.pom to /home/runneradmin/.gradle/.tmp/gradle_download13840210119602739903bin
[561807ac-3f58-4a4b-8c0c-17b156c9164d/Build]   | Downloading https://plugins.gradle.org/m2/net/java/dev/jna/jna/5.6.0/jna-5.6.0.pom to /home/runneradmin/.gradle/.tmp/gradle_download4877970748435840065bin
[561807ac-3f58-4a4b-8c0c-17b156c9164d/Build]   | Downloading https://plugins.gradle.org/m2/org/jetbrains/kotlinx/kotlinx-coroutines-core-jvm/1.5.0/kotlinx-coroutines-core-jvm-1.5.0.pom to /home/runneradmin/.gradle/.tmp/gradle_download17680285511327688288bin
[561807ac-3f58-4a4b-8c0c-17b156c9164d/Build]   | Downloading https://plugins.gradle.org/m2/org/jetbrains/kotlin/kotlin-daemon-client/1.6.21/kotlin-daemon-client-1.6.21.pom to /home/runneradmin/.gradle/.tmp/gradle_download15663186629938151341bin
[561807ac-3f58-4a4b-8c0c-17b156c9164d/Build]   | Downloading https://plugins.gradle.org/m2/org/jetbrains/kotlinx/kotlinx-coroutines-core-jvm/1.5.0/kotlinx-coroutines-core-jvm-1.5.0.module to /home/runneradmin/.gradle/.tmp/gradle_download7529143665338652957bin
[561807ac-3f58-4a4b-8c0c-17b156c9164d/Build]   | Downloading https://plugins.gradle.org/m2/org/jetbrains/kotlin/kotlin-build-common/1.6.21/kotlin-build-common-1.6.21.pom to /home/runneradmin/.gradle/.tmp/gradle_download6546530567169163905bin
[561807ac-3f58-4a4b-8c0c-17b156c9164d/Build]   | Downloading https://plugins.gradle.org/m2/org/jetbrains/kotlin/kotlin-scripting-common/1.6.21/kotlin-scripting-common-1.6.21.pom to /home/runneradmin/.gradle/.tmp/gradle_download6539383857035231805bin
[561807ac-3f58-4a4b-8c0c-17b156c9164d/Build]   | Downloading https://plugins.gradle.org/m2/org/jetbrains/kotlin/kotlin-scripting-jvm/1.6.21/kotlin-scripting-jvm-1.6.21.pom to /home/runneradmin/.gradle/.tmp/gradle_download12252229123131371424bin
[561807ac-3f58-4a4b-8c0c-17b156c9164d/Build]   | Downloading https://plugins.gradle.org/m2/org/codehaus/groovy/groovy-xml/3.0.9/groovy-xml-3.0.9.pom to /home/runneradmin/.gradle/.tmp/gradle_download8409232468772549016bin
[561807ac-3f58-4a4b-8c0c-17b156c9164d/Build]   | Downloading https://plugins.gradle.org/m2/com/googlecode/concurrent-trees/concurrent-trees/2.6.1/concurrent-trees-2.6.1.pom to /home/runneradmin/.gradle/.tmp/gradle_download9253810571105751074bin
[561807ac-3f58-4a4b-8c0c-17b156c9164d/Build]   | Downloading https://plugins.gradle.org/m2/com/googlecode/javaewah/JavaEWAH/1.1.12/JavaEWAH-1.1.12.pom to /home/runneradmin/.gradle/.tmp/gradle_download12217216883433241605bin
[561807ac-3f58-4a4b-8c0c-17b156c9164d/Build]   | Downloading https://plugins.gradle.org/m2/org/slf4j/slf4j-api/1.7.30/slf4j-api-1.7.30.pom to /home/runneradmin/.gradle/.tmp/gradle_download4440382404582212233bin
[561807ac-3f58-4a4b-8c0c-17b156c9164d/Build]   | Downloading https://plugins.gradle.org/m2/org/slf4j/slf4j-parent/1.7.30/slf4j-parent-1.7.30.pom to /home/runneradmin/.gradle/.tmp/gradle_download7857351315507529384bin
[561807ac-3f58-4a4b-8c0c-17b156c9164d/Build]   | Downloading https://plugins.gradle.org/m2/org/sonatype/oss/oss-parent/5/oss-parent-5.pom to /home/runneradmin/.gradle/.tmp/gradle_download2139274046229949827bin
[561807ac-3f58-4a4b-8c0c-17b156c9164d/Build]   | Downloading https://plugins.gradle.org/m2/org/apache/commons/commons-math3/3.2/commons-math3-3.2.pom to /home/runneradmin/.gradle/.tmp/gradle_download11685737118318797878bin
[561807ac-3f58-4a4b-8c0c-17b156c9164d/Build]   | Downloading https://plugins.gradle.org/m2/net/sf/jopt-simple/jopt-simple/4.6/jopt-simple-4.6.pom to /home/runneradmin/.gradle/.tmp/gradle_download11227831900955749426bin
[561807ac-3f58-4a4b-8c0c-17b156c9164d/Build]   | Downloading https://plugins.gradle.org/m2/org/apache/commons/commons-parent/28/commons-parent-28.pom to /home/runneradmin/.gradle/.tmp/gradle_download17155093864539092976bin
[561807ac-3f58-4a4b-8c0c-17b156c9164d/Build]   | Downloading https://plugins.gradle.org/m2/org/apache/apache/13/apache-13.pom to /home/runneradmin/.gradle/.tmp/gradle_download10737879596733351032bin
[561807ac-3f58-4a4b-8c0c-17b156c9164d/Build]   | Downloading https://plugins.gradle.org/m2/org/codehaus/groovy/groovy/3.0.9/groovy-3.0.9.pom to /home/runneradmin/.gradle/.tmp/gradle_download12358798152998723039bin
[561807ac-3f58-4a4b-8c0c-17b156c9164d/Build]   | Downloading https://plugins.gradle.org/m2/org/jetbrains/kotlin/kotlin-compiler-embeddable/1.6.21/kotlin-compiler-embeddable-1.6.21.jar to /home/runneradmin/.gradle/.tmp/gradle_download7696765693386608004bin
[561807ac-3f58-4a4b-8c0c-17b156c9164d/Build]   | Downloading https://plugins.gradle.org/m2/com/google/code/gson/gson/2.8.9/gson-2.8.9.jar to /home/runneradmin/.gradle/.tmp/gradle_download8685415714329903448bin
[561807ac-3f58-4a4b-8c0c-17b156c9164d/Build]   | Downloading https://plugins.gradle.org/m2/com/diffplug/spotless/spotless-plugin-gradle/6.6.1/spotless-plugin-gradle-6.6.1.jar to /home/runneradmin/.gradle/.tmp/gradle_download17927151762934082348bin
[561807ac-3f58-4a4b-8c0c-17b156c9164d/Build]   | Downloading https://plugins.gradle.org/m2/org/jetbrains/kotlin/kotlin-annotation-processing-gradle/1.6.21/kotlin-annotation-processing-gradle-1.6.21.jar to /home/runneradmin/.gradle/.tmp/gradle_download15693706315309882728bin
[561807ac-3f58-4a4b-8c0c-17b156c9164d/Build]   | Downloading https://plugins.gradle.org/m2/org/jetbrains/kotlin/kotlin-compiler-runner/1.6.21/kotlin-compiler-runner-1.6.21.jar to /home/runneradmin/.gradle/.tmp/gradle_download17432568847276416740bin
[561807ac-3f58-4a4b-8c0c-17b156c9164d/Build]   | Downloading https://plugins.gradle.org/m2/org/jetbrains/kotlin/kotlin-klib-commonizer-api/1.6.21/kotlin-klib-commonizer-api-1.6.21.jar to /home/runneradmin/.gradle/.tmp/gradle_download17797125231319838345bin
[561807ac-3f58-4a4b-8c0c-17b156c9164d/Build]   | Downloading https://plugins.gradle.org/m2/org/jetbrains/kotlin/kotlin-project-model/1.6.21/kotlin-project-model-1.6.21.jar to /home/runneradmin/.gradle/.tmp/gradle_download1283859065418090215bin
[561807ac-3f58-4a4b-8c0c-17b156c9164d/Build]   | Downloading https://plugins.gradle.org/m2/com/google/guava/guava/29.0-jre/guava-29.0-jre.jar to /home/runneradmin/.gradle/.tmp/gradle_download10313034968153880805bin
[561807ac-3f58-4a4b-8c0c-17b156c9164d/Build]   | Downloading https://plugins.gradle.org/m2/org/jetbrains/kotlin/kotlin-scripting-compiler-embeddable/1.6.21/kotlin-scripting-compiler-embeddable-1.6.21.jar to /home/runneradmin/.gradle/.tmp/gradle_download5410836195293264936bin
[561807ac-3f58-4a4b-8c0c-17b156c9164d/Build]   | Downloading https://plugins.gradle.org/m2/org/eclipse/jgit/org.eclipse.jgit/5.13.0.202109080827-r/org.eclipse.jgit-5.13.0.202109080827-r.jar to /home/runneradmin/.gradle/.tmp/gradle_download10715185410196034119bin
[561807ac-3f58-4a4b-8c0c-17b156c9164d/Build]   | Downloading https://plugins.gradle.org/m2/com/github/gundy/semver4j/0.16.4/semver4j-0.16.4-nodeps.jar to /home/runneradmin/.gradle/.tmp/gradle_download6769635220143044134bin
[561807ac-3f58-4a4b-8c0c-17b156c9164d/Build]   | Downloading https://plugins.gradle.org/m2/org/jetbrains/kotlin/kotlin-gradle-plugin-api/1.6.21/kotlin-gradle-plugin-api-1.6.21.jar to /home/runneradmin/.gradle/.tmp/gradle_download2540218986140927781bin
[561807ac-3f58-4a4b-8c0c-17b156c9164d/Build]   | Downloading https://plugins.gradle.org/m2/org/openjdk/jmh/jmh-core/1.29/jmh-core-1.29.jar to /home/runneradmin/.gradle/.tmp/gradle_download6086863126403161339bin
[561807ac-3f58-4a4b-8c0c-17b156c9164d/Build]   | Downloading https://plugins.gradle.org/m2/org/sonarsource/scanner/gradle/sonarqube-gradle-plugin/3.3/sonarqube-gradle-plugin-3.3.jar to /home/runneradmin/.gradle/.tmp/gradle_download10541914786360765587bin
[561807ac-3f58-4a4b-8c0c-17b156c9164d/Build]   | Downloading https://plugins.gradle.org/m2/org/jetbrains/kotlin/kotlin-util-klib/1.6.21/kotlin-util-klib-1.6.21.jar to /home/runneradmin/.gradle/.tmp/gradle_download10752166372465103710bin
[561807ac-3f58-4a4b-8c0c-17b156c9164d/Build]   | Downloading https://plugins.gradle.org/m2/org/codehaus/groovy/groovy/3.0.9/groovy-3.0.9.jar to /home/runneradmin/.gradle/.tmp/gradle_download244491079835522817bin
[561807ac-3f58-4a4b-8c0c-17b156c9164d/Build]   | Downloading https://plugins.gradle.org/m2/com/diffplug/spotless/spotless-lib/2.25.3/spotless-lib-2.25.3.jar to /home/runneradmin/.gradle/.tmp/gradle_download15457924894563018848bin
[561807ac-3f58-4a4b-8c0c-17b156c9164d/Build]   | Downloading https://plugins.gradle.org/m2/com/diffplug/durian/durian-io/1.2.0/durian-io-1.2.0.jar to /home/runneradmin/.gradle/.tmp/gradle_download12260089410174254497bin
[561807ac-3f58-4a4b-8c0c-17b156c9164d/Build]   | Downloading https://plugins.gradle.org/m2/com/google/guava/listenablefuture/9999.0-empty-to-avoid-conflict-with-guava/listenablefuture-9999.0-empty-to-avoid-conflict-with-guava.jar to /home/runneradmin/.gradle/.tmp/gradle_download3526892876066183254bin
[561807ac-3f58-4a4b-8c0c-17b156c9164d/Build]   | Downloading https://plugins.gradle.org/m2/org/jetbrains/kotlin/kotlin-gradle-plugin-model/1.6.21/kotlin-gradle-plugin-model-1.6.21.jar to /home/runneradmin/.gradle/.tmp/gradle_download12575231277123917602bin
[561807ac-3f58-4a4b-8c0c-17b156c9164d/Build]   | Downloading https://plugins.gradle.org/m2/org/jetbrains/kotlin/kotlin-scripting-jvm/1.6.21/kotlin-scripting-jvm-1.6.21.jar to /home/runneradmin/.gradle/.tmp/gradle_download4750997927014750637bin
[561807ac-3f58-4a4b-8c0c-17b156c9164d/Build]   | Downloading https://plugins.gradle.org/m2/com/google/errorprone/error_prone_annotations/2.3.4/error_prone_annotations-2.3.4.jar to /home/runneradmin/.gradle/.tmp/gradle_download4079033661783550416bin
[561807ac-3f58-4a4b-8c0c-17b156c9164d/Build]   | Downloading https://plugins.gradle.org/m2/com/diffplug/spotless/spotless-lib-extra/2.25.3/spotless-lib-extra-2.25.3.jar to /home/runneradmin/.gradle/.tmp/gradle_download12476919016670601138bin
[561807ac-3f58-4a4b-8c0c-17b156c9164d/Build]   | Downloading https://plugins.gradle.org/m2/net/java/dev/jna/jna/5.6.0/jna-5.6.0.jar to /home/runneradmin/.gradle/.tmp/gradle_download16397222516802206155bin
[561807ac-3f58-4a4b-8c0c-17b156c9164d/Build]   | Downloading https://plugins.gradle.org/m2/org/jetbrains/kotlin/kotlin-daemon-client/1.6.21/kotlin-daemon-client-1.6.21.jar to /home/runneradmin/.gradle/.tmp/gradle_download14458124173674284964bin
[561807ac-3f58-4a4b-8c0c-17b156c9164d/Build]   | Downloading https://plugins.gradle.org/m2/org/jetbrains/kotlin/kotlin-build-common/1.6.21/kotlin-build-common-1.6.21.jar to /home/runneradmin/.gradle/.tmp/gradle_download5654157163274325171bin
[561807ac-3f58-4a4b-8c0c-17b156c9164d/Build]   | Downloading https://plugins.gradle.org/m2/com/diffplug/durian/durian-core/1.2.0/durian-core-1.2.0.jar to /home/runneradmin/.gradle/.tmp/gradle_download14880276033325429357bin
[561807ac-3f58-4a4b-8c0c-17b156c9164d/Build]   | Downloading https://plugins.gradle.org/m2/org/jetbrains/kotlin/kotlin-util-io/1.6.21/kotlin-util-io-1.6.21.jar to /home/runneradmin/.gradle/.tmp/gradle_download17857294151555782876bin
[561807ac-3f58-4a4b-8c0c-17b156c9164d/Build]   | Downloading https://plugins.gradle.org/m2/com/googlecode/concurrent-trees/concurrent-trees/2.6.1/concurrent-trees-2.6.1.jar to /home/runneradmin/.gradle/.tmp/gradle_download9680149403708710948bin
[561807ac-3f58-4a4b-8c0c-17b156c9164d/Build]   | Downloading https://plugins.gradle.org/m2/com/google/code/findbugs/jsr305/3.0.2/jsr305-3.0.2.jar to /home/runneradmin/.gradle/.tmp/gradle_download12710049668897748307bin
[561807ac-3f58-4a4b-8c0c-17b156c9164d/Build]   | Downloading https://plugins.gradle.org/m2/org/checkerframework/checker-qual/2.11.1/checker-qual-2.11.1.jar to /home/runneradmin/.gradle/.tmp/gradle_download966908398830986670bin
[561807ac-3f58-4a4b-8c0c-17b156c9164d/Build]   | Downloading https://plugins.gradle.org/m2/net/sf/jopt-simple/jopt-simple/4.6/jopt-simple-4.6.jar to /home/runneradmin/.gradle/.tmp/gradle_download14633456623852067299bin
[561807ac-3f58-4a4b-8c0c-17b156c9164d/Build]   | Downloading https://plugins.gradle.org/m2/com/google/guava/failureaccess/1.0.1/failureaccess-1.0.1.jar to /home/runneradmin/.gradle/.tmp/gradle_download18057413093519108393bin
[561807ac-3f58-4a4b-8c0c-17b156c9164d/Build]   | Downloading https://plugins.gradle.org/m2/com/google/j2objc/j2objc-annotations/1.3/j2objc-annotations-1.3.jar to /home/runneradmin/.gradle/.tmp/gradle_download13882051795264279304bin
[561807ac-3f58-4a4b-8c0c-17b156c9164d/Build]   | Downloading https://plugins.gradle.org/m2/com/diffplug/durian/durian-collect/1.2.0/durian-collect-1.2.0.jar to /home/runneradmin/.gradle/.tmp/gradle_download3658086355225204107bin
[561807ac-3f58-4a4b-8c0c-17b156c9164d/Build]   | Downloading https://plugins.gradle.org/m2/com/googlecode/javaewah/JavaEWAH/1.1.12/JavaEWAH-1.1.12.jar to /home/runneradmin/.gradle/.tmp/gradle_download7357242084372431088bin
[561807ac-3f58-4a4b-8c0c-17b156c9164d/Build]   | Downloading https://plugins.gradle.org/m2/org/jetbrains/kotlin/kotlin-scripting-common/1.6.21/kotlin-scripting-common-1.6.21.jar to /home/runneradmin/.gradle/.tmp/gradle_download12055279823744704361bin
[561807ac-3f58-4a4b-8c0c-17b156c9164d/Build]   | Downloading https://plugins.gradle.org/m2/org/jetbrains/kotlinx/kotlinx-coroutines-core-jvm/1.5.0/kotlinx-coroutines-core-jvm-1.5.0.jar to /home/runneradmin/.gradle/.tmp/gradle_download12139538297230058261bin
[561807ac-3f58-4a4b-8c0c-17b156c9164d/Build]   | Downloading https://plugins.gradle.org/m2/org/jetbrains/kotlin/kotlin-daemon-embeddable/1.6.21/kotlin-daemon-embeddable-1.6.21.jar to /home/runneradmin/.gradle/.tmp/gradle_download1851223795270562353bin
[561807ac-3f58-4a4b-8c0c-17b156c9164d/Build]   | Downloading https://plugins.gradle.org/m2/org/jetbrains/kotlin/kotlin-native-utils/1.6.21/kotlin-native-utils-1.6.21.jar to /home/runneradmin/.gradle/.tmp/gradle_download9217145038267805659bin
[561807ac-3f58-4a4b-8c0c-17b156c9164d/Build]   | Downloading https://plugins.gradle.org/m2/org/jetbrains/kotlin/kotlin-tooling-metadata/1.6.21/kotlin-tooling-metadata-1.6.21.jar to /home/runneradmin/.gradle/.tmp/gradle_download8586298979098273643bin
[561807ac-3f58-4a4b-8c0c-17b156c9164d/Build]   | Downloading https://plugins.gradle.org/m2/org/sonarsource/scanner/api/sonar-scanner-api/2.16.1.361/sonar-scanner-api-2.16.1.361.jar to /home/runneradmin/.gradle/.tmp/gradle_download3446231516661896260bin
[561807ac-3f58-4a4b-8c0c-17b156c9164d/Build]   | Downloading https://plugins.gradle.org/m2/org/codehaus/groovy/groovy-xml/3.0.9/groovy-xml-3.0.9.jar to /home/runneradmin/.gradle/.tmp/gradle_download10924737047508789383bin
[561807ac-3f58-4a4b-8c0c-17b156c9164d/Build]   | Downloading https://plugins.gradle.org/m2/de/undercouch/gradle-download-task/4.1.1/gradle-download-task-4.1.1.jar to /home/runneradmin/.gradle/.tmp/gradle_download5634000314085890856bin
[561807ac-3f58-4a4b-8c0c-17b156c9164d/Build]   | Downloading https://plugins.gradle.org/m2/org/jetbrains/kotlin/kotlin-gradle-plugin/1.6.21/kotlin-gradle-plugin-1.6.21.jar to /home/runneradmin/.gradle/.tmp/gradle_download3152703569382465324bin
[561807ac-3f58-4a4b-8c0c-17b156c9164d/Build]   | Downloading https://plugins.gradle.org/m2/org/apache/commons/commons-math3/3.2/commons-math3-3.2.jar to /home/runneradmin/.gradle/.tmp/gradle_download9993668332820208335bin
[561807ac-3f58-4a4b-8c0c-17b156c9164d/Build]   | Downloading https://plugins.gradle.org/m2/org/jetbrains/kotlin/kotlin-android-extensions/1.6.21/kotlin-android-extensions-1.6.21.jar to /home/runneradmin/.gradle/.tmp/gradle_download4493184257759870269bin
[561807ac-3f58-4a4b-8c0c-17b156c9164d/Build]   | Downloading https://plugins.gradle.org/m2/org/jetbrains/kotlin/kotlin-scripting-compiler-impl-embeddable/1.6.21/kotlin-scripting-compiler-impl-embeddable-1.6.21.jar to /home/runneradmin/.gradle/.tmp/gradle_download15268394655637374378bin
[561807ac-3f58-4a4b-8c0c-17b156c9164d/Build]   | Downloading https://plugins.gradle.org/m2/org/jetbrains/intellij/deps/trove4j/1.0.20200330/trove4j-1.0.20200330.jar to /home/runneradmin/.gradle/.tmp/gradle_download1663791226250876265bin
[561807ac-3f58-4a4b-8c0c-17b156c9164d/Build]   | Downloading https://plugins.gradle.org/m2/org/slf4j/slf4j-api/1.7.30/slf4j-api-1.7.30.jar to /home/runneradmin/.gradle/.tmp/gradle_download15716271736572059153bin
[561807ac-3f58-4a4b-8c0c-17b156c9164d/Build]   | Downloading https://plugins.gradle.org/m2/io/github/gradle-nexus/publish-plugin/1.1.0/publish-plugin-1.1.0.jar to /home/runneradmin/.gradle/.tmp/gradle_download2730121621317154209bin
[561807ac-3f58-4a4b-8c0c-17b156c9164d/Build]   | Downloading https://plugins.gradle.org/m2/me/champeau/jmh/jmh-gradle-plugin/0.6.6/jmh-gradle-plugin-0.6.6.jar to /home/runneradmin/.gradle/.tmp/gradle_download16391263369921672810bin
[561807ac-3f58-4a4b-8c0c-17b156c9164d/Build]   | kotlin scripting plugin: created the scripting discovery configuration: kotlinScriptDef
[561807ac-3f58-4a4b-8c0c-17b156c9164d/Build]   | kotlin scripting plugin: created the scripting discovery configuration: testKotlinScriptDef
[561807ac-3f58-4a4b-8c0c-17b156c9164d/Build]   | kotlin scripting plugin: created the scripting discovery configuration: jmhKotlinScriptDef
[561807ac-3f58-4a4b-8c0c-17b156c9164d/Build]   | Compiling build file '/tmp/781b3bf2-9b1c-45ab-a2b7-2730b1638bcc/build.gradle' using BuildScriptTransformer.
[561807ac-3f58-4a4b-8c0c-17b156c9164d/Build]   | Downloading https://repo.maven.apache.org/maven2/com/worksap/nlp/jdartsclone/1.2.0/jdartsclone-1.2.0.pom to /home/runneradmin/.gradle/.tmp/gradle_download13596103153311156823bin
[561807ac-3f58-4a4b-8c0c-17b156c9164d/Build]   | Downloading https://repo.maven.apache.org/maven2/org/glassfish/javax.json/1.1.4/javax.json-1.1.4.pom to /home/runneradmin/.gradle/.tmp/gradle_download5568175256110016342bin
[561807ac-3f58-4a4b-8c0c-17b156c9164d/Build]   | Downloading https://repo.maven.apache.org/maven2/org/glassfish/json/1.1.4/json-1.1.4.pom to /home/runneradmin/.gradle/.tmp/gradle_download8734554009781384161bin
[561807ac-3f58-4a4b-8c0c-17b156c9164d/Build]   | Downloading https://repo.maven.apache.org/maven2/net/java/jvnet-parent/5/jvnet-parent-5.pom to /home/runneradmin/.gradle/.tmp/gradle_download12819274010829340333bin
[561807ac-3f58-4a4b-8c0c-17b156c9164d/Build]   | Downloading https://repo.maven.apache.org/maven2/org/glassfish/javax.json/1.1.4/javax.json-1.1.4.jar to /home/runneradmin/.gradle/.tmp/gradle_download13067218737519603152bin
[561807ac-3f58-4a4b-8c0c-17b156c9164d/Build]   | Downloading https://repo.maven.apache.org/maven2/com/worksap/nlp/jdartsclone/1.2.0/jdartsclone-1.2.0.jar to /home/runneradmin/.gradle/.tmp/gradle_download15491619431041544114bin
[561807ac-3f58-4a4b-8c0c-17b156c9164d/Build]   | All projects evaluated.
[561807ac-3f58-4a4b-8c0c-17b156c9164d/Build]   | Selected primary task 'build' from project :
[561807ac-3f58-4a4b-8c0c-17b156c9164d/Build]   | Downloading https://repo.maven.apache.org/maven2/com/facebook/ktfmt/0.36/ktfmt-0.36.pom to /home/runneradmin/.gradle/.tmp/gradle_download998154197644844166bin
[561807ac-3f58-4a4b-8c0c-17b156c9164d/Build]   | Downloading https://repo.maven.apache.org/maven2/com/facebook/ktfmt-parent/0.36/ktfmt-parent-0.36.pom to /home/runneradmin/.gradle/.tmp/gradle_download18190774913414019917bin
[561807ac-3f58-4a4b-8c0c-17b156c9164d/Build]   | Downloading https://repo.maven.apache.org/maven2/com/google/googlejavaformat/google-java-format/1.8/google-java-format-1.8.pom to /home/runneradmin/.gradle/.tmp/gradle_download12748759321358447140bin
[561807ac-3f58-4a4b-8c0c-17b156c9164d/Build]   | Downloading https://repo.maven.apache.org/maven2/net/java/dev/jna/jna/4.2.2/jna-4.2.2.pom to /home/runneradmin/.gradle/.tmp/gradle_download2498747682111289481bin
[561807ac-3f58-4a4b-8c0c-17b156c9164d/Build]   | Found locally available resource with matching checksum: [https://repo.maven.apache.org/maven2/com/google/guava/guava/29.0-jre/guava-29.0-jre.pom, /home/runneradmin/.gradle/caches/modules-2/files-2.1/com.google.guava/guava/29.0-jre/e40cdee0d70244df1e963daac53a16241aea4585/guava-29.0-jre.pom]
[561807ac-3f58-4a4b-8c0c-17b156c9164d/Build]   | Downloading https://repo.maven.apache.org/maven2/org/jetbrains/kotlin/kotlin-stdlib-jdk7/1.6.10/kotlin-stdlib-jdk7-1.6.10.pom to /home/runneradmin/.gradle/.tmp/gradle_download8208414798671785092bin
[561807ac-3f58-4a4b-8c0c-17b156c9164d/Build]   | Downloading https://repo.maven.apache.org/maven2/com/google/googlejavaformat/google-java-format-parent/1.8/google-java-format-parent-1.8.pom to /home/runneradmin/.gradle/.tmp/gradle_download12986024399873341017bin
[561807ac-3f58-4a4b-8c0c-17b156c9164d/Build]   | Downloading https://repo.maven.apache.org/maven2/org/jetbrains/kotlin/kotlin-compiler-embeddable/1.6.10/kotlin-compiler-embeddable-1.6.10.pom to /home/runneradmin/.gradle/.tmp/gradle_download11564040879248559411bin
[561807ac-3f58-4a4b-8c0c-17b156c9164d/Build]   | Found locally available resource with matching checksum: [https://repo.maven.apache.org/maven2/com/google/guava/guava-parent/29.0-jre/guava-parent-29.0-jre.pom, /home/runneradmin/.gradle/caches/modules-2/files-2.1/com.google.guava/guava-parent/29.0-jre/bd26677407fe1a325335f7c0b96ed42417198250/guava-parent-29.0-jre.pom]
[561807ac-3f58-4a4b-8c0c-17b156c9164d/Build]   | Found locally available resource with matching checksum: [https://repo.maven.apache.org/maven2/org/sonatype/oss/oss-parent/7/oss-parent-7.pom, /home/runneradmin/.gradle/caches/modules-2/files-2.1/org.sonatype.oss/oss-parent/7/46b8a785b60a2767095b8611613b58577e96d4c9/oss-parent-7.pom]
[561807ac-3f58-4a4b-8c0c-17b156c9164d/Build]   | Found locally available resource with matching checksum: [https://repo.maven.apache.org/maven2/com/google/guava/listenablefuture/9999.0-empty-to-avoid-conflict-with-guava/listenablefuture-9999.0-empty-to-avoid-conflict-with-guava.pom, /home/runneradmin/.gradle/caches/modules-2/files-2.1/com.google.guava/listenablefuture/9999.0-empty-to-avoid-conflict-with-guava/1b77ba79f9b2b7dfd4e15ea7bb0d568d5eb9cb8d/listenablefuture-9999.0-empty-to-avoid-conflict-with-guava.pom]
[561807ac-3f58-4a4b-8c0c-17b156c9164d/Build]   | Found locally available resource with matching checksum: [https://repo.maven.apache.org/maven2/com/google/guava/failureaccess/1.0.1/failureaccess-1.0.1.pom, /home/runneradmin/.gradle/caches/modules-2/files-2.1/com.google.guava/failureaccess/1.0.1/e8160e78fdaaf7088621dc1649d9dd2dfcf8d0e8/failureaccess-1.0.1.pom]
[561807ac-3f58-4a4b-8c0c-17b156c9164d/Build]   | Found locally available resource with matching checksum: [https://repo.maven.apache.org/maven2/com/google/j2objc/j2objc-annotations/1.3/j2objc-annotations-1.3.pom, /home/runneradmin/.gradle/caches/modules-2/files-2.1/com.google.j2objc/j2objc-annotations/1.3/47e0dd93285dcc6b33181713bc7e8aed66742964/j2objc-annotations-1.3.pom]
[561807ac-3f58-4a4b-8c0c-17b156c9164d/Build]   | Found locally available resource with matching checksum: [https://repo.maven.apache.org/maven2/org/checkerframework/checker-qual/2.11.1/checker-qual-2.11.1.pom, /home/runneradmin/.gradle/caches/modules-2/files-2.1/org.checkerframework/checker-qual/2.11.1/ebc1b44da8503640e2ed42627b299272c8c72824/checker-qual-2.11.1.pom]
[561807ac-3f58-4a4b-8c0c-17b156c9164d/Build]   | Found locally available resource with matching checksum: [https://repo.maven.apache.org/maven2/com/google/code/findbugs/jsr305/3.0.2/jsr305-3.0.2.pom, /home/runneradmin/.gradle/caches/modules-2/files-2.1/com.google.code.findbugs/jsr305/3.0.2/8d93cdf4d84d7e1de736df607945c6df0730a10f/jsr305-3.0.2.pom]
[561807ac-3f58-4a4b-8c0c-17b156c9164d/Build]   | Found locally available resource with matching checksum: [https://repo.maven.apache.org/maven2/com/google/errorprone/error_prone_annotations/2.3.4/error_prone_annotations-2.3.4.pom, /home/runneradmin/.gradle/caches/modules-2/files-2.1/com.google.errorprone/error_prone_annotations/2.3.4/9a23fcb83bc8ed502506a8e6c648bf763dc5bcf9/error_prone_annotations-2.3.4.pom]
[561807ac-3f58-4a4b-8c0c-17b156c9164d/Build]   | Found locally available resource with matching checksum: [https://repo.maven.apache.org/maven2/com/google/guava/guava-parent/26.0-android/guava-parent-26.0-android.pom, /home/runneradmin/.gradle/caches/modules-2/files-2.1/com.google.guava/guava-parent/26.0-android/a2c0df489614352b7e8e503e274bd1dee5c42a64/guava-parent-26.0-android.pom]
[561807ac-3f58-4a4b-8c0c-17b156c9164d/Build]   | Found locally available resource with matching checksum: [https://repo.maven.apache.org/maven2/com/google/errorprone/error_prone_parent/2.3.4/error_prone_parent-2.3.4.pom, /home/runneradmin/.gradle/caches/modules-2/files-2.1/com.google.errorprone/error_prone_parent/2.3.4/a9b9dd42d174a5f96d6c195525877fc6d0b2028a/error_prone_parent-2.3.4.pom]
[561807ac-3f58-4a4b-8c0c-17b156c9164d/Build]   | Found locally available resource with matching checksum: [https://repo.maven.apache.org/maven2/org/sonatype/oss/oss-parent/9/oss-parent-9.pom, /home/runneradmin/.gradle/caches/modules-2/files-2.1/org.sonatype.oss/oss-parent/9/e5cdc4d23b86d79c436f16fed20853284e868f65/oss-parent-9.pom]
[561807ac-3f58-4a4b-8c0c-17b156c9164d/Build]   | Downloading https://repo.maven.apache.org/maven2/org/jetbrains/kotlin/kotlin-stdlib/1.6.10/kotlin-stdlib-1.6.10.pom to /home/runneradmin/.gradle/.tmp/gradle_download5646102416665285880bin
[561807ac-3f58-4a4b-8c0c-17b156c9164d/Build]   | Found locally available resource with matching checksum: [https://repo.maven.apache.org/maven2/net/java/dev/jna/jna/5.6.0/jna-5.6.0.pom, /home/runneradmin/.gradle/caches/modules-2/files-2.1/net.java.dev.jna/jna/5.6.0/e542808a6326ec0302c0b09011cb4363e1ece380/jna-5.6.0.pom]
[561807ac-3f58-4a4b-8c0c-17b156c9164d/Build]   | Downloading https://repo.maven.apache.org/maven2/org/jetbrains/kotlin/kotlin-script-runtime/1.6.10/kotlin-script-runtime-1.6.10.pom to /home/runneradmin/.gradle/.tmp/gradle_download7642056561925071509bin
[561807ac-3f58-4a4b-8c0c-17b156c9164d/Build]   | Downloading https://repo.maven.apache.org/maven2/org/jetbrains/kotlin/kotlin-reflect/1.6.10/kotlin-reflect-1.6.10.pom to /home/runneradmin/.gradle/.tmp/gradle_download17111501126737837471bin
[561807ac-3f58-4a4b-8c0c-17b156c9164d/Build]   | Downloading https://repo.maven.apache.org/maven2/org/jetbrains/intellij/deps/trove4j/1.0.20181211/trove4j-1.0.20181211.pom to /home/runneradmin/.gradle/.tmp/gradle_download14312547089139398010bin
[561807ac-3f58-4a4b-8c0c-17b156c9164d/Build]   | Downloading https://repo.maven.apache.org/maven2/org/jetbrains/kotlin/kotlin-daemon-embeddable/1.6.10/kotlin-daemon-embeddable-1.6.10.pom to /home/runneradmin/.gradle/.tmp/gradle_download6395941958629653434bin
[561807ac-3f58-4a4b-8c0c-17b156c9164d/Build]   | Downloading https://repo.maven.apache.org/maven2/org/jetbrains/annotations/13.0/annotations-13.0.pom to /home/runneradmin/.gradle/.tmp/gradle_download4777562625769917434bin
[561807ac-3f58-4a4b-8c0c-17b156c9164d/Build]   | Downloading https://repo.maven.apache.org/maven2/org/jetbrains/kotlin/kotlin-stdlib-common/1.6.10/kotlin-stdlib-common-1.6.10.pom to /home/runneradmin/.gradle/.tmp/gradle_download4857221544195245918bin
[561807ac-3f58-4a4b-8c0c-17b156c9164d/Build]   | Downloading https://repo.maven.apache.org/maven2/com/google/googlejavaformat/google-java-format/1.8/google-java-format-1.8.jar to /home/runneradmin/.gradle/.tmp/gradle_download12361869315657487800bin
[561807ac-3f58-4a4b-8c0c-17b156c9164d/Build]   | Downloading https://repo.maven.apache.org/maven2/com/facebook/ktfmt/0.36/ktfmt-0.36.jar to /home/runneradmin/.gradle/.tmp/gradle_download14324261171252231502bin
[561807ac-3f58-4a4b-8c0c-17b156c9164d/Build]   | Downloading https://repo.maven.apache.org/maven2/org/jetbrains/kotlin/kotlin-stdlib-jdk7/1.6.10/kotlin-stdlib-jdk7-1.6.10.jar to /home/runneradmin/.gradle/.tmp/gradle_download5664692093832747436bin
[561807ac-3f58-4a4b-8c0c-17b156c9164d/Build]   | Found locally available resource with matching checksum: [https://repo.maven.apache.org/maven2/com/google/j2objc/j2objc-annotations/1.3/j2objc-annotations-1.3.jar, /home/runneradmin/.gradle/caches/modules-2/files-2.1/com.google.j2objc/j2objc-annotations/1.3/ba035118bc8bac37d7eff77700720999acd9986d/j2objc-annotations-1.3.jar]
[561807ac-3f58-4a4b-8c0c-17b156c9164d/Build]   | Downloading https://repo.maven.apache.org/maven2/org/jetbrains/kotlin/kotlin-daemon-embeddable/1.6.10/kotlin-daemon-embeddable-1.6.10.jar to /home/runneradmin/.gradle/.tmp/gradle_download4618584587712477356bin
[561807ac-3f58-4a4b-8c0c-17b156c9164d/Build]   | Found locally available resource with matching checksum: [https://repo.maven.apache.org/maven2/com/google/guava/guava/29.0-jre/guava-29.0-jre.jar, /home/runneradmin/.gradle/caches/modules-2/files-2.1/com.google.guava/guava/29.0-jre/801142b4c3d0f0770dd29abea50906cacfddd447/guava-29.0-jre.jar]
[561807ac-3f58-4a4b-8c0c-17b156c9164d/Build]   | Downloading https://repo.maven.apache.org/maven2/org/jetbrains/kotlin/kotlin-stdlib/1.6.10/kotlin-stdlib-1.6.10.jar to /home/runneradmin/.gradle/.tmp/gradle_download309235071440906444bin
[561807ac-3f58-4a4b-8c0c-17b156c9164d/Build]   | Found locally available resource with matching checksum: [https://repo.maven.apache.org/maven2/com/google/errorprone/error_prone_annotations/2.3.4/error_prone_annotations-2.3.4.jar, /home/runneradmin/.gradle/caches/modules-2/files-2.1/com.google.errorprone/error_prone_annotations/2.3.4/dac170e4594de319655ffb62f41cbd6dbb5e601e/error_prone_annotations-2.3.4.jar]
[561807ac-3f58-4a4b-8c0c-17b156c9164d/Build]   | Downloading https://repo.maven.apache.org/maven2/org/jetbrains/kotlin/kotlin-compiler-embeddable/1.6.10/kotlin-compiler-embeddable-1.6.10.jar to /home/runneradmin/.gradle/.tmp/gradle_download8986317102940971788bin
[561807ac-3f58-4a4b-8c0c-17b156c9164d/Build]   | Downloading https://repo.maven.apache.org/maven2/org/jetbrains/intellij/deps/trove4j/1.0.20181211/trove4j-1.0.20181211.jar to /home/runneradmin/.gradle/.tmp/gradle_download14963545114442738879bin
[561807ac-3f58-4a4b-8c0c-17b156c9164d/Build]   | Found locally available resource with matching checksum: [https://repo.maven.apache.org/maven2/com/google/guava/listenablefuture/9999.0-empty-to-avoid-conflict-with-guava/listenablefuture-9999.0-empty-to-avoid-conflict-with-guava.jar, /home/runneradmin/.gradle/caches/modules-2/files-2.1/com.google.guava/listenablefuture/9999.0-empty-to-avoid-conflict-with-guava/b421526c5f297295adef1c886e5246c39d4ac629/listenablefuture-9999.0-empty-to-avoid-conflict-with-guava.jar]
[561807ac-3f58-4a4b-8c0c-17b156c9164d/Build]   | Downloading https://repo.maven.apache.org/maven2/org/jetbrains/annotations/13.0/annotations-13.0.jar to /home/runneradmin/.gradle/.tmp/gradle_download16011813467852964966bin
[561807ac-3f58-4a4b-8c0c-17b156c9164d/Build]   | Downloading https://repo.maven.apache.org/maven2/org/jetbrains/kotlin/kotlin-stdlib-common/1.6.10/kotlin-stdlib-common-1.6.10.jar to /home/runneradmin/.gradle/.tmp/gradle_download3473387433266501693bin
[561807ac-3f58-4a4b-8c0c-17b156c9164d/Build]   | Found locally available resource with matching checksum: [https://repo.maven.apache.org/maven2/net/java/dev/jna/jna/5.6.0/jna-5.6.0.jar, /home/runneradmin/.gradle/caches/modules-2/files-2.1/net.java.dev.jna/jna/5.6.0/330f2244e9030119ab3030fc3fededc86713d9cc/jna-5.6.0.jar]
[561807ac-3f58-4a4b-8c0c-17b156c9164d/Build]   | Downloading https://repo.maven.apache.org/maven2/org/jetbrains/kotlin/kotlin-script-runtime/1.6.10/kotlin-script-runtime-1.6.10.jar to /home/runneradmin/.gradle/.tmp/gradle_download199774145709896922bin
[561807ac-3f58-4a4b-8c0c-17b156c9164d/Build]   | Found locally available resource with matching checksum: [https://repo.maven.apache.org/maven2/com/google/code/findbugs/jsr305/3.0.2/jsr305-3.0.2.jar, /home/runneradmin/.gradle/caches/modules-2/files-2.1/com.google.code.findbugs/jsr305/3.0.2/25ea2e8b0c338a877313bd4672d3fe056ea78f0d/jsr305-3.0.2.jar]
[561807ac-3f58-4a4b-8c0c-17b156c9164d/Build]   | Found locally available resource with matching checksum: [https://repo.maven.apache.org/maven2/org/checkerframework/checker-qual/2.11.1/checker-qual-2.11.1.jar, /home/runneradmin/.gradle/caches/modules-2/files-2.1/org.checkerframework/checker-qual/2.11.1/8c43bf8f99b841d23aadda6044329dad9b63c185/checker-qual-2.11.1.jar]
[561807ac-3f58-4a4b-8c0c-17b156c9164d/Build]   | Found locally available resource with matching checksum: [https://repo.maven.apache.org/maven2/com/google/guava/failureaccess/1.0.1/failureaccess-1.0.1.jar, /home/runneradmin/.gradle/caches/modules-2/files-2.1/com.google.guava/failureaccess/1.0.1/1dcf1de382a0bf95a3d8b0849546c88bac1292c9/failureaccess-1.0.1.jar]
[561807ac-3f58-4a4b-8c0c-17b156c9164d/Build]   | Downloading https://repo.maven.apache.org/maven2/org/jetbrains/kotlin/kotlin-reflect/1.6.10/kotlin-reflect-1.6.10.jar to /home/runneradmin/.gradle/.tmp/gradle_download1292817880594834757bin
[561807ac-3f58-4a4b-8c0c-17b156c9164d/Build]   | file or directory '/tmp/781b3bf2-9b1c-45ab-a2b7-2730b1638bcc/src/jmh/resources', not found
[561807ac-3f58-4a4b-8c0c-17b156c9164d/Build]   | file or directory '/tmp/781b3bf2-9b1c-45ab-a2b7-2730b1638bcc/src/jmh/kotlin', not found
[561807ac-3f58-4a4b-8c0c-17b156c9164d/Build]   | file or directory '/tmp/781b3bf2-9b1c-45ab-a2b7-2730b1638bcc/src/main/kotlin', not found
[561807ac-3f58-4a4b-8c0c-17b156c9164d/Build]   | file or directory '/tmp/781b3bf2-9b1c-45ab-a2b7-2730b1638bcc/src/test/kotlin', not found
[561807ac-3f58-4a4b-8c0c-17b156c9164d/Build]   | Downloading https://repo.maven.apache.org/maven2/org/eclipse/platform/org.eclipse.equinox.app/1.6.0/org.eclipse.equinox.app-1.6.0.pom to /home/runneradmin/.gradle/.tmp/gradle_download17680475528627483587bin
[561807ac-3f58-4a4b-8c0c-17b156c9164d/Build]   | Downloading https://repo.maven.apache.org/maven2/org/eclipse/platform/org.eclipse.osgi/3.17.0/org.eclipse.osgi-3.17.0.pom to /home/runneradmin/.gradle/.tmp/gradle_download11293117918126794543bin
[561807ac-3f58-4a4b-8c0c-17b156c9164d/Build]   | Downloading https://repo.maven.apache.org/maven2/net/jcip/jcip-annotations/1.0/jcip-annotations-1.0.pom to /home/runneradmin/.gradle/.tmp/gradle_download14303861534937207231bin
[561807ac-3f58-4a4b-8c0c-17b156c9164d/Build]   | Downloading https://repo.maven.apache.org/maven2/org/eclipse/platform/org.eclipse.core.runtime/3.23.0/org.eclipse.core.runtime-3.23.0.pom to /home/runneradmin/.gradle/.tmp/gradle_download11620912533959140884bin
[561807ac-3f58-4a4b-8c0c-17b156c9164d/Build]   | Downloading https://repo.maven.apache.org/maven2/org/eclipse/platform/org.eclipse.equinox.registry/3.11.0/org.eclipse.equinox.registry-3.11.0.pom to /home/runneradmin/.gradle/.tmp/gradle_download17755787928124341494bin
[561807ac-3f58-4a4b-8c0c-17b156c9164d/Build]   | Downloading https://repo.maven.apache.org/maven2/com/github/spotbugs/spotbugs-annotations/4.0.2/spotbugs-annotations-4.0.2.pom to /home/runneradmin/.gradle/.tmp/gradle_download8511818497603894079bin
[561807ac-3f58-4a4b-8c0c-17b156c9164d/Build]   | Downloading https://repo.maven.apache.org/maven2/org/eclipse/platform/org.eclipse.core.contenttype/3.8.0/org.eclipse.core.contenttype-3.8.0.pom to /home/runneradmin/.gradle/.tmp/gradle_download13615815302837754824bin
[561807ac-3f58-4a4b-8c0c-17b156c9164d/Build]   | Downloading https://repo.maven.apache.org/maven2/org/eclipse/platform/org.eclipse.text/3.12.0/org.eclipse.text-3.12.0.pom to /home/runneradmin/.gradle/.tmp/gradle_download14057291494313454330bin
[561807ac-3f58-4a4b-8c0c-17b156c9164d/Build]   | Downloading https://repo.maven.apache.org/maven2/com/diffplug/spotless/spotless-eclipse-base/3.5.2/spotless-eclipse-base-3.5.2.pom to /home/runneradmin/.gradle/.tmp/gradle_download10912257590843096625bin
[561807ac-3f58-4a4b-8c0c-17b156c9164d/Build]   | Downloading https://repo.maven.apache.org/maven2/org/eclipse/platform/org.eclipse.core.filesystem/1.9.100/org.eclipse.core.filesystem-1.9.100.pom to /home/runneradmin/.gradle/.tmp/gradle_download16046353684309097911bin
[561807ac-3f58-4a4b-8c0c-17b156c9164d/Build]   | Downloading https://repo.maven.apache.org/maven2/org/eclipse/jdt/org.eclipse.jdt.core/3.27.0/org.eclipse.jdt.core-3.27.0.pom to /home/runneradmin/.gradle/.tmp/gradle_download14177428332538920192bin
[561807ac-3f58-4a4b-8c0c-17b156c9164d/Build]   | Downloading https://repo.maven.apache.org/maven2/org/eclipse/platform/org.eclipse.core.resources/3.15.100/org.eclipse.core.resources-3.15.100.pom to /home/runneradmin/.gradle/.tmp/gradle_download15971344698761638364bin
[561807ac-3f58-4a4b-8c0c-17b156c9164d/Build]   | Downloading https://repo.maven.apache.org/maven2/org/eclipse/platform/org.eclipse.core.commands/3.10.100/org.eclipse.core.commands-3.10.100.pom to /home/runneradmin/.gradle/.tmp/gradle_download17892057239648327064bin
[561807ac-3f58-4a4b-8c0c-17b156c9164d/Build]   | Downloading https://repo.maven.apache.org/maven2/org/eclipse/platform/org.eclipse.core.jobs/3.12.0/org.eclipse.core.jobs-3.12.0.pom to /home/runneradmin/.gradle/.tmp/gradle_download9749572986764411742bin
[561807ac-3f58-4a4b-8c0c-17b156c9164d/Build]   | Downloading https://repo.maven.apache.org/maven2/org/eclipse/platform/org.eclipse.equinox.common/3.15.0/org.eclipse.equinox.common-3.15.0.pom to /home/runneradmin/.gradle/.tmp/gradle_download16419814665896440296bin
[561807ac-3f58-4a4b-8c0c-17b156c9164d/Build]   | Downloading https://repo.maven.apache.org/maven2/org/eclipse/platform/org.eclipse.equinox.preferences/3.9.0/org.eclipse.equinox.preferences-3.9.0.pom to /home/runneradmin/.gradle/.tmp/gradle_download441948517066480584bin
[561807ac-3f58-4a4b-8c0c-17b156c9164d/Build]   | Downloading https://repo.maven.apache.org/maven2/com/diffplug/spotless/spotless-eclipse-jdt/4.8.1/spotless-eclipse-jdt-4.8.1.pom to /home/runneradmin/.gradle/.tmp/gradle_download15078725290190221510bin
[561807ac-3f58-4a4b-8c0c-17b156c9164d/Build]   | Downloading https://repo.maven.apache.org/maven2/com/github/spotbugs/spotbugs-annotations/4.0.2/spotbugs-annotations-4.0.2.module to /home/runneradmin/.gradle/.tmp/gradle_download10693265397294933576bin
[561807ac-3f58-4a4b-8c0c-17b156c9164d/Build]   | Downloading https://repo.maven.apache.org/maven2/com/diffplug/spotless/spotless-eclipse-base/3.5.2/spotless-eclipse-base-3.5.2.module to /home/runneradmin/.gradle/.tmp/gradle_download13303025014464240076bin
[561807ac-3f58-4a4b-8c0c-17b156c9164d/Build]   | Downloading https://repo.maven.apache.org/maven2/com/diffplug/spotless/spotless-eclipse-jdt/4.8.1/spotless-eclipse-jdt-4.8.1.module to /home/runneradmin/.gradle/.tmp/gradle_download8674988115312231117bin
[561807ac-3f58-4a4b-8c0c-17b156c9164d/Build]   | Downloading https://repo.maven.apache.org/maven2/com/diffplug/spotless/spotless-eclipse-base/3.5.2/spotless-eclipse-base-3.5.2.jar to /home/runneradmin/.gradle/.tmp/gradle_download11044561194970845182bin
[561807ac-3f58-4a4b-8c0c-17b156c9164d/Build]   | Downloading https://repo.maven.apache.org/maven2/net/jcip/jcip-annotations/1.0/jcip-annotations-1.0.jar to /home/runneradmin/.gradle/.tmp/gradle_download8740248877459231200bin
[561807ac-3f58-4a4b-8c0c-17b156c9164d/Build]   | Downloading https://repo.maven.apache.org/maven2/com/github/spotbugs/spotbugs-annotations/4.0.2/spotbugs-annotations-4.0.2.jar to /home/runneradmin/.gradle/.tmp/gradle_download17705164090412458393bin
[561807ac-3f58-4a4b-8c0c-17b156c9164d/Build]   | Downloading https://repo.maven.apache.org/maven2/com/diffplug/spotless/spotless-eclipse-jdt/4.8.1/spotless-eclipse-jdt-4.8.1.jar to /home/runneradmin/.gradle/.tmp/gradle_download3479755945108538759bin
[561807ac-3f58-4a4b-8c0c-17b156c9164d/Build]   | Downloading https://repo.maven.apache.org/maven2/org/eclipse/platform/org.eclipse.equinox.app/1.6.0/org.eclipse.equinox.app-1.6.0.jar to /home/runneradmin/.gradle/.tmp/gradle_download13297260851166578590bin
[561807ac-3f58-4a4b-8c0c-17b156c9164d/Build]   | Downloading https://repo.maven.apache.org/maven2/org/eclipse/jdt/org.eclipse.jdt.core/3.27.0/org.eclipse.jdt.core-3.27.0.jar to /home/runneradmin/.gradle/.tmp/gradle_download1853036847330822173bin
[561807ac-3f58-4a4b-8c0c-17b156c9164d/Build]   | Downloading https://repo.maven.apache.org/maven2/org/eclipse/platform/org.eclipse.equinox.preferences/3.9.0/org.eclipse.equinox.preferences-3.9.0.jar to /home/runneradmin/.gradle/.tmp/gradle_download14076926465715440011bin
[561807ac-3f58-4a4b-8c0c-17b156c9164d/Build]   | Downloading https://repo.maven.apache.org/maven2/org/eclipse/platform/org.eclipse.equinox.common/3.15.0/org.eclipse.equinox.common-3.15.0.jar to /home/runneradmin/.gradle/.tmp/gradle_download12616598065327019842bin
[561807ac-3f58-4a4b-8c0c-17b156c9164d/Build]   | Downloading https://repo.maven.apache.org/maven2/org/eclipse/platform/org.eclipse.core.runtime/3.23.0/org.eclipse.core.runtime-3.23.0.jar to /home/runneradmin/.gradle/.tmp/gradle_download6987419457872512054bin
[561807ac-3f58-4a4b-8c0c-17b156c9164d/Build]   | Downloading https://repo.maven.apache.org/maven2/org/eclipse/platform/org.eclipse.equinox.registry/3.11.0/org.eclipse.equinox.registry-3.11.0.jar to /home/runneradmin/.gradle/.tmp/gradle_download16319386966479102560bin
[561807ac-3f58-4a4b-8c0c-17b156c9164d/Build]   | Downloading https://repo.maven.apache.org/maven2/org/eclipse/platform/org.eclipse.core.contenttype/3.8.0/org.eclipse.core.contenttype-3.8.0.jar to /home/runneradmin/.gradle/.tmp/gradle_download8175965226299763253bin
[561807ac-3f58-4a4b-8c0c-17b156c9164d/Build]   | Downloading https://repo.maven.apache.org/maven2/org/eclipse/platform/org.eclipse.core.commands/3.10.100/org.eclipse.core.commands-3.10.100.jar to /home/runneradmin/.gradle/.tmp/gradle_download1318481898863463353bin
[561807ac-3f58-4a4b-8c0c-17b156c9164d/Build]   | Downloading https://repo.maven.apache.org/maven2/org/eclipse/platform/org.eclipse.core.jobs/3.12.0/org.eclipse.core.jobs-3.12.0.jar to /home/runneradmin/.gradle/.tmp/gradle_download9594207369107641664bin
[561807ac-3f58-4a4b-8c0c-17b156c9164d/Build]   | Downloading https://repo.maven.apache.org/maven2/org/eclipse/platform/org.eclipse.core.filesystem/1.9.100/org.eclipse.core.filesystem-1.9.100.jar to /home/runneradmin/.gradle/.tmp/gradle_download11719915965244409795bin
[561807ac-3f58-4a4b-8c0c-17b156c9164d/Build]   | Downloading https://repo.maven.apache.org/maven2/org/eclipse/platform/org.eclipse.osgi/3.17.0/org.eclipse.osgi-3.17.0.jar to /home/runneradmin/.gradle/.tmp/gradle_download15044345294698542440bin
[561807ac-3f58-4a4b-8c0c-17b156c9164d/Build]   | Downloading https://repo.maven.apache.org/maven2/org/eclipse/platform/org.eclipse.text/3.12.0/org.eclipse.text-3.12.0.jar to /home/runneradmin/.gradle/.tmp/gradle_download5592309260257010920bin
[561807ac-3f58-4a4b-8c0c-17b156c9164d/Build]   | Downloading https://repo.maven.apache.org/maven2/org/eclipse/platform/org.eclipse.core.resources/3.15.100/org.eclipse.core.resources-3.15.100.jar to /home/runneradmin/.gradle/.tmp/gradle_download11481887607477631389bin
[561807ac-3f58-4a4b-8c0c-17b156c9164d/Build]   | file or directory '/tmp/781b3bf2-9b1c-45ab-a2b7-2730b1638bcc/src/jmh/kotlin', not found
[561807ac-3f58-4a4b-8c0c-17b156c9164d/Build]   | file or directory '/tmp/781b3bf2-9b1c-45ab-a2b7-2730b1638bcc/src/main/kotlin', not found
[561807ac-3f58-4a4b-8c0c-17b156c9164d/Build]   | file or directory '/tmp/781b3bf2-9b1c-45ab-a2b7-2730b1638bcc/src/test/kotlin', not found
[561807ac-3f58-4a4b-8c0c-17b156c9164d/Build]   | Selected primary task 'jacocoTestReport' from project :
[561807ac-3f58-4a4b-8c0c-17b156c9164d/Build]   | Tasks to be executed: [task ':distTar', task ':distZip', task ':compileKotlin', task ':compileJava', task ':processResources', task ':classes', task ':inspectClassesForKotlinIC', task ':jar', task ':executableDistTar', task ':executableDistZip', task ':javadoc', task ':javadocJar', task ':sourcesJar', task ':assemble', task ':spotlessInternalRegisterDependencies', task ':spotlessJava', task ':spotlessJavaCheck', task ':spotlessKotlin', task ':spotlessKotlinCheck', task ':spotlessMisc', task ':spotlessMiscCheck', task ':spotlessCheck', task ':compileTestKotlin', task ':compileTestJava', task ':processTestResources', task ':testClasses', task ':test', task ':check', task ':build', task ':jacocoTestReport']
[561807ac-3f58-4a4b-8c0c-17b156c9164d/Build]   | Tasks that were excluded: []
[561807ac-3f58-4a4b-8c0c-17b156c9164d/Build]   | :distTar (Thread[Execution worker for ':',5,main]) started.
[561807ac-3f58-4a4b-8c0c-17b156c9164d/Build]   | 
[561807ac-3f58-4a4b-8c0c-17b156c9164d/Build]   | > Task :distTar NO-SOURCE
[561807ac-3f58-4a4b-8c0c-17b156c9164d/Build]   | Skipping task ':distTar' as it has no source files and no previous output files.
[561807ac-3f58-4a4b-8c0c-17b156c9164d/Build]   | :distTar (Thread[Execution worker for ':',5,main]) completed. Took 0.069 secs.
[561807ac-3f58-4a4b-8c0c-17b156c9164d/Build]   | :distZip (Thread[Execution worker for ':',5,main]) started.
[561807ac-3f58-4a4b-8c0c-17b156c9164d/Build]   | 
[561807ac-3f58-4a4b-8c0c-17b156c9164d/Build]   | > Task :distZip NO-SOURCE
[561807ac-3f58-4a4b-8c0c-17b156c9164d/Build]   | Skipping task ':distZip' as it has no source files and no previous output files.
[561807ac-3f58-4a4b-8c0c-17b156c9164d/Build]   | :distZip (Thread[Execution worker for ':',5,main]) completed. Took 0.001 secs.
[561807ac-3f58-4a4b-8c0c-17b156c9164d/Build]   | :compileKotlin (Thread[Execution worker for ':',5,main]) started.
[561807ac-3f58-4a4b-8c0c-17b156c9164d/Build]   | 
[561807ac-3f58-4a4b-8c0c-17b156c9164d/Build]   | > Task :compileKotlin UP-TO-DATE
[561807ac-3f58-4a4b-8c0c-17b156c9164d/Build]   | Found locally available resource with matching checksum: [https://repo.maven.apache.org/maven2/org/jetbrains/kotlin/kotlin-scripting-compiler-embeddable/1.6.21/kotlin-scripting-compiler-embeddable-1.6.21.pom, /home/runneradmin/.gradle/caches/modules-2/files-2.1/org.jetbrains.kotlin/kotlin-scripting-compiler-embeddable/1.6.21/53aab42b6d0e2c03e8443f83ac68dcacc9b43d7/kotlin-scripting-compiler-embeddable-1.6.21.pom]
[561807ac-3f58-4a4b-8c0c-17b156c9164d/Build]   | Found locally available resource with matching checksum: [https://repo.maven.apache.org/maven2/org/jetbrains/kotlin/kotlin-scripting-compiler-impl-embeddable/1.6.21/kotlin-scripting-compiler-impl-embeddable-1.6.21.pom, /home/runneradmin/.gradle/caches/modules-2/files-2.1/org.jetbrains.kotlin/kotlin-scripting-compiler-impl-embeddable/1.6.21/66b30203476c151719aef1a4f269a8cbcc6795ed/kotlin-scripting-compiler-impl-embeddable-1.6.21.pom]
[561807ac-3f58-4a4b-8c0c-17b156c9164d/Build]   | Downloading https://repo.maven.apache.org/maven2/org/jetbrains/kotlin/kotlin-stdlib/1.6.21/kotlin-stdlib-1.6.21.pom to /home/runneradmin/.gradle/.tmp/gradle_download3328007140639673356bin
[561807ac-3f58-4a4b-8c0c-17b156c9164d/Build]   | Found locally available resource with matching checksum: [https://repo.maven.apache.org/maven2/org/jetbrains/kotlin/kotlin-scripting-common/1.6.21/kotlin-scripting-common-1.6.21.pom, /home/runneradmin/.gradle/caches/modules-2/files-2.1/org.jetbrains.kotlin/kotlin-scripting-common/1.6.21/16c7004cb5fb08e1ffd0cfff7a7995b44b97abb/kotlin-scripting-common-1.6.21.pom]
[561807ac-3f58-4a4b-8c0c-17b156c9164d/Build]   | Found locally available resource with matching checksum: [https://repo.maven.apache.org/maven2/org/jetbrains/kotlin/kotlin-scripting-jvm/1.6.21/kotlin-scripting-jvm-1.6.21.pom, /home/runneradmin/.gradle/caches/modules-2/files-2.1/org.jetbrains.kotlin/kotlin-scripting-jvm/1.6.21/f5a5cce133757bfa5366d099de2276ed565608be/kotlin-scripting-jvm-1.6.21.pom]
[561807ac-3f58-4a4b-8c0c-17b156c9164d/Build]   | Downloading https://repo.maven.apache.org/maven2/org/jetbrains/kotlin/kotlin-stdlib-common/1.6.21/kotlin-stdlib-common-1.6.21.pom to /home/runneradmin/.gradle/.tmp/gradle_download15439220536305621196bin
[561807ac-3f58-4a4b-8c0c-17b156c9164d/Build]   | Downloading https://repo.maven.apache.org/maven2/org/jetbrains/kotlin/kotlin-script-runtime/1.6.21/kotlin-script-runtime-1.6.21.pom to /home/runneradmin/.gradle/.tmp/gradle_download2316987495042306561bin
[561807ac-3f58-4a4b-8c0c-17b156c9164d/Build]   | Downloading https://repo.maven.apache.org/maven2/org/jetbrains/kotlin/kotlin-stdlib-common/1.6.21/kotlin-stdlib-common-1.6.21.jar to /home/runneradmin/.gradle/.tmp/gradle_download2787073843420942781bin
[561807ac-3f58-4a4b-8c0c-17b156c9164d/Build]   | Found locally available resource with matching checksum: [https://repo.maven.apache.org/maven2/org/jetbrains/kotlin/kotlin-scripting-compiler-embeddable/1.6.21/kotlin-scripting-compiler-embeddable-1.6.21.jar, /home/runneradmin/.gradle/caches/modules-2/files-2.1/org.jetbrains.kotlin/kotlin-scripting-compiler-embeddable/1.6.21/5286c5c9b215a1a53cb5fde89ab981be308705b7/kotlin-scripting-compiler-embeddable-1.6.21.jar]
[561807ac-3f58-4a4b-8c0c-17b156c9164d/Build]   | Downloading https://repo.maven.apache.org/maven2/org/jetbrains/kotlin/kotlin-script-runtime/1.6.21/kotlin-script-runtime-1.6.21.jar to /home/runneradmin/.gradle/.tmp/gradle_download12505499612851091309bin
[561807ac-3f58-4a4b-8c0c-17b156c9164d/Build]   | Found locally available resource with matching checksum: [https://repo.maven.apache.org/maven2/org/jetbrains/kotlin/kotlin-scripting-jvm/1.6.21/kotlin-scripting-jvm-1.6.21.jar, /home/runneradmin/.gradle/caches/modules-2/files-2.1/org.jetbrains.kotlin/kotlin-scripting-jvm/1.6.21/ab52f6af29c00a8a9c89ea2b34b5f4d27960bd3f/kotlin-scripting-jvm-1.6.21.jar]
[561807ac-3f58-4a4b-8c0c-17b156c9164d/Build]   | Found locally available resource with matching checksum: [https://repo.maven.apache.org/maven2/org/jetbrains/kotlin/kotlin-scripting-common/1.6.21/kotlin-scripting-common-1.6.21.jar, /home/runneradmin/.gradle/caches/modules-2/files-2.1/org.jetbrains.kotlin/kotlin-scripting-common/1.6.21/2e2e17b6e20c9c44f1d76d0df4f8f0b3fcfa944f/kotlin-scripting-common-1.6.21.jar]
[561807ac-3f58-4a4b-8c0c-17b156c9164d/Build]   | Downloading https://repo.maven.apache.org/maven2/org/jetbrains/kotlin/kotlin-stdlib/1.6.21/kotlin-stdlib-1.6.21.jar to /home/runneradmin/.gradle/.tmp/gradle_download11498369019916440578bin
[561807ac-3f58-4a4b-8c0c-17b156c9164d/Build]   | Found locally available resource with matching checksum: [https://repo.maven.apache.org/maven2/org/jetbrains/kotlin/kotlin-scripting-compiler-impl-embeddable/1.6.21/kotlin-scripting-compiler-impl-embeddable-1.6.21.jar, /home/runneradmin/.gradle/caches/modules-2/files-2.1/org.jetbrains.kotlin/kotlin-scripting-compiler-impl-embeddable/1.6.21/75bf05ec0a03994c84d7589badf2fec26f1196c1/kotlin-scripting-compiler-impl-embeddable-1.6.21.jar]
[561807ac-3f58-4a4b-8c0c-17b156c9164d/Build]   | Found locally available resource with matching checksum: [https://repo.maven.apache.org/maven2/org/jetbrains/kotlin/kotlin-compiler-embeddable/1.6.21/kotlin-compiler-embeddable-1.6.21.pom, /home/runneradmin/.gradle/caches/modules-2/files-2.1/org.jetbrains.kotlin/kotlin-compiler-embeddable/1.6.21/185985d3c7ff70caa580d6de529dab546fa9115/kotlin-compiler-embeddable-1.6.21.pom]
[561807ac-3f58-4a4b-8c0c-17b156c9164d/Build]   | Downloading https://repo.maven.apache.org/maven2/org/jetbrains/kotlin/kotlin-reflect/1.6.21/kotlin-reflect-1.6.21.pom to /home/runneradmin/.gradle/.tmp/gradle_download7716903314735810579bin
[561807ac-3f58-4a4b-8c0c-17b156c9164d/Build]   | Found locally available resource with matching checksum: [https://repo.maven.apache.org/maven2/org/jetbrains/kotlin/kotlin-daemon-embeddable/1.6.21/kotlin-daemon-embeddable-1.6.21.pom, /home/runneradmin/.gradle/caches/modules-2/files-2.1/org.jetbrains.kotlin/kotlin-daemon-embeddable/1.6.21/771c4f40fcad9ae2d0d2f028d9480e979427720a/kotlin-daemon-embeddable-1.6.21.pom]
[561807ac-3f58-4a4b-8c0c-17b156c9164d/Build]   | Found locally available resource with matching checksum: [https://repo.maven.apache.org/maven2/org/jetbrains/intellij/deps/trove4j/1.0.20200330/trove4j-1.0.20200330.pom, /home/runneradmin/.gradle/caches/modules-2/files-2.1/org.jetbrains.intellij.deps/trove4j/1.0.20200330/c1f38f72d4dfc6efd773b0448a7aae08f8d5025f/trove4j-1.0.20200330.pom]
[561807ac-3f58-4a4b-8c0c-17b156c9164d/Build]   | Found locally available resource with matching checksum: [https://repo.maven.apache.org/maven2/org/jetbrains/intellij/deps/trove4j/1.0.20200330/trove4j-1.0.20200330.jar, /home/runneradmin/.gradle/caches/modules-2/files-2.1/org.jetbrains.intellij.deps/trove4j/1.0.20200330/3afb14d5f9ceb459d724e907a21145e8ff394f02/trove4j-1.0.20200330.jar]
[561807ac-3f58-4a4b-8c0c-17b156c9164d/Build]   | Downloading https://repo.maven.apache.org/maven2/org/jetbrains/kotlin/kotlin-reflect/1.6.21/kotlin-reflect-1.6.21.jar to /home/runneradmin/.gradle/.tmp/gradle_download3831294742788430254bin
[561807ac-3f58-4a4b-8c0c-17b156c9164d/Build]   | Found locally available resource with matching checksum: [https://repo.maven.apache.org/maven2/org/jetbrains/kotlin/kotlin-daemon-embeddable/1.6.21/kotlin-daemon-embeddable-1.6.21.jar, /home/runneradmin/.gradle/caches/modules-2/files-2.1/org.jetbrains.kotlin/kotlin-daemon-embeddable/1.6.21/46b78cf392e1c4f10854c3cadba44abb7b82250f/kotlin-daemon-embeddable-1.6.21.jar]
[561807ac-3f58-4a4b-8c0c-17b156c9164d/Build]   | Found locally available resource with matching checksum: [https://repo.maven.apache.org/maven2/org/jetbrains/kotlin/kotlin-compiler-embeddable/1.6.21/kotlin-compiler-embeddable-1.6.21.jar, /home/runneradmin/.gradle/caches/modules-2/files-2.1/org.jetbrains.kotlin/kotlin-compiler-embeddable/1.6.21/97bdd5a752ce73b58ef16c17bc7f0ea2faff7a2e/kotlin-compiler-embeddable-1.6.21.jar]
[561807ac-3f58-4a4b-8c0c-17b156c9164d/Build]   | Build cache key for task ':compileKotlin' is 5e23723d5701ca3a07a0c551ae9af38c
[561807ac-3f58-4a4b-8c0c-17b156c9164d/Build]   | Skipping task ':compileKotlin' as it is up-to-date.
[561807ac-3f58-4a4b-8c0c-17b156c9164d/Build]   | :compileKotlin (Thread[Execution worker for ':',5,main]) completed. Took 1.979 secs.
[561807ac-3f58-4a4b-8c0c-17b156c9164d/Build]   | :compileJava (Thread[Execution worker for ':',5,main]) started.
[561807ac-3f58-4a4b-8c0c-17b156c9164d/Build]   | 
[561807ac-3f58-4a4b-8c0c-17b156c9164d/Build]   | > Task :compileJava UP-TO-DATE
[561807ac-3f58-4a4b-8c0c-17b156c9164d/Build]   | Build cache key for task ':compileJava' is 69db94f5e13b1dc02a50c2d9a31435c7
[561807ac-3f58-4a4b-8c0c-17b156c9164d/Build]   | Skipping task ':compileJava' as it is up-to-date.
[561807ac-3f58-4a4b-8c0c-17b156c9164d/Build]   | :compileJava (Thread[Execution worker for ':',5,main]) completed. Took 0.071 secs.
[561807ac-3f58-4a4b-8c0c-17b156c9164d/Build]   | :processResources (Thread[Execution worker for ':',5,main]) started.
[561807ac-3f58-4a4b-8c0c-17b156c9164d/Build]   | 
[561807ac-3f58-4a4b-8c0c-17b156c9164d/Build]   | > Task :processResources UP-TO-DATE
[561807ac-3f58-4a4b-8c0c-17b156c9164d/Build]   | Caching disabled for task ':processResources' because:
[561807ac-3f58-4a4b-8c0c-17b156c9164d/Build]   |   Not worth caching
[561807ac-3f58-4a4b-8c0c-17b156c9164d/Build]   | Skipping task ':processResources' as it is up-to-date.
[561807ac-3f58-4a4b-8c0c-17b156c9164d/Build]   | :processResources (Thread[Execution worker for ':',5,main]) completed. Took 0.015 secs.
[561807ac-3f58-4a4b-8c0c-17b156c9164d/Build]   | :classes (Thread[Execution worker for ':',5,main]) started.
[561807ac-3f58-4a4b-8c0c-17b156c9164d/Build]   | 
[561807ac-3f58-4a4b-8c0c-17b156c9164d/Build]   | > Task :classes UP-TO-DATE
[561807ac-3f58-4a4b-8c0c-17b156c9164d/Build]   | Skipping task ':classes' as it has no actions.
[561807ac-3f58-4a4b-8c0c-17b156c9164d/Build]   | :classes (Thread[Execution worker for ':',5,main]) completed. Took 0.0 secs.
[561807ac-3f58-4a4b-8c0c-17b156c9164d/Build]   | :inspectClassesForKotlinIC (Thread[Execution worker for ':',5,main]) started.
[561807ac-3f58-4a4b-8c0c-17b156c9164d/Build]   | 
[561807ac-3f58-4a4b-8c0c-17b156c9164d/Build]   | > Task :inspectClassesForKotlinIC UP-TO-DATE
[561807ac-3f58-4a4b-8c0c-17b156c9164d/Build]   | Caching disabled for task ':inspectClassesForKotlinIC' because:
[561807ac-3f58-4a4b-8c0c-17b156c9164d/Build]   |   Caching has not been enabled for the task
[561807ac-3f58-4a4b-8c0c-17b156c9164d/Build]   | Skipping task ':inspectClassesForKotlinIC' as it is up-to-date.
[561807ac-3f58-4a4b-8c0c-17b156c9164d/Build]   | :inspectClassesForKotlinIC (Thread[Execution worker for ':',5,main]) completed. Took 0.01 secs.
[561807ac-3f58-4a4b-8c0c-17b156c9164d/Build]   | :jar (Thread[Execution worker for ':',5,main]) started.
[561807ac-3f58-4a4b-8c0c-17b156c9164d/Build]   | 
[561807ac-3f58-4a4b-8c0c-17b156c9164d/Build]   | > Task :jar UP-TO-DATE
[561807ac-3f58-4a4b-8c0c-17b156c9164d/Build]   | Caching disabled for task ':jar' because:
[561807ac-3f58-4a4b-8c0c-17b156c9164d/Build]   |   Not worth caching
[561807ac-3f58-4a4b-8c0c-17b156c9164d/Build]   | Skipping task ':jar' as it is up-to-date.
[561807ac-3f58-4a4b-8c0c-17b156c9164d/Build]   | :jar (Thread[Execution worker for ':',5,main]) completed. Took 0.011 secs.
[561807ac-3f58-4a4b-8c0c-17b156c9164d/Build]   | :executableDistTar (Thread[Execution worker for ':',5,main]) started.
[561807ac-3f58-4a4b-8c0c-17b156c9164d/Build]   | 
[561807ac-3f58-4a4b-8c0c-17b156c9164d/Build]   | > Task :executableDistTar UP-TO-DATE
[561807ac-3f58-4a4b-8c0c-17b156c9164d/Build]   | Caching disabled for task ':executableDistTar' because:
[561807ac-3f58-4a4b-8c0c-17b156c9164d/Build]   |   Not worth caching
[561807ac-3f58-4a4b-8c0c-17b156c9164d/Build]   | Skipping task ':executableDistTar' as it is up-to-date.
[561807ac-3f58-4a4b-8c0c-17b156c9164d/Build]   | :executableDistTar (Thread[Execution worker for ':',5,main]) completed. Took 0.012 secs.
[561807ac-3f58-4a4b-8c0c-17b156c9164d/Build]   | :executableDistZip (Thread[Execution worker for ':',5,main]) started.
[561807ac-3f58-4a4b-8c0c-17b156c9164d/Build]   | 
[561807ac-3f58-4a4b-8c0c-17b156c9164d/Build]   | > Task :executableDistZip UP-TO-DATE
[561807ac-3f58-4a4b-8c0c-17b156c9164d/Build]   | Caching disabled for task ':executableDistZip' because:
[561807ac-3f58-4a4b-8c0c-17b156c9164d/Build]   |   Not worth caching
[561807ac-3f58-4a4b-8c0c-17b156c9164d/Build]   | Skipping task ':executableDistZip' as it is up-to-date.
[561807ac-3f58-4a4b-8c0c-17b156c9164d/Build]   | :executableDistZip (Thread[Execution worker for ':',5,main]) completed. Took 0.01 secs.
[561807ac-3f58-4a4b-8c0c-17b156c9164d/Build]   | :javadoc (Thread[Execution worker for ':',5,main]) started.
[561807ac-3f58-4a4b-8c0c-17b156c9164d/Build]   | 
[561807ac-3f58-4a4b-8c0c-17b156c9164d/Build]   | > Task :javadoc UP-TO-DATE
[561807ac-3f58-4a4b-8c0c-17b156c9164d/Build]   | Build cache key for task ':javadoc' is acf04cfbbc1b2a14b31465d671a8b535
[561807ac-3f58-4a4b-8c0c-17b156c9164d/Build]   | Skipping task ':javadoc' as it is up-to-date.
[561807ac-3f58-4a4b-8c0c-17b156c9164d/Build]   | :javadoc (Thread[Execution worker for ':',5,main]) completed. Took 0.026 secs.
[561807ac-3f58-4a4b-8c0c-17b156c9164d/Build]   | :javadocJar (Thread[Execution worker for ':',5,main]) started.
[561807ac-3f58-4a4b-8c0c-17b156c9164d/Build]   | 
[561807ac-3f58-4a4b-8c0c-17b156c9164d/Build]   | > Task :javadocJar UP-TO-DATE
[561807ac-3f58-4a4b-8c0c-17b156c9164d/Build]   | Caching disabled for task ':javadocJar' because:
[561807ac-3f58-4a4b-8c0c-17b156c9164d/Build]   |   Not worth caching
[561807ac-3f58-4a4b-8c0c-17b156c9164d/Build]   | Skipping task ':javadocJar' as it is up-to-date.
[561807ac-3f58-4a4b-8c0c-17b156c9164d/Build]   | :javadocJar (Thread[Execution worker for ':',5,main]) completed. Took 0.007 secs.
[561807ac-3f58-4a4b-8c0c-17b156c9164d/Build]   | :sourcesJar (Thread[Execution worker for ':',5,main]) started.
[561807ac-3f58-4a4b-8c0c-17b156c9164d/Build]   | 
[561807ac-3f58-4a4b-8c0c-17b156c9164d/Build]   | > Task :sourcesJar UP-TO-DATE
[561807ac-3f58-4a4b-8c0c-17b156c9164d/Build]   | Caching disabled for task ':sourcesJar' because:
[561807ac-3f58-4a4b-8c0c-17b156c9164d/Build]   |   Not worth caching
[561807ac-3f58-4a4b-8c0c-17b156c9164d/Build]   | Skipping task ':sourcesJar' as it is up-to-date.
[561807ac-3f58-4a4b-8c0c-17b156c9164d/Build]   | :sourcesJar (Thread[Execution worker for ':',5,main]) completed. Took 0.004 secs.
[561807ac-3f58-4a4b-8c0c-17b156c9164d/Build]   | :assemble (Thread[Execution worker for ':',5,main]) started.
[561807ac-3f58-4a4b-8c0c-17b156c9164d/Build]   | 
[561807ac-3f58-4a4b-8c0c-17b156c9164d/Build]   | > Task :assemble UP-TO-DATE
[561807ac-3f58-4a4b-8c0c-17b156c9164d/Build]   | Skipping task ':assemble' as it has no actions.
[561807ac-3f58-4a4b-8c0c-17b156c9164d/Build]   | :assemble (Thread[Execution worker for ':',5,main]) completed. Took 0.0 secs.
[561807ac-3f58-4a4b-8c0c-17b156c9164d/Build]   | :spotlessInternalRegisterDependencies (Thread[Execution worker for ':' Thread 55,5,main]) started.
[561807ac-3f58-4a4b-8c0c-17b156c9164d/Build]   | 
[561807ac-3f58-4a4b-8c0c-17b156c9164d/Build]   | > Task :spotlessInternalRegisterDependencies UP-TO-DATE
[561807ac-3f58-4a4b-8c0c-17b156c9164d/Build]   | Caching disabled for task ':spotlessInternalRegisterDependencies' because:
[561807ac-3f58-4a4b-8c0c-17b156c9164d/Build]   |   Caching has not been enabled for the task
[561807ac-3f58-4a4b-8c0c-17b156c9164d/Build]   | Skipping task ':spotlessInternalRegisterDependencies' as it is up-to-date.
[561807ac-3f58-4a4b-8c0c-17b156c9164d/Build]   | :spotlessInternalRegisterDependencies (Thread[Execution worker for ':' Thread 55,5,main]) completed. Took 0.055 secs.
[561807ac-3f58-4a4b-8c0c-17b156c9164d/Build]   | :spotlessJava (Thread[Execution worker for ':' Thread 55,5,main]) started.
[561807ac-3f58-4a4b-8c0c-17b156c9164d/Build]   | 
[561807ac-3f58-4a4b-8c0c-17b156c9164d/Build]   | > Task :spotlessJava UP-TO-DATE
[561807ac-3f58-4a4b-8c0c-17b156c9164d/Build]   | Build cache key for task ':spotlessJava' is f127525ef068f1a22c69a89031c6ca2f
[561807ac-3f58-4a4b-8c0c-17b156c9164d/Build]   | Skipping task ':spotlessJava' as it is up-to-date.
[561807ac-3f58-4a4b-8c0c-17b156c9164d/Build]   | :spotlessJava (Thread[Execution worker for ':' Thread 55,5,main]) completed. Took 0.078 secs.
[561807ac-3f58-4a4b-8c0c-17b156c9164d/Build]   | :spotlessJavaCheck (Thread[Execution worker for ':' Thread 56,5,main]) started.
[561807ac-3f58-4a4b-8c0c-17b156c9164d/Build]   | 
[561807ac-3f58-4a4b-8c0c-17b156c9164d/Build]   | > Task :spotlessJavaCheck UP-TO-DATE
[561807ac-3f58-4a4b-8c0c-17b156c9164d/Build]   | Caching disabled for task ':spotlessJavaCheck' because:
[561807ac-3f58-4a4b-8c0c-17b156c9164d/Build]   |   Caching has not been enabled for the task
[561807ac-3f58-4a4b-8c0c-17b156c9164d/Build]   | Task ':spotlessJavaCheck' is not up-to-date because:
[561807ac-3f58-4a4b-8c0c-17b156c9164d/Build]   |   Task has not declared any outputs despite executing actions.
[561807ac-3f58-4a4b-8c0c-17b156c9164d/Build]   | :spotlessJavaCheck (Thread[Execution worker for ':' Thread 56,5,main]) completed. Took 0.02 secs.
[561807ac-3f58-4a4b-8c0c-17b156c9164d/Build]   | :spotlessKotlin (Thread[Execution worker for ':' Thread 56,5,main]) started.
[561807ac-3f58-4a4b-8c0c-17b156c9164d/Build]   | 
[561807ac-3f58-4a4b-8c0c-17b156c9164d/Build]   | > Task :spotlessKotlin
[561807ac-3f58-4a4b-8c0c-17b156c9164d/Build]   | file or directory '/tmp/781b3bf2-9b1c-45ab-a2b7-2730b1638bcc/src/jmh/resources', not found
[561807ac-3f58-4a4b-8c0c-17b156c9164d/Build]   | file or directory '/tmp/781b3bf2-9b1c-45ab-a2b7-2730b1638bcc/src/jmh/kotlin', not found
[561807ac-3f58-4a4b-8c0c-17b156c9164d/Build]   | file or directory '/tmp/781b3bf2-9b1c-45ab-a2b7-2730b1638bcc/src/main/kotlin', not found
[561807ac-3f58-4a4b-8c0c-17b156c9164d/Build]   | file or directory '/tmp/781b3bf2-9b1c-45ab-a2b7-2730b1638bcc/src/test/kotlin', not found
[561807ac-3f58-4a4b-8c0c-17b156c9164d/Build]   | file or directory '/tmp/781b3bf2-9b1c-45ab-a2b7-2730b1638bcc/src/jmh/resources', not found
[561807ac-3f58-4a4b-8c0c-17b156c9164d/Build]   | file or directory '/tmp/781b3bf2-9b1c-45ab-a2b7-2730b1638bcc/src/jmh/kotlin', not found
[561807ac-3f58-4a4b-8c0c-17b156c9164d/Build]   | file or directory '/tmp/781b3bf2-9b1c-45ab-a2b7-2730b1638bcc/src/main/kotlin', not found
[561807ac-3f58-4a4b-8c0c-17b156c9164d/Build]   | file or directory '/tmp/781b3bf2-9b1c-45ab-a2b7-2730b1638bcc/src/test/kotlin', not found
[561807ac-3f58-4a4b-8c0c-17b156c9164d/Build]   | Build cache key for task ':spotlessKotlin' is 05175a08bd0d96f58179ba015005b012
[561807ac-3f58-4a4b-8c0c-17b156c9164d/Build]   | Task ':spotlessKotlin' is not up-to-date because:
[561807ac-3f58-4a4b-8c0c-17b156c9164d/Build]   |   Input property 'target' file /tmp/781b3bf2-9b1c-45ab-a2b7-2730b1638bcc/src/test/java/com/worksap/nlp/sudachi/PosMatcherTest.kt has changed.
[561807ac-3f58-4a4b-8c0c-17b156c9164d/Build]   | Stored cache entry for task ':spotlessKotlin' with cache key 05175a08bd0d96f58179ba015005b012
[561807ac-3f58-4a4b-8c0c-17b156c9164d/Build]   | :spotlessKotlin (Thread[Execution worker for ':' Thread 56,5,main]) completed. Took 1.677 secs.
[561807ac-3f58-4a4b-8c0c-17b156c9164d/Build]   | :spotlessKotlinCheck (Thread[Execution worker for ':' Thread 55,5,main]) started.
[561807ac-3f58-4a4b-8c0c-17b156c9164d/Build]   | 
[561807ac-3f58-4a4b-8c0c-17b156c9164d/Build]   | > Task :spotlessKotlinCheck
[561807ac-3f58-4a4b-8c0c-17b156c9164d/Build]   | Caching disabled for task ':spotlessKotlinCheck' because:
[561807ac-3f58-4a4b-8c0c-17b156c9164d/Build]   |   Caching has not been enabled for the task
[561807ac-3f58-4a4b-8c0c-17b156c9164d/Build]   | Task ':spotlessKotlinCheck' is not up-to-date because:
[561807ac-3f58-4a4b-8c0c-17b156c9164d/Build]   |   Task has not declared any outputs despite executing actions.
[561807ac-3f58-4a4b-8c0c-17b156c9164d/Build]   | :spotlessKotlinCheck (Thread[Execution worker for ':' Thread 55,5,main]) completed. Took 0.044 secs.
[561807ac-3f58-4a4b-8c0c-17b156c9164d/Build]   | :spotlessMisc (Thread[Execution worker for ':' Thread 55,5,main]) started.
[561807ac-3f58-4a4b-8c0c-17b156c9164d/Build]   | 
[561807ac-3f58-4a4b-8c0c-17b156c9164d/Build]   | > Task :spotlessMisc UP-TO-DATE
[561807ac-3f58-4a4b-8c0c-17b156c9164d/Build]   | Build cache key for task ':spotlessMisc' is c71f6a66c3727cd41168d377df369e37
[561807ac-3f58-4a4b-8c0c-17b156c9164d/Build]   | Skipping task ':spotlessMisc' as it is up-to-date.
[561807ac-3f58-4a4b-8c0c-17b156c9164d/Build]   | :spotlessMisc (Thread[Execution worker for ':' Thread 55,5,main]) completed. Took 0.057 secs.
[561807ac-3f58-4a4b-8c0c-17b156c9164d/Build]   | :spotlessMiscCheck (Thread[Execution worker for ':' Thread 55,5,main]) started.
[561807ac-3f58-4a4b-8c0c-17b156c9164d/Build]   | 
[561807ac-3f58-4a4b-8c0c-17b156c9164d/Build]   | > Task :spotlessMiscCheck UP-TO-DATE
[561807ac-3f58-4a4b-8c0c-17b156c9164d/Build]   | Caching disabled for task ':spotlessMiscCheck' because:
[561807ac-3f58-4a4b-8c0c-17b156c9164d/Build]   |   Caching has not been enabled for the task
[561807ac-3f58-4a4b-8c0c-17b156c9164d/Build]   | Task ':spotlessMiscCheck' is not up-to-date because:
[561807ac-3f58-4a4b-8c0c-17b156c9164d/Build]   |   Task has not declared any outputs despite executing actions.
[561807ac-3f58-4a4b-8c0c-17b156c9164d/Build]   | :spotlessMiscCheck (Thread[Execution worker for ':' Thread 55,5,main]) completed. Took 0.001 secs.
[561807ac-3f58-4a4b-8c0c-17b156c9164d/Build]   | :spotlessCheck (Thread[Execution worker for ':' Thread 48,5,main]) started.
[561807ac-3f58-4a4b-8c0c-17b156c9164d/Build]   | 
[561807ac-3f58-4a4b-8c0c-17b156c9164d/Build]   | > Task :spotlessCheck
[561807ac-3f58-4a4b-8c0c-17b156c9164d/Build]   | Skipping task ':spotlessCheck' as it has no actions.
[561807ac-3f58-4a4b-8c0c-17b156c9164d/Build]   | :spotlessCheck (Thread[Execution worker for ':' Thread 48,5,main]) completed. Took 0.0 secs.
[561807ac-3f58-4a4b-8c0c-17b156c9164d/Build]   | :compileTestKotlin (Thread[Execution worker for ':' Thread 48,5,main]) started.
[561807ac-3f58-4a4b-8c0c-17b156c9164d/Build]   | :processTestResources (Thread[Execution worker for ':' Thread 14,5,main]) started.
[561807ac-3f58-4a4b-8c0c-17b156c9164d/Build]   | 
[561807ac-3f58-4a4b-8c0c-17b156c9164d/Build]   | > Task :processTestResources UP-TO-DATE
[561807ac-3f58-4a4b-8c0c-17b156c9164d/Build]   | Caching disabled for task ':processTestResources' because:
[561807ac-3f58-4a4b-8c0c-17b156c9164d/Build]   |   Not worth caching
[561807ac-3f58-4a4b-8c0c-17b156c9164d/Build]   | Skipping task ':processTestResources' as it is up-to-date.
[561807ac-3f58-4a4b-8c0c-17b156c9164d/Build]   | :processTestResources (Thread[Execution worker for ':' Thread 14,5,main]) completed. Took 0.011 secs.
[561807ac-3f58-4a4b-8c0c-17b156c9164d/Build]   | 
[561807ac-3f58-4a4b-8c0c-17b156c9164d/Build]   | > Task :compileTestKotlin
[561807ac-3f58-4a4b-8c0c-17b156c9164d/Build]   | Downloading https://repo.maven.apache.org/maven2/org/hamcrest/hamcrest/2.2/hamcrest-2.2.pom to /home/runneradmin/.gradle/.tmp/gradle_download17864828711812839882bin
[561807ac-3f58-4a4b-8c0c-17b156c9164d/Build]   | Downloading https://repo.maven.apache.org/maven2/junit/junit/4.13.2/junit-4.13.2.pom to /home/runneradmin/.gradle/.tmp/gradle_download6151808713620817889bin
[561807ac-3f58-4a4b-8c0c-17b156c9164d/Build]   | Downloading https://repo.maven.apache.org/maven2/org/openjdk/jmh/jmh-core/1.35/jmh-core-1.35.pom to /home/runneradmin/.gradle/.tmp/gradle_download10287444205288514455bin
[561807ac-3f58-4a4b-8c0c-17b156c9164d/Build]   | Downloading https://repo.maven.apache.org/maven2/org/hamcrest/hamcrest-library/2.2/hamcrest-library-2.2.pom to /home/runneradmin/.gradle/.tmp/gradle_download4522853236454479865bin
[561807ac-3f58-4a4b-8c0c-17b156c9164d/Build]   | Downloading https://repo.maven.apache.org/maven2/org/jetbrains/kotlin/kotlin-stdlib-jdk8/1.6.21/kotlin-stdlib-jdk8-1.6.21.pom to /home/runneradmin/.gradle/.tmp/gradle_download158840521289494102bin
[561807ac-3f58-4a4b-8c0c-17b156c9164d/Build]   | Downloading https://repo.maven.apache.org/maven2/org/jetbrains/kotlin/kotlin-test-junit/1.6.21/kotlin-test-junit-1.6.21.pom to /home/runneradmin/.gradle/.tmp/gradle_download6761437699075185296bin
[561807ac-3f58-4a4b-8c0c-17b156c9164d/Build]   | Downloading https://repo.maven.apache.org/maven2/org/openjdk/jmh/jmh-generator-annprocess/1.35/jmh-generator-annprocess-1.35.pom to /home/runneradmin/.gradle/.tmp/gradle_download17290402814743203542bin
[561807ac-3f58-4a4b-8c0c-17b156c9164d/Build]   | Downloading https://repo.maven.apache.org/maven2/org/openjdk/jmh/jmh-parent/1.35/jmh-parent-1.35.pom to /home/runneradmin/.gradle/.tmp/gradle_download1612444591681692089bin
[561807ac-3f58-4a4b-8c0c-17b156c9164d/Build]   | Downloading https://repo.maven.apache.org/maven2/org/jetbrains/kotlin/kotlin-test-junit/1.6.21/kotlin-test-junit-1.6.21.module to /home/runneradmin/.gradle/.tmp/gradle_download7638179370706246687bin
[561807ac-3f58-4a4b-8c0c-17b156c9164d/Build]   | Downloading https://repo.maven.apache.org/maven2/org/hamcrest/hamcrest-core/2.2/hamcrest-core-2.2.pom to /home/runneradmin/.gradle/.tmp/gradle_download16011824343668615584bin
[561807ac-3f58-4a4b-8c0c-17b156c9164d/Build]   | Found locally available resource with matching checksum: [https://repo.maven.apache.org/maven2/org/apache/commons/commons-math3/3.2/commons-math3-3.2.pom, /home/runneradmin/.gradle/caches/modules-2/files-2.1/org.apache.commons/commons-math3/3.2/7828e6c3b4118e5a2f8350db99e60a2be2e3ce29/commons-math3-3.2.pom]
[561807ac-3f58-4a4b-8c0c-17b156c9164d/Build]   | Downloading https://repo.maven.apache.org/maven2/net/sf/jopt-simple/jopt-simple/5.0.4/jopt-simple-5.0.4.pom to /home/runneradmin/.gradle/.tmp/gradle_download3549094183317628656bin
[561807ac-3f58-4a4b-8c0c-17b156c9164d/Build]   | Found locally available resource with matching checksum: [https://repo.maven.apache.org/maven2/org/apache/commons/commons-parent/28/commons-parent-28.pom, /home/runneradmin/.gradle/caches/modules-2/files-2.1/org.apache.commons/commons-parent/28/9ff25b2866ef063a8828ba67d1e35c78f73e830a/commons-parent-28.pom]
[561807ac-3f58-4a4b-8c0c-17b156c9164d/Build]   | Found locally available resource with matching checksum: [https://repo.maven.apache.org/maven2/org/apache/apache/13/apache-13.pom, /home/runneradmin/.gradle/caches/modules-2/files-2.1/org.apache/apache/13/15aff1faaec4963617f07dbe8e603f0adabc3a12/apache-13.pom]
[561807ac-3f58-4a4b-8c0c-17b156c9164d/Build]   | Downloading https://repo.maven.apache.org/maven2/org/jetbrains/kotlin/kotlin-stdlib-jdk7/1.6.21/kotlin-stdlib-jdk7-1.6.21.pom to /home/runneradmin/.gradle/.tmp/gradle_download2321562992067322381bin
[561807ac-3f58-4a4b-8c0c-17b156c9164d/Build]   | Downloading https://repo.maven.apache.org/maven2/org/jetbrains/kotlin/kotlin-test/1.6.21/kotlin-test-1.6.21.pom to /home/runneradmin/.gradle/.tmp/gradle_download5678483311459076592bin
[561807ac-3f58-4a4b-8c0c-17b156c9164d/Build]   | Downloading https://repo.maven.apache.org/maven2/org/jetbrains/kotlin/kotlin-test/1.6.21/kotlin-test-1.6.21.module to /home/runneradmin/.gradle/.tmp/gradle_download7928271724110028883bin
[561807ac-3f58-4a4b-8c0c-17b156c9164d/Build]   | Downloading https://repo.maven.apache.org/maven2/org/hamcrest/hamcrest-library/2.2/hamcrest-library-2.2.jar to /home/runneradmin/.gradle/.tmp/gradle_download9495808565992798797bin
[561807ac-3f58-4a4b-8c0c-17b156c9164d/Build]   | Downloading https://repo.maven.apache.org/maven2/junit/junit/4.13.2/junit-4.13.2.jar to /home/runneradmin/.gradle/.tmp/gradle_download8315654258320825724bin
[561807ac-3f58-4a4b-8c0c-17b156c9164d/Build]   | Downloading https://repo.maven.apache.org/maven2/org/openjdk/jmh/jmh-generator-annprocess/1.35/jmh-generator-annprocess-1.35.jar to /home/runneradmin/.gradle/.tmp/gradle_download14533357539331301958bin
[561807ac-3f58-4a4b-8c0c-17b156c9164d/Build]   | Downloading https://repo.maven.apache.org/maven2/org/hamcrest/hamcrest/2.2/hamcrest-2.2.jar to /home/runneradmin/.gradle/.tmp/gradle_download14164637638468860577bin
[561807ac-3f58-4a4b-8c0c-17b156c9164d/Build]   | Downloading https://repo.maven.apache.org/maven2/org/jetbrains/kotlin/kotlin-test-junit/1.6.21/kotlin-test-junit-1.6.21.jar to /home/runneradmin/.gradle/.tmp/gradle_download15469809186129409003bin
[561807ac-3f58-4a4b-8c0c-17b156c9164d/Build]   | Downloading https://repo.maven.apache.org/maven2/org/openjdk/jmh/jmh-core/1.35/jmh-core-1.35.jar to /home/runneradmin/.gradle/.tmp/gradle_download9866250254461204705bin
[561807ac-3f58-4a4b-8c0c-17b156c9164d/Build]   | Downloading https://repo.maven.apache.org/maven2/net/sf/jopt-simple/jopt-simple/5.0.4/jopt-simple-5.0.4.jar to /home/runneradmin/.gradle/.tmp/gradle_download15771605543708730465bin
[561807ac-3f58-4a4b-8c0c-17b156c9164d/Build]   | Downloading https://repo.maven.apache.org/maven2/org/hamcrest/hamcrest-core/2.2/hamcrest-core-2.2.jar to /home/runneradmin/.gradle/.tmp/gradle_download17673401348833948439bin
[561807ac-3f58-4a4b-8c0c-17b156c9164d/Build]   | Downloading https://repo.maven.apache.org/maven2/org/jetbrains/kotlin/kotlin-stdlib-jdk7/1.6.21/kotlin-stdlib-jdk7-1.6.21.jar to /home/runneradmin/.gradle/.tmp/gradle_download1190850631336071231bin
[561807ac-3f58-4a4b-8c0c-17b156c9164d/Build]   | Found locally available resource with matching checksum: [https://repo.maven.apache.org/maven2/org/apache/commons/commons-math3/3.2/commons-math3-3.2.jar, /home/runneradmin/.gradle/caches/modules-2/files-2.1/org.apache.commons/commons-math3/3.2/ec2544ab27e110d2d431bdad7d538ed509b21e62/commons-math3-3.2.jar]
[561807ac-3f58-4a4b-8c0c-17b156c9164d/Build]   | Downloading https://repo.maven.apache.org/maven2/org/jetbrains/kotlin/kotlin-stdlib-jdk8/1.6.21/kotlin-stdlib-jdk8-1.6.21.jar to /home/runneradmin/.gradle/.tmp/gradle_download14855955239882958654bin
[561807ac-3f58-4a4b-8c0c-17b156c9164d/Build]   | Downloading https://repo.maven.apache.org/maven2/org/jetbrains/kotlin/kotlin-test/1.6.21/kotlin-test-1.6.21.jar to /home/runneradmin/.gradle/.tmp/gradle_download3020904632505206407bin
[561807ac-3f58-4a4b-8c0c-17b156c9164d/Build]   | Build cache key for task ':compileTestKotlin' is 00069022b9a3c06c44ed137c6b4e2fc4
[561807ac-3f58-4a4b-8c0c-17b156c9164d/Build]   | Task ':compileTestKotlin' is not up-to-date because:
[561807ac-3f58-4a4b-8c0c-17b156c9164d/Build]   |   Input property 'stableSources$kotlin_gradle_plugin' file /tmp/781b3bf2-9b1c-45ab-a2b7-2730b1638bcc/src/test/java/com/worksap/nlp/sudachi/PosMatcherTest.kt has changed.
[561807ac-3f58-4a4b-8c0c-17b156c9164d/Build]   | file or directory '/tmp/781b3bf2-9b1c-45ab-a2b7-2730b1638bcc/src/test/kotlin', not found
[561807ac-3f58-4a4b-8c0c-17b156c9164d/Build]   | Using Kotlin/JVM incremental compilation
[561807ac-3f58-4a4b-8c0c-17b156c9164d/Build]   | file or directory '/tmp/781b3bf2-9b1c-45ab-a2b7-2730b1638bcc/src/test/kotlin', not found
[561807ac-3f58-4a4b-8c0c-17b156c9164d/Build]   | file or directory '/tmp/781b3bf2-9b1c-45ab-a2b7-2730b1638bcc/src/test/kotlin', not found
[561807ac-3f58-4a4b-8c0c-17b156c9164d/Build]   | file or directory '/tmp/781b3bf2-9b1c-45ab-a2b7-2730b1638bcc/src/test/kotlin', not found
[561807ac-3f58-4a4b-8c0c-17b156c9164d/Build]   | [KOTLIN] Kotlin compilation 'jdkHome' argument: /opt/hostedtoolcache/Java_Temurin-Hotspot_jdk/11.0.19-7/x64
[561807ac-3f58-4a4b-8c0c-17b156c9164d/Build]   | i: starting the daemon as: /opt/hostedtoolcache/Java_Temurin-Hotspot_jdk/11.0.19-7/x64/bin/java -cp /home/runneradmin/.gradle/caches/modules-2/files-2.1/org.jetbrains.kotlin/kotlin-compiler-embeddable/1.6.21/97bdd5a752ce73b58ef16c17bc7f0ea2faff7a2e/kotlin-compiler-embeddable-1.6.21.jar:/home/runneradmin/.gradle/caches/modules-2/files-2.1/org.jetbrains.kotlin/kotlin-reflect/1.6.21/5dc3574d9b7bebfcb4ec6b10ada4aaa9e140bd0b/kotlin-reflect-1.6.21.jar:/home/runneradmin/.gradle/caches/modules-2/files-2.1/org.jetbrains.kotlin/kotlin-stdlib/1.6.21/11ef67f1900634fd951bad28c53ec957fabbe5b8/kotlin-stdlib-1.6.21.jar:/home/runneradmin/.gradle/caches/modules-2/files-2.1/org.jetbrains.kotlin/kotlin-script-runtime/1.6.21/99c6675100da5d6d5b1c5a1032f27f28008d101b/kotlin-script-runtime-1.6.21.jar:/home/runneradmin/.gradle/caches/modules-2/files-2.1/org.jetbrains.kotlin/kotlin-daemon-embeddable/1.6.21/46b78cf392e1c4f10854c3cadba44abb7b82250f/kotlin-daemon-embeddable-1.6.21.jar:/home/runneradmin/.gradle/caches/modules-2/files-2.1/org.jetbrains.intellij.deps/trove4j/1.0.20200330/3afb14d5f9ceb459d724e907a21145e8ff394f02/trove4j-1.0.20200330.jar:/home/runneradmin/.gradle/caches/modules-2/files-2.1/net.java.dev.jna/jna/5.6.0/330f2244e9030119ab3030fc3fededc86713d9cc/jna-5.6.0.jar:/home/runneradmin/.gradle/caches/modules-2/files-2.1/org.jetbrains.kotlin/kotlin-stdlib-common/1.6.21/5e5b55c26dbc80372a920aef60eb774b714559b8/kotlin-stdlib-common-1.6.21.jar:/home/runneradmin/.gradle/caches/modules-2/files-2.1/org.jetbrains/annotations/13.0/919f0dfe192fb4e063e7dacadee7f8bb9a2672a9/annotations-13.0.jar -Djava.awt.headless=true -D$java.rmi.server.hostname=127.0.0.1 -Xmx30688m -Dkotlin.environment.keepalive -ea org.jetbrains.kotlin.daemon.KotlinCompileDaemon --daemon-runFilesPath /home/runneradmin/.kotlin/daemon --daemon-autoshutdownIdleSeconds=7200 --daemon-compilerClasspath /home/runneradmin/.gradle/caches/modules-2/files-2.1/org.jetbrains.kotlin/kotlin-compiler-embeddable/1.6.21/97bdd5a752ce73b58ef16c17bc7f0ea2faff7a2e/kotlin-compiler-embeddable-1.6.21.jar:/home/runneradmin/.gradle/caches/modules-2/files-2.1/org.jetbrains.kotlin/kotlin-reflect/1.6.21/5dc3574d9b7bebfcb4ec6b10ada4aaa9e140bd0b/kotlin-reflect-1.6.21.jar:/home/runneradmin/.gradle/caches/modules-2/files-2.1/org.jetbrains.kotlin/kotlin-stdlib/1.6.21/11ef67f1900634fd951bad28c53ec957fabbe5b8/kotlin-stdlib-1.6.21.jar:/home/runneradmin/.gradle/caches/modules-2/files-2.1/org.jetbrains.kotlin/kotlin-script-runtime/1.6.21/99c6675100da5d6d5b1c5a1032f27f28008d101b/kotlin-script-runtime-1.6.21.jar:/home/runneradmin/.gradle/caches/modules-2/files-2.1/org.jetbrains.kotlin/kotlin-daemon-embeddable/1.6.21/46b78cf392e1c4f10854c3cadba44abb7b82250f/kotlin-daemon-embeddable-1.6.21.jar:/home/runneradmin/.gradle/caches/modules-2/files-2.1/org.jetbrains.intellij.deps/trove4j/1.0.20200330/3afb14d5f9ceb459d724e907a21145e8ff394f02/trove4j-1.0.20200330.jar:/home/runneradmin/.gradle/caches/modules-2/files-2.1/net.java.dev.jna/jna/5.6.0/330f2244e9030119ab3030fc3fededc86713d9cc/jna-5.6.0.jar:/home/runneradmin/.gradle/caches/modules-2/files-2.1/org.jetbrains.kotlin/kotlin-stdlib-common/1.6.21/5e5b55c26dbc80372a920aef60eb774b714559b8/kotlin-stdlib-common-1.6.21.jar:/home/runneradmin/.gradle/caches/modules-2/files-2.1/org.jetbrains/annotations/13.0/919f0dfe192fb4e063e7dacadee7f8bb9a2672a9/annotations-13.0.jar
[561807ac-3f58-4a4b-8c0c-17b156c9164d/Build]   | i: Received the message signalling that the daemon is ready
[561807ac-3f58-4a4b-8c0c-17b156c9164d/Build]   | i: new daemon started, trying to find it
[561807ac-3f58-4a4b-8c0c-17b156c9164d/Build]   | i: found daemon on port 17324 (36 ms old), trying to connect
[561807ac-3f58-4a4b-8c0c-17b156c9164d/Build]   | i: connected to the daemon
[561807ac-3f58-4a4b-8c0c-17b156c9164d/Build]   | Options for KOTLIN DAEMON: IncrementalCompilationOptions(super=CompilationOptions(compilerMode=INCREMENTAL_COMPILER, targetPlatform=JVM, reportCategories=[0], reportSeverity=2, requestedCompilationResults=[0]kotlinScriptExtensions=[kt, kts, java]), areFileChangesKnown=true, modifiedFiles=[/tmp/781b3bf2-9b1c-45ab-a2b7-2730b1638bcc/src/test/java/com/worksap/nlp/sudachi/PosMatcherTest.kt], deletedFiles=[], classpathChanges=org.jetbrains.kotlin.incremental.ClasspathChanges$ClasspathSnapshotDisabled@5fbb23dc, workingDir=/tmp/781b3bf2-9b1c-45ab-a2b7-2730b1638bcc/build/kotlin/compileTestKotlin/cacheable, multiModuleICSettings=MultiModuleICSettings(buildHistoryFile=/tmp/781b3bf2-9b1c-45ab-a2b7-2730b1638bcc/build/kotlin/compileTestKotlin/localstate/build-history.bin, useModuleDetection=false), usePreciseJavaTracking=trueoutputFiles=[/tmp/781b3bf2-9b1c-45ab-a2b7-2730b1638bcc/build/classes/kotlin/test, /tmp/781b3bf2-9b1c-45ab-a2b7-2730b1638bcc/build/kotlin/compileTestKotlin/cacheable, /tmp/781b3bf2-9b1c-45ab-a2b7-2730b1638bcc/build/kotlin/compileTestKotlin/localstate])
[561807ac-3f58-4a4b-8c0c-17b156c9164d/Build]   | Stored cache entry for task ':compileTestKotlin' with cache key 00069022b9a3c06c44ed137c6b4e2fc4
[561807ac-3f58-4a4b-8c0c-17b156c9164d/Build]   | :compileTestKotlin (Thread[Execution worker for ':' Thread 48,5,main]) completed. Took 8.222 secs.
[561807ac-3f58-4a4b-8c0c-17b156c9164d/Build]   | :compileTestJava (Thread[Execution worker for ':' Thread 48,5,main]) started.
[561807ac-3f58-4a4b-8c0c-17b156c9164d/Build]   | 
[561807ac-3f58-4a4b-8c0c-17b156c9164d/Build]   | > Task :compileTestJava UP-TO-DATE
[561807ac-3f58-4a4b-8c0c-17b156c9164d/Build]   | Build cache key for task ':compileTestJava' is 0eb87d95951b608fc1f72d0648c8655d
[561807ac-3f58-4a4b-8c0c-17b156c9164d/Build]   | Task ':compileTestJava' is not up-to-date because:
[561807ac-3f58-4a4b-8c0c-17b156c9164d/Build]   |   Input property 'classpath' file /tmp/781b3bf2-9b1c-45ab-a2b7-2730b1638bcc/build/classes/kotlin/test/com/worksap/nlp/sudachi/PosMatcherTest.class has changed.
[561807ac-3f58-4a4b-8c0c-17b156c9164d/Build]   | Created classpath snapshot for incremental compilation in 0.695 secs.
[561807ac-3f58-4a4b-8c0c-17b156c9164d/Build]   | None of the classes needs to be compiled! Analysis took 0.734 secs. 
[561807ac-3f58-4a4b-8c0c-17b156c9164d/Build]   | Stored cache entry for task ':compileTestJava' with cache key 0eb87d95951b608fc1f72d0648c8655d
[561807ac-3f58-4a4b-8c0c-17b156c9164d/Build]   | :compileTestJava (Thread[Execution worker for ':' Thread 48,5,main]) completed. Took 1.342 secs.
[561807ac-3f58-4a4b-8c0c-17b156c9164d/Build]   | :testClasses (Thread[Execution worker for ':' Thread 48,5,main]) started.
[561807ac-3f58-4a4b-8c0c-17b156c9164d/Build]   | 
[561807ac-3f58-4a4b-8c0c-17b156c9164d/Build]   | > Task :testClasses UP-TO-DATE
[561807ac-3f58-4a4b-8c0c-17b156c9164d/Build]   | Skipping task ':testClasses' as it has no actions.
[561807ac-3f58-4a4b-8c0c-17b156c9164d/Build]   | :testClasses (Thread[Execution worker for ':' Thread 48,5,main]) completed. Took 0.0 secs.
[561807ac-3f58-4a4b-8c0c-17b156c9164d/Build]   | :test (Thread[Execution worker for ':' Thread 86,5,main]) started.
[561807ac-3f58-4a4b-8c0c-17b156c9164d/Build]   | Gradle Test Executor 1 started executing tests.
[561807ac-3f58-4a4b-8c0c-17b156c9164d/Build]   | 
[561807ac-3f58-4a4b-8c0c-17b156c9164d/Build]   | > Task :test
[561807ac-3f58-4a4b-8c0c-17b156c9164d/Build]   | Downloading https://repo.maven.apache.org/maven2/org/jacoco/org.jacoco.agent/0.8.7/org.jacoco.agent-0.8.7.pom to /home/runneradmin/.gradle/.tmp/gradle_download12186856186158883785bin
[561807ac-3f58-4a4b-8c0c-17b156c9164d/Build]   | Downloading https://repo.maven.apache.org/maven2/org/jacoco/org.jacoco.build/0.8.7/org.jacoco.build-0.8.7.pom to /home/runneradmin/.gradle/.tmp/gradle_download7765544660685719484bin
[561807ac-3f58-4a4b-8c0c-17b156c9164d/Build]   | Downloading https://repo.maven.apache.org/maven2/org/jacoco/org.jacoco.agent/0.8.7/org.jacoco.agent-0.8.7.jar to /home/runneradmin/.gradle/.tmp/gradle_download13002775133127494122bin
[561807ac-3f58-4a4b-8c0c-17b156c9164d/Build]   | Custom actions are attached to task ':test'.
[561807ac-3f58-4a4b-8c0c-17b156c9164d/Build]   | Build cache key for task ':test' is 6ad85590459caccf73ec77b5a5c97349
[561807ac-3f58-4a4b-8c0c-17b156c9164d/Build]   | Task ':test' is not up-to-date because:
[561807ac-3f58-4a4b-8c0c-17b156c9164d/Build]   |   Input property 'candidateClassFiles' file /tmp/781b3bf2-9b1c-45ab-a2b7-2730b1638bcc/build/classes/kotlin/test/com/worksap/nlp/sudachi/PosMatcherTest.class has changed.
[561807ac-3f58-4a4b-8c0c-17b156c9164d/Build]   |   Input property 'stableClasspath' file /tmp/781b3bf2-9b1c-45ab-a2b7-2730b1638bcc/build/classes/kotlin/test/com/worksap/nlp/sudachi/PosMatcherTest.class has changed.
[561807ac-3f58-4a4b-8c0c-17b156c9164d/Build]   | Starting process 'Gradle Test Executor 1'. Working directory: /tmp/781b3bf2-9b1c-45ab-a2b7-2730b1638bcc Command: /opt/hostedtoolcache/Java_Temurin-Hotspot_jdk/11.0.19-7/x64/bin/java -Dorg.gradle.internal.worker.tmpdir=/tmp/781b3bf2-9b1c-45ab-a2b7-2730b1638bcc/build/tmp/test/work -Dorg.gradle.native=false -javaagent:build/tmp/expandedArchives/org.jacoco.agent-0.8.7.jar_3a83c50b4a016f281c4e9f3500d16b55/jacocoagent.jar=destfile=build/jacoco/test.exec,append=true,inclnolocationclasses=false,dumponexit=true,output=file,jmx=false @/home/runneradmin/.gradle/.tmp/gradle-worker-classpath3880511756968867939txt -Xmx512m -Dfile.encoding=UTF-8 -Duser.country -Duser.language=en -Duser.variant -ea worker.org.gradle.process.internal.worker.GradleWorkerMain 'Gradle Test Executor 1'
[561807ac-3f58-4a4b-8c0c-17b156c9164d/Build]   | Successfully started process 'Gradle Test Executor 1'
[561807ac-3f58-4a4b-8c0c-17b156c9164d/Build]   | 
[561807ac-3f58-4a4b-8c0c-17b156c9164d/Build]   | com.worksap.nlp.sudachi.MeCabOovProviderPluginTest > provideOOV102 SKIPPED
[561807ac-3f58-4a4b-8c0c-17b156c9164d/Build]   | 
[561807ac-3f58-4a4b-8c0c-17b156c9164d/Build]   | com.worksap.nlp.sudachi.SudachiCommandLineTest > commandLineHelp STANDARD_ERROR
[561807ac-3f58-4a4b-8c0c-17b156c9164d/Build]   |     usage: SudachiCommandLine [-r file] [-m A|B|C] [-o file] [file ...]
[561807ac-3f58-4a4b-8c0c-17b156c9164d/Build]   |     	-r file	read settings from file (overrides -s)
[561807ac-3f58-4a4b-8c0c-17b156c9164d/Build]   |     	-s string	additional settings (overrides -r)
[561807ac-3f58-4a4b-8c0c-17b156c9164d/Build]   |     	-p directory	root directory of resources
[561807ac-3f58-4a4b-8c0c-17b156c9164d/Build]   |     	-m mode	mode of splitting
[561807ac-3f58-4a4b-8c0c-17b156c9164d/Build]   |     	-o file	output to file
[561807ac-3f58-4a4b-8c0c-17b156c9164d/Build]   |     	-t	separate words with spaces
[561807ac-3f58-4a4b-8c0c-17b156c9164d/Build]   |     	-ts	separate words with spaces, and break line for each sentence
[561807ac-3f58-4a4b-8c0c-17b156c9164d/Build]   |     	-a	show details
[561807ac-3f58-4a4b-8c0c-17b156c9164d/Build]   |     	-f	ignore error
[561807ac-3f58-4a4b-8c0c-17b156c9164d/Build]   |     	-d	debug mode
[561807ac-3f58-4a4b-8c0c-17b156c9164d/Build]   |     	--systemDict file	path to a system dictionary (overrides everything)
[561807ac-3f58-4a4b-8c0c-17b156c9164d/Build]   |     	--userDict file	path to an additional user dictionary (appended to -s)
[561807ac-3f58-4a4b-8c0c-17b156c9164d/Build]   | 
[561807ac-3f58-4a4b-8c0c-17b156c9164d/Build]   | com.worksap.nlp.sudachi.dictionary.DictionaryBuilderTest > commandLine STANDARD_ERROR
[561807ac-3f58-4a4b-8c0c-17b156c9164d/Build]   |     junit15595576288446242625.tmp	....................	Done! (4 entries, 0.002 sec)
[561807ac-3f58-4a4b-8c0c-17b156c9164d/Build]   |     POS table		Done! (60 bytes, 0.000 sec)
[561807ac-3f58-4a4b-8c0c-17b156c9164d/Build]   |     WordId table	....................	Done! (14 bytes, 0.000 sec)
[561807ac-3f58-4a4b-8c0c-17b156c9164d/Build]   |     double array Trie		Done! (1028 bytes, 0.001 sec)
[561807ac-3f58-4a4b-8c0c-17b156c9164d/Build]   |     word parameters		Done! (18 bytes, 0.000 sec)
[561807ac-3f58-4a4b-8c0c-17b156c9164d/Build]   |     word entries		Done! (112 bytes, 0.000 sec)
[561807ac-3f58-4a4b-8c0c-17b156c9164d/Build]   |     WordInfo offsets		Done! (12 bytes, 0.000 sec)
[561807ac-3f58-4a4b-8c0c-17b156c9164d/Build]   | 
[561807ac-3f58-4a4b-8c0c-17b156c9164d/Build]   | com.worksap.nlp.sudachi.dictionary.UserDictionaryBuilderTest > commandLine STANDARD_ERROR
[561807ac-3f58-4a4b-8c0c-17b156c9164d/Build]   |     junit15528534991342042830.tmp	....................	Done! (3 entries, 0.000 sec)
[561807ac-3f58-4a4b-8c0c-17b156c9164d/Build]   |     POS table		Done! (2 bytes, 0.000 sec)
[561807ac-3f58-4a4b-8c0c-17b156c9164d/Build]   |     WordId table	....................	Done! (9 bytes, 0.000 sec)
[561807ac-3f58-4a4b-8c0c-17b156c9164d/Build]   |     double array Trie		Done! (1028 bytes, 0.001 sec)
[561807ac-3f58-4a4b-8c0c-17b156c9164d/Build]   |     word parameters		Done! (12 bytes, 0.000 sec)
[561807ac-3f58-4a4b-8c0c-17b156c9164d/Build]   |     word entries		Done! (80 bytes, 0.000 sec)
[561807ac-3f58-4a4b-8c0c-17b156c9164d/Build]   |     WordInfo offsets		Done! (8 bytes, 0.000 sec)
[561807ac-3f58-4a4b-8c0c-17b156c9164d/Build]   | 
[561807ac-3f58-4a4b-8c0c-17b156c9164d/Build]   | com.worksap.nlp.sudachi.PosMatcherTest > partialPosNull FAILED
[561807ac-3f58-4a4b-8c0c-17b156c9164d/Build]   |     java.lang.NullPointerException
[561807ac-3f58-4a4b-8c0c-17b156c9164d/Build]   |         at com.worksap.nlp.sudachi.PartialPOS.<init>(PartialPOS.java:36)
[561807ac-3f58-4a4b-8c0c-17b156c9164d/Build]   |         at com.worksap.nlp.sudachi.PartialPOS.<init>(PartialPOS.java:45)
[561807ac-3f58-4a4b-8c0c-17b156c9164d/Build]   |         at com.worksap.nlp.sudachi.PosMatcherTest.partialPosNull(PosMatcherTest.kt:114)
[561807ac-3f58-4a4b-8c0c-17b156c9164d/Build]   | 
[561807ac-3f58-4a4b-8c0c-17b156c9164d/Build]   | com.worksap.nlp.sudachi.PosMatcherTest > iteratorThrows FAILED
[561807ac-3f58-4a4b-8c0c-17b156c9164d/Build]   |     java.lang.AssertionError: Expected an exception of class java.util.NoSuchElementException to be thrown, but was java.lang.IndexOutOfBoundsException: Index -1 out of bounds for length 10
[561807ac-3f58-4a4b-8c0c-17b156c9164d/Build]   |         at org.junit.Assert.fail(Assert.java:89)
[561807ac-3f58-4a4b-8c0c-17b156c9164d/Build]   |         at kotlin.test.junit.JUnitAsserter.fail(JUnitSupport.kt:64)
[561807ac-3f58-4a4b-8c0c-17b156c9164d/Build]   |         at kotlin.test.AssertionsKt__AssertionsImplKt.checkResultIsFailure(AssertionsImpl.kt:30)
[561807ac-3f58-4a4b-8c0c-17b156c9164d/Build]   |         at kotlin.test.AssertionsKt.checkResultIsFailure(Unknown Source)
[561807ac-3f58-4a4b-8c0c-17b156c9164d/Build]   |         at com.worksap.nlp.sudachi.PosMatcherTest.iteratorThrows(PosMatcherTest.kt:102)
[561807ac-3f58-4a4b-8c0c-17b156c9164d/Build]   | 
[561807ac-3f58-4a4b-8c0c-17b156c9164d/Build]   |         Caused by:
[561807ac-3f58-4a4b-8c0c-17b156c9164d/Build]   |         java.lang.IndexOutOfBoundsException: Index -1 out of bounds for length 10
[561807ac-3f58-4a4b-8c0c-17b156c9164d/Build]   |             at java.base/jdk.internal.util.Preconditions.outOfBounds(Preconditions.java:64)
[561807ac-3f58-4a4b-8c0c-17b156c9164d/Build]   |             at java.base/jdk.internal.util.Preconditions.outOfBoundsCheckIndex(Preconditions.java:70)
[561807ac-3f58-4a4b-8c0c-17b156c9164d/Build]   |             at java.base/jdk.internal.util.Preconditions.checkIndex(Preconditions.java:248)
[561807ac-3f58-4a4b-8c0c-17b156c9164d/Build]   |             at java.base/java.util.Objects.checkIndex(Objects.java:372)
[561807ac-3f58-4a4b-8c0c-17b156c9164d/Build]   |             at java.base/java.util.ArrayList.get(ArrayList.java:459)
[561807ac-3f58-4a4b-8c0c-17b156c9164d/Build]   |             at com.worksap.nlp.sudachi.dictionary.GrammarImpl.getPartOfSpeechString(GrammarImpl.java:92)
[561807ac-3f58-4a4b-8c0c-17b156c9164d/Build]   |             at com.worksap.nlp.sudachi.PosMatcher$1.next(PosMatcher.java:143)
[561807ac-3f58-4a4b-8c0c-17b156c9164d/Build]   |             at com.worksap.nlp.sudachi.PosMatcher$1.next(PosMatcher.java:132)
[561807ac-3f58-4a4b-8c0c-17b156c9164d/Build]   |             ... 1 more
[561807ac-3f58-4a4b-8c0c-17b156c9164d/Build]   | 
[561807ac-3f58-4a4b-8c0c-17b156c9164d/Build]   | Gradle Test Executor 1 finished executing tests.
[561807ac-3f58-4a4b-8c0c-17b156c9164d/Build]   | 
[561807ac-3f58-4a4b-8c0c-17b156c9164d/Build]   | > Task :test FAILED
[561807ac-3f58-4a4b-8c0c-17b156c9164d/Build]   | Finished generating test XML results (0.114 secs) into: /tmp/781b3bf2-9b1c-45ab-a2b7-2730b1638bcc/build/test-results/test
[561807ac-3f58-4a4b-8c0c-17b156c9164d/Build]   | Generating HTML test report...
[561807ac-3f58-4a4b-8c0c-17b156c9164d/Build]   | Finished generating test html results (0.078 secs) into: /tmp/781b3bf2-9b1c-45ab-a2b7-2730b1638bcc/build/reports/tests/test
[561807ac-3f58-4a4b-8c0c-17b156c9164d/Build]   | :test (Thread[Execution worker for ':' Thread 86,5,main]) completed. Took 6.406 secs.
[561807ac-3f58-4a4b-8c0c-17b156c9164d/Build]   | 
[561807ac-3f58-4a4b-8c0c-17b156c9164d/Build]   | 284 tests completed, 2 failed, 1 skipped
[561807ac-3f58-4a4b-8c0c-17b156c9164d/Build]   | 
[561807ac-3f58-4a4b-8c0c-17b156c9164d/Build]   | FAILURE: Build failed with an exception.
[561807ac-3f58-4a4b-8c0c-17b156c9164d/Build]   | 
[561807ac-3f58-4a4b-8c0c-17b156c9164d/Build]   | * What went wrong:
[561807ac-3f58-4a4b-8c0c-17b156c9164d/Build]   | Execution failed for task ':test'.
[561807ac-3f58-4a4b-8c0c-17b156c9164d/Build]   | > There were failing tests. See the report at: file:///tmp/781b3bf2-9b1c-45ab-a2b7-2730b1638bcc/build/reports/tests/test/index.html
[561807ac-3f58-4a4b-8c0c-17b156c9164d/Build]   | 
[561807ac-3f58-4a4b-8c0c-17b156c9164d/Build]   | * Try:
[561807ac-3f58-4a4b-8c0c-17b156c9164d/Build]   | > Run with --debug option to get more log output.
[561807ac-3f58-4a4b-8c0c-17b156c9164d/Build]   | > Run with --scan to get full insights.
[561807ac-3f58-4a4b-8c0c-17b156c9164d/Build]   | 
[561807ac-3f58-4a4b-8c0c-17b156c9164d/Build]   | * Exception is:
[561807ac-3f58-4a4b-8c0c-17b156c9164d/Build]   | org.gradle.api.tasks.TaskExecutionException: Execution failed for task ':test'.
[561807ac-3f58-4a4b-8c0c-17b156c9164d/Build]   | 	at org.gradle.api.internal.tasks.execution.ExecuteActionsTaskExecuter.lambda$executeIfValid$1(ExecuteActionsTaskExecuter.java:147)
[561807ac-3f58-4a4b-8c0c-17b156c9164d/Build]   | 	at org.gradle.internal.Try$Failure.ifSuccessfulOrElse(Try.java:282)
[561807ac-3f58-4a4b-8c0c-17b156c9164d/Build]   | 	at org.gradle.api.internal.tasks.execution.ExecuteActionsTaskExecuter.executeIfValid(ExecuteActionsTaskExecuter.java:145)
[561807ac-3f58-4a4b-8c0c-17b156c9164d/Build]   | 	at org.gradle.api.internal.tasks.execution.ExecuteActionsTaskExecuter.execute(ExecuteActionsTaskExecuter.java:133)
[561807ac-3f58-4a4b-8c0c-17b156c9164d/Build]   | 	at org.gradle.api.internal.tasks.execution.CleanupStaleOutputsExecuter.execute(CleanupStaleOutputsExecuter.java:77)
[561807ac-3f58-4a4b-8c0c-17b156c9164d/Build]   | 	at org.gradle.api.internal.tasks.execution.FinalizePropertiesTaskExecuter.execute(FinalizePropertiesTaskExecuter.java:46)
[561807ac-3f58-4a4b-8c0c-17b156c9164d/Build]   | 	at org.gradle.api.internal.tasks.execution.ResolveTaskExecutionModeExecuter.execute(ResolveTaskExecutionModeExecuter.java:51)
[561807ac-3f58-4a4b-8c0c-17b156c9164d/Build]   | 	at org.gradle.api.internal.tasks.execution.SkipTaskWithNoActionsExecuter.execute(SkipTaskWithNoActionsExecuter.java:57)
[561807ac-3f58-4a4b-8c0c-17b156c9164d/Build]   | 	at org.gradle.api.internal.tasks.execution.SkipOnlyIfTaskExecuter.execute(SkipOnlyIfTaskExecuter.java:56)
[561807ac-3f58-4a4b-8c0c-17b156c9164d/Build]   | 	at org.gradle.api.internal.tasks.execution.CatchExceptionTaskExecuter.execute(CatchExceptionTaskExecuter.java:36)
[561807ac-3f58-4a4b-8c0c-17b156c9164d/Build]   | 	at org.gradle.api.internal.tasks.execution.EventFiringTaskExecuter$1.executeTask(EventFiringTaskExecuter.java:77)
[561807ac-3f58-4a4b-8c0c-17b156c9164d/Build]   | 	at org.gradle.api.internal.tasks.execution.EventFiringTaskExecuter$1.call(EventFiringTaskExecuter.java:55)
[561807ac-3f58-4a4b-8c0c-17b156c9164d/Build]   | 	at org.gradle.api.internal.tasks.execution.EventFiringTaskExecuter$1.call(EventFiringTaskExecuter.java:52)
[561807ac-3f58-4a4b-8c0c-17b156c9164d/Build]   | 	at org.gradle.internal.operations.DefaultBuildOperationRunner$CallableBuildOperationWorker.execute(DefaultBuildOperationRunner.java:204)
[561807ac-3f58-4a4b-8c0c-17b156c9164d/Build]   | 	at org.gradle.internal.operations.DefaultBuildOperationRunner$CallableBuildOperationWorker.execute(DefaultBuildOperationRunner.java:199)
[561807ac-3f58-4a4b-8c0c-17b156c9164d/Build]   | 	at org.gradle.internal.operations.DefaultBuildOperationRunner$2.execute(DefaultBuildOperationRunner.java:66)
[561807ac-3f58-4a4b-8c0c-17b156c9164d/Build]   | 	at org.gradle.internal.operations.DefaultBuildOperationRunner$2.execute(DefaultBuildOperationRunner.java:59)
[561807ac-3f58-4a4b-8c0c-17b156c9164d/Build]   | 	at org.gradle.internal.operations.DefaultBuildOperationRunner.execute(DefaultBuildOperationRunner.java:157)
[561807ac-3f58-4a4b-8c0c-17b156c9164d/Build]   | 	at org.gradle.internal.operations.DefaultBuildOperationRunner.execute(DefaultBuildOperationRunner.java:59)
[561807ac-3f58-4a4b-8c0c-17b156c9164d/Build]   | 	at org.gradle.internal.operations.DefaultBuildOperationRunner.call(DefaultBuildOperationRunner.java:53)
[561807ac-3f58-4a4b-8c0c-17b156c9164d/Build]   | 	at org.gradle.internal.operations.DefaultBuildOperationExecutor.call(DefaultBuildOperationExecutor.java:73)
[561807ac-3f58-4a4b-8c0c-17b156c9164d/Build]   | 	at org.gradle.api.internal.tasks.execution.EventFiringTaskExecuter.execute(EventFiringTaskExecuter.java:52)
[561807ac-3f58-4a4b-8c0c-17b156c9164d/Build]   | 	at org.gradle.execution.plan.LocalTaskNodeExecutor.execute(LocalTaskNodeExecutor.java:74)
[561807ac-3f58-4a4b-8c0c-17b156c9164d/Build]   | 	at org.gradle.execution.taskgraph.DefaultTaskExecutionGraph$InvokeNodeExecutorsAction.execute(DefaultTaskExecutionGraph.java:333)
[561807ac-3f58-4a4b-8c0c-17b156c9164d/Build]   | 	at org.gradle.execution.taskgraph.DefaultTaskExecutionGraph$InvokeNodeExecutorsAction.execute(DefaultTaskExecutionGraph.java:320)
[561807ac-3f58-4a4b-8c0c-17b156c9164d/Build]   | 	at org.gradle.execution.taskgraph.DefaultTaskExecutionGraph$BuildOperationAwareExecutionAction.execute(DefaultTaskExecutionGraph.java:313)
[561807ac-3f58-4a4b-8c0c-17b156c9164d/Build]   | 	at org.gradle.execution.taskgraph.DefaultTaskExecutionGraph$BuildOperationAwareExecutionAction.execute(DefaultTaskExecutionGraph.java:299)
[561807ac-3f58-4a4b-8c0c-17b156c9164d/Build]   | 	at org.gradle.execution.plan.DefaultPlanExecutor$ExecutorWorker.lambda$run$0(DefaultPlanExecutor.java:143)
[561807ac-3f58-4a4b-8c0c-17b156c9164d/Build]   | 	at org.gradle.execution.plan.DefaultPlanExecutor$ExecutorWorker.execute(DefaultPlanExecutor.java:227)
[561807ac-3f58-4a4b-8c0c-17b156c9164d/Build]   | 	at org.gradle.execution.plan.DefaultPlanExecutor$ExecutorWorker.executeNextNode(DefaultPlanExecutor.java:218)
[561807ac-3f58-4a4b-8c0c-17b156c9164d/Build]   | 	at org.gradle.execution.plan.DefaultPlanExecutor$ExecutorWorker.run(DefaultPlanExecutor.java:140)
[561807ac-3f58-4a4b-8c0c-17b156c9164d/Build]   | 	at org.gradle.internal.concurrent.ExecutorPolicy$CatchAndRecordFailures.onExecute(ExecutorPolicy.java:64)
[561807ac-3f58-4a4b-8c0c-17b156c9164d/Build]   | 	at org.gradle.internal.concurrent.ManagedExecutorImpl$1.run(ManagedExecutorImpl.java:48)
[561807ac-3f58-4a4b-8c0c-17b156c9164d/Build]   | Caused by: org.gradle.api.tasks.VerificationException: There were failing tests. See the report at: file:///tmp/781b3bf2-9b1c-45ab-a2b7-2730b1638bcc/build/reports/tests/test/index.html
[561807ac-3f58-4a4b-8c0c-17b156c9164d/Build]   | 	at org.gradle.api.tasks.testing.AbstractTestTask.handleTestFailures(AbstractTestTask.java:651)
[561807ac-3f58-4a4b-8c0c-17b156c9164d/Build]   | 	at org.gradle.api.tasks.testing.AbstractTestTask.handleCollectedResults(AbstractTestTask.java:513)
[561807ac-3f58-4a4b-8c0c-17b156c9164d/Build]   | 	at org.gradle.api.tasks.testing.AbstractTestTask.executeTests(AbstractTestTask.java:508)
[561807ac-3f58-4a4b-8c0c-17b156c9164d/Build]   | 	at org.gradle.api.tasks.testing.Test.executeTests(Test.java:689)
[561807ac-3f58-4a4b-8c0c-17b156c9164d/Build]   | 	at java.base/jdk.internal.reflect.NativeMethodAccessorImpl.invoke0(Native Method)
[561807ac-3f58-4a4b-8c0c-17b156c9164d/Build]   | 	at java.base/jdk.internal.reflect.NativeMethodAccessorImpl.invoke(NativeMethodAccessorImpl.java:62)
[561807ac-3f58-4a4b-8c0c-17b156c9164d/Build]   | 	at java.base/jdk.internal.reflect.DelegatingMethodAccessorImpl.invoke(DelegatingMethodAccessorImpl.java:43)
[561807ac-3f58-4a4b-8c0c-17b156c9164d/Build]   | 	at org.gradle.internal.reflect.JavaMethod.invoke(JavaMethod.java:104)
[561807ac-3f58-4a4b-8c0c-17b156c9164d/Build]   | 	at org.gradle.api.internal.project.taskfactory.StandardTaskAction.doExecute(StandardTaskAction.java:58)
[561807ac-3f58-4a4b-8c0c-17b156c9164d/Build]   | 	at org.gradle.api.internal.project.taskfactory.StandardTaskAction.execute(StandardTaskAction.java:51)
[561807ac-3f58-4a4b-8c0c-17b156c9164d/Build]   | 	at org.gradle.api.internal.project.taskfactory.StandardTaskAction.execute(StandardTaskAction.java:29)
[561807ac-3f58-4a4b-8c0c-17b156c9164d/Build]   | 	at org.gradle.api.internal.tasks.execution.TaskExecution$3.run(TaskExecution.java:242)
[561807ac-3f58-4a4b-8c0c-17b156c9164d/Build]   | 	at org.gradle.internal.operations.DefaultBuildOperationRunner$1.execute(DefaultBuildOperationRunner.java:29)
[561807ac-3f58-4a4b-8c0c-17b156c9164d/Build]   | 	at org.gradle.internal.operations.DefaultBuildOperationRunner$1.execute(DefaultBuildOperationRunner.java:26)
[561807ac-3f58-4a4b-8c0c-17b156c9164d/Build]   | 	at org.gradle.internal.operations.DefaultBuildOperationRunner$2.execute(DefaultBuildOperationRunner.java:66)
[561807ac-3f58-4a4b-8c0c-17b156c9164d/Build]   | 	at org.gradle.internal.operations.DefaultBuildOperationRunner$2.execute(DefaultBuildOperationRunner.java:59)
[561807ac-3f58-4a4b-8c0c-17b156c9164d/Build]   | 	at org.gradle.internal.operations.DefaultBuildOperationRunner.execute(DefaultBuildOperationRunner.java:157)
[561807ac-3f58-4a4b-8c0c-17b156c9164d/Build]   | 	at org.gradle.internal.operations.DefaultBuildOperationRunner.execute(DefaultBuildOperationRunner.java:59)
[561807ac-3f58-4a4b-8c0c-17b156c9164d/Build]   | 	at org.gradle.internal.operations.DefaultBuildOperationRunner.run(DefaultBuildOperationRunner.java:47)
[561807ac-3f58-4a4b-8c0c-17b156c9164d/Build]   | 	at org.gradle.internal.operations.DefaultBuildOperationExecutor.run(DefaultBuildOperationExecutor.java:68)
[561807ac-3f58-4a4b-8c0c-17b156c9164d/Build]   | 	at org.gradle.api.internal.tasks.execution.TaskExecution.executeAction(TaskExecution.java:227)
[561807ac-3f58-4a4b-8c0c-17b156c9164d/Build]   | 	at org.gradle.api.internal.tasks.execution.TaskExecution.executeActions(TaskExecution.java:210)
[561807ac-3f58-4a4b-8c0c-17b156c9164d/Build]   | 	at org.gradle.api.internal.tasks.execution.TaskExecution.executeWithPreviousOutputFiles(TaskExecution.java:193)
[561807ac-3f58-4a4b-8c0c-17b156c9164d/Build]   | 	at org.gradle.api.internal.tasks.execution.TaskExecution.execute(TaskExecution.java:171)
[561807ac-3f58-4a4b-8c0c-17b156c9164d/Build]   | 	at org.gradle.internal.execution.steps.ExecuteStep.executeInternal(ExecuteStep.java:89)
[561807ac-3f58-4a4b-8c0c-17b156c9164d/Build]   | 	at org.gradle.internal.execution.steps.ExecuteStep.access$000(ExecuteStep.java:40)
[561807ac-3f58-4a4b-8c0c-17b156c9164d/Build]   | 	at org.gradle.internal.execution.steps.ExecuteStep$1.call(ExecuteStep.java:53)
[561807ac-3f58-4a4b-8c0c-17b156c9164d/Build]   | 	at org.gradle.internal.execution.steps.ExecuteStep$1.call(ExecuteStep.java:50)
[561807ac-3f58-4a4b-8c0c-17b156c9164d/Build]   | 	at org.gradle.internal.operations.DefaultBuildOperationRunner$CallableBuildOperationWorker.execute(DefaultBuildOperationRunner.java:204)
[561807ac-3f58-4a4b-8c0c-17b156c9164d/Build]   | 	at org.gradle.internal.operations.DefaultBuildOperationRunner$CallableBuildOperationWorker.execute(DefaultBuildOperationRunner.java:199)
[561807ac-3f58-4a4b-8c0c-17b156c9164d/Build]   | 	at org.gradle.internal.operations.DefaultBuildOperationRunner$2.execute(DefaultBuildOperationRunner.java:66)
[561807ac-3f58-4a4b-8c0c-17b156c9164d/Build]   | 	at org.gradle.internal.operations.DefaultBuildOperationRunner$2.execute(DefaultBuildOperationRunner.java:59)
[561807ac-3f58-4a4b-8c0c-17b156c9164d/Build]   | 	at org.gradle.internal.operations.DefaultBuildOperationRunner.execute(DefaultBuildOperationRunner.java:157)
[561807ac-3f58-4a4b-8c0c-17b156c9164d/Build]   | 	at org.gradle.internal.operations.DefaultBuildOperationRunner.execute(DefaultBuildOperationRunner.java:59)
[561807ac-3f58-4a4b-8c0c-17b156c9164d/Build]   | 	at org.gradle.internal.operations.DefaultBuildOperationRunner.call(DefaultBuildOperationRunner.java:53)
[561807ac-3f58-4a4b-8c0c-17b156c9164d/Build]   | 	at org.gradle.internal.operations.DefaultBuildOperationExecutor.call(DefaultBuildOperationExecutor.java:73)
[561807ac-3f58-4a4b-8c0c-17b156c9164d/Build]   | 	at org.gradle.internal.execution.steps.ExecuteStep.execute(ExecuteStep.java:50)
[561807ac-3f58-4a4b-8c0c-17b156c9164d/Build]   | 	at org.gradle.internal.execution.steps.ExecuteStep.execute(ExecuteStep.java:40)
[561807ac-3f58-4a4b-8c0c-17b156c9164d/Build]   | 	at org.gradle.internal.execution.steps.RemovePreviousOutputsStep.execute(RemovePreviousOutputsStep.java:68)
[561807ac-3f58-4a4b-8c0c-17b156c9164d/Build]   | 	at org.gradle.internal.execution.steps.RemovePreviousOutputsStep.execute(RemovePreviousOutputsStep.java:38)
[561807ac-3f58-4a4b-8c0c-17b156c9164d/Build]   | 	at org.gradle.internal.execution.steps.ResolveInputChangesStep.execute(ResolveInputChangesStep.java:48)
[561807ac-3f58-4a4b-8c0c-17b156c9164d/Build]   | 	at org.gradle.internal.execution.steps.ResolveInputChangesStep.execute(ResolveInputChangesStep.java:36)
[561807ac-3f58-4a4b-8c0c-17b156c9164d/Build]   | 	at org.gradle.internal.execution.steps.CancelExecutionStep.execute(CancelExecutionStep.java:41)
[561807ac-3f58-4a4b-8c0c-17b156c9164d/Build]   | 	at org.gradle.internal.execution.steps.TimeoutStep.executeWithoutTimeout(TimeoutStep.java:74)
[561807ac-3f58-4a4b-8c0c-17b156c9164d/Build]   | 	at org.gradle.internal.execution.steps.TimeoutStep.execute(TimeoutStep.java:55)
[561807ac-3f58-4a4b-8c0c-17b156c9164d/Build]   | 	at org.gradle.internal.execution.steps.CreateOutputsStep.execute(CreateOutputsStep.java:51)
[561807ac-3f58-4a4b-8c0c-17b156c9164d/Build]   | 	at org.gradle.internal.execution.steps.CreateOutputsStep.execute(CreateOutputsStep.java:29)
[561807ac-3f58-4a4b-8c0c-17b156c9164d/Build]   | 	at org.gradle.internal.execution.steps.CaptureStateAfterExecutionStep.execute(CaptureStateAfterExecutionStep.java:61)
[561807ac-3f58-4a4b-8c0c-17b156c9164d/Build]   | 	at org.gradle.internal.execution.steps.CaptureStateAfterExecutionStep.execute(CaptureStateAfterExecutionStep.java:42)
[561807ac-3f58-4a4b-8c0c-17b156c9164d/Build]   | 	at org.gradle.internal.execution.steps.BroadcastChangingOutputsStep.execute(BroadcastChangingOutputsStep.java:60)
[561807ac-3f58-4a4b-8c0c-17b156c9164d/Build]   | 	at org.gradle.internal.execution.steps.BroadcastChangingOutputsStep.execute(BroadcastChangingOutputsStep.java:27)
[561807ac-3f58-4a4b-8c0c-17b156c9164d/Build]   | 	at org.gradle.internal.execution.steps.BuildCacheStep.executeWithoutCache(BuildCacheStep.java:180)
[561807ac-3f58-4a4b-8c0c-17b156c9164d/Build]   | 	at org.gradle.internal.execution.steps.BuildCacheStep.executeAndStoreInCache(BuildCacheStep.java:155)
[561807ac-3f58-4a4b-8c0c-17b156c9164d/Build]   | 	at org.gradle.internal.execution.steps.BuildCacheStep.lambda$executeWithCache$4(BuildCacheStep.java:125)
[561807ac-3f58-4a4b-8c0c-17b156c9164d/Build]   | 	at org.gradle.internal.execution.steps.BuildCacheStep.lambda$executeWithCache$5(BuildCacheStep.java:125)
[561807ac-3f58-4a4b-8c0c-17b156c9164d/Build]   | 	at org.gradle.internal.Try$Success.map(Try.java:164)
[561807ac-3f58-4a4b-8c0c-17b156c9164d/Build]   | 	at org.gradle.internal.execution.steps.BuildCacheStep.executeWithCache(BuildCacheStep.java:85)
[561807ac-3f58-4a4b-8c0c-17b156c9164d/Build]   | 	at org.gradle.internal.execution.steps.BuildCacheStep.lambda$execute$0(BuildCacheStep.java:74)
[561807ac-3f58-4a4b-8c0c-17b156c9164d/Build]   | 	at org.gradle.internal.Either$Left.fold(Either.java:115)
[561807ac-3f58-4a4b-8c0c-17b156c9164d/Build]   | 	at org.gradle.internal.execution.caching.CachingState.fold(CachingState.java:59)
[561807ac-3f58-4a4b-8c0c-17b156c9164d/Build]   | 	at org.gradle.internal.execution.steps.BuildCacheStep.execute(BuildCacheStep.java:73)
[561807ac-3f58-4a4b-8c0c-17b156c9164d/Build]   | 	at org.gradle.internal.execution.steps.BuildCacheStep.execute(BuildCacheStep.java:48)
[561807ac-3f58-4a4b-8c0c-17b156c9164d/Build]   | 	at org.gradle.internal.execution.steps.StoreExecutionStateStep.execute(StoreExecutionStateStep.java:36)
[561807ac-3f58-4a4b-8c0c-17b156c9164d/Build]   | 	at org.gradle.internal.execution.steps.StoreExecutionStateStep.execute(StoreExecutionStateStep.java:25)
[561807ac-3f58-4a4b-8c0c-17b156c9164d/Build]   | 	at org.gradle.internal.execution.steps.RecordOutputsStep.execute(RecordOutputsStep.java:36)
[561807ac-3f58-4a4b-8c0c-17b156c9164d/Build]   | 	at org.gradle.internal.execution.steps.RecordOutputsStep.execute(RecordOutputsStep.java:22)
[561807ac-3f58-4a4b-8c0c-17b156c9164d/Build]   | 	at org.gradle.internal.execution.steps.SkipUpToDateStep.executeBecause(SkipUpToDateStep.java:110)
[561807ac-3f58-4a4b-8c0c-17b156c9164d/Build]   | 	at org.gradle.internal.execution.steps.SkipUpToDateStep.lambda$execute$2(SkipUpToDateStep.java:56)
[561807ac-3f58-4a4b-8c0c-17b156c9164d/Build]   | 	at org.gradle.internal.execution.steps.SkipUpToDateStep.execute(SkipUpToDateStep.java:56)
[561807ac-3f58-4a4b-8c0c-17b156c9164d/Build]   | 	at org.gradle.internal.execution.steps.SkipUpToDateStep.execute(SkipUpToDateStep.java:38)
[561807ac-3f58-4a4b-8c0c-17b156c9164d/Build]   | 	at org.gradle.internal.execution.steps.ResolveChangesStep.execute(ResolveChangesStep.java:73)
[561807ac-3f58-4a4b-8c0c-17b156c9164d/Build]   | 	at org.gradle.internal.execution.steps.ResolveChangesStep.execute(ResolveChangesStep.java:44)
[561807ac-3f58-4a4b-8c0c-17b156c9164d/Build]   | 	at org.gradle.internal.execution.steps.legacy.MarkSnapshottingInputsFinishedStep.execute(MarkSnapshottingInputsFinishedStep.java:37)
[561807ac-3f58-4a4b-8c0c-17b156c9164d/Build]   | 	at org.gradle.internal.execution.steps.legacy.MarkSnapshottingInputsFinishedStep.execute(MarkSnapshottingInputsFinishedStep.java:27)
[561807ac-3f58-4a4b-8c0c-17b156c9164d/Build]   | 	at org.gradle.internal.execution.steps.ResolveCachingStateStep.execute(ResolveCachingStateStep.java:89)
[561807ac-3f58-4a4b-8c0c-17b156c9164d/Build]   | 	at org.gradle.internal.execution.steps.ResolveCachingStateStep.execute(ResolveCachingStateStep.java:50)
[561807ac-3f58-4a4b-8c0c-17b156c9164d/Build]   | 	at org.gradle.internal.execution.steps.ValidateStep.execute(ValidateStep.java:114)
[561807ac-3f58-4a4b-8c0c-17b156c9164d/Build]   | 	at org.gradle.internal.execution.steps.ValidateStep.execute(ValidateStep.java:57)
[561807ac-3f58-4a4b-8c0c-17b156c9164d/Build]   | 	at org.gradle.internal.execution.steps.CaptureStateBeforeExecutionStep.execute(CaptureStateBeforeExecutionStep.java:76)
[561807ac-3f58-4a4b-8c0c-17b156c9164d/Build]   | 	at org.gradle.internal.execution.steps.CaptureStateBeforeExecutionStep.execute(CaptureStateBeforeExecutionStep.java:50)
[561807ac-3f58-4a4b-8c0c-17b156c9164d/Build]   | 	at org.gradle.internal.execution.steps.SkipEmptyWorkStep.executeWithNoEmptySources(SkipEmptyWorkStep.java:249)
[561807ac-3f58-4a4b-8c0c-17b156c9164d/Build]   | 	at org.gradle.internal.execution.steps.SkipEmptyWorkStep.executeWithNoEmptySources(SkipEmptyWorkStep.java:204)
[561807ac-3f58-4a4b-8c0c-17b156c9164d/Build]   | 	at org.gradle.internal.execution.steps.SkipEmptyWorkStep.execute(SkipEmptyWorkStep.java:83)
[561807ac-3f58-4a4b-8c0c-17b156c9164d/Build]   | 	at org.gradle.internal.execution.steps.SkipEmptyWorkStep.execute(SkipEmptyWorkStep.java:54)
[561807ac-3f58-4a4b-8c0c-17b156c9164d/Build]   | 	at org.gradle.internal.execution.steps.RemoveUntrackedExecutionStateStep.execute(RemoveUntrackedExecutionStateStep.java:32)
[561807ac-3f58-4a4b-8c0c-17b156c9164d/Build]   | 	at org.gradle.internal.execution.steps.RemoveUntrackedExecutionStateStep.execute(RemoveUntrackedExecutionStateStep.java:21)
[561807ac-3f58-4a4b-8c0c-17b156c9164d/Build]   | 	at org.gradle.internal.execution.steps.legacy.MarkSnapshottingInputsStartedStep.execute(MarkSnapshottingInputsStartedStep.java:38)
[561807ac-3f58-4a4b-8c0c-17b156c9164d/Build]   | 	at org.gradle.internal.execution.steps.LoadPreviousExecutionStateStep.execute(LoadPreviousExecutionStateStep.java:43)
[561807ac-3f58-4a4b-8c0c-17b156c9164d/Build]   | 	at org.gradle.internal.execution.steps.LoadPreviousExecutionStateStep.execute(LoadPreviousExecutionStateStep.java:31)
[561807ac-3f58-4a4b-8c0c-17b156c9164d/Build]   | 	at org.gradle.internal.execution.steps.AssignWorkspaceStep.lambda$execute$0(AssignWorkspaceStep.java:40)
[561807ac-3f58-4a4b-8c0c-17b156c9164d/Build]   | 	at org.gradle.api.internal.tasks.execution.TaskExecution$4.withWorkspace(TaskExecution.java:287)
[561807ac-3f58-4a4b-8c0c-17b156c9164d/Build]   | 	at org.gradle.internal.execution.steps.AssignWorkspaceStep.execute(AssignWorkspaceStep.java:40)
[561807ac-3f58-4a4b-8c0c-17b156c9164d/Build]   | 	at org.gradle.internal.execution.steps.AssignWorkspaceStep.execute(AssignWorkspaceStep.java:30)
[561807ac-3f58-4a4b-8c0c-17b156c9164d/Build]   | 	at org.gradle.internal.execution.steps.IdentityCacheStep.execute(IdentityCacheStep.java:37)
[561807ac-3f58-4a4b-8c0c-17b156c9164d/Build]   | 	at org.gradle.internal.execution.steps.IdentityCacheStep.execute(IdentityCacheStep.java:27)
[561807ac-3f58-4a4b-8c0c-17b156c9164d/Build]   | 	at org.gradle.internal.execution.steps.IdentifyStep.execute(IdentifyStep.java:44)
[561807ac-3f58-4a4b-8c0c-17b156c9164d/Build]   | 	at org.gradle.internal.execution.steps.IdentifyStep.execute(IdentifyStep.java:33)
[561807ac-3f58-4a4b-8c0c-17b156c9164d/Build]   | 	at org.gradle.internal.execution.impl.DefaultExecutionEngine$1.execute(DefaultExecutionEngine.java:76)
[561807ac-3f58-4a4b-8c0c-17b156c9164d/Build]   | 	at org.gradle.api.internal.tasks.execution.ExecuteActionsTaskExecuter.executeIfValid(ExecuteActionsTaskExecuter.java:144)
[561807ac-3f58-4a4b-8c0c-17b156c9164d/Build]   | 	at org.gradle.api.internal.tasks.execution.ExecuteActionsTaskExecuter.execute(ExecuteActionsTaskExecuter.java:133)
[561807ac-3f58-4a4b-8c0c-17b156c9164d/Build]   | 	at org.gradle.api.internal.tasks.execution.CleanupStaleOutputsExecuter.execute(CleanupStaleOutputsExecuter.java:77)
[561807ac-3f58-4a4b-8c0c-17b156c9164d/Build]   | 	at org.gradle.api.internal.tasks.execution.FinalizePropertiesTaskExecuter.execute(FinalizePropertiesTaskExecuter.java:46)
[561807ac-3f58-4a4b-8c0c-17b156c9164d/Build]   | 	at org.gradle.api.internal.tasks.execution.ResolveTaskExecutionModeExecuter.execute(ResolveTaskExecutionModeExecuter.java:51)
[561807ac-3f58-4a4b-8c0c-17b156c9164d/Build]   | 	at org.gradle.api.internal.tasks.execution.SkipTaskWithNoActionsExecuter.execute(SkipTaskWithNoActionsExecuter.java:57)
[561807ac-3f58-4a4b-8c0c-17b156c9164d/Build]   | 	at org.gradle.api.internal.tasks.execution.SkipOnlyIfTaskExecuter.execute(SkipOnlyIfTaskExecuter.java:56)
[561807ac-3f58-4a4b-8c0c-17b156c9164d/Build]   | 	at org.gradle.api.internal.tasks.execution.CatchExceptionTaskExecuter.execute(CatchExceptionTaskExecuter.java:36)
[561807ac-3f58-4a4b-8c0c-17b156c9164d/Build]   | 	at org.gradle.api.internal.tasks.execution.EventFiringTaskExecuter$1.executeTask(EventFiringTaskExecuter.java:77)
[561807ac-3f58-4a4b-8c0c-17b156c9164d/Build]   | 	at org.gradle.api.internal.tasks.execution.EventFiringTaskExecuter$1.call(EventFiringTaskExecuter.java:55)
[561807ac-3f58-4a4b-8c0c-17b156c9164d/Build]   | 	at org.gradle.api.internal.tasks.execution.EventFiringTaskExecuter$1.call(EventFiringTaskExecuter.java:52)
[561807ac-3f58-4a4b-8c0c-17b156c9164d/Build]   | 	at org.gradle.internal.operations.DefaultBuildOperationRunner$CallableBuildOperationWorker.execute(DefaultBuildOperationRunner.java:204)
[561807ac-3f58-4a4b-8c0c-17b156c9164d/Build]   | 	at org.gradle.internal.operations.DefaultBuildOperationRunner$CallableBuildOperationWorker.execute(DefaultBuildOperationRunner.java:199)
[561807ac-3f58-4a4b-8c0c-17b156c9164d/Build]   | 	at org.gradle.internal.operations.DefaultBuildOperationRunner$2.execute(DefaultBuildOperationRunner.java:66)
[561807ac-3f58-4a4b-8c0c-17b156c9164d/Build]   | 	at org.gradle.internal.operations.DefaultBuildOperationRunner$2.execute(DefaultBuildOperationRunner.java:59)
[561807ac-3f58-4a4b-8c0c-17b156c9164d/Build]   | 	at org.gradle.internal.operations.DefaultBuildOperationRunner.execute(DefaultBuildOperationRunner.java:157)
[561807ac-3f58-4a4b-8c0c-17b156c9164d/Build]   | 	at org.gradle.internal.operations.DefaultBuildOperationRunner.execute(DefaultBuildOperationRunner.java:59)
[561807ac-3f58-4a4b-8c0c-17b156c9164d/Build]   | 	at org.gradle.internal.operations.DefaultBuildOperationRunner.call(DefaultBuildOperationRunner.java:53)
[561807ac-3f58-4a4b-8c0c-17b156c9164d/Build]   | 	at org.gradle.internal.operations.DefaultBuildOperationExecutor.call(DefaultBuildOperationExecutor.java:73)
[561807ac-3f58-4a4b-8c0c-17b156c9164d/Build]   | 	at org.gradle.api.internal.tasks.execution.EventFiringTaskExecuter.execute(EventFiringTaskExecuter.java:52)
[561807ac-3f58-4a4b-8c0c-17b156c9164d/Build]   | 	at org.gradle.execution.plan.LocalTaskNodeExecutor.execute(LocalTaskNodeExecutor.java:74)
[561807ac-3f58-4a4b-8c0c-17b156c9164d/Build]   | 	at org.gradle.execution.taskgraph.DefaultTaskExecutionGraph$InvokeNodeExecutorsAction.execute(DefaultTaskExecutionGraph.java:333)
[561807ac-3f58-4a4b-8c0c-17b156c9164d/Build]   | 	at org.gradle.execution.taskgraph.DefaultTaskExecutionGraph$InvokeNodeExecutorsAction.execute(DefaultTaskExecutionGraph.java:320)
[561807ac-3f58-4a4b-8c0c-17b156c9164d/Build]   | 	at org.gradle.execution.taskgraph.DefaultTaskExecutionGraph$BuildOperationAwareExecutionAction.execute(DefaultTaskExecutionGraph.java:313)
[561807ac-3f58-4a4b-8c0c-17b156c9164d/Build]   | 	at org.gradle.execution.taskgraph.DefaultTaskExecutionGraph$BuildOperationAwareExecutionAction.execute(DefaultTaskExecutionGraph.java:299)
[561807ac-3f58-4a4b-8c0c-17b156c9164d/Build]   | 	at org.gradle.execution.plan.DefaultPlanExecutor$ExecutorWorker.lambda$run$0(DefaultPlanExecutor.java:143)
[561807ac-3f58-4a4b-8c0c-17b156c9164d/Build]   | 	at org.gradle.execution.plan.DefaultPlanExecutor$ExecutorWorker.execute(DefaultPlanExecutor.java:227)
[561807ac-3f58-4a4b-8c0c-17b156c9164d/Build]   | 	at org.gradle.execution.plan.DefaultPlanExecutor$ExecutorWorker.executeNextNode(DefaultPlanExecutor.java:218)
[561807ac-3f58-4a4b-8c0c-17b156c9164d/Build]   | 	at org.gradle.execution.plan.DefaultPlanExecutor$ExecutorWorker.run(DefaultPlanExecutor.java:140)
[561807ac-3f58-4a4b-8c0c-17b156c9164d/Build]   | 	at org.gradle.internal.concurrent.ExecutorPolicy$CatchAndRecordFailures.onExecute(ExecutorPolicy.java:64)
[561807ac-3f58-4a4b-8c0c-17b156c9164d/Build]   | 	at org.gradle.internal.concurrent.ManagedExecutorImpl$1.run(ManagedExecutorImpl.java:48)
[561807ac-3f58-4a4b-8c0c-17b156c9164d/Build]   | 
[561807ac-3f58-4a4b-8c0c-17b156c9164d/Build]   | 
[561807ac-3f58-4a4b-8c0c-17b156c9164d/Build]   | * Get more help at https://help.gradle.org
[561807ac-3f58-4a4b-8c0c-17b156c9164d/Build]   | 
[561807ac-3f58-4a4b-8c0c-17b156c9164d/Build]   | BUILD FAILED in 1m 42s
[561807ac-3f58-4a4b-8c0c-17b156c9164d/Build]   | 21 actionable tasks: 4 executed, 17 up-to-date
[561807ac-3f58-4a4b-8c0c-17b156c9164d/Build]   | Some of the file system contents retained in the virtual file system are on file systems that Gradle doesn't support watching. The relevant state was discarded to ensure changes to these locations are properly detected. You can override this by explicitly enabling file system watching.
[561807ac-3f58-4a4b-8c0c-17b156c9164d/Build]   ‚ùå  Failure - Main Build and check
[561807ac-3f58-4a4b-8c0c-17b156c9164d/Build] exitcode '1': failure
[561807ac-3f58-4a4b-8c0c-17b156c9164d/Build] unable to get git ref: failed to identify reference (tag/branch) for the checked-out revision '3ad45d57fcb77b52227a9c766557e595a9ece3a3'
[561807ac-3f58-4a4b-8c0c-17b156c9164d/Build] unable to get git ref: failed to identify reference (tag/branch) for the checked-out revision '3ad45d57fcb77b52227a9c766557e595a9ece3a3'
[561807ac-3f58-4a4b-8c0c-17b156c9164d/Build] unable to get git ref: failed to identify reference (tag/branch) for the checked-out revision '3ad45d57fcb77b52227a9c766557e595a9ece3a3'
[561807ac-3f58-4a4b-8c0c-17b156c9164d/Build] unable to get git ref: failed to identify reference (tag/branch) for the checked-out revision '3ad45d57fcb77b52227a9c766557e595a9ece3a3'
[561807ac-3f58-4a4b-8c0c-17b156c9164d/Build] unable to get git ref: failed to identify reference (tag/branch) for the checked-out revision '3ad45d57fcb77b52227a9c766557e595a9ece3a3'
[561807ac-3f58-4a4b-8c0c-17b156c9164d/Build] unable to get git ref: failed to identify reference (tag/branch) for the checked-out revision '3ad45d57fcb77b52227a9c766557e595a9ece3a3'
[561807ac-3f58-4a4b-8c0c-17b156c9164d/Build] unable to get git ref: failed to identify reference (tag/branch) for the checked-out revision '3ad45d57fcb77b52227a9c766557e595a9ece3a3'
[561807ac-3f58-4a4b-8c0c-17b156c9164d/Build] unable to get git ref: failed to identify reference (tag/branch) for the checked-out revision '3ad45d57fcb77b52227a9c766557e595a9ece3a3'
[561807ac-3f58-4a4b-8c0c-17b156c9164d/Build] unable to get git ref: failed to identify reference (tag/branch) for the checked-out revision '3ad45d57fcb77b52227a9c766557e595a9ece3a3'
[561807ac-3f58-4a4b-8c0c-17b156c9164d/Build] unable to get git ref: failed to identify reference (tag/branch) for the checked-out revision '3ad45d57fcb77b52227a9c766557e595a9ece3a3'
[561807ac-3f58-4a4b-8c0c-17b156c9164d/Build] ‚≠ê Run Main actions/upload-artifact@v3
[561807ac-3f58-4a4b-8c0c-17b156c9164d/Build] unable to get git ref: failed to identify reference (tag/branch) for the checked-out revision '3ad45d57fcb77b52227a9c766557e595a9ece3a3'
[561807ac-3f58-4a4b-8c0c-17b156c9164d/Build] unable to get git ref: failed to identify reference (tag/branch) for the checked-out revision '3ad45d57fcb77b52227a9c766557e595a9ece3a3'
[561807ac-3f58-4a4b-8c0c-17b156c9164d/Build] unable to get git ref: failed to identify reference (tag/branch) for the checked-out revision '3ad45d57fcb77b52227a9c766557e595a9ece3a3'
[561807ac-3f58-4a4b-8c0c-17b156c9164d/Build]   üê≥  docker cp src=/tmp/act-cache/ca9b5e00-c605-42e5-a837-828a3a15b9a5/act/actions-upload-artifact@v3/ dst=/var/run/act/actions/actions-upload-artifact@v3/
[561807ac-3f58-4a4b-8c0c-17b156c9164d/Build]   üê≥  docker exec cmd=[chown -R 1012:1013 /var/run/act/actions/actions-upload-artifact@v3/] user=0 workdir=
[561807ac-3f58-4a4b-8c0c-17b156c9164d/Build]   üê≥  docker exec cmd=[node /var/run/act/actions/actions-upload-artifact@v3/dist/index.js] user= workdir=
[561807ac-3f58-4a4b-8c0c-17b156c9164d/Build]   üí¨  ::debug::followSymbolicLinks 'true'
[561807ac-3f58-4a4b-8c0c-17b156c9164d/Build]   üí¨  ::debug::implicitDescendants 'true'
[561807ac-3f58-4a4b-8c0c-17b156c9164d/Build]   üí¨  ::debug::omitBrokenSymbolicLinks 'true'
[561807ac-3f58-4a4b-8c0c-17b156c9164d/Build]   üí¨  ::debug::followSymbolicLinks 'true'
[561807ac-3f58-4a4b-8c0c-17b156c9164d/Build]   üí¨  ::debug::implicitDescendants 'true'
[561807ac-3f58-4a4b-8c0c-17b156c9164d/Build]   üí¨  ::debug::matchDirectories 'true'
[561807ac-3f58-4a4b-8c0c-17b156c9164d/Build]   üí¨  ::debug::omitBrokenSymbolicLinks 'true'
[561807ac-3f58-4a4b-8c0c-17b156c9164d/Build]   üí¨  ::debug::Search path '/tmp/781b3bf2-9b1c-45ab-a2b7-2730b1638bcc/build/reports'
[561807ac-3f58-4a4b-8c0c-17b156c9164d/Build]   üí¨  ::debug::Removing /tmp/781b3bf2-9b1c-45ab-a2b7-2730b1638bcc/build/reports from rawSearchResults because it is a directory
[561807ac-3f58-4a4b-8c0c-17b156c9164d/Build]   üí¨  ::debug::Removing /tmp/781b3bf2-9b1c-45ab-a2b7-2730b1638bcc/build/reports/jacoco from rawSearchResults because it is a directory
[561807ac-3f58-4a4b-8c0c-17b156c9164d/Build]   üí¨  ::debug::Removing /tmp/781b3bf2-9b1c-45ab-a2b7-2730b1638bcc/build/reports/jacoco/test from rawSearchResults because it is a directory
[561807ac-3f58-4a4b-8c0c-17b156c9164d/Build]   üí¨  ::debug::Removing /tmp/781b3bf2-9b1c-45ab-a2b7-2730b1638bcc/build/reports/jacoco/test/html from rawSearchResults because it is a directory
[561807ac-3f58-4a4b-8c0c-17b156c9164d/Build]   üí¨  ::debug::Removing /tmp/781b3bf2-9b1c-45ab-a2b7-2730b1638bcc/build/reports/jacoco/test/html/com.worksap.nlp.sudachi from rawSearchResults because it is a directory
[561807ac-3f58-4a4b-8c0c-17b156c9164d/Build]   üí¨  ::debug::File:/tmp/781b3bf2-9b1c-45ab-a2b7-2730b1638bcc/build/reports/jacoco/test/html/com.worksap.nlp.sudachi/Config$PluginConf.html was found using the provided searchPath
[561807ac-3f58-4a4b-8c0c-17b156c9164d/Build]   üí¨  ::debug::File:/tmp/781b3bf2-9b1c-45ab-a2b7-2730b1638bcc/build/reports/jacoco/test/html/com.worksap.nlp.sudachi/Config$Resource$Classpath.html was found using the provided searchPath
[561807ac-3f58-4a4b-8c0c-17b156c9164d/Build]   üí¨  ::debug::File:/tmp/781b3bf2-9b1c-45ab-a2b7-2730b1638bcc/build/reports/jacoco/test/html/com.worksap.nlp.sudachi/Config$Resource$Filesystem.html was found using the provided searchPath
[561807ac-3f58-4a4b-8c0c-17b156c9164d/Build]   üí¨  ::debug::File:/tmp/781b3bf2-9b1c-45ab-a2b7-2730b1638bcc/build/reports/jacoco/test/html/com.worksap.nlp.sudachi/Config$Resource$NotFound.html was found using the provided searchPath
[561807ac-3f58-4a4b-8c0c-17b156c9164d/Build]   üí¨  ::debug::File:/tmp/781b3bf2-9b1c-45ab-a2b7-2730b1638bcc/build/reports/jacoco/test/html/com.worksap.nlp.sudachi/Config$Resource$Ready.html was found using the provided searchPath
[561807ac-3f58-4a4b-8c0c-17b156c9164d/Build]   üí¨  ::debug::File:/tmp/781b3bf2-9b1c-45ab-a2b7-2730b1638bcc/build/reports/jacoco/test/html/com.worksap.nlp.sudachi/Config$Resource.html was found using the provided searchPath
[561807ac-3f58-4a4b-8c0c-17b156c9164d/Build]   üí¨  ::debug::File:/tmp/781b3bf2-9b1c-45ab-a2b7-2730b1638bcc/build/reports/jacoco/test/html/com.worksap.nlp.sudachi/Config.html was found using the provided searchPath
[561807ac-3f58-4a4b-8c0c-17b156c9164d/Build]   üí¨  ::debug::File:/tmp/781b3bf2-9b1c-45ab-a2b7-2730b1638bcc/build/reports/jacoco/test/html/com.worksap.nlp.sudachi/Config.java.html was found using the provided searchPath
[561807ac-3f58-4a4b-8c0c-17b156c9164d/Build]   üí¨  ::debug::File:/tmp/781b3bf2-9b1c-45ab-a2b7-2730b1638bcc/build/reports/jacoco/test/html/com.worksap.nlp.sudachi/DefaultInputTextPlugin.html was found using the provided searchPath
[561807ac-3f58-4a4b-8c0c-17b156c9164d/Build]   üí¨  ::debug::File:/tmp/781b3bf2-9b1c-45ab-a2b7-2730b1638bcc/build/reports/jacoco/test/html/com.worksap.nlp.sudachi/DefaultInputTextPlugin.java.html was found using the provided searchPath
[561807ac-3f58-4a4b-8c0c-17b156c9164d/Build]   üí¨  ::debug::File:/tmp/781b3bf2-9b1c-45ab-a2b7-2730b1638bcc/build/reports/jacoco/test/html/com.worksap.nlp.sudachi/Dictionary.html was found using the provided searchPath
[561807ac-3f58-4a4b-8c0c-17b156c9164d/Build]   üí¨  ::debug::File:/tmp/781b3bf2-9b1c-45ab-a2b7-2730b1638bcc/build/reports/jacoco/test/html/com.worksap.nlp.sudachi/Dictionary.java.html was found using the provided searchPath
[561807ac-3f58-4a4b-8c0c-17b156c9164d/Build]   üí¨  ::debug::File:/tmp/781b3bf2-9b1c-45ab-a2b7-2730b1638bcc/build/reports/jacoco/test/html/com.worksap.nlp.sudachi/DictionaryFactory.html was found using the provided searchPath
[561807ac-3f58-4a4b-8c0c-17b156c9164d/Build]   üí¨  ::debug::File:/tmp/781b3bf2-9b1c-45ab-a2b7-2730b1638bcc/build/reports/jacoco/test/html/com.worksap.nlp.sudachi/DictionaryFactory.java.html was found using the provided searchPath
[561807ac-3f58-4a4b-8c0c-17b156c9164d/Build]   üí¨  ::debug::File:/tmp/781b3bf2-9b1c-45ab-a2b7-2730b1638bcc/build/reports/jacoco/test/html/com.worksap.nlp.sudachi/EditConnectionCostPlugin.html was found using the provided searchPath
[561807ac-3f58-4a4b-8c0c-17b156c9164d/Build]   üí¨  ::debug::File:/tmp/781b3bf2-9b1c-45ab-a2b7-2730b1638bcc/build/reports/jacoco/test/html/com.worksap.nlp.sudachi/EditConnectionCostPlugin.java.html was found using the provided searchPath
[561807ac-3f58-4a4b-8c0c-17b156c9164d/Build]   üí¨  ::debug::File:/tmp/781b3bf2-9b1c-45ab-a2b7-2730b1638bcc/build/reports/jacoco/test/html/com.worksap.nlp.sudachi/IgnoreYomiganaPlugin.html was found using the provided searchPath
[561807ac-3f58-4a4b-8c0c-17b156c9164d/Build]   üí¨  ::debug::File:/tmp/781b3bf2-9b1c-45ab-a2b7-2730b1638bcc/build/reports/jacoco/test/html/com.worksap.nlp.sudachi/IgnoreYomiganaPlugin.java.html was found using the provided searchPath
[561807ac-3f58-4a4b-8c0c-17b156c9164d/Build]   üí¨  ::debug::File:/tmp/781b3bf2-9b1c-45ab-a2b7-2730b1638bcc/build/reports/jacoco/test/html/com.worksap.nlp.sudachi/InhibitConnectionPlugin.html was found using the provided searchPath
[561807ac-3f58-4a4b-8c0c-17b156c9164d/Build]   üí¨  ::debug::File:/tmp/781b3bf2-9b1c-45ab-a2b7-2730b1638bcc/build/reports/jacoco/test/html/com.worksap.nlp.sudachi/InhibitConnectionPlugin.java.html was found using the provided searchPath
[561807ac-3f58-4a4b-8c0c-17b156c9164d/Build]   üí¨  ::debug::File:/tmp/781b3bf2-9b1c-45ab-a2b7-2730b1638bcc/build/reports/jacoco/test/html/com.worksap.nlp.sudachi/InputTextPlugin.html was found using the provided searchPath
[561807ac-3f58-4a4b-8c0c-17b156c9164d/Build]   üí¨  ::debug::File:/tmp/781b3bf2-9b1c-45ab-a2b7-2730b1638bcc/build/reports/jacoco/test/html/com.worksap.nlp.sudachi/InputTextPlugin.java.html was found using the provided searchPath
[561807ac-3f58-4a4b-8c0c-17b156c9164d/Build]   üí¨  ::debug::File:/tmp/781b3bf2-9b1c-45ab-a2b7-2730b1638bcc/build/reports/jacoco/test/html/com.worksap.nlp.sudachi/JapaneseDictionary.html was found using the provided searchPath
[561807ac-3f58-4a4b-8c0c-17b156c9164d/Build]   üí¨  ::debug::File:/tmp/781b3bf2-9b1c-45ab-a2b7-2730b1638bcc/build/reports/jacoco/test/html/com.worksap.nlp.sudachi/JapaneseDictionary.java.html was found using the provided searchPath
[561807ac-3f58-4a4b-8c0c-17b156c9164d/Build]   üí¨  ::debug::File:/tmp/781b3bf2-9b1c-45ab-a2b7-2730b1638bcc/build/reports/jacoco/test/html/com.worksap.nlp.sudachi/JapaneseTokenizer$NonBreakChecker.html was found using the provided searchPath
[561807ac-3f58-4a4b-8c0c-17b156c9164d/Build]   üí¨  ::debug::File:/tmp/781b3bf2-9b1c-45ab-a2b7-2730b1638bcc/build/reports/jacoco/test/html/com.worksap.nlp.sudachi/JapaneseTokenizer.html was found using the provided searchPath
[561807ac-3f58-4a4b-8c0c-17b156c9164d/Build]   üí¨  ::debug::File:/tmp/781b3bf2-9b1c-45ab-a2b7-2730b1638bcc/build/reports/jacoco/test/html/com.worksap.nlp.sudachi/JapaneseTokenizer.java.html was found using the provided searchPath
[561807ac-3f58-4a4b-8c0c-17b156c9164d/Build]   üí¨  ::debug::File:/tmp/781b3bf2-9b1c-45ab-a2b7-2730b1638bcc/build/reports/jacoco/test/html/com.worksap.nlp.sudachi/JoinKatakanaOovPlugin.html was found using the provided searchPath
[561807ac-3f58-4a4b-8c0c-17b156c9164d/Build]   üí¨  ::debug::File:/tmp/781b3bf2-9b1c-45ab-a2b7-2730b1638bcc/build/reports/jacoco/test/html/com.worksap.nlp.sudachi/JoinKatakanaOovPlugin.java.html was found using the provided searchPath
[561807ac-3f58-4a4b-8c0c-17b156c9164d/Build]   üí¨  ::debug::File:/tmp/781b3bf2-9b1c-45ab-a2b7-2730b1638bcc/build/reports/jacoco/test/html/com.worksap.nlp.sudachi/JoinNumericPlugin.html was found using the provided searchPath
[561807ac-3f58-4a4b-8c0c-17b156c9164d/Build]   üí¨  ::debug::File:/tmp/781b3bf2-9b1c-45ab-a2b7-2730b1638bcc/build/reports/jacoco/test/html/com.worksap.nlp.sudachi/JoinNumericPlugin.java.html was found using the provided searchPath
[561807ac-3f58-4a4b-8c0c-17b156c9164d/Build]   üí¨  ::debug::File:/tmp/781b3bf2-9b1c-45ab-a2b7-2730b1638bcc/build/reports/jacoco/test/html/com.worksap.nlp.sudachi/LatticeImpl.html was found using the provided searchPath
[561807ac-3f58-4a4b-8c0c-17b156c9164d/Build]   üí¨  ::debug::File:/tmp/781b3bf2-9b1c-45ab-a2b7-2730b1638bcc/build/reports/jacoco/test/html/com.worksap.nlp.sudachi/LatticeImpl.java.html was found using the provided searchPath
[561807ac-3f58-4a4b-8c0c-17b156c9164d/Build]   üí¨  ::debug::File:/tmp/781b3bf2-9b1c-45ab-a2b7-2730b1638bcc/build/reports/jacoco/test/html/com.worksap.nlp.sudachi/LatticeNodeImpl.html was found using the provided searchPath
[561807ac-3f58-4a4b-8c0c-17b156c9164d/Build]   üí¨  ::debug::File:/tmp/781b3bf2-9b1c-45ab-a2b7-2730b1638bcc/build/reports/jacoco/test/html/com.worksap.nlp.sudachi/LatticeNodeImpl.java.html was found using the provided searchPath
[561807ac-3f58-4a4b-8c0c-17b156c9164d/Build]   üí¨  ::debug::File:/tmp/781b3bf2-9b1c-45ab-a2b7-2730b1638bcc/build/reports/jacoco/test/html/com.worksap.nlp.sudachi/MMap.html was found using the provided searchPath
[561807ac-3f58-4a4b-8c0c-17b156c9164d/Build]   üí¨  ::debug::File:/tmp/781b3bf2-9b1c-45ab-a2b7-2730b1638bcc/build/reports/jacoco/test/html/com.worksap.nlp.sudachi/MMap.java.html was found using the provided searchPath
[561807ac-3f58-4a4b-8c0c-17b156c9164d/Build]   üí¨  ::debug::File:/tmp/781b3bf2-9b1c-45ab-a2b7-2730b1638bcc/build/reports/jacoco/test/html/com.worksap.nlp.sudachi/MeCabOovProviderPlugin$CategoryInfo.html was found using the provided searchPath
[561807ac-3f58-4a4b-8c0c-17b156c9164d/Build]   üí¨  ::debug::File:/tmp/781b3bf2-9b1c-45ab-a2b7-2730b1638bcc/build/reports/jacoco/test/html/com.worksap.nlp.sudachi/MeCabOovProviderPlugin$OOV.html was found using the provided searchPath
[561807ac-3f58-4a4b-8c0c-17b156c9164d/Build]   üí¨  ::debug::File:/tmp/781b3bf2-9b1c-45ab-a2b7-2730b1638bcc/build/reports/jacoco/test/html/com.worksap.nlp.sudachi/MeCabOovProviderPlugin.html was found using the provided searchPath
[561807ac-3f58-4a4b-8c0c-17b156c9164d/Build]   üí¨  ::debug::File:/tmp/781b3bf2-9b1c-45ab-a2b7-2730b1638bcc/build/reports/jacoco/test/html/com.worksap.nlp.sudachi/MeCabOovProviderPlugin.java.html was found using the provided searchPath
[561807ac-3f58-4a4b-8c0c-17b156c9164d/Build]   üí¨  ::debug::File:/tmp/781b3bf2-9b1c-45ab-a2b7-2730b1638bcc/build/reports/jacoco/test/html/com.worksap.nlp.sudachi/MorphemeFormatterPlugin.html was found using the provided searchPath
[561807ac-3f58-4a4b-8c0c-17b156c9164d/Build]   üí¨  ::debug::File:/tmp/781b3bf2-9b1c-45ab-a2b7-2730b1638bcc/build/reports/jacoco/test/html/com.worksap.nlp.sudachi/MorphemeFormatterPlugin.java.html was found using the provided searchPath
[561807ac-3f58-4a4b-8c0c-17b156c9164d/Build]   üí¨  ::debug::File:/tmp/781b3bf2-9b1c-45ab-a2b7-2730b1638bcc/build/reports/jacoco/test/html/com.worksap.nlp.sudachi/MorphemeImpl.html was found using the provided searchPath
[561807ac-3f58-4a4b-8c0c-17b156c9164d/Build]   üí¨  ::debug::File:/tmp/781b3bf2-9b1c-45ab-a2b7-2730b1638bcc/build/reports/jacoco/test/html/com.worksap.nlp.sudachi/MorphemeImpl.java.html was found using the provided searchPath
[561807ac-3f58-4a4b-8c0c-17b156c9164d/Build]   üí¨  ::debug::File:/tmp/781b3bf2-9b1c-45ab-a2b7-2730b1638bcc/build/reports/jacoco/test/html/com.worksap.nlp.sudachi/MorphemeList.html was found using the provided searchPath
[561807ac-3f58-4a4b-8c0c-17b156c9164d/Build]   üí¨  ::debug::File:/tmp/781b3bf2-9b1c-45ab-a2b7-2730b1638bcc/build/reports/jacoco/test/html/com.worksap.nlp.sudachi/MorphemeList.java.html was found using the provided searchPath
[561807ac-3f58-4a4b-8c0c-17b156c9164d/Build]   üí¨  ::debug::File:/tmp/781b3bf2-9b1c-45ab-a2b7-2730b1638bcc/build/reports/jacoco/test/html/com.worksap.nlp.sudachi/NumericParser$Error.html was found using the provided searchPath
[561807ac-3f58-4a4b-8c0c-17b156c9164d/Build]   üí¨  ::debug::File:/tmp/781b3bf2-9b1c-45ab-a2b7-2730b1638bcc/build/reports/jacoco/test/html/com.worksap.nlp.sudachi/NumericParser$StringNumber.html was found using the provided searchPath
[561807ac-3f58-4a4b-8c0c-17b156c9164d/Build]   üí¨  ::debug::File:/tmp/781b3bf2-9b1c-45ab-a2b7-2730b1638bcc/build/reports/jacoco/test/html/com.worksap.nlp.sudachi/NumericParser.html was found using the provided searchPath
[561807ac-3f58-4a4b-8c0c-17b156c9164d/Build]   üí¨  ::debug::File:/tmp/781b3bf2-9b1c-45ab-a2b7-2730b1638bcc/build/reports/jacoco/test/html/com.worksap.nlp.sudachi/NumericParser.java.html was found using the provided searchPath
[561807ac-3f58-4a4b-8c0c-17b156c9164d/Build]   üí¨  ::debug::File:/tmp/781b3bf2-9b1c-45ab-a2b7-2730b1638bcc/build/reports/jacoco/test/html/com.worksap.nlp.sudachi/OovProviderPlugin.html was found using the provided searchPath
[561807ac-3f58-4a4b-8c0c-17b156c9164d/Build]   üí¨  ::debug::File:/tmp/781b3bf2-9b1c-45ab-a2b7-2730b1638bcc/build/reports/jacoco/test/html/com.worksap.nlp.sudachi/OovProviderPlugin.java.html was found using the provided searchPath
[561807ac-3f58-4a4b-8c0c-17b156c9164d/Build]   üí¨  ::debug::File:/tmp/781b3bf2-9b1c-45ab-a2b7-2730b1638bcc/build/reports/jacoco/test/html/com.worksap.nlp.sudachi/PartialPOS.html was found using the provided searchPath
[561807ac-3f58-4a4b-8c0c-17b156c9164d/Build]   üí¨  ::debug::File:/tmp/781b3bf2-9b1c-45ab-a2b7-2730b1638bcc/build/reports/jacoco/test/html/com.worksap.nlp.sudachi/PartialPOS.java.html was found using the provided searchPath
[561807ac-3f58-4a4b-8c0c-17b156c9164d/Build]   üí¨  ::debug::File:/tmp/781b3bf2-9b1c-45ab-a2b7-2730b1638bcc/build/reports/jacoco/test/html/com.worksap.nlp.sudachi/PathAnchor$Chain.html was found using the provided searchPath
[561807ac-3f58-4a4b-8c0c-17b156c9164d/Build]   üí¨  ::debug::File:/tmp/781b3bf2-9b1c-45ab-a2b7-2730b1638bcc/build/reports/jacoco/test/html/com.worksap.nlp.sudachi/PathAnchor$Classpath.html was found using the provided searchPath
[561807ac-3f58-4a4b-8c0c-17b156c9164d/Build]   üí¨  ::debug::File:/tmp/781b3bf2-9b1c-45ab-a2b7-2730b1638bcc/build/reports/jacoco/test/html/com.worksap.nlp.sudachi/PathAnchor$Filesystem.html was found using the provided searchPath
[561807ac-3f58-4a4b-8c0c-17b156c9164d/Build]   üí¨  ::debug::File:/tmp/781b3bf2-9b1c-45ab-a2b7-2730b1638bcc/build/reports/jacoco/test/html/com.worksap.nlp.sudachi/PathAnchor$None.html was found using the provided searchPath
[561807ac-3f58-4a4b-8c0c-17b156c9164d/Build]   üí¨  ::debug::File:/tmp/781b3bf2-9b1c-45ab-a2b7-2730b1638bcc/build/reports/jacoco/test/html/com.worksap.nlp.sudachi/PathAnchor.html was found using the provided searchPath
[561807ac-3f58-4a4b-8c0c-17b156c9164d/Build]   üí¨  ::debug::File:/tmp/781b3bf2-9b1c-45ab-a2b7-2730b1638bcc/build/reports/jacoco/test/html/com.worksap.nlp.sudachi/PathAnchor.java.html was found using the provided searchPath
[561807ac-3f58-4a4b-8c0c-17b156c9164d/Build]   üí¨  ::debug::File:/tmp/781b3bf2-9b1c-45ab-a2b7-2730b1638bcc/build/reports/jacoco/test/html/com.worksap.nlp.sudachi/PathRewritePlugin.html was found using the provided searchPath
[561807ac-3f58-4a4b-8c0c-17b156c9164d/Build]   üí¨  ::debug::File:/tmp/781b3bf2-9b1c-45ab-a2b7-2730b1638bcc/build/reports/jacoco/test/html/com.worksap.nlp.sudachi/PathRewritePlugin.java.html was found using the provided searchPath
[561807ac-3f58-4a4b-8c0c-17b156c9164d/Build]   üí¨  ::debug::File:/tmp/781b3bf2-9b1c-45ab-a2b7-2730b1638bcc/build/reports/jacoco/test/html/com.worksap.nlp.sudachi/Plugin.html was found using the provided searchPath
[561807ac-3f58-4a4b-8c0c-17b156c9164d/Build]   üí¨  ::debug::File:/tmp/781b3bf2-9b1c-45ab-a2b7-2730b1638bcc/build/reports/jacoco/test/html/com.worksap.nlp.sudachi/Plugin.java.html was found using the provided searchPath
[561807ac-3f58-4a4b-8c0c-17b156c9164d/Build]   üí¨  ::debug::File:/tmp/781b3bf2-9b1c-45ab-a2b7-2730b1638bcc/build/reports/jacoco/test/html/com.worksap.nlp.sudachi/PosMatcher$1.html was found using the provided searchPath
[561807ac-3f58-4a4b-8c0c-17b156c9164d/Build]   üí¨  ::debug::File:/tmp/781b3bf2-9b1c-45ab-a2b7-2730b1638bcc/build/reports/jacoco/test/html/com.worksap.nlp.sudachi/PosMatcher.html was found using the provided searchPath
[561807ac-3f58-4a4b-8c0c-17b156c9164d/Build]   üí¨  ::debug::File:/tmp/781b3bf2-9b1c-45ab-a2b7-2730b1638bcc/build/reports/jacoco/test/html/com.worksap.nlp.sudachi/PosMatcher.java.html was found using the provided searchPath
[561807ac-3f58-4a4b-8c0c-17b156c9164d/Build]   üí¨  ::debug::File:/tmp/781b3bf2-9b1c-45ab-a2b7-2730b1638bcc/build/reports/jacoco/test/html/com.worksap.nlp.sudachi/ProlongedSoundMarkInputTextPlugin.html was found using the provided searchPath
[561807ac-3f58-4a4b-8c0c-17b156c9164d/Build]   üí¨  ::debug::File:/tmp/781b3bf2-9b1c-45ab-a2b7-2730b1638bcc/build/reports/jacoco/test/html/com.worksap.nlp.sudachi/ProlongedSoundMarkInputTextPlugin.java.html was found using the provided searchPath
[561807ac-3f58-4a4b-8c0c-17b156c9164d/Build]   üí¨  ::debug::File:/tmp/781b3bf2-9b1c-45ab-a2b7-2730b1638bcc/build/reports/jacoco/test/html/com.worksap.nlp.sudachi/RegexOovProvider.html was found using the provided searchPath
[561807ac-3f58-4a4b-8c0c-17b156c9164d/Build]   üí¨  ::debug::File:/tmp/781b3bf2-9b1c-45ab-a2b7-2730b1638bcc/build/reports/jacoco/test/html/com.worksap.nlp.sudachi/RegexOovProvider.java.html was found using the provided searchPath
[561807ac-3f58-4a4b-8c0c-17b156c9164d/Build]   üí¨  ::debug::File:/tmp/781b3bf2-9b1c-45ab-a2b7-2730b1638bcc/build/reports/jacoco/test/html/com.worksap.nlp.sudachi/Settings.html was found using the provided searchPath
[561807ac-3f58-4a4b-8c0c-17b156c9164d/Build]   üí¨  ::debug::File:/tmp/781b3bf2-9b1c-45ab-a2b7-2730b1638bcc/build/reports/jacoco/test/html/com.worksap.nlp.sudachi/Settings.java.html was found using the provided searchPath
[561807ac-3f58-4a4b-8c0c-17b156c9164d/Build]   üí¨  ::debug::File:/tmp/781b3bf2-9b1c-45ab-a2b7-2730b1638bcc/build/reports/jacoco/test/html/com.worksap.nlp.sudachi/SimpleMorphemeFormatter.html was found using the provided searchPath
[561807ac-3f58-4a4b-8c0c-17b156c9164d/Build]   üí¨  ::debug::File:/tmp/781b3bf2-9b1c-45ab-a2b7-2730b1638bcc/build/reports/jacoco/test/html/com.worksap.nlp.sudachi/SimpleMorphemeFormatter.java.html was found using the provided searchPath
[561807ac-3f58-4a4b-8c0c-17b156c9164d/Build]   üí¨  ::debug::File:/tmp/781b3bf2-9b1c-45ab-a2b7-2730b1638bcc/build/reports/jacoco/test/html/com.worksap.nlp.sudachi/SimpleOovProviderPlugin.html was found using the provided searchPath
[561807ac-3f58-4a4b-8c0c-17b156c9164d/Build]   üí¨  ::debug::File:/tmp/781b3bf2-9b1c-45ab-a2b7-2730b1638bcc/build/reports/jacoco/test/html/com.worksap.nlp.sudachi/SimpleOovProviderPlugin.java.html was found using the provided searchPath
[561807ac-3f58-4a4b-8c0c-17b156c9164d/Build]   üí¨  ::debug::File:/tmp/781b3bf2-9b1c-45ab-a2b7-2730b1638bcc/build/reports/jacoco/test/html/com.worksap.nlp.sudachi/StringUtil.html was found using the provided searchPath
[561807ac-3f58-4a4b-8c0c-17b156c9164d/Build]   üí¨  ::debug::File:/tmp/781b3bf2-9b1c-45ab-a2b7-2730b1638bcc/build/reports/jacoco/test/html/com.worksap.nlp.sudachi/StringUtil.java.html was found using the provided searchPath
[561807ac-3f58-4a4b-8c0c-17b156c9164d/Build]   üí¨  ::debug::File:/tmp/781b3bf2-9b1c-45ab-a2b7-2730b1638bcc/build/reports/jacoco/test/html/com.worksap.nlp.sudachi/SudachiCommandLine$FileOrStdoutPrintStream.html was found using the provided searchPath
[561807ac-3f58-4a4b-8c0c-17b156c9164d/Build]   üí¨  ::debug::File:/tmp/781b3bf2-9b1c-45ab-a2b7-2730b1638bcc/build/reports/jacoco/test/html/com.worksap.nlp.sudachi/SudachiCommandLine.html was found using the provided searchPath
[561807ac-3f58-4a4b-8c0c-17b156c9164d/Build]   üí¨  ::debug::File:/tmp/781b3bf2-9b1c-45ab-a2b7-2730b1638bcc/build/reports/jacoco/test/html/com.worksap.nlp.sudachi/SudachiCommandLine.java.html was found using the provided searchPath
[561807ac-3f58-4a4b-8c0c-17b156c9164d/Build]   üí¨  ::debug::File:/tmp/781b3bf2-9b1c-45ab-a2b7-2730b1638bcc/build/reports/jacoco/test/html/com.worksap.nlp.sudachi/Tokenizer$SplitMode.html was found using the provided searchPath
[561807ac-3f58-4a4b-8c0c-17b156c9164d/Build]   üí¨  ::debug::File:/tmp/781b3bf2-9b1c-45ab-a2b7-2730b1638bcc/build/reports/jacoco/test/html/com.worksap.nlp.sudachi/Tokenizer.html was found using the provided searchPath
[561807ac-3f58-4a4b-8c0c-17b156c9164d/Build]   üí¨  ::debug::File:/tmp/781b3bf2-9b1c-45ab-a2b7-2730b1638bcc/build/reports/jacoco/test/html/com.worksap.nlp.sudachi/Tokenizer.java.html was found using the provided searchPath
[561807ac-3f58-4a4b-8c0c-17b156c9164d/Build]   üí¨  ::debug::File:/tmp/781b3bf2-9b1c-45ab-a2b7-2730b1638bcc/build/reports/jacoco/test/html/com.worksap.nlp.sudachi/UTF8InputText.html was found using the provided searchPath
[561807ac-3f58-4a4b-8c0c-17b156c9164d/Build]   üí¨  ::debug::File:/tmp/781b3bf2-9b1c-45ab-a2b7-2730b1638bcc/build/reports/jacoco/test/html/com.worksap.nlp.sudachi/UTF8InputText.java.html was found using the provided searchPath
[561807ac-3f58-4a4b-8c0c-17b156c9164d/Build]   üí¨  ::debug::File:/tmp/781b3bf2-9b1c-45ab-a2b7-2730b1638bcc/build/reports/jacoco/test/html/com.worksap.nlp.sudachi/UTF8InputTextBuilder.html was found using the provided searchPath
[561807ac-3f58-4a4b-8c0c-17b156c9164d/Build]   üí¨  ::debug::File:/tmp/781b3bf2-9b1c-45ab-a2b7-2730b1638bcc/build/reports/jacoco/test/html/com.worksap.nlp.sudachi/UTF8InputTextBuilder.java.html was found using the provided searchPath
[561807ac-3f58-4a4b-8c0c-17b156c9164d/Build]   üí¨  ::debug::File:/tmp/781b3bf2-9b1c-45ab-a2b7-2730b1638bcc/build/reports/jacoco/test/html/com.worksap.nlp.sudachi/WordId.html was found using the provided searchPath
[561807ac-3f58-4a4b-8c0c-17b156c9164d/Build]   üí¨  ::debug::File:/tmp/781b3bf2-9b1c-45ab-a2b7-2730b1638bcc/build/reports/jacoco/test/html/com.worksap.nlp.sudachi/WordId.java.html was found using the provided searchPath
[561807ac-3f58-4a4b-8c0c-17b156c9164d/Build]   üí¨  ::debug::File:/tmp/781b3bf2-9b1c-45ab-a2b7-2730b1638bcc/build/reports/jacoco/test/html/com.worksap.nlp.sudachi/WordMask.html was found using the provided searchPath
[561807ac-3f58-4a4b-8c0c-17b156c9164d/Build]   üí¨  ::debug::File:/tmp/781b3bf2-9b1c-45ab-a2b7-2730b1638bcc/build/reports/jacoco/test/html/com.worksap.nlp.sudachi/WordMask.java.html was found using the provided searchPath
[561807ac-3f58-4a4b-8c0c-17b156c9164d/Build]   üí¨  ::debug::File:/tmp/781b3bf2-9b1c-45ab-a2b7-2730b1638bcc/build/reports/jacoco/test/html/com.worksap.nlp.sudachi/WordSegmentationFormatter.html was found using the provided searchPath
[561807ac-3f58-4a4b-8c0c-17b156c9164d/Build]   üí¨  ::debug::File:/tmp/781b3bf2-9b1c-45ab-a2b7-2730b1638bcc/build/reports/jacoco/test/html/com.worksap.nlp.sudachi/WordSegmentationFormatter.java.html was found using the provided searchPath
[561807ac-3f58-4a4b-8c0c-17b156c9164d/Build]   üí¨  ::debug::File:/tmp/781b3bf2-9b1c-45ab-a2b7-2730b1638bcc/build/reports/jacoco/test/html/com.worksap.nlp.sudachi/index.html was found using the provided searchPath
[561807ac-3f58-4a4b-8c0c-17b156c9164d/Build]   üí¨  ::debug::File:/tmp/781b3bf2-9b1c-45ab-a2b7-2730b1638bcc/build/reports/jacoco/test/html/com.worksap.nlp.sudachi/index.source.html was found using the provided searchPath
[561807ac-3f58-4a4b-8c0c-17b156c9164d/Build]   üí¨  ::debug::Removing /tmp/781b3bf2-9b1c-45ab-a2b7-2730b1638bcc/build/reports/jacoco/test/html/com.worksap.nlp.sudachi.dictionary from rawSearchResults because it is a directory
[561807ac-3f58-4a4b-8c0c-17b156c9164d/Build]   üí¨  ::debug::File:/tmp/781b3bf2-9b1c-45ab-a2b7-2730b1638bcc/build/reports/jacoco/test/html/com.worksap.nlp.sudachi.dictionary/BinaryDictionary.html was found using the provided searchPath
[561807ac-3f58-4a4b-8c0c-17b156c9164d/Build]   üí¨  ::debug::File:/tmp/781b3bf2-9b1c-45ab-a2b7-2730b1638bcc/build/reports/jacoco/test/html/com.worksap.nlp.sudachi.dictionary/BinaryDictionary.java.html was found using the provided searchPath
[561807ac-3f58-4a4b-8c0c-17b156c9164d/Build]   üí¨  ::debug::File:/tmp/781b3bf2-9b1c-45ab-a2b7-2730b1638bcc/build/reports/jacoco/test/html/com.worksap.nlp.sudachi.dictionary/CSVParser$Token$Type.html was found using the provided searchPath
[561807ac-3f58-4a4b-8c0c-17b156c9164d/Build]   üí¨  ::debug::File:/tmp/781b3bf2-9b1c-45ab-a2b7-2730b1638bcc/build/reports/jacoco/test/html/com.worksap.nlp.sudachi.dictionary/CSVParser$Token.html was found using the provided searchPath
[561807ac-3f58-4a4b-8c0c-17b156c9164d/Build]   üí¨  ::debug::File:/tmp/781b3bf2-9b1c-45ab-a2b7-2730b1638bcc/build/reports/jacoco/test/html/com.worksap.nlp.sudachi.dictionary/CSVParser.html was found using the provided searchPath
[561807ac-3f58-4a4b-8c0c-17b156c9164d/Build]   üí¨  ::debug::File:/tmp/781b3bf2-9b1c-45ab-a2b7-2730b1638bcc/build/reports/jacoco/test/html/com.worksap.nlp.sudachi.dictionary/CSVParser.java.html was found using the provided searchPath
[561807ac-3f58-4a4b-8c0c-17b156c9164d/Build]   üí¨  ::debug::File:/tmp/781b3bf2-9b1c-45ab-a2b7-2730b1638bcc/build/reports/jacoco/test/html/com.worksap.nlp.sudachi.dictionary/CategoryType.html was found using the provided searchPath
[561807ac-3f58-4a4b-8c0c-17b156c9164d/Build]   üí¨  ::debug::File:/tmp/781b3bf2-9b1c-45ab-a2b7-2730b1638bcc/build/reports/jacoco/test/html/com.worksap.nlp.sudachi.dictionary/CategoryType.java.html was found using the provided searchPath
[561807ac-3f58-4a4b-8c0c-17b156c9164d/Build]   üí¨  ::debug::File:/tmp/781b3bf2-9b1c-45ab-a2b7-2730b1638bcc/build/reports/jacoco/test/html/com.worksap.nlp.sudachi.dictionary/CharacterCategory$Range.html was found using the provided searchPath
[561807ac-3f58-4a4b-8c0c-17b156c9164d/Build]   üí¨  ::debug::File:/tmp/781b3bf2-9b1c-45ab-a2b7-2730b1638bcc/build/reports/jacoco/test/html/com.worksap.nlp.sudachi.dictionary/CharacterCategory.html was found using the provided searchPath
[561807ac-3f58-4a4b-8c0c-17b156c9164d/Build]   üí¨  ::debug::File:/tmp/781b3bf2-9b1c-45ab-a2b7-2730b1638bcc/build/reports/jacoco/test/html/com.worksap.nlp.sudachi.dictionary/CharacterCategory.java.html was found using the provided searchPath
[561807ac-3f58-4a4b-8c0c-17b156c9164d/Build]   üí¨  ::debug::File:/tmp/781b3bf2-9b1c-45ab-a2b7-2730b1638bcc/build/reports/jacoco/test/html/com.worksap.nlp.sudachi.dictionary/Connection.html was found using the provided searchPath
[561807ac-3f58-4a4b-8c0c-17b156c9164d/Build]   üí¨  ::debug::File:/tmp/781b3bf2-9b1c-45ab-a2b7-2730b1638bcc/build/reports/jacoco/test/html/com.worksap.nlp.sudachi.dictionary/Connection.java.html was found using the provided searchPath
[561807ac-3f58-4a4b-8c0c-17b156c9164d/Build]   üí¨  ::debug::File:/tmp/781b3bf2-9b1c-45ab-a2b7-2730b1638bcc/build/reports/jacoco/test/html/com.worksap.nlp.sudachi.dictionary/DictionaryBuilder$StderrProgress.html was found using the provided searchPath
[561807ac-3f58-4a4b-8c0c-17b156c9164d/Build]   üí¨  ::debug::File:/tmp/781b3bf2-9b1c-45ab-a2b7-2730b1638bcc/build/reports/jacoco/test/html/com.worksap.nlp.sudachi.dictionary/DictionaryBuilder.html was found using the provided searchPath
[561807ac-3f58-4a4b-8c0c-17b156c9164d/Build]   üí¨  ::debug::File:/tmp/781b3bf2-9b1c-45ab-a2b7-2730b1638bcc/build/reports/jacoco/test/html/com.worksap.nlp.sudachi.dictionary/DictionaryBuilder.java.html was found using the provided searchPath
[561807ac-3f58-4a4b-8c0c-17b156c9164d/Build]   üí¨  ::debug::File:/tmp/781b3bf2-9b1c-45ab-a2b7-2730b1638bcc/build/reports/jacoco/test/html/com.worksap.nlp.sudachi.dictionary/DictionaryHeader.html was found using the provided searchPath
[561807ac-3f58-4a4b-8c0c-17b156c9164d/Build]   üí¨  ::debug::File:/tmp/781b3bf2-9b1c-45ab-a2b7-2730b1638bcc/build/reports/jacoco/test/html/com.worksap.nlp.sudachi.dictionary/DictionaryHeader.java.html was found using the provided searchPath
[561807ac-3f58-4a4b-8c0c-17b156c9164d/Build]   üí¨  ::debug::File:/tmp/781b3bf2-9b1c-45ab-a2b7-2730b1638bcc/build/reports/jacoco/test/html/com.worksap.nlp.sudachi.dictionary/DictionaryHeaderPrinter.html was found using the provided searchPath
[561807ac-3f58-4a4b-8c0c-17b156c9164d/Build]   üí¨  ::debug::File:/tmp/781b3bf2-9b1c-45ab-a2b7-2730b1638bcc/build/reports/jacoco/test/html/com.worksap.nlp.sudachi.dictionary/DictionaryHeaderPrinter.java.html was found using the provided searchPath
[561807ac-3f58-4a4b-8c0c-17b156c9164d/Build]   üí¨  ::debug::File:/tmp/781b3bf2-9b1c-45ab-a2b7-2730b1638bcc/build/reports/jacoco/test/html/com.worksap.nlp.sudachi.dictionary/DictionaryPrinter.html was found using the provided searchPath
[561807ac-3f58-4a4b-8c0c-17b156c9164d/Build]   üí¨  ::debug::File:/tmp/781b3bf2-9b1c-45ab-a2b7-2730b1638bcc/build/reports/jacoco/test/html/com.worksap.nlp.sudachi.dictionary/DictionaryPrinter.java.html was found using the provided searchPath
[561807ac-3f58-4a4b-8c0c-17b156c9164d/Build]   üí¨  ::debug::File:/tmp/781b3bf2-9b1c-45ab-a2b7-2730b1638bcc/build/reports/jacoco/test/html/com.worksap.nlp.sudachi.dictionary/DictionaryVersion.html was found using the provided searchPath
[561807ac-3f58-4a4b-8c0c-17b156c9164d/Build]   üí¨  ::debug::File:/tmp/781b3bf2-9b1c-45ab-a2b7-2730b1638bcc/build/reports/jacoco/test/html/com.worksap.nlp.sudachi.dictionary/DictionaryVersion.java.html was found using the provided searchPath
[561807ac-3f58-4a4b-8c0c-17b156c9164d/Build]   üí¨  ::debug::File:/tmp/781b3bf2-9b1c-45ab-a2b7-2730b1638bcc/build/reports/jacoco/test/html/com.worksap.nlp.sudachi.dictionary/DoubleArrayLexicon$Itr.html was found using the provided searchPath
[561807ac-3f58-4a4b-8c0c-17b156c9164d/Build]   üí¨  ::debug::File:/tmp/781b3bf2-9b1c-45ab-a2b7-2730b1638bcc/build/reports/jacoco/test/html/com.worksap.nlp.sudachi.dictionary/DoubleArrayLexicon.html was found using the provided searchPath
[561807ac-3f58-4a4b-8c0c-17b156c9164d/Build]   üí¨  ::debug::File:/tmp/781b3bf2-9b1c-45ab-a2b7-2730b1638bcc/build/reports/jacoco/test/html/com.worksap.nlp.sudachi.dictionary/DoubleArrayLexicon.java.html was found using the provided searchPath
[561807ac-3f58-4a4b-8c0c-17b156c9164d/Build]   üí¨  ::debug::File:/tmp/781b3bf2-9b1c-45ab-a2b7-2730b1638bcc/build/reports/jacoco/test/html/com.worksap.nlp.sudachi.dictionary/DoubleArrayLookup.html was found using the provided searchPath
[561807ac-3f58-4a4b-8c0c-17b156c9164d/Build]   üí¨  ::debug::File:/tmp/781b3bf2-9b1c-45ab-a2b7-2730b1638bcc/build/reports/jacoco/test/html/com.worksap.nlp.sudachi.dictionary/DoubleArrayLookup.java.html was found using the provided searchPath
[561807ac-3f58-4a4b-8c0c-17b156c9164d/Build]   üí¨  ::debug::File:/tmp/781b3bf2-9b1c-45ab-a2b7-2730b1638bcc/build/reports/jacoco/test/html/com.worksap.nlp.sudachi.dictionary/Grammar.html was found using the provided searchPath
[561807ac-3f58-4a4b-8c0c-17b156c9164d/Build]   üí¨  ::debug::File:/tmp/781b3bf2-9b1c-45ab-a2b7-2730b1638bcc/build/reports/jacoco/test/html/com.worksap.nlp.sudachi.dictionary/Grammar.java.html was found using the provided searchPath
[561807ac-3f58-4a4b-8c0c-17b156c9164d/Build]   üí¨  ::debug::File:/tmp/781b3bf2-9b1c-45ab-a2b7-2730b1638bcc/build/reports/jacoco/test/html/com.worksap.nlp.sudachi.dictionary/GrammarImpl.html was found using the provided searchPath
[561807ac-3f58-4a4b-8c0c-17b156c9164d/Build]   üí¨  ::debug::File:/tmp/781b3bf2-9b1c-45ab-a2b7-2730b1638bcc/build/reports/jacoco/test/html/com.worksap.nlp.sudachi.dictionary/GrammarImpl.java.html was found using the provided searchPath
[561807ac-3f58-4a4b-8c0c-17b156c9164d/Build]   üí¨  ::debug::File:/tmp/781b3bf2-9b1c-45ab-a2b7-2730b1638bcc/build/reports/jacoco/test/html/com.worksap.nlp.sudachi.dictionary/LexiconSet$Itr.html was found using the provided searchPath
[561807ac-3f58-4a4b-8c0c-17b156c9164d/Build]   üí¨  ::debug::File:/tmp/781b3bf2-9b1c-45ab-a2b7-2730b1638bcc/build/reports/jacoco/test/html/com.worksap.nlp.sudachi.dictionary/LexiconSet.html was found using the provided searchPath
[561807ac-3f58-4a4b-8c0c-17b156c9164d/Build]   üí¨  ::debug::File:/tmp/781b3bf2-9b1c-45ab-a2b7-2730b1638bcc/build/reports/jacoco/test/html/com.worksap.nlp.sudachi.dictionary/LexiconSet.java.html was found using the provided searchPath
[561807ac-3f58-4a4b-8c0c-17b156c9164d/Build]   üí¨  ::debug::File:/tmp/781b3bf2-9b1c-45ab-a2b7-2730b1638bcc/build/reports/jacoco/test/html/com.worksap.nlp.sudachi.dictionary/POS.html was found using the provided searchPath
[561807ac-3f58-4a4b-8c0c-17b156c9164d/Build]   üí¨  ::debug::File:/tmp/781b3bf2-9b1c-45ab-a2b7-2730b1638bcc/build/reports/jacoco/test/html/com.worksap.nlp.sudachi.dictionary/POS.java.html was found using the provided searchPath
[561807ac-3f58-4a4b-8c0c-17b156c9164d/Build]   üí¨  ::debug::File:/tmp/781b3bf2-9b1c-45ab-a2b7-2730b1638bcc/build/reports/jacoco/test/html/com.worksap.nlp.sudachi.dictionary/UserDictionaryBuilder.html was found using the provided searchPath
[561807ac-3f58-4a4b-8c0c-17b156c9164d/Build]   üí¨  ::debug::File:/tmp/781b3bf2-9b1c-45ab-a2b7-2730b1638bcc/build/reports/jacoco/test/html/com.worksap.nlp.sudachi.dictionary/UserDictionaryBuilder.java.html was found using the provided searchPath
[561807ac-3f58-4a4b-8c0c-17b156c9164d/Build]   üí¨  ::debug::File:/tmp/781b3bf2-9b1c-45ab-a2b7-2730b1638bcc/build/reports/jacoco/test/html/com.worksap.nlp.sudachi.dictionary/WordIdTable.html was found using the provided searchPath
[561807ac-3f58-4a4b-8c0c-17b156c9164d/Build]   üí¨  ::debug::File:/tmp/781b3bf2-9b1c-45ab-a2b7-2730b1638bcc/build/reports/jacoco/test/html/com.worksap.nlp.sudachi.dictionary/WordIdTable.java.html was found using the provided searchPath
[561807ac-3f58-4a4b-8c0c-17b156c9164d/Build]   üí¨  ::debug::File:/tmp/781b3bf2-9b1c-45ab-a2b7-2730b1638bcc/build/reports/jacoco/test/html/com.worksap.nlp.sudachi.dictionary/WordInfo.html was found using the provided searchPath
[561807ac-3f58-4a4b-8c0c-17b156c9164d/Build]   üí¨  ::debug::File:/tmp/781b3bf2-9b1c-45ab-a2b7-2730b1638bcc/build/reports/jacoco/test/html/com.worksap.nlp.sudachi.dictionary/WordInfo.java.html was found using the provided searchPath
[561807ac-3f58-4a4b-8c0c-17b156c9164d/Build]   üí¨  ::debug::File:/tmp/781b3bf2-9b1c-45ab-a2b7-2730b1638bcc/build/reports/jacoco/test/html/com.worksap.nlp.sudachi.dictionary/WordInfoList.html was found using the provided searchPath
[561807ac-3f58-4a4b-8c0c-17b156c9164d/Build]   üí¨  ::debug::File:/tmp/781b3bf2-9b1c-45ab-a2b7-2730b1638bcc/build/reports/jacoco/test/html/com.worksap.nlp.sudachi.dictionary/WordInfoList.java.html was found using the provided searchPath
[561807ac-3f58-4a4b-8c0c-17b156c9164d/Build]   üí¨  ::debug::File:/tmp/781b3bf2-9b1c-45ab-a2b7-2730b1638bcc/build/reports/jacoco/test/html/com.worksap.nlp.sudachi.dictionary/WordLookup.html was found using the provided searchPath
[561807ac-3f58-4a4b-8c0c-17b156c9164d/Build]   üí¨  ::debug::File:/tmp/781b3bf2-9b1c-45ab-a2b7-2730b1638bcc/build/reports/jacoco/test/html/com.worksap.nlp.sudachi.dictionary/WordLookup.java.html was found using the provided searchPath
[561807ac-3f58-4a4b-8c0c-17b156c9164d/Build]   üí¨  ::debug::File:/tmp/781b3bf2-9b1c-45ab-a2b7-2730b1638bcc/build/reports/jacoco/test/html/com.worksap.nlp.sudachi.dictionary/WordParameterList.html was found using the provided searchPath
[561807ac-3f58-4a4b-8c0c-17b156c9164d/Build]   üí¨  ::debug::File:/tmp/781b3bf2-9b1c-45ab-a2b7-2730b1638bcc/build/reports/jacoco/test/html/com.worksap.nlp.sudachi.dictionary/WordParameterList.java.html was found using the provided searchPath
[561807ac-3f58-4a4b-8c0c-17b156c9164d/Build]   üí¨  ::debug::File:/tmp/781b3bf2-9b1c-45ab-a2b7-2730b1638bcc/build/reports/jacoco/test/html/com.worksap.nlp.sudachi.dictionary/index.html was found using the provided searchPath
[561807ac-3f58-4a4b-8c0c-17b156c9164d/Build]   üí¨  ::debug::File:/tmp/781b3bf2-9b1c-45ab-a2b7-2730b1638bcc/build/reports/jacoco/test/html/com.worksap.nlp.sudachi.dictionary/index.source.html was found using the provided searchPath
[561807ac-3f58-4a4b-8c0c-17b156c9164d/Build]   üí¨  ::debug::Removing /tmp/781b3bf2-9b1c-45ab-a2b7-2730b1638bcc/build/reports/jacoco/test/html/com.worksap.nlp.sudachi.dictionary.build from rawSearchResults because it is a directory
[561807ac-3f58-4a4b-8c0c-17b156c9164d/Build]   üí¨  ::debug::File:/tmp/781b3bf2-9b1c-45ab-a2b7-2730b1638bcc/build/reports/jacoco/test/html/com.worksap.nlp.sudachi.dictionary.build/BuildStats.html was found using the provided searchPath
[561807ac-3f58-4a4b-8c0c-17b156c9164d/Build]   üí¨  ::debug::File:/tmp/781b3bf2-9b1c-45ab-a2b7-2730b1638bcc/build/reports/jacoco/test/html/com.worksap.nlp.sudachi.dictionary.build/BuildStats.java.html was found using the provided searchPath
[561807ac-3f58-4a4b-8c0c-17b156c9164d/Build]   üí¨  ::debug::File:/tmp/781b3bf2-9b1c-45ab-a2b7-2730b1638bcc/build/reports/jacoco/test/html/com.worksap.nlp.sudachi.dictionary.build/ConnectionMatrix.html was found using the provided searchPath
[561807ac-3f58-4a4b-8c0c-17b156c9164d/Build]   üí¨  ::debug::File:/tmp/781b3bf2-9b1c-45ab-a2b7-2730b1638bcc/build/reports/jacoco/test/html/com.worksap.nlp.sudachi.dictionary.build/ConnectionMatrix.java.html was found using the provided searchPath
[561807ac-3f58-4a4b-8c0c-17b156c9164d/Build]   üí¨  ::debug::File:/tmp/781b3bf2-9b1c-45ab-a2b7-2730b1638bcc/build/reports/jacoco/test/html/com.worksap.nlp.sudachi.dictionary.build/CsvLexicon$WordEntry.html was found using the provided searchPath
[561807ac-3f58-4a4b-8c0c-17b156c9164d/Build]   üí¨  ::debug::File:/tmp/781b3bf2-9b1c-45ab-a2b7-2730b1638bcc/build/reports/jacoco/test/html/com.worksap.nlp.sudachi.dictionary.build/CsvLexicon.html was found using the provided searchPath
[561807ac-3f58-4a4b-8c0c-17b156c9164d/Build]   üí¨  ::debug::File:/tmp/781b3bf2-9b1c-45ab-a2b7-2730b1638bcc/build/reports/jacoco/test/html/com.worksap.nlp.sudachi.dictionary.build/CsvLexicon.java.html was found using the provided searchPath
[561807ac-3f58-4a4b-8c0c-17b156c9164d/Build]   üí¨  ::debug::File:/tmp/781b3bf2-9b1c-45ab-a2b7-2730b1638bcc/build/reports/jacoco/test/html/com.worksap.nlp.sudachi.dictionary.build/DicBuffer.html was found using the provided searchPath
[561807ac-3f58-4a4b-8c0c-17b156c9164d/Build]   üí¨  ::debug::File:/tmp/781b3bf2-9b1c-45ab-a2b7-2730b1638bcc/build/reports/jacoco/test/html/com.worksap.nlp.sudachi.dictionary.build/DicBuffer.java.html was found using the provided searchPath
[561807ac-3f58-4a4b-8c0c-17b156c9164d/Build]   üí¨  ::debug::File:/tmp/781b3bf2-9b1c-45ab-a2b7-2730b1638bcc/build/reports/jacoco/test/html/com.worksap.nlp.sudachi.dictionary.build/DicBuilder$Base.html was found using the provided searchPath
[561807ac-3f58-4a4b-8c0c-17b156c9164d/Build]   üí¨  ::debug::File:/tmp/781b3bf2-9b1c-45ab-a2b7-2730b1638bcc/build/reports/jacoco/test/html/com.worksap.nlp.sudachi.dictionary.build/DicBuilder$System.html was found using the provided searchPath
[561807ac-3f58-4a4b-8c0c-17b156c9164d/Build]   üí¨  ::debug::File:/tmp/781b3bf2-9b1c-45ab-a2b7-2730b1638bcc/build/reports/jacoco/test/html/com.worksap.nlp.sudachi.dictionary.build/DicBuilder$SystemNoMatrix.html was found using the provided searchPath
[561807ac-3f58-4a4b-8c0c-17b156c9164d/Build]   üí¨  ::debug::File:/tmp/781b3bf2-9b1c-45ab-a2b7-2730b1638bcc/build/reports/jacoco/test/html/com.worksap.nlp.sudachi.dictionary.build/DicBuilder$User.html was found using the provided searchPath
[561807ac-3f58-4a4b-8c0c-17b156c9164d/Build]   üí¨  ::debug::File:/tmp/781b3bf2-9b1c-45ab-a2b7-2730b1638bcc/build/reports/jacoco/test/html/com.worksap.nlp.sudachi.dictionary.build/DicBuilder.html was found using the provided searchPath
[561807ac-3f58-4a4b-8c0c-17b156c9164d/Build]   üí¨  ::debug::File:/tmp/781b3bf2-9b1c-45ab-a2b7-2730b1638bcc/build/reports/jacoco/test/html/com.worksap.nlp.sudachi.dictionary.build/DicBuilder.java.html was found using the provided searchPath
[561807ac-3f58-4a4b-8c0c-17b156c9164d/Build]   üí¨  ::debug::File:/tmp/781b3bf2-9b1c-45ab-a2b7-2730b1638bcc/build/reports/jacoco/test/html/com.worksap.nlp.sudachi.dictionary.build/Index.html~1 was found using the provided searchPath
[561807ac-3f58-4a4b-8c0c-17b156c9164d/Build]   üí¨  ::debug::File:/tmp/781b3bf2-9b1c-45ab-a2b7-2730b1638bcc/build/reports/jacoco/test/html/com.worksap.nlp.sudachi.dictionary.build/Index.java.html was found using the provided searchPath
[561807ac-3f58-4a4b-8c0c-17b156c9164d/Build]   üí¨  ::debug::File:/tmp/781b3bf2-9b1c-45ab-a2b7-2730b1638bcc/build/reports/jacoco/test/html/com.worksap.nlp.sudachi.dictionary.build/InputFileException.html was found using the provided searchPath
[561807ac-3f58-4a4b-8c0c-17b156c9164d/Build]   üí¨  ::debug::File:/tmp/781b3bf2-9b1c-45ab-a2b7-2730b1638bcc/build/reports/jacoco/test/html/com.worksap.nlp.sudachi.dictionary.build/InputFileException.java.html was found using the provided searchPath
[561807ac-3f58-4a4b-8c0c-17b156c9164d/Build]   üí¨  ::debug::File:/tmp/781b3bf2-9b1c-45ab-a2b7-2730b1638bcc/build/reports/jacoco/test/html/com.worksap.nlp.sudachi.dictionary.build/ModelOutput$Part.html was found using the provided searchPath
[561807ac-3f58-4a4b-8c0c-17b156c9164d/Build]   üí¨  ::debug::File:/tmp/781b3bf2-9b1c-45ab-a2b7-2730b1638bcc/build/reports/jacoco/test/html/com.worksap.nlp.sudachi.dictionary.build/ModelOutput.html was found using the provided searchPath
[561807ac-3f58-4a4b-8c0c-17b156c9164d/Build]   üí¨  ::debug::File:/tmp/781b3bf2-9b1c-45ab-a2b7-2730b1638bcc/build/reports/jacoco/test/html/com.worksap.nlp.sudachi.dictionary.build/ModelOutput.java.html was found using the provided searchPath
[561807ac-3f58-4a4b-8c0c-17b156c9164d/Build]   üí¨  ::debug::File:/tmp/781b3bf2-9b1c-45ab-a2b7-2730b1638bcc/build/reports/jacoco/test/html/com.worksap.nlp.sudachi.dictionary.build/POSTable.html was found using the provided searchPath
[561807ac-3f58-4a4b-8c0c-17b156c9164d/Build]   üí¨  ::debug::File:/tmp/781b3bf2-9b1c-45ab-a2b7-2730b1638bcc/build/reports/jacoco/test/html/com.worksap.nlp.sudachi.dictionary.build/POSTable.java.html was found using the provided searchPath
[561807ac-3f58-4a4b-8c0c-17b156c9164d/Build]   üí¨  ::debug::File:/tmp/781b3bf2-9b1c-45ab-a2b7-2730b1638bcc/build/reports/jacoco/test/html/com.worksap.nlp.sudachi.dictionary.build/Parameters.html was found using the provided searchPath
[561807ac-3f58-4a4b-8c0c-17b156c9164d/Build]   üí¨  ::debug::File:/tmp/781b3bf2-9b1c-45ab-a2b7-2730b1638bcc/build/reports/jacoco/test/html/com.worksap.nlp.sudachi.dictionary.build/Parameters.java.html was found using the provided searchPath
[561807ac-3f58-4a4b-8c0c-17b156c9164d/Build]   üí¨  ::debug::File:/tmp/781b3bf2-9b1c-45ab-a2b7-2730b1638bcc/build/reports/jacoco/test/html/com.worksap.nlp.sudachi.dictionary.build/Progress$Callback.html was found using the provided searchPath
[561807ac-3f58-4a4b-8c0c-17b156c9164d/Build]   üí¨  ::debug::File:/tmp/781b3bf2-9b1c-45ab-a2b7-2730b1638bcc/build/reports/jacoco/test/html/com.worksap.nlp.sudachi.dictionary.build/Progress$Kind.html was found using the provided searchPath
[561807ac-3f58-4a4b-8c0c-17b156c9164d/Build]   üí¨  ::debug::File:/tmp/781b3bf2-9b1c-45ab-a2b7-2730b1638bcc/build/reports/jacoco/test/html/com.worksap.nlp.sudachi.dictionary.build/Progress.html was found using the provided searchPath
[561807ac-3f58-4a4b-8c0c-17b156c9164d/Build]   üí¨  ::debug::File:/tmp/781b3bf2-9b1c-45ab-a2b7-2730b1638bcc/build/reports/jacoco/test/html/com.worksap.nlp.sudachi.dictionary.build/Progress.java.html was found using the provided searchPath
[561807ac-3f58-4a4b-8c0c-17b156c9164d/Build]   üí¨  ::debug::File:/tmp/781b3bf2-9b1c-45ab-a2b7-2730b1638bcc/build/reports/jacoco/test/html/com.worksap.nlp.sudachi.dictionary.build/TrackingInputStream.html was found using the provided searchPath
[561807ac-3f58-4a4b-8c0c-17b156c9164d/Build]   üí¨  ::debug::File:/tmp/781b3bf2-9b1c-45ab-a2b7-2730b1638bcc/build/reports/jacoco/test/html/com.worksap.nlp.sudachi.dictionary.build/TrackingInputStream.java.html was found using the provided searchPath
[561807ac-3f58-4a4b-8c0c-17b156c9164d/Build]   üí¨  ::debug::File:/tmp/781b3bf2-9b1c-45ab-a2b7-2730b1638bcc/build/reports/jacoco/test/html/com.worksap.nlp.sudachi.dictionary.build/WordLookup$Chain.html was found using the provided searchPath
[561807ac-3f58-4a4b-8c0c-17b156c9164d/Build]   üí¨  ::debug::File:/tmp/781b3bf2-9b1c-45ab-a2b7-2730b1638bcc/build/reports/jacoco/test/html/com.worksap.nlp.sudachi.dictionary.build/WordLookup$Csv.html was found using the provided searchPath
[561807ac-3f58-4a4b-8c0c-17b156c9164d/Build]   üí¨  ::debug::File:/tmp/781b3bf2-9b1c-45ab-a2b7-2730b1638bcc/build/reports/jacoco/test/html/com.worksap.nlp.sudachi.dictionary.build/WordLookup$Noop.html was found using the provided searchPath
[561807ac-3f58-4a4b-8c0c-17b156c9164d/Build]   üí¨  ::debug::File:/tmp/781b3bf2-9b1c-45ab-a2b7-2730b1638bcc/build/reports/jacoco/test/html/com.worksap.nlp.sudachi.dictionary.build/WordLookup$Prebuilt.html was found using the provided searchPath
[561807ac-3f58-4a4b-8c0c-17b156c9164d/Build]   üí¨  ::debug::File:/tmp/781b3bf2-9b1c-45ab-a2b7-2730b1638bcc/build/reports/jacoco/test/html/com.worksap.nlp.sudachi.dictionary.build/WordLookup.java.html was found using the provided searchPath
[561807ac-3f58-4a4b-8c0c-17b156c9164d/Build]   üí¨  ::debug::File:/tmp/781b3bf2-9b1c-45ab-a2b7-2730b1638bcc/build/reports/jacoco/test/html/com.worksap.nlp.sudachi.dictionary.build/index.html was found using the provided searchPath
[561807ac-3f58-4a4b-8c0c-17b156c9164d/Build]   üí¨  ::debug::File:/tmp/781b3bf2-9b1c-45ab-a2b7-2730b1638bcc/build/reports/jacoco/test/html/com.worksap.nlp.sudachi.dictionary.build/index.source.html was found using the provided searchPath
[561807ac-3f58-4a4b-8c0c-17b156c9164d/Build]   üí¨  ::debug::Removing /tmp/781b3bf2-9b1c-45ab-a2b7-2730b1638bcc/build/reports/jacoco/test/html/com.worksap.nlp.sudachi.sentdetect from rawSearchResults because it is a directory
[561807ac-3f58-4a4b-8c0c-17b156c9164d/Build]   üí¨  ::debug::File:/tmp/781b3bf2-9b1c-45ab-a2b7-2730b1638bcc/build/reports/jacoco/test/html/com.worksap.nlp.sudachi.sentdetect/SentenceDetector.html was found using the provided searchPath
[561807ac-3f58-4a4b-8c0c-17b156c9164d/Build]   üí¨  ::debug::File:/tmp/781b3bf2-9b1c-45ab-a2b7-2730b1638bcc/build/reports/jacoco/test/html/com.worksap.nlp.sudachi.sentdetect/SentenceDetector.java.html was found using the provided searchPath
[561807ac-3f58-4a4b-8c0c-17b156c9164d/Build]   üí¨  ::debug::File:/tmp/781b3bf2-9b1c-45ab-a2b7-2730b1638bcc/build/reports/jacoco/test/html/com.worksap.nlp.sudachi.sentdetect/index.html was found using the provided searchPath
[561807ac-3f58-4a4b-8c0c-17b156c9164d/Build]   üí¨  ::debug::File:/tmp/781b3bf2-9b1c-45ab-a2b7-2730b1638bcc/build/reports/jacoco/test/html/com.worksap.nlp.sudachi.sentdetect/index.source.html was found using the provided searchPath
[561807ac-3f58-4a4b-8c0c-17b156c9164d/Build]   üí¨  ::debug::File:/tmp/781b3bf2-9b1c-45ab-a2b7-2730b1638bcc/build/reports/jacoco/test/html/index.html was found using the provided searchPath
[561807ac-3f58-4a4b-8c0c-17b156c9164d/Build]   üí¨  ::debug::Removing /tmp/781b3bf2-9b1c-45ab-a2b7-2730b1638bcc/build/reports/jacoco/test/html/jacoco-resources from rawSearchResults because it is a directory
[561807ac-3f58-4a4b-8c0c-17b156c9164d/Build]   üí¨  ::debug::File:/tmp/781b3bf2-9b1c-45ab-a2b7-2730b1638bcc/build/reports/jacoco/test/html/jacoco-resources/branchfc.gif was found using the provided searchPath
[561807ac-3f58-4a4b-8c0c-17b156c9164d/Build]   üí¨  ::debug::File:/tmp/781b3bf2-9b1c-45ab-a2b7-2730b1638bcc/build/reports/jacoco/test/html/jacoco-resources/branchnc.gif was found using the provided searchPath
[561807ac-3f58-4a4b-8c0c-17b156c9164d/Build]   üí¨  ::debug::File:/tmp/781b3bf2-9b1c-45ab-a2b7-2730b1638bcc/build/reports/jacoco/test/html/jacoco-resources/branchpc.gif was found using the provided searchPath
[561807ac-3f58-4a4b-8c0c-17b156c9164d/Build]   üí¨  ::debug::File:/tmp/781b3bf2-9b1c-45ab-a2b7-2730b1638bcc/build/reports/jacoco/test/html/jacoco-resources/bundle.gif was found using the provided searchPath
[561807ac-3f58-4a4b-8c0c-17b156c9164d/Build]   üí¨  ::debug::File:/tmp/781b3bf2-9b1c-45ab-a2b7-2730b1638bcc/build/reports/jacoco/test/html/jacoco-resources/class.gif was found using the provided searchPath
[561807ac-3f58-4a4b-8c0c-17b156c9164d/Build]   üí¨  ::debug::File:/tmp/781b3bf2-9b1c-45ab-a2b7-2730b1638bcc/build/reports/jacoco/test/html/jacoco-resources/down.gif was found using the provided searchPath
[561807ac-3f58-4a4b-8c0c-17b156c9164d/Build]   üí¨  ::debug::File:/tmp/781b3bf2-9b1c-45ab-a2b7-2730b1638bcc/build/reports/jacoco/test/html/jacoco-resources/greenbar.gif was found using the provided searchPath
[561807ac-3f58-4a4b-8c0c-17b156c9164d/Build]   üí¨  ::debug::File:/tmp/781b3bf2-9b1c-45ab-a2b7-2730b1638bcc/build/reports/jacoco/test/html/jacoco-resources/group.gif was found using the provided searchPath
[561807ac-3f58-4a4b-8c0c-17b156c9164d/Build]   üí¨  ::debug::File:/tmp/781b3bf2-9b1c-45ab-a2b7-2730b1638bcc/build/reports/jacoco/test/html/jacoco-resources/method.gif was found using the provided searchPath
[561807ac-3f58-4a4b-8c0c-17b156c9164d/Build]   üí¨  ::debug::File:/tmp/781b3bf2-9b1c-45ab-a2b7-2730b1638bcc/build/reports/jacoco/test/html/jacoco-resources/package.gif was found using the provided searchPath
[561807ac-3f58-4a4b-8c0c-17b156c9164d/Build]   üí¨  ::debug::File:/tmp/781b3bf2-9b1c-45ab-a2b7-2730b1638bcc/build/reports/jacoco/test/html/jacoco-resources/prettify.css was found using the provided searchPath
[561807ac-3f58-4a4b-8c0c-17b156c9164d/Build]   üí¨  ::debug::File:/tmp/781b3bf2-9b1c-45ab-a2b7-2730b1638bcc/build/reports/jacoco/test/html/jacoco-resources/prettify.js was found using the provided searchPath
[561807ac-3f58-4a4b-8c0c-17b156c9164d/Build]   üí¨  ::debug::File:/tmp/781b3bf2-9b1c-45ab-a2b7-2730b1638bcc/build/reports/jacoco/test/html/jacoco-resources/redbar.gif was found using the provided searchPath
[561807ac-3f58-4a4b-8c0c-17b156c9164d/Build]   üí¨  ::debug::File:/tmp/781b3bf2-9b1c-45ab-a2b7-2730b1638bcc/build/reports/jacoco/test/html/jacoco-resources/report.css was found using the provided searchPath
[561807ac-3f58-4a4b-8c0c-17b156c9164d/Build]   üí¨  ::debug::File:/tmp/781b3bf2-9b1c-45ab-a2b7-2730b1638bcc/build/reports/jacoco/test/html/jacoco-resources/report.gif was found using the provided searchPath
[561807ac-3f58-4a4b-8c0c-17b156c9164d/Build]   üí¨  ::debug::File:/tmp/781b3bf2-9b1c-45ab-a2b7-2730b1638bcc/build/reports/jacoco/test/html/jacoco-resources/session.gif was found using the provided searchPath
[561807ac-3f58-4a4b-8c0c-17b156c9164d/Build]   üí¨  ::debug::File:/tmp/781b3bf2-9b1c-45ab-a2b7-2730b1638bcc/build/reports/jacoco/test/html/jacoco-resources/sort.gif was found using the provided searchPath
[561807ac-3f58-4a4b-8c0c-17b156c9164d/Build]   üí¨  ::debug::File:/tmp/781b3bf2-9b1c-45ab-a2b7-2730b1638bcc/build/reports/jacoco/test/html/jacoco-resources/sort.js was found using the provided searchPath
[561807ac-3f58-4a4b-8c0c-17b156c9164d/Build]   üí¨  ::debug::File:/tmp/781b3bf2-9b1c-45ab-a2b7-2730b1638bcc/build/reports/jacoco/test/html/jacoco-resources/source.gif was found using the provided searchPath
[561807ac-3f58-4a4b-8c0c-17b156c9164d/Build]   üí¨  ::debug::File:/tmp/781b3bf2-9b1c-45ab-a2b7-2730b1638bcc/build/reports/jacoco/test/html/jacoco-resources/up.gif was found using the provided searchPath
[561807ac-3f58-4a4b-8c0c-17b156c9164d/Build]   üí¨  ::debug::File:/tmp/781b3bf2-9b1c-45ab-a2b7-2730b1638bcc/build/reports/jacoco/test/html/jacoco-sessions.html was found using the provided searchPath
[561807ac-3f58-4a4b-8c0c-17b156c9164d/Build]   üí¨  ::debug::File:/tmp/781b3bf2-9b1c-45ab-a2b7-2730b1638bcc/build/reports/jacoco/test/jacocoTestReport.xml was found using the provided searchPath
[561807ac-3f58-4a4b-8c0c-17b156c9164d/Build]   üí¨  ::debug::Removing /tmp/781b3bf2-9b1c-45ab-a2b7-2730b1638bcc/build/reports/tests from rawSearchResults because it is a directory
[561807ac-3f58-4a4b-8c0c-17b156c9164d/Build]   üí¨  ::debug::Removing /tmp/781b3bf2-9b1c-45ab-a2b7-2730b1638bcc/build/reports/tests/test from rawSearchResults because it is a directory
[561807ac-3f58-4a4b-8c0c-17b156c9164d/Build]   üí¨  ::debug::Removing /tmp/781b3bf2-9b1c-45ab-a2b7-2730b1638bcc/build/reports/tests/test/classes from rawSearchResults because it is a directory
[561807ac-3f58-4a4b-8c0c-17b156c9164d/Build]   üí¨  ::debug::File:/tmp/781b3bf2-9b1c-45ab-a2b7-2730b1638bcc/build/reports/tests/test/classes/com.worksap.nlp.sudachi.ConfigTest.html was found using the provided searchPath
[561807ac-3f58-4a4b-8c0c-17b156c9164d/Build]   üí¨  ::debug::File:/tmp/781b3bf2-9b1c-45ab-a2b7-2730b1638bcc/build/reports/tests/test/classes/com.worksap.nlp.sudachi.DefaultInputTextPluginTest.html was found using the provided searchPath
[561807ac-3f58-4a4b-8c0c-17b156c9164d/Build]   üí¨  ::debug::File:/tmp/781b3bf2-9b1c-45ab-a2b7-2730b1638bcc/build/reports/tests/test/classes/com.worksap.nlp.sudachi.DictionaryFactoryTest.html was found using the provided searchPath
[561807ac-3f58-4a4b-8c0c-17b156c9164d/Build]   üí¨  ::debug::File:/tmp/781b3bf2-9b1c-45ab-a2b7-2730b1638bcc/build/reports/tests/test/classes/com.worksap.nlp.sudachi.IgnoreYomiganaPluginTest.html was found using the provided searchPath
[561807ac-3f58-4a4b-8c0c-17b156c9164d/Build]   üí¨  ::debug::File:/tmp/781b3bf2-9b1c-45ab-a2b7-2730b1638bcc/build/reports/tests/test/classes/com.worksap.nlp.sudachi.InhibitConnectionPluginTest.html was found using the provided searchPath
[561807ac-3f58-4a4b-8c0c-17b156c9164d/Build]   üí¨  ::debug::File:/tmp/781b3bf2-9b1c-45ab-a2b7-2730b1638bcc/build/reports/tests/test/classes/com.worksap.nlp.sudachi.JapaneseDictionaryTest.html was found using the provided searchPath
[561807ac-3f58-4a4b-8c0c-17b156c9164d/Build]   üí¨  ::debug::File:/tmp/781b3bf2-9b1c-45ab-a2b7-2730b1638bcc/build/reports/tests/test/classes/com.worksap.nlp.sudachi.JapaneseTokenizerMaskTest.html was found using the provided searchPath
[561807ac-3f58-4a4b-8c0c-17b156c9164d/Build]   üí¨  ::debug::File:/tmp/781b3bf2-9b1c-45ab-a2b7-2730b1638bcc/build/reports/tests/test/classes/com.worksap.nlp.sudachi.JapaneseTokenizerTest.html was found using the provided searchPath
[561807ac-3f58-4a4b-8c0c-17b156c9164d/Build]   üí¨  ::debug::File:/tmp/781b3bf2-9b1c-45ab-a2b7-2730b1638bcc/build/reports/tests/test/classes/com.worksap.nlp.sudachi.JoinKatakanaOovPluginTest.html was found using the provided searchPath
[561807ac-3f58-4a4b-8c0c-17b156c9164d/Build]   üí¨  ::debug::File:/tmp/781b3bf2-9b1c-45ab-a2b7-2730b1638bcc/build/reports/tests/test/classes/com.worksap.nlp.sudachi.JoinNumericPluginTest.html was found using the provided searchPath
[561807ac-3f58-4a4b-8c0c-17b156c9164d/Build]   üí¨  ::debug::File:/tmp/781b3bf2-9b1c-45ab-a2b7-2730b1638bcc/build/reports/tests/test/classes/com.worksap.nlp.sudachi.MMapTest.html was found using the provided searchPath
[561807ac-3f58-4a4b-8c0c-17b156c9164d/Build]   üí¨  ::debug::File:/tmp/781b3bf2-9b1c-45ab-a2b7-2730b1638bcc/build/reports/tests/test/classes/com.worksap.nlp.sudachi.MeCabOovProviderPluginTest.html was found using the provided searchPath
[561807ac-3f58-4a4b-8c0c-17b156c9164d/Build]   üí¨  ::debug::File:/tmp/781b3bf2-9b1c-45ab-a2b7-2730b1638bcc/build/reports/tests/test/classes/com.worksap.nlp.sudachi.MorphemeImplTest.html was found using the provided searchPath
[561807ac-3f58-4a4b-8c0c-17b156c9164d/Build]   üí¨  ::debug::File:/tmp/781b3bf2-9b1c-45ab-a2b7-2730b1638bcc/build/reports/tests/test/classes/com.worksap.nlp.sudachi.NumericParserTest.html was found using the provided searchPath
[561807ac-3f58-4a4b-8c0c-17b156c9164d/Build]   üí¨  ::debug::File:/tmp/781b3bf2-9b1c-45ab-a2b7-2730b1638bcc/build/reports/tests/test/classes/com.worksap.nlp.sudachi.OovProviderPluginTest.html was found using the provided searchPath
[561807ac-3f58-4a4b-8c0c-17b156c9164d/Build]   üí¨  ::debug::File:/tmp/781b3bf2-9b1c-45ab-a2b7-2730b1638bcc/build/reports/tests/test/classes/com.worksap.nlp.sudachi.PathAnchorTest.html was found using the provided searchPath
[561807ac-3f58-4a4b-8c0c-17b156c9164d/Build]   üí¨  ::debug::File:/tmp/781b3bf2-9b1c-45ab-a2b7-2730b1638bcc/build/reports/tests/test/classes/com.worksap.nlp.sudachi.PosMatcherTest.html was found using the provided searchPath
[561807ac-3f58-4a4b-8c0c-17b156c9164d/Build]   üí¨  ::debug::File:/tmp/781b3bf2-9b1c-45ab-a2b7-2730b1638bcc/build/reports/tests/test/classes/com.worksap.nlp.sudachi.ProlongedSoundMarkInputTextPluginTest.html was found using the provided searchPath
[561807ac-3f58-4a4b-8c0c-17b156c9164d/Build]   üí¨  ::debug::File:/tmp/781b3bf2-9b1c-45ab-a2b7-2730b1638bcc/build/reports/tests/test/classes/com.worksap.nlp.sudachi.RegexOovProviderTest.html was found using the provided searchPath
[561807ac-3f58-4a4b-8c0c-17b156c9164d/Build]   üí¨  ::debug::File:/tmp/781b3bf2-9b1c-45ab-a2b7-2730b1638bcc/build/reports/tests/test/classes/com.worksap.nlp.sudachi.SettingsTest.html was found using the provided searchPath
[561807ac-3f58-4a4b-8c0c-17b156c9164d/Build]   üí¨  ::debug::File:/tmp/781b3bf2-9b1c-45ab-a2b7-2730b1638bcc/build/reports/tests/test/classes/com.worksap.nlp.sudachi.StringUtilTest.html was found using the provided searchPath
[561807ac-3f58-4a4b-8c0c-17b156c9164d/Build]   üí¨  ::debug::File:/tmp/781b3bf2-9b1c-45ab-a2b7-2730b1638bcc/build/reports/tests/test/classes/com.worksap.nlp.sudachi.SudachiCommandLineTest.html was found using the provided searchPath
[561807ac-3f58-4a4b-8c0c-17b156c9164d/Build]   üí¨  ::debug::File:/tmp/781b3bf2-9b1c-45ab-a2b7-2730b1638bcc/build/reports/tests/test/classes/com.worksap.nlp.sudachi.UTF8InputTextTest.html was found using the provided searchPath
[561807ac-3f58-4a4b-8c0c-17b156c9164d/Build]   üí¨  ::debug::File:/tmp/781b3bf2-9b1c-45ab-a2b7-2730b1638bcc/build/reports/tests/test/classes/com.worksap.nlp.sudachi.UserDictionaryTest.html was found using the provided searchPath
[561807ac-3f58-4a4b-8c0c-17b156c9164d/Build]   üí¨  ::debug::File:/tmp/781b3bf2-9b1c-45ab-a2b7-2730b1638bcc/build/reports/tests/test/classes/com.worksap.nlp.sudachi.WordIdTest.html was found using the provided searchPath
[561807ac-3f58-4a4b-8c0c-17b156c9164d/Build]   üí¨  ::debug::File:/tmp/781b3bf2-9b1c-45ab-a2b7-2730b1638bcc/build/reports/tests/test/classes/com.worksap.nlp.sudachi.WordMaskTest.html was found using the provided searchPath
[561807ac-3f58-4a4b-8c0c-17b156c9164d/Build]   üí¨  ::debug::File:/tmp/781b3bf2-9b1c-45ab-a2b7-2730b1638bcc/build/reports/tests/test/classes/com.worksap.nlp.sudachi.dictionary.CSVParserTest.html was found using the provided searchPath
[561807ac-3f58-4a4b-8c0c-17b156c9164d/Build]   üí¨  ::debug::File:/tmp/781b3bf2-9b1c-45ab-a2b7-2730b1638bcc/build/reports/tests/test/classes/com.worksap.nlp.sudachi.dictionary.CharacterCategoryTest.html was found using the provided searchPath
[561807ac-3f58-4a4b-8c0c-17b156c9164d/Build]   üí¨  ::debug::File:/tmp/781b3bf2-9b1c-45ab-a2b7-2730b1638bcc/build/reports/tests/test/classes/com.worksap.nlp.sudachi.dictionary.DictionaryBuilderTest.html was found using the provided searchPath
[561807ac-3f58-4a4b-8c0c-17b156c9164d/Build]   üí¨  ::debug::File:/tmp/781b3bf2-9b1c-45ab-a2b7-2730b1638bcc/build/reports/tests/test/classes/com.worksap.nlp.sudachi.dictionary.DictionaryHeaderPrinterTest.html was found using the provided searchPath
[561807ac-3f58-4a4b-8c0c-17b156c9164d/Build]   üí¨  ::debug::File:/tmp/781b3bf2-9b1c-45ab-a2b7-2730b1638bcc/build/reports/tests/test/classes/com.worksap.nlp.sudachi.dictionary.DictionaryHeaderTest.html was found using the provided searchPath
[561807ac-3f58-4a4b-8c0c-17b156c9164d/Build]   üí¨  ::debug::File:/tmp/781b3bf2-9b1c-45ab-a2b7-2730b1638bcc/build/reports/tests/test/classes/com.worksap.nlp.sudachi.dictionary.DictionaryPrinterTest.html was found using the provided searchPath
[561807ac-3f58-4a4b-8c0c-17b156c9164d/Build]   üí¨  ::debug::File:/tmp/781b3bf2-9b1c-45ab-a2b7-2730b1638bcc/build/reports/tests/test/classes/com.worksap.nlp.sudachi.dictionary.DoubleArrayLexiconTest.html was found using the provided searchPath
[561807ac-3f58-4a4b-8c0c-17b156c9164d/Build]   üí¨  ::debug::File:/tmp/781b3bf2-9b1c-45ab-a2b7-2730b1638bcc/build/reports/tests/test/classes/com.worksap.nlp.sudachi.dictionary.GrammarImplTest.html was found using the provided searchPath
[561807ac-3f58-4a4b-8c0c-17b156c9164d/Build]   üí¨  ::debug::File:/tmp/781b3bf2-9b1c-45ab-a2b7-2730b1638bcc/build/reports/tests/test/classes/com.worksap.nlp.sudachi.dictionary.UserDictionaryBuilderTest.html was found using the provided searchPath
[561807ac-3f58-4a4b-8c0c-17b156c9164d/Build]   üí¨  ::debug::File:/tmp/781b3bf2-9b1c-45ab-a2b7-2730b1638bcc/build/reports/tests/test/classes/com.worksap.nlp.sudachi.dictionary.build.ConnectionMatrixTest.html was found using the provided searchPath
[561807ac-3f58-4a4b-8c0c-17b156c9164d/Build]   üí¨  ::debug::File:/tmp/781b3bf2-9b1c-45ab-a2b7-2730b1638bcc/build/reports/tests/test/classes/com.worksap.nlp.sudachi.dictionary.build.CsvLexiconTest.html was found using the provided searchPath
[561807ac-3f58-4a4b-8c0c-17b156c9164d/Build]   üí¨  ::debug::File:/tmp/781b3bf2-9b1c-45ab-a2b7-2730b1638bcc/build/reports/tests/test/classes/com.worksap.nlp.sudachi.dictionary.build.DicBufferTest.html was found using the provided searchPath
[561807ac-3f58-4a4b-8c0c-17b156c9164d/Build]   üí¨  ::debug::File:/tmp/781b3bf2-9b1c-45ab-a2b7-2730b1638bcc/build/reports/tests/test/classes/com.worksap.nlp.sudachi.dictionary.build.GrammarTest.html was found using the provided searchPath
[561807ac-3f58-4a4b-8c0c-17b156c9164d/Build]   üí¨  ::debug::File:/tmp/781b3bf2-9b1c-45ab-a2b7-2730b1638bcc/build/reports/tests/test/classes/com.worksap.nlp.sudachi.dictionary.build.ParametersTest.html was found using the provided searchPath
[561807ac-3f58-4a4b-8c0c-17b156c9164d/Build]   üí¨  ::debug::File:/tmp/781b3bf2-9b1c-45ab-a2b7-2730b1638bcc/build/reports/tests/test/classes/com.worksap.nlp.sudachi.dictionary.build.SystemDicTest.html was found using the provided searchPath
[561807ac-3f58-4a4b-8c0c-17b156c9164d/Build]   üí¨  ::debug::File:/tmp/781b3bf2-9b1c-45ab-a2b7-2730b1638bcc/build/reports/tests/test/classes/com.worksap.nlp.sudachi.dictionary.build.UserDicTest.html was found using the provided searchPath
[561807ac-3f58-4a4b-8c0c-17b156c9164d/Build]   üí¨  ::debug::File:/tmp/781b3bf2-9b1c-45ab-a2b7-2730b1638bcc/build/reports/tests/test/classes/com.worksap.nlp.sudachi.sentdetect.SentenceDetectorTest.html was found using the provided searchPath
[561807ac-3f58-4a4b-8c0c-17b156c9164d/Build]   üí¨  ::debug::Removing /tmp/781b3bf2-9b1c-45ab-a2b7-2730b1638bcc/build/reports/tests/test/css from rawSearchResults because it is a directory
[561807ac-3f58-4a4b-8c0c-17b156c9164d/Build]   üí¨  ::debug::File:/tmp/781b3bf2-9b1c-45ab-a2b7-2730b1638bcc/build/reports/tests/test/css/base-style.css was found using the provided searchPath
[561807ac-3f58-4a4b-8c0c-17b156c9164d/Build]   üí¨  ::debug::File:/tmp/781b3bf2-9b1c-45ab-a2b7-2730b1638bcc/build/reports/tests/test/css/style.css was found using the provided searchPath
[561807ac-3f58-4a4b-8c0c-17b156c9164d/Build]   üí¨  ::debug::File:/tmp/781b3bf2-9b1c-45ab-a2b7-2730b1638bcc/build/reports/tests/test/index.html was found using the provided searchPath
[561807ac-3f58-4a4b-8c0c-17b156c9164d/Build]   üí¨  ::debug::Removing /tmp/781b3bf2-9b1c-45ab-a2b7-2730b1638bcc/build/reports/tests/test/js from rawSearchResults because it is a directory
[561807ac-3f58-4a4b-8c0c-17b156c9164d/Build]   üí¨  ::debug::File:/tmp/781b3bf2-9b1c-45ab-a2b7-2730b1638bcc/build/reports/tests/test/js/report.js was found using the provided searchPath
[561807ac-3f58-4a4b-8c0c-17b156c9164d/Build]   üí¨  ::debug::Removing /tmp/781b3bf2-9b1c-45ab-a2b7-2730b1638bcc/build/reports/tests/test/packages from rawSearchResults because it is a directory
[561807ac-3f58-4a4b-8c0c-17b156c9164d/Build]   üí¨  ::debug::File:/tmp/781b3bf2-9b1c-45ab-a2b7-2730b1638bcc/build/reports/tests/test/packages/com.worksap.nlp.sudachi.dictionary.build.html was found using the provided searchPath
[561807ac-3f58-4a4b-8c0c-17b156c9164d/Build]   üí¨  ::debug::File:/tmp/781b3bf2-9b1c-45ab-a2b7-2730b1638bcc/build/reports/tests/test/packages/com.worksap.nlp.sudachi.dictionary.html was found using the provided searchPath
[561807ac-3f58-4a4b-8c0c-17b156c9164d/Build]   üí¨  ::debug::File:/tmp/781b3bf2-9b1c-45ab-a2b7-2730b1638bcc/build/reports/tests/test/packages/com.worksap.nlp.sudachi.html was found using the provided searchPath
[561807ac-3f58-4a4b-8c0c-17b156c9164d/Build]   üí¨  ::debug::File:/tmp/781b3bf2-9b1c-45ab-a2b7-2730b1638bcc/build/reports/tests/test/packages/com.worksap.nlp.sudachi.sentdetect.html was found using the provided searchPath
[561807ac-3f58-4a4b-8c0c-17b156c9164d/Build]   | With the provided path, there will be 267 files uploaded
[561807ac-3f58-4a4b-8c0c-17b156c9164d/Build]   üí¨  ::debug::Root artifact directory is /tmp/781b3bf2-9b1c-45ab-a2b7-2730b1638bcc/build/reports
[561807ac-3f58-4a4b-8c0c-17b156c9164d/Build]   | Starting artifact upload
[561807ac-3f58-4a4b-8c0c-17b156c9164d/Build]   | For more detailed logs during the artifact upload process, enable step-debugging: https://docs.github.com/actions/monitoring-and-troubleshooting-workflows/enabling-debug-logging#enabling-step-debug-logging
[561807ac-3f58-4a4b-8c0c-17b156c9164d/Build]   | Artifact name is valid!
[561807ac-3f58-4a4b-8c0c-17b156c9164d/Build]   ‚ùó  ::error::Unable to get ACTIONS_RUNTIME_TOKEN env variable
[561807ac-3f58-4a4b-8c0c-17b156c9164d/Build]   ‚ùå  Failure - Main actions/upload-artifact@v3
[561807ac-3f58-4a4b-8c0c-17b156c9164d/Build] exitcode '1': failure
[561807ac-3f58-4a4b-8c0c-17b156c9164d/Build] unable to get git ref: failed to identify reference (tag/branch) for the checked-out revision '3ad45d57fcb77b52227a9c766557e595a9ece3a3'
[561807ac-3f58-4a4b-8c0c-17b156c9164d/Build] unable to get git ref: failed to identify reference (tag/branch) for the checked-out revision '3ad45d57fcb77b52227a9c766557e595a9ece3a3'
[561807ac-3f58-4a4b-8c0c-17b156c9164d/Build] unable to get git ref: failed to identify reference (tag/branch) for the checked-out revision '3ad45d57fcb77b52227a9c766557e595a9ece3a3'
[561807ac-3f58-4a4b-8c0c-17b156c9164d/Build] unable to get git ref: failed to identify reference (tag/branch) for the checked-out revision '3ad45d57fcb77b52227a9c766557e595a9ece3a3'
[561807ac-3f58-4a4b-8c0c-17b156c9164d/Build] unable to get git ref: failed to identify reference (tag/branch) for the checked-out revision '3ad45d57fcb77b52227a9c766557e595a9ece3a3'
[561807ac-3f58-4a4b-8c0c-17b156c9164d/Build] unable to get git ref: failed to identify reference (tag/branch) for the checked-out revision '3ad45d57fcb77b52227a9c766557e595a9ece3a3'
[561807ac-3f58-4a4b-8c0c-17b156c9164d/Build] unable to get git ref: failed to identify reference (tag/branch) for the checked-out revision '3ad45d57fcb77b52227a9c766557e595a9ece3a3'
[561807ac-3f58-4a4b-8c0c-17b156c9164d/Build] unable to get git ref: failed to identify reference (tag/branch) for the checked-out revision '3ad45d57fcb77b52227a9c766557e595a9ece3a3'
[561807ac-3f58-4a4b-8c0c-17b156c9164d/Build] unable to get git ref: failed to identify reference (tag/branch) for the checked-out revision '3ad45d57fcb77b52227a9c766557e595a9ece3a3'
[561807ac-3f58-4a4b-8c0c-17b156c9164d/Build] unable to get git ref: failed to identify reference (tag/branch) for the checked-out revision '3ad45d57fcb77b52227a9c766557e595a9ece3a3'
[561807ac-3f58-4a4b-8c0c-17b156c9164d/Build] unable to get git ref: failed to identify reference (tag/branch) for the checked-out revision '3ad45d57fcb77b52227a9c766557e595a9ece3a3'
[561807ac-3f58-4a4b-8c0c-17b156c9164d/Build] unable to get git ref: failed to identify reference (tag/branch) for the checked-out revision '3ad45d57fcb77b52227a9c766557e595a9ece3a3'
[561807ac-3f58-4a4b-8c0c-17b156c9164d/Build] unable to get git ref: failed to identify reference (tag/branch) for the checked-out revision '3ad45d57fcb77b52227a9c766557e595a9ece3a3'
[561807ac-3f58-4a4b-8c0c-17b156c9164d/Build] unable to get git ref: failed to identify reference (tag/branch) for the checked-out revision '3ad45d57fcb77b52227a9c766557e595a9ece3a3'
[561807ac-3f58-4a4b-8c0c-17b156c9164d/Build] unable to get git ref: failed to identify reference (tag/branch) for the checked-out revision '3ad45d57fcb77b52227a9c766557e595a9ece3a3'
[561807ac-3f58-4a4b-8c0c-17b156c9164d/Build] ‚≠ê Run Post Set up JDK 11
[561807ac-3f58-4a4b-8c0c-17b156c9164d/Build]   üê≥  docker exec cmd=[node /var/run/act/actions/actions-setup-java@v3/dist/cleanup/index.js] user= workdir=
[561807ac-3f58-4a4b-8c0c-17b156c9164d/Build]   üöß  ::warning::Error retrieving key from state.
[561807ac-3f58-4a4b-8c0c-17b156c9164d/Build]   ‚úÖ  Success - Post Set up JDK 11
[561807ac-3f58-4a4b-8c0c-17b156c9164d/Build] üèÅ  Job failed
[561807ac-3f58-4a4b-8c0c-17b156c9164d/Build] unable to get git ref: failed to identify reference (tag/branch) for the checked-out revision '3ad45d57fcb77b52227a9c766557e595a9ece3a3'
