[2042d72f-26dd-49bb-a396-396073c2067c/build] üöÄ  Start image=gitbugactions:latest
[2042d72f-26dd-49bb-a396-396073c2067c/build]   üê≥  docker pull image=gitbugactions:latest platform= username= forcePull=false
[2042d72f-26dd-49bb-a396-396073c2067c/build]   üê≥  docker create image=gitbugactions:latest platform= entrypoint=["tail" "-f" "/dev/null"] cmd=[]
[2042d72f-26dd-49bb-a396-396073c2067c/build]   üê≥  docker run image=gitbugactions:latest platform= entrypoint=["tail" "-f" "/dev/null"] cmd=[]
[2042d72f-26dd-49bb-a396-396073c2067c/build]   üê≥  docker exec cmd=[chown -R 1012:1013 /tmp/e18395f2-7c0a-49f7-be4a-5d67f1050922] user=0 workdir=
[2042d72f-26dd-49bb-a396-396073c2067c/build] unable to get git ref: failed to identify reference (tag/branch) for the checked-out revision '477994d5a98e31e6d894c847834653f4d87b6634'
[2042d72f-26dd-49bb-a396-396073c2067c/build] unable to get git ref: failed to identify reference (tag/branch) for the checked-out revision '477994d5a98e31e6d894c847834653f4d87b6634'
[2042d72f-26dd-49bb-a396-396073c2067c/build] unable to get git ref: failed to identify reference (tag/branch) for the checked-out revision '477994d5a98e31e6d894c847834653f4d87b6634'
[2042d72f-26dd-49bb-a396-396073c2067c/build] unable to get git ref: failed to identify reference (tag/branch) for the checked-out revision '477994d5a98e31e6d894c847834653f4d87b6634'
[2042d72f-26dd-49bb-a396-396073c2067c/build] unable to get git ref: failed to identify reference (tag/branch) for the checked-out revision '477994d5a98e31e6d894c847834653f4d87b6634'
[2042d72f-26dd-49bb-a396-396073c2067c/build] unable to get git ref: failed to identify reference (tag/branch) for the checked-out revision '477994d5a98e31e6d894c847834653f4d87b6634'
[2042d72f-26dd-49bb-a396-396073c2067c/build] unable to get git ref: failed to identify reference (tag/branch) for the checked-out revision '477994d5a98e31e6d894c847834653f4d87b6634'
[2042d72f-26dd-49bb-a396-396073c2067c/build] unable to get git ref: failed to identify reference (tag/branch) for the checked-out revision '477994d5a98e31e6d894c847834653f4d87b6634'
[2042d72f-26dd-49bb-a396-396073c2067c/build] unable to get git ref: failed to identify reference (tag/branch) for the checked-out revision '477994d5a98e31e6d894c847834653f4d87b6634'
[2042d72f-26dd-49bb-a396-396073c2067c/build] ‚≠ê Run Main actions/checkout@v2
[2042d72f-26dd-49bb-a396-396073c2067c/build] unable to get git ref: failed to identify reference (tag/branch) for the checked-out revision '477994d5a98e31e6d894c847834653f4d87b6634'
[2042d72f-26dd-49bb-a396-396073c2067c/build] unable to get git ref: failed to identify reference (tag/branch) for the checked-out revision '477994d5a98e31e6d894c847834653f4d87b6634'
[2042d72f-26dd-49bb-a396-396073c2067c/build]   üê≥  docker cp src=/tmp/e18395f2-7c0a-49f7-be4a-5d67f1050922/. dst=/tmp/e18395f2-7c0a-49f7-be4a-5d67f1050922
[2042d72f-26dd-49bb-a396-396073c2067c/build]   üê≥  docker exec cmd=[chown -R 1012:1013 /tmp/e18395f2-7c0a-49f7-be4a-5d67f1050922] user=0 workdir=
[2042d72f-26dd-49bb-a396-396073c2067c/build]   ‚úÖ  Success - Main actions/checkout@v2
[2042d72f-26dd-49bb-a396-396073c2067c/build] unable to get git ref: failed to identify reference (tag/branch) for the checked-out revision '477994d5a98e31e6d894c847834653f4d87b6634'
[2042d72f-26dd-49bb-a396-396073c2067c/build] unable to get git ref: failed to identify reference (tag/branch) for the checked-out revision '477994d5a98e31e6d894c847834653f4d87b6634'
[2042d72f-26dd-49bb-a396-396073c2067c/build] unable to get git ref: failed to identify reference (tag/branch) for the checked-out revision '477994d5a98e31e6d894c847834653f4d87b6634'
[2042d72f-26dd-49bb-a396-396073c2067c/build] unable to get git ref: failed to identify reference (tag/branch) for the checked-out revision '477994d5a98e31e6d894c847834653f4d87b6634'
[2042d72f-26dd-49bb-a396-396073c2067c/build] unable to get git ref: failed to identify reference (tag/branch) for the checked-out revision '477994d5a98e31e6d894c847834653f4d87b6634'
[2042d72f-26dd-49bb-a396-396073c2067c/build] ‚≠ê Run Main Set up JDK 17
[2042d72f-26dd-49bb-a396-396073c2067c/build] unable to get git ref: failed to identify reference (tag/branch) for the checked-out revision '477994d5a98e31e6d894c847834653f4d87b6634'
[2042d72f-26dd-49bb-a396-396073c2067c/build] unable to get git ref: failed to identify reference (tag/branch) for the checked-out revision '477994d5a98e31e6d894c847834653f4d87b6634'
[2042d72f-26dd-49bb-a396-396073c2067c/build] unable to get git ref: failed to identify reference (tag/branch) for the checked-out revision '477994d5a98e31e6d894c847834653f4d87b6634'
[2042d72f-26dd-49bb-a396-396073c2067c/build]   üê≥  docker cp src=/tmp/act-cache/f981ec24-3497-4d94-9a43-3a0cf2d0feb5/act/actions-setup-java@v2/ dst=/var/run/act/actions/actions-setup-java@v2/
[2042d72f-26dd-49bb-a396-396073c2067c/build]   üê≥  docker exec cmd=[chown -R 1012:1013 /var/run/act/actions/actions-setup-java@v2/] user=0 workdir=
[2042d72f-26dd-49bb-a396-396073c2067c/build]   üê≥  docker exec cmd=[node /var/run/act/actions/actions-setup-java@v2/dist/setup/index.js] user= workdir=
[2042d72f-26dd-49bb-a396-396073c2067c/build]   üí¨  ::debug::isExplicit: 11.0.20-1
[2042d72f-26dd-49bb-a396-396073c2067c/build]   üí¨  ::debug::explicit? true
[2042d72f-26dd-49bb-a396-396073c2067c/build]   üí¨  ::debug::isExplicit: 17.0.8-1
[2042d72f-26dd-49bb-a396-396073c2067c/build]   üí¨  ::debug::explicit? true
[2042d72f-26dd-49bb-a396-396073c2067c/build]   üí¨  ::debug::isExplicit: 21.0.0-35
[2042d72f-26dd-49bb-a396-396073c2067c/build]   üí¨  ::debug::explicit? true
[2042d72f-26dd-49bb-a396-396073c2067c/build]   üí¨  ::debug::isExplicit: 8.0.382-5
[2042d72f-26dd-49bb-a396-396073c2067c/build]   üí¨  ::debug::explicit? true
[2042d72f-26dd-49bb-a396-396073c2067c/build]   | Resolved Java 17.0.8+1 from tool-cache
[2042d72f-26dd-49bb-a396-396073c2067c/build]   | Setting Java 17.0.8+1 as the default
[2042d72f-26dd-49bb-a396-396073c2067c/build]   | 
[2042d72f-26dd-49bb-a396-396073c2067c/build]   | Java configuration:
[2042d72f-26dd-49bb-a396-396073c2067c/build]   |   Distribution: temurin
[2042d72f-26dd-49bb-a396-396073c2067c/build]   |   Version: 17.0.8+1
[2042d72f-26dd-49bb-a396-396073c2067c/build]   |   Path: /opt/hostedtoolcache/Java_Temurin-Hotspot_jdk/17.0.8-1/x64
[2042d72f-26dd-49bb-a396-396073c2067c/build]   | 
[2042d72f-26dd-49bb-a396-396073c2067c/build]   ‚ùì add-matcher /run/act/actions/actions-setup-java@v2/.github/java.json
[2042d72f-26dd-49bb-a396-396073c2067c/build]   | Creating settings.xml with server-id: github
[2042d72f-26dd-49bb-a396-396073c2067c/build]   | Writing to /home/runner/.m2/settings.xml
[2042d72f-26dd-49bb-a396-396073c2067c/build]   ‚úÖ  Success - Main Set up JDK 17
[2042d72f-26dd-49bb-a396-396073c2067c/build]   ‚öô  ::set-env:: JAVA_HOME=/opt/hostedtoolcache/Java_Temurin-Hotspot_jdk/17.0.8-1/x64
[2042d72f-26dd-49bb-a396-396073c2067c/build]   ‚öô  ::set-output:: distribution=Temurin-Hotspot
[2042d72f-26dd-49bb-a396-396073c2067c/build]   ‚öô  ::set-output:: path=/opt/hostedtoolcache/Java_Temurin-Hotspot_jdk/17.0.8-1/x64
[2042d72f-26dd-49bb-a396-396073c2067c/build]   ‚öô  ::set-output:: version=17.0.8+1
[2042d72f-26dd-49bb-a396-396073c2067c/build]   ‚öô  ::add-path:: /opt/hostedtoolcache/Java_Temurin-Hotspot_jdk/17.0.8-1/x64/bin
[2042d72f-26dd-49bb-a396-396073c2067c/build] unable to get git ref: failed to identify reference (tag/branch) for the checked-out revision '477994d5a98e31e6d894c847834653f4d87b6634'
[2042d72f-26dd-49bb-a396-396073c2067c/build] unable to get git ref: failed to identify reference (tag/branch) for the checked-out revision '477994d5a98e31e6d894c847834653f4d87b6634'
[2042d72f-26dd-49bb-a396-396073c2067c/build] unable to get git ref: failed to identify reference (tag/branch) for the checked-out revision '477994d5a98e31e6d894c847834653f4d87b6634'
[2042d72f-26dd-49bb-a396-396073c2067c/build] unable to get git ref: failed to identify reference (tag/branch) for the checked-out revision '477994d5a98e31e6d894c847834653f4d87b6634'
[2042d72f-26dd-49bb-a396-396073c2067c/build] unable to get git ref: failed to identify reference (tag/branch) for the checked-out revision '477994d5a98e31e6d894c847834653f4d87b6634'
[2042d72f-26dd-49bb-a396-396073c2067c/build] ‚≠ê Run Main Test with Gradle
[2042d72f-26dd-49bb-a396-396073c2067c/build] unable to get git ref: failed to identify reference (tag/branch) for the checked-out revision '477994d5a98e31e6d894c847834653f4d87b6634'
[2042d72f-26dd-49bb-a396-396073c2067c/build] unable to get git ref: failed to identify reference (tag/branch) for the checked-out revision '477994d5a98e31e6d894c847834653f4d87b6634'
[2042d72f-26dd-49bb-a396-396073c2067c/build] unable to get git ref: failed to identify reference (tag/branch) for the checked-out revision '477994d5a98e31e6d894c847834653f4d87b6634'
[2042d72f-26dd-49bb-a396-396073c2067c/build] unable to get git ref: failed to identify reference (tag/branch) for the checked-out revision '477994d5a98e31e6d894c847834653f4d87b6634'
[2042d72f-26dd-49bb-a396-396073c2067c/build]   üê≥  docker exec cmd=[bash --noprofile --norc -e -o pipefail /var/run/act/workflow/2] user= workdir=
[2042d72f-26dd-49bb-a396-396073c2067c/build]   | Downloading https://services.gradle.org/distributions/gradle-7.5.1-bin.zip
[2042d72f-26dd-49bb-a396-396073c2067c/build]   | ...........10%............20%...........30%............40%...........50%............60%...........70%............80%...........90%............100%
[2042d72f-26dd-49bb-a396-396073c2067c/build]   | 
[2042d72f-26dd-49bb-a396-396073c2067c/build]   | Welcome to Gradle 7.5.1!
[2042d72f-26dd-49bb-a396-396073c2067c/build]   | 
[2042d72f-26dd-49bb-a396-396073c2067c/build]   | Here are the highlights of this release:
[2042d72f-26dd-49bb-a396-396073c2067c/build]   |  - Support for Java 18
[2042d72f-26dd-49bb-a396-396073c2067c/build]   |  - Support for building with Groovy 4
[2042d72f-26dd-49bb-a396-396073c2067c/build]   |  - Much more responsive continuous builds
[2042d72f-26dd-49bb-a396-396073c2067c/build]   |  - Improved diagnostics for dependency resolution
[2042d72f-26dd-49bb-a396-396073c2067c/build]   | 
[2042d72f-26dd-49bb-a396-396073c2067c/build]   | For more details see https://docs.gradle.org/7.5.1/release-notes.html
[2042d72f-26dd-49bb-a396-396073c2067c/build]   | 
[2042d72f-26dd-49bb-a396-396073c2067c/build]   | Starting a Gradle Daemon (subsequent builds will be faster)
[2042d72f-26dd-49bb-a396-396073c2067c/build]   | 
[2042d72f-26dd-49bb-a396-396073c2067c/build]   | > Configure project :
[2042d72f-26dd-49bb-a396-396073c2067c/build]   | Project : => 'network.brightspots.rcv' Java module
[2042d72f-26dd-49bb-a396-396073c2067c/build]   | 
[2042d72f-26dd-49bb-a396-396073c2067c/build]   | > Task :compileJava
[2042d72f-26dd-49bb-a396-396073c2067c/build]   | > Task :processResources
[2042d72f-26dd-49bb-a396-396073c2067c/build]   | > Task :classes
[2042d72f-26dd-49bb-a396-396073c2067c/build]   | 
[2042d72f-26dd-49bb-a396-396073c2067c/build]   | > Task :compileTestJava
[2042d72f-26dd-49bb-a396-396073c2067c/build]   | warning: [options] module name in --add-exports option not found: org.junit.platform.engine
[2042d72f-26dd-49bb-a396-396073c2067c/build]   | 1 warning
[2042d72f-26dd-49bb-a396-396073c2067c/build]   | 
[2042d72f-26dd-49bb-a396-396073c2067c/build]   | > Task :processTestResources
[2042d72f-26dd-49bb-a396-396073c2067c/build]   | > Task :testClasses
[2042d72f-26dd-49bb-a396-396073c2067c/build]   | > Task :mergeClasses SKIPPED
[2042d72f-26dd-49bb-a396-396073c2067c/build]   | 
[2042d72f-26dd-49bb-a396-396073c2067c/build]   | > Task :test
[2042d72f-26dd-49bb-a396-396073c2067c/build]   | 
[2042d72f-26dd-49bb-a396-396073c2067c/build]   | TabulatorTests > multi-seat fractional number threshold PASSED
[2042d72f-26dd-49bb-a396-396073c2067c/build]   | 
[2042d72f-26dd-49bb-a396-396073c2067c/build]   | TabulatorTests > unisyn_xml_cdf_city_council_member PASSED
[2042d72f-26dd-49bb-a396-396073c2067c/build]   | 
[2042d72f-26dd-49bb-a396-396073c2067c/build]   | > Task :checkstyleTest
[2042d72f-26dd-49bb-a396-396073c2067c/build]   | > Task :checkstyleMain
[2042d72f-26dd-49bb-a396-396073c2067c/build]   | > Task :spotbugsTest
[2042d72f-26dd-49bb-a396-396073c2067c/build]   | 
[2042d72f-26dd-49bb-a396-396073c2067c/build]   | > Task :test
[2042d72f-26dd-49bb-a396-396073c2067c/build]   | 
[2042d72f-26dd-49bb-a396-396073c2067c/build]   | TabulatorTests > 2017 Minneapolis Mayor PASSED
[2042d72f-26dd-49bb-a396-396073c2067c/build]   | 
[2042d72f-26dd-49bb-a396-396073c2067c/build]   | TabulatorTests > unisyn_xml_cdf_county_sheriff PASSED
[2042d72f-26dd-49bb-a396-396073c2067c/build]   | 
[2042d72f-26dd-49bb-a396-396073c2067c/build]   | TabulatorTests > test invalid params in config file PASSED
[2042d72f-26dd-49bb-a396-396073c2067c/build]   | 
[2042d72f-26dd-49bb-a396-396073c2067c/build]   | TabulatorTests > overvote delimiter test PASSED
[2042d72f-26dd-49bb-a396-396073c2067c/build]   | 
[2042d72f-26dd-49bb-a396-396073c2067c/build]   | TabulatorTests > multi-cvr file dominion test FAILED
[2042d72f-26dd-49bb-a396-396073c2067c/build]   |     org.opentest4j.AssertionFailedError at TabulatorTests.java:138
[2042d72f-26dd-49bb-a396-396073c2067c/build]   | 
[2042d72f-26dd-49bb-a396-396073c2067c/build]   | TabulatorTests > treat blank as undeclared write-in PASSED
[2042d72f-26dd-49bb-a396-396073c2067c/build]   | 
[2042d72f-26dd-49bb-a396-396073c2067c/build]   | TabulatorTests > Dominion test - Wyoming test data FAILED
[2042d72f-26dd-49bb-a396-396073c2067c/build]   |     org.opentest4j.AssertionFailedError at TabulatorTests.java:138
[2042d72f-26dd-49bb-a396-396073c2067c/build]   | 
[2042d72f-26dd-49bb-a396-396073c2067c/build]   | > Task :spotbugsMain
[2042d72f-26dd-49bb-a396-396073c2067c/build]   | 
[2042d72f-26dd-49bb-a396-396073c2067c/build]   | > Task :test
[2042d72f-26dd-49bb-a396-396073c2067c/build]   | 
[2042d72f-26dd-49bb-a396-396073c2067c/build]   | TabulatorTests > test sequential multi-seat logic PASSED
[2042d72f-26dd-49bb-a396-396073c2067c/build]   | 
[2042d72f-26dd-49bb-a396-396073c2067c/build]   | TabulatorTests > Dominion - No Precinct Data FAILED
[2042d72f-26dd-49bb-a396-396073c2067c/build]   |     org.opentest4j.AssertionFailedError at TabulatorTests.java:138
[2042d72f-26dd-49bb-a396-396073c2067c/build]   | 
[2042d72f-26dd-49bb-a396-396073c2067c/build]   | TabulatorTests > unisyn_xml_cdf_city_coroner PASSED
[2042d72f-26dd-49bb-a396-396073c2067c/build]   | 
[2042d72f-26dd-49bb-a396-396073c2067c/build]   | TabulatorTests > 2013 Minneapolis Mayor Scale PASSED
[2042d72f-26dd-49bb-a396-396073c2067c/build]   | 
[2042d72f-26dd-49bb-a396-396073c2067c/build]   | TabulatorTests > tiebreak using previousRoundCountsThenRandom PASSED
[2042d72f-26dd-49bb-a396-396073c2067c/build]   | 
[2042d72f-26dd-49bb-a396-396073c2067c/build]   | TabulatorTests > unisyn_xml_cdf_city_chief_of_police PASSED
[2042d72f-26dd-49bb-a396-396073c2067c/build]   | 
[2042d72f-26dd-49bb-a396-396073c2067c/build]   | TabulatorTests > Dominion test - Alaska test data FAILED
[2042d72f-26dd-49bb-a396-396073c2067c/build]   |     org.opentest4j.AssertionFailedError at TabulatorTests.java:138
[2042d72f-26dd-49bb-a396-396073c2067c/build]   | 
[2042d72f-26dd-49bb-a396-396073c2067c/build]   | TabulatorTests > tiebreak using permutation in config PASSED
[2042d72f-26dd-49bb-a396-396073c2067c/build]   | 
[2042d72f-26dd-49bb-a396-396073c2067c/build]   | TabulatorTests > test tiebreak seed PASSED
[2042d72f-26dd-49bb-a396-396073c2067c/build]   | 
[2042d72f-26dd-49bb-a396-396073c2067c/build]   | TabulatorTests > test allow only one winner per round logic PASSED
[2042d72f-26dd-49bb-a396-396073c2067c/build]   | 
[2042d72f-26dd-49bb-a396-396073c2067c/build]   | TabulatorTests > Continue Until Two Candidates Remain PASSED
[2042d72f-26dd-49bb-a396-396073c2067c/build]   | 
[2042d72f-26dd-49bb-a396-396073c2067c/build]   | TabulatorTests > Dominion test - Kansas test data FAILED
[2042d72f-26dd-49bb-a396-396073c2067c/build]   |     org.opentest4j.AssertionFailedError at TabulatorTests.java:138
[2042d72f-26dd-49bb-a396-396073c2067c/build]   | 
[2042d72f-26dd-49bb-a396-396073c2067c/build]   | TabulatorTests > NIST XML CDF 2 PASSED
[2042d72f-26dd-49bb-a396-396073c2067c/build]   | 
[2042d72f-26dd-49bb-a396-396073c2067c/build]   | TabulatorTests > test invalid source files PASSED
[2042d72f-26dd-49bb-a396-396073c2067c/build]   | 
[2042d72f-26dd-49bb-a396-396073c2067c/build]   | TabulatorTests > test excluding candidates in config file PASSED
[2042d72f-26dd-49bb-a396-396073c2067c/build]   | 
[2042d72f-26dd-49bb-a396-396073c2067c/build]   | TabulatorTests > Hart - Travis County Officers PASSED
[2042d72f-26dd-49bb-a396-396073c2067c/build]   | 
[2042d72f-26dd-49bb-a396-396073c2067c/build]   | TabulatorTests > undeclared write-in (UWI) cannot win test PASSED
[2042d72f-26dd-49bb-a396-396073c2067c/build]   | 
[2042d72f-26dd-49bb-a396-396073c2067c/build]   | TabulatorTests > sequential with continue until two test PASSED
[2042d72f-26dd-49bb-a396-396073c2067c/build]   | 
[2042d72f-26dd-49bb-a396-396073c2067c/build]   | TabulatorTests > skipped first choice PASSED
[2042d72f-26dd-49bb-a396-396073c2067c/build]   | 
[2042d72f-26dd-49bb-a396-396073c2067c/build]   | TabulatorTests > exhaust at overvote rule PASSED
[2042d72f-26dd-49bb-a396-396073c2067c/build]   | 
[2042d72f-26dd-49bb-a396-396073c2067c/build]   | TabulatorTests > overvote skips to next rank PASSED
[2042d72f-26dd-49bb-a396-396073c2067c/build]   | 
[2042d72f-26dd-49bb-a396-396073c2067c/build]   | TabulatorTests > skipped choice exhausts option PASSED
[2042d72f-26dd-49bb-a396-396073c2067c/build]   | 
[2042d72f-26dd-49bb-a396-396073c2067c/build]   | TabulatorTests > skipped choice next option PASSED
[2042d72f-26dd-49bb-a396-396073c2067c/build]   | 
[2042d72f-26dd-49bb-a396-396073c2067c/build]   | TabulatorTests > two skipped ranks exhausts option PASSED
[2042d72f-26dd-49bb-a396-396073c2067c/build]   | 
[2042d72f-26dd-49bb-a396-396073c2067c/build]   | TabulatorTests > duplicate rank exhausts PASSED
[2042d72f-26dd-49bb-a396-396073c2067c/build]   | 
[2042d72f-26dd-49bb-a396-396073c2067c/build]   | TabulatorTests > duplicate rank skips to next option PASSED
[2042d72f-26dd-49bb-a396-396073c2067c/build]   | 
[2042d72f-26dd-49bb-a396-396073c2067c/build]   | TabulatorTests > multi-cdf tabulation PASSED
[2042d72f-26dd-49bb-a396-396073c2067c/build]   | 
[2042d72f-26dd-49bb-a396-396073c2067c/build]   | TabulatorTests > test skipping to next candidate after overvote PASSED
[2042d72f-26dd-49bb-a396-396073c2067c/build]   | 
[2042d72f-26dd-49bb-a396-396073c2067c/build]   | TabulatorTests > multi-seat UWI test PASSED
[2042d72f-26dd-49bb-a396-396073c2067c/build]   | 
[2042d72f-26dd-49bb-a396-396073c2067c/build]   | TabulatorTests > test bottoms-up multi-seat with threshold logic PASSED
[2042d72f-26dd-49bb-a396-396073c2067c/build]   | 
[2042d72f-26dd-49bb-a396-396073c2067c/build]   | TabulatorTests > test minimum vote threshold setting PASSED
[2042d72f-26dd-49bb-a396-396073c2067c/build]   | 
[2042d72f-26dd-49bb-a396-396073c2067c/build]   | TabulatorTests > 2018 Maine Governor Democratic Primary PASSED
[2042d72f-26dd-49bb-a396-396073c2067c/build]   | 
[2042d72f-26dd-49bb-a396-396073c2067c/build]   | TabulatorTests > test Hare quota PASSED
[2042d72f-26dd-49bb-a396-396073c2067c/build]   | 
[2042d72f-26dd-49bb-a396-396073c2067c/build]   | TabulatorTests > Continue Until Two Candidates Remain with Batch Elimination PASSED
[2042d72f-26dd-49bb-a396-396073c2067c/build]   | 
[2042d72f-26dd-49bb-a396-396073c2067c/build]   | TabulatorTests > sequential with batch elimination test PASSED
[2042d72f-26dd-49bb-a396-396073c2067c/build]   | 
[2042d72f-26dd-49bb-a396-396073c2067c/build]   | TabulatorTests > first round determine threshold test PASSED
[2042d72f-26dd-49bb-a396-396073c2067c/build]   | 
[2042d72f-26dd-49bb-a396-396073c2067c/build]   | TabulatorTests > multi-seat whole number threshold PASSED
[2042d72f-26dd-49bb-a396-396073c2067c/build]   | 
[2042d72f-26dd-49bb-a396-396073c2067c/build]   | TabulatorTests > tiebreak using generated permutation PASSED
[2042d72f-26dd-49bb-a396-396073c2067c/build]   | 
[2042d72f-26dd-49bb-a396-396073c2067c/build]   | TabulatorTests > aliases (CDF JSON format) PASSED
[2042d72f-26dd-49bb-a396-396073c2067c/build]   | 
[2042d72f-26dd-49bb-a396-396073c2067c/build]   | TabulatorTests > aliases (ES&S XLSX format) PASSED
[2042d72f-26dd-49bb-a396-396073c2067c/build]   | 
[2042d72f-26dd-49bb-a396-396073c2067c/build]   | TabulatorTests > no one meets minimum test PASSED
[2042d72f-26dd-49bb-a396-396073c2067c/build]   | 
[2042d72f-26dd-49bb-a396-396073c2067c/build]   | TabulatorTests > missing precinct example PASSED
[2042d72f-26dd-49bb-a396-396073c2067c/build]   | 
[2042d72f-26dd-49bb-a396-396073c2067c/build]   | TabulatorTests > test bottoms-up multi-seat logic PASSED
[2042d72f-26dd-49bb-a396-396073c2067c/build]   | 
[2042d72f-26dd-49bb-a396-396073c2067c/build]   | TabulatorTests > unisyn_xml_cdf_city_tax_collector PASSED
[2042d72f-26dd-49bb-a396-396073c2067c/build]   | 
[2042d72f-26dd-49bb-a396-396073c2067c/build]   | TabulatorTests > 2013 Minneapolis Mayor PASSED
[2042d72f-26dd-49bb-a396-396073c2067c/build]   | 
[2042d72f-26dd-49bb-a396-396073c2067c/build]   | TabulatorTests > unisyn_xml_cdf_county_coroner PASSED
[2042d72f-26dd-49bb-a396-396073c2067c/build]   | 
[2042d72f-26dd-49bb-a396-396073c2067c/build]   | TabulatorTests > testMinneapolisMultiSeatThreshold PASSED
[2042d72f-26dd-49bb-a396-396073c2067c/build]   | 
[2042d72f-26dd-49bb-a396-396073c2067c/build]   | TabulatorTests > overvote exhaust if multiple continuing test PASSED
[2042d72f-26dd-49bb-a396-396073c2067c/build]   | 
[2042d72f-26dd-49bb-a396-396073c2067c/build]   | TabulatorTests > first round determine threshold and tiebreaker runs test PASSED
[2042d72f-26dd-49bb-a396-396073c2067c/build]   | 
[2042d72f-26dd-49bb-a396-396073c2067c/build]   | TabulatorTests > 2015 Portland Mayor Candidate Codes PASSED
[2042d72f-26dd-49bb-a396-396073c2067c/build]   | 
[2042d72f-26dd-49bb-a396-396073c2067c/build]   | TabulatorTests > gracefully fail when tabulate-by-precinct option set without any precincts in CVR PASSED
[2042d72f-26dd-49bb-a396-396073c2067c/build]   | 
[2042d72f-26dd-49bb-a396-396073c2067c/build]   | TabulatorTests > Clear Ballot - Kansas Primary PASSED
[2042d72f-26dd-49bb-a396-396073c2067c/build]   | 
[2042d72f-26dd-49bb-a396-396073c2067c/build]   | TabulatorTests > unisyn_xml_cdf_city_mayor PASSED
[2042d72f-26dd-49bb-a396-396073c2067c/build]   | 
[2042d72f-26dd-49bb-a396-396073c2067c/build]   | TabulatorTests > Hart - Cedar Park School Board PASSED
[2042d72f-26dd-49bb-a396-396073c2067c/build]   | 
[2042d72f-26dd-49bb-a396-396073c2067c/build]   | TabulatorTests > 2013 Minneapolis Park PASSED
[2042d72f-26dd-49bb-a396-396073c2067c/build]   | 
[2042d72f-26dd-49bb-a396-396073c2067c/build]   | TabulatorTests > generic CSV test PASSED
[2042d72f-26dd-49bb-a396-396073c2067c/build]   | 
[2042d72f-26dd-49bb-a396-396073c2067c/build]   | TabulatorTests > test for overvotes PASSED
[2042d72f-26dd-49bb-a396-396073c2067c/build]   | 
[2042d72f-26dd-49bb-a396-396073c2067c/build]   | TabulatorTests > 2015 Portland Mayor PASSED
[2042d72f-26dd-49bb-a396-396073c2067c/build]   | 
[2042d72f-26dd-49bb-a396-396073c2067c/build]   | TabulatorTests > test stopping tabulation early PASSED
[2042d72f-26dd-49bb-a396-396073c2067c/build]   | 
[2042d72f-26dd-49bb-a396-396073c2067c/build]   | TabulatorTests > precinct example PASSED
[2042d72f-26dd-49bb-a396-396073c2067c/build]   | 
[2042d72f-26dd-49bb-a396-396073c2067c/build]   | 69 tests completed, 5 failed
[2042d72f-26dd-49bb-a396-396073c2067c/build]   | 
[2042d72f-26dd-49bb-a396-396073c2067c/build]   | 
[2042d72f-26dd-49bb-a396-396073c2067c/build]   | FAILURE: Build failed with an exception.
[2042d72f-26dd-49bb-a396-396073c2067c/build]   | 
[2042d72f-26dd-49bb-a396-396073c2067c/build]   | * What went wrong:
[2042d72f-26dd-49bb-a396-396073c2067c/build]   | Execution failed for task ':test'.
[2042d72f-26dd-49bb-a396-396073c2067c/build]   | > > Task :test FAILED
[2042d72f-26dd-49bb-a396-396073c2067c/build]   | There were failing tests. See the report at: file:///tmp/e18395f2-7c0a-49f7-be4a-5d67f1050922/build/reports/tests/test/index.html
[2042d72f-26dd-49bb-a396-396073c2067c/build]   | 
[2042d72f-26dd-49bb-a396-396073c2067c/build]   | * Try:
[2042d72f-26dd-49bb-a396-396073c2067c/build]   | > Run with --stacktrace option to get the stack trace.
[2042d72f-26dd-49bb-a396-396073c2067c/build]   | > Run with --info or --debug option to get more log output.
[2042d72f-26dd-49bb-a396-396073c2067c/build]   | > Run with --scan to get full insights.
[2042d72f-26dd-49bb-a396-396073c2067c/build]   | 
[2042d72f-26dd-49bb-a396-396073c2067c/build]   | * Get more help at https://help.gradle.org
[2042d72f-26dd-49bb-a396-396073c2067c/build]   | 
[2042d72f-26dd-49bb-a396-396073c2067c/build]   | BUILD FAILED in 2m 31s
[2042d72f-26dd-49bb-a396-396073c2067c/build]   | 9 actionable tasks: 9 executed
[2042d72f-26dd-49bb-a396-396073c2067c/build]   ‚ùå  Failure - Main Test with Gradle
[2042d72f-26dd-49bb-a396-396073c2067c/build] exitcode '1': failure
[2042d72f-26dd-49bb-a396-396073c2067c/build] unable to get git ref: failed to identify reference (tag/branch) for the checked-out revision '477994d5a98e31e6d894c847834653f4d87b6634'
[2042d72f-26dd-49bb-a396-396073c2067c/build] unable to get git ref: failed to identify reference (tag/branch) for the checked-out revision '477994d5a98e31e6d894c847834653f4d87b6634'
[2042d72f-26dd-49bb-a396-396073c2067c/build] unable to get git ref: failed to identify reference (tag/branch) for the checked-out revision '477994d5a98e31e6d894c847834653f4d87b6634'
[2042d72f-26dd-49bb-a396-396073c2067c/build] unable to get git ref: failed to identify reference (tag/branch) for the checked-out revision '477994d5a98e31e6d894c847834653f4d87b6634'
[2042d72f-26dd-49bb-a396-396073c2067c/build] unable to get git ref: failed to identify reference (tag/branch) for the checked-out revision '477994d5a98e31e6d894c847834653f4d87b6634'
[2042d72f-26dd-49bb-a396-396073c2067c/build] ‚≠ê Run Post Set up JDK 17
[2042d72f-26dd-49bb-a396-396073c2067c/build]   üê≥  docker exec cmd=[node /var/run/act/actions/actions-setup-java@v2/dist/cleanup/index.js] user= workdir=
[2042d72f-26dd-49bb-a396-396073c2067c/build]   ‚úÖ  Success - Post Set up JDK 17
[2042d72f-26dd-49bb-a396-396073c2067c/build] üèÅ  Job failed
[2042d72f-26dd-49bb-a396-396073c2067c/build] unable to get git ref: failed to identify reference (tag/branch) for the checked-out revision '477994d5a98e31e6d894c847834653f4d87b6634'
