[57ddda7e-64da-440f-8fcc-4da8248f51df/build] ğŸš€  Start image=gitbugactions:latest
[57ddda7e-64da-440f-8fcc-4da8248f51df/build]   ğŸ³  docker pull image=gitbugactions:latest platform= username= forcePull=false
[57ddda7e-64da-440f-8fcc-4da8248f51df/build]   ğŸ³  docker create image=gitbugactions:latest platform= entrypoint=["tail" "-f" "/dev/null"] cmd=[]
[57ddda7e-64da-440f-8fcc-4da8248f51df/build]   ğŸ³  docker run image=gitbugactions:latest platform= entrypoint=["tail" "-f" "/dev/null"] cmd=[]
[57ddda7e-64da-440f-8fcc-4da8248f51df/build]   ğŸ³  docker exec cmd=[chown -R 1012:1013 /tmp/2332698a-6c8e-4a19-8427-d4ec13b16f43] user=0 workdir=
[57ddda7e-64da-440f-8fcc-4da8248f51df/build] unable to get git ref: failed to identify reference (tag/branch) for the checked-out revision '02d073d6900c401f83493380df3093d72f4d5cf2'
[57ddda7e-64da-440f-8fcc-4da8248f51df/build] unable to get git ref: failed to identify reference (tag/branch) for the checked-out revision '02d073d6900c401f83493380df3093d72f4d5cf2'
[57ddda7e-64da-440f-8fcc-4da8248f51df/build] unable to get git ref: failed to identify reference (tag/branch) for the checked-out revision '02d073d6900c401f83493380df3093d72f4d5cf2'
[57ddda7e-64da-440f-8fcc-4da8248f51df/build] unable to get git ref: failed to identify reference (tag/branch) for the checked-out revision '02d073d6900c401f83493380df3093d72f4d5cf2'
[57ddda7e-64da-440f-8fcc-4da8248f51df/build] unable to get git ref: failed to identify reference (tag/branch) for the checked-out revision '02d073d6900c401f83493380df3093d72f4d5cf2'
[57ddda7e-64da-440f-8fcc-4da8248f51df/build] unable to get git ref: failed to identify reference (tag/branch) for the checked-out revision '02d073d6900c401f83493380df3093d72f4d5cf2'
[57ddda7e-64da-440f-8fcc-4da8248f51df/build] unable to get git ref: failed to identify reference (tag/branch) for the checked-out revision '02d073d6900c401f83493380df3093d72f4d5cf2'
[57ddda7e-64da-440f-8fcc-4da8248f51df/build] unable to get git ref: failed to identify reference (tag/branch) for the checked-out revision '02d073d6900c401f83493380df3093d72f4d5cf2'
[57ddda7e-64da-440f-8fcc-4da8248f51df/build] unable to get git ref: failed to identify reference (tag/branch) for the checked-out revision '02d073d6900c401f83493380df3093d72f4d5cf2'
[57ddda7e-64da-440f-8fcc-4da8248f51df/build] â­ Run Main actions/checkout@v3
[57ddda7e-64da-440f-8fcc-4da8248f51df/build] unable to get git ref: failed to identify reference (tag/branch) for the checked-out revision '02d073d6900c401f83493380df3093d72f4d5cf2'
[57ddda7e-64da-440f-8fcc-4da8248f51df/build] unable to get git ref: failed to identify reference (tag/branch) for the checked-out revision '02d073d6900c401f83493380df3093d72f4d5cf2'
[57ddda7e-64da-440f-8fcc-4da8248f51df/build]   ğŸ³  docker cp src=/tmp/2332698a-6c8e-4a19-8427-d4ec13b16f43/. dst=/tmp/2332698a-6c8e-4a19-8427-d4ec13b16f43
[57ddda7e-64da-440f-8fcc-4da8248f51df/build]   ğŸ³  docker exec cmd=[chown -R 1012:1013 /tmp/2332698a-6c8e-4a19-8427-d4ec13b16f43] user=0 workdir=
[57ddda7e-64da-440f-8fcc-4da8248f51df/build]   âœ…  Success - Main actions/checkout@v3
[57ddda7e-64da-440f-8fcc-4da8248f51df/build] unable to get git ref: failed to identify reference (tag/branch) for the checked-out revision '02d073d6900c401f83493380df3093d72f4d5cf2'
[57ddda7e-64da-440f-8fcc-4da8248f51df/build] unable to get git ref: failed to identify reference (tag/branch) for the checked-out revision '02d073d6900c401f83493380df3093d72f4d5cf2'
[57ddda7e-64da-440f-8fcc-4da8248f51df/build] unable to get git ref: failed to identify reference (tag/branch) for the checked-out revision '02d073d6900c401f83493380df3093d72f4d5cf2'
[57ddda7e-64da-440f-8fcc-4da8248f51df/build] unable to get git ref: failed to identify reference (tag/branch) for the checked-out revision '02d073d6900c401f83493380df3093d72f4d5cf2'
[57ddda7e-64da-440f-8fcc-4da8248f51df/build] unable to get git ref: failed to identify reference (tag/branch) for the checked-out revision '02d073d6900c401f83493380df3093d72f4d5cf2'
[57ddda7e-64da-440f-8fcc-4da8248f51df/build] â­ Run Main actions/setup-java@v3
[57ddda7e-64da-440f-8fcc-4da8248f51df/build] unable to get git ref: failed to identify reference (tag/branch) for the checked-out revision '02d073d6900c401f83493380df3093d72f4d5cf2'
[57ddda7e-64da-440f-8fcc-4da8248f51df/build] unable to get git ref: failed to identify reference (tag/branch) for the checked-out revision '02d073d6900c401f83493380df3093d72f4d5cf2'
[57ddda7e-64da-440f-8fcc-4da8248f51df/build] unable to get git ref: failed to identify reference (tag/branch) for the checked-out revision '02d073d6900c401f83493380df3093d72f4d5cf2'
[57ddda7e-64da-440f-8fcc-4da8248f51df/build]   ğŸ³  docker cp src=/tmp/act-cache/6c2f876d-9a61-4bb2-b3fa-bc4be3a5a8f2/act/actions-setup-java@v3/ dst=/var/run/act/actions/actions-setup-java@v3/
[57ddda7e-64da-440f-8fcc-4da8248f51df/build]   ğŸ³  docker exec cmd=[chown -R 1012:1013 /var/run/act/actions/actions-setup-java@v3/] user=0 workdir=
[57ddda7e-64da-440f-8fcc-4da8248f51df/build]   ğŸ³  docker exec cmd=[node /var/run/act/actions/actions-setup-java@v3/dist/setup/index.js] user= workdir=
[57ddda7e-64da-440f-8fcc-4da8248f51df/build]   â“  ::group::Installed distributions
[57ddda7e-64da-440f-8fcc-4da8248f51df/build]   | Trying to resolve the latest version from remote
[57ddda7e-64da-440f-8fcc-4da8248f51df/build]   ğŸ’¬  ::debug::Gathering available versions from 'https://api.azul.com/zulu/download/community/v1.0/bundles/?os=linux&ext=tar.gz&bundle_type=jdk&javafx=false&arch=x86&hw_bitness=64&release_status=ga'
[57ddda7e-64da-440f-8fcc-4da8248f51df/build]   | Resolved latest version as 11.0.21+9
[57ddda7e-64da-440f-8fcc-4da8248f51df/build]   | Trying to download...
[57ddda7e-64da-440f-8fcc-4da8248f51df/build]   | Downloading Java 11.0.21+9 (Zulu) from https://cdn.azul.com/zulu/bin/zulu11.68.17-ca-jdk11.0.21-linux_x64.tar.gz ...
[57ddda7e-64da-440f-8fcc-4da8248f51df/build]   ğŸ’¬  ::debug::Downloading https://cdn.azul.com/zulu/bin/zulu11.68.17-ca-jdk11.0.21-linux_x64.tar.gz
[57ddda7e-64da-440f-8fcc-4da8248f51df/build]   ğŸ’¬  ::debug::Destination /tmp/f0c02134-0ee7-4d80-a224-27e95b9c0b9a
[57ddda7e-64da-440f-8fcc-4da8248f51df/build]   ğŸ’¬  ::debug::download complete
[57ddda7e-64da-440f-8fcc-4da8248f51df/build]   | Extracting Java archive...
[57ddda7e-64da-440f-8fcc-4da8248f51df/build]   ğŸ’¬  ::debug::Checking tar --version
[57ddda7e-64da-440f-8fcc-4da8248f51df/build]   ğŸ’¬  ::debug::tar (GNU tar) 1.34%0ACopyright (C) 2021 Free Software Foundation, Inc.%0ALicense GPLv3+: GNU GPL version 3 or later <https://gnu.org/licenses/gpl.html>.%0AThis is free software: you are free to change and redistribute it.%0AThere is NO WARRANTY, to the extent permitted by law.%0A%0AWritten by John Gilmore and Jay Fenlason.
[57ddda7e-64da-440f-8fcc-4da8248f51df/build]   | [command]/usr/bin/tar xz --warning=no-unknown-keyword -C /tmp/d307e754-f2fe-4a45-a134-293870fbcb10 -f /tmp/f0c02134-0ee7-4d80-a224-27e95b9c0b9a
[57ddda7e-64da-440f-8fcc-4da8248f51df/build]   ğŸ’¬  ::debug::Caching tool Java_Zulu_jdk 11.0.21-9 x64
[57ddda7e-64da-440f-8fcc-4da8248f51df/build]   ğŸ’¬  ::debug::source dir: /tmp/d307e754-f2fe-4a45-a134-293870fbcb10/zulu11.68.17-ca-jdk11.0.21-linux_x64
[57ddda7e-64da-440f-8fcc-4da8248f51df/build]   ğŸ’¬  ::debug::destination /opt/hostedtoolcache/Java_Zulu_jdk/11.0.21-9/x64
[57ddda7e-64da-440f-8fcc-4da8248f51df/build]   ğŸ’¬  ::debug::finished caching tool
[57ddda7e-64da-440f-8fcc-4da8248f51df/build]   | Java 11.0.21+9 was downloaded
[57ddda7e-64da-440f-8fcc-4da8248f51df/build]   | Setting Java 11.0.21+9 as the default
[57ddda7e-64da-440f-8fcc-4da8248f51df/build]   | Creating toolchains.xml for JDK version 11 from zulu
[57ddda7e-64da-440f-8fcc-4da8248f51df/build]   | Writing to /home/runner/.m2/toolchains.xml
[57ddda7e-64da-440f-8fcc-4da8248f51df/build]   | 
[57ddda7e-64da-440f-8fcc-4da8248f51df/build]   | Java configuration:
[57ddda7e-64da-440f-8fcc-4da8248f51df/build]   |   Distribution: zulu
[57ddda7e-64da-440f-8fcc-4da8248f51df/build]   |   Version: 11.0.21+9
[57ddda7e-64da-440f-8fcc-4da8248f51df/build]   |   Path: /opt/hostedtoolcache/Java_Zulu_jdk/11.0.21-9/x64
[57ddda7e-64da-440f-8fcc-4da8248f51df/build]   | 
[57ddda7e-64da-440f-8fcc-4da8248f51df/build]   â“  ::endgroup::
[57ddda7e-64da-440f-8fcc-4da8248f51df/build]   â“ add-matcher /run/act/actions/actions-setup-java@v3/.github/java.json
[57ddda7e-64da-440f-8fcc-4da8248f51df/build]   | Creating settings.xml with server-id: github
[57ddda7e-64da-440f-8fcc-4da8248f51df/build]   | Writing to /home/runner/.m2/settings.xml
[57ddda7e-64da-440f-8fcc-4da8248f51df/build]   âœ…  Success - Main actions/setup-java@v3
[57ddda7e-64da-440f-8fcc-4da8248f51df/build]   âš™  ::set-env:: JAVA_HOME=/opt/hostedtoolcache/Java_Zulu_jdk/11.0.21-9/x64
[57ddda7e-64da-440f-8fcc-4da8248f51df/build]   âš™  ::set-env:: JAVA_HOME_11_X64=/opt/hostedtoolcache/Java_Zulu_jdk/11.0.21-9/x64
[57ddda7e-64da-440f-8fcc-4da8248f51df/build]   âš™  ::set-output:: distribution=Zulu
[57ddda7e-64da-440f-8fcc-4da8248f51df/build]   âš™  ::set-output:: path=/opt/hostedtoolcache/Java_Zulu_jdk/11.0.21-9/x64
[57ddda7e-64da-440f-8fcc-4da8248f51df/build]   âš™  ::set-output:: version=11.0.21+9
[57ddda7e-64da-440f-8fcc-4da8248f51df/build]   âš™  ::add-path:: /opt/hostedtoolcache/Java_Zulu_jdk/11.0.21-9/x64/bin
[57ddda7e-64da-440f-8fcc-4da8248f51df/build] unable to get git ref: failed to identify reference (tag/branch) for the checked-out revision '02d073d6900c401f83493380df3093d72f4d5cf2'
[57ddda7e-64da-440f-8fcc-4da8248f51df/build] unable to get git ref: failed to identify reference (tag/branch) for the checked-out revision '02d073d6900c401f83493380df3093d72f4d5cf2'
[57ddda7e-64da-440f-8fcc-4da8248f51df/build] unable to get git ref: failed to identify reference (tag/branch) for the checked-out revision '02d073d6900c401f83493380df3093d72f4d5cf2'
[57ddda7e-64da-440f-8fcc-4da8248f51df/build] unable to get git ref: failed to identify reference (tag/branch) for the checked-out revision '02d073d6900c401f83493380df3093d72f4d5cf2'
[57ddda7e-64da-440f-8fcc-4da8248f51df/build] unable to get git ref: failed to identify reference (tag/branch) for the checked-out revision '02d073d6900c401f83493380df3093d72f4d5cf2'
[57ddda7e-64da-440f-8fcc-4da8248f51df/build] â­ Run Main ./gradlew build --no-daemon --warning-mode=fail
[57ddda7e-64da-440f-8fcc-4da8248f51df/build] unable to get git ref: failed to identify reference (tag/branch) for the checked-out revision '02d073d6900c401f83493380df3093d72f4d5cf2'
[57ddda7e-64da-440f-8fcc-4da8248f51df/build] unable to get git ref: failed to identify reference (tag/branch) for the checked-out revision '02d073d6900c401f83493380df3093d72f4d5cf2'
[57ddda7e-64da-440f-8fcc-4da8248f51df/build] unable to get git ref: failed to identify reference (tag/branch) for the checked-out revision '02d073d6900c401f83493380df3093d72f4d5cf2'
[57ddda7e-64da-440f-8fcc-4da8248f51df/build] unable to get git ref: failed to identify reference (tag/branch) for the checked-out revision '02d073d6900c401f83493380df3093d72f4d5cf2'
[57ddda7e-64da-440f-8fcc-4da8248f51df/build]   ğŸ³  docker exec cmd=[bash --noprofile --norc -e -o pipefail /var/run/act/workflow/2] user= workdir=
[57ddda7e-64da-440f-8fcc-4da8248f51df/build]   | Downloading https://services.gradle.org/distributions/gradle-7.5.1-bin.zip
[57ddda7e-64da-440f-8fcc-4da8248f51df/build]   | ...........10%............20%...........30%............40%...........50%............60%...........70%............80%...........90%............100%
[57ddda7e-64da-440f-8fcc-4da8248f51df/build]   | 
[57ddda7e-64da-440f-8fcc-4da8248f51df/build]   | Welcome to Gradle 7.5.1!
[57ddda7e-64da-440f-8fcc-4da8248f51df/build]   | 
[57ddda7e-64da-440f-8fcc-4da8248f51df/build]   | Here are the highlights of this release:
[57ddda7e-64da-440f-8fcc-4da8248f51df/build]   |  - Support for Java 18
[57ddda7e-64da-440f-8fcc-4da8248f51df/build]   |  - Support for building with Groovy 4
[57ddda7e-64da-440f-8fcc-4da8248f51df/build]   |  - Much more responsive continuous builds
[57ddda7e-64da-440f-8fcc-4da8248f51df/build]   |  - Improved diagnostics for dependency resolution
[57ddda7e-64da-440f-8fcc-4da8248f51df/build]   | 
[57ddda7e-64da-440f-8fcc-4da8248f51df/build]   | For more details see https://docs.gradle.org/7.5.1/release-notes.html
[57ddda7e-64da-440f-8fcc-4da8248f51df/build]   | 
[57ddda7e-64da-440f-8fcc-4da8248f51df/build]   | To honour the JVM settings for this build a single-use Daemon process will be forked. See https://docs.gradle.org/7.5.1/userguide/gradle_daemon.html#sec:disabling_the_daemon.
[57ddda7e-64da-440f-8fcc-4da8248f51df/build]   | Daemon will be stopped at the end of the build 
[57ddda7e-64da-440f-8fcc-4da8248f51df/build]   | 
[57ddda7e-64da-440f-8fcc-4da8248f51df/build]   | > Configure project :
[57ddda7e-64da-440f-8fcc-4da8248f51df/build]   | Kordamp Enforcer Gradle plugin 0.10.0. Consider becoming a patron at https://www.patreon.com/aalmiray
[57ddda7e-64da-440f-8fcc-4da8248f51df/build]   | 
[57ddda7e-64da-440f-8fcc-4da8248f51df/build]   | > Task :copyDependencies
[57ddda7e-64da-440f-8fcc-4da8248f51df/build]   | > Task :extractIncludeProto
[57ddda7e-64da-440f-8fcc-4da8248f51df/build]   | > Task :extractProto
[57ddda7e-64da-440f-8fcc-4da8248f51df/build]   | > Task :generateProto
[57ddda7e-64da-440f-8fcc-4da8248f51df/build]   | > Task :compileJava
[57ddda7e-64da-440f-8fcc-4da8248f51df/build]   | Note: Some input files use or override a deprecated API.
[57ddda7e-64da-440f-8fcc-4da8248f51df/build]   | Note: Recompile with -Xlint:deprecation for details.
[57ddda7e-64da-440f-8fcc-4da8248f51df/build]   | Note: Some input files use unchecked or unsafe operations.
[57ddda7e-64da-440f-8fcc-4da8248f51df/build]   | Note: Recompile with -Xlint:unchecked for details.
[57ddda7e-64da-440f-8fcc-4da8248f51df/build]   | 
[57ddda7e-64da-440f-8fcc-4da8248f51df/build]   | > Task :processResources
[57ddda7e-64da-440f-8fcc-4da8248f51df/build]   | > Task :classes
[57ddda7e-64da-440f-8fcc-4da8248f51df/build]   | > Task :jar
[57ddda7e-64da-440f-8fcc-4da8248f51df/build]   | > Task :assemble
[57ddda7e-64da-440f-8fcc-4da8248f51df/build]   | > Task :extractIncludeTestProto
[57ddda7e-64da-440f-8fcc-4da8248f51df/build]   | > Task :extractTestProto
[57ddda7e-64da-440f-8fcc-4da8248f51df/build]   | > Task :generateTestProto NO-SOURCE
[57ddda7e-64da-440f-8fcc-4da8248f51df/build]   | 
[57ddda7e-64da-440f-8fcc-4da8248f51df/build]   | > Task :compileTestJava
[57ddda7e-64da-440f-8fcc-4da8248f51df/build]   | Note: Some input files use or override a deprecated API.
[57ddda7e-64da-440f-8fcc-4da8248f51df/build]   | Note: Recompile with -Xlint:deprecation for details.
[57ddda7e-64da-440f-8fcc-4da8248f51df/build]   | 
[57ddda7e-64da-440f-8fcc-4da8248f51df/build]   | > Task :processTestResources NO-SOURCE
[57ddda7e-64da-440f-8fcc-4da8248f51df/build]   | > Task :testClasses
[57ddda7e-64da-440f-8fcc-4da8248f51df/build]   | > Task :checkstyleTest SKIPPED
[57ddda7e-64da-440f-8fcc-4da8248f51df/build]   | 
[57ddda7e-64da-440f-8fcc-4da8248f51df/build]   | > Task :test
[57ddda7e-64da-440f-8fcc-4da8248f51df/build]   | 
[57ddda7e-64da-440f-8fcc-4da8248f51df/build]   | org.traccar.protocol.MeitrackProtocolDecoderTest > testDecode FAILED
[57ddda7e-64da-440f-8fcc-4da8248f51df/build]   |     java.lang.NullPointerException at MeitrackProtocolDecoderTest.java:14
[57ddda7e-64da-440f-8fcc-4da8248f51df/build]   | 
[57ddda7e-64da-440f-8fcc-4da8248f51df/build]   | 493 tests completed, 1 failed, 23 skipped
[57ddda7e-64da-440f-8fcc-4da8248f51df/build]   | 
[57ddda7e-64da-440f-8fcc-4da8248f51df/build]   | > Task :test FAILED
[57ddda7e-64da-440f-8fcc-4da8248f51df/build]   | > Task :checkstyleMain
[57ddda7e-64da-440f-8fcc-4da8248f51df/build]   | 
[57ddda7e-64da-440f-8fcc-4da8248f51df/build]   | FAILURE: Build failed with an exception.
[57ddda7e-64da-440f-8fcc-4da8248f51df/build]   | 
[57ddda7e-64da-440f-8fcc-4da8248f51df/build]   | * What went wrong:
[57ddda7e-64da-440f-8fcc-4da8248f51df/build]   | Execution failed for task ':test'.
[57ddda7e-64da-440f-8fcc-4da8248f51df/build]   | > 12 actionable tasks: 12 executed
[57ddda7e-64da-440f-8fcc-4da8248f51df/build]   | There were failing tests. See the report at: file:///tmp/2332698a-6c8e-4a19-8427-d4ec13b16f43/build/reports/tests/test/index.html
[57ddda7e-64da-440f-8fcc-4da8248f51df/build]   | 
[57ddda7e-64da-440f-8fcc-4da8248f51df/build]   | * Try:
[57ddda7e-64da-440f-8fcc-4da8248f51df/build]   | > Run with --stacktrace option to get the stack trace.
[57ddda7e-64da-440f-8fcc-4da8248f51df/build]   | > Run with --info or --debug option to get more log output.
[57ddda7e-64da-440f-8fcc-4da8248f51df/build]   | > Run with --scan to get full insights.
[57ddda7e-64da-440f-8fcc-4da8248f51df/build]   | 
[57ddda7e-64da-440f-8fcc-4da8248f51df/build]   | * Get more help at https://help.gradle.org
[57ddda7e-64da-440f-8fcc-4da8248f51df/build]   | 
[57ddda7e-64da-440f-8fcc-4da8248f51df/build]   | BUILD FAILED in 2m 29s
[57ddda7e-64da-440f-8fcc-4da8248f51df/build]   âŒ  Failure - Main ./gradlew build --no-daemon --warning-mode=fail
[57ddda7e-64da-440f-8fcc-4da8248f51df/build] exitcode '1': failure
[57ddda7e-64da-440f-8fcc-4da8248f51df/build] unable to get git ref: failed to identify reference (tag/branch) for the checked-out revision '02d073d6900c401f83493380df3093d72f4d5cf2'
[57ddda7e-64da-440f-8fcc-4da8248f51df/build] unable to get git ref: failed to identify reference (tag/branch) for the checked-out revision '02d073d6900c401f83493380df3093d72f4d5cf2'
[57ddda7e-64da-440f-8fcc-4da8248f51df/build] unable to get git ref: failed to identify reference (tag/branch) for the checked-out revision '02d073d6900c401f83493380df3093d72f4d5cf2'
[57ddda7e-64da-440f-8fcc-4da8248f51df/build] unable to get git ref: failed to identify reference (tag/branch) for the checked-out revision '02d073d6900c401f83493380df3093d72f4d5cf2'
[57ddda7e-64da-440f-8fcc-4da8248f51df/build] unable to get git ref: failed to identify reference (tag/branch) for the checked-out revision '02d073d6900c401f83493380df3093d72f4d5cf2'
[57ddda7e-64da-440f-8fcc-4da8248f51df/build] â­ Run Post actions/setup-java@v3
[57ddda7e-64da-440f-8fcc-4da8248f51df/build]   ğŸ³  docker exec cmd=[node /var/run/act/actions/actions-setup-java@v3/dist/cleanup/index.js] user= workdir=
[57ddda7e-64da-440f-8fcc-4da8248f51df/build]   âœ…  Success - Post actions/setup-java@v3
[57ddda7e-64da-440f-8fcc-4da8248f51df/build] ğŸ  Job failed
[57ddda7e-64da-440f-8fcc-4da8248f51df/build] unable to get git ref: failed to identify reference (tag/branch) for the checked-out revision '02d073d6900c401f83493380df3093d72f4d5cf2'
