[d5b7b0a4-8177-42cc-a44e-32aa5c703537/build] ğŸš€  Start image=gitbugactions:latest
[d5b7b0a4-8177-42cc-a44e-32aa5c703537/build]   ğŸ³  docker pull image=gitbugactions:latest platform= username= forcePull=false
[d5b7b0a4-8177-42cc-a44e-32aa5c703537/build]   ğŸ³  docker create image=gitbugactions:latest platform= entrypoint=["tail" "-f" "/dev/null"] cmd=[]
[d5b7b0a4-8177-42cc-a44e-32aa5c703537/build]   ğŸ³  docker run image=gitbugactions:latest platform= entrypoint=["tail" "-f" "/dev/null"] cmd=[]
[d5b7b0a4-8177-42cc-a44e-32aa5c703537/build]   ğŸ³  docker exec cmd=[chown -R 1012:1013 /tmp/73ea12e7-7aa0-43a9-9675-02317b4c8b0d] user=0 workdir=
[d5b7b0a4-8177-42cc-a44e-32aa5c703537/build] unable to get git ref: failed to identify reference (tag/branch) for the checked-out revision '5284faae8ce9ed077035167063c8d2977d06a8fd'
[d5b7b0a4-8177-42cc-a44e-32aa5c703537/build] unable to get git ref: failed to identify reference (tag/branch) for the checked-out revision '5284faae8ce9ed077035167063c8d2977d06a8fd'
[d5b7b0a4-8177-42cc-a44e-32aa5c703537/build] unable to get git ref: failed to identify reference (tag/branch) for the checked-out revision '5284faae8ce9ed077035167063c8d2977d06a8fd'
[d5b7b0a4-8177-42cc-a44e-32aa5c703537/build] unable to get git ref: failed to identify reference (tag/branch) for the checked-out revision '5284faae8ce9ed077035167063c8d2977d06a8fd'
[d5b7b0a4-8177-42cc-a44e-32aa5c703537/build] unable to get git ref: failed to identify reference (tag/branch) for the checked-out revision '5284faae8ce9ed077035167063c8d2977d06a8fd'
[d5b7b0a4-8177-42cc-a44e-32aa5c703537/build] unable to get git ref: failed to identify reference (tag/branch) for the checked-out revision '5284faae8ce9ed077035167063c8d2977d06a8fd'
[d5b7b0a4-8177-42cc-a44e-32aa5c703537/build] unable to get git ref: failed to identify reference (tag/branch) for the checked-out revision '5284faae8ce9ed077035167063c8d2977d06a8fd'
[d5b7b0a4-8177-42cc-a44e-32aa5c703537/build] unable to get git ref: failed to identify reference (tag/branch) for the checked-out revision '5284faae8ce9ed077035167063c8d2977d06a8fd'
[d5b7b0a4-8177-42cc-a44e-32aa5c703537/build] unable to get git ref: failed to identify reference (tag/branch) for the checked-out revision '5284faae8ce9ed077035167063c8d2977d06a8fd'
[d5b7b0a4-8177-42cc-a44e-32aa5c703537/build] â­ Run Main actions/checkout@v3
[d5b7b0a4-8177-42cc-a44e-32aa5c703537/build] unable to get git ref: failed to identify reference (tag/branch) for the checked-out revision '5284faae8ce9ed077035167063c8d2977d06a8fd'
[d5b7b0a4-8177-42cc-a44e-32aa5c703537/build] unable to get git ref: failed to identify reference (tag/branch) for the checked-out revision '5284faae8ce9ed077035167063c8d2977d06a8fd'
[d5b7b0a4-8177-42cc-a44e-32aa5c703537/build]   ğŸ³  docker cp src=/tmp/73ea12e7-7aa0-43a9-9675-02317b4c8b0d/. dst=/tmp/73ea12e7-7aa0-43a9-9675-02317b4c8b0d
[d5b7b0a4-8177-42cc-a44e-32aa5c703537/build]   ğŸ³  docker exec cmd=[chown -R 1012:1013 /tmp/73ea12e7-7aa0-43a9-9675-02317b4c8b0d] user=0 workdir=
[d5b7b0a4-8177-42cc-a44e-32aa5c703537/build]   âœ…  Success - Main actions/checkout@v3
[d5b7b0a4-8177-42cc-a44e-32aa5c703537/build] unable to get git ref: failed to identify reference (tag/branch) for the checked-out revision '5284faae8ce9ed077035167063c8d2977d06a8fd'
[d5b7b0a4-8177-42cc-a44e-32aa5c703537/build] unable to get git ref: failed to identify reference (tag/branch) for the checked-out revision '5284faae8ce9ed077035167063c8d2977d06a8fd'
[d5b7b0a4-8177-42cc-a44e-32aa5c703537/build] unable to get git ref: failed to identify reference (tag/branch) for the checked-out revision '5284faae8ce9ed077035167063c8d2977d06a8fd'
[d5b7b0a4-8177-42cc-a44e-32aa5c703537/build] unable to get git ref: failed to identify reference (tag/branch) for the checked-out revision '5284faae8ce9ed077035167063c8d2977d06a8fd'
[d5b7b0a4-8177-42cc-a44e-32aa5c703537/build] unable to get git ref: failed to identify reference (tag/branch) for the checked-out revision '5284faae8ce9ed077035167063c8d2977d06a8fd'
[d5b7b0a4-8177-42cc-a44e-32aa5c703537/build] â­ Run Main actions/setup-java@v3
[d5b7b0a4-8177-42cc-a44e-32aa5c703537/build] unable to get git ref: failed to identify reference (tag/branch) for the checked-out revision '5284faae8ce9ed077035167063c8d2977d06a8fd'
[d5b7b0a4-8177-42cc-a44e-32aa5c703537/build] unable to get git ref: failed to identify reference (tag/branch) for the checked-out revision '5284faae8ce9ed077035167063c8d2977d06a8fd'
[d5b7b0a4-8177-42cc-a44e-32aa5c703537/build] unable to get git ref: failed to identify reference (tag/branch) for the checked-out revision '5284faae8ce9ed077035167063c8d2977d06a8fd'
[d5b7b0a4-8177-42cc-a44e-32aa5c703537/build]   ğŸ³  docker cp src=/tmp/act-cache/8a8e0507-1265-432e-9542-3a434145bc55/act/actions-setup-java@v3/ dst=/var/run/act/actions/actions-setup-java@v3/
[d5b7b0a4-8177-42cc-a44e-32aa5c703537/build]   ğŸ³  docker exec cmd=[chown -R 1012:1013 /var/run/act/actions/actions-setup-java@v3/] user=0 workdir=
[d5b7b0a4-8177-42cc-a44e-32aa5c703537/build]   ğŸ³  docker exec cmd=[node /var/run/act/actions/actions-setup-java@v3/dist/setup/index.js] user= workdir=
[d5b7b0a4-8177-42cc-a44e-32aa5c703537/build]   â“  ::group::Installed distributions
[d5b7b0a4-8177-42cc-a44e-32aa5c703537/build]   | Trying to resolve the latest version from remote
[d5b7b0a4-8177-42cc-a44e-32aa5c703537/build]   ğŸ’¬  ::debug::Gathering available versions from 'https://api.azul.com/zulu/download/community/v1.0/bundles/?os=linux&ext=tar.gz&bundle_type=jdk&javafx=false&arch=x86&hw_bitness=64&release_status=ga'
[d5b7b0a4-8177-42cc-a44e-32aa5c703537/build]   | Resolved latest version as 11.0.21+9
[d5b7b0a4-8177-42cc-a44e-32aa5c703537/build]   | Trying to download...
[d5b7b0a4-8177-42cc-a44e-32aa5c703537/build]   | Downloading Java 11.0.21+9 (Zulu) from https://cdn.azul.com/zulu/bin/zulu11.68.17-ca-jdk11.0.21-linux_x64.tar.gz ...
[d5b7b0a4-8177-42cc-a44e-32aa5c703537/build]   ğŸ’¬  ::debug::Downloading https://cdn.azul.com/zulu/bin/zulu11.68.17-ca-jdk11.0.21-linux_x64.tar.gz
[d5b7b0a4-8177-42cc-a44e-32aa5c703537/build]   ğŸ’¬  ::debug::Destination /tmp/b781f10f-6c6e-45f6-89bc-b94be4d96068
[d5b7b0a4-8177-42cc-a44e-32aa5c703537/build]   ğŸ’¬  ::debug::download complete
[d5b7b0a4-8177-42cc-a44e-32aa5c703537/build]   | Extracting Java archive...
[d5b7b0a4-8177-42cc-a44e-32aa5c703537/build]   ğŸ’¬  ::debug::Checking tar --version
[d5b7b0a4-8177-42cc-a44e-32aa5c703537/build]   ğŸ’¬  ::debug::tar (GNU tar) 1.34%0ACopyright (C) 2021 Free Software Foundation, Inc.%0ALicense GPLv3+: GNU GPL version 3 or later <https://gnu.org/licenses/gpl.html>.%0AThis is free software: you are free to change and redistribute it.%0AThere is NO WARRANTY, to the extent permitted by law.%0A%0AWritten by John Gilmore and Jay Fenlason.
[d5b7b0a4-8177-42cc-a44e-32aa5c703537/build]   | [command]/usr/bin/tar xz --warning=no-unknown-keyword -C /tmp/88a72469-c8cc-47aa-80bd-6d291846736d -f /tmp/b781f10f-6c6e-45f6-89bc-b94be4d96068
[d5b7b0a4-8177-42cc-a44e-32aa5c703537/build]   ğŸ’¬  ::debug::Caching tool Java_Zulu_jdk 11.0.21-9 x64
[d5b7b0a4-8177-42cc-a44e-32aa5c703537/build]   ğŸ’¬  ::debug::source dir: /tmp/88a72469-c8cc-47aa-80bd-6d291846736d/zulu11.68.17-ca-jdk11.0.21-linux_x64
[d5b7b0a4-8177-42cc-a44e-32aa5c703537/build]   ğŸ’¬  ::debug::destination /opt/hostedtoolcache/Java_Zulu_jdk/11.0.21-9/x64
[d5b7b0a4-8177-42cc-a44e-32aa5c703537/build]   ğŸ’¬  ::debug::finished caching tool
[d5b7b0a4-8177-42cc-a44e-32aa5c703537/build]   | Java 11.0.21+9 was downloaded
[d5b7b0a4-8177-42cc-a44e-32aa5c703537/build]   | Setting Java 11.0.21+9 as the default
[d5b7b0a4-8177-42cc-a44e-32aa5c703537/build]   | Creating toolchains.xml for JDK version 11 from zulu
[d5b7b0a4-8177-42cc-a44e-32aa5c703537/build]   | Writing to /home/runner/.m2/toolchains.xml
[d5b7b0a4-8177-42cc-a44e-32aa5c703537/build]   | 
[d5b7b0a4-8177-42cc-a44e-32aa5c703537/build]   | Java configuration:
[d5b7b0a4-8177-42cc-a44e-32aa5c703537/build]   |   Distribution: zulu
[d5b7b0a4-8177-42cc-a44e-32aa5c703537/build]   |   Version: 11.0.21+9
[d5b7b0a4-8177-42cc-a44e-32aa5c703537/build]   |   Path: /opt/hostedtoolcache/Java_Zulu_jdk/11.0.21-9/x64
[d5b7b0a4-8177-42cc-a44e-32aa5c703537/build]   | 
[d5b7b0a4-8177-42cc-a44e-32aa5c703537/build]   â“  ::endgroup::
[d5b7b0a4-8177-42cc-a44e-32aa5c703537/build]   â“ add-matcher /run/act/actions/actions-setup-java@v3/.github/java.json
[d5b7b0a4-8177-42cc-a44e-32aa5c703537/build]   | Creating settings.xml with server-id: github
[d5b7b0a4-8177-42cc-a44e-32aa5c703537/build]   | Writing to /home/runner/.m2/settings.xml
[d5b7b0a4-8177-42cc-a44e-32aa5c703537/build]   âœ…  Success - Main actions/setup-java@v3
[d5b7b0a4-8177-42cc-a44e-32aa5c703537/build]   âš™  ::set-env:: JAVA_HOME_11_X64=/opt/hostedtoolcache/Java_Zulu_jdk/11.0.21-9/x64
[d5b7b0a4-8177-42cc-a44e-32aa5c703537/build]   âš™  ::set-env:: JAVA_HOME=/opt/hostedtoolcache/Java_Zulu_jdk/11.0.21-9/x64
[d5b7b0a4-8177-42cc-a44e-32aa5c703537/build]   âš™  ::set-output:: path=/opt/hostedtoolcache/Java_Zulu_jdk/11.0.21-9/x64
[d5b7b0a4-8177-42cc-a44e-32aa5c703537/build]   âš™  ::set-output:: version=11.0.21+9
[d5b7b0a4-8177-42cc-a44e-32aa5c703537/build]   âš™  ::set-output:: distribution=Zulu
[d5b7b0a4-8177-42cc-a44e-32aa5c703537/build]   âš™  ::add-path:: /opt/hostedtoolcache/Java_Zulu_jdk/11.0.21-9/x64/bin
[d5b7b0a4-8177-42cc-a44e-32aa5c703537/build] unable to get git ref: failed to identify reference (tag/branch) for the checked-out revision '5284faae8ce9ed077035167063c8d2977d06a8fd'
[d5b7b0a4-8177-42cc-a44e-32aa5c703537/build] unable to get git ref: failed to identify reference (tag/branch) for the checked-out revision '5284faae8ce9ed077035167063c8d2977d06a8fd'
[d5b7b0a4-8177-42cc-a44e-32aa5c703537/build] unable to get git ref: failed to identify reference (tag/branch) for the checked-out revision '5284faae8ce9ed077035167063c8d2977d06a8fd'
[d5b7b0a4-8177-42cc-a44e-32aa5c703537/build] unable to get git ref: failed to identify reference (tag/branch) for the checked-out revision '5284faae8ce9ed077035167063c8d2977d06a8fd'
[d5b7b0a4-8177-42cc-a44e-32aa5c703537/build] unable to get git ref: failed to identify reference (tag/branch) for the checked-out revision '5284faae8ce9ed077035167063c8d2977d06a8fd'
[d5b7b0a4-8177-42cc-a44e-32aa5c703537/build] â­ Run Main ./gradlew build --no-daemon --warning-mode=fail
[d5b7b0a4-8177-42cc-a44e-32aa5c703537/build] unable to get git ref: failed to identify reference (tag/branch) for the checked-out revision '5284faae8ce9ed077035167063c8d2977d06a8fd'
[d5b7b0a4-8177-42cc-a44e-32aa5c703537/build] unable to get git ref: failed to identify reference (tag/branch) for the checked-out revision '5284faae8ce9ed077035167063c8d2977d06a8fd'
[d5b7b0a4-8177-42cc-a44e-32aa5c703537/build] unable to get git ref: failed to identify reference (tag/branch) for the checked-out revision '5284faae8ce9ed077035167063c8d2977d06a8fd'
[d5b7b0a4-8177-42cc-a44e-32aa5c703537/build] unable to get git ref: failed to identify reference (tag/branch) for the checked-out revision '5284faae8ce9ed077035167063c8d2977d06a8fd'
[d5b7b0a4-8177-42cc-a44e-32aa5c703537/build]   ğŸ³  docker exec cmd=[bash --noprofile --norc -e -o pipefail /var/run/act/workflow/2] user= workdir=
[d5b7b0a4-8177-42cc-a44e-32aa5c703537/build]   | Downloading https://services.gradle.org/distributions/gradle-7.5.1-bin.zip
[d5b7b0a4-8177-42cc-a44e-32aa5c703537/build]   | ...........10%............20%...........30%............40%...........50%............60%...........70%............80%...........90%............100%
[d5b7b0a4-8177-42cc-a44e-32aa5c703537/build]   | 
[d5b7b0a4-8177-42cc-a44e-32aa5c703537/build]   | Welcome to Gradle 7.5.1!
[d5b7b0a4-8177-42cc-a44e-32aa5c703537/build]   | 
[d5b7b0a4-8177-42cc-a44e-32aa5c703537/build]   | Here are the highlights of this release:
[d5b7b0a4-8177-42cc-a44e-32aa5c703537/build]   |  - Support for Java 18
[d5b7b0a4-8177-42cc-a44e-32aa5c703537/build]   |  - Support for building with Groovy 4
[d5b7b0a4-8177-42cc-a44e-32aa5c703537/build]   |  - Much more responsive continuous builds
[d5b7b0a4-8177-42cc-a44e-32aa5c703537/build]   |  - Improved diagnostics for dependency resolution
[d5b7b0a4-8177-42cc-a44e-32aa5c703537/build]   | 
[d5b7b0a4-8177-42cc-a44e-32aa5c703537/build]   | For more details see https://docs.gradle.org/7.5.1/release-notes.html
[d5b7b0a4-8177-42cc-a44e-32aa5c703537/build]   | 
[d5b7b0a4-8177-42cc-a44e-32aa5c703537/build]   | To honour the JVM settings for this build a single-use Daemon process will be forked. See https://docs.gradle.org/7.5.1/userguide/gradle_daemon.html#sec:disabling_the_daemon.
[d5b7b0a4-8177-42cc-a44e-32aa5c703537/build]   | Daemon will be stopped at the end of the build 
[d5b7b0a4-8177-42cc-a44e-32aa5c703537/build]   | 
[d5b7b0a4-8177-42cc-a44e-32aa5c703537/build]   | > Configure project :
[d5b7b0a4-8177-42cc-a44e-32aa5c703537/build]   | Kordamp Enforcer Gradle plugin 0.10.0. Consider becoming a patron at https://www.patreon.com/aalmiray
[d5b7b0a4-8177-42cc-a44e-32aa5c703537/build]   | 
[d5b7b0a4-8177-42cc-a44e-32aa5c703537/build]   | > Task :copyDependencies
[d5b7b0a4-8177-42cc-a44e-32aa5c703537/build]   | > Task :extractIncludeProto
[d5b7b0a4-8177-42cc-a44e-32aa5c703537/build]   | > Task :extractProto
[d5b7b0a4-8177-42cc-a44e-32aa5c703537/build]   | > Task :generateProto
[d5b7b0a4-8177-42cc-a44e-32aa5c703537/build]   | > Task :compileJava
[d5b7b0a4-8177-42cc-a44e-32aa5c703537/build]   | Note: Some input files use or override a deprecated API.
[d5b7b0a4-8177-42cc-a44e-32aa5c703537/build]   | Note: Recompile with -Xlint:deprecation for details.
[d5b7b0a4-8177-42cc-a44e-32aa5c703537/build]   | Note: Some input files use unchecked or unsafe operations.
[d5b7b0a4-8177-42cc-a44e-32aa5c703537/build]   | Note: Recompile with -Xlint:unchecked for details.
[d5b7b0a4-8177-42cc-a44e-32aa5c703537/build]   | 
[d5b7b0a4-8177-42cc-a44e-32aa5c703537/build]   | > Task :processResources
[d5b7b0a4-8177-42cc-a44e-32aa5c703537/build]   | > Task :classes
[d5b7b0a4-8177-42cc-a44e-32aa5c703537/build]   | > Task :jar
[d5b7b0a4-8177-42cc-a44e-32aa5c703537/build]   | > Task :assemble
[d5b7b0a4-8177-42cc-a44e-32aa5c703537/build]   | > Task :extractIncludeTestProto
[d5b7b0a4-8177-42cc-a44e-32aa5c703537/build]   | > Task :extractTestProto
[d5b7b0a4-8177-42cc-a44e-32aa5c703537/build]   | > Task :generateTestProto NO-SOURCE
[d5b7b0a4-8177-42cc-a44e-32aa5c703537/build]   | 
[d5b7b0a4-8177-42cc-a44e-32aa5c703537/build]   | > Task :compileTestJava
[d5b7b0a4-8177-42cc-a44e-32aa5c703537/build]   | Note: Some input files use or override a deprecated API.
[d5b7b0a4-8177-42cc-a44e-32aa5c703537/build]   | Note: Recompile with -Xlint:deprecation for details.
[d5b7b0a4-8177-42cc-a44e-32aa5c703537/build]   | 
[d5b7b0a4-8177-42cc-a44e-32aa5c703537/build]   | > Task :processTestResources NO-SOURCE
[d5b7b0a4-8177-42cc-a44e-32aa5c703537/build]   | > Task :testClasses
[d5b7b0a4-8177-42cc-a44e-32aa5c703537/build]   | > Task :checkstyleTest SKIPPED
[d5b7b0a4-8177-42cc-a44e-32aa5c703537/build]   | 
[d5b7b0a4-8177-42cc-a44e-32aa5c703537/build]   | > Task :test
[d5b7b0a4-8177-42cc-a44e-32aa5c703537/build]   | 
[d5b7b0a4-8177-42cc-a44e-32aa5c703537/build]   | org.traccar.protocol.HuabaoProtocolDecoderTest > testDecode FAILED
[d5b7b0a4-8177-42cc-a44e-32aa5c703537/build]   |     java.lang.IllegalArgumentException at HuabaoProtocolDecoderTest.java:17
[d5b7b0a4-8177-42cc-a44e-32aa5c703537/build]   | 
[d5b7b0a4-8177-42cc-a44e-32aa5c703537/build]   | 493 tests completed, 1 failed, 23 skipped
[d5b7b0a4-8177-42cc-a44e-32aa5c703537/build]   | 
[d5b7b0a4-8177-42cc-a44e-32aa5c703537/build]   | > Task :test FAILED
[d5b7b0a4-8177-42cc-a44e-32aa5c703537/build]   | > Task :checkstyleMain
[d5b7b0a4-8177-42cc-a44e-32aa5c703537/build]   | 
[d5b7b0a4-8177-42cc-a44e-32aa5c703537/build]   | FAILURE: Build failed with an exception.
[d5b7b0a4-8177-42cc-a44e-32aa5c703537/build]   | 
[d5b7b0a4-8177-42cc-a44e-32aa5c703537/build]   | * What went wrong:
[d5b7b0a4-8177-42cc-a44e-32aa5c703537/build]   | Execution failed for task ':test'.
[d5b7b0a4-8177-42cc-a44e-32aa5c703537/build]   | > There were failing tests. See the report at: file:///tmp/73ea12e7-7aa0-43a9-9675-02317b4c8b0d/build/reports/tests/test/index.html
[d5b7b0a4-8177-42cc-a44e-32aa5c703537/build]   | 
[d5b7b0a4-8177-42cc-a44e-32aa5c703537/build]   | * Try:
[d5b7b0a4-8177-42cc-a44e-32aa5c703537/build]   | > Run with --stacktrace option to get the stack trace.
[d5b7b0a4-8177-42cc-a44e-32aa5c703537/build]   | > Run with --info or --debug option to get more log output.
[d5b7b0a4-8177-42cc-a44e-32aa5c703537/build]   | > Run with --scan to get full insights.
[d5b7b0a4-8177-42cc-a44e-32aa5c703537/build]   | 
[d5b7b0a4-8177-42cc-a44e-32aa5c703537/build]   | * Get more help at https://help.gradle.org
[d5b7b0a4-8177-42cc-a44e-32aa5c703537/build]   | 
[d5b7b0a4-8177-42cc-a44e-32aa5c703537/build]   | BUILD FAILED in 3m 13s
[d5b7b0a4-8177-42cc-a44e-32aa5c703537/build]   | 12 actionable tasks: 12 executed
[d5b7b0a4-8177-42cc-a44e-32aa5c703537/build]   âŒ  Failure - Main ./gradlew build --no-daemon --warning-mode=fail
[d5b7b0a4-8177-42cc-a44e-32aa5c703537/build] exitcode '1': failure
[d5b7b0a4-8177-42cc-a44e-32aa5c703537/build] unable to get git ref: failed to identify reference (tag/branch) for the checked-out revision '5284faae8ce9ed077035167063c8d2977d06a8fd'
[d5b7b0a4-8177-42cc-a44e-32aa5c703537/build] unable to get git ref: failed to identify reference (tag/branch) for the checked-out revision '5284faae8ce9ed077035167063c8d2977d06a8fd'
[d5b7b0a4-8177-42cc-a44e-32aa5c703537/build] unable to get git ref: failed to identify reference (tag/branch) for the checked-out revision '5284faae8ce9ed077035167063c8d2977d06a8fd'
[d5b7b0a4-8177-42cc-a44e-32aa5c703537/build] unable to get git ref: failed to identify reference (tag/branch) for the checked-out revision '5284faae8ce9ed077035167063c8d2977d06a8fd'
[d5b7b0a4-8177-42cc-a44e-32aa5c703537/build] unable to get git ref: failed to identify reference (tag/branch) for the checked-out revision '5284faae8ce9ed077035167063c8d2977d06a8fd'
[d5b7b0a4-8177-42cc-a44e-32aa5c703537/build] â­ Run Post actions/setup-java@v3
[d5b7b0a4-8177-42cc-a44e-32aa5c703537/build]   ğŸ³  docker exec cmd=[node /var/run/act/actions/actions-setup-java@v3/dist/cleanup/index.js] user= workdir=
[d5b7b0a4-8177-42cc-a44e-32aa5c703537/build]   âœ…  Success - Post actions/setup-java@v3
[d5b7b0a4-8177-42cc-a44e-32aa5c703537/build] ğŸ  Job failed
[d5b7b0a4-8177-42cc-a44e-32aa5c703537/build] unable to get git ref: failed to identify reference (tag/branch) for the checked-out revision '5284faae8ce9ed077035167063c8d2977d06a8fd'
