[aa30cd55-cefc-4a33-bee2-2760b947cd29/build] üöÄ  Start image=crawlergpt:latest
[aa30cd55-cefc-4a33-bee2-2760b947cd29/build]   üê≥  docker pull image=crawlergpt:latest platform= username= forcePull=false
[aa30cd55-cefc-4a33-bee2-2760b947cd29/build]   üê≥  docker create image=crawlergpt:latest platform= entrypoint=["tail" "-f" "/dev/null"] cmd=[]
[aa30cd55-cefc-4a33-bee2-2760b947cd29/build]   üê≥  docker run image=crawlergpt:latest platform= entrypoint=["tail" "-f" "/dev/null"] cmd=[]
[aa30cd55-cefc-4a33-bee2-2760b947cd29/build]   üê≥  docker exec cmd=[chown -R 1012:1013 /tmp/32d7a450-f88c-418e-a49e-bceac52e86b6] user=0 workdir=
[aa30cd55-cefc-4a33-bee2-2760b947cd29/build] unable to get git ref: failed to identify reference (tag/branch) for the checked-out revision 'e0276fe7f852571891758cf34cf9cb4e59dd5837'
[aa30cd55-cefc-4a33-bee2-2760b947cd29/build] unable to get git ref: failed to identify reference (tag/branch) for the checked-out revision 'e0276fe7f852571891758cf34cf9cb4e59dd5837'
[aa30cd55-cefc-4a33-bee2-2760b947cd29/build] unable to get git ref: failed to identify reference (tag/branch) for the checked-out revision 'e0276fe7f852571891758cf34cf9cb4e59dd5837'
[aa30cd55-cefc-4a33-bee2-2760b947cd29/build] unable to get git ref: failed to identify reference (tag/branch) for the checked-out revision 'e0276fe7f852571891758cf34cf9cb4e59dd5837'
[aa30cd55-cefc-4a33-bee2-2760b947cd29/build] unable to get git ref: failed to identify reference (tag/branch) for the checked-out revision 'e0276fe7f852571891758cf34cf9cb4e59dd5837'
[aa30cd55-cefc-4a33-bee2-2760b947cd29/build] üß™  Matrix: map[java:8 os:ubuntu-latest]
[aa30cd55-cefc-4a33-bee2-2760b947cd29/build] unable to get git ref: failed to identify reference (tag/branch) for the checked-out revision 'e0276fe7f852571891758cf34cf9cb4e59dd5837'
[aa30cd55-cefc-4a33-bee2-2760b947cd29/build] unable to get git ref: failed to identify reference (tag/branch) for the checked-out revision 'e0276fe7f852571891758cf34cf9cb4e59dd5837'
[aa30cd55-cefc-4a33-bee2-2760b947cd29/build] unable to get git ref: failed to identify reference (tag/branch) for the checked-out revision 'e0276fe7f852571891758cf34cf9cb4e59dd5837'
[aa30cd55-cefc-4a33-bee2-2760b947cd29/build] unable to get git ref: failed to identify reference (tag/branch) for the checked-out revision 'e0276fe7f852571891758cf34cf9cb4e59dd5837'
[aa30cd55-cefc-4a33-bee2-2760b947cd29/build] unable to get git ref: failed to identify reference (tag/branch) for the checked-out revision 'e0276fe7f852571891758cf34cf9cb4e59dd5837'
[aa30cd55-cefc-4a33-bee2-2760b947cd29/build] unable to get git ref: failed to identify reference (tag/branch) for the checked-out revision 'e0276fe7f852571891758cf34cf9cb4e59dd5837'
[aa30cd55-cefc-4a33-bee2-2760b947cd29/build] ‚≠ê Run Main Checkout the repo
[aa30cd55-cefc-4a33-bee2-2760b947cd29/build] unable to get git ref: failed to identify reference (tag/branch) for the checked-out revision 'e0276fe7f852571891758cf34cf9cb4e59dd5837'
[aa30cd55-cefc-4a33-bee2-2760b947cd29/build]   ‚úÖ  Success - Main Checkout the repo
[aa30cd55-cefc-4a33-bee2-2760b947cd29/build] unable to get git ref: failed to identify reference (tag/branch) for the checked-out revision 'e0276fe7f852571891758cf34cf9cb4e59dd5837'
[aa30cd55-cefc-4a33-bee2-2760b947cd29/build] unable to get git ref: failed to identify reference (tag/branch) for the checked-out revision 'e0276fe7f852571891758cf34cf9cb4e59dd5837'
[aa30cd55-cefc-4a33-bee2-2760b947cd29/build] unable to get git ref: failed to identify reference (tag/branch) for the checked-out revision 'e0276fe7f852571891758cf34cf9cb4e59dd5837'
[aa30cd55-cefc-4a33-bee2-2760b947cd29/build] unable to get git ref: failed to identify reference (tag/branch) for the checked-out revision 'e0276fe7f852571891758cf34cf9cb4e59dd5837'
[aa30cd55-cefc-4a33-bee2-2760b947cd29/build] unable to get git ref: failed to identify reference (tag/branch) for the checked-out revision 'e0276fe7f852571891758cf34cf9cb4e59dd5837'
[aa30cd55-cefc-4a33-bee2-2760b947cd29/build] ‚≠ê Run Main Setup Java
[aa30cd55-cefc-4a33-bee2-2760b947cd29/build] unable to get git ref: failed to identify reference (tag/branch) for the checked-out revision 'e0276fe7f852571891758cf34cf9cb4e59dd5837'
[aa30cd55-cefc-4a33-bee2-2760b947cd29/build] unable to get git ref: failed to identify reference (tag/branch) for the checked-out revision 'e0276fe7f852571891758cf34cf9cb4e59dd5837'
[aa30cd55-cefc-4a33-bee2-2760b947cd29/build] unable to get git ref: failed to identify reference (tag/branch) for the checked-out revision 'e0276fe7f852571891758cf34cf9cb4e59dd5837'
[aa30cd55-cefc-4a33-bee2-2760b947cd29/build]   üê≥  docker cp src=/tmp/act-cache/f13b3dfa-aa44-4578-876f-18abdfdda37c/act/actions-setup-java@v1/ dst=/var/run/act/actions/actions-setup-java@v1/
[aa30cd55-cefc-4a33-bee2-2760b947cd29/build]   üê≥  docker exec cmd=[chown -R 1012:1013 /var/run/act/actions/actions-setup-java@v1/] user=0 workdir=
[aa30cd55-cefc-4a33-bee2-2760b947cd29/build]   üê≥  docker exec cmd=[node /var/run/act/actions/actions-setup-java@v1/dist/setup/index.js] user= workdir=
[aa30cd55-cefc-4a33-bee2-2760b947cd29/build]   üí¨  ::debug::isExplicit: 
[aa30cd55-cefc-4a33-bee2-2760b947cd29/build]   üí¨  ::debug::explicit? false
[aa30cd55-cefc-4a33-bee2-2760b947cd29/build]   üí¨  ::debug::evaluating 0 versions
[aa30cd55-cefc-4a33-bee2-2760b947cd29/build]   üí¨  ::debug::match not found
[aa30cd55-cefc-4a33-bee2-2760b947cd29/build]   üí¨  ::debug::Downloading JDK from Azul
[aa30cd55-cefc-4a33-bee2-2760b947cd29/build]   üí¨  ::debug::Searching for files with extension: -linux_x64.tar.gz
[aa30cd55-cefc-4a33-bee2-2760b947cd29/build]   üí¨  ::debug::Downloading https://static.azul.com/zulu/bin/zulu8.70.0.23-ca-jdk8.0.372-linux_x64.tar.gz
[aa30cd55-cefc-4a33-bee2-2760b947cd29/build]   üí¨  ::debug::Downloading /tmp/4de3a2c2-4ece-4522-989e-fb7421dc9e57
[aa30cd55-cefc-4a33-bee2-2760b947cd29/build]   üí¨  ::debug::download complete
[aa30cd55-cefc-4a33-bee2-2760b947cd29/build]   | [command]/usr/bin/tar --version
[aa30cd55-cefc-4a33-bee2-2760b947cd29/build]   | tar (GNU tar) 1.30
[aa30cd55-cefc-4a33-bee2-2760b947cd29/build]   | Copyright (C) 2017 Free Software Foundation, Inc.
[aa30cd55-cefc-4a33-bee2-2760b947cd29/build]   | License GPLv3+: GNU GPL version 3 or later <https://gnu.org/licenses/gpl.html>.
[aa30cd55-cefc-4a33-bee2-2760b947cd29/build]   | This is free software: you are free to change and redistribute it.
[aa30cd55-cefc-4a33-bee2-2760b947cd29/build]   | There is NO WARRANTY, to the extent permitted by law.
[aa30cd55-cefc-4a33-bee2-2760b947cd29/build]   | 
[aa30cd55-cefc-4a33-bee2-2760b947cd29/build]   | Written by John Gilmore and Jay Fenlason.
[aa30cd55-cefc-4a33-bee2-2760b947cd29/build]   | [command]/usr/bin/tar xz --warning=no-unknown-keyword -C /tmp/temp_1647604086 -f /tmp/4de3a2c2-4ece-4522-989e-fb7421dc9e57
[aa30cd55-cefc-4a33-bee2-2760b947cd29/build]   üí¨  ::debug::jdk extracted to /tmp/temp_1647604086/zulu8.70.0.23-ca-jdk8.0.372-linux_x64
[aa30cd55-cefc-4a33-bee2-2760b947cd29/build]   üí¨  ::debug::Caching tool jdk 8.0.372 x64
[aa30cd55-cefc-4a33-bee2-2760b947cd29/build]   üí¨  ::debug::source dir: /tmp/temp_1647604086/zulu8.70.0.23-ca-jdk8.0.372-linux_x64
[aa30cd55-cefc-4a33-bee2-2760b947cd29/build]   üí¨  ::debug::destination /opt/hostedtoolcache/jdk/8.0.372/x64
[aa30cd55-cefc-4a33-bee2-2760b947cd29/build]   üí¨  ::debug::finished caching tool
[aa30cd55-cefc-4a33-bee2-2760b947cd29/build]   ‚ùì add-matcher /run/act/actions/actions-setup-java@v1/.github/java.json
[aa30cd55-cefc-4a33-bee2-2760b947cd29/build]   | creating settings.xml with server-id: github; environment variables: username=$GITHUB_ACTOR, password=$GITHUB_TOKEN, and gpg-passphrase=null
[aa30cd55-cefc-4a33-bee2-2760b947cd29/build]   üí¨  ::debug::created directory /home/runneradmin/.m2
[aa30cd55-cefc-4a33-bee2-2760b947cd29/build]   | writing /home/runneradmin/.m2/settings.xml
[aa30cd55-cefc-4a33-bee2-2760b947cd29/build]   ‚úÖ  Success - Main Setup Java
[aa30cd55-cefc-4a33-bee2-2760b947cd29/build]   ‚öô  ::set-env:: JAVA_HOME=/opt/hostedtoolcache/jdk/8.0.372/x64
[aa30cd55-cefc-4a33-bee2-2760b947cd29/build]   ‚öô  ::set-env:: JAVA_HOME_8_0_372_X64=/opt/hostedtoolcache/jdk/8.0.372/x64
[aa30cd55-cefc-4a33-bee2-2760b947cd29/build]   ‚öô  ::set-env:: JAVA_HOME_8.0.372_x64=/opt/hostedtoolcache/jdk/8.0.372/x64
[aa30cd55-cefc-4a33-bee2-2760b947cd29/build]   ‚öô  ::set-output:: path=/opt/hostedtoolcache/jdk/8.0.372/x64
[aa30cd55-cefc-4a33-bee2-2760b947cd29/build]   ‚öô  ::set-output:: version=8.0.372
[aa30cd55-cefc-4a33-bee2-2760b947cd29/build]   ‚öô  ::add-path:: /opt/hostedtoolcache/jdk/8.0.372/x64/bin
[aa30cd55-cefc-4a33-bee2-2760b947cd29/build] unable to get git ref: failed to identify reference (tag/branch) for the checked-out revision 'e0276fe7f852571891758cf34cf9cb4e59dd5837'
[aa30cd55-cefc-4a33-bee2-2760b947cd29/build] unable to get git ref: failed to identify reference (tag/branch) for the checked-out revision 'e0276fe7f852571891758cf34cf9cb4e59dd5837'
[aa30cd55-cefc-4a33-bee2-2760b947cd29/build] unable to get git ref: failed to identify reference (tag/branch) for the checked-out revision 'e0276fe7f852571891758cf34cf9cb4e59dd5837'
[aa30cd55-cefc-4a33-bee2-2760b947cd29/build] unable to get git ref: failed to identify reference (tag/branch) for the checked-out revision 'e0276fe7f852571891758cf34cf9cb4e59dd5837'
[aa30cd55-cefc-4a33-bee2-2760b947cd29/build] unable to get git ref: failed to identify reference (tag/branch) for the checked-out revision 'e0276fe7f852571891758cf34cf9cb4e59dd5837'
[aa30cd55-cefc-4a33-bee2-2760b947cd29/build] ‚≠ê Run Main Grant execute permission for gradlew
[aa30cd55-cefc-4a33-bee2-2760b947cd29/build] unable to get git ref: failed to identify reference (tag/branch) for the checked-out revision 'e0276fe7f852571891758cf34cf9cb4e59dd5837'
[aa30cd55-cefc-4a33-bee2-2760b947cd29/build] unable to get git ref: failed to identify reference (tag/branch) for the checked-out revision 'e0276fe7f852571891758cf34cf9cb4e59dd5837'
[aa30cd55-cefc-4a33-bee2-2760b947cd29/build] unable to get git ref: failed to identify reference (tag/branch) for the checked-out revision 'e0276fe7f852571891758cf34cf9cb4e59dd5837'
[aa30cd55-cefc-4a33-bee2-2760b947cd29/build] unable to get git ref: failed to identify reference (tag/branch) for the checked-out revision 'e0276fe7f852571891758cf34cf9cb4e59dd5837'
[aa30cd55-cefc-4a33-bee2-2760b947cd29/build]   üê≥  docker exec cmd=[bash --noprofile --norc -e -o pipefail /var/run/act/workflow/2] user= workdir=
[aa30cd55-cefc-4a33-bee2-2760b947cd29/build]   ‚úÖ  Success - Main Grant execute permission for gradlew
[aa30cd55-cefc-4a33-bee2-2760b947cd29/build] unable to get git ref: failed to identify reference (tag/branch) for the checked-out revision 'e0276fe7f852571891758cf34cf9cb4e59dd5837'
[aa30cd55-cefc-4a33-bee2-2760b947cd29/build] unable to get git ref: failed to identify reference (tag/branch) for the checked-out revision 'e0276fe7f852571891758cf34cf9cb4e59dd5837'
[aa30cd55-cefc-4a33-bee2-2760b947cd29/build] unable to get git ref: failed to identify reference (tag/branch) for the checked-out revision 'e0276fe7f852571891758cf34cf9cb4e59dd5837'
[aa30cd55-cefc-4a33-bee2-2760b947cd29/build] unable to get git ref: failed to identify reference (tag/branch) for the checked-out revision 'e0276fe7f852571891758cf34cf9cb4e59dd5837'
[aa30cd55-cefc-4a33-bee2-2760b947cd29/build] unable to get git ref: failed to identify reference (tag/branch) for the checked-out revision 'e0276fe7f852571891758cf34cf9cb4e59dd5837'
[aa30cd55-cefc-4a33-bee2-2760b947cd29/build] ‚≠ê Run Main Cache Gradle packages
[aa30cd55-cefc-4a33-bee2-2760b947cd29/build] unable to get git ref: failed to identify reference (tag/branch) for the checked-out revision 'e0276fe7f852571891758cf34cf9cb4e59dd5837'
[aa30cd55-cefc-4a33-bee2-2760b947cd29/build] unable to get git ref: failed to identify reference (tag/branch) for the checked-out revision 'e0276fe7f852571891758cf34cf9cb4e59dd5837'
[aa30cd55-cefc-4a33-bee2-2760b947cd29/build] unable to get git ref: failed to identify reference (tag/branch) for the checked-out revision 'e0276fe7f852571891758cf34cf9cb4e59dd5837'
[aa30cd55-cefc-4a33-bee2-2760b947cd29/build]   üê≥  docker cp src=/tmp/act-cache/f13b3dfa-aa44-4578-876f-18abdfdda37c/act/actions-cache@v2/ dst=/var/run/act/actions/actions-cache@v2/
[aa30cd55-cefc-4a33-bee2-2760b947cd29/build]   üê≥  docker exec cmd=[chown -R 1012:1013 /var/run/act/actions/actions-cache@v2/] user=0 workdir=
[aa30cd55-cefc-4a33-bee2-2760b947cd29/build]   üê≥  docker exec cmd=[node /var/run/act/actions/actions-cache@v2/dist/restore/index.js] user= workdir=
[aa30cd55-cefc-4a33-bee2-2760b947cd29/build]   üí¨  ::debug::Resolved Keys:
[aa30cd55-cefc-4a33-bee2-2760b947cd29/build]   üí¨  ::debug::["Linux-gradle-4129af9c4f3a9ace47a1744bd23c814584dece611337bb08b2bec88085058f0b","Linux-gradle"]
[aa30cd55-cefc-4a33-bee2-2760b947cd29/build]   üí¨  ::debug::Checking zstd --version
[aa30cd55-cefc-4a33-bee2-2760b947cd29/build]   üí¨  ::debug::*** zstd command line interface 64-bits v1.5.0, by Yann Collet ***
[aa30cd55-cefc-4a33-bee2-2760b947cd29/build]   üí¨  ::debug::getCacheEntry - Attempt 1 of 2 failed with error: Cache Service Url not found, unable to restore cache.
[aa30cd55-cefc-4a33-bee2-2760b947cd29/build]   üí¨  ::debug::getCacheEntry - Attempt 2 of 2 failed with error: Cache Service Url not found, unable to restore cache.
[aa30cd55-cefc-4a33-bee2-2760b947cd29/build]   | [warning]getCacheEntry failed: Cache Service Url not found, unable to restore cache.
[aa30cd55-cefc-4a33-bee2-2760b947cd29/build]   ‚úÖ  Success - Main Cache Gradle packages
[aa30cd55-cefc-4a33-bee2-2760b947cd29/build]   ‚öô  ::set-output:: cache-hit=false
[aa30cd55-cefc-4a33-bee2-2760b947cd29/build] unable to get git ref: failed to identify reference (tag/branch) for the checked-out revision 'e0276fe7f852571891758cf34cf9cb4e59dd5837'
[aa30cd55-cefc-4a33-bee2-2760b947cd29/build] unable to get git ref: failed to identify reference (tag/branch) for the checked-out revision 'e0276fe7f852571891758cf34cf9cb4e59dd5837'
[aa30cd55-cefc-4a33-bee2-2760b947cd29/build] unable to get git ref: failed to identify reference (tag/branch) for the checked-out revision 'e0276fe7f852571891758cf34cf9cb4e59dd5837'
[aa30cd55-cefc-4a33-bee2-2760b947cd29/build] unable to get git ref: failed to identify reference (tag/branch) for the checked-out revision 'e0276fe7f852571891758cf34cf9cb4e59dd5837'
[aa30cd55-cefc-4a33-bee2-2760b947cd29/build] unable to get git ref: failed to identify reference (tag/branch) for the checked-out revision 'e0276fe7f852571891758cf34cf9cb4e59dd5837'
[aa30cd55-cefc-4a33-bee2-2760b947cd29/build] ‚≠ê Run Main Build with Gradle
[aa30cd55-cefc-4a33-bee2-2760b947cd29/build] unable to get git ref: failed to identify reference (tag/branch) for the checked-out revision 'e0276fe7f852571891758cf34cf9cb4e59dd5837'
[aa30cd55-cefc-4a33-bee2-2760b947cd29/build] unable to get git ref: failed to identify reference (tag/branch) for the checked-out revision 'e0276fe7f852571891758cf34cf9cb4e59dd5837'
[aa30cd55-cefc-4a33-bee2-2760b947cd29/build] unable to get git ref: failed to identify reference (tag/branch) for the checked-out revision 'e0276fe7f852571891758cf34cf9cb4e59dd5837'
[aa30cd55-cefc-4a33-bee2-2760b947cd29/build] unable to get git ref: failed to identify reference (tag/branch) for the checked-out revision 'e0276fe7f852571891758cf34cf9cb4e59dd5837'
[aa30cd55-cefc-4a33-bee2-2760b947cd29/build]   üê≥  docker exec cmd=[bash --noprofile --norc -e -o pipefail /var/run/act/workflow/4] user= workdir=
[aa30cd55-cefc-4a33-bee2-2760b947cd29/build]   | Downloading https://services.gradle.org/distributions/gradle-3.1-all.zip
[aa30cd55-cefc-4a33-bee2-2760b947cd29/build]   | ................................................................................................................................................................................................................................................................................................................................................................................................................................................................................................................................................................................................................................................................................................................................................................................................................................................................................................................................................................................................................................................................................................................................................................................................................................................................................................................................................................................................................................................................................................................................................................................................................................................................................................................................................................................................................................................................................................................................................................................................................................................................................................................................................................................................................................................................................................................................................................................................................................................................................................................................................................................................................................................................................................................................................................................................................................................................................................................................................................................................................................................................................................................................................................................................................................................................................................................................................................................................................................................................................................................................................................................................................................................................................................................................................................................................................................................................................................................................................................................................................................................................................................................................................................................................................................................................................................................................................................................................................................................................................................................................................................................................................................
[aa30cd55-cefc-4a33-bee2-2760b947cd29/build]   | Unzipping /home/runneradmin/.gradle/wrapper/dists/gradle-3.1-all/ejgglywf033yp6s4x8ahmgm74/gradle-3.1-all.zip to /home/runneradmin/.gradle/wrapper/dists/gradle-3.1-all/ejgglywf033yp6s4x8ahmgm74
[aa30cd55-cefc-4a33-bee2-2760b947cd29/build]   | Set executable permissions for: /home/runneradmin/.gradle/wrapper/dists/gradle-3.1-all/ejgglywf033yp6s4x8ahmgm74/gradle-3.1/bin/gradle
[aa30cd55-cefc-4a33-bee2-2760b947cd29/build]   | Starting a Gradle Daemon (subsequent builds will be faster)
[aa30cd55-cefc-4a33-bee2-2760b947cd29/build]   | Download https://jcenter.bintray.com/com/github/jengelman/gradle/plugins/shadow/1.2.4/shadow-1.2.4.pom
[aa30cd55-cefc-4a33-bee2-2760b947cd29/build]   | Download https://jcenter.bintray.com/org/jdom/jdom2/2.0.5/jdom2-2.0.5.pom
[aa30cd55-cefc-4a33-bee2-2760b947cd29/build]   | Download https://jcenter.bintray.com/org/ow2/asm/asm/5.0.3/asm-5.0.3.pom
[aa30cd55-cefc-4a33-bee2-2760b947cd29/build]   | Download https://jcenter.bintray.com/org/ow2/asm/asm-parent/5.0.3/asm-parent-5.0.3.pom
[aa30cd55-cefc-4a33-bee2-2760b947cd29/build]   | Download https://jcenter.bintray.com/org/ow2/ow2/1.3/ow2-1.3.pom
[aa30cd55-cefc-4a33-bee2-2760b947cd29/build]   | Download https://jcenter.bintray.com/org/ow2/asm/asm-commons/5.0.3/asm-commons-5.0.3.pom
[aa30cd55-cefc-4a33-bee2-2760b947cd29/build]   | Download https://jcenter.bintray.com/commons-io/commons-io/2.4/commons-io-2.4.pom
[aa30cd55-cefc-4a33-bee2-2760b947cd29/build]   | Download https://jcenter.bintray.com/org/apache/commons/commons-parent/25/commons-parent-25.pom
[aa30cd55-cefc-4a33-bee2-2760b947cd29/build]   | Download https://jcenter.bintray.com/org/apache/apache/9/apache-9.pom
[aa30cd55-cefc-4a33-bee2-2760b947cd29/build]   | Download https://jcenter.bintray.com/org/apache/ant/ant/1.9.4/ant-1.9.4.pom
[aa30cd55-cefc-4a33-bee2-2760b947cd29/build]   | Download https://jcenter.bintray.com/org/apache/ant/ant-parent/1.9.4/ant-parent-1.9.4.pom
[aa30cd55-cefc-4a33-bee2-2760b947cd29/build]   | Download https://jcenter.bintray.com/org/codehaus/plexus/plexus-utils/2.0.6/plexus-utils-2.0.6.pom
[aa30cd55-cefc-4a33-bee2-2760b947cd29/build]   | Download https://jcenter.bintray.com/org/codehaus/plexus/plexus/2.0.7/plexus-2.0.7.pom
[aa30cd55-cefc-4a33-bee2-2760b947cd29/build]   | Download https://jcenter.bintray.com/org/codehaus/groovy/groovy-backports-compat23/2.4.4/groovy-backports-compat23-2.4.4.pom
[aa30cd55-cefc-4a33-bee2-2760b947cd29/build]   | Download https://jcenter.bintray.com/org/ow2/asm/asm-tree/5.0.3/asm-tree-5.0.3.pom
[aa30cd55-cefc-4a33-bee2-2760b947cd29/build]   | Download https://jcenter.bintray.com/org/apache/ant/ant-launcher/1.9.4/ant-launcher-1.9.4.pom
[aa30cd55-cefc-4a33-bee2-2760b947cd29/build]   | Download https://jcenter.bintray.com/com/github/jengelman/gradle/plugins/shadow/1.2.4/shadow-1.2.4.jar
[aa30cd55-cefc-4a33-bee2-2760b947cd29/build]   | Download https://jcenter.bintray.com/org/jdom/jdom2/2.0.5/jdom2-2.0.5.jar
[aa30cd55-cefc-4a33-bee2-2760b947cd29/build]   | Download https://jcenter.bintray.com/org/ow2/asm/asm/5.0.3/asm-5.0.3.jar
[aa30cd55-cefc-4a33-bee2-2760b947cd29/build]   | Download https://jcenter.bintray.com/org/ow2/asm/asm-commons/5.0.3/asm-commons-5.0.3.jar
[aa30cd55-cefc-4a33-bee2-2760b947cd29/build]   | Download https://jcenter.bintray.com/commons-io/commons-io/2.4/commons-io-2.4.jar
[aa30cd55-cefc-4a33-bee2-2760b947cd29/build]   | Download https://jcenter.bintray.com/org/apache/ant/ant/1.9.4/ant-1.9.4.jar
[aa30cd55-cefc-4a33-bee2-2760b947cd29/build]   | Download https://jcenter.bintray.com/org/codehaus/plexus/plexus-utils/2.0.6/plexus-utils-2.0.6.jar
[aa30cd55-cefc-4a33-bee2-2760b947cd29/build]   | Download https://jcenter.bintray.com/org/codehaus/groovy/groovy-backports-compat23/2.4.4/groovy-backports-compat23-2.4.4.jar
[aa30cd55-cefc-4a33-bee2-2760b947cd29/build]   | Download https://jcenter.bintray.com/org/ow2/asm/asm-tree/5.0.3/asm-tree-5.0.3.jar
[aa30cd55-cefc-4a33-bee2-2760b947cd29/build]   | Download https://jcenter.bintray.com/org/apache/ant/ant-launcher/1.9.4/ant-launcher-1.9.4.jar
[aa30cd55-cefc-4a33-bee2-2760b947cd29/build]   | :compileJava
[aa30cd55-cefc-4a33-bee2-2760b947cd29/build]   | Download https://repo1.maven.org/maven2/commons-codec/commons-codec/1.9/commons-codec-1.9.pom
[aa30cd55-cefc-4a33-bee2-2760b947cd29/build]   | Download https://repo1.maven.org/maven2/org/apache/commons/commons-parent/32/commons-parent-32.pom
[aa30cd55-cefc-4a33-bee2-2760b947cd29/build]   | Download https://repo1.maven.org/maven2/org/apache/apache/13/apache-13.pom
[aa30cd55-cefc-4a33-bee2-2760b947cd29/build]   | Download https://repo1.maven.org/maven2/commons-logging/commons-logging/1.2/commons-logging-1.2.pom
[aa30cd55-cefc-4a33-bee2-2760b947cd29/build]   | Download https://repo1.maven.org/maven2/org/apache/commons/commons-parent/34/commons-parent-34.pom
[aa30cd55-cefc-4a33-bee2-2760b947cd29/build]   | Download https://repo1.maven.org/maven2/org/apache/httpcomponents/httpclient/4.5/httpclient-4.5.pom
[aa30cd55-cefc-4a33-bee2-2760b947cd29/build]   | Download https://repo1.maven.org/maven2/org/apache/httpcomponents/httpcomponents-client/4.5/httpcomponents-client-4.5.pom
[aa30cd55-cefc-4a33-bee2-2760b947cd29/build]   | Download https://repo1.maven.org/maven2/org/apache/httpcomponents/project/7/project-7.pom
[aa30cd55-cefc-4a33-bee2-2760b947cd29/build]   | Download https://repo1.maven.org/maven2/org/apache/commons/commons-lang3/3.5/commons-lang3-3.5.pom
[aa30cd55-cefc-4a33-bee2-2760b947cd29/build]   | Download https://repo1.maven.org/maven2/org/apache/commons/commons-parent/41/commons-parent-41.pom
[aa30cd55-cefc-4a33-bee2-2760b947cd29/build]   | Download https://repo1.maven.org/maven2/org/apache/apache/18/apache-18.pom
[aa30cd55-cefc-4a33-bee2-2760b947cd29/build]   | Download https://repo1.maven.org/maven2/com/fasterxml/jackson/core/jackson-databind/2.8.4/jackson-databind-2.8.4.pom
[aa30cd55-cefc-4a33-bee2-2760b947cd29/build]   | Download https://repo1.maven.org/maven2/com/fasterxml/jackson/jackson-parent/2.8/jackson-parent-2.8.pom
[aa30cd55-cefc-4a33-bee2-2760b947cd29/build]   | Download https://repo1.maven.org/maven2/com/fasterxml/oss-parent/27/oss-parent-27.pom
[aa30cd55-cefc-4a33-bee2-2760b947cd29/build]   | Download https://repo1.maven.org/maven2/com/auth0/java-jwt/2.2.1/java-jwt-2.2.1.pom
[aa30cd55-cefc-4a33-bee2-2760b947cd29/build]   | Download https://repo1.maven.org/maven2/org/sonatype/oss/oss-parent/9/oss-parent-9.pom
[aa30cd55-cefc-4a33-bee2-2760b947cd29/build]   | Download https://repo1.maven.org/maven2/javax/servlet/javax.servlet-api/3.1.0/javax.servlet-api-3.1.0.pom
[aa30cd55-cefc-4a33-bee2-2760b947cd29/build]   | Download https://repo1.maven.org/maven2/net/java/jvnet-parent/3/jvnet-parent-3.pom
[aa30cd55-cefc-4a33-bee2-2760b947cd29/build]   | Download https://repo1.maven.org/maven2/org/apache/httpcomponents/httpcore/4.4.1/httpcore-4.4.1.pom
[aa30cd55-cefc-4a33-bee2-2760b947cd29/build]   | Download https://repo1.maven.org/maven2/org/apache/httpcomponents/httpcomponents-core/4.4.1/httpcomponents-core-4.4.1.pom
[aa30cd55-cefc-4a33-bee2-2760b947cd29/build]   | Download https://repo1.maven.org/maven2/com/fasterxml/jackson/core/jackson-annotations/2.8.0/jackson-annotations-2.8.0.pom
[aa30cd55-cefc-4a33-bee2-2760b947cd29/build]   | Download https://repo1.maven.org/maven2/com/fasterxml/jackson/core/jackson-core/2.8.4/jackson-core-2.8.4.pom
[aa30cd55-cefc-4a33-bee2-2760b947cd29/build]   | Download https://repo1.maven.org/maven2/commons-codec/commons-codec/1.9/commons-codec-1.9.jar
[aa30cd55-cefc-4a33-bee2-2760b947cd29/build]   | Download https://repo1.maven.org/maven2/commons-logging/commons-logging/1.2/commons-logging-1.2.jar
[aa30cd55-cefc-4a33-bee2-2760b947cd29/build]   | Download https://repo1.maven.org/maven2/org/apache/httpcomponents/httpclient/4.5/httpclient-4.5.jar
[aa30cd55-cefc-4a33-bee2-2760b947cd29/build]   | Download https://repo1.maven.org/maven2/org/apache/commons/commons-lang3/3.5/commons-lang3-3.5.jar
[aa30cd55-cefc-4a33-bee2-2760b947cd29/build]   | Download https://repo1.maven.org/maven2/com/fasterxml/jackson/core/jackson-databind/2.8.4/jackson-databind-2.8.4.jar
[aa30cd55-cefc-4a33-bee2-2760b947cd29/build]   | Download https://repo1.maven.org/maven2/com/auth0/java-jwt/2.2.1/java-jwt-2.2.1.jar
[aa30cd55-cefc-4a33-bee2-2760b947cd29/build]   | Download https://repo1.maven.org/maven2/javax/servlet/javax.servlet-api/3.1.0/javax.servlet-api-3.1.0.jar
[aa30cd55-cefc-4a33-bee2-2760b947cd29/build]   | Download https://repo1.maven.org/maven2/org/apache/httpcomponents/httpcore/4.4.1/httpcore-4.4.1.jar
[aa30cd55-cefc-4a33-bee2-2760b947cd29/build]   | Download https://repo1.maven.org/maven2/com/fasterxml/jackson/core/jackson-annotations/2.8.0/jackson-annotations-2.8.0.jar
[aa30cd55-cefc-4a33-bee2-2760b947cd29/build]   | Download https://repo1.maven.org/maven2/com/fasterxml/jackson/core/jackson-core/2.8.4/jackson-core-2.8.4.jar
[aa30cd55-cefc-4a33-bee2-2760b947cd29/build]   | :compileJava UP-TO-DATE
[aa30cd55-cefc-4a33-bee2-2760b947cd29/build]   | :processResources UP-TO-DATE
[aa30cd55-cefc-4a33-bee2-2760b947cd29/build]   | :classes UP-TO-DATE
[aa30cd55-cefc-4a33-bee2-2760b947cd29/build]   | :jar UP-TO-DATE
[aa30cd55-cefc-4a33-bee2-2760b947cd29/build]   | :javadoc UP-TO-DATE
[aa30cd55-cefc-4a33-bee2-2760b947cd29/build]   | :javadocJar UP-TO-DATE
[aa30cd55-cefc-4a33-bee2-2760b947cd29/build]   | :sourcesJar UP-TO-DATE
[aa30cd55-cefc-4a33-bee2-2760b947cd29/build]   | :signArchives SKIPPED
[aa30cd55-cefc-4a33-bee2-2760b947cd29/build]   | :assemble UP-TO-DATE
[aa30cd55-cefc-4a33-bee2-2760b947cd29/build]   | :compileTestJava
[aa30cd55-cefc-4a33-bee2-2760b947cd29/build]   | Download https://repo1.maven.org/maven2/junit/junit/4.4/junit-4.4.pom
[aa30cd55-cefc-4a33-bee2-2760b947cd29/build]   | Download https://repo1.maven.org/maven2/org/mockito/mockito-core/2.7.1/mockito-core-2.7.1.pom
[aa30cd55-cefc-4a33-bee2-2760b947cd29/build]   | Download https://repo1.maven.org/maven2/net/bytebuddy/byte-buddy/1.6.5/byte-buddy-1.6.5.pom
[aa30cd55-cefc-4a33-bee2-2760b947cd29/build]   | Download https://repo1.maven.org/maven2/net/bytebuddy/byte-buddy-parent/1.6.5/byte-buddy-parent-1.6.5.pom
[aa30cd55-cefc-4a33-bee2-2760b947cd29/build]   | Download https://repo1.maven.org/maven2/net/bytebuddy/byte-buddy-agent/1.6.5/byte-buddy-agent-1.6.5.pom
[aa30cd55-cefc-4a33-bee2-2760b947cd29/build]   | Download https://repo1.maven.org/maven2/org/objenesis/objenesis/2.5/objenesis-2.5.pom
[aa30cd55-cefc-4a33-bee2-2760b947cd29/build]   | Download https://repo1.maven.org/maven2/org/objenesis/objenesis-parent/2.5/objenesis-parent-2.5.pom
[aa30cd55-cefc-4a33-bee2-2760b947cd29/build]   | Download https://repo1.maven.org/maven2/junit/junit/4.4/junit-4.4.jar
[aa30cd55-cefc-4a33-bee2-2760b947cd29/build]   | Download https://repo1.maven.org/maven2/org/mockito/mockito-core/2.7.1/mockito-core-2.7.1.jar
[aa30cd55-cefc-4a33-bee2-2760b947cd29/build]   | Download https://repo1.maven.org/maven2/net/bytebuddy/byte-buddy/1.6.5/byte-buddy-1.6.5.jar
[aa30cd55-cefc-4a33-bee2-2760b947cd29/build]   | Download https://repo1.maven.org/maven2/net/bytebuddy/byte-buddy-agent/1.6.5/byte-buddy-agent-1.6.5.jar
[aa30cd55-cefc-4a33-bee2-2760b947cd29/build]   | Download https://repo1.maven.org/maven2/org/objenesis/objenesis/2.5/objenesis-2.5.jar
[aa30cd55-cefc-4a33-bee2-2760b947cd29/build]   | warning: [options] bootstrap class path not set in conjunction with -source 1.7
[aa30cd55-cefc-4a33-bee2-2760b947cd29/build]   | Note: Some input files use or override a deprecated API.
[aa30cd55-cefc-4a33-bee2-2760b947cd29/build]   | Note: Recompile with -Xlint:deprecation for details.
[aa30cd55-cefc-4a33-bee2-2760b947cd29/build]   | Note: Some input files use unchecked or unsafe operations.
[aa30cd55-cefc-4a33-bee2-2760b947cd29/build]   | Note: Recompile with -Xlint:unchecked for details.
[aa30cd55-cefc-4a33-bee2-2760b947cd29/build]   | 1 warning
[aa30cd55-cefc-4a33-bee2-2760b947cd29/build]   | :processTestResources UP-TO-DATE
[aa30cd55-cefc-4a33-bee2-2760b947cd29/build]   | :testClasses
[aa30cd55-cefc-4a33-bee2-2760b947cd29/build]   | :test
[aa30cd55-cefc-4a33-bee2-2760b947cd29/build]   | Download https://repo1.maven.org/maven2/org/jacoco/org.jacoco.agent/0.7.7.201606060606/org.jacoco.agent-0.7.7.201606060606.pom
[aa30cd55-cefc-4a33-bee2-2760b947cd29/build]   | Download https://repo1.maven.org/maven2/org/jacoco/org.jacoco.build/0.7.7.201606060606/org.jacoco.build-0.7.7.201606060606.pom
[aa30cd55-cefc-4a33-bee2-2760b947cd29/build]   | Download https://repo1.maven.org/maven2/org/jacoco/org.jacoco.agent/0.7.7.201606060606/org.jacoco.agent-0.7.7.201606060606.jar
[aa30cd55-cefc-4a33-bee2-2760b947cd29/build]   | 
[aa30cd55-cefc-4a33-bee2-2760b947cd29/build]   | com.nexmo.client.sms.SendMessageEndpointTest > testEntityEncoding FAILED
[aa30cd55-cefc-4a33-bee2-2760b947cd29/build]   |     org.junit.ComparisonFailure at SendMessageEndpointTest.java:378
[aa30cd55-cefc-4a33-bee2-2760b947cd29/build]   | 
[aa30cd55-cefc-4a33-bee2-2760b947cd29/build]   | 254 tests completed, 1 failed, 1 skipped
[aa30cd55-cefc-4a33-bee2-2760b947cd29/build]   | :test FAILED
[aa30cd55-cefc-4a33-bee2-2760b947cd29/build]   | 
[aa30cd55-cefc-4a33-bee2-2760b947cd29/build]   | FAILURE: Build failed with an exception.
[aa30cd55-cefc-4a33-bee2-2760b947cd29/build]   | 
[aa30cd55-cefc-4a33-bee2-2760b947cd29/build]   | * What went wrong:
[aa30cd55-cefc-4a33-bee2-2760b947cd29/build]   | Execution failed for task ':test'.
[aa30cd55-cefc-4a33-bee2-2760b947cd29/build]   | > There were failing tests. See the report at: file:///tmp/32d7a450-f88c-418e-a49e-bceac52e86b6/build/reports/tests/test/index.html
[aa30cd55-cefc-4a33-bee2-2760b947cd29/build]   | 
[aa30cd55-cefc-4a33-bee2-2760b947cd29/build]   | * Try:
[aa30cd55-cefc-4a33-bee2-2760b947cd29/build]   | Run with --stacktrace option to get the stack trace. Run with --info or --debug option to get more log output.
[aa30cd55-cefc-4a33-bee2-2760b947cd29/build]   | 
[aa30cd55-cefc-4a33-bee2-2760b947cd29/build]   | BUILD FAILED
[aa30cd55-cefc-4a33-bee2-2760b947cd29/build]   | 
[aa30cd55-cefc-4a33-bee2-2760b947cd29/build]   | Total time: 41.72 secs
[aa30cd55-cefc-4a33-bee2-2760b947cd29/build]   ‚ùå  Failure - Main Build with Gradle
[aa30cd55-cefc-4a33-bee2-2760b947cd29/build] exitcode '1': failure
[aa30cd55-cefc-4a33-bee2-2760b947cd29/build] unable to get git ref: failed to identify reference (tag/branch) for the checked-out revision 'e0276fe7f852571891758cf34cf9cb4e59dd5837'
[aa30cd55-cefc-4a33-bee2-2760b947cd29/build] unable to get git ref: failed to identify reference (tag/branch) for the checked-out revision 'e0276fe7f852571891758cf34cf9cb4e59dd5837'
[aa30cd55-cefc-4a33-bee2-2760b947cd29/build] unable to get git ref: failed to identify reference (tag/branch) for the checked-out revision 'e0276fe7f852571891758cf34cf9cb4e59dd5837'
[aa30cd55-cefc-4a33-bee2-2760b947cd29/build] unable to get git ref: failed to identify reference (tag/branch) for the checked-out revision 'e0276fe7f852571891758cf34cf9cb4e59dd5837'
[aa30cd55-cefc-4a33-bee2-2760b947cd29/build] unable to get git ref: failed to identify reference (tag/branch) for the checked-out revision 'e0276fe7f852571891758cf34cf9cb4e59dd5837'
[aa30cd55-cefc-4a33-bee2-2760b947cd29/build] unable to get git ref: failed to identify reference (tag/branch) for the checked-out revision 'e0276fe7f852571891758cf34cf9cb4e59dd5837'
[aa30cd55-cefc-4a33-bee2-2760b947cd29/build] unable to get git ref: failed to identify reference (tag/branch) for the checked-out revision 'e0276fe7f852571891758cf34cf9cb4e59dd5837'
[aa30cd55-cefc-4a33-bee2-2760b947cd29/build] unable to get git ref: failed to identify reference (tag/branch) for the checked-out revision 'e0276fe7f852571891758cf34cf9cb4e59dd5837'
[aa30cd55-cefc-4a33-bee2-2760b947cd29/build] unable to get git ref: failed to identify reference (tag/branch) for the checked-out revision 'e0276fe7f852571891758cf34cf9cb4e59dd5837'
[aa30cd55-cefc-4a33-bee2-2760b947cd29/build] unable to get git ref: failed to identify reference (tag/branch) for the checked-out revision 'e0276fe7f852571891758cf34cf9cb4e59dd5837'
[aa30cd55-cefc-4a33-bee2-2760b947cd29/build] unable to get git ref: failed to identify reference (tag/branch) for the checked-out revision 'e0276fe7f852571891758cf34cf9cb4e59dd5837'
[aa30cd55-cefc-4a33-bee2-2760b947cd29/build] unable to get git ref: failed to identify reference (tag/branch) for the checked-out revision 'e0276fe7f852571891758cf34cf9cb4e59dd5837'
[aa30cd55-cefc-4a33-bee2-2760b947cd29/build] unable to get git ref: failed to identify reference (tag/branch) for the checked-out revision 'e0276fe7f852571891758cf34cf9cb4e59dd5837'
[aa30cd55-cefc-4a33-bee2-2760b947cd29/build] unable to get git ref: failed to identify reference (tag/branch) for the checked-out revision 'e0276fe7f852571891758cf34cf9cb4e59dd5837'
[aa30cd55-cefc-4a33-bee2-2760b947cd29/build] unable to get git ref: failed to identify reference (tag/branch) for the checked-out revision 'e0276fe7f852571891758cf34cf9cb4e59dd5837'
[aa30cd55-cefc-4a33-bee2-2760b947cd29/build] ‚≠ê Run Post Setup Java
[aa30cd55-cefc-4a33-bee2-2760b947cd29/build]   üê≥  docker exec cmd=[node /var/run/act/actions/actions-setup-java@v1/dist/cleanup/index.js] user= workdir=
[aa30cd55-cefc-4a33-bee2-2760b947cd29/build]   ‚úÖ  Success - Post Setup Java
[aa30cd55-cefc-4a33-bee2-2760b947cd29/build] üèÅ  Job failed
[aa30cd55-cefc-4a33-bee2-2760b947cd29/build] unable to get git ref: failed to identify reference (tag/branch) for the checked-out revision 'e0276fe7f852571891758cf34cf9cb4e59dd5837'
