[e3754eef-8cba-428a-b836-a5bd4388fd1f/build] ğŸš€  Start image=gitbugactions:latest
[e3754eef-8cba-428a-b836-a5bd4388fd1f/build]   ğŸ³  docker pull image=gitbugactions:latest platform= username= forcePull=false
[e3754eef-8cba-428a-b836-a5bd4388fd1f/build]   ğŸ³  docker create image=gitbugactions:latest platform= entrypoint=["tail" "-f" "/dev/null"] cmd=[]
[e3754eef-8cba-428a-b836-a5bd4388fd1f/build]   ğŸ³  docker run image=gitbugactions:latest platform= entrypoint=["tail" "-f" "/dev/null"] cmd=[]
[e3754eef-8cba-428a-b836-a5bd4388fd1f/build]   ğŸ³  docker exec cmd=[chown -R 1012:1013 /tmp/8d33901a-9af0-47ea-b8d6-6624cc9b409e] user=0 workdir=
[e3754eef-8cba-428a-b836-a5bd4388fd1f/build] unable to get git ref: failed to identify reference (tag/branch) for the checked-out revision '754ff3a85baf2faaa1b962f16f52ebd0e12e6436'
[e3754eef-8cba-428a-b836-a5bd4388fd1f/build] unable to get git ref: failed to identify reference (tag/branch) for the checked-out revision '754ff3a85baf2faaa1b962f16f52ebd0e12e6436'
[e3754eef-8cba-428a-b836-a5bd4388fd1f/build] unable to get git ref: failed to identify reference (tag/branch) for the checked-out revision '754ff3a85baf2faaa1b962f16f52ebd0e12e6436'
[e3754eef-8cba-428a-b836-a5bd4388fd1f/build] unable to get git ref: failed to identify reference (tag/branch) for the checked-out revision '754ff3a85baf2faaa1b962f16f52ebd0e12e6436'
[e3754eef-8cba-428a-b836-a5bd4388fd1f/build] unable to get git ref: failed to identify reference (tag/branch) for the checked-out revision '754ff3a85baf2faaa1b962f16f52ebd0e12e6436'
[e3754eef-8cba-428a-b836-a5bd4388fd1f/build] unable to get git ref: failed to identify reference (tag/branch) for the checked-out revision '754ff3a85baf2faaa1b962f16f52ebd0e12e6436'
[e3754eef-8cba-428a-b836-a5bd4388fd1f/build] unable to get git ref: failed to identify reference (tag/branch) for the checked-out revision '754ff3a85baf2faaa1b962f16f52ebd0e12e6436'
[e3754eef-8cba-428a-b836-a5bd4388fd1f/build] unable to get git ref: failed to identify reference (tag/branch) for the checked-out revision '754ff3a85baf2faaa1b962f16f52ebd0e12e6436'
[e3754eef-8cba-428a-b836-a5bd4388fd1f/build] unable to get git ref: failed to identify reference (tag/branch) for the checked-out revision '754ff3a85baf2faaa1b962f16f52ebd0e12e6436'
[e3754eef-8cba-428a-b836-a5bd4388fd1f/build] â­ Run Main actions/checkout@v3
[e3754eef-8cba-428a-b836-a5bd4388fd1f/build] unable to get git ref: failed to identify reference (tag/branch) for the checked-out revision '754ff3a85baf2faaa1b962f16f52ebd0e12e6436'
[e3754eef-8cba-428a-b836-a5bd4388fd1f/build] unable to get git ref: failed to identify reference (tag/branch) for the checked-out revision '754ff3a85baf2faaa1b962f16f52ebd0e12e6436'
[e3754eef-8cba-428a-b836-a5bd4388fd1f/build]   ğŸ³  docker cp src=/tmp/8d33901a-9af0-47ea-b8d6-6624cc9b409e/. dst=/tmp/8d33901a-9af0-47ea-b8d6-6624cc9b409e
[e3754eef-8cba-428a-b836-a5bd4388fd1f/build]   ğŸ³  docker exec cmd=[chown -R 1012:1013 /tmp/8d33901a-9af0-47ea-b8d6-6624cc9b409e] user=0 workdir=
[e3754eef-8cba-428a-b836-a5bd4388fd1f/build]   âœ…  Success - Main actions/checkout@v3
[e3754eef-8cba-428a-b836-a5bd4388fd1f/build] unable to get git ref: failed to identify reference (tag/branch) for the checked-out revision '754ff3a85baf2faaa1b962f16f52ebd0e12e6436'
[e3754eef-8cba-428a-b836-a5bd4388fd1f/build] unable to get git ref: failed to identify reference (tag/branch) for the checked-out revision '754ff3a85baf2faaa1b962f16f52ebd0e12e6436'
[e3754eef-8cba-428a-b836-a5bd4388fd1f/build] unable to get git ref: failed to identify reference (tag/branch) for the checked-out revision '754ff3a85baf2faaa1b962f16f52ebd0e12e6436'
[e3754eef-8cba-428a-b836-a5bd4388fd1f/build] unable to get git ref: failed to identify reference (tag/branch) for the checked-out revision '754ff3a85baf2faaa1b962f16f52ebd0e12e6436'
[e3754eef-8cba-428a-b836-a5bd4388fd1f/build] unable to get git ref: failed to identify reference (tag/branch) for the checked-out revision '754ff3a85baf2faaa1b962f16f52ebd0e12e6436'
[e3754eef-8cba-428a-b836-a5bd4388fd1f/build] â­ Run Main actions/setup-java@v3
[e3754eef-8cba-428a-b836-a5bd4388fd1f/build] unable to get git ref: failed to identify reference (tag/branch) for the checked-out revision '754ff3a85baf2faaa1b962f16f52ebd0e12e6436'
[e3754eef-8cba-428a-b836-a5bd4388fd1f/build] unable to get git ref: failed to identify reference (tag/branch) for the checked-out revision '754ff3a85baf2faaa1b962f16f52ebd0e12e6436'
[e3754eef-8cba-428a-b836-a5bd4388fd1f/build] unable to get git ref: failed to identify reference (tag/branch) for the checked-out revision '754ff3a85baf2faaa1b962f16f52ebd0e12e6436'
[e3754eef-8cba-428a-b836-a5bd4388fd1f/build]   ğŸ³  docker cp src=/tmp/act-cache/c488b012-dd0d-49a9-8316-81b6fa4eba08/act/actions-setup-java@v3/ dst=/var/run/act/actions/actions-setup-java@v3/
[e3754eef-8cba-428a-b836-a5bd4388fd1f/build]   ğŸ³  docker exec cmd=[chown -R 1012:1013 /var/run/act/actions/actions-setup-java@v3/] user=0 workdir=
[e3754eef-8cba-428a-b836-a5bd4388fd1f/build]   ğŸ³  docker exec cmd=[node /var/run/act/actions/actions-setup-java@v3/dist/setup/index.js] user= workdir=
[e3754eef-8cba-428a-b836-a5bd4388fd1f/build]   â“  ::group::Installed distributions
[e3754eef-8cba-428a-b836-a5bd4388fd1f/build]   | Trying to resolve the latest version from remote
[e3754eef-8cba-428a-b836-a5bd4388fd1f/build]   ğŸ’¬  ::debug::Gathering available versions from 'https://api.azul.com/zulu/download/community/v1.0/bundles/?os=linux&ext=tar.gz&bundle_type=jdk&javafx=false&arch=x86&hw_bitness=64&release_status=ga'
[e3754eef-8cba-428a-b836-a5bd4388fd1f/build]   | Resolved latest version as 11.0.21+9
[e3754eef-8cba-428a-b836-a5bd4388fd1f/build]   | Trying to download...
[e3754eef-8cba-428a-b836-a5bd4388fd1f/build]   | Downloading Java 11.0.21+9 (Zulu) from https://cdn.azul.com/zulu/bin/zulu11.68.17-ca-jdk11.0.21-linux_x64.tar.gz ...
[e3754eef-8cba-428a-b836-a5bd4388fd1f/build]   ğŸ’¬  ::debug::Downloading https://cdn.azul.com/zulu/bin/zulu11.68.17-ca-jdk11.0.21-linux_x64.tar.gz
[e3754eef-8cba-428a-b836-a5bd4388fd1f/build]   ğŸ’¬  ::debug::Destination /tmp/b9dba0d8-10ab-4023-a9b5-8c566bd2564e
[e3754eef-8cba-428a-b836-a5bd4388fd1f/build]   ğŸ’¬  ::debug::download complete
[e3754eef-8cba-428a-b836-a5bd4388fd1f/build]   | Extracting Java archive...
[e3754eef-8cba-428a-b836-a5bd4388fd1f/build]   ğŸ’¬  ::debug::Checking tar --version
[e3754eef-8cba-428a-b836-a5bd4388fd1f/build]   ğŸ’¬  ::debug::tar (GNU tar) 1.34%0ACopyright (C) 2021 Free Software Foundation, Inc.%0ALicense GPLv3+: GNU GPL version 3 or later <https://gnu.org/licenses/gpl.html>.%0AThis is free software: you are free to change and redistribute it.%0AThere is NO WARRANTY, to the extent permitted by law.%0A%0AWritten by John Gilmore and Jay Fenlason.
[e3754eef-8cba-428a-b836-a5bd4388fd1f/build]   | [command]/usr/bin/tar xz --warning=no-unknown-keyword -C /tmp/5ab5a278-d2b1-4e2c-bea1-bffc168e73f4 -f /tmp/b9dba0d8-10ab-4023-a9b5-8c566bd2564e
[e3754eef-8cba-428a-b836-a5bd4388fd1f/build]   ğŸ’¬  ::debug::Caching tool Java_Zulu_jdk 11.0.21-9 x64
[e3754eef-8cba-428a-b836-a5bd4388fd1f/build]   ğŸ’¬  ::debug::source dir: /tmp/5ab5a278-d2b1-4e2c-bea1-bffc168e73f4/zulu11.68.17-ca-jdk11.0.21-linux_x64
[e3754eef-8cba-428a-b836-a5bd4388fd1f/build]   ğŸ’¬  ::debug::destination /opt/hostedtoolcache/Java_Zulu_jdk/11.0.21-9/x64
[e3754eef-8cba-428a-b836-a5bd4388fd1f/build]   ğŸ’¬  ::debug::finished caching tool
[e3754eef-8cba-428a-b836-a5bd4388fd1f/build]   | Java 11.0.21+9 was downloaded
[e3754eef-8cba-428a-b836-a5bd4388fd1f/build]   | Setting Java 11.0.21+9 as the default
[e3754eef-8cba-428a-b836-a5bd4388fd1f/build]   | Creating toolchains.xml for JDK version 11 from zulu
[e3754eef-8cba-428a-b836-a5bd4388fd1f/build]   | Writing to /home/runner/.m2/toolchains.xml
[e3754eef-8cba-428a-b836-a5bd4388fd1f/build]   | 
[e3754eef-8cba-428a-b836-a5bd4388fd1f/build]   | Java configuration:
[e3754eef-8cba-428a-b836-a5bd4388fd1f/build]   |   Distribution: zulu
[e3754eef-8cba-428a-b836-a5bd4388fd1f/build]   |   Version: 11.0.21+9
[e3754eef-8cba-428a-b836-a5bd4388fd1f/build]   |   Path: /opt/hostedtoolcache/Java_Zulu_jdk/11.0.21-9/x64
[e3754eef-8cba-428a-b836-a5bd4388fd1f/build]   | 
[e3754eef-8cba-428a-b836-a5bd4388fd1f/build]   â“  ::endgroup::
[e3754eef-8cba-428a-b836-a5bd4388fd1f/build]   â“ add-matcher /run/act/actions/actions-setup-java@v3/.github/java.json
[e3754eef-8cba-428a-b836-a5bd4388fd1f/build]   | Creating settings.xml with server-id: github
[e3754eef-8cba-428a-b836-a5bd4388fd1f/build]   | Writing to /home/runner/.m2/settings.xml
[e3754eef-8cba-428a-b836-a5bd4388fd1f/build]   âœ…  Success - Main actions/setup-java@v3
[e3754eef-8cba-428a-b836-a5bd4388fd1f/build]   âš™  ::set-env:: JAVA_HOME=/opt/hostedtoolcache/Java_Zulu_jdk/11.0.21-9/x64
[e3754eef-8cba-428a-b836-a5bd4388fd1f/build]   âš™  ::set-env:: JAVA_HOME_11_X64=/opt/hostedtoolcache/Java_Zulu_jdk/11.0.21-9/x64
[e3754eef-8cba-428a-b836-a5bd4388fd1f/build]   âš™  ::set-output:: distribution=Zulu
[e3754eef-8cba-428a-b836-a5bd4388fd1f/build]   âš™  ::set-output:: path=/opt/hostedtoolcache/Java_Zulu_jdk/11.0.21-9/x64
[e3754eef-8cba-428a-b836-a5bd4388fd1f/build]   âš™  ::set-output:: version=11.0.21+9
[e3754eef-8cba-428a-b836-a5bd4388fd1f/build]   âš™  ::add-path:: /opt/hostedtoolcache/Java_Zulu_jdk/11.0.21-9/x64/bin
[e3754eef-8cba-428a-b836-a5bd4388fd1f/build] unable to get git ref: failed to identify reference (tag/branch) for the checked-out revision '754ff3a85baf2faaa1b962f16f52ebd0e12e6436'
[e3754eef-8cba-428a-b836-a5bd4388fd1f/build] unable to get git ref: failed to identify reference (tag/branch) for the checked-out revision '754ff3a85baf2faaa1b962f16f52ebd0e12e6436'
[e3754eef-8cba-428a-b836-a5bd4388fd1f/build] unable to get git ref: failed to identify reference (tag/branch) for the checked-out revision '754ff3a85baf2faaa1b962f16f52ebd0e12e6436'
[e3754eef-8cba-428a-b836-a5bd4388fd1f/build] unable to get git ref: failed to identify reference (tag/branch) for the checked-out revision '754ff3a85baf2faaa1b962f16f52ebd0e12e6436'
[e3754eef-8cba-428a-b836-a5bd4388fd1f/build] unable to get git ref: failed to identify reference (tag/branch) for the checked-out revision '754ff3a85baf2faaa1b962f16f52ebd0e12e6436'
[e3754eef-8cba-428a-b836-a5bd4388fd1f/build] â­ Run Main ./gradlew build --no-daemon --warning-mode=fail
[e3754eef-8cba-428a-b836-a5bd4388fd1f/build] unable to get git ref: failed to identify reference (tag/branch) for the checked-out revision '754ff3a85baf2faaa1b962f16f52ebd0e12e6436'
[e3754eef-8cba-428a-b836-a5bd4388fd1f/build] unable to get git ref: failed to identify reference (tag/branch) for the checked-out revision '754ff3a85baf2faaa1b962f16f52ebd0e12e6436'
[e3754eef-8cba-428a-b836-a5bd4388fd1f/build] unable to get git ref: failed to identify reference (tag/branch) for the checked-out revision '754ff3a85baf2faaa1b962f16f52ebd0e12e6436'
[e3754eef-8cba-428a-b836-a5bd4388fd1f/build] unable to get git ref: failed to identify reference (tag/branch) for the checked-out revision '754ff3a85baf2faaa1b962f16f52ebd0e12e6436'
[e3754eef-8cba-428a-b836-a5bd4388fd1f/build]   ğŸ³  docker exec cmd=[bash --noprofile --norc -e -o pipefail /var/run/act/workflow/2] user= workdir=
[e3754eef-8cba-428a-b836-a5bd4388fd1f/build]   | Downloading https://services.gradle.org/distributions/gradle-7.5.1-bin.zip
[e3754eef-8cba-428a-b836-a5bd4388fd1f/build]   | ...........10%............20%...........30%............40%...........50%............60%...........70%............80%...........90%............100%
[e3754eef-8cba-428a-b836-a5bd4388fd1f/build]   | 
[e3754eef-8cba-428a-b836-a5bd4388fd1f/build]   | Welcome to Gradle 7.5.1!
[e3754eef-8cba-428a-b836-a5bd4388fd1f/build]   | 
[e3754eef-8cba-428a-b836-a5bd4388fd1f/build]   | Here are the highlights of this release:
[e3754eef-8cba-428a-b836-a5bd4388fd1f/build]   |  - Support for Java 18
[e3754eef-8cba-428a-b836-a5bd4388fd1f/build]   |  - Support for building with Groovy 4
[e3754eef-8cba-428a-b836-a5bd4388fd1f/build]   |  - Much more responsive continuous builds
[e3754eef-8cba-428a-b836-a5bd4388fd1f/build]   |  - Improved diagnostics for dependency resolution
[e3754eef-8cba-428a-b836-a5bd4388fd1f/build]   | 
[e3754eef-8cba-428a-b836-a5bd4388fd1f/build]   | For more details see https://docs.gradle.org/7.5.1/release-notes.html
[e3754eef-8cba-428a-b836-a5bd4388fd1f/build]   | 
[e3754eef-8cba-428a-b836-a5bd4388fd1f/build]   | To honour the JVM settings for this build a single-use Daemon process will be forked. See https://docs.gradle.org/7.5.1/userguide/gradle_daemon.html#sec:disabling_the_daemon.
[e3754eef-8cba-428a-b836-a5bd4388fd1f/build]   | Daemon will be stopped at the end of the build 
[e3754eef-8cba-428a-b836-a5bd4388fd1f/build]   | 
[e3754eef-8cba-428a-b836-a5bd4388fd1f/build]   | > Configure project :
[e3754eef-8cba-428a-b836-a5bd4388fd1f/build]   | Kordamp Enforcer Gradle plugin 0.10.0. Consider becoming a patron at https://www.patreon.com/aalmiray
[e3754eef-8cba-428a-b836-a5bd4388fd1f/build]   | 
[e3754eef-8cba-428a-b836-a5bd4388fd1f/build]   | > Task :copyDependencies
[e3754eef-8cba-428a-b836-a5bd4388fd1f/build]   | > Task :extractIncludeProto
[e3754eef-8cba-428a-b836-a5bd4388fd1f/build]   | > Task :extractProto
[e3754eef-8cba-428a-b836-a5bd4388fd1f/build]   | > Task :generateProto
[e3754eef-8cba-428a-b836-a5bd4388fd1f/build]   | > Task :compileJava
[e3754eef-8cba-428a-b836-a5bd4388fd1f/build]   | Note: Some input files use or override a deprecated API.
[e3754eef-8cba-428a-b836-a5bd4388fd1f/build]   | Note: Recompile with -Xlint:deprecation for details.
[e3754eef-8cba-428a-b836-a5bd4388fd1f/build]   | Note: Some input files use unchecked or unsafe operations.
[e3754eef-8cba-428a-b836-a5bd4388fd1f/build]   | Note: Recompile with -Xlint:unchecked for details.
[e3754eef-8cba-428a-b836-a5bd4388fd1f/build]   | 
[e3754eef-8cba-428a-b836-a5bd4388fd1f/build]   | > Task :processResources
[e3754eef-8cba-428a-b836-a5bd4388fd1f/build]   | > Task :classes
[e3754eef-8cba-428a-b836-a5bd4388fd1f/build]   | > Task :jar
[e3754eef-8cba-428a-b836-a5bd4388fd1f/build]   | > Task :assemble
[e3754eef-8cba-428a-b836-a5bd4388fd1f/build]   | > Task :extractIncludeTestProto
[e3754eef-8cba-428a-b836-a5bd4388fd1f/build]   | > Task :extractTestProto
[e3754eef-8cba-428a-b836-a5bd4388fd1f/build]   | > Task :generateTestProto NO-SOURCE
[e3754eef-8cba-428a-b836-a5bd4388fd1f/build]   | Note: Some input files use or override a deprecated API.
[e3754eef-8cba-428a-b836-a5bd4388fd1f/build]   | Note: Recompile with -Xlint:deprecation for details.
[e3754eef-8cba-428a-b836-a5bd4388fd1f/build]   | 
[e3754eef-8cba-428a-b836-a5bd4388fd1f/build]   | > Task :compileTestJava
[e3754eef-8cba-428a-b836-a5bd4388fd1f/build]   | 
[e3754eef-8cba-428a-b836-a5bd4388fd1f/build]   | > Task :processTestResources NO-SOURCE
[e3754eef-8cba-428a-b836-a5bd4388fd1f/build]   | > Task :testClasses
[e3754eef-8cba-428a-b836-a5bd4388fd1f/build]   | > Task :checkstyleTest SKIPPED
[e3754eef-8cba-428a-b836-a5bd4388fd1f/build]   | 
[e3754eef-8cba-428a-b836-a5bd4388fd1f/build]   | > Task :test
[e3754eef-8cba-428a-b836-a5bd4388fd1f/build]   | 
[e3754eef-8cba-428a-b836-a5bd4388fd1f/build]   | org.traccar.protocol.MeitrackProtocolDecoderTest > testDecode FAILED
[e3754eef-8cba-428a-b836-a5bd4388fd1f/build]   |     java.lang.AssertionError at MeitrackProtocolDecoderTest.java:14
[e3754eef-8cba-428a-b836-a5bd4388fd1f/build]   | 
[e3754eef-8cba-428a-b836-a5bd4388fd1f/build]   | 493 tests completed, 1 failed, 23 skipped
[e3754eef-8cba-428a-b836-a5bd4388fd1f/build]   | 
[e3754eef-8cba-428a-b836-a5bd4388fd1f/build]   | > Task :test FAILED
[e3754eef-8cba-428a-b836-a5bd4388fd1f/build]   | > Task :checkstyleMain
[e3754eef-8cba-428a-b836-a5bd4388fd1f/build]   | 
[e3754eef-8cba-428a-b836-a5bd4388fd1f/build]   | FAILURE: Build failed with an exception.
[e3754eef-8cba-428a-b836-a5bd4388fd1f/build]   | 
[e3754eef-8cba-428a-b836-a5bd4388fd1f/build]   | * What went wrong:
[e3754eef-8cba-428a-b836-a5bd4388fd1f/build]   | Execution failed for task ':test'.
[e3754eef-8cba-428a-b836-a5bd4388fd1f/build]   | > There were failing tests. See the report at: file:///tmp/8d33901a-9af0-47ea-b8d6-6624cc9b409e/build/reports/tests/test/index.html
[e3754eef-8cba-428a-b836-a5bd4388fd1f/build]   | 
[e3754eef-8cba-428a-b836-a5bd4388fd1f/build]   | * Try:
[e3754eef-8cba-428a-b836-a5bd4388fd1f/build]   | > Run with --stacktrace option to get the stack trace.
[e3754eef-8cba-428a-b836-a5bd4388fd1f/build]   | > Run with --info or --debug option to get more log output.
[e3754eef-8cba-428a-b836-a5bd4388fd1f/build]   | > Run with --scan to get full insights.
[e3754eef-8cba-428a-b836-a5bd4388fd1f/build]   | 
[e3754eef-8cba-428a-b836-a5bd4388fd1f/build]   | * Get more help at https://help.gradle.org
[e3754eef-8cba-428a-b836-a5bd4388fd1f/build]   | 
[e3754eef-8cba-428a-b836-a5bd4388fd1f/build]   | BUILD FAILED in 2m 30s
[e3754eef-8cba-428a-b836-a5bd4388fd1f/build]   | 12 actionable tasks: 12 executed
[e3754eef-8cba-428a-b836-a5bd4388fd1f/build]   âŒ  Failure - Main ./gradlew build --no-daemon --warning-mode=fail
[e3754eef-8cba-428a-b836-a5bd4388fd1f/build] exitcode '1': failure
[e3754eef-8cba-428a-b836-a5bd4388fd1f/build] unable to get git ref: failed to identify reference (tag/branch) for the checked-out revision '754ff3a85baf2faaa1b962f16f52ebd0e12e6436'
[e3754eef-8cba-428a-b836-a5bd4388fd1f/build] unable to get git ref: failed to identify reference (tag/branch) for the checked-out revision '754ff3a85baf2faaa1b962f16f52ebd0e12e6436'
[e3754eef-8cba-428a-b836-a5bd4388fd1f/build] unable to get git ref: failed to identify reference (tag/branch) for the checked-out revision '754ff3a85baf2faaa1b962f16f52ebd0e12e6436'
[e3754eef-8cba-428a-b836-a5bd4388fd1f/build] unable to get git ref: failed to identify reference (tag/branch) for the checked-out revision '754ff3a85baf2faaa1b962f16f52ebd0e12e6436'
[e3754eef-8cba-428a-b836-a5bd4388fd1f/build] unable to get git ref: failed to identify reference (tag/branch) for the checked-out revision '754ff3a85baf2faaa1b962f16f52ebd0e12e6436'
[e3754eef-8cba-428a-b836-a5bd4388fd1f/build] â­ Run Post actions/setup-java@v3
[e3754eef-8cba-428a-b836-a5bd4388fd1f/build]   ğŸ³  docker exec cmd=[node /var/run/act/actions/actions-setup-java@v3/dist/cleanup/index.js] user= workdir=
[e3754eef-8cba-428a-b836-a5bd4388fd1f/build]   âœ…  Success - Post actions/setup-java@v3
[e3754eef-8cba-428a-b836-a5bd4388fd1f/build] ğŸ  Job failed
[e3754eef-8cba-428a-b836-a5bd4388fd1f/build] unable to get git ref: failed to identify reference (tag/branch) for the checked-out revision '754ff3a85baf2faaa1b962f16f52ebd0e12e6436'
