[376c6326-4cb7-400b-bc0e-13160cabcb43/build] üöÄ  Start image=gitbugactions:latest
[376c6326-4cb7-400b-bc0e-13160cabcb43/build]   üê≥  docker pull image=gitbugactions:latest platform= username= forcePull=false
[376c6326-4cb7-400b-bc0e-13160cabcb43/build]   üê≥  docker create image=gitbugactions:latest platform= entrypoint=["tail" "-f" "/dev/null"] cmd=[]
[376c6326-4cb7-400b-bc0e-13160cabcb43/build]   üê≥  docker run image=gitbugactions:latest platform= entrypoint=["tail" "-f" "/dev/null"] cmd=[]
[376c6326-4cb7-400b-bc0e-13160cabcb43/build]   üê≥  docker exec cmd=[chown -R 1012:1013 /tmp/1c0cbd01-0ba5-4546-a429-e7a4072a0be3] user=0 workdir=
[376c6326-4cb7-400b-bc0e-13160cabcb43/build] unable to get git ref: failed to identify reference (tag/branch) for the checked-out revision 'eb2021058ae754cf75ce2c303581de98e9f0f53f'
[376c6326-4cb7-400b-bc0e-13160cabcb43/build] unable to get git ref: failed to identify reference (tag/branch) for the checked-out revision 'eb2021058ae754cf75ce2c303581de98e9f0f53f'
[376c6326-4cb7-400b-bc0e-13160cabcb43/build] unable to get git ref: failed to identify reference (tag/branch) for the checked-out revision 'eb2021058ae754cf75ce2c303581de98e9f0f53f'
[376c6326-4cb7-400b-bc0e-13160cabcb43/build] unable to get git ref: failed to identify reference (tag/branch) for the checked-out revision 'eb2021058ae754cf75ce2c303581de98e9f0f53f'
[376c6326-4cb7-400b-bc0e-13160cabcb43/build] unable to get git ref: failed to identify reference (tag/branch) for the checked-out revision 'eb2021058ae754cf75ce2c303581de98e9f0f53f'
[376c6326-4cb7-400b-bc0e-13160cabcb43/build] unable to get git ref: failed to identify reference (tag/branch) for the checked-out revision 'eb2021058ae754cf75ce2c303581de98e9f0f53f'
[376c6326-4cb7-400b-bc0e-13160cabcb43/build] unable to get git ref: failed to identify reference (tag/branch) for the checked-out revision 'eb2021058ae754cf75ce2c303581de98e9f0f53f'
[376c6326-4cb7-400b-bc0e-13160cabcb43/build] unable to get git ref: failed to identify reference (tag/branch) for the checked-out revision 'eb2021058ae754cf75ce2c303581de98e9f0f53f'
[376c6326-4cb7-400b-bc0e-13160cabcb43/build] unable to get git ref: failed to identify reference (tag/branch) for the checked-out revision 'eb2021058ae754cf75ce2c303581de98e9f0f53f'
[376c6326-4cb7-400b-bc0e-13160cabcb43/build] ‚≠ê Run Main actions/checkout@v3
[376c6326-4cb7-400b-bc0e-13160cabcb43/build] unable to get git ref: failed to identify reference (tag/branch) for the checked-out revision 'eb2021058ae754cf75ce2c303581de98e9f0f53f'
[376c6326-4cb7-400b-bc0e-13160cabcb43/build] unable to get git ref: failed to identify reference (tag/branch) for the checked-out revision 'eb2021058ae754cf75ce2c303581de98e9f0f53f'
[376c6326-4cb7-400b-bc0e-13160cabcb43/build]   üê≥  docker cp src=/tmp/1c0cbd01-0ba5-4546-a429-e7a4072a0be3/. dst=/tmp/1c0cbd01-0ba5-4546-a429-e7a4072a0be3
[376c6326-4cb7-400b-bc0e-13160cabcb43/build]   üê≥  docker exec cmd=[chown -R 1012:1013 /tmp/1c0cbd01-0ba5-4546-a429-e7a4072a0be3] user=0 workdir=
[376c6326-4cb7-400b-bc0e-13160cabcb43/build]   ‚úÖ  Success - Main actions/checkout@v3
[376c6326-4cb7-400b-bc0e-13160cabcb43/build] unable to get git ref: failed to identify reference (tag/branch) for the checked-out revision 'eb2021058ae754cf75ce2c303581de98e9f0f53f'
[376c6326-4cb7-400b-bc0e-13160cabcb43/build] unable to get git ref: failed to identify reference (tag/branch) for the checked-out revision 'eb2021058ae754cf75ce2c303581de98e9f0f53f'
[376c6326-4cb7-400b-bc0e-13160cabcb43/build] unable to get git ref: failed to identify reference (tag/branch) for the checked-out revision 'eb2021058ae754cf75ce2c303581de98e9f0f53f'
[376c6326-4cb7-400b-bc0e-13160cabcb43/build] unable to get git ref: failed to identify reference (tag/branch) for the checked-out revision 'eb2021058ae754cf75ce2c303581de98e9f0f53f'
[376c6326-4cb7-400b-bc0e-13160cabcb43/build] unable to get git ref: failed to identify reference (tag/branch) for the checked-out revision 'eb2021058ae754cf75ce2c303581de98e9f0f53f'
[376c6326-4cb7-400b-bc0e-13160cabcb43/build] ‚≠ê Run Main actions/setup-java@v3
[376c6326-4cb7-400b-bc0e-13160cabcb43/build] unable to get git ref: failed to identify reference (tag/branch) for the checked-out revision 'eb2021058ae754cf75ce2c303581de98e9f0f53f'
[376c6326-4cb7-400b-bc0e-13160cabcb43/build] unable to get git ref: failed to identify reference (tag/branch) for the checked-out revision 'eb2021058ae754cf75ce2c303581de98e9f0f53f'
[376c6326-4cb7-400b-bc0e-13160cabcb43/build] unable to get git ref: failed to identify reference (tag/branch) for the checked-out revision 'eb2021058ae754cf75ce2c303581de98e9f0f53f'
[376c6326-4cb7-400b-bc0e-13160cabcb43/build]   üê≥  docker cp src=/tmp/act-cache/9c81282b-6748-4dd6-9c58-11697630aa29/act/actions-setup-java@v3/ dst=/var/run/act/actions/actions-setup-java@v3/
[376c6326-4cb7-400b-bc0e-13160cabcb43/build]   üê≥  docker exec cmd=[chown -R 1012:1013 /var/run/act/actions/actions-setup-java@v3/] user=0 workdir=
[376c6326-4cb7-400b-bc0e-13160cabcb43/build]   üê≥  docker exec cmd=[node /var/run/act/actions/actions-setup-java@v3/dist/setup/index.js] user= workdir=
[376c6326-4cb7-400b-bc0e-13160cabcb43/build]   ‚ùì  ::group::Installed distributions
[376c6326-4cb7-400b-bc0e-13160cabcb43/build]   | Trying to resolve the latest version from remote
[376c6326-4cb7-400b-bc0e-13160cabcb43/build]   üí¨  ::debug::Gathering available versions from 'https://api.azul.com/zulu/download/community/v1.0/bundles/?os=linux&ext=tar.gz&bundle_type=jdk&javafx=false&arch=x86&hw_bitness=64&release_status=ga'
[376c6326-4cb7-400b-bc0e-13160cabcb43/build]   | Resolved latest version as 11.0.21+9
[376c6326-4cb7-400b-bc0e-13160cabcb43/build]   | Trying to download...
[376c6326-4cb7-400b-bc0e-13160cabcb43/build]   | Downloading Java 11.0.21+9 (Zulu) from https://cdn.azul.com/zulu/bin/zulu11.68.17-ca-jdk11.0.21-linux_x64.tar.gz ...
[376c6326-4cb7-400b-bc0e-13160cabcb43/build]   üí¨  ::debug::Downloading https://cdn.azul.com/zulu/bin/zulu11.68.17-ca-jdk11.0.21-linux_x64.tar.gz
[376c6326-4cb7-400b-bc0e-13160cabcb43/build]   üí¨  ::debug::Destination /tmp/d4aa5ff6-bb9d-41b9-8a52-4b0790d9b4cf
[376c6326-4cb7-400b-bc0e-13160cabcb43/build]   üí¨  ::debug::download complete
[376c6326-4cb7-400b-bc0e-13160cabcb43/build]   | Extracting Java archive...
[376c6326-4cb7-400b-bc0e-13160cabcb43/build]   üí¨  ::debug::Checking tar --version
[376c6326-4cb7-400b-bc0e-13160cabcb43/build]   üí¨  ::debug::tar (GNU tar) 1.34%0ACopyright (C) 2021 Free Software Foundation, Inc.%0ALicense GPLv3+: GNU GPL version 3 or later <https://gnu.org/licenses/gpl.html>.%0AThis is free software: you are free to change and redistribute it.%0AThere is NO WARRANTY, to the extent permitted by law.%0A%0AWritten by John Gilmore and Jay Fenlason.
[376c6326-4cb7-400b-bc0e-13160cabcb43/build]   | [command]/usr/bin/tar xz --warning=no-unknown-keyword -C /tmp/32a688de-e9e9-43d9-adb9-95e91eafe4b0 -f /tmp/d4aa5ff6-bb9d-41b9-8a52-4b0790d9b4cf
[376c6326-4cb7-400b-bc0e-13160cabcb43/build]   üí¨  ::debug::Caching tool Java_Zulu_jdk 11.0.21-9 x64
[376c6326-4cb7-400b-bc0e-13160cabcb43/build]   üí¨  ::debug::source dir: /tmp/32a688de-e9e9-43d9-adb9-95e91eafe4b0/zulu11.68.17-ca-jdk11.0.21-linux_x64
[376c6326-4cb7-400b-bc0e-13160cabcb43/build]   üí¨  ::debug::destination /opt/hostedtoolcache/Java_Zulu_jdk/11.0.21-9/x64
[376c6326-4cb7-400b-bc0e-13160cabcb43/build]   üí¨  ::debug::finished caching tool
[376c6326-4cb7-400b-bc0e-13160cabcb43/build]   | Java 11.0.21+9 was downloaded
[376c6326-4cb7-400b-bc0e-13160cabcb43/build]   | Setting Java 11.0.21+9 as the default
[376c6326-4cb7-400b-bc0e-13160cabcb43/build]   | Creating toolchains.xml for JDK version 11 from zulu
[376c6326-4cb7-400b-bc0e-13160cabcb43/build]   | Writing to /home/runner/.m2/toolchains.xml
[376c6326-4cb7-400b-bc0e-13160cabcb43/build]   | 
[376c6326-4cb7-400b-bc0e-13160cabcb43/build]   | Java configuration:
[376c6326-4cb7-400b-bc0e-13160cabcb43/build]   |   Distribution: zulu
[376c6326-4cb7-400b-bc0e-13160cabcb43/build]   |   Version: 11.0.21+9
[376c6326-4cb7-400b-bc0e-13160cabcb43/build]   |   Path: /opt/hostedtoolcache/Java_Zulu_jdk/11.0.21-9/x64
[376c6326-4cb7-400b-bc0e-13160cabcb43/build]   | 
[376c6326-4cb7-400b-bc0e-13160cabcb43/build]   ‚ùì  ::endgroup::
[376c6326-4cb7-400b-bc0e-13160cabcb43/build]   ‚ùì add-matcher /run/act/actions/actions-setup-java@v3/.github/java.json
[376c6326-4cb7-400b-bc0e-13160cabcb43/build]   | Creating settings.xml with server-id: github
[376c6326-4cb7-400b-bc0e-13160cabcb43/build]   | Writing to /home/runner/.m2/settings.xml
[376c6326-4cb7-400b-bc0e-13160cabcb43/build]   ‚úÖ  Success - Main actions/setup-java@v3
[376c6326-4cb7-400b-bc0e-13160cabcb43/build]   ‚öô  ::set-env:: JAVA_HOME=/opt/hostedtoolcache/Java_Zulu_jdk/11.0.21-9/x64
[376c6326-4cb7-400b-bc0e-13160cabcb43/build]   ‚öô  ::set-env:: JAVA_HOME_11_X64=/opt/hostedtoolcache/Java_Zulu_jdk/11.0.21-9/x64
[376c6326-4cb7-400b-bc0e-13160cabcb43/build]   ‚öô  ::set-output:: distribution=Zulu
[376c6326-4cb7-400b-bc0e-13160cabcb43/build]   ‚öô  ::set-output:: path=/opt/hostedtoolcache/Java_Zulu_jdk/11.0.21-9/x64
[376c6326-4cb7-400b-bc0e-13160cabcb43/build]   ‚öô  ::set-output:: version=11.0.21+9
[376c6326-4cb7-400b-bc0e-13160cabcb43/build]   ‚öô  ::add-path:: /opt/hostedtoolcache/Java_Zulu_jdk/11.0.21-9/x64/bin
[376c6326-4cb7-400b-bc0e-13160cabcb43/build] unable to get git ref: failed to identify reference (tag/branch) for the checked-out revision 'eb2021058ae754cf75ce2c303581de98e9f0f53f'
[376c6326-4cb7-400b-bc0e-13160cabcb43/build] unable to get git ref: failed to identify reference (tag/branch) for the checked-out revision 'eb2021058ae754cf75ce2c303581de98e9f0f53f'
[376c6326-4cb7-400b-bc0e-13160cabcb43/build] unable to get git ref: failed to identify reference (tag/branch) for the checked-out revision 'eb2021058ae754cf75ce2c303581de98e9f0f53f'
[376c6326-4cb7-400b-bc0e-13160cabcb43/build] unable to get git ref: failed to identify reference (tag/branch) for the checked-out revision 'eb2021058ae754cf75ce2c303581de98e9f0f53f'
[376c6326-4cb7-400b-bc0e-13160cabcb43/build] unable to get git ref: failed to identify reference (tag/branch) for the checked-out revision 'eb2021058ae754cf75ce2c303581de98e9f0f53f'
[376c6326-4cb7-400b-bc0e-13160cabcb43/build] ‚≠ê Run Main ./gradlew build --no-daemon --warning-mode=fail
[376c6326-4cb7-400b-bc0e-13160cabcb43/build] unable to get git ref: failed to identify reference (tag/branch) for the checked-out revision 'eb2021058ae754cf75ce2c303581de98e9f0f53f'
[376c6326-4cb7-400b-bc0e-13160cabcb43/build] unable to get git ref: failed to identify reference (tag/branch) for the checked-out revision 'eb2021058ae754cf75ce2c303581de98e9f0f53f'
[376c6326-4cb7-400b-bc0e-13160cabcb43/build] unable to get git ref: failed to identify reference (tag/branch) for the checked-out revision 'eb2021058ae754cf75ce2c303581de98e9f0f53f'
[376c6326-4cb7-400b-bc0e-13160cabcb43/build] unable to get git ref: failed to identify reference (tag/branch) for the checked-out revision 'eb2021058ae754cf75ce2c303581de98e9f0f53f'
[376c6326-4cb7-400b-bc0e-13160cabcb43/build]   üê≥  docker exec cmd=[bash --noprofile --norc -e -o pipefail /var/run/act/workflow/2] user= workdir=
[376c6326-4cb7-400b-bc0e-13160cabcb43/build]   | Downloading https://services.gradle.org/distributions/gradle-7.5.1-bin.zip
[376c6326-4cb7-400b-bc0e-13160cabcb43/build]   | ...........10%............20%...........30%............40%...........50%............60%...........70%............80%...........90%............100%
[376c6326-4cb7-400b-bc0e-13160cabcb43/build]   | 
[376c6326-4cb7-400b-bc0e-13160cabcb43/build]   | Welcome to Gradle 7.5.1!
[376c6326-4cb7-400b-bc0e-13160cabcb43/build]   | 
[376c6326-4cb7-400b-bc0e-13160cabcb43/build]   | Here are the highlights of this release:
[376c6326-4cb7-400b-bc0e-13160cabcb43/build]   |  - Support for Java 18
[376c6326-4cb7-400b-bc0e-13160cabcb43/build]   |  - Support for building with Groovy 4
[376c6326-4cb7-400b-bc0e-13160cabcb43/build]   |  - Much more responsive continuous builds
[376c6326-4cb7-400b-bc0e-13160cabcb43/build]   |  - Improved diagnostics for dependency resolution
[376c6326-4cb7-400b-bc0e-13160cabcb43/build]   | 
[376c6326-4cb7-400b-bc0e-13160cabcb43/build]   | For more details see https://docs.gradle.org/7.5.1/release-notes.html
[376c6326-4cb7-400b-bc0e-13160cabcb43/build]   | 
[376c6326-4cb7-400b-bc0e-13160cabcb43/build]   | To honour the JVM settings for this build a single-use Daemon process will be forked. See https://docs.gradle.org/7.5.1/userguide/gradle_daemon.html#sec:disabling_the_daemon.
[376c6326-4cb7-400b-bc0e-13160cabcb43/build]   | Daemon will be stopped at the end of the build 
[376c6326-4cb7-400b-bc0e-13160cabcb43/build]   | 
[376c6326-4cb7-400b-bc0e-13160cabcb43/build]   | > Configure project :
[376c6326-4cb7-400b-bc0e-13160cabcb43/build]   | Kordamp Enforcer Gradle plugin 0.13.0. Consider becoming a patron at https://www.patreon.com/aalmiray
[376c6326-4cb7-400b-bc0e-13160cabcb43/build]   | 
[376c6326-4cb7-400b-bc0e-13160cabcb43/build]   | > Task :copyDependencies
[376c6326-4cb7-400b-bc0e-13160cabcb43/build]   | > Task :extractIncludeProto
[376c6326-4cb7-400b-bc0e-13160cabcb43/build]   | > Task :extractProto
[376c6326-4cb7-400b-bc0e-13160cabcb43/build]   | > Task :generateProto
[376c6326-4cb7-400b-bc0e-13160cabcb43/build]   | > Task :compileJava
[376c6326-4cb7-400b-bc0e-13160cabcb43/build]   | Note: Some input files use or override a deprecated API.
[376c6326-4cb7-400b-bc0e-13160cabcb43/build]   | Note: Recompile with -Xlint:deprecation for details.
[376c6326-4cb7-400b-bc0e-13160cabcb43/build]   | Note: Some input files use unchecked or unsafe operations.
[376c6326-4cb7-400b-bc0e-13160cabcb43/build]   | Note: Recompile with -Xlint:unchecked for details.
[376c6326-4cb7-400b-bc0e-13160cabcb43/build]   | 
[376c6326-4cb7-400b-bc0e-13160cabcb43/build]   | > Task :processResources
[376c6326-4cb7-400b-bc0e-13160cabcb43/build]   | > Task :classes
[376c6326-4cb7-400b-bc0e-13160cabcb43/build]   | > Task :jar
[376c6326-4cb7-400b-bc0e-13160cabcb43/build]   | > Task :assemble
[376c6326-4cb7-400b-bc0e-13160cabcb43/build]   | > Task :extractIncludeTestProto
[376c6326-4cb7-400b-bc0e-13160cabcb43/build]   | > Task :extractTestProto
[376c6326-4cb7-400b-bc0e-13160cabcb43/build]   | > Task :generateTestProto NO-SOURCE
[376c6326-4cb7-400b-bc0e-13160cabcb43/build]   | 
[376c6326-4cb7-400b-bc0e-13160cabcb43/build]   | > Task :compileTestJava
[376c6326-4cb7-400b-bc0e-13160cabcb43/build]   | Note: Some input files use or override a deprecated API.
[376c6326-4cb7-400b-bc0e-13160cabcb43/build]   | Note: Recompile with -Xlint:deprecation for details.
[376c6326-4cb7-400b-bc0e-13160cabcb43/build]   | 
[376c6326-4cb7-400b-bc0e-13160cabcb43/build]   | > Task :processTestResources NO-SOURCE
[376c6326-4cb7-400b-bc0e-13160cabcb43/build]   | > Task :testClasses
[376c6326-4cb7-400b-bc0e-13160cabcb43/build]   | > Task :checkstyleTest SKIPPED
[376c6326-4cb7-400b-bc0e-13160cabcb43/build]   | > Task :checkstyleMain
[376c6326-4cb7-400b-bc0e-13160cabcb43/build]   | 
[376c6326-4cb7-400b-bc0e-13160cabcb43/build]   | 499 tests completed, 1 failed, 23 skipped
[376c6326-4cb7-400b-bc0e-13160cabcb43/build]   | 
[376c6326-4cb7-400b-bc0e-13160cabcb43/build]   | > Task :test FAILED
[376c6326-4cb7-400b-bc0e-13160cabcb43/build]   | 
[376c6326-4cb7-400b-bc0e-13160cabcb43/build]   | StarcomProtocolDecoderTest > testDecode() FAILED
[376c6326-4cb7-400b-bc0e-13160cabcb43/build]   |     org.opentest4j.AssertionFailedError at StarcomProtocolDecoderTest.java:13
[376c6326-4cb7-400b-bc0e-13160cabcb43/build]   | 
[376c6326-4cb7-400b-bc0e-13160cabcb43/build]   | FAILURE: Build failed with an exception.
[376c6326-4cb7-400b-bc0e-13160cabcb43/build]   | 
[376c6326-4cb7-400b-bc0e-13160cabcb43/build]   | * What went wrong:
[376c6326-4cb7-400b-bc0e-13160cabcb43/build]   | Execution failed for task ':test'.
[376c6326-4cb7-400b-bc0e-13160cabcb43/build]   | > There were failing tests. See the report at: file:///tmp/1c0cbd01-0ba5-4546-a429-e7a4072a0be3/build/reports/tests/test/index.html
[376c6326-4cb7-400b-bc0e-13160cabcb43/build]   | 
[376c6326-4cb7-400b-bc0e-13160cabcb43/build]   | * Try:
[376c6326-4cb7-400b-bc0e-13160cabcb43/build]   | > Run with --stacktrace option to get the stack trace.
[376c6326-4cb7-400b-bc0e-13160cabcb43/build]   | > Run with --info or --debug option to get more log output.
[376c6326-4cb7-400b-bc0e-13160cabcb43/build]   | > Run with --scan to get full insights.
[376c6326-4cb7-400b-bc0e-13160cabcb43/build]   | 
[376c6326-4cb7-400b-bc0e-13160cabcb43/build]   | * Get more help at https://help.gradle.org
[376c6326-4cb7-400b-bc0e-13160cabcb43/build]   | 
[376c6326-4cb7-400b-bc0e-13160cabcb43/build]   | BUILD FAILED in 2m 52s
[376c6326-4cb7-400b-bc0e-13160cabcb43/build]   | 12 actionable tasks: 12 executed
[376c6326-4cb7-400b-bc0e-13160cabcb43/build]   ‚ùå  Failure - Main ./gradlew build --no-daemon --warning-mode=fail
[376c6326-4cb7-400b-bc0e-13160cabcb43/build] exitcode '1': failure
[376c6326-4cb7-400b-bc0e-13160cabcb43/build] unable to get git ref: failed to identify reference (tag/branch) for the checked-out revision 'eb2021058ae754cf75ce2c303581de98e9f0f53f'
[376c6326-4cb7-400b-bc0e-13160cabcb43/build] unable to get git ref: failed to identify reference (tag/branch) for the checked-out revision 'eb2021058ae754cf75ce2c303581de98e9f0f53f'
[376c6326-4cb7-400b-bc0e-13160cabcb43/build] unable to get git ref: failed to identify reference (tag/branch) for the checked-out revision 'eb2021058ae754cf75ce2c303581de98e9f0f53f'
[376c6326-4cb7-400b-bc0e-13160cabcb43/build] unable to get git ref: failed to identify reference (tag/branch) for the checked-out revision 'eb2021058ae754cf75ce2c303581de98e9f0f53f'
[376c6326-4cb7-400b-bc0e-13160cabcb43/build] unable to get git ref: failed to identify reference (tag/branch) for the checked-out revision 'eb2021058ae754cf75ce2c303581de98e9f0f53f'
[376c6326-4cb7-400b-bc0e-13160cabcb43/build] ‚≠ê Run Post actions/setup-java@v3
[376c6326-4cb7-400b-bc0e-13160cabcb43/build]   üê≥  docker exec cmd=[node /var/run/act/actions/actions-setup-java@v3/dist/cleanup/index.js] user= workdir=
[376c6326-4cb7-400b-bc0e-13160cabcb43/build]   ‚úÖ  Success - Post actions/setup-java@v3
[376c6326-4cb7-400b-bc0e-13160cabcb43/build] üèÅ  Job failed
[376c6326-4cb7-400b-bc0e-13160cabcb43/build] unable to get git ref: failed to identify reference (tag/branch) for the checked-out revision 'eb2021058ae754cf75ce2c303581de98e9f0f53f'
