[3b34e413-bc49-4be2-8355-4c7f83355e23/build] ğŸš€  Start image=gitbugactions:latest
[3b34e413-bc49-4be2-8355-4c7f83355e23/build]   ğŸ³  docker pull image=gitbugactions:latest platform= username= forcePull=false
[3b34e413-bc49-4be2-8355-4c7f83355e23/build]   ğŸ³  docker create image=gitbugactions:latest platform= entrypoint=["tail" "-f" "/dev/null"] cmd=[]
[3b34e413-bc49-4be2-8355-4c7f83355e23/build]   ğŸ³  docker run image=gitbugactions:latest platform= entrypoint=["tail" "-f" "/dev/null"] cmd=[]
[3b34e413-bc49-4be2-8355-4c7f83355e23/build]   ğŸ³  docker exec cmd=[chown -R 1012:1013 /tmp/370231da-216d-4673-946e-d2e56fe325f5] user=0 workdir=
[3b34e413-bc49-4be2-8355-4c7f83355e23/build] unable to get git ref: failed to identify reference (tag/branch) for the checked-out revision 'b3c6e22fc19ceeceb0f318131538b5e1d260450c'
[3b34e413-bc49-4be2-8355-4c7f83355e23/build] unable to get git ref: failed to identify reference (tag/branch) for the checked-out revision 'b3c6e22fc19ceeceb0f318131538b5e1d260450c'
[3b34e413-bc49-4be2-8355-4c7f83355e23/build] unable to get git ref: failed to identify reference (tag/branch) for the checked-out revision 'b3c6e22fc19ceeceb0f318131538b5e1d260450c'
[3b34e413-bc49-4be2-8355-4c7f83355e23/build] unable to get git ref: failed to identify reference (tag/branch) for the checked-out revision 'b3c6e22fc19ceeceb0f318131538b5e1d260450c'
[3b34e413-bc49-4be2-8355-4c7f83355e23/build] unable to get git ref: failed to identify reference (tag/branch) for the checked-out revision 'b3c6e22fc19ceeceb0f318131538b5e1d260450c'
[3b34e413-bc49-4be2-8355-4c7f83355e23/build] unable to get git ref: failed to identify reference (tag/branch) for the checked-out revision 'b3c6e22fc19ceeceb0f318131538b5e1d260450c'
[3b34e413-bc49-4be2-8355-4c7f83355e23/build] unable to get git ref: failed to identify reference (tag/branch) for the checked-out revision 'b3c6e22fc19ceeceb0f318131538b5e1d260450c'
[3b34e413-bc49-4be2-8355-4c7f83355e23/build] unable to get git ref: failed to identify reference (tag/branch) for the checked-out revision 'b3c6e22fc19ceeceb0f318131538b5e1d260450c'
[3b34e413-bc49-4be2-8355-4c7f83355e23/build] unable to get git ref: failed to identify reference (tag/branch) for the checked-out revision 'b3c6e22fc19ceeceb0f318131538b5e1d260450c'
[3b34e413-bc49-4be2-8355-4c7f83355e23/build] â­ Run Main actions/checkout@v3
[3b34e413-bc49-4be2-8355-4c7f83355e23/build] unable to get git ref: failed to identify reference (tag/branch) for the checked-out revision 'b3c6e22fc19ceeceb0f318131538b5e1d260450c'
[3b34e413-bc49-4be2-8355-4c7f83355e23/build] unable to get git ref: failed to identify reference (tag/branch) for the checked-out revision 'b3c6e22fc19ceeceb0f318131538b5e1d260450c'
[3b34e413-bc49-4be2-8355-4c7f83355e23/build]   ğŸ³  docker cp src=/tmp/370231da-216d-4673-946e-d2e56fe325f5/. dst=/tmp/370231da-216d-4673-946e-d2e56fe325f5
[3b34e413-bc49-4be2-8355-4c7f83355e23/build]   ğŸ³  docker exec cmd=[chown -R 1012:1013 /tmp/370231da-216d-4673-946e-d2e56fe325f5] user=0 workdir=
[3b34e413-bc49-4be2-8355-4c7f83355e23/build]   âœ…  Success - Main actions/checkout@v3
[3b34e413-bc49-4be2-8355-4c7f83355e23/build] unable to get git ref: failed to identify reference (tag/branch) for the checked-out revision 'b3c6e22fc19ceeceb0f318131538b5e1d260450c'
[3b34e413-bc49-4be2-8355-4c7f83355e23/build] unable to get git ref: failed to identify reference (tag/branch) for the checked-out revision 'b3c6e22fc19ceeceb0f318131538b5e1d260450c'
[3b34e413-bc49-4be2-8355-4c7f83355e23/build] unable to get git ref: failed to identify reference (tag/branch) for the checked-out revision 'b3c6e22fc19ceeceb0f318131538b5e1d260450c'
[3b34e413-bc49-4be2-8355-4c7f83355e23/build] unable to get git ref: failed to identify reference (tag/branch) for the checked-out revision 'b3c6e22fc19ceeceb0f318131538b5e1d260450c'
[3b34e413-bc49-4be2-8355-4c7f83355e23/build] unable to get git ref: failed to identify reference (tag/branch) for the checked-out revision 'b3c6e22fc19ceeceb0f318131538b5e1d260450c'
[3b34e413-bc49-4be2-8355-4c7f83355e23/build] â­ Run Main actions/setup-java@v3
[3b34e413-bc49-4be2-8355-4c7f83355e23/build] unable to get git ref: failed to identify reference (tag/branch) for the checked-out revision 'b3c6e22fc19ceeceb0f318131538b5e1d260450c'
[3b34e413-bc49-4be2-8355-4c7f83355e23/build] unable to get git ref: failed to identify reference (tag/branch) for the checked-out revision 'b3c6e22fc19ceeceb0f318131538b5e1d260450c'
[3b34e413-bc49-4be2-8355-4c7f83355e23/build] unable to get git ref: failed to identify reference (tag/branch) for the checked-out revision 'b3c6e22fc19ceeceb0f318131538b5e1d260450c'
[3b34e413-bc49-4be2-8355-4c7f83355e23/build]   ğŸ³  docker cp src=/tmp/act-cache/022295c0-a99b-4b1b-b3e8-55a33b7d5b01/act/actions-setup-java@v3/ dst=/var/run/act/actions/actions-setup-java@v3/
[3b34e413-bc49-4be2-8355-4c7f83355e23/build]   ğŸ³  docker exec cmd=[chown -R 1012:1013 /var/run/act/actions/actions-setup-java@v3/] user=0 workdir=
[3b34e413-bc49-4be2-8355-4c7f83355e23/build]   ğŸ³  docker exec cmd=[node /var/run/act/actions/actions-setup-java@v3/dist/setup/index.js] user= workdir=
[3b34e413-bc49-4be2-8355-4c7f83355e23/build]   â“  ::group::Installed distributions
[3b34e413-bc49-4be2-8355-4c7f83355e23/build]   | Trying to resolve the latest version from remote
[3b34e413-bc49-4be2-8355-4c7f83355e23/build]   ğŸ’¬  ::debug::Gathering available versions from 'https://api.azul.com/zulu/download/community/v1.0/bundles/?os=linux&ext=tar.gz&bundle_type=jdk&javafx=false&arch=x86&hw_bitness=64&release_status=ga'
[3b34e413-bc49-4be2-8355-4c7f83355e23/build]   | Resolved latest version as 11.0.21+9
[3b34e413-bc49-4be2-8355-4c7f83355e23/build]   | Trying to download...
[3b34e413-bc49-4be2-8355-4c7f83355e23/build]   | Downloading Java 11.0.21+9 (Zulu) from https://cdn.azul.com/zulu/bin/zulu11.68.17-ca-jdk11.0.21-linux_x64.tar.gz ...
[3b34e413-bc49-4be2-8355-4c7f83355e23/build]   ğŸ’¬  ::debug::Downloading https://cdn.azul.com/zulu/bin/zulu11.68.17-ca-jdk11.0.21-linux_x64.tar.gz
[3b34e413-bc49-4be2-8355-4c7f83355e23/build]   ğŸ’¬  ::debug::Destination /tmp/90c544f8-6159-4652-bf49-82c8af5404b9
[3b34e413-bc49-4be2-8355-4c7f83355e23/build]   ğŸ’¬  ::debug::download complete
[3b34e413-bc49-4be2-8355-4c7f83355e23/build]   | Extracting Java archive...
[3b34e413-bc49-4be2-8355-4c7f83355e23/build]   ğŸ’¬  ::debug::Checking tar --version
[3b34e413-bc49-4be2-8355-4c7f83355e23/build]   ğŸ’¬  ::debug::tar (GNU tar) 1.34%0ACopyright (C) 2021 Free Software Foundation, Inc.%0ALicense GPLv3+: GNU GPL version 3 or later <https://gnu.org/licenses/gpl.html>.%0AThis is free software: you are free to change and redistribute it.%0AThere is NO WARRANTY, to the extent permitted by law.%0A%0AWritten by John Gilmore and Jay Fenlason.
[3b34e413-bc49-4be2-8355-4c7f83355e23/build]   | [command]/usr/bin/tar xz --warning=no-unknown-keyword -C /tmp/5f2d1003-a34e-4931-bfdb-7d5a01f7f7d0 -f /tmp/90c544f8-6159-4652-bf49-82c8af5404b9
[3b34e413-bc49-4be2-8355-4c7f83355e23/build]   ğŸ’¬  ::debug::Caching tool Java_Zulu_jdk 11.0.21-9 x64
[3b34e413-bc49-4be2-8355-4c7f83355e23/build]   ğŸ’¬  ::debug::source dir: /tmp/5f2d1003-a34e-4931-bfdb-7d5a01f7f7d0/zulu11.68.17-ca-jdk11.0.21-linux_x64
[3b34e413-bc49-4be2-8355-4c7f83355e23/build]   ğŸ’¬  ::debug::destination /opt/hostedtoolcache/Java_Zulu_jdk/11.0.21-9/x64
[3b34e413-bc49-4be2-8355-4c7f83355e23/build]   ğŸ’¬  ::debug::finished caching tool
[3b34e413-bc49-4be2-8355-4c7f83355e23/build]   | Java 11.0.21+9 was downloaded
[3b34e413-bc49-4be2-8355-4c7f83355e23/build]   | Setting Java 11.0.21+9 as the default
[3b34e413-bc49-4be2-8355-4c7f83355e23/build]   | Creating toolchains.xml for JDK version 11 from zulu
[3b34e413-bc49-4be2-8355-4c7f83355e23/build]   | Writing to /home/runner/.m2/toolchains.xml
[3b34e413-bc49-4be2-8355-4c7f83355e23/build]   | 
[3b34e413-bc49-4be2-8355-4c7f83355e23/build]   | Java configuration:
[3b34e413-bc49-4be2-8355-4c7f83355e23/build]   |   Distribution: zulu
[3b34e413-bc49-4be2-8355-4c7f83355e23/build]   |   Version: 11.0.21+9
[3b34e413-bc49-4be2-8355-4c7f83355e23/build]   |   Path: /opt/hostedtoolcache/Java_Zulu_jdk/11.0.21-9/x64
[3b34e413-bc49-4be2-8355-4c7f83355e23/build]   | 
[3b34e413-bc49-4be2-8355-4c7f83355e23/build]   â“  ::endgroup::
[3b34e413-bc49-4be2-8355-4c7f83355e23/build]   â“ add-matcher /run/act/actions/actions-setup-java@v3/.github/java.json
[3b34e413-bc49-4be2-8355-4c7f83355e23/build]   | Creating settings.xml with server-id: github
[3b34e413-bc49-4be2-8355-4c7f83355e23/build]   | Writing to /home/runner/.m2/settings.xml
[3b34e413-bc49-4be2-8355-4c7f83355e23/build]   âœ…  Success - Main actions/setup-java@v3
[3b34e413-bc49-4be2-8355-4c7f83355e23/build]   âš™  ::set-env:: JAVA_HOME=/opt/hostedtoolcache/Java_Zulu_jdk/11.0.21-9/x64
[3b34e413-bc49-4be2-8355-4c7f83355e23/build]   âš™  ::set-env:: JAVA_HOME_11_X64=/opt/hostedtoolcache/Java_Zulu_jdk/11.0.21-9/x64
[3b34e413-bc49-4be2-8355-4c7f83355e23/build]   âš™  ::set-output:: path=/opt/hostedtoolcache/Java_Zulu_jdk/11.0.21-9/x64
[3b34e413-bc49-4be2-8355-4c7f83355e23/build]   âš™  ::set-output:: version=11.0.21+9
[3b34e413-bc49-4be2-8355-4c7f83355e23/build]   âš™  ::set-output:: distribution=Zulu
[3b34e413-bc49-4be2-8355-4c7f83355e23/build]   âš™  ::add-path:: /opt/hostedtoolcache/Java_Zulu_jdk/11.0.21-9/x64/bin
[3b34e413-bc49-4be2-8355-4c7f83355e23/build] unable to get git ref: failed to identify reference (tag/branch) for the checked-out revision 'b3c6e22fc19ceeceb0f318131538b5e1d260450c'
[3b34e413-bc49-4be2-8355-4c7f83355e23/build] unable to get git ref: failed to identify reference (tag/branch) for the checked-out revision 'b3c6e22fc19ceeceb0f318131538b5e1d260450c'
[3b34e413-bc49-4be2-8355-4c7f83355e23/build] unable to get git ref: failed to identify reference (tag/branch) for the checked-out revision 'b3c6e22fc19ceeceb0f318131538b5e1d260450c'
[3b34e413-bc49-4be2-8355-4c7f83355e23/build] unable to get git ref: failed to identify reference (tag/branch) for the checked-out revision 'b3c6e22fc19ceeceb0f318131538b5e1d260450c'
[3b34e413-bc49-4be2-8355-4c7f83355e23/build] unable to get git ref: failed to identify reference (tag/branch) for the checked-out revision 'b3c6e22fc19ceeceb0f318131538b5e1d260450c'
[3b34e413-bc49-4be2-8355-4c7f83355e23/build] â­ Run Main ./gradlew build --no-daemon --warning-mode=fail
[3b34e413-bc49-4be2-8355-4c7f83355e23/build] unable to get git ref: failed to identify reference (tag/branch) for the checked-out revision 'b3c6e22fc19ceeceb0f318131538b5e1d260450c'
[3b34e413-bc49-4be2-8355-4c7f83355e23/build] unable to get git ref: failed to identify reference (tag/branch) for the checked-out revision 'b3c6e22fc19ceeceb0f318131538b5e1d260450c'
[3b34e413-bc49-4be2-8355-4c7f83355e23/build] unable to get git ref: failed to identify reference (tag/branch) for the checked-out revision 'b3c6e22fc19ceeceb0f318131538b5e1d260450c'
[3b34e413-bc49-4be2-8355-4c7f83355e23/build] unable to get git ref: failed to identify reference (tag/branch) for the checked-out revision 'b3c6e22fc19ceeceb0f318131538b5e1d260450c'
[3b34e413-bc49-4be2-8355-4c7f83355e23/build]   ğŸ³  docker exec cmd=[bash --noprofile --norc -e -o pipefail /var/run/act/workflow/2] user= workdir=
[3b34e413-bc49-4be2-8355-4c7f83355e23/build]   | Downloading https://services.gradle.org/distributions/gradle-7.5.1-bin.zip
[3b34e413-bc49-4be2-8355-4c7f83355e23/build]   | ...........10%............20%...........30%............40%...........50%............60%...........70%............80%...........90%............100%
[3b34e413-bc49-4be2-8355-4c7f83355e23/build]   | 
[3b34e413-bc49-4be2-8355-4c7f83355e23/build]   | Welcome to Gradle 7.5.1!
[3b34e413-bc49-4be2-8355-4c7f83355e23/build]   | 
[3b34e413-bc49-4be2-8355-4c7f83355e23/build]   | Here are the highlights of this release:
[3b34e413-bc49-4be2-8355-4c7f83355e23/build]   |  - Support for Java 18
[3b34e413-bc49-4be2-8355-4c7f83355e23/build]   |  - Support for building with Groovy 4
[3b34e413-bc49-4be2-8355-4c7f83355e23/build]   |  - Much more responsive continuous builds
[3b34e413-bc49-4be2-8355-4c7f83355e23/build]   |  - Improved diagnostics for dependency resolution
[3b34e413-bc49-4be2-8355-4c7f83355e23/build]   | 
[3b34e413-bc49-4be2-8355-4c7f83355e23/build]   | For more details see https://docs.gradle.org/7.5.1/release-notes.html
[3b34e413-bc49-4be2-8355-4c7f83355e23/build]   | 
[3b34e413-bc49-4be2-8355-4c7f83355e23/build]   | To honour the JVM settings for this build a single-use Daemon process will be forked. See https://docs.gradle.org/7.5.1/userguide/gradle_daemon.html#sec:disabling_the_daemon.
[3b34e413-bc49-4be2-8355-4c7f83355e23/build]   | Daemon will be stopped at the end of the build 
[3b34e413-bc49-4be2-8355-4c7f83355e23/build]   | 
[3b34e413-bc49-4be2-8355-4c7f83355e23/build]   | > Configure project :
[3b34e413-bc49-4be2-8355-4c7f83355e23/build]   | Kordamp Enforcer Gradle plugin 0.13.0. Consider becoming a patron at https://www.patreon.com/aalmiray
[3b34e413-bc49-4be2-8355-4c7f83355e23/build]   | 
[3b34e413-bc49-4be2-8355-4c7f83355e23/build]   | > Task :copyDependencies
[3b34e413-bc49-4be2-8355-4c7f83355e23/build]   | > Task :extractIncludeProto
[3b34e413-bc49-4be2-8355-4c7f83355e23/build]   | > Task :extractProto
[3b34e413-bc49-4be2-8355-4c7f83355e23/build]   | > Task :generateProto
[3b34e413-bc49-4be2-8355-4c7f83355e23/build]   | > Task :compileJava
[3b34e413-bc49-4be2-8355-4c7f83355e23/build]   | Note: Some input files use or override a deprecated API.
[3b34e413-bc49-4be2-8355-4c7f83355e23/build]   | Note: Recompile with -Xlint:deprecation for details.
[3b34e413-bc49-4be2-8355-4c7f83355e23/build]   | Note: Some input files use unchecked or unsafe operations.
[3b34e413-bc49-4be2-8355-4c7f83355e23/build]   | Note: Recompile with -Xlint:unchecked for details.
[3b34e413-bc49-4be2-8355-4c7f83355e23/build]   | 
[3b34e413-bc49-4be2-8355-4c7f83355e23/build]   | > Task :processResources
[3b34e413-bc49-4be2-8355-4c7f83355e23/build]   | > Task :classes
[3b34e413-bc49-4be2-8355-4c7f83355e23/build]   | > Task :jar
[3b34e413-bc49-4be2-8355-4c7f83355e23/build]   | > Task :assemble
[3b34e413-bc49-4be2-8355-4c7f83355e23/build]   | > Task :extractIncludeTestProto
[3b34e413-bc49-4be2-8355-4c7f83355e23/build]   | > Task :extractTestProto
[3b34e413-bc49-4be2-8355-4c7f83355e23/build]   | > Task :generateTestProto NO-SOURCE
[3b34e413-bc49-4be2-8355-4c7f83355e23/build]   | 
[3b34e413-bc49-4be2-8355-4c7f83355e23/build]   | > Task :compileTestJava
[3b34e413-bc49-4be2-8355-4c7f83355e23/build]   | Note: Some input files use or override a deprecated API.
[3b34e413-bc49-4be2-8355-4c7f83355e23/build]   | Note: Recompile with -Xlint:deprecation for details.
[3b34e413-bc49-4be2-8355-4c7f83355e23/build]   | 
[3b34e413-bc49-4be2-8355-4c7f83355e23/build]   | > Task :processTestResources NO-SOURCE
[3b34e413-bc49-4be2-8355-4c7f83355e23/build]   | > Task :testClasses
[3b34e413-bc49-4be2-8355-4c7f83355e23/build]   | > Task :checkstyleTest SKIPPED
[3b34e413-bc49-4be2-8355-4c7f83355e23/build]   | > Task :checkstyleMain
[3b34e413-bc49-4be2-8355-4c7f83355e23/build]   | 
[3b34e413-bc49-4be2-8355-4c7f83355e23/build]   | > Task :test FAILED
[3b34e413-bc49-4be2-8355-4c7f83355e23/build]   | 
[3b34e413-bc49-4be2-8355-4c7f83355e23/build]   | Gt06ProtocolDecoderTest > testDecode() FAILED
[3b34e413-bc49-4be2-8355-4c7f83355e23/build]   |     java.lang.NullPointerException at Gt06ProtocolDecoderTest.java:118
[3b34e413-bc49-4be2-8355-4c7f83355e23/build]   | 
[3b34e413-bc49-4be2-8355-4c7f83355e23/build]   | 498 tests completed, 1 failed, 24 skipped
[3b34e413-bc49-4be2-8355-4c7f83355e23/build]   | 
[3b34e413-bc49-4be2-8355-4c7f83355e23/build]   | FAILURE: Build failed with an exception.
[3b34e413-bc49-4be2-8355-4c7f83355e23/build]   | 
[3b34e413-bc49-4be2-8355-4c7f83355e23/build]   | * What went wrong:
[3b34e413-bc49-4be2-8355-4c7f83355e23/build]   | Execution failed for task ':test'.
[3b34e413-bc49-4be2-8355-4c7f83355e23/build]   | > There were failing tests. See the report at: file:///tmp/370231da-216d-4673-946e-d2e56fe325f5/build/reports/tests/test/index.html
[3b34e413-bc49-4be2-8355-4c7f83355e23/build]   | 
[3b34e413-bc49-4be2-8355-4c7f83355e23/build]   | * Try:
[3b34e413-bc49-4be2-8355-4c7f83355e23/build]   | > Run with --stacktrace option to get the stack trace.
[3b34e413-bc49-4be2-8355-4c7f83355e23/build]   | > Run with --info or --debug option to get more log output.
[3b34e413-bc49-4be2-8355-4c7f83355e23/build]   | > Run with --scan to get full insights.
[3b34e413-bc49-4be2-8355-4c7f83355e23/build]   | 
[3b34e413-bc49-4be2-8355-4c7f83355e23/build]   | * Get more help at https://help.gradle.org
[3b34e413-bc49-4be2-8355-4c7f83355e23/build]   | 
[3b34e413-bc49-4be2-8355-4c7f83355e23/build]   | BUILD FAILED in 3m 18s
[3b34e413-bc49-4be2-8355-4c7f83355e23/build]   | 12 actionable tasks: 12 executed
[3b34e413-bc49-4be2-8355-4c7f83355e23/build]   âŒ  Failure - Main ./gradlew build --no-daemon --warning-mode=fail
[3b34e413-bc49-4be2-8355-4c7f83355e23/build] exitcode '1': failure
[3b34e413-bc49-4be2-8355-4c7f83355e23/build] unable to get git ref: failed to identify reference (tag/branch) for the checked-out revision 'b3c6e22fc19ceeceb0f318131538b5e1d260450c'
[3b34e413-bc49-4be2-8355-4c7f83355e23/build] unable to get git ref: failed to identify reference (tag/branch) for the checked-out revision 'b3c6e22fc19ceeceb0f318131538b5e1d260450c'
[3b34e413-bc49-4be2-8355-4c7f83355e23/build] unable to get git ref: failed to identify reference (tag/branch) for the checked-out revision 'b3c6e22fc19ceeceb0f318131538b5e1d260450c'
[3b34e413-bc49-4be2-8355-4c7f83355e23/build] unable to get git ref: failed to identify reference (tag/branch) for the checked-out revision 'b3c6e22fc19ceeceb0f318131538b5e1d260450c'
[3b34e413-bc49-4be2-8355-4c7f83355e23/build] unable to get git ref: failed to identify reference (tag/branch) for the checked-out revision 'b3c6e22fc19ceeceb0f318131538b5e1d260450c'
[3b34e413-bc49-4be2-8355-4c7f83355e23/build] â­ Run Post actions/setup-java@v3
[3b34e413-bc49-4be2-8355-4c7f83355e23/build]   ğŸ³  docker exec cmd=[node /var/run/act/actions/actions-setup-java@v3/dist/cleanup/index.js] user= workdir=
[3b34e413-bc49-4be2-8355-4c7f83355e23/build]   âœ…  Success - Post actions/setup-java@v3
[3b34e413-bc49-4be2-8355-4c7f83355e23/build] ğŸ  Job failed
[3b34e413-bc49-4be2-8355-4c7f83355e23/build] unable to get git ref: failed to identify reference (tag/branch) for the checked-out revision 'b3c6e22fc19ceeceb0f318131538b5e1d260450c'
