[13220f45-46c1-4651-b7b8-8347d1376b70/build] ğŸš€  Start image=gitbugactions:latest
[13220f45-46c1-4651-b7b8-8347d1376b70/build]   ğŸ³  docker pull image=gitbugactions:latest platform= username= forcePull=false
[13220f45-46c1-4651-b7b8-8347d1376b70/build]   ğŸ³  docker create image=gitbugactions:latest platform= entrypoint=["tail" "-f" "/dev/null"] cmd=[]
[13220f45-46c1-4651-b7b8-8347d1376b70/build]   ğŸ³  docker run image=gitbugactions:latest platform= entrypoint=["tail" "-f" "/dev/null"] cmd=[]
[13220f45-46c1-4651-b7b8-8347d1376b70/build]   ğŸ³  docker exec cmd=[chown -R 1012:1013 /tmp/6e2e44c4-a0da-4f78-9362-d20e233684eb] user=0 workdir=
[13220f45-46c1-4651-b7b8-8347d1376b70/build] unable to get git ref: failed to identify reference (tag/branch) for the checked-out revision '4c57f717f678969a46d9d84538a3116018dce9c1'
[13220f45-46c1-4651-b7b8-8347d1376b70/build] unable to get git ref: failed to identify reference (tag/branch) for the checked-out revision '4c57f717f678969a46d9d84538a3116018dce9c1'
[13220f45-46c1-4651-b7b8-8347d1376b70/build] unable to get git ref: failed to identify reference (tag/branch) for the checked-out revision '4c57f717f678969a46d9d84538a3116018dce9c1'
[13220f45-46c1-4651-b7b8-8347d1376b70/build] unable to get git ref: failed to identify reference (tag/branch) for the checked-out revision '4c57f717f678969a46d9d84538a3116018dce9c1'
[13220f45-46c1-4651-b7b8-8347d1376b70/build] unable to get git ref: failed to identify reference (tag/branch) for the checked-out revision '4c57f717f678969a46d9d84538a3116018dce9c1'
[13220f45-46c1-4651-b7b8-8347d1376b70/build] unable to get git ref: failed to identify reference (tag/branch) for the checked-out revision '4c57f717f678969a46d9d84538a3116018dce9c1'
[13220f45-46c1-4651-b7b8-8347d1376b70/build] unable to get git ref: failed to identify reference (tag/branch) for the checked-out revision '4c57f717f678969a46d9d84538a3116018dce9c1'
[13220f45-46c1-4651-b7b8-8347d1376b70/build] unable to get git ref: failed to identify reference (tag/branch) for the checked-out revision '4c57f717f678969a46d9d84538a3116018dce9c1'
[13220f45-46c1-4651-b7b8-8347d1376b70/build] unable to get git ref: failed to identify reference (tag/branch) for the checked-out revision '4c57f717f678969a46d9d84538a3116018dce9c1'
[13220f45-46c1-4651-b7b8-8347d1376b70/build] â­ Run Main actions/checkout@v3
[13220f45-46c1-4651-b7b8-8347d1376b70/build] unable to get git ref: failed to identify reference (tag/branch) for the checked-out revision '4c57f717f678969a46d9d84538a3116018dce9c1'
[13220f45-46c1-4651-b7b8-8347d1376b70/build] unable to get git ref: failed to identify reference (tag/branch) for the checked-out revision '4c57f717f678969a46d9d84538a3116018dce9c1'
[13220f45-46c1-4651-b7b8-8347d1376b70/build]   ğŸ³  docker cp src=/tmp/6e2e44c4-a0da-4f78-9362-d20e233684eb/. dst=/tmp/6e2e44c4-a0da-4f78-9362-d20e233684eb
[13220f45-46c1-4651-b7b8-8347d1376b70/build]   ğŸ³  docker exec cmd=[chown -R 1012:1013 /tmp/6e2e44c4-a0da-4f78-9362-d20e233684eb] user=0 workdir=
[13220f45-46c1-4651-b7b8-8347d1376b70/build]   âœ…  Success - Main actions/checkout@v3
[13220f45-46c1-4651-b7b8-8347d1376b70/build] unable to get git ref: failed to identify reference (tag/branch) for the checked-out revision '4c57f717f678969a46d9d84538a3116018dce9c1'
[13220f45-46c1-4651-b7b8-8347d1376b70/build] unable to get git ref: failed to identify reference (tag/branch) for the checked-out revision '4c57f717f678969a46d9d84538a3116018dce9c1'
[13220f45-46c1-4651-b7b8-8347d1376b70/build] unable to get git ref: failed to identify reference (tag/branch) for the checked-out revision '4c57f717f678969a46d9d84538a3116018dce9c1'
[13220f45-46c1-4651-b7b8-8347d1376b70/build] unable to get git ref: failed to identify reference (tag/branch) for the checked-out revision '4c57f717f678969a46d9d84538a3116018dce9c1'
[13220f45-46c1-4651-b7b8-8347d1376b70/build] unable to get git ref: failed to identify reference (tag/branch) for the checked-out revision '4c57f717f678969a46d9d84538a3116018dce9c1'
[13220f45-46c1-4651-b7b8-8347d1376b70/build] â­ Run Main actions/setup-java@v3
[13220f45-46c1-4651-b7b8-8347d1376b70/build] unable to get git ref: failed to identify reference (tag/branch) for the checked-out revision '4c57f717f678969a46d9d84538a3116018dce9c1'
[13220f45-46c1-4651-b7b8-8347d1376b70/build] unable to get git ref: failed to identify reference (tag/branch) for the checked-out revision '4c57f717f678969a46d9d84538a3116018dce9c1'
[13220f45-46c1-4651-b7b8-8347d1376b70/build] unable to get git ref: failed to identify reference (tag/branch) for the checked-out revision '4c57f717f678969a46d9d84538a3116018dce9c1'
[13220f45-46c1-4651-b7b8-8347d1376b70/build]   ğŸ³  docker cp src=/tmp/act-cache/e7b2b621-0841-42ea-9255-a102420e2b97/act/actions-setup-java@v3/ dst=/var/run/act/actions/actions-setup-java@v3/
[13220f45-46c1-4651-b7b8-8347d1376b70/build]   ğŸ³  docker exec cmd=[chown -R 1012:1013 /var/run/act/actions/actions-setup-java@v3/] user=0 workdir=
[13220f45-46c1-4651-b7b8-8347d1376b70/build]   ğŸ³  docker exec cmd=[node /var/run/act/actions/actions-setup-java@v3/dist/setup/index.js] user= workdir=
[13220f45-46c1-4651-b7b8-8347d1376b70/build]   â“  ::group::Installed distributions
[13220f45-46c1-4651-b7b8-8347d1376b70/build]   | Trying to resolve the latest version from remote
[13220f45-46c1-4651-b7b8-8347d1376b70/build]   ğŸ’¬  ::debug::Gathering available versions from 'https://api.azul.com/zulu/download/community/v1.0/bundles/?os=linux&ext=tar.gz&bundle_type=jdk&javafx=false&arch=x86&hw_bitness=64&release_status=ga'
[13220f45-46c1-4651-b7b8-8347d1376b70/build]   | Resolved latest version as 11.0.21+9
[13220f45-46c1-4651-b7b8-8347d1376b70/build]   | Trying to download...
[13220f45-46c1-4651-b7b8-8347d1376b70/build]   | Downloading Java 11.0.21+9 (Zulu) from https://cdn.azul.com/zulu/bin/zulu11.68.17-ca-jdk11.0.21-linux_x64.tar.gz ...
[13220f45-46c1-4651-b7b8-8347d1376b70/build]   ğŸ’¬  ::debug::Downloading https://cdn.azul.com/zulu/bin/zulu11.68.17-ca-jdk11.0.21-linux_x64.tar.gz
[13220f45-46c1-4651-b7b8-8347d1376b70/build]   ğŸ’¬  ::debug::Destination /tmp/871f7017-1b54-4719-91de-1abdd83ec758
[13220f45-46c1-4651-b7b8-8347d1376b70/build]   ğŸ’¬  ::debug::download complete
[13220f45-46c1-4651-b7b8-8347d1376b70/build]   | Extracting Java archive...
[13220f45-46c1-4651-b7b8-8347d1376b70/build]   ğŸ’¬  ::debug::Checking tar --version
[13220f45-46c1-4651-b7b8-8347d1376b70/build]   ğŸ’¬  ::debug::tar (GNU tar) 1.34%0ACopyright (C) 2021 Free Software Foundation, Inc.%0ALicense GPLv3+: GNU GPL version 3 or later <https://gnu.org/licenses/gpl.html>.%0AThis is free software: you are free to change and redistribute it.%0AThere is NO WARRANTY, to the extent permitted by law.%0A%0AWritten by John Gilmore and Jay Fenlason.
[13220f45-46c1-4651-b7b8-8347d1376b70/build]   | [command]/usr/bin/tar xz --warning=no-unknown-keyword -C /tmp/8ba0a385-a89d-498e-9f41-859e29c16c36 -f /tmp/871f7017-1b54-4719-91de-1abdd83ec758
[13220f45-46c1-4651-b7b8-8347d1376b70/build]   ğŸ’¬  ::debug::Caching tool Java_Zulu_jdk 11.0.21-9 x64
[13220f45-46c1-4651-b7b8-8347d1376b70/build]   ğŸ’¬  ::debug::source dir: /tmp/8ba0a385-a89d-498e-9f41-859e29c16c36/zulu11.68.17-ca-jdk11.0.21-linux_x64
[13220f45-46c1-4651-b7b8-8347d1376b70/build]   ğŸ’¬  ::debug::destination /opt/hostedtoolcache/Java_Zulu_jdk/11.0.21-9/x64
[13220f45-46c1-4651-b7b8-8347d1376b70/build]   ğŸ’¬  ::debug::finished caching tool
[13220f45-46c1-4651-b7b8-8347d1376b70/build]   | Java 11.0.21+9 was downloaded
[13220f45-46c1-4651-b7b8-8347d1376b70/build]   | Setting Java 11.0.21+9 as the default
[13220f45-46c1-4651-b7b8-8347d1376b70/build]   | Creating toolchains.xml for JDK version 11 from zulu
[13220f45-46c1-4651-b7b8-8347d1376b70/build]   | Writing to /home/runner/.m2/toolchains.xml
[13220f45-46c1-4651-b7b8-8347d1376b70/build]   | 
[13220f45-46c1-4651-b7b8-8347d1376b70/build]   | Java configuration:
[13220f45-46c1-4651-b7b8-8347d1376b70/build]   |   Distribution: zulu
[13220f45-46c1-4651-b7b8-8347d1376b70/build]   |   Version: 11.0.21+9
[13220f45-46c1-4651-b7b8-8347d1376b70/build]   |   Path: /opt/hostedtoolcache/Java_Zulu_jdk/11.0.21-9/x64
[13220f45-46c1-4651-b7b8-8347d1376b70/build]   | 
[13220f45-46c1-4651-b7b8-8347d1376b70/build]   â“  ::endgroup::
[13220f45-46c1-4651-b7b8-8347d1376b70/build]   â“ add-matcher /run/act/actions/actions-setup-java@v3/.github/java.json
[13220f45-46c1-4651-b7b8-8347d1376b70/build]   | Creating settings.xml with server-id: github
[13220f45-46c1-4651-b7b8-8347d1376b70/build]   | Writing to /home/runner/.m2/settings.xml
[13220f45-46c1-4651-b7b8-8347d1376b70/build]   âœ…  Success - Main actions/setup-java@v3
[13220f45-46c1-4651-b7b8-8347d1376b70/build]   âš™  ::set-env:: JAVA_HOME=/opt/hostedtoolcache/Java_Zulu_jdk/11.0.21-9/x64
[13220f45-46c1-4651-b7b8-8347d1376b70/build]   âš™  ::set-env:: JAVA_HOME_11_X64=/opt/hostedtoolcache/Java_Zulu_jdk/11.0.21-9/x64
[13220f45-46c1-4651-b7b8-8347d1376b70/build]   âš™  ::set-output:: distribution=Zulu
[13220f45-46c1-4651-b7b8-8347d1376b70/build]   âš™  ::set-output:: path=/opt/hostedtoolcache/Java_Zulu_jdk/11.0.21-9/x64
[13220f45-46c1-4651-b7b8-8347d1376b70/build]   âš™  ::set-output:: version=11.0.21+9
[13220f45-46c1-4651-b7b8-8347d1376b70/build]   âš™  ::add-path:: /opt/hostedtoolcache/Java_Zulu_jdk/11.0.21-9/x64/bin
[13220f45-46c1-4651-b7b8-8347d1376b70/build] unable to get git ref: failed to identify reference (tag/branch) for the checked-out revision '4c57f717f678969a46d9d84538a3116018dce9c1'
[13220f45-46c1-4651-b7b8-8347d1376b70/build] unable to get git ref: failed to identify reference (tag/branch) for the checked-out revision '4c57f717f678969a46d9d84538a3116018dce9c1'
[13220f45-46c1-4651-b7b8-8347d1376b70/build] unable to get git ref: failed to identify reference (tag/branch) for the checked-out revision '4c57f717f678969a46d9d84538a3116018dce9c1'
[13220f45-46c1-4651-b7b8-8347d1376b70/build] unable to get git ref: failed to identify reference (tag/branch) for the checked-out revision '4c57f717f678969a46d9d84538a3116018dce9c1'
[13220f45-46c1-4651-b7b8-8347d1376b70/build] unable to get git ref: failed to identify reference (tag/branch) for the checked-out revision '4c57f717f678969a46d9d84538a3116018dce9c1'
[13220f45-46c1-4651-b7b8-8347d1376b70/build] â­ Run Main ./gradlew build --no-daemon --warning-mode=fail
[13220f45-46c1-4651-b7b8-8347d1376b70/build] unable to get git ref: failed to identify reference (tag/branch) for the checked-out revision '4c57f717f678969a46d9d84538a3116018dce9c1'
[13220f45-46c1-4651-b7b8-8347d1376b70/build] unable to get git ref: failed to identify reference (tag/branch) for the checked-out revision '4c57f717f678969a46d9d84538a3116018dce9c1'
[13220f45-46c1-4651-b7b8-8347d1376b70/build] unable to get git ref: failed to identify reference (tag/branch) for the checked-out revision '4c57f717f678969a46d9d84538a3116018dce9c1'
[13220f45-46c1-4651-b7b8-8347d1376b70/build] unable to get git ref: failed to identify reference (tag/branch) for the checked-out revision '4c57f717f678969a46d9d84538a3116018dce9c1'
[13220f45-46c1-4651-b7b8-8347d1376b70/build]   ğŸ³  docker exec cmd=[bash --noprofile --norc -e -o pipefail /var/run/act/workflow/2] user= workdir=
[13220f45-46c1-4651-b7b8-8347d1376b70/build]   | Downloading https://services.gradle.org/distributions/gradle-7.5.1-bin.zip
[13220f45-46c1-4651-b7b8-8347d1376b70/build]   | ...........10%............20%...........30%............40%...........50%............60%...........70%............80%...........90%............100%
[13220f45-46c1-4651-b7b8-8347d1376b70/build]   | 
[13220f45-46c1-4651-b7b8-8347d1376b70/build]   | Welcome to Gradle 7.5.1!
[13220f45-46c1-4651-b7b8-8347d1376b70/build]   | 
[13220f45-46c1-4651-b7b8-8347d1376b70/build]   | Here are the highlights of this release:
[13220f45-46c1-4651-b7b8-8347d1376b70/build]   |  - Support for Java 18
[13220f45-46c1-4651-b7b8-8347d1376b70/build]   |  - Support for building with Groovy 4
[13220f45-46c1-4651-b7b8-8347d1376b70/build]   |  - Much more responsive continuous builds
[13220f45-46c1-4651-b7b8-8347d1376b70/build]   |  - Improved diagnostics for dependency resolution
[13220f45-46c1-4651-b7b8-8347d1376b70/build]   | 
[13220f45-46c1-4651-b7b8-8347d1376b70/build]   | For more details see https://docs.gradle.org/7.5.1/release-notes.html
[13220f45-46c1-4651-b7b8-8347d1376b70/build]   | 
[13220f45-46c1-4651-b7b8-8347d1376b70/build]   | To honour the JVM settings for this build a single-use Daemon process will be forked. See https://docs.gradle.org/7.5.1/userguide/gradle_daemon.html#sec:disabling_the_daemon.
[13220f45-46c1-4651-b7b8-8347d1376b70/build]   | Daemon will be stopped at the end of the build 
[13220f45-46c1-4651-b7b8-8347d1376b70/build]   | 
[13220f45-46c1-4651-b7b8-8347d1376b70/build]   | > Configure project :
[13220f45-46c1-4651-b7b8-8347d1376b70/build]   | Kordamp Enforcer Gradle plugin 0.10.0. Consider becoming a patron at https://www.patreon.com/aalmiray
[13220f45-46c1-4651-b7b8-8347d1376b70/build]   | 
[13220f45-46c1-4651-b7b8-8347d1376b70/build]   | > Task :copyDependencies
[13220f45-46c1-4651-b7b8-8347d1376b70/build]   | > Task :extractIncludeProto
[13220f45-46c1-4651-b7b8-8347d1376b70/build]   | > Task :extractProto
[13220f45-46c1-4651-b7b8-8347d1376b70/build]   | > Task :generateProto
[13220f45-46c1-4651-b7b8-8347d1376b70/build]   | > Task :compileJava
[13220f45-46c1-4651-b7b8-8347d1376b70/build]   | Note: Some input files use or override a deprecated API.
[13220f45-46c1-4651-b7b8-8347d1376b70/build]   | Note: Recompile with -Xlint:deprecation for details.
[13220f45-46c1-4651-b7b8-8347d1376b70/build]   | Note: Some input files use unchecked or unsafe operations.
[13220f45-46c1-4651-b7b8-8347d1376b70/build]   | Note: Recompile with -Xlint:unchecked for details.
[13220f45-46c1-4651-b7b8-8347d1376b70/build]   | 
[13220f45-46c1-4651-b7b8-8347d1376b70/build]   | > Task :processResources
[13220f45-46c1-4651-b7b8-8347d1376b70/build]   | > Task :classes
[13220f45-46c1-4651-b7b8-8347d1376b70/build]   | > Task :jar
[13220f45-46c1-4651-b7b8-8347d1376b70/build]   | > Task :assemble
[13220f45-46c1-4651-b7b8-8347d1376b70/build]   | > Task :extractIncludeTestProto
[13220f45-46c1-4651-b7b8-8347d1376b70/build]   | > Task :extractTestProto
[13220f45-46c1-4651-b7b8-8347d1376b70/build]   | > Task :generateTestProto NO-SOURCE
[13220f45-46c1-4651-b7b8-8347d1376b70/build]   | Note: Some input files use or override a deprecated API.
[13220f45-46c1-4651-b7b8-8347d1376b70/build]   | Note: Recompile with -Xlint:deprecation for details.
[13220f45-46c1-4651-b7b8-8347d1376b70/build]   | 
[13220f45-46c1-4651-b7b8-8347d1376b70/build]   | > Task :compileTestJava
[13220f45-46c1-4651-b7b8-8347d1376b70/build]   | 
[13220f45-46c1-4651-b7b8-8347d1376b70/build]   | > Task :processTestResources NO-SOURCE
[13220f45-46c1-4651-b7b8-8347d1376b70/build]   | > Task :testClasses
[13220f45-46c1-4651-b7b8-8347d1376b70/build]   | > Task :checkstyleTest SKIPPED
[13220f45-46c1-4651-b7b8-8347d1376b70/build]   | > Task :checkstyleMain
[13220f45-46c1-4651-b7b8-8347d1376b70/build]   | 
[13220f45-46c1-4651-b7b8-8347d1376b70/build]   | > Task :test FAILED
[13220f45-46c1-4651-b7b8-8347d1376b70/build]   | 
[13220f45-46c1-4651-b7b8-8347d1376b70/build]   | HuabaoProtocolDecoderTest > testDecode() FAILED
[13220f45-46c1-4651-b7b8-8347d1376b70/build]   |     org.opentest4j.AssertionFailedError at HuabaoProtocolDecoderTest.java:29
[13220f45-46c1-4651-b7b8-8347d1376b70/build]   | 
[13220f45-46c1-4651-b7b8-8347d1376b70/build]   | 496 tests completed, 1 failed, 23 skipped
[13220f45-46c1-4651-b7b8-8347d1376b70/build]   | 12 actionable tasks: 12 executed
[13220f45-46c1-4651-b7b8-8347d1376b70/build]   | 
[13220f45-46c1-4651-b7b8-8347d1376b70/build]   | FAILURE: Build failed with an exception.
[13220f45-46c1-4651-b7b8-8347d1376b70/build]   | 
[13220f45-46c1-4651-b7b8-8347d1376b70/build]   | * What went wrong:
[13220f45-46c1-4651-b7b8-8347d1376b70/build]   | Execution failed for task ':test'.
[13220f45-46c1-4651-b7b8-8347d1376b70/build]   | > There were failing tests. See the report at: file:///tmp/6e2e44c4-a0da-4f78-9362-d20e233684eb/build/reports/tests/test/index.html
[13220f45-46c1-4651-b7b8-8347d1376b70/build]   | 
[13220f45-46c1-4651-b7b8-8347d1376b70/build]   | * Try:
[13220f45-46c1-4651-b7b8-8347d1376b70/build]   | > Run with --stacktrace option to get the stack trace.
[13220f45-46c1-4651-b7b8-8347d1376b70/build]   | > Run with --info or --debug option to get more log output.
[13220f45-46c1-4651-b7b8-8347d1376b70/build]   | > Run with --scan to get full insights.
[13220f45-46c1-4651-b7b8-8347d1376b70/build]   | 
[13220f45-46c1-4651-b7b8-8347d1376b70/build]   | * Get more help at https://help.gradle.org
[13220f45-46c1-4651-b7b8-8347d1376b70/build]   | 
[13220f45-46c1-4651-b7b8-8347d1376b70/build]   | BUILD FAILED in 2m 54s
[13220f45-46c1-4651-b7b8-8347d1376b70/build]   âŒ  Failure - Main ./gradlew build --no-daemon --warning-mode=fail
[13220f45-46c1-4651-b7b8-8347d1376b70/build] exitcode '1': failure
[13220f45-46c1-4651-b7b8-8347d1376b70/build] unable to get git ref: failed to identify reference (tag/branch) for the checked-out revision '4c57f717f678969a46d9d84538a3116018dce9c1'
[13220f45-46c1-4651-b7b8-8347d1376b70/build] unable to get git ref: failed to identify reference (tag/branch) for the checked-out revision '4c57f717f678969a46d9d84538a3116018dce9c1'
[13220f45-46c1-4651-b7b8-8347d1376b70/build] unable to get git ref: failed to identify reference (tag/branch) for the checked-out revision '4c57f717f678969a46d9d84538a3116018dce9c1'
[13220f45-46c1-4651-b7b8-8347d1376b70/build] unable to get git ref: failed to identify reference (tag/branch) for the checked-out revision '4c57f717f678969a46d9d84538a3116018dce9c1'
[13220f45-46c1-4651-b7b8-8347d1376b70/build] unable to get git ref: failed to identify reference (tag/branch) for the checked-out revision '4c57f717f678969a46d9d84538a3116018dce9c1'
[13220f45-46c1-4651-b7b8-8347d1376b70/build] â­ Run Post actions/setup-java@v3
[13220f45-46c1-4651-b7b8-8347d1376b70/build]   ğŸ³  docker exec cmd=[node /var/run/act/actions/actions-setup-java@v3/dist/cleanup/index.js] user= workdir=
[13220f45-46c1-4651-b7b8-8347d1376b70/build]   âœ…  Success - Post actions/setup-java@v3
[13220f45-46c1-4651-b7b8-8347d1376b70/build] ğŸ  Job failed
[13220f45-46c1-4651-b7b8-8347d1376b70/build] unable to get git ref: failed to identify reference (tag/branch) for the checked-out revision '4c57f717f678969a46d9d84538a3116018dce9c1'
