[5916710e-a6ca-476e-83fd-1a6eac9506a7/build] üöÄ  Start image=gitbugactions:latest
[5916710e-a6ca-476e-83fd-1a6eac9506a7/build]   üê≥  docker pull image=gitbugactions:latest platform= username= forcePull=false
[5916710e-a6ca-476e-83fd-1a6eac9506a7/build]   üê≥  docker create image=gitbugactions:latest platform= entrypoint=["tail" "-f" "/dev/null"] cmd=[]
[5916710e-a6ca-476e-83fd-1a6eac9506a7/build]   üê≥  docker run image=gitbugactions:latest platform= entrypoint=["tail" "-f" "/dev/null"] cmd=[]
[5916710e-a6ca-476e-83fd-1a6eac9506a7/build]   üê≥  docker exec cmd=[chown -R 1012:1013 /tmp/de3bdcbd-c4c4-4163-9883-5c0dc2ad269a] user=0 workdir=
[5916710e-a6ca-476e-83fd-1a6eac9506a7/build] unable to get git ref: failed to identify reference (tag/branch) for the checked-out revision '65f54c200cf0dcadaa9a1ce685e3eaeb88ce7506'
[5916710e-a6ca-476e-83fd-1a6eac9506a7/build] unable to get git ref: failed to identify reference (tag/branch) for the checked-out revision '65f54c200cf0dcadaa9a1ce685e3eaeb88ce7506'
[5916710e-a6ca-476e-83fd-1a6eac9506a7/build] unable to get git ref: failed to identify reference (tag/branch) for the checked-out revision '65f54c200cf0dcadaa9a1ce685e3eaeb88ce7506'
[5916710e-a6ca-476e-83fd-1a6eac9506a7/build] unable to get git ref: failed to identify reference (tag/branch) for the checked-out revision '65f54c200cf0dcadaa9a1ce685e3eaeb88ce7506'
[5916710e-a6ca-476e-83fd-1a6eac9506a7/build] unable to get git ref: failed to identify reference (tag/branch) for the checked-out revision '65f54c200cf0dcadaa9a1ce685e3eaeb88ce7506'
[5916710e-a6ca-476e-83fd-1a6eac9506a7/build] unable to get git ref: failed to identify reference (tag/branch) for the checked-out revision '65f54c200cf0dcadaa9a1ce685e3eaeb88ce7506'
[5916710e-a6ca-476e-83fd-1a6eac9506a7/build] unable to get git ref: failed to identify reference (tag/branch) for the checked-out revision '65f54c200cf0dcadaa9a1ce685e3eaeb88ce7506'
[5916710e-a6ca-476e-83fd-1a6eac9506a7/build] unable to get git ref: failed to identify reference (tag/branch) for the checked-out revision '65f54c200cf0dcadaa9a1ce685e3eaeb88ce7506'
[5916710e-a6ca-476e-83fd-1a6eac9506a7/build] unable to get git ref: failed to identify reference (tag/branch) for the checked-out revision '65f54c200cf0dcadaa9a1ce685e3eaeb88ce7506'
[5916710e-a6ca-476e-83fd-1a6eac9506a7/build] ‚≠ê Run Main actions/checkout@v3
[5916710e-a6ca-476e-83fd-1a6eac9506a7/build] unable to get git ref: failed to identify reference (tag/branch) for the checked-out revision '65f54c200cf0dcadaa9a1ce685e3eaeb88ce7506'
[5916710e-a6ca-476e-83fd-1a6eac9506a7/build] unable to get git ref: failed to identify reference (tag/branch) for the checked-out revision '65f54c200cf0dcadaa9a1ce685e3eaeb88ce7506'
[5916710e-a6ca-476e-83fd-1a6eac9506a7/build]   üê≥  docker cp src=/tmp/de3bdcbd-c4c4-4163-9883-5c0dc2ad269a/. dst=/tmp/de3bdcbd-c4c4-4163-9883-5c0dc2ad269a
[5916710e-a6ca-476e-83fd-1a6eac9506a7/build]   üê≥  docker exec cmd=[chown -R 1012:1013 /tmp/de3bdcbd-c4c4-4163-9883-5c0dc2ad269a] user=0 workdir=
[5916710e-a6ca-476e-83fd-1a6eac9506a7/build]   ‚úÖ  Success - Main actions/checkout@v3
[5916710e-a6ca-476e-83fd-1a6eac9506a7/build] unable to get git ref: failed to identify reference (tag/branch) for the checked-out revision '65f54c200cf0dcadaa9a1ce685e3eaeb88ce7506'
[5916710e-a6ca-476e-83fd-1a6eac9506a7/build] unable to get git ref: failed to identify reference (tag/branch) for the checked-out revision '65f54c200cf0dcadaa9a1ce685e3eaeb88ce7506'
[5916710e-a6ca-476e-83fd-1a6eac9506a7/build] unable to get git ref: failed to identify reference (tag/branch) for the checked-out revision '65f54c200cf0dcadaa9a1ce685e3eaeb88ce7506'
[5916710e-a6ca-476e-83fd-1a6eac9506a7/build] unable to get git ref: failed to identify reference (tag/branch) for the checked-out revision '65f54c200cf0dcadaa9a1ce685e3eaeb88ce7506'
[5916710e-a6ca-476e-83fd-1a6eac9506a7/build] unable to get git ref: failed to identify reference (tag/branch) for the checked-out revision '65f54c200cf0dcadaa9a1ce685e3eaeb88ce7506'
[5916710e-a6ca-476e-83fd-1a6eac9506a7/build] ‚≠ê Run Main actions/setup-java@v3
[5916710e-a6ca-476e-83fd-1a6eac9506a7/build] unable to get git ref: failed to identify reference (tag/branch) for the checked-out revision '65f54c200cf0dcadaa9a1ce685e3eaeb88ce7506'
[5916710e-a6ca-476e-83fd-1a6eac9506a7/build] unable to get git ref: failed to identify reference (tag/branch) for the checked-out revision '65f54c200cf0dcadaa9a1ce685e3eaeb88ce7506'
[5916710e-a6ca-476e-83fd-1a6eac9506a7/build] unable to get git ref: failed to identify reference (tag/branch) for the checked-out revision '65f54c200cf0dcadaa9a1ce685e3eaeb88ce7506'
[5916710e-a6ca-476e-83fd-1a6eac9506a7/build]   üê≥  docker cp src=/tmp/act-cache/2c720674-79af-48bf-9c43-1dfcc903cc88/act/actions-setup-java@v3/ dst=/var/run/act/actions/actions-setup-java@v3/
[5916710e-a6ca-476e-83fd-1a6eac9506a7/build]   üê≥  docker exec cmd=[chown -R 1012:1013 /var/run/act/actions/actions-setup-java@v3/] user=0 workdir=
[5916710e-a6ca-476e-83fd-1a6eac9506a7/build]   üê≥  docker exec cmd=[node /var/run/act/actions/actions-setup-java@v3/dist/setup/index.js] user= workdir=
[5916710e-a6ca-476e-83fd-1a6eac9506a7/build]   ‚ùì  ::group::Installed distributions
[5916710e-a6ca-476e-83fd-1a6eac9506a7/build]   | Trying to resolve the latest version from remote
[5916710e-a6ca-476e-83fd-1a6eac9506a7/build]   üí¨  ::debug::Gathering available versions from 'https://api.azul.com/zulu/download/community/v1.0/bundles/?os=linux&ext=tar.gz&bundle_type=jdk&javafx=false&arch=x86&hw_bitness=64&release_status=ga'
[5916710e-a6ca-476e-83fd-1a6eac9506a7/build]   | Resolved latest version as 11.0.21+9
[5916710e-a6ca-476e-83fd-1a6eac9506a7/build]   | Trying to download...
[5916710e-a6ca-476e-83fd-1a6eac9506a7/build]   | Downloading Java 11.0.21+9 (Zulu) from https://cdn.azul.com/zulu/bin/zulu11.68.17-ca-jdk11.0.21-linux_x64.tar.gz ...
[5916710e-a6ca-476e-83fd-1a6eac9506a7/build]   üí¨  ::debug::Downloading https://cdn.azul.com/zulu/bin/zulu11.68.17-ca-jdk11.0.21-linux_x64.tar.gz
[5916710e-a6ca-476e-83fd-1a6eac9506a7/build]   üí¨  ::debug::Destination /tmp/652c98de-8ffe-4d0c-92ce-d9be05a6c62e
[5916710e-a6ca-476e-83fd-1a6eac9506a7/build]   üí¨  ::debug::download complete
[5916710e-a6ca-476e-83fd-1a6eac9506a7/build]   | Extracting Java archive...
[5916710e-a6ca-476e-83fd-1a6eac9506a7/build]   üí¨  ::debug::Checking tar --version
[5916710e-a6ca-476e-83fd-1a6eac9506a7/build]   üí¨  ::debug::tar (GNU tar) 1.34%0ACopyright (C) 2021 Free Software Foundation, Inc.%0ALicense GPLv3+: GNU GPL version 3 or later <https://gnu.org/licenses/gpl.html>.%0AThis is free software: you are free to change and redistribute it.%0AThere is NO WARRANTY, to the extent permitted by law.%0A%0AWritten by John Gilmore and Jay Fenlason.
[5916710e-a6ca-476e-83fd-1a6eac9506a7/build]   | [command]/usr/bin/tar xz --warning=no-unknown-keyword -C /tmp/cefd5d95-b1c7-4e99-9efe-31b16526d2b3 -f /tmp/652c98de-8ffe-4d0c-92ce-d9be05a6c62e
[5916710e-a6ca-476e-83fd-1a6eac9506a7/build]   üí¨  ::debug::Caching tool Java_Zulu_jdk 11.0.21-9 x64
[5916710e-a6ca-476e-83fd-1a6eac9506a7/build]   üí¨  ::debug::source dir: /tmp/cefd5d95-b1c7-4e99-9efe-31b16526d2b3/zulu11.68.17-ca-jdk11.0.21-linux_x64
[5916710e-a6ca-476e-83fd-1a6eac9506a7/build]   üí¨  ::debug::destination /opt/hostedtoolcache/Java_Zulu_jdk/11.0.21-9/x64
[5916710e-a6ca-476e-83fd-1a6eac9506a7/build]   üí¨  ::debug::finished caching tool
[5916710e-a6ca-476e-83fd-1a6eac9506a7/build]   | Java 11.0.21+9 was downloaded
[5916710e-a6ca-476e-83fd-1a6eac9506a7/build]   | Setting Java 11.0.21+9 as the default
[5916710e-a6ca-476e-83fd-1a6eac9506a7/build]   | Creating toolchains.xml for JDK version 11 from zulu
[5916710e-a6ca-476e-83fd-1a6eac9506a7/build]   | Writing to /home/runner/.m2/toolchains.xml
[5916710e-a6ca-476e-83fd-1a6eac9506a7/build]   | 
[5916710e-a6ca-476e-83fd-1a6eac9506a7/build]   | Java configuration:
[5916710e-a6ca-476e-83fd-1a6eac9506a7/build]   |   Distribution: zulu
[5916710e-a6ca-476e-83fd-1a6eac9506a7/build]   |   Version: 11.0.21+9
[5916710e-a6ca-476e-83fd-1a6eac9506a7/build]   |   Path: /opt/hostedtoolcache/Java_Zulu_jdk/11.0.21-9/x64
[5916710e-a6ca-476e-83fd-1a6eac9506a7/build]   | 
[5916710e-a6ca-476e-83fd-1a6eac9506a7/build]   ‚ùì  ::endgroup::
[5916710e-a6ca-476e-83fd-1a6eac9506a7/build]   ‚ùì add-matcher /run/act/actions/actions-setup-java@v3/.github/java.json
[5916710e-a6ca-476e-83fd-1a6eac9506a7/build]   | Creating settings.xml with server-id: github
[5916710e-a6ca-476e-83fd-1a6eac9506a7/build]   | Writing to /home/runner/.m2/settings.xml
[5916710e-a6ca-476e-83fd-1a6eac9506a7/build]   ‚úÖ  Success - Main actions/setup-java@v3
[5916710e-a6ca-476e-83fd-1a6eac9506a7/build]   ‚öô  ::set-env:: JAVA_HOME=/opt/hostedtoolcache/Java_Zulu_jdk/11.0.21-9/x64
[5916710e-a6ca-476e-83fd-1a6eac9506a7/build]   ‚öô  ::set-env:: JAVA_HOME_11_X64=/opt/hostedtoolcache/Java_Zulu_jdk/11.0.21-9/x64
[5916710e-a6ca-476e-83fd-1a6eac9506a7/build]   ‚öô  ::set-output:: distribution=Zulu
[5916710e-a6ca-476e-83fd-1a6eac9506a7/build]   ‚öô  ::set-output:: path=/opt/hostedtoolcache/Java_Zulu_jdk/11.0.21-9/x64
[5916710e-a6ca-476e-83fd-1a6eac9506a7/build]   ‚öô  ::set-output:: version=11.0.21+9
[5916710e-a6ca-476e-83fd-1a6eac9506a7/build]   ‚öô  ::add-path:: /opt/hostedtoolcache/Java_Zulu_jdk/11.0.21-9/x64/bin
[5916710e-a6ca-476e-83fd-1a6eac9506a7/build] unable to get git ref: failed to identify reference (tag/branch) for the checked-out revision '65f54c200cf0dcadaa9a1ce685e3eaeb88ce7506'
[5916710e-a6ca-476e-83fd-1a6eac9506a7/build] unable to get git ref: failed to identify reference (tag/branch) for the checked-out revision '65f54c200cf0dcadaa9a1ce685e3eaeb88ce7506'
[5916710e-a6ca-476e-83fd-1a6eac9506a7/build] unable to get git ref: failed to identify reference (tag/branch) for the checked-out revision '65f54c200cf0dcadaa9a1ce685e3eaeb88ce7506'
[5916710e-a6ca-476e-83fd-1a6eac9506a7/build] unable to get git ref: failed to identify reference (tag/branch) for the checked-out revision '65f54c200cf0dcadaa9a1ce685e3eaeb88ce7506'
[5916710e-a6ca-476e-83fd-1a6eac9506a7/build] unable to get git ref: failed to identify reference (tag/branch) for the checked-out revision '65f54c200cf0dcadaa9a1ce685e3eaeb88ce7506'
[5916710e-a6ca-476e-83fd-1a6eac9506a7/build] ‚≠ê Run Main ./gradlew build --no-daemon --warning-mode=fail
[5916710e-a6ca-476e-83fd-1a6eac9506a7/build] unable to get git ref: failed to identify reference (tag/branch) for the checked-out revision '65f54c200cf0dcadaa9a1ce685e3eaeb88ce7506'
[5916710e-a6ca-476e-83fd-1a6eac9506a7/build] unable to get git ref: failed to identify reference (tag/branch) for the checked-out revision '65f54c200cf0dcadaa9a1ce685e3eaeb88ce7506'
[5916710e-a6ca-476e-83fd-1a6eac9506a7/build] unable to get git ref: failed to identify reference (tag/branch) for the checked-out revision '65f54c200cf0dcadaa9a1ce685e3eaeb88ce7506'
[5916710e-a6ca-476e-83fd-1a6eac9506a7/build] unable to get git ref: failed to identify reference (tag/branch) for the checked-out revision '65f54c200cf0dcadaa9a1ce685e3eaeb88ce7506'
[5916710e-a6ca-476e-83fd-1a6eac9506a7/build]   üê≥  docker exec cmd=[bash --noprofile --norc -e -o pipefail /var/run/act/workflow/2] user= workdir=
[5916710e-a6ca-476e-83fd-1a6eac9506a7/build]   | Downloading https://services.gradle.org/distributions/gradle-7.5.1-bin.zip
[5916710e-a6ca-476e-83fd-1a6eac9506a7/build]   | ...........10%............20%...........30%............40%...........50%............60%...........70%............80%...........90%............100%
[5916710e-a6ca-476e-83fd-1a6eac9506a7/build]   | 
[5916710e-a6ca-476e-83fd-1a6eac9506a7/build]   | Welcome to Gradle 7.5.1!
[5916710e-a6ca-476e-83fd-1a6eac9506a7/build]   | 
[5916710e-a6ca-476e-83fd-1a6eac9506a7/build]   | Here are the highlights of this release:
[5916710e-a6ca-476e-83fd-1a6eac9506a7/build]   |  - Support for Java 18
[5916710e-a6ca-476e-83fd-1a6eac9506a7/build]   |  - Support for building with Groovy 4
[5916710e-a6ca-476e-83fd-1a6eac9506a7/build]   |  - Much more responsive continuous builds
[5916710e-a6ca-476e-83fd-1a6eac9506a7/build]   |  - Improved diagnostics for dependency resolution
[5916710e-a6ca-476e-83fd-1a6eac9506a7/build]   | 
[5916710e-a6ca-476e-83fd-1a6eac9506a7/build]   | For more details see https://docs.gradle.org/7.5.1/release-notes.html
[5916710e-a6ca-476e-83fd-1a6eac9506a7/build]   | 
[5916710e-a6ca-476e-83fd-1a6eac9506a7/build]   | To honour the JVM settings for this build a single-use Daemon process will be forked. See https://docs.gradle.org/7.5.1/userguide/gradle_daemon.html#sec:disabling_the_daemon.
[5916710e-a6ca-476e-83fd-1a6eac9506a7/build]   | Daemon will be stopped at the end of the build 
[5916710e-a6ca-476e-83fd-1a6eac9506a7/build]   | 
[5916710e-a6ca-476e-83fd-1a6eac9506a7/build]   | > Configure project :
[5916710e-a6ca-476e-83fd-1a6eac9506a7/build]   | Kordamp Enforcer Gradle plugin 0.13.0. Consider becoming a patron at https://www.patreon.com/aalmiray
[5916710e-a6ca-476e-83fd-1a6eac9506a7/build]   | 
[5916710e-a6ca-476e-83fd-1a6eac9506a7/build]   | > Task :copyDependencies
[5916710e-a6ca-476e-83fd-1a6eac9506a7/build]   | > Task :extractIncludeProto
[5916710e-a6ca-476e-83fd-1a6eac9506a7/build]   | > Task :extractProto
[5916710e-a6ca-476e-83fd-1a6eac9506a7/build]   | > Task :generateProto
[5916710e-a6ca-476e-83fd-1a6eac9506a7/build]   | > Task :compileJava
[5916710e-a6ca-476e-83fd-1a6eac9506a7/build]   | Note: Some input files use or override a deprecated API.
[5916710e-a6ca-476e-83fd-1a6eac9506a7/build]   | Note: Recompile with -Xlint:deprecation for details.
[5916710e-a6ca-476e-83fd-1a6eac9506a7/build]   | Note: Some input files use unchecked or unsafe operations.
[5916710e-a6ca-476e-83fd-1a6eac9506a7/build]   | Note: Recompile with -Xlint:unchecked for details.
[5916710e-a6ca-476e-83fd-1a6eac9506a7/build]   | 
[5916710e-a6ca-476e-83fd-1a6eac9506a7/build]   | > Task :processResources
[5916710e-a6ca-476e-83fd-1a6eac9506a7/build]   | > Task :classes
[5916710e-a6ca-476e-83fd-1a6eac9506a7/build]   | > Task :jar
[5916710e-a6ca-476e-83fd-1a6eac9506a7/build]   | > Task :assemble
[5916710e-a6ca-476e-83fd-1a6eac9506a7/build]   | > Task :extractIncludeTestProto
[5916710e-a6ca-476e-83fd-1a6eac9506a7/build]   | > Task :extractTestProto
[5916710e-a6ca-476e-83fd-1a6eac9506a7/build]   | > Task :generateTestProto NO-SOURCE
[5916710e-a6ca-476e-83fd-1a6eac9506a7/build]   | Note: Some input files use or override a deprecated API.
[5916710e-a6ca-476e-83fd-1a6eac9506a7/build]   | Note: Recompile with -Xlint:deprecation for details.
[5916710e-a6ca-476e-83fd-1a6eac9506a7/build]   | 
[5916710e-a6ca-476e-83fd-1a6eac9506a7/build]   | > Task :compileTestJava
[5916710e-a6ca-476e-83fd-1a6eac9506a7/build]   | 
[5916710e-a6ca-476e-83fd-1a6eac9506a7/build]   | > Task :processTestResources NO-SOURCE
[5916710e-a6ca-476e-83fd-1a6eac9506a7/build]   | > Task :testClasses
[5916710e-a6ca-476e-83fd-1a6eac9506a7/build]   | > Task :checkstyleTest SKIPPED
[5916710e-a6ca-476e-83fd-1a6eac9506a7/build]   | > Task :checkstyleMain
[5916710e-a6ca-476e-83fd-1a6eac9506a7/build]   | 
[5916710e-a6ca-476e-83fd-1a6eac9506a7/build]   | > Task :test FAILED
[5916710e-a6ca-476e-83fd-1a6eac9506a7/build]   | 
[5916710e-a6ca-476e-83fd-1a6eac9506a7/build]   | Gt06ProtocolDecoderTest > testDecode() FAILED
[5916710e-a6ca-476e-83fd-1a6eac9506a7/build]   |     org.opentest4j.AssertionFailedError at Gt06ProtocolDecoderTest.java:20
[5916710e-a6ca-476e-83fd-1a6eac9506a7/build]   | 
[5916710e-a6ca-476e-83fd-1a6eac9506a7/build]   | 502 tests completed, 1 failed, 23 skipped
[5916710e-a6ca-476e-83fd-1a6eac9506a7/build]   | 
[5916710e-a6ca-476e-83fd-1a6eac9506a7/build]   | FAILURE: Build failed with an exception.
[5916710e-a6ca-476e-83fd-1a6eac9506a7/build]   | 
[5916710e-a6ca-476e-83fd-1a6eac9506a7/build]   | * What went wrong:
[5916710e-a6ca-476e-83fd-1a6eac9506a7/build]   | Execution failed for task ':test'.
[5916710e-a6ca-476e-83fd-1a6eac9506a7/build]   | > There were failing tests. See the report at: file:///tmp/de3bdcbd-c4c4-4163-9883-5c0dc2ad269a/build/reports/tests/test/index.html
[5916710e-a6ca-476e-83fd-1a6eac9506a7/build]   | 
[5916710e-a6ca-476e-83fd-1a6eac9506a7/build]   | * Try:
[5916710e-a6ca-476e-83fd-1a6eac9506a7/build]   | > Run with --stacktrace option to get the stack trace.
[5916710e-a6ca-476e-83fd-1a6eac9506a7/build]   | > Run with --info or --debug option to get more log output.
[5916710e-a6ca-476e-83fd-1a6eac9506a7/build]   | > Run with --scan to get full insights.
[5916710e-a6ca-476e-83fd-1a6eac9506a7/build]   | 
[5916710e-a6ca-476e-83fd-1a6eac9506a7/build]   | * Get more help at https://help.gradle.org
[5916710e-a6ca-476e-83fd-1a6eac9506a7/build]   | 
[5916710e-a6ca-476e-83fd-1a6eac9506a7/build]   | BUILD FAILED in 2m 50s
[5916710e-a6ca-476e-83fd-1a6eac9506a7/build]   | 12 actionable tasks: 12 executed
[5916710e-a6ca-476e-83fd-1a6eac9506a7/build]   ‚ùå  Failure - Main ./gradlew build --no-daemon --warning-mode=fail
[5916710e-a6ca-476e-83fd-1a6eac9506a7/build] exitcode '1': failure
[5916710e-a6ca-476e-83fd-1a6eac9506a7/build] unable to get git ref: failed to identify reference (tag/branch) for the checked-out revision '65f54c200cf0dcadaa9a1ce685e3eaeb88ce7506'
[5916710e-a6ca-476e-83fd-1a6eac9506a7/build] unable to get git ref: failed to identify reference (tag/branch) for the checked-out revision '65f54c200cf0dcadaa9a1ce685e3eaeb88ce7506'
[5916710e-a6ca-476e-83fd-1a6eac9506a7/build] unable to get git ref: failed to identify reference (tag/branch) for the checked-out revision '65f54c200cf0dcadaa9a1ce685e3eaeb88ce7506'
[5916710e-a6ca-476e-83fd-1a6eac9506a7/build] unable to get git ref: failed to identify reference (tag/branch) for the checked-out revision '65f54c200cf0dcadaa9a1ce685e3eaeb88ce7506'
[5916710e-a6ca-476e-83fd-1a6eac9506a7/build] unable to get git ref: failed to identify reference (tag/branch) for the checked-out revision '65f54c200cf0dcadaa9a1ce685e3eaeb88ce7506'
[5916710e-a6ca-476e-83fd-1a6eac9506a7/build] ‚≠ê Run Post actions/setup-java@v3
[5916710e-a6ca-476e-83fd-1a6eac9506a7/build]   üê≥  docker exec cmd=[node /var/run/act/actions/actions-setup-java@v3/dist/cleanup/index.js] user= workdir=
[5916710e-a6ca-476e-83fd-1a6eac9506a7/build]   ‚úÖ  Success - Post actions/setup-java@v3
[5916710e-a6ca-476e-83fd-1a6eac9506a7/build] üèÅ  Job failed
[5916710e-a6ca-476e-83fd-1a6eac9506a7/build] unable to get git ref: failed to identify reference (tag/branch) for the checked-out revision '65f54c200cf0dcadaa9a1ce685e3eaeb88ce7506'
