[3ef915f1-3fce-4750-b1c7-8428baf3daf3/build] ğŸš€  Start image=crawlergpt:latest
[3ef915f1-3fce-4750-b1c7-8428baf3daf3/build]   ğŸ³  docker pull image=crawlergpt:latest platform= username= forcePull=false
[3ef915f1-3fce-4750-b1c7-8428baf3daf3/build]   ğŸ³  docker create image=crawlergpt:latest platform= entrypoint=["tail" "-f" "/dev/null"] cmd=[]
[3ef915f1-3fce-4750-b1c7-8428baf3daf3/build]   ğŸ³  docker run image=crawlergpt:latest platform= entrypoint=["tail" "-f" "/dev/null"] cmd=[]
[3ef915f1-3fce-4750-b1c7-8428baf3daf3/build]   ğŸ³  docker exec cmd=[chown -R 1012:1013 /tmp/c1daaa4e-6c6b-4aeb-85e2-9efabbb6deb6] user=0 workdir=
[3ef915f1-3fce-4750-b1c7-8428baf3daf3/build] unable to get git ref: failed to identify reference (tag/branch) for the checked-out revision '226849f3a27aa4b42c28f1b580e2d35997e41b44'
[3ef915f1-3fce-4750-b1c7-8428baf3daf3/build] unable to get git ref: failed to identify reference (tag/branch) for the checked-out revision '226849f3a27aa4b42c28f1b580e2d35997e41b44'
[3ef915f1-3fce-4750-b1c7-8428baf3daf3/build] unable to get git ref: failed to identify reference (tag/branch) for the checked-out revision '226849f3a27aa4b42c28f1b580e2d35997e41b44'
[3ef915f1-3fce-4750-b1c7-8428baf3daf3/build] unable to get git ref: failed to identify reference (tag/branch) for the checked-out revision '226849f3a27aa4b42c28f1b580e2d35997e41b44'
[3ef915f1-3fce-4750-b1c7-8428baf3daf3/build] unable to get git ref: failed to identify reference (tag/branch) for the checked-out revision '226849f3a27aa4b42c28f1b580e2d35997e41b44'
[3ef915f1-3fce-4750-b1c7-8428baf3daf3/build] unable to get git ref: failed to identify reference (tag/branch) for the checked-out revision '226849f3a27aa4b42c28f1b580e2d35997e41b44'
[3ef915f1-3fce-4750-b1c7-8428baf3daf3/build] unable to get git ref: failed to identify reference (tag/branch) for the checked-out revision '226849f3a27aa4b42c28f1b580e2d35997e41b44'
[3ef915f1-3fce-4750-b1c7-8428baf3daf3/build] unable to get git ref: failed to identify reference (tag/branch) for the checked-out revision '226849f3a27aa4b42c28f1b580e2d35997e41b44'
[3ef915f1-3fce-4750-b1c7-8428baf3daf3/build] unable to get git ref: failed to identify reference (tag/branch) for the checked-out revision '226849f3a27aa4b42c28f1b580e2d35997e41b44'
[3ef915f1-3fce-4750-b1c7-8428baf3daf3/build] â­ Run Main actions/checkout@v1
[3ef915f1-3fce-4750-b1c7-8428baf3daf3/build] unable to get git ref: failed to identify reference (tag/branch) for the checked-out revision '226849f3a27aa4b42c28f1b580e2d35997e41b44'
[3ef915f1-3fce-4750-b1c7-8428baf3daf3/build]   âœ…  Success - Main actions/checkout@v1
[3ef915f1-3fce-4750-b1c7-8428baf3daf3/build] unable to get git ref: failed to identify reference (tag/branch) for the checked-out revision '226849f3a27aa4b42c28f1b580e2d35997e41b44'
[3ef915f1-3fce-4750-b1c7-8428baf3daf3/build] unable to get git ref: failed to identify reference (tag/branch) for the checked-out revision '226849f3a27aa4b42c28f1b580e2d35997e41b44'
[3ef915f1-3fce-4750-b1c7-8428baf3daf3/build] unable to get git ref: failed to identify reference (tag/branch) for the checked-out revision '226849f3a27aa4b42c28f1b580e2d35997e41b44'
[3ef915f1-3fce-4750-b1c7-8428baf3daf3/build] unable to get git ref: failed to identify reference (tag/branch) for the checked-out revision '226849f3a27aa4b42c28f1b580e2d35997e41b44'
[3ef915f1-3fce-4750-b1c7-8428baf3daf3/build] unable to get git ref: failed to identify reference (tag/branch) for the checked-out revision '226849f3a27aa4b42c28f1b580e2d35997e41b44'
[3ef915f1-3fce-4750-b1c7-8428baf3daf3/build] â­ Run Main Set up JDK 1.8
[3ef915f1-3fce-4750-b1c7-8428baf3daf3/build] unable to get git ref: failed to identify reference (tag/branch) for the checked-out revision '226849f3a27aa4b42c28f1b580e2d35997e41b44'
[3ef915f1-3fce-4750-b1c7-8428baf3daf3/build] unable to get git ref: failed to identify reference (tag/branch) for the checked-out revision '226849f3a27aa4b42c28f1b580e2d35997e41b44'
[3ef915f1-3fce-4750-b1c7-8428baf3daf3/build] unable to get git ref: failed to identify reference (tag/branch) for the checked-out revision '226849f3a27aa4b42c28f1b580e2d35997e41b44'
[3ef915f1-3fce-4750-b1c7-8428baf3daf3/build]   ğŸ³  docker cp src=/tmp/act-cache/3b942c7a-f39f-47dc-9e6b-ce8fb76d3a29/act/actions-setup-java@v1/ dst=/var/run/act/actions/actions-setup-java@v1/
[3ef915f1-3fce-4750-b1c7-8428baf3daf3/build]   ğŸ³  docker exec cmd=[chown -R 1012:1013 /var/run/act/actions/actions-setup-java@v1/] user=0 workdir=
[3ef915f1-3fce-4750-b1c7-8428baf3daf3/build]   ğŸ³  docker exec cmd=[node /var/run/act/actions/actions-setup-java@v1/dist/setup/index.js] user= workdir=
[3ef915f1-3fce-4750-b1c7-8428baf3daf3/build]   ğŸ’¬  ::debug::isExplicit: 
[3ef915f1-3fce-4750-b1c7-8428baf3daf3/build]   ğŸ’¬  ::debug::explicit? false
[3ef915f1-3fce-4750-b1c7-8428baf3daf3/build]   ğŸ’¬  ::debug::evaluating 0 versions
[3ef915f1-3fce-4750-b1c7-8428baf3daf3/build]   ğŸ’¬  ::debug::match not found
[3ef915f1-3fce-4750-b1c7-8428baf3daf3/build]   ğŸ’¬  ::debug::Downloading JDK from Azul
[3ef915f1-3fce-4750-b1c7-8428baf3daf3/build]   ğŸ’¬  ::debug::Searching for files with extension: -linux_x64.tar.gz
[3ef915f1-3fce-4750-b1c7-8428baf3daf3/build]   ğŸ’¬  ::debug::Downloading https://static.azul.com/zulu/bin/zulu8.70.0.23-ca-jdk8.0.372-linux_x64.tar.gz
[3ef915f1-3fce-4750-b1c7-8428baf3daf3/build]   ğŸ’¬  ::debug::Downloading /tmp/697855f8-5585-4fd0-960d-e85a77454ae6
[3ef915f1-3fce-4750-b1c7-8428baf3daf3/build]   ğŸ’¬  ::debug::download complete
[3ef915f1-3fce-4750-b1c7-8428baf3daf3/build]   | [command]/usr/bin/tar --version
[3ef915f1-3fce-4750-b1c7-8428baf3daf3/build]   | tar (GNU tar) 1.30
[3ef915f1-3fce-4750-b1c7-8428baf3daf3/build]   | Copyright (C) 2017 Free Software Foundation, Inc.
[3ef915f1-3fce-4750-b1c7-8428baf3daf3/build]   | License GPLv3+: GNU GPL version 3 or later <https://gnu.org/licenses/gpl.html>.
[3ef915f1-3fce-4750-b1c7-8428baf3daf3/build]   | This is free software: you are free to change and redistribute it.
[3ef915f1-3fce-4750-b1c7-8428baf3daf3/build]   | There is NO WARRANTY, to the extent permitted by law.
[3ef915f1-3fce-4750-b1c7-8428baf3daf3/build]   | 
[3ef915f1-3fce-4750-b1c7-8428baf3daf3/build]   | Written by John Gilmore and Jay Fenlason.
[3ef915f1-3fce-4750-b1c7-8428baf3daf3/build]   | [command]/usr/bin/tar xz --warning=no-unknown-keyword -C /tmp/temp_620094406 -f /tmp/697855f8-5585-4fd0-960d-e85a77454ae6
[3ef915f1-3fce-4750-b1c7-8428baf3daf3/build]   ğŸ’¬  ::debug::jdk extracted to /tmp/temp_620094406/zulu8.70.0.23-ca-jdk8.0.372-linux_x64
[3ef915f1-3fce-4750-b1c7-8428baf3daf3/build]   ğŸ’¬  ::debug::Caching tool jdk 8.0.372 x64
[3ef915f1-3fce-4750-b1c7-8428baf3daf3/build]   ğŸ’¬  ::debug::source dir: /tmp/temp_620094406/zulu8.70.0.23-ca-jdk8.0.372-linux_x64
[3ef915f1-3fce-4750-b1c7-8428baf3daf3/build]   ğŸ’¬  ::debug::destination /opt/hostedtoolcache/jdk/8.0.372/x64
[3ef915f1-3fce-4750-b1c7-8428baf3daf3/build]   ğŸ’¬  ::debug::finished caching tool
[3ef915f1-3fce-4750-b1c7-8428baf3daf3/build]   â“ add-matcher /run/act/actions/actions-setup-java@v1/.github/java.json
[3ef915f1-3fce-4750-b1c7-8428baf3daf3/build]   | creating settings.xml with server-id: github; environment variables: username=$GITHUB_ACTOR, password=$GITHUB_TOKEN, and gpg-passphrase=null
[3ef915f1-3fce-4750-b1c7-8428baf3daf3/build]   ğŸ’¬  ::debug::created directory /home/runneradmin/.m2
[3ef915f1-3fce-4750-b1c7-8428baf3daf3/build]   | writing /home/runneradmin/.m2/settings.xml
[3ef915f1-3fce-4750-b1c7-8428baf3daf3/build]   âœ…  Success - Main Set up JDK 1.8
[3ef915f1-3fce-4750-b1c7-8428baf3daf3/build]   âš™  ::set-env:: JAVA_HOME_8.0.372_x64=/opt/hostedtoolcache/jdk/8.0.372/x64
[3ef915f1-3fce-4750-b1c7-8428baf3daf3/build]   âš™  ::set-env:: JAVA_HOME=/opt/hostedtoolcache/jdk/8.0.372/x64
[3ef915f1-3fce-4750-b1c7-8428baf3daf3/build]   âš™  ::set-env:: JAVA_HOME_8_0_372_X64=/opt/hostedtoolcache/jdk/8.0.372/x64
[3ef915f1-3fce-4750-b1c7-8428baf3daf3/build]   âš™  ::set-output:: version=8.0.372
[3ef915f1-3fce-4750-b1c7-8428baf3daf3/build]   âš™  ::set-output:: path=/opt/hostedtoolcache/jdk/8.0.372/x64
[3ef915f1-3fce-4750-b1c7-8428baf3daf3/build]   âš™  ::add-path:: /opt/hostedtoolcache/jdk/8.0.372/x64/bin
[3ef915f1-3fce-4750-b1c7-8428baf3daf3/build] unable to get git ref: failed to identify reference (tag/branch) for the checked-out revision '226849f3a27aa4b42c28f1b580e2d35997e41b44'
[3ef915f1-3fce-4750-b1c7-8428baf3daf3/build] unable to get git ref: failed to identify reference (tag/branch) for the checked-out revision '226849f3a27aa4b42c28f1b580e2d35997e41b44'
[3ef915f1-3fce-4750-b1c7-8428baf3daf3/build] unable to get git ref: failed to identify reference (tag/branch) for the checked-out revision '226849f3a27aa4b42c28f1b580e2d35997e41b44'
[3ef915f1-3fce-4750-b1c7-8428baf3daf3/build] unable to get git ref: failed to identify reference (tag/branch) for the checked-out revision '226849f3a27aa4b42c28f1b580e2d35997e41b44'
[3ef915f1-3fce-4750-b1c7-8428baf3daf3/build] unable to get git ref: failed to identify reference (tag/branch) for the checked-out revision '226849f3a27aa4b42c28f1b580e2d35997e41b44'
[3ef915f1-3fce-4750-b1c7-8428baf3daf3/build] â­ Run Main Build with Gradle
[3ef915f1-3fce-4750-b1c7-8428baf3daf3/build] unable to get git ref: failed to identify reference (tag/branch) for the checked-out revision '226849f3a27aa4b42c28f1b580e2d35997e41b44'
[3ef915f1-3fce-4750-b1c7-8428baf3daf3/build] unable to get git ref: failed to identify reference (tag/branch) for the checked-out revision '226849f3a27aa4b42c28f1b580e2d35997e41b44'
[3ef915f1-3fce-4750-b1c7-8428baf3daf3/build] unable to get git ref: failed to identify reference (tag/branch) for the checked-out revision '226849f3a27aa4b42c28f1b580e2d35997e41b44'
[3ef915f1-3fce-4750-b1c7-8428baf3daf3/build] unable to get git ref: failed to identify reference (tag/branch) for the checked-out revision '226849f3a27aa4b42c28f1b580e2d35997e41b44'
[3ef915f1-3fce-4750-b1c7-8428baf3daf3/build]   ğŸ³  docker exec cmd=[bash --noprofile --norc -e -o pipefail /var/run/act/workflow/2] user= workdir=
[3ef915f1-3fce-4750-b1c7-8428baf3daf3/build]   | Downloading https://services.gradle.org/distributions/gradle-4.0.2-all.zip
[3ef915f1-3fce-4750-b1c7-8428baf3daf3/build]   | .....................................................................................
[3ef915f1-3fce-4750-b1c7-8428baf3daf3/build]   | Unzipping /home/runneradmin/.gradle/wrapper/dists/gradle-4.0.2-all/680wmhe205zg4atnbsmvvt28p/gradle-4.0.2-all.zip to /home/runneradmin/.gradle/wrapper/dists/gradle-4.0.2-all/680wmhe205zg4atnbsmvvt28p
[3ef915f1-3fce-4750-b1c7-8428baf3daf3/build]   | Set executable permissions for: /home/runneradmin/.gradle/wrapper/dists/gradle-4.0.2-all/680wmhe205zg4atnbsmvvt28p/gradle-4.0.2/bin/gradle
[3ef915f1-3fce-4750-b1c7-8428baf3daf3/build]   | Starting a Gradle Daemon (subsequent builds will be faster)
[3ef915f1-3fce-4750-b1c7-8428baf3daf3/build]   | Download https://plugins.gradle.org/m2/com/gradle/build-scan-plugin/1.8/build-scan-plugin-1.8.pom
[3ef915f1-3fce-4750-b1c7-8428baf3daf3/build]   | Download https://plugins.gradle.org/m2/me/champeau/gradle/jmh-gradle-plugin/0.3.1/jmh-gradle-plugin-0.3.1.pom
[3ef915f1-3fce-4750-b1c7-8428baf3daf3/build]   | Download https://plugins.gradle.org/m2/me/champeau/gradle/jmh-gradle-plugin/0.3.1/jmh-gradle-plugin-0.3.1.jar
[3ef915f1-3fce-4750-b1c7-8428baf3daf3/build]   | Download https://plugins.gradle.org/m2/com/gradle/build-scan-plugin/1.8/build-scan-plugin-1.8.jar
[3ef915f1-3fce-4750-b1c7-8428baf3daf3/build]   | Gradle now uses separate output directories for each JVM language, but this build assumes a single directory for all classes from a source set. This behaviour has been deprecated and is scheduled to be removed in Gradle 5.0
[3ef915f1-3fce-4750-b1c7-8428baf3daf3/build]   | :compileJavaNote: Some input files use unchecked or unsafe operations.
[3ef915f1-3fce-4750-b1c7-8428baf3daf3/build]   | Note: Recompile with -Xlint:unchecked for details.
[3ef915f1-3fce-4750-b1c7-8428baf3daf3/build]   | 
[3ef915f1-3fce-4750-b1c7-8428baf3daf3/build]   | :processResources
[3ef915f1-3fce-4750-b1c7-8428baf3daf3/build]   | :classes
[3ef915f1-3fce-4750-b1c7-8428baf3daf3/build]   | :jar
[3ef915f1-3fce-4750-b1c7-8428baf3daf3/build]   | :assemble
[3ef915f1-3fce-4750-b1c7-8428baf3daf3/build]   | :compileTestJava
[3ef915f1-3fce-4750-b1c7-8428baf3daf3/build]   | Download https://jcenter.bintray.com/org/hamcrest/hamcrest-all/1.3/hamcrest-all-1.3.pom
[3ef915f1-3fce-4750-b1c7-8428baf3daf3/build]   | Download https://jcenter.bintray.com/junit/junit/4.12/junit-4.12.pom
[3ef915f1-3fce-4750-b1c7-8428baf3daf3/build]   | Download https://jcenter.bintray.com/org/hamcrest/hamcrest-parent/1.3/hamcrest-parent-1.3.pom
[3ef915f1-3fce-4750-b1c7-8428baf3daf3/build]   | Download https://jcenter.bintray.com/org/hamcrest/hamcrest-all/1.3/hamcrest-all-1.3.jar
[3ef915f1-3fce-4750-b1c7-8428baf3daf3/build]   | Download https://jcenter.bintray.com/junit/junit/4.12/junit-4.12.jar
[3ef915f1-3fce-4750-b1c7-8428baf3daf3/build]   | :processTestResources NO-SOURCE
[3ef915f1-3fce-4750-b1c7-8428baf3daf3/build]   | :testClasses
[3ef915f1-3fce-4750-b1c7-8428baf3daf3/build]   | :test
[3ef915f1-3fce-4750-b1c7-8428baf3daf3/build]   | 
[3ef915f1-3fce-4750-b1c7-8428baf3daf3/build]   | concurrency.CompletableFutureTests > supplyThenAcceptAsyncWithExecutor FAILED
[3ef915f1-3fce-4750-b1c7-8428baf3daf3/build]   |     java.lang.AssertionError at CompletableFutureTests.java:103
[3ef915f1-3fce-4750-b1c7-8428baf3daf3/build]   | 
[3ef915f1-3fce-4750-b1c7-8428baf3daf3/build]   | 149 tests completed, 1 failed
[3ef915f1-3fce-4750-b1c7-8428baf3daf3/build]   | :test FAILED
[3ef915f1-3fce-4750-b1c7-8428baf3daf3/build]   | 
[3ef915f1-3fce-4750-b1c7-8428baf3daf3/build]   | FAILURE: Build failed with an exception.
[3ef915f1-3fce-4750-b1c7-8428baf3daf3/build]   | 
[3ef915f1-3fce-4750-b1c7-8428baf3daf3/build]   | * What went wrong:
[3ef915f1-3fce-4750-b1c7-8428baf3daf3/build]   | Execution failed for task ':test'.
[3ef915f1-3fce-4750-b1c7-8428baf3daf3/build]   | > There were failing tests. See the report at: file:///tmp/c1daaa4e-6c6b-4aeb-85e2-9efabbb6deb6/build/reports/tests/test/index.html
[3ef915f1-3fce-4750-b1c7-8428baf3daf3/build]   | 
[3ef915f1-3fce-4750-b1c7-8428baf3daf3/build]   | * Try:
[3ef915f1-3fce-4750-b1c7-8428baf3daf3/build]   | Run with --stacktrace option to get the stack trace. Run with --info or --debug option to get more log output.
[3ef915f1-3fce-4750-b1c7-8428baf3daf3/build]   | 
[3ef915f1-3fce-4750-b1c7-8428baf3daf3/build]   | BUILD FAILED in 30s
[3ef915f1-3fce-4750-b1c7-8428baf3daf3/build]   | 5 actionable tasks: 5 executed
[3ef915f1-3fce-4750-b1c7-8428baf3daf3/build]   âŒ  Failure - Main Build with Gradle
[3ef915f1-3fce-4750-b1c7-8428baf3daf3/build] exitcode '1': failure
[3ef915f1-3fce-4750-b1c7-8428baf3daf3/build] unable to get git ref: failed to identify reference (tag/branch) for the checked-out revision '226849f3a27aa4b42c28f1b580e2d35997e41b44'
[3ef915f1-3fce-4750-b1c7-8428baf3daf3/build] unable to get git ref: failed to identify reference (tag/branch) for the checked-out revision '226849f3a27aa4b42c28f1b580e2d35997e41b44'
[3ef915f1-3fce-4750-b1c7-8428baf3daf3/build] unable to get git ref: failed to identify reference (tag/branch) for the checked-out revision '226849f3a27aa4b42c28f1b580e2d35997e41b44'
[3ef915f1-3fce-4750-b1c7-8428baf3daf3/build] unable to get git ref: failed to identify reference (tag/branch) for the checked-out revision '226849f3a27aa4b42c28f1b580e2d35997e41b44'
[3ef915f1-3fce-4750-b1c7-8428baf3daf3/build] unable to get git ref: failed to identify reference (tag/branch) for the checked-out revision '226849f3a27aa4b42c28f1b580e2d35997e41b44'
[3ef915f1-3fce-4750-b1c7-8428baf3daf3/build] â­ Run Post Set up JDK 1.8
[3ef915f1-3fce-4750-b1c7-8428baf3daf3/build]   ğŸ³  docker exec cmd=[node /var/run/act/actions/actions-setup-java@v1/dist/cleanup/index.js] user= workdir=
[3ef915f1-3fce-4750-b1c7-8428baf3daf3/build]   âœ…  Success - Post Set up JDK 1.8
[3ef915f1-3fce-4750-b1c7-8428baf3daf3/build] ğŸ  Job failed
[3ef915f1-3fce-4750-b1c7-8428baf3daf3/build] unable to get git ref: failed to identify reference (tag/branch) for the checked-out revision '226849f3a27aa4b42c28f1b580e2d35997e41b44'
