[c352754d-93b5-4b2a-b3f4-b4ceb640287a/Build] ğŸš€  Start image=crawlergpt:latest
[c352754d-93b5-4b2a-b3f4-b4ceb640287a/Build]   ğŸ³  docker pull image=crawlergpt:latest platform= username= forcePull=false
[c352754d-93b5-4b2a-b3f4-b4ceb640287a/Build]   ğŸ³  docker create image=crawlergpt:latest platform= entrypoint=["tail" "-f" "/dev/null"] cmd=[]
[c352754d-93b5-4b2a-b3f4-b4ceb640287a/Build]   ğŸ³  docker run image=crawlergpt:latest platform= entrypoint=["tail" "-f" "/dev/null"] cmd=[]
[c352754d-93b5-4b2a-b3f4-b4ceb640287a/Build]   ğŸ³  docker exec cmd=[chown -R 1012:1013 /tmp/a8dcc03d-075c-4a52-aabc-2352dfa535e3] user=0 workdir=
[c352754d-93b5-4b2a-b3f4-b4ceb640287a/Build] unable to get git ref: failed to identify reference (tag/branch) for the checked-out revision '241a06017b62cc1c7a18e0071d0216d5234d3680'
[c352754d-93b5-4b2a-b3f4-b4ceb640287a/Build] unable to get git ref: failed to identify reference (tag/branch) for the checked-out revision '241a06017b62cc1c7a18e0071d0216d5234d3680'
[c352754d-93b5-4b2a-b3f4-b4ceb640287a/Build] unable to get git ref: failed to identify reference (tag/branch) for the checked-out revision '241a06017b62cc1c7a18e0071d0216d5234d3680'
[c352754d-93b5-4b2a-b3f4-b4ceb640287a/Build] unable to get git ref: failed to identify reference (tag/branch) for the checked-out revision '241a06017b62cc1c7a18e0071d0216d5234d3680'
[c352754d-93b5-4b2a-b3f4-b4ceb640287a/Build] unable to get git ref: failed to identify reference (tag/branch) for the checked-out revision '241a06017b62cc1c7a18e0071d0216d5234d3680'
[c352754d-93b5-4b2a-b3f4-b4ceb640287a/Build] unable to get git ref: failed to identify reference (tag/branch) for the checked-out revision '241a06017b62cc1c7a18e0071d0216d5234d3680'
[c352754d-93b5-4b2a-b3f4-b4ceb640287a/Build] unable to get git ref: failed to identify reference (tag/branch) for the checked-out revision '241a06017b62cc1c7a18e0071d0216d5234d3680'
[c352754d-93b5-4b2a-b3f4-b4ceb640287a/Build] unable to get git ref: failed to identify reference (tag/branch) for the checked-out revision '241a06017b62cc1c7a18e0071d0216d5234d3680'
[c352754d-93b5-4b2a-b3f4-b4ceb640287a/Build] unable to get git ref: failed to identify reference (tag/branch) for the checked-out revision '241a06017b62cc1c7a18e0071d0216d5234d3680'
[c352754d-93b5-4b2a-b3f4-b4ceb640287a/Build] â­ Run Main Checkout code
[c352754d-93b5-4b2a-b3f4-b4ceb640287a/Build] unable to get git ref: failed to identify reference (tag/branch) for the checked-out revision '241a06017b62cc1c7a18e0071d0216d5234d3680'
[c352754d-93b5-4b2a-b3f4-b4ceb640287a/Build]   âœ…  Success - Main Checkout code
[c352754d-93b5-4b2a-b3f4-b4ceb640287a/Build] unable to get git ref: failed to identify reference (tag/branch) for the checked-out revision '241a06017b62cc1c7a18e0071d0216d5234d3680'
[c352754d-93b5-4b2a-b3f4-b4ceb640287a/Build] unable to get git ref: failed to identify reference (tag/branch) for the checked-out revision '241a06017b62cc1c7a18e0071d0216d5234d3680'
[c352754d-93b5-4b2a-b3f4-b4ceb640287a/Build] unable to get git ref: failed to identify reference (tag/branch) for the checked-out revision '241a06017b62cc1c7a18e0071d0216d5234d3680'
[c352754d-93b5-4b2a-b3f4-b4ceb640287a/Build] unable to get git ref: failed to identify reference (tag/branch) for the checked-out revision '241a06017b62cc1c7a18e0071d0216d5234d3680'
[c352754d-93b5-4b2a-b3f4-b4ceb640287a/Build] unable to get git ref: failed to identify reference (tag/branch) for the checked-out revision '241a06017b62cc1c7a18e0071d0216d5234d3680'
[c352754d-93b5-4b2a-b3f4-b4ceb640287a/Build] â­ Run Main Set up JDK 11
[c352754d-93b5-4b2a-b3f4-b4ceb640287a/Build] unable to get git ref: failed to identify reference (tag/branch) for the checked-out revision '241a06017b62cc1c7a18e0071d0216d5234d3680'
[c352754d-93b5-4b2a-b3f4-b4ceb640287a/Build] unable to get git ref: failed to identify reference (tag/branch) for the checked-out revision '241a06017b62cc1c7a18e0071d0216d5234d3680'
[c352754d-93b5-4b2a-b3f4-b4ceb640287a/Build] unable to get git ref: failed to identify reference (tag/branch) for the checked-out revision '241a06017b62cc1c7a18e0071d0216d5234d3680'
[c352754d-93b5-4b2a-b3f4-b4ceb640287a/Build]   ğŸ³  docker cp src=/tmp/act-cache/2cb5a85c-2d27-44ac-afb1-e13c9f5673f1/act/actions-setup-java@v1/ dst=/var/run/act/actions/actions-setup-java@v1/
[c352754d-93b5-4b2a-b3f4-b4ceb640287a/Build]   ğŸ³  docker exec cmd=[chown -R 1012:1013 /var/run/act/actions/actions-setup-java@v1/] user=0 workdir=
[c352754d-93b5-4b2a-b3f4-b4ceb640287a/Build]   ğŸ³  docker exec cmd=[node /var/run/act/actions/actions-setup-java@v1/dist/setup/index.js] user= workdir=
[c352754d-93b5-4b2a-b3f4-b4ceb640287a/Build]   ğŸ’¬  ::debug::isExplicit: 
[c352754d-93b5-4b2a-b3f4-b4ceb640287a/Build]   ğŸ’¬  ::debug::explicit? false
[c352754d-93b5-4b2a-b3f4-b4ceb640287a/Build]   ğŸ’¬  ::debug::evaluating 0 versions
[c352754d-93b5-4b2a-b3f4-b4ceb640287a/Build]   ğŸ’¬  ::debug::match not found
[c352754d-93b5-4b2a-b3f4-b4ceb640287a/Build]   ğŸ’¬  ::debug::Downloading JDK from Azul
[c352754d-93b5-4b2a-b3f4-b4ceb640287a/Build]   ğŸ’¬  ::debug::Searching for files with extension: -linux_x64.tar.gz
[c352754d-93b5-4b2a-b3f4-b4ceb640287a/Build]   ğŸ’¬  ::debug::Downloading https://static.azul.com/zulu/bin/zulu11.64.19-ca-jdk11.0.19-linux_x64.tar.gz
[c352754d-93b5-4b2a-b3f4-b4ceb640287a/Build]   ğŸ’¬  ::debug::Downloading /tmp/d29c899c-0633-436a-9627-d5751c84384a
[c352754d-93b5-4b2a-b3f4-b4ceb640287a/Build]   ğŸ’¬  ::debug::download complete
[c352754d-93b5-4b2a-b3f4-b4ceb640287a/Build]   | [command]/usr/bin/tar --version
[c352754d-93b5-4b2a-b3f4-b4ceb640287a/Build]   | tar (GNU tar) 1.30
[c352754d-93b5-4b2a-b3f4-b4ceb640287a/Build]   | Copyright (C) 2017 Free Software Foundation, Inc.
[c352754d-93b5-4b2a-b3f4-b4ceb640287a/Build]   | License GPLv3+: GNU GPL version 3 or later <https://gnu.org/licenses/gpl.html>.
[c352754d-93b5-4b2a-b3f4-b4ceb640287a/Build]   | This is free software: you are free to change and redistribute it.
[c352754d-93b5-4b2a-b3f4-b4ceb640287a/Build]   | There is NO WARRANTY, to the extent permitted by law.
[c352754d-93b5-4b2a-b3f4-b4ceb640287a/Build]   | 
[c352754d-93b5-4b2a-b3f4-b4ceb640287a/Build]   | Written by John Gilmore and Jay Fenlason.
[c352754d-93b5-4b2a-b3f4-b4ceb640287a/Build]   | [command]/usr/bin/tar xz --warning=no-unknown-keyword -C /tmp/temp_858005078 -f /tmp/d29c899c-0633-436a-9627-d5751c84384a
[c352754d-93b5-4b2a-b3f4-b4ceb640287a/Build]   ğŸ’¬  ::debug::jdk extracted to /tmp/temp_858005078/zulu11.64.19-ca-jdk11.0.19-linux_x64
[c352754d-93b5-4b2a-b3f4-b4ceb640287a/Build]   ğŸ’¬  ::debug::Caching tool jdk 11.0.19 x64
[c352754d-93b5-4b2a-b3f4-b4ceb640287a/Build]   ğŸ’¬  ::debug::source dir: /tmp/temp_858005078/zulu11.64.19-ca-jdk11.0.19-linux_x64
[c352754d-93b5-4b2a-b3f4-b4ceb640287a/Build]   ğŸ’¬  ::debug::destination /opt/hostedtoolcache/jdk/11.0.19/x64
[c352754d-93b5-4b2a-b3f4-b4ceb640287a/Build]   ğŸ’¬  ::debug::finished caching tool
[c352754d-93b5-4b2a-b3f4-b4ceb640287a/Build]   â“ add-matcher /run/act/actions/actions-setup-java@v1/.github/java.json
[c352754d-93b5-4b2a-b3f4-b4ceb640287a/Build]   | creating settings.xml with server-id: github; environment variables: username=$GITHUB_ACTOR, password=$GITHUB_TOKEN, and gpg-passphrase=null
[c352754d-93b5-4b2a-b3f4-b4ceb640287a/Build]   ğŸ’¬  ::debug::created directory /home/runneradmin/.m2
[c352754d-93b5-4b2a-b3f4-b4ceb640287a/Build]   | writing /home/runneradmin/.m2/settings.xml
[c352754d-93b5-4b2a-b3f4-b4ceb640287a/Build]   âœ…  Success - Main Set up JDK 11
[c352754d-93b5-4b2a-b3f4-b4ceb640287a/Build]   âš™  ::set-env:: JAVA_HOME_11_0_19_X64=/opt/hostedtoolcache/jdk/11.0.19/x64
[c352754d-93b5-4b2a-b3f4-b4ceb640287a/Build]   âš™  ::set-env:: JAVA_HOME_11.0.19_x64=/opt/hostedtoolcache/jdk/11.0.19/x64
[c352754d-93b5-4b2a-b3f4-b4ceb640287a/Build]   âš™  ::set-env:: JAVA_HOME=/opt/hostedtoolcache/jdk/11.0.19/x64
[c352754d-93b5-4b2a-b3f4-b4ceb640287a/Build]   âš™  ::set-output:: path=/opt/hostedtoolcache/jdk/11.0.19/x64
[c352754d-93b5-4b2a-b3f4-b4ceb640287a/Build]   âš™  ::set-output:: version=11.0.19
[c352754d-93b5-4b2a-b3f4-b4ceb640287a/Build]   âš™  ::add-path:: /opt/hostedtoolcache/jdk/11.0.19/x64/bin
[c352754d-93b5-4b2a-b3f4-b4ceb640287a/Build] unable to get git ref: failed to identify reference (tag/branch) for the checked-out revision '241a06017b62cc1c7a18e0071d0216d5234d3680'
[c352754d-93b5-4b2a-b3f4-b4ceb640287a/Build] unable to get git ref: failed to identify reference (tag/branch) for the checked-out revision '241a06017b62cc1c7a18e0071d0216d5234d3680'
[c352754d-93b5-4b2a-b3f4-b4ceb640287a/Build] unable to get git ref: failed to identify reference (tag/branch) for the checked-out revision '241a06017b62cc1c7a18e0071d0216d5234d3680'
[c352754d-93b5-4b2a-b3f4-b4ceb640287a/Build] unable to get git ref: failed to identify reference (tag/branch) for the checked-out revision '241a06017b62cc1c7a18e0071d0216d5234d3680'
[c352754d-93b5-4b2a-b3f4-b4ceb640287a/Build] unable to get git ref: failed to identify reference (tag/branch) for the checked-out revision '241a06017b62cc1c7a18e0071d0216d5234d3680'
[c352754d-93b5-4b2a-b3f4-b4ceb640287a/Build] â­ Run Main Build with Gradle
[c352754d-93b5-4b2a-b3f4-b4ceb640287a/Build] unable to get git ref: failed to identify reference (tag/branch) for the checked-out revision '241a06017b62cc1c7a18e0071d0216d5234d3680'
[c352754d-93b5-4b2a-b3f4-b4ceb640287a/Build] unable to get git ref: failed to identify reference (tag/branch) for the checked-out revision '241a06017b62cc1c7a18e0071d0216d5234d3680'
[c352754d-93b5-4b2a-b3f4-b4ceb640287a/Build] unable to get git ref: failed to identify reference (tag/branch) for the checked-out revision '241a06017b62cc1c7a18e0071d0216d5234d3680'
[c352754d-93b5-4b2a-b3f4-b4ceb640287a/Build] unable to get git ref: failed to identify reference (tag/branch) for the checked-out revision '241a06017b62cc1c7a18e0071d0216d5234d3680'
[c352754d-93b5-4b2a-b3f4-b4ceb640287a/Build]   ğŸ³  docker exec cmd=[bash --noprofile --norc -e -o pipefail /var/run/act/workflow/2] user= workdir=
[c352754d-93b5-4b2a-b3f4-b4ceb640287a/Build]   | Downloading https://services.gradle.org/distributions/gradle-6.8.2-all.zip
[c352754d-93b5-4b2a-b3f4-b4ceb640287a/Build]   | ...............................................................................................................................................
[c352754d-93b5-4b2a-b3f4-b4ceb640287a/Build]   | 
[c352754d-93b5-4b2a-b3f4-b4ceb640287a/Build]   | Welcome to Gradle 6.8.2!
[c352754d-93b5-4b2a-b3f4-b4ceb640287a/Build]   | 
[c352754d-93b5-4b2a-b3f4-b4ceb640287a/Build]   | Here are the highlights of this release:
[c352754d-93b5-4b2a-b3f4-b4ceb640287a/Build]   |  - Faster Kotlin DSL script compilation
[c352754d-93b5-4b2a-b3f4-b4ceb640287a/Build]   |  - Vendor selection for Java toolchains
[c352754d-93b5-4b2a-b3f4-b4ceb640287a/Build]   |  - Convenient execution of tasks in composite builds
[c352754d-93b5-4b2a-b3f4-b4ceb640287a/Build]   |  - Consistent dependency resolution
[c352754d-93b5-4b2a-b3f4-b4ceb640287a/Build]   | 
[c352754d-93b5-4b2a-b3f4-b4ceb640287a/Build]   | For more details see https://docs.gradle.org/6.8.2/release-notes.html
[c352754d-93b5-4b2a-b3f4-b4ceb640287a/Build]   | 
[c352754d-93b5-4b2a-b3f4-b4ceb640287a/Build]   | Starting a Gradle Daemon (subsequent builds will be faster)
[c352754d-93b5-4b2a-b3f4-b4ceb640287a/Build]   | > Task :compileJava UP-TO-DATE
[c352754d-93b5-4b2a-b3f4-b4ceb640287a/Build]   | > Task :processResources UP-TO-DATE
[c352754d-93b5-4b2a-b3f4-b4ceb640287a/Build]   | > Task :classes UP-TO-DATE
[c352754d-93b5-4b2a-b3f4-b4ceb640287a/Build]   | > Task :jar UP-TO-DATE
[c352754d-93b5-4b2a-b3f4-b4ceb640287a/Build]   | > Task :distTar UP-TO-DATE
[c352754d-93b5-4b2a-b3f4-b4ceb640287a/Build]   | > Task :distZip UP-TO-DATE
[c352754d-93b5-4b2a-b3f4-b4ceb640287a/Build]   | > Task :assemble UP-TO-DATE
[c352754d-93b5-4b2a-b3f4-b4ceb640287a/Build]   | > Task :compileTestJava
[c352754d-93b5-4b2a-b3f4-b4ceb640287a/Build]   | > Task :processTestResources UP-TO-DATE
[c352754d-93b5-4b2a-b3f4-b4ceb640287a/Build]   | > Task :testClasses
[c352754d-93b5-4b2a-b3f4-b4ceb640287a/Build]   | > Task :compileIntegrationTestJava UP-TO-DATE
[c352754d-93b5-4b2a-b3f4-b4ceb640287a/Build]   | > Task :processIntegrationTestResources NO-SOURCE
[c352754d-93b5-4b2a-b3f4-b4ceb640287a/Build]   | > Task :integrationTestClasses UP-TO-DATE
[c352754d-93b5-4b2a-b3f4-b4ceb640287a/Build]   | > Task :checkstyleIntegrationTest
[c352754d-93b5-4b2a-b3f4-b4ceb640287a/Build]   | > Task :checkstyleMain UP-TO-DATE
[c352754d-93b5-4b2a-b3f4-b4ceb640287a/Build]   | > Task :checkstyleTest
[c352754d-93b5-4b2a-b3f4-b4ceb640287a/Build]   | 
[c352754d-93b5-4b2a-b3f4-b4ceb640287a/Build]   | > Task :test
[c352754d-93b5-4b2a-b3f4-b4ceb640287a/Build]   | 
[c352754d-93b5-4b2a-b3f4-b4ceb640287a/Build]   | OAuth2HttpSenderTest > buildSpecifiedContentType(HttpResponse) FAILED
[c352754d-93b5-4b2a-b3f4-b4ceb640287a/Build]   |     org.opentest4j.AssertionFailedError at OAuth2HttpSenderTest.java:156
[c352754d-93b5-4b2a-b3f4-b4ceb640287a/Build]   | 
[c352754d-93b5-4b2a-b3f4-b4ceb640287a/Build]   | HttpSinkConfigValidationTest > checkContentTypeValidation() FAILED
[c352754d-93b5-4b2a-b3f4-b4ceb640287a/Build]   |     org.opentest4j.AssertionFailedError at HttpSinkConfigValidationTest.java:100
[c352754d-93b5-4b2a-b3f4-b4ceb640287a/Build]   | 
[c352754d-93b5-4b2a-b3f4-b4ceb640287a/Build]   | 44 tests completed, 2 failed
[c352754d-93b5-4b2a-b3f4-b4ceb640287a/Build]   | 
[c352754d-93b5-4b2a-b3f4-b4ceb640287a/Build]   | > Task :test FAILED
[c352754d-93b5-4b2a-b3f4-b4ceb640287a/Build]   | 
[c352754d-93b5-4b2a-b3f4-b4ceb640287a/Build]   | Deprecated Gradle features were used in this build, making it incompatible with Gradle 7.0.
[c352754d-93b5-4b2a-b3f4-b4ceb640287a/Build]   | Use '--warning-mode all' to show the individual deprecation warnings.
[c352754d-93b5-4b2a-b3f4-b4ceb640287a/Build]   | See https://docs.gradle.org/6.8.2/userguide/command_line_interface.html#sec:command_line_warnings
[c352754d-93b5-4b2a-b3f4-b4ceb640287a/Build]   | 12 actionable tasks: 4 executed, 8 up-to-date
[c352754d-93b5-4b2a-b3f4-b4ceb640287a/Build]   | 
[c352754d-93b5-4b2a-b3f4-b4ceb640287a/Build]   | FAILURE: Build failed with an exception.
[c352754d-93b5-4b2a-b3f4-b4ceb640287a/Build]   | 
[c352754d-93b5-4b2a-b3f4-b4ceb640287a/Build]   | * What went wrong:
[c352754d-93b5-4b2a-b3f4-b4ceb640287a/Build]   | Execution failed for task ':test'.
[c352754d-93b5-4b2a-b3f4-b4ceb640287a/Build]   | > There were failing tests. See the report at: file:///tmp/a8dcc03d-075c-4a52-aabc-2352dfa535e3/build/reports/tests/test/index.html
[c352754d-93b5-4b2a-b3f4-b4ceb640287a/Build]   | 
[c352754d-93b5-4b2a-b3f4-b4ceb640287a/Build]   | * Try:
[c352754d-93b5-4b2a-b3f4-b4ceb640287a/Build]   | Run with --stacktrace option to get the stack trace. Run with --info or --debug option to get more log output. Run with --scan to get full insights.
[c352754d-93b5-4b2a-b3f4-b4ceb640287a/Build]   | 
[c352754d-93b5-4b2a-b3f4-b4ceb640287a/Build]   | * Get more help at https://help.gradle.org
[c352754d-93b5-4b2a-b3f4-b4ceb640287a/Build]   | 
[c352754d-93b5-4b2a-b3f4-b4ceb640287a/Build]   | BUILD FAILED in 1m 2s
[c352754d-93b5-4b2a-b3f4-b4ceb640287a/Build]   âŒ  Failure - Main Build with Gradle
[c352754d-93b5-4b2a-b3f4-b4ceb640287a/Build] exitcode '1': failure
[c352754d-93b5-4b2a-b3f4-b4ceb640287a/Build] unable to get git ref: failed to identify reference (tag/branch) for the checked-out revision '241a06017b62cc1c7a18e0071d0216d5234d3680'
[c352754d-93b5-4b2a-b3f4-b4ceb640287a/Build] unable to get git ref: failed to identify reference (tag/branch) for the checked-out revision '241a06017b62cc1c7a18e0071d0216d5234d3680'
[c352754d-93b5-4b2a-b3f4-b4ceb640287a/Build] unable to get git ref: failed to identify reference (tag/branch) for the checked-out revision '241a06017b62cc1c7a18e0071d0216d5234d3680'
[c352754d-93b5-4b2a-b3f4-b4ceb640287a/Build] unable to get git ref: failed to identify reference (tag/branch) for the checked-out revision '241a06017b62cc1c7a18e0071d0216d5234d3680'
[c352754d-93b5-4b2a-b3f4-b4ceb640287a/Build] unable to get git ref: failed to identify reference (tag/branch) for the checked-out revision '241a06017b62cc1c7a18e0071d0216d5234d3680'
[c352754d-93b5-4b2a-b3f4-b4ceb640287a/Build] â­ Run Post Set up JDK 11
[c352754d-93b5-4b2a-b3f4-b4ceb640287a/Build]   ğŸ³  docker exec cmd=[node /var/run/act/actions/actions-setup-java@v1/dist/cleanup/index.js] user= workdir=
[c352754d-93b5-4b2a-b3f4-b4ceb640287a/Build]   âœ…  Success - Post Set up JDK 11
[c352754d-93b5-4b2a-b3f4-b4ceb640287a/Build] ğŸ  Job failed
[c352754d-93b5-4b2a-b3f4-b4ceb640287a/Build] unable to get git ref: failed to identify reference (tag/branch) for the checked-out revision '241a06017b62cc1c7a18e0071d0216d5234d3680'
