[6583800e-b87f-4094-b856-22d50623b1b6/build] ğŸš€  Start image=gitbugactions:latest
[6583800e-b87f-4094-b856-22d50623b1b6/build]   ğŸ³  docker pull image=gitbugactions:latest platform= username= forcePull=false
[6583800e-b87f-4094-b856-22d50623b1b6/build]   ğŸ³  docker create image=gitbugactions:latest platform= entrypoint=["tail" "-f" "/dev/null"] cmd=[]
[6583800e-b87f-4094-b856-22d50623b1b6/build]   ğŸ³  docker run image=gitbugactions:latest platform= entrypoint=["tail" "-f" "/dev/null"] cmd=[]
[6583800e-b87f-4094-b856-22d50623b1b6/build]   ğŸ³  docker exec cmd=[chown -R 1012:1013 /tmp/99455f9d-0775-411a-a6b7-977a6d18600f] user=0 workdir=
[6583800e-b87f-4094-b856-22d50623b1b6/build] unable to get git ref: failed to identify reference (tag/branch) for the checked-out revision '74d73a9dc28fc608117c04da4652d43f633a72c5'
[6583800e-b87f-4094-b856-22d50623b1b6/build] unable to get git ref: failed to identify reference (tag/branch) for the checked-out revision '74d73a9dc28fc608117c04da4652d43f633a72c5'
[6583800e-b87f-4094-b856-22d50623b1b6/build] unable to get git ref: failed to identify reference (tag/branch) for the checked-out revision '74d73a9dc28fc608117c04da4652d43f633a72c5'
[6583800e-b87f-4094-b856-22d50623b1b6/build] unable to get git ref: failed to identify reference (tag/branch) for the checked-out revision '74d73a9dc28fc608117c04da4652d43f633a72c5'
[6583800e-b87f-4094-b856-22d50623b1b6/build] unable to get git ref: failed to identify reference (tag/branch) for the checked-out revision '74d73a9dc28fc608117c04da4652d43f633a72c5'
[6583800e-b87f-4094-b856-22d50623b1b6/build] unable to get git ref: failed to identify reference (tag/branch) for the checked-out revision '74d73a9dc28fc608117c04da4652d43f633a72c5'
[6583800e-b87f-4094-b856-22d50623b1b6/build] unable to get git ref: failed to identify reference (tag/branch) for the checked-out revision '74d73a9dc28fc608117c04da4652d43f633a72c5'
[6583800e-b87f-4094-b856-22d50623b1b6/build] unable to get git ref: failed to identify reference (tag/branch) for the checked-out revision '74d73a9dc28fc608117c04da4652d43f633a72c5'
[6583800e-b87f-4094-b856-22d50623b1b6/build] unable to get git ref: failed to identify reference (tag/branch) for the checked-out revision '74d73a9dc28fc608117c04da4652d43f633a72c5'
[6583800e-b87f-4094-b856-22d50623b1b6/build] â­ Run Main actions/checkout@v3
[6583800e-b87f-4094-b856-22d50623b1b6/build] unable to get git ref: failed to identify reference (tag/branch) for the checked-out revision '74d73a9dc28fc608117c04da4652d43f633a72c5'
[6583800e-b87f-4094-b856-22d50623b1b6/build] unable to get git ref: failed to identify reference (tag/branch) for the checked-out revision '74d73a9dc28fc608117c04da4652d43f633a72c5'
[6583800e-b87f-4094-b856-22d50623b1b6/build]   ğŸ³  docker cp src=/tmp/99455f9d-0775-411a-a6b7-977a6d18600f/. dst=/tmp/99455f9d-0775-411a-a6b7-977a6d18600f
[6583800e-b87f-4094-b856-22d50623b1b6/build]   ğŸ³  docker exec cmd=[chown -R 1012:1013 /tmp/99455f9d-0775-411a-a6b7-977a6d18600f] user=0 workdir=
[6583800e-b87f-4094-b856-22d50623b1b6/build]   âœ…  Success - Main actions/checkout@v3
[6583800e-b87f-4094-b856-22d50623b1b6/build] unable to get git ref: failed to identify reference (tag/branch) for the checked-out revision '74d73a9dc28fc608117c04da4652d43f633a72c5'
[6583800e-b87f-4094-b856-22d50623b1b6/build] unable to get git ref: failed to identify reference (tag/branch) for the checked-out revision '74d73a9dc28fc608117c04da4652d43f633a72c5'
[6583800e-b87f-4094-b856-22d50623b1b6/build] unable to get git ref: failed to identify reference (tag/branch) for the checked-out revision '74d73a9dc28fc608117c04da4652d43f633a72c5'
[6583800e-b87f-4094-b856-22d50623b1b6/build] unable to get git ref: failed to identify reference (tag/branch) for the checked-out revision '74d73a9dc28fc608117c04da4652d43f633a72c5'
[6583800e-b87f-4094-b856-22d50623b1b6/build] unable to get git ref: failed to identify reference (tag/branch) for the checked-out revision '74d73a9dc28fc608117c04da4652d43f633a72c5'
[6583800e-b87f-4094-b856-22d50623b1b6/build] â­ Run Main actions/setup-java@v3
[6583800e-b87f-4094-b856-22d50623b1b6/build] unable to get git ref: failed to identify reference (tag/branch) for the checked-out revision '74d73a9dc28fc608117c04da4652d43f633a72c5'
[6583800e-b87f-4094-b856-22d50623b1b6/build] unable to get git ref: failed to identify reference (tag/branch) for the checked-out revision '74d73a9dc28fc608117c04da4652d43f633a72c5'
[6583800e-b87f-4094-b856-22d50623b1b6/build] unable to get git ref: failed to identify reference (tag/branch) for the checked-out revision '74d73a9dc28fc608117c04da4652d43f633a72c5'
[6583800e-b87f-4094-b856-22d50623b1b6/build]   ğŸ³  docker cp src=/tmp/act-cache/345ba2d3-ce1d-409b-9611-0e8edd489a56/act/actions-setup-java@v3/ dst=/var/run/act/actions/actions-setup-java@v3/
[6583800e-b87f-4094-b856-22d50623b1b6/build]   ğŸ³  docker exec cmd=[chown -R 1012:1013 /var/run/act/actions/actions-setup-java@v3/] user=0 workdir=
[6583800e-b87f-4094-b856-22d50623b1b6/build]   ğŸ³  docker exec cmd=[node /var/run/act/actions/actions-setup-java@v3/dist/setup/index.js] user= workdir=
[6583800e-b87f-4094-b856-22d50623b1b6/build]   â“  ::group::Installed distributions
[6583800e-b87f-4094-b856-22d50623b1b6/build]   | Trying to resolve the latest version from remote
[6583800e-b87f-4094-b856-22d50623b1b6/build]   ğŸ’¬  ::debug::Gathering available versions from 'https://api.azul.com/zulu/download/community/v1.0/bundles/?os=linux&ext=tar.gz&bundle_type=jdk&javafx=false&arch=x86&hw_bitness=64&release_status=ga'
[6583800e-b87f-4094-b856-22d50623b1b6/build]   | Resolved latest version as 11.0.21+9
[6583800e-b87f-4094-b856-22d50623b1b6/build]   | Trying to download...
[6583800e-b87f-4094-b856-22d50623b1b6/build]   | Downloading Java 11.0.21+9 (Zulu) from https://cdn.azul.com/zulu/bin/zulu11.68.17-ca-jdk11.0.21-linux_x64.tar.gz ...
[6583800e-b87f-4094-b856-22d50623b1b6/build]   ğŸ’¬  ::debug::Downloading https://cdn.azul.com/zulu/bin/zulu11.68.17-ca-jdk11.0.21-linux_x64.tar.gz
[6583800e-b87f-4094-b856-22d50623b1b6/build]   ğŸ’¬  ::debug::Destination /tmp/24f0c8d4-604f-4409-aaed-d5cd4353acee
[6583800e-b87f-4094-b856-22d50623b1b6/build]   ğŸ’¬  ::debug::download complete
[6583800e-b87f-4094-b856-22d50623b1b6/build]   | Extracting Java archive...
[6583800e-b87f-4094-b856-22d50623b1b6/build]   ğŸ’¬  ::debug::Checking tar --version
[6583800e-b87f-4094-b856-22d50623b1b6/build]   ğŸ’¬  ::debug::tar (GNU tar) 1.34%0ACopyright (C) 2021 Free Software Foundation, Inc.%0ALicense GPLv3+: GNU GPL version 3 or later <https://gnu.org/licenses/gpl.html>.%0AThis is free software: you are free to change and redistribute it.%0AThere is NO WARRANTY, to the extent permitted by law.%0A%0AWritten by John Gilmore and Jay Fenlason.
[6583800e-b87f-4094-b856-22d50623b1b6/build]   | [command]/usr/bin/tar xz --warning=no-unknown-keyword -C /tmp/936bdcb7-7a9f-462c-bbc7-78fcb9caa56a -f /tmp/24f0c8d4-604f-4409-aaed-d5cd4353acee
[6583800e-b87f-4094-b856-22d50623b1b6/build]   ğŸ’¬  ::debug::Caching tool Java_Zulu_jdk 11.0.21-9 x64
[6583800e-b87f-4094-b856-22d50623b1b6/build]   ğŸ’¬  ::debug::source dir: /tmp/936bdcb7-7a9f-462c-bbc7-78fcb9caa56a/zulu11.68.17-ca-jdk11.0.21-linux_x64
[6583800e-b87f-4094-b856-22d50623b1b6/build]   ğŸ’¬  ::debug::destination /opt/hostedtoolcache/Java_Zulu_jdk/11.0.21-9/x64
[6583800e-b87f-4094-b856-22d50623b1b6/build]   ğŸ’¬  ::debug::finished caching tool
[6583800e-b87f-4094-b856-22d50623b1b6/build]   | Java 11.0.21+9 was downloaded
[6583800e-b87f-4094-b856-22d50623b1b6/build]   | Setting Java 11.0.21+9 as the default
[6583800e-b87f-4094-b856-22d50623b1b6/build]   | Creating toolchains.xml for JDK version 11 from zulu
[6583800e-b87f-4094-b856-22d50623b1b6/build]   | Writing to /home/runner/.m2/toolchains.xml
[6583800e-b87f-4094-b856-22d50623b1b6/build]   | 
[6583800e-b87f-4094-b856-22d50623b1b6/build]   | Java configuration:
[6583800e-b87f-4094-b856-22d50623b1b6/build]   |   Distribution: zulu
[6583800e-b87f-4094-b856-22d50623b1b6/build]   |   Version: 11.0.21+9
[6583800e-b87f-4094-b856-22d50623b1b6/build]   |   Path: /opt/hostedtoolcache/Java_Zulu_jdk/11.0.21-9/x64
[6583800e-b87f-4094-b856-22d50623b1b6/build]   | 
[6583800e-b87f-4094-b856-22d50623b1b6/build]   â“  ::endgroup::
[6583800e-b87f-4094-b856-22d50623b1b6/build]   â“ add-matcher /run/act/actions/actions-setup-java@v3/.github/java.json
[6583800e-b87f-4094-b856-22d50623b1b6/build]   | Creating settings.xml with server-id: github
[6583800e-b87f-4094-b856-22d50623b1b6/build]   | Writing to /home/runner/.m2/settings.xml
[6583800e-b87f-4094-b856-22d50623b1b6/build]   âœ…  Success - Main actions/setup-java@v3
[6583800e-b87f-4094-b856-22d50623b1b6/build]   âš™  ::set-env:: JAVA_HOME_11_X64=/opt/hostedtoolcache/Java_Zulu_jdk/11.0.21-9/x64
[6583800e-b87f-4094-b856-22d50623b1b6/build]   âš™  ::set-env:: JAVA_HOME=/opt/hostedtoolcache/Java_Zulu_jdk/11.0.21-9/x64
[6583800e-b87f-4094-b856-22d50623b1b6/build]   âš™  ::set-output:: distribution=Zulu
[6583800e-b87f-4094-b856-22d50623b1b6/build]   âš™  ::set-output:: path=/opt/hostedtoolcache/Java_Zulu_jdk/11.0.21-9/x64
[6583800e-b87f-4094-b856-22d50623b1b6/build]   âš™  ::set-output:: version=11.0.21+9
[6583800e-b87f-4094-b856-22d50623b1b6/build]   âš™  ::add-path:: /opt/hostedtoolcache/Java_Zulu_jdk/11.0.21-9/x64/bin
[6583800e-b87f-4094-b856-22d50623b1b6/build] unable to get git ref: failed to identify reference (tag/branch) for the checked-out revision '74d73a9dc28fc608117c04da4652d43f633a72c5'
[6583800e-b87f-4094-b856-22d50623b1b6/build] unable to get git ref: failed to identify reference (tag/branch) for the checked-out revision '74d73a9dc28fc608117c04da4652d43f633a72c5'
[6583800e-b87f-4094-b856-22d50623b1b6/build] unable to get git ref: failed to identify reference (tag/branch) for the checked-out revision '74d73a9dc28fc608117c04da4652d43f633a72c5'
[6583800e-b87f-4094-b856-22d50623b1b6/build] unable to get git ref: failed to identify reference (tag/branch) for the checked-out revision '74d73a9dc28fc608117c04da4652d43f633a72c5'
[6583800e-b87f-4094-b856-22d50623b1b6/build] unable to get git ref: failed to identify reference (tag/branch) for the checked-out revision '74d73a9dc28fc608117c04da4652d43f633a72c5'
[6583800e-b87f-4094-b856-22d50623b1b6/build] â­ Run Main ./gradlew build --no-daemon --warning-mode=fail
[6583800e-b87f-4094-b856-22d50623b1b6/build] unable to get git ref: failed to identify reference (tag/branch) for the checked-out revision '74d73a9dc28fc608117c04da4652d43f633a72c5'
[6583800e-b87f-4094-b856-22d50623b1b6/build] unable to get git ref: failed to identify reference (tag/branch) for the checked-out revision '74d73a9dc28fc608117c04da4652d43f633a72c5'
[6583800e-b87f-4094-b856-22d50623b1b6/build] unable to get git ref: failed to identify reference (tag/branch) for the checked-out revision '74d73a9dc28fc608117c04da4652d43f633a72c5'
[6583800e-b87f-4094-b856-22d50623b1b6/build] unable to get git ref: failed to identify reference (tag/branch) for the checked-out revision '74d73a9dc28fc608117c04da4652d43f633a72c5'
[6583800e-b87f-4094-b856-22d50623b1b6/build]   ğŸ³  docker exec cmd=[bash --noprofile --norc -e -o pipefail /var/run/act/workflow/2] user= workdir=
[6583800e-b87f-4094-b856-22d50623b1b6/build]   | Downloading https://services.gradle.org/distributions/gradle-7.5.1-bin.zip
[6583800e-b87f-4094-b856-22d50623b1b6/build]   | ...........10%............20%...........30%............40%...........50%............60%...........70%............80%...........90%............100%
[6583800e-b87f-4094-b856-22d50623b1b6/build]   | 
[6583800e-b87f-4094-b856-22d50623b1b6/build]   | Welcome to Gradle 7.5.1!
[6583800e-b87f-4094-b856-22d50623b1b6/build]   | 
[6583800e-b87f-4094-b856-22d50623b1b6/build]   | Here are the highlights of this release:
[6583800e-b87f-4094-b856-22d50623b1b6/build]   |  - Support for Java 18
[6583800e-b87f-4094-b856-22d50623b1b6/build]   |  - Support for building with Groovy 4
[6583800e-b87f-4094-b856-22d50623b1b6/build]   |  - Much more responsive continuous builds
[6583800e-b87f-4094-b856-22d50623b1b6/build]   |  - Improved diagnostics for dependency resolution
[6583800e-b87f-4094-b856-22d50623b1b6/build]   | 
[6583800e-b87f-4094-b856-22d50623b1b6/build]   | For more details see https://docs.gradle.org/7.5.1/release-notes.html
[6583800e-b87f-4094-b856-22d50623b1b6/build]   | 
[6583800e-b87f-4094-b856-22d50623b1b6/build]   | To honour the JVM settings for this build a single-use Daemon process will be forked. See https://docs.gradle.org/7.5.1/userguide/gradle_daemon.html#sec:disabling_the_daemon.
[6583800e-b87f-4094-b856-22d50623b1b6/build]   | Daemon will be stopped at the end of the build 
[6583800e-b87f-4094-b856-22d50623b1b6/build]   | 
[6583800e-b87f-4094-b856-22d50623b1b6/build]   | > Configure project :
[6583800e-b87f-4094-b856-22d50623b1b6/build]   | Kordamp Enforcer Gradle plugin 0.13.0. Consider becoming a patron at https://www.patreon.com/aalmiray
[6583800e-b87f-4094-b856-22d50623b1b6/build]   | 
[6583800e-b87f-4094-b856-22d50623b1b6/build]   | > Task :copyDependencies
[6583800e-b87f-4094-b856-22d50623b1b6/build]   | > Task :extractIncludeProto
[6583800e-b87f-4094-b856-22d50623b1b6/build]   | > Task :extractProto
[6583800e-b87f-4094-b856-22d50623b1b6/build]   | > Task :generateProto
[6583800e-b87f-4094-b856-22d50623b1b6/build]   | > Task :compileJava
[6583800e-b87f-4094-b856-22d50623b1b6/build]   | Note: Some input files use or override a deprecated API.
[6583800e-b87f-4094-b856-22d50623b1b6/build]   | Note: Recompile with -Xlint:deprecation for details.
[6583800e-b87f-4094-b856-22d50623b1b6/build]   | Note: Some input files use unchecked or unsafe operations.
[6583800e-b87f-4094-b856-22d50623b1b6/build]   | Note: Recompile with -Xlint:unchecked for details.
[6583800e-b87f-4094-b856-22d50623b1b6/build]   | 
[6583800e-b87f-4094-b856-22d50623b1b6/build]   | > Task :processResources
[6583800e-b87f-4094-b856-22d50623b1b6/build]   | > Task :classes
[6583800e-b87f-4094-b856-22d50623b1b6/build]   | > Task :jar
[6583800e-b87f-4094-b856-22d50623b1b6/build]   | > Task :assemble
[6583800e-b87f-4094-b856-22d50623b1b6/build]   | > Task :extractIncludeTestProto
[6583800e-b87f-4094-b856-22d50623b1b6/build]   | > Task :extractTestProto
[6583800e-b87f-4094-b856-22d50623b1b6/build]   | > Task :generateTestProto NO-SOURCE
[6583800e-b87f-4094-b856-22d50623b1b6/build]   | 
[6583800e-b87f-4094-b856-22d50623b1b6/build]   | > Task :compileTestJava
[6583800e-b87f-4094-b856-22d50623b1b6/build]   | Note: Some input files use or override a deprecated API.
[6583800e-b87f-4094-b856-22d50623b1b6/build]   | Note: Recompile with -Xlint:deprecation for details.
[6583800e-b87f-4094-b856-22d50623b1b6/build]   | 
[6583800e-b87f-4094-b856-22d50623b1b6/build]   | > Task :processTestResources NO-SOURCE
[6583800e-b87f-4094-b856-22d50623b1b6/build]   | > Task :testClasses
[6583800e-b87f-4094-b856-22d50623b1b6/build]   | > Task :checkstyleTest SKIPPED
[6583800e-b87f-4094-b856-22d50623b1b6/build]   | > Task :checkstyleMain
[6583800e-b87f-4094-b856-22d50623b1b6/build]   | 
[6583800e-b87f-4094-b856-22d50623b1b6/build]   | 
[6583800e-b87f-4094-b856-22d50623b1b6/build]   | 498 tests completed, 1 failed, 24 skipped
[6583800e-b87f-4094-b856-22d50623b1b6/build]   | > Task :test FAILED
[6583800e-b87f-4094-b856-22d50623b1b6/build]   | 
[6583800e-b87f-4094-b856-22d50623b1b6/build]   | HuaShengProtocolDecoderTest > testDecode() FAILED
[6583800e-b87f-4094-b856-22d50623b1b6/build]   |     java.lang.NumberFormatException at HuaShengProtocolDecoderTest.java:34
[6583800e-b87f-4094-b856-22d50623b1b6/build]   | 
[6583800e-b87f-4094-b856-22d50623b1b6/build]   | FAILURE: Build failed with an exception.
[6583800e-b87f-4094-b856-22d50623b1b6/build]   | 
[6583800e-b87f-4094-b856-22d50623b1b6/build]   | * What went wrong:
[6583800e-b87f-4094-b856-22d50623b1b6/build]   | Execution failed for task ':test'.
[6583800e-b87f-4094-b856-22d50623b1b6/build]   | > There were failing tests. See the report at: file:///tmp/99455f9d-0775-411a-a6b7-977a6d18600f/build/reports/tests/test/index.html
[6583800e-b87f-4094-b856-22d50623b1b6/build]   | 
[6583800e-b87f-4094-b856-22d50623b1b6/build]   | * Try:
[6583800e-b87f-4094-b856-22d50623b1b6/build]   | > Run with --stacktrace option to get the stack trace.
[6583800e-b87f-4094-b856-22d50623b1b6/build]   | > Run with --info or --debug option to get more log output.
[6583800e-b87f-4094-b856-22d50623b1b6/build]   | > Run with --scan to get full insights.
[6583800e-b87f-4094-b856-22d50623b1b6/build]   | 
[6583800e-b87f-4094-b856-22d50623b1b6/build]   | * Get more help at https://help.gradle.org
[6583800e-b87f-4094-b856-22d50623b1b6/build]   | 
[6583800e-b87f-4094-b856-22d50623b1b6/build]   | BUILD FAILED in 2m 51s
[6583800e-b87f-4094-b856-22d50623b1b6/build]   | 12 actionable tasks: 12 executed
[6583800e-b87f-4094-b856-22d50623b1b6/build]   âŒ  Failure - Main ./gradlew build --no-daemon --warning-mode=fail
[6583800e-b87f-4094-b856-22d50623b1b6/build] exitcode '1': failure
[6583800e-b87f-4094-b856-22d50623b1b6/build] unable to get git ref: failed to identify reference (tag/branch) for the checked-out revision '74d73a9dc28fc608117c04da4652d43f633a72c5'
[6583800e-b87f-4094-b856-22d50623b1b6/build] unable to get git ref: failed to identify reference (tag/branch) for the checked-out revision '74d73a9dc28fc608117c04da4652d43f633a72c5'
[6583800e-b87f-4094-b856-22d50623b1b6/build] unable to get git ref: failed to identify reference (tag/branch) for the checked-out revision '74d73a9dc28fc608117c04da4652d43f633a72c5'
[6583800e-b87f-4094-b856-22d50623b1b6/build] unable to get git ref: failed to identify reference (tag/branch) for the checked-out revision '74d73a9dc28fc608117c04da4652d43f633a72c5'
[6583800e-b87f-4094-b856-22d50623b1b6/build] unable to get git ref: failed to identify reference (tag/branch) for the checked-out revision '74d73a9dc28fc608117c04da4652d43f633a72c5'
[6583800e-b87f-4094-b856-22d50623b1b6/build] â­ Run Post actions/setup-java@v3
[6583800e-b87f-4094-b856-22d50623b1b6/build]   ğŸ³  docker exec cmd=[node /var/run/act/actions/actions-setup-java@v3/dist/cleanup/index.js] user= workdir=
[6583800e-b87f-4094-b856-22d50623b1b6/build]   âœ…  Success - Post actions/setup-java@v3
[6583800e-b87f-4094-b856-22d50623b1b6/build] ğŸ  Job failed
[6583800e-b87f-4094-b856-22d50623b1b6/build] unable to get git ref: failed to identify reference (tag/branch) for the checked-out revision '74d73a9dc28fc608117c04da4652d43f633a72c5'
