[be9429fe-6539-4a87-8e25-06ce98c321b4/build] üöÄ  Start image=crawlergpt:latest
[be9429fe-6539-4a87-8e25-06ce98c321b4/build]   üê≥  docker pull image=crawlergpt:latest platform= username= forcePull=false
[be9429fe-6539-4a87-8e25-06ce98c321b4/build]   üê≥  docker create image=crawlergpt:latest platform= entrypoint=["tail" "-f" "/dev/null"] cmd=[]
[be9429fe-6539-4a87-8e25-06ce98c321b4/build]   üê≥  docker run image=crawlergpt:latest platform= entrypoint=["tail" "-f" "/dev/null"] cmd=[]
[be9429fe-6539-4a87-8e25-06ce98c321b4/build]   üê≥  docker exec cmd=[chown -R 1012:1013 /tmp/a76756cd-71d7-42b3-baf1-995e265a0534] user=0 workdir=
[be9429fe-6539-4a87-8e25-06ce98c321b4/build] unable to get git ref: failed to identify reference (tag/branch) for the checked-out revision 'b0c758804af4f9a79a434534717cb0c10a175bcc'
[be9429fe-6539-4a87-8e25-06ce98c321b4/build] unable to get git ref: failed to identify reference (tag/branch) for the checked-out revision 'b0c758804af4f9a79a434534717cb0c10a175bcc'
[be9429fe-6539-4a87-8e25-06ce98c321b4/build] unable to get git ref: failed to identify reference (tag/branch) for the checked-out revision 'b0c758804af4f9a79a434534717cb0c10a175bcc'
[be9429fe-6539-4a87-8e25-06ce98c321b4/build] unable to get git ref: failed to identify reference (tag/branch) for the checked-out revision 'b0c758804af4f9a79a434534717cb0c10a175bcc'
[be9429fe-6539-4a87-8e25-06ce98c321b4/build] unable to get git ref: failed to identify reference (tag/branch) for the checked-out revision 'b0c758804af4f9a79a434534717cb0c10a175bcc'
[be9429fe-6539-4a87-8e25-06ce98c321b4/build] unable to get git ref: failed to identify reference (tag/branch) for the checked-out revision 'b0c758804af4f9a79a434534717cb0c10a175bcc'
[be9429fe-6539-4a87-8e25-06ce98c321b4/build] unable to get git ref: failed to identify reference (tag/branch) for the checked-out revision 'b0c758804af4f9a79a434534717cb0c10a175bcc'
[be9429fe-6539-4a87-8e25-06ce98c321b4/build] unable to get git ref: failed to identify reference (tag/branch) for the checked-out revision 'b0c758804af4f9a79a434534717cb0c10a175bcc'
[be9429fe-6539-4a87-8e25-06ce98c321b4/build] unable to get git ref: failed to identify reference (tag/branch) for the checked-out revision 'b0c758804af4f9a79a434534717cb0c10a175bcc'
[be9429fe-6539-4a87-8e25-06ce98c321b4/build] unable to get git ref: failed to identify reference (tag/branch) for the checked-out revision 'b0c758804af4f9a79a434534717cb0c10a175bcc'
[be9429fe-6539-4a87-8e25-06ce98c321b4/build] unable to get git ref: failed to identify reference (tag/branch) for the checked-out revision 'b0c758804af4f9a79a434534717cb0c10a175bcc'
[be9429fe-6539-4a87-8e25-06ce98c321b4/build] ‚≠ê Run Main actions/checkout@v2
[be9429fe-6539-4a87-8e25-06ce98c321b4/build] unable to get git ref: failed to identify reference (tag/branch) for the checked-out revision 'b0c758804af4f9a79a434534717cb0c10a175bcc'
[be9429fe-6539-4a87-8e25-06ce98c321b4/build]   ‚úÖ  Success - Main actions/checkout@v2
[be9429fe-6539-4a87-8e25-06ce98c321b4/build] unable to get git ref: failed to identify reference (tag/branch) for the checked-out revision 'b0c758804af4f9a79a434534717cb0c10a175bcc'
[be9429fe-6539-4a87-8e25-06ce98c321b4/build] unable to get git ref: failed to identify reference (tag/branch) for the checked-out revision 'b0c758804af4f9a79a434534717cb0c10a175bcc'
[be9429fe-6539-4a87-8e25-06ce98c321b4/build] unable to get git ref: failed to identify reference (tag/branch) for the checked-out revision 'b0c758804af4f9a79a434534717cb0c10a175bcc'
[be9429fe-6539-4a87-8e25-06ce98c321b4/build] unable to get git ref: failed to identify reference (tag/branch) for the checked-out revision 'b0c758804af4f9a79a434534717cb0c10a175bcc'
[be9429fe-6539-4a87-8e25-06ce98c321b4/build] unable to get git ref: failed to identify reference (tag/branch) for the checked-out revision 'b0c758804af4f9a79a434534717cb0c10a175bcc'
[be9429fe-6539-4a87-8e25-06ce98c321b4/build] ‚≠ê Run Main Set up JDK 11
[be9429fe-6539-4a87-8e25-06ce98c321b4/build] unable to get git ref: failed to identify reference (tag/branch) for the checked-out revision 'b0c758804af4f9a79a434534717cb0c10a175bcc'
[be9429fe-6539-4a87-8e25-06ce98c321b4/build] unable to get git ref: failed to identify reference (tag/branch) for the checked-out revision 'b0c758804af4f9a79a434534717cb0c10a175bcc'
[be9429fe-6539-4a87-8e25-06ce98c321b4/build] unable to get git ref: failed to identify reference (tag/branch) for the checked-out revision 'b0c758804af4f9a79a434534717cb0c10a175bcc'
[be9429fe-6539-4a87-8e25-06ce98c321b4/build]   üê≥  docker cp src=/tmp/act-cache/a47a4d84-46e6-4846-81cf-25ee210bbb42/act/actions-setup-java@v2/ dst=/var/run/act/actions/actions-setup-java@v2/
[be9429fe-6539-4a87-8e25-06ce98c321b4/build]   üê≥  docker exec cmd=[chown -R 1012:1013 /var/run/act/actions/actions-setup-java@v2/] user=0 workdir=
[be9429fe-6539-4a87-8e25-06ce98c321b4/build]   üê≥  docker exec cmd=[node /var/run/act/actions/actions-setup-java@v2/dist/setup/index.js] user= workdir=
[be9429fe-6539-4a87-8e25-06ce98c321b4/build]   üí¨  ::debug::isExplicit: 11.0.11-9
[be9429fe-6539-4a87-8e25-06ce98c321b4/build]   üí¨  ::debug::explicit? true
[be9429fe-6539-4a87-8e25-06ce98c321b4/build]   üí¨  ::debug::isExplicit: 8.0.292-1
[be9429fe-6539-4a87-8e25-06ce98c321b4/build]   üí¨  ::debug::explicit? true
[be9429fe-6539-4a87-8e25-06ce98c321b4/build]   | Resolved Java 11.0.11+9 from tool-cache
[be9429fe-6539-4a87-8e25-06ce98c321b4/build]   | Setting Java 11.0.11+9 as the default
[be9429fe-6539-4a87-8e25-06ce98c321b4/build]   | 
[be9429fe-6539-4a87-8e25-06ce98c321b4/build]   | Java configuration:
[be9429fe-6539-4a87-8e25-06ce98c321b4/build]   |   Distribution: adopt
[be9429fe-6539-4a87-8e25-06ce98c321b4/build]   |   Version: 11.0.11+9
[be9429fe-6539-4a87-8e25-06ce98c321b4/build]   |   Path: /opt/hostedtoolcache/Java_Adopt_jdk/11.0.11-9/x64
[be9429fe-6539-4a87-8e25-06ce98c321b4/build]   | 
[be9429fe-6539-4a87-8e25-06ce98c321b4/build]   ‚ùì add-matcher /run/act/actions/actions-setup-java@v2/.github/java.json
[be9429fe-6539-4a87-8e25-06ce98c321b4/build]   | Creating settings.xml with server-id: github
[be9429fe-6539-4a87-8e25-06ce98c321b4/build]   | Writing to /home/runneradmin/.m2/settings.xml
[be9429fe-6539-4a87-8e25-06ce98c321b4/build]   ‚úÖ  Success - Main Set up JDK 11
[be9429fe-6539-4a87-8e25-06ce98c321b4/build]   ‚öô  ::set-env:: JAVA_HOME=/opt/hostedtoolcache/Java_Adopt_jdk/11.0.11-9/x64
[be9429fe-6539-4a87-8e25-06ce98c321b4/build]   ‚öô  ::set-output:: distribution=Adopt-Hotspot
[be9429fe-6539-4a87-8e25-06ce98c321b4/build]   ‚öô  ::set-output:: path=/opt/hostedtoolcache/Java_Adopt_jdk/11.0.11-9/x64
[be9429fe-6539-4a87-8e25-06ce98c321b4/build]   ‚öô  ::set-output:: version=11.0.11+9
[be9429fe-6539-4a87-8e25-06ce98c321b4/build]   ‚öô  ::add-path:: /opt/hostedtoolcache/Java_Adopt_jdk/11.0.11-9/x64/bin
[be9429fe-6539-4a87-8e25-06ce98c321b4/build] unable to get git ref: failed to identify reference (tag/branch) for the checked-out revision 'b0c758804af4f9a79a434534717cb0c10a175bcc'
[be9429fe-6539-4a87-8e25-06ce98c321b4/build] unable to get git ref: failed to identify reference (tag/branch) for the checked-out revision 'b0c758804af4f9a79a434534717cb0c10a175bcc'
[be9429fe-6539-4a87-8e25-06ce98c321b4/build] unable to get git ref: failed to identify reference (tag/branch) for the checked-out revision 'b0c758804af4f9a79a434534717cb0c10a175bcc'
[be9429fe-6539-4a87-8e25-06ce98c321b4/build] unable to get git ref: failed to identify reference (tag/branch) for the checked-out revision 'b0c758804af4f9a79a434534717cb0c10a175bcc'
[be9429fe-6539-4a87-8e25-06ce98c321b4/build] unable to get git ref: failed to identify reference (tag/branch) for the checked-out revision 'b0c758804af4f9a79a434534717cb0c10a175bcc'
[be9429fe-6539-4a87-8e25-06ce98c321b4/build] ‚≠ê Run Main Setup Gradle Dependencies Cache
[be9429fe-6539-4a87-8e25-06ce98c321b4/build] unable to get git ref: failed to identify reference (tag/branch) for the checked-out revision 'b0c758804af4f9a79a434534717cb0c10a175bcc'
[be9429fe-6539-4a87-8e25-06ce98c321b4/build] unable to get git ref: failed to identify reference (tag/branch) for the checked-out revision 'b0c758804af4f9a79a434534717cb0c10a175bcc'
[be9429fe-6539-4a87-8e25-06ce98c321b4/build] unable to get git ref: failed to identify reference (tag/branch) for the checked-out revision 'b0c758804af4f9a79a434534717cb0c10a175bcc'
[be9429fe-6539-4a87-8e25-06ce98c321b4/build]   üê≥  docker cp src=/tmp/act-cache/a47a4d84-46e6-4846-81cf-25ee210bbb42/act/actions-cache@v2.1.6/ dst=/var/run/act/actions/actions-cache@v2.1.6/
[be9429fe-6539-4a87-8e25-06ce98c321b4/build]   üê≥  docker exec cmd=[chown -R 1012:1013 /var/run/act/actions/actions-cache@v2.1.6/] user=0 workdir=
[be9429fe-6539-4a87-8e25-06ce98c321b4/build]   üê≥  docker exec cmd=[node /var/run/act/actions/actions-cache@v2.1.6/dist/restore/index.js] user= workdir=
[be9429fe-6539-4a87-8e25-06ce98c321b4/build]   üíæ  ::save-state name=CACHE_KEY::Linux-gradle-caches-ee1f9c34243724b62b124c2e91bfb22c7f896adcb486d04327ff7663e9a6bc50
[be9429fe-6539-4a87-8e25-06ce98c321b4/build]   üí¨  ::debug::Resolved Keys:
[be9429fe-6539-4a87-8e25-06ce98c321b4/build]   üí¨  ::debug::["Linux-gradle-caches-ee1f9c34243724b62b124c2e91bfb22c7f896adcb486d04327ff7663e9a6bc50"]
[be9429fe-6539-4a87-8e25-06ce98c321b4/build]   üí¨  ::debug::Checking zstd --version
[be9429fe-6539-4a87-8e25-06ce98c321b4/build]   üí¨  ::debug::*** zstd command line interface 64-bits v1.5.0, by Yann Collet ***
[be9429fe-6539-4a87-8e25-06ce98c321b4/build]   üí¨  ::debug::getCacheEntry - Attempt 1 of 2 failed with error: Cache Service Url not found, unable to restore cache.
[be9429fe-6539-4a87-8e25-06ce98c321b4/build]   üí¨  ::debug::getCacheEntry - Attempt 2 of 2 failed with error: Cache Service Url not found, unable to restore cache.
[be9429fe-6539-4a87-8e25-06ce98c321b4/build]   | [warning]getCacheEntry failed: Cache Service Url not found, unable to restore cache.
[be9429fe-6539-4a87-8e25-06ce98c321b4/build]   ‚öô  ::set-output:: cache-hit=false
[be9429fe-6539-4a87-8e25-06ce98c321b4/build]   ‚úÖ  Success - Main Setup Gradle Dependencies Cache
[be9429fe-6539-4a87-8e25-06ce98c321b4/build] unable to get git ref: failed to identify reference (tag/branch) for the checked-out revision 'b0c758804af4f9a79a434534717cb0c10a175bcc'
[be9429fe-6539-4a87-8e25-06ce98c321b4/build] unable to get git ref: failed to identify reference (tag/branch) for the checked-out revision 'b0c758804af4f9a79a434534717cb0c10a175bcc'
[be9429fe-6539-4a87-8e25-06ce98c321b4/build] unable to get git ref: failed to identify reference (tag/branch) for the checked-out revision 'b0c758804af4f9a79a434534717cb0c10a175bcc'
[be9429fe-6539-4a87-8e25-06ce98c321b4/build] unable to get git ref: failed to identify reference (tag/branch) for the checked-out revision 'b0c758804af4f9a79a434534717cb0c10a175bcc'
[be9429fe-6539-4a87-8e25-06ce98c321b4/build] unable to get git ref: failed to identify reference (tag/branch) for the checked-out revision 'b0c758804af4f9a79a434534717cb0c10a175bcc'
[be9429fe-6539-4a87-8e25-06ce98c321b4/build] ‚≠ê Run Main Setup Gradle Wrapper Cache
[be9429fe-6539-4a87-8e25-06ce98c321b4/build] unable to get git ref: failed to identify reference (tag/branch) for the checked-out revision 'b0c758804af4f9a79a434534717cb0c10a175bcc'
[be9429fe-6539-4a87-8e25-06ce98c321b4/build] unable to get git ref: failed to identify reference (tag/branch) for the checked-out revision 'b0c758804af4f9a79a434534717cb0c10a175bcc'
[be9429fe-6539-4a87-8e25-06ce98c321b4/build] unable to get git ref: failed to identify reference (tag/branch) for the checked-out revision 'b0c758804af4f9a79a434534717cb0c10a175bcc'
[be9429fe-6539-4a87-8e25-06ce98c321b4/build]   üê≥  docker cp src=/tmp/act-cache/a47a4d84-46e6-4846-81cf-25ee210bbb42/act/actions-cache@v2.1.6/ dst=/var/run/act/actions/actions-cache@v2.1.6/
[be9429fe-6539-4a87-8e25-06ce98c321b4/build]   üê≥  docker exec cmd=[chown -R 1012:1013 /var/run/act/actions/actions-cache@v2.1.6/] user=0 workdir=
[be9429fe-6539-4a87-8e25-06ce98c321b4/build]   üê≥  docker exec cmd=[node /var/run/act/actions/actions-cache@v2.1.6/dist/restore/index.js] user= workdir=
[be9429fe-6539-4a87-8e25-06ce98c321b4/build]   üíæ  ::save-state name=CACHE_KEY::Linux-gradle-wrapper-54b6d26623ca8d6b29df083f678432f4d270d645c661c083465b8f8fa224e7cb
[be9429fe-6539-4a87-8e25-06ce98c321b4/build]   üí¨  ::debug::Resolved Keys:
[be9429fe-6539-4a87-8e25-06ce98c321b4/build]   üí¨  ::debug::["Linux-gradle-wrapper-54b6d26623ca8d6b29df083f678432f4d270d645c661c083465b8f8fa224e7cb"]
[be9429fe-6539-4a87-8e25-06ce98c321b4/build]   üí¨  ::debug::Checking zstd --version
[be9429fe-6539-4a87-8e25-06ce98c321b4/build]   üí¨  ::debug::*** zstd command line interface 64-bits v1.5.0, by Yann Collet ***
[be9429fe-6539-4a87-8e25-06ce98c321b4/build]   üí¨  ::debug::getCacheEntry - Attempt 1 of 2 failed with error: Cache Service Url not found, unable to restore cache.
[be9429fe-6539-4a87-8e25-06ce98c321b4/build]   üí¨  ::debug::getCacheEntry - Attempt 2 of 2 failed with error: Cache Service Url not found, unable to restore cache.
[be9429fe-6539-4a87-8e25-06ce98c321b4/build]   | [warning]getCacheEntry failed: Cache Service Url not found, unable to restore cache.
[be9429fe-6539-4a87-8e25-06ce98c321b4/build]   ‚öô  ::set-output:: cache-hit=false
[be9429fe-6539-4a87-8e25-06ce98c321b4/build]   ‚úÖ  Success - Main Setup Gradle Wrapper Cache
[be9429fe-6539-4a87-8e25-06ce98c321b4/build] unable to get git ref: failed to identify reference (tag/branch) for the checked-out revision 'b0c758804af4f9a79a434534717cb0c10a175bcc'
[be9429fe-6539-4a87-8e25-06ce98c321b4/build] unable to get git ref: failed to identify reference (tag/branch) for the checked-out revision 'b0c758804af4f9a79a434534717cb0c10a175bcc'
[be9429fe-6539-4a87-8e25-06ce98c321b4/build] unable to get git ref: failed to identify reference (tag/branch) for the checked-out revision 'b0c758804af4f9a79a434534717cb0c10a175bcc'
[be9429fe-6539-4a87-8e25-06ce98c321b4/build] unable to get git ref: failed to identify reference (tag/branch) for the checked-out revision 'b0c758804af4f9a79a434534717cb0c10a175bcc'
[be9429fe-6539-4a87-8e25-06ce98c321b4/build] unable to get git ref: failed to identify reference (tag/branch) for the checked-out revision 'b0c758804af4f9a79a434534717cb0c10a175bcc'
[be9429fe-6539-4a87-8e25-06ce98c321b4/build] ‚≠ê Run Main setting env vars
[be9429fe-6539-4a87-8e25-06ce98c321b4/build] unable to get git ref: failed to identify reference (tag/branch) for the checked-out revision 'b0c758804af4f9a79a434534717cb0c10a175bcc'
[be9429fe-6539-4a87-8e25-06ce98c321b4/build] unable to get git ref: failed to identify reference (tag/branch) for the checked-out revision 'b0c758804af4f9a79a434534717cb0c10a175bcc'
[be9429fe-6539-4a87-8e25-06ce98c321b4/build] unable to get git ref: failed to identify reference (tag/branch) for the checked-out revision 'b0c758804af4f9a79a434534717cb0c10a175bcc'
[be9429fe-6539-4a87-8e25-06ce98c321b4/build] unable to get git ref: failed to identify reference (tag/branch) for the checked-out revision 'b0c758804af4f9a79a434534717cb0c10a175bcc'
[be9429fe-6539-4a87-8e25-06ce98c321b4/build]   üê≥  docker exec cmd=[bash --noprofile --norc -e -o pipefail /var/run/act/workflow/4] user= workdir=
[be9429fe-6539-4a87-8e25-06ce98c321b4/build]   | Main version IU-2021.1
[be9429fe-6539-4a87-8e25-06ce98c321b4/build]   ‚úÖ  Success - Main setting env vars
[be9429fe-6539-4a87-8e25-06ce98c321b4/build] unable to get git ref: failed to identify reference (tag/branch) for the checked-out revision 'b0c758804af4f9a79a434534717cb0c10a175bcc'
[be9429fe-6539-4a87-8e25-06ce98c321b4/build] unable to get git ref: failed to identify reference (tag/branch) for the checked-out revision 'b0c758804af4f9a79a434534717cb0c10a175bcc'
[be9429fe-6539-4a87-8e25-06ce98c321b4/build] unable to get git ref: failed to identify reference (tag/branch) for the checked-out revision 'b0c758804af4f9a79a434534717cb0c10a175bcc'
[be9429fe-6539-4a87-8e25-06ce98c321b4/build] unable to get git ref: failed to identify reference (tag/branch) for the checked-out revision 'b0c758804af4f9a79a434534717cb0c10a175bcc'
[be9429fe-6539-4a87-8e25-06ce98c321b4/build] unable to get git ref: failed to identify reference (tag/branch) for the checked-out revision 'b0c758804af4f9a79a434534717cb0c10a175bcc'
[be9429fe-6539-4a87-8e25-06ce98c321b4/build] ‚≠ê Run Main Grant execute permission for gradlew
[be9429fe-6539-4a87-8e25-06ce98c321b4/build] unable to get git ref: failed to identify reference (tag/branch) for the checked-out revision 'b0c758804af4f9a79a434534717cb0c10a175bcc'
[be9429fe-6539-4a87-8e25-06ce98c321b4/build] unable to get git ref: failed to identify reference (tag/branch) for the checked-out revision 'b0c758804af4f9a79a434534717cb0c10a175bcc'
[be9429fe-6539-4a87-8e25-06ce98c321b4/build] unable to get git ref: failed to identify reference (tag/branch) for the checked-out revision 'b0c758804af4f9a79a434534717cb0c10a175bcc'
[be9429fe-6539-4a87-8e25-06ce98c321b4/build] unable to get git ref: failed to identify reference (tag/branch) for the checked-out revision 'b0c758804af4f9a79a434534717cb0c10a175bcc'
[be9429fe-6539-4a87-8e25-06ce98c321b4/build]   üê≥  docker exec cmd=[bash --noprofile --norc -e -o pipefail /var/run/act/workflow/5] user= workdir=
[be9429fe-6539-4a87-8e25-06ce98c321b4/build]   ‚úÖ  Success - Main Grant execute permission for gradlew
[be9429fe-6539-4a87-8e25-06ce98c321b4/build] unable to get git ref: failed to identify reference (tag/branch) for the checked-out revision 'b0c758804af4f9a79a434534717cb0c10a175bcc'
[be9429fe-6539-4a87-8e25-06ce98c321b4/build] unable to get git ref: failed to identify reference (tag/branch) for the checked-out revision 'b0c758804af4f9a79a434534717cb0c10a175bcc'
[be9429fe-6539-4a87-8e25-06ce98c321b4/build] unable to get git ref: failed to identify reference (tag/branch) for the checked-out revision 'b0c758804af4f9a79a434534717cb0c10a175bcc'
[be9429fe-6539-4a87-8e25-06ce98c321b4/build] unable to get git ref: failed to identify reference (tag/branch) for the checked-out revision 'b0c758804af4f9a79a434534717cb0c10a175bcc'
[be9429fe-6539-4a87-8e25-06ce98c321b4/build] unable to get git ref: failed to identify reference (tag/branch) for the checked-out revision 'b0c758804af4f9a79a434534717cb0c10a175bcc'
[be9429fe-6539-4a87-8e25-06ce98c321b4/build] ‚≠ê Run Main Build with Gradle
[be9429fe-6539-4a87-8e25-06ce98c321b4/build] unable to get git ref: failed to identify reference (tag/branch) for the checked-out revision 'b0c758804af4f9a79a434534717cb0c10a175bcc'
[be9429fe-6539-4a87-8e25-06ce98c321b4/build] unable to get git ref: failed to identify reference (tag/branch) for the checked-out revision 'b0c758804af4f9a79a434534717cb0c10a175bcc'
[be9429fe-6539-4a87-8e25-06ce98c321b4/build] unable to get git ref: failed to identify reference (tag/branch) for the checked-out revision 'b0c758804af4f9a79a434534717cb0c10a175bcc'
[be9429fe-6539-4a87-8e25-06ce98c321b4/build] unable to get git ref: failed to identify reference (tag/branch) for the checked-out revision 'b0c758804af4f9a79a434534717cb0c10a175bcc'
[be9429fe-6539-4a87-8e25-06ce98c321b4/build]   üê≥  docker exec cmd=[bash --noprofile --norc -e -o pipefail /var/run/act/workflow/6] user= workdir=
[be9429fe-6539-4a87-8e25-06ce98c321b4/build]   | Downloading https://services.gradle.org/distributions/gradle-5.4.1-all.zip
[be9429fe-6539-4a87-8e25-06ce98c321b4/build]   | ..............................................................................................................................
[be9429fe-6539-4a87-8e25-06ce98c321b4/build]   | 
[be9429fe-6539-4a87-8e25-06ce98c321b4/build]   | Welcome to Gradle 5.4.1!
[be9429fe-6539-4a87-8e25-06ce98c321b4/build]   | 
[be9429fe-6539-4a87-8e25-06ce98c321b4/build]   | Here are the highlights of this release:
[be9429fe-6539-4a87-8e25-06ce98c321b4/build]   |  - Run builds with JDK12
[be9429fe-6539-4a87-8e25-06ce98c321b4/build]   |  - New API for Incremental Tasks
[be9429fe-6539-4a87-8e25-06ce98c321b4/build]   |  - Updates to native projects, including Swift 5 support
[be9429fe-6539-4a87-8e25-06ce98c321b4/build]   | 
[be9429fe-6539-4a87-8e25-06ce98c321b4/build]   | For more details see https://docs.gradle.org/5.4.1/release-notes.html
[be9429fe-6539-4a87-8e25-06ce98c321b4/build]   | 
[be9429fe-6539-4a87-8e25-06ce98c321b4/build]   | Starting a Gradle Daemon (subsequent builds will be faster)
[be9429fe-6539-4a87-8e25-06ce98c321b4/build]   | > Task :compileJava UP-TO-DATE
[be9429fe-6539-4a87-8e25-06ce98c321b4/build]   | > Task :patchPluginXml UP-TO-DATE
[be9429fe-6539-4a87-8e25-06ce98c321b4/build]   | > Task :processResources UP-TO-DATE
[be9429fe-6539-4a87-8e25-06ce98c321b4/build]   | > Task :classes UP-TO-DATE
[be9429fe-6539-4a87-8e25-06ce98c321b4/build]   | > Task :instrumentCode UP-TO-DATE
[be9429fe-6539-4a87-8e25-06ce98c321b4/build]   | > Task :postInstrumentCode
[be9429fe-6539-4a87-8e25-06ce98c321b4/build]   | > Task :compileTestJava
[be9429fe-6539-4a87-8e25-06ce98c321b4/build]   | > Task :processTestResources NO-SOURCE
[be9429fe-6539-4a87-8e25-06ce98c321b4/build]   | > Task :testClasses
[be9429fe-6539-4a87-8e25-06ce98c321b4/build]   | > Task :instrumentTestCode
[be9429fe-6539-4a87-8e25-06ce98c321b4/build]   | > Task :postInstrumentTestCode
[be9429fe-6539-4a87-8e25-06ce98c321b4/build]   | > Task :jar UP-TO-DATE
[be9429fe-6539-4a87-8e25-06ce98c321b4/build]   | > Task :prepareTestingSandbox UP-TO-DATE
[be9429fe-6539-4a87-8e25-06ce98c321b4/build]   | 
[be9429fe-6539-4a87-8e25-06ce98c321b4/build]   | > Task :test
[be9429fe-6539-4a87-8e25-06ce98c321b4/build]   | WARNING: An illegal reflective access operation has occurred
[be9429fe-6539-4a87-8e25-06ce98c321b4/build]   | WARNING: Illegal reflective access by com.intellij.util.ReflectionUtil (file:/home/runneradmin/.gradle/caches/modules-2/files-2.1/com.jetbrains.intellij.idea/ideaIU/2020.1/b3e6761562a6905b8dcc204c6d01decee42ea763/ideaIU-2020.1/lib/util.jar) to field java.io.DeleteOnExitHook.files
[be9429fe-6539-4a87-8e25-06ce98c321b4/build]   | WARNING: Please consider reporting this to the maintainers of com.intellij.util.ReflectionUtil
[be9429fe-6539-4a87-8e25-06ce98c321b4/build]   | WARNING: Use --illegal-access=warn to enable warnings of further illegal reflective access operations
[be9429fe-6539-4a87-8e25-06ce98c321b4/build]   | WARNING: All illegal access operations will be denied in a future release
[be9429fe-6539-4a87-8e25-06ce98c321b4/build]   | 
[be9429fe-6539-4a87-8e25-06ce98c321b4/build]   | de.espend.idea.php.annotation.tests.inspection.DoctrineTypeDeprecatedInspectionTest > testThatDeprecatedInspectionIsDisplayedDoctrineColumnTypes FAILED
[be9429fe-6539-4a87-8e25-06ce98c321b4/build]   |     junit.framework.AssertionFailedError: Fail matches '[Annotations] Deprecated: Use JsonType instead' with one of [Deprecated: Use JsonType instead]
[be9429fe-6539-4a87-8e25-06ce98c321b4/build]   |         at junit.framework.Assert.fail(Assert.java:57)
[be9429fe-6539-4a87-8e25-06ce98c321b4/build]   |         at junit.framework.TestCase.fail(TestCase.java:227)
[be9429fe-6539-4a87-8e25-06ce98c321b4/build]   |         at de.espend.idea.php.annotation.tests.AnnotationLightCodeInsightFixtureTestCase.assertLocalInspectionContains(AnnotationLightCodeInsightFixtureTestCase.java:456)
[be9429fe-6539-4a87-8e25-06ce98c321b4/build]   |         at de.espend.idea.php.annotation.tests.inspection.DoctrineTypeDeprecatedInspectionTest.testThatDeprecatedInspectionIsDisplayedDoctrineColumnTypes(DoctrineTypeDeprecatedInspectionTest.java:19)
[be9429fe-6539-4a87-8e25-06ce98c321b4/build]   | 
[be9429fe-6539-4a87-8e25-06ce98c321b4/build]   | 79 tests completed, 1 failed
[be9429fe-6539-4a87-8e25-06ce98c321b4/build]   | 
[be9429fe-6539-4a87-8e25-06ce98c321b4/build]   | > Task :test FAILED
[be9429fe-6539-4a87-8e25-06ce98c321b4/build]   | 
[be9429fe-6539-4a87-8e25-06ce98c321b4/build]   | FAILURE: Build failed with an exception.
[be9429fe-6539-4a87-8e25-06ce98c321b4/build]   | 
[be9429fe-6539-4a87-8e25-06ce98c321b4/build]   | * What went wrong:
[be9429fe-6539-4a87-8e25-06ce98c321b4/build]   | Execution failed for task ':test'.
[be9429fe-6539-4a87-8e25-06ce98c321b4/build]   | > There were failing tests. See the report at: file:///tmp/a76756cd-71d7-42b3-baf1-995e265a0534/build/reports/tests/test/index.html
[be9429fe-6539-4a87-8e25-06ce98c321b4/build]   | 
[be9429fe-6539-4a87-8e25-06ce98c321b4/build]   | * Try:
[be9429fe-6539-4a87-8e25-06ce98c321b4/build]   | Run with --stacktrace option to get the stack trace. Run with --info or --debug option to get more log output. Run with --scan to get full insights.
[be9429fe-6539-4a87-8e25-06ce98c321b4/build]   | 
[be9429fe-6539-4a87-8e25-06ce98c321b4/build]   | * Get more help at https://help.gradle.org
[be9429fe-6539-4a87-8e25-06ce98c321b4/build]   | 
[be9429fe-6539-4a87-8e25-06ce98c321b4/build]   | BUILD FAILED in 2m 30s
[be9429fe-6539-4a87-8e25-06ce98c321b4/build]   | 11 actionable tasks: 5 executed, 6 up-to-date
[be9429fe-6539-4a87-8e25-06ce98c321b4/build]   ‚ùå  Failure - Main Build with Gradle
[be9429fe-6539-4a87-8e25-06ce98c321b4/build] exitcode '1': failure
[be9429fe-6539-4a87-8e25-06ce98c321b4/build] unable to get git ref: failed to identify reference (tag/branch) for the checked-out revision 'b0c758804af4f9a79a434534717cb0c10a175bcc'
[be9429fe-6539-4a87-8e25-06ce98c321b4/build] unable to get git ref: failed to identify reference (tag/branch) for the checked-out revision 'b0c758804af4f9a79a434534717cb0c10a175bcc'
[be9429fe-6539-4a87-8e25-06ce98c321b4/build] unable to get git ref: failed to identify reference (tag/branch) for the checked-out revision 'b0c758804af4f9a79a434534717cb0c10a175bcc'
[be9429fe-6539-4a87-8e25-06ce98c321b4/build] unable to get git ref: failed to identify reference (tag/branch) for the checked-out revision 'b0c758804af4f9a79a434534717cb0c10a175bcc'
[be9429fe-6539-4a87-8e25-06ce98c321b4/build] unable to get git ref: failed to identify reference (tag/branch) for the checked-out revision 'b0c758804af4f9a79a434534717cb0c10a175bcc'
[be9429fe-6539-4a87-8e25-06ce98c321b4/build] unable to get git ref: failed to identify reference (tag/branch) for the checked-out revision 'b0c758804af4f9a79a434534717cb0c10a175bcc'
[be9429fe-6539-4a87-8e25-06ce98c321b4/build] unable to get git ref: failed to identify reference (tag/branch) for the checked-out revision 'b0c758804af4f9a79a434534717cb0c10a175bcc'
[be9429fe-6539-4a87-8e25-06ce98c321b4/build] unable to get git ref: failed to identify reference (tag/branch) for the checked-out revision 'b0c758804af4f9a79a434534717cb0c10a175bcc'
[be9429fe-6539-4a87-8e25-06ce98c321b4/build] unable to get git ref: failed to identify reference (tag/branch) for the checked-out revision 'b0c758804af4f9a79a434534717cb0c10a175bcc'
[be9429fe-6539-4a87-8e25-06ce98c321b4/build] unable to get git ref: failed to identify reference (tag/branch) for the checked-out revision 'b0c758804af4f9a79a434534717cb0c10a175bcc'
[be9429fe-6539-4a87-8e25-06ce98c321b4/build] unable to get git ref: failed to identify reference (tag/branch) for the checked-out revision 'b0c758804af4f9a79a434534717cb0c10a175bcc'
[be9429fe-6539-4a87-8e25-06ce98c321b4/build] unable to get git ref: failed to identify reference (tag/branch) for the checked-out revision 'b0c758804af4f9a79a434534717cb0c10a175bcc'
[be9429fe-6539-4a87-8e25-06ce98c321b4/build] unable to get git ref: failed to identify reference (tag/branch) for the checked-out revision 'b0c758804af4f9a79a434534717cb0c10a175bcc'
[be9429fe-6539-4a87-8e25-06ce98c321b4/build] unable to get git ref: failed to identify reference (tag/branch) for the checked-out revision 'b0c758804af4f9a79a434534717cb0c10a175bcc'
[be9429fe-6539-4a87-8e25-06ce98c321b4/build] unable to get git ref: failed to identify reference (tag/branch) for the checked-out revision 'b0c758804af4f9a79a434534717cb0c10a175bcc'
[be9429fe-6539-4a87-8e25-06ce98c321b4/build] ‚≠ê Run Post Set up JDK 11
[be9429fe-6539-4a87-8e25-06ce98c321b4/build]   üê≥  docker exec cmd=[node /var/run/act/actions/actions-setup-java@v2/dist/cleanup/index.js] user= workdir=
[be9429fe-6539-4a87-8e25-06ce98c321b4/build]   ‚úÖ  Success - Post Set up JDK 11
[be9429fe-6539-4a87-8e25-06ce98c321b4/build] üèÅ  Job failed
[be9429fe-6539-4a87-8e25-06ce98c321b4/build] unable to get git ref: failed to identify reference (tag/branch) for the checked-out revision 'b0c758804af4f9a79a434534717cb0c10a175bcc'
