[1697d2c0-b0a9-4637-890f-c0b4b5ffca15/build] üöÄ  Start image=gitbugactions:latest
[1697d2c0-b0a9-4637-890f-c0b4b5ffca15/build]   üê≥  docker pull image=gitbugactions:latest platform= username= forcePull=false
[1697d2c0-b0a9-4637-890f-c0b4b5ffca15/build]   üê≥  docker create image=gitbugactions:latest platform= entrypoint=["tail" "-f" "/dev/null"] cmd=[]
[1697d2c0-b0a9-4637-890f-c0b4b5ffca15/build]   üê≥  docker run image=gitbugactions:latest platform= entrypoint=["tail" "-f" "/dev/null"] cmd=[]
[1697d2c0-b0a9-4637-890f-c0b4b5ffca15/build]   üê≥  docker exec cmd=[chown -R 1012:1013 /tmp/cecc0ad2-7ff4-400d-a294-4dfc2f0fd0d3] user=0 workdir=
[1697d2c0-b0a9-4637-890f-c0b4b5ffca15/build] unable to get git ref: failed to identify reference (tag/branch) for the checked-out revision '4722f9b6b6489ea7e9dea0c01ae1d7d3044310b5'
[1697d2c0-b0a9-4637-890f-c0b4b5ffca15/build] unable to get git ref: failed to identify reference (tag/branch) for the checked-out revision '4722f9b6b6489ea7e9dea0c01ae1d7d3044310b5'
[1697d2c0-b0a9-4637-890f-c0b4b5ffca15/build] unable to get git ref: failed to identify reference (tag/branch) for the checked-out revision '4722f9b6b6489ea7e9dea0c01ae1d7d3044310b5'
[1697d2c0-b0a9-4637-890f-c0b4b5ffca15/build] unable to get git ref: failed to identify reference (tag/branch) for the checked-out revision '4722f9b6b6489ea7e9dea0c01ae1d7d3044310b5'
[1697d2c0-b0a9-4637-890f-c0b4b5ffca15/build] unable to get git ref: failed to identify reference (tag/branch) for the checked-out revision '4722f9b6b6489ea7e9dea0c01ae1d7d3044310b5'
[1697d2c0-b0a9-4637-890f-c0b4b5ffca15/build] unable to get git ref: failed to identify reference (tag/branch) for the checked-out revision '4722f9b6b6489ea7e9dea0c01ae1d7d3044310b5'
[1697d2c0-b0a9-4637-890f-c0b4b5ffca15/build] unable to get git ref: failed to identify reference (tag/branch) for the checked-out revision '4722f9b6b6489ea7e9dea0c01ae1d7d3044310b5'
[1697d2c0-b0a9-4637-890f-c0b4b5ffca15/build] unable to get git ref: failed to identify reference (tag/branch) for the checked-out revision '4722f9b6b6489ea7e9dea0c01ae1d7d3044310b5'
[1697d2c0-b0a9-4637-890f-c0b4b5ffca15/build] unable to get git ref: failed to identify reference (tag/branch) for the checked-out revision '4722f9b6b6489ea7e9dea0c01ae1d7d3044310b5'
[1697d2c0-b0a9-4637-890f-c0b4b5ffca15/build] ‚≠ê Run Main actions/checkout@v3
[1697d2c0-b0a9-4637-890f-c0b4b5ffca15/build] unable to get git ref: failed to identify reference (tag/branch) for the checked-out revision '4722f9b6b6489ea7e9dea0c01ae1d7d3044310b5'
[1697d2c0-b0a9-4637-890f-c0b4b5ffca15/build] unable to get git ref: failed to identify reference (tag/branch) for the checked-out revision '4722f9b6b6489ea7e9dea0c01ae1d7d3044310b5'
[1697d2c0-b0a9-4637-890f-c0b4b5ffca15/build]   üê≥  docker cp src=/tmp/cecc0ad2-7ff4-400d-a294-4dfc2f0fd0d3/. dst=/tmp/cecc0ad2-7ff4-400d-a294-4dfc2f0fd0d3
[1697d2c0-b0a9-4637-890f-c0b4b5ffca15/build]   üê≥  docker exec cmd=[chown -R 1012:1013 /tmp/cecc0ad2-7ff4-400d-a294-4dfc2f0fd0d3] user=0 workdir=
[1697d2c0-b0a9-4637-890f-c0b4b5ffca15/build]   ‚úÖ  Success - Main actions/checkout@v3
[1697d2c0-b0a9-4637-890f-c0b4b5ffca15/build] unable to get git ref: failed to identify reference (tag/branch) for the checked-out revision '4722f9b6b6489ea7e9dea0c01ae1d7d3044310b5'
[1697d2c0-b0a9-4637-890f-c0b4b5ffca15/build] unable to get git ref: failed to identify reference (tag/branch) for the checked-out revision '4722f9b6b6489ea7e9dea0c01ae1d7d3044310b5'
[1697d2c0-b0a9-4637-890f-c0b4b5ffca15/build] unable to get git ref: failed to identify reference (tag/branch) for the checked-out revision '4722f9b6b6489ea7e9dea0c01ae1d7d3044310b5'
[1697d2c0-b0a9-4637-890f-c0b4b5ffca15/build] unable to get git ref: failed to identify reference (tag/branch) for the checked-out revision '4722f9b6b6489ea7e9dea0c01ae1d7d3044310b5'
[1697d2c0-b0a9-4637-890f-c0b4b5ffca15/build] unable to get git ref: failed to identify reference (tag/branch) for the checked-out revision '4722f9b6b6489ea7e9dea0c01ae1d7d3044310b5'
[1697d2c0-b0a9-4637-890f-c0b4b5ffca15/build] ‚≠ê Run Main actions/setup-java@v3
[1697d2c0-b0a9-4637-890f-c0b4b5ffca15/build] unable to get git ref: failed to identify reference (tag/branch) for the checked-out revision '4722f9b6b6489ea7e9dea0c01ae1d7d3044310b5'
[1697d2c0-b0a9-4637-890f-c0b4b5ffca15/build] unable to get git ref: failed to identify reference (tag/branch) for the checked-out revision '4722f9b6b6489ea7e9dea0c01ae1d7d3044310b5'
[1697d2c0-b0a9-4637-890f-c0b4b5ffca15/build] unable to get git ref: failed to identify reference (tag/branch) for the checked-out revision '4722f9b6b6489ea7e9dea0c01ae1d7d3044310b5'
[1697d2c0-b0a9-4637-890f-c0b4b5ffca15/build]   üê≥  docker cp src=/tmp/act-cache/250f79b4-5b59-4472-b60c-d3be4ebede96/act/actions-setup-java@v3/ dst=/var/run/act/actions/actions-setup-java@v3/
[1697d2c0-b0a9-4637-890f-c0b4b5ffca15/build]   üê≥  docker exec cmd=[chown -R 1012:1013 /var/run/act/actions/actions-setup-java@v3/] user=0 workdir=
[1697d2c0-b0a9-4637-890f-c0b4b5ffca15/build]   üê≥  docker exec cmd=[node /var/run/act/actions/actions-setup-java@v3/dist/setup/index.js] user= workdir=
[1697d2c0-b0a9-4637-890f-c0b4b5ffca15/build]   ‚ùì  ::group::Installed distributions
[1697d2c0-b0a9-4637-890f-c0b4b5ffca15/build]   | Trying to resolve the latest version from remote
[1697d2c0-b0a9-4637-890f-c0b4b5ffca15/build]   üí¨  ::debug::Gathering available versions from 'https://api.azul.com/zulu/download/community/v1.0/bundles/?os=linux&ext=tar.gz&bundle_type=jdk&javafx=false&arch=x86&hw_bitness=64&release_status=ga'
[1697d2c0-b0a9-4637-890f-c0b4b5ffca15/build]   | Resolved latest version as 11.0.21+9
[1697d2c0-b0a9-4637-890f-c0b4b5ffca15/build]   | Trying to download...
[1697d2c0-b0a9-4637-890f-c0b4b5ffca15/build]   | Downloading Java 11.0.21+9 (Zulu) from https://cdn.azul.com/zulu/bin/zulu11.68.17-ca-jdk11.0.21-linux_x64.tar.gz ...
[1697d2c0-b0a9-4637-890f-c0b4b5ffca15/build]   üí¨  ::debug::Downloading https://cdn.azul.com/zulu/bin/zulu11.68.17-ca-jdk11.0.21-linux_x64.tar.gz
[1697d2c0-b0a9-4637-890f-c0b4b5ffca15/build]   üí¨  ::debug::Destination /tmp/e93fdcbf-a2b1-438a-8043-e72ffa9803cb
[1697d2c0-b0a9-4637-890f-c0b4b5ffca15/build]   üí¨  ::debug::download complete
[1697d2c0-b0a9-4637-890f-c0b4b5ffca15/build]   | Extracting Java archive...
[1697d2c0-b0a9-4637-890f-c0b4b5ffca15/build]   üí¨  ::debug::Checking tar --version
[1697d2c0-b0a9-4637-890f-c0b4b5ffca15/build]   üí¨  ::debug::tar (GNU tar) 1.34%0ACopyright (C) 2021 Free Software Foundation, Inc.%0ALicense GPLv3+: GNU GPL version 3 or later <https://gnu.org/licenses/gpl.html>.%0AThis is free software: you are free to change and redistribute it.%0AThere is NO WARRANTY, to the extent permitted by law.%0A%0AWritten by John Gilmore and Jay Fenlason.
[1697d2c0-b0a9-4637-890f-c0b4b5ffca15/build]   | [command]/usr/bin/tar xz --warning=no-unknown-keyword -C /tmp/e5bafdd4-d0e8-4cb5-8173-68c14e1e872f -f /tmp/e93fdcbf-a2b1-438a-8043-e72ffa9803cb
[1697d2c0-b0a9-4637-890f-c0b4b5ffca15/build]   üí¨  ::debug::Caching tool Java_Zulu_jdk 11.0.21-9 x64
[1697d2c0-b0a9-4637-890f-c0b4b5ffca15/build]   üí¨  ::debug::source dir: /tmp/e5bafdd4-d0e8-4cb5-8173-68c14e1e872f/zulu11.68.17-ca-jdk11.0.21-linux_x64
[1697d2c0-b0a9-4637-890f-c0b4b5ffca15/build]   üí¨  ::debug::destination /opt/hostedtoolcache/Java_Zulu_jdk/11.0.21-9/x64
[1697d2c0-b0a9-4637-890f-c0b4b5ffca15/build]   üí¨  ::debug::finished caching tool
[1697d2c0-b0a9-4637-890f-c0b4b5ffca15/build]   | Java 11.0.21+9 was downloaded
[1697d2c0-b0a9-4637-890f-c0b4b5ffca15/build]   | Setting Java 11.0.21+9 as the default
[1697d2c0-b0a9-4637-890f-c0b4b5ffca15/build]   | Creating toolchains.xml for JDK version 11 from zulu
[1697d2c0-b0a9-4637-890f-c0b4b5ffca15/build]   | Writing to /home/runner/.m2/toolchains.xml
[1697d2c0-b0a9-4637-890f-c0b4b5ffca15/build]   | 
[1697d2c0-b0a9-4637-890f-c0b4b5ffca15/build]   | Java configuration:
[1697d2c0-b0a9-4637-890f-c0b4b5ffca15/build]   |   Distribution: zulu
[1697d2c0-b0a9-4637-890f-c0b4b5ffca15/build]   |   Version: 11.0.21+9
[1697d2c0-b0a9-4637-890f-c0b4b5ffca15/build]   |   Path: /opt/hostedtoolcache/Java_Zulu_jdk/11.0.21-9/x64
[1697d2c0-b0a9-4637-890f-c0b4b5ffca15/build]   | 
[1697d2c0-b0a9-4637-890f-c0b4b5ffca15/build]   ‚ùì  ::endgroup::
[1697d2c0-b0a9-4637-890f-c0b4b5ffca15/build]   ‚ùì add-matcher /run/act/actions/actions-setup-java@v3/.github/java.json
[1697d2c0-b0a9-4637-890f-c0b4b5ffca15/build]   | Creating settings.xml with server-id: github
[1697d2c0-b0a9-4637-890f-c0b4b5ffca15/build]   | Writing to /home/runner/.m2/settings.xml
[1697d2c0-b0a9-4637-890f-c0b4b5ffca15/build]   ‚úÖ  Success - Main actions/setup-java@v3
[1697d2c0-b0a9-4637-890f-c0b4b5ffca15/build]   ‚öô  ::set-env:: JAVA_HOME_11_X64=/opt/hostedtoolcache/Java_Zulu_jdk/11.0.21-9/x64
[1697d2c0-b0a9-4637-890f-c0b4b5ffca15/build]   ‚öô  ::set-env:: JAVA_HOME=/opt/hostedtoolcache/Java_Zulu_jdk/11.0.21-9/x64
[1697d2c0-b0a9-4637-890f-c0b4b5ffca15/build]   ‚öô  ::set-output:: distribution=Zulu
[1697d2c0-b0a9-4637-890f-c0b4b5ffca15/build]   ‚öô  ::set-output:: path=/opt/hostedtoolcache/Java_Zulu_jdk/11.0.21-9/x64
[1697d2c0-b0a9-4637-890f-c0b4b5ffca15/build]   ‚öô  ::set-output:: version=11.0.21+9
[1697d2c0-b0a9-4637-890f-c0b4b5ffca15/build]   ‚öô  ::add-path:: /opt/hostedtoolcache/Java_Zulu_jdk/11.0.21-9/x64/bin
[1697d2c0-b0a9-4637-890f-c0b4b5ffca15/build] unable to get git ref: failed to identify reference (tag/branch) for the checked-out revision '4722f9b6b6489ea7e9dea0c01ae1d7d3044310b5'
[1697d2c0-b0a9-4637-890f-c0b4b5ffca15/build] unable to get git ref: failed to identify reference (tag/branch) for the checked-out revision '4722f9b6b6489ea7e9dea0c01ae1d7d3044310b5'
[1697d2c0-b0a9-4637-890f-c0b4b5ffca15/build] unable to get git ref: failed to identify reference (tag/branch) for the checked-out revision '4722f9b6b6489ea7e9dea0c01ae1d7d3044310b5'
[1697d2c0-b0a9-4637-890f-c0b4b5ffca15/build] unable to get git ref: failed to identify reference (tag/branch) for the checked-out revision '4722f9b6b6489ea7e9dea0c01ae1d7d3044310b5'
[1697d2c0-b0a9-4637-890f-c0b4b5ffca15/build] unable to get git ref: failed to identify reference (tag/branch) for the checked-out revision '4722f9b6b6489ea7e9dea0c01ae1d7d3044310b5'
[1697d2c0-b0a9-4637-890f-c0b4b5ffca15/build] ‚≠ê Run Main ./gradlew build --no-daemon --warning-mode=fail
[1697d2c0-b0a9-4637-890f-c0b4b5ffca15/build] unable to get git ref: failed to identify reference (tag/branch) for the checked-out revision '4722f9b6b6489ea7e9dea0c01ae1d7d3044310b5'
[1697d2c0-b0a9-4637-890f-c0b4b5ffca15/build] unable to get git ref: failed to identify reference (tag/branch) for the checked-out revision '4722f9b6b6489ea7e9dea0c01ae1d7d3044310b5'
[1697d2c0-b0a9-4637-890f-c0b4b5ffca15/build] unable to get git ref: failed to identify reference (tag/branch) for the checked-out revision '4722f9b6b6489ea7e9dea0c01ae1d7d3044310b5'
[1697d2c0-b0a9-4637-890f-c0b4b5ffca15/build] unable to get git ref: failed to identify reference (tag/branch) for the checked-out revision '4722f9b6b6489ea7e9dea0c01ae1d7d3044310b5'
[1697d2c0-b0a9-4637-890f-c0b4b5ffca15/build]   üê≥  docker exec cmd=[bash --noprofile --norc -e -o pipefail /var/run/act/workflow/2] user= workdir=
[1697d2c0-b0a9-4637-890f-c0b4b5ffca15/build]   | Downloading https://services.gradle.org/distributions/gradle-7.5.1-bin.zip
[1697d2c0-b0a9-4637-890f-c0b4b5ffca15/build]   | ...........10%............20%...........30%............40%...........50%............60%...........70%............80%...........90%............100%
[1697d2c0-b0a9-4637-890f-c0b4b5ffca15/build]   | 
[1697d2c0-b0a9-4637-890f-c0b4b5ffca15/build]   | Welcome to Gradle 7.5.1!
[1697d2c0-b0a9-4637-890f-c0b4b5ffca15/build]   | 
[1697d2c0-b0a9-4637-890f-c0b4b5ffca15/build]   | Here are the highlights of this release:
[1697d2c0-b0a9-4637-890f-c0b4b5ffca15/build]   |  - Support for Java 18
[1697d2c0-b0a9-4637-890f-c0b4b5ffca15/build]   |  - Support for building with Groovy 4
[1697d2c0-b0a9-4637-890f-c0b4b5ffca15/build]   |  - Much more responsive continuous builds
[1697d2c0-b0a9-4637-890f-c0b4b5ffca15/build]   |  - Improved diagnostics for dependency resolution
[1697d2c0-b0a9-4637-890f-c0b4b5ffca15/build]   | 
[1697d2c0-b0a9-4637-890f-c0b4b5ffca15/build]   | For more details see https://docs.gradle.org/7.5.1/release-notes.html
[1697d2c0-b0a9-4637-890f-c0b4b5ffca15/build]   | 
[1697d2c0-b0a9-4637-890f-c0b4b5ffca15/build]   | To honour the JVM settings for this build a single-use Daemon process will be forked. See https://docs.gradle.org/7.5.1/userguide/gradle_daemon.html#sec:disabling_the_daemon.
[1697d2c0-b0a9-4637-890f-c0b4b5ffca15/build]   | Daemon will be stopped at the end of the build 
[1697d2c0-b0a9-4637-890f-c0b4b5ffca15/build]   | 
[1697d2c0-b0a9-4637-890f-c0b4b5ffca15/build]   | > Configure project :
[1697d2c0-b0a9-4637-890f-c0b4b5ffca15/build]   | Kordamp Enforcer Gradle plugin 0.10.0. Consider becoming a patron at https://www.patreon.com/aalmiray
[1697d2c0-b0a9-4637-890f-c0b4b5ffca15/build]   | 
[1697d2c0-b0a9-4637-890f-c0b4b5ffca15/build]   | > Task :copyDependencies
[1697d2c0-b0a9-4637-890f-c0b4b5ffca15/build]   | > Task :extractIncludeProto
[1697d2c0-b0a9-4637-890f-c0b4b5ffca15/build]   | > Task :extractProto
[1697d2c0-b0a9-4637-890f-c0b4b5ffca15/build]   | > Task :generateProto
[1697d2c0-b0a9-4637-890f-c0b4b5ffca15/build]   | > Task :compileJava
[1697d2c0-b0a9-4637-890f-c0b4b5ffca15/build]   | Note: Some input files use or override a deprecated API.
[1697d2c0-b0a9-4637-890f-c0b4b5ffca15/build]   | Note: Recompile with -Xlint:deprecation for details.
[1697d2c0-b0a9-4637-890f-c0b4b5ffca15/build]   | Note: Some input files use unchecked or unsafe operations.
[1697d2c0-b0a9-4637-890f-c0b4b5ffca15/build]   | Note: Recompile with -Xlint:unchecked for details.
[1697d2c0-b0a9-4637-890f-c0b4b5ffca15/build]   | 
[1697d2c0-b0a9-4637-890f-c0b4b5ffca15/build]   | > Task :processResources
[1697d2c0-b0a9-4637-890f-c0b4b5ffca15/build]   | > Task :classes
[1697d2c0-b0a9-4637-890f-c0b4b5ffca15/build]   | > Task :jar
[1697d2c0-b0a9-4637-890f-c0b4b5ffca15/build]   | > Task :assemble
[1697d2c0-b0a9-4637-890f-c0b4b5ffca15/build]   | > Task :extractIncludeTestProto
[1697d2c0-b0a9-4637-890f-c0b4b5ffca15/build]   | > Task :extractTestProto
[1697d2c0-b0a9-4637-890f-c0b4b5ffca15/build]   | > Task :generateTestProto NO-SOURCE
[1697d2c0-b0a9-4637-890f-c0b4b5ffca15/build]   | 
[1697d2c0-b0a9-4637-890f-c0b4b5ffca15/build]   | Note: Some input files use or override a deprecated API.
[1697d2c0-b0a9-4637-890f-c0b4b5ffca15/build]   | Note: Recompile with -Xlint:deprecation for details.> Task :compileTestJava
[1697d2c0-b0a9-4637-890f-c0b4b5ffca15/build]   | 
[1697d2c0-b0a9-4637-890f-c0b4b5ffca15/build]   | Note: /tmp/cecc0ad2-7ff4-400d-a294-4dfc2f0fd0d3/src/test/java/org/traccar/helper/ServletHelperTest.java uses unchecked or unsafe operations.
[1697d2c0-b0a9-4637-890f-c0b4b5ffca15/build]   | Note: Recompile with -Xlint:unchecked for details.
[1697d2c0-b0a9-4637-890f-c0b4b5ffca15/build]   | 
[1697d2c0-b0a9-4637-890f-c0b4b5ffca15/build]   | > Task :processTestResources NO-SOURCE
[1697d2c0-b0a9-4637-890f-c0b4b5ffca15/build]   | > Task :testClasses
[1697d2c0-b0a9-4637-890f-c0b4b5ffca15/build]   | > Task :checkstyleTest SKIPPED
[1697d2c0-b0a9-4637-890f-c0b4b5ffca15/build]   | 
[1697d2c0-b0a9-4637-890f-c0b4b5ffca15/build]   | > Task :test
[1697d2c0-b0a9-4637-890f-c0b4b5ffca15/build]   | 
[1697d2c0-b0a9-4637-890f-c0b4b5ffca15/build]   | org.traccar.protocol.WatchProtocolDecoderTest > testDecode FAILED
[1697d2c0-b0a9-4637-890f-c0b4b5ffca15/build]   |     java.lang.NumberFormatException at WatchProtocolDecoderTest.java:20
[1697d2c0-b0a9-4637-890f-c0b4b5ffca15/build]   | 
[1697d2c0-b0a9-4637-890f-c0b4b5ffca15/build]   | 492 tests completed, 1 failed, 23 skipped
[1697d2c0-b0a9-4637-890f-c0b4b5ffca15/build]   | 
[1697d2c0-b0a9-4637-890f-c0b4b5ffca15/build]   | > Task :test FAILED
[1697d2c0-b0a9-4637-890f-c0b4b5ffca15/build]   | > Task :checkstyleMain
[1697d2c0-b0a9-4637-890f-c0b4b5ffca15/build]   | 12 actionable tasks: 12 executed
[1697d2c0-b0a9-4637-890f-c0b4b5ffca15/build]   | 
[1697d2c0-b0a9-4637-890f-c0b4b5ffca15/build]   | FAILURE: Build failed with an exception.
[1697d2c0-b0a9-4637-890f-c0b4b5ffca15/build]   | 
[1697d2c0-b0a9-4637-890f-c0b4b5ffca15/build]   | * What went wrong:
[1697d2c0-b0a9-4637-890f-c0b4b5ffca15/build]   | Execution failed for task ':test'.
[1697d2c0-b0a9-4637-890f-c0b4b5ffca15/build]   | > There were failing tests. See the report at: file:///tmp/cecc0ad2-7ff4-400d-a294-4dfc2f0fd0d3/build/reports/tests/test/index.html
[1697d2c0-b0a9-4637-890f-c0b4b5ffca15/build]   | 
[1697d2c0-b0a9-4637-890f-c0b4b5ffca15/build]   | * Try:
[1697d2c0-b0a9-4637-890f-c0b4b5ffca15/build]   | > Run with --stacktrace option to get the stack trace.
[1697d2c0-b0a9-4637-890f-c0b4b5ffca15/build]   | > Run with --info or --debug option to get more log output.
[1697d2c0-b0a9-4637-890f-c0b4b5ffca15/build]   | > Run with --scan to get full insights.
[1697d2c0-b0a9-4637-890f-c0b4b5ffca15/build]   | 
[1697d2c0-b0a9-4637-890f-c0b4b5ffca15/build]   | * Get more help at https://help.gradle.org
[1697d2c0-b0a9-4637-890f-c0b4b5ffca15/build]   | 
[1697d2c0-b0a9-4637-890f-c0b4b5ffca15/build]   | BUILD FAILED in 2m 17s
[1697d2c0-b0a9-4637-890f-c0b4b5ffca15/build]   ‚ùå  Failure - Main ./gradlew build --no-daemon --warning-mode=fail
[1697d2c0-b0a9-4637-890f-c0b4b5ffca15/build] exitcode '1': failure
[1697d2c0-b0a9-4637-890f-c0b4b5ffca15/build] unable to get git ref: failed to identify reference (tag/branch) for the checked-out revision '4722f9b6b6489ea7e9dea0c01ae1d7d3044310b5'
[1697d2c0-b0a9-4637-890f-c0b4b5ffca15/build] unable to get git ref: failed to identify reference (tag/branch) for the checked-out revision '4722f9b6b6489ea7e9dea0c01ae1d7d3044310b5'
[1697d2c0-b0a9-4637-890f-c0b4b5ffca15/build] unable to get git ref: failed to identify reference (tag/branch) for the checked-out revision '4722f9b6b6489ea7e9dea0c01ae1d7d3044310b5'
[1697d2c0-b0a9-4637-890f-c0b4b5ffca15/build] unable to get git ref: failed to identify reference (tag/branch) for the checked-out revision '4722f9b6b6489ea7e9dea0c01ae1d7d3044310b5'
[1697d2c0-b0a9-4637-890f-c0b4b5ffca15/build] unable to get git ref: failed to identify reference (tag/branch) for the checked-out revision '4722f9b6b6489ea7e9dea0c01ae1d7d3044310b5'
[1697d2c0-b0a9-4637-890f-c0b4b5ffca15/build] ‚≠ê Run Post actions/setup-java@v3
[1697d2c0-b0a9-4637-890f-c0b4b5ffca15/build]   üê≥  docker exec cmd=[node /var/run/act/actions/actions-setup-java@v3/dist/cleanup/index.js] user= workdir=
[1697d2c0-b0a9-4637-890f-c0b4b5ffca15/build]   ‚úÖ  Success - Post actions/setup-java@v3
[1697d2c0-b0a9-4637-890f-c0b4b5ffca15/build] üèÅ  Job failed
[1697d2c0-b0a9-4637-890f-c0b4b5ffca15/build] unable to get git ref: failed to identify reference (tag/branch) for the checked-out revision '4722f9b6b6489ea7e9dea0c01ae1d7d3044310b5'
