[8cbccbaa-4d9e-4f10-a3b4-a1900319183f/build] üöÄ  Start image=gitbugactions:latest
[8cbccbaa-4d9e-4f10-a3b4-a1900319183f/build]   üê≥  docker pull image=gitbugactions:latest platform= username= forcePull=false
[8cbccbaa-4d9e-4f10-a3b4-a1900319183f/build]   üê≥  docker create image=gitbugactions:latest platform= entrypoint=["tail" "-f" "/dev/null"] cmd=[]
[8cbccbaa-4d9e-4f10-a3b4-a1900319183f/build]   üê≥  docker run image=gitbugactions:latest platform= entrypoint=["tail" "-f" "/dev/null"] cmd=[]
[8cbccbaa-4d9e-4f10-a3b4-a1900319183f/build]   üê≥  docker exec cmd=[chown -R 1012:1013 /tmp/577bb91e-465d-49c1-bb32-445cbdbf99e6] user=0 workdir=
[8cbccbaa-4d9e-4f10-a3b4-a1900319183f/build] unable to get git ref: failed to identify reference (tag/branch) for the checked-out revision '37ff82594c834811d05f80e47204463a262e85fc'
[8cbccbaa-4d9e-4f10-a3b4-a1900319183f/build] unable to get git ref: failed to identify reference (tag/branch) for the checked-out revision '37ff82594c834811d05f80e47204463a262e85fc'
[8cbccbaa-4d9e-4f10-a3b4-a1900319183f/build] unable to get git ref: failed to identify reference (tag/branch) for the checked-out revision '37ff82594c834811d05f80e47204463a262e85fc'
[8cbccbaa-4d9e-4f10-a3b4-a1900319183f/build] unable to get git ref: failed to identify reference (tag/branch) for the checked-out revision '37ff82594c834811d05f80e47204463a262e85fc'
[8cbccbaa-4d9e-4f10-a3b4-a1900319183f/build] unable to get git ref: failed to identify reference (tag/branch) for the checked-out revision '37ff82594c834811d05f80e47204463a262e85fc'
[8cbccbaa-4d9e-4f10-a3b4-a1900319183f/build] unable to get git ref: failed to identify reference (tag/branch) for the checked-out revision '37ff82594c834811d05f80e47204463a262e85fc'
[8cbccbaa-4d9e-4f10-a3b4-a1900319183f/build] unable to get git ref: failed to identify reference (tag/branch) for the checked-out revision '37ff82594c834811d05f80e47204463a262e85fc'
[8cbccbaa-4d9e-4f10-a3b4-a1900319183f/build] unable to get git ref: failed to identify reference (tag/branch) for the checked-out revision '37ff82594c834811d05f80e47204463a262e85fc'
[8cbccbaa-4d9e-4f10-a3b4-a1900319183f/build] unable to get git ref: failed to identify reference (tag/branch) for the checked-out revision '37ff82594c834811d05f80e47204463a262e85fc'
[8cbccbaa-4d9e-4f10-a3b4-a1900319183f/build] ‚≠ê Run Main actions/checkout@v2
[8cbccbaa-4d9e-4f10-a3b4-a1900319183f/build] unable to get git ref: failed to identify reference (tag/branch) for the checked-out revision '37ff82594c834811d05f80e47204463a262e85fc'
[8cbccbaa-4d9e-4f10-a3b4-a1900319183f/build] unable to get git ref: failed to identify reference (tag/branch) for the checked-out revision '37ff82594c834811d05f80e47204463a262e85fc'
[8cbccbaa-4d9e-4f10-a3b4-a1900319183f/build]   üê≥  docker cp src=/tmp/577bb91e-465d-49c1-bb32-445cbdbf99e6/. dst=/tmp/577bb91e-465d-49c1-bb32-445cbdbf99e6
[8cbccbaa-4d9e-4f10-a3b4-a1900319183f/build]   üê≥  docker exec cmd=[chown -R 1012:1013 /tmp/577bb91e-465d-49c1-bb32-445cbdbf99e6] user=0 workdir=
[8cbccbaa-4d9e-4f10-a3b4-a1900319183f/build]   ‚úÖ  Success - Main actions/checkout@v2
[8cbccbaa-4d9e-4f10-a3b4-a1900319183f/build] unable to get git ref: failed to identify reference (tag/branch) for the checked-out revision '37ff82594c834811d05f80e47204463a262e85fc'
[8cbccbaa-4d9e-4f10-a3b4-a1900319183f/build] unable to get git ref: failed to identify reference (tag/branch) for the checked-out revision '37ff82594c834811d05f80e47204463a262e85fc'
[8cbccbaa-4d9e-4f10-a3b4-a1900319183f/build] unable to get git ref: failed to identify reference (tag/branch) for the checked-out revision '37ff82594c834811d05f80e47204463a262e85fc'
[8cbccbaa-4d9e-4f10-a3b4-a1900319183f/build] unable to get git ref: failed to identify reference (tag/branch) for the checked-out revision '37ff82594c834811d05f80e47204463a262e85fc'
[8cbccbaa-4d9e-4f10-a3b4-a1900319183f/build] unable to get git ref: failed to identify reference (tag/branch) for the checked-out revision '37ff82594c834811d05f80e47204463a262e85fc'
[8cbccbaa-4d9e-4f10-a3b4-a1900319183f/build] ‚≠ê Run Main Set up JDK 17
[8cbccbaa-4d9e-4f10-a3b4-a1900319183f/build] unable to get git ref: failed to identify reference (tag/branch) for the checked-out revision '37ff82594c834811d05f80e47204463a262e85fc'
[8cbccbaa-4d9e-4f10-a3b4-a1900319183f/build] unable to get git ref: failed to identify reference (tag/branch) for the checked-out revision '37ff82594c834811d05f80e47204463a262e85fc'
[8cbccbaa-4d9e-4f10-a3b4-a1900319183f/build] unable to get git ref: failed to identify reference (tag/branch) for the checked-out revision '37ff82594c834811d05f80e47204463a262e85fc'
[8cbccbaa-4d9e-4f10-a3b4-a1900319183f/build]   üê≥  docker cp src=/tmp/act-cache/27c48a5b-2ef1-42b5-adfd-cea03259e653/act/actions-setup-java@v2/ dst=/var/run/act/actions/actions-setup-java@v2/
[8cbccbaa-4d9e-4f10-a3b4-a1900319183f/build]   üê≥  docker exec cmd=[chown -R 1012:1013 /var/run/act/actions/actions-setup-java@v2/] user=0 workdir=
[8cbccbaa-4d9e-4f10-a3b4-a1900319183f/build]   üê≥  docker exec cmd=[node /var/run/act/actions/actions-setup-java@v2/dist/setup/index.js] user= workdir=
[8cbccbaa-4d9e-4f10-a3b4-a1900319183f/build]   üí¨  ::debug::isExplicit: 11.0.20-1
[8cbccbaa-4d9e-4f10-a3b4-a1900319183f/build]   üí¨  ::debug::explicit? true
[8cbccbaa-4d9e-4f10-a3b4-a1900319183f/build]   üí¨  ::debug::isExplicit: 17.0.8-1
[8cbccbaa-4d9e-4f10-a3b4-a1900319183f/build]   üí¨  ::debug::explicit? true
[8cbccbaa-4d9e-4f10-a3b4-a1900319183f/build]   üí¨  ::debug::isExplicit: 21.0.0-35
[8cbccbaa-4d9e-4f10-a3b4-a1900319183f/build]   üí¨  ::debug::explicit? true
[8cbccbaa-4d9e-4f10-a3b4-a1900319183f/build]   üí¨  ::debug::isExplicit: 8.0.382-5
[8cbccbaa-4d9e-4f10-a3b4-a1900319183f/build]   üí¨  ::debug::explicit? true
[8cbccbaa-4d9e-4f10-a3b4-a1900319183f/build]   | Resolved Java 17.0.8+1 from tool-cache
[8cbccbaa-4d9e-4f10-a3b4-a1900319183f/build]   | Setting Java 17.0.8+1 as the default
[8cbccbaa-4d9e-4f10-a3b4-a1900319183f/build]   | 
[8cbccbaa-4d9e-4f10-a3b4-a1900319183f/build]   | Java configuration:
[8cbccbaa-4d9e-4f10-a3b4-a1900319183f/build]   |   Distribution: temurin
[8cbccbaa-4d9e-4f10-a3b4-a1900319183f/build]   |   Version: 17.0.8+1
[8cbccbaa-4d9e-4f10-a3b4-a1900319183f/build]   |   Path: /opt/hostedtoolcache/Java_Temurin-Hotspot_jdk/17.0.8-1/x64
[8cbccbaa-4d9e-4f10-a3b4-a1900319183f/build]   | 
[8cbccbaa-4d9e-4f10-a3b4-a1900319183f/build]   ‚ùì add-matcher /run/act/actions/actions-setup-java@v2/.github/java.json
[8cbccbaa-4d9e-4f10-a3b4-a1900319183f/build]   | Creating settings.xml with server-id: github
[8cbccbaa-4d9e-4f10-a3b4-a1900319183f/build]   | Writing to /home/runner/.m2/settings.xml
[8cbccbaa-4d9e-4f10-a3b4-a1900319183f/build]   ‚úÖ  Success - Main Set up JDK 17
[8cbccbaa-4d9e-4f10-a3b4-a1900319183f/build]   ‚öô  ::set-env:: JAVA_HOME=/opt/hostedtoolcache/Java_Temurin-Hotspot_jdk/17.0.8-1/x64
[8cbccbaa-4d9e-4f10-a3b4-a1900319183f/build]   ‚öô  ::set-output:: distribution=Temurin-Hotspot
[8cbccbaa-4d9e-4f10-a3b4-a1900319183f/build]   ‚öô  ::set-output:: path=/opt/hostedtoolcache/Java_Temurin-Hotspot_jdk/17.0.8-1/x64
[8cbccbaa-4d9e-4f10-a3b4-a1900319183f/build]   ‚öô  ::set-output:: version=17.0.8+1
[8cbccbaa-4d9e-4f10-a3b4-a1900319183f/build]   ‚öô  ::add-path:: /opt/hostedtoolcache/Java_Temurin-Hotspot_jdk/17.0.8-1/x64/bin
[8cbccbaa-4d9e-4f10-a3b4-a1900319183f/build] unable to get git ref: failed to identify reference (tag/branch) for the checked-out revision '37ff82594c834811d05f80e47204463a262e85fc'
[8cbccbaa-4d9e-4f10-a3b4-a1900319183f/build] unable to get git ref: failed to identify reference (tag/branch) for the checked-out revision '37ff82594c834811d05f80e47204463a262e85fc'
[8cbccbaa-4d9e-4f10-a3b4-a1900319183f/build] unable to get git ref: failed to identify reference (tag/branch) for the checked-out revision '37ff82594c834811d05f80e47204463a262e85fc'
[8cbccbaa-4d9e-4f10-a3b4-a1900319183f/build] unable to get git ref: failed to identify reference (tag/branch) for the checked-out revision '37ff82594c834811d05f80e47204463a262e85fc'
[8cbccbaa-4d9e-4f10-a3b4-a1900319183f/build] unable to get git ref: failed to identify reference (tag/branch) for the checked-out revision '37ff82594c834811d05f80e47204463a262e85fc'
[8cbccbaa-4d9e-4f10-a3b4-a1900319183f/build] ‚≠ê Run Main Test with Gradle
[8cbccbaa-4d9e-4f10-a3b4-a1900319183f/build] unable to get git ref: failed to identify reference (tag/branch) for the checked-out revision '37ff82594c834811d05f80e47204463a262e85fc'
[8cbccbaa-4d9e-4f10-a3b4-a1900319183f/build] unable to get git ref: failed to identify reference (tag/branch) for the checked-out revision '37ff82594c834811d05f80e47204463a262e85fc'
[8cbccbaa-4d9e-4f10-a3b4-a1900319183f/build] unable to get git ref: failed to identify reference (tag/branch) for the checked-out revision '37ff82594c834811d05f80e47204463a262e85fc'
[8cbccbaa-4d9e-4f10-a3b4-a1900319183f/build] unable to get git ref: failed to identify reference (tag/branch) for the checked-out revision '37ff82594c834811d05f80e47204463a262e85fc'
[8cbccbaa-4d9e-4f10-a3b4-a1900319183f/build]   üê≥  docker exec cmd=[bash --noprofile --norc -e -o pipefail /var/run/act/workflow/2] user= workdir=
[8cbccbaa-4d9e-4f10-a3b4-a1900319183f/build]   | Downloading https://services.gradle.org/distributions/gradle-7.5.1-bin.zip
[8cbccbaa-4d9e-4f10-a3b4-a1900319183f/build]   | ...........10%............20%...........30%............40%...........50%............60%...........70%............80%...........90%............100%
[8cbccbaa-4d9e-4f10-a3b4-a1900319183f/build]   | 
[8cbccbaa-4d9e-4f10-a3b4-a1900319183f/build]   | Welcome to Gradle 7.5.1!
[8cbccbaa-4d9e-4f10-a3b4-a1900319183f/build]   | 
[8cbccbaa-4d9e-4f10-a3b4-a1900319183f/build]   | Here are the highlights of this release:
[8cbccbaa-4d9e-4f10-a3b4-a1900319183f/build]   |  - Support for Java 18
[8cbccbaa-4d9e-4f10-a3b4-a1900319183f/build]   |  - Support for building with Groovy 4
[8cbccbaa-4d9e-4f10-a3b4-a1900319183f/build]   |  - Much more responsive continuous builds
[8cbccbaa-4d9e-4f10-a3b4-a1900319183f/build]   |  - Improved diagnostics for dependency resolution
[8cbccbaa-4d9e-4f10-a3b4-a1900319183f/build]   | 
[8cbccbaa-4d9e-4f10-a3b4-a1900319183f/build]   | For more details see https://docs.gradle.org/7.5.1/release-notes.html
[8cbccbaa-4d9e-4f10-a3b4-a1900319183f/build]   | 
[8cbccbaa-4d9e-4f10-a3b4-a1900319183f/build]   | Starting a Gradle Daemon (subsequent builds will be faster)
[8cbccbaa-4d9e-4f10-a3b4-a1900319183f/build]   | 
[8cbccbaa-4d9e-4f10-a3b4-a1900319183f/build]   | > Configure project :
[8cbccbaa-4d9e-4f10-a3b4-a1900319183f/build]   | Project : => 'network.brightspots.rcv' Java module
[8cbccbaa-4d9e-4f10-a3b4-a1900319183f/build]   | 
[8cbccbaa-4d9e-4f10-a3b4-a1900319183f/build]   | > Task :compileJava
[8cbccbaa-4d9e-4f10-a3b4-a1900319183f/build]   | > Task :processResources
[8cbccbaa-4d9e-4f10-a3b4-a1900319183f/build]   | > Task :classes
[8cbccbaa-4d9e-4f10-a3b4-a1900319183f/build]   | 
[8cbccbaa-4d9e-4f10-a3b4-a1900319183f/build]   | > Task :compileTestJava
[8cbccbaa-4d9e-4f10-a3b4-a1900319183f/build]   | warning: [options] module name in --add-exports option not found: org.junit.platform.engine
[8cbccbaa-4d9e-4f10-a3b4-a1900319183f/build]   | 1 warning
[8cbccbaa-4d9e-4f10-a3b4-a1900319183f/build]   | 
[8cbccbaa-4d9e-4f10-a3b4-a1900319183f/build]   | > Task :processTestResources
[8cbccbaa-4d9e-4f10-a3b4-a1900319183f/build]   | > Task :testClasses
[8cbccbaa-4d9e-4f10-a3b4-a1900319183f/build]   | > Task :mergeClasses SKIPPED
[8cbccbaa-4d9e-4f10-a3b4-a1900319183f/build]   | 
[8cbccbaa-4d9e-4f10-a3b4-a1900319183f/build]   | > Task :test
[8cbccbaa-4d9e-4f10-a3b4-a1900319183f/build]   | 
[8cbccbaa-4d9e-4f10-a3b4-a1900319183f/build]   | ContestConfigTests > test isVersionNewer PASSED
[8cbccbaa-4d9e-4f10-a3b4-a1900319183f/build]   | 
[8cbccbaa-4d9e-4f10-a3b4-a1900319183f/build]   | TabulatorTests > multi-seat fractional number threshold FAILED
[8cbccbaa-4d9e-4f10-a3b4-a1900319183f/build]   |     org.opentest4j.AssertionFailedError at TabulatorTests.java:217
[8cbccbaa-4d9e-4f10-a3b4-a1900319183f/build]   | 
[8cbccbaa-4d9e-4f10-a3b4-a1900319183f/build]   | TabulatorTests > unisyn_xml_cdf_city_council_member FAILED
[8cbccbaa-4d9e-4f10-a3b4-a1900319183f/build]   |     org.opentest4j.AssertionFailedError at TabulatorTests.java:217
[8cbccbaa-4d9e-4f10-a3b4-a1900319183f/build]   | 
[8cbccbaa-4d9e-4f10-a3b4-a1900319183f/build]   | > Task :checkstyleTest
[8cbccbaa-4d9e-4f10-a3b4-a1900319183f/build]   | > Task :checkstyleMain
[8cbccbaa-4d9e-4f10-a3b4-a1900319183f/build]   | > Task :spotbugsTest
[8cbccbaa-4d9e-4f10-a3b4-a1900319183f/build]   | 
[8cbccbaa-4d9e-4f10-a3b4-a1900319183f/build]   | > Task :test
[8cbccbaa-4d9e-4f10-a3b4-a1900319183f/build]   | 
[8cbccbaa-4d9e-4f10-a3b4-a1900319183f/build]   | TabulatorTests > 2017 Minneapolis Mayor FAILED
[8cbccbaa-4d9e-4f10-a3b4-a1900319183f/build]   |     org.opentest4j.AssertionFailedError at TabulatorTests.java:217
[8cbccbaa-4d9e-4f10-a3b4-a1900319183f/build]   | 
[8cbccbaa-4d9e-4f10-a3b4-a1900319183f/build]   | TabulatorTests > unisyn_xml_cdf_county_sheriff FAILED
[8cbccbaa-4d9e-4f10-a3b4-a1900319183f/build]   |     org.opentest4j.AssertionFailedError at TabulatorTests.java:217
[8cbccbaa-4d9e-4f10-a3b4-a1900319183f/build]   | 
[8cbccbaa-4d9e-4f10-a3b4-a1900319183f/build]   | TabulatorTests > test invalid params in config file PASSED
[8cbccbaa-4d9e-4f10-a3b4-a1900319183f/build]   | 
[8cbccbaa-4d9e-4f10-a3b4-a1900319183f/build]   | TabulatorTests > overvote delimiter test FAILED
[8cbccbaa-4d9e-4f10-a3b4-a1900319183f/build]   |     org.opentest4j.AssertionFailedError at TabulatorTests.java:217
[8cbccbaa-4d9e-4f10-a3b4-a1900319183f/build]   | 
[8cbccbaa-4d9e-4f10-a3b4-a1900319183f/build]   | TabulatorTests > multi-cvr file dominion test FAILED
[8cbccbaa-4d9e-4f10-a3b4-a1900319183f/build]   |     org.opentest4j.AssertionFailedError at TabulatorTests.java:217
[8cbccbaa-4d9e-4f10-a3b4-a1900319183f/build]   | 
[8cbccbaa-4d9e-4f10-a3b4-a1900319183f/build]   | TabulatorTests > treat blank as undeclared write-in FAILED
[8cbccbaa-4d9e-4f10-a3b4-a1900319183f/build]   |     org.opentest4j.AssertionFailedError at TabulatorTests.java:217
[8cbccbaa-4d9e-4f10-a3b4-a1900319183f/build]   | 
[8cbccbaa-4d9e-4f10-a3b4-a1900319183f/build]   | TabulatorTests > Dominion test - Wyoming test data FAILED
[8cbccbaa-4d9e-4f10-a3b4-a1900319183f/build]   |     org.opentest4j.AssertionFailedError at TabulatorTests.java:217
[8cbccbaa-4d9e-4f10-a3b4-a1900319183f/build]   | 
[8cbccbaa-4d9e-4f10-a3b4-a1900319183f/build]   | > Task :spotbugsMain
[8cbccbaa-4d9e-4f10-a3b4-a1900319183f/build]   | 
[8cbccbaa-4d9e-4f10-a3b4-a1900319183f/build]   | > Task :test
[8cbccbaa-4d9e-4f10-a3b4-a1900319183f/build]   | 
[8cbccbaa-4d9e-4f10-a3b4-a1900319183f/build]   | TabulatorTests > test sequential multi-seat logic FAILED
[8cbccbaa-4d9e-4f10-a3b4-a1900319183f/build]   |     org.opentest4j.AssertionFailedError at TabulatorTests.java:217
[8cbccbaa-4d9e-4f10-a3b4-a1900319183f/build]   | 
[8cbccbaa-4d9e-4f10-a3b4-a1900319183f/build]   | TabulatorTests > Dominion - No Precinct Data FAILED
[8cbccbaa-4d9e-4f10-a3b4-a1900319183f/build]   |     org.opentest4j.AssertionFailedError at TabulatorTests.java:217
[8cbccbaa-4d9e-4f10-a3b4-a1900319183f/build]   | 
[8cbccbaa-4d9e-4f10-a3b4-a1900319183f/build]   | TabulatorTests > unisyn_xml_cdf_city_coroner FAILED
[8cbccbaa-4d9e-4f10-a3b4-a1900319183f/build]   |     org.opentest4j.AssertionFailedError at TabulatorTests.java:217
[8cbccbaa-4d9e-4f10-a3b4-a1900319183f/build]   | 
[8cbccbaa-4d9e-4f10-a3b4-a1900319183f/build]   | TabulatorTests > 2013 Minneapolis Mayor Scale FAILED
[8cbccbaa-4d9e-4f10-a3b4-a1900319183f/build]   |     org.opentest4j.AssertionFailedError at TabulatorTests.java:217
[8cbccbaa-4d9e-4f10-a3b4-a1900319183f/build]   | 
[8cbccbaa-4d9e-4f10-a3b4-a1900319183f/build]   | TabulatorTests > tiebreak using previousRoundCountsThenRandom FAILED
[8cbccbaa-4d9e-4f10-a3b4-a1900319183f/build]   |     org.opentest4j.AssertionFailedError at TabulatorTests.java:217
[8cbccbaa-4d9e-4f10-a3b4-a1900319183f/build]   | 
[8cbccbaa-4d9e-4f10-a3b4-a1900319183f/build]   | TabulatorTests > unisyn_xml_cdf_city_chief_of_police FAILED
[8cbccbaa-4d9e-4f10-a3b4-a1900319183f/build]   |     org.opentest4j.AssertionFailedError at TabulatorTests.java:217
[8cbccbaa-4d9e-4f10-a3b4-a1900319183f/build]   | 
[8cbccbaa-4d9e-4f10-a3b4-a1900319183f/build]   | TabulatorTests > Dominion test - Alaska test data FAILED
[8cbccbaa-4d9e-4f10-a3b4-a1900319183f/build]   |     org.opentest4j.AssertionFailedError at TabulatorTests.java:217
[8cbccbaa-4d9e-4f10-a3b4-a1900319183f/build]   | 
[8cbccbaa-4d9e-4f10-a3b4-a1900319183f/build]   | TabulatorTests > tiebreak using permutation in config FAILED
[8cbccbaa-4d9e-4f10-a3b4-a1900319183f/build]   |     org.opentest4j.AssertionFailedError at TabulatorTests.java:217
[8cbccbaa-4d9e-4f10-a3b4-a1900319183f/build]   | 
[8cbccbaa-4d9e-4f10-a3b4-a1900319183f/build]   | TabulatorTests > test tiebreak seed FAILED
[8cbccbaa-4d9e-4f10-a3b4-a1900319183f/build]   |     org.opentest4j.AssertionFailedError at TabulatorTests.java:217
[8cbccbaa-4d9e-4f10-a3b4-a1900319183f/build]   | 
[8cbccbaa-4d9e-4f10-a3b4-a1900319183f/build]   | TabulatorTests > test allow only one winner per round logic FAILED
[8cbccbaa-4d9e-4f10-a3b4-a1900319183f/build]   |     org.opentest4j.AssertionFailedError at TabulatorTests.java:217
[8cbccbaa-4d9e-4f10-a3b4-a1900319183f/build]   | 
[8cbccbaa-4d9e-4f10-a3b4-a1900319183f/build]   | TabulatorTests > Continue Until Two Candidates Remain FAILED
[8cbccbaa-4d9e-4f10-a3b4-a1900319183f/build]   |     org.opentest4j.AssertionFailedError at TabulatorTests.java:217
[8cbccbaa-4d9e-4f10-a3b4-a1900319183f/build]   | 
[8cbccbaa-4d9e-4f10-a3b4-a1900319183f/build]   | TabulatorTests > Dominion test - Kansas test data FAILED
[8cbccbaa-4d9e-4f10-a3b4-a1900319183f/build]   |     org.opentest4j.AssertionFailedError at TabulatorTests.java:217
[8cbccbaa-4d9e-4f10-a3b4-a1900319183f/build]   | 
[8cbccbaa-4d9e-4f10-a3b4-a1900319183f/build]   | TabulatorTests > NIST XML CDF 2 FAILED
[8cbccbaa-4d9e-4f10-a3b4-a1900319183f/build]   |     org.opentest4j.AssertionFailedError at TabulatorTests.java:217
[8cbccbaa-4d9e-4f10-a3b4-a1900319183f/build]   | 
[8cbccbaa-4d9e-4f10-a3b4-a1900319183f/build]   | TabulatorTests > test invalid source files PASSED
[8cbccbaa-4d9e-4f10-a3b4-a1900319183f/build]   | 
[8cbccbaa-4d9e-4f10-a3b4-a1900319183f/build]   | TabulatorTests > test excluding candidates in config file FAILED
[8cbccbaa-4d9e-4f10-a3b4-a1900319183f/build]   |     org.opentest4j.AssertionFailedError at TabulatorTests.java:217
[8cbccbaa-4d9e-4f10-a3b4-a1900319183f/build]   | 
[8cbccbaa-4d9e-4f10-a3b4-a1900319183f/build]   | TabulatorTests > Hart - Travis County Officers FAILED
[8cbccbaa-4d9e-4f10-a3b4-a1900319183f/build]   |     org.opentest4j.AssertionFailedError at TabulatorTests.java:217
[8cbccbaa-4d9e-4f10-a3b4-a1900319183f/build]   | 
[8cbccbaa-4d9e-4f10-a3b4-a1900319183f/build]   | TabulatorTests > undeclared write-in (UWI) cannot win test FAILED
[8cbccbaa-4d9e-4f10-a3b4-a1900319183f/build]   |     org.opentest4j.AssertionFailedError at TabulatorTests.java:217
[8cbccbaa-4d9e-4f10-a3b4-a1900319183f/build]   | 
[8cbccbaa-4d9e-4f10-a3b4-a1900319183f/build]   | TabulatorTests > sequential with continue until two test FAILED
[8cbccbaa-4d9e-4f10-a3b4-a1900319183f/build]   |     org.opentest4j.AssertionFailedError at TabulatorTests.java:217
[8cbccbaa-4d9e-4f10-a3b4-a1900319183f/build]   | 
[8cbccbaa-4d9e-4f10-a3b4-a1900319183f/build]   | TabulatorTests > skipped first choice FAILED
[8cbccbaa-4d9e-4f10-a3b4-a1900319183f/build]   |     org.opentest4j.AssertionFailedError at TabulatorTests.java:217
[8cbccbaa-4d9e-4f10-a3b4-a1900319183f/build]   | 
[8cbccbaa-4d9e-4f10-a3b4-a1900319183f/build]   | TabulatorTests > exhaust at overvote rule FAILED
[8cbccbaa-4d9e-4f10-a3b4-a1900319183f/build]   |     org.opentest4j.AssertionFailedError at TabulatorTests.java:217
[8cbccbaa-4d9e-4f10-a3b4-a1900319183f/build]   | 
[8cbccbaa-4d9e-4f10-a3b4-a1900319183f/build]   | TabulatorTests > overvote skips to next rank FAILED
[8cbccbaa-4d9e-4f10-a3b4-a1900319183f/build]   |     org.opentest4j.AssertionFailedError at TabulatorTests.java:217
[8cbccbaa-4d9e-4f10-a3b4-a1900319183f/build]   | 
[8cbccbaa-4d9e-4f10-a3b4-a1900319183f/build]   | TabulatorTests > skipped choice exhausts option FAILED
[8cbccbaa-4d9e-4f10-a3b4-a1900319183f/build]   |     org.opentest4j.AssertionFailedError at TabulatorTests.java:217
[8cbccbaa-4d9e-4f10-a3b4-a1900319183f/build]   | 
[8cbccbaa-4d9e-4f10-a3b4-a1900319183f/build]   | TabulatorTests > skipped choice next option FAILED
[8cbccbaa-4d9e-4f10-a3b4-a1900319183f/build]   |     org.opentest4j.AssertionFailedError at TabulatorTests.java:217
[8cbccbaa-4d9e-4f10-a3b4-a1900319183f/build]   | 
[8cbccbaa-4d9e-4f10-a3b4-a1900319183f/build]   | TabulatorTests > two skipped ranks exhausts option FAILED
[8cbccbaa-4d9e-4f10-a3b4-a1900319183f/build]   |     org.opentest4j.AssertionFailedError at TabulatorTests.java:217
[8cbccbaa-4d9e-4f10-a3b4-a1900319183f/build]   | 
[8cbccbaa-4d9e-4f10-a3b4-a1900319183f/build]   | TabulatorTests > duplicate rank exhausts FAILED
[8cbccbaa-4d9e-4f10-a3b4-a1900319183f/build]   |     org.opentest4j.AssertionFailedError at TabulatorTests.java:217
[8cbccbaa-4d9e-4f10-a3b4-a1900319183f/build]   | 
[8cbccbaa-4d9e-4f10-a3b4-a1900319183f/build]   | TabulatorTests > duplicate rank skips to next option FAILED
[8cbccbaa-4d9e-4f10-a3b4-a1900319183f/build]   |     org.opentest4j.AssertionFailedError at TabulatorTests.java:217
[8cbccbaa-4d9e-4f10-a3b4-a1900319183f/build]   | 
[8cbccbaa-4d9e-4f10-a3b4-a1900319183f/build]   | TabulatorTests > multi-cdf tabulation FAILED
[8cbccbaa-4d9e-4f10-a3b4-a1900319183f/build]   |     org.opentest4j.AssertionFailedError at TabulatorTests.java:217
[8cbccbaa-4d9e-4f10-a3b4-a1900319183f/build]   | 
[8cbccbaa-4d9e-4f10-a3b4-a1900319183f/build]   | TabulatorTests > test skipping to next candidate after overvote FAILED
[8cbccbaa-4d9e-4f10-a3b4-a1900319183f/build]   |     org.opentest4j.AssertionFailedError at TabulatorTests.java:217
[8cbccbaa-4d9e-4f10-a3b4-a1900319183f/build]   | 
[8cbccbaa-4d9e-4f10-a3b4-a1900319183f/build]   | TabulatorTests > multi-seat UWI test FAILED
[8cbccbaa-4d9e-4f10-a3b4-a1900319183f/build]   |     org.opentest4j.AssertionFailedError at TabulatorTests.java:217
[8cbccbaa-4d9e-4f10-a3b4-a1900319183f/build]   | 
[8cbccbaa-4d9e-4f10-a3b4-a1900319183f/build]   | TabulatorTests > test bottoms-up multi-seat with threshold logic FAILED
[8cbccbaa-4d9e-4f10-a3b4-a1900319183f/build]   |     org.opentest4j.AssertionFailedError at TabulatorTests.java:217
[8cbccbaa-4d9e-4f10-a3b4-a1900319183f/build]   | 
[8cbccbaa-4d9e-4f10-a3b4-a1900319183f/build]   | TabulatorTests > test minimum vote threshold setting FAILED
[8cbccbaa-4d9e-4f10-a3b4-a1900319183f/build]   |     org.opentest4j.AssertionFailedError at TabulatorTests.java:217
[8cbccbaa-4d9e-4f10-a3b4-a1900319183f/build]   | 
[8cbccbaa-4d9e-4f10-a3b4-a1900319183f/build]   | TabulatorTests > 2018 Maine Governor Democratic Primary FAILED
[8cbccbaa-4d9e-4f10-a3b4-a1900319183f/build]   |     org.opentest4j.AssertionFailedError at TabulatorTests.java:217
[8cbccbaa-4d9e-4f10-a3b4-a1900319183f/build]   | 
[8cbccbaa-4d9e-4f10-a3b4-a1900319183f/build]   | TabulatorTests > test Hare quota FAILED
[8cbccbaa-4d9e-4f10-a3b4-a1900319183f/build]   |     org.opentest4j.AssertionFailedError at TabulatorTests.java:217
[8cbccbaa-4d9e-4f10-a3b4-a1900319183f/build]   | 
[8cbccbaa-4d9e-4f10-a3b4-a1900319183f/build]   | TabulatorTests > Continue Until Two Candidates Remain with Batch Elimination FAILED
[8cbccbaa-4d9e-4f10-a3b4-a1900319183f/build]   |     org.opentest4j.AssertionFailedError at TabulatorTests.java:217
[8cbccbaa-4d9e-4f10-a3b4-a1900319183f/build]   | 
[8cbccbaa-4d9e-4f10-a3b4-a1900319183f/build]   | TabulatorTests > sequential with batch elimination test FAILED
[8cbccbaa-4d9e-4f10-a3b4-a1900319183f/build]   |     org.opentest4j.AssertionFailedError at TabulatorTests.java:217
[8cbccbaa-4d9e-4f10-a3b4-a1900319183f/build]   | 
[8cbccbaa-4d9e-4f10-a3b4-a1900319183f/build]   | TabulatorTests > first round determine threshold test FAILED
[8cbccbaa-4d9e-4f10-a3b4-a1900319183f/build]   |     org.opentest4j.AssertionFailedError at TabulatorTests.java:217
[8cbccbaa-4d9e-4f10-a3b4-a1900319183f/build]   | 
[8cbccbaa-4d9e-4f10-a3b4-a1900319183f/build]   | TabulatorTests > Test Convert to CDF works for Dominion PASSED
[8cbccbaa-4d9e-4f10-a3b4-a1900319183f/build]   | 
[8cbccbaa-4d9e-4f10-a3b4-a1900319183f/build]   | TabulatorTests > Test Convert to CDF works for CDF PASSED
[8cbccbaa-4d9e-4f10-a3b4-a1900319183f/build]   | 
[8cbccbaa-4d9e-4f10-a3b4-a1900319183f/build]   | TabulatorTests > Test Convert to CDF works for ES&S PASSED
[8cbccbaa-4d9e-4f10-a3b4-a1900319183f/build]   | 
[8cbccbaa-4d9e-4f10-a3b4-a1900319183f/build]   | TabulatorTests > multi-seat whole number threshold FAILED
[8cbccbaa-4d9e-4f10-a3b4-a1900319183f/build]   |     org.opentest4j.AssertionFailedError at TabulatorTests.java:217
[8cbccbaa-4d9e-4f10-a3b4-a1900319183f/build]   | 
[8cbccbaa-4d9e-4f10-a3b4-a1900319183f/build]   | TabulatorTests > tiebreak using generated permutation FAILED
[8cbccbaa-4d9e-4f10-a3b4-a1900319183f/build]   |     org.opentest4j.AssertionFailedError at TabulatorTests.java:217
[8cbccbaa-4d9e-4f10-a3b4-a1900319183f/build]   | 
[8cbccbaa-4d9e-4f10-a3b4-a1900319183f/build]   | TabulatorTests > aliases (CDF JSON format) FAILED
[8cbccbaa-4d9e-4f10-a3b4-a1900319183f/build]   |     org.opentest4j.AssertionFailedError at TabulatorTests.java:217
[8cbccbaa-4d9e-4f10-a3b4-a1900319183f/build]   | 
[8cbccbaa-4d9e-4f10-a3b4-a1900319183f/build]   | TabulatorTests > aliases (ES&S XLSX format) FAILED
[8cbccbaa-4d9e-4f10-a3b4-a1900319183f/build]   |     org.opentest4j.AssertionFailedError at TabulatorTests.java:217
[8cbccbaa-4d9e-4f10-a3b4-a1900319183f/build]   | 
[8cbccbaa-4d9e-4f10-a3b4-a1900319183f/build]   | TabulatorTests > no one meets minimum test PASSED
[8cbccbaa-4d9e-4f10-a3b4-a1900319183f/build]   | 
[8cbccbaa-4d9e-4f10-a3b4-a1900319183f/build]   | TabulatorTests > missing precinct example FAILED
[8cbccbaa-4d9e-4f10-a3b4-a1900319183f/build]   |     org.opentest4j.AssertionFailedError at TabulatorTests.java:217
[8cbccbaa-4d9e-4f10-a3b4-a1900319183f/build]   | 
[8cbccbaa-4d9e-4f10-a3b4-a1900319183f/build]   | TabulatorTests > test bottoms-up multi-seat logic FAILED
[8cbccbaa-4d9e-4f10-a3b4-a1900319183f/build]   |     org.opentest4j.AssertionFailedError at TabulatorTests.java:217
[8cbccbaa-4d9e-4f10-a3b4-a1900319183f/build]   | 
[8cbccbaa-4d9e-4f10-a3b4-a1900319183f/build]   | TabulatorTests > unisyn_xml_cdf_city_tax_collector FAILED
[8cbccbaa-4d9e-4f10-a3b4-a1900319183f/build]   |     org.opentest4j.AssertionFailedError at TabulatorTests.java:217
[8cbccbaa-4d9e-4f10-a3b4-a1900319183f/build]   | 
[8cbccbaa-4d9e-4f10-a3b4-a1900319183f/build]   | TabulatorTests > 2013 Minneapolis Mayor FAILED
[8cbccbaa-4d9e-4f10-a3b4-a1900319183f/build]   |     org.opentest4j.AssertionFailedError at TabulatorTests.java:217
[8cbccbaa-4d9e-4f10-a3b4-a1900319183f/build]   | 
[8cbccbaa-4d9e-4f10-a3b4-a1900319183f/build]   | TabulatorTests > unisyn_xml_cdf_county_coroner FAILED
[8cbccbaa-4d9e-4f10-a3b4-a1900319183f/build]   |     org.opentest4j.AssertionFailedError at TabulatorTests.java:217
[8cbccbaa-4d9e-4f10-a3b4-a1900319183f/build]   | 
[8cbccbaa-4d9e-4f10-a3b4-a1900319183f/build]   | TabulatorTests > testMinneapolisMultiSeatThreshold FAILED
[8cbccbaa-4d9e-4f10-a3b4-a1900319183f/build]   |     org.opentest4j.AssertionFailedError at TabulatorTests.java:217
[8cbccbaa-4d9e-4f10-a3b4-a1900319183f/build]   | 
[8cbccbaa-4d9e-4f10-a3b4-a1900319183f/build]   | TabulatorTests > overvote exhaust if multiple continuing test FAILED
[8cbccbaa-4d9e-4f10-a3b4-a1900319183f/build]   |     org.opentest4j.AssertionFailedError at TabulatorTests.java:217
[8cbccbaa-4d9e-4f10-a3b4-a1900319183f/build]   | 
[8cbccbaa-4d9e-4f10-a3b4-a1900319183f/build]   | TabulatorTests > first round determine threshold and tiebreaker runs test FAILED
[8cbccbaa-4d9e-4f10-a3b4-a1900319183f/build]   |     org.opentest4j.AssertionFailedError at TabulatorTests.java:217
[8cbccbaa-4d9e-4f10-a3b4-a1900319183f/build]   | 
[8cbccbaa-4d9e-4f10-a3b4-a1900319183f/build]   | TabulatorTests > 2015 Portland Mayor Candidate Codes FAILED
[8cbccbaa-4d9e-4f10-a3b4-a1900319183f/build]   |     org.opentest4j.AssertionFailedError at TabulatorTests.java:217
[8cbccbaa-4d9e-4f10-a3b4-a1900319183f/build]   | 
[8cbccbaa-4d9e-4f10-a3b4-a1900319183f/build]   | TabulatorTests > gracefully fail when tabulate-by-precinct option set without any precincts in CVR PASSED
[8cbccbaa-4d9e-4f10-a3b4-a1900319183f/build]   | 
[8cbccbaa-4d9e-4f10-a3b4-a1900319183f/build]   | TabulatorTests > Clear Ballot - Kansas Primary FAILED
[8cbccbaa-4d9e-4f10-a3b4-a1900319183f/build]   |     org.opentest4j.AssertionFailedError at TabulatorTests.java:217
[8cbccbaa-4d9e-4f10-a3b4-a1900319183f/build]   | 
[8cbccbaa-4d9e-4f10-a3b4-a1900319183f/build]   | TabulatorTests > unisyn_xml_cdf_city_mayor FAILED
[8cbccbaa-4d9e-4f10-a3b4-a1900319183f/build]   |     org.opentest4j.AssertionFailedError at TabulatorTests.java:217
[8cbccbaa-4d9e-4f10-a3b4-a1900319183f/build]   | 
[8cbccbaa-4d9e-4f10-a3b4-a1900319183f/build]   | TabulatorTests > Hart - Cedar Park School Board FAILED
[8cbccbaa-4d9e-4f10-a3b4-a1900319183f/build]   |     org.opentest4j.AssertionFailedError at TabulatorTests.java:217
[8cbccbaa-4d9e-4f10-a3b4-a1900319183f/build]   | 
[8cbccbaa-4d9e-4f10-a3b4-a1900319183f/build]   | TabulatorTests > 2013 Minneapolis Park FAILED
[8cbccbaa-4d9e-4f10-a3b4-a1900319183f/build]   |     org.opentest4j.AssertionFailedError at TabulatorTests.java:217
[8cbccbaa-4d9e-4f10-a3b4-a1900319183f/build]   | 
[8cbccbaa-4d9e-4f10-a3b4-a1900319183f/build]   | TabulatorTests > generic CSV test FAILED
[8cbccbaa-4d9e-4f10-a3b4-a1900319183f/build]   |     org.opentest4j.AssertionFailedError at TabulatorTests.java:217
[8cbccbaa-4d9e-4f10-a3b4-a1900319183f/build]   | 
[8cbccbaa-4d9e-4f10-a3b4-a1900319183f/build]   | TabulatorTests > test for overvotes FAILED
[8cbccbaa-4d9e-4f10-a3b4-a1900319183f/build]   |     org.opentest4j.AssertionFailedError at TabulatorTests.java:217
[8cbccbaa-4d9e-4f10-a3b4-a1900319183f/build]   | 
[8cbccbaa-4d9e-4f10-a3b4-a1900319183f/build]   | TabulatorTests > 2015 Portland Mayor FAILED
[8cbccbaa-4d9e-4f10-a3b4-a1900319183f/build]   |     org.opentest4j.AssertionFailedError at TabulatorTests.java:217
[8cbccbaa-4d9e-4f10-a3b4-a1900319183f/build]   | 
[8cbccbaa-4d9e-4f10-a3b4-a1900319183f/build]   | TabulatorTests > test stopping tabulation early FAILED
[8cbccbaa-4d9e-4f10-a3b4-a1900319183f/build]   |     org.opentest4j.AssertionFailedError at TabulatorTests.java:217
[8cbccbaa-4d9e-4f10-a3b4-a1900319183f/build]   | 
[8cbccbaa-4d9e-4f10-a3b4-a1900319183f/build]   | TabulatorTests > precinct example FAILED
[8cbccbaa-4d9e-4f10-a3b4-a1900319183f/build]   |     org.opentest4j.AssertionFailedError at TabulatorTests.java:217
[8cbccbaa-4d9e-4f10-a3b4-a1900319183f/build]   | 
[8cbccbaa-4d9e-4f10-a3b4-a1900319183f/build]   | 73 tests completed, 65 failed
[8cbccbaa-4d9e-4f10-a3b4-a1900319183f/build]   | 
[8cbccbaa-4d9e-4f10-a3b4-a1900319183f/build]   | > Task :test FAILED
[8cbccbaa-4d9e-4f10-a3b4-a1900319183f/build]   | 
[8cbccbaa-4d9e-4f10-a3b4-a1900319183f/build]   | FAILURE: Build failed with an exception.
[8cbccbaa-4d9e-4f10-a3b4-a1900319183f/build]   | 
[8cbccbaa-4d9e-4f10-a3b4-a1900319183f/build]   | * What went wrong:
[8cbccbaa-4d9e-4f10-a3b4-a1900319183f/build]   | Execution failed for task ':test'.
[8cbccbaa-4d9e-4f10-a3b4-a1900319183f/build]   | > There were failing tests. See the report at: file:///tmp/577bb91e-465d-49c1-bb32-445cbdbf99e6/build/reports/tests/test/index.html
[8cbccbaa-4d9e-4f10-a3b4-a1900319183f/build]   | 
[8cbccbaa-4d9e-4f10-a3b4-a1900319183f/build]   | * Try:
[8cbccbaa-4d9e-4f10-a3b4-a1900319183f/build]   | > Run with --stacktrace option to get the stack trace.
[8cbccbaa-4d9e-4f10-a3b4-a1900319183f/build]   | > Run with --info or --debug option to get more log output.
[8cbccbaa-4d9e-4f10-a3b4-a1900319183f/build]   | > Run with --scan to get full insights.
[8cbccbaa-4d9e-4f10-a3b4-a1900319183f/build]   | 
[8cbccbaa-4d9e-4f10-a3b4-a1900319183f/build]   | * Get more help at https://help.gradle.org
[8cbccbaa-4d9e-4f10-a3b4-a1900319183f/build]   | 
[8cbccbaa-4d9e-4f10-a3b4-a1900319183f/build]   | BUILD FAILED in 2m 56s
[8cbccbaa-4d9e-4f10-a3b4-a1900319183f/build]   | 9 actionable tasks: 9 executed
[8cbccbaa-4d9e-4f10-a3b4-a1900319183f/build]   ‚ùå  Failure - Main Test with Gradle
[8cbccbaa-4d9e-4f10-a3b4-a1900319183f/build] exitcode '1': failure
[8cbccbaa-4d9e-4f10-a3b4-a1900319183f/build] unable to get git ref: failed to identify reference (tag/branch) for the checked-out revision '37ff82594c834811d05f80e47204463a262e85fc'
[8cbccbaa-4d9e-4f10-a3b4-a1900319183f/build] unable to get git ref: failed to identify reference (tag/branch) for the checked-out revision '37ff82594c834811d05f80e47204463a262e85fc'
[8cbccbaa-4d9e-4f10-a3b4-a1900319183f/build] unable to get git ref: failed to identify reference (tag/branch) for the checked-out revision '37ff82594c834811d05f80e47204463a262e85fc'
[8cbccbaa-4d9e-4f10-a3b4-a1900319183f/build] unable to get git ref: failed to identify reference (tag/branch) for the checked-out revision '37ff82594c834811d05f80e47204463a262e85fc'
[8cbccbaa-4d9e-4f10-a3b4-a1900319183f/build] unable to get git ref: failed to identify reference (tag/branch) for the checked-out revision '37ff82594c834811d05f80e47204463a262e85fc'
[8cbccbaa-4d9e-4f10-a3b4-a1900319183f/build] ‚≠ê Run Post Set up JDK 17
[8cbccbaa-4d9e-4f10-a3b4-a1900319183f/build]   üê≥  docker exec cmd=[node /var/run/act/actions/actions-setup-java@v2/dist/cleanup/index.js] user= workdir=
[8cbccbaa-4d9e-4f10-a3b4-a1900319183f/build]   ‚úÖ  Success - Post Set up JDK 17
[8cbccbaa-4d9e-4f10-a3b4-a1900319183f/build] üèÅ  Job failed
[8cbccbaa-4d9e-4f10-a3b4-a1900319183f/build] unable to get git ref: failed to identify reference (tag/branch) for the checked-out revision '37ff82594c834811d05f80e47204463a262e85fc'
