[9af491a7-2f8c-414b-8a98-d63cef7efb45/build] ğŸš€  Start image=gitbugactions:latest
[9af491a7-2f8c-414b-8a98-d63cef7efb45/build]   ğŸ³  docker pull image=gitbugactions:latest platform= username= forcePull=false
[9af491a7-2f8c-414b-8a98-d63cef7efb45/build]   ğŸ³  docker create image=gitbugactions:latest platform= entrypoint=["tail" "-f" "/dev/null"] cmd=[]
[9af491a7-2f8c-414b-8a98-d63cef7efb45/build]   ğŸ³  docker run image=gitbugactions:latest platform= entrypoint=["tail" "-f" "/dev/null"] cmd=[]
[9af491a7-2f8c-414b-8a98-d63cef7efb45/build]   ğŸ³  docker exec cmd=[chown -R 1012:1013 /tmp/2f8d605e-0cfe-42d0-b90a-757154ee2322] user=0 workdir=
[9af491a7-2f8c-414b-8a98-d63cef7efb45/build] unable to get git ref: failed to identify reference (tag/branch) for the checked-out revision '6e5481ebb1858726604706d011e5c5f509ac5306'
[9af491a7-2f8c-414b-8a98-d63cef7efb45/build] unable to get git ref: failed to identify reference (tag/branch) for the checked-out revision '6e5481ebb1858726604706d011e5c5f509ac5306'
[9af491a7-2f8c-414b-8a98-d63cef7efb45/build] unable to get git ref: failed to identify reference (tag/branch) for the checked-out revision '6e5481ebb1858726604706d011e5c5f509ac5306'
[9af491a7-2f8c-414b-8a98-d63cef7efb45/build] unable to get git ref: failed to identify reference (tag/branch) for the checked-out revision '6e5481ebb1858726604706d011e5c5f509ac5306'
[9af491a7-2f8c-414b-8a98-d63cef7efb45/build] unable to get git ref: failed to identify reference (tag/branch) for the checked-out revision '6e5481ebb1858726604706d011e5c5f509ac5306'
[9af491a7-2f8c-414b-8a98-d63cef7efb45/build] unable to get git ref: failed to identify reference (tag/branch) for the checked-out revision '6e5481ebb1858726604706d011e5c5f509ac5306'
[9af491a7-2f8c-414b-8a98-d63cef7efb45/build] unable to get git ref: failed to identify reference (tag/branch) for the checked-out revision '6e5481ebb1858726604706d011e5c5f509ac5306'
[9af491a7-2f8c-414b-8a98-d63cef7efb45/build] unable to get git ref: failed to identify reference (tag/branch) for the checked-out revision '6e5481ebb1858726604706d011e5c5f509ac5306'
[9af491a7-2f8c-414b-8a98-d63cef7efb45/build] unable to get git ref: failed to identify reference (tag/branch) for the checked-out revision '6e5481ebb1858726604706d011e5c5f509ac5306'
[9af491a7-2f8c-414b-8a98-d63cef7efb45/build] â­ Run Main actions/checkout@v3
[9af491a7-2f8c-414b-8a98-d63cef7efb45/build] unable to get git ref: failed to identify reference (tag/branch) for the checked-out revision '6e5481ebb1858726604706d011e5c5f509ac5306'
[9af491a7-2f8c-414b-8a98-d63cef7efb45/build] unable to get git ref: failed to identify reference (tag/branch) for the checked-out revision '6e5481ebb1858726604706d011e5c5f509ac5306'
[9af491a7-2f8c-414b-8a98-d63cef7efb45/build]   ğŸ³  docker cp src=/tmp/2f8d605e-0cfe-42d0-b90a-757154ee2322/. dst=/tmp/2f8d605e-0cfe-42d0-b90a-757154ee2322
[9af491a7-2f8c-414b-8a98-d63cef7efb45/build]   ğŸ³  docker exec cmd=[chown -R 1012:1013 /tmp/2f8d605e-0cfe-42d0-b90a-757154ee2322] user=0 workdir=
[9af491a7-2f8c-414b-8a98-d63cef7efb45/build]   âœ…  Success - Main actions/checkout@v3
[9af491a7-2f8c-414b-8a98-d63cef7efb45/build] unable to get git ref: failed to identify reference (tag/branch) for the checked-out revision '6e5481ebb1858726604706d011e5c5f509ac5306'
[9af491a7-2f8c-414b-8a98-d63cef7efb45/build] unable to get git ref: failed to identify reference (tag/branch) for the checked-out revision '6e5481ebb1858726604706d011e5c5f509ac5306'
[9af491a7-2f8c-414b-8a98-d63cef7efb45/build] unable to get git ref: failed to identify reference (tag/branch) for the checked-out revision '6e5481ebb1858726604706d011e5c5f509ac5306'
[9af491a7-2f8c-414b-8a98-d63cef7efb45/build] unable to get git ref: failed to identify reference (tag/branch) for the checked-out revision '6e5481ebb1858726604706d011e5c5f509ac5306'
[9af491a7-2f8c-414b-8a98-d63cef7efb45/build] unable to get git ref: failed to identify reference (tag/branch) for the checked-out revision '6e5481ebb1858726604706d011e5c5f509ac5306'
[9af491a7-2f8c-414b-8a98-d63cef7efb45/build] â­ Run Main actions/setup-java@v3
[9af491a7-2f8c-414b-8a98-d63cef7efb45/build] unable to get git ref: failed to identify reference (tag/branch) for the checked-out revision '6e5481ebb1858726604706d011e5c5f509ac5306'
[9af491a7-2f8c-414b-8a98-d63cef7efb45/build] unable to get git ref: failed to identify reference (tag/branch) for the checked-out revision '6e5481ebb1858726604706d011e5c5f509ac5306'
[9af491a7-2f8c-414b-8a98-d63cef7efb45/build] unable to get git ref: failed to identify reference (tag/branch) for the checked-out revision '6e5481ebb1858726604706d011e5c5f509ac5306'
[9af491a7-2f8c-414b-8a98-d63cef7efb45/build]   ğŸ³  docker cp src=/tmp/act-cache/b762bf82-29e9-47ca-a346-a014c9d3bbef/act/actions-setup-java@v3/ dst=/var/run/act/actions/actions-setup-java@v3/
[9af491a7-2f8c-414b-8a98-d63cef7efb45/build]   ğŸ³  docker exec cmd=[chown -R 1012:1013 /var/run/act/actions/actions-setup-java@v3/] user=0 workdir=
[9af491a7-2f8c-414b-8a98-d63cef7efb45/build]   ğŸ³  docker exec cmd=[node /var/run/act/actions/actions-setup-java@v3/dist/setup/index.js] user= workdir=
[9af491a7-2f8c-414b-8a98-d63cef7efb45/build]   â“  ::group::Installed distributions
[9af491a7-2f8c-414b-8a98-d63cef7efb45/build]   | Trying to resolve the latest version from remote
[9af491a7-2f8c-414b-8a98-d63cef7efb45/build]   ğŸ’¬  ::debug::Gathering available versions from 'https://api.azul.com/zulu/download/community/v1.0/bundles/?os=linux&ext=tar.gz&bundle_type=jdk&javafx=false&arch=x86&hw_bitness=64&release_status=ga'
[9af491a7-2f8c-414b-8a98-d63cef7efb45/build]   | Resolved latest version as 11.0.21+9
[9af491a7-2f8c-414b-8a98-d63cef7efb45/build]   | Trying to download...
[9af491a7-2f8c-414b-8a98-d63cef7efb45/build]   | Downloading Java 11.0.21+9 (Zulu) from https://cdn.azul.com/zulu/bin/zulu11.68.17-ca-jdk11.0.21-linux_x64.tar.gz ...
[9af491a7-2f8c-414b-8a98-d63cef7efb45/build]   ğŸ’¬  ::debug::Downloading https://cdn.azul.com/zulu/bin/zulu11.68.17-ca-jdk11.0.21-linux_x64.tar.gz
[9af491a7-2f8c-414b-8a98-d63cef7efb45/build]   ğŸ’¬  ::debug::Destination /tmp/e0ba2dd1-bf18-4624-bcc7-5ab54e8cbe39
[9af491a7-2f8c-414b-8a98-d63cef7efb45/build]   ğŸ’¬  ::debug::download complete
[9af491a7-2f8c-414b-8a98-d63cef7efb45/build]   | Extracting Java archive...
[9af491a7-2f8c-414b-8a98-d63cef7efb45/build]   ğŸ’¬  ::debug::Checking tar --version
[9af491a7-2f8c-414b-8a98-d63cef7efb45/build]   ğŸ’¬  ::debug::tar (GNU tar) 1.34%0ACopyright (C) 2021 Free Software Foundation, Inc.%0ALicense GPLv3+: GNU GPL version 3 or later <https://gnu.org/licenses/gpl.html>.%0AThis is free software: you are free to change and redistribute it.%0AThere is NO WARRANTY, to the extent permitted by law.%0A%0AWritten by John Gilmore and Jay Fenlason.
[9af491a7-2f8c-414b-8a98-d63cef7efb45/build]   | [command]/usr/bin/tar xz --warning=no-unknown-keyword -C /tmp/28e8b6ba-ba0b-4e1c-9da2-1d8b63227a65 -f /tmp/e0ba2dd1-bf18-4624-bcc7-5ab54e8cbe39
[9af491a7-2f8c-414b-8a98-d63cef7efb45/build]   ğŸ’¬  ::debug::Caching tool Java_Zulu_jdk 11.0.21-9 x64
[9af491a7-2f8c-414b-8a98-d63cef7efb45/build]   ğŸ’¬  ::debug::source dir: /tmp/28e8b6ba-ba0b-4e1c-9da2-1d8b63227a65/zulu11.68.17-ca-jdk11.0.21-linux_x64
[9af491a7-2f8c-414b-8a98-d63cef7efb45/build]   ğŸ’¬  ::debug::destination /opt/hostedtoolcache/Java_Zulu_jdk/11.0.21-9/x64
[9af491a7-2f8c-414b-8a98-d63cef7efb45/build]   ğŸ’¬  ::debug::finished caching tool
[9af491a7-2f8c-414b-8a98-d63cef7efb45/build]   | Java 11.0.21+9 was downloaded
[9af491a7-2f8c-414b-8a98-d63cef7efb45/build]   | Setting Java 11.0.21+9 as the default
[9af491a7-2f8c-414b-8a98-d63cef7efb45/build]   | Creating toolchains.xml for JDK version 11 from zulu
[9af491a7-2f8c-414b-8a98-d63cef7efb45/build]   | Writing to /home/runner/.m2/toolchains.xml
[9af491a7-2f8c-414b-8a98-d63cef7efb45/build]   | 
[9af491a7-2f8c-414b-8a98-d63cef7efb45/build]   | Java configuration:
[9af491a7-2f8c-414b-8a98-d63cef7efb45/build]   |   Distribution: zulu
[9af491a7-2f8c-414b-8a98-d63cef7efb45/build]   |   Version: 11.0.21+9
[9af491a7-2f8c-414b-8a98-d63cef7efb45/build]   |   Path: /opt/hostedtoolcache/Java_Zulu_jdk/11.0.21-9/x64
[9af491a7-2f8c-414b-8a98-d63cef7efb45/build]   | 
[9af491a7-2f8c-414b-8a98-d63cef7efb45/build]   â“  ::endgroup::
[9af491a7-2f8c-414b-8a98-d63cef7efb45/build]   â“ add-matcher /run/act/actions/actions-setup-java@v3/.github/java.json
[9af491a7-2f8c-414b-8a98-d63cef7efb45/build]   | Creating settings.xml with server-id: github
[9af491a7-2f8c-414b-8a98-d63cef7efb45/build]   | Writing to /home/runner/.m2/settings.xml
[9af491a7-2f8c-414b-8a98-d63cef7efb45/build]   âœ…  Success - Main actions/setup-java@v3
[9af491a7-2f8c-414b-8a98-d63cef7efb45/build]   âš™  ::set-env:: JAVA_HOME=/opt/hostedtoolcache/Java_Zulu_jdk/11.0.21-9/x64
[9af491a7-2f8c-414b-8a98-d63cef7efb45/build]   âš™  ::set-env:: JAVA_HOME_11_X64=/opt/hostedtoolcache/Java_Zulu_jdk/11.0.21-9/x64
[9af491a7-2f8c-414b-8a98-d63cef7efb45/build]   âš™  ::set-output:: path=/opt/hostedtoolcache/Java_Zulu_jdk/11.0.21-9/x64
[9af491a7-2f8c-414b-8a98-d63cef7efb45/build]   âš™  ::set-output:: version=11.0.21+9
[9af491a7-2f8c-414b-8a98-d63cef7efb45/build]   âš™  ::set-output:: distribution=Zulu
[9af491a7-2f8c-414b-8a98-d63cef7efb45/build]   âš™  ::add-path:: /opt/hostedtoolcache/Java_Zulu_jdk/11.0.21-9/x64/bin
[9af491a7-2f8c-414b-8a98-d63cef7efb45/build] unable to get git ref: failed to identify reference (tag/branch) for the checked-out revision '6e5481ebb1858726604706d011e5c5f509ac5306'
[9af491a7-2f8c-414b-8a98-d63cef7efb45/build] unable to get git ref: failed to identify reference (tag/branch) for the checked-out revision '6e5481ebb1858726604706d011e5c5f509ac5306'
[9af491a7-2f8c-414b-8a98-d63cef7efb45/build] unable to get git ref: failed to identify reference (tag/branch) for the checked-out revision '6e5481ebb1858726604706d011e5c5f509ac5306'
[9af491a7-2f8c-414b-8a98-d63cef7efb45/build] unable to get git ref: failed to identify reference (tag/branch) for the checked-out revision '6e5481ebb1858726604706d011e5c5f509ac5306'
[9af491a7-2f8c-414b-8a98-d63cef7efb45/build] unable to get git ref: failed to identify reference (tag/branch) for the checked-out revision '6e5481ebb1858726604706d011e5c5f509ac5306'
[9af491a7-2f8c-414b-8a98-d63cef7efb45/build] â­ Run Main ./gradlew build --no-daemon --warning-mode=fail
[9af491a7-2f8c-414b-8a98-d63cef7efb45/build] unable to get git ref: failed to identify reference (tag/branch) for the checked-out revision '6e5481ebb1858726604706d011e5c5f509ac5306'
[9af491a7-2f8c-414b-8a98-d63cef7efb45/build] unable to get git ref: failed to identify reference (tag/branch) for the checked-out revision '6e5481ebb1858726604706d011e5c5f509ac5306'
[9af491a7-2f8c-414b-8a98-d63cef7efb45/build] unable to get git ref: failed to identify reference (tag/branch) for the checked-out revision '6e5481ebb1858726604706d011e5c5f509ac5306'
[9af491a7-2f8c-414b-8a98-d63cef7efb45/build] unable to get git ref: failed to identify reference (tag/branch) for the checked-out revision '6e5481ebb1858726604706d011e5c5f509ac5306'
[9af491a7-2f8c-414b-8a98-d63cef7efb45/build]   ğŸ³  docker exec cmd=[bash --noprofile --norc -e -o pipefail /var/run/act/workflow/2] user= workdir=
[9af491a7-2f8c-414b-8a98-d63cef7efb45/build]   | Downloading https://services.gradle.org/distributions/gradle-7.5.1-bin.zip
[9af491a7-2f8c-414b-8a98-d63cef7efb45/build]   | ...........10%............20%...........30%............40%...........50%............60%...........70%............80%...........90%............100%
[9af491a7-2f8c-414b-8a98-d63cef7efb45/build]   | 
[9af491a7-2f8c-414b-8a98-d63cef7efb45/build]   | Welcome to Gradle 7.5.1!
[9af491a7-2f8c-414b-8a98-d63cef7efb45/build]   | 
[9af491a7-2f8c-414b-8a98-d63cef7efb45/build]   | Here are the highlights of this release:
[9af491a7-2f8c-414b-8a98-d63cef7efb45/build]   |  - Support for Java 18
[9af491a7-2f8c-414b-8a98-d63cef7efb45/build]   |  - Support for building with Groovy 4
[9af491a7-2f8c-414b-8a98-d63cef7efb45/build]   |  - Much more responsive continuous builds
[9af491a7-2f8c-414b-8a98-d63cef7efb45/build]   |  - Improved diagnostics for dependency resolution
[9af491a7-2f8c-414b-8a98-d63cef7efb45/build]   | 
[9af491a7-2f8c-414b-8a98-d63cef7efb45/build]   | For more details see https://docs.gradle.org/7.5.1/release-notes.html
[9af491a7-2f8c-414b-8a98-d63cef7efb45/build]   | 
[9af491a7-2f8c-414b-8a98-d63cef7efb45/build]   | To honour the JVM settings for this build a single-use Daemon process will be forked. See https://docs.gradle.org/7.5.1/userguide/gradle_daemon.html#sec:disabling_the_daemon.
[9af491a7-2f8c-414b-8a98-d63cef7efb45/build]   | Daemon will be stopped at the end of the build 
[9af491a7-2f8c-414b-8a98-d63cef7efb45/build]   | Kordamp Enforcer Gradle plugin 0.13.0. Consider becoming a patron at https://www.patreon.com/aalmiray
[9af491a7-2f8c-414b-8a98-d63cef7efb45/build]   | 
[9af491a7-2f8c-414b-8a98-d63cef7efb45/build]   | > Configure project :
[9af491a7-2f8c-414b-8a98-d63cef7efb45/build]   | 
[9af491a7-2f8c-414b-8a98-d63cef7efb45/build]   | > Task :copyDependencies
[9af491a7-2f8c-414b-8a98-d63cef7efb45/build]   | > Task :extractIncludeProto
[9af491a7-2f8c-414b-8a98-d63cef7efb45/build]   | > Task :extractProto
[9af491a7-2f8c-414b-8a98-d63cef7efb45/build]   | > Task :generateProto
[9af491a7-2f8c-414b-8a98-d63cef7efb45/build]   | > Task :compileJava
[9af491a7-2f8c-414b-8a98-d63cef7efb45/build]   | Note: Some input files use or override a deprecated API.
[9af491a7-2f8c-414b-8a98-d63cef7efb45/build]   | Note: Recompile with -Xlint:deprecation for details.
[9af491a7-2f8c-414b-8a98-d63cef7efb45/build]   | Note: Some input files use unchecked or unsafe operations.
[9af491a7-2f8c-414b-8a98-d63cef7efb45/build]   | Note: Recompile with -Xlint:unchecked for details.
[9af491a7-2f8c-414b-8a98-d63cef7efb45/build]   | 
[9af491a7-2f8c-414b-8a98-d63cef7efb45/build]   | > Task :processResources
[9af491a7-2f8c-414b-8a98-d63cef7efb45/build]   | > Task :classes
[9af491a7-2f8c-414b-8a98-d63cef7efb45/build]   | > Task :jar
[9af491a7-2f8c-414b-8a98-d63cef7efb45/build]   | > Task :assemble
[9af491a7-2f8c-414b-8a98-d63cef7efb45/build]   | > Task :extractIncludeTestProto
[9af491a7-2f8c-414b-8a98-d63cef7efb45/build]   | > Task :extractTestProto
[9af491a7-2f8c-414b-8a98-d63cef7efb45/build]   | > Task :generateTestProto NO-SOURCE
[9af491a7-2f8c-414b-8a98-d63cef7efb45/build]   | 
[9af491a7-2f8c-414b-8a98-d63cef7efb45/build]   | > Task :compileTestJava
[9af491a7-2f8c-414b-8a98-d63cef7efb45/build]   | Note: Some input files use or override a deprecated API.
[9af491a7-2f8c-414b-8a98-d63cef7efb45/build]   | Note: Recompile with -Xlint:deprecation for details.
[9af491a7-2f8c-414b-8a98-d63cef7efb45/build]   | 
[9af491a7-2f8c-414b-8a98-d63cef7efb45/build]   | > Task :processTestResources NO-SOURCE
[9af491a7-2f8c-414b-8a98-d63cef7efb45/build]   | > Task :testClasses
[9af491a7-2f8c-414b-8a98-d63cef7efb45/build]   | > Task :checkstyleTest SKIPPED
[9af491a7-2f8c-414b-8a98-d63cef7efb45/build]   | > Task :checkstyleMain
[9af491a7-2f8c-414b-8a98-d63cef7efb45/build]   | 
[9af491a7-2f8c-414b-8a98-d63cef7efb45/build]   | > Task :test FAILED
[9af491a7-2f8c-414b-8a98-d63cef7efb45/build]   | 
[9af491a7-2f8c-414b-8a98-d63cef7efb45/build]   | SuntechProtocolDecoderTest > testDecode() FAILED
[9af491a7-2f8c-414b-8a98-d63cef7efb45/build]   |     java.text.ParseException at SuntechProtocolDecoderTest.java:15
[9af491a7-2f8c-414b-8a98-d63cef7efb45/build]   | 
[9af491a7-2f8c-414b-8a98-d63cef7efb45/build]   | 498 tests completed, 1 failed, 23 skipped
[9af491a7-2f8c-414b-8a98-d63cef7efb45/build]   | 12 actionable tasks: 12 executed
[9af491a7-2f8c-414b-8a98-d63cef7efb45/build]   | 
[9af491a7-2f8c-414b-8a98-d63cef7efb45/build]   | FAILURE: Build failed with an exception.
[9af491a7-2f8c-414b-8a98-d63cef7efb45/build]   | 
[9af491a7-2f8c-414b-8a98-d63cef7efb45/build]   | * What went wrong:
[9af491a7-2f8c-414b-8a98-d63cef7efb45/build]   | Execution failed for task ':test'.
[9af491a7-2f8c-414b-8a98-d63cef7efb45/build]   | > There were failing tests. See the report at: file:///tmp/2f8d605e-0cfe-42d0-b90a-757154ee2322/build/reports/tests/test/index.html
[9af491a7-2f8c-414b-8a98-d63cef7efb45/build]   | 
[9af491a7-2f8c-414b-8a98-d63cef7efb45/build]   | * Try:
[9af491a7-2f8c-414b-8a98-d63cef7efb45/build]   | > Run with --stacktrace option to get the stack trace.
[9af491a7-2f8c-414b-8a98-d63cef7efb45/build]   | > Run with --info or --debug option to get more log output.
[9af491a7-2f8c-414b-8a98-d63cef7efb45/build]   | > Run with --scan to get full insights.
[9af491a7-2f8c-414b-8a98-d63cef7efb45/build]   | 
[9af491a7-2f8c-414b-8a98-d63cef7efb45/build]   | * Get more help at https://help.gradle.org
[9af491a7-2f8c-414b-8a98-d63cef7efb45/build]   | 
[9af491a7-2f8c-414b-8a98-d63cef7efb45/build]   | BUILD FAILED in 3m
[9af491a7-2f8c-414b-8a98-d63cef7efb45/build]   âŒ  Failure - Main ./gradlew build --no-daemon --warning-mode=fail
[9af491a7-2f8c-414b-8a98-d63cef7efb45/build] exitcode '1': failure
[9af491a7-2f8c-414b-8a98-d63cef7efb45/build] unable to get git ref: failed to identify reference (tag/branch) for the checked-out revision '6e5481ebb1858726604706d011e5c5f509ac5306'
[9af491a7-2f8c-414b-8a98-d63cef7efb45/build] unable to get git ref: failed to identify reference (tag/branch) for the checked-out revision '6e5481ebb1858726604706d011e5c5f509ac5306'
[9af491a7-2f8c-414b-8a98-d63cef7efb45/build] unable to get git ref: failed to identify reference (tag/branch) for the checked-out revision '6e5481ebb1858726604706d011e5c5f509ac5306'
[9af491a7-2f8c-414b-8a98-d63cef7efb45/build] unable to get git ref: failed to identify reference (tag/branch) for the checked-out revision '6e5481ebb1858726604706d011e5c5f509ac5306'
[9af491a7-2f8c-414b-8a98-d63cef7efb45/build] unable to get git ref: failed to identify reference (tag/branch) for the checked-out revision '6e5481ebb1858726604706d011e5c5f509ac5306'
[9af491a7-2f8c-414b-8a98-d63cef7efb45/build] â­ Run Post actions/setup-java@v3
[9af491a7-2f8c-414b-8a98-d63cef7efb45/build]   ğŸ³  docker exec cmd=[node /var/run/act/actions/actions-setup-java@v3/dist/cleanup/index.js] user= workdir=
[9af491a7-2f8c-414b-8a98-d63cef7efb45/build]   âœ…  Success - Post actions/setup-java@v3
[9af491a7-2f8c-414b-8a98-d63cef7efb45/build] ğŸ  Job failed
[9af491a7-2f8c-414b-8a98-d63cef7efb45/build] unable to get git ref: failed to identify reference (tag/branch) for the checked-out revision '6e5481ebb1858726604706d011e5c5f509ac5306'
