[85706951-f015-4f08-8392-e031ee171e39/build] üöÄ  Start image=gitbugactions:latest
[85706951-f015-4f08-8392-e031ee171e39/build]   üê≥  docker pull image=gitbugactions:latest platform= username= forcePull=false
[85706951-f015-4f08-8392-e031ee171e39/build]   üê≥  docker create image=gitbugactions:latest platform= entrypoint=["tail" "-f" "/dev/null"] cmd=[]
[85706951-f015-4f08-8392-e031ee171e39/build]   üê≥  docker run image=gitbugactions:latest platform= entrypoint=["tail" "-f" "/dev/null"] cmd=[]
[85706951-f015-4f08-8392-e031ee171e39/build]   üê≥  docker exec cmd=[chown -R 1012:1013 /tmp/c6bda649-98be-4561-9a2c-9727b4562125] user=0 workdir=
[85706951-f015-4f08-8392-e031ee171e39/build] unable to get git ref: failed to identify reference (tag/branch) for the checked-out revision '4ece72558c80038728fa67ec51238bac48fc4d64'
[85706951-f015-4f08-8392-e031ee171e39/build] unable to get git ref: failed to identify reference (tag/branch) for the checked-out revision '4ece72558c80038728fa67ec51238bac48fc4d64'
[85706951-f015-4f08-8392-e031ee171e39/build] unable to get git ref: failed to identify reference (tag/branch) for the checked-out revision '4ece72558c80038728fa67ec51238bac48fc4d64'
[85706951-f015-4f08-8392-e031ee171e39/build] unable to get git ref: failed to identify reference (tag/branch) for the checked-out revision '4ece72558c80038728fa67ec51238bac48fc4d64'
[85706951-f015-4f08-8392-e031ee171e39/build] unable to get git ref: failed to identify reference (tag/branch) for the checked-out revision '4ece72558c80038728fa67ec51238bac48fc4d64'
[85706951-f015-4f08-8392-e031ee171e39/build] unable to get git ref: failed to identify reference (tag/branch) for the checked-out revision '4ece72558c80038728fa67ec51238bac48fc4d64'
[85706951-f015-4f08-8392-e031ee171e39/build] unable to get git ref: failed to identify reference (tag/branch) for the checked-out revision '4ece72558c80038728fa67ec51238bac48fc4d64'
[85706951-f015-4f08-8392-e031ee171e39/build] unable to get git ref: failed to identify reference (tag/branch) for the checked-out revision '4ece72558c80038728fa67ec51238bac48fc4d64'
[85706951-f015-4f08-8392-e031ee171e39/build] unable to get git ref: failed to identify reference (tag/branch) for the checked-out revision '4ece72558c80038728fa67ec51238bac48fc4d64'
[85706951-f015-4f08-8392-e031ee171e39/build] ‚≠ê Run Main actions/checkout@v3
[85706951-f015-4f08-8392-e031ee171e39/build] unable to get git ref: failed to identify reference (tag/branch) for the checked-out revision '4ece72558c80038728fa67ec51238bac48fc4d64'
[85706951-f015-4f08-8392-e031ee171e39/build] unable to get git ref: failed to identify reference (tag/branch) for the checked-out revision '4ece72558c80038728fa67ec51238bac48fc4d64'
[85706951-f015-4f08-8392-e031ee171e39/build]   üê≥  docker cp src=/tmp/c6bda649-98be-4561-9a2c-9727b4562125/. dst=/tmp/c6bda649-98be-4561-9a2c-9727b4562125
[85706951-f015-4f08-8392-e031ee171e39/build]   üê≥  docker exec cmd=[chown -R 1012:1013 /tmp/c6bda649-98be-4561-9a2c-9727b4562125] user=0 workdir=
[85706951-f015-4f08-8392-e031ee171e39/build]   ‚úÖ  Success - Main actions/checkout@v3
[85706951-f015-4f08-8392-e031ee171e39/build] unable to get git ref: failed to identify reference (tag/branch) for the checked-out revision '4ece72558c80038728fa67ec51238bac48fc4d64'
[85706951-f015-4f08-8392-e031ee171e39/build] unable to get git ref: failed to identify reference (tag/branch) for the checked-out revision '4ece72558c80038728fa67ec51238bac48fc4d64'
[85706951-f015-4f08-8392-e031ee171e39/build] unable to get git ref: failed to identify reference (tag/branch) for the checked-out revision '4ece72558c80038728fa67ec51238bac48fc4d64'
[85706951-f015-4f08-8392-e031ee171e39/build] unable to get git ref: failed to identify reference (tag/branch) for the checked-out revision '4ece72558c80038728fa67ec51238bac48fc4d64'
[85706951-f015-4f08-8392-e031ee171e39/build] unable to get git ref: failed to identify reference (tag/branch) for the checked-out revision '4ece72558c80038728fa67ec51238bac48fc4d64'
[85706951-f015-4f08-8392-e031ee171e39/build] ‚≠ê Run Main actions/setup-java@v3
[85706951-f015-4f08-8392-e031ee171e39/build] unable to get git ref: failed to identify reference (tag/branch) for the checked-out revision '4ece72558c80038728fa67ec51238bac48fc4d64'
[85706951-f015-4f08-8392-e031ee171e39/build] unable to get git ref: failed to identify reference (tag/branch) for the checked-out revision '4ece72558c80038728fa67ec51238bac48fc4d64'
[85706951-f015-4f08-8392-e031ee171e39/build] unable to get git ref: failed to identify reference (tag/branch) for the checked-out revision '4ece72558c80038728fa67ec51238bac48fc4d64'
[85706951-f015-4f08-8392-e031ee171e39/build]   üê≥  docker cp src=/tmp/act-cache/9c81282b-6748-4dd6-9c58-11697630aa29/act/actions-setup-java@v3/ dst=/var/run/act/actions/actions-setup-java@v3/
[85706951-f015-4f08-8392-e031ee171e39/build]   üê≥  docker exec cmd=[chown -R 1012:1013 /var/run/act/actions/actions-setup-java@v3/] user=0 workdir=
[85706951-f015-4f08-8392-e031ee171e39/build]   üê≥  docker exec cmd=[node /var/run/act/actions/actions-setup-java@v3/dist/setup/index.js] user= workdir=
[85706951-f015-4f08-8392-e031ee171e39/build]   ‚ùì  ::group::Installed distributions
[85706951-f015-4f08-8392-e031ee171e39/build]   | Trying to resolve the latest version from remote
[85706951-f015-4f08-8392-e031ee171e39/build]   üí¨  ::debug::Gathering available versions from 'https://api.azul.com/zulu/download/community/v1.0/bundles/?os=linux&ext=tar.gz&bundle_type=jdk&javafx=false&arch=x86&hw_bitness=64&release_status=ga'
[85706951-f015-4f08-8392-e031ee171e39/build]   | Resolved latest version as 11.0.21+9
[85706951-f015-4f08-8392-e031ee171e39/build]   | Trying to download...
[85706951-f015-4f08-8392-e031ee171e39/build]   | Downloading Java 11.0.21+9 (Zulu) from https://cdn.azul.com/zulu/bin/zulu11.68.17-ca-jdk11.0.21-linux_x64.tar.gz ...
[85706951-f015-4f08-8392-e031ee171e39/build]   üí¨  ::debug::Downloading https://cdn.azul.com/zulu/bin/zulu11.68.17-ca-jdk11.0.21-linux_x64.tar.gz
[85706951-f015-4f08-8392-e031ee171e39/build]   üí¨  ::debug::Destination /tmp/78e8ddbb-3ca8-4e73-b102-1aa863687066
[85706951-f015-4f08-8392-e031ee171e39/build]   üí¨  ::debug::download complete
[85706951-f015-4f08-8392-e031ee171e39/build]   | Extracting Java archive...
[85706951-f015-4f08-8392-e031ee171e39/build]   üí¨  ::debug::Checking tar --version
[85706951-f015-4f08-8392-e031ee171e39/build]   üí¨  ::debug::tar (GNU tar) 1.34%0ACopyright (C) 2021 Free Software Foundation, Inc.%0ALicense GPLv3+: GNU GPL version 3 or later <https://gnu.org/licenses/gpl.html>.%0AThis is free software: you are free to change and redistribute it.%0AThere is NO WARRANTY, to the extent permitted by law.%0A%0AWritten by John Gilmore and Jay Fenlason.
[85706951-f015-4f08-8392-e031ee171e39/build]   | [command]/usr/bin/tar xz --warning=no-unknown-keyword -C /tmp/9714aff2-ed33-4aad-9186-2771dca34417 -f /tmp/78e8ddbb-3ca8-4e73-b102-1aa863687066
[85706951-f015-4f08-8392-e031ee171e39/build]   üí¨  ::debug::Caching tool Java_Zulu_jdk 11.0.21-9 x64
[85706951-f015-4f08-8392-e031ee171e39/build]   üí¨  ::debug::source dir: /tmp/9714aff2-ed33-4aad-9186-2771dca34417/zulu11.68.17-ca-jdk11.0.21-linux_x64
[85706951-f015-4f08-8392-e031ee171e39/build]   üí¨  ::debug::destination /opt/hostedtoolcache/Java_Zulu_jdk/11.0.21-9/x64
[85706951-f015-4f08-8392-e031ee171e39/build]   üí¨  ::debug::finished caching tool
[85706951-f015-4f08-8392-e031ee171e39/build]   | Java 11.0.21+9 was downloaded
[85706951-f015-4f08-8392-e031ee171e39/build]   | Setting Java 11.0.21+9 as the default
[85706951-f015-4f08-8392-e031ee171e39/build]   | Creating toolchains.xml for JDK version 11 from zulu
[85706951-f015-4f08-8392-e031ee171e39/build]   | Writing to /home/runner/.m2/toolchains.xml
[85706951-f015-4f08-8392-e031ee171e39/build]   | 
[85706951-f015-4f08-8392-e031ee171e39/build]   | Java configuration:
[85706951-f015-4f08-8392-e031ee171e39/build]   |   Distribution: zulu
[85706951-f015-4f08-8392-e031ee171e39/build]   |   Version: 11.0.21+9
[85706951-f015-4f08-8392-e031ee171e39/build]   |   Path: /opt/hostedtoolcache/Java_Zulu_jdk/11.0.21-9/x64
[85706951-f015-4f08-8392-e031ee171e39/build]   | 
[85706951-f015-4f08-8392-e031ee171e39/build]   ‚ùì  ::endgroup::
[85706951-f015-4f08-8392-e031ee171e39/build]   ‚ùì add-matcher /run/act/actions/actions-setup-java@v3/.github/java.json
[85706951-f015-4f08-8392-e031ee171e39/build]   | Creating settings.xml with server-id: github
[85706951-f015-4f08-8392-e031ee171e39/build]   | Writing to /home/runner/.m2/settings.xml
[85706951-f015-4f08-8392-e031ee171e39/build]   ‚úÖ  Success - Main actions/setup-java@v3
[85706951-f015-4f08-8392-e031ee171e39/build]   ‚öô  ::set-env:: JAVA_HOME=/opt/hostedtoolcache/Java_Zulu_jdk/11.0.21-9/x64
[85706951-f015-4f08-8392-e031ee171e39/build]   ‚öô  ::set-env:: JAVA_HOME_11_X64=/opt/hostedtoolcache/Java_Zulu_jdk/11.0.21-9/x64
[85706951-f015-4f08-8392-e031ee171e39/build]   ‚öô  ::set-output:: distribution=Zulu
[85706951-f015-4f08-8392-e031ee171e39/build]   ‚öô  ::set-output:: path=/opt/hostedtoolcache/Java_Zulu_jdk/11.0.21-9/x64
[85706951-f015-4f08-8392-e031ee171e39/build]   ‚öô  ::set-output:: version=11.0.21+9
[85706951-f015-4f08-8392-e031ee171e39/build]   ‚öô  ::add-path:: /opt/hostedtoolcache/Java_Zulu_jdk/11.0.21-9/x64/bin
[85706951-f015-4f08-8392-e031ee171e39/build] unable to get git ref: failed to identify reference (tag/branch) for the checked-out revision '4ece72558c80038728fa67ec51238bac48fc4d64'
[85706951-f015-4f08-8392-e031ee171e39/build] unable to get git ref: failed to identify reference (tag/branch) for the checked-out revision '4ece72558c80038728fa67ec51238bac48fc4d64'
[85706951-f015-4f08-8392-e031ee171e39/build] unable to get git ref: failed to identify reference (tag/branch) for the checked-out revision '4ece72558c80038728fa67ec51238bac48fc4d64'
[85706951-f015-4f08-8392-e031ee171e39/build] unable to get git ref: failed to identify reference (tag/branch) for the checked-out revision '4ece72558c80038728fa67ec51238bac48fc4d64'
[85706951-f015-4f08-8392-e031ee171e39/build] unable to get git ref: failed to identify reference (tag/branch) for the checked-out revision '4ece72558c80038728fa67ec51238bac48fc4d64'
[85706951-f015-4f08-8392-e031ee171e39/build] ‚≠ê Run Main ./gradlew build --no-daemon --warning-mode=fail
[85706951-f015-4f08-8392-e031ee171e39/build] unable to get git ref: failed to identify reference (tag/branch) for the checked-out revision '4ece72558c80038728fa67ec51238bac48fc4d64'
[85706951-f015-4f08-8392-e031ee171e39/build] unable to get git ref: failed to identify reference (tag/branch) for the checked-out revision '4ece72558c80038728fa67ec51238bac48fc4d64'
[85706951-f015-4f08-8392-e031ee171e39/build] unable to get git ref: failed to identify reference (tag/branch) for the checked-out revision '4ece72558c80038728fa67ec51238bac48fc4d64'
[85706951-f015-4f08-8392-e031ee171e39/build] unable to get git ref: failed to identify reference (tag/branch) for the checked-out revision '4ece72558c80038728fa67ec51238bac48fc4d64'
[85706951-f015-4f08-8392-e031ee171e39/build]   üê≥  docker exec cmd=[bash --noprofile --norc -e -o pipefail /var/run/act/workflow/2] user= workdir=
[85706951-f015-4f08-8392-e031ee171e39/build]   | Downloading https://services.gradle.org/distributions/gradle-7.5.1-bin.zip
[85706951-f015-4f08-8392-e031ee171e39/build]   | ...........10%............20%...........30%............40%...........50%............60%...........70%............80%...........90%............100%
[85706951-f015-4f08-8392-e031ee171e39/build]   | 
[85706951-f015-4f08-8392-e031ee171e39/build]   | Welcome to Gradle 7.5.1!
[85706951-f015-4f08-8392-e031ee171e39/build]   | 
[85706951-f015-4f08-8392-e031ee171e39/build]   | Here are the highlights of this release:
[85706951-f015-4f08-8392-e031ee171e39/build]   |  - Support for Java 18
[85706951-f015-4f08-8392-e031ee171e39/build]   |  - Support for building with Groovy 4
[85706951-f015-4f08-8392-e031ee171e39/build]   |  - Much more responsive continuous builds
[85706951-f015-4f08-8392-e031ee171e39/build]   |  - Improved diagnostics for dependency resolution
[85706951-f015-4f08-8392-e031ee171e39/build]   | 
[85706951-f015-4f08-8392-e031ee171e39/build]   | For more details see https://docs.gradle.org/7.5.1/release-notes.html
[85706951-f015-4f08-8392-e031ee171e39/build]   | 
[85706951-f015-4f08-8392-e031ee171e39/build]   | To honour the JVM settings for this build a single-use Daemon process will be forked. See https://docs.gradle.org/7.5.1/userguide/gradle_daemon.html#sec:disabling_the_daemon.
[85706951-f015-4f08-8392-e031ee171e39/build]   | Daemon will be stopped at the end of the build 
[85706951-f015-4f08-8392-e031ee171e39/build]   | 
[85706951-f015-4f08-8392-e031ee171e39/build]   | > Configure project :
[85706951-f015-4f08-8392-e031ee171e39/build]   | Kordamp Enforcer Gradle plugin 0.10.0. Consider becoming a patron at https://www.patreon.com/aalmiray
[85706951-f015-4f08-8392-e031ee171e39/build]   | 
[85706951-f015-4f08-8392-e031ee171e39/build]   | > Task :copyDependencies
[85706951-f015-4f08-8392-e031ee171e39/build]   | > Task :extractIncludeProto
[85706951-f015-4f08-8392-e031ee171e39/build]   | > Task :extractProto
[85706951-f015-4f08-8392-e031ee171e39/build]   | > Task :generateProto
[85706951-f015-4f08-8392-e031ee171e39/build]   | > Task :compileJava
[85706951-f015-4f08-8392-e031ee171e39/build]   | Note: Some input files use or override a deprecated API.
[85706951-f015-4f08-8392-e031ee171e39/build]   | Note: Recompile with -Xlint:deprecation for details.
[85706951-f015-4f08-8392-e031ee171e39/build]   | Note: Some input files use unchecked or unsafe operations.
[85706951-f015-4f08-8392-e031ee171e39/build]   | Note: Recompile with -Xlint:unchecked for details.
[85706951-f015-4f08-8392-e031ee171e39/build]   | 
[85706951-f015-4f08-8392-e031ee171e39/build]   | > Task :processResources
[85706951-f015-4f08-8392-e031ee171e39/build]   | > Task :classes
[85706951-f015-4f08-8392-e031ee171e39/build]   | > Task :jar
[85706951-f015-4f08-8392-e031ee171e39/build]   | > Task :assemble
[85706951-f015-4f08-8392-e031ee171e39/build]   | > Task :extractIncludeTestProto
[85706951-f015-4f08-8392-e031ee171e39/build]   | > Task :extractTestProto
[85706951-f015-4f08-8392-e031ee171e39/build]   | > Task :generateTestProto NO-SOURCE
[85706951-f015-4f08-8392-e031ee171e39/build]   | Note: Some input files use or override a deprecated API.
[85706951-f015-4f08-8392-e031ee171e39/build]   | Note: Recompile with -Xlint:deprecation for details.
[85706951-f015-4f08-8392-e031ee171e39/build]   | 
[85706951-f015-4f08-8392-e031ee171e39/build]   | > Task :compileTestJava
[85706951-f015-4f08-8392-e031ee171e39/build]   | 
[85706951-f015-4f08-8392-e031ee171e39/build]   | > Task :processTestResources NO-SOURCE
[85706951-f015-4f08-8392-e031ee171e39/build]   | > Task :testClasses
[85706951-f015-4f08-8392-e031ee171e39/build]   | > Task :checkstyleTest SKIPPED
[85706951-f015-4f08-8392-e031ee171e39/build]   | 
[85706951-f015-4f08-8392-e031ee171e39/build]   | > Task :test
[85706951-f015-4f08-8392-e031ee171e39/build]   | 
[85706951-f015-4f08-8392-e031ee171e39/build]   | HuabaoProtocolDecoderTest > testDecode() FAILED
[85706951-f015-4f08-8392-e031ee171e39/build]   |     org.opentest4j.AssertionFailedError at HuabaoProtocolDecoderTest.java:17
[85706951-f015-4f08-8392-e031ee171e39/build]   | 
[85706951-f015-4f08-8392-e031ee171e39/build]   | > Task :checkstyleMain
[85706951-f015-4f08-8392-e031ee171e39/build]   | 
[85706951-f015-4f08-8392-e031ee171e39/build]   | > Task :test FAILED
[85706951-f015-4f08-8392-e031ee171e39/build]   | 
[85706951-f015-4f08-8392-e031ee171e39/build]   | 495 tests completed, 1 failed, 23 skipped
[85706951-f015-4f08-8392-e031ee171e39/build]   | 
[85706951-f015-4f08-8392-e031ee171e39/build]   | FAILURE: Build failed with an exception.
[85706951-f015-4f08-8392-e031ee171e39/build]   | 
[85706951-f015-4f08-8392-e031ee171e39/build]   | * What went wrong:
[85706951-f015-4f08-8392-e031ee171e39/build]   | Execution failed for task ':test'.
[85706951-f015-4f08-8392-e031ee171e39/build]   | > There were failing tests. See the report at: file:///tmp/c6bda649-98be-4561-9a2c-9727b4562125/build/reports/tests/test/index.html
[85706951-f015-4f08-8392-e031ee171e39/build]   | 
[85706951-f015-4f08-8392-e031ee171e39/build]   | * Try:
[85706951-f015-4f08-8392-e031ee171e39/build]   | > Run with --stacktrace option to get the stack trace.
[85706951-f015-4f08-8392-e031ee171e39/build]   | > Run with --info or --debug option to get more log output.
[85706951-f015-4f08-8392-e031ee171e39/build]   | > Run with --scan to get full insights.
[85706951-f015-4f08-8392-e031ee171e39/build]   | 
[85706951-f015-4f08-8392-e031ee171e39/build]   | * Get more help at https://help.gradle.org
[85706951-f015-4f08-8392-e031ee171e39/build]   | 
[85706951-f015-4f08-8392-e031ee171e39/build]   | BUILD FAILED in 2m 34s
[85706951-f015-4f08-8392-e031ee171e39/build]   | 12 actionable tasks: 12 executed
[85706951-f015-4f08-8392-e031ee171e39/build]   ‚ùå  Failure - Main ./gradlew build --no-daemon --warning-mode=fail
[85706951-f015-4f08-8392-e031ee171e39/build] exitcode '1': failure
[85706951-f015-4f08-8392-e031ee171e39/build] unable to get git ref: failed to identify reference (tag/branch) for the checked-out revision '4ece72558c80038728fa67ec51238bac48fc4d64'
[85706951-f015-4f08-8392-e031ee171e39/build] unable to get git ref: failed to identify reference (tag/branch) for the checked-out revision '4ece72558c80038728fa67ec51238bac48fc4d64'
[85706951-f015-4f08-8392-e031ee171e39/build] unable to get git ref: failed to identify reference (tag/branch) for the checked-out revision '4ece72558c80038728fa67ec51238bac48fc4d64'
[85706951-f015-4f08-8392-e031ee171e39/build] unable to get git ref: failed to identify reference (tag/branch) for the checked-out revision '4ece72558c80038728fa67ec51238bac48fc4d64'
[85706951-f015-4f08-8392-e031ee171e39/build] unable to get git ref: failed to identify reference (tag/branch) for the checked-out revision '4ece72558c80038728fa67ec51238bac48fc4d64'
[85706951-f015-4f08-8392-e031ee171e39/build] ‚≠ê Run Post actions/setup-java@v3
[85706951-f015-4f08-8392-e031ee171e39/build]   üê≥  docker exec cmd=[node /var/run/act/actions/actions-setup-java@v3/dist/cleanup/index.js] user= workdir=
[85706951-f015-4f08-8392-e031ee171e39/build]   ‚úÖ  Success - Post actions/setup-java@v3
[85706951-f015-4f08-8392-e031ee171e39/build] üèÅ  Job failed
[85706951-f015-4f08-8392-e031ee171e39/build] unable to get git ref: failed to identify reference (tag/branch) for the checked-out revision '4ece72558c80038728fa67ec51238bac48fc4d64'
