[4e65864b-c148-451a-8faa-6a49243d568c/build] ğŸš€  Start image=gitbugactions:latest
[4e65864b-c148-451a-8faa-6a49243d568c/build]   ğŸ³  docker pull image=gitbugactions:latest platform= username= forcePull=false
[4e65864b-c148-451a-8faa-6a49243d568c/build]   ğŸ³  docker create image=gitbugactions:latest platform= entrypoint=["tail" "-f" "/dev/null"] cmd=[]
[4e65864b-c148-451a-8faa-6a49243d568c/build]   ğŸ³  docker run image=gitbugactions:latest platform= entrypoint=["tail" "-f" "/dev/null"] cmd=[]
[4e65864b-c148-451a-8faa-6a49243d568c/build]   ğŸ³  docker exec cmd=[chown -R 1012:1013 /tmp/24c20ac1-a3fa-46d0-a5dc-7485c3420dca] user=0 workdir=
[4e65864b-c148-451a-8faa-6a49243d568c/build] unable to get git ref: failed to identify reference (tag/branch) for the checked-out revision '890fdddf3049695ce0e9ea1f44f6e067e316d33b'
[4e65864b-c148-451a-8faa-6a49243d568c/build] unable to get git ref: failed to identify reference (tag/branch) for the checked-out revision '890fdddf3049695ce0e9ea1f44f6e067e316d33b'
[4e65864b-c148-451a-8faa-6a49243d568c/build] unable to get git ref: failed to identify reference (tag/branch) for the checked-out revision '890fdddf3049695ce0e9ea1f44f6e067e316d33b'
[4e65864b-c148-451a-8faa-6a49243d568c/build] unable to get git ref: failed to identify reference (tag/branch) for the checked-out revision '890fdddf3049695ce0e9ea1f44f6e067e316d33b'
[4e65864b-c148-451a-8faa-6a49243d568c/build] unable to get git ref: failed to identify reference (tag/branch) for the checked-out revision '890fdddf3049695ce0e9ea1f44f6e067e316d33b'
[4e65864b-c148-451a-8faa-6a49243d568c/build] unable to get git ref: failed to identify reference (tag/branch) for the checked-out revision '890fdddf3049695ce0e9ea1f44f6e067e316d33b'
[4e65864b-c148-451a-8faa-6a49243d568c/build] unable to get git ref: failed to identify reference (tag/branch) for the checked-out revision '890fdddf3049695ce0e9ea1f44f6e067e316d33b'
[4e65864b-c148-451a-8faa-6a49243d568c/build] unable to get git ref: failed to identify reference (tag/branch) for the checked-out revision '890fdddf3049695ce0e9ea1f44f6e067e316d33b'
[4e65864b-c148-451a-8faa-6a49243d568c/build] unable to get git ref: failed to identify reference (tag/branch) for the checked-out revision '890fdddf3049695ce0e9ea1f44f6e067e316d33b'
[4e65864b-c148-451a-8faa-6a49243d568c/build] unable to get git ref: failed to identify reference (tag/branch) for the checked-out revision '890fdddf3049695ce0e9ea1f44f6e067e316d33b'
[4e65864b-c148-451a-8faa-6a49243d568c/build] â­ Run Main actions/checkout@v3
[4e65864b-c148-451a-8faa-6a49243d568c/build] unable to get git ref: failed to identify reference (tag/branch) for the checked-out revision '890fdddf3049695ce0e9ea1f44f6e067e316d33b'
[4e65864b-c148-451a-8faa-6a49243d568c/build] unable to get git ref: failed to identify reference (tag/branch) for the checked-out revision '890fdddf3049695ce0e9ea1f44f6e067e316d33b'
[4e65864b-c148-451a-8faa-6a49243d568c/build]   ğŸ³  docker cp src=/tmp/24c20ac1-a3fa-46d0-a5dc-7485c3420dca/. dst=/tmp/24c20ac1-a3fa-46d0-a5dc-7485c3420dca
[4e65864b-c148-451a-8faa-6a49243d568c/build]   ğŸ³  docker exec cmd=[chown -R 1012:1013 /tmp/24c20ac1-a3fa-46d0-a5dc-7485c3420dca] user=0 workdir=
[4e65864b-c148-451a-8faa-6a49243d568c/build]   âœ…  Success - Main actions/checkout@v3
[4e65864b-c148-451a-8faa-6a49243d568c/build] unable to get git ref: failed to identify reference (tag/branch) for the checked-out revision '890fdddf3049695ce0e9ea1f44f6e067e316d33b'
[4e65864b-c148-451a-8faa-6a49243d568c/build] unable to get git ref: failed to identify reference (tag/branch) for the checked-out revision '890fdddf3049695ce0e9ea1f44f6e067e316d33b'
[4e65864b-c148-451a-8faa-6a49243d568c/build] unable to get git ref: failed to identify reference (tag/branch) for the checked-out revision '890fdddf3049695ce0e9ea1f44f6e067e316d33b'
[4e65864b-c148-451a-8faa-6a49243d568c/build] unable to get git ref: failed to identify reference (tag/branch) for the checked-out revision '890fdddf3049695ce0e9ea1f44f6e067e316d33b'
[4e65864b-c148-451a-8faa-6a49243d568c/build] unable to get git ref: failed to identify reference (tag/branch) for the checked-out revision '890fdddf3049695ce0e9ea1f44f6e067e316d33b'
[4e65864b-c148-451a-8faa-6a49243d568c/build] â­ Run Main Set up JDK
[4e65864b-c148-451a-8faa-6a49243d568c/build] unable to get git ref: failed to identify reference (tag/branch) for the checked-out revision '890fdddf3049695ce0e9ea1f44f6e067e316d33b'
[4e65864b-c148-451a-8faa-6a49243d568c/build] unable to get git ref: failed to identify reference (tag/branch) for the checked-out revision '890fdddf3049695ce0e9ea1f44f6e067e316d33b'
[4e65864b-c148-451a-8faa-6a49243d568c/build] unable to get git ref: failed to identify reference (tag/branch) for the checked-out revision '890fdddf3049695ce0e9ea1f44f6e067e316d33b'
[4e65864b-c148-451a-8faa-6a49243d568c/build]   ğŸ³  docker cp src=/tmp/act-cache/279a65d3-a090-4e2c-aa88-00b40ef5dc4d/act/actions-setup-java@v3/ dst=/var/run/act/actions/actions-setup-java@v3/
[4e65864b-c148-451a-8faa-6a49243d568c/build]   ğŸ³  docker exec cmd=[chown -R 1012:1013 /var/run/act/actions/actions-setup-java@v3/] user=0 workdir=
[4e65864b-c148-451a-8faa-6a49243d568c/build]   ğŸ³  docker exec cmd=[node /var/run/act/actions/actions-setup-java@v3/dist/setup/index.js] user= workdir=
[4e65864b-c148-451a-8faa-6a49243d568c/build]   â“  ::group::Installed distributions
[4e65864b-c148-451a-8faa-6a49243d568c/build]   | Trying to resolve the latest version from remote
[4e65864b-c148-451a-8faa-6a49243d568c/build]   | Resolved latest version as 11.0.21+9.1
[4e65864b-c148-451a-8faa-6a49243d568c/build]   | Trying to download...
[4e65864b-c148-451a-8faa-6a49243d568c/build]   | Downloading Java 11.0.21+9.1 (Corretto) from https://corretto.aws/downloads/resources/11.0.21.9.1/amazon-corretto-11.0.21.9.1-linux-x64.tar.gz ...
[4e65864b-c148-451a-8faa-6a49243d568c/build]   ğŸ’¬  ::debug::Downloading https://corretto.aws/downloads/resources/11.0.21.9.1/amazon-corretto-11.0.21.9.1-linux-x64.tar.gz
[4e65864b-c148-451a-8faa-6a49243d568c/build]   ğŸ’¬  ::debug::Destination /tmp/8e75fd59-7678-426e-9ed9-bc3c9928f1de
[4e65864b-c148-451a-8faa-6a49243d568c/build]   ğŸ’¬  ::debug::download complete
[4e65864b-c148-451a-8faa-6a49243d568c/build]   | Extracting Java archive...
[4e65864b-c148-451a-8faa-6a49243d568c/build]   ğŸ’¬  ::debug::Checking tar --version
[4e65864b-c148-451a-8faa-6a49243d568c/build]   ğŸ’¬  ::debug::tar (GNU tar) 1.34%0ACopyright (C) 2021 Free Software Foundation, Inc.%0ALicense GPLv3+: GNU GPL version 3 or later <https://gnu.org/licenses/gpl.html>.%0AThis is free software: you are free to change and redistribute it.%0AThere is NO WARRANTY, to the extent permitted by law.%0A%0AWritten by John Gilmore and Jay Fenlason.
[4e65864b-c148-451a-8faa-6a49243d568c/build]   | [command]/usr/bin/tar xz --warning=no-unknown-keyword -C /tmp/0fe2cc87-04ed-4cb2-a6d7-2e6c5a6c6764 -f /tmp/8e75fd59-7678-426e-9ed9-bc3c9928f1de
[4e65864b-c148-451a-8faa-6a49243d568c/build]   ğŸ’¬  ::debug::Caching tool Java_Corretto_jdk 11.0.21-9.1 x64
[4e65864b-c148-451a-8faa-6a49243d568c/build]   ğŸ’¬  ::debug::source dir: /tmp/0fe2cc87-04ed-4cb2-a6d7-2e6c5a6c6764/amazon-corretto-11.0.21.9.1-linux-x64
[4e65864b-c148-451a-8faa-6a49243d568c/build]   ğŸ’¬  ::debug::destination /opt/hostedtoolcache/Java_Corretto_jdk/11.0.21-9.1/x64
[4e65864b-c148-451a-8faa-6a49243d568c/build]   ğŸ’¬  ::debug::finished caching tool
[4e65864b-c148-451a-8faa-6a49243d568c/build]   | Java 11.0.21+9.1 was downloaded
[4e65864b-c148-451a-8faa-6a49243d568c/build]   | Setting Java 11.0.21+9.1 as the default
[4e65864b-c148-451a-8faa-6a49243d568c/build]   | Creating toolchains.xml for JDK version 11 from corretto
[4e65864b-c148-451a-8faa-6a49243d568c/build]   | Writing to /home/runner/.m2/toolchains.xml
[4e65864b-c148-451a-8faa-6a49243d568c/build]   | 
[4e65864b-c148-451a-8faa-6a49243d568c/build]   | Java configuration:
[4e65864b-c148-451a-8faa-6a49243d568c/build]   |   Distribution: corretto
[4e65864b-c148-451a-8faa-6a49243d568c/build]   |   Version: 11.0.21+9.1
[4e65864b-c148-451a-8faa-6a49243d568c/build]   |   Path: /opt/hostedtoolcache/Java_Corretto_jdk/11.0.21-9.1/x64
[4e65864b-c148-451a-8faa-6a49243d568c/build]   | 
[4e65864b-c148-451a-8faa-6a49243d568c/build]   â“  ::endgroup::
[4e65864b-c148-451a-8faa-6a49243d568c/build]   â“ add-matcher /run/act/actions/actions-setup-java@v3/.github/java.json
[4e65864b-c148-451a-8faa-6a49243d568c/build]   | Creating settings.xml with server-id: github
[4e65864b-c148-451a-8faa-6a49243d568c/build]   | Writing to /home/runner/.m2/settings.xml
[4e65864b-c148-451a-8faa-6a49243d568c/build]   âœ…  Success - Main Set up JDK
[4e65864b-c148-451a-8faa-6a49243d568c/build]   âš™  ::set-env:: JAVA_HOME=/opt/hostedtoolcache/Java_Corretto_jdk/11.0.21-9.1/x64
[4e65864b-c148-451a-8faa-6a49243d568c/build]   âš™  ::set-env:: JAVA_HOME_11_X64=/opt/hostedtoolcache/Java_Corretto_jdk/11.0.21-9.1/x64
[4e65864b-c148-451a-8faa-6a49243d568c/build]   âš™  ::set-output:: distribution=Corretto
[4e65864b-c148-451a-8faa-6a49243d568c/build]   âš™  ::set-output:: path=/opt/hostedtoolcache/Java_Corretto_jdk/11.0.21-9.1/x64
[4e65864b-c148-451a-8faa-6a49243d568c/build]   âš™  ::set-output:: version=11.0.21+9.1
[4e65864b-c148-451a-8faa-6a49243d568c/build]   âš™  ::add-path:: /opt/hostedtoolcache/Java_Corretto_jdk/11.0.21-9.1/x64/bin
[4e65864b-c148-451a-8faa-6a49243d568c/build] unable to get git ref: failed to identify reference (tag/branch) for the checked-out revision '890fdddf3049695ce0e9ea1f44f6e067e316d33b'
[4e65864b-c148-451a-8faa-6a49243d568c/build] unable to get git ref: failed to identify reference (tag/branch) for the checked-out revision '890fdddf3049695ce0e9ea1f44f6e067e316d33b'
[4e65864b-c148-451a-8faa-6a49243d568c/build] unable to get git ref: failed to identify reference (tag/branch) for the checked-out revision '890fdddf3049695ce0e9ea1f44f6e067e316d33b'
[4e65864b-c148-451a-8faa-6a49243d568c/build] unable to get git ref: failed to identify reference (tag/branch) for the checked-out revision '890fdddf3049695ce0e9ea1f44f6e067e316d33b'
[4e65864b-c148-451a-8faa-6a49243d568c/build] unable to get git ref: failed to identify reference (tag/branch) for the checked-out revision '890fdddf3049695ce0e9ea1f44f6e067e316d33b'
[4e65864b-c148-451a-8faa-6a49243d568c/build] â­ Run Main Setup Gradle
[4e65864b-c148-451a-8faa-6a49243d568c/build] unable to get git ref: failed to identify reference (tag/branch) for the checked-out revision '890fdddf3049695ce0e9ea1f44f6e067e316d33b'
[4e65864b-c148-451a-8faa-6a49243d568c/build] unable to get git ref: failed to identify reference (tag/branch) for the checked-out revision '890fdddf3049695ce0e9ea1f44f6e067e316d33b'
[4e65864b-c148-451a-8faa-6a49243d568c/build] unable to get git ref: failed to identify reference (tag/branch) for the checked-out revision '890fdddf3049695ce0e9ea1f44f6e067e316d33b'
[4e65864b-c148-451a-8faa-6a49243d568c/build]   ğŸ³  docker cp src=/tmp/act-cache/279a65d3-a090-4e2c-aa88-00b40ef5dc4d/act/gradle-gradle-build-action@v2.4.2/ dst=/var/run/act/actions/gradle-gradle-build-action@v2.4.2/
[4e65864b-c148-451a-8faa-6a49243d568c/build]   ğŸ³  docker exec cmd=[chown -R 1012:1013 /var/run/act/actions/gradle-gradle-build-action@v2.4.2/] user=0 workdir=
[4e65864b-c148-451a-8faa-6a49243d568c/build]   ğŸ³  docker exec cmd=[node /var/run/act/actions/gradle-gradle-build-action@v2.4.2/dist/main/index.js] user= workdir=
[4e65864b-c148-451a-8faa-6a49243d568c/build]   ğŸ’¬  ::debug::Determined user.home from java -version output: '/home/runner'
[4e65864b-c148-451a-8faa-6a49243d568c/build]   | Cache is disabled: will not restore state from previous builds.
[4e65864b-c148-451a-8faa-6a49243d568c/build]   âœ…  Success - Main Setup Gradle
[4e65864b-c148-451a-8faa-6a49243d568c/build]   âš™  ::set-env:: GRADLE_BUILD_ACTION_SETUP_COMPLETED=true
[4e65864b-c148-451a-8faa-6a49243d568c/build]   âš™  ::set-env:: GRADLE_BUILD_ACTION_CACHE_RESTORED=true
[4e65864b-c148-451a-8faa-6a49243d568c/build] unable to get git ref: failed to identify reference (tag/branch) for the checked-out revision '890fdddf3049695ce0e9ea1f44f6e067e316d33b'
[4e65864b-c148-451a-8faa-6a49243d568c/build] unable to get git ref: failed to identify reference (tag/branch) for the checked-out revision '890fdddf3049695ce0e9ea1f44f6e067e316d33b'
[4e65864b-c148-451a-8faa-6a49243d568c/build] unable to get git ref: failed to identify reference (tag/branch) for the checked-out revision '890fdddf3049695ce0e9ea1f44f6e067e316d33b'
[4e65864b-c148-451a-8faa-6a49243d568c/build] unable to get git ref: failed to identify reference (tag/branch) for the checked-out revision '890fdddf3049695ce0e9ea1f44f6e067e316d33b'
[4e65864b-c148-451a-8faa-6a49243d568c/build] unable to get git ref: failed to identify reference (tag/branch) for the checked-out revision '890fdddf3049695ce0e9ea1f44f6e067e316d33b'
[4e65864b-c148-451a-8faa-6a49243d568c/build] â­ Run Main Execute Gradle build
[4e65864b-c148-451a-8faa-6a49243d568c/build] unable to get git ref: failed to identify reference (tag/branch) for the checked-out revision '890fdddf3049695ce0e9ea1f44f6e067e316d33b'
[4e65864b-c148-451a-8faa-6a49243d568c/build] unable to get git ref: failed to identify reference (tag/branch) for the checked-out revision '890fdddf3049695ce0e9ea1f44f6e067e316d33b'
[4e65864b-c148-451a-8faa-6a49243d568c/build] unable to get git ref: failed to identify reference (tag/branch) for the checked-out revision '890fdddf3049695ce0e9ea1f44f6e067e316d33b'
[4e65864b-c148-451a-8faa-6a49243d568c/build] unable to get git ref: failed to identify reference (tag/branch) for the checked-out revision '890fdddf3049695ce0e9ea1f44f6e067e316d33b'
[4e65864b-c148-451a-8faa-6a49243d568c/build]   ğŸ³  docker exec cmd=[bash --noprofile --norc -e -o pipefail /var/run/act/workflow/3] user= workdir=
[4e65864b-c148-451a-8faa-6a49243d568c/build]   | Downloading https://services.gradle.org/distributions/gradle-7.1-bin.zip
[4e65864b-c148-451a-8faa-6a49243d568c/build]   | ..........10%...........20%...........30%..........40%...........50%...........60%..........70%...........80%...........90%...........100%
[4e65864b-c148-451a-8faa-6a49243d568c/build]   | 
[4e65864b-c148-451a-8faa-6a49243d568c/build]   | Welcome to Gradle 7.1!
[4e65864b-c148-451a-8faa-6a49243d568c/build]   | 
[4e65864b-c148-451a-8faa-6a49243d568c/build]   | Here are the highlights of this release:
[4e65864b-c148-451a-8faa-6a49243d568c/build]   |  - Faster incremental Java compilation
[4e65864b-c148-451a-8faa-6a49243d568c/build]   |  - Easier source set configuration in the Kotlin DSL
[4e65864b-c148-451a-8faa-6a49243d568c/build]   | 
[4e65864b-c148-451a-8faa-6a49243d568c/build]   | For more details see https://docs.gradle.org/7.1/release-notes.html
[4e65864b-c148-451a-8faa-6a49243d568c/build]   | 
[4e65864b-c148-451a-8faa-6a49243d568c/build]   | Starting a Gradle Daemon (subsequent builds will be faster)
[4e65864b-c148-451a-8faa-6a49243d568c/build]   | > Task :compileJava
[4e65864b-c148-451a-8faa-6a49243d568c/build]   | > Task :processResources
[4e65864b-c148-451a-8faa-6a49243d568c/build]   | > Task :classes
[4e65864b-c148-451a-8faa-6a49243d568c/build]   | > Task :jar
[4e65864b-c148-451a-8faa-6a49243d568c/build]   | > Task :javadoc
[4e65864b-c148-451a-8faa-6a49243d568c/build]   | > Task :javadocJar
[4e65864b-c148-451a-8faa-6a49243d568c/build]   | > Task :sourcesJar
[4e65864b-c148-451a-8faa-6a49243d568c/build]   | > Task :assemble
[4e65864b-c148-451a-8faa-6a49243d568c/build]   | > Task :compileTestJava
[4e65864b-c148-451a-8faa-6a49243d568c/build]   | > Task :processTestResources
[4e65864b-c148-451a-8faa-6a49243d568c/build]   | > Task :testClasses
[4e65864b-c148-451a-8faa-6a49243d568c/build]   | 
[4e65864b-c148-451a-8faa-6a49243d568c/build]   | > Task :test
[4e65864b-c148-451a-8faa-6a49243d568c/build]   | 
[4e65864b-c148-451a-8faa-6a49243d568c/build]   | S3PathTest > toUri() FAILED
[4e65864b-c148-451a-8faa-6a49243d568c/build]   |     java.lang.IllegalArgumentException at S3PathTest.java:338
[4e65864b-c148-451a-8faa-6a49243d568c/build]   |         Caused by: java.net.URISyntaxException at S3PathTest.java:338
[4e65864b-c148-451a-8faa-6a49243d568c/build]   | 
[4e65864b-c148-451a-8faa-6a49243d568c/build]   | 121 tests completed, 1 failed
[4e65864b-c148-451a-8faa-6a49243d568c/build]   | 
[4e65864b-c148-451a-8faa-6a49243d568c/build]   | > Task :test FAILED
[4e65864b-c148-451a-8faa-6a49243d568c/build]   | 
[4e65864b-c148-451a-8faa-6a49243d568c/build]   | FAILURE: Build failed with an exception.
[4e65864b-c148-451a-8faa-6a49243d568c/build]   | 
[4e65864b-c148-451a-8faa-6a49243d568c/build]   | * What went wrong:
[4e65864b-c148-451a-8faa-6a49243d568c/build]   | Execution failed for task ':test'.
[4e65864b-c148-451a-8faa-6a49243d568c/build]   | > There were failing tests. See the report at: file:///tmp/24c20ac1-a3fa-46d0-a5dc-7485c3420dca/build/reports/tests/test/index.html
[4e65864b-c148-451a-8faa-6a49243d568c/build]   | 
[4e65864b-c148-451a-8faa-6a49243d568c/build]   | * Try:
[4e65864b-c148-451a-8faa-6a49243d568c/build]   | Run with --stacktrace option to get the stack trace. Run with --info or --debug option to get more log output. Run with --scan to get full insights.
[4e65864b-c148-451a-8faa-6a49243d568c/build]   | 
[4e65864b-c148-451a-8faa-6a49243d568c/build]   | * Get more help at https://help.gradle.org
[4e65864b-c148-451a-8faa-6a49243d568c/build]   | 
[4e65864b-c148-451a-8faa-6a49243d568c/build]   | BUILD FAILED in 1m 5s
[4e65864b-c148-451a-8faa-6a49243d568c/build]   | 9 actionable tasks: 9 executed
[4e65864b-c148-451a-8faa-6a49243d568c/build]   âŒ  Failure - Main Execute Gradle build
[4e65864b-c148-451a-8faa-6a49243d568c/build] exitcode '1': failure
[4e65864b-c148-451a-8faa-6a49243d568c/build] unable to get git ref: failed to identify reference (tag/branch) for the checked-out revision '890fdddf3049695ce0e9ea1f44f6e067e316d33b'
[4e65864b-c148-451a-8faa-6a49243d568c/build] unable to get git ref: failed to identify reference (tag/branch) for the checked-out revision '890fdddf3049695ce0e9ea1f44f6e067e316d33b'
[4e65864b-c148-451a-8faa-6a49243d568c/build] unable to get git ref: failed to identify reference (tag/branch) for the checked-out revision '890fdddf3049695ce0e9ea1f44f6e067e316d33b'
[4e65864b-c148-451a-8faa-6a49243d568c/build] unable to get git ref: failed to identify reference (tag/branch) for the checked-out revision '890fdddf3049695ce0e9ea1f44f6e067e316d33b'
[4e65864b-c148-451a-8faa-6a49243d568c/build] unable to get git ref: failed to identify reference (tag/branch) for the checked-out revision '890fdddf3049695ce0e9ea1f44f6e067e316d33b'
[4e65864b-c148-451a-8faa-6a49243d568c/build] â­ Run Post Setup Gradle
[4e65864b-c148-451a-8faa-6a49243d568c/build]   ğŸ³  docker exec cmd=[node /var/run/act/actions/gradle-gradle-build-action@v2.4.2/dist/post/index.js] user= workdir=
[4e65864b-c148-451a-8faa-6a49243d568c/build]   | In final post-action step, saving state and writing summary
[4e65864b-c148-451a-8faa-6a49243d568c/build]   | Cache is disabled: will not save state for later builds.
[4e65864b-c148-451a-8faa-6a49243d568c/build]   | Writing job summary
[4e65864b-c148-451a-8faa-6a49243d568c/build]   âœ…  Success - Post Setup Gradle
[4e65864b-c148-451a-8faa-6a49243d568c/build] unable to get git ref: failed to identify reference (tag/branch) for the checked-out revision '890fdddf3049695ce0e9ea1f44f6e067e316d33b'
[4e65864b-c148-451a-8faa-6a49243d568c/build] unable to get git ref: failed to identify reference (tag/branch) for the checked-out revision '890fdddf3049695ce0e9ea1f44f6e067e316d33b'
[4e65864b-c148-451a-8faa-6a49243d568c/build] unable to get git ref: failed to identify reference (tag/branch) for the checked-out revision '890fdddf3049695ce0e9ea1f44f6e067e316d33b'
[4e65864b-c148-451a-8faa-6a49243d568c/build] unable to get git ref: failed to identify reference (tag/branch) for the checked-out revision '890fdddf3049695ce0e9ea1f44f6e067e316d33b'
[4e65864b-c148-451a-8faa-6a49243d568c/build] unable to get git ref: failed to identify reference (tag/branch) for the checked-out revision '890fdddf3049695ce0e9ea1f44f6e067e316d33b'
[4e65864b-c148-451a-8faa-6a49243d568c/build] â­ Run Post Set up JDK
[4e65864b-c148-451a-8faa-6a49243d568c/build]   ğŸ³  docker exec cmd=[node /var/run/act/actions/actions-setup-java@v3/dist/cleanup/index.js] user= workdir=
[4e65864b-c148-451a-8faa-6a49243d568c/build]   âœ…  Success - Post Set up JDK
[4e65864b-c148-451a-8faa-6a49243d568c/build] ğŸ  Job failed
[4e65864b-c148-451a-8faa-6a49243d568c/build] unable to get git ref: failed to identify reference (tag/branch) for the checked-out revision '890fdddf3049695ce0e9ea1f44f6e067e316d33b'
