[f35c016c-f3ee-467a-9100-645431fdc061/build] ğŸš€  Start image=gitbugactions:latest
[f35c016c-f3ee-467a-9100-645431fdc061/build]   ğŸ³  docker pull image=gitbugactions:latest platform= username= forcePull=false
[f35c016c-f3ee-467a-9100-645431fdc061/build]   ğŸ³  docker create image=gitbugactions:latest platform= entrypoint=["tail" "-f" "/dev/null"] cmd=[]
[f35c016c-f3ee-467a-9100-645431fdc061/build]   ğŸ³  docker run image=gitbugactions:latest platform= entrypoint=["tail" "-f" "/dev/null"] cmd=[]
[f35c016c-f3ee-467a-9100-645431fdc061/build]   ğŸ³  docker exec cmd=[chown -R 1012:1013 /tmp/85dd564c-d3d7-4ff6-aa96-7b50241ca5f5] user=0 workdir=
[f35c016c-f3ee-467a-9100-645431fdc061/build] unable to get git ref: failed to identify reference (tag/branch) for the checked-out revision 'fae601aa36d83828cba16e3405ada179ce7d1e57'
[f35c016c-f3ee-467a-9100-645431fdc061/build] unable to get git ref: failed to identify reference (tag/branch) for the checked-out revision 'fae601aa36d83828cba16e3405ada179ce7d1e57'
[f35c016c-f3ee-467a-9100-645431fdc061/build] unable to get git ref: failed to identify reference (tag/branch) for the checked-out revision 'fae601aa36d83828cba16e3405ada179ce7d1e57'
[f35c016c-f3ee-467a-9100-645431fdc061/build] unable to get git ref: failed to identify reference (tag/branch) for the checked-out revision 'fae601aa36d83828cba16e3405ada179ce7d1e57'
[f35c016c-f3ee-467a-9100-645431fdc061/build] unable to get git ref: failed to identify reference (tag/branch) for the checked-out revision 'fae601aa36d83828cba16e3405ada179ce7d1e57'
[f35c016c-f3ee-467a-9100-645431fdc061/build] unable to get git ref: failed to identify reference (tag/branch) for the checked-out revision 'fae601aa36d83828cba16e3405ada179ce7d1e57'
[f35c016c-f3ee-467a-9100-645431fdc061/build] unable to get git ref: failed to identify reference (tag/branch) for the checked-out revision 'fae601aa36d83828cba16e3405ada179ce7d1e57'
[f35c016c-f3ee-467a-9100-645431fdc061/build] unable to get git ref: failed to identify reference (tag/branch) for the checked-out revision 'fae601aa36d83828cba16e3405ada179ce7d1e57'
[f35c016c-f3ee-467a-9100-645431fdc061/build] unable to get git ref: failed to identify reference (tag/branch) for the checked-out revision 'fae601aa36d83828cba16e3405ada179ce7d1e57'
[f35c016c-f3ee-467a-9100-645431fdc061/build] â­ Run Main actions/checkout@v3
[f35c016c-f3ee-467a-9100-645431fdc061/build] unable to get git ref: failed to identify reference (tag/branch) for the checked-out revision 'fae601aa36d83828cba16e3405ada179ce7d1e57'
[f35c016c-f3ee-467a-9100-645431fdc061/build] unable to get git ref: failed to identify reference (tag/branch) for the checked-out revision 'fae601aa36d83828cba16e3405ada179ce7d1e57'
[f35c016c-f3ee-467a-9100-645431fdc061/build]   ğŸ³  docker cp src=/tmp/85dd564c-d3d7-4ff6-aa96-7b50241ca5f5/. dst=/tmp/85dd564c-d3d7-4ff6-aa96-7b50241ca5f5
[f35c016c-f3ee-467a-9100-645431fdc061/build]   ğŸ³  docker exec cmd=[chown -R 1012:1013 /tmp/85dd564c-d3d7-4ff6-aa96-7b50241ca5f5] user=0 workdir=
[f35c016c-f3ee-467a-9100-645431fdc061/build]   âœ…  Success - Main actions/checkout@v3
[f35c016c-f3ee-467a-9100-645431fdc061/build] unable to get git ref: failed to identify reference (tag/branch) for the checked-out revision 'fae601aa36d83828cba16e3405ada179ce7d1e57'
[f35c016c-f3ee-467a-9100-645431fdc061/build] unable to get git ref: failed to identify reference (tag/branch) for the checked-out revision 'fae601aa36d83828cba16e3405ada179ce7d1e57'
[f35c016c-f3ee-467a-9100-645431fdc061/build] unable to get git ref: failed to identify reference (tag/branch) for the checked-out revision 'fae601aa36d83828cba16e3405ada179ce7d1e57'
[f35c016c-f3ee-467a-9100-645431fdc061/build] unable to get git ref: failed to identify reference (tag/branch) for the checked-out revision 'fae601aa36d83828cba16e3405ada179ce7d1e57'
[f35c016c-f3ee-467a-9100-645431fdc061/build] unable to get git ref: failed to identify reference (tag/branch) for the checked-out revision 'fae601aa36d83828cba16e3405ada179ce7d1e57'
[f35c016c-f3ee-467a-9100-645431fdc061/build] â­ Run Main actions/setup-java@v3
[f35c016c-f3ee-467a-9100-645431fdc061/build] unable to get git ref: failed to identify reference (tag/branch) for the checked-out revision 'fae601aa36d83828cba16e3405ada179ce7d1e57'
[f35c016c-f3ee-467a-9100-645431fdc061/build] unable to get git ref: failed to identify reference (tag/branch) for the checked-out revision 'fae601aa36d83828cba16e3405ada179ce7d1e57'
[f35c016c-f3ee-467a-9100-645431fdc061/build] unable to get git ref: failed to identify reference (tag/branch) for the checked-out revision 'fae601aa36d83828cba16e3405ada179ce7d1e57'
[f35c016c-f3ee-467a-9100-645431fdc061/build]   ğŸ³  docker cp src=/tmp/act-cache/3c7f50a5-98c4-45df-b392-4b52f8183502/act/actions-setup-java@v3/ dst=/var/run/act/actions/actions-setup-java@v3/
[f35c016c-f3ee-467a-9100-645431fdc061/build]   ğŸ³  docker exec cmd=[chown -R 1012:1013 /var/run/act/actions/actions-setup-java@v3/] user=0 workdir=
[f35c016c-f3ee-467a-9100-645431fdc061/build]   ğŸ³  docker exec cmd=[node /var/run/act/actions/actions-setup-java@v3/dist/setup/index.js] user= workdir=
[f35c016c-f3ee-467a-9100-645431fdc061/build]   â“  ::group::Installed distributions
[f35c016c-f3ee-467a-9100-645431fdc061/build]   | Trying to resolve the latest version from remote
[f35c016c-f3ee-467a-9100-645431fdc061/build]   ğŸ’¬  ::debug::Gathering available versions from 'https://api.azul.com/zulu/download/community/v1.0/bundles/?os=linux&ext=tar.gz&bundle_type=jdk&javafx=false&arch=x86&hw_bitness=64&release_status=ga'
[f35c016c-f3ee-467a-9100-645431fdc061/build]   | Resolved latest version as 11.0.21+9
[f35c016c-f3ee-467a-9100-645431fdc061/build]   | Trying to download...
[f35c016c-f3ee-467a-9100-645431fdc061/build]   | Downloading Java 11.0.21+9 (Zulu) from https://cdn.azul.com/zulu/bin/zulu11.68.17-ca-jdk11.0.21-linux_x64.tar.gz ...
[f35c016c-f3ee-467a-9100-645431fdc061/build]   ğŸ’¬  ::debug::Downloading https://cdn.azul.com/zulu/bin/zulu11.68.17-ca-jdk11.0.21-linux_x64.tar.gz
[f35c016c-f3ee-467a-9100-645431fdc061/build]   ğŸ’¬  ::debug::Destination /tmp/425b700f-4721-4e3a-b893-aea6fce13231
[f35c016c-f3ee-467a-9100-645431fdc061/build]   ğŸ’¬  ::debug::download complete
[f35c016c-f3ee-467a-9100-645431fdc061/build]   | Extracting Java archive...
[f35c016c-f3ee-467a-9100-645431fdc061/build]   ğŸ’¬  ::debug::Checking tar --version
[f35c016c-f3ee-467a-9100-645431fdc061/build]   ğŸ’¬  ::debug::tar (GNU tar) 1.34%0ACopyright (C) 2021 Free Software Foundation, Inc.%0ALicense GPLv3+: GNU GPL version 3 or later <https://gnu.org/licenses/gpl.html>.%0AThis is free software: you are free to change and redistribute it.%0AThere is NO WARRANTY, to the extent permitted by law.%0A%0AWritten by John Gilmore and Jay Fenlason.
[f35c016c-f3ee-467a-9100-645431fdc061/build]   | [command]/usr/bin/tar xz --warning=no-unknown-keyword -C /tmp/73d4b56b-3108-4622-88b7-b9a88f0b7891 -f /tmp/425b700f-4721-4e3a-b893-aea6fce13231
[f35c016c-f3ee-467a-9100-645431fdc061/build]   ğŸ’¬  ::debug::Caching tool Java_Zulu_jdk 11.0.21-9 x64
[f35c016c-f3ee-467a-9100-645431fdc061/build]   ğŸ’¬  ::debug::source dir: /tmp/73d4b56b-3108-4622-88b7-b9a88f0b7891/zulu11.68.17-ca-jdk11.0.21-linux_x64
[f35c016c-f3ee-467a-9100-645431fdc061/build]   ğŸ’¬  ::debug::destination /opt/hostedtoolcache/Java_Zulu_jdk/11.0.21-9/x64
[f35c016c-f3ee-467a-9100-645431fdc061/build]   ğŸ’¬  ::debug::finished caching tool
[f35c016c-f3ee-467a-9100-645431fdc061/build]   | Java 11.0.21+9 was downloaded
[f35c016c-f3ee-467a-9100-645431fdc061/build]   | Setting Java 11.0.21+9 as the default
[f35c016c-f3ee-467a-9100-645431fdc061/build]   | Creating toolchains.xml for JDK version 11 from zulu
[f35c016c-f3ee-467a-9100-645431fdc061/build]   | Writing to /home/runner/.m2/toolchains.xml
[f35c016c-f3ee-467a-9100-645431fdc061/build]   | 
[f35c016c-f3ee-467a-9100-645431fdc061/build]   | Java configuration:
[f35c016c-f3ee-467a-9100-645431fdc061/build]   |   Distribution: zulu
[f35c016c-f3ee-467a-9100-645431fdc061/build]   |   Version: 11.0.21+9
[f35c016c-f3ee-467a-9100-645431fdc061/build]   |   Path: /opt/hostedtoolcache/Java_Zulu_jdk/11.0.21-9/x64
[f35c016c-f3ee-467a-9100-645431fdc061/build]   | 
[f35c016c-f3ee-467a-9100-645431fdc061/build]   â“  ::endgroup::
[f35c016c-f3ee-467a-9100-645431fdc061/build]   â“ add-matcher /run/act/actions/actions-setup-java@v3/.github/java.json
[f35c016c-f3ee-467a-9100-645431fdc061/build]   | Creating settings.xml with server-id: github
[f35c016c-f3ee-467a-9100-645431fdc061/build]   | Writing to /home/runner/.m2/settings.xml
[f35c016c-f3ee-467a-9100-645431fdc061/build]   âœ…  Success - Main actions/setup-java@v3
[f35c016c-f3ee-467a-9100-645431fdc061/build]   âš™  ::set-env:: JAVA_HOME_11_X64=/opt/hostedtoolcache/Java_Zulu_jdk/11.0.21-9/x64
[f35c016c-f3ee-467a-9100-645431fdc061/build]   âš™  ::set-env:: JAVA_HOME=/opt/hostedtoolcache/Java_Zulu_jdk/11.0.21-9/x64
[f35c016c-f3ee-467a-9100-645431fdc061/build]   âš™  ::set-output:: distribution=Zulu
[f35c016c-f3ee-467a-9100-645431fdc061/build]   âš™  ::set-output:: path=/opt/hostedtoolcache/Java_Zulu_jdk/11.0.21-9/x64
[f35c016c-f3ee-467a-9100-645431fdc061/build]   âš™  ::set-output:: version=11.0.21+9
[f35c016c-f3ee-467a-9100-645431fdc061/build]   âš™  ::add-path:: /opt/hostedtoolcache/Java_Zulu_jdk/11.0.21-9/x64/bin
[f35c016c-f3ee-467a-9100-645431fdc061/build] unable to get git ref: failed to identify reference (tag/branch) for the checked-out revision 'fae601aa36d83828cba16e3405ada179ce7d1e57'
[f35c016c-f3ee-467a-9100-645431fdc061/build] unable to get git ref: failed to identify reference (tag/branch) for the checked-out revision 'fae601aa36d83828cba16e3405ada179ce7d1e57'
[f35c016c-f3ee-467a-9100-645431fdc061/build] unable to get git ref: failed to identify reference (tag/branch) for the checked-out revision 'fae601aa36d83828cba16e3405ada179ce7d1e57'
[f35c016c-f3ee-467a-9100-645431fdc061/build] unable to get git ref: failed to identify reference (tag/branch) for the checked-out revision 'fae601aa36d83828cba16e3405ada179ce7d1e57'
[f35c016c-f3ee-467a-9100-645431fdc061/build] unable to get git ref: failed to identify reference (tag/branch) for the checked-out revision 'fae601aa36d83828cba16e3405ada179ce7d1e57'
[f35c016c-f3ee-467a-9100-645431fdc061/build] â­ Run Main ./gradlew build --no-daemon --warning-mode=fail
[f35c016c-f3ee-467a-9100-645431fdc061/build] unable to get git ref: failed to identify reference (tag/branch) for the checked-out revision 'fae601aa36d83828cba16e3405ada179ce7d1e57'
[f35c016c-f3ee-467a-9100-645431fdc061/build] unable to get git ref: failed to identify reference (tag/branch) for the checked-out revision 'fae601aa36d83828cba16e3405ada179ce7d1e57'
[f35c016c-f3ee-467a-9100-645431fdc061/build] unable to get git ref: failed to identify reference (tag/branch) for the checked-out revision 'fae601aa36d83828cba16e3405ada179ce7d1e57'
[f35c016c-f3ee-467a-9100-645431fdc061/build] unable to get git ref: failed to identify reference (tag/branch) for the checked-out revision 'fae601aa36d83828cba16e3405ada179ce7d1e57'
[f35c016c-f3ee-467a-9100-645431fdc061/build]   ğŸ³  docker exec cmd=[bash --noprofile --norc -e -o pipefail /var/run/act/workflow/2] user= workdir=
[f35c016c-f3ee-467a-9100-645431fdc061/build]   | Downloading https://services.gradle.org/distributions/gradle-7.5.1-bin.zip
[f35c016c-f3ee-467a-9100-645431fdc061/build]   | ...........10%............20%...........30%............40%...........50%............60%...........70%............80%...........90%............100%
[f35c016c-f3ee-467a-9100-645431fdc061/build]   | 
[f35c016c-f3ee-467a-9100-645431fdc061/build]   | Welcome to Gradle 7.5.1!
[f35c016c-f3ee-467a-9100-645431fdc061/build]   | 
[f35c016c-f3ee-467a-9100-645431fdc061/build]   | Here are the highlights of this release:
[f35c016c-f3ee-467a-9100-645431fdc061/build]   |  - Support for Java 18
[f35c016c-f3ee-467a-9100-645431fdc061/build]   |  - Support for building with Groovy 4
[f35c016c-f3ee-467a-9100-645431fdc061/build]   |  - Much more responsive continuous builds
[f35c016c-f3ee-467a-9100-645431fdc061/build]   |  - Improved diagnostics for dependency resolution
[f35c016c-f3ee-467a-9100-645431fdc061/build]   | 
[f35c016c-f3ee-467a-9100-645431fdc061/build]   | For more details see https://docs.gradle.org/7.5.1/release-notes.html
[f35c016c-f3ee-467a-9100-645431fdc061/build]   | 
[f35c016c-f3ee-467a-9100-645431fdc061/build]   | To honour the JVM settings for this build a single-use Daemon process will be forked. See https://docs.gradle.org/7.5.1/userguide/gradle_daemon.html#sec:disabling_the_daemon.
[f35c016c-f3ee-467a-9100-645431fdc061/build]   | Daemon will be stopped at the end of the build 
[f35c016c-f3ee-467a-9100-645431fdc061/build]   | 
[f35c016c-f3ee-467a-9100-645431fdc061/build]   | > Configure project :
[f35c016c-f3ee-467a-9100-645431fdc061/build]   | Kordamp Enforcer Gradle plugin 0.13.0. Consider becoming a patron at https://www.patreon.com/aalmiray
[f35c016c-f3ee-467a-9100-645431fdc061/build]   | 
[f35c016c-f3ee-467a-9100-645431fdc061/build]   | > Task :copyDependencies
[f35c016c-f3ee-467a-9100-645431fdc061/build]   | > Task :extractIncludeProto
[f35c016c-f3ee-467a-9100-645431fdc061/build]   | > Task :extractProto
[f35c016c-f3ee-467a-9100-645431fdc061/build]   | > Task :generateProto
[f35c016c-f3ee-467a-9100-645431fdc061/build]   | > Task :compileJava
[f35c016c-f3ee-467a-9100-645431fdc061/build]   | Note: Some input files use or override a deprecated API.
[f35c016c-f3ee-467a-9100-645431fdc061/build]   | Note: Recompile with -Xlint:deprecation for details.
[f35c016c-f3ee-467a-9100-645431fdc061/build]   | Note: Some input files use unchecked or unsafe operations.
[f35c016c-f3ee-467a-9100-645431fdc061/build]   | Note: Recompile with -Xlint:unchecked for details.
[f35c016c-f3ee-467a-9100-645431fdc061/build]   | 
[f35c016c-f3ee-467a-9100-645431fdc061/build]   | > Task :processResources
[f35c016c-f3ee-467a-9100-645431fdc061/build]   | > Task :classes
[f35c016c-f3ee-467a-9100-645431fdc061/build]   | > Task :jar
[f35c016c-f3ee-467a-9100-645431fdc061/build]   | > Task :assemble
[f35c016c-f3ee-467a-9100-645431fdc061/build]   | > Task :extractIncludeTestProto
[f35c016c-f3ee-467a-9100-645431fdc061/build]   | > Task :extractTestProto
[f35c016c-f3ee-467a-9100-645431fdc061/build]   | > Task :generateTestProto NO-SOURCE
[f35c016c-f3ee-467a-9100-645431fdc061/build]   | 
[f35c016c-f3ee-467a-9100-645431fdc061/build]   | > Task :compileTestJava
[f35c016c-f3ee-467a-9100-645431fdc061/build]   | Note: Some input files use or override a deprecated API.
[f35c016c-f3ee-467a-9100-645431fdc061/build]   | Note: Recompile with -Xlint:deprecation for details.
[f35c016c-f3ee-467a-9100-645431fdc061/build]   | 
[f35c016c-f3ee-467a-9100-645431fdc061/build]   | > Task :processTestResources NO-SOURCE
[f35c016c-f3ee-467a-9100-645431fdc061/build]   | > Task :testClasses
[f35c016c-f3ee-467a-9100-645431fdc061/build]   | > Task :checkstyleTest SKIPPED
[f35c016c-f3ee-467a-9100-645431fdc061/build]   | > Task :checkstyleMain
[f35c016c-f3ee-467a-9100-645431fdc061/build]   | 
[f35c016c-f3ee-467a-9100-645431fdc061/build]   | > Task :test FAILED
[f35c016c-f3ee-467a-9100-645431fdc061/build]   | 
[f35c016c-f3ee-467a-9100-645431fdc061/build]   | TeltonikaProtocolDecoderTest > testDecode() FAILED
[f35c016c-f3ee-467a-9100-645431fdc061/build]   |     org.opentest4j.AssertionFailedError at TeltonikaProtocolDecoderTest.java:18
[f35c016c-f3ee-467a-9100-645431fdc061/build]   | 
[f35c016c-f3ee-467a-9100-645431fdc061/build]   | 502 tests completed, 1 failed, 23 skipped
[f35c016c-f3ee-467a-9100-645431fdc061/build]   | 
[f35c016c-f3ee-467a-9100-645431fdc061/build]   | FAILURE: Build failed with an exception.
[f35c016c-f3ee-467a-9100-645431fdc061/build]   | 
[f35c016c-f3ee-467a-9100-645431fdc061/build]   | * What went wrong:
[f35c016c-f3ee-467a-9100-645431fdc061/build]   | Execution failed for task ':test'.
[f35c016c-f3ee-467a-9100-645431fdc061/build]   | > There were failing tests. See the report at: file:///tmp/85dd564c-d3d7-4ff6-aa96-7b50241ca5f5/build/reports/tests/test/index.html
[f35c016c-f3ee-467a-9100-645431fdc061/build]   | 
[f35c016c-f3ee-467a-9100-645431fdc061/build]   | * Try:
[f35c016c-f3ee-467a-9100-645431fdc061/build]   | > Run with --stacktrace option to get the stack trace.
[f35c016c-f3ee-467a-9100-645431fdc061/build]   | > Run with --info or --debug option to get more log output.
[f35c016c-f3ee-467a-9100-645431fdc061/build]   | > Run with --scan to get full insights.
[f35c016c-f3ee-467a-9100-645431fdc061/build]   | 
[f35c016c-f3ee-467a-9100-645431fdc061/build]   | * Get more help at https://help.gradle.org
[f35c016c-f3ee-467a-9100-645431fdc061/build]   | 
[f35c016c-f3ee-467a-9100-645431fdc061/build]   | BUILD FAILED12 actionable tasks: 12 executed
[f35c016c-f3ee-467a-9100-645431fdc061/build]   |  in 2m 54s
[f35c016c-f3ee-467a-9100-645431fdc061/build]   âŒ  Failure - Main ./gradlew build --no-daemon --warning-mode=fail
[f35c016c-f3ee-467a-9100-645431fdc061/build] exitcode '1': failure
[f35c016c-f3ee-467a-9100-645431fdc061/build] unable to get git ref: failed to identify reference (tag/branch) for the checked-out revision 'fae601aa36d83828cba16e3405ada179ce7d1e57'
[f35c016c-f3ee-467a-9100-645431fdc061/build] unable to get git ref: failed to identify reference (tag/branch) for the checked-out revision 'fae601aa36d83828cba16e3405ada179ce7d1e57'
[f35c016c-f3ee-467a-9100-645431fdc061/build] unable to get git ref: failed to identify reference (tag/branch) for the checked-out revision 'fae601aa36d83828cba16e3405ada179ce7d1e57'
[f35c016c-f3ee-467a-9100-645431fdc061/build] unable to get git ref: failed to identify reference (tag/branch) for the checked-out revision 'fae601aa36d83828cba16e3405ada179ce7d1e57'
[f35c016c-f3ee-467a-9100-645431fdc061/build] unable to get git ref: failed to identify reference (tag/branch) for the checked-out revision 'fae601aa36d83828cba16e3405ada179ce7d1e57'
[f35c016c-f3ee-467a-9100-645431fdc061/build] â­ Run Post actions/setup-java@v3
[f35c016c-f3ee-467a-9100-645431fdc061/build]   ğŸ³  docker exec cmd=[node /var/run/act/actions/actions-setup-java@v3/dist/cleanup/index.js] user= workdir=
[f35c016c-f3ee-467a-9100-645431fdc061/build]   âœ…  Success - Post actions/setup-java@v3
[f35c016c-f3ee-467a-9100-645431fdc061/build] ğŸ  Job failed
[f35c016c-f3ee-467a-9100-645431fdc061/build] unable to get git ref: failed to identify reference (tag/branch) for the checked-out revision 'fae601aa36d83828cba16e3405ada179ce7d1e57'
