[daa33087-264c-4117-a783-e4eae73d2244/build] ğŸš€  Start image=gitbugactions:latest
[daa33087-264c-4117-a783-e4eae73d2244/build]   ğŸ³  docker pull image=gitbugactions:latest platform= username= forcePull=false
[daa33087-264c-4117-a783-e4eae73d2244/build]   ğŸ³  docker create image=gitbugactions:latest platform= entrypoint=["tail" "-f" "/dev/null"] cmd=[]
[daa33087-264c-4117-a783-e4eae73d2244/build]   ğŸ³  docker run image=gitbugactions:latest platform= entrypoint=["tail" "-f" "/dev/null"] cmd=[]
[daa33087-264c-4117-a783-e4eae73d2244/build]   ğŸ³  docker exec cmd=[chown -R 1012:1013 /tmp/0c6fae9e-9606-4d3a-a35a-793b239c4942] user=0 workdir=
[daa33087-264c-4117-a783-e4eae73d2244/build] unable to get git ref: failed to identify reference (tag/branch) for the checked-out revision 'f1470e56708b66c805e63619209930e83116f4ea'
[daa33087-264c-4117-a783-e4eae73d2244/build] unable to get git ref: failed to identify reference (tag/branch) for the checked-out revision 'f1470e56708b66c805e63619209930e83116f4ea'
[daa33087-264c-4117-a783-e4eae73d2244/build] unable to get git ref: failed to identify reference (tag/branch) for the checked-out revision 'f1470e56708b66c805e63619209930e83116f4ea'
[daa33087-264c-4117-a783-e4eae73d2244/build] unable to get git ref: failed to identify reference (tag/branch) for the checked-out revision 'f1470e56708b66c805e63619209930e83116f4ea'
[daa33087-264c-4117-a783-e4eae73d2244/build] unable to get git ref: failed to identify reference (tag/branch) for the checked-out revision 'f1470e56708b66c805e63619209930e83116f4ea'
[daa33087-264c-4117-a783-e4eae73d2244/build] unable to get git ref: failed to identify reference (tag/branch) for the checked-out revision 'f1470e56708b66c805e63619209930e83116f4ea'
[daa33087-264c-4117-a783-e4eae73d2244/build] unable to get git ref: failed to identify reference (tag/branch) for the checked-out revision 'f1470e56708b66c805e63619209930e83116f4ea'
[daa33087-264c-4117-a783-e4eae73d2244/build] unable to get git ref: failed to identify reference (tag/branch) for the checked-out revision 'f1470e56708b66c805e63619209930e83116f4ea'
[daa33087-264c-4117-a783-e4eae73d2244/build] unable to get git ref: failed to identify reference (tag/branch) for the checked-out revision 'f1470e56708b66c805e63619209930e83116f4ea'
[daa33087-264c-4117-a783-e4eae73d2244/build] â­ Run Main actions/checkout@v3
[daa33087-264c-4117-a783-e4eae73d2244/build] unable to get git ref: failed to identify reference (tag/branch) for the checked-out revision 'f1470e56708b66c805e63619209930e83116f4ea'
[daa33087-264c-4117-a783-e4eae73d2244/build] unable to get git ref: failed to identify reference (tag/branch) for the checked-out revision 'f1470e56708b66c805e63619209930e83116f4ea'
[daa33087-264c-4117-a783-e4eae73d2244/build]   ğŸ³  docker cp src=/tmp/0c6fae9e-9606-4d3a-a35a-793b239c4942/. dst=/tmp/0c6fae9e-9606-4d3a-a35a-793b239c4942
[daa33087-264c-4117-a783-e4eae73d2244/build]   ğŸ³  docker exec cmd=[chown -R 1012:1013 /tmp/0c6fae9e-9606-4d3a-a35a-793b239c4942] user=0 workdir=
[daa33087-264c-4117-a783-e4eae73d2244/build]   âœ…  Success - Main actions/checkout@v3
[daa33087-264c-4117-a783-e4eae73d2244/build] unable to get git ref: failed to identify reference (tag/branch) for the checked-out revision 'f1470e56708b66c805e63619209930e83116f4ea'
[daa33087-264c-4117-a783-e4eae73d2244/build] unable to get git ref: failed to identify reference (tag/branch) for the checked-out revision 'f1470e56708b66c805e63619209930e83116f4ea'
[daa33087-264c-4117-a783-e4eae73d2244/build] unable to get git ref: failed to identify reference (tag/branch) for the checked-out revision 'f1470e56708b66c805e63619209930e83116f4ea'
[daa33087-264c-4117-a783-e4eae73d2244/build] unable to get git ref: failed to identify reference (tag/branch) for the checked-out revision 'f1470e56708b66c805e63619209930e83116f4ea'
[daa33087-264c-4117-a783-e4eae73d2244/build] unable to get git ref: failed to identify reference (tag/branch) for the checked-out revision 'f1470e56708b66c805e63619209930e83116f4ea'
[daa33087-264c-4117-a783-e4eae73d2244/build] â­ Run Main actions/setup-java@v3
[daa33087-264c-4117-a783-e4eae73d2244/build] unable to get git ref: failed to identify reference (tag/branch) for the checked-out revision 'f1470e56708b66c805e63619209930e83116f4ea'
[daa33087-264c-4117-a783-e4eae73d2244/build] unable to get git ref: failed to identify reference (tag/branch) for the checked-out revision 'f1470e56708b66c805e63619209930e83116f4ea'
[daa33087-264c-4117-a783-e4eae73d2244/build] unable to get git ref: failed to identify reference (tag/branch) for the checked-out revision 'f1470e56708b66c805e63619209930e83116f4ea'
[daa33087-264c-4117-a783-e4eae73d2244/build]   ğŸ³  docker cp src=/tmp/act-cache/d4ede3c8-ecfd-449b-adbc-85c503b5bb66/act/actions-setup-java@v3/ dst=/var/run/act/actions/actions-setup-java@v3/
[daa33087-264c-4117-a783-e4eae73d2244/build]   ğŸ³  docker exec cmd=[chown -R 1012:1013 /var/run/act/actions/actions-setup-java@v3/] user=0 workdir=
[daa33087-264c-4117-a783-e4eae73d2244/build]   ğŸ³  docker exec cmd=[node /var/run/act/actions/actions-setup-java@v3/dist/setup/index.js] user= workdir=
[daa33087-264c-4117-a783-e4eae73d2244/build]   â“  ::group::Installed distributions
[daa33087-264c-4117-a783-e4eae73d2244/build]   | Trying to resolve the latest version from remote
[daa33087-264c-4117-a783-e4eae73d2244/build]   ğŸ’¬  ::debug::Gathering available versions from 'https://api.azul.com/zulu/download/community/v1.0/bundles/?os=linux&ext=tar.gz&bundle_type=jdk&javafx=false&arch=x86&hw_bitness=64&release_status=ga'
[daa33087-264c-4117-a783-e4eae73d2244/build]   | Resolved latest version as 11.0.21+9
[daa33087-264c-4117-a783-e4eae73d2244/build]   | Trying to download...
[daa33087-264c-4117-a783-e4eae73d2244/build]   | Downloading Java 11.0.21+9 (Zulu) from https://cdn.azul.com/zulu/bin/zulu11.68.17-ca-jdk11.0.21-linux_x64.tar.gz ...
[daa33087-264c-4117-a783-e4eae73d2244/build]   ğŸ’¬  ::debug::Downloading https://cdn.azul.com/zulu/bin/zulu11.68.17-ca-jdk11.0.21-linux_x64.tar.gz
[daa33087-264c-4117-a783-e4eae73d2244/build]   ğŸ’¬  ::debug::Destination /tmp/a23f76ec-b7a9-442e-a0c3-c18bf6119976
[daa33087-264c-4117-a783-e4eae73d2244/build]   ğŸ’¬  ::debug::download complete
[daa33087-264c-4117-a783-e4eae73d2244/build]   | Extracting Java archive...
[daa33087-264c-4117-a783-e4eae73d2244/build]   ğŸ’¬  ::debug::Checking tar --version
[daa33087-264c-4117-a783-e4eae73d2244/build]   ğŸ’¬  ::debug::tar (GNU tar) 1.34%0ACopyright (C) 2021 Free Software Foundation, Inc.%0ALicense GPLv3+: GNU GPL version 3 or later <https://gnu.org/licenses/gpl.html>.%0AThis is free software: you are free to change and redistribute it.%0AThere is NO WARRANTY, to the extent permitted by law.%0A%0AWritten by John Gilmore and Jay Fenlason.
[daa33087-264c-4117-a783-e4eae73d2244/build]   | [command]/usr/bin/tar xz --warning=no-unknown-keyword -C /tmp/dd5266d3-be21-4521-90a4-834a4f148148 -f /tmp/a23f76ec-b7a9-442e-a0c3-c18bf6119976
[daa33087-264c-4117-a783-e4eae73d2244/build]   ğŸ’¬  ::debug::Caching tool Java_Zulu_jdk 11.0.21-9 x64
[daa33087-264c-4117-a783-e4eae73d2244/build]   ğŸ’¬  ::debug::source dir: /tmp/dd5266d3-be21-4521-90a4-834a4f148148/zulu11.68.17-ca-jdk11.0.21-linux_x64
[daa33087-264c-4117-a783-e4eae73d2244/build]   ğŸ’¬  ::debug::destination /opt/hostedtoolcache/Java_Zulu_jdk/11.0.21-9/x64
[daa33087-264c-4117-a783-e4eae73d2244/build]   ğŸ’¬  ::debug::finished caching tool
[daa33087-264c-4117-a783-e4eae73d2244/build]   | Java 11.0.21+9 was downloaded
[daa33087-264c-4117-a783-e4eae73d2244/build]   | Setting Java 11.0.21+9 as the default
[daa33087-264c-4117-a783-e4eae73d2244/build]   | Creating toolchains.xml for JDK version 11 from zulu
[daa33087-264c-4117-a783-e4eae73d2244/build]   | Writing to /home/runner/.m2/toolchains.xml
[daa33087-264c-4117-a783-e4eae73d2244/build]   | 
[daa33087-264c-4117-a783-e4eae73d2244/build]   | Java configuration:
[daa33087-264c-4117-a783-e4eae73d2244/build]   |   Distribution: zulu
[daa33087-264c-4117-a783-e4eae73d2244/build]   |   Version: 11.0.21+9
[daa33087-264c-4117-a783-e4eae73d2244/build]   |   Path: /opt/hostedtoolcache/Java_Zulu_jdk/11.0.21-9/x64
[daa33087-264c-4117-a783-e4eae73d2244/build]   | 
[daa33087-264c-4117-a783-e4eae73d2244/build]   â“  ::endgroup::
[daa33087-264c-4117-a783-e4eae73d2244/build]   â“ add-matcher /run/act/actions/actions-setup-java@v3/.github/java.json
[daa33087-264c-4117-a783-e4eae73d2244/build]   | Creating settings.xml with server-id: github
[daa33087-264c-4117-a783-e4eae73d2244/build]   | Writing to /home/runner/.m2/settings.xml
[daa33087-264c-4117-a783-e4eae73d2244/build]   âœ…  Success - Main actions/setup-java@v3
[daa33087-264c-4117-a783-e4eae73d2244/build]   âš™  ::set-env:: JAVA_HOME=/opt/hostedtoolcache/Java_Zulu_jdk/11.0.21-9/x64
[daa33087-264c-4117-a783-e4eae73d2244/build]   âš™  ::set-env:: JAVA_HOME_11_X64=/opt/hostedtoolcache/Java_Zulu_jdk/11.0.21-9/x64
[daa33087-264c-4117-a783-e4eae73d2244/build]   âš™  ::set-output:: distribution=Zulu
[daa33087-264c-4117-a783-e4eae73d2244/build]   âš™  ::set-output:: path=/opt/hostedtoolcache/Java_Zulu_jdk/11.0.21-9/x64
[daa33087-264c-4117-a783-e4eae73d2244/build]   âš™  ::set-output:: version=11.0.21+9
[daa33087-264c-4117-a783-e4eae73d2244/build]   âš™  ::add-path:: /opt/hostedtoolcache/Java_Zulu_jdk/11.0.21-9/x64/bin
[daa33087-264c-4117-a783-e4eae73d2244/build] unable to get git ref: failed to identify reference (tag/branch) for the checked-out revision 'f1470e56708b66c805e63619209930e83116f4ea'
[daa33087-264c-4117-a783-e4eae73d2244/build] unable to get git ref: failed to identify reference (tag/branch) for the checked-out revision 'f1470e56708b66c805e63619209930e83116f4ea'
[daa33087-264c-4117-a783-e4eae73d2244/build] unable to get git ref: failed to identify reference (tag/branch) for the checked-out revision 'f1470e56708b66c805e63619209930e83116f4ea'
[daa33087-264c-4117-a783-e4eae73d2244/build] unable to get git ref: failed to identify reference (tag/branch) for the checked-out revision 'f1470e56708b66c805e63619209930e83116f4ea'
[daa33087-264c-4117-a783-e4eae73d2244/build] unable to get git ref: failed to identify reference (tag/branch) for the checked-out revision 'f1470e56708b66c805e63619209930e83116f4ea'
[daa33087-264c-4117-a783-e4eae73d2244/build] â­ Run Main ./gradlew build --no-daemon --warning-mode=fail
[daa33087-264c-4117-a783-e4eae73d2244/build] unable to get git ref: failed to identify reference (tag/branch) for the checked-out revision 'f1470e56708b66c805e63619209930e83116f4ea'
[daa33087-264c-4117-a783-e4eae73d2244/build] unable to get git ref: failed to identify reference (tag/branch) for the checked-out revision 'f1470e56708b66c805e63619209930e83116f4ea'
[daa33087-264c-4117-a783-e4eae73d2244/build] unable to get git ref: failed to identify reference (tag/branch) for the checked-out revision 'f1470e56708b66c805e63619209930e83116f4ea'
[daa33087-264c-4117-a783-e4eae73d2244/build] unable to get git ref: failed to identify reference (tag/branch) for the checked-out revision 'f1470e56708b66c805e63619209930e83116f4ea'
[daa33087-264c-4117-a783-e4eae73d2244/build]   ğŸ³  docker exec cmd=[bash --noprofile --norc -e -o pipefail /var/run/act/workflow/2] user= workdir=
[daa33087-264c-4117-a783-e4eae73d2244/build]   | Downloading https://services.gradle.org/distributions/gradle-7.5.1-bin.zip
[daa33087-264c-4117-a783-e4eae73d2244/build]   | ...........10%............20%...........30%............40%...........50%............60%...........70%............80%...........90%............100%
[daa33087-264c-4117-a783-e4eae73d2244/build]   | 
[daa33087-264c-4117-a783-e4eae73d2244/build]   | Welcome to Gradle 7.5.1!
[daa33087-264c-4117-a783-e4eae73d2244/build]   | 
[daa33087-264c-4117-a783-e4eae73d2244/build]   | Here are the highlights of this release:
[daa33087-264c-4117-a783-e4eae73d2244/build]   |  - Support for Java 18
[daa33087-264c-4117-a783-e4eae73d2244/build]   |  - Support for building with Groovy 4
[daa33087-264c-4117-a783-e4eae73d2244/build]   |  - Much more responsive continuous builds
[daa33087-264c-4117-a783-e4eae73d2244/build]   |  - Improved diagnostics for dependency resolution
[daa33087-264c-4117-a783-e4eae73d2244/build]   | 
[daa33087-264c-4117-a783-e4eae73d2244/build]   | For more details see https://docs.gradle.org/7.5.1/release-notes.html
[daa33087-264c-4117-a783-e4eae73d2244/build]   | 
[daa33087-264c-4117-a783-e4eae73d2244/build]   | To honour the JVM settings for this build a single-use Daemon process will be forked. See https://docs.gradle.org/7.5.1/userguide/gradle_daemon.html#sec:disabling_the_daemon.
[daa33087-264c-4117-a783-e4eae73d2244/build]   | Daemon will be stopped at the end of the build 
[daa33087-264c-4117-a783-e4eae73d2244/build]   | 
[daa33087-264c-4117-a783-e4eae73d2244/build]   | > Configure project :
[daa33087-264c-4117-a783-e4eae73d2244/build]   | Kordamp Enforcer Gradle plugin 0.13.0. Consider becoming a patron at https://www.patreon.com/aalmiray
[daa33087-264c-4117-a783-e4eae73d2244/build]   | 
[daa33087-264c-4117-a783-e4eae73d2244/build]   | > Task :copyDependencies
[daa33087-264c-4117-a783-e4eae73d2244/build]   | > Task :extractIncludeProto
[daa33087-264c-4117-a783-e4eae73d2244/build]   | > Task :extractProto
[daa33087-264c-4117-a783-e4eae73d2244/build]   | > Task :generateProto
[daa33087-264c-4117-a783-e4eae73d2244/build]   | > Task :compileJava
[daa33087-264c-4117-a783-e4eae73d2244/build]   | Note: Some input files use or override a deprecated API.
[daa33087-264c-4117-a783-e4eae73d2244/build]   | Note: Recompile with -Xlint:deprecation for details.
[daa33087-264c-4117-a783-e4eae73d2244/build]   | Note: Some input files use unchecked or unsafe operations.
[daa33087-264c-4117-a783-e4eae73d2244/build]   | Note: Recompile with -Xlint:unchecked for details.
[daa33087-264c-4117-a783-e4eae73d2244/build]   | 
[daa33087-264c-4117-a783-e4eae73d2244/build]   | > Task :processResources
[daa33087-264c-4117-a783-e4eae73d2244/build]   | > Task :classes
[daa33087-264c-4117-a783-e4eae73d2244/build]   | > Task :jar
[daa33087-264c-4117-a783-e4eae73d2244/build]   | > Task :assemble
[daa33087-264c-4117-a783-e4eae73d2244/build]   | > Task :extractIncludeTestProto
[daa33087-264c-4117-a783-e4eae73d2244/build]   | > Task :extractTestProto
[daa33087-264c-4117-a783-e4eae73d2244/build]   | > Task :generateTestProto NO-SOURCE
[daa33087-264c-4117-a783-e4eae73d2244/build]   | Note: Some input files use or override a deprecated API.
[daa33087-264c-4117-a783-e4eae73d2244/build]   | 
[daa33087-264c-4117-a783-e4eae73d2244/build]   | > Task :compileTestJava
[daa33087-264c-4117-a783-e4eae73d2244/build]   | Note: Recompile with -Xlint:deprecation for details.
[daa33087-264c-4117-a783-e4eae73d2244/build]   | 
[daa33087-264c-4117-a783-e4eae73d2244/build]   | > Task :processTestResources NO-SOURCE
[daa33087-264c-4117-a783-e4eae73d2244/build]   | > Task :testClasses
[daa33087-264c-4117-a783-e4eae73d2244/build]   | > Task :checkstyleTest SKIPPED
[daa33087-264c-4117-a783-e4eae73d2244/build]   | > Task :checkstyleMain
[daa33087-264c-4117-a783-e4eae73d2244/build]   | 
[daa33087-264c-4117-a783-e4eae73d2244/build]   | 498 tests completed, 1 failed, 23 skipped
[daa33087-264c-4117-a783-e4eae73d2244/build]   | 
[daa33087-264c-4117-a783-e4eae73d2244/build]   | > Task :test FAILED
[daa33087-264c-4117-a783-e4eae73d2244/build]   | 
[daa33087-264c-4117-a783-e4eae73d2244/build]   | WatchFrameDecoderTest > testDecode() FAILED
[daa33087-264c-4117-a783-e4eae73d2244/build]   |     org.opentest4j.AssertionFailedError at WatchFrameDecoderTest.java:13
[daa33087-264c-4117-a783-e4eae73d2244/build]   | 
[daa33087-264c-4117-a783-e4eae73d2244/build]   | FAILURE: Build failed with an exception.
[daa33087-264c-4117-a783-e4eae73d2244/build]   | 
[daa33087-264c-4117-a783-e4eae73d2244/build]   | * What went wrong:
[daa33087-264c-4117-a783-e4eae73d2244/build]   | Execution failed for task ':test'.
[daa33087-264c-4117-a783-e4eae73d2244/build]   | > There were failing tests. See the report at: file:///tmp/0c6fae9e-9606-4d3a-a35a-793b239c4942/build/reports/tests/test/index.html
[daa33087-264c-4117-a783-e4eae73d2244/build]   | 
[daa33087-264c-4117-a783-e4eae73d2244/build]   | * Try:
[daa33087-264c-4117-a783-e4eae73d2244/build]   | > Run with --stacktrace option to get the stack trace.
[daa33087-264c-4117-a783-e4eae73d2244/build]   | > Run with --info or --debug option to get more log output.
[daa33087-264c-4117-a783-e4eae73d2244/build]   | > Run with --scan to get full insights.
[daa33087-264c-4117-a783-e4eae73d2244/build]   | 
[daa33087-264c-4117-a783-e4eae73d2244/build]   | * Get more help at https://help.gradle.org
[daa33087-264c-4117-a783-e4eae73d2244/build]   | 
[daa33087-264c-4117-a783-e4eae73d2244/build]   | BUILD FAILED in 2m 58s
[daa33087-264c-4117-a783-e4eae73d2244/build]   | 12 actionable tasks: 12 executed
[daa33087-264c-4117-a783-e4eae73d2244/build]   âŒ  Failure - Main ./gradlew build --no-daemon --warning-mode=fail
[daa33087-264c-4117-a783-e4eae73d2244/build] exitcode '1': failure
[daa33087-264c-4117-a783-e4eae73d2244/build] unable to get git ref: failed to identify reference (tag/branch) for the checked-out revision 'f1470e56708b66c805e63619209930e83116f4ea'
[daa33087-264c-4117-a783-e4eae73d2244/build] unable to get git ref: failed to identify reference (tag/branch) for the checked-out revision 'f1470e56708b66c805e63619209930e83116f4ea'
[daa33087-264c-4117-a783-e4eae73d2244/build] unable to get git ref: failed to identify reference (tag/branch) for the checked-out revision 'f1470e56708b66c805e63619209930e83116f4ea'
[daa33087-264c-4117-a783-e4eae73d2244/build] unable to get git ref: failed to identify reference (tag/branch) for the checked-out revision 'f1470e56708b66c805e63619209930e83116f4ea'
[daa33087-264c-4117-a783-e4eae73d2244/build] unable to get git ref: failed to identify reference (tag/branch) for the checked-out revision 'f1470e56708b66c805e63619209930e83116f4ea'
[daa33087-264c-4117-a783-e4eae73d2244/build] â­ Run Post actions/setup-java@v3
[daa33087-264c-4117-a783-e4eae73d2244/build]   ğŸ³  docker exec cmd=[node /var/run/act/actions/actions-setup-java@v3/dist/cleanup/index.js] user= workdir=
[daa33087-264c-4117-a783-e4eae73d2244/build]   âœ…  Success - Post actions/setup-java@v3
[daa33087-264c-4117-a783-e4eae73d2244/build] ğŸ  Job failed
[daa33087-264c-4117-a783-e4eae73d2244/build] unable to get git ref: failed to identify reference (tag/branch) for the checked-out revision 'f1470e56708b66c805e63619209930e83116f4ea'
